2024-06-24 16:53:13-0400: Running with following config:
allowResignation = true
lagBuffer = 1.0
logAllGTPCommunication = true
logDir = gtp_logs
logSearchInfo = true
logSearchInfoForChosenMove = false
logToStderr = false
maxTime = 0.5
maxTimePondering = 60.0
numSearchThreads = 16
ogsChatToStderr = true
ponderingEnabled = true
resignConsecTurns = 3
resignThreshold = -0.90
rules = tromp-taylor
searchFactorAfterOnePass = 0.50
searchFactorAfterTwoPass = 0.25
searchFactorWhenWinning = 0.40
searchFactorWhenWinningThreshold = 0.95

2024-06-24 16:53:13-0400: GTP Engine starting...
2024-06-24 16:53:13-0400: KataGo v1.14.1
2024-06-24 16:53:13-0400: Using TrompTaylor rules initially, unless GTP/GUI overrides this
2024-06-24 16:53:13-0400: Using 16 CPU thread(s) for search
2024-06-24 16:53:13-0400: nnRandSeed0 = 17857337590692724772
2024-06-24 16:53:13-0400: After dedups: nnModelFile0 = C:\Users\chang\Downloads\kata1-b18c384nbt-s9937771520-d4300882049.bin.gz useFP16 auto useNHWC auto
2024-06-24 16:53:13-0400: Initializing neural net buffer to be size 19 * 19 exactly
2024-06-24 16:53:17-0400: Found OpenCL Platform 0: NVIDIA CUDA (NVIDIA Corporation) (OpenCL 3.0 CUDA 12.5.51)
2024-06-24 16:53:17-0400: Found 1 device(s) on platform 0 with type CPU or GPU or Accelerator
2024-06-24 16:53:17-0400: Found OpenCL Platform 1: Intel(R) OpenCL Graphics (Intel(R) Corporation) (OpenCL 3.0 )
2024-06-24 16:53:17-0400: Found 1 device(s) on platform 1 with type CPU or GPU or Accelerator
2024-06-24 16:53:17-0400: Found OpenCL Device 0: NVIDIA GeForce RTX 4060 Laptop GPU (NVIDIA Corporation) (score 11000300)
2024-06-24 16:53:17-0400: Found OpenCL Device 1: Intel(R) UHD Graphics (Intel(R) Corporation) (score 6000300)
2024-06-24 16:53:17-0400: Creating context for OpenCL Platform: NVIDIA CUDA (NVIDIA Corporation) (OpenCL 3.0 CUDA 12.5.51)
2024-06-24 16:53:17-0400: Using OpenCL Device 0: NVIDIA GeForce RTX 4060 Laptop GPU (NVIDIA Corporation) OpenCL 3.0 CUDA (Extensions: cl_khr_global_int32_base_atomics cl_khr_global_int32_extended_atomics cl_khr_local_int32_base_atomics cl_khr_local_int32_extended_atomics cl_khr_fp64 cl_khr_3d_image_writes cl_khr_byte_addressable_store cl_khr_icd cl_khr_gl_sharing cl_nv_compiler_options cl_nv_device_attribute_query cl_nv_pragma_unroll cl_nv_d3d10_sharing cl_khr_d3d10_sharing cl_nv_d3d11_sharing cl_nv_copy_opts cl_nv_create_buffer cl_khr_int64_base_atomics cl_khr_int64_extended_atomics cl_khr_device_uuid cl_khr_pci_bus_info cl_khr_external_semaphore cl_khr_external_memory cl_khr_external_semaphore_win32 cl_khr_external_memory_win32)
2024-06-24 16:53:17-0400: Loaded tuning parameters from: C:\Users\chang\Downloads\katago-v1.14.1-opencl-windows-x64/KataGoData/opencltuning/tune11_gpuNVIDIAGeForceRTX4060LaptopGPU_x19_y19_c384_mv14.txt
2024-06-24 16:53:17-0400: OpenCL backend thread 0: Model version 14
2024-06-24 16:53:17-0400: OpenCL backend thread 0: Model name: kata1-b18c384nbt-s9937771520-d4300882049
2024-06-24 16:53:19-0400: OpenCL backend thread 0: FP16Storage true FP16Compute false FP16TensorCores true FP16TensorCoresFor1x1 false
2024-06-24 16:53:19-0400: Loaded neural net with nnXLen 19 nnYLen 19
2024-06-24 16:53:19-0400: Initializing board with boardXSize 19 boardYSize 19
2024-06-24 16:53:19-0400: Loaded config C:/Users/chang/Downloads/katago-v1.14.1-opencl-windows-x64/lizgoban.cfg
2024-06-24 16:53:19-0400: Loaded model C:\Users\chang\Downloads\kata1-b18c384nbt-s9937771520-d4300882049.bin.gz
2024-06-24 16:53:19-0400: Model name: kata1-b18c384nbt-s9937771520-d4300882049
2024-06-24 16:53:19-0400: GTP ready, beginning main protocol loop
2024-06-24 16:53:19-0400: Controller: list_commands
2024-06-24 16:53:19-0400: = protocol_version
name
version
known_command
list_commands
quit
boardsize
rectangular_boardsize
clear_board
set_position
komi
get_komi
play
undo
kata-get-rules
kata-set-rule
kata-set-rules
kata-get-param
kata-set-param
kata-list-params
kgs-rules
genmove
genmove_debug
search_debug
clear_cache
showboard
fixed_handicap
place_free_handicap
set_free_handicap
time_settings
kgs-time_settings
time_left
kata-list_time_settings
kata-time_settings
final_score
final_status_list
loadsgf
printsgf
lz-genmove_analyze
kata-genmove_analyze
lz-analyze
kata-analyze
kata-raw-nn
cputime
gomill-cpu_time
kata-benchmark
kata-debug-print-tc
debug_moves
stop
2024-06-24 16:53:19-0400: Controller: boardsize 9
2024-06-24 16:53:19-0400: GPU -1 finishing, processed 0 rows 0 batches
2024-06-24 16:53:19-0400: Cleaned up old neural net and bot
2024-06-24 16:53:19-0400: nnRandSeed0 = 6592050683639652966
2024-06-24 16:53:19-0400: After dedups: nnModelFile0 = C:\Users\chang\Downloads\kata1-b18c384nbt-s9937771520-d4300882049.bin.gz useFP16 auto useNHWC auto
2024-06-24 16:53:19-0400: Initializing neural net buffer to be size 9 * 9 exactly
2024-06-24 16:53:21-0400: Found OpenCL Platform 0: NVIDIA CUDA (NVIDIA Corporation) (OpenCL 3.0 CUDA 12.5.51)
2024-06-24 16:53:21-0400: Found 1 device(s) on platform 0 with type CPU or GPU or Accelerator
2024-06-24 16:53:21-0400: Found OpenCL Platform 1: Intel(R) OpenCL Graphics (Intel(R) Corporation) (OpenCL 3.0 )
2024-06-24 16:53:21-0400: Found 1 device(s) on platform 1 with type CPU or GPU or Accelerator
2024-06-24 16:53:21-0400: Found OpenCL Device 0: NVIDIA GeForce RTX 4060 Laptop GPU (NVIDIA Corporation) (score 11000300)
2024-06-24 16:53:21-0400: Found OpenCL Device 1: Intel(R) UHD Graphics (Intel(R) Corporation) (score 6000300)
2024-06-24 16:53:21-0400: Creating context for OpenCL Platform: NVIDIA CUDA (NVIDIA Corporation) (OpenCL 3.0 CUDA 12.5.51)
2024-06-24 16:53:22-0400: Using OpenCL Device 0: NVIDIA GeForce RTX 4060 Laptop GPU (NVIDIA Corporation) OpenCL 3.0 CUDA (Extensions: cl_khr_global_int32_base_atomics cl_khr_global_int32_extended_atomics cl_khr_local_int32_base_atomics cl_khr_local_int32_extended_atomics cl_khr_fp64 cl_khr_3d_image_writes cl_khr_byte_addressable_store cl_khr_icd cl_khr_gl_sharing cl_nv_compiler_options cl_nv_device_attribute_query cl_nv_pragma_unroll cl_nv_d3d10_sharing cl_khr_d3d10_sharing cl_nv_d3d11_sharing cl_nv_copy_opts cl_nv_create_buffer cl_khr_int64_base_atomics cl_khr_int64_extended_atomics cl_khr_device_uuid cl_khr_pci_bus_info cl_khr_external_semaphore cl_khr_external_memory cl_khr_external_semaphore_win32 cl_khr_external_memory_win32)
2024-06-24 16:53:22-0400: Loaded tuning parameters from: C:\Users\chang\Downloads\katago-v1.14.1-opencl-windows-x64/KataGoData/opencltuning/tune11_gpuNVIDIAGeForceRTX4060LaptopGPU_x19_y19_c384_mv14.txt
2024-06-24 16:53:22-0400: OpenCL backend thread 0: Model version 14
2024-06-24 16:53:22-0400: OpenCL backend thread 0: Model name: kata1-b18c384nbt-s9937771520-d4300882049
2024-06-24 16:53:25-0400: OpenCL backend thread 0: FP16Storage true FP16Compute false FP16TensorCores true FP16TensorCoresFor1x1 false
2024-06-24 16:53:25-0400: Loaded neural net with nnXLen 9 nnYLen 9
2024-06-24 16:53:25-0400: Initializing board with boardXSize 9 boardYSize 9
2024-06-24 16:53:25-0400: = 
2024-06-24 16:53:25-0400: Controller: clear_board
2024-06-24 16:53:25-0400: = 
2024-06-24 16:53:25-0400: Controller: komi 1.5
2024-06-24 16:53:25-0400: = 
2024-06-24 16:53:25-0400: Controller: set_free_handicap g7 d7 g3
2024-06-24 16:53:25-0400: = 
2024-06-24 16:53:25-0400: Controller: genmove white
2024-06-24 16:53:25-0400: MoveNum: 0 HASH: C922D2E1FCF8C4673F9A2F86CE8D1664
   A B C D E F G H J
 9 . . . . . . . . .
 8 . . . . . . . . .
 7 . . . X . . X . .
 6 . . . . . . . . .
 5 . . . . . . . . .
 4 . . . @ . . . . .
 3 . . . . . . X . .
 2 . . . . . . . . .
 1 . . . . . . . . .

koPOSITIONALscoreAREAtaxNONEsui1komi1.5
Time taken: 0.516
Root visits: 418
New playouts: 418
NN rows: 403
NN batches: 38
NN avg batch size: 10.6053
PlayoutDoublingAdvantage: 2.75
PV: D4 F4 C5 D2 F5 E5
Tree:
: T -113.50c W -99.97c S -13.32c (-26.0 L -25.8) N     418  --  D4 F4 C5 D2 F5 E5
---White(^)---
D4  : T -112.90c W -99.97c S -12.62c (-25.6 L -25.4) LCB -113.76c P 36.13% WF 1697.4 PSV    1689 N     317  --  D4 F4 C5 D2 F5 E5
F4  : T -114.75c W -99.97c S -14.69c (-26.9 L -26.8) LCB -117.79c P 15.76% WF 179.2 PSV     138 N      31  --  F4 D4 F3 G4 F5 G6
D6  : T -114.58c W -99.97c S -14.73c (-26.8 L -26.8) LCB -118.08c P  9.82% WF 103.6 PSV      93 N      18  --  D6 C6 D5 C5
D5  : T -114.89c W -99.98c S -15.15c (-27.2 L -26.9) LCB -118.52c P  9.66% WF  91.3 PSV      80 N      16  --  D5 D3 C3 C2
C4  : T -115.16c W -99.99c S -15.61c (-27.1 L -26.8) LCB -124.03c P  6.56% WF  51.7 PSV      49 N       9  --  C4 E4 C6
E4  : T -114.99c W -99.97c S -15.39c (-27.2 L -26.9) LCB -134.61c P  4.20% WF  35.6 PSV      33 N       6  --  E4 C4 E6
C5  : T -116.50c W -99.99c S -16.71c (-27.9 L -27.2) LCB -144.79c P  4.75% WF  28.2 PSV      23 N       5  --  C5 D4 D5
D3  : T -116.99c W -99.99c S -16.98c (-27.9 L -27.4) LCB -266.81c P  2.41% WF  11.7 PSV      10 N       2  --  D3 D4
F6  : T -114.70c W -99.89c S -14.81c (-27.0 L -27.8) LCB -464.70c P  0.68% WF   6.5 PSV       6 N       1  --  F6
E3  : T -117.82c W -99.99c S -17.82c (-28.6 L -28.3) LCB -267.08c P  1.16% WF  12.3 PSV       4 N       2  --  E3 D4

2024-06-24 16:53:25-0400: = D4
2024-06-24 16:53:32-0400: Controller: kata-list_time_settings
2024-06-24 16:53:32-0400: = none absolute byoyomi canadian fischer fischer-capped
2024-06-24 16:53:32-0400: Controller: play black f5
2024-06-24 16:53:32-0400: = 
2024-06-24 16:53:32-0400: Controller: genmove white
2024-06-24 16:53:33-0400: MoveNum: 2 HASH: C02D2C3AD52D7067FFC6F0C7183BA6DB
   A B C D E F G H J
 9 . . . . . . . . .
 8 . . . . . . . . .
 7 . . . X . . X . .
 6 . . . . . . . . .
 5 . . @ . . X2. . .
 4 . . . O1. . . . .
 3 . . . . . . X . .
 2 . . . . . . . . .
 1 . . . . . . . . .

koPOSITIONALscoreAREAtaxNONEsui1komi1.5
Time taken: 0.532
Root visits: 664
New playouts: 640
NN rows: 589
NN batches: 48
NN avg batch size: 12.2708
PlayoutDoublingAdvantage: 2.75
PV: D6 C6 E6 C5 F4 G4 C4 E4 D5
Tree:
: T -115.15c W -99.95c S -15.01c (-24.7 L -24.5) N     664  --  D6 C6 E6 C5 F4 G4 C4
---White(^)---
D6  : T -114.66c W -99.94c S -14.46c (-24.5 L -24.4) LCB -115.91c P 17.55% WF 1396.6 PSV    1418 N     273  --  D6 C6 E6 C5 F4 G4 C4 E4
C5  : T -115.03c W -99.96c S -15.03c (-24.7 L -24.5) LCB -116.12c P 28.18% WF 1262.9 PSV    1071 N     237  --  C5 B6 E6 B5 B4 C3 C4 D3
C6  : T -115.49c W -99.97c S -15.33c (-24.6 L -24.5) LCB -117.22c P 20.09% WF 446.5 PSV     449 N      85  --  C6 D6 C5 E3 D3 D2 C2
F4  : T -115.90c W -99.97c S -15.73c (-24.9 L -24.6) LCB -117.95c P  9.31% WF 173.5 PSV     160 N      33  --  F4 G4 C6 D6 C5 E2
E5  : T -116.69c W -99.98c S -16.49c (-25.3 L -25.2) LCB -119.41c P 10.17% WF 121.8 PSV     117 N      22  --  E5 F4 E7 E8
B5  : T -119.05c W -100.00c S -18.77c (-26.4 L -25.7) LCB -161.94c P  3.27% WF  23.1 PSV      18 N       4  --  B5 E3
E6  : T -119.60c W -99.97c S -18.44c (-26.6 L -26.2) LCB -268.91c P  2.10% WF  11.6 PSV      10 N       2  --  E6 E5
F3  : T -118.04c W -99.96c S -18.08c (-26.2 L -27.3) LCB -468.04c P  0.94% WF   6.3 PSV       6 N       1  --  F3
E3  : T -120.83c W -99.99c S -19.78c (-27.1 L -26.7) LCB -269.96c P  0.99% WF  11.8 PSV       4 N       2  --  E3 C5
F6  : T -118.17c W -99.94c S -18.23c (-26.5 L -27.4) LCB -468.17c P  0.68% WF   6.5 PSV       4 N       1  --  F6

2024-06-24 16:53:33-0400: = C5
2024-06-24 16:53:36-0400: Controller: kata-list_time_settings
2024-06-24 16:53:36-0400: = none absolute byoyomi canadian fischer fischer-capped
2024-06-24 16:53:36-0400: Controller: play black b7
2024-06-24 16:53:36-0400: = 
2024-06-24 16:53:36-0400: Controller: genmove white
2024-06-24 16:53:36-0400: MoveNum: 4 HASH: 444BBD6FBCE6064004DD1FA853AA6EFD
   A B C D E F G H J
 9 . . . . . . . . .
 8 . . . . . . . . .
 7 . X3. X . . X . .
 6 . . . . @ . . . .
 5 . . O2. . X1. . .
 4 . . . O . . . . .
 3 . . . . . . X . .
 2 . . . . . . . . .
 1 . . . . . . . . .

koPOSITIONALscoreAREAtaxNONEsui1komi1.5
Time taken: 0.515
Root visits: 584
New playouts: 582
NN rows: 550
NN batches: 48
NN avg batch size: 11.4583
PlayoutDoublingAdvantage: 2.75
PV: E6 C3 F4 G4 D3 E5 D6
Tree:
: T -113.23c W -99.93c S -13.14c (-22.3 L -22.0) N     584  --  E6 C3 F4 G4 D3 E5 D6
---White(^)---
E6  : T -112.74c W -99.91c S -12.74c (-22.2 L -21.9) LCB -113.63c P 25.90% WF 1923.8 PSV    2403 N     395  --  E6 C3 F4 G4 D3 E5 D6
E3  : T -113.75c W -99.95c S -13.58c (-22.3 L -22.0) LCB -114.90c P 52.41% WF 804.4 PSV     812 N     166  --  E3 F2 E6 C6 E5 B5 B4
E2  : T -116.43c W -99.99c S -16.50c (-23.6 L -23.3) LCB -122.44c P  9.44% WF  62.9 PSV      55 N      12  --  E2 E3 D3 C6
F4  : T -117.38c W -99.98c S -16.34c (-23.6 L -23.3) LCB -266.47c P  1.78% WF  10.9 PSV       8 N       2  --  F4 G4
C6  : T -118.59c W -99.99c S -18.59c (-24.9 L -25.6) LCB -468.59c P  1.44% WF   5.8 PSV       5 N       1  --  C6
E5  : T -114.94c W -99.99c S -14.95c (-22.9 L -23.7) LCB -464.94c P  0.61% WF   5.6 PSV       5 N       1  --  E5
F3  : T -119.28c W -99.81c S -19.46c (-25.6 L -26.4) LCB -469.28c P  1.33% WF   5.9 PSV       4 N       1  --  F3
D6  : T -117.82c W -99.99c S -16.74c (-23.7 L -23.5) LCB -266.88c P  0.75% WF  10.8 PSV       3 N       2  --  D6 E6
D2  : T -118.94c W -99.99c S -18.95c (-24.9 L -25.6) LCB -468.94c P  0.68% WF   6.2 PSV       2 N       1  --  D2
D3  : T -120.76c W -100.00c S -20.76c (-26.0 L -26.4) LCB -470.76c P  0.55% WF   6.4 PSV       1 N       1  --  D3

2024-06-24 16:53:36-0400: = E6
2024-06-24 16:53:40-0400: Controller: kata-list_time_settings
2024-06-24 16:53:40-0400: = none absolute byoyomi canadian fischer fischer-capped
2024-06-24 16:53:40-0400: Controller: play black e7
2024-06-24 16:53:40-0400: = 
2024-06-24 16:53:40-0400: Controller: genmove white
2024-06-24 16:53:40-0400: MoveNum: 6 HASH: 039C4ADD5B8252C523BD34DDFF57480A
   A B C D E F G H J
 9 . . . . . . . . .
 8 . . . . . . . . .
 7 . X1. X X3. X . .
 6 . . . . O2@ . . .
 5 . . O . . X . . .
 4 . . . O . . . . .
 3 . . . . . . X . .
 2 . . . . . . . . .
 1 . . . . . . . . .

koPOSITIONALscoreAREAtaxNONEsui1komi1.5
Time taken: 0.532
Root visits: 614
New playouts: 550
NN rows: 519
NN batches: 48
NN avg batch size: 10.8125
PlayoutDoublingAdvantage: 2.75
PV: F6 G6 F4 F3 E3 G4 E5 E2 F7 F8
Tree:
: T -113.00c W -99.93c S -12.92c (-21.0 L -20.8) N     614  --  F6 G6 F4 F3 E3 G4 E5
---White(^)---
F6  : T -112.44c W -99.93c S -12.39c (-20.8 L -20.5) LCB -113.38c P 31.93% WF 2115.1 PSV    2104 N     483  --  F6 G6 F4 F3 E3 G4 E5 E2
E3  : T -114.76c W -99.95c S -14.70c (-21.7 L -21.6) LCB -116.46c P 42.41% WF 352.6 PSV     360 N      75  --  E3 F2 F3 E2 G4
F4  : T -114.01c W -99.95c S -13.63c (-21.4 L -21.1) LCB -116.21c P  9.22% WF 185.0 PSV     114 N      40  --  F4 G4 F6 E5 G5 G6
E2  : T -116.52c W -99.99c S -16.65c (-22.6 L -22.5) LCB -131.27c P  5.74% WF  35.5 PSV      31 N       7  --  E2 E3 D3 F2
F3  : T -118.75c W -99.97c S -18.14c (-23.8 L -23.0) LCB -192.63c P  3.65% WF  14.8 PSV      13 N       3  --  F3 E3
C6  : T -117.36c W -100.00c S -16.78c (-22.8 L -22.6) LCB -266.55c P  1.30% WF  10.2 PSV       5 N       2  --  C6 E3
D2  : T -115.57c W -99.99c S -15.59c (-22.0 L -22.5) LCB -465.57c P  0.48% WF   5.6 PSV       3 N       1  --  D2
G4  : T -121.94c W -99.96c S -21.98c (-26.4 L -26.7) LCB -471.94c P  0.63% WF   6.0 PSV       1 N       1  --  G4
C7  : T -119.57c W -99.93c S -19.64c (-24.5 L -25.1) LCB -469.57c P  0.51% WF   6.1 PSV       1 N       1  --  C7

2024-06-24 16:53:40-0400: = F6
2024-06-24 16:53:45-0400: Controller: kata-list_time_settings
2024-06-24 16:53:45-0400: = none absolute byoyomi canadian fischer fischer-capped
2024-06-24 16:53:45-0400: Controller: play black g6
2024-06-24 16:53:45-0400: = 
2024-06-24 16:53:45-0400: Controller: genmove white
2024-06-24 16:53:46-0400: MoveNum: 8 HASH: D608852060B599D35DF29CC1EB9F4EC0
   A B C D E F G H J
 9 . . . . . . . . .
 8 . . . . . . . . .
 7 . X . X X1. X . .
 6 . . . . O O2X3. .
 5 . . O . . X . . .
 4 . . . O . @ . . .
 3 . . . . . . X . .
 2 . . . . . . . . .
 1 . . . . . . . . .

koPOSITIONALscoreAREAtaxNONEsui1komi1.5
Time taken: 0.531
Root visits: 7216
New playouts: 693
NN rows: 530
NN batches: 50
NN avg batch size: 10.6
PlayoutDoublingAdvantage: 2.75
PV: F4 F3 E3 G5 E2 F2 D6 C6 B6 C7 F1 G1 G4 H4
Tree:
: T -114.08c W -99.93c S -13.94c (-21.1 L -21.0) N    7216  --  F4 F3 E3 G5 E2 F2 D6
---White(^)---
F4  : T -113.85c W -99.92c S -13.71c (-21.0 L -20.9) LCB -114.07c P 34.58% WF 29027.0 PSV   28935 N    6691  --  F4 F3 E3 G5 E2 F2 D6 C6
E3  : T -116.84c W -99.97c S -16.76c (-22.3 L -22.1) LCB -117.69c P 34.77% WF 1258.7 PSV    1316 N     268  --  E3 F2 E2 F4 B6 D6 A7 A8
E2  : T -115.26c W -99.95c S -15.27c (-21.8 L -21.6) LCB -116.84c P  7.28% WF 560.1 PSV     558 N     123  --  E2 F2 F4 E3 E4 D2
F3  : T -117.98c W -99.96c S -17.94c (-23.5 L -23.1) LCB -120.03c P 15.31% WF 413.3 PSV     427 N      86  --  F3 F4 E3 G2 F2 C3 G4 G5
F7  : T -115.67c W -99.95c S -15.62c (-22.1 L -22.0) LCB -119.30c P  1.35% WF  90.5 PSV      82 N      19  --  F7 F8 F4 F3 G5 E5
C6  : T -117.39c W -99.98c S -17.61c (-22.8 L -22.6) LCB -128.64c P  1.34% WF  41.5 PSV      43 N       8  --  C6 C7 F4
G5  : T -118.09c W -99.98c S -18.47c (-23.6 L -23.2) LCB -146.23c P  0.83% WF  26.6 PSV      22 N       5  --  G5 F4 E3 C3
D2  : T -119.02c W -100.00c S -17.86c (-22.8 L -22.6) LCB -268.14c P  0.44% WF  10.8 PSV       9 N       2  --  D2 E3
E5  : T -120.74c W -99.99c S -19.92c (-24.1 L -23.9) LCB -269.72c P  0.47% WF  10.8 PSV       7 N       2  --  E5 F4
G4  : T -120.44c W -99.93c S -20.51c (-24.8 L -25.3) LCB -470.44c P  0.37% WF   5.8 PSV       6 N       1  --  G4

2024-06-24 16:53:46-0400: = F4
2024-06-24 16:53:52-0400: Controller: kata-list_time_settings
2024-06-24 16:53:52-0400: = none absolute byoyomi canadian fischer fischer-capped
2024-06-24 16:53:52-0400: Controller: play black e5
2024-06-24 16:53:52-0400: = 
2024-06-24 16:53:52-0400: Controller: genmove white
2024-06-24 16:53:52-0400: MoveNum: 10 HASH: A93EA8BFA0391D8E9E4E586716580AC0
   A B C D E F G H J
 9 . . . . . . . . .
 8 . . . . . . . . .
 7 . X . X X . X . .
 6 . . . . O O X1. .
 5 . . O . X3X . . .
 4 . . . O . O2@ . .
 3 . . . . . . X . .
 2 . . . . . . . . .
 1 . . . . . . . . .

koPOSITIONALscoreAREAtaxNONEsui1komi1.5
Time taken: 0.5
Root visits: 636
New playouts: 627
NN rows: 551
NN batches: 48
NN avg batch size: 11.4792
PlayoutDoublingAdvantage: 2.75
PV: G4 E4 E3 D5 G5 D6 F3 C3 D3 C4 C2 B2 B5 B3 D2
Tree:
: T -109.53c W -99.83c S  -9.51c (-16.7 L -16.6) N     636  --  G4 E4 E3 D5 G5 D6 F3
---White(^)---
G4  : T -108.77c W -99.82c S  -8.78c (-16.3 L -16.3) LCB -110.15c P 35.14% WF 1916.9 PSV    1908 N     607  --  G4 E4 E3 D5 G5 D6 F3 C3
G5  : T -121.21c W -99.92c S -20.68c (-22.4 L -22.5) LCB -132.64c P 22.97% WF  39.3 PSV      43 N       8  --  G5 G4 H5 E4
F3  : T -119.93c W -99.96c S -19.64c (-21.5 L -21.3) LCB -134.98c P 15.81% WF  34.2 PSV      33 N       7  --  F3 G4 G2 E4
E4  : T -118.51c W -99.97c S -18.58c (-20.6 L -20.6) LCB -146.32c P 11.15% WF  25.5 PSV      26 N       5  --  E4 G4 D5
E2  : T -119.39c W -99.98c S -18.39c (-20.6 L -20.4) LCB -269.36c P  3.93% WF  10.0 PSV       8 N       2  --  E2 E4
C6  : T -118.89c W -99.95c S -18.94c (-21.1 L -21.5) LCB -468.89c P  2.57% WF   5.3 PSV       5 N       1  --  C6
D6  : T -118.44c W -99.95c S -18.50c (-21.1 L -21.9) LCB -468.44c P  2.45% WF   5.5 PSV       5 N       1  --  D6
C7  : T -118.14c W -99.95c S -18.20c (-20.9 L -21.7) LCB -468.14c P  1.37% WF   5.2 PSV       3 N       1  --  C7
F2  : T -117.48c W -99.95c S -17.53c (-20.2 L -20.9) LCB -467.48c P  0.83% WF   5.2 PSV       2 N       1  --  F2
E3  : T -119.03c W -99.75c S -19.29c (-21.0 L -21.8) LCB -469.03c P  0.72% WF   5.8 PSV       1 N       1  --  E3

2024-06-24 16:53:52-0400: = G4
2024-06-24 16:54:05-0400: Controller: kata-list_time_settings
2024-06-24 16:54:05-0400: = none absolute byoyomi canadian fischer fischer-capped
2024-06-24 16:54:05-0400: Controller: play black f3
2024-06-24 16:54:05-0400: = 
2024-06-24 16:54:05-0400: Controller: genmove white
2024-06-24 16:54:05-0400: MoveNum: 12 HASH: B5D70011B0DA419D3C0E6FD8D0E212B1
   A B C D E F G H J
 9 . . . . . . . . .
 8 . . . . . . . . .
 7 . X . X X . X . .
 6 . . . . O O X . .
 5 . . O . X1X . . .
 4 . . . O @ O O2. .
 3 . . . . . X3X . .
 2 . . . . . . . . .
 1 . . . . . . . . .

koPOSITIONALscoreAREAtaxNONEsui1komi1.5
Time taken: 0.516
Root visits: 10482
New playouts: 780
NN rows: 452
NN batches: 45
NN avg batch size: 10.0444
PlayoutDoublingAdvantage: 2.75
PV: E4 D2 H3 H2 E2 H4 E3 G5 C6 C7 B6 F1 F2 G2 E1 B4 C3 B3 B2 C2 B1 A2 D1 D5 C4
Tree:
: T -111.94c W -99.89c S -11.76c (-17.6 L -17.5) N   10482  --  E4 D2 H3 H2 E2 H4 E3
---White(^)---
E4  : T -111.76c W -99.89c S -11.58c (-17.5 L -17.4) LCB -111.97c P 49.88% WF 38018.2 PSV   37928 N   10109  --  E4 D2 H3 H2 E2 H4 E3 G5
G5  : T -115.30c W -99.92c S -15.29c (-19.2 L -19.0) LCB -116.38c P 32.63% WF 1210.3 PSV    1272 N     282  --  G5 E3 E4 C2 C3 B2 H3 H2
E3  : T -117.13c W -99.92c S -17.11c (-20.0 L -20.0) LCB -119.22c P 14.07% WF 351.6 PSV     368 N      80  --  E3 G5 E4 H4 E2 C6 B5 F1
H3  : T -124.72c W -99.64c S -25.08c (-26.3 L -26.6) LCB -474.72c P  0.42% WF   6.0 PSV       4 N       1  --  H3
C7  : T -124.52c W -99.76c S -24.75c (-26.2 L -26.4) LCB -474.52c P  0.38% WF   6.2 PSV       4 N       1  --  C7
E2  : T -119.71c W -99.86c S -19.85c (-21.4 L -22.2) LCB -469.71c P  0.26% WF   5.6 PSV       4 N       1  --  E2
D6  : T -125.63c W -99.73c S -25.90c (-27.3 L -27.5) LCB -475.63c P  0.24% WF   6.3 PSV       2 N       1  --  D6
C8  : T -126.27c W -99.80c S -26.47c (-28.0 L -28.5) LCB -476.27c P  0.16% WF   6.4 PSV       1 N       1  --  C8
D3  : T -124.36c W -99.95c S -24.41c (-24.7 L -25.3) LCB -474.36c P  0.15% WF   6.3 PSV       1 N       1  --  D3
C6  : T -125.92c W -99.81c S -26.12c (-27.2 L -27.0) LCB -475.92c P  0.14% WF   6.4 PSV       1 N       1  --  C6

2024-06-24 16:54:05-0400: = E4
2024-06-24 16:54:14-0400: Controller: kata-list_time_settings
2024-06-24 16:54:14-0400: = none absolute byoyomi canadian fischer fischer-capped
2024-06-24 16:54:14-0400: Controller: play black d2
2024-06-24 16:54:14-0400: = 
2024-06-24 16:54:14-0400: Controller: genmove white
2024-06-24 16:54:14-0400: MoveNum: 14 HASH: 1747CF633B9B5AA88BA0644B2A7C2D1D
   A B C D E F G H J
 9 . . . . . . . . .
 8 . . . . . . . . .
 7 . X . X X . X . .
 6 . . . . O O X . .
 5 . . O . X X . . .
 4 . . . O O2O O . .
 3 . . . . . X1X @ .
 2 . . . X3. . . . .
 1 . . . . . . . . .

koPOSITIONALscoreAREAtaxNONEsui1komi1.5
Time taken: 0.531
Root visits: 19422
New playouts: 765
NN rows: 456
NN batches: 49
NN avg batch size: 9.30612
PlayoutDoublingAdvantage: 2.75
PV: H3 H2 E2 H4 E3 G5 C6 C7 B6 B4 C3 B3 B2 F1 F2 G2 E1 C2 B1 A2 D1 A6 A5 A7 B5
Tree:
: T -111.83c W -99.88c S -11.60c (-17.4 L -17.4) N   19422  --  H3 H2 E2 H4 E3 G5 C6
---White(^)---
H3  : T -111.61c W -99.88c S -11.39c (-17.3 L -17.3) LCB -111.76c P 27.28% WF 65351.5 PSV   65112 N   18012  --  H3 H2 E2 H4 E3 G5 C6 C7
C2  : T -113.91c W -99.90c S -13.78c (-18.0 L -18.0) LCB -114.63c P 26.61% WF 2607.1 PSV    2344 N     625  --  C2 E2 B3 D6 H6 H7 H3 H2
E2  : T -114.31c W -99.89c S -14.11c (-18.3 L -18.2) LCB -115.30c P 17.84% WF 1626.4 PSV    1346 N     424  --  E2 E3 C2 D3 C3 H3 D1 H5
G5  : T -115.79c W -99.92c S -15.75c (-19.2 L -19.0) LCB -117.19c P 13.84% WF 648.6 PSV     683 N     152  --  G5 C2 H3 H2 G2 F2 J2 H1
D6  : T -113.48c W -99.88c S -13.01c (-18.0 L -17.8) LCB -115.36c P  3.83% WF 414.2 PSV     411 N     115  --  D6 C6 B6 C7 C2 E2 B2
C6  : T -115.77c W -99.86c S -15.55c (-19.5 L -19.3) LCB -117.92c P  4.75% WF 226.5 PSV     235 N      56  --  C6 C2 C7 C8 F7 D6
C3  : T -117.96c W -99.98c S -18.13c (-20.3 L -19.9) LCB -145.77c P  0.72% WF  25.9 PSV      23 N       5  --  C3 C2 G5
H4  : T -117.78c W -99.91c S -17.71c (-20.5 L -20.3) LCB -145.72c P  0.68% WF  24.1 PSV      22 N       5  --  H4 C3 E2
B6  : T -117.49c W -99.99c S -17.34c (-20.2 L -19.4) LCB -145.42c P  0.58% WF  22.6 PSV      20 N       5  --  B6 H4
H5  : T -116.63c W -99.90c S -16.71c (-20.1 L -19.5) LCB -144.67c P  0.42% WF  22.0 PSV      17 N       5  --  H5 H3 C2 E2

2024-06-24 16:54:14-0400: = H3
2024-06-24 16:54:18-0400: Controller: kata-list_time_settings
2024-06-24 16:54:18-0400: = none absolute byoyomi canadian fischer fischer-capped
2024-06-24 16:54:18-0400: Controller: play black h2
2024-06-24 16:54:18-0400: = 
2024-06-24 16:54:18-0400: Controller: genmove white
2024-06-24 16:54:18-0400: MoveNum: 16 HASH: BBE8F2B739FED2C82927CB1F91853703
   A B C D E F G H J
 9 . . . . . . . . .
 8 . . . . . . . . .
 7 . X . X X . X . .
 6 . . . . O O X . .
 5 . . O . X X . . .
 4 . . . O O O O . .
 3 . . . . . X X O2.
 2 . . . X1@ . . X3.
 1 . . . . . . . . .

koPOSITIONALscoreAREAtaxNONEsui1komi1.5
Time taken: 0.516
Root visits: 23902
New playouts: 807
NN rows: 481
NN batches: 51
NN avg batch size: 9.43137
PlayoutDoublingAdvantage: 2.75
PV: E2 H4 E3 G5 C6 C7 B6 B4 C3 B3 B2 F1 F2 G2 E1 C2 B1 A2 D1 A6 A5 A7 B5 D5 C4
Tree:
: T -111.68c W -99.89c S -11.43c (-17.4 L -17.4) N   23902  --  E2 H4 E3 G5 C6 C7 B6
---White(^)---
E2  : T -111.56c W -99.89c S -11.31c (-17.3 L -17.3) LCB -111.69c P 52.88% WF 84927.2 PSV   84804 N   23384  --  E2 H4 E3 G5 C6 C7 B6 B4
G5  : T -116.30c W -99.91c S -15.98c (-19.6 L -19.4) LCB -117.58c P 16.85% WF 779.5 PSV     831 N     185  --  G5 H4 H5 J3 E2 E3 C2 D3
C2  : T -116.40c W -99.91c S -15.39c (-20.4 L -20.2) LCB -118.52c P 12.42% WF 570.5 PSV     600 N     140  --  C2 H4 H5 J3 G5 C3 B2 D3
C6  : T -116.70c W -99.87c S -16.04c (-20.5 L -20.3) LCB -119.30c P  5.57% WF 241.9 PSV     254 N      58  --  C6 H4 C7 C8 F7 D6
D6  : T -114.38c W -99.88c S -14.02c (-18.6 L -18.4) LCB -116.84c P  2.24% WF 177.8 PSV     182 N      49  --  D6 H4 H5 J3 F7 F8
H5  : T -115.99c W -99.90c S -15.46c (-19.6 L -19.3) LCB -118.52c P  3.06% WF 163.1 PSV     161 N      40  --  H5 J3 C2 C3 E2 B2
H4  : T -119.34c W -99.92c S -19.38c (-22.0 L -21.6) LCB -123.84c P  2.53% WF  74.4 PSV      76 N      16  --  H4 C2 G5 F7 J2
C7  : T -115.80c W -99.90c S -16.10c (-19.4 L -19.1) LCB -135.94c P  0.47% WF  27.8 PSV      25 N       6  --  C7 C6 D6
B6  : T -118.62c W -99.95c S -17.67c (-20.2 L -19.8) LCB -161.62c P  0.56% WF  19.2 PSV      18 N       4  --  B6 H4 H5
F7  : T -120.67c W -99.74c S -20.77c (-22.6 L -22.2) LCB -269.88c P  0.41% WF  10.1 PSV      10 N       2  --  F7 D6

2024-06-24 16:54:18-0400: = E2
2024-06-24 16:54:21-0400: Controller: kata-list_time_settings
2024-06-24 16:54:21-0400: = none absolute byoyomi canadian fischer fischer-capped
2024-06-24 16:54:21-0400: Controller: play black e3
2024-06-24 16:54:21-0400: = 
2024-06-24 16:54:21-0400: Controller: genmove white
2024-06-24 16:54:22-0400: MoveNum: 18 HASH: 1BF6728ECD6D5EA4CED3C8A8F7D93360
   A B C D E F G H J
 9 . . . . . . . . .
 8 . . . . . . . . .
 7 . X . X X . X . .
 6 . . . . O O X . .
 5 . . O . X X . . .
 4 . . . O O O O . .
 3 . . . @ X3X X O .
 2 . . . X O2. . X1.
 1 . . . . . . . . .

koPOSITIONALscoreAREAtaxNONEsui1komi1.5
Time taken: 0.516
Root visits: 2152
New playouts: 1171
NN rows: 486
NN batches: 49
NN avg batch size: 9.91837
PlayoutDoublingAdvantage: 2.75
PV: D3 E1 C2 F2 G5 F7 H6 B5 B4 B6 H4
Tree:
: T -111.48c W -99.93c S -11.57c (-15.6 L -15.5) N    2152  --  D3 E1 C2 F2 G5 F7 H6
---White(^)---
D3  : T -111.39c W -99.93c S -11.47c (-15.5 L -15.5) LCB -111.74c P 88.86% WF 8380.1 PSV    8377 N    2136  --  D3 E1 C2 F2 G5 F7 H6 B5
D6  : T -118.60c W -99.94c S -18.87c (-19.8 L -19.3) LCB -193.14c P  1.45% WF  13.2 PSV       9 N       3  --  D6 H4
C7  : T -119.46c W -99.92c S -20.51c (-20.4 L -20.1) LCB -268.58c P  1.33% WF  10.4 PSV       7 N       2  --  C7 C6
C2  : T -117.06c W -99.98c S -15.72c (-17.6 L -17.4) LCB -266.46c P  0.97% WF   8.7 PSV       7 N       2  --  C2 D3
F7  : T -122.35c W -99.63c S -22.72c (-22.7 L -22.7) LCB -472.35c P  1.37% WF   5.4 PSV       5 N       1  --  F7
F8  : T -123.59c W -99.51c S -24.08c (-24.1 L -24.5) LCB -473.73c P  0.97% WF   5.7 PSV       3 N       1  --  F8
C6  : T -123.00c W -99.88c S -23.12c (-22.7 L -22.3) LCB -473.00c P  0.81% WF   5.8 PSV       3 N       1  --  C6
G5  : T -121.45c W -99.98c S -21.46c (-21.0 L -21.1) LCB -471.45c P  0.79% WF   5.3 PSV       3 N       1  --  G5
C8  : T -122.68c W -99.81c S -22.87c (-22.7 L -22.7) LCB -472.68c P  0.74% WF   5.7 PSV       3 N       1  --  C8
G2  : T -119.71c W -99.69c S -20.02c (-20.6 L -21.3) LCB -469.71c P  0.36% WF   5.2 PSV       1 N       1  --  G2

2024-06-24 16:54:22-0400: = D3
2024-06-24 16:54:25-0400: Controller: kata-list_time_settings
2024-06-24 16:54:25-0400: = none absolute byoyomi canadian fischer fischer-capped
2024-06-24 16:54:25-0400: Controller: play black f2
2024-06-24 16:54:25-0400: = 
2024-06-24 16:54:25-0400: Controller: genmove white
2024-06-24 16:54:25-0400: MoveNum: 20 HASH: 1D0450108378ED427990C90D75657D06
   A B C D E F G H J
 9 . . . . . . . . .
 8 . . . . . . . . .
 7 . X . X X . X . .
 6 . . . . O O X . .
 5 . . O . X X . . .
 4 . . . O O O O . .
 3 . . . O2X1X X O .
 2 . . @ X O X3. X .
 1 . . . . . . . . .

koPOSITIONALscoreAREAtaxNONEsui1komi1.5
Time taken: 0.5
Root visits: 4265
New playouts: 759
NN rows: 521
NN batches: 52
NN avg batch size: 10.0192
PlayoutDoublingAdvantage: 2.75
PV: C2 E1 G5 B6 H6 B3 C3 H7 H4 B4 J7 J8
Tree:
: T -111.26c W -99.92c S -11.38c (-15.3 L -15.3) N    4265  --  C2 E1 G5 B6 H6 B3 C3
---White(^)---
C2  : T -111.22c W -99.92c S -11.33c (-15.3 L -15.3) LCB -111.46c P 90.21% WF 16515.0 PSV   16512 N    4243  --  C2 E1 G5 B6 H6 B3 C3 H7
D6  : T -115.31c W -99.86c S -15.00c (-17.6 L -17.6) LCB -123.51c P  2.05% WF  34.2 PSV      34 N      10  --  D6 C6 B6 C7
C7  : T -119.46c W -99.87c S -19.55c (-19.6 L -19.3) LCB -268.86c P  1.17% WF   9.4 PSV      10 N       2  --  C7 C6
C6  : T -123.15c W -99.73c S -23.41c (-22.8 L -22.7) LCB -473.15c P  1.04% WF   5.5 PSV       6 N       1  --  C6
G5  : T -122.07c W -99.96c S -22.11c (-21.1 L -21.2) LCB -472.07c P  0.93% WF   5.7 PSV       6 N       1  --  G5
F7  : T -122.56c W -99.58c S -22.99c (-22.5 L -22.7) LCB -472.56c P  0.67% WF   5.3 PSV       4 N       1  --  F7
C8  : T -122.18c W -99.75c S -22.44c (-22.0 L -22.1) LCB -472.22c P  0.55% WF   5.4 PSV       3 N       1  --  C8
F1  : T -121.12c W -99.60c S -21.51c (-21.5 L -22.1) LCB -471.12c P  0.44% WF   5.2 PSV       3 N       1  --  F1
F8  : T -121.62c W -99.36c S -22.26c (-22.0 L -22.5) LCB -471.92c P  0.43% WF   5.3 PSV       2 N       1  --  F8
G2  : T -121.33c W -99.63c S -21.70c (-21.5 L -22.0) LCB -471.52c P  0.42% WF   5.2 PSV       2 N       1  --  G2

2024-06-24 16:54:25-0400: = C2
2024-06-24 16:54:28-0400: Controller: kata-list_time_settings
2024-06-24 16:54:28-0400: = none absolute byoyomi canadian fischer fischer-capped
2024-06-24 16:54:28-0400: Controller: play black e1
2024-06-24 16:54:28-0400: = 
2024-06-24 16:54:28-0400: Controller: genmove white
2024-06-24 16:54:28-0400: MoveNum: 22 HASH: 539EF55E50773298CB703EB3C3FC7921
   A B C D E F G H J
 9 . . . . . . . . .
 8 . . . . . . . . .
 7 . X . X X . X . .
 6 . . . . O O X . .
 5 . . O . X X @ . .
 4 . . . O O O O . .
 3 . . . O X X X O .
 2 . . O2X . X1. X .
 1 . . . . X3. . . .

koPOSITIONALscoreAREAtaxNONEsui1komi1.5
Time taken: 0.516
Root visits: 6460
New playouts: 644
NN rows: 534
NN batches: 52
NN avg batch size: 10.2692
PlayoutDoublingAdvantage: 2.75
PV: G5 F7 H6 D6 H4 B3 C3 A4 H7 H8 J2
Tree:
: T -111.55c W -99.93c S -11.57c (-15.4 L -15.4) N    6460  --  G5 F7 H6 D6 H4 B3 C3
---White(^)---
G5  : T -111.29c W -99.93c S -11.33c (-15.3 L -15.3) LCB -111.49c P 26.18% WF 22499.1 PSV   22417 N    5587  --  G5 F7 H6 D6 H4 B3 C3 A4
D6  : T -112.48c W -99.90c S -12.32c (-16.1 L -16.0) LCB -113.86c P 13.89% WF 1061.8 PSV    1056 N     307  --  D6 C6 B6 C7 H5 J3 H4 B4
H5  : T -113.17c W -99.93c S -13.12c (-16.2 L -16.1) LCB -114.11c P 19.82% WF 978.0 PSV     987 N     247  --  H5 J3 J4 H4 G5 J5 H6
C6  : T -113.93c W -99.95c S -13.85c (-16.4 L -16.4) LCB -114.84c P 22.92% WF 809.9 PSV     829 N     198  --  C6 D6 H5 J3 J4 J2 C7 C8
B6  : T -114.16c W -99.94c S -14.10c (-16.7 L -16.6) LCB -116.15c P  8.76% WF 285.8 PSV     292 N      71  --  B6 D6 A7 A8 B8 A6 C7
C1  : T -114.64c W -99.94c S -14.44c (-16.7 L -16.6) LCB -117.48c P  3.37% WF  99.0 PSV      96 N      23  --  C1 D6 H4 J2
H4  : T -113.20c W -99.94c S -13.33c (-16.2 L -16.0) LCB -117.19c P  1.05% WF  54.8 PSV      51 N      13  --  H4 D6 C6 C1 B1 D1 B3
H6  : T -116.08c W -99.94c S -15.21c (-17.3 L -16.8) LCB -191.16c P  0.61% WF  12.4 PSV      12 N       3  --  H6 H5
D5  : T -114.24c W -99.95c S -14.54c (-17.3 L -16.9) LCB -188.24c P  0.35% WF  11.7 PSV      11 N       3  --  D5 G5
F7  : T -120.09c W -99.49c S -20.59c (-20.4 L -20.7) LCB -470.09c P  0.37% WF   5.0 PSV       4 N       1  --  F7

2024-06-24 16:54:28-0400: = G5
2024-06-24 16:54:32-0400: Controller: kata-list_time_settings
2024-06-24 16:54:32-0400: = none absolute byoyomi canadian fischer fischer-capped
2024-06-24 16:54:32-0400: Controller: play black f7
2024-06-24 16:54:32-0400: = 
2024-06-24 16:54:32-0400: Controller: genmove white
2024-06-24 16:54:33-0400: MoveNum: 24 HASH: 9ADB39881881BF78E54B613A7232263C
   A B C D E F G H J
 9 . . . . . . . . .
 8 . . . . . . . . .
 7 . X . X X X3X . .
 6 . . @ . O O X . .
 5 . . O . X X O2. .
 4 . . . O O O O . .
 3 . . . O X X X O .
 2 . . O X . X . X .
 1 . . . . X1. . . .

koPOSITIONALscoreAREAtaxNONEsui1komi1.5
Time taken: 0.531
Root visits: 9467
New playouts: 689
NN rows: 467
NN batches: 48
NN avg batch size: 9.72917
PlayoutDoublingAdvantage: 2.75
PV: C6 D6 C7 C8 B8 B9 H6 H7 H4 C1 B1 D1 B3 J6 J5 J7 B6 A8
Tree:
: T -111.68c W -99.93c S -11.68c (-15.5 L -15.7) N    9467  --  C6 D6 C7 C8 B8 B9 H6
---White(^)---
C6  : T -111.46c W -99.93c S -11.49c (-15.4 L -15.6) LCB -111.70c P 15.90% WF 18540.3 PSV   26799 N    4570  --  C6 D6 C7 C8 B8 B9 H6 H7
D5  : T -111.65c W -99.93c S -11.58c (-15.5 L -15.6) LCB -111.97c P 25.24% WF 10895.1 PSV   10724 N    2682  --  D5 B6 H4 B4 H6 B2 C3 C1
H6  : T -111.56c W -99.94c S -11.59c (-15.5 L -15.5) LCB -111.91c P  9.97% WF 5871.3 PSV    5868 N    1434  --  H6 D6 C6 C7 B6 H7 H4 C3
H4  : T -112.47c W -99.88c S -12.48c (-15.8 L -15.8) LCB -113.21c P 13.00% WF 1478.9 PSV    1485 N     378  --  H4 B3 C3 C1 B1 D1 H6 B2
C1  : T -113.76c W -99.93c S -13.84c (-16.4 L -16.3) LCB -114.71c P 12.09% WF 644.2 PSV     645 N     155  --  C1 B3 C3 B5 B4 B6
H5  : T -113.28c W -99.96c S -13.33c (-16.3 L -16.2) LCB -114.59c P  7.46% WF 493.3 PSV     497 N     119  --  H5 J3 C6 C7 D6 B3
B6  : T -114.77c W -99.95c S -14.69c (-16.8 L -16.9) LCB -116.20c P 11.41% WF 421.7 PSV     429 N      98  --  B6 C6 B5 D6 H6 H7 H4 C1
J4  : T -113.56c W -99.96c S -13.60c (-16.3 L -16.2) LCB -118.16c P  0.77% WF  57.7 PSV      44 N      14  --  J4 B3 C3
J2  : T -118.56c W -99.88c S -19.37c (-19.3 L -19.3) LCB -192.67c P  0.59% WF  15.1 PSV      10 N       3  --  J2 H4 H5
J6  : T -116.16c W -99.92c S -16.14c (-17.8 L -17.6) LCB -265.09c P  0.29% WF   9.7 PSV       7 N       2  --  J6 D6

2024-06-24 16:54:33-0400: = C6
2024-06-24 16:54:36-0400: Controller: kata-list_time_settings
2024-06-24 16:54:36-0400: = none absolute byoyomi canadian fischer fischer-capped
2024-06-24 16:54:36-0400: Controller: play black d6
2024-06-24 16:54:36-0400: = 
2024-06-24 16:54:36-0400: Controller: genmove white
2024-06-24 16:54:37-0400: MoveNum: 26 HASH: 97C33DA3CF7058747964BA40B49E58EC
   A B C D E F G H J
 9 . . . . . . . . .
 8 . . . . . . . . .
 7 . X . X X X1X . .
 6 . @ O2X3. . X . .
 5 . . O . X X O . .
 4 . . . O O O O . .
 3 . . . O X X X O .
 2 . . O X . X . X .
 1 . . . . X . . . .

koPOSITIONALscoreAREAtaxNONEsui1komi1.5
Time taken: 0.532
Root visits: 7620
New playouts: 761
NN rows: 507
NN batches: 50
NN avg batch size: 10.14
PlayoutDoublingAdvantage: 2.75
PV: B6 C7 H6 C1 B1 B2 D1 H4 E2 H5 F1 J3 A7 G1 B8 E1 D2 C8 D5 B9 A8 C9 A6 A9 F1
Tree:
: T -111.75c W -99.94c S -11.74c (-15.5 L -15.8) N    7620  --  B6 C7 H6 C1 B1 B2 D1
---White(^)---
B6  : T -111.48c W -99.95c S -11.50c (-15.4 L -15.6) LCB -111.74c P 17.19% WF 15495.2 PSV   27735 N    3482  --  B6 C7 H6 C1 B1 B2 D1 H4
C7  : T -111.99c W -99.94c S -11.93c (-15.6 L -15.8) LCB -112.36c P 38.14% WF 7881.6 PSV    6809 N    1868  --  C7 C8 B8 B9 H6 H7 H4 C1
H6  : T -111.74c W -99.93c S -11.72c (-15.6 L -15.8) LCB -112.14c P  9.44% WF 3420.1 PSV    2807 N     860  --  H6 B6 B5 C3 B3 C1 C7 C8
H5  : T -111.99c W -99.96c S -11.96c (-15.6 L -15.8) LCB -112.47c P 10.21% WF 1976.6 PSV    1837 N     484  --  H5 J3 J4 J2 C7 C8 B6 B8
J2  : T -111.76c W -99.87c S -11.90c (-15.9 L -16.3) LCB -112.60c P  5.48% WF 2499.6 PSV    1555 N     718  --  J2 H4 J4 J3 C7 C8 H3 H5
C1  : T -113.45c W -99.92c S -13.38c (-16.3 L -16.4) LCB -114.74c P  7.65% WF 431.2 PSV     417 N     104  --  C1 C7 H4 J2 B6 H6 A7 A8
H4  : T -113.81c W -99.93c S -13.61c (-16.3 L -16.4) LCB -115.28c P  6.77% WF 323.9 PSV     314 N      80  --  H4 C3 B3 C1 C7 C8 B2 H6
J4  : T -113.89c W -99.91c S -14.13c (-16.6 L -16.9) LCB -120.01c P  0.96% WF  45.6 PSV      43 N      11  --  J4 C3 B3
J6  : T -115.60c W -99.95c S -15.83c (-17.6 L -17.6) LCB -264.54c P  0.32% WF   9.5 PSV       8 N       2  --  J6 C7
A6  : T -117.81c W -99.98c S -17.13c (-18.0 L -18.0) LCB -266.88c P  0.41% WF  10.1 PSV       7 N       2  --  A6 C7

2024-06-24 16:54:37-0400: = B6
2024-06-24 16:54:39-0400: Controller: kata-list_time_settings
2024-06-24 16:54:39-0400: = none absolute byoyomi canadian fischer fischer-capped
2024-06-24 16:54:39-0400: Controller: play black c7
2024-06-24 16:54:39-0400: = 
2024-06-24 16:54:39-0400: Controller: genmove white
2024-06-24 16:54:40-0400: MoveNum: 28 HASH: 84505E952ECEF93502B0FA4977DFDDB4
   A B C D E F G H J
 9 . . . . . . . . .
 8 . . . . . . . . .
 7 . X X3X X X X . .
 6 . O2O X1. . X @ .
 5 . . O . X X O . .
 4 . . . O O O O . .
 3 . . . O X X X O .
 2 . . O X . X . X .
 1 . . . . X . . . .

koPOSITIONALscoreAREAtaxNONEsui1komi1.5
Time taken: 0.515
Root visits: 6861
New playouts: 1066
NN rows: 498
NN batches: 52
NN avg batch size: 9.57692
PlayoutDoublingAdvantage: 2.75
PV: H6 C1 B1 B2 D1 H4 E2 H5 F1 J3 G1 A7 G2 H3 H1 A6 A5 A4 B5 B3 B4 D5 A3 H7
Tree:
: T -111.59c W -99.92c S -11.61c (-15.5 L -15.7) N    6861  --  H6 C1 B1 B2 D1 H4 E2
---White(^)---
H6  : T -111.36c W -99.92c S -11.40c (-15.4 L -15.7) LCB -111.61c P 40.15% WF 27869.8 PSV   27792 N    6436  --  H6 C1 B1 B2 D1 H4 E2 H5
H4  : T -115.35c W -99.95c S -14.94c (-17.0 L -17.3) LCB -116.44c P 25.11% WF 680.5 PSV     711 N     144  --  H4 C3 B3 C1 B2 H6 J2 H1
C1  : T -114.77c W -99.96c S -14.74c (-16.7 L -16.8) LCB -115.58c P 19.24% WF 645.2 PSV     632 N     140  --  C1 H6 H4 J2 A7 A8 A6 B8
A7  : T -113.50c W -99.97c S -13.60c (-16.3 L -16.4) LCB -115.30c P  6.79% WF 342.7 PSV     346 N      81  --  A7 A8 A6 H6 B8 C3
H5  : T -114.21c W -99.97c S -14.10c (-16.5 L -16.6) LCB -116.15c P  3.08% WF 119.6 PSV     120 N      28  --  H5 J3 J6 A7
J4  : T -114.36c W -99.95c S -14.39c (-16.7 L -17.0) LCB -118.93c P  1.49% WF  55.9 PSV      55 N      14  --  J4 C1 B1 B2 D1
J6  : T -114.30c W -99.93c S -14.62c (-17.1 L -17.1) LCB -143.41c P  0.53% WF  19.4 PSV      20 N       5  --  J6 C1 B1
J7  : T -117.52c W -99.86c S -17.36c (-18.5 L -18.7) LCB -267.34c P  0.39% WF   8.7 PSV       7 N       2  --  J7 C1
B3  : T -118.43c W -100.00c S -18.20c (-18.2 L -18.6) LCB -267.54c P  0.33% WF  11.5 PSV       5 N       2  --  B3 H6
J3  : T -117.29c W -99.97c S -17.18c (-18.0 L -18.3) LCB -266.38c P  0.29% WF   8.7 PSV       5 N       2  --  J3 C1

2024-06-24 16:54:40-0400: = H6
2024-06-24 16:54:42-0400: Controller: kata-list_time_settings
2024-06-24 16:54:43-0400: = none absolute byoyomi canadian fischer fischer-capped
2024-06-24 16:54:43-0400: Controller: play black h7
2024-06-24 16:54:43-0400: = 
2024-06-24 16:54:43-0400: Controller: genmove white
2024-06-24 16:54:43-0400: MoveNum: 30 HASH: E1CBC5209991123D4B3B8A4092261686
   A B C D E F G H J
 9 . . . . . . . . .
 8 . . . . . . . . .
 7 . X X1X X X X X3.
 6 . O O X . . X O2.
 5 . . O . X X O . .
 4 . . . O O O O @ .
 3 . . . O X X X O .
 2 . . O X . X . X .
 1 . . . . X . . . .

koPOSITIONALscoreAREAtaxNONEsui1komi1.5
Time taken: 0.531
Root visits: 2639
New playouts: 910
NN rows: 480
NN batches: 48
NN avg batch size: 10
PlayoutDoublingAdvantage: 2.75
PV: H4 C1 B1 D1 B3 J6 A7 A8 A6 B8 J2 H1 H5 J5 D5 J4
Tree:
: T -111.71c W -99.90c S -11.72c (-15.2 L -15.5) N    2639  --  H4 C1 B1 D1 B3 J6 A7
---White(^)---
H4  : T -111.48c W -99.89c S -11.49c (-15.1 L -15.4) LCB -111.82c P 48.12% WF 10107.6 PSV   10081 N    2252  --  H4 C1 B1 D1 B3 J6 A7 A8
A7  : T -112.20c W -99.95c S -12.19c (-15.5 L -15.8) LCB -113.09c P 18.48% WF 1140.4 PSV    1109 N     259  --  A7 A8 A6 C3 B3 H4 H5 J3
C1  : T -114.33c W -99.98c S -14.30c (-16.2 L -16.4) LCB -115.74c P 21.15% WF 406.5 PSV     408 N      86  --  C1 H4 H5 J3 J7 J8 J6 A6
H5  : T -114.40c W -99.97c S -14.40c (-16.3 L -16.4) LCB -117.52c P  3.47% WF  71.3 PSV      65 N      16  --  H5 J3 A7 A8
J4  : T -114.44c W -99.95c S -14.44c (-16.3 L -16.7) LCB -119.43c P  2.55% WF  50.8 PSV      47 N      12  --  J4 C1 B1 D1
J7  : T -116.95c W -99.91c S -16.38c (-17.5 L -17.6) LCB -191.46c P  1.06% WF  12.7 PSV      11 N       3  --  J7 H5
J5  : T -117.94c W -99.98c S -17.39c (-17.8 L -17.9) LCB -267.55c P  0.86% WF   9.4 PSV       7 N       2  --  J5 H4
J3  : T -117.30c W -99.98c S -17.10c (-17.7 L -18.1) LCB -266.25c P  0.55% WF   8.6 PSV       5 N       2  --  J3 C1
J2  : T -117.65c W -99.58c S -18.07c (-18.4 L -19.2) LCB -467.65c P  0.58% WF   4.6 PSV       5 N       1  --  J2
B3  : T -116.67c W -99.99c S -16.68c (-17.3 L -18.1) LCB -466.67c P  0.50% WF   5.3 PSV       5 N       1  --  B3

2024-06-24 16:54:43-0400: = H4
2024-06-24 16:54:45-0400: Controller: kata-list_time_settings
2024-06-24 16:54:45-0400: = none absolute byoyomi canadian fischer fischer-capped
2024-06-24 16:54:45-0400: Controller: play black j2
2024-06-24 16:54:45-0400: = 
2024-06-24 16:54:45-0400: Controller: genmove white
2024-06-24 16:54:46-0400: MoveNum: 32 HASH: 059CF12C3B2D7C7CDB87EF08A7A1DCC3
   A B C D E F G H J
 9 . . . . . . . . .
 8 . . . . . . . . .
 7 . X X X X X X X1@
 6 . O O X . . X O .
 5 . . O . X X O . .
 4 . . . O O O O O2.
 3 . . . O X X X O .
 2 . . O X . X . X X3
 1 . . . . X . . . .

koPOSITIONALscoreAREAtaxNONEsui1komi1.5
Time taken: 0.531
Root visits: 828
New playouts: 712
NN rows: 479
NN batches: 50
NN avg batch size: 9.58
PlayoutDoublingAdvantage: 2.75
PV: J7 J8 J6 A7 C1 A6 A5 D5 C4 H8
Tree:
: T -110.07c W -99.94c S -10.23c (-13.9 L -14.2) N     828  --  J7 J8 J6 A7 C1 A6 A5
---White(^)---
J7  : T -109.63c W -99.94c S  -9.79c (-13.7 L -14.0) LCB -110.18c P 37.39% WF 2763.2 PSV    2751 N     712  --  J7 J8 J6 A7 C1 A6 A5 D5
A7  : T -112.39c W -99.97c S -12.58c (-14.8 L -15.0) LCB -113.65c P 28.64% WF 239.5 PSV     230 N      56  --  A7 A8 A6 C3 B3 C1 B2 J6
C1  : T -112.65c W -99.91c S -12.67c (-14.8 L -15.0) LCB -114.04c P 26.68% WF 194.1 PSV     197 N      46  --  C1 J6 J5 H5 D1 E2 H6 J7
G1  : T -111.63c W -99.73c S -12.03c (-14.7 L -15.1) LCB -123.59c P  2.66% WF  29.7 PSV      21 N       9  --  G1 C3 C1
J6  : T -114.77c W -99.93c S -14.84c (-15.8 L -16.7) LCB -464.77c P  0.48% WF   4.0 PSV       2 N       1  --  J6
A6  : T -116.77c W -99.96c S -16.81c (-16.7 L -17.4) LCB -466.77c P  0.54% WF   4.9 PSV       1 N       1  --  A6
B1  : T -117.36c W -99.97c S -17.39c (-17.0 L -17.7) LCB -467.36c P  0.53% WF   5.1 PSV       1 N       1  --  B1
B3  : T -116.58c W -99.99c S -16.59c (-16.4 L -17.3) LCB -466.58c P  0.52% WF   5.5 PSV       1 N       1  --  B3

2024-06-24 16:54:46-0400: = J7
2024-06-24 16:54:49-0400: Controller: kata-list_time_settings
2024-06-24 16:54:49-0400: = none absolute byoyomi canadian fischer fischer-capped
2024-06-24 16:54:49-0400: Controller: play black j8
2024-06-24 16:54:49-0400: = 
2024-06-24 16:54:49-0400: Controller: genmove white
2024-06-24 16:54:49-0400: MoveNum: 34 HASH: 567EAC25C77557897CE1F5D4C73C4772
   A B C D E F G H J
 9 . . . . . . . . .
 8 . . . . . . . . X3
 7 . X X X X X X X O2
 6 . O O X . . X O @
 5 . . O . X X O . .
 4 . . . O O O O O .
 3 . . . O X X X O .
 2 . . O X . X . X X1
 1 . . . . X . . . .

koPOSITIONALscoreAREAtaxNONEsui1komi1.5
Time taken: 0.515
Root visits: 3823
New playouts: 863
NN rows: 491
NN batches: 50
NN avg batch size: 9.82
PlayoutDoublingAdvantage: 2.75
PV: J6 B4 C1 C4 D5 J3 H8 C3 B2 A6 A5 A7 B3 H5 J5 J4 J9 G8
Tree:
: T -109.79c W -99.84c S  -9.29c (-14.9 L -15.2) N    3823  --  J6 B4 C1 C4 D5 J3 H8
---White(^)---
J6  : T -109.56c W -99.83c S  -9.13c (-14.8 L -15.1) LCB -109.99c P 54.17% WF 11901.7 PSV   11873 N    3645  --  J6 B4 C1 C4 D5 J3 H8 C3
A7  : T -112.68c W -99.97c S -12.87c (-15.2 L -15.5) LCB -113.73c P 20.70% WF 424.4 PSV     437 N     103  --  A7 A8 A6 J6 B8 C3 B3
C1  : T -114.27c W -99.94c S -14.35c (-15.8 L -16.0) LCB -115.81c P 17.26% WF 237.9 PSV     249 N      53  --  C1 J6 A7 A8 A6 B8 J5 H5
G1  : T -112.82c W -99.73c S -12.75c (-15.4 L -15.8) LCB -120.45c P  2.75% WF  47.1 PSV      45 N      14  --  G1 C3 C1 B2
A6  : T -117.67c W -99.97c S -17.70c (-17.4 L -18.4) LCB -467.67c P  0.73% WF   5.1 PSV       6 N       1  --  A6
B3  : T -118.17c W -99.99c S -18.18c (-17.5 L -18.5) LCB -468.17c P  0.64% WF   5.9 PSV       5 N       1  --  B3
B1  : T -118.36c W -99.97c S -18.39c (-17.7 L -18.6) LCB -468.36c P  0.59% WF   5.4 PSV       4 N       1  --  B1
F1  : T -115.95c W -99.81c S -16.15c (-16.8 L -17.7) LCB -466.67c P  0.50% WF   4.4 PSV       4 N       1  --  F1
B2  : T -118.42c W -99.99c S -18.44c (-17.7 L -18.6) LCB -468.42c P  0.33% WF   5.6 PSV       2 N       1  --  B2
H1  : T -119.70c W -99.77c S -19.93c (-18.9 L -19.7) LCB -470.25c P  0.19% WF   4.7 PSV       1 N       1  --  H1

2024-06-24 16:54:49-0400: = J6
2024-06-24 16:54:51-0400: Controller: kata-list_time_settings
2024-06-24 16:54:51-0400: = none absolute byoyomi canadian fischer fischer-capped
2024-06-24 16:54:51-0400: Controller: play black h9
2024-06-24 16:54:51-0400: = 
2024-06-24 16:54:51-0400: Controller: genmove white
2024-06-24 16:54:52-0400: MoveNum: 36 HASH: 841B932D93244F4FDAAD933A80C2759F
   A B C D E F G H J
 9 . . . . . . . X3.
 8 . . . . . . . . X1
 7 @ X X X X X X X O
 6 . O O X . . X O O2
 5 . . O . X X O . .
 4 . . . O O O O O .
 3 . . . O X X X O .
 2 . . O X . X . X X
 1 . . . . X . . . .

koPOSITIONALscoreAREAtaxNONEsui1komi1.5
Time taken: 0.516
Root visits: 630
New playouts: 628
NN rows: 464
NN batches: 49
NN avg batch size: 9.46939
PlayoutDoublingAdvantage: 2.75
PV: A7 C3 B3 A8 A6 C1 B2 J3 B8 C8 A9
Tree:
: T -110.20c W -99.95c S -10.35c (-13.0 L -13.3) N     630  --  A7 C3 B3 A8 A6 C1 B2
---White(^)---
A7  : T -109.96c W -99.96c S -10.09c (-12.9 L -13.2) LCB -110.51c P 51.91% WF 2228.4 PSV    2224 N     510  --  A7 C3 B3 A8 A6 C1 B2 J3
C1  : T -111.00c W -99.94c S -11.13c (-13.2 L -13.5) LCB -112.00c P 26.66% WF 361.6 PSV     366 N      82  --  C1 A6 A5 A7 D1 E2 J3
G1  : T -109.02c W -99.31c S  -9.91c (-13.1 L -13.5) LCB -121.08c P  3.56% WF  43.8 PSV      44 N      15  --  G1 C3 C1 B3 D1
H8  : T -112.31c W -99.92c S -12.61c (-14.0 L -14.2) LCB -121.83c P  5.48% WF  34.1 PSV      34 N       9  --  H8 G8 A7
G8  : T -112.93c W -99.86c S -13.31c (-14.4 L -14.7) LCB -133.19c P  4.15% WF  22.4 PSV      20 N       6  --  G8 A6 A5
A6  : T -115.95c W -99.98c S -16.27c (-15.5 L -15.8) LCB -264.89c P  1.86% WF   9.0 PSV       6 N       2  --  A6 C3
B3  : T -115.00c W -99.99c S -15.01c (-14.7 L -15.6) LCB -465.09c P  0.86% WF   5.6 PSV       3 N       1  --  B3
B1  : T -115.66c W -99.99c S -15.67c (-15.1 L -15.9) LCB -465.66c P  0.85% WF   5.1 PSV       2 N       1  --  B1
J3  : T -115.75c W -99.94c S -15.81c (-15.4 L -16.1) LCB -465.75c P  0.72% WF   4.0 PSV       2 N       1  --  J3
F1  : T -113.53c W -99.83c S -13.69c (-14.4 L -15.2) LCB -464.44c P  0.63% WF   3.9 PSV       2 N       1  --  F1

2024-06-24 16:54:52-0400: = A7
2024-06-24 16:54:54-0400: Controller: kata-list_time_settings
2024-06-24 16:54:54-0400: = none absolute byoyomi canadian fischer fischer-capped
2024-06-24 16:54:54-0400: Controller: play black a8
2024-06-24 16:54:54-0400: = 
2024-06-24 16:54:54-0400: Controller: genmove white
2024-06-24 16:54:55-0400: MoveNum: 38 HASH: 7BDB612134B8386D2A3F08A8F99A659C
   A B C D E F G H J
 9 . . . . . . . X1.
 8 X3. . . . . . . X
 7 O2X X X X X X X O
 6 @ O O X . . X O O
 5 . . O . X X O . .
 4 . . . O O O O O .
 3 . . . O X X X O .
 2 . . O X . X . X X
 1 . . . . X . . . .

koPOSITIONALscoreAREAtaxNONEsui1komi1.5
Time taken: 0.5
Root visits: 3818
New playouts: 794
NN rows: 476
NN batches: 51
NN avg batch size: 9.33333
PlayoutDoublingAdvantage: 2.75
PV: A6 J3 B8 C3 B3 C8 C1 J4 H5 B9 D1 E2 D5 J5 C4
Tree:
: T -110.55c W -99.94c S -10.53c (-13.1 L -13.4) N    3818  --  A6 J3 B8 C3 B3 C8 C1
---White(^)---
A6  : T -110.40c W -99.94c S -10.38c (-13.0 L -13.3) LCB -110.64c P 64.47% WF 16326.3 PSV   16306 N    3658  --  A6 J3 B8 C3 B3 C8 C1 J4
C1  : T -113.05c W -99.95c S -13.17c (-14.1 L -14.4) LCB -113.82c P 16.62% WF 408.8 PSV     417 N      99  --  C1 A6 A5 J3 J4 D5 A7
G1  : T -113.18c W -99.78c S -13.28c (-14.5 L -14.9) LCB -118.63c P  4.09% WF  75.7 PSV      77 N      22  --  G1 A6 C1 H1 D1 E2
H8  : T -116.18c W -99.89c S -16.51c (-15.9 L -16.2) LCB -122.26c P  4.69% WF  54.7 PSV      52 N      13  --  H8 A6 J9 B3
G8  : T -116.50c W -99.85c S -16.85c (-16.1 L -16.4) LCB -124.45c P  3.41% WF  41.7 PSV      35 N      10  --  G8 A6 A5 C1
A5  : T -117.45c W -99.97c S -16.81c (-15.9 L -16.3) LCB -266.71c P  0.83% WF   8.8 PSV       8 N       2  --  A5 C1
B1  : T -118.36c W -99.99c S -18.05c (-16.4 L -16.8) LCB -267.31c P  0.82% WF  10.2 PSV       7 N       2  --  B1 A6
F1  : T -116.44c W -99.90c S -16.54c (-15.7 L -16.0) LCB -266.46c P  0.69% WF   8.8 PSV       7 N       2  --  F1 A6
B3  : T -117.69c W -99.99c S -17.46c (-16.0 L -16.5) LCB -266.76c P  0.70% WF  10.7 PSV       6 N       2  --  B3 A6
J3  : T -118.44c W -99.96c S -18.26c (-16.7 L -17.0) LCB -268.08c P  0.60% WF   8.4 PSV       5 N       2  --  J3 A6

2024-06-24 16:54:55-0400: = A6
2024-06-24 16:54:57-0400: Controller: kata-list_time_settings
2024-06-24 16:54:57-0400: = none absolute byoyomi canadian fischer fischer-capped
2024-06-24 16:54:57-0400: Controller: play black b9
2024-06-24 16:54:57-0400: = 
2024-06-24 16:54:57-0400: Controller: genmove white
2024-06-24 16:54:58-0400: MoveNum: 40 HASH: 93091929A52C136A6FDE133E949144B1
   A B C D E F G H J
 9 . X3. . . . . X .
 8 X1. . . . . . . X
 7 O X X X X X X X O
 6 O2O O X . . X O O
 5 . . O . X X O . .
 4 . . . O O O O O .
 3 . . . O X X X O .
 2 . . O X . X . X X
 1 . . @ . X . . . .

koPOSITIONALscoreAREAtaxNONEsui1komi1.5
Time taken: 0.5
Root visits: 603
New playouts: 600
NN rows: 501
NN batches: 46
NN avg batch size: 10.8913
PlayoutDoublingAdvantage: 2.75
PV: C1 J3 J4 D5 D1 E2 C3 B8
Tree:
: T -108.48c W -99.88c S  -8.65c (-10.8 L -11.1) N     603  --  C1 J3 J4 D5 D1 E2 C3
---White(^)---
C1  : T -108.21c W -99.90c S  -8.31c (-10.7 L -11.0) LCB -109.54c P 59.25% WF 2440.9 PSV    2437 N     530  --  C1 J3 J4 D5 D1 E2 C3 B8
G1  : T -108.19c W -99.42c S  -9.44c (-11.3 L -11.6) LCB -115.51c P  7.12% WF 153.5 PSV     154 N      47  --  G1 H1 C1 J3 D1 J4
H8  : T -114.87c W -99.92c S -15.05c (-13.5 L -13.7) LCB -158.68c P  5.83% WF  16.8 PSV      17 N       4  --  H8 C3 B3
B8  : T -116.02c W -99.94c S -15.43c (-13.7 L -13.8) LCB -190.89c P  5.10% WF  12.6 PSV      13 N       3  --  B8 C1
F1  : T -112.41c W -99.95c S -12.30c (-12.3 L -12.5) LCB -189.63c P  2.62% WF  11.7 PSV      11 N       3  --  F1 C3
G8  : T -116.26c W -99.95c S -15.86c (-13.9 L -14.0) LCB -191.20c P  4.01% WF  12.4 PSV      10 N       3  --  G8 C1
C8  : T -116.14c W -99.95c S -15.73c (-13.8 L -13.9) LCB -190.98c P  3.80% WF  12.7 PSV       9 N       3  --  C8 C1
B1  : T -113.94c W -99.99c S -13.61c (-12.7 L -13.1) LCB -264.29c P  2.30% WF   9.6 PSV       8 N       2  --  B1 J3
J3  : T -115.79c W -99.98c S -15.48c (-13.6 L -13.8) LCB -266.51c P  2.23% WF   8.4 PSV       6 N       2  --  J3 C3
B2  : T -112.95c W -100.00c S -12.95c (-12.4 L -13.2) LCB -464.04c P  1.21% WF   5.8 PSV       4 N       1  --  B2

2024-06-24 16:54:58-0400: = C1
2024-06-24 16:55:00-0400: Controller: kata-list_time_settings
2024-06-24 16:55:00-0400: = none absolute byoyomi canadian fischer fischer-capped
2024-06-24 16:55:00-0400: Controller: play black d1
2024-06-24 16:55:01-0400: = 
2024-06-24 16:55:01-0400: Controller: genmove white
2024-06-24 16:55:01-0400: MoveNum: 42 HASH: 9BE508550CCC6788D803C5A3913442D4
   A B C D E F G H J
 9 . X1. . . . . X .
 8 X . . . . . . . X
 7 O X X X X X X X O
 6 O O O X . . X O O
 5 . . O . X X O . .
 4 . . . O O O O O .
 3 . . . O X X X O @
 2 . . O X . X . X X
 1 . . O2X3X . . . .

koPOSITIONALscoreAREAtaxNONEsui1komi1.5
Time taken: 0.516
Root visits: 2460
New playouts: 781
NN rows: 480
NN batches: 51
NN avg batch size: 9.41176
PlayoutDoublingAdvantage: 2.75
PV: J3 D5 C3 pass H5 F1 pass
Tree:
: T -109.14c W -99.97c S  -9.09c (-10.8 L -11.1) N    2460  --  J3 D5 C3 pass H5 F1 pass
---White(^)---
J3  : T -109.02c W -99.98c S  -8.91c (-10.8 L -11.0) LCB -109.26c P 43.21% WF 7946.4 PSV    7934 N    1517  --  J3 D5 C3 pass H5 F1 pass
D5  : T -109.26c W -99.95c S  -9.31c (-10.9 L -11.2) LCB -109.65c P 26.02% WF 2710.0 PSV    2639 N     551  --  D5 J3 J4 pass C3 F6 H5 F1
G1  : T -109.37c W -99.99c S  -9.38c (-10.9 L -11.3) LCB -111.26c P  3.41% WF 232.7 PSV      94 N      46  --  G1 G2 D5 J3 J4 F1 C3
C8  : T -109.30c W -99.98c S  -9.29c (-10.9 L -11.3) LCB -111.86c P  3.17% WF 199.4 PSV      91 N      40  --  C8 B8 J3 D5 pass C9
B8  : T -108.99c W -99.94c S  -9.01c (-10.8 L -11.1) LCB -111.45c P  2.54% WF 455.3 PSV      88 N      96  --  B8 C8 J3 D5 H5 pass C3
G8  : T -109.57c W -99.99c S  -9.58c (-11.0 L -11.4) LCB -111.90c P  3.36% WF 141.6 PSV      85 N      28  --  G8 H8 J3 D5 C3
H8  : T -109.20c W -99.96c S  -9.21c (-10.9 L -11.2) LCB -111.71c P  2.72% WF 225.0 PSV      83 N      47  --  H8 G8 J3 D5 C3 F1
J4  : T -108.99c W -99.98c S  -8.95c (-10.8 L -11.2) LCB -111.04c P  1.88% WF 381.1 PSV      78 N      73  --  J4 J3 D5 pass C3 F6 H5 F1
F1  : T -109.44c W -99.97c S  -9.50c (-10.9 L -11.3) LCB -111.95c P  2.10% WF 122.5 PSV      56 N      24  --  F1 G1 D5 J3 J4 pass C3
G2  : T -109.46c W -99.95c S  -9.75c (-11.1 L -11.4) LCB -112.69c P  1.27% WF  61.0 PSV      35 N      13  --  G2 G1 J3 D5 H5 J9

2024-06-24 16:55:01-0400: = J3
2024-06-24 16:55:06-0400: Controller: kata-list_time_settings
2024-06-24 16:55:06-0400: = none absolute byoyomi canadian fischer fischer-capped
2024-06-24 16:55:06-0400: Controller: play black d5
2024-06-24 16:55:06-0400: = 
2024-06-24 16:55:06-0400: Controller: genmove white
2024-06-24 16:55:06-0400: MoveNum: 44 HASH: C6F24BA35229E2C526B6B49531A0CAFE
   A B C D E F G H J
 9 . X . . . . . X .
 8 X . . . . . . . X
 7 O X X X X X X X O
 6 O O O X . . X O O
 5 . . O X3X X O @ .
 4 . . . O O O O O .
 3 . . . O X X X O O2
 2 . . O X . X . X X
 1 . . O X1X . . . .

koPOSITIONALscoreAREAtaxNONEsui1komi1.5
Time taken: 0.515
Root visits: 10934
New playouts: 1318
NN rows: 496
NN batches: 54
NN avg batch size: 9.18519
PlayoutDoublingAdvantage: 2.75
PV: H5 pass J4 pass C3 F1
Tree:
: T -109.33c W -99.99c S  -9.23c (-10.8 L -11.1) N   10934  --  H5 pass J4 pass C3 F1
---White(^)---
H5  : T -109.29c W -99.99c S  -9.16c (-10.8 L -11.0) LCB -109.42c P 19.92% WF 16219.5 PSV   23017 N    2998  --  H5 pass J4 pass C3 F1
C3  : T -109.42c W -99.99c S  -9.30c (-10.8 L -11.0) LCB -109.60c P 17.76% WF 8512.9 PSV    8262 N    1495  --  C3 pass H5 pass C4 pass pass
C4  : T -109.39c W -99.99c S  -9.27c (-10.8 L -11.0) LCB -109.57c P 14.91% WF 7866.0 PSV    7724 N    1388  --  C4 pass H5 pass C3 pass pass
pss : T -110.74c W -100.00c S -10.72c (-11.3 L -11.4) LCB -111.13c P 16.66% WF 1434.4 PSV    1449 N     204  --  pass pass
G8  : T -109.25c W -99.97c S  -9.26c (-10.8 L -11.3) LCB -110.94c P  1.48% WF 2329.1 PSV     142 N     451  --  G8 F8 C3 G9 H5 H8 C4 F1
G1  : T -109.10c W -99.99c S  -9.05c (-10.7 L -11.1) LCB -110.70c P  1.32% WF 1758.9 PSV     137 N     319  --  G1 G2 C3 F1 H5 H1 pass
C8  : T -109.33c W -99.98c S  -9.30c (-10.9 L -11.3) LCB -111.16c P  1.48% WF 1323.6 PSV     137 N     260  --  C8 B8 C3 C9 pass D8 H5
B1  : T -109.13c W -100.00c S  -9.03c (-10.7 L -10.9) LCB -110.83c P  1.13% WF 1022.4 PSV     116 N     187  --  B1 pass H5 pass C4 pass
J4  : T -109.34c W -99.98c S  -9.30c (-10.9 L -11.2) LCB -111.42c P  1.23% WF 894.4 PSV     116 N     174  --  J4 pass J5 pass C3
J5  : T -109.17c W -99.99c S  -9.10c (-10.8 L -11.0) LCB -110.94c P  1.13% WF 1430.2 PSV     114 N     266  --  J5 pass C3 F1 C4 pass

2024-06-24 16:55:06-0400: = H5
2024-06-24 16:55:12-0400: Controller: kata-list_time_settings
2024-06-24 16:55:12-0400: = none absolute byoyomi canadian fischer fischer-capped
2024-06-24 16:55:12-0400: Controller: play black pass
2024-06-24 16:55:12-0400: = 
2024-06-24 16:55:12-0400: Controller: genmove white
2024-06-24 16:55:12-0400: MoveNum: 46 HASH: F4B47692893C537463B704F5262E6DEB
   A B C D E F G H J
 9 . X . . . . . X .
 8 X . . . . . . . X
 7 O X X X X X X X O
 6 O O O X . . X O O
 5 . . O X1X X O O2.
 4 . . . O O O O O .
 3 . . @ O X X X O O
 2 . . O X . X . X X
 1 . . O X X . . . .

koPOSITIONALscoreAREAtaxNONEsui1komi1.5
Time taken: 0.265
Root visits: 1694
New playouts: 1694
NN rows: 95
NN batches: 26
NN avg batch size: 3.65385
PlayoutDoublingAdvantage: 2.75
PV: C3 pass C4 pass pass
Tree:
: T -110.91c W -99.99c S -10.66c (-10.9 L -11.1) N    1694  --  C3 pass C4 pass pass
---White(^)---
C3  : T -111.01c W -99.99c S -10.73c (-10.9 L -11.1) LCB -111.23c P 30.71% WF 3888.6 PSV    3891 N     653  --  C3 pass C4 pass pass
C4  : T -111.01c W -99.99c S -10.74c (-10.9 L -11.1) LCB -111.25c P 21.19% WF 3243.8 PSV    2671 N     545  --  C4 pass C3 pass pass
pss : T -111.52c W -100.00c S -11.33c (-11.2 L -11.3) LCB -111.98c P 16.99% WF 926.4 PSV     868 N     138  --  pass pass
J4  : T -109.90c W -99.99c S  -9.75c (-10.6 L -11.0) LCB -113.02c P  1.12% WF 119.2 PSV      86 N      23  --  J4 pass C3 pass
F6  : T -110.14c W -100.00c S  -9.71c (-10.6 L -10.8) LCB -114.94c P  1.32% WF  78.4 PSV      71 N      15  --  F6 E6 C3 F1
B3  : T -109.73c W -100.00c S  -9.73c (-10.6 L -10.9) LCB -113.52c P  0.64% WF 100.8 PSV      70 N      18  --  B3 pass C4
J5  : T -110.05c W -99.99c S  -9.79c (-10.6 L -10.9) LCB -114.74c P  1.12% WF  79.4 PSV      68 N      15  --  J5 pass C3
E6  : T -110.28c W -100.00c S  -9.86c (-10.6 L -10.9) LCB -115.80c P  1.39% WF  75.8 PSV      64 N      14  --  E6 F6 C4 F1
B1  : T -109.95c W -100.00c S  -9.90c (-10.6 L -10.8) LCB -115.59c P  0.87% WF  70.1 PSV      61 N      13  --  B1 pass C3
J1  : T -110.13c W -99.99c S  -9.80c (-10.6 L -10.9) LCB -115.44c P  1.11% WF  73.9 PSV      60 N      14  --  J1 H1 C3

2024-06-24 16:55:12-0400: = C3
2024-06-24 16:55:15-0400: Controller: kata-list_time_settings
2024-06-24 16:55:15-0400: = none absolute byoyomi canadian fischer fischer-capped
2024-06-24 16:55:15-0400: Controller: play black pass
2024-06-24 16:55:15-0400: = 
2024-06-24 16:55:15-0400: Controller: genmove white
2024-06-24 16:55:15-0400: MoveNum: 48 HASH: AFC7C304C4B05229B7DA49BB38CA21A1
   A B C D E F G H J
 9 . X . . . . . X .
 8 X . . . . . . . X
 7 O X X X X X X X O
 6 O O O X . . X O O
 5 . . O X X X O O .
 4 . . @ O O O O O .
 3 . . O2O X X X O O
 2 . . O X . X . X X
 1 . . O X X . . . .

koPOSITIONALscoreAREAtaxNONEsui1komi1.5
Time taken: 0.125
Root visits: 710
New playouts: 710
NN rows: 35
NN batches: 11
NN avg batch size: 3.18182
PlayoutDoublingAdvantage: 2.75
PV: C4 B8 pass pass
Tree:
: T -110.49c W -99.99c S -10.25c (-10.9 L -11.1) N     710  --  C4 B8 pass pass
---White(^)---
C4  : T -110.52c W -99.99c S -10.28c (-10.9 L -11.1) LCB -110.78c P 51.19% WF 2614.9 PSV    2614 N     462  --  C4 B8 pass pass
pss : T -111.00c W -100.00c S -10.69c (-11.0 L -11.1) LCB -111.54c P 24.79% WF 730.2 PSV     638 N     116  --  pass pass
G8  : T -109.79c W -99.98c S  -9.53c (-10.6 L -11.0) LCB -122.30c P  1.47% WF  43.3 PSV      33 N       8  --  G8 H8 pass
E8  : T -109.44c W -100.00c S  -9.44c (-10.6 L -11.1) LCB -121.89c P  0.90% WF  45.2 PSV      28 N       8  --  E8 E9 pass
F8  : T -109.53c W -100.00c S  -9.45c (-10.6 L -10.9) LCB -130.51c P  0.94% WF  33.1 PSV      27 N       6  --  F8 E8 C4
C8  : T -110.15c W -99.98c S  -9.65c (-10.7 L -10.9) LCB -126.03c P  1.52% WF  37.6 PSV      26 N       7  --  C8 B8 pass
D9  : T -109.64c W -99.99c S  -9.69c (-10.7 L -10.9) LCB -130.68c P  1.03% WF  31.7 PSV      26 N       6  --  D9 E9 pass
J1  : T -109.68c W -99.99c S  -9.62c (-10.6 L -10.8) LCB -130.70c P  1.02% WF  31.5 PSV      25 N       6  --  J1 H1 pass
D8  : T -109.53c W -100.00c S  -9.51c (-10.6 L -10.9) LCB -130.51c P  0.84% WF  33.0 PSV      24 N       6  --  D8 E8 C4
F6  : T -110.01c W -100.00c S  -9.74c (-10.7 L -10.8) LCB -123.09c P  1.18% WF  44.2 PSV      22 N       8  --  F6 E6 C4 pass

2024-06-24 16:55:15-0400: = resign
2024-06-24 16:55:18-0400: Controller: quit
2024-06-24 16:55:18-0400: Quit requested by controller
2024-06-24 16:55:18-0400: = 
2024-06-24 16:55:18-0400: GPU -1 finishing, processed 107967 rows 10480 batches
2024-06-24 16:55:18-0400: All cleaned up, quitting
