2024-05-23 14:38:00+0800: Running with following config:
allowResignation = true
lagBuffer = 1.0
logAllGTPCommunication = true
logDir = gtp_logs
logSearchInfo = true
logSearchInfoForChosenMove = false
logToStderr = false
maxTime = 0.5
maxTimePondering = 60.0
numSearchThreads = 16
ogsChatToStderr = true
ponderingEnabled = true
resignConsecTurns = 3
resignThreshold = -0.90
rules = tromp-taylor
searchFactorAfterOnePass = 0.50
searchFactorAfterTwoPass = 0.25
searchFactorWhenWinning = 0.40
searchFactorWhenWinningThreshold = 0.95

2024-05-23 14:38:00+0800: GTP Engine starting...
2024-05-23 14:38:00+0800: KataGo v1.14.1
2024-05-23 14:38:00+0800: Using TrompTaylor rules initially, unless GTP/GUI overrides this
2024-05-23 14:38:00+0800: Using 16 CPU thread(s) for search
2024-05-23 14:38:00+0800: nnRandSeed0 = 1515190756226379486
2024-05-23 14:38:00+0800: After dedups: nnModelFile0 = C:\Users\chang\Downloads\KaTrain\KaTrain\katrain\models/kata1-b18c384nbt-s6582191360-d3422816034.bin.gz useFP16 auto useNHWC auto
2024-05-23 14:38:00+0800: Initializing neural net buffer to be size 19 * 19 exactly
2024-05-23 14:38:01+0800: Found OpenCL Platform 0: NVIDIA CUDA (NVIDIA Corporation) (OpenCL 3.0 CUDA 12.4.89)
2024-05-23 14:38:01+0800: Found 1 device(s) on platform 0 with type CPU or GPU or Accelerator
2024-05-23 14:38:01+0800: Found OpenCL Platform 1: Intel(R) OpenCL Graphics (Intel(R) Corporation) (OpenCL 3.0 )
2024-05-23 14:38:01+0800: Found 1 device(s) on platform 1 with type CPU or GPU or Accelerator
2024-05-23 14:38:01+0800: Found OpenCL Device 0: NVIDIA GeForce RTX 4060 Laptop GPU (NVIDIA Corporation) (score 11000300)
2024-05-23 14:38:01+0800: Found OpenCL Device 1: Intel(R) UHD Graphics (Intel(R) Corporation) (score 6000300)
2024-05-23 14:38:01+0800: Creating context for OpenCL Platform: NVIDIA CUDA (NVIDIA Corporation) (OpenCL 3.0 CUDA 12.4.89)
2024-05-23 14:38:02+0800: Using OpenCL Device 0: NVIDIA GeForce RTX 4060 Laptop GPU (NVIDIA Corporation) OpenCL 3.0 CUDA (Extensions: cl_khr_global_int32_base_atomics cl_khr_global_int32_extended_atomics cl_khr_local_int32_base_atomics cl_khr_local_int32_extended_atomics cl_khr_fp64 cl_khr_3d_image_writes cl_khr_byte_addressable_store cl_khr_icd cl_khr_gl_sharing cl_nv_compiler_options cl_nv_device_attribute_query cl_nv_pragma_unroll cl_nv_d3d10_sharing cl_khr_d3d10_sharing cl_nv_d3d11_sharing cl_nv_copy_opts cl_nv_create_buffer cl_khr_int64_base_atomics cl_khr_int64_extended_atomics cl_khr_device_uuid cl_khr_pci_bus_info cl_khr_external_semaphore cl_khr_external_memory cl_khr_external_semaphore_win32 cl_khr_external_memory_win32)
2024-05-23 14:38:02+0800: Loaded tuning parameters from: C:\Users\chang\Downloads\katago-v1.14.1-opencl-windows-x64/KataGoData/opencltuning/tune11_gpuNVIDIAGeForceRTX4060LaptopGPU_x19_y19_c384_mv14.txt
2024-05-23 14:38:02+0800: OpenCL backend thread 0: Model version 14
2024-05-23 14:38:02+0800: OpenCL backend thread 0: Model name: kata1-b18c384nbt-s6582191360-d3422816034
2024-05-23 14:38:03+0800: OpenCL backend thread 0: FP16Storage true FP16Compute false FP16TensorCores true FP16TensorCoresFor1x1 false
2024-05-23 14:38:03+0800: Loaded neural net with nnXLen 19 nnYLen 19
2024-05-23 14:38:03+0800: Initializing board with boardXSize 19 boardYSize 19
2024-05-23 14:38:03+0800: Loaded config C:/Users/chang/Downloads/katago-v1.14.1-opencl-windows-x64/lizgoban.cfg
2024-05-23 14:38:03+0800: Loaded model C:\Users\chang\Downloads\KaTrain\KaTrain\katrain\models/kata1-b18c384nbt-s6582191360-d3422816034.bin.gz
2024-05-23 14:38:03+0800: Model name: kata1-b18c384nbt-s6582191360-d3422816034
2024-05-23 14:38:03+0800: GTP ready, beginning main protocol loop
2024-05-23 14:38:03+0800: Controller: list_commands
2024-05-23 14:38:03+0800: = protocol_version
name
version
known_command
list_commands
quit
boardsize
rectangular_boardsize
clear_board
set_position
komi
get_komi
play
undo
kata-get-rules
kata-set-rule
kata-set-rules
kata-get-param
kata-set-param
kata-list-params
kgs-rules
genmove
genmove_debug
search_debug
clear_cache
showboard
fixed_handicap
place_free_handicap
set_free_handicap
time_settings
kgs-time_settings
time_left
kata-list_time_settings
kata-time_settings
final_score
final_status_list
loadsgf
printsgf
lz-genmove_analyze
kata-genmove_analyze
lz-analyze
kata-analyze
kata-raw-nn
cputime
gomill-cpu_time
kata-benchmark
kata-debug-print-tc
debug_moves
stop
2024-05-23 14:38:03+0800: Controller: boardsize 13
2024-05-23 14:38:03+0800: GPU -1 finishing, processed 0 rows 0 batches
2024-05-23 14:38:03+0800: Cleaned up old neural net and bot
2024-05-23 14:38:03+0800: nnRandSeed0 = 983221184471184210
2024-05-23 14:38:03+0800: After dedups: nnModelFile0 = C:\Users\chang\Downloads\KaTrain\KaTrain\katrain\models/kata1-b18c384nbt-s6582191360-d3422816034.bin.gz useFP16 auto useNHWC auto
2024-05-23 14:38:03+0800: Initializing neural net buffer to be size 13 * 13 exactly
2024-05-23 14:38:04+0800: Found OpenCL Platform 0: NVIDIA CUDA (NVIDIA Corporation) (OpenCL 3.0 CUDA 12.4.89)
2024-05-23 14:38:04+0800: Found 1 device(s) on platform 0 with type CPU or GPU or Accelerator
2024-05-23 14:38:04+0800: Found OpenCL Platform 1: Intel(R) OpenCL Graphics (Intel(R) Corporation) (OpenCL 3.0 )
2024-05-23 14:38:04+0800: Found 1 device(s) on platform 1 with type CPU or GPU or Accelerator
2024-05-23 14:38:04+0800: Found OpenCL Device 0: NVIDIA GeForce RTX 4060 Laptop GPU (NVIDIA Corporation) (score 11000300)
2024-05-23 14:38:04+0800: Found OpenCL Device 1: Intel(R) UHD Graphics (Intel(R) Corporation) (score 6000300)
2024-05-23 14:38:04+0800: Creating context for OpenCL Platform: NVIDIA CUDA (NVIDIA Corporation) (OpenCL 3.0 CUDA 12.4.89)
2024-05-23 14:38:04+0800: Using OpenCL Device 0: NVIDIA GeForce RTX 4060 Laptop GPU (NVIDIA Corporation) OpenCL 3.0 CUDA (Extensions: cl_khr_global_int32_base_atomics cl_khr_global_int32_extended_atomics cl_khr_local_int32_base_atomics cl_khr_local_int32_extended_atomics cl_khr_fp64 cl_khr_3d_image_writes cl_khr_byte_addressable_store cl_khr_icd cl_khr_gl_sharing cl_nv_compiler_options cl_nv_device_attribute_query cl_nv_pragma_unroll cl_nv_d3d10_sharing cl_khr_d3d10_sharing cl_nv_d3d11_sharing cl_nv_copy_opts cl_nv_create_buffer cl_khr_int64_base_atomics cl_khr_int64_extended_atomics cl_khr_device_uuid cl_khr_pci_bus_info cl_khr_external_semaphore cl_khr_external_memory cl_khr_external_semaphore_win32 cl_khr_external_memory_win32)
2024-05-23 14:38:04+0800: Loaded tuning parameters from: C:\Users\chang\Downloads\katago-v1.14.1-opencl-windows-x64/KataGoData/opencltuning/tune11_gpuNVIDIAGeForceRTX4060LaptopGPU_x19_y19_c384_mv14.txt
2024-05-23 14:38:04+0800: OpenCL backend thread 0: Model version 14
2024-05-23 14:38:04+0800: OpenCL backend thread 0: Model name: kata1-b18c384nbt-s6582191360-d3422816034
2024-05-23 14:38:05+0800: OpenCL backend thread 0: FP16Storage true FP16Compute false FP16TensorCores true FP16TensorCoresFor1x1 false
2024-05-23 14:38:05+0800: Loaded neural net with nnXLen 13 nnYLen 13
2024-05-23 14:38:05+0800: Initializing board with boardXSize 13 boardYSize 13
2024-05-23 14:38:05+0800: = 
2024-05-23 14:38:05+0800: Controller: clear_board
2024-05-23 14:38:05+0800: = 
2024-05-23 14:38:05+0800: Controller: komi 3.5
2024-05-23 14:38:05+0800: = 
2024-05-23 14:38:05+0800: Controller: set_free_handicap d10 k4
2024-05-23 14:38:05+0800: = 
2024-05-23 14:38:05+0800: Controller: genmove white
2024-05-23 14:38:06+0800: MoveNum: 0 HASH: 31B9DFF76AEE428397684D0326A859F5
   A B C D E F G H J K L M N
13 . . . . . . . . . . . . .
12 . . . . . . . . . . . . .
11 . . . . . . . . . . . . .
10 . . . X . . . . . . . . .
 9 . . . . . . . . . . . . .
 8 . . . . . . . . . . . . .
 7 . . . . . . . . . . . . .
 6 . . . . . . . . . . . . .
 5 . . . . . . . . . . . . .
 4 . . . @ . . . . . X . . .
 3 . . . . . . . . . . . . .
 2 . . . . . . . . . . . . .
 1 . . . . . . . . . . . . .

koPOSITIONALscoreAREAtaxNONEsui1komi3.5
Time taken: 0.5
Root visits: 419
New playouts: 419
NN rows: 400
NN batches: 39
NN avg batch size: 10.2564
PlayoutDoublingAdvantage: 1.25
PV: C11 K10 D11 C4 L3 K3
Tree:
: T -107.08c W -99.70c S  -7.39c (-16.2 L -14.9) N     419  --  C11 K10 D11 C4 L3 K3
---White(^)---
C11 : T -106.79c W -99.73c S  -7.12c (-15.9 L -14.7) LCB -107.06c P 13.77% WF 861.1 PSV    1045 N     191  --  C11 K10 D11 C4 L3 K3
D4  : T -106.97c W -99.68c S  -7.29c (-16.1 L -14.9) LCB -107.27c P 12.88% WF 672.2 PSV     473 N     147  --  D4 L10 J11 F11 K9 L9 K8
C4  : T -107.48c W -99.72c S  -7.76c (-16.4 L -15.2) LCB -110.71c P  1.32% WF  70.4 PSV      22 N      15  --  C4 K11 L9 L6
C10 : T -107.27c W -99.67c S  -7.59c (-16.3 L -15.1) LCB -108.85c P  0.85% WF 104.4 PSV      18 N      23  --  C10 C11 C9 D9 B11
C8  : T -108.00c W -99.69c S  -8.13c (-16.7 L -15.4) LCB -116.76c P  0.93% WF  42.9 PSV      10 N       9  --  C8 C4 K10 E4
D5  : T -108.41c W -99.70c S  -8.45c (-16.9 L -15.5) LCB -136.31c P  0.49% WF  24.2 PSV       4 N       5  --  D5 K11 L9
C3  : T -108.44c W -99.80c S  -8.65c (-17.0 L -15.5) LCB -257.38c P  0.60% WF   9.2 PSV       4 N       2  --  C3 L10
E9  : T -108.12c W -99.70c S  -8.37c (-16.8 L -15.6) LCB -127.70c P  0.34% WF  27.6 PSV       3 N       6  --  E9 E10 D4
D9  : T -108.20c W -99.68c S  -8.50c (-17.0 L -15.6) LCB -151.75c P  0.36% WF  17.9 PSV       3 N       4  --  D9 C9 K10
C7  : T -108.76c W -99.66c S  -8.76c (-17.2 L -15.9) LCB -182.84c P  0.52% WF  14.9 PSV       3 N       3  --  C7 C4 K10

2024-05-23 14:38:06+0800: = D4
2024-05-23 14:38:08+0800: Controller: kata-list_time_settings
2024-05-23 14:38:08+0800: = none absolute byoyomi canadian fischer fischer-capped
2024-05-23 14:38:08+0800: Controller: play black l10
2024-05-23 14:38:08+0800: = 
2024-05-23 14:38:08+0800: Controller: genmove white
2024-05-23 14:38:08+0800: MoveNum: 2 HASH: 8E15E0EA4C890D9F79FB6E818D2C9861
   A B C D E F G H J K L M N
13 . . . . . . . . . . . . .
12 . . . . . . . . . . . . .
11 . . . . . . . . @ . . . .
10 . . . X . . . . . . X2. .
 9 . . . . . . . . . . . . .
 8 . . . . . . . . . . . . .
 7 . . . . . . . . . . . . .
 6 . . . . . . . . . . . . .
 5 . . . . . . . . . . . . .
 4 . . . O1. . . . . X . . .
 3 . . . . . . . . . . . . .
 2 . . . . . . . . . . . . .
 1 . . . . . . . . . . . . .

koPOSITIONALscoreAREAtaxNONEsui1komi3.5
Time taken: 0.547
Root visits: 1853
New playouts: 482
NN rows: 456
NN batches: 38
NN avg batch size: 12
PlayoutDoublingAdvantage: 1.25
PV: J11 K11 K9 K10 J10 J9 L9 K12 J12
Tree:
: T -107.08c W -99.64c S  -7.45c (-16.1 L -15.1) N    1853  --  J11 K11 K9 K10 J10 J9 L9
---White(^)---
J11 : T -106.78c W -99.63c S  -7.16c (-15.9 L -14.9) LCB -106.92c P 28.30% WF 6119.7 PSV    6101 N    1378  --  J11 K11 K9 K10 J10 J9 L9 K12
J10 : T -107.51c W -99.66c S  -7.84c (-16.4 L -15.3) LCB -107.84c P 14.59% WF 672.1 PSV     622 N     149  --  J10 J11 H11 K11 D11 E11 E10
C8  : T -107.63c W -99.69c S  -7.94c (-16.4 L -15.3) LCB -108.24c P  5.26% WF 214.3 PSV     200 N      46  --  C8 J10 H10 H11 G11
H3  : T -107.73c W -99.71c S  -8.03c (-16.5 L -15.3) LCB -108.40c P  5.50% WF 201.7 PSV     190 N      44  --  H3 J10 C7 H4 G4
D11 : T -107.24c W -99.68c S  -7.57c (-16.2 L -15.1) LCB -108.11c P  2.57% WF 191.2 PSV     156 N      43  --  D11 E11 C11 E10 B9 J10 M10
C7  : T -107.80c W -99.66c S  -8.12c (-16.5 L -15.5) LCB -108.99c P  3.17% WF 116.7 PSV     103 N      24  --  C7 J10 H3 H4 G4
K10 : T -107.83c W -99.69c S  -8.17c (-16.6 L -15.5) LCB -109.81c P  2.33% WF  84.9 PSV      73 N      19  --  K10 K11 L9 L11
H4  : T -107.80c W -99.67c S  -8.05c (-16.5 L -15.5) LCB -110.82c P  1.83% WF  72.0 PSV      59 N      15  --  H4 K6 J11 F11 C7
G3  : T -108.28c W -99.64c S  -8.64c (-16.9 L -15.9) LCB -115.83c P  1.64% WF  44.5 PSV      38 N       9  --  G3 J10 K11
H10 : T -107.76c W -99.67c S  -8.26c (-16.7 L -15.6) LCB -122.16c P  0.90% WF  33.0 PSV      30 N       7  --  H10 K8 D11

2024-05-23 14:38:08+0800: = J11
2024-05-23 14:38:11+0800: Controller: kata-list_time_settings
2024-05-23 14:38:11+0800: = none absolute byoyomi canadian fischer fischer-capped
2024-05-23 14:38:11+0800: Controller: play black l6
2024-05-23 14:38:11+0800: = 
2024-05-23 14:38:11+0800: Controller: genmove white
2024-05-23 14:38:12+0800: MoveNum: 4 HASH: 30BCD54622C0271C9C78CFCBC9355936
   A B C D E F G H J K L M N
13 . . . . . . . . . . . . .
12 . . . . . . . . . . . . .
11 . . . . . . . . O2. . . .
10 . . . X . . . . . . X1. .
 9 . . . . . . . . . @ . . .
 8 . . . . . . . . . . . . .
 7 . . . . . . . . . . . . .
 6 . . . . . . . . . . X3. .
 5 . . . . . . . . . . . . .
 4 . . . O . . . . . X . . .
 3 . . . . . . . . . . . . .
 2 . . . . . . . . . . . . .
 1 . . . . . . . . . . . . .

koPOSITIONALscoreAREAtaxNONEsui1komi3.5
Time taken: 0.5
Root visits: 437
New playouts: 434
NN rows: 414
NN batches: 35
NN avg batch size: 11.8286
PlayoutDoublingAdvantage: 1.25
PV: K9 K10 J10 J9 K8 H9 F11 J7 L12
Tree:
: T -106.10c W -99.49c S  -6.65c (-14.4 L -13.4) N     437  --  K9 K10 J10 J9 K8 H9 F11
---White(^)---
K9  : T -105.83c W -99.45c S  -6.40c (-14.2 L -13.3) LCB -106.32c P 30.13% WF 933.9 PSV     953 N     232  --  K9 K10 J10 J9 K8 H9 F11 J7
D11 : T -106.07c W -99.52c S  -6.65c (-14.4 L -13.4) LCB -106.56c P 24.57% WF 591.0 PSV     514 N     143  --  D11 E11 C11 C10 E12 F12 F11 E10
F11 : T -106.69c W -99.57c S  -7.16c (-14.6 L -13.6) LCB -107.53c P 10.70% WF 158.4 PSV     122 N      36  --  F11 C4 C3 C5 D5 C6
C8  : T -107.31c W -99.56c S  -7.89c (-15.2 L -14.1) LCB -150.51c P  1.92% WF  18.8 PSV      15 N       4  --  C8 F11 F3
F10 : T -107.22c W -99.59c S  -7.53c (-14.9 L -13.7) LCB -150.60c P  1.85% WF  17.5 PSV      15 N       4  --  F10 F11
C11 : T -108.09c W -99.59c S  -8.14c (-15.3 L -14.2) LCB -257.24c P  1.55% WF   8.8 PSV       8 N       2  --  C11 D11
C7  : T -108.08c W -99.52c S  -8.24c (-15.4 L -14.3) LCB -258.05c P  1.21% WF   9.4 PSV       6 N       2  --  C7 F11
G11 : T -107.79c W -99.55c S  -8.02c (-15.3 L -14.1) LCB -258.86c P  0.85% WF   9.4 PSV       5 N       2  --  G11 C4
E12 : T -107.70c W -99.57c S  -7.88c (-15.2 L -14.2) LCB -258.15c P  0.81% WF   9.2 PSV       5 N       2  --  E12 F11
C6  : T -107.03c W -99.37c S  -7.66c (-15.0 L -14.2) LCB -457.03c P  0.62% WF   5.1 PSV       5 N       1  --  C6

2024-05-23 14:38:12+0800: = K9
2024-05-23 14:38:14+0800: Controller: kata-list_time_settings
2024-05-23 14:38:14+0800: = none absolute byoyomi canadian fischer fischer-capped
2024-05-23 14:38:14+0800: Controller: play black k11
2024-05-23 14:38:14+0800: = 
2024-05-23 14:38:14+0800: Controller: genmove white
2024-05-23 14:38:15+0800: MoveNum: 6 HASH: D1769859C20E76F62CE68392E5F7BF37
   A B C D E F G H J K L M N
13 . . . . . . . . . . . . .
12 . . . . . . . . . @ . . .
11 . . . . . . . . O X3. . .
10 . . . X . . . . . . X . .
 9 . . . . . . . . . O2. . .
 8 . . . . . . . . . . . . .
 7 . . . . . . . . . . . . .
 6 . . . . . . . . . . X1. .
 5 . . . . . . . . . . . . .
 4 . . . O . . . . . X . . .
 3 . . . . . . . . . . . . .
 2 . . . . . . . . . . . . .
 1 . . . . . . . . . . . . .

koPOSITIONALscoreAREAtaxNONEsui1komi3.5
Time taken: 0.515
Root visits: 666
New playouts: 436
NN rows: 417
NN batches: 32
NN avg batch size: 13.0312
PlayoutDoublingAdvantage: 1.25
PV: K12 L12 K10 L11 H12 M8 L8 H10 G10 J10
Tree:
: T -105.74c W -99.37c S  -6.39c (-13.7 L -12.8) N     666  --  K12 L12 K10 L11 H12 M8 L8
---White(^)---
K12 : T -105.32c W -99.33c S  -6.02c (-13.4 L -12.5) LCB -105.70c P 29.95% WF 2133.8 PSV    2127 N     553  --  K12 L12 K10 L11 H12 M8 L8 H10
J12 : T -107.01c W -99.50c S  -7.49c (-14.4 L -13.4) LCB -108.07c P 14.17% WF 148.5 PSV     143 N      35  --  J12 L9 K8 L8 K6 F11 L5
K10 : T -106.91c W -99.47c S  -7.36c (-14.3 L -13.3) LCB -108.59c P  9.11% WF 109.3 PSV      97 N      27  --  K10 L11 F11 J12 H11 H12
D11 : T -107.91c W -99.56c S  -8.39c (-15.1 L -14.1) LCB -110.35c P 10.41% WF  75.1 PSV      72 N      18  --  D11 E11 K12 J10
H12 : T -108.99c W -99.58c S  -9.14c (-15.7 L -14.7) LCB -118.11c P  6.58% WF  40.5 PSV      33 N       9  --  H12 K12 L9 K10 D11
L9  : T -108.85c W -99.65c S  -9.27c (-15.8 L -14.6) LCB -151.76c P  3.12% WF  17.2 PSV      16 N       4  --  L9 J12 H11 H12
C8  : T -107.68c W -99.53c S  -8.30c (-15.0 L -14.1) LCB -150.62c P  1.85% WF  17.8 PSV      13 N       4  --  C8 J12 H12
F11 : T -108.58c W -99.63c S  -8.84c (-15.4 L -14.2) LCB -257.77c P  1.33% WF   8.8 PSV       7 N       2  --  F11 J12
L7  : T -109.35c W -99.65c S  -9.32c (-15.8 L -14.7) LCB -259.07c P  1.41% WF   8.6 PSV       6 N       2  --  L7 K7
C7  : T -108.54c W -99.59c S  -8.71c (-15.3 L -14.2) LCB -257.50c P  0.78% WF   8.9 PSV       4 N       2  --  C7 J12

2024-05-23 14:38:15+0800: = K12
2024-05-23 14:38:18+0800: Controller: kata-list_time_settings
2024-05-23 14:38:18+0800: = none absolute byoyomi canadian fischer fischer-capped
2024-05-23 14:38:18+0800: Controller: play black j10
2024-05-23 14:38:18+0800: = 
2024-05-23 14:38:18+0800: Controller: genmove white
2024-05-23 14:38:18+0800: MoveNum: 8 HASH: 1DBBECE62415E1E2E053A21B7C6A235B
   A B C D E F G H J K L M N
13 . . . . . . . . . . . . .
12 . . . . . . . . . O2. . .
11 . . . . . . . . O X1. . .
10 . . . X . . . . X3@ X . .
 9 . . . . . . . . . O . . .
 8 . . . . . . . . . . . . .
 7 . . . . . . . . . . . . .
 6 . . . . . . . . . . X . .
 5 . . . . . . . . . . . . .
 4 . . . O . . . . . X . . .
 3 . . . . . . . . . . . . .
 2 . . . . . . . . . . . . .
 1 . . . . . . . . . . . . .

koPOSITIONALscoreAREAtaxNONEsui1komi3.5
Time taken: 0.5
Root visits: 1037
New playouts: 459
NN rows: 418
NN batches: 30
NN avg batch size: 13.9333
PlayoutDoublingAdvantage: 1.25
PV: K10 L11 H11 H9 E11 D11 L9 L12 E10 D9 J12 M9
Tree:
: T -105.28c W -99.19c S  -6.12c (-13.4 L -12.6) N    1037  --  K10 L11 H11 H9 E11 D11 L9
---White(^)---
K10 : T -105.10c W -99.17c S  -5.95c (-13.2 L -12.4) LCB -105.49c P 68.62% WF 3548.6 PSV    3545 N    1012  --  K10 L11 H11 H9 E11 D11 L9 L12
H10 : T -110.89c W -99.64c S -11.04c (-16.8 L -15.8) LCB -130.87c P  6.23% WF  26.6 PSV      25 N       6  --  H10 K10 H12
K5  : T -111.67c W -99.62c S -11.91c (-17.6 L -16.7) LCB -134.74c P  5.69% WF  22.4 PSV      21 N       5  --  K5 H11 J12
H11 : T -108.51c W -99.61c S  -9.14c (-15.3 L -14.4) LCB -155.49c P  2.59% WF  17.1 PSV      17 N       4  --  H11 K10 L12
L5  : T -111.27c W -99.68c S -11.61c (-17.3 L -16.2) LCB -260.80c P  2.20% WF   8.9 PSV       8 N       2  --  L5 H11
H12 : T -112.63c W -99.64c S -12.99c (-18.3 L -17.3) LCB -462.63c P  1.29% WF   4.8 PSV       4 N       1  --  H12
K3  : T -112.67c W -99.56c S -13.11c (-18.4 L -17.4) LCB -462.67c P  0.68% WF   5.0 PSV       2 N       1  --  K3
L4  : T -113.36c W -99.63c S -13.73c (-19.0 L -18.0) LCB -463.36c P  0.64% WF   5.1 PSV       1 N       1  --  L4
J4  : T -112.35c W -99.60c S -12.75c (-18.1 L -17.0) LCB -462.35c P  0.53% WF   4.8 PSV       1 N       1  --  J4
D11 : T -113.23c W -99.62c S -13.61c (-18.8 L -17.8) LCB -463.23c P  0.51% WF   5.1 PSV       1 N       1  --  D11

2024-05-23 14:38:18+0800: = K10
2024-05-23 14:38:21+0800: Controller: kata-list_time_settings
2024-05-23 14:38:21+0800: = none absolute byoyomi canadian fischer fischer-capped
2024-05-23 14:38:21+0800: Controller: play black l11
2024-05-23 14:38:21+0800: = 
2024-05-23 14:38:21+0800: Controller: genmove white
2024-05-23 14:38:22+0800: MoveNum: 10 HASH: E1A8A6EEB3BD1DF33B2375627CC2361E
   A B C D E F G H J K L M N
13 . . . . . . . . . . . . .
12 . . . . . . . . . O . . .
11 . . . . . . . @ O X X3. .
10 . . . X . . . . X1O2X . .
 9 . . . . . . . . . O . . .
 8 . . . . . . . . . . . . .
 7 . . . . . . . . . . . . .
 6 . . . . . . . . . . X . .
 5 . . . . . . . . . . . . .
 4 . . . O . . . . . X . . .
 3 . . . . . . . . . . . . .
 2 . . . . . . . . . . . . .
 1 . . . . . . . . . . . . .

koPOSITIONALscoreAREAtaxNONEsui1komi3.5
Time taken: 0.531
Root visits: 4343
New playouts: 528
NN rows: 444
NN batches: 35
NN avg batch size: 12.6857
PlayoutDoublingAdvantage: 1.25
PV: H11 C4 C3 C5 D3 L12 L9 J8 K7
Tree:
: T -105.11c W -99.13c S  -6.03c (-12.9 L -12.1) N    4343  --  H11 C4 C3 C5 D3 L12 L9
---White(^)---
H11 : T -104.89c W -99.12c S  -5.82c (-12.8 L -12.0) LCB -105.13c P 46.04% WF 13468.1 PSV   13435 N    3831  --  H11 C4 C3 C5 D3 L12 L9 J8
H12 : T -106.04c W -99.08c S  -7.01c (-13.7 L -12.9) LCB -106.73c P 26.98% WF 1348.4 PSV    1334 N     411  --  H12 H11 J12 L9 K8 L8 H10 C7
J12 : T -107.92c W -99.43c S  -8.69c (-14.8 L -13.9) LCB -109.43c P  5.14% WF 108.3 PSV     107 N      28  --  J12 L9 K8 L8 H10
L12 : T -109.53c W -99.48c S  -9.98c (-15.9 L -15.2) LCB -113.50c P  6.76% WF 104.4 PSV      94 N      29  --  L12 J12 H11 H12 G11 G12 M11 M10
H10 : T -108.63c W -99.54c S  -9.08c (-15.0 L -14.0) LCB -112.52c P  4.85% WF  83.4 PSV      83 N      21  --  H10 J12 H11 H12 G12 L12 F11 C7
L9  : T -109.71c W -99.49c S  -9.83c (-15.7 L -14.7) LCB -117.61c P  3.09% WF  40.7 PSV      41 N      11  --  L9 J12 H11 H12 G11 H9
K5  : T -111.68c W -99.52c S -12.16c (-17.4 L -16.5) LCB -461.68c P  0.38% WF   4.8 PSV       3 N       1  --  K5
L5  : T -111.71c W -99.51c S -12.20c (-17.4 L -16.5) LCB -461.71c P  0.28% WF   4.8 PSV       2 N       1  --  L5
F11 : T -111.70c W -99.56c S -12.14c (-17.4 L -16.5) LCB -461.70c P  0.25% WF   4.5 PSV       2 N       1  --  F11
J9  : T -112.32c W -99.62c S -12.70c (-17.9 L -16.9) LCB -462.32c P  0.23% WF   4.5 PSV       2 N       1  --  J9

2024-05-23 14:38:22+0800: = H11
2024-05-23 14:38:25+0800: Controller: kata-list_time_settings
2024-05-23 14:38:25+0800: = none absolute byoyomi canadian fischer fischer-capped
2024-05-23 14:38:25+0800: Controller: play black m8
2024-05-23 14:38:25+0800: = 
2024-05-23 14:38:25+0800: Controller: genmove white
2024-05-23 14:38:25+0800: MoveNum: 12 HASH: 246B1ED3B9CB2549564EE7FF0E59BC5A
   A B C D E F G H J K L M N
13 . . . . . . . . . . . . .
12 . . . . . . . . . O . . .
11 . . . . . . . O2O X X1. .
10 . . . X . . . . X O X . .
 9 . . . . . . . . . O . . .
 8 . . . . . . . . . . . X3.
 7 . . @ . . . . . . . . . .
 6 . . . . . . . . . . X . .
 5 . . . . . . . . . . . . .
 4 . . . O . . . . . X . . .
 3 . . . . . . . . . . . . .
 2 . . . . . . . . . . . . .
 1 . . . . . . . . . . . . .

koPOSITIONALscoreAREAtaxNONEsui1komi3.5
Time taken: 0.531
Root visits: 720
New playouts: 472
NN rows: 436
NN batches: 34
NN avg batch size: 12.8235
PlayoutDoublingAdvantage: 1.25
PV: C7 F11 B10 J9 F10 G10 G11 F9
Tree:
: T -105.00c W -99.21c S  -5.75c (-12.2 L -11.4) N     720  --  C7 F11 B10 J9 F10 G10 G11
---White(^)---
C7  : T -104.65c W -99.17c S  -5.45c (-12.0 L -11.2) LCB -105.11c P 20.26% WF 743.5 PSV    1987 N     198  --  C7 F11 B10 J9 F10 G10 G11 F9
C10 : T -105.03c W -99.19c S  -5.77c (-12.2 L -11.4) LCB -105.73c P 23.47% WF 772.1 PSV     773 N     219  --  C10 C9 C11 D11 B9 B8 C8 D9
C8  : T -105.01c W -99.25c S  -5.79c (-12.2 L -11.5) LCB -105.58c P  9.78% WF 301.9 PSV     303 N      78  --  C8 C9 D8 F11 F3
C6  : T -104.60c W -99.21c S  -5.38c (-11.9 L -11.2) LCB -105.17c P  3.81% WF 297.1 PSV     297 N      73  --  C6 F11 H9 E2 D2
C11 : T -104.88c W -99.20c S  -5.72c (-12.2 L -11.4) LCB -106.04c P  4.08% WF 202.6 PSV     176 N      59  --  C11 C10 D11 E10 E11 F11 F12
E12 : T -105.67c W -99.28c S  -6.43c (-12.6 L -11.8) LCB -107.72c P  4.67% WF  79.5 PSV      74 N      19  --  E12 E11 F12 C6
K5  : T -105.88c W -99.27c S  -6.49c (-12.7 L -12.0) LCB -110.89c P  3.14% WF  49.1 PSV      42 N      12  --  K5 J5 C10 C11
B9  : T -105.08c W -99.19c S  -5.94c (-12.3 L -11.6) LCB -110.97c P  1.21% WF  43.3 PSV      36 N      11  --  B9 C8 C9
L8  : T -106.45c W -99.31c S  -7.13c (-13.2 L -12.3) LCB -126.15c P  2.36% WF  22.2 PSV      23 N       6  --  L8 J8 J9
J2  : T -105.35c W -99.29c S  -5.99c (-12.3 L -11.4) LCB -133.53c P  0.92% WF  20.3 PSV      19 N       5  --  J2 F11 H9

2024-05-23 14:38:25+0800: = C7
2024-05-23 14:38:28+0800: Controller: kata-list_time_settings
2024-05-23 14:38:28+0800: = none absolute byoyomi canadian fischer fischer-capped
2024-05-23 14:38:28+0800: Controller: play black f11
2024-05-23 14:38:28+0800: = 
2024-05-23 14:38:28+0800: Controller: genmove white
2024-05-23 14:38:29+0800: MoveNum: 14 HASH: 13EC74BF613496BC38C0E2742C1C4D93
   A B C D E F G H J K L M N
13 . . . . . . . . . . . . .
12 . . . . . . . . . O . . .
11 . . . . . X3. O O X X . .
10 . @ . X . . . . X O X . .
 9 . . . . . . . . . O . . .
 8 . . . . . . . . . . . X1.
 7 . . O2. . . . . . . . . .
 6 . . . . . . . . . . X . .
 5 . . . . . . . . . . . . .
 4 . . . O . . . . . X . . .
 3 . . . . . . . . . . . . .
 2 . . . . . . . . . . . . .
 1 . . . . . . . . . . . . .

koPOSITIONALscoreAREAtaxNONEsui1komi3.5
Time taken: 0.532
Root visits: 2305
New playouts: 479
NN rows: 456
NN batches: 37
NN avg batch size: 12.3243
PlayoutDoublingAdvantage: 1.25
PV: B10 D7 D8 E8 E9 D9 C8 E7 H9 F9
Tree:
: T -104.84c W -99.11c S  -5.77c (-12.2 L -11.6) N    2305  --  B10 D7 D8 E8 E9 D9 C8
---White(^)---
B10 : T -104.57c W -99.02c S  -5.61c (-12.2 L -11.6) LCB -104.90c P 27.44% WF 4483.0 PSV    5589 N    1383  --  B10 D7 D8 E8 E9 D9 C8 E7
H9  : T -105.23c W -99.27c S  -5.92c (-12.2 L -11.5) LCB -105.59c P 27.62% WF 1414.2 PSV    1259 N     362  --  H9 C9 J2 K2 D12 E12 D11 E10
F10 : T -104.36c W -99.14c S  -5.33c (-11.9 L -11.2) LCB -104.95c P  5.73% WF 1236.6 PSV    1231 N     357  --  F10 E10 F9 B9 F12 G11 G12
L12 : T -105.66c W -99.26c S  -6.43c (-12.6 L -11.8) LCB -106.46c P  6.16% WF 200.4 PSV     189 N      51  --  L12 D3 C3 E3 E4 C2 F4
G9  : T -105.59c W -99.22c S  -6.32c (-12.5 L -11.9) LCB -106.67c P  4.18% WF 148.5 PSV     136 N      40  --  G9 J9 E11 E10 F12 E12
D12 : T -107.29c W -99.34c S  -7.90c (-13.7 L -12.9) LCB -108.38c P  9.25% WF 192.5 PSV     129 N      51  --  D12 G12 F10 G10 G11 H10
K5  : T -106.17c W -99.33c S  -6.98c (-13.1 L -12.4) LCB -117.25c P  1.33% WF  31.5 PSV      29 N       8  --  K5 J9 K8
H3  : T -106.19c W -99.34c S  -6.84c (-12.9 L -12.2) LCB -117.30c P  1.31% WF  31.3 PSV      29 N       8  --  H3 J9 L12
J2  : T -106.34c W -99.39c S  -7.16c (-13.1 L -12.3) LCB -134.58c P  1.00% WF  20.5 PSV      20 N       5  --  J2 J9 L12
K8  : T -106.40c W -99.37c S  -7.01c (-13.1 L -12.4) LCB -149.44c P  0.73% WF  15.2 PSV      14 N       4  --  K8 H9 L12

2024-05-23 14:38:29+0800: = B10
2024-05-23 14:38:31+0800: Controller: kata-list_time_settings
2024-05-23 14:38:31+0800: = none absolute byoyomi canadian fischer fischer-capped
2024-05-23 14:38:31+0800: Controller: play black d5
2024-05-23 14:38:31+0800: = 
2024-05-23 14:38:31+0800: Controller: genmove white
2024-05-23 14:38:32+0800: MoveNum: 16 HASH: 8608FF03646779CEC2230E8EBCF64EBF
   A B C D E F G H J K L M N
13 . . . . . . . . . . . . .
12 . . . . . . . . . O . . .
11 . . . . . X1. O O X X . .
10 . O2. X . . . . X O X . .
 9 . . . . . . . . . O . . .
 8 . . . . . . . . . . . X .
 7 . . O . . . . . . . . . .
 6 . . . . . . . . . . X . .
 5 . . @ X3. . . . . . . . .
 4 . . . O . . . . . X . . .
 3 . . . . . . . . . . . . .
 2 . . . . . . . . . . . . .
 1 . . . . . . . . . . . . .

koPOSITIONALscoreAREAtaxNONEsui1komi3.5
Time taken: 0.516
Root visits: 456
New playouts: 449
NN rows: 430
NN batches: 34
NN avg batch size: 12.6471
PlayoutDoublingAdvantage: 1.25
PV: C5 B9 C9 C10 B11 H9 L12
Tree:
: T -103.68c W -98.79c S  -4.93c (-11.0 L -10.4) N     456  --  C5 B9 C9 C10 B11 H9 L12
---White(^)---
C5  : T -103.29c W -98.72c S  -4.63c (-10.8 L -10.2) LCB -103.83c P 44.51% WF 1068.0 PSV    1065 N     353  --  C5 B9 C9 C10 B11 H9 L12
E5  : T -104.13c W -98.88c S  -5.35c (-11.3 L -10.7) LCB -104.88c P 14.76% WF 184.0 PSV     143 N      59  --  E5 D6 C4 C9 H9
H9  : T -105.73c W -99.16c S  -6.48c (-12.0 L -11.2) LCB -107.85c P 13.55% WF  78.9 PSV      61 N      22  --  H9 C4 C3 B5 E5
D6  : T -105.82c W -99.20c S  -6.50c (-12.1 L -11.5) LCB -114.63c P  6.34% WF  32.3 PSV      28 N       9  --  D6 B9 E5
C4  : T -105.66c W -99.16c S  -6.56c (-12.1 L -11.3) LCB -133.59c P  3.06% WF  17.8 PSV      14 N       5  --  C4 J9
G9  : T -105.74c W -99.10c S  -6.60c (-12.1 L -11.3) LCB -148.55c P  2.84% WF  14.2 PSV      12 N       4  --  G9 C4
E4  : T -106.46c W -99.26c S  -7.25c (-12.6 L -11.8) LCB -181.53c P  2.10% WF  11.0 PSV       7 N       3  --  E4 C9

2024-05-23 14:38:32+0800: = C5
2024-05-23 14:38:35+0800: Controller: kata-list_time_settings
2024-05-23 14:38:35+0800: = none absolute byoyomi canadian fischer fischer-capped
2024-05-23 14:38:35+0800: Controller: play black j9
2024-05-23 14:38:35+0800: = 
2024-05-23 14:38:35+0800: Controller: genmove white
2024-05-23 14:38:35+0800: MoveNum: 18 HASH: B8DF0EB68668AA3BB00A06CEE3DBB595
   A B C D E F G H J K L M N
13 . . . . . . . . . . . . .
12 . . . . . . . . . O . . .
11 . . . . . X . O O X X . .
10 . O . X . @ . . X O X . .
 9 . . . . . . . . X3O . . .
 8 . . . . . . . . . . . X .
 7 . . O . . . . . . . . . .
 6 . . . . . . . . . . X . .
 5 . . O2X1. . . . . . . . .
 4 . . . O . . . . . X . . .
 3 . . . . . . . . . . . . .
 2 . . . . . . . . . . . . .
 1 . . . . . . . . . . . . .

koPOSITIONALscoreAREAtaxNONEsui1komi3.5
Time taken: 0.531
Root visits: 1074
New playouts: 551
NN rows: 438
NN batches: 32
NN avg batch size: 13.6875
PlayoutDoublingAdvantage: 1.25
PV: F10 E10 F9 J8 F12 E12 G11 E11 L12 B9 L9 M9
Tree:
: T -103.23c W -98.34c S  -5.00c (-10.8 L -10.3) N    1074  --  F10 E10 F9 J8 F12 E12 G11
---White(^)---
F10 : T -103.04c W -98.27c S  -4.89c (-10.7 L -10.2) LCB -103.67c P 65.44% WF 2571.6 PSV    2568 N     995  --  F10 E10 F9 J8 F12 E12 G11 E11
L12 : T -104.40c W -98.93c S  -5.50c (-11.1 L -10.5) LCB -105.39c P 15.27% WF 202.8 PSV     185 N      61  --  L12 F3 F10 E5 D6
H10 : T -106.66c W -99.15c S  -7.45c (-12.4 L -12.0) LCB -126.58c P  3.76% WF  22.8 PSV      21 N       6  --  H10 J8 F10
G10 : T -106.01c W -99.07c S  -7.16c (-12.3 L -11.8) LCB -149.04c P  1.97% WF  14.5 PSV      13 N       4  --  G10 F10 F9
J8  : T -109.64c W -99.24c S  -9.86c (-14.1 L -13.8) LCB -184.22c P  3.05% WF  10.4 PSV      10 N       3  --  J8 G10 F12
G9  : T -106.41c W -99.00c S  -7.31c (-12.3 L -11.6) LCB -184.80c P  1.47% WF  10.1 PSV       8 N       3  --  G9 J8
L9  : T -107.13c W -99.14c S  -7.99c (-12.8 L -12.3) LCB -457.13c P  0.65% WF   3.7 PSV       3 N       1  --  L9

2024-05-23 14:38:35+0800: = F10
2024-05-23 14:38:38+0800: Controller: kata-list_time_settings
2024-05-23 14:38:38+0800: = none absolute byoyomi canadian fischer fischer-capped
2024-05-23 14:38:38+0800: Controller: play black e11
2024-05-23 14:38:38+0800: = 
2024-05-23 14:38:38+0800: Controller: genmove white
2024-05-23 14:38:39+0800: MoveNum: 20 HASH: DDDE85EBAF42A7597A223ED09C20D9EA
   A B C D E F G H J K L M N
13 . . . . . . . . . . . . .
12 . . . . . . . . . O @ . .
11 . . . . X3X . O O X X . .
10 . O . X . O2. . X O X . .
 9 . . . . . . . . X1O . . .
 8 . . . . . . . . . . . X .
 7 . . O . . . . . . . . . .
 6 . . . . . . . . . . X . .
 5 . . O X . . . . . . . . .
 4 . . . O . . . . . X . . .
 3 . . . . . . . . . . . . .
 2 . . . . . . . . . . . . .
 1 . . . . . . . . . . . . .

koPOSITIONALscoreAREAtaxNONEsui1komi3.5
Time taken: 0.516
Root visits: 1403
New playouts: 500
NN rows: 442
NN batches: 32
NN avg batch size: 13.8125
PlayoutDoublingAdvantage: 1.25
PV: L12 D8 L9 M9 H10 C8 B8 B7 B6
Tree:
: T -102.92c W -98.11c S  -4.93c (-10.6 L -10.0) N    1403  --  L12 D8 L9 M9 H10 C8 B8
---White(^)---
L12 : T -102.52c W -98.20c S  -4.39c (-10.2 L  -9.6) LCB -103.30c P 17.82% WF 1775.5 PSV    1770 N     662  --  L12 D8 L9 M9 H10 C8 B8 B7
F8  : T -102.15c W -97.77c S  -4.59c (-10.3 L  -9.8) LCB -103.68c P 13.04% WF 1158.3 PSV    1150 N     475  --  F8 J8 L12 M12 G10 C11 B11 B12
G10 : T -104.72c W -98.48c S  -6.24c (-11.5 L -11.0) LCB -105.93c P 21.61% WF 278.0 PSV     269 N     105  --  G10 D8 K8 J8 J7 G8 H8 H9
K8  : T -103.89c W -97.92c S  -6.25c (-11.6 L -11.2) LCB -107.05c P  9.94% WF 183.8 PSV     185 N      76  --  K8 G8 G9 J8 J7 H8 F8 F7
H10 : T -105.99c W -98.88c S  -7.03c (-12.0 L -11.5) LCB -107.53c P 13.16% WF 109.2 PSV     109 N      34  --  H10 J8 F8 B9 C9 B11
J8  : T -106.30c W -98.94c S  -7.30c (-12.2 L -11.8) LCB -107.86c P  9.69% WF 105.2 PSV      74 N      33  --  J8 K8 F8 B9 C10 C9
C11 : T -110.11c W -97.43c S -12.28c (-16.1 L -15.9) LCB -151.70c P  5.79% WF  21.1 PSV      22 N       7  --  C11 G10 G11
G8  : T -104.71c W -98.82c S  -5.89c (-11.2 L -10.9) LCB -178.70c P  0.69% WF   9.9 PSV       8 N       3  --  G8 J8 G10
G9  : T -106.21c W -98.88c S  -7.07c (-12.0 L -11.4) LCB -181.13c P  0.87% WF   9.8 PSV       6 N       3  --  G9 J8
G7  : T -105.04c W -98.75c S  -6.28c (-11.4 L -11.4) LCB -455.04c P  0.39% WF   3.4 PSV       4 N       1  --  G7

2024-05-23 14:38:39+0800: = L12
2024-05-23 14:38:42+0800: Controller: kata-list_time_settings
2024-05-23 14:38:42+0800: = none absolute byoyomi canadian fischer fischer-capped
2024-05-23 14:38:42+0800: Controller: play black m12
2024-05-23 14:38:42+0800: = 
2024-05-23 14:38:42+0800: Controller: genmove white
2024-05-23 14:38:42+0800: MoveNum: 22 HASH: 584AFEB36367E7D8F29C3F6D9E836D5F
   A B C D E F G H J K L M N
13 . . . . . . . . . . . . .
12 . . . . . . . . . O O2X3.
11 . . . . X1X . O O X X . .
10 . O . X . O . . X O X . .
 9 . . . . . . . . X O . . .
 8 . . . . . @ . . . . . X .
 7 . . O . . . . . . . . . .
 6 . . . . . . . . . . X . .
 5 . . O X . . . . . . . . .
 4 . . . O . . . . . X . . .
 3 . . . . . . . . . . . . .
 2 . . . . . . . . . . . . .
 1 . . . . . . . . . . . . .

koPOSITIONALscoreAREAtaxNONEsui1komi3.5
Time taken: 0.516
Root visits: 1512
New playouts: 491
NN rows: 449
NN batches: 33
NN avg batch size: 13.6061
PlayoutDoublingAdvantage: 1.25
PV: F8 B9 K8 J8 J7 K7 K6 L7 H8 C9 C11 C12
Tree:
: T -101.66c W -97.35c S  -4.78c (-10.5 L -10.1) N    1512  --  F8 B9 K8 J8 J7 K7 K6
---White(^)---
F8  : T -100.48c W -96.96c S  -4.19c (-10.1 L  -9.6) LCB -102.60c P 11.60% WF 2196.8 PSV    2169 N     985  --  F8 B9 K8 J8 J7 K7 K6 L7
G10 : T -102.55c W -97.53c S  -5.18c (-10.9 L -10.4) LCB -103.82c P 19.30% WF 541.4 PSV     361 N     255  --  G10 E8 C11 B9 C10 D9 K8
K8  : T -103.60c W -97.59c S  -6.21c (-11.7 L -11.3) LCB -106.33c P 15.22% WF 227.3 PSV     196 N     104  --  K8 G8 G9 H8 F8 F7 E8 H10
M13 : T -103.33c W -98.68c S  -4.62c (-10.4 L  -9.9) LCB -104.05c P 10.91% WF 185.0 PSV     152 N      62  --  M13 M11 J8 K8 F8 B9
J8  : T -105.36c W -98.76c S  -6.57c (-11.8 L -11.4) LCB -106.85c P 15.85% WF 141.9 PSV     133 N      48  --  J8 K8 F8 D8 C9 D9 C11
H10 : T -105.79c W -98.86c S  -6.86c (-12.0 L -11.5) LCB -107.76c P 10.78% WF  84.3 PSV      83 N      27  --  H10 J8 F8 B9 C9 B11
C11 : T -111.27c W -98.49c S -12.25c (-16.2 L -15.8) LCB -124.85c P  7.91% WF  31.6 PSV      30 N      11  --  C11 G10 M13 M11
G9  : T -105.48c W -98.73c S  -6.51c (-11.7 L -11.1) LCB -149.20c P  1.32% WF  12.4 PSV      10 N       4  --  G9 K8
G8  : T -104.19c W -98.58c S  -5.27c (-10.8 L -10.4) LCB -253.16c P  0.56% WF   6.2 PSV       6 N       2  --  G8 J8
M11 : T -104.37c W -98.46c S  -4.91c (-10.6 L -10.2) LCB -147.85c P  0.37% WF  11.5 PSV       3 N       4  --  M11 M10 J8 K8

2024-05-23 14:38:42+0800: = F8
2024-05-23 14:38:45+0800: Controller: kata-list_time_settings
2024-05-23 14:38:45+0800: = none absolute byoyomi canadian fischer fischer-capped
2024-05-23 14:38:45+0800: Controller: play black b9
2024-05-23 14:38:45+0800: = 
2024-05-23 14:38:45+0800: Controller: genmove white
2024-05-23 14:38:46+0800: MoveNum: 24 HASH: 088F0D1734460980DF17C179E641DFBE
   A B C D E F G H J K L M N
13 . . . . . . . . . . . . .
12 . . . . . . . . . O O X1.
11 . @ . . X X . O O X X . .
10 . O . X . O . . X O X . .
 9 . X3. . . . . . X O . . .
 8 . . . . . O2. . . . . X .
 7 . . O . . . . . . . . . .
 6 . . . . . . . . . . X . .
 5 . . O X . . . . . . . . .
 4 . . . O . . . . . X . . .
 3 . . . . . . . . . . . . .
 2 . . . . . . . . . . . . .
 1 . . . . . . . . . . . . .

koPOSITIONALscoreAREAtaxNONEsui1komi3.5
Time taken: 0.532
Root visits: 2022
New playouts: 497
NN rows: 442
NN batches: 35
NN avg batch size: 12.6286
PlayoutDoublingAdvantage: 1.25
PV: B11 C9 D12 D6 C6 E9 K8 F9 G9
Tree:
: T -100.91c W -96.71c S  -4.77c (-10.3 L  -9.8) N    2022  --  B11 C9 D12 D6 C6 E9 K8
---White(^)---
B11 : T -97.52c W -94.59c S  -4.37c (-10.1 L  -9.7) LCB  -99.60c P  0.78% WF 1389.7 PSV   12702 N     849  --  B11 C9 D12 D6 C6 E9 K8 F9
C9  : T -102.19c W -97.87c S  -4.48c (-10.0 L  -9.5) LCB -103.22c P 38.36% WF 1777.4 PSV    1811 N     770  --  C9 J8 J7 H8 M13 B11 C10 C11
K8  : T -103.43c W -97.67c S  -5.70c (-10.9 L -10.6) LCB -105.52c P 30.95% WF 541.6 PSV     558 N     249  --  K8 J8 J7 K7 K6 L7 H8 C9
C10 : T -103.62c W -97.49c S  -6.48c (-11.5 L -11.2) LCB -106.74c P 15.42% WF 255.8 PSV     263 N     124  --  C10 C9 K8 J8 J7 K7 D9 C11
H10 : T -105.93c W -98.91c S  -6.96c (-11.7 L -11.2) LCB -115.13c P  3.09% WF  24.3 PSV      25 N       8  --  H10 J8 C10 C9
C11 : T -105.94c W -98.47c S  -7.27c (-12.1 L -11.7) LCB -111.86c P  2.69% WF  29.4 PSV      24 N      11  --  C11 C10 B11 C8 B7
J8  : T -105.23c W -98.88c S  -6.41c (-11.3 L -10.9) LCB -116.16c P  3.24% WF  23.3 PSV      24 N       8  --  J8 K8 C9 B11 C10
B12 : T -106.20c W -98.70c S  -7.49c (-12.2 L -11.9) LCB -256.37c P  0.58% WF   6.3 PSV       5 N       2  --  B12 C10

2024-05-23 14:38:46+0800: = B11
2024-05-23 14:38:48+0800: Controller: kata-list_time_settings
2024-05-23 14:38:48+0800: = none absolute byoyomi canadian fischer fischer-capped
2024-05-23 14:38:48+0800: Controller: play black j8
2024-05-23 14:38:48+0800: = 
2024-05-23 14:38:48+0800: Controller: genmove white
2024-05-23 14:38:49+0800: MoveNum: 26 HASH: 3BC9E04352C8D309974A407ECFAEE79E
   A B C D E F G H J K L M N
13 . . . . . . . . . . . . .
12 . . . . . . . . . O O X .
11 . O2. . X X . O O X X . .
10 . O . X . O . . X O X . .
 9 . X1. . . . . . X O . . .
 8 . . . . . O . . X3. . X .
 7 . . O . . . . . @ . . . .
 6 . . . . . . . . . . X . .
 5 . . O X . . . . . . . . .
 4 . . . O . . . . . X . . .
 3 . . . . . . . . . . . . .
 2 . . . . . . . . . . . . .
 1 . . . . . . . . . . . . .

koPOSITIONALscoreAREAtaxNONEsui1komi3.5
Time taken: 0.547
Root visits: 2698
New playouts: 510
NN rows: 428
NN batches: 35
NN avg batch size: 12.2286
PlayoutDoublingAdvantage: 1.25
PV: J7 C8 K8 D7 K7 C6 M7
Tree:
: T -99.96c W -95.34c S  -4.79c (-11.1 L -10.7) N    2698  --  J7 C8 K8 D7 K7 C6 M7
---White(^)---
J7  : T -94.83c W -93.17c S  -3.41c (-10.1 L  -9.7) LCB  -98.08c P  2.51% WF 1088.5 PSV   24654 N     688  --  J7 C8 K8 D7 K7 C6 M7
G10 : T -101.37c W -95.91c S  -5.13c (-11.3 L -10.9) LCB -102.64c P 72.94% WF 3382.8 PSV    3445 N    1972  --  G10 D8 C9 D9 C8 E7 J7 K8
C9  : T -106.41c W -99.14c S  -7.21c (-12.4 L -12.0) LCB -110.32c P 10.10% WF  50.0 PSV      52 N      16  --  C9 G10 G11 H10 M13
M13 : T -108.51c W -99.25c S  -9.18c (-13.9 L -13.3) LCB -137.44c P  3.42% WF  16.8 PSV      18 N       5  --  M13 G10
H10 : T -106.53c W -98.68c S  -7.80c (-13.2 L -12.7) LCB -149.95c P  2.11% WF  11.2 PSV      12 N       4  --  H10 E8
G11 : T -110.10c W -99.14c S -10.76c (-15.3 L -15.1) LCB -184.93c P  2.72% WF  10.1 PSV      11 N       3  --  G11 C9
L9  : T -104.27c W -97.87c S  -6.19c (-12.1 L -11.8) LCB -150.66c P  1.23% WF   8.9 PSV       9 N       4  --  L9 M9 G10 D8
M11 : T -107.60c W -98.74c S  -8.11c (-13.3 L -13.1) LCB -257.14c P  1.41% WF   5.6 PSV       6 N       2  --  M11 M10
M9  : T -105.54c W -98.06c S  -7.49c (-12.9 L -13.3) LCB -455.54c P  0.44% WF   3.2 PSV       4 N       1  --  M9
M10 : T -105.88c W -98.67c S  -7.21c (-12.6 L -12.8) LCB -455.88c P  0.38% WF   2.8 PSV       3 N       1  --  M10

2024-05-23 14:38:49+0800: = J7
2024-05-23 14:38:52+0800: Controller: kata-list_time_settings
2024-05-23 14:38:52+0800: = none absolute byoyomi canadian fischer fischer-capped
2024-05-23 14:38:52+0800: Controller: play black h7
2024-05-23 14:38:52+0800: = 
2024-05-23 14:38:52+0800: Controller: genmove white
2024-05-23 14:38:52+0800: MoveNum: 28 HASH: 1E559C3FCEBD9CA603677B07A0DB59CD
   A B C D E F G H J K L M N
13 . . . . . . . . . . . . .
12 . . . . . . . . . O O X .
11 . O . . X X . O O X X . .
10 . O . X . O . . X O X . .
 9 . X . . . . . . X O . . .
 8 . . . . . O . @ X1. . X .
 7 . . O . . . . X3O2. . . .
 6 . . . . . . . . . . X . .
 5 . . O X . . . . . . . . .
 4 . . . O . . . . . X . . .
 3 . . . . . . . . . . . . .
 2 . . . . . . . . . . . . .
 1 . . . . . . . . . . . . .

koPOSITIONALscoreAREAtaxNONEsui1komi3.5
Time taken: 0.5
Root visits: 708
New playouts: 621
NN rows: 401
NN batches: 32
NN avg batch size: 12.5312
PlayoutDoublingAdvantage: 1.25
PV: H8 G8 G9 H9 H10 H6 C9 E9 F9 D8 C8 F7
Tree:
: T -92.70c W -90.94c S  -3.53c ( -8.8 L  -8.3) N     708  --  H8 G8 G9 H9 H10 H6 C9
---White(^)---
H8  : T -91.11c W -90.13c S  -2.96c ( -8.4 L  -7.9) LCB  -94.27c P 31.36% WF 764.4 PSV     756 N     624  --  H8 G8 G9 H9 H10 H6 C9 E9
G10 : T -99.49c W -94.40c S  -5.58c (-10.3 L  -9.8) LCB -105.01c P 36.99% WF  88.6 PSV      83 N      65  --  G10 D8 C9 C8 D9 E9 C10 E10
H10 : T -102.37c W -96.95c S  -6.46c (-10.9 L -10.6) LCB -110.15c P 12.27% WF  20.0 PSV      21 N      11  --  H10 G9 H9 H8
K8  : T -110.10c W -98.70c S -11.15c (-14.6 L -14.5) LCB -184.95c P  8.59% WF   7.7 PSV       9 N       3  --  K8 G10
C9  : T -109.80c W -99.13c S -10.66c (-13.4 L -13.4) LCB -459.80c P  2.33% WF   3.4 PSV       2 N       1  --  C9
M13 : T -109.52c W -99.12c S -10.40c (-13.4 L -13.4) LCB -459.52c P  1.70% WF   3.6 PSV       1 N       1  --  M13
H6  : T -111.58c W -98.97c S -12.61c (-15.0 L -15.2) LCB -461.58c P  1.35% WF   3.6 PSV       1 N       1  --  H6
G11 : T -110.35c W -98.92c S -11.43c (-14.5 L -14.6) LCB -460.35c P  1.20% WF   3.6 PSV       1 N       1  --  G11

2024-05-23 14:38:52+0800: = H8
2024-05-23 14:38:55+0800: Controller: kata-list_time_settings
2024-05-23 14:38:55+0800: = none absolute byoyomi canadian fischer fischer-capped
2024-05-23 14:38:55+0800: Controller: play black g8
2024-05-23 14:38:55+0800: = 
2024-05-23 14:38:55+0800: Controller: genmove white
2024-05-23 14:38:56+0800: MoveNum: 30 HASH: 8198525FBDAA7A7B207C8655641CD055
   A B C D E F G H J K L M N
13 . . . . . . . . . . . . .
12 . . . . . . . . . O O X .
11 . O . . X X . O O X X . .
10 . O . X . O . @ X O X . .
 9 . X . . . . . . X O . . .
 8 . . . . . O X3O2X . . X .
 7 . . O . . . . X1O . . . .
 6 . . . . . . . . . . X . .
 5 . . O X . . . . . . . . .
 4 . . . O . . . . . X . . .
 3 . . . . . . . . . . . . .
 2 . . . . . . . . . . . . .
 1 . . . . . . . . . . . . .

koPOSITIONALscoreAREAtaxNONEsui1komi3.5
Time taken: 0.516
Root visits: 2155
New playouts: 1158
NN rows: 434
NN batches: 48
NN avg batch size: 9.04167
PlayoutDoublingAdvantage: 1.25
PV: H10 H9 G9 H6 C9 C12 B12 D12 F7 E9 F9 G11 G10 H12 J12
Tree:
: T -86.99c W -87.69c S  -3.36c ( -8.1 L  -7.5) N    2155  --  H10 H9 G9 H6 C9 C12 B12
---White(^)---
H10 : T -86.00c W -87.11c S  -3.02c ( -7.8 L  -7.3) LCB  -88.91c P 28.77% WF 1217.3 PSV    1445 N    1129  --  H10 H9 G9 H6 C9 C12 B12 D12
G9  : T -86.77c W -87.66c S  -3.31c ( -8.0 L  -7.5) LCB  -89.68c P 40.22% WF 1065.5 PSV    1000 N     988  --  G9 H9 H10 H6 C9 C12 B12 D12
G10 : T -104.56c W -97.46c S  -8.42c (-11.7 L -11.4) LCB -112.00c P 19.52% WF  45.9 PSV      46 N      27  --  G10 D8 C9 D9 C8
K8  : T -108.56c W -97.54c S -10.79c (-13.8 L -13.9) LCB -192.12c P  3.37% WF   5.6 PSV       6 N       3  --  K8 G9
G7  : T -110.12c W -98.86c S -10.59c (-13.3 L -13.2) LCB -273.84c P  2.55% WF   4.4 PSV       4 N       2  --  G7 H9
G11 : T -114.03c W -98.88c S -15.14c (-16.7 L -17.3) LCB -464.03c P  1.05% WF   3.7 PSV       1 N       1  --  G11
L9  : T -108.29c W -98.55c S  -9.75c (-12.7 L -12.8) LCB -458.29c P  0.92% WF   2.8 PSV       1 N       1  --  L9
M11 : T -109.13c W -98.76c S -10.37c (-13.0 L -13.2) LCB -459.13c P  0.74% WF   2.2 PSV       1 N       1  --  M11
H6  : T -108.57c W -98.82c S  -9.75c (-12.5 L -13.1) LCB -458.57c P  0.55% WF   2.5 PSV       1 N       1  --  H6
H9  : T -119.16c W -99.17c S -20.00c (-21.7 L -25.5) LCB -469.16c P  0.42% WF   3.7 PSV       0 N       1  --  H9

2024-05-23 14:38:56+0800: = H10
2024-05-23 14:38:58+0800: Controller: kata-list_time_settings
2024-05-23 14:38:58+0800: = none absolute byoyomi canadian fischer fischer-capped
2024-05-23 14:38:58+0800: Controller: play black j6
2024-05-23 14:38:58+0800: = 
2024-05-23 14:38:58+0800: Controller: genmove white
2024-05-23 14:38:59+0800: MoveNum: 32 HASH: 0A613B72440627B8D318A683D20A6A3B
   A B C D E F G H J K L M N
13 . . . . . . . . . . . . .
12 . . . . . . . . . O O X .
11 . O . . X X . O O X X . .
10 . O . X . O . O2X O X . .
 9 . X . . . . . @ X O . . .
 8 . . . . . O X1O X . . X .
 7 . . O . . . . X O . . . .
 6 . . . . . . . . X3. X . .
 5 . . O X . . . . . . . . .
 4 . . . O . . . . . X . . .
 3 . . . . . . . . . . . . .
 2 . . . . . . . . . . . . .
 1 . . . . . . . . . . . . .

koPOSITIONALscoreAREAtaxNONEsui1komi3.5
Time taken: 0.531
Root visits: 571
New playouts: 553
NN rows: 437
NN batches: 35
NN avg batch size: 12.4857
PlayoutDoublingAdvantage: 1.25
PV: H9 K7 C9 D8 D9 C12 B12 E9 E8 G9 G10 F9 E10
Tree:
: T -64.85c W -62.92c S  -2.60c ( -4.9 L  -4.4) N     571  --  H9 K7 C9 D8 D9 C12 B12
---White(^)---
H9  : T -56.23c W -55.44c S  -1.56c ( -4.2 L  -3.7) LCB  -65.20c P 33.07% WF 303.8 PSV     286 N     443  --  H9 K7 C9 D8 D9 C12 B12 E9
C9  : T -83.95c W -80.40c S  -4.38c ( -6.0 L  -5.4) LCB  -94.15c P 23.12% WF  61.6 PSV      16 N      75  --  C9 H9 G9 C12 B12 D12 G6 E9
G9  : T -85.50c W -81.19c S  -4.93c ( -6.4 L  -5.8) LCB  -96.72c P 16.65% WF  31.2 PSV      11 N      36  --  G9 H9 C9 C12 B12 D12 G6 E9
K7  : T -108.95c W -95.64c S -10.94c (-11.2 L -10.7) LCB -166.66c P 13.92% WF   5.7 PSV       5 N       4  --  K7 H9 G9 G6
G7  : T -103.00c W -92.02c S  -8.82c ( -9.5 L  -9.1) LCB -280.00c P  5.41% WF   2.3 PSV       2 N       2  --  G7 H9
D12 : T -107.90c W -94.87c S -10.90c (-11.3 L -11.0) LCB -291.65c P  3.92% WF   2.9 PSV       1 N       2  --  D12 H9
L9  : T -87.91c W -81.16c S  -5.00c ( -6.6 L  -5.9) LCB -237.87c P  0.67% WF   1.8 PSV       0 N       2  --  L9 M9
F7  : T -102.66c W -94.73c S  -7.93c ( -8.6 L  -8.4) LCB -452.66c P  0.97% WF   1.3 PSV       0 N       1  --  F7
K8  : T -101.49c W -92.66c S  -8.83c ( -9.5 L -10.2) LCB -451.49c P  0.67% WF   1.0 PSV       0 N       1  --  K8
M11 : T -106.25c W -96.15c S -10.10c ( -9.9 L -10.2) LCB -456.25c P  0.27% WF   1.3 PSV       0 N       1  --  M11

2024-05-23 14:38:59+0800: = H9
2024-05-23 14:39:02+0800: Controller: kata-list_time_settings
2024-05-23 14:39:02+0800: = none absolute byoyomi canadian fischer fischer-capped
2024-05-23 14:39:02+0800: Controller: play black k7
2024-05-23 14:39:02+0800: = 
2024-05-23 14:39:02+0800: Controller: genmove white
2024-05-23 14:39:02+0800: MoveNum: 34 HASH: B882FFBAB2468A7A1C659612499C34ED
   A B C D E F G H J K L M N
13 . . . . . . . . . . . . .
12 . . . . . . . . . O O X .
11 . O . . X X . O O X X . .
10 . O . X . O . O X O X . .
 9 . X @ . . . . O2X O . . .
 8 . . . . . O X O X . . X .
 7 . . O . . . . X . X3. . .
 6 . . . . . . . . X1. X . .
 5 . . O X . . . . . . . . .
 4 . . . O . . . . . X . . .
 3 . . . . . . . . . . . . .
 2 . . . . . . . . . . . . .
 1 . . . . . . . . . . . . .

koPOSITIONALscoreAREAtaxNONEsui1komi3.5
Time taken: 0.547
Root visits: 3799
New playouts: 539
NN rows: 418
NN batches: 34
NN avg batch size: 12.2941
PlayoutDoublingAdvantage: 1.25
PV: C9 C4 E5 D6 C6 E8 F7 D9 D8 G9 F9 G10 G11 G7
Tree:
: T -54.45c W -54.48c S  -1.83c ( -4.1 L  -3.6) N    3799  --  C9 C4 E5 D6 C6 E8 F7
---White(^)---
C9  : T -54.18c W -54.26c S  -1.80c ( -4.0 L  -3.6) LCB  -57.19c P 93.22% WF 2505.4 PSV    2503 N    3787  --  C9 C4 E5 D6 C6 E8 F7 D9
D12 : T -101.40c W -93.09c S  -7.69c ( -8.1 L  -7.4) LCB -250.47c P  2.16% WF   2.4 PSV       3 N       2  --  D12 D6
G7  : T -101.26c W -93.28c S  -7.38c ( -7.7 L  -7.2) LCB -175.10c P  1.43% WF   3.5 PSV       2 N       3  --  G7 C8 D9
L9  : T -103.62c W -95.56c S  -8.07c ( -8.2 L  -8.1) LCB -453.62c P  0.79% WF   1.4 PSV       1 N       1  --  L9
D9  : T -107.33c W -97.11c S -10.22c ( -9.7 L -10.0) LCB -457.33c P  0.37% WF   1.3 PSV       0 N       1  --  D9
M9  : T -101.35c W -93.87c S  -7.48c ( -7.8 L  -8.0) LCB -451.35c P  0.36% WF   1.2 PSV       0 N       1  --  M9
M11 : T -108.17c W -97.47c S -10.70c ( -9.9 L -10.4) LCB -458.17c P  0.33% WF   1.4 PSV       0 N       1  --  M11
D8  : T -105.28c W -96.10c S  -9.18c ( -9.0 L  -9.1) LCB -455.28c P  0.24% WF   1.4 PSV       0 N       1  --  D8
K8  : T -98.83c W -91.97c S  -6.86c ( -7.4 L  -6.9) LCB -448.83c P  0.16% WF   1.0 PSV       0 N       1  --  K8

2024-05-23 14:39:02+0800: = C9
2024-05-23 14:39:05+0800: Controller: kata-list_time_settings
2024-05-23 14:39:05+0800: = none absolute byoyomi canadian fischer fischer-capped
2024-05-23 14:39:05+0800: Controller: play black c12
2024-05-23 14:39:05+0800: = 
2024-05-23 14:39:05+0800: Controller: genmove white
2024-05-23 14:39:06+0800: MoveNum: 36 HASH: 6C1730D31051D8CD2EABD36A6C1D8A16
   A B C D E F G H J K L M N
13 . . . . . . . . . . . . .
12 . @ X3. . . . . . O O X .
11 . O . . X X . O O X X . .
10 . O . X . O . O X O X . .
 9 . X O2. . . . O X O . . .
 8 . . . . . O X O X . . X .
 7 . . O . . . . X . X1. . .
 6 . . . . . . . . X . X . .
 5 . . O X . . . . . . . . .
 4 . . . O . . . . . X . . .
 3 . . . . . . . . . . . . .
 2 . . . . . . . . . . . . .
 1 . . . . . . . . . . . . .

koPOSITIONALscoreAREAtaxNONEsui1komi3.5
Time taken: 0.5
Root visits: 1899
New playouts: 573
NN rows: 451
NN batches: 48
NN avg batch size: 9.39583
PlayoutDoublingAdvantage: 1.25
PV: B12 G12 D12 E8 G7 D7 F6 C8 B8 D9
Tree:
: T -45.53c W -48.16c S  -1.26c ( -3.5 L  -3.0) N    1899  --  B12 G12 D12 E8 G7 D7 F6
---White(^)---
B12 : T -41.84c W -45.54c S  -1.05c ( -3.3 L  -2.9) LCB  -46.52c P 59.06% WF 1061.5 PSV    1016 N    1542  --  B12 G12 D12 E8 G7 D7 F6 C8
G12 : T -62.31c W -59.83c S  -2.18c ( -4.1 L  -3.4) LCB  -70.90c P 33.83% WF 218.1 PSV      74 N     348  --  G12 B12 F12 E8 F7 B8 C10 E9
L9  : T -66.69c W -72.10c S  -3.12c ( -4.7 L  -4.0) LCB -119.94c P  1.30% WF   3.4 PSV       2 N       4  --  L9 M9 B12
C11 : T -98.82c W -92.13c S  -6.69c ( -7.2 L  -6.4) LCB -448.82c P  2.44% WF   1.1 PSV       2 N       1  --  C11
G7  : T -99.22c W -93.51c S  -5.71c ( -6.1 L  -5.8) LCB -449.22c P  1.63% WF   1.1 PSV       1 N       1  --  G7
M9  : T -73.72c W -71.40c S  -2.32c ( -4.1 L  -4.0) LCB -423.72c P  0.58% WF   0.8 PSV       0 N       1  --  M9
M11 : T -94.25c W -89.43c S  -4.82c ( -5.6 L  -5.2) LCB -444.25c P  0.48% WF   1.0 PSV       0 N       1  --  M11

2024-05-23 14:39:06+0800: = B12
2024-05-23 14:39:09+0800: Controller: kata-list_time_settings
2024-05-23 14:39:09+0800: = none absolute byoyomi canadian fischer fischer-capped
2024-05-23 14:39:09+0800: Controller: play black d9
2024-05-23 14:39:09+0800: = 
2024-05-23 14:39:09+0800: Controller: genmove white
2024-05-23 14:39:09+0800: MoveNum: 38 HASH: F61C20C56C3C3894284A667C57D8C81C
   A B C D E F G H J K L M N
13 . . . . . . . . . . . . .
12 . O2X1. . . . . . O O X .
11 . O . . X X . O O X X . .
10 . O . X . O . O X O X . .
 9 . X O X3. . . O X O . . .
 8 . . . @ . O X O X . . X .
 7 . . O . . . . X . X . . .
 6 . . . . . . . . X . X . .
 5 . . O X . . . . . . . . .
 4 . . . O . . . . . X . . .
 3 . . . . . . . . . . . . .
 2 . . . . . . . . . . . . .
 1 . . . . . . . . . . . . .

koPOSITIONALscoreAREAtaxNONEsui1komi3.5
Time taken: 0.5
Root visits: 454
New playouts: 454
NN rows: 426
NN batches: 49
NN avg batch size: 8.69388
PlayoutDoublingAdvantage: 1.125
PV: D8 C4 C3 E4 B4 F7 E8 G9 G10 E3 D2 F9 E9
Tree:
: T  53.10c W  39.57c S   6.44c ( +2.1 L  +2.0) N     454  --  D8 C4 C3 E4 B4 F7 E8
---White(^)---
D8  : T  58.42c W  44.02c S   7.14c ( +2.6 L  +2.5) LCB   48.17c P 87.60% WF 285.7 PSV     279 N     414  --  D8 C4 C3 E4 B4 F7 E8 G9
C8  : T -98.15c W -91.59c S  -7.76c ( -7.7 L  -7.0) LCB -252.98c P  8.52% WF   1.3 PSV       1 N       2  --  C8 G9
L9  : T -111.57c W -97.76c S -13.81c (-12.1 L -14.2) LCB -461.57c P  1.00% WF   1.4 PSV       0 N       1  --  L9
G7  : T -104.85c W -94.87c S  -9.98c ( -9.3 L  -9.9) LCB -454.85c P  0.90% WF   0.7 PSV       0 N       1  --  G7
M11 : T -113.77c W -98.25c S -15.52c (-13.2 L -15.1) LCB -463.77c P  0.65% WF   1.6 PSV       0 N       1  --  M11
M9  : T -111.54c W -97.85c S -13.69c (-12.1 L -14.1) LCB -461.54c P  0.23% WF   0.8 PSV       0 N       1  --  M9
E7  : T -107.24c W -96.22c S -11.03c (-10.2 L -10.3) LCB -457.24c P  0.23% WF   0.8 PSV       0 N       1  --  E7
K8  : T -109.79c W -97.36c S -12.43c (-10.8 L -12.4) LCB -459.79c P  0.22% WF   0.7 PSV       0 N       1  --  K8
M10 : T -115.46c W -98.41c S -17.05c (-14.7 L -16.0) LCB -465.46c P  0.09% WF   0.3 PSV       0 N       1  --  M10
E8  : T -111.59c W -97.59c S -13.99c (-12.6 L -13.1) LCB -461.59c P  0.06% WF   0.2 PSV       0 N       1  --  E8

2024-05-23 14:39:09+0800: = D8
2024-05-23 14:39:12+0800: Controller: kata-list_time_settings
2024-05-23 14:39:12+0800: = none absolute byoyomi canadian fischer fischer-capped
2024-05-23 14:39:12+0800: Controller: play black g12
2024-05-23 14:39:12+0800: = 
2024-05-23 14:39:12+0800: Controller: genmove white
2024-05-23 14:39:13+0800: MoveNum: 40 HASH: D3C615DB22FB5A4D7A9B15143DEEE1A7
   A B C D E F G H J K L M N
13 . . . . . . . . . . . . .
12 . O X . . . X3. . O O X .
11 . O @ . X X . O O X X . .
10 . O . X . O . O X O X . .
 9 . X O X1. . . O X O . . .
 8 . . . O2. O X O X . . X .
 7 . . O . . . . X . X . . .
 6 . . . . . . . . X . X . .
 5 . . O X . . . . . . . . .
 4 . . . O . . . . . X . . .
 3 . . . . . . . . . . . . .
 2 . . . . . . . . . . . . .
 1 . . . . . . . . . . . . .

koPOSITIONALscoreAREAtaxNONEsui1komi3.5
Time taken: 0.516
Root visits: 417
New playouts: 417
NN rows: 402
NN batches: 32
NN avg batch size: 12.5625
PlayoutDoublingAdvantage: 1
PV: C11 E4 E3 C4 D3 C6 B5
Tree:
: T  76.62c W  59.35c S   7.59c ( +4.7 L  +5.0) N     417  --  C11 E4 E3 C4 D3 C6 B5
---White(^)---
C11 : T  86.65c W  69.00c S   8.90c ( +5.6 L  +5.9) LCB   67.14c P 30.93% WF 179.8 PSV     171 N     206  --  C11 E4 E3 C4 D3 C6 B5
D12 : T  81.77c W  61.86c S   7.55c ( +4.6 L  +4.7) LCB   58.54c P 27.19% WF  83.6 PSV      78 N     108  --  D12 E4 D3 G9 G10 E9 F9
H12 : T  36.29c W  21.57c S   2.20c ( +1.0 L  +1.0) LCB   15.78c P 24.27% WF  16.0 PSV      12 N      39  --  H12 E9 G7 F7 G9 E8 E7 F6
G7  : T -100.36c W -92.50c S  -7.86c ( -5.3 L  -4.7) LCB -450.36c P 11.02% WF   0.7 PSV       1 N       1  --  G7
C13 : T -20.65c W -20.21c S  -1.93c ( -2.0 L  -1.5) LCB  -86.89c P  0.46% WF   1.7 PSV       0 N       5  --  C13 G9 G10
L9  : T -64.51c W -55.81c S  -4.23c ( -3.4 L  -2.7) LCB -214.93c P  0.93% WF   0.8 PSV       0 N       2  --  L9 M9
K8  : T -59.58c W -51.17c S  -4.16c ( -3.4 L  -2.8) LCB -210.69c P  0.08% WF   0.3 PSV       0 N       2  --  K8 J7
J2  : T -89.15c W -82.57c S  -6.57c ( -5.0 L  -4.1) LCB -439.15c P  1.94% WF   0.6 PSV       0 N       1  --  J2
C10 : T -98.10c W -90.55c S  -7.55c ( -5.4 L  -4.5) LCB -448.10c P  0.68% WF   0.6 PSV       0 N       1  --  C10
M11 : T -74.23c W -69.29c S  -4.95c ( -3.7 L  -3.1) LCB -424.23c P  0.43% WF   0.5 PSV       0 N       1  --  M11

2024-05-23 14:39:13+0800: = C11
2024-05-23 14:39:15+0800: Controller: kata-list_time_settings
2024-05-23 14:39:15+0800: = none absolute byoyomi canadian fischer fischer-capped
2024-05-23 14:39:15+0800: Controller: play black e9
2024-05-23 14:39:15+0800: = 
2024-05-23 14:39:15+0800: Controller: genmove white
2024-05-23 14:39:16+0800: MoveNum: 42 HASH: B070BEA697FACBDA56D5E93761B4CC38
   A B C D E F G H J K L M N
13 . . . . . . . . . . . . .
12 . O X . . . X1. . O O X .
11 . O O2. X X . O O X X . .
10 . O . X . O . O X O X . .
 9 . X O X X3. . O X O . . .
 8 . . . O . O X O X . . X .
 7 . . O . . . @ X . X . . .
 6 . . . . . . . . X . X . .
 5 . . O X . . . . . . . . .
 4 . . . O . . . . . X . . .
 3 . . . . . . . . . . . . .
 2 . . . . . . . . . . . . .
 1 . . . . . . . . . . . . .

koPOSITIONALscoreAREAtaxNONEsui1komi3.5
Time taken: 0.515
Root visits: 464
New playouts: 464
NN rows: 410
NN batches: 36
NN avg batch size: 11.3889
PlayoutDoublingAdvantage: 0.875
PV: G7 F7 E8 G6 F9 E3 D3 D2 E4 E2 F4 C3 C2
Tree:
: T 101.77c W  92.44c S   9.06c ( +5.8 L  +5.8) N     464  --  G7 F7 E8 G6 F9 E3 D3
---White(^)---
G7  : T 103.62c W  94.07c S   9.36c ( +6.0 L  +5.9) LCB   96.39c P 71.95% WF 691.0 PSV     685 N     417  --  G7 F7 E8 G6 F9 E3 D3 D2
F9  : T -74.01c W -60.58c S  -7.96c ( -6.0 L  -5.1) LCB  -98.46c P 20.39% WF   2.1 PSV       3 N       8  --  F9 E8 E7 H12
M11 : T -91.85c W -82.76c S  -9.09c ( -6.0 L  -5.4) LCB -441.85c P  2.83% WF   0.5 PSV       0 N       1  --  M11
L9  : T -69.12c W -62.07c S  -7.05c ( -5.0 L  -4.4) LCB -419.12c P  1.70% WF   0.4 PSV       0 N       1  --  L9
M13 : T -105.68c W -93.99c S -11.69c ( -7.3 L  -7.3) LCB -455.68c P  1.10% WF   0.7 PSV       0 N       1  --  M13
G9  : T -72.84c W -65.58c S  -7.25c ( -5.2 L  -4.4) LCB -422.84c P  0.65% WF   0.4 PSV       0 N       1  --  G9
M9  : T -90.61c W -80.31c S -10.29c ( -7.7 L  -7.9) LCB -440.61c P  0.53% WF   0.4 PSV       0 N       1  --  M9
K8  : T -73.38c W -65.98c S  -7.41c ( -5.2 L  -4.6) LCB -423.38c P  0.48% WF   0.4 PSV       0 N       1  --  K8
M10 : T -99.08c W -88.36c S -10.73c ( -7.2 L  -7.6) LCB -449.08c P  0.15% WF   0.5 PSV       0 N       1  --  M10
E8  : T -121.51c W -98.90c S -22.61c (-18.4 L -20.6) LCB -471.51c P  0.07% WF   0.5 PSV       0 N       1  --  E8

2024-05-23 14:39:16+0800: = G7
2024-05-23 14:39:19+0800: Controller: kata-list_time_settings
2024-05-23 14:39:19+0800: = none absolute byoyomi canadian fischer fischer-capped
2024-05-23 14:39:19+0800: Controller: play black f7
2024-05-23 14:39:19+0800: = 
2024-05-23 14:39:19+0800: Controller: genmove white
2024-05-23 14:39:19+0800: MoveNum: 44 HASH: 7BF34B3CE84384A0A2A8CA4276A0D843
   A B C D E F G H J K L M N
13 . . . . . . . . . . . . .
12 . O X . . . X . . O O X .
11 . O O . X X . O O X X . .
10 . O . X . O . O X O X . .
 9 . X O X X1. . O X O . . .
 8 . . . O @ O X O X . . X .
 7 . . O . . X3O2X . X . . .
 6 . . . . . . . . X . X . .
 5 . . O X . . . . . . . . .
 4 . . . O . . . . . X . . .
 3 . . . . . . . . . . . . .
 2 . . . . . . . . . . . . .
 1 . . . . . . . . . . . . .

koPOSITIONALscoreAREAtaxNONEsui1komi3.5
Time taken: 0.531
Root visits: 451
New playouts: 451
NN rows: 399
NN batches: 35
NN avg batch size: 11.4
PlayoutDoublingAdvantage: 0.75
PV: E8 G6 F9 E3 D3 D2 E4 E2 F4
Tree:
: T 100.04c W  94.29c S   5.67c ( +5.9 L  +5.9) N     451  --  E8 G6 F9 E3 D3 D2 E4
---White(^)---
E8  : T 102.12c W  96.13c S   5.96c ( +6.1 L  +6.0) LCB   97.73c P 41.22% WF 684.7 PSV     677 N     354  --  E8 G6 F9 E3 D3 D2 E4 E2
G9  : T   6.71c W  12.62c S  -3.07c ( +0.2 L  +0.4) LCB  -29.66c P 40.39% WF   7.3 PSV      12 N      28  --  G9 E8 E7 F6 H6 G6 J7 D6
G6  : T -85.98c W -76.09c S -11.59c ( -6.7 L  -5.9) LCB -160.36c P 17.26% WF   1.1 PSV       2 N       3  --  G6 E8 F9
F9  : T -49.87c W -42.33c S  -7.53c ( -3.0 L  -3.4) LCB -399.87c P  0.54% WF   0.3 PSV       0 N       1  --  F9
L9  : T -63.57c W -54.76c S  -8.81c ( -4.0 L  -3.3) LCB -413.57c P  0.24% WF   0.4 PSV       0 N       1  --  L9
M11 : T -100.10c W -86.94c S -13.16c ( -6.8 L  -7.1) LCB -450.10c P  0.15% WF   0.5 PSV       0 N       1  --  M11
M9  : T -94.23c W -81.38c S -12.85c ( -7.4 L  -7.4) LCB -444.23c P  0.08% WF   0.5 PSV       0 N       1  --  M9
K8  : T -92.27c W -80.20c S -12.06c ( -6.4 L  -6.5) LCB -442.27c P  0.04% WF   0.3 PSV       0 N       1  --  K8
M10 : T -107.86c W -92.82c S -15.03c ( -8.6 L -10.4) LCB -457.86c P  0.03% WF   0.3 PSV       0 N       1  --  M10
M13 : T -110.66c W -95.07c S -15.59c ( -8.3 L  -9.4) LCB -460.66c P  0.01% WF   0.1 PSV       0 N       1  --  M13

2024-05-23 14:39:19+0800: = E8
2024-05-23 14:39:22+0800: Controller: kata-list_time_settings
2024-05-23 14:39:22+0800: = none absolute byoyomi canadian fischer fischer-capped
2024-05-23 14:39:22+0800: Controller: play black g6
2024-05-23 14:39:22+0800: = 
2024-05-23 14:39:22+0800: Controller: genmove white
2024-05-23 14:39:23+0800: MoveNum: 46 HASH: 158C07AD3C45FBDC7B1E347600B60C87
   A B C D E F G H J K L M N
13 . . . . . . . . . . . . .
12 . O X . . . X . . O O X .
11 . O O . X X . O O X X . .
10 . O . X . O . O X O X . .
 9 . X O X X @ . O X O . . .
 8 . . . O O2O X O X . . X .
 7 . . O . . X1. X . X . . .
 6 . . . . . . X3. X . X . .
 5 . . O X . . . . . . . . .
 4 . . . O . . . . . X . . .
 3 . . . . . . . . . . . . .
 2 . . . . . . . . . . . . .
 1 . . . . . . . . . . . . .

koPOSITIONALscoreAREAtaxNONEsui1komi3.5
Time taken: 0.531
Root visits: 604
New playouts: 604
NN rows: 418
NN batches: 35
NN avg batch size: 11.9429
PlayoutDoublingAdvantage: 0.625
PV: F9 E3 D3 E2 E4 D2 F4 C3 C2 B2 B3
Tree:
: T  99.16c W  95.54c S   4.01c ( +5.8 L  +5.7) N     604  --  F9 E3 D3 E2 E4 D2 F4
---White(^)---
F9  : T  99.78c W  96.09c S   4.10c ( +5.8 L  +5.7) LCB   96.92c P 96.57% WF 1003.8 PSV    1002 N     538  --  F9 E3 D3 E2 E4 D2 F4 C3
M11 : T -88.52c W -76.27c S -12.25c ( -5.0 L  -5.5) LCB -438.52c P  2.38% WF   0.4 PSV       0 N       1  --  M11
M13 : T -105.33c W -90.48c S -14.85c ( -6.9 L  -8.4) LCB -455.33c P  0.47% WF   0.5 PSV       0 N       1  --  M13
K8  : T -85.34c W -73.36c S -11.98c ( -5.2 L  -5.9) LCB -435.34c P  0.30% WF   0.4 PSV       0 N       1  --  K8
M10 : T -105.56c W -90.44c S -15.12c ( -7.5 L -11.0) LCB -455.56c P  0.14% WF   0.5 PSV       0 N       1  --  M10
L9  : T -68.56c W -58.55c S -10.00c ( -3.6 L  -4.5) LCB -418.56c P  0.06% WF   0.3 PSV       0 N       1  --  L9
M9  : T -86.69c W -74.88c S -11.82c ( -5.3 L  -8.7) LCB -436.69c P  0.03% WF   0.4 PSV       0 N       1  --  M9
G9  : T -106.92c W -92.11c S -14.81c ( -7.0 L  -6.2) LCB -456.92c P  0.01% WF   0.2 PSV       0 N       1  --  G9
H12 : T -99.58c W -85.72c S -13.86c ( -6.9 L  -6.4) LCB -449.58c P  0.00% WF   0.1 PSV       0 N       1  --  H12
N12 : T -113.83c W -96.11c S -17.72c ( -9.7 L -13.4) LCB -463.83c P  0.00% WF   0.0 PSV       0 N       1  --  N12

2024-05-23 14:39:23+0800: = F9
2024-05-23 14:39:26+0800: Controller: kata-list_time_settings
2024-05-23 14:39:26+0800: = none absolute byoyomi canadian fischer fischer-capped
2024-05-23 14:39:26+0800: Controller: play black d2
2024-05-23 14:39:26+0800: = 
2024-05-23 14:39:26+0800: Controller: genmove white
2024-05-23 14:39:26+0800: MoveNum: 48 HASH: 387157D93921E2FA9DCAF4A414DB141E
   A B C D E F G H J K L M N
13 . . . . . . . . . . . . .
12 . O X . . . X . . O O X .
11 . O O . X X . O O X X . .
10 . O . X . O . O X O X . .
 9 . X O X X O2. O X O . . .
 8 . . . O O O X O X . . X .
 7 . . O . . X . X . X . . .
 6 . . . . . . X1. X . X . .
 5 . . O X . . . . . . . . .
 4 . . . O . . . . . X . . .
 3 . . . . . @ . . . . . . .
 2 . . . X3. . . . . . . . .
 1 . . . . . . . . . . . . .

koPOSITIONALscoreAREAtaxNONEsui1komi3.5
Time taken: 0.515
Root visits: 436
New playouts: 436
NN rows: 419
NN batches: 34
NN avg batch size: 12.3235
PlayoutDoublingAdvantage: 0.5
PV: F3 F2 E3 E2 G3 C4 C3 D3 B4
Tree:
: T  98.96c W  95.95c S   3.40c ( +6.2 L  +6.1) N     436  --  F3 F2 E3 E2 G3 C4 C3
---White(^)---
F3  : T 101.78c W  97.75c S   4.35c ( +6.7 L  +6.7) LCB   97.97c P 18.33% WF 254.8 PSV     363 N     115  --  F3 F2 E3 E2 G3 C4 C3 D3
E3  : T 100.68c W  96.88c S   4.54c ( +6.8 L  +6.8) LCB   96.25c P 39.51% WF 220.1 PSV     219 N     121  --  E3 E2 F3 F2 G3 C4 C3 D3
D3  : T  95.73c W  96.48c S  -0.83c ( +3.7 L  +3.5) LCB   92.90c P 25.26% WF  96.3 PSV      55 N      52  --  D3 E2 F3 E3 E4 F4 C2 C3
J2  : T  97.97c W  94.01c S   4.10c ( +6.8 L  +6.5) LCB   93.29c P  9.35% WF  42.8 PSV      29 N      31  --  J2 F2 L3 K3 K2 M3 M2
K3  : T  98.09c W  93.84c S   3.85c ( +6.6 L  +6.4) LCB   92.34c P  0.70% WF  35.3 PSV       2 N      27  --  K3 E3 J2 L2 L3 M3
K8  : T  95.15c W  93.90c S   0.60c ( +4.5 L  +4.3) LCB   87.46c P  0.55% WF  19.6 PSV       1 N      18  --  K8 E4 D3 E3 C2 C4 C3
F4  : T  77.39c W  80.66c S  -3.27c ( +2.3 L  +1.9) LCB -272.61c P  1.96% WF   1.0 PSV       1 N       1  --  F4
E2  : T  84.30c W  88.04c S  -1.55c ( +3.3 L  +2.8) LCB   40.24c P  0.54% WF   4.0 PSV       0 N       4  --  E2 E3 D3 F2
K2  : T  86.14c W  88.41c S   1.32c ( +5.0 L  +4.4) LCB   34.23c P  0.37% WF   4.8 PSV       0 N       4  --  K2 H2 L4
M11 : T  68.40c W  71.78c S  -3.38c ( +2.2 L  +1.7) LCB -281.60c P  0.99% WF   0.7 PSV       0 N       1  --  M11

2024-05-23 14:39:26+0800: = F3
2024-05-23 14:39:29+0800: Controller: kata-list_time_settings
2024-05-23 14:39:29+0800: = none absolute byoyomi canadian fischer fischer-capped
2024-05-23 14:39:29+0800: Controller: play black f2
2024-05-23 14:39:29+0800: = 
2024-05-23 14:39:29+0800: Controller: genmove white
2024-05-23 14:39:30+0800: MoveNum: 50 HASH: C6FD20351BE6A650D521169B4953DB0B
   A B C D E F G H J K L M N
13 . . . . . . . . . . . . .
12 . O X . . . X . . O O X .
11 . O O . X X . O O X X . .
10 . O . X . O . O X O X . .
 9 . X O X X O . O X O . . .
 8 . . . O O O X O X . . X .
 7 . . O . . X . X . X . . .
 6 . . . . . . X . X . X . .
 5 . . O X . . . . . . . . .
 4 . . . O . . . . . X . . .
 3 . . . . . O2@ . . . . . .
 2 . . . X1. X3. . . . . . .
 1 . . . . . . . . . . . . .

koPOSITIONALscoreAREAtaxNONEsui1komi3.5
Time taken: 0.5
Root visits: 476
New playouts: 476
NN rows: 434
NN batches: 48
NN avg batch size: 9.04167
PlayoutDoublingAdvantage: 0.375
PV: G3 E3 E4 F4 D3 E2 C2 C3 C4 C1 B3
Tree:
: T  98.29c W  96.89c S   1.72c ( +5.3 L  +5.1) N     476  --  G3 E3 E4 F4 D3 E2 C2
---White(^)---
G3  : T 100.33c W  97.91c S   2.45c ( +5.7 L  +5.6) LCB   98.01c P 16.56% WF 155.2 PSV     702 N      74  --  G3 E3 E4 F4 D3 E2 C2 C3
D3  : T  98.15c W  97.77c S   0.55c ( +4.6 L  +4.4) LCB   96.52c P 34.94% WF 265.8 PSV     267 N     123  --  D3 E2 C2 E3 E4 F4 G3 C3
E3  : T 100.84c W  97.58c S   3.82c ( +6.5 L  +6.5) LCB   97.49c P 27.28% WF 242.4 PSV     239 N     122  --  E3 E2 G3 C3 J3 C4 L2 H2
E4  : T  94.03c W  95.82c S  -1.02c ( +3.8 L  +3.5) LCB   88.52c P 18.05% WF  74.5 PSV      44 N      43  --  E4 G3 G4 H3 C3 L13 J12 C2
K8  : T  97.06c W  95.92c S   0.57c ( +4.6 L  +4.5) LCB   91.91c P  0.34% WF  39.7 PSV       1 N      27  --  K8 J7 E3 E2 G3 C3
G4  : T  96.06c W  95.74c S   0.58c ( +4.6 L  +4.4) LCB   90.34c P  0.46% WF  35.8 PSV       1 N      26  --  G4 C3 C4 E3 E4
M11 : T  74.29c W  77.75c S  -3.46c ( +2.4 L  +1.9) LCB -275.71c P  0.45% WF   0.8 PSV       0 N       1  --  M11
G2  : T  80.96c W  80.98c S  -0.02c ( +4.2 L  +3.6) LCB -269.04c P  0.31% WF   0.8 PSV       0 N       1  --  G2
F4  : T  79.77c W  83.46c S  -3.70c ( +2.3 L  +1.9) LCB -270.23c P  0.30% WF   1.0 PSV       0 N       1  --  F4
M9  : T  66.73c W  69.66c S  -2.93c ( +2.5 L  +2.1) LCB -283.27c P  0.29% WF   0.7 PSV       0 N       1  --  M9

2024-05-23 14:39:30+0800: = G3
2024-05-23 14:39:33+0800: Controller: kata-list_time_settings
2024-05-23 14:39:33+0800: = none absolute byoyomi canadian fischer fischer-capped
2024-05-23 14:39:33+0800: Controller: play black c4
2024-05-23 14:39:33+0800: = 
2024-05-23 14:39:33+0800: Controller: genmove white
2024-05-23 14:39:33+0800: MoveNum: 52 HASH: 6EAF802C9790C1D916232CB353E6F1A2
   A B C D E F G H J K L M N
13 . . . . . . . . . . . . .
12 . O X . . . X . . O O X .
11 . O O . X X . O O X X . .
10 . O . X . O . O X O X . .
 9 . X O X X O . O X O . . .
 8 . . . O O O X O X . . X .
 7 . . O . . X . X . X . . .
 6 . . . . . . X . X . X . .
 5 . . O X . . . . . . . . .
 4 . . X3O . . . . . X . . .
 3 . . . @ . O O2. . . . . .
 2 . . . X . X1. . . . . . .
 1 . . . . . . . . . . . . .

koPOSITIONALscoreAREAtaxNONEsui1komi3.5
Time taken: 0.5
Root visits: 417
New playouts: 417
NN rows: 388
NN batches: 35
NN avg batch size: 11.0857
PlayoutDoublingAdvantage: 0.25
PV: D3 C3 E2 E1 E3 B5 C2 B2 D1 H2 C6 B1
Tree:
: T 100.92c W  97.29c S   3.97c ( +7.6 L  +7.8) N     417  --  D3 C3 E2 E1 E3 B5 C2
---White(^)---
D3  : T 103.07c W  98.57c S   4.73c ( +8.0 L  +8.3) LCB  100.77c P 63.22% WF 585.7 PSV     578 N     239  --  D3 C3 E2 E1 E3 B5 C2 B2
J2  : T 100.04c W  97.43c S   2.78c ( +6.9 L  +7.1) LCB   96.24c P  5.74% WF  79.1 PSV      21 N      43  --  J2 E4 L3 H2 H3 J3
J3  : T  98.21c W  96.14c S   2.29c ( +6.7 L  +6.7) LCB   86.92c P  3.61% WF  63.6 PSV       9 N      39  --  J3 E3 E4 C3 L2
E4  : T  62.19c W  75.08c S  -3.19c ( +3.3 L  +3.2) LCB   -6.20c P 10.04% WF   6.4 PSV       4 N       8  --  E4 C3 B5 G2 H3
E3  : T  72.78c W  87.07c S  -2.87c ( +3.7 L  +3.5) LCB   28.31c P  6.56% WF   5.7 PSV       3 N       6  --  E3 D3 E4 B5 C3
K2  : T  87.25c W  88.75c S  -1.39c ( +4.5 L  +4.3) LCB   68.02c P  1.30% WF  12.2 PSV       1 N      12  --  K2 E4 K3 M3 E3
K3  : T  74.52c W  79.73c S  -2.80c ( +3.6 L  +3.3) LCB  -76.87c P  0.45% WF   1.5 PSV       0 N       2  --  K3 J3
C3  : T -80.56c W -67.88c S -12.68c ( -3.4 L  -5.5) LCB -430.56c P  8.21% WF   0.3 PSV       0 N       1  --  C3
E5  : T  69.75c W  73.84c S  -4.09c ( +2.8 L  +2.4) LCB -280.25c P  0.52% WF   0.7 PSV       0 N       1  --  E5
E2  : T  39.09c W  44.97c S  -5.88c ( +1.8 L  +1.3) LCB -310.91c P  0.07% WF   0.5 PSV       0 N       1  --  E2

2024-05-23 14:39:33+0800: = D3
2024-05-23 14:39:37+0800: Controller: quit
2024-05-23 14:39:37+0800: Quit requested by controller
2024-05-23 14:39:37+0800: = 
2024-05-23 14:39:37+0800: GPU -1 finishing, processed 76848 rows 6130 batches
2024-05-23 14:39:37+0800: All cleaned up, quitting
