2024-06-20 17:46:57-0400: Running with following config:
allowResignation = true
lagBuffer = 1.0
logAllGTPCommunication = true
logDir = gtp_logs
logSearchInfo = true
logSearchInfoForChosenMove = false
logToStderr = false
maxTime = 1.0
maxTimePondering = 120.0
numSearchThreads = 32
ogsChatToStderr = true
ponderingEnabled = true
resignConsecTurns = 3
resignThreshold = -0.90
rules = tromp-taylor
searchFactorAfterOnePass = 0.50
searchFactorAfterTwoPass = 0.25
searchFactorWhenWinning = 0.40
searchFactorWhenWinningThreshold = 0.95

2024-06-20 17:46:57-0400: GTP Engine starting...
2024-06-20 17:46:57-0400: KataGo v1.14.1
2024-06-20 17:46:57-0400: Using TrompTaylor rules initially, unless GTP/GUI overrides this
2024-06-20 17:46:57-0400: Using 32 CPU thread(s) for search
2024-06-20 17:46:57-0400: nnRandSeed0 = 11940895795522489656
2024-06-20 17:46:57-0400: After dedups: nnModelFile0 = C:/Users/chang/Downloads/kata1-b18c384nbt-s9937771520-d4300882049.bin.gz useFP16 auto useNHWC auto
2024-06-20 17:46:57-0400: Initializing neural net buffer to be size 19 * 19 exactly
2024-06-20 17:46:59-0400: Found OpenCL Platform 0: NVIDIA CUDA (NVIDIA Corporation) (OpenCL 3.0 CUDA 12.5.51)
2024-06-20 17:46:59-0400: Found 1 device(s) on platform 0 with type CPU or GPU or Accelerator
2024-06-20 17:46:59-0400: Found OpenCL Platform 1: Intel(R) OpenCL Graphics (Intel(R) Corporation) (OpenCL 3.0 )
2024-06-20 17:46:59-0400: Found 1 device(s) on platform 1 with type CPU or GPU or Accelerator
2024-06-20 17:46:59-0400: Found OpenCL Device 0: NVIDIA GeForce RTX 4060 Laptop GPU (NVIDIA Corporation) (score 11000300)
2024-06-20 17:46:59-0400: Found OpenCL Device 1: Intel(R) UHD Graphics (Intel(R) Corporation) (score 6000300)
2024-06-20 17:46:59-0400: Creating context for OpenCL Platform: NVIDIA CUDA (NVIDIA Corporation) (OpenCL 3.0 CUDA 12.5.51)
2024-06-20 17:46:59-0400: Using OpenCL Device 0: NVIDIA GeForce RTX 4060 Laptop GPU (NVIDIA Corporation) OpenCL 3.0 CUDA (Extensions: cl_khr_global_int32_base_atomics cl_khr_global_int32_extended_atomics cl_khr_local_int32_base_atomics cl_khr_local_int32_extended_atomics cl_khr_fp64 cl_khr_3d_image_writes cl_khr_byte_addressable_store cl_khr_icd cl_khr_gl_sharing cl_nv_compiler_options cl_nv_device_attribute_query cl_nv_pragma_unroll cl_nv_d3d10_sharing cl_khr_d3d10_sharing cl_nv_d3d11_sharing cl_nv_copy_opts cl_nv_create_buffer cl_khr_int64_base_atomics cl_khr_int64_extended_atomics cl_khr_device_uuid cl_khr_pci_bus_info cl_khr_external_semaphore cl_khr_external_memory cl_khr_external_semaphore_win32 cl_khr_external_memory_win32)
2024-06-20 17:46:59-0400: Loaded tuning parameters from: C:\Users\chang\Downloads\katago-v1.14.1-opencl-windows-x64/KataGoData/opencltuning/tune11_gpuNVIDIAGeForceRTX4060LaptopGPU_x19_y19_c384_mv14.txt
2024-06-20 17:47:00-0400: OpenCL backend thread 0: Model version 14
2024-06-20 17:47:00-0400: OpenCL backend thread 0: Model name: kata1-b18c384nbt-s9937771520-d4300882049
2024-06-20 17:47:01-0400: OpenCL backend thread 0: FP16Storage true FP16Compute false FP16TensorCores true FP16TensorCoresFor1x1 false
2024-06-20 17:47:01-0400: Loaded neural net with nnXLen 19 nnYLen 19
2024-06-20 17:47:01-0400: Initializing board with boardXSize 19 boardYSize 19
2024-06-20 17:47:01-0400: Loaded config C:\Users\chang\Downloads\katago-v1.14.1-cuda12.1-cudnn8.9.7-windows-x64/default_gtp.cfg
2024-06-20 17:47:01-0400: Loaded model C:/Users/chang/Downloads/kata1-b18c384nbt-s9937771520-d4300882049.bin.gz
2024-06-20 17:47:01-0400: Model name: kata1-b18c384nbt-s9937771520-d4300882049
2024-06-20 17:47:01-0400: GTP ready, beginning main protocol loop
2024-06-20 17:47:01-0400: Controller: list_commands
2024-06-20 17:47:01-0400: = protocol_version
name
version
known_command
list_commands
quit
boardsize
rectangular_boardsize
clear_board
set_position
komi
get_komi
play
undo
kata-get-rules
kata-set-rule
kata-set-rules
kata-get-param
kata-set-param
kata-list-params
kgs-rules
genmove
genmove_debug
search_debug
clear_cache
showboard
fixed_handicap
place_free_handicap
set_free_handicap
time_settings
kgs-time_settings
time_left
kata-list_time_settings
kata-time_settings
final_score
final_status_list
loadsgf
printsgf
lz-genmove_analyze
kata-genmove_analyze
lz-analyze
kata-analyze
kata-raw-nn
cputime
gomill-cpu_time
kata-benchmark
kata-debug-print-tc
debug_moves
stop
2024-06-20 17:47:01-0400: Controller: boardsize 9
2024-06-20 17:47:01-0400: GPU -1 finishing, processed 0 rows 0 batches
2024-06-20 17:47:01-0400: Cleaned up old neural net and bot
2024-06-20 17:47:01-0400: nnRandSeed0 = 11472316288333748755
2024-06-20 17:47:01-0400: After dedups: nnModelFile0 = C:/Users/chang/Downloads/kata1-b18c384nbt-s9937771520-d4300882049.bin.gz useFP16 auto useNHWC auto
2024-06-20 17:47:01-0400: Initializing neural net buffer to be size 9 * 9 exactly
2024-06-20 17:47:03-0400: Found OpenCL Platform 0: NVIDIA CUDA (NVIDIA Corporation) (OpenCL 3.0 CUDA 12.5.51)
2024-06-20 17:47:03-0400: Found 1 device(s) on platform 0 with type CPU or GPU or Accelerator
2024-06-20 17:47:03-0400: Found OpenCL Platform 1: Intel(R) OpenCL Graphics (Intel(R) Corporation) (OpenCL 3.0 )
2024-06-20 17:47:03-0400: Found 1 device(s) on platform 1 with type CPU or GPU or Accelerator
2024-06-20 17:47:03-0400: Found OpenCL Device 0: NVIDIA GeForce RTX 4060 Laptop GPU (NVIDIA Corporation) (score 11000300)
2024-06-20 17:47:03-0400: Found OpenCL Device 1: Intel(R) UHD Graphics (Intel(R) Corporation) (score 6000300)
2024-06-20 17:47:03-0400: Creating context for OpenCL Platform: NVIDIA CUDA (NVIDIA Corporation) (OpenCL 3.0 CUDA 12.5.51)
2024-06-20 17:47:03-0400: Using OpenCL Device 0: NVIDIA GeForce RTX 4060 Laptop GPU (NVIDIA Corporation) OpenCL 3.0 CUDA (Extensions: cl_khr_global_int32_base_atomics cl_khr_global_int32_extended_atomics cl_khr_local_int32_base_atomics cl_khr_local_int32_extended_atomics cl_khr_fp64 cl_khr_3d_image_writes cl_khr_byte_addressable_store cl_khr_icd cl_khr_gl_sharing cl_nv_compiler_options cl_nv_device_attribute_query cl_nv_pragma_unroll cl_nv_d3d10_sharing cl_khr_d3d10_sharing cl_nv_d3d11_sharing cl_nv_copy_opts cl_nv_create_buffer cl_khr_int64_base_atomics cl_khr_int64_extended_atomics cl_khr_device_uuid cl_khr_pci_bus_info cl_khr_external_semaphore cl_khr_external_memory cl_khr_external_semaphore_win32 cl_khr_external_memory_win32)
2024-06-20 17:47:03-0400: Loaded tuning parameters from: C:\Users\chang\Downloads\katago-v1.14.1-opencl-windows-x64/KataGoData/opencltuning/tune11_gpuNVIDIAGeForceRTX4060LaptopGPU_x19_y19_c384_mv14.txt
2024-06-20 17:47:03-0400: OpenCL backend thread 0: Model version 14
2024-06-20 17:47:03-0400: OpenCL backend thread 0: Model name: kata1-b18c384nbt-s9937771520-d4300882049
2024-06-20 17:47:05-0400: OpenCL backend thread 0: FP16Storage true FP16Compute false FP16TensorCores true FP16TensorCoresFor1x1 false
2024-06-20 17:47:05-0400: Loaded neural net with nnXLen 9 nnYLen 9
2024-06-20 17:47:05-0400: Initializing board with boardXSize 9 boardYSize 9
2024-06-20 17:47:05-0400: = 
2024-06-20 17:47:05-0400: Controller: clear_board
2024-06-20 17:47:05-0400: = 
2024-06-20 17:47:05-0400: Controller: komi 5.5
2024-06-20 17:47:05-0400: = 
2024-06-20 17:47:05-0400: Controller: play black e5
2024-06-20 17:47:05-0400: = 
2024-06-20 17:47:05-0400: Controller: genmove white
2024-06-20 17:47:06-0400: MoveNum: 1 HASH: 38E71B648B5DE3A43B414F57C285AD76
   A B C D E F G H J
 9 . . . . . . . . .
 8 . . . . . . . . .
 7 . . . . . . . . .
 6 . . . . . . . . .
 5 . . . . X1. . . .
 4 . . @ . . . . . .
 3 . . . . . . . . .
 2 . . . . . . . . .
 1 . . . . . . . . .

koPOSITIONALscoreAREAtaxNONEsui1komi5.5
Time taken: 1.391
Root visits: 610
New playouts: 610
NN rows: 605
NN batches: 23
NN avg batch size: 26.3043
PV: C4 D3 C6 G6 D7 C3 G4 F3 H5 G3 H6 G7 H3 H2 J2 G2 H7
Tree:
: T -38.42c W -37.20c S  -2.12c ( -1.2 L  -0.8) N     610  --  C4 D3 C6 G6 D7 C3 G4
---White(^)---
C4  : T -34.51c W -33.72c S  -1.89c ( -1.1 L  -0.7) LCB  -40.70c P  8.51% WF 291.2 PSV     283 N     318  --  C4 D3 C6 G6 D7 C3 G4 F3
C5  : T -38.30c W -37.36c S  -2.11c ( -1.2 L  -0.8) LCB  -44.63c P  5.76% WF 221.7 PSV      26 N     215  --  C5 G4 F7 D6 D3 C6 G6 E8
C3  : T -57.85c W -53.36c S  -2.99c ( -1.6 L  -0.9) LCB  -69.70c P  0.90% WF  45.8 PSV       0 N      45  --  C3 C5 F3 F7 G4
D4  : T -80.79c W -78.14c S  -4.60c ( -2.5 L  -1.5) LCB -104.64c P  0.02% WF   1.6 PSV       0 N       6  --  D4 E4 D3 D5
D5  : T -95.13c W -88.25c S  -6.11c ( -3.4 L  -1.9) LCB -129.53c P  0.01% WF   0.8 PSV       0 N       6  --  D5 D4 C4
B5  : T -83.79c W -80.93c S  -5.25c ( -2.6 L  -2.0) LCB -111.21c P  0.01% WF   0.7 PSV       0 N       6  --  B5 C6
B4  : T -95.43c W -89.10c S  -6.55c ( -3.2 L  -2.4) LCB -150.53c P  0.00% WF   0.4 PSV       0 N       4  --  B4 D3 C6
B3  : T -101.53c W -95.48c S  -9.07c ( -4.2 L  -3.8) LCB -287.04c P  0.00% WF   0.2 PSV       0 N       2  --  B3 G6
pss : T -120.14c W -99.72c S -20.42c (-10.7 L -10.6) LCB -470.14c P  0.01% WF   0.5 PSV       0 N       1  --  pass
A3  : T -115.96c W -98.92c S -17.04c ( -8.3 L  -7.8) LCB -465.96c P  0.00% WF   0.2 PSV       0 N       1  --  A3

2024-06-20 17:47:06-0400: = C4
2024-06-20 17:47:08-0400: Controller: kata-list_time_settings
2024-06-20 17:47:08-0400: = none absolute byoyomi canadian fischer fischer-capped
2024-06-20 17:47:08-0400: Controller: play black e3
2024-06-20 17:47:08-0400: = 
2024-06-20 17:47:08-0400: Controller: genmove white
2024-06-20 17:47:09-0400: MoveNum: 3 HASH: 21F1845856A6AD3C39A2EF4F2A23DE68
   A B C D E F G H J
 9 . . . . . . . . .
 8 . . . . . . . . .
 7 . . . . . . . . .
 6 . . . . . . @ . .
 5 . . . . X1. . . .
 4 . . O2. . . . . .
 3 . . . . X3. . . .
 2 . . . . . . . . .
 1 . . . . . . . . .

koPOSITIONALscoreAREAtaxNONEsui1komi5.5
Time taken: 1.047
Root visits: 1956
New playouts: 1159
NN rows: 570
NN batches: 24
NN avg batch size: 23.75
PV: G6 G4 F7 C6 D3 E2 B5 B6 D2 E8 E7 D7 F8 B3 B2 B1 C1 A2 A1 D8 F4 E4 A6 H5 H6
Tree:
: T -25.97c W -27.23c S  -0.74c ( -1.1 L  -0.8) N    1956  --  G6 G4 F7 C6 D3 E2 B5
---White(^)---
G6  : T -25.06c W -26.27c S  -0.76c ( -1.1 L  -0.8) LCB  -28.88c P 60.49% WF 1344.4 PSV    1336 N    1713  --  G6 G4 F7 C6 D3 E2 B5 B6
C6  : T -28.91c W -30.84c S  -0.42c ( -0.9 L  -0.6) LCB  -38.08c P 25.37% WF 156.0 PSV     161 N     196  --  C6 G6 E7 F7 E6 D5 F6 F5
F7  : T -38.16c W -39.66c S  -1.08c ( -1.2 L  -0.7) LCB  -55.19c P  7.80% WF  26.7 PSV      25 N      38  --  F7 C6 D7 D6 G6 G5
D6  : T -64.52c W -61.44c S  -3.08c ( -2.2 L  -1.3) LCB -414.52c P  1.62% WF   1.1 PSV       1 N       1  --  D6
D3  : T -72.35c W -69.84c S  -2.51c ( -1.9 L  -0.7) LCB -422.35c P  1.00% WF   1.2 PSV       1 N       1  --  D3
G5  : T -58.45c W -56.31c S  -2.14c ( -1.8 L  -0.8) LCB -408.45c P  0.71% WF   1.4 PSV       1 N       1  --  G5
G4  : T -69.20c W -65.78c S  -3.41c ( -2.4 L  -1.1) LCB -419.20c P  0.71% WF   1.2 PSV       0 N       1  --  G4
C7  : T -62.93c W -60.35c S  -2.58c ( -2.0 L  -0.9) LCB -412.93c P  0.69% WF   1.1 PSV       0 N       1  --  C7
F4  : T -71.59c W -68.84c S  -2.75c ( -2.1 L  -1.1) LCB -421.59c P  0.46% WF   1.2 PSV       0 N       1  --  F4
G7  : T -69.37c W -66.17c S  -3.20c ( -2.3 L  -1.0) LCB -419.37c P  0.40% WF   1.1 PSV       0 N       1  --  G7

2024-06-20 17:47:09-0400: = G6
2024-06-20 17:47:11-0400: Controller: kata-list_time_settings
2024-06-20 17:47:11-0400: = none absolute byoyomi canadian fischer fischer-capped
2024-06-20 17:47:11-0400: Controller: play black c6
2024-06-20 17:47:11-0400: = 
2024-06-20 17:47:11-0400: Controller: genmove white
2024-06-20 17:47:12-0400: MoveNum: 5 HASH: 959A6A2CCB732A3012B166CE2D680B68
   A B C D E F G H J
 9 . . . . . . . . .
 8 . . . . . . . . .
 7 . . . . . @ . . .
 6 . . X3. . . O2. .
 5 . . . . X . . . .
 4 . . O . . . . . .
 3 . . . . X1. . . .
 2 . . . . . . . . .
 1 . . . . . . . . .

koPOSITIONALscoreAREAtaxNONEsui1komi5.5
Time taken: 1.062
Root visits: 2842
New playouts: 685
NN rows: 594
NN batches: 25
NN avg batch size: 23.76
PV: F7 G4 D3 E2 B5 B6 D2 E8 E7 D8 H5 B3 C5 F8 H4 H3 G8 B2 E4 F5 G2 G3
Tree:
: T -23.15c W -23.95c S  -0.65c ( -1.1 L  -0.8) N    2842  --  F7 G4 D3 E2 B5 B6 D2
---White(^)---
F7  : T -22.85c W -23.67c S  -0.63c ( -1.1 L  -0.8) LCB  -26.60c P 95.37% WF 1947.1 PSV    1945 N    2831  --  F7 G4 D3 E2 B5 B6 D2 E8
D3  : T -68.28c W -67.29c S  -2.67c ( -2.1 L  -1.1) LCB -126.50c P  1.11% WF   4.6 PSV       1 N       4  --  D3 E2 F7
E7  : T -70.75c W -68.08c S  -2.67c ( -2.1 L  -1.0) LCB -420.75c P  0.78% WF   1.2 PSV       1 N       1  --  E7
D7  : T -79.70c W -76.27c S  -3.43c ( -2.5 L  -1.3) LCB -429.70c P  0.67% WF   1.1 PSV       0 N       1  --  D7
F4  : T -63.10c W -60.58c S  -2.52c ( -2.0 L  -1.5) LCB -413.10c P  0.47% WF   0.9 PSV       0 N       1  --  F4
D2  : T -75.06c W -71.72c S  -3.34c ( -2.4 L  -1.2) LCB -425.06c P  0.46% WF   1.0 PSV       0 N       1  --  D2
B5  : T -91.28c W -85.85c S  -5.43c ( -3.5 L  -2.4) LCB -441.28c P  0.28% WF   1.1 PSV       0 N       1  --  B5
G4  : T -80.35c W -76.99c S  -3.36c ( -2.4 L  -1.3) LCB -430.35c P  0.22% WF   1.1 PSV       0 N       1  --  G4

2024-06-20 17:47:12-0400: = F7
2024-06-20 17:47:14-0400: Controller: kata-list_time_settings
2024-06-20 17:47:14-0400: = none absolute byoyomi canadian fischer fischer-capped
2024-06-20 17:47:14-0400: Controller: play black g4
2024-06-20 17:47:14-0400: = 
2024-06-20 17:47:14-0400: Controller: genmove white
2024-06-20 17:47:15-0400: MoveNum: 7 HASH: 42AA2D9C603E2BD54B91D5927CD39D20
   A B C D E F G H J
 9 . . . . . . . . .
 8 . . . . . . . . .
 7 . . . . . O2. . .
 6 . . X1. . . O . .
 5 . . . . X . . . .
 4 . . O . . . X3. .
 3 . . . @ X . . . .
 2 . . . . . . . . .
 1 . . . . . . . . .

koPOSITIONALscoreAREAtaxNONEsui1komi5.5
Time taken: 1.093
Root visits: 4308
New playouts: 740
NN rows: 574
NN batches: 25
NN avg batch size: 22.96
PV: D3 E2 B5 B6 D2 E8 E7 D8 H5 B3 C5 F8 H4 H3 G8 B2 E4 F5 D6 D5 D4 F4 G2 E1 F3
Tree:
: T -13.55c W -16.30c S  -0.44c ( -1.0 L  -0.8) N    4308  --  D3 E2 B5 B6 D2 E8 E7
---White(^)---
D3  : T  -8.62c W -12.08c S  -0.30c ( -0.9 L  -0.7) LCB  -12.53c P 36.59% WF 2069.2 PSV    1943 N    3182  --  D3 E2 B5 B6 D2 E8 E7 D8
D2  : T -26.59c W -28.73c S  -0.89c ( -1.2 L  -0.9) LCB  -35.74c P 22.70% WF 177.0 PSV     117 N     282  --  D2 E8 D6 D7 D5 E6 E7 F8
F4  : T -28.47c W -28.26c S  -0.85c ( -1.2 L  -0.9) LCB  -36.67c P 19.11% WF 413.3 PSV      90 N     749  --  F4 F3 B5 C2 D6 D5 C7 B6
D7  : T -40.19c W -40.96c S  -0.98c ( -1.2 L  -1.0) LCB  -56.18c P 16.63% WF  49.8 PSV      50 N      87  --  D7 C5 F4 F5 D4 E4 D3 B2
B5  : T -65.27c W -65.82c S  -2.33c ( -1.9 L  -1.2) LCB -141.69c P  1.89% WF   2.8 PSV       3 N       3  --  B5 C2 F4
H4  : T -59.81c W -57.60c S  -2.20c ( -1.8 L  -1.2) LCB -409.81c P  1.09% WF   1.2 PSV       2 N       1  --  H4
D6  : T -65.63c W -63.66c S  -1.98c ( -1.6 L  -1.0) LCB -415.63c P  0.92% WF   0.9 PSV       1 N       1  --  D6
B6  : T -71.43c W -69.03c S  -2.41c ( -1.8 L  -1.2) LCB -421.43c P  0.54% WF   1.1 PSV       0 N       1  --  B6
C2  : T -77.87c W -74.42c S  -3.45c ( -2.5 L  -1.0) LCB -427.87c P  0.16% WF   1.1 PSV       0 N       1  --  C2

2024-06-20 17:47:15-0400: = D3
2024-06-20 17:47:17-0400: Controller: kata-list_time_settings
2024-06-20 17:47:17-0400: = none absolute byoyomi canadian fischer fischer-capped
2024-06-20 17:47:17-0400: Controller: play black e2
2024-06-20 17:47:17-0400: = 
2024-06-20 17:47:17-0400: Controller: genmove white
2024-06-20 17:47:18-0400: MoveNum: 9 HASH: B4AA706D8F37E7A2E87B628F888A8E05
   A B C D E F G H J
 9 . . . . . . . . .
 8 . . . . . . . . .
 7 . . . . . O . . .
 6 . . X . . . O . .
 5 . @ . . X . . . .
 4 . . O . . . X1. .
 3 . . . O2X . . . .
 2 . . . . X3. . . .
 1 . . . . . . . . .

koPOSITIONALscoreAREAtaxNONEsui1komi5.5
Time taken: 1.11
Root visits: 5650
New playouts: 810
NN rows: 586
NN batches: 27
NN avg batch size: 21.7037
PV: B5 E8 F4 G5 E7 D7 F8 D8 D2 F5 H5 H4 H6 B6 A6 H8 H7 D4 B7 B2 D5 E4 B3 C2
Tree:
: T -15.36c W -17.66c S  -0.67c ( -1.0 L  -0.8) N    5650  --  B5 E8 F4 G5 E7 D7 F8
---White(^)---
B5  : T -14.18c W -16.54c S  -0.63c ( -1.0 L  -0.8) LCB  -17.49c P 59.54% WF 3133.1 PSV    3102 N    5444  --  B5 E8 F4 G5 E7 D7 F8 D8
D2  : T -44.86c W -46.48c S  -1.64c ( -1.5 L  -1.0) LCB  -57.79c P 17.98% WF  54.6 PSV      68 N      73  --  D2 B5 B4 E8 E7 D7 F8 D8
D6  : T -22.42c W -26.26c S  -0.90c ( -1.1 L  -0.8) LCB  -38.91c P  2.75% WF  45.8 PSV      32 N      71  --  D6 D5 C5 D7 E6 B6 B5 E8
D7  : T -60.91c W -56.59c S  -3.34c ( -2.3 L  -2.1) LCB  -89.85c P 11.82% WF  21.4 PSV      30 N      39  --  D7 C5 D4 D2 E4 F4 D5 D6
B6  : T -64.38c W -60.75c S  -1.88c ( -1.5 L  -1.1) LCB  -81.74c P  5.38% WF  10.2 PSV      12 N      16  --  B6 B5 C5 B7 D6 C7 B4 A6
F4  : T -61.58c W -55.45c S  -2.44c ( -1.9 L  -1.2) LCB -113.60c P  1.67% WF   3.3 PSV       4 N       4  --  F4 E4 B6
C5  : T -64.76c W -62.45c S  -2.30c ( -1.8 L  -1.1) LCB -414.76c P  0.41% WF   0.9 PSV       0 N       1  --  C5
H4  : T -88.69c W -84.00c S  -4.69c ( -2.8 L  -1.9) LCB -438.69c P  0.13% WF   1.0 PSV       0 N       1  --  H4

2024-06-20 17:47:18-0400: = B5
2024-06-20 17:47:20-0400: Controller: kata-list_time_settings
2024-06-20 17:47:20-0400: = none absolute byoyomi canadian fischer fischer-capped
2024-06-20 17:47:20-0400: Controller: play black b6
2024-06-20 17:47:20-0400: = 
2024-06-20 17:47:20-0400: Controller: genmove white
2024-06-20 17:47:22-0400: MoveNum: 11 HASH: 98005A03F8255C0270449E47603A52B7
   A B C D E F G H J
 9 . . . . . . . . .
 8 . . . . . . . . .
 7 . . . . . O . . .
 6 . X3X . . . O . .
 5 . O2. . X . . . .
 4 . . O . . . X . .
 3 . . . O X . . . .
 2 . . . @ X1. . . .
 1 . . . . . . . . .

koPOSITIONALscoreAREAtaxNONEsui1komi5.5
Time taken: 1.125
Root visits: 2382
New playouts: 666
NN rows: 593
NN batches: 26
NN avg batch size: 22.8077
PV: D2 E8 E7 D7 F8 B3 B2 B1 C1 A2 A1 H6 D8 C8 E9 B1 F4 E4 A1 E6 G5 B1 B7 C7 A1
Tree:
: T -15.80c W -16.90c S  -0.89c ( -1.1 L  -1.0) N    2382  --  D2 E8 E7 D7 F8 B3 B2
---White(^)---
D2  : T -15.58c W -16.71c S  -0.88c ( -1.1 L  -1.0) LCB  -20.87c P 94.50% WF 1404.7 PSV    1403 N    2374  --  D2 E8 E7 D7 F8 B3 B2 B1
D7  : T -83.43c W -72.45c S  -4.58c ( -2.9 L  -2.6) LCB -117.12c P  3.73% WF   3.0 PSV       3 N       5  --  D7 C5 D2 D4 B3
F4  : T -63.09c W -60.75c S  -2.34c ( -1.8 L  -1.5) LCB -413.09c P  1.12% WF   0.8 PSV       1 N       1  --  F4
C5  : T -94.70c W -89.39c S  -5.31c ( -3.3 L  -2.8) LCB -444.70c P  0.20% WF   0.9 PSV       0 N       1  --  C5

2024-06-20 17:47:22-0400: = D2
2024-06-20 17:47:24-0400: Controller: kata-list_time_settings
2024-06-20 17:47:24-0400: = none absolute byoyomi canadian fischer fischer-capped
2024-06-20 17:47:24-0400: Controller: play black e8
2024-06-20 17:47:24-0400: = 
2024-06-20 17:47:24-0400: Controller: genmove white
2024-06-20 17:47:25-0400: MoveNum: 13 HASH: D792D5737CA237DC4C41CB196A3C64C3
   A B C D E F G H J
 9 . . . . . . . . .
 8 . . . . X3. . . .
 7 . . . . @ O . . .
 6 . X1X . . . O . .
 5 . O . . X . . . .
 4 . . O . . . X . .
 3 . . . O X . . . .
 2 . . . O2X . . . .
 1 . . . . . . . . .

koPOSITIONALscoreAREAtaxNONEsui1komi5.5
Time taken: 1.047
Root visits: 4081
New playouts: 760
NN rows: 541
NN batches: 24
NN avg batch size: 22.5417
PV: E7 D7 F8 B3 B2 B1 C1 A2 A1 H6 D8 C8 E9 B1 F4 G3 A1 D5 B4 H7 F5 C9 H8 J8 E4
Tree:
: T -25.00c W -24.95c S  -1.50c ( -1.5 L  -1.4) N    4081  --  E7 D7 F8 B3 B2 B1 C1
---White(^)---
E7  : T -23.72c W -23.76c S  -1.51c ( -1.5 L  -1.4) LCB  -29.77c P 61.99% WF 2115.1 PSV    2090 N    3661  --  E7 D7 F8 B3 B2 B1 C1 A2
H4  : T -34.24c W -33.75c S  -1.15c ( -1.3 L  -1.0) LCB  -45.59c P 21.19% WF 140.1 PSV     154 N     245  --  H4 H5 G5 H3 F4 G3 H6 E4
F4  : T -36.63c W -34.96c S  -1.74c ( -1.7 L  -1.4) LCB  -53.47c P 14.21% WF  95.8 PSV     104 N     164  --  F4 F5 E7 D8 H4 G5 H5 H3
H5  : T -43.71c W -50.65c S  -1.55c ( -1.6 L  -0.8) LCB  -79.00c P  0.99% WF   5.9 PSV       5 N       6  --  H5 E7 H4
D6  : T -63.56c W -63.50c S  -1.73c ( -1.6 L  -0.9) LCB -144.29c P  1.04% WF   2.4 PSV       2 N       3  --  D6 D7 E6
F8  : T -86.05c W -82.47c S  -3.57c ( -2.5 L  -1.1) LCB -436.05c P  0.14% WF   1.1 PSV       0 N       1  --  F8

2024-06-20 17:47:25-0400: = E7
2024-06-20 17:47:27-0400: Controller: kata-list_time_settings
2024-06-20 17:47:27-0400: = none absolute byoyomi canadian fischer fischer-capped
2024-06-20 17:47:27-0400: Controller: play black d7
2024-06-20 17:47:27-0400: = 
2024-06-20 17:47:27-0400: Controller: genmove white
2024-06-20 17:47:28-0400: MoveNum: 15 HASH: 436B9EEA8E84E4770325B07392B8FFCC
   A B C D E F G H J
 9 . . . . . . . . .
 8 . . . . X1@ . . .
 7 . . . X3O2O . . .
 6 . X X . . . O . .
 5 . O . . X . . . .
 4 . . O . . . X . .
 3 . . . O X . . . .
 2 . . . O X . . . .
 1 . . . . . . . . .

koPOSITIONALscoreAREAtaxNONEsui1komi5.5
Time taken: 1.063
Root visits: 5214
New playouts: 753
NN rows: 567
NN batches: 23
NN avg batch size: 24.6522
PV: F8 B3 B2 B1 C1 A2 A1 H6 D8 C8 E9 B1 F4 G3 A1 D5 B4 H7 F5 G5 H8 C9 E4 D4 F6
Tree:
: T -40.61c W -39.32c S  -1.36c ( -2.1 L  -2.0) N    5214  --  F8 B3 B2 B1 C1 A2 A1
---White(^)---
F8  : T -40.04c W -38.83c S  -1.42c ( -2.1 L  -2.1) LCB  -44.93c P 79.68% WF 2772.6 PSV    2761 N    4913  --  F8 B3 B2 B1 C1 A2 A1 H6
H4  : T -38.57c W -36.47c S   0.19c ( -1.3 L  -1.1) LCB  -52.02c P  4.47% WF 138.8 PSV     138 N     239  --  H4 H5 G5 H3 F4 G3 H6 F8
H5  : T -90.96c W -86.83c S  -2.90c ( -2.8 L  -2.1) LCB -108.65c P 11.13% WF  19.6 PSV      28 N      21  --  H5 F8 G8 H4 H7 B3 B2 B1
D8  : T -72.32c W -70.74c S  -2.23c ( -2.5 L  -2.0) LCB  -98.03c P  1.73% WF  11.5 PSV       6 N      17  --  D8 C8 F4 E4 H4 B3 B2 B1
F4  : T -63.04c W -59.91c S  -2.01c ( -2.5 L  -2.1) LCB  -91.40c P  1.08% WF   7.8 PSV       5 N      12  --  F4 E4 H4 B3 B2 B1 C1
D6  : T -81.43c W -76.95c S  -1.88c ( -2.3 L  -1.6) LCB -109.80c P  1.09% WF   7.2 PSV       3 N       9  --  D6 C8 F8 F9 G9
E4  : T -89.36c W -77.65c S  -1.50c ( -2.2 L  -2.5) LCB -244.90c P  0.54% WF   1.5 PSV       1 N       2  --  E4 F4

2024-06-20 17:47:28-0400: = F8
2024-06-20 17:47:30-0400: Controller: kata-list_time_settings
2024-06-20 17:47:30-0400: = none absolute byoyomi canadian fischer fischer-capped
2024-06-20 17:47:30-0400: Controller: play black b3
2024-06-20 17:47:30-0400: = 
2024-06-20 17:47:30-0400: Controller: genmove white
2024-06-20 17:47:31-0400: MoveNum: 17 HASH: 74416084C8ACF7CC10B3EAA0E39D77E3
   A B C D E F G H J
 9 . . . . . . . . .
 8 . . . . X O2. . .
 7 . . . X1O O . . .
 6 . X X . . . O . .
 5 . O . . X . . . .
 4 . . O . . . X . .
 3 . X3. O X . . . .
 2 . @ . O X . . . .
 1 . . . . . . . . .

koPOSITIONALscoreAREAtaxNONEsui1komi5.5
Time taken: 1.078
Root visits: 7428
New playouts: 794
NN rows: 572
NN batches: 24
NN avg batch size: 23.8333
PV: B2 B1 C1 A2 A1 H6 D8 C8 E9 B1 F4 G3 A1 D5 B4 H7 F5 G5 H8 C9 E4 D4 F6 J8 D9
Tree:
: T -40.38c W -39.66c S  -1.63c ( -2.8 L  -2.8) N    7428  --  B2 B1 C1 A2 A1 H6 D8
---White(^)---
B2  : T -40.30c W -40.69c S  -0.79c ( -2.2 L  -2.2) LCB  -44.68c P 81.46% WF 3211.6 PSV    3214 N    5762  --  B2 B1 C1 A2 A1 H6 D8 C8
B4  : T -37.93c W -32.81c S  -3.95c ( -4.9 L  -4.9) LCB  -46.14c P  3.35% WF 738.1 PSV     287 N    1470  --  B4 B1 E1 F1 D1 A2 F2 F3
C5  : T -47.24c W -45.53c S  -2.06c ( -3.0 L  -2.7) LCB  -68.36c P  3.14% WF  50.7 PSV      47 N      84  --  C5 B2 D6 D5 E6 C8 E4 F5
A6  : T -71.67c W -62.78c S  -4.99c ( -5.0 L  -4.8) LCB  -93.48c P  7.84% WF  36.6 PSV      37 N      68  --  A6 D4 D5 E4 C5 D6 C3 B2
D5  : T -57.41c W -56.87c S  -3.60c ( -4.1 L  -3.9) LCB  -93.33c P  1.77% WF  14.1 PSV      14 N      24  --  D5 D6 B4 B2 E1 F1 D1 G2
F4  : T -57.81c W -61.17c S  -1.44c ( -2.5 L  -2.2) LCB  -87.81c P  0.82% WF   6.0 PSV       6 N      11  --  F4 E4 B2 B1 C1 A2 A1 H6
E4  : T -73.08c W -71.96c S  -4.73c ( -4.6 L  -4.4) LCB -152.95c P  0.61% WF   3.1 PSV       2 N       4  --  E4 F4 D4 B4
E1  : T -71.41c W -68.44c S  -2.98c ( -3.9 L  -3.7) LCB -421.41c P  0.28% WF   0.8 PSV       1 N       1  --  E1
D6  : T -63.73c W -63.29c S  -0.44c ( -2.0 L  -2.0) LCB -413.73c P  0.16% WF   0.7 PSV       1 N       1  --  D6
D8  : T -96.07c W -91.49c S  -4.57c ( -3.9 L  -3.1) LCB -446.07c P  0.24% WF   0.9 PSV       0 N       1  --  D8

2024-06-20 17:47:31-0400: = B2
2024-06-20 17:47:33-0400: Controller: kata-list_time_settings
2024-06-20 17:47:33-0400: = none absolute byoyomi canadian fischer fischer-capped
2024-06-20 17:47:33-0400: Controller: play black b1
2024-06-20 17:47:33-0400: = 
2024-06-20 17:47:33-0400: Controller: genmove white
2024-06-20 17:47:34-0400: MoveNum: 19 HASH: E21D3E43D6E488220AEFA87FCA651CB8
   A B C D E F G H J
 9 . . . . . . . . .
 8 . . . . X O . . .
 7 . . . X O O . . .
 6 . X X . . . O . .
 5 . O . . X . . . .
 4 . . O . . . X . .
 3 . X1. O X . . . .
 2 . O2. O X . . . .
 1 . X3@ . . . . . .

koPOSITIONALscoreAREAtaxNONEsui1komi5.5
Time taken: 1.062
Root visits: 8201
New playouts: 845
NN rows: 550
NN batches: 24
NN avg batch size: 22.9167
PV: C1 A2 A1 H6 D8 C8 E9 B1 F4 G3 A1 D5 B4 H7 F5 G5 H8 C9 E4 D4 F6 J8 D9 B1 C2
Tree:
: T -42.99c W -41.09c S  -1.81c ( -2.5 L  -2.6) N    8201  --  C1 A2 A1 H6 D8 C8 E9
---White(^)---
C1  : T -41.81c W -40.19c S  -1.60c ( -2.4 L  -2.5) LCB  -45.67c P 70.04% WF 4491.4 PSV    4440 N    8024  --  C1 A2 A1 H6 D8 C8 E9 B1
E1  : T -96.97c W -78.23c S -12.59c ( -9.0 L  -9.1) LCB -125.91c P 11.40% WF  50.0 PSV      37 N      88  --  E1 C2 A2 C3 D4 B4 E4 F4
C3  : T -100.74c W -86.42c S -12.38c ( -8.0 L  -8.0) LCB -157.79c P  9.30% WF  21.2 PSV      29 N      21  --  C3 D1 C1 C2 F4 A2 F5
C2  : T -80.92c W -71.66c S  -7.62c ( -6.3 L  -6.6) LCB -109.63c P  2.44% WF  10.7 PSV      11 N      20  --  C2 B4 C5 A5 A4 A6 A2 A3
F4  : T -62.24c W -62.66c S  -2.33c ( -2.7 L  -2.4) LCB  -91.59c P  0.78% WF   7.0 PSV       6 N      12  --  F4 E4 C1 A2 A1 H6 G5 B1
D1  : T -87.81c W -77.79c S  -7.11c ( -5.7 L  -6.4) LCB -110.93c P  1.59% WF   4.8 PSV       6 N       8  --  D1 A2 C5 A5 A4 A6 D6 D5
D5  : T -83.54c W -76.40c S  -3.81c ( -3.7 L  -3.4) LCB -112.71c P  1.05% WF   3.8 PSV       4 N       6  --  D5 D6 C1 A2 A1
D6  : T -77.04c W -76.33c S  -4.73c ( -4.1 L  -5.3) LCB -114.51c P  0.85% WF   3.0 PSV       4 N       5  --  D6 D5 C2 B4
E4  : T -66.96c W -61.89c S  -3.68c ( -3.8 L  -4.1) LCB -105.22c P  0.52% WF   5.5 PSV       3 N      10  --  E4 F4 E1 B4 C5 A5
C5  : T -83.07c W -73.48c S  -4.06c ( -3.9 L  -5.1) LCB -160.89c P  0.58% WF   1.7 PSV       2 N       3  --  C5 C2 D6

2024-06-20 17:47:34-0400: = C1
2024-06-20 17:47:36-0400: Controller: kata-list_time_settings
2024-06-20 17:47:36-0400: = none absolute byoyomi canadian fischer fischer-capped
2024-06-20 17:47:36-0400: Controller: play black a2
2024-06-20 17:47:36-0400: = 
2024-06-20 17:47:36-0400: Controller: genmove white
2024-06-20 17:47:37-0400: MoveNum: 21 HASH: D39C1BF3617F797CC5B67B2681654618
   A B C D E F G H J
 9 . . . . . . . . .
 8 . . . . X O . . .
 7 . . . X O O . . .
 6 . X X . . . O . .
 5 . O . . X . . . .
 4 . . O . . . X . .
 3 . X . O X . . . .
 2 X3O . O X . . . .
 1 @ X1O2. . . . . .

koPOSITIONALscoreAREAtaxNONEsui1komi5.5
Time taken: 1.062
Root visits: 12176
New playouts: 2337
NN rows: 558
NN batches: 23
NN avg batch size: 24.2609
PV: A1 H6 D6 C8 D5 B1 E4 F4 A1 H7 E9 D8 E6 D4 B8 B9 E4 B1 F5 C2 H5 G5 F3 G3 F2
Tree:
: T -38.32c W -36.40c S  -1.29c ( -2.4 L  -2.4) N   12176  --  A1 H6 D6 C8 D5 B1 E4
---White(^)---
A1  : T -38.08c W -36.19c S  -1.27c ( -2.3 L  -2.4) LCB  -41.30c P 94.22% WF 6178.2 PSV    6168 N   12108  --  A1 H6 D6 C8 D5 B1 E4 F4
F4  : T -67.18c W -64.60c S  -2.65c ( -2.9 L  -2.9) LCB  -86.47c P  3.58% WF  32.4 PSV      27 N      58  --  F4 E4 A1 H6 G5 B1 D8 C8
C2  : T -112.83c W -91.17c S -15.90c (-11.1 L -12.2) LCB -199.56c P  1.63% WF   5.4 PSV       5 N       6  --  C2 B4 C5 A5 A4
E4  : T -79.70c W -78.75c S  -0.95c ( -2.1 L  -4.7) LCB -429.70c P  0.12% WF   0.6 PSV       0 N       1  --  E4
D5  : T -94.03c W -90.47c S  -3.56c ( -3.3 L  -4.4) LCB -444.03c P  0.11% WF   0.8 PSV       0 N       1  --  D5
D6  : T -98.04c W -93.94c S  -4.10c ( -3.4 L  -3.6) LCB -448.04c P  0.09% WF   1.0 PSV       0 N       1  --  D6

2024-06-20 17:47:37-0400: = A1
2024-06-20 17:47:39-0400: Controller: kata-list_time_settings
2024-06-20 17:47:39-0400: = none absolute byoyomi canadian fischer fischer-capped
2024-06-20 17:47:39-0400: Controller: play black h6
2024-06-20 17:47:39-0400: = 
2024-06-20 17:47:39-0400: Controller: genmove white
2024-06-20 17:47:40-0400: MoveNum: 23 HASH: 33706A9E691ECAC3F1498EF6CC50576A
   A B C D E F G H J
 9 . . . . . . . . .
 8 . . . . X O . . .
 7 . . . X O O . . .
 6 . X X @ . . O X3.
 5 . O . . X . . . .
 4 . . O . . . X . .
 3 . X . O X . . . .
 2 X1O . O X . . . .
 1 O2. O . . . . . .

koPOSITIONALscoreAREAtaxNONEsui1komi5.5
Time taken: 1.031
Root visits: 15197
New playouts: 2302
NN rows: 561
NN batches: 23
NN avg batch size: 24.3913
PV: D6 C8 D5 B1 E4 F4 A1 H7 E6 B1 F5 C2 H5 G5 F3 G3 F2 G2 E1
Tree:
: T -35.68c W -32.87c S  -1.32c ( -2.3 L  -2.4) N   15197  --  D6 C8 D5 B1 E4 F4 A1
---White(^)---
D6  : T -30.05c W -26.35c S  -1.01c ( -2.1 L  -2.4) LCB  -33.69c P 19.25% WF 5377.4 PSV    4937 N    9634  --  D6 C8 D5 B1 E4 F4 A1 H7
D8  : T -43.48c W -43.96c S  -0.99c ( -2.0 L  -2.0) LCB  -48.95c P 18.20% WF 1827.1 PSV     379 N    3790  --  D8 C8 E9 B1 F4 G3 A1 D5
H5  : T -67.11c W -58.82c S  -8.24c ( -6.7 L  -7.1) LCB  -91.21c P 29.18% WF 182.1 PSV     232 N     378  --  H5 B1 E4 G5 D5 D6 H7 C2
C5  : T -55.86c W -51.39c S  -2.54c ( -2.9 L  -2.9) LCB  -70.79c P  8.70% WF  83.9 PSV      98 N     188  --  C5 H7 D6 C8 E9 D8 E6 B8
H7  : T -44.38c W -42.28c S  -2.43c ( -2.9 L  -3.2) LCB  -54.39c P  4.28% WF 491.7 PSV      84 N    1032  --  H7 B1 F4 E4 A1 D8 A6 B1
F4  : T -81.92c W -73.96c S  -4.09c ( -3.4 L  -3.4) LCB -100.11c P 11.76% WF  45.9 PSV      67 N      92  --  F4 E4 D8 C8 E9 B1 D6 C5
G5  : T -66.21c W -55.41c S  -1.19c ( -2.1 L  -1.6) LCB  -97.88c P  1.98% WF  17.3 PSV      16 N      31  --  G5 H5 D8 C8 E9 B1 F4 G3
D5  : T -88.47c W -81.66c S  -5.00c ( -4.0 L  -3.5) LCB -116.43c P  2.31% WF  12.2 PSV      11 N      20  --  D5 D6 H5 B1 E4 F4 A1 H7
B4  : T -95.72c W -89.24c S  -1.96c ( -2.4 L  -1.8) LCB -126.40c P  2.23% WF   8.2 PSV      10 N      10  --  B4 H7 D8 C8 E9 E6 H8
E4  : T -68.61c W -62.11c S  -1.57c ( -2.3 L  -1.8) LCB  -92.81c P  1.04% WF   6.8 PSV       7 N      13  --  E4 F4 D6 D5 D8 B1 C7

2024-06-20 17:47:40-0400: = D6
2024-06-20 17:47:42-0400: Controller: kata-list_time_settings
2024-06-20 17:47:42-0400: = none absolute byoyomi canadian fischer fischer-capped
2024-06-20 17:47:42-0400: Controller: play black c8
2024-06-20 17:47:42-0400: = 
2024-06-20 17:47:42-0400: Controller: genmove white
2024-06-20 17:47:44-0400: MoveNum: 25 HASH: B51A81E26FAEAB6098D460E5FDC38B16
   A B C D E F G H J
 9 . . . . . . . . .
 8 . . X3. X O . . .
 7 . . . X O O . . .
 6 . X X O2. . O X1.
 5 . O . @ X . . . .
 4 . . O . . . X . .
 3 . X . O X . . . .
 2 X O . O X . . . .
 1 O . O . . . . . .

koPOSITIONALscoreAREAtaxNONEsui1komi5.5
Time taken: 1.063
Root visits: 12935
New playouts: 1040
NN rows: 559
NN batches: 24
NN avg batch size: 23.2917
PV: D5 B1 C5 E9 E4 F4 H5 C2 H4 H3 H2 D4 B7 C7
Tree:
: T -30.94c W -28.33c S  -1.06c ( -2.3 L  -2.6) N   12935  --  D5 B1 C5 E9 E4 F4 H5
---White(^)---
D5  : T -27.87c W -25.95c S  -0.57c ( -2.0 L  -2.2) LCB  -31.46c P 11.94% WF 4849.9 PSV    4605 N    9139  --  D5 B1 C5 E9 E4 F4 H5 C2
E9  : T -33.80c W -29.77c S  -1.94c ( -2.8 L  -3.2) LCB  -39.63c P 22.26% WF 1421.1 PSV     911 N    3185  --  E9 B1 D5 D8 A1 H7 G5 H5
H5  : T -79.24c W -70.98c S  -6.08c ( -5.1 L  -5.5) LCB  -88.86c P 61.80% WF 208.5 PSV     322 N     565  --  H5 B1 E4 D5 A1 G5 H7 B1
C5  : T -61.06c W -57.33c S  -2.83c ( -3.2 L  -3.3) LCB  -83.03c P  2.04% WF  13.6 PSV      16 N      30  --  C5 H7 E9 D8 E6 B8 G5 H5
E4  : T -64.17c W -47.88c S   0.25c ( -1.6 L  -1.3) LCB  -96.48c P  0.62% WF   3.3 PSV       4 N       6  --  E4 F4 H5 B1 D5
E6  : T -82.30c W -70.01c S  -8.61c ( -7.7 L  -8.1) LCB -136.93c P  0.70% WF   2.6 PSV       3 N       4  --  E6 H7 D5 E4 E9 D8 B8 B9
F4  : T -64.05c W -56.04c S  -1.17c ( -2.3 L  -1.6) LCB -220.42c P  0.27% WF   1.2 PSV       1 N       2  --  F4 E4
H7  : T -81.03c W -78.64c S  -2.39c ( -2.9 L  -2.3) LCB -431.03c P  0.16% WF   0.7 PSV       0 N       1  --  H7
G5  : T -68.73c W -67.77c S  -0.96c ( -2.2 L  -2.1) LCB -418.73c P  0.06% WF   0.6 PSV       0 N       1  --  G5
B7  : T -82.65c W -79.11c S  -3.54c ( -3.4 L  -4.5) LCB -432.65c P  0.05% WF   0.6 PSV       0 N       1  --  B7

2024-06-20 17:47:44-0400: = D5
2024-06-20 17:47:46-0400: Controller: kata-list_time_settings
2024-06-20 17:47:46-0400: = none absolute byoyomi canadian fischer fischer-capped
2024-06-20 17:47:46-0400: Controller: play black h7
2024-06-20 17:47:46-0400: = 
2024-06-20 17:47:46-0400: Controller: genmove white
2024-06-20 17:47:47-0400: MoveNum: 27 HASH: A52304B4C6EE8CE7AF73D61FD21A238E
   A B C D E F G H J
 9 . . . . . . . . .
 8 . . X1. X O . . .
 7 . . . X O O . X3.
 6 . X X O . . O X .
 5 . O . O2X . @ . .
 4 . . O . . . X . .
 3 . X . O X . . . .
 2 X O . O X . . . .
 1 O . O . . . . . .

koPOSITIONALscoreAREAtaxNONEsui1komi5.5
Time taken: 1.078
Root visits: 6189
New playouts: 2563
NN rows: 570
NN batches: 25
NN avg batch size: 22.8
PV: G5 H5 F4 E4 G3 H4 F3 F5 E1 F1 E9 B1 G1 D1 A1 D8 E1 F2 G2 H3 B7
Tree:
: T -29.14c W -25.95c S  -1.77c ( -2.5 L  -2.8) N    6189  --  G5 H5 F4 E4 G3 H4 F3
---White(^)---
G5  : T -25.18c W -21.73c S  -2.32c ( -3.0 L  -3.4) LCB  -34.35c P 10.66% WF 1487.9 PSV    2638 N    2865  --  G5 H5 F4 E4 G3 H4 F3 F5
E9  : T -34.26c W -29.87c S  -2.10c ( -2.7 L  -3.1) LCB  -42.72c P 56.54% WF 933.9 PSV     956 N    2046  --  E9 D8 G5 H5 F4 E4 F3 F2
E4  : T -27.65c W -27.29c S   1.36c ( -0.8 L  -0.9) LCB  -35.55c P 12.94% WF 653.4 PSV     599 N    1173  --  E4 F4 E6 D4 E9 D8 E4 B1
F4  : T -48.28c W -43.47c S  -1.77c ( -2.4 L  -2.4) LCB  -76.62c P  4.63% WF  24.5 PSV      28 N      52  --  F4 E4 G5 E6 E9 D8 F3 F2
E6  : T -97.64c W -78.02c S -15.41c (-14.1 L -15.1) LCB -148.39c P 10.93% WF  16.0 PSV      26 N      29  --  E6 E4 E9 D8 B8 B9 B7 A6
B8  : T -65.57c W -57.80c S  -4.81c ( -4.3 L  -4.4) LCB -100.24c P  2.74% WF   8.8 PSV      11 N      18  --  B8 B9 E9 D8 B7 A6 G5 H5
G3  : T -79.67c W -75.37c S  -3.31c ( -3.1 L  -2.7) LCB -228.66c P  0.57% WF   1.3 PSV       1 N       2  --  G3 G5
B7  : T -92.42c W -89.32c S  -3.10c ( -2.8 L  -2.2) LCB -442.42c P  0.37% WF   0.8 PSV       0 N       1  --  B7
H5  : T -69.67c W -68.28c S  -1.39c ( -2.1 L  -3.6) LCB -419.67c P  0.22% WF   0.6 PSV       0 N       1  --  H5
C5  : T -92.93c W -90.04c S  -2.89c ( -2.7 L  -2.2) LCB -442.93c P  0.12% WF   0.8 PSV       0 N       1  --  C5

2024-06-20 17:47:47-0400: = G5
2024-06-20 17:47:49-0400: Controller: kata-list_time_settings
2024-06-20 17:47:49-0400: = none absolute byoyomi canadian fischer fischer-capped
2024-06-20 17:47:49-0400: Controller: play black h5
2024-06-20 17:47:49-0400: = 
2024-06-20 17:47:49-0400: Controller: genmove white
2024-06-20 17:47:50-0400: MoveNum: 29 HASH: 7A95131DBFBC48865A59414976E22E93
   A B C D E F G H J
 9 . . . . . . . . .
 8 . . X . X O . . .
 7 . . . X O O . X1.
 6 . X X O . . O X .
 5 . O . O X . O2X3.
 4 . . O . . @ X . .
 3 . X . O X . . . .
 2 X O . O X . . . .
 1 O . O . . . . . .

koPOSITIONALscoreAREAtaxNONEsui1komi5.5
Time taken: 1.063
Root visits: 6586
New playouts: 1622
NN rows: 567
NN batches: 24
NN avg batch size: 23.625
PV: F4 E4 F3 E6 F2 D4 H4 G8 E1 C3 B4 B1 E9 C5 A1 G7 F6 B1 J5 J8 H9 G9
Tree:
: T -23.92c W -21.61c S  -1.71c ( -2.2 L  -2.5) N    6586  --  F4 E4 F3 E6 F2 D4 H4
---White(^)---
F4  : T -22.24c W -20.86c S  -1.35c ( -2.0 L  -2.1) LCB  -28.90c P 58.93% WF 2634.5 PSV    2586 N    5381  --  F4 E4 F3 E6 F2 D4 H4 G8
E9  : T -29.68c W -22.54c S  -3.39c ( -3.5 L  -4.2) LCB  -41.62c P 28.79% WF 486.5 PSV     459 N    1162  --  E9 D8 F4 E4 F3 F2 B8 B9
B8  : T -66.53c W -60.63c S  -3.55c ( -2.9 L  -2.9) LCB -124.35c P  2.93% WF   9.0 PSV      11 N      19  --  B8 B9 E9 D8 F4 E4 G3 H4
E6  : T -94.08c W -92.44c S  -2.98c ( -2.4 L  -2.2) LCB -120.57c P  4.75% WF   8.3 PSV      11 N       9  --  E6 E9 E4 F4
H4  : T -93.05c W -88.02c S  -4.51c ( -3.2 L  -3.2) LCB -142.07c P  1.29% WF   2.7 PSV       3 N       4  --  H4 G3 E9 D8
C5  : T -88.07c W -81.23c S  -5.07c ( -3.5 L  -3.1) LCB -138.08c P  1.04% WF   2.7 PSV       2 N       5  --  C5 B8 F4 E4
B7  : T -126.36c W -87.62c S  -6.19c ( -4.2 L  -4.0) LCB -295.85c P  1.42% WF   1.1 PSV       2 N       2  --  B7 C7
E4  : T -98.53c W -95.16c S  -3.37c ( -2.6 L  -5.9) LCB -448.53c P  0.40% WF   1.0 PSV       0 N       1  --  E4
H3  : T -101.72c W -94.44c S  -7.27c ( -4.6 L  -5.1) LCB -451.72c P  0.08% WF   0.9 PSV       0 N       1  --  H3
G3  : T -90.26c W -84.79c S  -5.47c ( -3.8 L  -5.3) LCB -440.26c P  0.08% WF   0.6 PSV       0 N       1  --  G3

2024-06-20 17:47:50-0400: = F4
2024-06-20 17:47:52-0400: Controller: kata-list_time_settings
2024-06-20 17:47:52-0400: = none absolute byoyomi canadian fischer fischer-capped
2024-06-20 17:47:52-0400: Controller: play black e4
2024-06-20 17:47:52-0400: = 
2024-06-20 17:47:52-0400: Controller: genmove white
2024-06-20 17:47:53-0400: MoveNum: 31 HASH: AE21B1CE404D8731828D971026E06233
   A B C D E F G H J
 9 . . . . @ . . . .
 8 . . X . X O . . .
 7 . . . X O O . X .
 6 . X X O . . O X .
 5 . O . O X . O X1.
 4 . . O . X3O2X . .
 3 . X . O X . . . .
 2 X O . O X . . . .
 1 O . O . . . . . .

koPOSITIONALscoreAREAtaxNONEsui1komi5.5
Time taken: 1.078
Root visits: 10829
New playouts: 2980
NN rows: 564
NN batches: 24
NN avg batch size: 23.5
PV: E9 D8 F3 F2 G3 H4 G2 F5 E1 G1 H1 F1 B7 A6 B8 B9 A8 C7 D9 H2 E6 B1 D4 H3 A1
Tree:
: T -27.15c W -19.74c S  -6.41c ( -6.8 L  -6.7) N   10829  --  E9 D8 F3 F2 G3 H4 G2
---White(^)---
E9  : T -22.46c W -11.54c S  -8.40c (-10.3 L -10.0) LCB  -31.85c P 19.08% WF 2403.9 PSV    4637 N    3967  --  E9 D8 F3 F2 G3 H4 G2 F5
G3  : T -30.25c W -23.18c S  -6.40c ( -6.6 L  -6.7) LCB  -42.12c P 59.82% WF 2002.6 PSV    1834 N    3594  --  G3 H4 E9 D8 F3 F2 G2 F5
F3  : T -30.04c W -27.85c S  -1.71c ( -1.5 L  -1.5) LCB  -38.12c P 17.31% WF 1485.6 PSV     541 N    3249  --  F3 E6 F2 D4 H4 G8 E1 C3
E6  : T -95.17c W -88.64c S  -7.85c ( -4.1 L  -4.3) LCB -131.98c P  1.81% WF   5.3 PSV       7 N       8  --  E6 G3 E9 D8 B7 A6
B8  : T -86.64c W -78.44c S  -5.89c ( -3.8 L  -4.4) LCB -137.69c P  0.90% WF   2.8 PSV       4 N       5  --  B8 B9 G3
B7  : T -86.89c W -75.55c S  -8.55c ( -4.9 L  -5.0) LCB -253.65c P  0.66% WF   2.8 PSV       3 N       4  --  B7 B8
C5  : T -110.63c W -97.63c S -13.00c ( -6.8 L  -9.0) LCB -460.63c P  0.11% WF   1.1 PSV       0 N       1  --  C5

2024-06-20 17:47:53-0400: = E9
2024-06-20 17:47:55-0400: Controller: kata-list_time_settings
2024-06-20 17:47:55-0400: = none absolute byoyomi canadian fischer fischer-capped
2024-06-20 17:47:55-0400: Controller: play black d8
2024-06-20 17:47:55-0400: = 
2024-06-20 17:47:55-0400: Controller: genmove white
2024-06-20 17:47:56-0400: MoveNum: 33 HASH: 1B1FA417528B5722148B79BDF77F6539
   A B C D E F G H J
 9 . . . . O2. . . .
 8 . . X X3X O . . .
 7 . . . X O O . X .
 6 . X X O . . O X .
 5 . O . O X . O X .
 4 . . O . X1O X . .
 3 . X . O X . @ . .
 2 X O . O X . . . .
 1 O . O . . . . . .

koPOSITIONALscoreAREAtaxNONEsui1komi5.5
Time taken: 1.094
Root visits: 10047
New playouts: 2287
NN rows: 573
NN batches: 24
NN avg batch size: 23.875
PV: F3 F2 G3 H4 G2 F5 E1 G1 B7 A6 H1 F1 B8 B9 A8 H2 D9 B1 C7 C2 D1 D4 C3 C5
Tree:
: T  -9.70c W  -9.54c S  -3.49c (-11.3 L -10.8) N   10047  --  F3 F2 G3 H4 G2 F5 E1
---White(^)---
F3  : T  -7.24c W  -7.09c S  -3.23c (-11.0 L -10.5) LCB  -17.94c P 17.97% WF 2870.1 PSV    4780 N    3666  --  F3 F2 G3 H4 G2 F5 E1 G1
G3  : T  -9.38c W  -8.80c S  -3.88c (-11.9 L -11.3) LCB  -18.13c P 49.30% WF 4634.6 PSV    4625 N    5629  --  G3 H4 F3 F2 G2 F5 E1 G1
B8  : T -34.75c W -42.89c S   4.66c ( -4.2 L  -4.7) LCB  -53.61c P 10.11% WF 104.9 PSV     136 N     274  --  B8 B9 F3 F2 B7 A6 G3 H4
B7  : T -40.92c W -48.36c S   5.73c ( -3.5 L  -3.8) LCB  -71.44c P 10.22% WF  93.0 PSV     126 N     347  --  B7 E6 B8 D4 C5 C3 C7 C2
E6  : T -71.75c W -79.92c S   2.27c ( -6.2 L  -6.3) LCB -104.99c P 10.67% WF  40.1 PSV      70 N     122  --  E6 G3 B8 B9 A8 B7 C5
C5  : T -88.24c W -90.52c S   1.20c ( -6.8 L  -7.7) LCB -136.42c P  0.88% WF   3.0 PSV       4 N       5  --  C5 E6 B8 B9
F5  : T -88.53c W -96.47c S   7.94c ( -3.9 L  -6.8) LCB -438.53c P  0.26% WF   0.9 PSV       1 N       1  --  F5
D4  : T -97.87c W -98.80c S   0.94c ( -7.2 L -10.1) LCB -447.87c P  0.09% WF   1.2 PSV       0 N       1  --  D4
A6  : T -95.92c W -96.16c S   0.23c ( -7.4 L -10.0) LCB -445.92c P  0.09% WF   0.8 PSV       0 N       1  --  A6

2024-06-20 17:47:56-0400: = G3
2024-06-20 17:47:58-0400: Controller: kata-list_time_settings
2024-06-20 17:47:58-0400: = none absolute byoyomi canadian fischer fischer-capped
2024-06-20 17:47:58-0400: Controller: play black h4
2024-06-20 17:47:58-0400: = 
2024-06-20 17:47:58-0400: Controller: genmove white
2024-06-20 17:47:59-0400: MoveNum: 35 HASH: 07635A9E9CFD657917D6DF348D99172B
   A B C D E F G H J
 9 . . . . O . . . .
 8 . . X X1X O . . .
 7 . . . X O O . X .
 6 . X X O . . O X .
 5 . O . O X . O X .
 4 . . O . X O X X3.
 3 . X . O X @ O2. .
 2 X O . O X . . . .
 1 O . O . . . . . .

koPOSITIONALscoreAREAtaxNONEsui1komi5.5
Time taken: 1.047
Root visits: 12573
New playouts: 2996
NN rows: 531
NN batches: 23
NN avg batch size: 23.087
PV: F3 F5 E1 F2 G2 G1 H1 F1 H2 H3 B7 A6 B8 B9 A8 J2 D9 B1 C2 C7 F9 C9 E6 A5 A4
Tree:
: T -31.62c W -27.44c S  -5.94c (-17.9 L -17.5) N   12573  --  F3 F5 E1 F2 G2 G1 H1
---White(^)---
F3  : T -29.42c W -24.76c S  -6.19c (-18.4 L -17.9) LCB  -36.77c P 19.83% WF 9270.3 PSV    8935 N   11862  --  F3 F5 E1 F2 G2 G1 H1 F1
F5  : T -89.70c W -93.56c S   1.53c ( -9.4 L -10.2) LCB  -97.70c P 51.28% WF 195.9 PSV     423 N     301  --  F5 E6 F3 D4 H8 C5 G7 F2
E6  : T -78.85c W -85.70c S   5.32c ( -7.4 L  -7.9) LCB  -95.15c P 14.30% WF  87.1 PSV     143 N     173  --  E6 F5 B8 B9 B7 A6 C9 C7
B7  : T -55.09c W -64.84c S   3.94c ( -6.9 L  -7.2) LCB  -91.26c P  6.42% WF  98.6 PSV     121 N     149  --  B7 E6 B8 D4 C5 C3 C7 C2
B8  : T -71.43c W -78.19c S   4.52c ( -7.4 L  -7.9) LCB  -95.42c P  4.61% WF  36.9 PSV      52 N      63  --  B8 B9 F3 F5 E1 F2 B7 A8
G2  : T -95.59c W -93.62c S  -1.25c (-11.3 L -11.9) LCB -139.35c P  1.85% WF   9.6 PSV      13 N      12  --  G2 E6 F3 G7 F5
C5  : T -94.28c W -87.59c S  -1.72c (-11.5 L -13.8) LCB -127.21c P  0.66% WF   3.7 PSV       5 N       7  --  C5 E6 B8 B9 B7 A6
D4  : T -87.80c W -95.42c S   7.97c ( -6.7 L  -7.5) LCB -237.20c P  0.26% WF   1.9 PSV       2 N       2  --  D4 F5
E1  : T -82.78c W -95.72c S  12.93c ( -4.0 L  -5.5) LCB -432.78c P  0.20% WF   1.1 PSV       1 N       1  --  E1
A6  : T -88.32c W -96.36c S   8.04c ( -6.5 L  -8.9) LCB -438.32c P  0.12% WF   1.0 PSV       1 N       1  --  A6

2024-06-20 17:47:59-0400: = F3
2024-06-20 17:48:01-0400: Controller: kata-list_time_settings
2024-06-20 17:48:01-0400: = none absolute byoyomi canadian fischer fischer-capped
2024-06-20 17:48:01-0400: Controller: play black f5
2024-06-20 17:48:01-0400: = 
2024-06-20 17:48:01-0400: Controller: genmove white
2024-06-20 17:48:02-0400: MoveNum: 37 HASH: 4045E7A11633B4C1E46594647B0004AE
   A B C D E F G H J
 9 . . . . O . . . .
 8 . . X X X O . . .
 7 . . . X O O . X .
 6 . X X O . . O X .
 5 . O . O X X3O X .
 4 . . O . X O X X1.
 3 . X . O X O2O . .
 2 X O . O X . . . .
 1 O . O . @ . . . .

koPOSITIONALscoreAREAtaxNONEsui1komi5.5
Time taken: 1.063
Root visits: 18967
New playouts: 1541
NN rows: 558
NN batches: 24
NN avg batch size: 23.25
PV: E1 F2 G2 G1 H1 F1 B7 A6 B8 B9 H2 J2 A8 H3 D9 B1 C7 C2 A5 D1 G8
Tree:
: T -58.09c W -53.26c S  -6.87c (-28.1 L -27.5) N   18967  --  E1 F2 G2 G1 H1 F1 B7
---White(^)---
E1  : T -57.00c W -51.10c S  -7.45c (-29.0 L -28.4) LCB  -61.29c P 56.94% WF 22574.6 PSV   22228 N   18098  --  E1 F2 G2 G1 H1 F1 B7 A6
B7  : T -73.65c W -93.82c S  18.92c ( -6.7 L  -7.0) LCB  -85.78c P 10.86% WF 387.1 PSV     482 N     202  --  B7 E6 B8 D4 C5 C3 C7 A3
E6  : T -81.93c W -94.83c S  13.48c (-10.9 L -11.2) LCB  -91.64c P 12.60% WF 283.0 PSV     388 N     203  --  E6 G2 B8 B9 A8 B7 C5 A7
B8  : T -69.74c W -80.33c S   9.60c (-10.9 L -11.3) LCB  -81.74c P  5.23% WF 251.4 PSV     291 N     276  --  B8 B9 E1 F2 B7 A8 G2 G1
G2  : T -89.52c W -98.41c S   8.42c (-15.6 L -15.6) LCB  -98.46c P  9.12% WF 153.2 PSV     219 N      89  --  G2 E6 E1 F6 C5 B1 B8
F2  : T -79.57c W -94.41c S  14.21c (-10.5 L -11.0) LCB  -96.46c P  2.10% WF  58.9 PSV      71 N      47  --  F2 E1 E6 H3 B8 B9 B7 A8
D4  : T -81.99c W -99.37c S  17.37c ( -9.7 L  -9.8) LCB  -98.19c P  0.85% WF  24.5 PSV      26 N       7  --  D4 G2 E6 A5 A4
H2  : T -85.47c W -98.79c S  14.06c (-11.4 L -12.1) LCB  -99.24c P  0.63% WF  16.3 PSV      17 N       8  --  H2 E6 E1 F2
A6  : T -69.91c W -93.78c S  18.33c ( -7.8 L  -8.3) LCB  -99.09c P  0.26% WF  14.8 PSV      14 N      10  --  A6 E6 B8 D4 C5 C3
G1  : T -85.99c W -99.23c S  13.12c (-12.6 L -12.8) LCB -108.12c P  0.54% WF  13.8 PSV      14 N       6  --  G1 E6 E1 F2

2024-06-20 17:48:02-0400: = E1
2024-06-20 17:48:04-0400: Controller: kata-list_time_settings
2024-06-20 17:48:04-0400: = none absolute byoyomi canadian fischer fischer-capped
2024-06-20 17:48:04-0400: Controller: play black f1
2024-06-20 17:48:05-0400: = 
2024-06-20 17:48:05-0400: Controller: genmove white
2024-06-20 17:48:06-0400: MoveNum: 39 HASH: 531D6313AB9E1FF454822F6E4D387CC0
   A B C D E F G H J
 9 . . . . O . . . .
 8 . . X X X O . . .
 7 . . . X O O . X .
 6 . X X O . . O X .
 5 . O . O X X1O X .
 4 . . O . X O X X .
 3 . X . O X O O . .
 2 X O . O X @ . . .
 1 O . O . O2X3. . .

koPOSITIONALscoreAREAtaxNONEsui1komi5.5
Time taken: 1.078
Root visits: 749
New playouts: 658
NN rows: 565
NN batches: 23
NN avg batch size: 24.5652
PV: F2 D1 B7 G7 E6 A6 E1 F6 B8 B9
Tree:
: T -23.48c W -14.21c S  -6.67c ( -2.5 L  -3.3) N     749  --  F2 D1 B7 G7 E6 A6 E1
---White(^)---
F2  : T -19.89c W -10.68c S  -6.44c ( -2.6 L  -3.4) LCB  -53.41c P 51.72% WF 265.9 PSV     260 N     502  --  F2 D1 B7 G7 E6 A6 E1 F6
B7  : T -32.76c W -20.97c S  -7.15c ( -2.2 L  -2.7) LCB  -91.04c P 19.62% WF  48.7 PSV      46 N     107  --  B7 D1 E6 A6 B8 B9 D4 G2
B8  : T -10.02c W  -6.15c S  -5.21c ( -1.0 L  -1.5) LCB  -44.45c P 13.21% WF  38.2 PSV      37 N      90  --  B8 D1 C5 B9 B7 C7
G1  : T -95.20c W -79.71c S -13.79c ( -6.0 L  -6.8) LCB -127.69c P  9.03% WF   4.2 PSV       6 N       9  --  G1 F2 G2 H3 E6
C5  : T -105.70c W -90.27c S -15.43c ( -6.3 L  -7.7) LCB -455.70c P  1.78% WF   0.8 PSV       1 N       1  --  C5
E6  : T -84.12c W -70.81c S -13.31c ( -6.7 L  -8.3) LCB -434.12c P  1.21% WF   0.5 PSV       0 N       1  --  E6
A6  : T -106.25c W -90.45c S -15.81c ( -6.8 L  -7.1) LCB -456.25c P  1.20% WF   0.8 PSV       0 N       1  --  A6
G2  : T -116.10c W -98.20c S -17.90c ( -7.6 L  -8.4) LCB -466.10c P  1.19% WF   1.5 PSV       0 N       1  --  G2
H2  : T -116.97c W -97.86c S -19.12c ( -8.9 L -10.0) LCB -466.97c P  0.51% WF   1.3 PSV       0 N       1  --  H2
H3  : T -119.94c W -98.74c S -21.20c (-10.2 L -13.0) LCB -469.94c P  0.20% WF   1.1 PSV       0 N       1  --  H3

2024-06-20 17:48:06-0400: = F2
2024-06-20 17:48:08-0400: Controller: kata-list_time_settings
2024-06-20 17:48:08-0400: = none absolute byoyomi canadian fischer fischer-capped
2024-06-20 17:48:08-0400: Controller: play black d1
2024-06-20 17:48:08-0400: = 
2024-06-20 17:48:08-0400: Controller: genmove white
2024-06-20 17:48:09-0400: MoveNum: 41 HASH: F0B03D18A4C75DF13A7F68F8BCA688DF
   A B C D E F G H J
 9 . . . . O . . . .
 8 . . X X X O . . .
 7 . @ . X O O . X .
 6 . X X O . . O X .
 5 . O . O X X O X .
 4 . . O . X O X X .
 3 . X . O X O O . .
 2 X O . O X O2. . .
 1 O . O X3. X1. . .

koPOSITIONALscoreAREAtaxNONEsui1komi5.5
Time taken: 1.078
Root visits: 3108
New playouts: 1116
NN rows: 572
NN batches: 26
NN avg batch size: 22
PV: B7 G7 B8 E6 C7 F6 E1 B1 C3 D1 A1 G8 E1 G1 H1 D1 F9 G9 E1 A6
Tree:
: T -76.15c W -74.07c S  -2.99c ( -9.6 L -10.1) N    3108  --  B7 G7 B8 E6 C7 F6 E1
---White(^)---
B7  : T -73.94c W -73.33c S  -2.56c ( -9.2 L  -9.7) LCB  -84.12c P 31.43% WF 1663.9 PSV    1620 N    1899  --  B7 G7 B8 E6 C7 F6 E1 B1
A6  : T -72.15c W -71.42c S   2.02c ( -6.2 L  -6.6) LCB  -90.74c P  2.45% WF 602.3 PSV     405 N     731  --  A6 G7 E6 B7 E1 F6 G1 C5
B8  : T -93.35c W -84.01c S  -9.25c (-16.8 L -17.6) LCB -111.90c P 41.77% WF 211.0 PSV     254 N     264  --  B8 E1 B7 B1 C7 D4 C3 E6
G1  : T -95.82c W -76.39c S -13.86c (-23.1 L -24.7) LCB -119.83c P 17.89% WF  80.9 PSV      97 N     146  --  G1 E1 B7 A6 D4 H3 B8 B9
H3  : T -98.03c W -83.29c S  -5.51c (-10.9 L -12.0) LCB -130.90c P  4.25% WF  17.5 PSV      20 N      31  --  H3 E1 G1 B1 C2 D4 A1 C3
C5  : T -85.90c W -82.09c S  -0.75c ( -7.9 L  -9.0) LCB -116.47c P  1.09% WF  11.2 PSV      10 N      17  --  C5 E1 B8 B9 C9 D9 B7 C7
E6  : T -95.47c W -89.54c S  -2.25c ( -8.6 L  -9.7) LCB -153.58c P  0.39% WF   2.6 PSV       2 N       4  --  E6 H3 B7 A6
C9  : T -83.09c W -86.80c S   3.71c ( -5.5 L  -8.8) LCB -433.09c P  0.13% WF   0.7 PSV       1 N       1  --  C9
H2  : T -129.03c W -94.48c S  -4.04c ( -9.6 L -11.2) LCB -303.08c P  0.36% WF   1.6 PSV       0 N       2  --  H2 H3
G2  : T -108.01c W -99.22c S  -8.79c (-11.8 L -13.5) LCB -458.01c P  0.08% WF   3.5 PSV       0 N       1  --  G2

2024-06-20 17:48:09-0400: = B7
2024-06-20 17:48:11-0400: Controller: kata-list_time_settings
2024-06-20 17:48:11-0400: = none absolute byoyomi canadian fischer fischer-capped
2024-06-20 17:48:11-0400: Controller: play black g7
2024-06-20 17:48:11-0400: = 
2024-06-20 17:48:11-0400: Controller: genmove white
2024-06-20 17:48:12-0400: MoveNum: 43 HASH: 31D941AEE985CDC09097D797F8FDEA0F
   A B C D E F G H J
 9 . . . . O . . . .
 8 . . X X X O . . .
 7 . O2. X O O X3X .
 6 . X X O . . O X .
 5 . O @ O X X O X .
 4 . . O . X O X X .
 3 . X . O X O O . .
 2 X O . O X O . . .
 1 O . O X1. X . . .

koPOSITIONALscoreAREAtaxNONEsui1komi5.5
Time taken: 1.031
Root visits: 6280
New playouts: 1767
NN rows: 541
NN batches: 23
NN avg batch size: 23.5217
PV: C5 B8 E6 A6 E1 F6 G1 B1 C3 A5 A4 C2 A7 C7 B2 H2 H3
Tree:
: T -92.49c W -89.68c S  -3.58c ( -6.7 L  -7.1) N    6280  --  C5 B8 E6 A6 E1 F6 G1
---White(^)---
C5  : T -90.18c W -91.34c S  -0.19c ( -4.7 L  -5.0) LCB  -95.14c P  0.54% WF 2139.4 PSV    4634 N    1517  --  C5 B8 E6 A6 E1 F6 G1 B1
B8  : T -91.00c W -88.46c S  -2.80c ( -6.0 L  -6.4) LCB  -95.40c P 13.33% WF 3568.2 PSV    3489 N    2944  --  B8 B1 E1 F6 E6 C2 G1 D1
E6  : T -95.68c W -90.65c S  -4.94c ( -8.1 L  -8.6) LCB -101.35c P 46.30% WF 1489.1 PSV    1568 N    1271  --  E6 A6 E1 F6 C5 B8 G1 B1
E1  : T -95.10c W -92.06c S  -1.61c ( -5.4 L  -5.9) LCB -102.50c P  7.49% WF 297.0 PSV     291 N     276  --  E1 F6 E6 A6 C5 B8 G1 B1
F6  : T -107.65c W -85.10c S -16.94c (-23.5 L -24.5) LCB -134.47c P 26.54% WF 246.4 PSV     287 N     214  --  F6 H3 E6 A6 B8 B9 A8 C7
D4  : T -111.91c W -83.66c S -17.60c (-28.2 L -31.2) LCB -167.03c P  3.84% WF  42.1 PSV      33 N      49  --  D4 A6 F6 H3 B8 B9 A8 C7
A6  : T -112.99c W -93.96c S  -9.99c ( -9.2 L -10.0) LCB -191.62c P  1.83% WF  12.8 PSV      15 N       8  --  A6 E6 E1 F6

2024-06-20 17:48:12-0400: = C5
2024-06-20 17:48:14-0400: Controller: kata-list_time_settings
2024-06-20 17:48:14-0400: = none absolute byoyomi canadian fischer fischer-capped
2024-06-20 17:48:14-0400: Controller: play black b8
2024-06-20 17:48:14-0400: = 
2024-06-20 17:48:14-0400: Controller: genmove white
2024-06-20 17:48:15-0400: MoveNum: 45 HASH: E7FEE4CA4ACD925F093FC1B896C61ED9
   A B C D E F G H J
 9 . . . . O . . . .
 8 . X3X X X O . . .
 7 . O . X O O X1X .
 6 . X X O @ . O X .
 5 . O O2O X X O X .
 4 . . O . X O X X .
 3 . X . O X O O . .
 2 X O . O X O . . .
 1 O . O X . X . . .

koPOSITIONALscoreAREAtaxNONEsui1komi5.5
Time taken: 1.141
Root visits: 8592
New playouts: 3610
NN rows: 586
NN batches: 27
NN avg batch size: 21.7037
PV: E6 A6 G1 F6 E1 B1 C3 C2 D1 A5 B2 A3 H3 G8 A1 A4 B1 D9 F9
Tree:
: T -101.31c W -97.96c S  -4.20c ( -7.2 L  -7.7) N    8592  --  E6 A6 G1 F6 E1 B1 C3
---White(^)---
E6  : T -101.17c W -98.00c S  -4.16c ( -7.2 L  -7.7) LCB -102.29c P 53.46% WF 12226.7 PSV   12215 N    5275  --  E6 A6 G1 F6 E1 B1 C3 C2
E1  : T -100.89c W -97.87c S  -4.00c ( -7.1 L  -7.6) LCB -102.48c P 18.97% WF 6995.7 PSV    6443 N    3024  --  E1 F6 E6 A6 G1 B1 C3 C2
A6  : T -105.37c W -98.04c S  -6.32c ( -7.6 L  -7.9) LCB -112.81c P 14.47% WF 642.0 PSV     560 N     226  --  A6 E6 E1 F6 G1 C7 H3 A7
F6  : T -122.93c W -99.26c S -18.58c (-13.1 L -13.2) LCB -130.93c P 11.00% WF  78.2 PSV      95 N      26  --  F6 H3 E6 A5 A4
G1  : T -105.44c W -96.75c S  -6.00c ( -7.4 L  -7.6) LCB -122.63c P  1.69% WF  77.2 PSV      64 N      39  --  G1 E6 E1 F6 A6 B1 C2 C7
H3  : T -111.73c W -97.78c S  -8.16c ( -8.9 L -11.8) LCB -461.73c P  0.12% WF   1.3 PSV       2 N       1  --  H3

2024-06-20 17:48:15-0400: = E6
2024-06-20 17:48:17-0400: Controller: kata-list_time_settings
2024-06-20 17:48:17-0400: = none absolute byoyomi canadian fischer fischer-capped
2024-06-20 17:48:17-0400: Controller: play black a6
2024-06-20 17:48:17-0400: = 
2024-06-20 17:48:17-0400: Controller: genmove white
2024-06-20 17:48:18-0400: MoveNum: 47 HASH: 808A7CBC1A91CFB6CD06125304B1F310
   A B C D E F G H J
 9 . . . . O . . . .
 8 . X1X X X O . . .
 7 . O . X O O X X .
 6 X3X X O O2. O X .
 5 . O O O X X O X .
 4 . . O . X O X X .
 3 . X . O X O O . .
 2 X O . O X O . . .
 1 O . O X @ X . . .

koPOSITIONALscoreAREAtaxNONEsui1komi5.5
Time taken: 1.047
Root visits: 8647
New playouts: 1026
NN rows: 539
NN batches: 22
NN avg batch size: 24.5
PV: E1 F6 D1 B1 C3 H3 G1 A5 A4 C2 H2 B4 B2 A3 A1 A4 D9 B1
Tree:
: T -100.09c W -97.95c S  -4.12c ( -7.7 L  -8.1) N    8647  --  E1 F6 D1 B1 C3 H3 G1
---White(^)---
E1  : T -99.41c W -97.74c S  -3.99c ( -7.6 L  -8.0) LCB -100.50c P 65.35% WF 12976.8 PSV   12812 N    6244  --  E1 F6 D1 B1 C3 H3 G1 A5
G1  : T -101.17c W -98.41c S  -4.04c ( -7.4 L  -7.8) LCB -102.37c P 24.31% WF 5400.8 PSV    1604 N    2340  --  G1 F6 E1 B1 C3 C2 D1 A5
F6  : T -120.31c W -99.85c S -19.07c (-13.6 L -13.4) LCB -125.49c P  4.90% WF  95.6 PSV      39 N      26  --  F6 G2 A5 B1
H3  : T -119.48c W -97.71c S -18.81c (-25.6 L -27.1) LCB -138.74c P  4.34% WF  51.3 PSV      36 N      33  --  H3 B1 E1 F6 A1 D1
H2  : T -116.88c W -99.48c S -16.38c (-13.3 L -14.6) LCB -268.87c P  0.40% WF   4.1 PSV       3 N       2  --  H2 H3
D9  : T -113.10c W -98.78c S -14.31c (-11.8 L -15.0) LCB -463.10c P  0.23% WF   2.9 PSV       2 N       1  --  D9

2024-06-20 17:48:18-0400: = E1
2024-06-20 17:48:20-0400: Controller: kata-list_time_settings
2024-06-20 17:48:20-0400: = none absolute byoyomi canadian fischer fischer-capped
2024-06-20 17:48:20-0400: Controller: play black f6
2024-06-20 17:48:20-0400: = 
2024-06-20 17:48:20-0400: Controller: genmove white
2024-06-20 17:48:21-0400: MoveNum: 49 HASH: 6AF63993623DB300B8100294638958FF
   A B C D E F G H J
 9 . . . . O . . . .
 8 . X X X X O . . .
 7 . O . X O O X X .
 6 X1X X O O X3. X .
 5 . O O O X X . X .
 4 . . O . X O X X .
 3 . X . O X O O . .
 2 X O . O X O . . .
 1 O . O @ O2X . . .

koPOSITIONALscoreAREAtaxNONEsui1komi5.5
Time taken: 1.078
Root visits: 9437
New playouts: 940
NN rows: 564
NN batches: 24
NN avg batch size: 23.5
PV: D1 B1 C3 H3 G1 A5 H2 A4 A1 A3 G8 H8 B1 J2 D9
Tree:
: T -99.27c W -97.99c S  -3.88c ( -7.9 L  -8.3) N    9437  --  D1 B1 C3 H3 G1 A5 H2
---White(^)---
D1  : T -98.06c W -97.58c S  -3.97c ( -8.1 L  -8.5) LCB  -99.19c P 12.41% WF 12303.4 PSV   21499 N    6124  --  D1 B1 C3 H3 G1 A5 H2 A4
G1  : T -100.69c W -98.65c S  -3.54c ( -7.4 L  -7.8) LCB -101.77c P 63.72% WF 7393.7 PSV    4083 N    3142  --  G1 B1 C3 C2 D1 A5 B2 A3
A5  : T -108.96c W -97.42c S  -5.99c ( -8.4 L  -8.9) LCB -120.07c P 10.14% WF 152.7 PSV     165 N     106  --  A5 D1 A8 B1 C2 D9
A3  : T -120.65c W -99.42c S -20.83c (-15.3 L -15.7) LCB -130.64c P  4.70% WF  39.5 PSV      37 N      13  --  A3 D1 D9 E1 A5
D9  : T -115.23c W -98.52c S  -8.99c (-10.2 L -11.1) LCB -133.31c P  3.48% WF  33.5 PSV      36 N      23  --  D9 D1 A8 C9 E1
A7  : T -126.23c W -99.03c S  -7.97c ( -9.3 L  -9.8) LCB -173.97c P  1.08% WF  11.5 PSV       6 N       9  --  A7 D1 A5 B1 C7 C2
A8  : T -134.80c W -99.12c S -10.56c (-11.4 L -12.6) LCB -201.37c P  1.25% WF   6.8 PSV       6 N       5  --  A8 B1 C2
H3  : T -112.58c W -99.66c S -11.80c (-11.7 L -13.4) LCB -267.83c P  0.42% WF   4.3 PSV       5 N       2  --  H3 B1
B9  : T -116.76c W -99.25c S -15.72c (-13.6 L -14.2) LCB -266.35c P  0.34% WF   4.9 PSV       3 N       2  --  B9 D1
H2  : T -118.45c W -99.53c S -18.92c (-15.5 L -18.0) LCB -468.45c P  0.43% WF   3.5 PSV       3 N       1  --  H2

2024-06-20 17:48:21-0400: = resign
2024-06-20 17:48:23-0400: Controller: quit
2024-06-20 17:48:23-0400: Quit requested by controller
2024-06-20 17:48:23-0400: = 
2024-06-20 17:48:23-0400: GPU -1 finishing, processed 41299 rows 1670 batches
2024-06-20 17:48:23-0400: All cleaned up, quitting
