2024-06-06 18:31:47-0400: Running with following config:
allowResignation = true
lagBuffer = 1.0
logAllGTPCommunication = true
logDir = gtp_logs
logSearchInfo = true
logSearchInfoForChosenMove = false
logToStderr = false
maxTime = 0.5
maxTimePondering = 120.0
numSearchThreads = 16
ogsChatToStderr = true
ponderingEnabled = true
resignConsecTurns = 3
resignThreshold = -0.90
rules = tromp-taylor
searchFactorAfterOnePass = 0.50
searchFactorAfterTwoPass = 0.25
searchFactorWhenWinning = 0.40
searchFactorWhenWinningThreshold = 0.95

2024-06-06 18:31:47-0400: GTP Engine starting...
2024-06-06 18:31:47-0400: KataGo v1.14.1
2024-06-06 18:31:47-0400: Using TrompTaylor rules initially, unless GTP/GUI overrides this
2024-06-06 18:31:47-0400: Using 16 CPU thread(s) for search
2024-06-06 18:31:47-0400: nnRandSeed0 = 2752468282981990514
2024-06-06 18:31:47-0400: After dedups: nnModelFile0 = C:/Users/chang/Downloads/kata1-b60c320-s9482697216-d3873382264.bin.gz useFP16 auto useNHWC auto
2024-06-06 18:31:47-0400: Initializing neural net buffer to be size 19 * 19 exactly
2024-06-06 18:31:55-0400: Found OpenCL Platform 0: NVIDIA CUDA (NVIDIA Corporation) (OpenCL 3.0 CUDA 12.4.89)
2024-06-06 18:31:55-0400: Found 1 device(s) on platform 0 with type CPU or GPU or Accelerator
2024-06-06 18:31:55-0400: Found OpenCL Platform 1: Intel(R) OpenCL Graphics (Intel(R) Corporation) (OpenCL 3.0 )
2024-06-06 18:31:55-0400: Found 1 device(s) on platform 1 with type CPU or GPU or Accelerator
2024-06-06 18:31:55-0400: Found OpenCL Device 0: NVIDIA GeForce RTX 4060 Laptop GPU (NVIDIA Corporation) (score 11000300)
2024-06-06 18:31:55-0400: Found OpenCL Device 1: Intel(R) UHD Graphics (Intel(R) Corporation) (score 6000300)
2024-06-06 18:31:55-0400: Creating context for OpenCL Platform: NVIDIA CUDA (NVIDIA Corporation) (OpenCL 3.0 CUDA 12.4.89)
2024-06-06 18:31:55-0400: Using OpenCL Device 0: NVIDIA GeForce RTX 4060 Laptop GPU (NVIDIA Corporation) OpenCL 3.0 CUDA (Extensions: cl_khr_global_int32_base_atomics cl_khr_global_int32_extended_atomics cl_khr_local_int32_base_atomics cl_khr_local_int32_extended_atomics cl_khr_fp64 cl_khr_3d_image_writes cl_khr_byte_addressable_store cl_khr_icd cl_khr_gl_sharing cl_nv_compiler_options cl_nv_device_attribute_query cl_nv_pragma_unroll cl_nv_d3d10_sharing cl_khr_d3d10_sharing cl_nv_d3d11_sharing cl_nv_copy_opts cl_nv_create_buffer cl_khr_int64_base_atomics cl_khr_int64_extended_atomics cl_khr_device_uuid cl_khr_pci_bus_info cl_khr_external_semaphore cl_khr_external_memory cl_khr_external_semaphore_win32 cl_khr_external_memory_win32)
2024-06-06 18:31:55-0400: Loaded tuning parameters from: C:\Users\chang\Downloads\katago-v1.14.1-opencl-windows-x64/KataGoData/opencltuning/tune11_gpuNVIDIAGeForceRTX4060LaptopGPU_x19_y19_c320_mv10.txt
2024-06-06 18:31:56-0400: OpenCL backend thread 0: Model version 10
2024-06-06 18:31:56-0400: OpenCL backend thread 0: Model name: kata1-b60c320-s9482697216-d3873382264
2024-06-06 18:32:07-0400: OpenCL backend thread 0: FP16Storage true FP16Compute false FP16TensorCores true FP16TensorCoresFor1x1 false
2024-06-06 18:32:07-0400: Loaded neural net with nnXLen 19 nnYLen 19
2024-06-06 18:32:07-0400: Initializing board with boardXSize 19 boardYSize 19
2024-06-06 18:32:07-0400: Loaded config C:/Users/chang/Downloads/katago-v1.14.1-opencl-windows-x64/doudoubot.cfg
2024-06-06 18:32:07-0400: Loaded model C:/Users/chang/Downloads/kata1-b60c320-s9482697216-d3873382264.bin.gz
2024-06-06 18:32:07-0400: Model name: kata1-b60c320-s9482697216-d3873382264
2024-06-06 18:32:07-0400: GTP ready, beginning main protocol loop
2024-06-06 18:32:07-0400: Controller: list_commands
2024-06-06 18:32:07-0400: = protocol_version
name
version
known_command
list_commands
quit
boardsize
rectangular_boardsize
clear_board
set_position
komi
get_komi
play
undo
kata-get-rules
kata-set-rule
kata-set-rules
kata-get-param
kata-set-param
kata-list-params
kgs-rules
genmove
genmove_debug
search_debug
clear_cache
showboard
fixed_handicap
place_free_handicap
set_free_handicap
time_settings
kgs-time_settings
time_left
kata-list_time_settings
kata-time_settings
final_score
final_status_list
loadsgf
printsgf
lz-genmove_analyze
kata-genmove_analyze
lz-analyze
kata-analyze
kata-raw-nn
cputime
gomill-cpu_time
kata-benchmark
kata-debug-print-tc
debug_moves
stop
2024-06-06 18:32:07-0400: Controller: boardsize 9
2024-06-06 18:32:07-0400: GPU -1 finishing, processed 0 rows 0 batches
2024-06-06 18:32:07-0400: Cleaned up old neural net and bot
2024-06-06 18:32:07-0400: nnRandSeed0 = 7289052533330415387
2024-06-06 18:32:07-0400: After dedups: nnModelFile0 = C:/Users/chang/Downloads/kata1-b60c320-s9482697216-d3873382264.bin.gz useFP16 auto useNHWC auto
2024-06-06 18:32:07-0400: Initializing neural net buffer to be size 9 * 9 exactly
2024-06-06 18:32:15-0400: Found OpenCL Platform 0: NVIDIA CUDA (NVIDIA Corporation) (OpenCL 3.0 CUDA 12.4.89)
2024-06-06 18:32:15-0400: Found 1 device(s) on platform 0 with type CPU or GPU or Accelerator
2024-06-06 18:32:15-0400: Found OpenCL Platform 1: Intel(R) OpenCL Graphics (Intel(R) Corporation) (OpenCL 3.0 )
2024-06-06 18:32:15-0400: Found 1 device(s) on platform 1 with type CPU or GPU or Accelerator
2024-06-06 18:32:15-0400: Found OpenCL Device 0: NVIDIA GeForce RTX 4060 Laptop GPU (NVIDIA Corporation) (score 11000300)
2024-06-06 18:32:15-0400: Found OpenCL Device 1: Intel(R) UHD Graphics (Intel(R) Corporation) (score 6000300)
2024-06-06 18:32:15-0400: Creating context for OpenCL Platform: NVIDIA CUDA (NVIDIA Corporation) (OpenCL 3.0 CUDA 12.4.89)
2024-06-06 18:32:15-0400: Using OpenCL Device 0: NVIDIA GeForce RTX 4060 Laptop GPU (NVIDIA Corporation) OpenCL 3.0 CUDA (Extensions: cl_khr_global_int32_base_atomics cl_khr_global_int32_extended_atomics cl_khr_local_int32_base_atomics cl_khr_local_int32_extended_atomics cl_khr_fp64 cl_khr_3d_image_writes cl_khr_byte_addressable_store cl_khr_icd cl_khr_gl_sharing cl_nv_compiler_options cl_nv_device_attribute_query cl_nv_pragma_unroll cl_nv_d3d10_sharing cl_khr_d3d10_sharing cl_nv_d3d11_sharing cl_nv_copy_opts cl_nv_create_buffer cl_khr_int64_base_atomics cl_khr_int64_extended_atomics cl_khr_device_uuid cl_khr_pci_bus_info cl_khr_external_semaphore cl_khr_external_memory cl_khr_external_semaphore_win32 cl_khr_external_memory_win32)
2024-06-06 18:32:15-0400: Loaded tuning parameters from: C:\Users\chang\Downloads\katago-v1.14.1-opencl-windows-x64/KataGoData/opencltuning/tune11_gpuNVIDIAGeForceRTX4060LaptopGPU_x19_y19_c320_mv10.txt
2024-06-06 18:32:15-0400: OpenCL backend thread 0: Model version 10
2024-06-06 18:32:15-0400: OpenCL backend thread 0: Model name: kata1-b60c320-s9482697216-d3873382264
2024-06-06 18:32:21-0400: OpenCL backend thread 0: FP16Storage true FP16Compute false FP16TensorCores true FP16TensorCoresFor1x1 false
2024-06-06 18:32:21-0400: Loaded neural net with nnXLen 9 nnYLen 9
2024-06-06 18:32:21-0400: Initializing board with boardXSize 9 boardYSize 9
2024-06-06 18:32:21-0400: = 
2024-06-06 18:32:21-0400: Controller: clear_board
2024-06-06 18:32:21-0400: = 
2024-06-06 18:32:21-0400: Controller: komi 6.5
2024-06-06 18:32:21-0400: = 
2024-06-06 18:32:21-0400: Controller: genmove black
2024-06-06 18:32:22-0400: MoveNum: 0 HASH: 9F0B2D702FC8448C75410E097F089AEB
   A B C D E F G H J
 9 . . . . . . . . .
 8 . . . . . . . . .
 7 . . . . . . . . .
 6 . . . . . . . . .
 5 . . . . @ . . . .
 4 . . . . . . . . .
 3 . . . . . . . . .
 2 . . . . . . . . .
 1 . . . . . . . . .

koPOSITIONALscoreAREAtaxNONEsui1komi6.5
Time taken: 0.515
Root visits: 61
New playouts: 61
NN rows: 61
NN batches: 10
NN avg batch size: 6.1
PV: E5 E3 D7 G6
Tree:
: T  58.99c W  58.21c S   0.37c ( +0.8 L  -0.1) N      61  --  E5 E3 D7 G6
---Black(^)---
E5  : T  63.34c W  61.83c S   0.61c ( +0.9 L  -0.1) LCB   56.99c P 21.22% WF  29.2 PSV      29 N      17  --  E5 E3 D7 G6
F6  : T  57.63c W  58.10c S   0.36c ( +0.8 L  -0.1) LCB   46.49c P 17.56% WF  15.4 PSV       9 N      11  --  F6 D4 E4 D5 E3
F5  : T  54.10c W  53.08c S   0.02c ( +0.6 L  -0.2) LCB   39.08c P  1.61% WF   9.6 PSV       0 N      10  --  F5 D5 E7 D3 C6
G6  : T  23.26c W  29.18c S  -1.35c ( -0.0 L  -0.6) LCB  -35.16c P  0.14% WF   0.8 PSV       0 N       5  --  G6 D4 D6
G5  : T  43.65c W  41.96c S  -0.50c ( +0.4 L  -0.3) LCB   -3.84c P  0.33% WF   2.1 PSV       0 N       4  --  G5 D5 E5 E6
G7  : T -16.17c W -10.63c S  -3.49c ( -1.0 L  -1.3) LCB  -92.62c P  0.00% WF   0.0 PSV       0 N       3  --  G7 F6 F4
H5  : T -69.34c W -62.00c S  -7.34c ( -2.9 L  -2.5) LCB -419.34c P  0.00% WF   0.0 PSV       0 N       1  --  H5
pss : T -124.16c W -99.94c S -24.22c (-14.0 L -14.5) LCB -474.16c P  0.00% WF   0.0 PSV       0 N       1  --  pass
H6  : T -82.18c W -73.84c S  -8.34c ( -3.3 L  -3.2) LCB -432.18c P  0.00% WF   0.0 PSV       0 N       1  --  H6
H7  : T -100.71c W -90.75c S  -9.96c ( -3.7 L  -3.8) LCB -450.71c P  0.00% WF   0.0 PSV       0 N       1  --  H7

2024-06-06 18:32:22-0400: = E5
2024-06-06 18:33:20-0400: Controller: kata-list_time_settings
2024-06-06 18:33:20-0400: = none absolute byoyomi canadian fischer fischer-capped
2024-06-06 18:33:20-0400: Controller: play white f5
2024-06-06 18:33:20-0400: = 
2024-06-06 18:33:20-0400: Controller: genmove black
2024-06-06 18:33:21-0400: MoveNum: 2 HASH: D75CB01AE7647839CA0CCD5236E285AE
   A B C D E F G H J
 9 . . . . . . . . .
 8 . . . . . . . . .
 7 . . . . . . . . .
 6 . . . . . @ . . .
 5 . . . . X1O2. . .
 4 . . . . . . . . .
 3 . . . . . . . . .
 2 . . . . . . . . .
 1 . . . . . . . . .

koPOSITIONALscoreAREAtaxNONEsui1komi6.5
Time taken: 0.547
Root visits: 490
New playouts: 490
NN rows: 471
NN batches: 39
NN avg batch size: 12.0769
PV: F6 E4 F4 G5 G6 G4 F3 G3 D5 E3 F2 E2 G2 H2 H5
Tree:
: T  86.96c W  84.76c S   2.44c ( +2.6 L  +1.6) N     490  --  F6 E4 F4 G5 G6 G4 F3
---Black(^)---
F6  : T  87.93c W  85.66c S   2.59c ( +2.7 L  +1.6) LCB   84.88c P 71.39% WF 553.9 PSV     551 N     377  --  F6 E4 F4 G5 G6 G4 F3 G3
E6  : T  84.69c W  82.54c S   1.89c ( +2.3 L  +1.2) LCB   80.25c P  2.09% WF  86.7 PSV       6 N      67  --  E6 F4 F6 D3 C4 C3 D4 E4
E7  : T  34.45c W  37.58c S  -1.88c ( +0.5 L  -0.2) LCB  -41.20c P  0.04% WF   0.6 PSV       0 N       3  --  E7 E4 F4
F7  : T  13.68c W  23.79c S  -2.83c ( +0.0 L  -0.5) LCB -146.24c P  0.04% WF   0.6 PSV       0 N       2  --  F7 E4
D6  : T -10.82c W  -6.69c S  -4.12c ( -0.7 L  -1.2) LCB -360.82c P  0.03% WF   0.4 PSV       0 N       1  --  D6
G6  : T -101.62c W -89.44c S -12.18c ( -3.9 L  -4.3) LCB -451.62c P  0.02% WF   0.2 PSV       0 N       1  --  G6
D7  : T  -5.88c W  -1.89c S  -3.99c ( -0.6 L  -1.0) LCB -355.88c P  0.02% WF   0.3 PSV       0 N       1  --  D7
C6  : T -12.92c W  -8.68c S  -4.25c ( -0.7 L  -1.1) LCB -362.92c P  0.02% WF   0.3 PSV       0 N       1  --  C6
C5  : T  29.26c W  31.48c S  -2.21c ( +0.3 L  -0.2) LCB -320.74c P  0.01% WF   0.2 PSV       0 N       1  --  C5
D5  : T -60.79c W -53.45c S  -7.34c ( -2.1 L  -2.1) LCB -410.79c P  0.01% WF   0.1 PSV       0 N       1  --  D5

2024-06-06 18:33:21-0400: = F6
2024-06-06 18:33:23-0400: Controller: kata-list_time_settings
2024-06-06 18:33:23-0400: = none absolute byoyomi canadian fischer fischer-capped
2024-06-06 18:33:23-0400: Controller: play white e6
2024-06-06 18:33:23-0400: = 
2024-06-06 18:33:23-0400: Controller: genmove black
2024-06-06 18:33:24-0400: MoveNum: 4 HASH: E082D4798584D1B1E2E57E10CB8D8165
   A B C D E F G H J
 9 . . . . . . . . .
 8 . . . . . . . . .
 7 . . . . . . . . .
 6 . . . . O3X2. . .
 5 . . . . X O1. . .
 4 . . . . @ . . . .
 3 . . . . . . . . .
 2 . . . . . . . . .
 1 . . . . . . . . .

koPOSITIONALscoreAREAtaxNONEsui1komi6.5
Time taken: 0.532
Root visits: 496
New playouts: 494
NN rows: 478
NN batches: 36
NN avg batch size: 13.2778
PV: E4 F7 G6 G7 D6 E7 D7 H6 G5 H5 G4 C3 E8
Tree:
: T  86.95c W  86.08c S   2.04c ( +3.0 L  +2.0) N     496  --  E4 F7 G6 G7 D6 E7 D7
---Black(^)---
E4  : T  88.23c W  87.10c S   2.25c ( +3.1 L  +2.1) LCB   84.02c P  2.67% WF 312.4 PSV     310 N     221  --  E4 F7 G6 G7 D6 E7 D7 H6
F4  : T  86.82c W  86.09c S   1.60c ( +2.8 L  +1.8) LCB   81.51c P 30.91% WF 140.7 PSV     142 N     100  --  F4 G5 G4 G6 F7 G7 D5 F8
G6  : T  86.18c W  85.45c S   2.17c ( +3.1 L  +2.0) LCB   80.61c P  6.24% WF 177.3 PSV      47 N     124  --  G6 E7 D5 F4 C7 H5 H6 E3
G7  : T  50.05c W  57.89c S  -0.80c ( +1.6 L  +0.6) LCB   -7.27c P  0.01% WF   0.6 PSV       0 N       4  --  G7 D6 F4
E3  : T  50.38c W  54.98c S  -2.21c ( +0.9 L  +0.2) LCB    6.56c P  0.00% WF   0.5 PSV       0 N       4  --  E3 G5 D5 E7
G5  : T  38.72c W  52.61c S  -1.67c ( +1.2 L  +0.3) LCB  -44.97c P  0.03% WF   1.0 PSV       0 N       3  --  G5 F4 D5
D4  : T  36.42c W  39.91c S  -1.83c ( +1.0 L  +0.2) LCB  -38.70c P  0.03% WF   1.0 PSV       0 N       3  --  D4 G5 F7
F3  : T  10.98c W  14.56c S  -3.58c ( +0.2 L  -0.4) LCB -339.02c P  0.00% WF   0.1 PSV       0 N       1  --  F3
G4  : T -10.82c W  -5.41c S  -5.41c ( -0.8 L  -1.1) LCB -360.82c P  0.00% WF   0.1 PSV       0 N       1  --  G4
D3  : T   6.64c W  11.05c S  -4.41c ( -0.3 L  -0.7) LCB -343.36c P  0.00% WF   0.1 PSV       0 N       1  --  D3

2024-06-06 18:33:24-0400: = E4
2024-06-06 18:33:48-0400: Controller: quit
2024-06-06 18:33:48-0400: Quit requested by controller
2024-06-06 18:33:48-0400: = 
2024-06-06 18:33:49-0400: GPU -1 finishing, processed 78226 rows 5766 batches
2024-06-06 18:33:49-0400: All cleaned up, quitting
