2024-06-20 18:03:29-0400: Running with following config:
allowResignation = true
lagBuffer = 1.0
logAllGTPCommunication = true
logDir = gtp_logs
logSearchInfo = true
logSearchInfoForChosenMove = false
logToStderr = false
maxTime = 1.0
maxTimePondering = 120.0
numSearchThreads = 16
ogsChatToStderr = true
ponderingEnabled = true
resignConsecTurns = 3
resignThreshold = -0.90
rules = tromp-taylor
searchFactorAfterOnePass = 0.50
searchFactorAfterTwoPass = 0.25
searchFactorWhenWinning = 0.40
searchFactorWhenWinningThreshold = 0.95

2024-06-20 18:03:29-0400: GTP Engine starting...
2024-06-20 18:03:29-0400: KataGo v1.14.1
2024-06-20 18:03:29-0400: Using TrompTaylor rules initially, unless GTP/GUI overrides this
2024-06-20 18:03:29-0400: Using 16 CPU thread(s) for search
2024-06-20 18:03:29-0400: nnRandSeed0 = 174709379711874075
2024-06-20 18:03:29-0400: After dedups: nnModelFile0 = C:\Users\chang\Downloads\kata1-b28c512nbt-s7168446720-d4316919285.bin.gz useFP16 auto useNHWC auto
2024-06-20 18:03:29-0400: Initializing neural net buffer to be size 19 * 19 exactly
2024-06-20 18:03:36-0400: Found OpenCL Platform 0: Intel(R) OpenCL Graphics (Intel(R) Corporation) (OpenCL 3.0 )
2024-06-20 18:03:36-0400: Found 1 device(s) on platform 0 with type CPU or GPU or Accelerator
2024-06-20 18:03:36-0400: Found OpenCL Platform 1: NVIDIA CUDA (NVIDIA Corporation) (OpenCL 3.0 CUDA 12.5.51)
2024-06-20 18:03:36-0400: Found 1 device(s) on platform 1 with type CPU or GPU or Accelerator
2024-06-20 18:03:36-0400: Found OpenCL Device 0: Intel(R) UHD Graphics (Intel(R) Corporation) (score 6000300)
2024-06-20 18:03:36-0400: Found OpenCL Device 1: NVIDIA GeForce RTX 4060 Laptop GPU (NVIDIA Corporation) (score 11000300)
2024-06-20 18:03:36-0400: Creating context for OpenCL Platform: NVIDIA CUDA (NVIDIA Corporation) (OpenCL 3.0 CUDA 12.5.51)
2024-06-20 18:03:36-0400: Using OpenCL Device 1: NVIDIA GeForce RTX 4060 Laptop GPU (NVIDIA Corporation) OpenCL 3.0 CUDA (Extensions: cl_khr_global_int32_base_atomics cl_khr_global_int32_extended_atomics cl_khr_local_int32_base_atomics cl_khr_local_int32_extended_atomics cl_khr_fp64 cl_khr_3d_image_writes cl_khr_byte_addressable_store cl_khr_icd cl_khr_gl_sharing cl_nv_compiler_options cl_nv_device_attribute_query cl_nv_pragma_unroll cl_nv_d3d10_sharing cl_khr_d3d10_sharing cl_nv_d3d11_sharing cl_nv_copy_opts cl_nv_create_buffer cl_khr_int64_base_atomics cl_khr_int64_extended_atomics cl_khr_device_uuid cl_khr_pci_bus_info cl_khr_external_semaphore cl_khr_external_memory cl_khr_external_semaphore_win32 cl_khr_external_memory_win32)
2024-06-20 18:03:36-0400: Loaded tuning parameters from: C:\Users\chang\Downloads\katago-v1.14.1-opencl-windows-x64/KataGoData/opencltuning/tune11_gpuNVIDIAGeForceRTX4060LaptopGPU_x19_y19_c512_mv15.txt
2024-06-20 18:03:36-0400: OpenCL backend thread 0: Model version 15
2024-06-20 18:03:36-0400: OpenCL backend thread 0: Model name: kata1-b28c512nbt-s7168446720-d4316919285
2024-06-20 18:03:44-0400: OpenCL backend thread 0: FP16Storage true FP16Compute false FP16TensorCores true FP16TensorCoresFor1x1 false
2024-06-20 18:03:44-0400: Loaded neural net with nnXLen 19 nnYLen 19
2024-06-20 18:03:44-0400: Initializing board with boardXSize 19 boardYSize 19
2024-06-20 18:03:44-0400: Loaded config C:/Users/chang/Downloads/katago-v1.14.1-opencl-windows-x64/default_gtp.cfg
2024-06-20 18:03:44-0400: Loaded model C:\Users\chang\Downloads\kata1-b28c512nbt-s7168446720-d4316919285.bin.gz
2024-06-20 18:03:44-0400: Model name: kata1-b28c512nbt-s7168446720-d4316919285
2024-06-20 18:03:44-0400: GTP ready, beginning main protocol loop
2024-06-20 18:03:44-0400: Controller: list_commands
2024-06-20 18:03:44-0400: = protocol_version
name
version
known_command
list_commands
quit
boardsize
rectangular_boardsize
clear_board
set_position
komi
get_komi
play
undo
kata-get-rules
kata-set-rule
kata-set-rules
kata-get-param
kata-set-param
kata-list-params
kgs-rules
genmove
genmove_debug
search_debug
clear_cache
showboard
fixed_handicap
place_free_handicap
set_free_handicap
time_settings
kgs-time_settings
time_left
kata-list_time_settings
kata-time_settings
final_score
final_status_list
loadsgf
printsgf
lz-genmove_analyze
kata-genmove_analyze
lz-analyze
kata-analyze
kata-raw-nn
cputime
gomill-cpu_time
kata-benchmark
kata-debug-print-tc
debug_moves
stop
2024-06-20 18:03:44-0400: Controller: boardsize 9
2024-06-20 18:03:44-0400: GPU -1 finishing, processed 0 rows 0 batches
2024-06-20 18:03:44-0400: Cleaned up old neural net and bot
2024-06-20 18:03:44-0400: nnRandSeed0 = 1517640684709978827
2024-06-20 18:03:44-0400: After dedups: nnModelFile0 = C:\Users\chang\Downloads\kata1-b28c512nbt-s7168446720-d4316919285.bin.gz useFP16 auto useNHWC auto
2024-06-20 18:03:44-0400: Initializing neural net buffer to be size 9 * 9 exactly
2024-06-20 18:03:52-0400: Found OpenCL Platform 0: Intel(R) OpenCL Graphics (Intel(R) Corporation) (OpenCL 3.0 )
2024-06-20 18:03:52-0400: Found 1 device(s) on platform 0 with type CPU or GPU or Accelerator
2024-06-20 18:03:52-0400: Found OpenCL Platform 1: NVIDIA CUDA (NVIDIA Corporation) (OpenCL 3.0 CUDA 12.5.51)
2024-06-20 18:03:52-0400: Found 1 device(s) on platform 1 with type CPU or GPU or Accelerator
2024-06-20 18:03:52-0400: Found OpenCL Device 0: Intel(R) UHD Graphics (Intel(R) Corporation) (score 6000300)
2024-06-20 18:03:52-0400: Found OpenCL Device 1: NVIDIA GeForce RTX 4060 Laptop GPU (NVIDIA Corporation) (score 11000300)
2024-06-20 18:03:52-0400: Creating context for OpenCL Platform: NVIDIA CUDA (NVIDIA Corporation) (OpenCL 3.0 CUDA 12.5.51)
2024-06-20 18:03:52-0400: Using OpenCL Device 1: NVIDIA GeForce RTX 4060 Laptop GPU (NVIDIA Corporation) OpenCL 3.0 CUDA (Extensions: cl_khr_global_int32_base_atomics cl_khr_global_int32_extended_atomics cl_khr_local_int32_base_atomics cl_khr_local_int32_extended_atomics cl_khr_fp64 cl_khr_3d_image_writes cl_khr_byte_addressable_store cl_khr_icd cl_khr_gl_sharing cl_nv_compiler_options cl_nv_device_attribute_query cl_nv_pragma_unroll cl_nv_d3d10_sharing cl_khr_d3d10_sharing cl_nv_d3d11_sharing cl_nv_copy_opts cl_nv_create_buffer cl_khr_int64_base_atomics cl_khr_int64_extended_atomics cl_khr_device_uuid cl_khr_pci_bus_info cl_khr_external_semaphore cl_khr_external_memory cl_khr_external_semaphore_win32 cl_khr_external_memory_win32)
2024-06-20 18:03:52-0400: Loaded tuning parameters from: C:\Users\chang\Downloads\katago-v1.14.1-opencl-windows-x64/KataGoData/opencltuning/tune11_gpuNVIDIAGeForceRTX4060LaptopGPU_x19_y19_c512_mv15.txt
2024-06-20 18:03:52-0400: OpenCL backend thread 0: Model version 15
2024-06-20 18:03:52-0400: OpenCL backend thread 0: Model name: kata1-b28c512nbt-s7168446720-d4316919285
2024-06-20 18:04:00-0400: OpenCL backend thread 0: FP16Storage true FP16Compute false FP16TensorCores true FP16TensorCoresFor1x1 false
2024-06-20 18:04:00-0400: Loaded neural net with nnXLen 9 nnYLen 9
2024-06-20 18:04:00-0400: Initializing board with boardXSize 9 boardYSize 9
2024-06-20 18:04:00-0400: = 
2024-06-20 18:04:00-0400: Controller: clear_board
2024-06-20 18:04:00-0400: = 
2024-06-20 18:04:00-0400: Controller: komi 5
2024-06-20 18:04:00-0400: = 
2024-06-20 18:04:00-0400: Controller: genmove black
2024-06-20 18:04:01-0400: MoveNum: 0 HASH: 9F0B2D702FC8448C75410E097F089AEB
   A B C D E F G H J
 9 . . . . . . . . .
 8 . . . . . . . . .
 7 . . . . . . . . .
 6 . . . . . . . . .
 5 . . . . @ . . . .
 4 . . . . . . . . .
 3 . . . . . . . . .
 2 . . . . . . . . .
 1 . . . . . . . . .

koPOSITIONALscoreAREAtaxNONEsui1komi5
Time taken: 1.015
Root visits: 394
New playouts: 394
NN rows: 392
NN batches: 35
NN avg batch size: 11.2
PV: E5 E3 D7 G6 D3 D2 D4 F4 C2
Tree:
: T  76.70c W  76.29c S   1.15c ( +2.4 L  +1.3) N     394  --  E5 E3 D7 G6 D3 D2 D4
---Black(^)---
E5  : T  78.99c W  77.94c S   1.25c ( +2.5 L  +1.2) LCB   77.30c P 18.63% WF 305.3 PSV     300 N     168  --  E5 E3 D7 G6 D3 D2 D4 F4
F5  : T  77.62c W  76.59c S   1.20c ( +2.5 L  +1.4) LCB   74.20c P  5.76% WF 166.8 PSV      33 N     106  --  F5 D5 E3 C3 C7 C6 D7 H5
F6  : T  72.44c W  74.46c S   1.07c ( +2.4 L  +1.3) LCB   65.66c P 14.25% WF 112.9 PSV      24 N      80  --  F6 D4 E4 D3 D6 E5 F5 E6
G5  : T  67.00c W  66.64c S   0.47c ( +2.1 L  +1.1) LCB   52.49c P  0.56% WF  20.0 PSV       0 N      16  --  G5 D5 E5 E6 D6 E7 E4 C5
G6  : T  53.02c W  56.42c S  -0.90c ( +1.5 L  +0.7) LCB   36.15c P  0.14% WF   5.3 PSV       0 N       9  --  G6 D4 E4 D5 D3 C3
G7  : T  13.97c W  21.61c S  -2.91c ( +0.5 L  +0.3) LCB  -66.29c P  0.02% WF   0.5 PSV       0 N       3  --  G7 F6 D6
H5  : T -13.50c W  -8.95c S  -4.55c ( -0.4 L  -0.3) LCB -163.98c P  0.00% WF   0.1 PSV       0 N       2  --  H5 D5
H6  : T -44.33c W -37.51c S  -6.82c ( -1.4 L  -0.8) LCB -394.33c P  0.00% WF   0.0 PSV       0 N       1  --  H6
H7  : T -86.63c W -76.96c S  -9.67c ( -2.6 L  -1.9) LCB -436.63c P  0.00% WF   0.0 PSV       0 N       1  --  H7
H8  : T -105.98c W -93.56c S -12.43c ( -3.8 L  -3.5) LCB -455.98c P  0.00% WF   0.0 PSV       0 N       1  --  H8

2024-06-20 18:04:01-0400: = E5
2024-06-20 18:04:10-0400: Controller: kata-list_time_settings
2024-06-20 18:04:10-0400: = none absolute byoyomi canadian fischer fischer-capped
2024-06-20 18:04:10-0400: Controller: play white c4
2024-06-20 18:04:10-0400: = 
2024-06-20 18:04:10-0400: Controller: genmove black
2024-06-20 18:04:11-0400: MoveNum: 2 HASH: F7069936C90FDACA9D646F794E566E96
   A B C D E F G H J
 9 . . . . . . . . .
 8 . . . . . . . . .
 7 . . . . . . . . .
 6 . . . . . . . . .
 5 . . . . X1. . . .
 4 . . O2. . . . . .
 3 . . . @ . . . . .
 2 . . . . . . . . .
 1 . . . . . . . . .

koPOSITIONALscoreAREAtaxNONEsui1komi5
Time taken: 1.078
Root visits: 320
New playouts: 268
NN rows: 256
NN batches: 24
NN avg batch size: 10.6667
PV: D3 F3 C3 G4 D7 F6 F7 B5 D4 C8 C7 B7 D8 C6
Tree:
: T  73.49c W  73.41c S   1.34c ( +2.3 L  +1.2) N     320  --  D3 F3 C3 G4 D7 F6 F7
---Black(^)---
D3  : T  75.40c W  75.24c S   1.48c ( +2.3 L  +1.3) LCB   72.09c P 82.35% WF 306.8 PSV     303 N     203  --  D3 F3 C3 G4 D7 F6 F7 B5
E3  : T  72.22c W  72.14c S   1.41c ( +2.3 L  +1.2) LCB   67.26c P  9.09% WF  71.3 PSV      16 N      47  --  E3 G6 C6 F7 G4 D3 E2 B5
C6  : T  73.10c W  72.12c S   1.08c ( +2.1 L  +1.1) LCB   67.94c P  3.62% WF  35.7 PSV       7 N      22  --  C6 D3 G6 F3 D4 C3 G4 D7
F7  : T  72.62c W  71.38c S   1.22c ( +2.2 L  +1.1) LCB   66.39c P  0.94% WF  28.1 PSV       1 N      18  --  F7 C6 F3 G5 D5 C5 D7
D7  : T  68.74c W  69.17c S   1.14c ( +2.2 L  +1.2) LCB   54.43c P  0.65% WF  13.1 PSV       0 N      10  --  D7 G6 D3 C3 G4 F7
G6  : T  46.81c W  60.58c S  -0.33c ( +1.5 L  +0.7) LCB  -11.72c P  0.60% WF   5.3 PSV       0 N       5  --  G6 D6 E6 D7
F3  : T  63.27c W  63.40c S   0.50c ( +1.9 L  +0.9) LCB   16.54c P  0.39% WF   5.0 PSV       0 N       4  --  F3 G7 F7
C5  : T  61.22c W  62.29c S   0.41c ( +1.8 L  +0.9) LCB  -90.86c P  0.54% WF   3.0 PSV       0 N       2  --  C5 B5
D4  : T  58.51c W  61.48c S   0.41c ( +1.8 L  +1.1) LCB -104.05c P  0.50% WF   2.7 PSV       0 N       2  --  D4 C3
D6  : T  63.70c W  63.70c S  -0.00c ( +1.6 L  +0.9) LCB -286.30c P  0.44% WF   1.8 PSV       0 N       1  --  D6

2024-06-20 18:04:11-0400: = D3
2024-06-20 18:04:13-0400: Controller: kata-list_time_settings
2024-06-20 18:04:13-0400: = none absolute byoyomi canadian fischer fischer-capped
2024-06-20 18:04:13-0400: Controller: play white c6
2024-06-20 18:04:13-0400: = 
2024-06-20 18:04:13-0400: Controller: genmove black
2024-06-20 18:04:14-0400: MoveNum: 4 HASH: 8F31962C927C267C55B20F8676CA7D25
   A B C D E F G H J
 9 . . . . . . . . .
 8 . . . . . . . . .
 7 . . . . . . . . .
 6 . . O3. . . @ . .
 5 . . . . X . . . .
 4 . . O1. . . . . .
 3 . . . X2. . . . .
 2 . . . . . . . . .
 1 . . . . . . . . .

koPOSITIONALscoreAREAtaxNONEsui1komi5
Time taken: 1.078
Root visits: 339
New playouts: 257
NN rows: 253
NN batches: 25
NN avg batch size: 10.12
PV: G6 F3 D4 H5 C7 D6 G4 D7 F7 C3 E2
Tree:
: T  69.96c W  69.90c S   1.29c ( +2.2 L  +1.2) N     339  --  G6 F3 D4 H5 C7 D6 G4
---Black(^)---
G6  : T  71.57c W  70.76c S   1.46c ( +2.2 L  +1.3) LCB   67.36c P 85.94% WF 320.9 PSV     318 N     250  --  G6 F3 D4 H5 C7 D6 G4 D7
C3  : T  69.71c W  70.18c S   1.29c ( +2.2 L  +1.2) LCB   52.95c P  3.09% WF  38.5 PSV       7 N      25  --  C3 G4 D7 C7 G6 F3
G5  : T  66.37c W  69.64c S   0.79c ( +1.9 L  +1.0) LCB   57.04c P  4.81% WF  35.0 PSV       6 N      28  --  G5 D4 E4 E3 F3 E2 F2 E7
D7  : T  68.56c W  68.86c S   0.99c ( +2.0 L  +1.2) LCB   60.41c P  1.22% WF  26.2 PSV       2 N      18  --  D7 G5 C7 C3 E2 C2 G4
D6  : T  59.45c W  62.11c S   0.38c ( +1.7 L  +0.9) LCB    6.51c P  2.21% WF   5.8 PSV       1 N       4  --  D6 C7 G5
G4  : T  50.63c W  61.71c S  -0.19c ( +1.5 L  +0.7) LCB    4.03c P  1.11% WF   6.7 PSV       0 N       5  --  G4 E7 C3 G6
H5  : T  53.58c W  54.22c S  -0.64c ( +1.3 L  +0.7) LCB -296.42c P  0.47% WF   1.5 PSV       0 N       1  --  H5
D5  : T  36.50c W  38.10c S  -1.60c ( +0.8 L  +0.5) LCB -313.50c P  0.40% WF   1.3 PSV       0 N       1  --  D5
E7  : T  54.54c W  54.80c S  -0.26c ( +1.4 L  +0.9) LCB -295.46c P  0.23% WF   1.3 PSV       0 N       1  --  E7
F6  : T  49.62c W  50.30c S  -0.68c ( +1.2 L  +0.9) LCB -300.38c P  0.18% WF   1.5 PSV       0 N       1  --  F6

2024-06-20 18:04:14-0400: = G6
2024-06-20 18:04:16-0400: Controller: kata-list_time_settings
2024-06-20 18:04:16-0400: = none absolute byoyomi canadian fischer fischer-capped
2024-06-20 18:04:16-0400: Controller: play white g3
2024-06-20 18:04:16-0400: = 
2024-06-20 18:04:16-0400: Controller: genmove black
2024-06-20 18:04:17-0400: MoveNum: 6 HASH: 1E947970554B64E0FC48D0E0CFF356CE
   A B C D E F G H J
 9 . . . . . . . . .
 8 . . . . . . . . .
 7 . . . . . . . . .
 6 . . O1. . . X2. .
 5 . . . . X . . . .
 4 . . O . . . . . .
 3 . . @ X . . O3. .
 2 . . . . . . . . .
 1 . . . . . . . . .

koPOSITIONALscoreAREAtaxNONEsui1komi5
Time taken: 1.094
Root visits: 850
New playouts: 332
NN rows: 258
NN batches: 25
NN avg batch size: 10.32
PV: C3 H5 G5 E7 D6 D7 C7 B7 C8 B5 B8 A8 F7 F8 G8
Tree:
: T  70.59c W  70.40c S   1.78c ( +2.4 L  +1.6) N     850  --  C3 H5 G5 E7 D6 D7 C7
---Black(^)---
C3  : T  70.83c W  70.64c S   1.87c ( +2.5 L  +1.6) LCB   66.95c P 62.59% WF 722.0 PSV     721 N     693  --  C3 H5 G5 E7 D6 D7 C7 B7
D7  : T  71.53c W  70.65c S   1.78c ( +2.4 L  +1.5) LCB   64.85c P 24.92% WF 121.1 PSV     121 N     115  --  D7 C7 H4 G4 H5 D4 E4 E3
H5  : T  66.18c W  67.09c S   0.04c ( +1.6 L  +0.8) LCB   46.50c P  4.15% WF  15.0 PSV      14 N      16  --  H5 D4 E4 E3 F3 E2 F2 D2
F2  : T  66.56c W  67.52c S   0.42c ( +1.8 L  +0.9) LCB   55.95c P  2.05% WF  19.6 PSV       7 N      15  --  F2 F3 E3 G2 H4 D7
D6  : T  56.09c W  59.36c S   0.11c ( +1.7 L  +0.9) LCB  -26.65c P  2.69% WF   3.6 PSV       3 N       3  --  D6 C7 H4
H4  : T  59.22c W  60.38c S  -0.26c ( +1.5 L  +0.8) LCB  -18.29c P  2.24% WF   3.9 PSV       3 N       3  --  H4 G4 D6
E2  : T  62.20c W  68.62c S   1.07c ( +2.1 L  +1.1) LCB  -13.25c P  0.64% WF   4.3 PSV       1 N       3  --  E2 H5 H6
D5  : T  48.39c W  49.25c S  -0.86c ( +1.2 L  +0.7) LCB -301.61c P  0.36% WF   1.3 PSV       0 N       1  --  D5

2024-06-20 18:04:17-0400: = C3
2024-06-20 18:04:19-0400: Controller: kata-list_time_settings
2024-06-20 18:04:19-0400: = none absolute byoyomi canadian fischer fischer-capped
2024-06-20 18:04:19-0400: Controller: play white h5
2024-06-20 18:04:19-0400: = 
2024-06-20 18:04:19-0400: Controller: genmove black
2024-06-20 18:04:20-0400: MoveNum: 8 HASH: FADC933017DDC69B6B3CB952CFC3A6DB
   A B C D E F G H J
 9 . . . . . . . . .
 8 . . . . . . . . .
 7 . . . . . . . . .
 6 . . O . . . X . .
 5 . . . . X . @ O3.
 4 . . O . . . . . .
 3 . . X2X . . O1. .
 2 . . . . . . . . .
 1 . . . . . . . . .

koPOSITIONALscoreAREAtaxNONEsui1komi5
Time taken: 1.109
Root visits: 1581
New playouts: 286
NN rows: 262
NN batches: 25
NN avg batch size: 10.48
PV: G5 E7 H4 H3 G4 E2 B5 E3 C5 G8 D2 B6 H2 J2 G2 F2 H1 E4 D6 D4
Tree:
: T  70.62c W  70.44c S   1.87c ( +2.7 L  +1.9) N    1581  --  G5 E7 H4 H3 G4 E2 B5
---Black(^)---
G5  : T  70.82c W  70.59c S   1.91c ( +2.7 L  +1.9) LCB   68.14c P 90.62% WF 1477.1 PSV    1475 N    1558  --  G5 E7 H4 H3 G4 E2 B5 E3
D7  : T  60.49c W  63.25c S  -0.26c ( +1.7 L  +0.9) LCB   49.27c P  6.76% WF  22.7 PSV      19 N      19  --  D7 C7 G5 H6 H7 H4 F2 G2
D8  : T  35.07c W  37.05c S  -1.98c ( +0.9 L  +0.7) LCB -314.93c P  0.91% WF   0.9 PSV       0 N       1  --  D8
F2  : T  37.19c W  38.88c S  -1.69c ( +1.0 L  +0.8) LCB -312.81c P  0.60% WF   1.0 PSV       0 N       1  --  F2
E7  : T  47.26c W  48.34c S  -1.09c ( +1.3 L  +0.8) LCB -302.74c P  0.28% WF   1.0 PSV       0 N       1  --  E7

2024-06-20 18:04:20-0400: = G5
2024-06-20 18:04:22-0400: Controller: kata-list_time_settings
2024-06-20 18:04:22-0400: = none absolute byoyomi canadian fischer fischer-capped
2024-06-20 18:04:22-0400: Controller: play white d7
2024-06-20 18:04:22-0400: = 
2024-06-20 18:04:22-0400: Controller: genmove black
2024-06-20 18:04:23-0400: MoveNum: 10 HASH: 3F74BAE448F0425321618E663086378E
   A B C D E F G H J
 9 . . . . . . . . .
 8 . . . . . . . . .
 7 . . . O3. . . . .
 6 . . O . . . X . .
 5 . . . . X . X2O1.
 4 . . O . . . . @ .
 3 . . X X . . O . .
 2 . . . . . . . . .
 1 . . . . . . . . .

koPOSITIONALscoreAREAtaxNONEsui1komi5
Time taken: 1.125
Root visits: 760
New playouts: 300
NN rows: 266
NN batches: 27
NN avg batch size: 9.85185
PV: H4 H3 G4 E2 B5 E3 C5 F7 G7 G8 E8 F8 C8 F6 F4 J4 D5 C7 D8 B8 B7 B6
Tree:
: T  69.26c W  69.36c S   1.69c ( +2.7 L  +2.0) N     760  --  H4 H3 G4 E2 B5 E3 C5
---Black(^)---
H4  : T  69.65c W  69.59c S   1.77c ( +2.7 L  +2.0) LCB   64.74c P 93.60% WF 622.3 PSV     621 N     734  --  H4 H3 G4 E2 B5 E3 C5 F7
F2  : T  61.48c W  65.89c S  -0.08c ( +1.8 L  +0.9) LCB   33.33c P  2.04% WF  16.9 PSV       4 N      14  --  F2 H6 H7 F3 H4 H3 G4 E2
B5  : T  59.12c W  61.91c S  -0.06c ( +1.8 L  +0.9) LCB   23.13c P  2.22% WF   8.8 PSV       3 N       8  --  B5 D4 C5 D5
E8  : T  61.91c W  65.15c S   0.60c ( +2.2 L  +1.3) LCB  -92.99c P  0.95% WF   2.6 PSV       2 N       2  --  E8 H6
D6  : T  49.22c W  50.24c S  -1.02c ( +1.4 L  +0.7) LCB -300.78c P  0.43% WF   1.0 PSV       0 N       1  --  D6

2024-06-20 18:04:23-0400: = H4
2024-06-20 18:04:25-0400: Controller: kata-list_time_settings
2024-06-20 18:04:25-0400: = none absolute byoyomi canadian fischer fischer-capped
2024-06-20 18:04:25-0400: Controller: play white h3
2024-06-20 18:04:25-0400: = 
2024-06-20 18:04:25-0400: Controller: genmove black
2024-06-20 18:04:26-0400: MoveNum: 12 HASH: 7F66179B0D9D3081434E6054722CCFDF
   A B C D E F G H J
 9 . . . . . . . . .
 8 . . . . . . . . .
 7 . . . O1. . . . .
 6 . . O . . . X . .
 5 . . . . X . X O .
 4 . . O . . . @ X2.
 3 . . X X . . O O3.
 2 . . . . . . . . .
 1 . . . . . . . . .

koPOSITIONALscoreAREAtaxNONEsui1komi5
Time taken: 1.093
Root visits: 1756
New playouts: 311
NN rows: 261
NN batches: 25
NN avg batch size: 10.44
PV: G4 E2 B5 E3 C5 F7 G7 G8 E8 F8 C8 F6 D5 C7 B7 D8 B9 F5 F4 E4 H8 H9
Tree:
: T  66.58c W  67.22c S   1.78c ( +2.8 L  +2.2) N    1756  --  G4 E2 B5 E3 C5 F7 G7
---Black(^)---
G4  : T  66.59c W  67.23c S   1.79c ( +2.8 L  +2.2) LCB   62.85c P 98.84% WF 1371.0 PSV    1371 N    1754  --  G4 E2 B5 E3 C5 F7 G7 G8
B5  : T  28.09c W  31.01c S  -2.92c ( +0.6 L  +0.6) LCB -321.91c P  0.71% WF   0.8 PSV       0 N       1  --  B5

2024-06-20 18:04:26-0400: = G4
2024-06-20 18:04:28-0400: Controller: kata-list_time_settings
2024-06-20 18:04:28-0400: = none absolute byoyomi canadian fischer fischer-capped
2024-06-20 18:04:28-0400: Controller: play white e2
2024-06-20 18:04:29-0400: = 
2024-06-20 18:04:29-0400: Controller: genmove black
2024-06-20 18:04:30-0400: MoveNum: 14 HASH: 889BCFF0CF2FAEDDFAA25FAAAEE74F3D
   A B C D E F G H J
 9 . . . . . . . . .
 8 . . . . . . . . .
 7 . . . O . . . . .
 6 . . O . . . X . .
 5 . @ . . X . X O .
 4 . . O . . . X2X .
 3 . . X X . . O O1.
 2 . . . . O3. . . .
 1 . . . . . . . . .

koPOSITIONALscoreAREAtaxNONEsui1komi5
Time taken: 1.032
Root visits: 2722
New playouts: 368
NN rows: 244
NN batches: 25
NN avg batch size: 9.76
PV: B5 E3 C5 F7 G7 G8 B7 B6 A6 B8 H8 C7 D2 F8 A8 A7 E4 F3 B7 D5 D4 A7
Tree:
: T  64.46c W  65.32c S   1.65c ( +2.6 L  +2.0) N    2722  --  B5 E3 C5 F7 G7 G8 B7
---Black(^)---
B5  : T  64.62c W  65.33c S   1.68c ( +2.6 L  +2.0) LCB   61.27c P 93.60% WF 2089.1 PSV    2088 N    2687  --  B5 E3 C5 F7 G7 G8 B7 B6
H2  : T  69.17c W  72.52c S   0.45c ( +2.0 L  +1.0) LCB   39.16c P  0.18% WF  10.3 PSV      11 N       8  --  H2 J2 B5 F7
E8  : T  59.47c W  62.59c S  -0.79c ( +1.5 L  +0.6) LCB   32.77c P  0.76% WF   7.1 PSV       6 N       6  --  E8 E7 F8 B4
B4  : T  39.08c W  49.99c S  -1.25c ( +1.2 L  +0.6) LCB  -21.60c P  1.68% WF   3.4 PSV       4 N       4  --  B4 E3 E8
F3  : T  43.88c W  62.48c S  -0.09c ( +1.8 L  +1.0) LCB  -11.19c P  1.08% WF   4.5 PSV       3 N       5  --  F3 E3 D4 F4 E8
E3  : T  50.67c W  60.70c S  -1.62c ( +1.2 L  +0.4) LCB    0.42c P  0.89% WF   5.1 PSV       3 N       4  --  E3 F2 E8 E7
D2  : T  52.77c W  67.31c S  -0.11c ( +1.8 L  +0.8) LCB   -7.27c P  0.67% WF   5.1 PSV       3 N       4  --  D2 E3 D4 H1
D4  : T  41.51c W  50.01c S  -1.40c ( +1.2 L  +0.6) LCB  -38.85c P  0.89% WF   2.6 PSV       2 N       3  --  D4 F3 E8

2024-06-20 18:04:30-0400: = B5
2024-06-20 18:04:32-0400: Controller: kata-list_time_settings
2024-06-20 18:04:32-0400: = none absolute byoyomi canadian fischer fischer-capped
2024-06-20 18:04:32-0400: Controller: play white e3
2024-06-20 18:04:32-0400: = 
2024-06-20 18:04:32-0400: Controller: genmove black
2024-06-20 18:04:33-0400: MoveNum: 16 HASH: AD2EC5E39B0E5547D5FEDE07B463DE35
   A B C D E F G H J
 9 . . . . . . . . .
 8 . . . . . . . . .
 7 . . . O . . . . .
 6 . . O . . . X . .
 5 . X2@ . X . X O .
 4 . . O . . . X X .
 3 . . X X O3. O O .
 2 . . . . O1. . . .
 1 . . . . . . . . .

koPOSITIONALscoreAREAtaxNONEsui1komi5
Time taken: 1.141
Root visits: 2926
New playouts: 296
NN rows: 266
NN batches: 26
NN avg batch size: 10.2308
PV: C5 F7 G7 G8 B7 B6 A6 B8 H8 C7 D2 F8 A8 H9 E4 F3 A7 B9 H2 J2 G2 H1 G1 J3 J1
Tree:
: T  68.35c W  68.38c S   1.72c ( +2.6 L  +2.1) N    2926  --  C5 F7 G7 G8 B7 B6 A6
---Black(^)---
C5  : T  68.38c W  68.40c S   1.72c ( +2.6 L  +2.1) LCB   64.99c P 97.71% WF 2367.8 PSV    2368 N    2923  --  C5 F7 G7 G8 B7 B6 A6 B8
D4  : T  10.65c W  13.28c S  -2.63c ( +0.5 L  +0.2) LCB -339.35c P  1.20% WF   0.7 PSV       1 N       1  --  D4
E8  : T -30.62c W -25.73c S  -4.89c ( -0.4 L  -0.9) LCB -380.62c P  0.64% WF   0.3 PSV       0 N       1  --  E8

2024-06-20 18:04:33-0400: = C5
2024-06-20 18:04:35-0400: Controller: kata-list_time_settings
2024-06-20 18:04:35-0400: = none absolute byoyomi canadian fischer fischer-capped
2024-06-20 18:04:35-0400: Controller: play white f7
2024-06-20 18:04:35-0400: = 
2024-06-20 18:04:35-0400: Controller: genmove black
2024-06-20 18:04:36-0400: MoveNum: 18 HASH: DFC396EC6A7AEE0020CC83A57BD81ADA
   A B C D E F G H J
 9 . . . . . . . . .
 8 . . . . . . . . .
 7 . . . O . O3@ . .
 6 . . O . . . X . .
 5 . X X2. X . X O .
 4 . . O . . . X X .
 3 . . X X O1. O O .
 2 . . . . O . . . .
 1 . . . . . . . . .

koPOSITIONALscoreAREAtaxNONEsui1komi5
Time taken: 1.125
Root visits: 3370
New playouts: 264
NN rows: 265
NN batches: 26
NN avg batch size: 10.1923
PV: G7 G8 B7 B6 A6 B8 H8 C7 D2 F8 A8 H9 E4 F3 A7 B9 J7 D5 D4 D6 B4 J4 G2 H2 J3
Tree:
: T  69.79c W  69.77c S   1.68c ( +2.6 L  +2.1) N    3370  --  G7 G8 B7 B6 A6 B8 H8
---Black(^)---
G7  : T  71.72c W  71.37c S   1.84c ( +2.7 L  +2.2) LCB   68.50c P 25.48% WF 2527.5 PSV    2466 N    2922  --  G7 G8 B7 B6 A6 B8 H8 C7
E8  : T  52.01c W  54.86c S   0.37c ( +2.0 L  +1.4) LCB   41.45c P 69.92% WF 245.3 PSV     282 N     430  --  E8 E7 G7 F8 B7 B6 A6 B8
D2  : T  26.95c W  38.52c S  -1.67c ( +1.1 L  +0.4) LCB   -5.69c P  2.45% WF   8.7 PSV       4 N      13  --  D2 G7 H7 H8 J8 B6 D6
D6  : T -21.13c W -16.01c S  -5.12c ( -0.3 L  -0.4) LCB -371.13c P  0.68% WF   0.5 PSV       0 N       1  --  D6
E4  : T   4.53c W   8.14c S  -3.61c ( +0.3 L  -0.1) LCB -345.47c P  0.46% WF   0.6 PSV       0 N       1  --  E4
B7  : T  35.09c W  36.50c S  -1.41c ( +1.1 L  +0.6) LCB -314.91c P  0.44% WF   0.8 PSV       0 N       1  --  B7
H2  : T  39.48c W  41.01c S  -1.53c ( +1.0 L  +0.6) LCB -310.52c P  0.33% WF   0.8 PSV       0 N       1  --  H2

2024-06-20 18:04:36-0400: = G7
2024-06-20 18:04:38-0400: Controller: kata-list_time_settings
2024-06-20 18:04:38-0400: = none absolute byoyomi canadian fischer fischer-capped
2024-06-20 18:04:38-0400: Controller: play white g8
2024-06-20 18:04:38-0400: = 
2024-06-20 18:04:38-0400: Controller: genmove black
2024-06-20 18:04:39-0400: MoveNum: 20 HASH: 198D24F41D2FB10B905ABF1CBA50352B
   A B C D E F G H J
 9 . . . . . . . . .
 8 . . . . . . O3. .
 7 . @ . O . O1X2. .
 6 . . O . . . X . .
 5 . X X . X . X O .
 4 . . O . . . X X .
 3 . . X X O . O O .
 2 . . . . O . . . .
 1 . . . . . . . . .

koPOSITIONALscoreAREAtaxNONEsui1komi5
Time taken: 1.141
Root visits: 3034
New playouts: 282
NN rows: 264
NN batches: 28
NN avg batch size: 9.42857
PV: B7 B6 A6 B8 H8 C7 D2 F8 A8 H9 E4 F3 A7 B9 J7 D5 D4 D6 B4 J4 G2 H2 J3 J2 F1
Tree:
: T  74.26c W  73.37c S   1.79c ( +2.6 L  +2.2) N    3034  --  B7 B6 A6 B8 H8 C7 D2
---Black(^)---
B7  : T  77.94c W  76.59c S   1.76c ( +2.6 L  +2.2) LCB   74.75c P  3.93% WF 2182.7 PSV    2075 N    2184  --  B7 B6 A6 B8 H8 C7 D2 F8
E8  : T  55.45c W  57.05c S   2.13c ( +3.0 L  +2.3) LCB   47.46c P 83.84% WF 348.9 PSV     276 N     697  --  E8 F8 C8 F6 F4 J4 D5 D8
D2  : T  60.39c W  61.19c S   1.28c ( +2.4 L  +1.9) LCB   45.80c P  6.05% WF  71.3 PSV      25 N     105  --  D2 H8 E4 F3 B7 B6 A6 C8
H8  : T  63.75c W  61.39c S   1.61c ( +2.5 L  +1.8) LCB   47.43c P  3.93% WF  27.6 PSV      20 N      41  --  H8 B6 D2 F8 F2 F3 J2 D4
H2  : T  44.23c W  45.37c S  -1.14c ( +1.2 L  +0.7) LCB -305.77c P  0.53% WF   0.8 PSV       1 N       1  --  H2
E4  : T  -1.62c W  21.99c S  -2.94c ( +0.6 L  +0.1) LCB -108.40c P  0.96% WF   1.6 PSV       0 N       3  --  E4 B6 A6
B6  : T  38.27c W  40.20c S  -1.94c ( +1.0 L  +0.4) LCB -311.73c P  0.32% WF   0.7 PSV       0 N       1  --  B6
C8  : T  22.18c W  24.82c S  -2.64c ( +0.6 L  +0.3) LCB -327.82c P  0.16% WF   0.5 PSV       0 N       1  --  C8

2024-06-20 18:04:39-0400: = B7
2024-06-20 18:04:41-0400: Controller: kata-list_time_settings
2024-06-20 18:04:41-0400: = none absolute byoyomi canadian fischer fischer-capped
2024-06-20 18:04:41-0400: Controller: play white b6
2024-06-20 18:04:41-0400: = 
2024-06-20 18:04:41-0400: Controller: genmove black
2024-06-20 18:04:42-0400: MoveNum: 22 HASH: 8014BA754F510F80038E33CEE84CA750
   A B C D E F G H J
 9 . . . . . . . . .
 8 . . . . . . O1. .
 7 . X2. O . O X . .
 6 @ O3O . . . X . .
 5 . X X . X . X O .
 4 . . O . . . X X .
 3 . . X X O . O O .
 2 . . . . O . . . .
 1 . . . . . . . . .

koPOSITIONALscoreAREAtaxNONEsui1komi5
Time taken: 1.157
Root visits: 1923
New playouts: 329
NN rows: 272
NN batches: 28
NN avg batch size: 9.71429
PV: A6 B8 H8 C7 D2 F8 A8 H9 E4 F3 A7 B9 J7 D5 D4 D6 B4 J4 G2 H2 J3 J2 F1 H1 E6
Tree:
: T  79.33c W  77.92c S   1.91c ( +2.6 L  +2.4) N    1923  --  A6 B8 H8 C7 D2 F8 A8
---Black(^)---
A6  : T  79.80c W  78.34c S   1.95c ( +2.6 L  +2.4) LCB   76.36c P 73.92% WF 1860.4 PSV    1854 N    1894  --  A6 B8 H8 C7 D2 F8 A8 H9
E8  : T  -6.80c W   1.73c S  -3.52c ( +0.1 L  -0.0) LCB  -57.76c P 25.27% WF   9.0 PSV      15 N      26  --  E8 D5 D4 D6 E4 B4 D8 C8
D2  : T -16.88c W -12.57c S  -4.31c ( -0.3 L  -0.4) LCB -366.88c P  0.22% WF   0.5 PSV       0 N       1  --  D2
H2  : T -40.97c W -35.09c S  -5.88c ( -1.1 L  -0.8) LCB -390.97c P  0.21% WF   0.4 PSV       0 N       1  --  H2

2024-06-20 18:04:42-0400: = A6
2024-06-20 18:04:44-0400: Controller: kata-list_time_settings
2024-06-20 18:04:44-0400: = none absolute byoyomi canadian fischer fischer-capped
2024-06-20 18:04:44-0400: Controller: play white b8
2024-06-20 18:04:44-0400: = 
2024-06-20 18:04:44-0400: Controller: genmove black
2024-06-20 18:04:45-0400: MoveNum: 24 HASH: 29BA4DCFE34E0B0E7BCEA85EB07E6714
   A B C D E F G H J
 9 . . . . . . . . .
 8 . O3. . . . O @ .
 7 . X . O . O X . .
 6 X2O1O . . . X . .
 5 . X X . X . X O .
 4 . . O . . . X X .
 3 . . X X O . O O .
 2 . . . . O . . . .
 1 . . . . . . . . .

koPOSITIONALscoreAREAtaxNONEsui1komi5
Time taken: 1.078
Root visits: 2417
New playouts: 354
NN rows: 253
NN batches: 26
NN avg batch size: 9.73077
PV: H8 C7 D2 F8 A8 H9 E4 F3 A7 B9 J7 D5 D4 D6 B4 J4 G2 H2 J3 J2 F1 H1 E6 D8 E1
Tree:
: T  80.81c W  78.71c S   2.24c ( +2.7 L  +2.5) N    2417  --  H8 C7 D2 F8 A8 H9 E4
---Black(^)---
H8  : T  82.29c W  79.99c S   2.32c ( +2.7 L  +2.5) LCB   78.84c P 30.11% WF 2355.9 PSV    2324 N    2251  --  H8 C7 D2 F8 A8 H9 E4 F3
D2  : T  38.70c W  44.06c S   1.28c ( +2.3 L  +1.9) LCB    7.53c P 36.61% WF  42.7 PSV      59 N      98  --  D2 D5 D4 D6 E4 F3 H2 J2
E8  : T   0.93c W   6.00c S  -3.04c ( +0.3 L  +0.2) LCB  -34.07c P 22.86% WF  12.3 PSV      20 N      40  --  E8 D5 D4 D6 B4 F8 E4 A8
E4  : T  14.27c W  20.45c S  -2.81c ( +0.5 L  +0.4) LCB  -32.00c P  7.25% WF   7.9 PSV       7 N      19  --  E4 D5 D4 D6 B3 H8 C8 A8
C7  : T  38.26c W  38.09c S  -0.82c ( +1.3 L  +0.8) LCB  -20.95c P  1.47% WF   1.8 PSV       2 N       4  --  C7 D6 C8 D5
H2  : T  43.86c W  42.57c S  -1.25c ( +1.1 L  +0.6) LCB -105.69c P  1.07% WF   1.3 PSV       1 N       2  --  H2 J2
D4  : T -16.32c W -11.03c S  -5.28c ( -0.3 L  -0.3) LCB -366.32c P  0.25% WF   0.4 PSV       0 N       1  --  D4
F3  : T  64.57c W  64.76c S  -0.19c ( +1.6 L  +0.9) LCB -285.43c P  0.20% WF   0.8 PSV       0 N       1  --  F3

2024-06-20 18:04:45-0400: = H8
2024-06-20 18:04:47-0400: Controller: kata-list_time_settings
2024-06-20 18:04:47-0400: = none absolute byoyomi canadian fischer fischer-capped
2024-06-20 18:04:47-0400: Controller: play white c7
2024-06-20 18:04:47-0400: = 
2024-06-20 18:04:47-0400: Controller: genmove black
2024-06-20 18:04:49-0400: MoveNum: 26 HASH: F923EA5CF8E245F4D77BB135795E40E9
   A B C D E F G H J
 9 . . . . . . . . .
 8 . O1. . . . O X2.
 7 . X O3O . O X . .
 6 X O O . . . X . .
 5 . X X . X . X O .
 4 . . O . . . X X .
 3 . . X X O . O O .
 2 . . . @ O . . . .
 1 . . . . . . . . .

koPOSITIONALscoreAREAtaxNONEsui1komi5
Time taken: 1.094
Root visits: 2863
New playouts: 286
NN rows: 263
NN batches: 26
NN avg batch size: 10.1154
PV: D2 F8 A8 H9 E4 F3 A7 B9 J7 E6 G2 H2 J3 J2 H1 F1
Tree:
: T  81.66c W  78.75c S   2.99c ( +3.1 L  +3.0) N    2863  --  D2 F8 A8 H9 E4 F3 A7
---Black(^)---
D2  : T  82.62c W  79.59c S   3.08c ( +3.1 L  +3.0) LCB   79.19c P 75.85% WF 2711.3 PSV    2688 N    2769  --  D2 F8 A8 H9 E4 F3 A7 B9
D4  : T  37.83c W  41.89c S  -1.94c ( +1.0 L  +0.4) LCB   19.66c P 17.21% WF  22.5 PSV      29 N      39  --  D4 F8 A8 A7 D2 H1 B7 B9
E8  : T -29.37c W -19.99c S  -5.14c ( -0.6 L  -0.6) LCB  -64.41c P  4.25% WF  12.7 PSV       3 N      48  --  E8 D5 D4 D6 B4 F8 E4 D2
E4  : T  14.04c W  17.91c S  -3.10c ( +0.5 L  +0.1) LCB  -38.32c P  1.96% WF   1.9 PSV       2 N       4  --  E4 D2 C2 F8
D5  : T   1.48c W   6.00c S  -4.52c ( -0.0 L  -0.4) LCB -348.52c P  0.31% WF   0.5 PSV       0 N       1  --  D5
A8  : T -29.63c W -24.70c S  -4.94c ( -0.4 L  -1.0) LCB -379.63c P  0.16% WF   0.4 PSV       0 N       1  --  A8

2024-06-20 18:04:49-0400: = D2
2024-06-20 18:04:51-0400: Controller: kata-list_time_settings
2024-06-20 18:04:51-0400: = none absolute byoyomi canadian fischer fischer-capped
2024-06-20 18:04:51-0400: Controller: play white f8
2024-06-20 18:04:51-0400: = 
2024-06-20 18:04:51-0400: Controller: genmove black
2024-06-20 18:04:52-0400: MoveNum: 28 HASH: F5CDEDE9D69E2932DB93BB6806EE8F67
   A B C D E F G H J
 9 . . . . . . . . .
 8 @ O . . . O3O X .
 7 . X O1O . O X . .
 6 X O O . . . X . .
 5 . X X . X . X O .
 4 . . O . . . X X .
 3 . . X X O . O O .
 2 . . . X2O . . . .
 1 . . . . . . . . .

koPOSITIONALscoreAREAtaxNONEsui1komi5
Time taken: 1.141
Root visits: 3000
New playouts: 345
NN rows: 232
NN batches: 24
NN avg batch size: 9.66667
PV: A8 A7 E4 F3 B7 D5 D4 A7 H2 J2 B7 H9 A7 B9 D6 H7 H6 J8 G2 H1 G1 J3 J1 E1
Tree:
: T  85.97c W  83.61c S   1.98c ( +2.7 L  +2.5) N    3000  --  A8 A7 E4 F3 B7 D5 D4
---Black(^)---
A8  : T  87.27c W  84.80c S   2.05c ( +2.7 L  +2.6) LCB   84.83c P 30.69% WF 3325.2 PSV    3286 N    2774  --  A8 A7 E4 F3 B7 D5 D4 A7
E4  : T  60.35c W  58.35c S  -0.26c ( +1.8 L  +1.2) LCB   47.21c P 32.88% WF  76.1 PSV      94 N     132  --  E4 F3 A8 A7 H2 J3 G2 H1
F2  : T -10.79c W  -1.58c S  -1.17c ( +1.3 L  +0.3) LCB  -79.85c P 19.68% WF  13.3 PSV      15 N      43  --  F2 F1 G1 E1 J3 J2 F3
H2  : T  20.13c W  28.53c S  -0.05c ( +1.8 L  +0.9) LCB  -46.77c P  6.05% WF   5.9 PSV       7 N      16  --  H2 J2 G2 F2 H1 E4 D4 F4
E1  : T  34.47c W  41.04c S   0.32c ( +2.0 L  +1.2) LCB   -4.86c P  4.60% WF   6.5 PSV       6 N      16  --  E1 F1 D1 E4 D4 G2 A8 A7
H1  : T  38.28c W  42.44c S   0.64c ( +2.1 L  +1.3) LCB  -14.61c P  2.84% WF   3.9 PSV       4 N      10  --  H1 E4 D4 F4 F2 F1 H2
F3  : T  34.47c W  47.35c S   2.93c ( +3.4 L  +2.0) LCB  -23.45c P  1.45% WF   2.2 PSV       2 N       6  --  F3 F2 H2 J2 H1 E4
D4  : T  21.70c W  27.15c S  -3.90c ( +0.4 L  -0.1) LCB -337.72c P  1.15% WF   0.6 PSV       1 N       1  --  D4 H1 A8 A7 E1
D1  : T  14.51c W  16.87c S  -2.35c ( +0.8 L  +0.1) LCB -335.49c P  0.21% WF   0.4 PSV       0 N       1  --  D1

2024-06-20 18:04:52-0400: = A8
2024-06-20 18:04:54-0400: Controller: kata-list_time_settings
2024-06-20 18:04:54-0400: = none absolute byoyomi canadian fischer fischer-capped
2024-06-20 18:04:54-0400: Controller: play white h9
2024-06-20 18:04:54-0400: = 
2024-06-20 18:04:54-0400: Controller: genmove black
2024-06-20 18:04:55-0400: MoveNum: 30 HASH: 5D0560187741843EFC303FAA149A0310
   A B C D E F G H J
 9 . . . . . . . O3.
 8 X2O . . . O1O X .
 7 . X O O . O X . .
 6 X O O . . . X . .
 5 . X X . X . X O .
 4 . . O . @ . X X .
 3 . . X X O . O O .
 2 . . . X O . . . .
 1 . . . . . . . . .

koPOSITIONALscoreAREAtaxNONEsui1komi5
Time taken: 1.125
Root visits: 1407
New playouts: 556
NN rows: 259
NN batches: 26
NN avg batch size: 9.96154
PV: E4 F3 A7 D5 D4 B9 J7 D6 B4 J4 G2 H2 J3 J2 F1 H1 E6 E7 D8 D9 E9 C8 C9 A5
Tree:
: T  89.88c W  87.64c S   1.95c ( +2.4 L  +2.3) N    1407  --  E4 F3 A7 D5 D4 B9 J7
---Black(^)---
E4  : T  91.56c W  89.19c S   2.02c ( +2.4 L  +2.3) LCB   88.85c P 18.76% WF 1765.7 PSV    1745 N    1238  --  E4 F3 A7 D5 D4 B9 J7 D6
J8  : T  68.73c W  64.83c S   0.32c ( +1.7 L  +1.2) LCB   59.11c P 26.71% WF  42.6 PSV      46 N      66  --  J8 A7 E4 F3 B7 D5 D4 A7
A7  : T  60.61c W  60.00c S   2.88c ( +3.2 L  +2.9) LCB   20.16c P 14.79% WF  22.5 PSV      19 N      39  --  A7 D1 D4 C1 H2 J2 G2
C8  : T  41.81c W  50.77c S  -0.77c ( +1.2 L  +0.8) LCB    9.14c P 18.49% WF  10.9 PSV      15 N      23  --  C8 A7 E4 B4 E1 F1 F3 F2
E1  : T  59.78c W  61.58c S  -0.24c ( +1.5 L  +1.1) LCB   37.56c P  3.81% WF   8.0 PSV       4 N      13  --  E1 F1 D1 F2 E4 H1 A7
B9  : T  61.14c W  57.55c S   0.77c ( +1.9 L  +1.3) LCB   24.66c P  3.45% WF   5.7 PSV       4 N       9  --  B9 A7 E4 F3 B7 C8
H2  : T  50.17c W  51.97c S   1.18c ( +2.1 L  +1.2) LCB  -33.81c P  3.09% WF   2.1 PSV       3 N       4  --  H2 J2 G2
D4  : T  51.11c W  65.10c S   1.02c ( +2.0 L  +0.9) LCB  -81.77c P  2.24% WF   1.8 PSV       2 N       2  --  D4 F4 J8 A7
F2  : T  41.26c W  57.37c S   1.61c ( +2.3 L  +1.5) LCB   11.00c P  2.05% WF   2.8 PSV       1 N       6  --  F2 F1 J3 J2
H7  : T  33.60c W  33.99c S  -0.39c ( +1.4 L  +0.5) LCB -316.40c P  1.62% WF   0.6 PSV       1 N       1  --  H7

2024-06-20 18:04:55-0400: = E4
2024-06-20 18:04:57-0400: Controller: kata-list_time_settings
2024-06-20 18:04:57-0400: = none absolute byoyomi canadian fischer fischer-capped
2024-06-20 18:04:57-0400: Controller: play white f3
2024-06-20 18:04:57-0400: = 
2024-06-20 18:04:57-0400: Controller: genmove black
2024-06-20 18:04:58-0400: MoveNum: 32 HASH: 3FA0310F54F2D6C1356FA4FBF8C2E688
   A B C D E F G H J
 9 . . . . . . . O1.
 8 X O . . . O O X .
 7 @ X O O . O X . .
 6 X O O . . . X . .
 5 . X X . X . X O .
 4 . . O . X2. X X .
 3 . . X X O O3O O .
 2 . . . X O . . . .
 1 . . . . . . . . .

koPOSITIONALscoreAREAtaxNONEsui1komi5
Time taken: 1.093
Root visits: 2134
New playouts: 408
NN rows: 256
NN batches: 26
NN avg batch size: 9.84615
PV: A7 D5 D4 B9 J7 D6 B4 H1 E6 D8 E7 E8 G9 F9 J3 J2 J4 D1 C1 E1 J8 F5
Tree:
: T  95.26c W  92.71c S   2.11c ( +2.6 L  +2.6) N    2134  --  A7 D5 D4 B9 J7 D6 B4
---Black(^)---
A7  : T  95.90c W  93.29c S   2.17c ( +2.6 L  +2.6) LCB   94.37c P 51.29% WF 3628.7 PSV    3612 N    2025  --  A7 D5 D4 B9 J7 D6 B4 H1
H2  : T  74.37c W  74.85c S  -0.59c ( +1.5 L  +1.2) LCB   62.12c P 19.15% WF  41.2 PSV      45 N      51  --  H2 J2 A7 H7 H6 J8 C8 D5
C8  : T  10.15c W  15.49c S  -3.64c ( +0.2 L  +0.2) LCB  -27.26c P 21.55% WF   7.8 PSV      13 N      25  --  C8 A7 H2 J2 B7 B9 C9 A7
H7  : T  49.84c W  48.02c S  -1.31c ( +1.2 L  +0.7) LCB   19.10c P  2.60% WF   4.0 PSV       2 N       8  --  H7 A7 H2 J2 B7 D5
G2  : T  68.62c W  71.81c S  -1.22c ( +1.3 L  +0.9) LCB   15.64c P  1.53% WF   4.7 PSV       2 N       6  --  G2 H2 J3 J2 F1
B9  : T  24.25c W  24.12c S  -2.84c ( +0.5 L  +0.2) LCB   -3.99c P  1.93% WF   5.7 PSV       1 N      16  --  B9 A7 H2 J2 B7 C8 H7 A7
J8  : T  14.31c W  18.02c S  -3.71c ( +0.3 L  +0.0) LCB -335.69c P  1.02% WF   0.5 PSV       0 N       1  --  J8
H6  : T -24.27c W -19.18c S  -5.08c ( -0.2 L  -0.4) LCB -374.27c P  0.39% WF   0.4 PSV       0 N       1  --  H6

2024-06-20 18:04:58-0400: = A7
2024-06-20 18:05:00-0400: Controller: kata-list_time_settings
2024-06-20 18:05:00-0400: = none absolute byoyomi canadian fischer fischer-capped
2024-06-20 18:05:00-0400: Controller: play white b9
2024-06-20 18:05:00-0400: = 
2024-06-20 18:05:00-0400: Controller: genmove black
2024-06-20 18:05:01-0400: MoveNum: 34 HASH: 35F1850BC3867036C5C0524DF137633E
   A B C D E F G H J
 9 . O3. . . . . O .
 8 X O . . . O O X .
 7 X2X O O . O X . @
 6 X O O . . . X . .
 5 . X X . X . X O .
 4 . . O . X . X X .
 3 . . X X O O1O O .
 2 . . . X O . . . .
 1 . . . . . . . . .

koPOSITIONALscoreAREAtaxNONEsui1komi5
Time taken: 1.047
Root visits: 1740
New playouts: 486
NN rows: 249
NN batches: 24
NN avg batch size: 10.375
PV: J7 D5 D4 E6 D6 H1 F6 D5 D8 D9 D6 E7
Tree:
: T  96.16c W  93.89c S   2.18c ( +2.7 L  +2.7) N    1740  --  J7 D5 D4 E6 D6 H1 F6
---Black(^)---
J7  : T  97.26c W  94.92c S   2.34c ( +2.8 L  +2.8) LCB   95.82c P 10.60% WF 3074.4 PSV    3050 N    1535  --  J7 D5 D4 E6 D6 H1 F6 D5
J8  : T  85.95c W  83.67c S  -0.15c ( +1.9 L  +1.7) LCB   74.60c P 15.92% WF  69.4 PSV      61 N      63  --  J8 D5 D4 D6 B4 J4 G2 H2
G2  : T  75.56c W  74.10c S  -0.94c ( +1.5 L  +1.4) LCB   60.95c P 17.80% WF  31.4 PSV      36 N      45  --  G2 H2 J3 J2 J8 D5 D4 D6
H2  : T  74.18c W  75.58c S  -0.60c ( +1.7 L  +1.3) LCB   58.81c P 18.70% WF  34.1 PSV      35 N      43  --  H2 J2 J8 D5 D4 D6 B4 J3
J4  : T  48.66c W  48.13c S  -4.40c ( +0.5 L  +0.2) LCB   28.05c P 13.58% WF   8.9 PSV      12 N      15  --  J4 H1 J8 D5 D4 D6 J3 J2
H6  : T  57.90c W  56.63c S  -2.86c ( +0.9 L  +0.4) LCB   44.48c P  8.97% WF   8.0 PSV      10 N      13  --  H6 J8 H7 D5 D4 D6 B4
H7  : T  70.86c W  66.20c S  -1.59c ( +1.3 L  +0.9) LCB   35.60c P  4.37% WF   5.9 PSV       7 N       9  --  H7 D5 D4 D6 B4 J4 G2
J3  : T  61.98c W  66.10c S  -3.28c ( +0.8 L  +0.4) LCB   38.80c P  5.12% WF   5.6 PSV       6 N       8  --  J3 J2 J4 H1 J8 D5
E6  : T  74.49c W  78.95c S   0.61c ( +2.1 L  +1.2) LCB   -2.98c P  1.65% WF   2.5 PSV       3 N       3  --  E6 H7 H6
G9  : T  54.60c W  56.59c S  -1.99c ( +1.2 L  +0.5) LCB -295.40c P  1.68% WF   0.7 PSV       1 N       1  --  G9

2024-06-20 18:05:01-0400: = J7
2024-06-20 18:05:03-0400: Controller: kata-list_time_settings
2024-06-20 18:05:03-0400: = none absolute byoyomi canadian fischer fischer-capped
2024-06-20 18:05:03-0400: Controller: play white e6
2024-06-20 18:05:03-0400: = 
2024-06-20 18:05:03-0400: Controller: genmove black
2024-06-20 18:05:04-0400: MoveNum: 36 HASH: 60D963172A5C0BC78890E6386AB669BE
   A B C D E F G H J
 9 . O1. . . . . O .
 8 X O . . . O O X .
 7 X X O O . O X . X2
 6 X O O . O3. X . .
 5 . X X . X . X O .
 4 . . O . X . X X .
 3 . . X X O O O O .
 2 . . . X O . @ . .
 1 . . . . . . . . .

koPOSITIONALscoreAREAtaxNONEsui1komi5
Time taken: 1.079
Root visits: 698
New playouts: 311
NN rows: 240
NN batches: 27
NN avg batch size: 8.88889
PV: G2 D5 H2 B4 D4 A5 B2 A2 A3 B3 A1 J8 J9
Tree:
: T  96.42c W  94.49c S   2.10c ( +2.8 L  +2.9) N     698  --  G2 D5 H2 B4 D4 A5 B2
---Black(^)---
G2  : T  97.91c W  95.54c S   2.39c ( +2.9 L  +3.0) LCB   95.53c P 19.14% WF 1267.7 PSV    1256 N     587  --  G2 D5 H2 B4 D4 A5 B2 A2
J4  : T  85.54c W  89.08c S  -1.79c ( +1.4 L  +1.4) LCB   75.22c P 11.99% WF  28.7 PSV      23 N      23  --  J4 H1 D5 F4 F5 D1 C1 E1
H2  : T  69.85c W  72.33c S  -0.84c ( +1.7 L  +1.3) LCB   45.33c P 25.42% WF  20.2 PSV      22 N      28  --  H2 J2 J4 D5 D4
D5  : T  88.52c W  88.01c S  -0.67c ( +1.8 L  +1.6) LCB   73.80c P  7.59% WF  26.3 PSV      19 N      19  --  D5 J4 G2 H2 J3 J2 F1 F2
J3  : T  79.07c W  85.04c S  -1.38c ( +1.6 L  +1.5) LCB   56.69c P 10.56% WF  14.4 PSV      13 N      13  --  J3 J2 J4 D5 D4
H1  : T  65.29c W  73.82c S  -2.01c ( +1.3 L  +1.1) LCB   40.23c P 10.81% WF   7.7 PSV       8 N      10  --  H1 G2 F1 E1 J3 J2 G1
F1  : T  73.23c W  76.48c S  -0.65c ( +1.8 L  +1.4) LCB   59.64c P  6.73% WF   8.2 PSV       6 N      11  --  F1 E1 J3 J2 H1 G2 G1 J4
D8  : T  80.42c W  81.79c S  -1.46c ( +1.5 L  +1.1) LCB    1.53c P  2.18% WF   3.1 PSV       2 N       3  --  D8 C8 D9
D1  : T  47.74c W  56.12c S  -4.58c ( +0.5 L  +0.4) LCB -102.27c P  3.24% WF   1.4 PSV       1 N       2  --  D1 H1
E1  : T  72.65c W  75.61c S  -2.97c ( +1.1 L  +1.0) LCB -277.35c P  1.55% WF   1.2 PSV       1 N       1  --  E1

2024-06-20 18:05:04-0400: = G2
2024-06-20 18:05:06-0400: Controller: kata-list_time_settings
2024-06-20 18:05:06-0400: = none absolute byoyomi canadian fischer fischer-capped
2024-06-20 18:05:06-0400: Controller: play white h2
2024-06-20 18:05:06-0400: = 
2024-06-20 18:05:06-0400: Controller: genmove black
2024-06-20 18:05:08-0400: MoveNum: 38 HASH: 67351178A01D4E2019DDF39D19AC940E
   A B C D E F G H J
 9 . O . . . . . O .
 8 X O . . . O O X .
 7 X X O O . O X . X
 6 X O O . O1. X . .
 5 . X X . X . X O .
 4 . . O . X . X X .
 3 . . X X O O O O @
 2 . . . X O . X2O3.
 1 . . . . . . . . .

koPOSITIONALscoreAREAtaxNONEsui1komi5
Time taken: 1.297
Root visits: 1018
New playouts: 171
NN rows: 87
NN batches: 12
NN avg batch size: 7.25
PV: J3 J2 H1 F1 G1 D5 B4 J8 H7 J4 D1 D6 E1 D4 F2 F5 F4 F6
Tree:
: T  98.59c W  96.16c S   2.65c ( +3.0 L  +3.0) N    1018  --  J3 J2 H1 F1 G1 D5 B4
---Black(^)---
J3  : T  98.69c W  96.25c S   2.67c ( +3.0 L  +3.0) LCB   96.40c P 91.88% WF 2290.9 PSV    2290 N    1007  --  J3 J2 H1 F1 G1 D5 B4 J8
F1  : T  61.44c W  58.39c S  -1.42c ( +1.5 L  +1.5) LCB   31.10c P  6.31% WF   3.7 PSV       5 N       7  --  F1 F2 J3 D5 G1 H1
D8  : T  60.13c W  62.19c S  -2.06c ( +1.3 L  +1.0) LCB -290.67c P  0.58% WF   0.6 PSV       0 N       1  --  D8
D5  : T  54.07c W  58.83c S  -4.76c ( +0.5 L  +0.6) LCB -295.93c P  0.57% WF   0.7 PSV       0 N       1  --  D5
C8  : T  70.94c W  71.94c S  -1.00c ( +1.7 L  +1.5) LCB -279.85c P  0.46% WF   0.7 PSV       0 N       1  --  C8

2024-06-20 18:05:08-0400: = J3
2024-06-20 18:05:10-0400: Controller: kata-list_time_settings
2024-06-20 18:05:10-0400: = none absolute byoyomi canadian fischer fischer-capped
2024-06-20 18:05:10-0400: Controller: play white j2
2024-06-20 18:05:10-0400: = 
2024-06-20 18:05:10-0400: Controller: genmove black
2024-06-20 18:05:12-0400: MoveNum: 40 HASH: C15A454A782D3CCBC4FD0346FE7CEDE1
   A B C D E F G H J
 9 . O . . . . . O .
 8 X O . . . O O X .
 7 X X O O . O X . X
 6 X O O . O . X . .
 5 . X X . X . X O .
 4 . . O . X . X X .
 3 . . X X O O O O X2
 2 . . . X O . X O1O3
 1 . . . . . . . @ .

koPOSITIONALscoreAREAtaxNONEsui1komi5
Time taken: 1.953
Root visits: 1187
New playouts: 58
NN rows: 63
NN batches: 7
NN avg batch size: 9
PV: H1 F1 G1 D5 B4 J8 H7 J4 D1 E1 J5 J6 H6 G9
Tree:
: T  98.38c W  95.87c S   2.52c ( +3.1 L  +3.0) N    1187  --  H1 F1 G1 D5 B4 J8 H7
---Black(^)---
H1  : T  98.71c W  96.89c S   2.00c ( +2.9 L  +2.8) LCB   96.79c P 38.27% WF 2414.8 PSV    2409 N     994  --  H1 F1 G1 D5 B4 J8 H7 J4
F1  : T  96.33c W  84.55c S   8.02c ( +6.0 L  +6.0) LCB   76.41c P 51.87% WF 187.9 PSV     192 N     176  --  F1 H1 E1 G1 J4 D5
D5  : T  68.26c W  70.24c S  -3.25c ( +1.1 L  +0.8) LCB   22.23c P  8.22% WF  10.7 PSV      12 N      13  --  D5 H1 J4 F4 F5 D1 C1
D8  : T  62.79c W  65.68c S  -2.89c ( +1.1 L  +1.0) LCB -288.02c P  0.54% WF   0.7 PSV       0 N       1  --  D8
J4  : T  46.31c W  50.82c S  -4.52c ( +0.6 L  +0.4) LCB -303.69c P  0.42% WF   0.6 PSV       0 N       1  --  J4
C8  : T  76.96c W  79.90c S  -2.94c ( +1.2 L  +1.7) LCB -273.86c P  0.32% WF   1.0 PSV       0 N       1  --  C8

2024-06-20 18:05:12-0400: = H1
2024-06-20 18:05:14-0400: Controller: kata-list_time_settings
2024-06-20 18:05:14-0400: = none absolute byoyomi canadian fischer fischer-capped
2024-06-20 18:05:14-0400: Controller: play white f1
2024-06-20 18:05:15-0400: = 
2024-06-20 18:05:15-0400: Controller: genmove black
2024-06-20 18:05:17-0400: MoveNum: 42 HASH: E4828031CEC2B0AD43923D95D40F732D
   A B C D E F G H J
 9 . O . . . . . O .
 8 X O . . . O O X .
 7 X X O O . O X . X
 6 X O O . O . X . .
 5 . X X . X . X O .
 4 . . O . X . X X .
 3 . . X X O O O O X
 2 . . . X O . X O O1
 1 . . . . . O3@ X2.

koPOSITIONALscoreAREAtaxNONEsui1komi5
Time taken: 1.891
Root visits: 963
New playouts: 174
NN rows: 71
NN batches: 9
NN avg batch size: 7.88889
PV: G1 J8 H7 D5 B4 D6 D4 J4 D1 E1 J5 J3 H6
Tree:
: T  99.52c W  97.19c S   2.35c ( +2.7 L  +2.7) N     963  --  G1 J8 H7 D5 B4 D6 D4
---Black(^)---
G1  : T  99.72c W  97.35c S   2.40c ( +2.8 L  +2.7) LCB   98.10c P 82.83% WF 2349.4 PSV    2347 N     926  --  G1 J8 H7 D5 B4 D6 D4 J4
C8  : T  95.97c W  94.09c S   0.81c ( +2.2 L  +2.0) LCB   84.39c P  4.83% WF  45.6 PSV      26 N      25  --  C8 D8 G1 D5 B4 J8 H7
D5  : T  61.51c W  69.08c S  -2.99c ( +1.0 L  +0.8) LCB   29.54c P 11.65% WF   7.5 PSV       9 N      10  --  D5 G1 J4 F4 F5 D1 C1 E1
D8  : T  64.04c W  66.58c S  -2.54c ( +1.0 L  +1.1) LCB -286.92c P  0.28% WF   0.7 PSV       0 N       1  --  D8

2024-06-20 18:05:17-0400: = G1
2024-06-20 18:05:18-0400: Controller: kata-list_time_settings
2024-06-20 18:05:18-0400: = none absolute byoyomi canadian fischer fischer-capped
2024-06-20 18:05:18-0400: Controller: play white j4
2024-06-20 18:05:19-0400: = 
2024-06-20 18:05:19-0400: Controller: genmove black
2024-06-20 18:05:20-0400: MoveNum: 44 HASH: 9905FAA76ACF92BB8FD0B6057FCA2BB3
   A B C D E F G H J
 9 . O . . . . . O .
 8 X O . . . O O X .
 7 X X O O . O X . X
 6 X O O . O . X . .
 5 . X X . X . X O .
 4 . . O . X . X X O3
 3 . . X X O O O O .
 2 . . . X O . X O O
 1 . . . @ . O1X2X .

koPOSITIONALscoreAREAtaxNONEsui1komi5
Time taken: 1.328
Root visits: 282
New playouts: 89
NN rows: 49
NN batches: 6
NN avg batch size: 8.16667
PV: D1 F4 F5 E1 J5 J6 C8 D5
Tree:
: T  99.71c W  97.03c S   2.26c ( +2.6 L  +2.5) N     282  --  D1 F4 F5 E1 J5 J6 C8
---Black(^)---
D1  : T 100.65c W  97.45c S   2.66c ( +2.7 L  +2.7) LCB   97.39c P 47.68% WF 476.1 PSV     473 N     173  --  D1 F4 F5 E1 J5 J6 C8 D5
J5  : T  98.98c W  96.76c S   1.81c ( +2.4 L  +2.4) LCB   93.53c P 29.58% WF 212.2 PSV     137 N      89  --  J5 J8 H7 D5 B4 D1 C1 E1
D5  : T  93.04c W  94.25c S   0.02c ( +1.8 L  +1.9) LCB   70.89c P 19.55% WF  34.3 PSV      31 N      17  --  D5 F4 F5 J5 D1 H6 H7 E1
C8  : T  84.27c W  85.38c S  -1.11c ( +1.4 L  +1.9) LCB -266.74c P  1.68% WF   2.4 PSV       1 N       1  --  C8
G9  : T  72.96c W  74.19c S  -1.23c ( +1.4 L  +1.5) LCB -277.04c P  0.59% WF   1.1 PSV       0 N       1  --  G9

2024-06-20 18:05:20-0400: = D1
2024-06-20 18:05:22-0400: Controller: kata-list_time_settings
2024-06-20 18:05:22-0400: = none absolute byoyomi canadian fischer fischer-capped
2024-06-20 18:05:22-0400: Controller: play white e1
2024-06-20 18:05:22-0400: = 
2024-06-20 18:05:22-0400: Controller: genmove black
2024-06-20 18:05:23-0400: MoveNum: 46 HASH: FBDCDA50C016F549407CF0FA72E81719
   A B C D E F G H J
 9 . O . . . . . O .
 8 X O . . . O O X .
 7 X X O O . O X . X
 6 X O O . O . X . .
 5 . X X . X . X O @
 4 . . O . X . X X O1
 3 . . X X O O O O .
 2 . . . X O . X O O
 1 . . . X2O3O X X .

koPOSITIONALscoreAREAtaxNONEsui1komi5
Time taken: 1.328
Root visits: 352
New playouts: 85
NN rows: 51
NN batches: 6
NN avg batch size: 8.5
PV: J5 D5 B4 J8 H7 J6 H6 G9 J5
Tree:
: T 100.39c W  97.44c S   2.35c ( +2.6 L  +2.5) N     352  --  J5 D5 B4 J8 H7 J6 H6
---Black(^)---
J5  : T 100.74c W  97.48c S   2.63c ( +2.7 L  +2.6) LCB   97.56c P 66.49% WF 792.4 PSV     790 N     278  --  J5 D5 B4 J8 H7 J6 H6 G9
D5  : T  99.22c W  97.97c S   1.24c ( +2.3 L  +2.2) LCB   93.51c P 29.14% WF 169.8 PSV     172 N      57  --  D5 J5 H6 F4 F5 J3 D6
C8  : T  98.67c W  94.35c S   1.25c ( +2.3 L  +2.2) LCB   83.21c P  2.95% WF  32.0 PSV      11 N      15  --  C8 D8 J5 D5 B4
D8  : T  59.41c W  61.74c S  -2.33c ( +0.9 L  +0.9) LCB -291.64c P  0.55% WF   0.7 PSV       0 N       1  --  D8

2024-06-20 18:05:23-0400: = J5
2024-06-20 18:05:25-0400: Controller: kata-list_time_settings
2024-06-20 18:05:25-0400: = none absolute byoyomi canadian fischer fischer-capped
2024-06-20 18:05:25-0400: Controller: play white d5
2024-06-20 18:05:25-0400: = 
2024-06-20 18:05:25-0400: Controller: genmove black
2024-06-20 18:05:27-0400: MoveNum: 48 HASH: A60DFAE682D86B303838FC2F8BCE17B6
   A B C D E F G H J
 9 . O . . . . . O .
 8 X O . . . O O X .
 7 X X O O . O X . X
 6 X O O . O . X . .
 5 . X X O3X . X O X2
 4 . @ O . X . X X O
 3 . . X X O O O O .
 2 . . . X O . X O O
 1 . . . X O1O X X .

koPOSITIONALscoreAREAtaxNONEsui1komi5
Time taken: 1.266
Root visits: 156
New playouts: 101
NN rows: 44
NN batches: 6
NN avg batch size: 7.33333
PV: B4 J6 H6 J8 H7 G9 D4 D6
Tree:
: T 101.69c W  99.00c S   2.53c ( +2.8 L  +2.7) N     156  --  B4 J6 H6 J8 H7 G9 D4
---Black(^)---
B4  : T 101.73c W  99.04c S   2.52c ( +2.8 L  +2.7) LCB   99.77c P 99.51% WF 556.4 PSV     556 N     154  --  B4 J6 H6 J8 H7 G9 D4 D6
D4  : T  16.93c W  21.30c S  -4.37c ( +0.2 L  -0.6) LCB -333.07c P  0.43% WF   0.3 PSV       0 N       1  --  D4

2024-06-20 18:05:27-0400: = B4
2024-06-20 18:05:28-0400: Controller: kata-list_time_settings
2024-06-20 18:05:28-0400: = none absolute byoyomi canadian fischer fischer-capped
2024-06-20 18:05:28-0400: Controller: play white g9
2024-06-20 18:05:29-0400: = 
2024-06-20 18:05:29-0400: Controller: genmove black
2024-06-20 18:05:30-0400: MoveNum: 50 HASH: 7A01C249C91A7E4AA404968FA06EB939
   A B C D E F G H J
 9 . O . . . . O3O .
 8 X O . . . O O X .
 7 X X O O . O X . X
 6 X O O . O . X . .
 5 . X X O1X . X O X
 4 . X2O . X . X X O
 3 . . X X O O O O @
 2 . . . X O . X O O
 1 . . . X O O X X .

koPOSITIONALscoreAREAtaxNONEsui1komi5
Time taken: 1.078
Root visits: 58
New playouts: 45
NN rows: 42
NN batches: 5
NN avg batch size: 8.4
PV: J3 F4 F5 J4
Tree:
: T 101.17c W  99.02c S   1.97c ( +2.7 L  +2.6) N      58  --  J3 F4 F5 J4
---Black(^)---
J3  : T 101.76c W  99.25c S   2.66c ( +2.9 L  +2.8) LCB   92.48c P 27.28% WF  33.6 PSV      50 N       9  --  J3 F4 F5 J4
J8  : T 101.96c W  99.42c S   2.43c ( +2.8 L  +2.7) LCB   86.34c P 24.23% WF  29.4 PSV      30 N       7  --  J8 D6 D4
D4  : T 101.40c W  98.99c S   2.42c ( +2.8 L  +2.6) LCB   80.14c P 18.94% WF  20.9 PSV      21 N       6  --  D4 J8 H7
H6  : T 101.95c W  99.33c S   2.41c ( +2.8 L  +2.7) LCB   90.43c P 15.63% WF  30.6 PSV      20 N       8  --  H6 J8 J9 D6
F4  : T 101.40c W  98.67c S   2.43c ( +2.8 L  +2.6) LCB   26.34c P  5.15% WF  10.8 PSV       6 N       3  --  F4 J3
J6  : T 101.51c W  99.32c S   2.06c ( +2.7 L  +2.6) LCB   26.75c P  2.01% WF  12.3 PSV       2 N       3  --  J6 J8 H7
A5  : T 100.07c W  98.66c S   1.18c ( +2.4 L  +2.4) LCB   22.60c P  1.43% WF   9.0 PSV       1 N       3  --  A5 J3
F6  : T  99.68c W  97.68c S   1.11c ( +2.4 L  +2.5) LCB  -50.50c P  1.24% WF   5.6 PSV       1 N       2  --  F6 J8
C8  : T 101.39c W  99.17c S   1.66c ( +2.6 L  +2.7) LCB   23.10c P  0.85% WF  12.0 PSV       0 N       3  --  C8 D8 J8
H7  : T  98.88c W  98.81c S  -0.05c ( +2.0 L  +1.9) LCB   19.93c P  0.54% WF   9.3 PSV       0 N       3  --  H7 J3

2024-06-20 18:05:30-0400: = J3
2024-06-20 18:05:31-0400: Controller: kata-list_time_settings
2024-06-20 18:05:31-0400: = none absolute byoyomi canadian fischer fischer-capped
2024-06-20 18:05:31-0400: Controller: play white d6
2024-06-20 18:05:32-0400: = 
2024-06-20 18:05:32-0400: Controller: genmove black
2024-06-20 18:05:33-0400: MoveNum: 52 HASH: A96AA65DD13644E8433712933AEF39C2
   A B C D E F G H J
 9 . O . . . . O1O .
 8 X O . . . O O X .
 7 X X O O . O X . X
 6 X O O O3O . X . .
 5 . X X O X . X O X
 4 . X O @ X . X X .
 3 . . X X O O O O X2
 2 . . . X O . X O O
 1 . . . X O O X X .

koPOSITIONALscoreAREAtaxNONEsui1komi5
Time taken: 1.109
Root visits: 80
New playouts: 50
NN rows: 42
NN batches: 5
NN avg batch size: 8.4
PV: D4 J4 J8 J3 H6 F6
Tree:
: T 101.47c W  99.00c S   2.40c ( +2.7 L  +2.6) N      80  --  D4 J4 J8 J3 H6 F6
---Black(^)---
D4  : T 101.77c W  99.30c S   2.41c ( +2.7 L  +2.6) LCB  101.03c P 99.88% WF 248.3 PSV     248 N      63  --  D4 J4 J8 J3 H6 F6
C8  : T -83.35c W -77.63c S  -5.73c ( -0.5 L  -4.3) LCB -434.34c P  0.04% WF   0.1 PSV       0 N       1  --  C8
B2  : T -69.29c W -62.69c S  -6.60c ( -0.4 L  -0.8) LCB -420.61c P  0.01% WF   0.1 PSV       0 N       1  --  B2
H6  : T -51.41c W -45.16c S  -6.25c ( -0.2 L  -0.6) LCB -401.41c P  0.01% WF   0.1 PSV       0 N       1  --  H6
D8  : T -100.38c W -92.20c S  -8.18c ( -1.9 L  -8.6) LCB -451.36c P  0.01% WF   0.0 PSV       0 N       1  --  D8
F4  : T -84.19c W -76.90c S  -7.29c ( -0.7 L  -1.5) LCB -434.19c P  0.01% WF   0.0 PSV       0 N       1  --  F4
C9  : T -106.11c W -95.56c S -10.55c ( -2.8 L  -8.4) LCB -457.01c P  0.01% WF   0.0 PSV       0 N       1  --  C9
B3  : T -108.64c W -96.05c S -12.60c ( -3.4 L  -4.5) LCB -458.64c P  0.01% WF   0.0 PSV       0 N       1  --  B3
A5  : T -96.20c W -88.48c S  -7.72c ( -1.1 L  -3.2) LCB -446.20c P  0.00% WF   0.0 PSV       0 N       1  --  A5
J8  : T -118.61c W -98.55c S -20.06c (-10.4 L -15.7) LCB -468.61c P  0.00% WF   0.0 PSV       0 N       1  --  J8

2024-06-20 18:05:33-0400: = D4
2024-06-20 18:05:35-0400: Controller: kata-list_time_settings
2024-06-20 18:05:35-0400: = none absolute byoyomi canadian fischer fischer-capped
2024-06-20 18:05:35-0400: Controller: play white j4
2024-06-20 18:05:35-0400: = 
2024-06-20 18:05:35-0400: Controller: genmove black
2024-06-20 18:05:36-0400: MoveNum: 54 HASH: 5B6FD5E6BEDC9E20521D56A2DF4B4FEE
   A B C D E F G H J
 9 . O . . . . O O .
 8 X O . . . O O X .
 7 X X O O . O X . X
 6 X O O O1O . X @ .
 5 . X X O X . X O X
 4 . X . X2X . X X O3
 3 . . X X O O O O .
 2 . . . X O . X O O
 1 . . . X O O X X .

koPOSITIONALscoreAREAtaxNONEsui1komi5
Time taken: 0.875
Root visits: 137
New playouts: 40
NN rows: 31
NN batches: 4
NN avg batch size: 7.75
PV: H6 F4 F5 J3 J8
Tree:
: T 101.93c W  99.33c S   2.48c ( +2.8 L  +2.6) N     137  --  H6 F4 F5 J3 J8
---Black(^)---
H6  : T 102.85c W  99.58c S   3.09c ( +3.0 L  +2.8) LCB  101.82c P 22.87% WF 159.8 PSV     224 N      38  --  H6 F4 F5 J3 J8
J8  : T 102.20c W  99.51c S   2.68c ( +2.8 L  +2.6) LCB  101.28c P 25.04% WF 127.6 PSV     111 N      31  --  J8 F4 F5 J3 H6 F6
F4  : T 102.04c W  99.28c S   2.62c ( +2.8 L  +2.6) LCB  100.29c P 25.92% WF  86.8 PSV      87 N      22  --  F4 J8 H7 J3 H6
C8  : T 101.25c W  99.21c S   1.81c ( +2.6 L  +2.5) LCB   96.66c P  6.53% WF  52.7 PSV      19 N      13  --  C8 D8 J8 F4 F5
J6  : T 102.11c W  99.41c S   2.72c ( +2.8 L  +2.6) LCB   81.61c P  3.12% WF  22.7 PSV      13 N       6  --  J6 J8 H7
A5  : T 100.15c W  98.77c S   1.30c ( +2.4 L  +2.2) LCB   95.68c P  6.15% WF  42.7 PSV      12 N      13  --  A5 J8 J9 J6
D8  : T 101.03c W  98.99c S   1.73c ( +2.5 L  +2.3) LCB   16.44c P  2.43% WF   8.9 PSV       6 N       3  --  D8 C8
F6  : T  99.98c W  98.46c S   1.54c ( +2.5 L  +2.2) LCB   79.56c P  2.54% WF  18.7 PSV       5 N       6  --  F6 J8 H7
E8  : T  99.46c W  98.75c S   0.28c ( +2.1 L  +2.1) LCB  -52.00c P  1.28% WF   7.5 PSV       2 N       2  --  E8 D8
F5  : T  99.33c W  98.28c S   0.61c ( +2.2 L  +2.1) LCB  -56.23c P  1.26% WF   6.9 PSV       2 N       2  --  F5 J8

2024-06-20 18:05:36-0400: = H6
2024-06-20 18:05:38-0400: Controller: kata-list_time_settings
2024-06-20 18:05:38-0400: = none absolute byoyomi canadian fischer fischer-capped
2024-06-20 18:05:38-0400: Controller: play white f4
2024-06-20 18:05:38-0400: = 
2024-06-20 18:05:38-0400: Controller: genmove black
2024-06-20 18:05:39-0400: MoveNum: 56 HASH: 02A3A8899A125DBB09D1DABECE06705E
   A B C D E F G H J
 9 . O . . . . O O .
 8 X O . . . O O X .
 7 X X O O . O X . X
 6 X O O O O . X X2.
 5 . X X O X @ X . X
 4 . X . X X O3X X O1
 3 . . X X O O O O .
 2 . . . X O . X O O
 1 . . . X O O X X .

koPOSITIONALscoreAREAtaxNONEsui1komi5
Time taken: 0.906
Root visits: 84
New playouts: 40
NN rows: 35
NN batches: 5
NN avg batch size: 7
PV: F5 J3 A5 J9 J8
Tree:
: T 101.92c W  99.31c S   2.54c ( +2.8 L  +2.6) N      84  --  F5 J3 A5 J9 J8
---Black(^)---
F5  : T 102.25c W  99.72c S   2.49c ( +2.8 L  +2.6) LCB  100.00c P 33.07% WF  85.5 PSV      85 N      19  --  F5 J3 A5 J9 J8
A5  : T 102.11c W  99.24c S   2.82c ( +2.9 L  +2.8) LCB   98.04c P 17.93% WF  57.0 PSV      44 N      15  --  A5 J8 H7
J8  : T 102.36c W  99.47c S   2.63c ( +2.9 L  +2.5) LCB   98.72c P 15.87% WF  64.0 PSV      43 N      15  --  J8 F5 F6 J3 A5
F6  : T 102.10c W  99.47c S   2.79c ( +2.9 L  +2.7) LCB   97.69c P 15.08% WF  50.0 PSV      37 N      12  --  F6 F5 A5
J3  : T 100.88c W  98.45c S   2.28c ( +2.8 L  +2.6) LCB   95.90c P 12.69% WF  43.4 PSV      21 N      13  --  J3 F5 F6 A5
C8  : T 102.25c W  99.22c S   2.48c ( +2.8 L  +2.9) LCB  -48.76c P  1.26% WF   8.1 PSV       2 N       2  --  C8 D8
D8  : T 101.24c W  98.98c S   2.07c ( +2.7 L  +2.7) LCB  -53.02c P  0.78% WF   7.1 PSV       1 N       2  --  D8 C8
D9  : T 100.64c W  99.00c S   2.03c ( +2.7 L  +2.9) LCB  -56.22c P  0.81% WF   6.6 PSV       0 N       2  --  D9 D8
E8  : T 101.11c W  99.05c S   1.94c ( +2.6 L  +2.7) LCB  -51.23c P  0.64% WF   7.3 PSV       0 N       2  --  E8 D8
H7  : T  96.94c W  97.31c S  -0.36c ( +1.9 L  +2.2) LCB -253.06c P  0.38% WF   3.3 PSV       0 N       1  --  H7

2024-06-20 18:05:39-0400: = F5
2024-06-20 18:05:41-0400: Controller: kata-list_time_settings
2024-06-20 18:05:41-0400: = none absolute byoyomi canadian fischer fischer-capped
2024-06-20 18:05:41-0400: Controller: play white j3
2024-06-20 18:05:41-0400: = 
2024-06-20 18:05:41-0400: Controller: genmove black
2024-06-20 18:05:42-0400: MoveNum: 58 HASH: BC73D6FEEDEB6AED6C178DDF239F955B
   A B C D E F G H J
 9 . O . . . . O O .
 8 X O . . . O O X @
 7 X X O O . O X . X
 6 X O O O O . X X .
 5 . X X O X X2X . X
 4 . X . X X O1X X O
 3 . . X X O O O O O3
 2 . . . X O . X O O
 1 . . . X O O X X .

koPOSITIONALscoreAREAtaxNONEsui1komi5
Time taken: 0.891
Root visits: 94
New playouts: 46
NN rows: 33
NN batches: 5
NN avg batch size: 6.6
PV: J8 F6 A5 C8 A9
Tree:
: T 102.02c W  99.61c S   2.37c ( +2.8 L  +2.6) N      94  --  J8 F6 A5 C8 A9
---Black(^)---
J8  : T 101.88c W  99.76c S   2.19c ( +2.7 L  +2.4) LCB  100.55c P 34.42% WF 143.3 PSV     143 N      31  --  J8 F6 A5 C8 A9
A5  : T 102.45c W  99.62c S   2.80c ( +2.9 L  +2.7) LCB  100.18c P 32.67% WF  86.5 PSV      87 N      22  --  A5 J9 J8 F6 A9
F6  : T 102.58c W  99.59c S   2.96c ( +3.0 L  +2.7) LCB   99.60c P 16.78% WF  73.1 PSV      73 N      19  --  F6 J9 J8 A9
D8  : T 102.52c W  99.51c S   2.15c ( +2.7 L  +2.8) LCB  -52.71c P  2.16% WF   7.7 PSV       5 N       2  --  D8 C8
C8  : T 101.16c W  99.55c S   1.65c ( +2.5 L  +2.4) LCB   91.90c P  2.79% WF  44.0 PSV       4 N      10  --  C8 D8 J8 F6
D9  : T 102.09c W  99.44c S   2.38c ( +2.8 L  +2.8) LCB  -54.56c P  2.08% WF   7.6 PSV       4 N       2  --  D9 E9
E8  : T 102.34c W  99.46c S   2.13c ( +2.7 L  +2.8) LCB  -49.61c P  1.77% WF   8.2 PSV       4 N       2  --  E8 D8
H7  : T 100.14c W  99.61c S   0.21c ( +2.1 L  +2.2) LCB  -49.76c P  1.10% WF   8.8 PSV       2 N       2  --  H7 J9
E9  : T 102.51c W  99.53c S   2.31c ( +2.7 L  +2.8) LCB  -49.34c P  1.00% WF   8.1 PSV       2 N       2  --  E9 D9
J9  : T  76.23c W  78.80c S  -2.57c ( +1.1 L  +1.3) LCB -273.77c P  1.55% WF   0.7 PSV       0 N       1  --  J9

2024-06-20 18:05:42-0400: = J8
2024-06-20 18:05:44-0400: Controller: kata-list_time_settings
2024-06-20 18:05:44-0400: = none absolute byoyomi canadian fischer fischer-capped
2024-06-20 18:05:44-0400: Controller: play white f6
2024-06-20 18:05:45-0400: = 
2024-06-20 18:05:45-0400: Controller: genmove black
2024-06-20 18:05:46-0400: MoveNum: 60 HASH: BA966DCD6FA4608D7F1E9A31758152E0
   A B C D E F G H J
 9 . O . . . . O O .
 8 X O . . . O O X X2
 7 X X O O . O X . X
 6 X O O O O O3X X .
 5 @ X X O X X X . X
 4 . X . X X O X X O
 3 . . X X O O O O O1
 2 . . . X O . X O O
 1 . . . X O O X X .

koPOSITIONALscoreAREAtaxNONEsui1komi5
Time taken: 0.922
Root visits: 121
New playouts: 48
NN rows: 33
NN batches: 5
NN avg batch size: 6.6
PV: A5 C8 J9 A9 C4 pass pass
Tree:
: T 101.58c W  99.77c S   1.91c ( +2.2 L  +2.1) N     121  --  A5 C8 J9 A9 C4 pass pass
---Black(^)---
A5  : T 101.65c W  99.87c S   1.95c ( +2.2 L  +2.1) LCB  100.42c P 32.49% WF 177.1 PSV     201 N      34  --  A5 C8 J9 A9 C4 pass pass
J9  : T 101.59c W  99.86c S   1.81c ( +2.2 L  +2.0) LCB   99.84c P 30.26% WF 129.0 PSV     129 N      24  --  J9 C8 A5 A9 C4 pass pass
C4  : T 100.65c W  99.70c S   1.18c ( +2.0 L  +2.0) LCB   97.84c P  5.71% WF  75.6 PSV      18 N      16  --  C4 C8 A5 A9 J9
B3  : T 100.80c W  99.66c S   1.36c ( +2.1 L  +2.2) LCB   93.11c P  4.62% WF  45.6 PSV      16 N      10  --  B3 C8 A5
D9  : T 102.55c W  99.54c S   3.10c ( +2.7 L  +2.4) LCB   86.32c P  2.81% WF  31.3 PSV      11 N       8  --  D9 E9 J9
C8  : T 102.25c W  99.71c S   2.55c ( +2.4 L  +2.3) LCB   85.77c P  3.36% WF  37.9 PSV      11 N       7  --  C8 D8 A5
pss : T 101.70c W  99.78c S   1.41c ( +2.1 L  +2.1) LCB  -51.19c P  1.99% WF   9.2 PSV      10 N       2  --  pass J9
E8  : T 102.32c W  99.67c S   2.78c ( +2.5 L  +2.4) LCB   89.29c P  2.81% WF  37.1 PSV       9 N       8  --  E8 D8 A5
E9  : T 102.52c W  99.62c S   2.51c ( +2.4 L  +2.2) LCB  -48.13c P  1.60% WF   8.9 PSV       6 N       2  --  E9 D9
J6  : T 101.31c W  99.64c S   1.26c ( +2.0 L  +2.1) LCB  -51.84c P  2.33% WF   9.3 PSV       5 N       2  --  J6 J9

2024-06-20 18:05:46-0400: = A5
2024-06-20 18:05:47-0400: Controller: kata-list_time_settings
2024-06-20 18:05:47-0400: = none absolute byoyomi canadian fischer fischer-capped
2024-06-20 18:05:47-0400: Controller: play white c8
2024-06-20 18:05:48-0400: = 
2024-06-20 18:05:48-0400: Controller: genmove black
2024-06-20 18:05:49-0400: MoveNum: 62 HASH: 07E72E77BD1224D46E674AB0E6A98FD7
   A B C D E F G H J
 9 . O . . . . O O @
 8 X O O3. . O O X X
 7 X X O O . O X . X
 6 X O O O O O1X X .
 5 X2X X O X X X . X
 4 . X . X X O X X O
 3 . . X X O O O O O
 2 . . . X O . X O O
 1 . . . X O O X X .

koPOSITIONALscoreAREAtaxNONEsui1komi5
Time taken: 1.109
Root visits: 156
New playouts: 47
NN rows: 39
NN batches: 7
NN avg batch size: 5.57143
PV: A9 J9 C4 pass pass
Tree:
: T 101.84c W  99.82c S   2.00c ( +2.2 L  +2.1) N     156  --  A9 J9 C4 pass pass
---Black(^)---
A9  : T 101.94c W  99.92c S   2.02c ( +2.2 L  +2.1) LCB  100.75c P 29.84% WF 181.4 PSV     217 N      30  --  A9 J9 C4 pass pass
J9  : T 101.94c W  99.92c S   2.04c ( +2.2 L  +2.1) LCB  100.51c P 27.88% WF 174.6 PSV     170 N      29  --  J9 A9 C4 pass pass
C4  : T 101.69c W  99.75c S   1.98c ( +2.2 L  +2.2) LCB  100.00c P  6.85% WF 121.7 PSV      36 N      24  --  C4 J9 E8 D9 A9
pss : T 101.65c W  99.82c S   1.68c ( +2.1 L  +2.1) LCB   99.05c P  5.73% WF  86.4 PSV      29 N      16  --  pass J9 A9 pass C4 pass pass
B3  : T 101.71c W  99.75c S   1.88c ( +2.2 L  +2.2) LCB   99.68c P  4.70% WF 101.5 PSV      25 N      20  --  B3 J9 E8 D9 A9
D9  : T 102.38c W  99.75c S   2.74c ( +2.4 L  +2.3) LCB   92.41c P  3.14% WF  52.3 PSV      11 N      10  --  D9 E8 J9 A9 C4
E8  : T 101.92c W  99.82c S   2.26c ( +2.3 L  +2.1) LCB   88.90c P  3.68% WF  44.2 PSV      11 N       8  --  E8 D9 A9 J9 C4
D8  : T 102.61c W  99.61c S   2.84c ( +2.5 L  +2.2) LCB   25.33c P  1.97% WF  13.7 PSV       7 N       3  --  D8 E8
J6  : T 101.89c W  99.68c S   1.80c ( +2.1 L  +2.3) LCB   24.01c P  2.19% WF  13.4 PSV       6 N       3  --  J6 A9
E9  : T 102.54c W  99.68c S   2.69c ( +2.4 L  +2.3) LCB   24.32c P  1.77% WF  13.9 PSV       6 N       3  --  E9 E8

2024-06-20 18:05:49-0400: = J9
2024-06-20 18:05:51-0400: Controller: kata-list_time_settings
2024-06-20 18:05:51-0400: = none absolute byoyomi canadian fischer fischer-capped
2024-06-20 18:05:51-0400: Controller: play white a9
2024-06-20 18:05:51-0400: = 
2024-06-20 18:05:51-0400: Controller: genmove black
2024-06-20 18:05:52-0400: MoveNum: 64 HASH: 1DD8C28D8447D8FFEE3D8524FCB743C7
   A B C D E F G H J
 9 O3O . . . . O O X2
 8 X O O1. . O O X X
 7 X X O O . O X . X
 6 X O O O O O X X .
 5 X X X O X X X . X
 4 . X @ X X O X X O
 3 . . X X O O O O O
 2 . . . X O . X O O
 1 . . . X O O X X .

koPOSITIONALscoreAREAtaxNONEsui1komi5
Time taken: 0.687
Root visits: 159
New playouts: 24
NN rows: 24
NN batches: 4
NN avg batch size: 6
PV: C4 pass pass
Tree:
: T 101.59c W  99.92c S   1.75c ( +2.0 L  +1.8) N     159  --  C4 pass pass
---Black(^)---
C4  : T 101.25c W  99.91c S   1.54c ( +1.9 L  +1.7) LCB  100.39c P 39.57% WF 232.6 PSV     233 N      41  --  C4 pass pass
pss : T 101.66c W  99.94c S   1.70c ( +2.0 L  +1.9) LCB   99.81c P 17.64% WF 143.9 PSV     136 N      23  --  pass pass
B3  : T 101.42c W  99.92c S   1.70c ( +2.0 L  +1.8) LCB  100.39c P 19.15% WF 192.9 PSV     125 N      33  --  B3 pass pass
D9  : T 103.53c W  99.92c S   3.72c ( +2.7 L  +2.4) LCB   92.11c P  1.83% WF  52.4 PSV      20 N      10  --  D9 E8 C4 E9
E8  : T 101.92c W  99.91c S   1.97c ( +2.1 L  +1.7) LCB   89.02c P  2.23% WF  43.9 PSV       8 N       8  --  E8 D9 C4 E9
J6  : T 102.23c W  99.95c S   1.69c ( +2.0 L  +1.8) LCB  -52.60c P  1.41% WF  11.1 PSV       6 N       2  --  J6 pass
A4  : T 101.85c W  99.95c S   1.85c ( +2.0 L  +1.9) LCB   88.03c P  1.42% WF  48.3 PSV       5 N       8  --  A4 pass C4 pass pass
H7  : T 101.99c W  99.95c S   1.90c ( +2.1 L  +1.9) LCB   84.83c P  1.36% WF  40.8 PSV       5 N       7  --  H7 pass C4 pass
C2  : T 101.95c W  99.93c S   1.47c ( +1.9 L  +1.8) LCB  -56.38c P  1.40% WF  10.6 PSV       5 N       2  --  C2 pass
D8  : T 102.27c W  99.79c S   2.15c ( +2.1 L  +2.1) LCB  -56.60c P  1.21% WF  10.4 PSV       5 N       2  --  D8 E8

2024-06-20 18:05:52-0400: = C4
2024-06-20 18:05:54-0400: Controller: kata-list_time_settings
2024-06-20 18:05:54-0400: = none absolute byoyomi canadian fischer fischer-capped
2024-06-20 18:05:54-0400: Controller: play white pass
2024-06-20 18:05:54-0400: = 
2024-06-20 18:05:54-0400: Controller: genmove black
2024-06-20 18:05:55-0400: MoveNum: 66 HASH: 33FA70A59343407EE41CCE86480285FE
   A B C D E F G H J
 9 O1O . @ . . O O X
 8 X O O . . O O X X
 7 X X O O . O X . X
 6 X O O O O O X X .
 5 X X X O X X X . X
 4 . X X2X X O X X O
 3 . . X X O O O O O
 2 . . . X O . X O O
 1 . . . X O O X X .

koPOSITIONALscoreAREAtaxNONEsui1komi5
Time taken: 0.469
Root visits: 91
New playouts: 91
NN rows: 12
NN batches: 4
NN avg batch size: 3
PV: D9 E8 pass E9 pass pass
Tree:
: T 100.84c W  99.93c S   0.97c ( +2.1 L  +1.9) N      91  --  D9 E8 pass E9 pass pass
---Black(^)---
D9  : T 101.50c W  99.93c S   1.88c ( +2.4 L  +2.2) LCB   94.80c P  4.56% WF  92.5 PSV      92 N      16  --  D9 E8 pass E9 pass pass
E8  : T 101.22c W  99.88c S   1.31c ( +2.2 L  +1.9) LCB   90.68c P  6.29% WF  48.2 PSV      49 N       9  --  E8 D9 pass E9
pss : T 100.78c W  99.97c S   0.76c ( +2.1 L  +2.0) LCB   70.70c P 44.28% WF  34.8 PSV      35 N       5  --  pass pass
E9  : T 100.94c W  99.89c S   1.12c ( +2.2 L  +1.9) LCB   91.98c P  3.10% WF  54.3 PSV      24 N      10  --  E9 E8 pass D9 pass
J6  : T 100.92c W  99.89c S   0.97c ( +2.1 L  +1.9) LCB   52.47c P  3.08% WF  24.3 PSV      23 N       4  --  J6 pass E8
H5  : T 100.87c W  99.93c S   0.95c ( +2.1 L  +2.0) LCB   83.23c P  3.12% WF  43.9 PSV      22 N       7  --  H5 pass pass
F9  : T 100.51c W  99.93c S   0.52c ( +2.0 L  +1.6) LCB   70.22c P  3.21% WF  27.5 PSV      17 N       5  --  F9 E9 pass E8
H7  : T 100.69c W  99.98c S   0.76c ( +2.1 L  +1.9) LCB   18.41c P  2.84% WF  19.0 PSV      17 N       3  --  H7 pass pass
D8  : T 100.55c W  99.90c S   0.73c ( +2.0 L  +1.8) LCB   69.53c P  2.70% WF  27.2 PSV      15 N       5  --  D8 D9 pass
E7  : T 100.36c W  99.94c S   0.47c ( +2.0 L  +1.7) LCB   22.79c P  2.76% WF  17.3 PSV      13 N       3  --  E7 E8 pass

2024-06-20 18:05:55-0400: = D9
2024-06-20 18:05:57-0400: Controller: kata-list_time_settings
2024-06-20 18:05:57-0400: = none absolute byoyomi canadian fischer fischer-capped
2024-06-20 18:05:57-0400: Controller: play white e8
2024-06-20 18:05:57-0400: = 
2024-06-20 18:05:57-0400: Controller: genmove black
2024-06-20 18:05:58-0400: MoveNum: 68 HASH: 0AC223D0BF70AA6C1FE369826E760540
   A B C D E F G H J
 9 O O . X2. . O O X
 8 X O O . O3O O X X
 7 X X O O . O X . X
 6 X O O O O O X X .
 5 X X X O X X X . X
 4 . X X X X O X X O
 3 . . X X O O O O O
 2 . . . X O . X O O
 1 . . . X O O X X .

koPOSITIONALscoreAREAtaxNONEsui1komi5
Time taken: 0.829
Root visits: 183
New playouts: 42
NN rows: 24
NN batches: 6
NN avg batch size: 4
PV: pass E9 pass pass
Tree:
: T 101.63c W  99.95c S   1.81c ( +2.1 L  +1.8) N     183  --  pass E9 pass pass
---Black(^)---
pss : T 101.35c W  99.95c S   1.51c ( +2.0 L  +1.8) LCB  100.60c P 47.77% WF 210.8 PSV     211 N      34  --  pass E9 pass pass
E9  : T 102.06c W  99.96c S   2.14c ( +2.2 L  +1.9) LCB   94.07c P  3.36% WF  64.5 PSV      11 N      11  --  E9 F9 pass C9
H5  : T 101.75c W  99.97c S   1.87c ( +2.1 L  +1.8) LCB   92.53c P  3.66% WF  63.1 PSV      11 N      10  --  H5 E9 pass pass
D8  : T 101.50c W  99.96c S   1.65c ( +2.0 L  +1.8) LCB   92.97c P  3.73% WF  60.8 PSV      10 N      10  --  D8 E9 pass C9 pass
A1  : T 101.44c W  99.94c S   1.70c ( +2.1 L  +1.7) LCB   92.57c P  3.68% WF  56.9 PSV      10 N      10  --  A1 E9 A2
H7  : T 101.77c W  99.97c S   1.93c ( +2.1 L  +1.8) LCB   92.57c P  3.56% WF  63.3 PSV      10 N      10  --  H7 E9 pass pass
J6  : T 101.76c W  99.97c S   1.89c ( +2.1 L  +1.8) LCB   92.55c P  3.39% WF  63.1 PSV      10 N      10  --  J6 E9 pass pass
B2  : T 101.56c W  99.95c S   1.82c ( +2.1 L  +1.7) LCB   90.98c P  3.75% WF  52.2 PSV      10 N       9  --  B2 E9 C2
C9  : T 101.61c W  99.97c S   1.73c ( +2.1 L  +1.8) LCB   93.69c P  3.07% WF  68.0 PSV       9 N      11  --  C9 E9 pass D8 pass
C2  : T 101.78c W  99.97c S   1.94c ( +2.1 L  +1.9) LCB   92.53c P  2.93% WF  62.8 PSV       9 N      10  --  C2 E9 pass pass

2024-06-20 18:05:58-0400: = pass
2024-06-20 18:06:00-0400: Controller: kata-list_time_settings
2024-06-20 18:06:00-0400: = none absolute byoyomi canadian fischer fischer-capped
2024-06-20 18:06:00-0400: Controller: play white e9
2024-06-20 18:06:00-0400: = 
2024-06-20 18:06:00-0400: Controller: genmove black
2024-06-20 18:06:01-0400: MoveNum: 70 HASH: DAD6B27D4B592C7F9EF9AE1579908F06
   A B C D E F G H J
 9 O O . X O3. O O X
 8 X O O . O1O O X X
 7 X X O O . O X . X
 6 X O O O O O X X .
 5 X X X O X X X . X
 4 . X X X X O X X O
 3 . . X X O O O O O
 2 . . . X O . X O O
 1 . . . X O O X X .

koPOSITIONALscoreAREAtaxNONEsui1komi5
Time taken: 0.843
Root visits: 110
New playouts: 45
NN rows: 32
NN batches: 6
NN avg batch size: 5.33333
PV: pass C9 pass D8 pass
Tree:
: T 101.54c W  99.95c S   1.68c ( +2.0 L  +1.8) N     110  --  pass C9 pass D8 pass
---Black(^)---
pss : T 101.24c W  99.97c S   1.37c ( +1.9 L  +1.8) LCB   99.83c P 51.51% WF 161.9 PSV     162 N      24  --  pass C9 pass D8 pass
A1  : T 101.45c W  99.95c S   1.65c ( +2.0 L  +1.7) LCB   88.01c P  4.44% WF  46.1 PSV       9 N       8  --  A1 C9 pass
B3  : T 102.13c W  99.97c S   2.12c ( +2.2 L  +1.8) LCB   69.63c P  3.61% WF  28.2 PSV       9 N       5  --  B3 pass pass
B2  : T 101.23c W  99.93c S   1.59c ( +2.0 L  +1.6) LCB   84.87c P  4.35% WF  39.5 PSV       8 N       7  --  B2 C9 C2
H5  : T 101.83c W  99.96c S   1.85c ( +2.1 L  +1.7) LCB   79.20c P  3.77% WF  34.8 PSV       8 N       6  --  H5 C9 pass
H7  : T 101.90c W  99.97c S   1.98c ( +2.1 L  +1.7) LCB   79.36c P  3.56% WF  34.8 PSV       8 N       6  --  H7 C9 pass
C2  : T 101.88c W  99.96c S   1.97c ( +2.1 L  +1.8) LCB   78.96c P  3.42% WF  34.3 PSV       8 N       6  --  C2 C9 pass
J6  : T 101.89c W  99.94c S   1.91c ( +2.1 L  +1.6) LCB   71.55c P  3.58% WF  26.6 PSV       8 N       5  --  J6 C9 pass
A3  : T 101.14c W  99.92c S   1.48c ( +2.0 L  +1.6) LCB   84.72c P  3.66% WF  38.6 PSV       7 N       7  --  A3 C9 A4
A2  : T 101.64c W  99.95c S   1.86c ( +2.1 L  +1.8) LCB   84.50c P  3.49% WF  40.2 PSV       7 N       7  --  A2 C9 pass

2024-06-20 18:06:01-0400: = pass
2024-06-20 18:06:03-0400: Controller: kata-list_time_settings
2024-06-20 18:06:03-0400: = none absolute byoyomi canadian fischer fischer-capped
2024-06-20 18:06:03-0400: Controller: play white c9
2024-06-20 18:06:04-0400: = 
2024-06-20 18:06:04-0400: Controller: genmove black
2024-06-20 18:06:04-0400: MoveNum: 72 HASH: 0DFE1AEE8009D2086E4F85AB19E84085
   A B C D E F G H J
 9 O O O3X O1. O O X
 8 X O O . O O O X X
 7 X X O O . O X . X
 6 X O O O O O X X .
 5 X X X O X X X . X
 4 . X X X X O X X O
 3 . . X X O O O O O
 2 . . . X O . X O O
 1 . . . X O O X X .

koPOSITIONALscoreAREAtaxNONEsui1komi5
Time taken: 0.64
Root visits: 106
New playouts: 53
NN rows: 21
NN batches: 5
NN avg batch size: 4.2
PV: pass pass
Tree:
: T 101.65c W  99.96c S   1.68c ( +2.0 L  +1.8) N     106  --  pass pass
---Black(^)---
pss : T 101.66c W  99.98c S   1.68c ( +2.0 L  +1.9) LCB   99.48c P 50.81% WF 136.3 PSV     136 N      19  --  pass pass
D8  : T 101.67c W  99.98c S   1.65c ( +1.9 L  +1.9) LCB   84.94c P  4.77% WF  49.1 PSV       8 N       7  --  D8 pass pass
H5  : T 101.71c W  99.96c S   1.65c ( +1.9 L  +1.8) LCB   88.24c P  3.92% WF  51.6 PSV       7 N       8  --  H5 D8 pass pass
B3  : T 101.80c W  99.97c S   1.81c ( +2.0 L  +1.9) LCB   88.25c P  3.89% WF  53.5 PSV       7 N       8  --  B3 D8 pass pass
C2  : T 101.75c W  99.97c S   1.77c ( +2.0 L  +1.9) LCB   88.19c P  3.88% WF  53.5 PSV       7 N       8  --  C2 D8 pass pass
B2  : T 101.38c W  99.94c S   1.58c ( +1.9 L  +1.7) LCB   84.65c P  4.27% WF  42.3 PSV       7 N       7  --  B2 D8 B3
A1  : T 101.62c W  99.93c S   1.55c ( +1.9 L  +1.7) LCB   69.52c P  4.22% WF  29.2 PSV       7 N       5  --  A1 D8 pass
C1  : T 101.59c W  99.96c S   1.63c ( +1.9 L  +1.8) LCB   90.56c P  3.56% WF  59.4 PSV       6 N       9  --  C1 D8 pass pass
H7  : T 101.89c W  99.97c S   1.80c ( +2.0 L  +1.8) LCB   88.49c P  3.54% WF  52.1 PSV       6 N       8  --  H7 D8 pass pass
J6  : T 101.64c W  99.96c S   1.72c ( +2.0 L  +1.8) LCB   78.77c P  3.64% WF  37.6 PSV       6 N       6  --  J6 D8 pass pass

2024-06-20 18:06:04-0400: = pass
2024-06-20 18:06:07-0400: Controller: kata-list_time_settings
2024-06-20 18:06:07-0400: = none absolute byoyomi canadian fischer fischer-capped
2024-06-20 18:06:07-0400: Controller: play white d8
2024-06-20 18:06:07-0400: = 
2024-06-20 18:06:07-0400: Controller: genmove black
2024-06-20 18:06:08-0400: MoveNum: 74 HASH: 2A761CA36AFCBDAEB0B0C56EFA79D20D
   A B C D E F G H J
 9 O O O1. O . O O X
 8 X O O O3O O O X X
 7 X X O O . O X . X
 6 X O O O O O X X .
 5 X X X O X X X . X
 4 . X X X X O X X O
 3 . . X X O O O O O
 2 . . . X O . X O O
 1 . . . X O O X X .

koPOSITIONALscoreAREAtaxNONEsui1komi5
Time taken: 0.829
Root visits: 170
New playouts: 40
NN rows: 35
NN batches: 6
NN avg batch size: 5.83333
PV: pass pass
Tree:
: T 101.82c W  99.96c S   1.86c ( +2.0 L  +1.9) N     170  --  pass pass
---Black(^)---
pss : T 101.65c W  99.93c S   1.78c ( +2.0 L  +1.8) LCB  100.30c P 51.61% WF 190.3 PSV     191 N      30  --  pass pass
B2  : T 102.02c W  99.97c S   2.01c ( +2.0 L  +1.9) LCB   97.28c P  4.66% WF 105.2 PSV      12 N      16  --  B2 pass C2 pass pass
A1  : T 101.35c W  99.96c S   1.38c ( +1.8 L  +1.8) LCB   93.35c P  4.93% WF  71.0 PSV      11 N      11  --  A1 pass pass
H5  : T 101.97c W  99.95c S   2.02c ( +2.0 L  +1.9) LCB   95.50c P  4.10% WF  84.1 PSV      10 N      13  --  H5 pass pass
H7  : T 102.00c W  99.96c S   2.05c ( +2.1 L  +1.9) LCB   95.65c P  3.92% WF  84.4 PSV      10 N      13  --  H7 pass pass
B3  : T 101.80c W  99.96c S   1.84c ( +2.0 L  +1.9) LCB   94.71c P  4.28% WF  79.7 PSV      10 N      12  --  B3 pass pass
J6  : T 101.85c W  99.95c S   1.92c ( +2.0 L  +1.9) LCB   93.72c P  4.10% WF  71.8 PSV      10 N      11  --  J6 pass pass
B1  : T 101.90c W  99.97c S   1.90c ( +2.0 L  +1.9) LCB   93.87c P  3.91% WF  73.6 PSV      10 N      11  --  B1 pass C1 pass pass
C2  : T 101.93c W  99.96c S   1.95c ( +2.0 L  +1.9) LCB   92.37c P  4.05% WF  65.5 PSV      10 N      10  --  C2 pass pass
C1  : T 101.74c W  99.97c S   1.75c ( +2.0 L  +1.9) LCB   93.76c P  3.79% WF  75.5 PSV       9 N      11  --  C1 pass pass

2024-06-20 18:06:08-0400: = pass
2024-06-20 18:06:10-0400: Controller: kata-list_time_settings
2024-06-20 18:06:10-0400: = none absolute byoyomi canadian fischer fischer-capped
2024-06-20 18:06:10-0400: Controller: play white pass
2024-06-20 18:06:10-0400: = 
2024-06-20 18:06:10-0400: Controller: genmove black
2024-06-20 18:06:11-0400: MoveNum: 76 HASH: 2A761CA36AFCBDAEB0B0C56EFA79D20D
   A B C D E F G H J
 9 O O O . O . O O X
 8 X O O O1O O O X X
 7 X X O O . O X . X
 6 X O O O O O X X .
 5 X X X O X X X . X
 4 . X X X X O X X O
 3 . . X X O O O O O
 2 . @ . X O . X O O
 1 . . . X O O X X .

koPOSITIONALscoreAREAtaxNONEsui1komi5
Time taken: 0.984
Root visits: 46
New playouts: 46
NN rows: 4
NN batches: 3
NN avg batch size: 1.33333
PV: B2 pass C2 pass pass
Tree:
: T 100.36c W  99.79c S   0.49c ( +1.9 L  +1.8) N      46  --  B2 pass C2 pass pass
---Black(^)---
B2  : T 100.44c W  99.96c S   0.40c ( +1.9 L  +1.8) LCB   83.27c P  4.39% WF  43.5 PSV      54 N       7  --  B2 pass C2 pass pass
B1  : T 100.25c W  99.93c S   0.30c ( +1.9 L  +1.8) LCB   51.83c P  3.93% WF  24.4 PSV      25 N       4  --  B1 pass pass
A3  : T 100.21c W  99.94c S   0.17c ( +1.8 L  +1.8) LCB   52.17c P  3.60% WF  24.5 PSV      25 N       4  --  A3 pass pass
A1  : T 100.46c W  99.94c S   0.31c ( +1.9 L  +1.7) LCB   15.81c P  4.74% WF  18.2 PSV      19 N       3  --  A1 pass pass
J6  : T 100.76c W  99.97c S   0.79c ( +2.0 L  +1.8) LCB   18.18c P  4.62% WF  18.8 PSV      19 N       3  --  J6 pass pass
H5  : T 100.69c W  99.97c S   0.69c ( +2.0 L  +1.8) LCB   18.71c P  4.49% WF  18.9 PSV      19 N       3  --  H5 pass pass
H7  : T 100.74c W  99.97c S   0.76c ( +2.0 L  +1.8) LCB   18.89c P  4.21% WF  18.9 PSV      19 N       3  --  H7 pass pass
B3  : T 100.65c W  99.96c S   0.61c ( +2.0 L  +1.9) LCB   17.67c P  4.15% WF  18.6 PSV      19 N       3  --  B3 pass pass
C2  : T 100.63c W  99.96c S   0.60c ( +2.0 L  +1.8) LCB   16.96c P  3.98% WF  18.5 PSV      19 N       3  --  C2 pass pass
C1  : T 100.57c W  99.95c S   0.47c ( +1.9 L  +1.8) LCB   17.83c P  3.80% WF  18.6 PSV      19 N       3  --  C1 pass pass

2024-06-20 18:06:11-0400: = B2
2024-06-20 18:06:11-0400: Controller: quit
2024-06-20 18:06:11-0400: Quit requested by controller
2024-06-20 18:06:11-0400: = 
2024-06-20 18:06:12-0400: GPU -1 finishing, processed 20654 rows 2014 batches
2024-06-20 18:06:12-0400: All cleaned up, quitting
