2024-06-20 17:46:00-0400: Running with following config:
allowResignation = true
lagBuffer = 1.0
logAllGTPCommunication = true
logDir = gtp_logs
logSearchInfo = true
logSearchInfoForChosenMove = false
logToStderr = false
maxTime = 1.0
maxTimePondering = 120.0
numSearchThreads = 32
ogsChatToStderr = true
ponderingEnabled = true
resignConsecTurns = 3
resignThreshold = -0.90
rules = tromp-taylor
searchFactorAfterOnePass = 0.50
searchFactorAfterTwoPass = 0.25
searchFactorWhenWinning = 0.40
searchFactorWhenWinningThreshold = 0.95

2024-06-20 17:46:00-0400: GTP Engine starting...
2024-06-20 17:46:00-0400: KataGo v1.14.1
2024-06-20 17:46:00-0400: Using TrompTaylor rules initially, unless GTP/GUI overrides this
2024-06-20 17:46:00-0400: Using 32 CPU thread(s) for search
2024-06-20 17:46:00-0400: nnRandSeed0 = 15078469157490677884
2024-06-20 17:46:00-0400: After dedups: nnModelFile0 = C:/Users/chang/Downloads/kata1-b18c384nbt-s9937771520-d4300882049.bin.gz useFP16 auto useNHWC auto
2024-06-20 17:46:00-0400: Initializing neural net buffer to be size 19 * 19 exactly
2024-06-20 17:46:02-0400: Found OpenCL Platform 0: NVIDIA CUDA (NVIDIA Corporation) (OpenCL 3.0 CUDA 12.5.51)
2024-06-20 17:46:02-0400: Found 1 device(s) on platform 0 with type CPU or GPU or Accelerator
2024-06-20 17:46:02-0400: Found OpenCL Platform 1: Intel(R) OpenCL Graphics (Intel(R) Corporation) (OpenCL 3.0 )
2024-06-20 17:46:02-0400: Found 1 device(s) on platform 1 with type CPU or GPU or Accelerator
2024-06-20 17:46:02-0400: Found OpenCL Device 0: NVIDIA GeForce RTX 4060 Laptop GPU (NVIDIA Corporation) (score 11000300)
2024-06-20 17:46:02-0400: Found OpenCL Device 1: Intel(R) UHD Graphics (Intel(R) Corporation) (score 6000300)
2024-06-20 17:46:02-0400: Creating context for OpenCL Platform: NVIDIA CUDA (NVIDIA Corporation) (OpenCL 3.0 CUDA 12.5.51)
2024-06-20 17:46:02-0400: Using OpenCL Device 0: NVIDIA GeForce RTX 4060 Laptop GPU (NVIDIA Corporation) OpenCL 3.0 CUDA (Extensions: cl_khr_global_int32_base_atomics cl_khr_global_int32_extended_atomics cl_khr_local_int32_base_atomics cl_khr_local_int32_extended_atomics cl_khr_fp64 cl_khr_3d_image_writes cl_khr_byte_addressable_store cl_khr_icd cl_khr_gl_sharing cl_nv_compiler_options cl_nv_device_attribute_query cl_nv_pragma_unroll cl_nv_d3d10_sharing cl_khr_d3d10_sharing cl_nv_d3d11_sharing cl_nv_copy_opts cl_nv_create_buffer cl_khr_int64_base_atomics cl_khr_int64_extended_atomics cl_khr_device_uuid cl_khr_pci_bus_info cl_khr_external_semaphore cl_khr_external_memory cl_khr_external_semaphore_win32 cl_khr_external_memory_win32)
2024-06-20 17:46:02-0400: Loaded tuning parameters from: C:\Users\chang\Downloads\katago-v1.14.1-opencl-windows-x64/KataGoData/opencltuning/tune11_gpuNVIDIAGeForceRTX4060LaptopGPU_x19_y19_c384_mv14.txt
2024-06-20 17:46:02-0400: OpenCL backend thread 0: Model version 14
2024-06-20 17:46:02-0400: OpenCL backend thread 0: Model name: kata1-b18c384nbt-s9937771520-d4300882049
2024-06-20 17:46:04-0400: OpenCL backend thread 0: FP16Storage true FP16Compute false FP16TensorCores true FP16TensorCoresFor1x1 false
2024-06-20 17:46:04-0400: Loaded neural net with nnXLen 19 nnYLen 19
2024-06-20 17:46:04-0400: Initializing board with boardXSize 19 boardYSize 19
2024-06-20 17:46:04-0400: Loaded config C:\Users\chang\Downloads\katago-v1.14.1-cuda12.1-cudnn8.9.7-windows-x64/default_gtp.cfg
2024-06-20 17:46:04-0400: Loaded model C:/Users/chang/Downloads/kata1-b18c384nbt-s9937771520-d4300882049.bin.gz
2024-06-20 17:46:04-0400: Model name: kata1-b18c384nbt-s9937771520-d4300882049
2024-06-20 17:46:04-0400: GTP ready, beginning main protocol loop
2024-06-20 17:46:04-0400: Controller: list_commands
2024-06-20 17:46:04-0400: = protocol_version
name
version
known_command
list_commands
quit
boardsize
rectangular_boardsize
clear_board
set_position
komi
get_komi
play
undo
kata-get-rules
kata-set-rule
kata-set-rules
kata-get-param
kata-set-param
kata-list-params
kgs-rules
genmove
genmove_debug
search_debug
clear_cache
showboard
fixed_handicap
place_free_handicap
set_free_handicap
time_settings
kgs-time_settings
time_left
kata-list_time_settings
kata-time_settings
final_score
final_status_list
loadsgf
printsgf
lz-genmove_analyze
kata-genmove_analyze
lz-analyze
kata-analyze
kata-raw-nn
cputime
gomill-cpu_time
kata-benchmark
kata-debug-print-tc
debug_moves
stop
2024-06-20 17:46:04-0400: Controller: boardsize 9
2024-06-20 17:46:04-0400: GPU -1 finishing, processed 0 rows 0 batches
2024-06-20 17:46:04-0400: Cleaned up old neural net and bot
2024-06-20 17:46:04-0400: nnRandSeed0 = 4956003961027560176
2024-06-20 17:46:04-0400: After dedups: nnModelFile0 = C:/Users/chang/Downloads/kata1-b18c384nbt-s9937771520-d4300882049.bin.gz useFP16 auto useNHWC auto
2024-06-20 17:46:04-0400: Initializing neural net buffer to be size 9 * 9 exactly
2024-06-20 17:46:06-0400: Found OpenCL Platform 0: NVIDIA CUDA (NVIDIA Corporation) (OpenCL 3.0 CUDA 12.5.51)
2024-06-20 17:46:06-0400: Found 1 device(s) on platform 0 with type CPU or GPU or Accelerator
2024-06-20 17:46:06-0400: Found OpenCL Platform 1: Intel(R) OpenCL Graphics (Intel(R) Corporation) (OpenCL 3.0 )
2024-06-20 17:46:06-0400: Found 1 device(s) on platform 1 with type CPU or GPU or Accelerator
2024-06-20 17:46:06-0400: Found OpenCL Device 0: NVIDIA GeForce RTX 4060 Laptop GPU (NVIDIA Corporation) (score 11000300)
2024-06-20 17:46:06-0400: Found OpenCL Device 1: Intel(R) UHD Graphics (Intel(R) Corporation) (score 6000300)
2024-06-20 17:46:06-0400: Creating context for OpenCL Platform: NVIDIA CUDA (NVIDIA Corporation) (OpenCL 3.0 CUDA 12.5.51)
2024-06-20 17:46:06-0400: Using OpenCL Device 0: NVIDIA GeForce RTX 4060 Laptop GPU (NVIDIA Corporation) OpenCL 3.0 CUDA (Extensions: cl_khr_global_int32_base_atomics cl_khr_global_int32_extended_atomics cl_khr_local_int32_base_atomics cl_khr_local_int32_extended_atomics cl_khr_fp64 cl_khr_3d_image_writes cl_khr_byte_addressable_store cl_khr_icd cl_khr_gl_sharing cl_nv_compiler_options cl_nv_device_attribute_query cl_nv_pragma_unroll cl_nv_d3d10_sharing cl_khr_d3d10_sharing cl_nv_d3d11_sharing cl_nv_copy_opts cl_nv_create_buffer cl_khr_int64_base_atomics cl_khr_int64_extended_atomics cl_khr_device_uuid cl_khr_pci_bus_info cl_khr_external_semaphore cl_khr_external_memory cl_khr_external_semaphore_win32 cl_khr_external_memory_win32)
2024-06-20 17:46:06-0400: Loaded tuning parameters from: C:\Users\chang\Downloads\katago-v1.14.1-opencl-windows-x64/KataGoData/opencltuning/tune11_gpuNVIDIAGeForceRTX4060LaptopGPU_x19_y19_c384_mv14.txt
2024-06-20 17:46:06-0400: OpenCL backend thread 0: Model version 14
2024-06-20 17:46:06-0400: OpenCL backend thread 0: Model name: kata1-b18c384nbt-s9937771520-d4300882049
2024-06-20 17:46:08-0400: OpenCL backend thread 0: FP16Storage true FP16Compute false FP16TensorCores true FP16TensorCoresFor1x1 false
2024-06-20 17:46:08-0400: Loaded neural net with nnXLen 9 nnYLen 9
2024-06-20 17:46:08-0400: Initializing board with boardXSize 9 boardYSize 9
2024-06-20 17:46:08-0400: = 
2024-06-20 17:46:08-0400: Controller: clear_board
2024-06-20 17:46:08-0400: = 
2024-06-20 17:46:08-0400: Controller: komi 3.5
2024-06-20 17:46:08-0400: = 
2024-06-20 17:46:08-0400: Controller: genmove black
2024-06-20 17:46:09-0400: MoveNum: 0 HASH: 9F0B2D702FC8448C75410E097F089AEB
   A B C D E F G H J
 9 . . . . . . . . .
 8 . . . . . . . . .
 7 . . . . . . . . .
 6 . . . . . . . . .
 5 . . . . @ . . . .
 4 . . . . . . . . .
 3 . . . . . . . . .
 2 . . . . . . . . .
 1 . . . . . . . . .

koPOSITIONALscoreAREAtaxNONEsui1komi3.5
Time taken: 1.032
Root visits: 373
New playouts: 373
NN rows: 389
NN batches: 17
NN avg batch size: 22.8824
PlayoutDoublingAdvantage: -0.25
PV: E5 E7 F3 C4 F7 F8 F6
Tree:
: T  86.69c W  85.69c S   1.54c ( +2.8 L  +2.1) N     373  --  E5 E7 F3 C4 F7 F8 F6
---Black(^)---
E5  : T  88.83c W  87.22c S   1.74c ( +2.9 L  +2.1) LCB   86.35c P 45.24% WF 302.4 PSV     298 N     193  --  E5 E7 F3 C4 F7 F8 F6
F6  : T  83.23c W  83.74c S   1.17c ( +2.7 L  +2.0) LCB   76.83c P  8.39% WF  84.5 PSV      13 N      73  --  F6 D4 E4 D3 D5 E5 F5 C5
F5  : T  86.41c W  85.86c S   1.59c ( +2.9 L  +2.2) LCB   79.56c P  4.84% WF  76.7 PSV      13 N      57  --  F5 D5 E3 C3 C7 C6 D7
G5  : T  69.60c W  68.82c S  -0.06c ( +2.1 L  +1.4) LCB   48.42c P  0.72% WF  11.9 PSV       0 N      15  --  G5 D5 F3 F6 G6
G6  : T  62.62c W  65.69c S  -0.66c ( +1.8 L  +1.1) LCB   43.22c P  0.17% WF   4.9 PSV       0 N      15  --  G6 D4 D6 F4 C4 C3 C5 E7
G7  : T  23.58c W  31.41c S  -2.34c ( +1.0 L  +0.6) LCB  -40.52c P  0.01% WF   0.2 PSV       0 N       4  --  G7 F6 D6
H5  : T -10.07c W  -3.13c S  -3.84c ( +0.2 L  +0.2) LCB  -76.17c P  0.00% WF   0.0 PSV       0 N       4  --  H5 D5 C7
H6  : T -34.38c W -29.29c S  -5.09c ( -0.3 L  -0.2) LCB -185.74c P  0.00% WF   0.0 PSV       0 N       2  --  H6 D5
H7  : T -77.03c W -69.59c S  -7.42c ( -1.5 L  -1.0) LCB -233.07c P  0.00% WF   0.0 PSV       0 N       2  --  H7 D5
pss : T -119.72c W -99.02c S -20.71c ( -8.3 L  -8.1) LCB -469.72c P  0.00% WF   0.0 PSV       0 N       1  --  pass

2024-06-20 17:46:09-0400: = E5
2024-06-20 17:46:14-0400: Controller: quit
2024-06-20 17:46:14-0400: Quit requested by controller
2024-06-20 17:46:14-0400: = 
2024-06-20 17:46:14-0400: GPU -1 finishing, processed 3428 rows 129 batches
2024-06-20 17:46:14-0400: All cleaned up, quitting
