2024-06-08 17:42:54-0400: Running with following config:
allowResignation = true
lagBuffer = 1.0
logAllGTPCommunication = true
logDir = gtp_logs
logSearchInfo = true
logSearchInfoForChosenMove = false
logToStderr = false
maxTime = 0.5
maxTimePondering = 120.0
numSearchThreads = 16
ogsChatToStderr = true
ponderingEnabled = true
resignConsecTurns = 3
resignThreshold = -0.90
rules = tromp-taylor
searchFactorAfterOnePass = 0.50
searchFactorAfterTwoPass = 0.25
searchFactorWhenWinning = 0.40
searchFactorWhenWinningThreshold = 0.95

2024-06-08 17:42:54-0400: GTP Engine starting...
2024-06-08 17:42:54-0400: KataGo v1.14.1
2024-06-08 17:42:54-0400: Using TrompTaylor rules initially, unless GTP/GUI overrides this
2024-06-08 17:42:54-0400: Using 16 CPU thread(s) for search
2024-06-08 17:42:54-0400: nnRandSeed0 = 14058675775030999996
2024-06-08 17:42:54-0400: After dedups: nnModelFile0 = C:/Users/chang/Downloads/kata1-b60c320-s9482697216-d3873382264.bin.gz useFP16 auto useNHWC auto
2024-06-08 17:42:54-0400: Initializing neural net buffer to be size 19 * 19 exactly
2024-06-08 17:43:01-0400: Found OpenCL Platform 0: NVIDIA CUDA (NVIDIA Corporation) (OpenCL 3.0 CUDA 12.4.89)
2024-06-08 17:43:01-0400: Found 1 device(s) on platform 0 with type CPU or GPU or Accelerator
2024-06-08 17:43:01-0400: Found OpenCL Platform 1: Intel(R) OpenCL Graphics (Intel(R) Corporation) (OpenCL 3.0 )
2024-06-08 17:43:01-0400: Found 1 device(s) on platform 1 with type CPU or GPU or Accelerator
2024-06-08 17:43:01-0400: Found OpenCL Device 0: NVIDIA GeForce RTX 4060 Laptop GPU (NVIDIA Corporation) (score 11000300)
2024-06-08 17:43:01-0400: Found OpenCL Device 1: Intel(R) UHD Graphics (Intel(R) Corporation) (score 6000300)
2024-06-08 17:43:01-0400: Creating context for OpenCL Platform: NVIDIA CUDA (NVIDIA Corporation) (OpenCL 3.0 CUDA 12.4.89)
2024-06-08 17:43:02-0400: Using OpenCL Device 0: NVIDIA GeForce RTX 4060 Laptop GPU (NVIDIA Corporation) OpenCL 3.0 CUDA (Extensions: cl_khr_global_int32_base_atomics cl_khr_global_int32_extended_atomics cl_khr_local_int32_base_atomics cl_khr_local_int32_extended_atomics cl_khr_fp64 cl_khr_3d_image_writes cl_khr_byte_addressable_store cl_khr_icd cl_khr_gl_sharing cl_nv_compiler_options cl_nv_device_attribute_query cl_nv_pragma_unroll cl_nv_d3d10_sharing cl_khr_d3d10_sharing cl_nv_d3d11_sharing cl_nv_copy_opts cl_nv_create_buffer cl_khr_int64_base_atomics cl_khr_int64_extended_atomics cl_khr_device_uuid cl_khr_pci_bus_info cl_khr_external_semaphore cl_khr_external_memory cl_khr_external_semaphore_win32 cl_khr_external_memory_win32)
2024-06-08 17:43:02-0400: Loaded tuning parameters from: C:\Users\chang\Downloads\katago-v1.14.1-opencl-windows-x64/KataGoData/opencltuning/tune11_gpuNVIDIAGeForceRTX4060LaptopGPU_x19_y19_c320_mv10.txt
2024-06-08 17:43:02-0400: OpenCL backend thread 0: Model version 10
2024-06-08 17:43:02-0400: OpenCL backend thread 0: Model name: kata1-b60c320-s9482697216-d3873382264
2024-06-08 17:43:13-0400: OpenCL backend thread 0: FP16Storage true FP16Compute false FP16TensorCores true FP16TensorCoresFor1x1 false
2024-06-08 17:43:13-0400: Loaded neural net with nnXLen 19 nnYLen 19
2024-06-08 17:43:13-0400: Initializing board with boardXSize 19 boardYSize 19
2024-06-08 17:43:13-0400: Loaded config C:/Users/chang/Downloads/katago-v1.14.1-opencl-windows-x64/doudoubot.cfg
2024-06-08 17:43:13-0400: Loaded model C:/Users/chang/Downloads/kata1-b60c320-s9482697216-d3873382264.bin.gz
2024-06-08 17:43:13-0400: Model name: kata1-b60c320-s9482697216-d3873382264
2024-06-08 17:43:13-0400: GTP ready, beginning main protocol loop
2024-06-08 17:43:13-0400: Controller: list_commands
2024-06-08 17:43:13-0400: = protocol_version
name
version
known_command
list_commands
quit
boardsize
rectangular_boardsize
clear_board
set_position
komi
get_komi
play
undo
kata-get-rules
kata-set-rule
kata-set-rules
kata-get-param
kata-set-param
kata-list-params
kgs-rules
genmove
genmove_debug
search_debug
clear_cache
showboard
fixed_handicap
place_free_handicap
set_free_handicap
time_settings
kgs-time_settings
time_left
kata-list_time_settings
kata-time_settings
final_score
final_status_list
loadsgf
printsgf
lz-genmove_analyze
kata-genmove_analyze
lz-analyze
kata-analyze
kata-raw-nn
cputime
gomill-cpu_time
kata-benchmark
kata-debug-print-tc
debug_moves
stop
2024-06-08 17:43:13-0400: Controller: boardsize 9
2024-06-08 17:43:13-0400: GPU -1 finishing, processed 0 rows 0 batches
2024-06-08 17:43:13-0400: Cleaned up old neural net and bot
2024-06-08 17:43:13-0400: nnRandSeed0 = 1197396663306371161
2024-06-08 17:43:13-0400: After dedups: nnModelFile0 = C:/Users/chang/Downloads/kata1-b60c320-s9482697216-d3873382264.bin.gz useFP16 auto useNHWC auto
2024-06-08 17:43:13-0400: Initializing neural net buffer to be size 9 * 9 exactly
2024-06-08 17:43:24-0400: Found OpenCL Platform 0: NVIDIA CUDA (NVIDIA Corporation) (OpenCL 3.0 CUDA 12.4.89)
2024-06-08 17:43:24-0400: Found 1 device(s) on platform 0 with type CPU or GPU or Accelerator
2024-06-08 17:43:24-0400: Found OpenCL Platform 1: Intel(R) OpenCL Graphics (Intel(R) Corporation) (OpenCL 3.0 )
2024-06-08 17:43:24-0400: Found 1 device(s) on platform 1 with type CPU or GPU or Accelerator
2024-06-08 17:43:24-0400: Found OpenCL Device 0: NVIDIA GeForce RTX 4060 Laptop GPU (NVIDIA Corporation) (score 11000300)
2024-06-08 17:43:24-0400: Found OpenCL Device 1: Intel(R) UHD Graphics (Intel(R) Corporation) (score 6000300)
2024-06-08 17:43:24-0400: Creating context for OpenCL Platform: NVIDIA CUDA (NVIDIA Corporation) (OpenCL 3.0 CUDA 12.4.89)
2024-06-08 17:43:25-0400: Using OpenCL Device 0: NVIDIA GeForce RTX 4060 Laptop GPU (NVIDIA Corporation) OpenCL 3.0 CUDA (Extensions: cl_khr_global_int32_base_atomics cl_khr_global_int32_extended_atomics cl_khr_local_int32_base_atomics cl_khr_local_int32_extended_atomics cl_khr_fp64 cl_khr_3d_image_writes cl_khr_byte_addressable_store cl_khr_icd cl_khr_gl_sharing cl_nv_compiler_options cl_nv_device_attribute_query cl_nv_pragma_unroll cl_nv_d3d10_sharing cl_khr_d3d10_sharing cl_nv_d3d11_sharing cl_nv_copy_opts cl_nv_create_buffer cl_khr_int64_base_atomics cl_khr_int64_extended_atomics cl_khr_device_uuid cl_khr_pci_bus_info cl_khr_external_semaphore cl_khr_external_memory cl_khr_external_semaphore_win32 cl_khr_external_memory_win32)
2024-06-08 17:43:25-0400: Loaded tuning parameters from: C:\Users\chang\Downloads\katago-v1.14.1-opencl-windows-x64/KataGoData/opencltuning/tune11_gpuNVIDIAGeForceRTX4060LaptopGPU_x19_y19_c320_mv10.txt
2024-06-08 17:43:25-0400: OpenCL backend thread 0: Model version 10
2024-06-08 17:43:25-0400: OpenCL backend thread 0: Model name: kata1-b60c320-s9482697216-d3873382264
2024-06-08 17:43:36-0400: OpenCL backend thread 0: FP16Storage true FP16Compute false FP16TensorCores true FP16TensorCoresFor1x1 false
2024-06-08 17:43:36-0400: Loaded neural net with nnXLen 9 nnYLen 9
2024-06-08 17:43:36-0400: Initializing board with boardXSize 9 boardYSize 9
2024-06-08 17:43:36-0400: = 
2024-06-08 17:43:36-0400: Controller: clear_board
2024-06-08 17:43:36-0400: = 
2024-06-08 17:43:36-0400: Controller: komi 7.5
2024-06-08 17:43:36-0400: = 
2024-06-08 17:43:36-0400: Controller: play black f5
2024-06-08 17:43:36-0400: = 
2024-06-08 17:43:36-0400: Controller: play white d5
2024-06-08 17:43:37-0400: = 
2024-06-08 17:43:37-0400: Controller: play black c7
2024-06-08 17:43:37-0400: = 
2024-06-08 17:43:37-0400: Controller: play white d7
2024-06-08 17:43:37-0400: = 
2024-06-08 17:43:37-0400: Controller: play black d8
2024-06-08 17:43:37-0400: = 
2024-06-08 17:43:37-0400: Controller: play white e7
2024-06-08 17:43:37-0400: = 
2024-06-08 17:43:37-0400: Controller: play black e8
2024-06-08 17:43:37-0400: = 
2024-06-08 17:43:37-0400: Controller: play white f7
2024-06-08 17:43:37-0400: = 
2024-06-08 17:43:37-0400: Controller: play black c6
2024-06-08 17:43:37-0400: = 
2024-06-08 17:43:37-0400: Controller: play white e5
2024-06-08 17:43:37-0400: = 
2024-06-08 17:43:37-0400: Controller: play black f3
2024-06-08 17:43:37-0400: = 
2024-06-08 17:43:37-0400: Controller: play white d3
2024-06-08 17:43:37-0400: = 
2024-06-08 17:43:37-0400: Controller: play black c4
2024-06-08 17:43:37-0400: = 
2024-06-08 17:43:37-0400: Controller: play white e3
2024-06-08 17:43:37-0400: = 
2024-06-08 17:43:37-0400: Controller: genmove black
2024-06-08 17:43:37-0400: MoveNum: 14 HASH: 3A1EE629F88449016F1402E204306E7A
   A B C D E F G H J
 9 . . . . . . . . .
 8 . . . X X . . . .
 7 . . X O O O . . .
 6 . . X . . . . . .
 5 . . . O O X . . .
 4 . . X2. . . @ . .
 3 . . . O1O3X . . .
 2 . . . . . . . . .
 1 . . . . . . . . .

koPOSITIONALscoreAREAtaxNONEsui1komi7.5
Time taken: 0.531
Root visits: 610
New playouts: 610
NN rows: 426
NN batches: 31
NN avg batch size: 13.7419
PV: G4 C5 B5 G6 H5 B8 C8 B6 B4 B7 B9 H6 E2 H3 J6
Tree:
: T  45.44c W  43.82c S   0.97c ( +1.7 L  +1.6) N     610  --  G4 C5 B5 G6 H5 B8 C8
---Black(^)---
G4  : T  52.66c W  50.69c S   1.36c ( +1.9 L  +1.7) LCB   38.28c P 34.94% WF 278.0 PSV     268 N     525  --  G4 C5 B5 G6 H5 B8 C8 B6
G2  : T   4.07c W  -5.66c S  -1.66c ( +0.4 L  +0.7) LCB  -21.71c P 12.11% WF   8.2 PSV       8 N      23  --  G2 C5 B5 B8 C8
F2  : T -65.93c W -61.43c S  -5.41c ( -1.6 L  -0.8) LCB  -93.89c P 18.31% WF   3.3 PSV       5 N       9  --  F2 G4 F4 G5 G6 H6 G7
G6  : T -41.93c W -28.01c S  -2.64c ( +0.1 L  +0.2) LCB -121.93c P  9.58% WF   4.0 PSV       3 N      11  --  G6 F2 G3 G2 G7 F8 G8
E2  : T -74.62c W -60.53c S  -4.35c ( -0.7 L  -0.3) LCB -160.07c P  9.04% WF   1.5 PSV       2 N       3  --  E2 H5 G4
F4  : T -65.11c W -53.79c S  -4.18c ( -0.5 L  -0.3) LCB -144.74c P  3.96% WF   1.4 PSV       1 N       3  --  F4 G6 H5
H5  : T -70.03c W -62.80c S  -5.14c ( -0.9 L  -0.8) LCB -224.94c P  4.37% WF   0.9 PSV       1 N       2  --  H5 F2
G3  : T -78.41c W -73.17c S  -5.24c ( -1.1 L  -1.0) LCB -428.41c P  5.04% WF   0.5 PSV       1 N       1  --  G3
H3  : T -60.16c W -56.07c S  -4.08c ( -0.5 L  -0.2) LCB -410.16c P  1.53% WF   0.6 PSV       0 N       1  --  H3
G5  : T -74.25c W -69.49c S  -4.76c ( -0.8 L  -0.7) LCB -424.25c P  0.55% WF   0.5 PSV       0 N       1  --  G5

2024-06-08 17:43:37-0400: = G4
2024-06-08 17:53:37-0400: Controller: quit
2024-06-08 17:53:37-0400: Quit requested by controller
2024-06-08 17:53:37-0400: = 
2024-06-08 17:53:38-0400: GPU -1 finishing, processed 80106 rows 7189 batches
2024-06-08 17:53:39-0400: All cleaned up, quitting
