2024-06-06 18:54:07-0400: Running with following config:
allowResignation = true
lagBuffer = 1.0
logAllGTPCommunication = true
logDir = gtp_logs
logSearchInfo = true
logSearchInfoForChosenMove = false
logToStderr = false
maxTime = 0.5
maxTimePondering = 120.0
numSearchThreads = 16
ogsChatToStderr = true
ponderingEnabled = true
resignConsecTurns = 3
resignThreshold = -0.90
rules = tromp-taylor
searchFactorAfterOnePass = 0.50
searchFactorAfterTwoPass = 0.25
searchFactorWhenWinning = 0.40
searchFactorWhenWinningThreshold = 0.95

2024-06-06 18:54:07-0400: GTP Engine starting...
2024-06-06 18:54:07-0400: KataGo v1.14.1
2024-06-06 18:54:07-0400: Using TrompTaylor rules initially, unless GTP/GUI overrides this
2024-06-06 18:54:07-0400: Using 16 CPU thread(s) for search
2024-06-06 18:54:07-0400: nnRandSeed0 = 10481525850169458216
2024-06-06 18:54:07-0400: After dedups: nnModelFile0 = C:/Users/chang/Downloads/kata1-b60c320-s9482697216-d3873382264.bin.gz useFP16 auto useNHWC auto
2024-06-06 18:54:07-0400: Initializing neural net buffer to be size 19 * 19 exactly
2024-06-06 18:54:14-0400: Found OpenCL Platform 0: NVIDIA CUDA (NVIDIA Corporation) (OpenCL 3.0 CUDA 12.4.89)
2024-06-06 18:54:14-0400: Found 1 device(s) on platform 0 with type CPU or GPU or Accelerator
2024-06-06 18:54:14-0400: Found OpenCL Platform 1: Intel(R) OpenCL Graphics (Intel(R) Corporation) (OpenCL 3.0 )
2024-06-06 18:54:14-0400: Found 1 device(s) on platform 1 with type CPU or GPU or Accelerator
2024-06-06 18:54:14-0400: Found OpenCL Device 0: NVIDIA GeForce RTX 4060 Laptop GPU (NVIDIA Corporation) (score 11000300)
2024-06-06 18:54:14-0400: Found OpenCL Device 1: Intel(R) UHD Graphics (Intel(R) Corporation) (score 6000300)
2024-06-06 18:54:14-0400: Creating context for OpenCL Platform: NVIDIA CUDA (NVIDIA Corporation) (OpenCL 3.0 CUDA 12.4.89)
2024-06-06 18:54:14-0400: Using OpenCL Device 0: NVIDIA GeForce RTX 4060 Laptop GPU (NVIDIA Corporation) OpenCL 3.0 CUDA (Extensions: cl_khr_global_int32_base_atomics cl_khr_global_int32_extended_atomics cl_khr_local_int32_base_atomics cl_khr_local_int32_extended_atomics cl_khr_fp64 cl_khr_3d_image_writes cl_khr_byte_addressable_store cl_khr_icd cl_khr_gl_sharing cl_nv_compiler_options cl_nv_device_attribute_query cl_nv_pragma_unroll cl_nv_d3d10_sharing cl_khr_d3d10_sharing cl_nv_d3d11_sharing cl_nv_copy_opts cl_nv_create_buffer cl_khr_int64_base_atomics cl_khr_int64_extended_atomics cl_khr_device_uuid cl_khr_pci_bus_info cl_khr_external_semaphore cl_khr_external_memory cl_khr_external_semaphore_win32 cl_khr_external_memory_win32)
2024-06-06 18:54:14-0400: Loaded tuning parameters from: C:\Users\chang\Downloads\katago-v1.14.1-opencl-windows-x64/KataGoData/opencltuning/tune11_gpuNVIDIAGeForceRTX4060LaptopGPU_x19_y19_c320_mv10.txt
2024-06-06 18:54:14-0400: OpenCL backend thread 0: Model version 10
2024-06-06 18:54:14-0400: OpenCL backend thread 0: Model name: kata1-b60c320-s9482697216-d3873382264
2024-06-06 18:54:24-0400: OpenCL backend thread 0: FP16Storage true FP16Compute false FP16TensorCores true FP16TensorCoresFor1x1 false
2024-06-06 18:54:24-0400: Loaded neural net with nnXLen 19 nnYLen 19
2024-06-06 18:54:24-0400: Initializing board with boardXSize 19 boardYSize 19
2024-06-06 18:54:24-0400: Loaded config C:/Users/chang/Downloads/katago-v1.14.1-opencl-windows-x64/doudoubot.cfg
2024-06-06 18:54:24-0400: Loaded model C:/Users/chang/Downloads/kata1-b60c320-s9482697216-d3873382264.bin.gz
2024-06-06 18:54:24-0400: Model name: kata1-b60c320-s9482697216-d3873382264
2024-06-06 18:54:24-0400: GTP ready, beginning main protocol loop
2024-06-06 18:54:24-0400: Controller: list_commands
2024-06-06 18:54:24-0400: = protocol_version
name
version
known_command
list_commands
quit
boardsize
rectangular_boardsize
clear_board
set_position
komi
get_komi
play
undo
kata-get-rules
kata-set-rule
kata-set-rules
kata-get-param
kata-set-param
kata-list-params
kgs-rules
genmove
genmove_debug
search_debug
clear_cache
showboard
fixed_handicap
place_free_handicap
set_free_handicap
time_settings
kgs-time_settings
time_left
kata-list_time_settings
kata-time_settings
final_score
final_status_list
loadsgf
printsgf
lz-genmove_analyze
kata-genmove_analyze
lz-analyze
kata-analyze
kata-raw-nn
cputime
gomill-cpu_time
kata-benchmark
kata-debug-print-tc
debug_moves
stop
2024-06-06 18:54:24-0400: Controller: boardsize 9
2024-06-06 18:54:24-0400: GPU -1 finishing, processed 0 rows 0 batches
2024-06-06 18:54:24-0400: Cleaned up old neural net and bot
2024-06-06 18:54:24-0400: nnRandSeed0 = 11036194147578515066
2024-06-06 18:54:24-0400: After dedups: nnModelFile0 = C:/Users/chang/Downloads/kata1-b60c320-s9482697216-d3873382264.bin.gz useFP16 auto useNHWC auto
2024-06-06 18:54:24-0400: Initializing neural net buffer to be size 9 * 9 exactly
2024-06-06 18:54:34-0400: Found OpenCL Platform 0: NVIDIA CUDA (NVIDIA Corporation) (OpenCL 3.0 CUDA 12.4.89)
2024-06-06 18:54:34-0400: Found 1 device(s) on platform 0 with type CPU or GPU or Accelerator
2024-06-06 18:54:34-0400: Found OpenCL Platform 1: Intel(R) OpenCL Graphics (Intel(R) Corporation) (OpenCL 3.0 )
2024-06-06 18:54:34-0400: Found 1 device(s) on platform 1 with type CPU or GPU or Accelerator
2024-06-06 18:54:34-0400: Found OpenCL Device 0: NVIDIA GeForce RTX 4060 Laptop GPU (NVIDIA Corporation) (score 11000300)
2024-06-06 18:54:34-0400: Found OpenCL Device 1: Intel(R) UHD Graphics (Intel(R) Corporation) (score 6000300)
2024-06-06 18:54:34-0400: Creating context for OpenCL Platform: NVIDIA CUDA (NVIDIA Corporation) (OpenCL 3.0 CUDA 12.4.89)
2024-06-06 18:54:34-0400: Using OpenCL Device 0: NVIDIA GeForce RTX 4060 Laptop GPU (NVIDIA Corporation) OpenCL 3.0 CUDA (Extensions: cl_khr_global_int32_base_atomics cl_khr_global_int32_extended_atomics cl_khr_local_int32_base_atomics cl_khr_local_int32_extended_atomics cl_khr_fp64 cl_khr_3d_image_writes cl_khr_byte_addressable_store cl_khr_icd cl_khr_gl_sharing cl_nv_compiler_options cl_nv_device_attribute_query cl_nv_pragma_unroll cl_nv_d3d10_sharing cl_khr_d3d10_sharing cl_nv_d3d11_sharing cl_nv_copy_opts cl_nv_create_buffer cl_khr_int64_base_atomics cl_khr_int64_extended_atomics cl_khr_device_uuid cl_khr_pci_bus_info cl_khr_external_semaphore cl_khr_external_memory cl_khr_external_semaphore_win32 cl_khr_external_memory_win32)
2024-06-06 18:54:34-0400: Loaded tuning parameters from: C:\Users\chang\Downloads\katago-v1.14.1-opencl-windows-x64/KataGoData/opencltuning/tune11_gpuNVIDIAGeForceRTX4060LaptopGPU_x19_y19_c320_mv10.txt
2024-06-06 18:54:34-0400: OpenCL backend thread 0: Model version 10
2024-06-06 18:54:34-0400: OpenCL backend thread 0: Model name: kata1-b60c320-s9482697216-d3873382264
2024-06-06 18:54:44-0400: OpenCL backend thread 0: FP16Storage true FP16Compute false FP16TensorCores true FP16TensorCoresFor1x1 false
2024-06-06 18:54:44-0400: Loaded neural net with nnXLen 9 nnYLen 9
2024-06-06 18:54:44-0400: Initializing board with boardXSize 9 boardYSize 9
2024-06-06 18:54:44-0400: = 
2024-06-06 18:54:44-0400: Controller: clear_board
2024-06-06 18:54:44-0400: = 
2024-06-06 18:54:44-0400: Controller: komi 7.5
2024-06-06 18:54:44-0400: = 
2024-06-06 18:54:44-0400: Controller: genmove black
2024-06-06 18:54:45-0400: MoveNum: 0 HASH: 9F0B2D702FC8448C75410E097F089AEB
   A B C D E F G H J
 9 . . . . . . . . .
 8 . . . . . . . . .
 7 . . . . . . . . .
 6 . . . . . . . . .
 5 . . . . . @ . . .
 4 . . . . . . . . .
 3 . . . . . . . . .
 2 . . . . . . . . .
 1 . . . . . . . . .

koPOSITIONALscoreAREAtaxNONEsui1komi7.5
Time taken: 0.938
Root visits: 17
New playouts: 17
NN rows: 17
NN batches: 3
NN avg batch size: 5.66667
PV: E5
Tree:
: T -101.09c W -95.13c S  -6.23c ( -4.2 L  -4.0) N      17  --  E5
---Black(^)---
E5  : T -91.31c W -90.68c S  -0.63c ( -1.6 L  -1.0) LCB -441.31c P 16.34% WF   2.2 PSV       3 N       1  --  E5
F5  : T -91.91c W -91.51c S  -0.40c ( -1.5 L  -1.0) LCB -441.91c P 16.30% WF   2.3 PSV       3 N       1  --  F5
G5  : T -92.29c W -92.05c S  -0.25c ( -1.5 L  -1.0) LCB -442.29c P  2.76% WF   2.3 PSV       0 N       1  --  G5
F6  : T -91.94c W -92.19c S   0.26c ( -1.3 L  -0.8) LCB -441.94c P  0.95% WF   2.4 PSV       0 N       1  --  F6
G6  : T -94.63c W -94.14c S  -0.48c ( -1.6 L  -1.2) LCB -444.63c P  0.56% WF   2.2 PSV       0 N       1  --  G6
G7  : T -97.72c W -94.94c S  -2.78c ( -2.5 L  -2.2) LCB -447.72c P  0.17% WF   1.7 PSV       0 N       1  --  G7
H5  : T -99.63c W -95.66c S  -3.96c ( -3.0 L  -2.9) LCB -449.63c P  0.03% WF   1.3 PSV       0 N       1  --  H5
H6  : T -103.43c W -97.51c S  -5.92c ( -3.8 L  -3.9) LCB -453.43c P  0.02% WF   1.3 PSV       0 N       1  --  H6
H7  : T -105.43c W -98.28c S  -7.15c ( -4.3 L  -4.5) LCB -455.43c P  0.01% WF   1.1 PSV       0 N       1  --  H7
H8  : T -110.74c W -99.27c S -11.48c ( -6.1 L  -6.6) LCB -460.74c P  0.01% WF   1.1 PSV       0 N       1  --  H8

2024-06-06 18:54:45-0400: = F5
2024-06-06 19:04:45-0400: Controller: quit
2024-06-06 19:04:45-0400: Quit requested by controller
2024-06-06 19:04:45-0400: = 
2024-06-06 19:04:45-0400: GPU -1 finishing, processed 106987 rows 8199 batches
2024-06-06 19:04:45-0400: All cleaned up, quitting
