2024-06-10 17:58:34-0400: Running with following config:
allowResignation = true
lagBuffer = 1.0
logAllGTPCommunication = true
logDir = gtp_logs
logSearchInfo = true
logSearchInfoForChosenMove = false
logToStderr = false
maxTime = 1.0
maxTimePondering = 120.0
numSearchThreads = 32
ogsChatToStderr = true
ponderingEnabled = true
resignConsecTurns = 3
resignThreshold = -0.90
rules = tromp-taylor
searchFactorAfterOnePass = 0.50
searchFactorAfterTwoPass = 0.25
searchFactorWhenWinning = 0.40
searchFactorWhenWinningThreshold = 0.95

2024-06-10 17:58:34-0400: GTP Engine starting...
2024-06-10 17:58:34-0400: KataGo v1.14.1
2024-06-10 17:58:34-0400: Using TrompTaylor rules initially, unless GTP/GUI overrides this
2024-06-10 17:58:34-0400: Using 32 CPU thread(s) for search
2024-06-10 17:58:34-0400: nnRandSeed0 = 2985091942176204379
2024-06-10 17:58:34-0400: After dedups: nnModelFile0 = C:/Users/chang/Downloads/kata1-b18c384nbt-s9937771520-d4300882049.bin.gz useFP16 auto useNHWC auto
2024-06-10 17:58:34-0400: Initializing neural net buffer to be size 19 * 19 exactly
2024-06-10 17:58:38-0400: Found OpenCL Platform 0: NVIDIA CUDA (NVIDIA Corporation) (OpenCL 3.0 CUDA 12.5.51)
2024-06-10 17:58:38-0400: Found 1 device(s) on platform 0 with type CPU or GPU or Accelerator
2024-06-10 17:58:38-0400: Found OpenCL Platform 1: Intel(R) OpenCL Graphics (Intel(R) Corporation) (OpenCL 3.0 )
2024-06-10 17:58:38-0400: Found 1 device(s) on platform 1 with type CPU or GPU or Accelerator
2024-06-10 17:58:38-0400: Found OpenCL Device 0: NVIDIA GeForce RTX 4060 Laptop GPU (NVIDIA Corporation) (score 11000300)
2024-06-10 17:58:38-0400: Found OpenCL Device 1: Intel(R) UHD Graphics (Intel(R) Corporation) (score 6000300)
2024-06-10 17:58:38-0400: Creating context for OpenCL Platform: NVIDIA CUDA (NVIDIA Corporation) (OpenCL 3.0 CUDA 12.5.51)
2024-06-10 17:58:38-0400: Using OpenCL Device 0: NVIDIA GeForce RTX 4060 Laptop GPU (NVIDIA Corporation) OpenCL 3.0 CUDA (Extensions: cl_khr_global_int32_base_atomics cl_khr_global_int32_extended_atomics cl_khr_local_int32_base_atomics cl_khr_local_int32_extended_atomics cl_khr_fp64 cl_khr_3d_image_writes cl_khr_byte_addressable_store cl_khr_icd cl_khr_gl_sharing cl_nv_compiler_options cl_nv_device_attribute_query cl_nv_pragma_unroll cl_nv_d3d10_sharing cl_khr_d3d10_sharing cl_nv_d3d11_sharing cl_nv_copy_opts cl_nv_create_buffer cl_khr_int64_base_atomics cl_khr_int64_extended_atomics cl_khr_device_uuid cl_khr_pci_bus_info cl_khr_external_semaphore cl_khr_external_memory cl_khr_external_semaphore_win32 cl_khr_external_memory_win32)
2024-06-10 17:58:38-0400: Loaded tuning parameters from: C:\Users\chang\Downloads\katago-v1.14.1-opencl-windows-x64/KataGoData/opencltuning/tune11_gpuNVIDIAGeForceRTX4060LaptopGPU_x19_y19_c384_mv14.txt
2024-06-10 17:58:38-0400: OpenCL backend thread 0: Model version 14
2024-06-10 17:58:38-0400: OpenCL backend thread 0: Model name: kata1-b18c384nbt-s9937771520-d4300882049
2024-06-10 17:58:40-0400: OpenCL backend thread 0: FP16Storage true FP16Compute false FP16TensorCores true FP16TensorCoresFor1x1 false
2024-06-10 17:58:40-0400: Loaded neural net with nnXLen 19 nnYLen 19
2024-06-10 17:58:40-0400: Initializing board with boardXSize 19 boardYSize 19
2024-06-10 17:58:40-0400: Loaded config C:\Users\chang\Downloads\katago-v1.14.1-cuda12.1-cudnn8.9.7-windows-x64/default_gtp.cfg
2024-06-10 17:58:40-0400: Loaded model C:/Users/chang/Downloads/kata1-b18c384nbt-s9937771520-d4300882049.bin.gz
2024-06-10 17:58:40-0400: Model name: kata1-b18c384nbt-s9937771520-d4300882049
2024-06-10 17:58:40-0400: GTP ready, beginning main protocol loop
2024-06-10 17:58:40-0400: Controller: list_commands
2024-06-10 17:58:40-0400: = protocol_version
name
version
known_command
list_commands
quit
boardsize
rectangular_boardsize
clear_board
set_position
komi
get_komi
play
undo
kata-get-rules
kata-set-rule
kata-set-rules
kata-get-param
kata-set-param
kata-list-params
kgs-rules
genmove
genmove_debug
search_debug
clear_cache
showboard
fixed_handicap
place_free_handicap
set_free_handicap
time_settings
kgs-time_settings
time_left
kata-list_time_settings
kata-time_settings
final_score
final_status_list
loadsgf
printsgf
lz-genmove_analyze
kata-genmove_analyze
lz-analyze
kata-analyze
kata-raw-nn
cputime
gomill-cpu_time
kata-benchmark
kata-debug-print-tc
debug_moves
stop
2024-06-10 17:58:40-0400: Controller: boardsize 9
2024-06-10 17:58:40-0400: GPU -1 finishing, processed 0 rows 0 batches
2024-06-10 17:58:40-0400: Cleaned up old neural net and bot
2024-06-10 17:58:40-0400: nnRandSeed0 = 17833385394650384891
2024-06-10 17:58:40-0400: After dedups: nnModelFile0 = C:/Users/chang/Downloads/kata1-b18c384nbt-s9937771520-d4300882049.bin.gz useFP16 auto useNHWC auto
2024-06-10 17:58:40-0400: Initializing neural net buffer to be size 9 * 9 exactly
2024-06-10 17:58:42-0400: Found OpenCL Platform 0: NVIDIA CUDA (NVIDIA Corporation) (OpenCL 3.0 CUDA 12.5.51)
2024-06-10 17:58:42-0400: Found 1 device(s) on platform 0 with type CPU or GPU or Accelerator
2024-06-10 17:58:42-0400: Found OpenCL Platform 1: Intel(R) OpenCL Graphics (Intel(R) Corporation) (OpenCL 3.0 )
2024-06-10 17:58:42-0400: Found 1 device(s) on platform 1 with type CPU or GPU or Accelerator
2024-06-10 17:58:42-0400: Found OpenCL Device 0: NVIDIA GeForce RTX 4060 Laptop GPU (NVIDIA Corporation) (score 11000300)
2024-06-10 17:58:42-0400: Found OpenCL Device 1: Intel(R) UHD Graphics (Intel(R) Corporation) (score 6000300)
2024-06-10 17:58:42-0400: Creating context for OpenCL Platform: NVIDIA CUDA (NVIDIA Corporation) (OpenCL 3.0 CUDA 12.5.51)
2024-06-10 17:58:42-0400: Using OpenCL Device 0: NVIDIA GeForce RTX 4060 Laptop GPU (NVIDIA Corporation) OpenCL 3.0 CUDA (Extensions: cl_khr_global_int32_base_atomics cl_khr_global_int32_extended_atomics cl_khr_local_int32_base_atomics cl_khr_local_int32_extended_atomics cl_khr_fp64 cl_khr_3d_image_writes cl_khr_byte_addressable_store cl_khr_icd cl_khr_gl_sharing cl_nv_compiler_options cl_nv_device_attribute_query cl_nv_pragma_unroll cl_nv_d3d10_sharing cl_khr_d3d10_sharing cl_nv_d3d11_sharing cl_nv_copy_opts cl_nv_create_buffer cl_khr_int64_base_atomics cl_khr_int64_extended_atomics cl_khr_device_uuid cl_khr_pci_bus_info cl_khr_external_semaphore cl_khr_external_memory cl_khr_external_semaphore_win32 cl_khr_external_memory_win32)
2024-06-10 17:58:42-0400: Loaded tuning parameters from: C:\Users\chang\Downloads\katago-v1.14.1-opencl-windows-x64/KataGoData/opencltuning/tune11_gpuNVIDIAGeForceRTX4060LaptopGPU_x19_y19_c384_mv14.txt
2024-06-10 17:58:43-0400: OpenCL backend thread 0: Model version 14
2024-06-10 17:58:43-0400: OpenCL backend thread 0: Model name: kata1-b18c384nbt-s9937771520-d4300882049
2024-06-10 17:58:45-0400: OpenCL backend thread 0: FP16Storage true FP16Compute false FP16TensorCores true FP16TensorCoresFor1x1 false
2024-06-10 17:58:45-0400: Loaded neural net with nnXLen 9 nnYLen 9
2024-06-10 17:58:45-0400: Initializing board with boardXSize 9 boardYSize 9
2024-06-10 17:58:45-0400: = 
2024-06-10 17:58:45-0400: Controller: clear_board
2024-06-10 17:58:45-0400: = 
2024-06-10 17:58:45-0400: Controller: komi 5.5
2024-06-10 17:58:45-0400: = 
2024-06-10 17:58:45-0400: Controller: set_free_handicap d6 f4
2024-06-10 17:58:45-0400: = 
2024-06-10 17:58:45-0400: Controller: genmove white
2024-06-10 17:58:46-0400: MoveNum: 0 HASH: 56A1F937B1FEE8252EAA39C538A13476
   A B C D E F G H J
 9 . . . . . . . . .
 8 . . . . . . . . .
 7 . . . . . . . . .
 6 . . . X . . . . .
 5 . . . . @ . . . .
 4 . . . . . X . . .
 3 . . . . . . . . .
 2 . . . . . . . . .
 1 . . . . . . . . .

koPOSITIONALscoreAREAtaxNONEsui1komi5.5
Time taken: 1
Root visits: 1540
New playouts: 1540
NN rows: 1210
NN batches: 48
NN avg batch size: 25.2083
PlayoutDoublingAdvantage: 2
PV: E5 D4 E4 E3 D5 C5 F5 C3 F3 G4 C6 C7
Tree:
: T -105.09c W -99.61c S  -5.48c (-11.4 L -11.0) N    1540  --  E5 D4 E4 E3 D5 C5 F5
---White(^)---
E5  : T -104.59c W -99.59c S  -4.99c (-11.2 L -10.8) LCB -105.17c P 32.76% WF 5300.6 PSV    5285 N    1471  --  E5 D4 E4 E3 D5 C5 F5 C3
C3  : T -109.83c W -99.77c S -10.35c (-13.5 L -13.0) LCB -112.40c P 11.31% WF  86.6 PSV      85 N      18  --  C3 G7 E5 D4
C4  : T -109.54c W -99.86c S -10.09c (-13.5 L -12.6) LCB -117.03c P  5.90% WF  45.9 PSV      47 N      10  --  C4 D3 C3
D4  : T -109.12c W -99.85c S  -9.80c (-13.3 L -12.5) LCB -128.84c P  1.07% WF  25.4 PSV       9 N       6  --  D4 F6 C6
C5  : T -113.30c W -99.95c S -13.38c (-15.1 L -13.8) LCB -188.75c P  0.86% WF  14.3 PSV       3 N       3  --  C5 C6
C7  : T -115.37c W -99.95c S -15.37c (-16.1 L -14.9) LCB -191.78c P  0.60% WF  14.8 PSV       2 N       3  --  C7 C6
C6  : T -113.35c W -99.95c S -13.39c (-15.0 L -14.1) LCB -188.43c P  0.43% WF  14.2 PSV       1 N       3  --  C6 C5
B5  : T -116.71c W -99.93c S -16.78c (-16.9 L -16.0) LCB -266.10c P  0.38% WF  10.6 PSV       1 N       2  --  B5 C4
B4  : T -115.41c W -99.93c S -15.49c (-16.2 L -15.3) LCB -264.97c P  0.36% WF  10.6 PSV       1 N       2  --  B4 C3
B6  : T -116.07c W -99.94c S -16.13c (-16.5 L -15.7) LCB -265.29c P  0.35% WF  10.8 PSV       1 N       2  --  B6 C4

2024-06-10 17:58:46-0400: = E5
2024-06-10 17:58:48-0400: Controller: kata-list_time_settings
2024-06-10 17:58:48-0400: = none absolute byoyomi canadian fischer fischer-capped
2024-06-10 17:58:48-0400: Controller: play black f6
2024-06-10 17:58:48-0400: = 
2024-06-10 17:58:48-0400: Controller: genmove white
2024-06-10 17:58:49-0400: MoveNum: 2 HASH: 7FB5A8F109EB27F2535B6925467AE842
   A B C D E F G H J
 9 . . . . . . . . .
 8 . . . . . . . . .
 7 . . . . . . . . .
 6 . . . X @ X2. . .
 5 . . . . O1. . . .
 4 . . . . . X . . .
 3 . . . . . . . . .
 2 . . . . . . . . .
 1 . . . . . . . . .

koPOSITIONALscoreAREAtaxNONEsui1komi5.5
Time taken: 1.046
Root visits: 4207
New playouts: 1706
NN rows: 1360
NN batches: 55
NN avg batch size: 24.7273
PlayoutDoublingAdvantage: 2
PV: E6 E7 F5 G5 F7 G6 D7 E8 D5 C6 C5 B5 G4 B6 F3 H4 E4 H3 B4 D8 G2 H2
Tree:
: T -107.92c W -99.27c S  -8.45c (-12.7 L -12.4) N    4207  --  E6 E7 F5 G5 F7 G6 D7
---White(^)---
E6  : T -107.87c W -99.26c S  -8.41c (-12.7 L -12.4) LCB -108.48c P 44.58% WF 11181.9 PSV   11179 N    4182  --  E6 E7 F5 G5 F7 G6 D7 E8
C4  : T -111.27c W -99.87c S -11.27c (-13.9 L -12.6) LCB -154.28c P  0.60% WF  17.6 PSV      13 N       4  --  C4 D5
D5  : T -111.03c W -99.81c S -10.99c (-13.7 L -12.5) LCB -185.64c P  0.52% WF  12.0 PSV      12 N       3  --  D5 E6
C3  : T -113.76c W -99.88c S -13.01c (-14.6 L -13.5) LCB -262.74c P  0.45% WF  10.1 PSV       5 N       2  --  C3 D4
C7  : T -113.19c W -99.84c S -13.35c (-14.5 L -14.4) LCB -463.19c P  0.37% WF   5.4 PSV       5 N       1  --  C7
C5  : T -112.10c W -99.71c S -12.40c (-14.1 L -13.9) LCB -462.10c P  0.29% WF   5.0 PSV       5 N       1  --  C5
D4  : T -116.36c W -99.61c S -16.75c (-16.2 L -16.1) LCB -466.36c P  0.51% WF   5.5 PSV       4 N       1  --  D4
G7  : T -112.59c W -99.85c S -12.74c (-14.2 L -14.4) LCB -462.59c P  0.30% WF   5.5 PSV       4 N       1  --  G7
C6  : T -112.98c W -99.68c S -13.31c (-14.5 L -14.4) LCB -462.98c P  0.29% WF   5.1 PSV       4 N       1  --  C6
B5  : T -113.76c W -99.88c S -13.88c (-14.9 L -14.9) LCB -463.76c P  0.29% WF   5.4 PSV       3 N       1  --  B5

2024-06-10 17:58:49-0400: = E6
2024-06-10 17:58:51-0400: Controller: kata-list_time_settings
2024-06-10 17:58:51-0400: = none absolute byoyomi canadian fischer fischer-capped
2024-06-10 17:58:51-0400: Controller: play black e7
2024-06-10 17:58:51-0400: = 
2024-06-10 17:58:51-0400: Controller: genmove white
2024-06-10 17:58:52-0400: MoveNum: 4 HASH: 38625F43EE8F7377743B4250EA87CEB5
   A B C D E F G H J
 9 . . . . . . . . .
 8 . . . . . . . . .
 7 . . . . X3. . . .
 6 . . . X O2X1. . .
 5 . . . . O @ . . .
 4 . . . . . X . . .
 3 . . . . . . . . .
 2 . . . . . . . . .
 1 . . . . . . . . .

koPOSITIONALscoreAREAtaxNONEsui1komi5.5
Time taken: 1.031
Root visits: 10730
New playouts: 2527
NN rows: 1389
NN batches: 58
NN avg batch size: 23.9483
PlayoutDoublingAdvantage: 2
PV: F5 G5 D5 C5 D7 D4 C6 E4 D6 G6 C4 C3 B5 B3 F7 G8 G7 H7
Tree:
: T -107.48c W -99.13c S  -8.23c (-13.2 L -13.0) N   10730  --  F5 G5 D5 C5 D7 D4 C6
---White(^)---
F5  : T -107.25c W -99.11c S  -8.04c (-13.1 L -12.9) LCB -107.65c P 57.12% WF 27012.6 PSV   26946 N   10479  --  F5 G5 D5 C5 D7 D4 C6 E4
D7  : T -111.63c W -99.64c S -11.67c (-14.8 L -14.4) LCB -114.24c P 14.46% WF 452.1 PSV     472 N     131  --  D7 F5 C6 D5 E4 C7 D8 F7
D5  : T -116.10c W -99.74c S -15.98c (-17.1 L -16.6) LCB -119.24c P 20.30% WF 323.0 PSV     340 N      81  --  D5 F5 C6 D7 E3 C5 C4 B5
F7  : T -114.53c W -99.67c S -14.23c (-16.1 L -15.9) LCB -123.89c P  1.83% WF  36.7 PSV      37 N       9  --  F7 F5 D7 E8 D5 C6 D3
E4  : T -110.74c W -99.73c S -10.65c (-14.1 L -13.3) LCB -125.01c P  0.40% WF  21.5 PSV      16 N       6  --  E4 F5 E3 F3
D4  : T -116.76c W -99.75c S -16.69c (-17.2 L -16.3) LCB -265.92c P  0.57% WF   8.6 PSV       8 N       2  --  D4 F5
D3  : T -117.44c W -99.84c S -17.40c (-17.4 L -16.3) LCB -266.90c P  0.53% WF   9.7 PSV       7 N       2  --  D3 F5
C4  : T -117.19c W -99.87c S -17.13c (-17.3 L -16.1) LCB -266.55c P  0.41% WF   9.6 PSV       6 N       2  --  C4 F5
C7  : T -118.76c W -99.84c S -18.02c (-17.8 L -16.8) LCB -267.99c P  0.40% WF   9.9 PSV       5 N       2  --  C7 D7
C5  : T -116.38c W -99.68c S -16.70c (-16.9 L -16.7) LCB -466.38c P  0.34% WF   5.0 PSV       5 N       1  --  C5

2024-06-10 17:58:52-0400: = F5
2024-06-10 17:58:54-0400: Controller: kata-list_time_settings
2024-06-10 17:58:54-0400: = none absolute byoyomi canadian fischer fischer-capped
2024-06-10 17:58:54-0400: Controller: play black g5
2024-06-10 17:58:54-0400: = 
2024-06-10 17:58:54-0400: Controller: genmove white
2024-06-10 17:58:55-0400: MoveNum: 6 HASH: A05F3F54AAC1DFF9B6E412218D757D2C
   A B C D E F G H J
 9 . . . . . . . . .
 8 . . . . . . . . .
 7 . . . . X1. . . .
 6 . . . X O X . . .
 5 . . . @ O O2X3. .
 4 . . . . . X . . .
 3 . . . . . . . . .
 2 . . . . . . . . .
 1 . . . . . . . . .

koPOSITIONALscoreAREAtaxNONEsui1komi5.5
Time taken: 1.032
Root visits: 10994
New playouts: 2133
NN rows: 1358
NN batches: 57
NN avg batch size: 23.8246
PlayoutDoublingAdvantage: 2
PV: D5 C5 D7 D4 C6 E4 D6 G7 E8 F7 G4 G3 C4 C3 H4 H5 B5 B3 H3 G2 H7 H8 H6 G6 G8
Tree:
: T -108.18c W -99.17c S  -8.78c (-13.6 L -13.4) N   10994  --  D5 C5 D7 D4 C6 E4 D6
---White(^)---
D5  : T -108.16c W -99.12c S  -8.82c (-13.6 L -13.4) LCB -108.59c P 32.40% WF 20564.0 PSV   20568 N    7982  --  D5 C5 D7 D4 C6 E4 D6 G7
F7  : T -108.07c W -99.27c S  -8.50c (-13.5 L -13.3) LCB -108.87c P  9.98% WF 7928.5 PSV    7918 N    2982  --  F7 G6 D7 E8 D5 C6 C5 B5
D4  : T -111.18c W -99.63c S -11.45c (-14.8 L -14.4) LCB -116.31c P  1.25% WF  65.8 PSV      59 N      18  --  D4 G7 D7 C7 G4
D7  : T -130.37c W -99.93c S -30.41c (-32.4 L -32.2) LCB -204.69c P  1.63% WF  18.2 PSV      11 N       3  --  D7 D5 C7
C4  : T -117.65c W -99.71c S -17.95c (-18.1 L -17.9) LCB -467.65c P  0.23% WF   4.8 PSV       3 N       1  --  C4
C3  : T -118.50c W -99.79c S -18.72c (-18.4 L -18.1) LCB -468.50c P  0.16% WF   5.1 PSV       2 N       1  --  C3
C5  : T -115.19c W -99.69c S -15.51c (-16.5 L -16.5) LCB -465.19c P  0.10% WF   4.4 PSV       2 N       1  --  C5
C6  : T -126.13c W -99.85c S -26.28c (-25.5 L -26.3) LCB -476.13c P  0.10% WF   5.5 PSV       0 N       1  --  C6
E8  : T -127.88c W -99.71c S -28.18c (-28.5 L -29.1) LCB -477.88c P  0.04% WF   6.5 PSV       0 N       1  --  E8
D8  : T -129.27c W -99.83c S -29.43c (-30.7 L -31.3) LCB -479.27c P  0.03% WF   6.5 PSV       0 N       1  --  D8

2024-06-10 17:58:55-0400: = D5
2024-06-10 17:58:57-0400: Controller: kata-list_time_settings
2024-06-10 17:58:57-0400: = none absolute byoyomi canadian fischer fischer-capped
2024-06-10 17:58:57-0400: Controller: play black g6
2024-06-10 17:58:57-0400: = 
2024-06-10 17:58:57-0400: Controller: genmove white
2024-06-10 17:58:58-0400: MoveNum: 8 HASH: 9003A9678D66F804CDB5FBF3977E7198
   A B C D E F G H J
 9 . . . . . . . . .
 8 . . . . . . . . .
 7 . . . @ X . . . .
 6 . . . X O X X3. .
 5 . . . O2O O X1. .
 4 . . . . . X . . .
 3 . . . . . . . . .
 2 . . . . . . . . .
 1 . . . . . . . . .

koPOSITIONALscoreAREAtaxNONEsui1komi5.5
Time taken: 1.031
Root visits: 3428
New playouts: 2515
NN rows: 1385
NN batches: 56
NN avg batch size: 24.7321
PlayoutDoublingAdvantage: 2
PV: D7 C6 C5 B5 G4 B6 F3 E8 F7 H4 E4 H3 B4 D8 G2 A4 A3 C4
Tree:
: T -106.26c W -99.17c S  -6.92c (-12.0 L -11.8) N    3428  --  D7 C6 C5 B5 G4 B6 F3
---White(^)---
D7  : T -105.91c W -99.14c S  -6.62c (-11.9 L -11.7) LCB -106.53c P 53.33% WF 8038.1 PSV    8015 N    3258  --  D7 C6 C5 B5 G4 B6 F3 E8
G4  : T -109.34c W -99.60c S  -9.45c (-13.2 L -12.8) LCB -112.47c P 16.27% WF 274.5 PSV     280 N      90  --  G4 C5 F3 C4 D3 H4 D7 C6
C5  : T -112.27c W -99.62c S -12.48c (-14.4 L -14.2) LCB -115.77c P  6.64% WF  63.9 PSV      65 N      17  --  C5 C7 F7 G7
F7  : T -111.15c W -99.54c S -11.57c (-14.1 L -13.9) LCB -116.66c P  5.13% WF  59.7 PSV      60 N      17  --  F7 D7 C5 F3 B7 D3 G7
C6  : T -116.08c W -99.83c S -15.78c (-15.9 L -15.3) LCB -120.66c P  8.80% WF  52.4 PSV      55 N      13  --  C6 D7 E3 F3
F3  : T -110.31c W -99.70c S -10.23c (-13.6 L -13.1) LCB -117.75c P  3.55% WF  59.5 PSV      48 N      18  --  F3 C5 G4 C4 D3 H4 D7 C6
D3  : T -112.88c W -99.85c S -12.51c (-14.5 L -13.5) LCB -156.45c P  1.54% WF  14.8 PSV      13 N       4  --  D3 C6
E3  : T -116.25c W -99.78c S -15.49c (-16.2 L -15.5) LCB -265.41c P  1.22% WF   8.4 PSV       7 N       2  --  E3 C6
G3  : T -115.06c W -99.72c S -14.25c (-15.5 L -14.8) LCB -264.31c P  0.47% WF   7.8 PSV       3 N       2  --  G3 C5
C7  : T -118.06c W -99.64c S -18.42c (-17.5 L -17.7) LCB -468.06c P  0.41% WF   4.8 PSV       2 N       1  --  C7

2024-06-10 17:58:58-0400: = D7
2024-06-10 17:59:00-0400: Controller: kata-list_time_settings
2024-06-10 17:59:00-0400: = none absolute byoyomi canadian fischer fischer-capped
2024-06-10 17:59:00-0400: Controller: play black c4
2024-06-10 17:59:00-0400: = 
2024-06-10 17:59:00-0400: Controller: genmove white
2024-06-10 17:59:01-0400: MoveNum: 10 HASH: 0C0FF9F2ED38D35EBE5B55114F1BBDB5
   A B C D E F G H J
 9 . . . . . . . . .
 8 . . . . . . . . .
 7 . . . O2X . . . .
 6 . . @ X O X X1. .
 5 . . . O O O X . .
 4 . . X3. . X . . .
 3 . . . . . . . . .
 2 . . . . . . . . .
 1 . . . . . . . . .

koPOSITIONALscoreAREAtaxNONEsui1komi5.5
Time taken: 1.016
Root visits: 1657
New playouts: 1653
NN rows: 1387
NN batches: 55
NN avg batch size: 25.2182
PlayoutDoublingAdvantage: 2
PV: C6 D3 F7 E8 G8 G7 F8 H8 D8 G9 E3 F3 E4
Tree:
: T -104.22c W -98.87c S  -5.50c ( -7.8 L  -7.4) N    1657  --  C6 D3 F7 E8 G8 G7 F8
---White(^)---
C6  : T -103.57c W -98.84c S  -4.92c ( -7.5 L  -7.2) LCB -104.54c P 27.91% WF 3082.3 PSV    3063 N    1356  --  C6 D3 F7 E8 G8 G7 F8 H8
F7  : T -105.97c W -98.86c S  -6.85c ( -8.5 L  -8.1) LCB -108.54c P 20.72% WF 304.2 PSV     277 N     141  --  F7 E8 C6 D4 E4 E3 F3 G4
E8  : T -106.62c W -99.03c S  -7.59c ( -8.9 L  -8.7) LCB -109.78c P 15.47% WF 182.7 PSV     167 N      78  --  E8 F7 C6 D3 G4 F3 G3 G2
C5  : T -109.91c W -99.44c S -10.34c (-10.2 L  -9.7) LCB -112.66c P 18.79% WF 104.8 PSV     103 N      37  --  C5 D8 C6 D3 E3 E4
G4  : T -106.40c W -98.93c S  -7.30c ( -8.9 L  -8.8) LCB -110.24c P  4.47% WF  56.7 PSV      51 N      24  --  G4 C5 F7 E8 C6
D3  : T -110.42c W -99.13c S -10.55c (-10.5 L -10.4) LCB -118.68c P  5.77% WF  29.1 PSV      29 N      12  --  D3 D4 E4 E3 C6 C5 D6 F3
E4  : T -110.75c W -99.57c S -10.38c (-10.4 L  -9.8) LCB -184.79c P  1.84% WF   8.4 PSV       9 N       3  --  E4 F3
E3  : T -110.74c W -99.45c S -10.82c (-10.6 L -10.0) LCB -190.57c P  1.48% WF   8.2 PSV       7 N       3  --  E3 C6
F3  : T -109.63c W -99.32c S -10.31c ( -9.7 L  -9.9) LCB -459.63c P  0.71% WF   3.4 PSV       4 N       1  --  F3
D4  : T -108.91c W -99.42c S  -9.49c ( -9.4 L  -9.7) LCB -458.91c P  0.45% WF   3.4 PSV       2 N       1  --  D4

2024-06-10 17:59:01-0400: = C6
2024-06-10 17:59:04-0400: Controller: kata-list_time_settings
2024-06-10 17:59:04-0400: = none absolute byoyomi canadian fischer fischer-capped
2024-06-10 17:59:04-0400: Controller: play black d3
2024-06-10 17:59:04-0400: = 
2024-06-10 17:59:04-0400: Controller: genmove white
2024-06-10 17:59:05-0400: MoveNum: 12 HASH: 982195F93F5BE98CE09B083B6A13E7BA
   A B C D E F G H J
 9 . . . . . . . . .
 8 . . . . . . . . .
 7 . . . O X @ . . .
 6 . . O2. O X X . .
 5 . . . O O O X . .
 4 . . X1. . X . . .
 3 . . . X3. . . . .
 2 . . . . . . . . .
 1 . . . . . . . . .

koPOSITIONALscoreAREAtaxNONEsui1komi5.5
Time taken: 1.015
Root visits: 6454
New playouts: 2327
NN rows: 1375
NN batches: 56
NN avg batch size: 24.5536
PlayoutDoublingAdvantage: 2
PV: F7 G8 F3 G4 B3 B4 E3 E4 D2 C2 E2 E8 D8 C5 H3 D4 D6 F8 B8 G3 G2
Tree:
: T -106.22c W -99.16c S  -6.88c ( -8.4 L  -8.3) N    6454  --  F7 G8 F3 G4 B3 B4 E3
---White(^)---
F7  : T -105.99c W -99.15c S  -6.66c ( -8.3 L  -8.2) LCB -106.39c P 56.63% WF 14924.0 PSV   14888 N    6188  --  F7 G8 F3 G4 B3 B4 E3 E4
G4  : T -112.11c W -99.47c S -12.18c (-10.8 L -10.5) LCB -114.19c P 28.12% WF 383.3 PSV     404 N     134  --  G4 F3 G3 F2 F7 G8 G7 H7
E8  : T -107.66c W -99.40c S  -8.20c ( -9.1 L  -8.9) LCB -109.39c P  5.46% WF 241.9 PSV     246 N      87  --  E8 F7 G4 F3 G3 G2 F8
E3  : T -110.66c W -99.47c S -12.31c (-11.2 L -10.8) LCB -116.02c P  2.96% WF  53.4 PSV      54 N      19  --  E3 E4 D4 C5 D6 C3 G4 F3
G3  : T -109.48c W -99.41c S -10.03c (-10.1 L  -9.7) LCB -139.09c P  0.56% WF  15.6 PSV      13 N       5  --  G3 G4 F7
F3  : T -110.35c W -99.56c S -10.85c (-10.4 L  -9.9) LCB -154.27c P  0.64% WF  13.5 PSV      12 N       4  --  F3 G4 F7
E4  : T -116.21c W -99.50c S -14.94c (-12.1 L -11.6) LCB -265.30c P  0.78% WF   7.0 PSV       6 N       2  --  E4 E3
D4  : T -113.13c W -99.56c S -12.50c (-10.8 L -10.3) LCB -262.86c P  0.54% WF   6.8 PSV       6 N       2  --  D4 C3
D2  : T -112.38c W -99.37c S -12.66c (-11.6 L -11.2) LCB -269.55c P  0.48% WF   6.3 PSV       6 N       2  --  D2 E8
F8  : T -112.11c W -99.54c S -11.46c (-10.5 L -10.0) LCB -261.14c P  0.46% WF   7.0 PSV       6 N       2  --  F8 G8

2024-06-10 17:59:05-0400: = F7
2024-06-10 17:59:07-0400: Controller: kata-list_time_settings
2024-06-10 17:59:07-0400: = none absolute byoyomi canadian fischer fischer-capped
2024-06-10 17:59:07-0400: Controller: play black g4
2024-06-10 17:59:07-0400: = 
2024-06-10 17:59:07-0400: Controller: genmove white
2024-06-10 17:59:08-0400: MoveNum: 14 HASH: 4F11D2499416E869B9BBBB673BA871F2
   A B C D E F G H J
 9 . . . . . . . . .
 8 . . . . . . . . .
 7 . . . O X O2@ . .
 6 . . O . O X X . .
 5 . . . O O O X . .
 4 . . X . . X X3. .
 3 . . . X1. . . . .
 2 . . . . . . . . .
 1 . . . . . . . . .

koPOSITIONALscoreAREAtaxNONEsui1komi5.5
Time taken: 1.031
Root visits: 1789
New playouts: 1693
NN rows: 1413
NN batches: 57
NN avg batch size: 24.7895
PlayoutDoublingAdvantage: 2
PV: G7 B5 D4 E3 H6 B7 B6 A6 B8 H5 C5
Tree:
: T -101.58c W -98.09c S  -4.08c ( -5.0 L  -4.9) N    1789  --  G7 B5 D4 E3 H6 B7 B6
---White(^)---
G7  : T -101.34c W -98.04c S  -3.90c ( -4.9 L  -4.8) LCB -102.44c P 75.99% WF 3475.5 PSV    3471 N    1744  --  G7 B5 D4 E3 H6 B7 B6 A6
D2  : T -106.06c W -99.34c S  -7.40c ( -6.4 L  -5.9) LCB -109.31c P 10.04% WF  69.4 PSV      71 N      26  --  D2 E8 F8 C5 B6
E2  : T -113.40c W -99.34c S -13.19c ( -9.3 L  -8.7) LCB -187.41c P  2.75% WF   9.8 PSV       8 N       3  --  E2 E8
D4  : T -108.08c W -99.38c S  -8.83c ( -6.8 L  -6.6) LCB -257.37c P  1.18% WF   5.7 PSV       6 N       2  --  D4 C3
E4  : T -107.94c W -99.48c S  -8.59c ( -6.7 L  -6.8) LCB -182.51c P  1.04% WF   8.5 PSV       5 N       3  --  E4 E3 G7
E3  : T -109.89c W -99.54c S  -9.62c ( -7.3 L  -7.2) LCB -258.87c P  0.95% WF   5.4 PSV       4 N       2  --  E3 E4
B4  : T -111.43c W -99.17c S -12.26c ( -8.2 L  -8.8) LCB -461.43c P  1.09% WF   3.5 PSV       3 N       1  --  B4
B5  : T -111.54c W -99.56c S -11.98c ( -8.0 L  -8.6) LCB -461.54c P  0.89% WF   3.6 PSV       3 N       1  --  B5
F2  : T -108.83c W -98.66c S -10.17c ( -7.6 L  -8.2) LCB -458.83c P  0.82% WF   3.5 PSV       3 N       1  --  F2
C2  : T -110.54c W -98.95c S -11.59c ( -8.2 L  -8.8) LCB -460.54c P  0.78% WF   3.5 PSV       3 N       1  --  C2

2024-06-10 17:59:08-0400: = G7
2024-06-10 17:59:10-0400: Controller: kata-list_time_settings
2024-06-10 17:59:10-0400: = none absolute byoyomi canadian fischer fischer-capped
2024-06-10 17:59:10-0400: Controller: play black h7
2024-06-10 17:59:10-0400: = 
2024-06-10 17:59:10-0400: Controller: genmove white
2024-06-10 17:59:12-0400: MoveNum: 16 HASH: 08B06B86A44D9E971B6B5E8DB6F3E5B8
   A B C D E F G H J
 9 . . . . . . . . .
 8 . . . . . . . @ .
 7 . . . O X O O2X3.
 6 . . O . O X X . .
 5 . . . O O O X . .
 4 . . X . . X X1. .
 3 . . . X . . . . .
 2 . . . . . . . . .
 1 . . . . . . . . .

koPOSITIONALscoreAREAtaxNONEsui1komi5.5
Time taken: 1.032
Root visits: 2839
New playouts: 1793
NN rows: 1360
NN batches: 56
NN avg batch size: 24.2857
PlayoutDoublingAdvantage: 2
PV: H8 G8 F8 E8 G9 B5 B6 A6 H3 E4 A7 A5 C5 B7 B4
Tree:
: T -101.14c W -98.24c S  -3.34c ( -4.2 L  -4.2) N    2839  --  H8 G8 F8 E8 G9 B5 B6
---White(^)---
H8  : T -101.07c W -98.24c S  -3.27c ( -4.2 L  -4.2) LCB -101.80c P 93.42% WF 5815.7 PSV    5814 N    2830  --  H8 G8 F8 E8 G9 B5 B6 A6
E4  : T -113.41c W -99.63c S -13.04c ( -8.4 L  -8.1) LCB -266.87c P  1.71% WF   6.3 PSV       6 N       2  --  E4 E8
E3  : T -113.49c W -99.61c S -13.14c ( -8.5 L  -8.2) LCB -264.12c P  1.50% WF   6.4 PSV       5 N       2  --  E3 E8
D4  : T -114.58c W -99.21c S -15.36c ( -9.7 L -10.8) LCB -464.58c P  0.55% WF   3.2 PSV       1 N       1  --  D4
C3  : T -116.84c W -99.45c S -17.40c (-10.7 L -11.3) LCB -466.84c P  0.48% WF   3.6 PSV       1 N       1  --  C3
D2  : T -121.12c W -99.18c S -21.94c (-14.6 L -15.7) LCB -471.12c P  0.43% WF   4.4 PSV       1 N       1  --  D2
E8  : T -115.95c W -99.49c S -16.46c ( -9.7 L -10.2) LCB -465.95c P  0.34% WF   4.2 PSV       1 N       1  --  E8

2024-06-10 17:59:12-0400: = H8
2024-06-10 17:59:14-0400: Controller: kata-list_time_settings
2024-06-10 17:59:14-0400: = none absolute byoyomi canadian fischer fischer-capped
2024-06-10 17:59:14-0400: Controller: play black h6
2024-06-10 17:59:14-0400: = 
2024-06-10 17:59:14-0400: Controller: genmove white
2024-06-10 17:59:15-0400: MoveNum: 18 HASH: 59EE086D921E6FA8486AE0F8D2B606F7
   A B C D E F G H J
 9 . . . . . . . . .
 8 . . . . . . . O2.
 7 . . . O X O O X1.
 6 . . O . O X X X3.
 5 . @ . O O O X . .
 4 . . X . . X X . .
 3 . . . X . . . . .
 2 . . . . . . . . .
 1 . . . . . . . . .

koPOSITIONALscoreAREAtaxNONEsui1komi5.5
Time taken: 1.031
Root visits: 3217
New playouts: 1920
NN rows: 1381
NN batches: 55
NN avg batch size: 25.1091
PlayoutDoublingAdvantage: 2
PV: B5 J8 E8 B4 A4 B2 H9 C5 D4 E4 B6
Tree:
: T -101.44c W -99.26c S  -2.59c ( -3.7 L  -3.9) N    3217  --  B5 J8 E8 B4 A4 B2 H9
---White(^)---
B5  : T -101.24c W -99.28c S  -2.38c ( -3.6 L  -3.9) LCB -101.76c P 69.18% WF 8272.6 PSV    8263 N    3074  --  B5 J8 E8 B4 A4 B2 H9 C5
D2  : T -103.04c W -98.00c S  -5.74c ( -5.1 L  -4.9) LCB -107.46c P  3.99% WF 105.7 PSV     101 N      56  --  D2 B4 E3 E4 F2 E8 D4
B4  : T -109.77c W -99.21c S -10.34c ( -6.9 L  -6.7) LCB -115.01c P 10.00% WF  62.6 PSV      64 N      27  --  B4 B5 B6 E8 F8
E4  : T -104.00c W -99.65c S  -4.37c ( -4.3 L  -4.5) LCB -107.42c P  2.27% WF  42.1 PSV      40 N      16  --  E4 E3 B5 E8 F8 F9 G8
D4  : T -106.18c W -99.64c S  -6.44c ( -5.1 L  -4.9) LCB -121.85c P  1.73% WF  17.9 PSV      18 N       7  --  D4 C3 B5 E8 F8
E2  : T -107.98c W -99.33c S  -8.90c ( -6.4 L  -6.1) LCB -123.24c P  2.08% WF  18.5 PSV      16 N       7  --  E2 B5 G2
C3  : T -107.47c W -99.55c S  -6.97c ( -5.4 L  -5.3) LCB -128.42c P  1.35% WF  13.7 PSV      11 N       6  --  C3 D4 B4 E8
F2  : T -109.41c W -99.11c S  -9.29c ( -6.6 L  -6.1) LCB -155.12c P  1.15% WF   9.5 PSV       7 N       4  --  F2 E4
J8  : T -108.26c W -99.67c S  -8.82c ( -6.3 L  -5.8) LCB -194.73c P  0.89% WF   6.9 PSV       6 N       3  --  J8 E8
G3  : T -109.03c W -99.30c S  -9.09c ( -6.2 L  -6.1) LCB -261.66c P  0.95% WF   6.0 PSV       6 N       2  --  G3 E4

2024-06-10 17:59:15-0400: = B5
2024-06-10 17:59:17-0400: Controller: kata-list_time_settings
2024-06-10 17:59:17-0400: = none absolute byoyomi canadian fischer fischer-capped
2024-06-10 17:59:17-0400: Controller: play black e8
2024-06-10 17:59:17-0400: = 
2024-06-10 17:59:17-0400: Controller: genmove white
2024-06-10 17:59:18-0400: MoveNum: 20 HASH: F2693D9B35F4C7946FB5FD356C782E92
   A B C D E F G H J
 9 . . . . . . . . .
 8 . . . . X3@ . O .
 7 . . . O X O O X .
 6 . . O . O X X X1.
 5 . O2. O O O X . .
 4 . . X . . X X . .
 3 . . . X . . . . .
 2 . . . . . . . . .
 1 . . . . . . . . .

koPOSITIONALscoreAREAtaxNONEsui1komi5.5
Time taken: 1.031
Root visits: 6150
New playouts: 2069
NN rows: 1362
NN batches: 55
NN avg batch size: 24.7636
PlayoutDoublingAdvantage: 2
PV: F8 J8 D8 B4 A4 A3 A5 B2 E4 E3 H9 C5 B6 J7 E9 J9 D4 C3 pass
Tree:
: T -102.06c W -99.38c S  -2.99c ( -3.5 L  -3.8) N    6150  --  F8 J8 D8 B4 A4 A3 A5
---White(^)---
F8  : T -101.84c W -99.37c S  -2.76c ( -3.4 L  -3.8) LCB -102.23c P 56.50% WF 17740.7 PSV   17697 N    5778  --  F8 J8 D8 B4 A4 A3 A5 B2
G8  : T -105.54c W -99.49c S  -6.55c ( -4.8 L  -4.9) LCB -106.52c P 26.23% WF 631.5 PSV     657 N     256  --  G8 J8 H9 B4 A4 C5 B6 A3
F9  : T -106.57c W -99.59c S  -7.11c ( -5.1 L  -5.0) LCB -108.08c P 11.99% WF 230.3 PSV     238 N      90  --  F9 J8 D8 H9 C2 B4
E4  : T -107.96c W -99.29c S  -8.52c ( -5.7 L  -5.8) LCB -113.44c P  2.42% WF  40.4 PSV      37 N      16  --  E4 G8 E3 E2 F2 D2 F3
E3  : T -111.27c W -99.37c S -11.39c ( -7.0 L  -6.5) LCB -190.45c P  0.75% WF   6.8 PSV       7 N       3  --  E3 E4
G9  : T -116.44c W -99.77c S -14.70c ( -9.5 L  -9.2) LCB -265.76c P  0.30% WF   5.2 PSV       2 N       2  --  G9 F9
D2  : T -118.04c W -99.26c S -18.77c (-11.5 L -12.0) LCB -468.17c P  0.29% WF   3.6 PSV       1 N       1  --  D2
E2  : T -117.81c W -99.02c S -18.79c (-12.1 L -13.2) LCB -468.03c P  0.17% WF   3.5 PSV       1 N       1  --  E2
C3  : T -119.04c W -99.43c S -19.61c (-11.3 L -11.5) LCB -469.21c P  0.16% WF   4.1 PSV       0 N       1  --  C3
D4  : T -117.09c W -99.36c S -17.73c (-10.5 L -11.4) LCB -467.09c P  0.14% WF   3.4 PSV       0 N       1  --  D4

2024-06-10 17:59:18-0400: = F8
2024-06-10 17:59:20-0400: Controller: kata-list_time_settings
2024-06-10 17:59:20-0400: = none absolute byoyomi canadian fischer fischer-capped
2024-06-10 17:59:20-0400: Controller: play black f9
2024-06-10 17:59:20-0400: = 
2024-06-10 17:59:20-0400: Controller: genmove white
2024-06-10 17:59:21-0400: MoveNum: 22 HASH: CF3E0E128D124DDB416E3C474367EC73
   A B C D E F G H J
 9 . . . . . X3. . .
 8 . . . . X1O2@ O .
 7 . . . O X O O X .
 6 . . O . O X X X .
 5 . O . O O O X . .
 4 . . X . . X X . .
 3 . . . X . . . . .
 2 . . . . . . . . .
 1 . . . . . . . . .

koPOSITIONALscoreAREAtaxNONEsui1komi5.5
Time taken: 1.016
Root visits: 7336
New playouts: 3336
NN rows: 1323
NN batches: 56
NN avg batch size: 23.625
PlayoutDoublingAdvantage: 2
PV: G8 J8 D8 H9 E9 B4 A4 A3 A5 B3 J7 C5 E4 E3 B6 J6 G9 D4 J9 J7 H9 pass F9
Tree:
: T -102.06c W -99.30c S  -2.96c ( -3.4 L  -3.7) N    7336  --  G8 J8 D8 H9 E9 B4 A4
---White(^)---
G8  : T -101.95c W -99.30c S  -2.83c ( -3.3 L  -3.7) LCB -102.32c P 80.03% WF 22466.0 PSV   22447 N    7269  --  G8 J8 D8 H9 E9 B4 A4 A3
E4  : T -112.63c W -99.29c S -13.38c ( -7.9 L  -8.0) LCB -117.90c P 13.95% WF 140.6 PSV     154 N      48  --  E4 G8 E3 E2 F2 D2 F3 B4
E3  : T -112.75c W -99.28c S -13.32c ( -8.0 L  -8.0) LCB -120.59c P  2.30% WF  26.5 PSV      23 N      10  --  E3 G8 E4 E2 F2 D2 F3 B4
D2  : T -118.99c W -99.54c S -19.41c (-12.1 L -11.9) LCB -271.47c P  0.79% WF   6.3 PSV       5 N       2  --  D2 C8
E2  : T -118.08c W -99.03c S -19.05c (-12.5 L -13.9) LCB -468.33c P  0.46% WF   3.5 PSV       3 N       1  --  E2
D4  : T -118.82c W -99.37c S -19.45c (-11.7 L -12.9) LCB -468.82c P  0.37% WF   3.5 PSV       2 N       1  --  D4
C3  : T -121.98c W -99.46c S -22.52c (-13.5 L -13.5) LCB -472.21c P  0.33% WF   4.6 PSV       1 N       1  --  C3
F2  : T -123.23c W -99.29c S -23.94c (-15.9 L -16.6) LCB -473.43c P  0.29% WF   4.9 PSV       1 N       1  --  F2
C2  : T -120.60c W -99.52c S -21.08c (-12.4 L -12.6) LCB -470.86c P  0.16% WF   4.6 PSV       1 N       1  --  C2
F3  : T -125.95c W -99.24c S -26.70c (-18.9 L -19.3) LCB -476.17c P  0.15% WF   5.6 PSV       0 N       1  --  F3

2024-06-10 17:59:21-0400: = G8
2024-06-10 17:59:23-0400: Controller: kata-list_time_settings
2024-06-10 17:59:23-0400: = none absolute byoyomi canadian fischer fischer-capped
2024-06-10 17:59:23-0400: Controller: play black j8
2024-06-10 17:59:23-0400: = 
2024-06-10 17:59:23-0400: Controller: genmove white
2024-06-10 17:59:25-0400: MoveNum: 24 HASH: 2E030140E8249C29C25EB9504DEC4B1F
   A B C D E F G H J
 9 . . . . . X1. . .
 8 . . . @ X O O2O X3
 7 . . . O X O O X .
 6 . . O . O X X X .
 5 . O . O O O X . .
 4 . . X . . X X . .
 3 . . . X . . . . .
 2 . . . . . . . . .
 1 . . . . . . . . .

koPOSITIONALscoreAREAtaxNONEsui1komi5.5
Time taken: 1.032
Root visits: 18154
New playouts: 3467
NN rows: 1352
NN batches: 56
NN avg batch size: 24.1429
PlayoutDoublingAdvantage: 2
PV: D8 H9 E9 B4 A4 A3 A5 B3 E4 E3 C5 J9 D4 J7 G9 pass F9 pass pass
Tree:
: T -102.20c W -99.31c S  -3.01c ( -3.4 L  -3.7) N   18154  --  D8 H9 E9 B4 A4 A3 A5
---White(^)---
D8  : T -101.99c W -99.33c S  -2.68c ( -3.3 L  -3.6) LCB -102.22c P 35.79% WF 46981.3 PSV   46815 N   14143  --  D8 H9 E9 B4 A4 A3 A5 B3
H9  : T -102.89c W -99.34c S  -4.01c ( -3.8 L  -4.0) LCB -103.61c P 24.29% WF 4913.8 PSV    4997 N    1588  --  H9 B4 A4 C5 B6 A3 A5 J7
E9  : T -102.24c W -99.13c S  -3.84c ( -3.7 L  -4.1) LCB -103.11c P  4.61% WF 2530.7 PSV    2425 N     932  --  E9 H9 D8 B4 A4 A3 A5 B3
E4  : T -102.28c W -99.10c S  -3.21c ( -3.5 L  -3.7) LCB -102.99c P  5.01% WF 3123.5 PSV    2417 N    1074  --  E4 E3 D8 H9 E9 B4 A4 A3
E2  : T -108.25c W -99.16c S  -9.54c ( -6.5 L  -6.5) LCB -110.50c P 10.72% WF 354.1 PSV     368 N     151  --  E2 D8 C8 H9 D2 C2 G2 E3
D2  : T -106.65c W -99.11c S  -7.31c ( -5.2 L  -5.2) LCB -108.77c P  7.23% WF 317.1 PSV     330 N     141  --  D2 D8 C8 H9 C2 E2 E1
E3  : T -106.77c W -99.06c S  -8.33c ( -5.6 L  -5.6) LCB -110.94c P  2.08% WF 105.4 PSV      91 N      51  --  E3 E4 D8 B4 A4 C5 A2 B6
D4  : T -111.36c W -99.59c S -11.94c ( -7.3 L  -7.1) LCB -116.80c P  2.40% WF  53.4 PSV      55 N      21  --  D4 D8 C8 H9 C3
J7  : T -109.38c W -99.29c S -10.13c ( -6.9 L  -6.7) LCB -116.11c P  1.63% WF  41.9 PSV      43 N      20  --  J7 H9 J9 D8 C8 J8 E4 G9
F2  : T -113.83c W -99.51c S -14.82c ( -9.3 L  -8.8) LCB -122.22c P  1.80% WF  31.4 PSV      33 N      11  --  F2 D8 C8 G9

2024-06-10 17:59:25-0400: = D8
2024-06-10 17:59:27-0400: Controller: kata-list_time_settings
2024-06-10 17:59:27-0400: = none absolute byoyomi canadian fischer fischer-capped
2024-06-10 17:59:27-0400: Controller: play black b4
2024-06-10 17:59:27-0400: = 
2024-06-10 17:59:27-0400: Controller: genmove white
2024-06-10 17:59:28-0400: MoveNum: 26 HASH: 2F68FED0BC5A39765AB11FBB47E80A99
   A B C D E F G H J
 9 . . . . . X . . .
 8 . . . O2X O O O X1
 7 . . . O X O O X .
 6 . . O . O X X X .
 5 . O . O O O X . .
 4 . X3X . @ X X . .
 3 . . . X . . . . .
 2 . . . . . . . . .
 1 . . . . . . . . .

koPOSITIONALscoreAREAtaxNONEsui1komi5.5
Time taken: 1.031
Root visits: 24915
New playouts: 7742
NN rows: 1320
NN batches: 56
NN avg batch size: 23.5714
PlayoutDoublingAdvantage: 2
PV: E4 E3 A4 H9 E9 A3 A5 B3 C5 J9 G3 H3 D4 J7 G9 F3 F9
Tree:
: T -102.45c W -99.44c S  -2.95c ( -3.3 L  -3.6) N   24915  --  E4 E3 A4 H9 E9 A3 A5
---White(^)---
E4  : T -102.31c W -99.42c S  -2.82c ( -3.3 L  -3.6) LCB -102.59c P 29.89% WF 48958.8 PSV   58887 N   13363  --  E4 E3 A4 H9 E9 A3 A5 B3
A4  : T -102.47c W -99.47c S  -2.92c ( -3.3 L  -3.6) LCB -102.64c P 44.76% WF 39417.1 PSV   38931 N   10983  --  A4 H9 E9 A3 A5 B3 J7 C5
J7  : T -104.55c W -99.44c S  -5.11c ( -4.1 L  -4.4) LCB -106.78c P  6.17% WF 484.7 PSV     496 N     186  --  J7 A4 J9 B6 B7 A6 C5 A5
D4  : T -108.48c W -99.62c S  -8.43c ( -5.3 L  -5.5) LCB -110.65c P  3.88% WF 164.7 PSV     174 N      62  --  D4 E4 C3 C5 E9 B3 C2
F2  : T -105.78c W -99.04c S  -6.99c ( -4.8 L  -5.0) LCB -112.50c P  1.90% WF 112.3 PSV     114 N      43  --  F2 E4 A4 A3 A5 B3 C5 H9
H2  : T -106.12c W -98.92c S  -7.54c ( -5.1 L  -5.2) LCB -114.18c P  1.52% WF  85.7 PSV      88 N      35  --  H2 E4 A4 C5 A3 B6
G3  : T -106.06c W -99.30c S  -7.05c ( -4.8 L  -5.0) LCB -113.07c P  1.55% WF  84.8 PSV      87 N      31  --  G3 E4 A4 A3 A5 B3 C5 D4
G2  : T -107.31c W -99.46c S  -7.98c ( -5.2 L  -5.4) LCB -110.19c P  1.61% WF  81.6 PSV      74 N      30  --  G2 E4 E2 D2 H3
H3  : T -106.92c W -99.19c S  -8.30c ( -5.4 L  -5.7) LCB -113.25c P  1.38% WF  65.3 PSV      67 N      26  --  H3 E4 A4 C5 A3
D2  : T -104.45c W -99.06c S  -5.62c ( -4.3 L  -4.6) LCB -108.14c P  0.64% WF  67.1 PSV      52 N      30  --  D2 E3 B3 A4 C3 B2 C2

2024-06-10 17:59:28-0400: = E4
2024-06-10 17:59:30-0400: Controller: kata-list_time_settings
2024-06-10 17:59:30-0400: = none absolute byoyomi canadian fischer fischer-capped
2024-06-10 17:59:30-0400: Controller: play black e3
2024-06-10 17:59:30-0400: = 
2024-06-10 17:59:30-0400: Controller: genmove white
2024-06-10 17:59:31-0400: MoveNum: 28 HASH: 25A3C8D89A44663918C542EBCFE12E3C
   A B C D E F G H J
 9 . . . . . X . . .
 8 . . . O X O O O X
 7 . . . O X O O X .
 6 . . O . O X X X .
 5 . O . O O O X . .
 4 @ X1X . O2X X . .
 3 . . . X X3. . . .
 2 . . . . . . . . .
 1 . . . . . . . . .

koPOSITIONALscoreAREAtaxNONEsui1komi5.5
Time taken: 1.031
Root visits: 31023
New playouts: 5961
NN rows: 1321
NN batches: 58
NN avg batch size: 22.7759
PlayoutDoublingAdvantage: 2
PV: A4 H9 E9 A3 A5 B3 C5 J9 G3 F3 D4 J7 G9 G2 pass H3 F9
Tree:
: T -102.45c W -99.58c S  -2.80c ( -3.2 L  -3.6) N   31023  --  A4 H9 E9 A3 A5 B3 C5
---White(^)---
A4  : T -102.37c W -99.58c S  -2.71c ( -3.2 L  -3.5) LCB -102.51c P 65.77% WF 118917.0 PSV  118829 N   30342  --  A4 H9 E9 A3 A5 B3 C5 J9
J7  : T -105.24c W -99.65c S  -5.78c ( -4.3 L  -4.6) LCB -107.53c P 11.07% WF 793.9 PSV     824 N     278  --  J7 A4 J9 B6 B7 A6 A7 A5
G3  : T -106.82c W -99.47c S  -7.37c ( -4.9 L  -5.2) LCB -110.01c P  5.70% WF 307.9 PSV     317 N     115  --  G3 A4 F3 H3 H2 H4 J7 J6
F3  : T -107.80c W -99.54c S  -8.23c ( -5.2 L  -5.5) LCB -110.53c P  3.64% WF 163.0 PSV     171 N      58  --  F3 C5 G3 H3 H2 H4 A6
C5  : T -107.42c W -99.57c S  -7.77c ( -4.9 L  -5.5) LCB -109.57c P  1.82% WF 118.5 PSV     112 N      35  --  C5 A5 A6 H9 E9 A4 D4 J7
F2  : T -108.36c W -98.49c S  -9.54c ( -5.8 L  -6.4) LCB -114.25c P  2.26% WF  95.7 PSV     100 N      41  --  F2 A4 H3 F3 G2 H1 E2 D2
H3  : T -108.15c W -98.70c S  -9.19c ( -5.7 L  -6.1) LCB -114.13c P  2.07% WF  92.5 PSV      94 N      38  --  H3 A4 F2 F3 G2 H1 E2 D2
A5  : T -106.23c W -99.75c S  -6.45c ( -4.5 L  -5.0) LCB -110.87c P  1.05% WF  83.9 PSV      78 N      23  --  A5 A4 C5 J9 E9
H2  : T -110.75c W -99.45c S -10.86c ( -6.3 L  -6.5) LCB -115.80c P  1.37% WF  43.9 PSV      46 N      17  --  H2 A4 G3 F3 C5
H9  : T -108.44c W -99.92c S  -8.66c ( -5.2 L  -5.7) LCB -117.67c P  0.73% WF  39.1 PSV      37 N       9  --  H9 C5 A6

2024-06-10 17:59:31-0400: = A4
2024-06-10 17:59:33-0400: Controller: kata-list_time_settings
2024-06-10 17:59:33-0400: = none absolute byoyomi canadian fischer fischer-capped
2024-06-10 17:59:33-0400: Controller: play black c5
2024-06-10 17:59:33-0400: = 
2024-06-10 17:59:33-0400: Controller: genmove white
2024-06-10 17:59:34-0400: MoveNum: 30 HASH: 8BA936F2CC378720AAD33F7DDC081E10
   A B C D E F G H J
 9 . . . . . X . . .
 8 . . . O X O O O X
 7 . . . O X O O X .
 6 . . O . O X X X .
 5 . O X3O O O X . .
 4 O2X X . O X X . .
 3 . . . X X1. . . .
 2 @ . . . . . . . .
 1 . . . . . . . . .

koPOSITIONALscoreAREAtaxNONEsui1komi5.5
Time taken: 1
Root visits: 7972
New playouts: 7161
NN rows: 1305
NN batches: 58
NN avg batch size: 22.5
PlayoutDoublingAdvantage: 2
PV: A2 B6 A5 B7 B8 B2 C7 B1 A3 H9 E9 A1 A7 B3 A6 J7 D4 J9 G9
Tree:
: T -97.23c W -98.33c S   0.14c ( -1.8 L  -2.0) N    7972  --  A2 B6 A5 B7 B8 B2 C7
---White(^)---
A2  : T -96.67c W -98.23c S   0.64c ( -1.6 L  -1.9) LCB  -97.53c P 12.83% WF 10332.5 PSV   11755 N    3725  --  A2 B6 A5 B7 B8 B2 C7 B1
A5  : T -97.12c W -98.36c S   0.27c ( -1.8 L  -1.9) LCB  -97.96c P 25.63% WF 7466.3 PSV    6284 N    2639  --  A5 B6 A2 B7 B8 B2 C7 B1
A3  : T -97.63c W -98.02c S  -0.93c ( -2.2 L  -2.4) LCB  -99.72c P 15.15% WF 2244.2 PSV    2058 N     855  --  A3 A2 B3 B2 B6 C3 A5 H9
B3  : T -97.60c W -98.64c S   0.13c ( -1.8 L  -1.9) LCB  -99.37c P  9.13% WF 1435.0 PSV    1280 N     507  --  B3 B2 B6 C3 A3 H9 E9 A2
B6  : T -103.10c W -99.73c S  -3.45c ( -3.0 L  -3.4) LCB -104.13c P 22.33% WF 496.4 PSV     529 N     151  --  B6 A3 A5 B3 E9 J7 H9 J9
A6  : T -104.34c W -99.61c S  -5.11c ( -3.6 L  -3.9) LCB -106.34c P  9.06% WF 170.4 PSV     181 N      63  --  A6 H9 E9 A3 A5 B3 J7 J6
B7  : T -103.60c W -99.76c S  -4.82c ( -3.5 L  -3.6) LCB -107.79c P  3.60% WF  74.3 PSV      77 N      25  --  B7 H9 E9 A3 A5 B3 J7 J6
G3  : T -113.95c W -99.11c S -14.84c ( -8.2 L -10.0) LCB -464.63c P  0.41% WF   2.9 PSV       3 N       1  --  G3
F3  : T -121.15c W -98.95c S -22.20c (-12.9 L -14.3) LCB -471.64c P  0.30% WF   4.2 PSV       1 N       1  --  F3
F2  : T -121.53c W -98.49c S -23.03c (-14.1 L -15.9) LCB -471.93c P  0.22% WF   4.1 PSV       1 N       1  --  F2

2024-06-10 17:59:34-0400: = A2
2024-06-10 17:59:37-0400: Controller: kata-list_time_settings
2024-06-10 17:59:37-0400: = none absolute byoyomi canadian fischer fischer-capped
2024-06-10 17:59:37-0400: Controller: play black b6
2024-06-10 17:59:37-0400: = 
2024-06-10 17:59:37-0400: Controller: genmove white
2024-06-10 17:59:38-0400: MoveNum: 32 HASH: 8CA74711E8E7108BC3BE3B9C40E2986D
   A B C D E F G H J
 9 . . . . . X . . .
 8 . . . O X O O O X
 7 . . . O X O O X .
 6 . X3O . O X X X .
 5 @ O X1O O O X . .
 4 O X X . O X X . .
 3 . . . X X . . . .
 2 O2. . . . . . . .
 1 . . . . . . . . .

koPOSITIONALscoreAREAtaxNONEsui1komi5.5
Time taken: 1.031
Root visits: 31832
New playouts: 3343
NN rows: 1329
NN batches: 58
NN avg batch size: 22.9138
PlayoutDoublingAdvantage: 2
PV: A5 C7 D6 B8 A8 B3 A3 B2 A7 B7 B9 C9 A6 A9 G3 A1
Tree:
: T -101.38c W -98.75c S  -3.99c ( -3.1 L  -3.2) N   31832  --  A5 C7 D6 B8 A8 B3 A3
---White(^)---
A5  : T -101.34c W -98.75c S  -3.95c ( -3.1 L  -3.2) LCB -101.59c P 94.83% WF 106731.5 PSV  106711 N   31795  --  A5 C7 D6 B8 A8 B3 A3 B2
B7  : T -122.37c W -99.87c S -22.12c (-11.9 L -11.4) LCB -136.50c P  1.50% WF  30.1 PSV      32 N       9  --  B7 A5 E9
G3  : T -123.41c W -99.18c S -24.42c (-16.3 L -16.7) LCB -159.90c P  0.83% WF  14.8 PSV      17 N       5  --  G3 A5
F3  : T -127.01c W -99.69c S -27.31c (-18.7 L -18.4) LCB -170.90c P  0.80% WF  17.7 PSV      14 N       4  --  F3 B7
F2  : T -127.83c W -99.07c S -28.76c (-21.5 L -23.2) LCB -477.90c P  0.22% WF   5.5 PSV       3 N       1  --  F2
B2  : T -127.39c W -99.20c S -28.19c (-19.9 L -20.8) LCB -477.39c P  0.21% WF   5.3 PSV       3 N       1  --  B2
A6  : T -128.67c W -99.43c S -29.24c (-22.0 L -23.0) LCB -478.67c P  0.17% WF   5.5 PSV       2 N       1  --  A6
G2  : T -128.53c W -99.13c S -29.40c (-22.5 L -23.8) LCB -478.58c P  0.16% WF   5.7 PSV       2 N       1  --  G2
H3  : T -126.95c W -98.68c S -28.27c (-21.2 L -23.3) LCB -477.03c P  0.14% WF   5.2 PSV       2 N       1  --  H3
C7  : T -126.98c W -99.63c S -27.35c (-17.9 L -18.4) LCB -476.98c P  0.08% WF   5.4 PSV       1 N       1  --  C7

2024-06-10 17:59:38-0400: = A5
2024-06-10 17:59:40-0400: Controller: kata-list_time_settings
2024-06-10 17:59:40-0400: = none absolute byoyomi canadian fischer fischer-capped
2024-06-10 17:59:40-0400: Controller: play black b3
2024-06-10 17:59:40-0400: = 
2024-06-10 17:59:40-0400: Controller: genmove white
2024-06-10 17:59:41-0400: MoveNum: 34 HASH: 40867E296F65255BDC1D9F374CDCABEF
   A B C D E F G H J
 9 . . . . . X . . .
 8 . . . O X O O O X
 7 . . . O X O O X .
 6 . X1O . O X X X .
 5 O2O X O O O X . .
 4 O X X . O X X . .
 3 @ X3. X X . . . .
 2 O . . . . . . . .
 1 . . . . . . . . .

koPOSITIONALscoreAREAtaxNONEsui1komi5.5
Time taken: 1.016
Root visits: 2795
New playouts: 2605
NN rows: 1297
NN batches: 61
NN avg batch size: 21.2623
PlayoutDoublingAdvantage: 2
PV: A3 C7 D6 B8 B7 A7 B2 A6 C8 C2 B7 A8 B9 C7 D4 C3 B7 E9 A9 H9 C1 D1 D9 G9 B1
Tree:
: T -107.36c W -85.70c S -20.67c (-13.7 L -14.1) N    2795  --  A3 C7 D6 B8 B7 A7 B2
---White(^)---
A3  : T -107.04c W -85.18c S -20.88c (-13.9 L -14.3) LCB -115.07c P 90.22% WF 4151.2 PSV    4142 N    2759  --  A3 C7 D6 B8 B7 A7 B2 A6
B7  : T -113.10c W -99.89c S -13.47c ( -4.8 L  -5.1) LCB -114.50c P  7.69% WF 124.2 PSV     131 N      29  --  B7 A3 A6 H9 E9 J9 D4
F3  : T -127.70c W -99.34c S -28.36c (-19.4 L -21.3) LCB -477.91c P  0.35% WF   5.5 PSV       2 N       1  --  F3
G3  : T -126.10c W -99.17c S -26.92c (-17.6 L -19.9) LCB -476.31c P  0.34% WF   5.0 PSV       2 N       1  --  G3
A6  : T -128.15c W -99.55c S -28.60c (-20.5 L -22.0) LCB -478.15c P  0.29% WF   4.8 PSV       1 N       1  --  A6
A7  : T -127.04c W -99.35c S -27.69c (-18.0 L -19.0) LCB -477.04c P  0.17% WF   4.6 PSV       1 N       1  --  A7
F2  : T -128.55c W -99.23c S -29.32c (-21.7 L -23.8) LCB -478.70c P  0.09% WF   5.7 PSV       0 N       1  --  F2
B2  : T -126.66c W -99.37c S -27.28c (-17.5 L -18.5) LCB -476.66c P  0.09% WF   4.8 PSV       0 N       1  --  B2

2024-06-10 17:59:41-0400: = A3
2024-06-10 17:59:43-0400: Controller: kata-list_time_settings
2024-06-10 17:59:43-0400: = none absolute byoyomi canadian fischer fischer-capped
2024-06-10 17:59:43-0400: Controller: play black h9
2024-06-10 17:59:43-0400: = 
2024-06-10 17:59:43-0400: Controller: genmove white
2024-06-10 17:59:44-0400: MoveNum: 36 HASH: 432ED2477592A035385619FB61D9D7D6
   A B C D E F G H J
 9 . . . . @ X . X3.
 8 . . . O X O O O X
 7 . . . O X O O X .
 6 . X O . O X X X .
 5 O O X O O O X . .
 4 O X X . O X X . .
 3 O2X1. X X . . . .
 2 O . . . . . . . .
 1 . . . . . . . . .

koPOSITIONALscoreAREAtaxNONEsui1komi5.5
Time taken: 1.031
Root visits: 2016
New playouts: 2010
NN rows: 1362
NN batches: 58
NN avg batch size: 23.4828
PlayoutDoublingAdvantage: 2
PV: E9 C7 D6 B2 B7 B1 J7 J6 G9 J7 J9 A7 A6 H9 H3 J9 F2 F3 G2 E2 H4 F1
Tree:
: T  10.73c W   7.36c S   5.14c ( +3.7 L  +3.4) N    2016  --  E9 C7 D6 B2 B7 B1 J7
---White(^)---
E9  : T  13.80c W   9.74c S   5.85c ( +4.2 L  +3.9) LCB    1.61c P 97.54% WF 903.6 PSV     891 N    1972  --  E9 C7 D6 B2 B7 B1 J7 J6
B2  : T -125.47c W -99.33c S -26.15c (-15.6 L -16.1) LCB -475.47c P  0.71% WF   2.9 PSV       0 N       1  --  B2
B7  : T -126.03c W -99.50c S -26.53c (-15.8 L -16.0) LCB -476.03c P  0.61% WF   3.1 PSV       0 N       1  --  B7
F3  : T -127.81c W -99.31c S -28.49c (-19.8 L -21.0) LCB -477.96c P  0.14% WF   1.5 PSV       0 N       1  --  F3
F2  : T -127.80c W -99.29c S -28.51c (-20.0 L -21.1) LCB -477.90c P  0.13% WF   1.3 PSV       0 N       1  --  F2
C2  : T -127.30c W -99.42c S -27.87c (-18.6 L -19.4) LCB -477.44c P  0.10% WF   1.1 PSV       0 N       1  --  C2
G3  : T -128.13c W -99.22c S -28.91c (-20.5 L -21.4) LCB -478.28c P  0.07% WF   0.8 PSV       0 N       1  --  G3
D9  : T -127.83c W -99.71c S -28.12c (-18.4 L -18.8) LCB -478.05c P  0.05% WF   0.6 PSV       0 N       1  --  D9
B1  : T -127.13c W -99.42c S -27.70c (-18.5 L -19.1) LCB -477.13c P  0.04% WF   0.4 PSV       0 N       1  --  B1
J7  : T -129.46c W -99.46c S -30.00c (-22.7 L -23.3) LCB -479.61c P  0.03% WF   0.3 PSV       0 N       1  --  J7

2024-06-10 17:59:44-0400: = E9
2024-06-10 17:59:46-0400: Controller: kata-list_time_settings
2024-06-10 17:59:46-0400: = none absolute byoyomi canadian fischer fischer-capped
2024-06-10 17:59:46-0400: Controller: play black b2
2024-06-10 17:59:46-0400: = 
2024-06-10 17:59:46-0400: Controller: genmove white
2024-06-10 17:59:47-0400: MoveNum: 38 HASH: 730ACCF31BCDF9BEA2E5710F2A83D89A
   A B C D E F G H J
 9 . . . . O2X . X1.
 8 . . . O . O O O X
 7 . @ . O . O O X .
 6 . X O . O X X X .
 5 O O X O O O X . .
 4 O X X . O X X . .
 3 O X . X X . . . .
 2 O X3. . . . . . .
 1 . . . . . . . . .

koPOSITIONALscoreAREAtaxNONEsui1komi5.5
Time taken: 1.031
Root visits: 1775
New playouts: 1775
NN rows: 1341
NN batches: 54
NN avg batch size: 24.8333
PlayoutDoublingAdvantage: 1.875
PV: B7 J7 B1 C1 A6 A1 G9 B1 J9 A7 A8 H9 F3 J9 G3 H3 H2 H4 E2 D2 F2 G1 H1 E1 G2
Tree:
: T  17.29c W  12.98c S   5.63c ( +4.2 L  +3.9) N    1775  --  B7 J7 B1 C1 A6 A1 G9
---White(^)---
B7  : T  18.67c W  14.10c S   5.87c ( +4.3 L  +4.1) LCB    4.83c P 99.24% WF 680.7 PSV     677 N    1731  --  B7 J7 B1 C1 A6 A1 G9 B1
G3  : T -116.67c W -98.64c S -18.03c ( -8.9 L -13.1) LCB -466.67c P  0.15% WF   1.2 PSV       0 N       1  --  G3
A7  : T -103.62c W -98.94c S  -4.67c ( -1.4 L  -2.1) LCB -454.55c P  0.14% WF   1.2 PSV       0 N       1  --  A7
F3  : T -124.83c W -99.19c S -25.63c (-14.8 L -15.7) LCB -474.99c P  0.10% WF   0.9 PSV       0 N       1  --  F3
A6  : T -121.93c W -99.71c S -22.22c (-12.5 L -16.7) LCB -471.93c P  0.08% WF   0.7 PSV       0 N       1  --  A6
B1  : T -127.76c W -99.43c S -28.33c (-19.0 L -19.8) LCB -477.76c P  0.07% WF   0.6 PSV       0 N       1  --  B1
F2  : T -124.02c W -98.54c S -25.48c (-15.6 L -17.3) LCB -474.05c P  0.04% WF   0.4 PSV       0 N       1  --  F2
H3  : T -123.10c W -98.41c S -24.70c (-15.2 L -17.8) LCB -473.10c P  0.02% WF   0.2 PSV       0 N       1  --  H3
J7  : T -125.22c W -99.17c S -26.05c (-15.0 L -15.5) LCB -475.22c P  0.02% WF   0.2 PSV       0 N       1  --  J7
G2  : T -126.58c W -99.22c S -27.36c (-17.3 L -18.6) LCB -476.58c P  0.02% WF   0.2 PSV       0 N       1  --  G2

2024-06-10 17:59:47-0400: = B7
2024-06-10 17:59:50-0400: Controller: kata-list_time_settings
2024-06-10 17:59:50-0400: = none absolute byoyomi canadian fischer fischer-capped
2024-06-10 17:59:50-0400: Controller: play black b1
2024-06-10 17:59:50-0400: = 
2024-06-10 17:59:50-0400: Controller: genmove white
2024-06-10 17:59:51-0400: MoveNum: 40 HASH: AE967F9615774EF779B8A7A80ECB7BEC
   A B C D E F G H J
 9 . . . . O X @ X .
 8 . . . O . O O O X
 7 . O2. O . O O X .
 6 . X O . O X X X .
 5 O O X O O O X . .
 4 O X X . O X X . .
 3 O X . X X . . . .
 2 O X1. . . . . . .
 1 . X3. . . . . . .

koPOSITIONALscoreAREAtaxNONEsui1komi5.5
Time taken: 1.031
Root visits: 1787
New playouts: 1787
NN rows: 1334
NN batches: 60
NN avg batch size: 22.2333
PlayoutDoublingAdvantage: 1.75
PV: G9 J7 J9 A7 A6 H9 H3 J9 F2 E2 H1 J2 H2 H4 F3 G3 G2 J3 J5
Tree:
: T  11.68c W   5.46c S   7.02c ( +4.8 L  +4.5) N    1787  --  G9 J7 J9 A7 A6 H9 H3
---White(^)---
G9  : T  26.69c W  16.73c S   9.15c ( +6.7 L  +6.5) LCB    1.51c P 46.69% WF 446.4 PSV     387 N     736  --  G9 J7 J9 A7 A6 H9 H3 J9
J7  : T -28.76c W -24.64c S   1.74c ( +1.0 L  +0.6) LCB  -50.96c P 48.32% WF 137.1 PSV      59 N     691  --  J7 J6 G9 J7 J9 A1 A6 H9
F2  : T   9.63c W   4.06c S   4.98c ( +3.0 L  +2.5) LCB  -18.46c P  1.96% WF 170.3 PSV       5 N     308  --  F2 J7 H3 E2 H1 J2 F3 G3
F3  : T -68.29c W -56.23c S  -0.27c ( -0.1 L  -0.3) LCB -169.19c P  1.01% WF   3.9 PSV       0 N       9  --  F3 G3 J7 J6 G9
G3  : T -80.95c W -75.04c S  -1.36c ( -0.5 L  -0.4) LCB -198.89c P  1.16% WF   1.6 PSV       0 N       3  --  G3 F3 G9
H3  : T -80.52c W -71.64c S  -0.78c ( -0.2 L  -0.9) LCB -189.85c P  0.18% WF   1.3 PSV       0 N       3  --  H3 F2 J7
A6  : T -85.56c W -83.51c S  -2.05c ( -0.7 L  -1.7) LCB -435.56c P  0.35% WF   0.5 PSV       0 N       1  --  A6
G2  : T -84.11c W -82.90c S  -1.21c ( -0.5 L  -1.3) LCB -434.11c P  0.21% WF   0.6 PSV       0 N       1  --  G2
D4  : T -100.37c W -97.41c S  -2.96c ( -0.9 L  -1.7) LCB -450.37c P  0.06% WF   0.6 PSV       0 N       1  --  D4
H2  : T -95.89c W -93.90c S  -2.00c ( -0.7 L  -1.7) LCB -445.89c P  0.01% WF   0.1 PSV       0 N       1  --  H2

2024-06-10 17:59:51-0400: = G9
2024-06-10 17:59:53-0400: Controller: kata-list_time_settings
2024-06-10 17:59:53-0400: = none absolute byoyomi canadian fischer fischer-capped
2024-06-10 17:59:53-0400: Controller: play black j7
2024-06-10 17:59:53-0400: = 
2024-06-10 17:59:53-0400: Controller: genmove white
2024-06-10 17:59:54-0400: MoveNum: 42 HASH: B3748744E7894ECD427A97DA75DF669B
   A B C D E F G H J
 9 . . . . O . O2X @
 8 . . . O . O O O X
 7 . O . O . O O X X3
 6 . X O . O X X X .
 5 O O X O O O X . .
 4 O X X . O X X . .
 3 O X . X X . . . .
 2 O X . . . . . . .
 1 . X1. . . . . . .

koPOSITIONALscoreAREAtaxNONEsui1komi5.5
Time taken: 1.031
Root visits: 2041
New playouts: 2041
NN rows: 1295
NN batches: 58
NN avg batch size: 22.3276
PlayoutDoublingAdvantage: 1.625
PV: J9 A7 A6 H9 H3 J9 F2 F3 G2 H1 E2 H4 D2 J3 J2 H2
Tree:
: T  76.60c W  62.48c S  12.84c (+10.3 L +10.5) N    2041  --  J9 A7 A6 H9 H3 J9 F2
---White(^)---
J9  : T  80.23c W  65.76c S  13.13c (+10.6 L +10.8) LCB   65.64c P 84.96% WF 1870.9 PSV    1819 N    1819  --  J9 A7 A6 H9 H3 J9 F2 F3
F2  : T  27.31c W  15.03c S   6.26c ( +4.2 L  +3.8) LCB  -22.77c P  4.24% WF  38.2 PSV       9 N     146  --  F2 F3 J9 A7 A6 H9 H3 E2
G3  : T -102.21c W -96.43c S  -4.43c ( -1.0 L  -1.3) LCB -177.74c P  3.30% WF   3.5 PSV       2 N       4  --  G3 F3 J9
F3  : T -108.62c W -87.67c S  -3.06c ( -0.6 L  -1.1) LCB -162.43c P  1.66% WF   3.3 PSV       1 N       8  --  F3 G3 J9 A1 A6 H9
A6  : T -101.83c W -98.32c S  -3.06c ( -0.5 L  -0.8) LCB -319.11c P  2.12% WF   2.2 PSV       1 N       2  --  A6 J9
H3  : T -104.49c W -90.26c S  -2.66c ( -0.5 L  -1.0) LCB -179.14c P  1.03% WF   3.3 PSV       0 N       8  --  H3 F2 J9 A1 A6
H2  : T -83.42c W -88.78c S  -2.42c ( -0.4 L  -1.4) LCB -139.18c P  0.11% WF   1.9 PSV       0 N       4  --  H2 J9 F2 F3
G2  : T -98.51c W -95.77c S  -2.78c ( -0.5 L  -1.4) LCB -176.00c P  0.94% WF   2.0 PSV       0 N       3  --  G2 J9 F3
C7  : T -101.06c W -97.17c S  -5.31c ( -1.3 L  -1.3) LCB -212.95c P  0.01% WF   0.2 PSV       0 N       3  --  C7 J9
D4  : T -101.39c W -98.03c S  -5.14c ( -1.3 L  -1.5) LCB -304.03c P  1.20% WF   2.3 PSV       0 N       2  --  D4 A1

2024-06-10 17:59:54-0400: = J9
2024-06-10 17:59:56-0400: Controller: kata-list_time_settings
2024-06-10 17:59:56-0400: = none absolute byoyomi canadian fischer fischer-capped
2024-06-10 17:59:56-0400: Controller: play black a1
2024-06-10 17:59:56-0400: = 
2024-06-10 17:59:56-0400: Controller: genmove white
2024-06-10 17:59:57-0400: MoveNum: 44 HASH: 4C6F7069EEFE57FB41910842BA2DEDE5
   A B C D E F G H J
 9 . . . . O . O . O2
 8 . . . O . O O O X
 7 . O . O . O O X X1
 6 @ X O . O X X X .
 5 O O X O O O X . .
 4 O X X . O X X . .
 3 O X . X X . . . .
 2 O X . . . . . . .
 1 X3X . . . . . . .

koPOSITIONALscoreAREAtaxNONEsui1komi5.5
Time taken: 1.031
Root visits: 2521
New playouts: 2521
NN rows: 1328
NN batches: 55
NN avg batch size: 24.1455
PlayoutDoublingAdvantage: 1.5
PV: A6 H9 F2 J9 H3 E2 H1 J2 H2 H4 F3 J3 J5 J4 G3 F1 G1
Tree:
: T  94.30c W  74.03c S  18.13c (+17.5 L +18.1) N    2521  --  A6 H9 F2 J9 H3 E2 H1
---White(^)---
A6  : T  95.67c W  75.12c S  18.34c (+17.7 L +18.3) LCB   84.51c P 98.51% WF 2775.2 PSV    2757 N    2479  --  A6 H9 F2 J9 H3 E2 H1 J2
G3  : T -120.83c W -97.74c S -21.09c (-10.8 L -11.2) LCB -318.45c P  0.39% WF   1.9 PSV       0 N       2  --  G3 A6
F3  : T -117.36c W -98.73c S -18.63c ( -8.7 L -11.7) LCB -467.56c P  0.29% WF   1.2 PSV       0 N       1  --  F3
H3  : T -116.48c W -97.98c S -18.50c ( -9.4 L -14.1) LCB -466.48c P  0.21% WF   0.8 PSV       0 N       1  --  H3
F2  : T -120.58c W -99.14c S -21.44c (-10.8 L -13.5) LCB -470.58c P  0.15% WF   1.2 PSV       0 N       1  --  F2
G2  : T -124.11c W -99.01c S -25.10c (-13.8 L -14.1) LCB -474.11c P  0.11% WF   2.0 PSV       0 N       1  --  G2
H2  : T -124.10c W -99.20c S -24.90c (-13.6 L -14.0) LCB -474.10c P  0.04% WF   1.0 PSV       0 N       1  --  H2
H4  : T -124.35c W -99.05c S -25.29c (-13.9 L -14.3) LCB -474.62c P  0.03% WF   0.7 PSV       0 N       1  --  H4
E2  : T -125.10c W -99.31c S -25.79c (-14.4 L -14.5) LCB -475.28c P  0.02% WF   0.6 PSV       0 N       1  --  E2
H9  : T -124.72c W -99.50c S -25.22c (-13.5 L -13.4) LCB -474.72c P  0.01% WF   0.4 PSV       0 N       1  --  H9

2024-06-10 17:59:57-0400: = A6
2024-06-10 17:59:59-0400: Controller: kata-list_time_settings
2024-06-10 17:59:59-0400: = none absolute byoyomi canadian fischer fischer-capped
2024-06-10 17:59:59-0400: Controller: play black h9
2024-06-10 17:59:59-0400: = 
2024-06-10 17:59:59-0400: Controller: genmove white
2024-06-10 18:00:00-0400: MoveNum: 46 HASH: AF8E2FF35134B64F502F6D06868304DF
   A B C D E F G H J
 9 . . . . O . O X3.
 8 . . . O . O O O X
 7 . O . O . O O X X
 6 O2. O . O X X X .
 5 O O X O O O X . .
 4 O X X . O X X . .
 3 O X . X X . . @ .
 2 O X . . . . . . .
 1 X1X . . . . . . .

koPOSITIONALscoreAREAtaxNONEsui1komi5.5
Time taken: 1.031
Root visits: 2695
New playouts: 2695
NN rows: 1363
NN batches: 54
NN avg batch size: 25.2407
PlayoutDoublingAdvantage: 1.375
PV: H3 F2 J9 E7 H9 J3 E8 D4
Tree:
: T  95.11c W  76.12c S  17.59c (+16.7 L +17.3) N    2695  --  H3 F2 J9 E7 H9 J3 E8
---White(^)---
H3  : T  98.39c W  81.48c S  16.09c (+14.9 L +15.5) LCB   85.50c P 15.71% WF 1733.0 PSV    1740 N    1230  --  H3 F2 J9 E7 H9 J3 E8 D4
F2  : T  97.98c W  75.74c S  19.88c (+19.3 L +20.0) LCB   83.85c P 23.71% WF 1489.1 PSV    1460 N    1328  --  F2 J9 H3 E2 H1 J2 H2 H4
F3  : T -82.73c W -76.75c S  -3.55c ( -0.8 L  -1.1) LCB -149.05c P 34.99% WF  10.6 PSV      31 N      62  --  F3 G3 J9 A7 A8 H9 F2 J9
G3  : T -73.34c W -81.75c S  -2.94c ( -0.6 L  -1.0) LCB -131.10c P 16.57% WF   6.2 PSV      15 N      27  --  G3 F3 J9 A7 A8 H9 F2 J9
G2  : T -83.75c W -78.85c S  -3.95c ( -0.9 L  -1.2) LCB -198.09c P  5.04% WF   3.4 PSV       4 N       7  --  G2 J9 F3 G3
D4  : T -105.95c W -99.59c S  -6.13c ( -1.4 L  -1.7) LCB -254.93c P  1.66% WF   3.2 PSV       1 N       2  --  D4 J9
E2  : T -100.42c W -94.38c S  -4.88c ( -1.1 L  -0.8) LCB -292.80c P  0.61% WF   1.2 PSV       0 N       2  --  E2 J9
H2  : T -93.20c W -90.85c S  -3.86c ( -0.9 L  -1.0) LCB -244.11c P  0.60% WF   1.1 PSV       0 N       2  --  H2 J9
H4  : T -100.91c W -95.14c S  -6.01c ( -1.6 L  -1.6) LCB -257.00c P  0.16% WF   1.3 PSV       0 N       2  --  H4 J9
C2  : T -102.29c W -96.89c S  -4.08c ( -0.8 L  -0.8) LCB -360.50c P  0.13% WF   1.8 PSV       0 N       2  --  C2 J9

2024-06-10 18:00:00-0400: = H3
2024-06-10 18:00:03-0400: Controller: kata-list_time_settings
2024-06-10 18:00:03-0400: = none absolute byoyomi canadian fischer fischer-capped
2024-06-10 18:00:03-0400: Controller: play black j9
2024-06-10 18:00:03-0400: = 
2024-06-10 18:00:03-0400: Controller: genmove white
2024-06-10 18:00:04-0400: MoveNum: 48 HASH: 920E54E2823A3258582BAD0994B52575
   A B C D E F G H J
 9 . . . . O . O X1X3
 8 . . . O . O O O X
 7 . O . O . O O X X
 6 O . O . O X X X .
 5 O O X O O O X . .
 4 O X X . O X X . .
 3 O X . X X . . O2.
 2 O X . . . @ . . .
 1 X X . . . . . . .

koPOSITIONALscoreAREAtaxNONEsui1komi5.5
Time taken: 1.016
Root visits: 1912
New playouts: 1912
NN rows: 1317
NN batches: 56
NN avg batch size: 23.5179
PlayoutDoublingAdvantage: 1.25
PV: F2 E2 H1 J2 H2 H4 F3 J3 J5 G3 G2 J4 F1 E1 J6 H5
Tree:
: T 106.67c W  78.83c S  25.36c (+24.4 L +25.2) N    1912  --  F2 E2 H1 J2 H2 H4 F3
---White(^)---
F2  : T 111.80c W  83.18c S  25.92c (+25.0 L +25.9) LCB  101.66c P 73.62% WF 3343.9 PSV    3200 N    1826  --  F2 E2 H1 J2 H2 H4 F3 J3
D4  : T -103.32c W -99.64c S  -3.60c ( -1.4 L  -1.3) LCB -118.03c P 10.42% WF   9.0 PSV       8 N       7  --  D4 F3 F9
G3  : T -95.86c W -93.88c S  -0.95c ( -0.6 L  -1.2) LCB -128.00c P  8.23% WF   5.3 PSV       6 N      13  --  G3 F3 F2 E2 F1 H1
C2  : T -98.08c W -97.09c S  -1.61c ( -0.8 L  -0.9) LCB -138.71c P  1.76% WF   4.9 PSV       1 N       6  --  C2 D2 F2
H1  : T -101.37c W -99.13c S  -1.79c ( -0.8 L  -1.2) LCB -136.01c P  1.35% WF   5.6 PSV       1 N       5  --  H1 F2 D4
B6  : T -98.06c W -95.50c S  -3.67c ( -1.6 L  -1.7) LCB -141.34c P  0.17% WF   3.5 PSV       0 N       5  --  B6 D4 F2 E2
G2  : T -102.83c W -99.32c S  -2.68c ( -1.1 L  -1.4) LCB -153.54c P  0.74% WF   4.7 PSV       0 N       4  --  G2 F2 D4 F3
F3  : T -102.27c W -98.57c S  -2.90c ( -1.2 L  -1.5) LCB -200.13c P  0.19% WF   3.3 PSV       0 N       4  --  F3 G3 D4
C3  : T -99.16c W -97.12c S  -2.51c ( -1.2 L  -1.5) LCB -170.94c P  0.13% WF   3.3 PSV       0 N       4  --  C3 D4 F2
C7  : T -102.28c W -98.02c S  -4.31c ( -1.7 L  -1.6) LCB -185.67c P  0.19% WF   3.0 PSV       0 N       3  --  C7 F3

2024-06-10 18:00:04-0400: = F2
2024-06-10 18:00:06-0400: Controller: kata-list_time_settings
2024-06-10 18:00:06-0400: = none absolute byoyomi canadian fischer fischer-capped
2024-06-10 18:00:06-0400: Controller: play black f3
2024-06-10 18:00:06-0400: = 
2024-06-10 18:00:06-0400: Controller: genmove white
2024-06-10 18:00:07-0400: MoveNum: 50 HASH: 279271D67EDF52B589B37ADFB7021FF5
   A B C D E F G H J
 9 . . . . O . O X X1
 8 . . . O . O O O X
 7 . O . O . O O X X
 6 O . O . O X X X .
 5 O O X O O O X . .
 4 O X X . O X X . .
 3 O X . X X X3. O .
 2 O X . . . O2@ . .
 1 X X . . . . . . .

koPOSITIONALscoreAREAtaxNONEsui1komi5.5
Time taken: 1.016
Root visits: 1921
New playouts: 1921
NN rows: 1311
NN batches: 58
NN avg batch size: 22.6034
PlayoutDoublingAdvantage: 1.125
PV: G2 E2 H1 J2 F1 J3 H4 J4 J5 H5 E1 D1 C2 J6 D4 C3 H2 G3 C1 D2
Tree:
: T 116.70c W  89.93c S  23.99c (+21.2 L +21.5) N    1921  --  G2 E2 H1 J2 F1 J3 H4
---White(^)---
G2  : T 120.00c W  92.75c S  24.34c (+21.5 L +21.9) LCB  114.26c P 56.11% WF 5240.5 PSV    5096 N    1825  --  G2 E2 H1 J2 F1 J3 H4 J4
H2  : T -97.17c W -93.19c S  -2.82c ( -0.4 L  -1.3) LCB -129.27c P 12.50% WF   7.3 PSV      10 N      19  --  H2 E2 F1 E1 G2 H1 H4
G3  : T -97.97c W -93.56c S  -3.19c ( -0.5 L  -1.2) LCB -140.43c P  9.87% WF   7.3 PSV       7 N      16  --  G3 E2 G1 E1 D4
E2  : T -105.06c W -98.80c S  -5.38c ( -1.2 L  -1.1) LCB -151.70c P 10.04% WF   5.3 PSV       7 N       8  --  E2 G2 D4 D2
H1  : T -103.30c W -97.58c S  -4.62c ( -1.0 L  -1.2) LCB -143.62c P  6.27% WF   5.9 PSV       4 N       7  --  H1 G2 D4 E2
D4  : T -105.68c W -98.79c S  -6.28c ( -1.4 L  -1.1) LCB -187.43c P  2.26% WF   3.5 PSV       1 N       3  --  D4 G2
F1  : T -103.32c W -98.25c S  -4.81c ( -1.0 L  -1.4) LCB -177.96c P  0.24% WF   2.7 PSV       0 N       3  --  F1 G2
C3  : T -102.60c W -97.65c S  -5.06c ( -1.1 L  -1.3) LCB -215.24c P  0.06% WF   2.3 PSV       0 N       3  --  C3 E2
G1  : T -102.56c W -97.63c S  -3.88c ( -0.7 L  -1.0) LCB -279.23c P  0.64% WF   1.4 PSV       0 N       2  --  G1 E2
J2  : T -104.96c W -99.09c S  -5.17c ( -1.1 L  -1.8) LCB -253.99c P  0.15% WF   2.2 PSV       0 N       2  --  J2 G2

2024-06-10 18:00:07-0400: = G2
2024-06-10 18:00:09-0400: Controller: kata-list_time_settings
2024-06-10 18:00:09-0400: = none absolute byoyomi canadian fischer fischer-capped
2024-06-10 18:00:09-0400: Controller: play black h1
2024-06-10 18:00:09-0400: = 
2024-06-10 18:00:09-0400: Controller: genmove white
2024-06-10 18:00:10-0400: MoveNum: 52 HASH: 95940097C1AA29F92A818D98F5FCF57D
   A B C D E F G H J
 9 . . . . O . O X X
 8 . . . O . O O O X
 7 . O . O . O O X X
 6 O . O . O X X X .
 5 O O X O O O X . .
 4 O X X . O X X . .
 3 O X . X X X1. O .
 2 O X . . @ O O2. .
 1 X X . . . . . X3.

koPOSITIONALscoreAREAtaxNONEsui1komi5.5
Time taken: 1.032
Root visits: 2441
New playouts: 2441
NN rows: 1260
NN batches: 55
NN avg batch size: 22.9091
PlayoutDoublingAdvantage: 1
PV: E2 H4 D2 H2 G3 J3 J2 D1 J5 J4 G1 C2 J1 E1 D4 H1
Tree:
: T 120.08c W  94.14c S  21.71c (+28.9 L +29.7) N    2441  --  E2 H4 D2 H2 G3 J3 J2
---White(^)---
E2  : T 121.11c W  94.97c S  21.82c (+29.0 L +29.8) LCB  117.48c P 85.89% WF 6445.7 PSV    6409 N    2391  --  E2 H4 D2 H2 G3 J3 J2 D1
H4  : T -82.61c W -67.50c S  -8.33c ( +1.3 L  +0.4) LCB -169.81c P 11.73% WF   3.2 PSV       8 N      12  --  H4 E2 E1 H2
J5  : T -69.41c W -66.59c S -11.17c ( +0.6 L  -0.7) LCB -240.09c P  0.72% WF   0.5 PSV       0 N       2  --  J5 H4
G1  : T -112.31c W -93.66c S -16.01c ( -0.8 L  -0.5) LCB -368.30c P  0.22% WF   1.3 PSV       0 N       2  --  G1 E2
H2  : T -72.51c W -65.79c S -10.78c ( +0.3 L  -1.1) LCB -225.53c P  0.18% WF   0.5 PSV       0 N       2  --  H2 E2
E1  : T -111.33c W -93.68c S -15.67c ( -0.4 L  -0.4) LCB -339.84c P  0.09% WF   1.3 PSV       0 N       2  --  E1 H4
D4  : T -115.69c W -98.78c S -16.91c ( -0.8 L  -1.8) LCB -465.69c P  0.66% WF   1.7 PSV       0 N       1  --  D4
J4  : T -105.95c W -93.07c S -12.88c ( +0.5 L  -1.4) LCB -455.95c P  0.12% WF   0.5 PSV       0 N       1  --  J4
D2  : T -112.72c W -96.63c S -16.09c ( -0.5 L  -2.3) LCB -462.72c P  0.03% WF   0.8 PSV       0 N       1  --  D2
J2  : T -109.65c W -95.00c S -14.65c ( -0.2 L  -2.1) LCB -459.65c P  0.03% WF   0.6 PSV       0 N       1  --  J2

2024-06-10 18:00:10-0400: = E2
2024-06-10 18:00:12-0400: Controller: kata-list_time_settings
2024-06-10 18:00:12-0400: = none absolute byoyomi canadian fischer fischer-capped
2024-06-10 18:00:12-0400: Controller: play black h4
2024-06-10 18:00:12-0400: = 
2024-06-10 18:00:12-0400: Controller: genmove white
2024-06-10 18:00:13-0400: MoveNum: 54 HASH: 64D5B6A7154D678642C65D4281011B87
   A B C D E F G H J
 9 . . . . O . O X X
 8 . . . O . O O O X
 7 . O . O . O O X X
 6 O . O . O X X X .
 5 O O X O O O X . .
 4 O X X . O X X X3.
 3 O X . X X X . O .
 2 O X . @ O2O O . .
 1 X X . . . . . X1.

koPOSITIONALscoreAREAtaxNONEsui1komi5.5
Time taken: 1.031
Root visits: 2567
New playouts: 2567
NN rows: 1338
NN batches: 59
NN avg batch size: 22.678
PlayoutDoublingAdvantage: 0.875
PV: D2 H2 G3 J3 J2 D1 J5 J4 G1 E1 D4 C1 J1 C3 J6 F1
Tree:
: T 117.89c W  94.34c S  18.82c (+30.5 L +31.2) N    2567  --  D2 H2 G3 J3 J2 D1 J5
---White(^)---
D2  : T 118.99c W  95.06c S  19.09c (+30.8 L +31.5) LCB  115.16c P 55.83% WF 6857.0 PSV    6776 N    2241  --  D2 H2 G3 J3 J2 D1 J5 J4
G1  : T  98.17c W  83.10c S  12.15c (+21.8 L +22.6) LCB   78.25c P 42.24% WF 239.1 PSV     308 N     290  --  G1 H2 G3 J3 J2 E1 D2 D1
J5  : T  23.72c W  24.56c S  -7.30c ( +5.0 L  +3.1) LCB  -48.04c P  0.89% WF   0.8 PSV       1 N       4  --  J5 H2 G3
H2  : T -116.28c W -92.25c S -21.25c ( -0.5 L  -0.3) LCB -408.39c P  0.23% WF   1.4 PSV       0 N       2  --  H2 D2
J3  : T -98.71c W -78.87c S -19.85c ( +0.3 L  -1.4) LCB -448.71c P  0.54% WF   0.3 PSV       0 N       1  --  J3
D4  : T -120.16c W -98.52c S -21.64c ( -0.5 L  -1.4) LCB -470.16c P  0.12% WF   1.8 PSV       0 N       1  --  D4
E1  : T -114.31c W -94.46c S -19.85c ( +0.6 L  -1.6) LCB -464.31c P  0.05% WF   0.5 PSV       0 N       1  --  E1
J2  : T -109.35c W -88.62c S -20.73c ( -0.0 L  -1.5) LCB -459.35c P  0.01% WF   0.4 PSV       0 N       1  --  J2
pss : T -120.42c W -98.53c S -21.90c ( -0.8 L  -2.1) LCB -470.42c P  0.01% WF   0.5 PSV       0 N       1  --  pass
C2  : T -117.34c W -95.95c S -21.39c ( -0.4 L  -1.9) LCB -467.34c P  0.01% WF   0.4 PSV       0 N       1  --  C2

2024-06-10 18:00:13-0400: = D2
2024-06-10 18:00:16-0400: Controller: kata-list_time_settings
2024-06-10 18:00:16-0400: = none absolute byoyomi canadian fischer fischer-capped
2024-06-10 18:00:16-0400: Controller: play black d1
2024-06-10 18:00:16-0400: = 
2024-06-10 18:00:16-0400: Controller: genmove white
2024-06-10 18:00:17-0400: MoveNum: 56 HASH: B322820AA1D8741B49E106106F6E32EA
   A B C D E F G H J
 9 . . . . O . O X X
 8 . . . O . O O O X
 7 . O . O . O O X X
 6 O . O . O X X X .
 5 O O X O O O X . @
 4 O X X . O X X X1.
 3 O X . X X X . O .
 2 O X . O2O O O . .
 1 X X . X3. . . X .

koPOSITIONALscoreAREAtaxNONEsui1komi5.5
Time taken: 1.031
Root visits: 2127
New playouts: 2127
NN rows: 1333
NN batches: 56
NN avg batch size: 23.8036
PlayoutDoublingAdvantage: 0.75
PV: J5 H2 G3 J4 J3 C2 G1 E1 D4 H5 J2 J6 J1 H1
Tree:
: T 114.06c W  96.88c S  15.55c (+32.0 L +32.5) N    2127  --  J5 H2 G3 J4 J3 C2 G1
---White(^)---
J5  : T 115.23c W  97.74c S  15.77c (+32.2 L +32.7) LCB  112.53c P 25.93% WF 5692.4 PSV    5642 N    1932  --  J5 H2 G3 J4 J3 C2 G1 E1
D4  : T  88.59c W  78.20c S  10.05c (+28.6 L +30.7) LCB   55.08c P 10.05% WF  34.6 PSV      42 N      65  --  D4 J3 J2 C2 J5 H2 J4
G1  : T  59.11c W  66.59c S   1.40c (+17.1 L +17.3) LCB    7.26c P 20.19% WF  27.8 PSV      41 N      67  --  G1 H2 J1 J3 J2 H2 J4
H2  : T -104.39c W -80.35c S -20.73c ( +0.9 L  +0.5) LCB -243.30c P 19.49% WF   4.0 PSV      10 N       7  --  H2 J5 D4
C2  : T -74.04c W -41.07c S -14.58c ( +3.1 L  +2.7) LCB -207.13c P 14.48% WF   3.7 PSV       8 N      19  --  C2 C1 G1 H2 G3
J3  : T -109.13c W -82.00c S -22.70c ( -0.3 L  -0.1) LCB -374.83c P  7.30% WF   2.0 PSV       3 N       4  --  J3 H2 G3
E1  : T  16.45c W  31.34c S -10.57c ( +5.8 L  +4.5) LCB  -17.57c P  2.12% WF   1.2 PSV       2 N       5  --  E1 H2 G3 J3
J2  : T -120.06c W -93.72c S -23.88c ( -0.7 L  -0.5) LCB -425.94c P  0.25% WF   1.7 PSV       0 N       2  --  J2 J5
C1  : T -118.16c W -92.03c S -23.70c ( -0.7 L  -0.5) LCB -388.01c P  0.02% WF   1.0 PSV       0 N       2  --  C1 C2
C3  : T -32.60c W -18.32c S -13.68c ( +3.0 L  +0.7) LCB -187.03c P  0.01% WF   0.3 PSV       0 N       2  --  C3 D4

2024-06-10 18:00:17-0400: = J5
2024-06-10 18:00:19-0400: Controller: kata-list_time_settings
2024-06-10 18:00:19-0400: = none absolute byoyomi canadian fischer fischer-capped
2024-06-10 18:00:19-0400: Controller: play black j4
2024-06-10 18:00:19-0400: = 
2024-06-10 18:00:19-0400: Controller: genmove white
2024-06-10 18:00:20-0400: MoveNum: 58 HASH: 3366114C12DE5887675E9C52C2219552
   A B C D E F G H J
 9 . . . . O . O X X
 8 . . . O . O O O X
 7 . O . O . O O X X
 6 O . O . O X X X .
 5 O O X O O O X . O2
 4 O X X . O X X X X3
 3 O X . X X X . O .
 2 O X . O O O O @ .
 1 X X . X1. . . X .

koPOSITIONALscoreAREAtaxNONEsui1komi5.5
Time taken: 1.016
Root visits: 2324
New playouts: 2324
NN rows: 1336
NN batches: 57
NN avg batch size: 23.4386
PlayoutDoublingAdvantage: 0.625
PV: H2 C2 D4 J3 J2 E1 F1 G3 E7 G1 C1 D1 J6
Tree:
: T  89.91c W  98.52c S  -1.90c (+24.8 L +25.1) N    2324  --  H2 C2 D4 J3 J2 E1 F1
---White(^)---
H2  : T  90.31c W  98.93c S  -1.91c (+24.8 L +25.1) LCB   88.53c P 72.55% WF 7730.2 PSV    7705 N    2023  --  H2 C2 D4 J3 J2 E1 F1 G3
J3  : T  88.79c W  97.02c S  -1.40c (+25.0 L +25.3) LCB   80.01c P 16.21% WF 786.4 PSV     706 N     228  --  J3 H2 G3 C2 G1 E1 D4 C3
J2  : T  78.18c W  85.16c S  -7.26c (+18.9 L +18.9) LCB   22.16c P  1.58% WF  14.8 PSV      13 N      16  --  J2 H2 G3 J3 G1 C2
G1  : T  45.83c W  72.79c S  -9.08c (+16.3 L +15.7) LCB  -28.73c P  2.37% WF   7.5 PSV       5 N      13  --  G1 H2 G3 J3
C2  : T -92.63c W -59.19c S -25.14c ( +0.6 L  -0.4) LCB -137.35c P  4.30% WF   1.2 PSV       2 N       5  --  C2 H2 G3 J3 J2
G3  : T  72.95c W  79.01c S  -7.43c (+17.3 L +17.1) LCB    4.73c P  0.21% WF   7.1 PSV       1 N      11  --  G3 J3 J2 G1 H2
D4  : T -73.21c W -34.70c S -23.65c ( +0.8 L  +0.5) LCB -170.36c P  1.83% WF   1.0 PSV       1 N       4  --  D4 H2 G3 J3
E1  : T -97.19c W -65.73c S -25.49c ( -0.2 L  -0.8) LCB -295.42c P  0.88% WF   0.6 PSV       0 N       2  --  E1 H2
C1  : T -97.33c W -71.82c S -25.51c ( +0.6 L  -0.9) LCB -447.33c P  0.01% WF   0.3 PSV       0 N       1  --  C1
H5  : T -103.19c W -77.51c S -25.68c ( +0.2 L  -1.3) LCB -453.19c P  0.00% WF   0.4 PSV       0 N       1  --  H5

2024-06-10 18:00:20-0400: = H2
2024-06-10 18:00:22-0400: Controller: kata-list_time_settings
2024-06-10 18:00:22-0400: = none absolute byoyomi canadian fischer fischer-capped
2024-06-10 18:00:22-0400: Controller: play black e1
2024-06-10 18:00:22-0400: = 
2024-06-10 18:00:22-0400: Controller: genmove white
2024-06-10 18:00:23-0400: MoveNum: 60 HASH: 4B60EB2D942DF830343A46D52B8FC3CD
   A B C D E F G H J
 9 . . . . O . O X X
 8 . . . O . O O O X
 7 . O . O . O O X X
 6 O . O . O X X X .
 5 O O X O O O X . O
 4 O X X . O X X X X1
 3 O X . X X X . O @
 2 O X . O O O O O2.
 1 X X . X X3. . X .

koPOSITIONALscoreAREAtaxNONEsui1komi5.5
Time taken: 1.015
Root visits: 1290
New playouts: 1290
NN rows: 1281
NN batches: 57
NN avg batch size: 22.4737
PlayoutDoublingAdvantage: 0.5
PV: J3 C2 D4 G3 F1 J1 C1 D1 E1 G1 C1 C3 J6 D1 J2 H1 C1 H5 J6 D1 A8
Tree:
: T 116.32c W  97.24c S  18.07c (+71.4 L +72.2) N    1290  --  J3 C2 D4 G3 F1 J1 C1
---White(^)---
J3  : T 118.41c W  97.20c S  20.32c (+73.9 L +74.8) LCB  113.79c P 21.46% WF 5048.9 PSV    4949 N    1137  --  J3 C2 D4 G3 F1 J1 C1 D1
F1  : T  82.42c W  99.46c S -14.76c (+30.4 L +30.9) LCB   68.37c P 33.66% WF  83.3 PSV     102 N      24  --  F1 J3 J2 C2 D4 G3
D4  : T  84.49c W  98.96c S -13.14c (+31.5 L +31.6) LCB   67.76c P 25.30% WF  62.4 PSV      81 N      20  --  D4 J3 J2 C3 F1
C2  : T  79.00c W  96.79c S -15.52c (+27.5 L +28.2) LCB   68.92c P 15.79% WF  34.7 PSV      43 N      23  --  C2 C1 F1 J3 D4 C3 J2
J2  : T  81.03c W  99.65c S -19.59c (+25.4 L +26.5) LCB   69.42c P  1.81% WF  34.1 PSV       5 N       8  --  J2 C1 D4
J6  : T  80.76c W  98.22c S -16.78c (+28.3 L +29.8) LCB   35.84c P  0.72% WF  13.3 PSV       2 N       5  --  J6 J3 J2 C2
H5  : T  81.38c W  98.77c S -16.82c (+28.4 L +29.6) LCB   56.91c P  0.58% WF  18.7 PSV       1 N       6  --  H5 J3 J2 C2
B6  : T  80.76c W  95.11c S -13.98c (+28.4 L +30.7) LCB   49.96c P  0.01% WF   2.0 PSV       0 N       6  --  B6 J3 J2 F1
C1  : T  77.43c W  94.59c S -14.43c (+27.5 L +29.7) LCB  -16.31c P  0.22% WF   7.8 PSV       0 N       5  --  C1 C2 D4 J3
G1  : T  78.96c W  99.29c S -20.36c (+23.2 L +24.1) LCB   48.96c P  0.14% WF  12.4 PSV       0 N       5  --  G1 J3 J2 C2

2024-06-10 18:00:23-0400: = J3
2024-06-10 18:00:25-0400: Controller: kata-list_time_settings
2024-06-10 18:00:25-0400: = none absolute byoyomi canadian fischer fischer-capped
2024-06-10 18:00:25-0400: Controller: play black d4
2024-06-10 18:00:25-0400: = 
2024-06-10 18:00:25-0400: Controller: genmove white
2024-06-10 18:00:26-0400: MoveNum: 62 HASH: 19C4D1F2CF65702CA9955E2B224F7C2D
   A B C D E F G H J
 9 . . . . O . O X X
 8 . . . O . O O O X
 7 . O . O . O O X X
 6 O . O . O X X X .
 5 O O X O O O X . O
 4 O X X X3O X X X X
 3 O X . X X X . O O2
 2 O X @ O O O O O .
 1 X X . X X1. . X .

koPOSITIONALscoreAREAtaxNONEsui1komi5.5
Time taken: 0.812
Root visits: 1477
New playouts: 1477
NN rows: 1023
NN batches: 44
NN avg batch size: 23.25
PlayoutDoublingAdvantage: 0.375
PV: C2 J1 C1 pass C3 pass G3
Tree:
: T 122.68c W  99.44c S  15.77c (+84.2 L +84.7) N    1477  --  C2 J1 C1 pass C3 pass G3
---White(^)---
C2  : T 123.64c W  99.47c S  17.91c (+85.5 L +86.0) LCB  121.85c P 98.31% WF 8576.3 PSV    8518 N    1392  --  C2 J1 C1 pass C3 pass G3
J1  : T  81.95c W  99.28c S -20.52c (+28.2 L +28.9) LCB   50.72c P  0.40% WF  33.2 PSV       0 N       8  --  J1 C2 G1 C1
G1  : T  76.57c W  99.64c S -21.80c (+24.0 L +24.5) LCB   48.18c P  0.19% WF  22.9 PSV       0 N       5  --  G1 J1 C2 C1
H5  : T  77.29c W  99.64c S -22.51c (+19.9 L +20.3) LCB   30.66c P  0.09% WF  12.1 PSV       0 N       5  --  H5 C2 J1 C1
A8  : T  79.60c W  97.97c S -21.42c (+26.5 L +26.8) LCB   33.50c P  0.04% WF   6.7 PSV       0 N       5  --  A8 C2 J1 C1
B6  : T  78.59c W  97.89c S -21.96c (+24.9 L +25.4) LCB   35.70c P  0.03% WF   5.0 PSV       0 N       5  --  B6 C2 J1 C1
F1  : T  74.30c W  97.64c S -22.71c (+21.9 L +22.5) LCB  -14.86c P  0.25% WF   9.9 PSV       0 N       4  --  F1 C2 J1
J6  : T  77.35c W  99.69c S -22.50c (+20.0 L +20.4) LCB   31.12c P  0.14% WF  17.7 PSV       0 N       4  --  J6 C2 J1 C1
A7  : T  77.00c W  99.00c S -22.46c (+20.2 L +20.7) LCB   23.93c P  0.07% WF   9.5 PSV       0 N       4  --  A7 C2 J1 C1
E8  : T  77.05c W  99.07c S -22.44c (+20.3 L +20.7) LCB   21.59c P  0.04% WF   5.7 PSV       0 N       4  --  E8 C2 J1 C1

2024-06-10 18:00:26-0400: = C2
2024-06-10 18:00:28-0400: Controller: kata-list_time_settings
2024-06-10 18:00:28-0400: = none absolute byoyomi canadian fischer fischer-capped
2024-06-10 18:00:28-0400: Controller: play black c1
2024-06-10 18:00:28-0400: = 
2024-06-10 18:00:28-0400: Controller: genmove white
2024-06-10 18:00:29-0400: MoveNum: 64 HASH: 96AD0E443F96F7A4799679A0B57C96F7
   A B C D E F G H J
 9 . . . . O . O X X
 8 . . . O . O O O X
 7 . O . O . O O X X
 6 O . O . O X X X .
 5 O O X O O O X . O
 4 O X X X1O X X X X
 3 O X . X X X . O O
 2 O X O2O O O O O .
 1 X X X3X X . . X @

koPOSITIONALscoreAREAtaxNONEsui1komi5.5
Time taken: 0.75
Root visits: 1175
New playouts: 1175
NN rows: 1000
NN batches: 42
NN avg batch size: 23.8095
PlayoutDoublingAdvantage: 0.25
PV: J1 J2 G1 J1 J1 pass C3 pass F1
Tree:
: T 123.09c W  99.70c S  16.05c (+84.5 L +84.7) N    1175  --  J1 J2 G1 J1 J1 pass C3
---White(^)---
J1  : T 125.40c W  99.81c S  20.95c (+86.3 L +86.0) LCB  123.87c P 43.90% WF 5159.7 PSV    5028 N     739  --  J1 J2 G1 J1 J1 pass C3 pass
F1  : T 122.17c W  99.66c S  17.36c (+86.0 L +87.1) LCB  119.16c P 29.00% WF 2155.4 PSV     592 N     368  --  F1 J1 F9 J2 J6 G3
G1  : T  78.15c W  99.85c S -21.78c (+24.5 L +25.2) LCB   50.24c P 11.51% WF  24.1 PSV      19 N       5  --  G1 J1 J2
H5  : T  84.99c W  99.28c S -16.53c (+38.4 L +39.1) LCB   36.69c P  3.95% WF  20.4 PSV       7 N       5  --  H5 F1 G1 J1
C3  : T  77.03c W  96.98c S -21.39c (+27.9 L +27.7) LCB  -39.22c P  3.88% WF   9.2 PSV       6 N       4  --  C3 F1 G1 J1
J6  : T  78.42c W  99.24c S -21.54c (+27.0 L +27.5) LCB   14.20c P  3.18% WF  15.9 PSV       5 N       4  --  J6 F1 G1 J1
E7  : T  76.77c W  96.43c S -21.43c (+26.8 L +27.6) LCB  -16.81c P  0.84% WF  10.5 PSV       1 N       3  --  E7 F1 G1
D6  : T  77.90c W  96.68c S -19.97c (+30.6 L +31.7) LCB   -7.70c P  0.75% WF  10.9 PSV       1 N       3  --  D6 F1 G1
B6  : T  79.43c W  98.19c S -18.87c (+33.4 L +35.1) LCB  -24.00c P  0.52% WF  10.2 PSV       0 N       3  --  B6 F1 G1
A7  : T  78.77c W  98.51c S -20.49c (+29.9 L +30.8) LCB  -22.23c P  0.42% WF  10.6 PSV       0 N       3  --  A7 F1 G1

2024-06-10 18:00:29-0400: = J1
2024-06-10 18:00:33-0400: Controller: quit
2024-06-10 18:00:33-0400: Quit requested by controller
2024-06-10 18:00:33-0400: = 
2024-06-10 18:00:33-0400: GPU -1 finishing, processed 141612 rows 5808 batches
2024-06-10 18:00:33-0400: All cleaned up, quitting
