2024-05-18 12:59:03+0800: Running with following config:
allowResignation = true
lagBuffer = 1.0
logAllGTPCommunication = true
logDir = gtp_logs
logSearchInfo = true
logSearchInfoForChosenMove = false
logToStderr = false
maxTimePondering = 60.0
maxVisits = 500
numSearchThreads = 10
ogsChatToStderr = true
ponderingEnabled = false
resignConsecTurns = 3
resignThreshold = -0.90
rules = tromp-taylor
searchFactorAfterOnePass = 0.50
searchFactorAfterTwoPass = 0.25
searchFactorWhenWinning = 0.40
searchFactorWhenWinningThreshold = 0.95
trtDeviceToUseThread0 = 0
trtDeviceToUseThread1 = 1

2024-05-18 12:59:03+0800: GTP Engine starting...
2024-05-18 12:59:03+0800: KataGo v1.14.1
2024-05-18 12:59:03+0800: Using TrompTaylor rules initially, unless GTP/GUI overrides this
2024-05-18 12:59:03+0800: Using 10 CPU thread(s) for search
2024-05-18 12:59:03+0800: nnRandSeed0 = 7374179359408227615
2024-05-18 12:59:03+0800: After dedups: nnModelFile0 = C:\Users\chang\Downloads\KaTrain\KaTrain\katrain\models/kata1-b18c384nbt-s6582191360-d3422816034.bin.gz useFP16 auto useNHWC auto
2024-05-18 12:59:03+0800: Initializing neural net buffer to be size 19 * 19 exactly
2024-05-18 12:59:05+0800: TensorRT backend thread 0: Found GPU NVIDIA GeForce RTX 4060 Laptop GPU memory 8585216000 compute capability major 8 minor 9
2024-05-18 12:59:05+0800: TensorRT backend thread 0: Initializing (may take a long time)
