2024-06-09 12:26:39-0400: Running with following config:
allowResignation = true
lagBuffer = 1.0
logAllGTPCommunication = true
logDir = gtp_logs
logSearchInfo = true
logSearchInfoForChosenMove = false
logToStderr = false
maxTime = 1.0
maxTimePondering = 120.0
numSearchThreads = 32
ogsChatToStderr = true
ponderingEnabled = true
resignConsecTurns = 3
resignThreshold = -0.90
rules = tromp-taylor
searchFactorAfterOnePass = 0.50
searchFactorAfterTwoPass = 0.25
searchFactorWhenWinning = 0.40
searchFactorWhenWinningThreshold = 0.95

2024-06-09 12:26:39-0400: GTP Engine starting...
2024-06-09 12:26:39-0400: KataGo v1.14.1
2024-06-09 12:26:39-0400: Using TrompTaylor rules initially, unless GTP/GUI overrides this
2024-06-09 12:26:39-0400: Using 32 CPU thread(s) for search
2024-06-09 12:26:39-0400: nnRandSeed0 = 12248518847970845874
2024-06-09 12:26:39-0400: After dedups: nnModelFile0 = C:/Users/chang/Downloads/kata1-b18c384nbt-s9937771520-d4300882049.bin.gz useFP16 auto useNHWC auto
2024-06-09 12:26:39-0400: Initializing neural net buffer to be size 19 * 19 exactly
2024-06-09 12:26:42-0400: Found OpenCL Platform 0: NVIDIA CUDA (NVIDIA Corporation) (OpenCL 3.0 CUDA 12.5.51)
2024-06-09 12:26:42-0400: Found 1 device(s) on platform 0 with type CPU or GPU or Accelerator
2024-06-09 12:26:42-0400: Found OpenCL Platform 1: Intel(R) OpenCL Graphics (Intel(R) Corporation) (OpenCL 3.0 )
2024-06-09 12:26:42-0400: Found 1 device(s) on platform 1 with type CPU or GPU or Accelerator
2024-06-09 12:26:42-0400: Found OpenCL Device 0: NVIDIA GeForce RTX 4060 Laptop GPU (NVIDIA Corporation) (score 11000300)
2024-06-09 12:26:42-0400: Found OpenCL Device 1: Intel(R) UHD Graphics (Intel(R) Corporation) (score 6000300)
2024-06-09 12:26:42-0400: Creating context for OpenCL Platform: NVIDIA CUDA (NVIDIA Corporation) (OpenCL 3.0 CUDA 12.5.51)
2024-06-09 12:26:43-0400: Using OpenCL Device 0: NVIDIA GeForce RTX 4060 Laptop GPU (NVIDIA Corporation) OpenCL 3.0 CUDA (Extensions: cl_khr_global_int32_base_atomics cl_khr_global_int32_extended_atomics cl_khr_local_int32_base_atomics cl_khr_local_int32_extended_atomics cl_khr_fp64 cl_khr_3d_image_writes cl_khr_byte_addressable_store cl_khr_icd cl_khr_gl_sharing cl_nv_compiler_options cl_nv_device_attribute_query cl_nv_pragma_unroll cl_nv_d3d10_sharing cl_khr_d3d10_sharing cl_nv_d3d11_sharing cl_nv_copy_opts cl_nv_create_buffer cl_khr_int64_base_atomics cl_khr_int64_extended_atomics cl_khr_device_uuid cl_khr_pci_bus_info cl_khr_external_semaphore cl_khr_external_memory cl_khr_external_semaphore_win32 cl_khr_external_memory_win32)
2024-06-09 12:26:43-0400: Loaded tuning parameters from: C:\Users\chang\Downloads\katago-v1.14.1-opencl-windows-x64/KataGoData/opencltuning/tune11_gpuNVIDIAGeForceRTX4060LaptopGPU_x19_y19_c384_mv14.txt
2024-06-09 12:26:43-0400: OpenCL backend thread 0: Model version 14
2024-06-09 12:26:43-0400: OpenCL backend thread 0: Model name: kata1-b18c384nbt-s9937771520-d4300882049
2024-06-09 12:26:44-0400: OpenCL backend thread 0: FP16Storage true FP16Compute false FP16TensorCores true FP16TensorCoresFor1x1 false
2024-06-09 12:26:44-0400: Loaded neural net with nnXLen 19 nnYLen 19
2024-06-09 12:26:44-0400: Initializing board with boardXSize 19 boardYSize 19
2024-06-09 12:26:44-0400: Loaded config C:\Users\chang\Downloads\katago-v1.14.1-cuda12.1-cudnn8.9.7-windows-x64/default_gtp.cfg
2024-06-09 12:26:44-0400: Loaded model C:/Users/chang/Downloads/kata1-b18c384nbt-s9937771520-d4300882049.bin.gz
2024-06-09 12:26:44-0400: Model name: kata1-b18c384nbt-s9937771520-d4300882049
2024-06-09 12:26:44-0400: GTP ready, beginning main protocol loop
2024-06-09 12:26:44-0400: Controller: list_commands
2024-06-09 12:26:44-0400: = protocol_version
name
version
known_command
list_commands
quit
boardsize
rectangular_boardsize
clear_board
set_position
komi
get_komi
play
undo
kata-get-rules
kata-set-rule
kata-set-rules
kata-get-param
kata-set-param
kata-list-params
kgs-rules
genmove
genmove_debug
search_debug
clear_cache
showboard
fixed_handicap
place_free_handicap
set_free_handicap
time_settings
kgs-time_settings
time_left
kata-list_time_settings
kata-time_settings
final_score
final_status_list
loadsgf
printsgf
lz-genmove_analyze
kata-genmove_analyze
lz-analyze
kata-analyze
kata-raw-nn
cputime
gomill-cpu_time
kata-benchmark
kata-debug-print-tc
debug_moves
stop
2024-06-09 12:26:44-0400: Controller: boardsize 9
2024-06-09 12:26:44-0400: GPU -1 finishing, processed 0 rows 0 batches
2024-06-09 12:26:44-0400: Cleaned up old neural net and bot
2024-06-09 12:26:44-0400: nnRandSeed0 = 8162412835978632544
2024-06-09 12:26:44-0400: After dedups: nnModelFile0 = C:/Users/chang/Downloads/kata1-b18c384nbt-s9937771520-d4300882049.bin.gz useFP16 auto useNHWC auto
2024-06-09 12:26:44-0400: Initializing neural net buffer to be size 9 * 9 exactly
2024-06-09 12:26:46-0400: Found OpenCL Platform 0: NVIDIA CUDA (NVIDIA Corporation) (OpenCL 3.0 CUDA 12.5.51)
2024-06-09 12:26:46-0400: Found 1 device(s) on platform 0 with type CPU or GPU or Accelerator
2024-06-09 12:26:46-0400: Found OpenCL Platform 1: Intel(R) OpenCL Graphics (Intel(R) Corporation) (OpenCL 3.0 )
2024-06-09 12:26:46-0400: Found 1 device(s) on platform 1 with type CPU or GPU or Accelerator
2024-06-09 12:26:46-0400: Found OpenCL Device 0: NVIDIA GeForce RTX 4060 Laptop GPU (NVIDIA Corporation) (score 11000300)
2024-06-09 12:26:46-0400: Found OpenCL Device 1: Intel(R) UHD Graphics (Intel(R) Corporation) (score 6000300)
2024-06-09 12:26:46-0400: Creating context for OpenCL Platform: NVIDIA CUDA (NVIDIA Corporation) (OpenCL 3.0 CUDA 12.5.51)
2024-06-09 12:26:46-0400: Using OpenCL Device 0: NVIDIA GeForce RTX 4060 Laptop GPU (NVIDIA Corporation) OpenCL 3.0 CUDA (Extensions: cl_khr_global_int32_base_atomics cl_khr_global_int32_extended_atomics cl_khr_local_int32_base_atomics cl_khr_local_int32_extended_atomics cl_khr_fp64 cl_khr_3d_image_writes cl_khr_byte_addressable_store cl_khr_icd cl_khr_gl_sharing cl_nv_compiler_options cl_nv_device_attribute_query cl_nv_pragma_unroll cl_nv_d3d10_sharing cl_khr_d3d10_sharing cl_nv_d3d11_sharing cl_nv_copy_opts cl_nv_create_buffer cl_khr_int64_base_atomics cl_khr_int64_extended_atomics cl_khr_device_uuid cl_khr_pci_bus_info cl_khr_external_semaphore cl_khr_external_memory cl_khr_external_semaphore_win32 cl_khr_external_memory_win32)
2024-06-09 12:26:46-0400: Loaded tuning parameters from: C:\Users\chang\Downloads\katago-v1.14.1-opencl-windows-x64/KataGoData/opencltuning/tune11_gpuNVIDIAGeForceRTX4060LaptopGPU_x19_y19_c384_mv14.txt
2024-06-09 12:26:47-0400: OpenCL backend thread 0: Model version 14
2024-06-09 12:26:47-0400: OpenCL backend thread 0: Model name: kata1-b18c384nbt-s9937771520-d4300882049
2024-06-09 12:26:49-0400: OpenCL backend thread 0: FP16Storage true FP16Compute false FP16TensorCores true FP16TensorCoresFor1x1 false
2024-06-09 12:26:49-0400: Loaded neural net with nnXLen 9 nnYLen 9
2024-06-09 12:26:49-0400: Initializing board with boardXSize 9 boardYSize 9
2024-06-09 12:26:49-0400: = 
2024-06-09 12:26:49-0400: Controller: clear_board
2024-06-09 12:26:49-0400: = 
2024-06-09 12:26:49-0400: Controller: komi 7.5
2024-06-09 12:26:49-0400: = 
2024-06-09 12:26:49-0400: Controller: play black g5
2024-06-09 12:26:49-0400: = 
2024-06-09 12:26:49-0400: Controller: genmove white
2024-06-09 12:26:50-0400: MoveNum: 1 HASH: E88DE61907BF739F46D3DC7DEC9D01AA
   A B C D E F G H J
 9 . . . . . . . . .
 8 . . . . . . . . .
 7 . . . . . . . . .
 6 . . . . . . . . .
 5 . . . @ . . X1. .
 4 . . . . . . . . .
 3 . . . . . . . . .
 2 . . . . . . . . .
 1 . . . . . . . . .

koPOSITIONALscoreAREAtaxNONEsui1komi7.5
Time taken: 1.125
Root visits: 1905
New playouts: 1905
NN rows: 1410
NN batches: 54
NN avg batch size: 26.1111
PV: D5 D6 E6 E5 E7 E4 C5 C3 G7 C7 B3 B4 D3 D4
Tree:
: T  81.60c W  82.20c S   0.30c ( +1.9 L  +0.9) N    1905  --  D5 D6 E6 E5 E7 E4 C5
---White(^)---
D5  : T  83.16c W  83.44c S   0.51c ( +2.0 L  +1.0) LCB   81.33c P 63.54% WF 1485.1 PSV    1465 N    1191  --  D5 D6 E6 E5 E7 E4 C5 C3
D4  : T  81.15c W  81.88c S  -0.01c ( +1.8 L  +0.8) LCB   76.47c P  9.51% WF 161.0 PSV     100 N     122  --  D4 D6 C6 D7 D5 C7 F4 G4
E4  : T  81.76c W  82.08c S   0.29c ( +1.9 L  +0.9) LCB   77.24c P  1.95% WF 227.0 PSV      24 N     170  --  E4 E5 D5 D4 E3 D3 C5 E2
C4  : T  79.99c W  80.77c S   0.02c ( +1.8 L  +0.8) LCB   75.34c P  2.27% WF 180.4 PSV      18 N     144  --  C4 D5 D4 C5 E4 E5 F4 F5
E5  : T  73.46c W  76.88c S  -0.17c ( +1.7 L  +0.6) LCB   64.73c P  4.48% WF  41.1 PSV      15 N      29  --  E5 C6 D7 D4 E4 D3
C5  : T  79.78c W  81.50c S  -0.13c ( +1.7 L  +0.7) LCB   73.93c P  1.53% WF 136.3 PSV      11 N     102  --  C5 D5 D6 C4 C6 D4 F7 E6
D3  : T  75.34c W  76.22c S  -0.43c ( +1.6 L  +0.7) LCB   67.04c P  0.56% WF  36.9 PSV       2 N      29  --  D3 D6 G3 C3 C4 D4 E3
E3  : T  75.53c W  76.30c S  -0.37c ( +1.6 L  +0.7) LCB   67.96c P  0.41% WF  28.4 PSV       1 N      23  --  E3 D6 C4 C5 B4 F3 E4 F4
F4  : T  69.74c W  72.58c S  -0.70c ( +1.4 L  +0.7) LCB   57.47c P  0.40% WF  18.6 PSV       1 N      15  --  F4 F5 D4 E4 E3 E5 C3
F5  : T  77.25c W  79.60c S  -0.39c ( +1.6 L  +0.6) LCB   68.02c P  0.19% WF  37.4 PSV       0 N      32  --  F5 F4 E4 E5 F6 D4 E3

2024-06-09 12:26:50-0400: = D5
2024-06-09 12:26:54-0400: Controller: kata-list_time_settings
2024-06-09 12:26:54-0400: = none absolute byoyomi canadian fischer fischer-capped
2024-06-09 12:26:54-0400: Controller: play black d6
2024-06-09 12:26:54-0400: = 
2024-06-09 12:26:54-0400: Controller: genmove white
2024-06-09 12:26:55-0400: MoveNum: 3 HASH: 3EB929891F9457242A4622CE5E09473C
   A B C D E F G H J
 9 . . . . . . . . .
 8 . . . . . . . . .
 7 . . . . . . . . .
 6 . . . X3. . . . .
 5 . . . O2@ . X1. .
 4 . . . . . . . . .
 3 . . . . . . . . .
 2 . . . . . . . . .
 1 . . . . . . . . .

koPOSITIONALscoreAREAtaxNONEsui1komi7.5
Time taken: 1.015
Root visits: 4912
New playouts: 4135
NN rows: 1385
NN batches: 57
NN avg batch size: 24.2982
PV: E5 E6 F5 F6 G4 H4 G3 C5 C4 D4 C6 B5 D3 C7 G6 H5 G7 H3 G2 F7 H8 H6 H7
Tree:
: T  90.40c W  88.32c S   2.38c ( +2.7 L  +2.1) N    4912  --  E5 E6 F5 F6 G4 H4 G3
---White(^)---
E5  : T  93.79c W  91.00c S   2.83c ( +2.9 L  +2.4) LCB   92.12c P 57.25% WF 3190.5 PSV    3033 N    2197  --  E5 E6 F5 F6 G4 H4 G3 C5
C6  : T  79.18c W  80.93c S   0.98c ( +2.1 L  +1.4) LCB   73.07c P 28.38% WF 192.3 PSV     146 N     202  --  C6 E5 D4 E4 E6 D7 C7 D3
E6  : T  85.69c W  84.38c S   1.85c ( +2.5 L  +1.8) LCB   83.98c P  5.74% WF 1650.8 PSV      49 N    2449  --  E6 E5 E7 E4 C6 D4 C5 C4
C5  : T  69.42c W  75.17c S  -0.48c ( +1.4 L  +0.6) LCB   49.00c P  4.78% WF  14.9 PSV      15 N      13  --  C5 E6 F4 G4 C6 C7 B7 F3
F4  : T  73.00c W  76.35c S  -0.30c ( +1.5 L  +0.7) LCB   59.20c P  2.29% WF  14.1 PSV       8 N      11  --  F4 C5 C4 E5 D4
F5  : T  83.04c W  82.81c S   0.06c ( +1.7 L  +0.9) LCB   75.25c P  1.08% WF  46.5 PSV       7 N      39  --  F5 E5 F4 F6 E4 E6 C5 G4

2024-06-09 12:26:55-0400: = E5
2024-06-09 12:27:09-0400: Controller: kata-list_time_settings
2024-06-09 12:27:09-0400: = none absolute byoyomi canadian fischer fischer-capped
2024-06-09 12:27:09-0400: Controller: play black c5
2024-06-09 12:27:09-0400: = 
2024-06-09 12:27:09-0400: Controller: genmove white
2024-06-09 12:27:10-0400: MoveNum: 5 HASH: B1FBFBBC1C78087EA11AEFF8A570647A
   A B C D E F G H J
 9 . . . . . . . . .
 8 . . . . . . . . .
 7 . . . . . . . . .
 6 . . . X1@ . . . .
 5 . . X3O O2. X . .
 4 . . . . . . . . .
 3 . . . . . . . . .
 2 . . . . . . . . .
 1 . . . . . . . . .

koPOSITIONALscoreAREAtaxNONEsui1komi7.5
Time taken: 1
Root visits: 18361
New playouts: 2349
NN rows: 1361
NN batches: 56
NN avg batch size: 24.3036
PV: E6 C6 D3 C3 G3 F3 C4 B4 D4 B3 G4 F4 F2 G8 E7 H5 F5
Tree:
: T  92.51c W  91.39c S   1.91c ( +2.5 L  +2.0) N   18361  --  E6 C6 D3 C3 G3 F3 C4
---White(^)---
E6  : T  92.93c W  91.78c S   1.94c ( +2.5 L  +2.0) LCB   92.38c P 32.73% WF 22834.0 PSV   22658 N   16190  --  E6 C6 D3 C3 G3 F3 C4 B4
C4  : T  89.02c W  88.09c S   1.69c ( +2.5 L  +1.6) LCB   88.06c P 61.13% WF 2495.2 PSV    2666 N    2143  --  C4 C6 E6 C3 D4 B4 D3 C2
C6  : T  30.90c W  41.99c S  -1.61c ( +0.9 L  +0.5) LCB   -3.17c P  3.83% WF   8.6 PSV      11 N      17  --  C6 C7 B6 C4 D7 E6 F6 E7
F6  : T  49.43c W  52.40c S  -2.29c ( +0.6 L  +0.3) LCB   12.52c P  0.97% WF   4.0 PSV       4 N       5  --  F6 C4 G6 G3
G6  : T  55.46c W  56.18c S  -2.05c ( +0.8 L  +0.5) LCB  -23.96c P  0.67% WF   2.5 PSV       3 N       3  --  G6 C4
F5  : T  12.73c W  16.11c S  -3.39c ( +0.0 L  +0.1) LCB -337.27c P  0.44% WF   0.5 PSV       1 N       1  --  F5
G4  : T  52.97c W  54.10c S  -1.13c ( +1.1 L  +0.8) LCB -297.03c P  0.06% WF   0.8 PSV       0 N       1  --  G4

2024-06-09 12:27:10-0400: = E6
2024-06-09 12:27:23-0400: Controller: kata-list_time_settings
2024-06-09 12:27:23-0400: = none absolute byoyomi canadian fischer fischer-capped
2024-06-09 12:27:23-0400: Controller: play black c6
2024-06-09 12:27:23-0400: = 
2024-06-09 12:27:23-0400: Controller: genmove white
2024-06-09 12:27:24-0400: MoveNum: 7 HASH: 7267C76E652D718E1F024E73CE501395
   A B C D E F G H J
 9 . . . . . . . . .
 8 . . . . . . . . .
 7 . . . . . . . . .
 6 . . X3X O2. . . .
 5 . . X1O O . X . .
 4 . . . . . . . . .
 3 . . . @ . . . . .
 2 . . . . . . . . .
 1 . . . . . . . . .

koPOSITIONALscoreAREAtaxNONEsui1komi7.5
Time taken: 1.031
Root visits: 52213
New playouts: 2851
NN rows: 1365
NN batches: 56
NN avg batch size: 24.375
PV: D3 C3 G3 G4 C2 C4 F3 G7 G8 F7 E7 F8 B2 D8 B3 B4 E8 E9 D7 C7 C8 D9 B8 B7 A4
Tree:
: T  94.82c W  93.47c S   1.94c ( +2.6 L  +2.3) N   52213  --  D3 C3 G3 G4 C2 C4 F3
---White(^)---
D3  : T  95.07c W  93.71c S   1.95c ( +2.6 L  +2.3) LCB   94.74c P 61.42% WF 75552.0 PSV   75263 N   48362  --  D3 C3 G3 G4 C2 C4 F3 G7
F3  : T  92.78c W  91.34c S   1.93c ( +2.6 L  +1.9) LCB   91.42c P  6.77% WF 2177.0 PSV    1091 N    1616  --  F3 G3 G2 C3 G7 H2 G4 H3
C4  : T  89.92c W  88.39c S   1.92c ( +2.6 L  +1.8) LCB   88.53c P 13.00% WF 1277.0 PSV    1005 N    1114  --  C4 C3 D4 B4 D3 C2 G3 G4
D7  : T  92.69c W  91.61c S   1.52c ( +2.4 L  +1.6) LCB   91.10c P  5.30% WF 825.3 PSV     827 N     591  --  D7 C7 F3 G3 G2 H2 G4 H3
E7  : T  87.02c W  87.23c S   1.14c ( +2.2 L  +1.4) LCB   83.49c P  4.10% WF 326.9 PSV     207 N     290  --  E7 D4 F4 G4 F3 G7 C3 C4
G3  : T  82.54c W  81.90c S   1.05c ( +2.2 L  +1.3) LCB   76.03c P  2.91% WF  87.6 PSV      96 N      81  --  G3 F3 C4 G4 F2 G2 B4
F7  : T  82.63c W  83.25c S  -0.80c ( +1.4 L  +0.6) LCB   77.82c P  2.37% WF 106.0 PSV      78 N      93  --  F7 G3 F3 G2 C3 C4 D3 E8
G6  : T  63.66c W  65.96c S  -1.37c ( +1.1 L  +0.6) LCB   47.84c P  1.99% WF  29.5 PSV      26 N      40  --  G6 H6 D3 C3 G7 G3 D7 C7
G4  : T  40.75c W  45.98c S  -2.13c ( +0.7 L  +0.3) LCB   10.53c P  1.45% WF   7.8 PSV      11 N      14  --  G4 F4 F5 G3 H4 F3 G6 D4
E8  : T  75.01c W  76.72c S  -0.99c ( +1.3 L  +0.4) LCB   45.20c P  0.25% WF   6.0 PSV       5 N       5  --  E8 G3 D3 C3

2024-06-09 12:27:24-0400: = D3
2024-06-09 12:27:29-0400: Controller: kata-list_time_settings
2024-06-09 12:27:29-0400: = none absolute byoyomi canadian fischer fischer-capped
2024-06-09 12:27:29-0400: Controller: play black c3
2024-06-09 12:27:29-0400: = 
2024-06-09 12:27:29-0400: Controller: genmove white
2024-06-09 12:27:30-0400: MoveNum: 9 HASH: 162C1AE523B6855ECB207B2C739D762D
   A B C D E F G H J
 9 . . . . . . . . .
 8 . . . . . . . . .
 7 . . . . . . . . .
 6 . . X1X O . . . .
 5 . . X O O . X . .
 4 . . . . . . . . .
 3 . . X3O2. . @ . .
 2 . . . . . . . . .
 1 . . . . . . . . .

koPOSITIONALscoreAREAtaxNONEsui1komi7.5
Time taken: 1.047
Root visits: 61920
New playouts: 3234
NN rows: 1385
NN batches: 56
NN avg batch size: 24.7321
PV: G3 G7 F7 G4 C2 B3 H3 G8 D7 C7 F4 D8 F8 H4 B2 D2 E2 D4 E3 J3 J2 J4 E8 C8 A3
Tree:
: T  94.29c W  93.28c S   1.81c ( +2.5 L  +2.3) N   61920  --  G3 G7 F7 G4 C2 B3 H3
---White(^)---
G3  : T  94.51c W  93.51c S   1.82c ( +2.5 L  +2.3) LCB   94.13c P 53.11% WF 87255.5 PSV   86961 N   58024  --  G3 G7 F7 G4 C2 B3 H3 G8
G4  : T  88.73c W  88.41c S   1.26c ( +2.2 L  +1.6) LCB   86.66c P 17.73% WF 1345.0 PSV    1478 N    1224  --  G4 H4 G3 G7 F7 H3 H2 H6
C2  : T  89.91c W  88.39c S   1.85c ( +2.5 L  +1.9) LCB   87.84c P 10.84% WF 1139.0 PSV    1207 N    1011  --  C2 C4 G3 H3 D7 E7 F7 E8
D7  : T  93.49c W  91.73c S   2.14c ( +2.6 L  +2.0) LCB   91.16c P  5.11% WF 1171.3 PSV    1191 N     849  --  D7 G7 G3 D2 E3 F8 E8 F7
C4  : T  91.61c W  89.74c S   2.31c ( +2.7 L  +2.0) LCB   90.02c P  3.61% WF 601.3 PSV     613 N     496  --  C4 B4 D4 C2 G3 G4 H3 G7
E7  : T  88.31c W  88.21c S   0.77c ( +2.0 L  +1.2) LCB   83.10c P  1.84% WF 146.5 PSV     154 N     125  --  E7 G7 C2 C4 G3 G4 B2 D8
F7  : T  76.15c W  77.29c S  -0.97c ( +1.3 L  +0.5) LCB   70.13c P  2.67% WF  66.9 PSV      78 N      72  --  F7 F3 G6 H5 C2 C4 E3 F2
F3  : T  74.35c W  76.40c S  -1.00c ( +1.3 L  +0.8) LCB   61.67c P  1.56% WF  35.9 PSV      42 N      40  --  F3 G7 F7 G8 C2 C4 D7 D4
G7  : T  80.25c W  80.51c S  -0.02c ( +1.7 L  +0.9) LCB   69.13c P  1.09% WF  37.0 PSV      41 N      37  --  G7 E7 F7 F3 D7 E8 D8 C8
G6  : T  52.85c W  56.72c S  -1.68c ( +0.9 L  +0.6) LCB   31.51c P  2.00% WF  20.4 PSV      26 N      34  --  G6 H6 G7 G3 D7 C7 D8 H7

2024-06-09 12:27:30-0400: = G3
2024-06-09 12:27:33-0400: Controller: kata-list_time_settings
2024-06-09 12:27:33-0400: = none absolute byoyomi canadian fischer fischer-capped
2024-06-09 12:27:33-0400: Controller: play black g4
2024-06-09 12:27:33-0400: = 
2024-06-09 12:27:33-0400: Controller: genmove white
2024-06-09 12:27:34-0400: MoveNum: 11 HASH: 0CEC8A37FB95672619D63281A14D6A27
   A B C D E F G H J
 9 . . . . . . . . .
 8 . . . . . . . . .
 7 . . . . . . . . .
 6 . . X X O . . . .
 5 . . X O O . X . .
 4 . . . . . . X3. .
 3 . . X1O . @ O2. .
 2 . . . . . . . . .
 1 . . . . . . . . .

koPOSITIONALscoreAREAtaxNONEsui1komi7.5
Time taken: 1.032
Root visits: 21330
New playouts: 7446
NN rows: 1332
NN batches: 57
NN avg batch size: 23.3684
PV: C2 C4 F3 G7 G8 F7 E7 F8 B2 D8 B3 B4 E8 E9 D7 C7 C8 D9 B8 B7 A4 A5 A3 A7 H4
Tree:
: T  95.82c W  95.47c S   1.15c ( +1.9 L  +2.0) N   21330  --  C2 C4 F3 G7 G8 F7 E7
---White(^)---
C2  : T  96.12c W  95.87c S   1.00c ( +1.9 L  +2.0) LCB   95.65c P 30.19% WF 25764.7 PSV   29663 N   12769  --  C2 C4 F3 G7 G8 F7 E7 F8
F3  : T  95.83c W  95.55c S   1.01c ( +1.9 L  +2.0) LCB   95.25c P 35.29% WF 13428.8 PSV   13460 N    6964  --  F3 G7 C2 C4 G8 F7 E7 F8
H3  : T  91.55c W  89.14c S   3.98c ( +3.3 L  +2.8) LCB   88.89c P 30.62% WF 1584.5 PSV    1593 N    1474  --  H3 F3 F2 G7 F7 G8 D7 C7
C4  : T  91.69c W  89.03c S   3.21c ( +2.9 L  +2.2) LCB   87.89c P  1.06% WF 108.2 PSV      56 N      94  --  C4 B4 D4 C2 H3 G7 B5 B3
D7  : T  89.77c W  88.42c S   2.13c ( +2.4 L  +1.6) LCB   69.42c P  0.29% WF  11.2 PSV      11 N       8  --  D7 F3 C7
F7  : T  42.69c W  46.30c S  -1.58c ( +0.7 L  +0.2) LCB    6.98c P  1.69% WF   5.8 PSV       7 N      12  --  F7 F3 F2 G2 C2
G6  : T  79.62c W  77.84c S  -0.23c ( +1.4 L  +0.6) LCB    3.90c P  0.28% WF   3.4 PSV       4 N       3  --  G6 F3
E7  : T  80.64c W  81.58c S   0.45c ( +1.7 L  +0.8) LCB  -68.88c P  0.16% WF   2.4 PSV       2 N       2  --  E7 F3
D4  : T  70.43c W  70.15c S   0.28c ( +1.6 L  +0.8) LCB -279.57c P  0.11% WF   0.8 PSV       1 N       1  --  D4
G7  : T  67.92c W  71.85c S  -0.09c ( +1.4 L  +1.0) LCB -282.08c P  0.11% WF   0.9 PSV       0 N       1  --  G7

2024-06-09 12:27:34-0400: = F3
2024-06-09 12:27:43-0400: Controller: kata-list_time_settings
2024-06-09 12:27:43-0400: = none absolute byoyomi canadian fischer fischer-capped
2024-06-09 12:27:43-0400: Controller: play black g7
2024-06-09 12:27:43-0400: = 
2024-06-09 12:27:43-0400: Controller: genmove white
2024-06-09 12:27:44-0400: MoveNum: 13 HASH: 9C54914E5E4953B65AD3D6996583FAF0
   A B C D E F G H J
 9 . . . . . . . . .
 8 . . . . . . . . .
 7 . . . . . . X3. .
 6 . . X X O . . . .
 5 . . X O O . X . .
 4 . . . . . . X1. .
 3 . . X O . O2O . .
 2 . . @ . . . . . .
 1 . . . . . . . . .

koPOSITIONALscoreAREAtaxNONEsui1komi7.5
Time taken: 1
Root visits: 39587
New playouts: 3358
NN rows: 1298
NN batches: 53
NN avg batch size: 24.4906
PV: C2 C4 G8 F7 E7 F8 B2 D8 B3 B4 D7 C7 E8 E9 C8 D9 B8 B7 A4 A5 A3 A7 H4 H5 H3
Tree:
: T  97.37c W  96.70c S   1.11c ( +1.4 L  +1.6) N   39587  --  C2 C4 G8 F7 E7 F8 B2
---White(^)---
C2  : T  97.70c W  97.03c S   1.09c ( +1.4 L  +1.6) LCB   97.43c P  2.01% WF 90729.2 PSV   90227 N   37038  --  C2 C4 G8 F7 E7 F8 B2 D8
F7  : T  85.06c W  85.12c S   1.83c ( +1.7 L  +1.4) LCB   82.00c P 34.89% WF 1013.3 PSV    1114 N    1219  --  F7 G8 C2 B3 F8 D2 E2 H3
F8  : T  77.65c W  74.81c S   3.01c ( +2.3 L  +1.9) LCB   68.85c P 21.21% WF 309.6 PSV     405 N     554  --  F8 G8 C2 C4 F6 E8 F7 D4
E8  : T  70.77c W  69.66c S   1.35c ( +1.5 L  +1.1) LCB   63.20c P 22.74% WF 235.6 PSV     334 N     452  --  E8 D2 E2 D4 E4 E3 H4 H5
E7  : T  55.38c W  60.81c S   0.04c ( +0.9 L  +0.5) LCB   39.85c P 13.94% WF  86.1 PSV     133 N     195  --  E7 D2 G8 H8 F8 D4 E3 H9
G8  : T  82.84c W  81.26c S   2.30c ( +1.9 L  +1.6) LCB   72.39c P  3.48% WF  91.3 PSV      94 N     105  --  G8 F7 E7 F8 C2 B3 B2 D8
D7  : T  61.07c W  64.99c S   0.41c ( +1.1 L  +1.0) LCB   31.64c P  1.49% WF  13.0 PSV      16 N      20  --  D7 D2 E2 C7 E8 D4
G6  : T  39.79c W  40.88c S  -1.09c ( +0.4 L  +0.0) LCB -310.21c P  0.13% WF   0.5 PSV       0 N       1  --  G6
F6  : T  20.15c W  22.21c S  -2.06c ( -0.0 L  +0.1) LCB -329.85c P  0.03% WF   0.5 PSV       0 N       1  --  F6
C4  : T  33.60c W  34.94c S  -1.34c ( +0.3 L  -0.2) LCB -316.40c P  0.03% WF   0.4 PSV       0 N       1  --  C4

2024-06-09 12:27:44-0400: = C2
2024-06-09 12:27:46-0400: Controller: kata-list_time_settings
2024-06-09 12:27:46-0400: = none absolute byoyomi canadian fischer fischer-capped
2024-06-09 12:27:46-0400: Controller: play black c4
2024-06-09 12:27:46-0400: = 
2024-06-09 12:27:46-0400: Controller: genmove white
2024-06-09 12:27:47-0400: MoveNum: 15 HASH: 254F95A1F4809FFD0F7D178B72CC48C1
   A B C D E F G H J
 9 . . . . . . . . .
 8 . . . . . . @ . .
 7 . . . . . . X1. .
 6 . . X X O . . . .
 5 . . X O O . X . .
 4 . . X3. . . X . .
 3 . . X O . O O . .
 2 . . O2. . . . . .
 1 . . . . . . . . .

koPOSITIONALscoreAREAtaxNONEsui1komi7.5
Time taken: 1.031
Root visits: 30443
New playouts: 11478
NN rows: 1273
NN batches: 55
NN avg batch size: 23.1455
PV: G8 F7 E7 F8 B2 D8 B3 B4 D7 C7 E8 E9 C8 D9 B8 B7 A4 A5 A3 A7 H4 H5 H3 J5 F6
Tree:
: T  97.34c W  96.74c S   1.08c ( +1.5 L  +1.7) N   30443  --  G8 F7 E7 F8 B2 D8 B3
---White(^)---
G8  : T  97.66c W  97.11c S   0.99c ( +1.4 L  +1.6) LCB   97.40c P 13.57% WF 66839.1 PSV   66466 N   27358  --  G8 F7 E7 F8 B2 D8 B3 B4
F7  : T  94.03c W  92.30c S   2.59c ( +2.2 L  +2.2) LCB   92.06c P 40.70% WF 3347.1 PSV    3492 N    2380  --  F7 G8 D7 C7 B2 D8 F8 H3
F8  : T  76.97c W  75.12c S   2.15c ( +2.0 L  +1.6) LCB   68.04c P 17.92% WF 214.3 PSV     273 N     376  --  F8 G8 F6 E8 F7 D4 E4 D2
E7  : T  59.55c W  61.98c S   0.26c ( +1.2 L  +0.7) LCB   45.52c P 18.44% WF 101.8 PSV     152 N     227  --  E7 D2 G8 H8 F8 D4 E3 E4
E8  : T  41.21c W  46.71c S  -0.86c ( +0.7 L  +0.3) LCB   21.21c P  7.90% WF  28.4 PSV      44 N      73  --  E8 D4 E4 D2 E2 E3 G8 F7
D7  : T  87.23c W  81.23c S   5.17c ( +3.8 L  +3.5) LCB   68.57c P  0.52% WF  20.5 PSV      15 N      22  --  D7 D4 F7 G8 C7 E4 D2 E8
G6  : T  47.20c W  56.29c S  -0.18c ( +1.0 L  +0.2) LCB  -15.38c P  0.61% WF   2.7 PSV       3 N       5  --  G6 H6 F7 G8 B2 E7 D7
F6  : T  -1.27c W   1.57c S  -2.84c ( -0.3 L  -0.6) LCB -351.27c P  0.26% WF   0.4 PSV       0 N       1  --  F6

2024-06-09 12:27:47-0400: = G8
2024-06-09 12:27:50-0400: Controller: quit
2024-06-09 12:27:50-0400: Quit requested by controller
2024-06-09 12:27:50-0400: = 
2024-06-09 12:27:50-0400: GPU -1 finishing, processed 81658 rows 3220 batches
2024-06-09 12:27:51-0400: All cleaned up, quitting
