2024-06-24 17:05:45-0400: Running with following config:
allowResignation = true
lagBuffer = 1.0
logAllGTPCommunication = true
logDir = gtp_logs
logSearchInfo = true
logSearchInfoForChosenMove = false
logToStderr = false
maxTime = 0.5
maxTimePondering = 60.0
numSearchThreads = 16
ogsChatToStderr = true
ponderingEnabled = true
resignConsecTurns = 3
resignThreshold = -0.90
rules = tromp-taylor
searchFactorAfterOnePass = 0.50
searchFactorAfterTwoPass = 0.25
searchFactorWhenWinning = 0.40
searchFactorWhenWinningThreshold = 0.95

2024-06-24 17:05:45-0400: GTP Engine starting...
2024-06-24 17:05:45-0400: KataGo v1.14.1
2024-06-24 17:05:45-0400: Using TrompTaylor rules initially, unless GTP/GUI overrides this
2024-06-24 17:05:45-0400: Using 16 CPU thread(s) for search
2024-06-24 17:05:45-0400: nnRandSeed0 = 9726758245921870339
2024-06-24 17:05:45-0400: After dedups: nnModelFile0 = C:\Users\chang\Downloads\kata1-b18c384nbt-s9937771520-d4300882049.bin.gz useFP16 auto useNHWC auto
2024-06-24 17:05:45-0400: Initializing neural net buffer to be size 19 * 19 exactly
2024-06-24 17:05:49-0400: Found OpenCL Platform 0: NVIDIA CUDA (NVIDIA Corporation) (OpenCL 3.0 CUDA 12.5.51)
2024-06-24 17:05:49-0400: Found 1 device(s) on platform 0 with type CPU or GPU or Accelerator
2024-06-24 17:05:49-0400: Found OpenCL Platform 1: Intel(R) OpenCL Graphics (Intel(R) Corporation) (OpenCL 3.0 )
2024-06-24 17:05:49-0400: Found 1 device(s) on platform 1 with type CPU or GPU or Accelerator
2024-06-24 17:05:49-0400: Found OpenCL Device 0: NVIDIA GeForce RTX 4060 Laptop GPU (NVIDIA Corporation) (score 11000300)
2024-06-24 17:05:49-0400: Found OpenCL Device 1: Intel(R) UHD Graphics (Intel(R) Corporation) (score 6000300)
2024-06-24 17:05:49-0400: Creating context for OpenCL Platform: NVIDIA CUDA (NVIDIA Corporation) (OpenCL 3.0 CUDA 12.5.51)
2024-06-24 17:05:49-0400: Using OpenCL Device 0: NVIDIA GeForce RTX 4060 Laptop GPU (NVIDIA Corporation) OpenCL 3.0 CUDA (Extensions: cl_khr_global_int32_base_atomics cl_khr_global_int32_extended_atomics cl_khr_local_int32_base_atomics cl_khr_local_int32_extended_atomics cl_khr_fp64 cl_khr_3d_image_writes cl_khr_byte_addressable_store cl_khr_icd cl_khr_gl_sharing cl_nv_compiler_options cl_nv_device_attribute_query cl_nv_pragma_unroll cl_nv_d3d10_sharing cl_khr_d3d10_sharing cl_nv_d3d11_sharing cl_nv_copy_opts cl_nv_create_buffer cl_khr_int64_base_atomics cl_khr_int64_extended_atomics cl_khr_device_uuid cl_khr_pci_bus_info cl_khr_external_semaphore cl_khr_external_memory cl_khr_external_semaphore_win32 cl_khr_external_memory_win32)
2024-06-24 17:05:49-0400: Loaded tuning parameters from: C:\Users\chang\Downloads\katago-v1.14.1-opencl-windows-x64/KataGoData/opencltuning/tune11_gpuNVIDIAGeForceRTX4060LaptopGPU_x19_y19_c384_mv14.txt
2024-06-24 17:05:49-0400: OpenCL backend thread 0: Model version 14
2024-06-24 17:05:49-0400: OpenCL backend thread 0: Model name: kata1-b18c384nbt-s9937771520-d4300882049
2024-06-24 17:05:51-0400: OpenCL backend thread 0: FP16Storage true FP16Compute false FP16TensorCores true FP16TensorCoresFor1x1 false
2024-06-24 17:05:51-0400: Loaded neural net with nnXLen 19 nnYLen 19
2024-06-24 17:05:51-0400: Initializing board with boardXSize 19 boardYSize 19
2024-06-24 17:05:51-0400: Loaded config C:/Users/chang/Downloads/katago-v1.14.1-opencl-windows-x64/lizgoban.cfg
2024-06-24 17:05:51-0400: Loaded model C:\Users\chang\Downloads\kata1-b18c384nbt-s9937771520-d4300882049.bin.gz
2024-06-24 17:05:51-0400: Model name: kata1-b18c384nbt-s9937771520-d4300882049
2024-06-24 17:05:51-0400: GTP ready, beginning main protocol loop
2024-06-24 17:05:51-0400: Controller: list_commands
2024-06-24 17:05:51-0400: = protocol_version
name
version
known_command
list_commands
quit
boardsize
rectangular_boardsize
clear_board
set_position
komi
get_komi
play
undo
kata-get-rules
kata-set-rule
kata-set-rules
kata-get-param
kata-set-param
kata-list-params
kgs-rules
genmove
genmove_debug
search_debug
clear_cache
showboard
fixed_handicap
place_free_handicap
set_free_handicap
time_settings
kgs-time_settings
time_left
kata-list_time_settings
kata-time_settings
final_score
final_status_list
loadsgf
printsgf
lz-genmove_analyze
kata-genmove_analyze
lz-analyze
kata-analyze
kata-raw-nn
cputime
gomill-cpu_time
kata-benchmark
kata-debug-print-tc
debug_moves
stop
2024-06-24 17:05:51-0400: Controller: boardsize 9
2024-06-24 17:05:51-0400: GPU -1 finishing, processed 0 rows 0 batches
2024-06-24 17:05:51-0400: Cleaned up old neural net and bot
2024-06-24 17:05:51-0400: nnRandSeed0 = 14455818517633549080
2024-06-24 17:05:51-0400: After dedups: nnModelFile0 = C:\Users\chang\Downloads\kata1-b18c384nbt-s9937771520-d4300882049.bin.gz useFP16 auto useNHWC auto
2024-06-24 17:05:51-0400: Initializing neural net buffer to be size 9 * 9 exactly
2024-06-24 17:05:53-0400: Found OpenCL Platform 0: NVIDIA CUDA (NVIDIA Corporation) (OpenCL 3.0 CUDA 12.5.51)
2024-06-24 17:05:53-0400: Found 1 device(s) on platform 0 with type CPU or GPU or Accelerator
2024-06-24 17:05:53-0400: Found OpenCL Platform 1: Intel(R) OpenCL Graphics (Intel(R) Corporation) (OpenCL 3.0 )
2024-06-24 17:05:53-0400: Found 1 device(s) on platform 1 with type CPU or GPU or Accelerator
2024-06-24 17:05:53-0400: Found OpenCL Device 0: NVIDIA GeForce RTX 4060 Laptop GPU (NVIDIA Corporation) (score 11000300)
2024-06-24 17:05:53-0400: Found OpenCL Device 1: Intel(R) UHD Graphics (Intel(R) Corporation) (score 6000300)
2024-06-24 17:05:53-0400: Creating context for OpenCL Platform: NVIDIA CUDA (NVIDIA Corporation) (OpenCL 3.0 CUDA 12.5.51)
2024-06-24 17:05:53-0400: Using OpenCL Device 0: NVIDIA GeForce RTX 4060 Laptop GPU (NVIDIA Corporation) OpenCL 3.0 CUDA (Extensions: cl_khr_global_int32_base_atomics cl_khr_global_int32_extended_atomics cl_khr_local_int32_base_atomics cl_khr_local_int32_extended_atomics cl_khr_fp64 cl_khr_3d_image_writes cl_khr_byte_addressable_store cl_khr_icd cl_khr_gl_sharing cl_nv_compiler_options cl_nv_device_attribute_query cl_nv_pragma_unroll cl_nv_d3d10_sharing cl_khr_d3d10_sharing cl_nv_d3d11_sharing cl_nv_copy_opts cl_nv_create_buffer cl_khr_int64_base_atomics cl_khr_int64_extended_atomics cl_khr_device_uuid cl_khr_pci_bus_info cl_khr_external_semaphore cl_khr_external_memory cl_khr_external_semaphore_win32 cl_khr_external_memory_win32)
2024-06-24 17:05:53-0400: Loaded tuning parameters from: C:\Users\chang\Downloads\katago-v1.14.1-opencl-windows-x64/KataGoData/opencltuning/tune11_gpuNVIDIAGeForceRTX4060LaptopGPU_x19_y19_c384_mv14.txt
2024-06-24 17:05:53-0400: OpenCL backend thread 0: Model version 14
2024-06-24 17:05:53-0400: OpenCL backend thread 0: Model name: kata1-b18c384nbt-s9937771520-d4300882049
2024-06-24 17:05:56-0400: OpenCL backend thread 0: FP16Storage true FP16Compute false FP16TensorCores true FP16TensorCoresFor1x1 false
2024-06-24 17:05:56-0400: Loaded neural net with nnXLen 9 nnYLen 9
2024-06-24 17:05:56-0400: Initializing board with boardXSize 9 boardYSize 9
2024-06-24 17:05:56-0400: = 
2024-06-24 17:05:56-0400: Controller: clear_board
2024-06-24 17:05:56-0400: = 
2024-06-24 17:05:56-0400: Controller: komi 0.5
2024-06-24 17:05:56-0400: = 
2024-06-24 17:05:56-0400: Controller: play black g7
2024-06-24 17:05:56-0400: = 
2024-06-24 17:05:56-0400: Controller: genmove white
2024-06-24 17:05:56-0400: MoveNum: 1 HASH: 6178DE46324FCE21AA7322E147D6D099
   A B C D E F G H J
 9 . . . . . . . . .
 8 . . . . . . . . .
 7 . . . . . . X1. .
 6 . . . . . @ . . .
 5 . . . . . . . . .
 4 . . . . . . . . .
 3 . . . . . . . . .
 2 . . . . . . . . .
 1 . . . . . . . . .

koPOSITIONALscoreAREAtaxNONEsui1komi0.5
Time taken: 0.625
Root visits: 571
New playouts: 571
NN rows: 544
NN batches: 51
NN avg batch size: 10.6667
PlayoutDoublingAdvantage: 0.625
PV: F6 D4 D6 G6 F4 G5 C3 F5
Tree:
: T -99.05c W -96.63c S  -2.58c ( -4.2 L  -4.0) N     571  --  F6 D4 D6 G6 F4 G5 C3
---White(^)---
F6  : T -98.25c W -96.27c S  -2.19c ( -4.0 L  -3.8) LCB  -99.19c P 46.70% WF 1005.2 PSV    1000 N     508  --  F6 D4 D6 G6 F4 G5 C3 F5
D4  : T -102.39c W -98.44c S  -3.76c ( -4.7 L  -4.5) LCB -105.03c P 14.84% WF  51.6 PSV      43 N      20  --  D4 D6 F5 E7 G6
D5  : T -102.87c W -98.58c S  -4.22c ( -4.9 L  -4.8) LCB -106.45c P 12.49% WF  39.4 PSV      33 N      15  --  D5 F4 D3 E3 D2
D6  : T -102.14c W -98.39c S  -3.68c ( -4.7 L  -4.7) LCB -113.70c P  2.53% WF  20.0 PSV       7 N       8  --  D6 F4 D4
E6  : T -103.89c W -98.71c S  -4.99c ( -5.3 L  -5.1) LCB -178.87c P  1.44% WF   8.3 PSV       3 N       3  --  E6 F5 E5
D7  : T -103.63c W -98.87c S  -5.11c ( -5.4 L  -5.5) LCB -179.39c P  0.72% WF   8.5 PSV       1 N       3  --  D7 E6
C5  : T -105.42c W -99.21c S  -6.26c ( -5.8 L  -5.9) LCB -254.57c P  0.79% WF   6.9 PSV       1 N       2  --  C5 F4
C6  : T -103.82c W -99.09c S  -5.06c ( -5.3 L  -5.2) LCB -254.15c P  0.72% WF   6.3 PSV       1 N       2  --  C6 F4
C4  : T -103.75c W -99.07c S  -5.00c ( -5.2 L  -5.3) LCB -254.39c P  0.63% WF   6.2 PSV       1 N       2  --  C4 F4
E5  : T -106.56c W -99.24c S  -7.33c ( -6.1 L  -6.0) LCB -456.56c P  0.98% WF   3.3 PSV       1 N       1  --  E5

2024-06-24 17:05:56-0400: = F6
2024-06-24 17:05:59-0400: Controller: kata-list_time_settings
2024-06-24 17:05:59-0400: = none absolute byoyomi canadian fischer fischer-capped
2024-06-24 17:05:59-0400: Controller: play black g6
2024-06-24 17:05:59-0400: = 
2024-06-24 17:05:59-0400: Controller: genmove white
2024-06-24 17:05:59-0400: MoveNum: 3 HASH: B4EC11BB09780537D43C8AFD531ED653
   A B C D E F G H J
 9 . . . . . . . . .
 8 . . . . . . . . .
 7 . . . . . . X1. .
 6 . . . . . O2X3. .
 5 . . . . . . . . .
 4 . . . . . @ . . .
 3 . . . . . . . . .
 2 . . . . . . . . .
 1 . . . . . . . . .

koPOSITIONALscoreAREAtaxNONEsui1komi0.5
Time taken: 0.515
Root visits: 1326
New playouts: 591
NN rows: 544
NN batches: 49
NN avg batch size: 11.102
PlayoutDoublingAdvantage: 0.625
PV: F4 D3 C5 C4 B5 F7 E6 D8
Tree:
: T -99.18c W -96.37c S  -2.96c ( -4.2 L  -3.9) N    1326  --  F4 D3 C5 C4 B5 F7 E6
---White(^)---
F4  : T -98.90c W -96.18c S  -2.85c ( -4.1 L  -3.9) LCB  -99.75c P 63.78% WF 2260.4 PSV    2255 N    1212  --  F4 D3 C5 C4 B5 F7 E6 D8
F5  : T -101.14c W -97.81c S  -3.60c ( -4.4 L  -4.3) LCB -102.32c P 26.56% WF 230.7 PSV     227 N     103  --  F5 C4 F7 G4 F4 G5 C6
C4  : T -105.60c W -99.23c S  -6.36c ( -5.5 L  -5.8) LCB -455.60c P  1.16% WF   3.2 PSV       3 N       1  --  C4
D4  : T -104.68c W -98.97c S  -5.71c ( -5.2 L  -5.1) LCB -454.68c P  0.93% WF   3.0 PSV       3 N       1  --  D4
E4  : T -103.94c W -98.76c S  -5.18c ( -5.0 L  -4.9) LCB -453.94c P  0.72% WF   3.0 PSV       3 N       1  --  E4
C5  : T -105.87c W -99.19c S  -6.68c ( -5.6 L  -5.9) LCB -455.87c P  0.68% WF   3.3 PSV       2 N       1  --  C5
D5  : T -104.23c W -98.89c S  -5.35c ( -5.1 L  -5.1) LCB -454.23c P  0.66% WF   3.0 PSV       2 N       1  --  D5
E3  : T -105.34c W -99.09c S  -6.25c ( -5.4 L  -5.6) LCB -455.34c P  0.61% WF   3.3 PSV       2 N       1  --  E3
D3  : T -105.54c W -99.16c S  -6.38c ( -5.5 L  -5.5) LCB -455.54c P  0.54% WF   3.1 PSV       1 N       1  --  D3
D6  : T -106.03c W -99.08c S  -6.95c ( -5.8 L  -5.6) LCB -456.03c P  0.54% WF   3.0 PSV       1 N       1  --  D6

2024-06-24 17:05:59-0400: = F4
2024-06-24 17:06:04-0400: Controller: kata-list_time_settings
2024-06-24 17:06:04-0400: = none absolute byoyomi canadian fischer fischer-capped
2024-06-24 17:06:04-0400: Controller: play black e6
2024-06-24 17:06:04-0400: = 
2024-06-24 17:06:04-0400: Controller: genmove white
2024-06-24 17:06:05-0400: MoveNum: 5 HASH: 05A95914B7940AC73E27595A69A4D089
   A B C D E F G H J
 9 . . . . . . . . .
 8 . . . . . . . . .
 7 . . . . . . X . .
 6 . . . . X3O X1. .
 5 . . @ . . . . . .
 4 . . . . . O2. . .
 3 . . . . . . . . .
 2 . . . . . . . . .
 1 . . . . . . . . .

koPOSITIONALscoreAREAtaxNONEsui1komi0.5
Time taken: 0.531
Root visits: 675
New playouts: 660
NN rows: 531
NN batches: 53
NN avg batch size: 10.0189
PlayoutDoublingAdvantage: 0.625
PV: C5 F5 E4 C3 E2 C6 B6 D5 C7 D6 B4
Tree:
: T -72.20c W -73.92c S  -0.50c ( -1.8 L  -1.5) N     675  --  C5 F5 E4 C3 E2 C6 B6
---White(^)---
C5  : T -70.33c W -72.42c S  -0.30c ( -1.7 L  -1.4) LCB  -74.60c P 39.72% WF 555.7 PSV     550 N     642  --  C5 F5 E4 C3 E2 C6 B6 D5
D5  : T -96.54c W -93.25c S  -3.36c ( -3.1 L  -2.8) LCB -104.51c P 22.30% WF  15.0 PSV      16 N      11  --  D5 D3 F7
E5  : T -94.81c W -92.78c S  -2.46c ( -2.7 L  -2.4) LCB -111.01c P 13.38% WF   9.3 PSV      10 N       7  --  E5 E7 C5 E2 E3
D4  : T -92.87c W -91.39c S  -1.97c ( -2.4 L  -2.2) LCB -106.86c P 11.57% WF   9.4 PSV       9 N       8  --  D4 E5 E4 C6
C4  : T -95.26c W -92.93c S  -2.44c ( -2.6 L  -2.4) LCB -172.19c P  3.98% WF   3.9 PSV       3 N       3  --  C4 C6
C6  : T -102.73c W -96.13c S  -5.62c ( -4.2 L  -4.0) LCB -254.34c P  4.54% WF   3.2 PSV       2 N       2  --  C6 D5
D6  : T -105.06c W -96.41c S  -8.65c ( -5.4 L  -5.4) LCB -455.06c P  0.44% WF   1.7 PSV       0 N       1  --  D6

2024-06-24 17:06:05-0400: = C5
2024-06-24 17:06:10-0400: Controller: kata-list_time_settings
2024-06-24 17:06:10-0400: = none absolute byoyomi canadian fischer fischer-capped
2024-06-24 17:06:10-0400: Controller: play black c4
2024-06-24 17:06:10-0400: = 
2024-06-24 17:06:10-0400: Controller: genmove white
2024-06-24 17:06:11-0400: MoveNum: 7 HASH: 327BDFA01C295D184EAA141308870E7E
   A B C D E F G H J
 9 . . . . . . . . .
 8 . . . . . . . . .
 7 . . . . . . X . .
 6 . . . . X1O X . .
 5 . . O2. . . . . .
 4 . . X3@ . O . . .
 3 . . . . . . . . .
 2 . . . . . . . . .
 1 . . . . . . . . .

koPOSITIONALscoreAREAtaxNONEsui1komi0.5
Time taken: 0.531
Root visits: 596
New playouts: 595
NN rows: 551
NN batches: 52
NN avg batch size: 10.5962
PlayoutDoublingAdvantage: 0.625
PV: D4 D3 D6 E4 E5 D5 E7 G5 D4 E3 F5
Tree:
: T -43.77c W -47.70c S   0.52c ( -1.0 L  -0.8) N     596  --  D4 D3 D6 E4 E5 D5 E7
---White(^)---
D4  : T -38.37c W -43.19c S   0.94c ( -0.8 L  -0.6) LCB  -47.77c P 59.70% WF 328.0 PSV     318 N     542  --  D4 D3 D6 E4 E5 D5 E7 G5
D5  : T -78.37c W -76.99c S  -1.31c ( -1.9 L  -1.4) LCB  -93.90c P 21.88% WF  22.1 PSV      12 N      28  --  D5 B5 B6 B4 D4 D3
E5  : T -91.43c W -89.02c S  -2.23c ( -2.2 L  -2.0) LCB -113.23c P 12.51% WF   6.0 PSV       5 N       6  --  E5 B5 D6
F7  : T -90.64c W -87.14c S  -3.08c ( -2.7 L  -2.6) LCB -242.73c P  2.43% WF   1.8 PSV       1 N       2  --  F7 F5
B4  : T -99.43c W -92.78c S  -4.81c ( -3.5 L  -3.3) LCB -248.56c P  1.27% WF   2.3 PSV       0 N       2  --  B4 D5
B5  : T -95.06c W -91.20c S  -3.86c ( -3.0 L  -2.7) LCB -445.06c P  0.42% WF   1.1 PSV       0 N       1  --  B5
D6  : T -107.71c W -96.05c S -11.66c ( -6.6 L  -7.3) LCB -457.71c P  0.37% WF   1.4 PSV       0 N       1  --  D6
E7  : T -99.33c W -94.41c S  -4.91c ( -3.4 L  -3.3) LCB -449.33c P  0.33% WF   1.5 PSV       0 N       1  --  E7
F5  : T -96.80c W -93.01c S  -3.79c ( -2.9 L  -2.6) LCB -446.80c P  0.25% WF   1.2 PSV       0 N       1  --  F5
G5  : T -105.82c W -96.50c S  -9.32c ( -5.4 L  -5.5) LCB -455.82c P  0.10% WF   0.6 PSV       0 N       1  --  G5

2024-06-24 17:06:11-0400: = D4
2024-06-24 17:06:14-0400: Controller: kata-list_time_settings
2024-06-24 17:06:14-0400: = none absolute byoyomi canadian fischer fischer-capped
2024-06-24 17:06:14-0400: Controller: play black c3
2024-06-24 17:06:14-0400: = 
2024-06-24 17:06:14-0400: Controller: genmove white
2024-06-24 17:06:15-0400: MoveNum: 9 HASH: C497A37A9EEA955733079120C30620E1
   A B C D E F G H J
 9 . . . . . . . . .
 8 . . . . . . . . .
 7 . . . . . . X . .
 6 . . . @ X O X . .
 5 . . O . . . . . .
 4 . . X1O2. O . . .
 3 . . X3. . . . . .
 2 . . . . . . . . .
 1 . . . . . . . . .

koPOSITIONALscoreAREAtaxNONEsui1komi0.5
Time taken: 0.532
Root visits: 570
New playouts: 570
NN rows: 523
NN batches: 52
NN avg batch size: 10.0577
PlayoutDoublingAdvantage: 0.5
PV: D6 E2 E7 E8 D8 E5 F7 F5 G5 H5 G4 F8 D7 H4 F2 E3 E4
Tree:
: T -32.70c W -36.40c S  -0.02c ( -0.9 L  -0.8) N     570  --  D6 E2 E7 E8 D8 E5 F7
---White(^)---
D6  : T -24.79c W -29.55c S   0.56c ( -0.6 L  -0.6) LCB  -38.04c P 21.79% WF 246.0 PSV     235 N     439  --  D6 E2 E7 E8 D8 E5 F7 F5
B5  : T -48.98c W -50.20c S  -1.26c ( -1.5 L  -1.2) LCB  -71.04c P 51.75% WF  45.8 PSV      52 N      99  --  B5 E2 F7 F8 F2 E7 D2 E3
F7  : T -82.47c W -81.73c S  -3.03c ( -2.3 L  -1.9) LCB -127.53c P 10.21% WF   3.9 PSV       4 N       5  --  F7 B5 B6
D3  : T -87.88c W -84.83c S  -2.83c ( -2.1 L  -1.8) LCB -119.55c P  5.33% WF   3.5 PSV       2 N       5  --  D3 B5 B6
E7  : T -85.28c W -84.63c S  -2.75c ( -2.1 L  -1.8) LCB -138.33c P  6.86% WF   3.4 PSV       2 N       4  --  E7 B5 D6
B4  : T -90.26c W -86.58c S  -3.86c ( -2.7 L  -2.3) LCB -166.82c P  0.85% WF   2.5 PSV       0 N       3  --  B4 D5
D5  : T -99.49c W -93.97c S  -5.23c ( -3.2 L  -2.8) LCB -248.83c P  2.06% WF   2.3 PSV       0 N       2  --  D5 E2
G5  : T -95.74c W -92.26c S  -4.30c ( -2.8 L  -2.4) LCB -248.19c P  0.18% WF   0.9 PSV       0 N       2  --  G5 E7
E5  : T -105.98c W -96.97c S  -9.01c ( -4.7 L  -4.6) LCB -455.98c P  0.21% WF   1.0 PSV       0 N       1  --  E5
E2  : T -100.59c W -93.44c S  -7.16c ( -3.9 L  -3.9) LCB -450.59c P  0.12% WF   0.6 PSV       0 N       1  --  E2

2024-06-24 17:06:15-0400: = D6
2024-06-24 17:06:18-0400: Controller: kata-list_time_settings
2024-06-24 17:06:18-0400: = none absolute byoyomi canadian fischer fischer-capped
2024-06-24 17:06:18-0400: Controller: play black f5
2024-06-24 17:06:18-0400: = 
2024-06-24 17:06:18-0400: Controller: genmove white
2024-06-24 17:06:19-0400: MoveNum: 11 HASH: C66C722F87CFF3199B523EBCD4A94F33
   A B C D E F G H J
 9 . . . . . . . . .
 8 . . . . . . . . .
 7 . . . . . . X . .
 6 . . . O2X O X . .
 5 . . O . . X3. . .
 4 . . X O . O . . .
 3 . . X1@ . . . . .
 2 . . . . . . . . .
 1 . . . . . . . . .

koPOSITIONALscoreAREAtaxNONEsui1komi0.5
Time taken: 0.515
Root visits: 700
New playouts: 700
NN rows: 545
NN batches: 53
NN avg batch size: 10.283
PlayoutDoublingAdvantage: 0.375
PV: D3 G4 D7 B5 B6 D2 E2 B4 G3 F3 E4 H3 G2 H2 D1 C2 B2 C1
Tree:
: T -26.12c W -22.81c S  -2.21c ( -0.2 L  -0.2) N     700  --  D3 G4 D7 B5 B6 D2 E2
---White(^)---
D3  : T -17.12c W -13.72c S  -1.89c ( -0.0 L  -0.1) LCB  -28.83c P 15.83% WF 244.8 PSV     296 N     462  --  D3 G4 D7 B5 B6 D2 E2 B4
E5  : T -52.28c W -49.22c S  -3.08c ( -0.5 L  -0.5) LCB  -71.05c P 70.48% WF  59.5 PSV      59 N     143  --  E5 F7 F2 B5 B6 A5 D7 G4
E2  : T -31.69c W -30.49c S  -2.35c ( -0.2 L  -0.2) LCB  -61.98c P  5.94% WF  23.3 PSV      11 N      49  --  E2 G4 D7 B5 B6 A5 E5
E7  : T -59.07c W -52.75c S  -2.87c ( -0.4 L  -0.5) LCB  -90.50c P  3.28% WF   3.9 PSV       2 N       6  --  E7 F7 D3 G4 D7 D2 E2 B5
G4  : T -85.38c W -74.44c S  -5.81c ( -2.1 L  -1.5) LCB -246.57c P  1.68% WF   1.5 PSV       0 N       2  --  G4 E5
E3  : T -69.38c W -58.51c S  -4.51c ( -1.2 L  -0.9) LCB -227.81c P  0.43% WF   1.3 PSV       0 N       2  --  E3 E5
B5  : T -88.09c W -83.44c S  -4.66c ( -1.1 L  -0.8) LCB -438.09c P  0.63% WF   0.9 PSV       0 N       1  --  B5
E4  : T -82.95c W -78.26c S  -4.68c ( -1.1 L  -1.0) LCB -432.95c P  0.51% WF   0.8 PSV       0 N       1  --  E4
G5  : T -67.48c W -63.75c S  -3.74c ( -0.9 L  -0.7) LCB -417.48c P  0.50% WF   0.6 PSV       0 N       1  --  G5
F2  : T -76.28c W -72.39c S  -3.89c ( -0.8 L  -0.5) LCB -426.28c P  0.44% WF   0.8 PSV       0 N       1  --  F2

2024-06-24 17:06:19-0400: = D3
2024-06-24 17:06:22-0400: Controller: kata-list_time_settings
2024-06-24 17:06:22-0400: = none absolute byoyomi canadian fischer fischer-capped
2024-06-24 17:06:22-0400: Controller: play black d2
2024-06-24 17:06:22-0400: = 
2024-06-24 17:06:22-0400: Controller: genmove white
2024-06-24 17:06:23-0400: MoveNum: 13 HASH: 0A859CC16A21278FCC1904C46838D67C
   A B C D E F G H J
 9 . . . . . . . . .
 8 . . . . . . . . .
 7 . . . . . . X . .
 6 . . . O X O X . .
 5 . . O . . X1. . .
 4 . . X O . O . . .
 3 . . X O2. . . . .
 2 . . . X3@ . . . .
 1 . . . . . . . . .

koPOSITIONALscoreAREAtaxNONEsui1komi0.5
Time taken: 0.515
Root visits: 578
New playouts: 578
NN rows: 503
NN batches: 47
NN avg batch size: 10.7021
PlayoutDoublingAdvantage: 0.25
PV: E2 G4 B5 F3 F2 B2 D1
Tree:
: T -35.22c W -29.85c S  -4.43c ( -0.5 L  -0.6) N     578  --  E2 G4 B5 F3 F2 B2 D1
---White(^)---
E2  : T -27.30c W -22.47c S  -4.00c ( -0.3 L  -0.4) LCB  -42.41c P 29.74% WF 154.6 PSV     262 N     307  --  E2 G4 B5 F3 F2 B2 D1
E5  : T -49.34c W -43.03c S  -5.13c ( -0.9 L  -0.9) LCB  -71.24c P 69.74% WF  84.1 PSV      78 N     219  --  E5 F7 E2 G4 D7 B5 B6 A5
E7  : T -66.88c W -61.46c S  -5.42c ( -0.9 L  -0.8) LCB -416.88c P  0.32% WF   0.6 PSV       0 N       1  --  E7
B4  : T -80.82c W -74.80c S  -6.02c ( -0.9 L  -0.8) LCB -430.82c P  0.04% WF   0.2 PSV       0 N       1  --  B4
G5  : T -67.79c W -62.05c S  -5.74c ( -1.0 L  -0.9) LCB -417.79c P  0.04% WF   0.2 PSV       0 N       1  --  G5
G4  : T -89.16c W -81.98c S  -7.19c ( -1.6 L  -1.4) LCB -439.16c P  0.03% WF   0.1 PSV       0 N       1  --  G4
B5  : T -94.81c W -87.60c S  -7.21c ( -1.4 L  -1.3) LCB -444.81c P  0.01% WF   0.1 PSV       0 N       1  --  B5
E8  : T -106.74c W -94.55c S -12.19c ( -3.6 L  -4.1) LCB -456.74c P  0.01% WF   0.0 PSV       0 N       1  --  E8
F3  : T -100.36c W -91.39c S  -8.97c ( -2.1 L  -1.8) LCB -450.36c P  0.01% WF   0.0 PSV       0 N       1  --  F3
C2  : T -100.82c W -90.29c S -10.52c ( -2.7 L  -3.0) LCB -450.82c P  0.01% WF   0.0 PSV       0 N       1  --  C2

2024-06-24 17:06:23-0400: = E2
2024-06-24 17:06:25-0400: Controller: kata-list_time_settings
2024-06-24 17:06:25-0400: = none absolute byoyomi canadian fischer fischer-capped
2024-06-24 17:06:25-0400: Controller: play black c2
2024-06-24 17:06:25-0400: = 
2024-06-24 17:06:25-0400: Controller: genmove white
2024-06-24 17:06:25-0400: MoveNum: 15 HASH: ED0D1530E668959A32A33974FA3914E8
   A B C D E F G H J
 9 . . . . . . . . .
 8 . . . . . . . . .
 7 . . . . . . X . .
 6 . . . O X O X . .
 5 . . O . @ X . . .
 4 . . X O . O . . .
 3 . . X O . . . . .
 2 . . X3X1O2. . . .
 1 . . . . . . . . .

koPOSITIONALscoreAREAtaxNONEsui1komi0.5
Time taken: 0.531
Root visits: 542
New playouts: 542
NN rows: 526
NN batches: 49
NN avg batch size: 10.7347
PlayoutDoublingAdvantage: 0.125
PV: E5 F7 G4 F2 E3 B5 B6 A4 E8 E7 D7 F8 D1
Tree:
: T  87.64c W  88.59c S   0.06c ( +3.7 L  +3.4) N     542  --  E5 F7 G4 F2 E3 B5 B6
---White(^)---
E5  : T  90.71c W  90.53c S   0.31c ( +3.8 L  +3.6) LCB   82.78c P 52.86% WF 308.2 PSV     302 N     276  --  E5 F7 G4 F2 E3 B5 B6 A4
G4  : T  83.92c W  83.01c S  -1.22c ( +3.1 L  +2.6) LCB   69.62c P  8.00% WF  56.4 PSV      17 N      69  --  G4 E5 D5 F2 E7 E8 E1 E3
E7  : T  90.12c W  92.59c S   0.56c ( +3.9 L  +3.5) LCB   80.58c P  2.89% WF 110.9 PSV      14 N      99  --  E7 E5 D5 G4 B4 F2 E1 F3
B4  : T  41.68c W  57.37c S  -1.94c ( +2.8 L  +2.6) LCB   -6.33c P 29.70% WF  12.0 PSV      13 N      27  --  B4 E5 D5 E3 E4 F3 G5 E7
B5  : T  41.18c W  64.43c S  -2.27c ( +2.6 L  +2.1) LCB  -32.56c P  5.29% WF   3.6 PSV       2 N       7  --  B5 E5 D5 E3 E4 F3
G5  : T  24.44c W  41.68c S  -3.97c ( +1.7 L  +1.2) LCB -134.90c P  0.95% WF   0.9 PSV       0 N       2  --  G5 E5
H4  : T  26.55c W  32.28c S  -5.73c ( +1.1 L  +1.0) LCB -323.45c P  0.08% WF   0.6 PSV       0 N       1  --  H4
G3  : T   4.18c W  11.63c S  -7.45c ( +0.6 L  +0.4) LCB -345.82c P  0.06% WF   0.5 PSV       0 N       1  --  G3
E8  : T -14.69c W  -7.53c S  -7.16c ( +0.4 L  +0.2) LCB -364.69c P  0.03% WF   0.3 PSV       0 N       1  --  E8
F3  : T -10.18c W  -1.99c S  -8.19c ( +0.3 L  +0.2) LCB -360.18c P  0.03% WF   0.2 PSV       0 N       1  --  F3

2024-06-24 17:06:25-0400: = E5
2024-06-24 17:06:29-0400: Controller: kata-list_time_settings
2024-06-24 17:06:29-0400: = none absolute byoyomi canadian fischer fischer-capped
2024-06-24 17:06:29-0400: Controller: play black f7
2024-06-24 17:06:29-0400: = 
2024-06-24 17:06:29-0400: Controller: genmove white
2024-06-24 17:06:29-0400: MoveNum: 17 HASH: 98AA7C02877DDA4039CDB692AAB13A5E
   A B C D E F G H J
 9 . . . . . . . . .
 8 . . . . . . . . .
 7 . . . . . X3X . .
 6 . . . O X . X . .
 5 . . O . O2X . . .
 4 . . X O . O @ . .
 3 . . X O . . . . .
 2 . . X1X O . . . .
 1 . . . . . . . . .

koPOSITIONALscoreAREAtaxNONEsui1komi0.5
Time taken: 0.515
Root visits: 635
New playouts: 635
NN rows: 563
NN batches: 50
NN avg batch size: 11.26
PV: G4 F2 E1 D8 B4 B3 B6 A4 B5 D1
Tree:
: T  95.22c W  92.36c S   2.73c ( +4.0 L  +4.0) N     635  --  G4 F2 E1 D8 B4 B3 B6
---White(^)---
G4  : T  98.75c W  95.16c S   3.31c ( +4.2 L  +4.2) LCB   94.51c P 33.74% WF 570.8 PSV     557 N     424  --  G4 F2 E1 D8 B4 B3 B6 A4
B5  : T  87.70c W  87.29c S   0.60c ( +3.1 L  +3.2) LCB   71.58c P 22.48% WF  71.7 PSV      46 N      82  --  B5 F3 E3 G4 D7 F2 E1 E8
B4  : T  46.03c W  54.15c S  -2.20c ( +1.9 L  +1.7) LCB   -0.20c P 40.14% WF  17.0 PSV      19 N      42  --  B4 F2 E1 D7 C7 B6
H4  : T  84.23c W  81.88c S  -0.25c ( +2.7 L  +2.4) LCB   71.78c P  2.09% WF  18.2 PSV       3 N      25  --  H4 B5 B6 F2 E3 A4 E8 G4
E8  : T  23.11c W  26.93c S  -3.83c ( +1.1 L  +0.7) LCB -326.89c P  0.60% WF   0.5 PSV       0 N       1  --  E8
G3  : T -23.64c W -16.21c S  -7.43c ( -0.1 L  -0.1) LCB -373.64c P  0.34% WF   0.4 PSV       0 N       1  --  G3
G5  : T -15.83c W  -9.42c S  -6.40c ( +0.1 L  -0.1) LCB -365.83c P  0.17% WF   0.4 PSV       0 N       1  --  G5
H5  : T  12.40c W  16.48c S  -4.09c ( +1.0 L  +0.8) LCB -337.60c P  0.13% WF   0.5 PSV       0 N       1  --  H5
F3  : T -58.92c W -50.18c S  -8.74c ( -0.5 L  -0.6) LCB -408.92c P  0.12% WF   0.4 PSV       0 N       1  --  F3
D7  : T  32.33c W  36.70c S  -4.37c ( +1.0 L  +0.6) LCB -317.67c P  0.06% WF   0.5 PSV       0 N       1  --  D7

2024-06-24 17:06:29-0400: = G4
2024-06-24 17:06:32-0400: Controller: kata-list_time_settings
2024-06-24 17:06:32-0400: = none absolute byoyomi canadian fischer fischer-capped
2024-06-24 17:06:32-0400: Controller: play black b5
2024-06-24 17:06:32-0400: = 
2024-06-24 17:06:32-0400: Controller: genmove white
2024-06-24 17:06:33-0400: MoveNum: 19 HASH: EAE5EA2ECB89F6E8B3A011353AB4D6A7
   A B C D E F G H J
 9 . . . . . . . . .
 8 . . . . . . . . .
 7 . . . . . X1X . .
 6 . @ . O X . X . .
 5 . X3O . O X . . .
 4 . . X O . O O2. .
 3 . . X O . . . . .
 2 . . X X O . . . .
 1 . . . . . . . . .

koPOSITIONALscoreAREAtaxNONEsui1komi0.5
Time taken: 0.531
Root visits: 1571
New playouts: 1338
NN rows: 530
NN batches: 52
NN avg batch size: 10.1923
PV: B6 F2 E1 B4 E8 H5 H4 J4 J3 J5 H2
Tree:
: T 100.83c W  98.00c S   2.75c ( +4.9 L  +5.0) N    1571  --  B6 F2 E1 B4 E8 H5 H4
---White(^)---
B6  : T 100.84c W  98.00c S   2.75c ( +4.9 L  +5.0) LCB   99.65c P 99.81% WF 2816.5 PSV    2816 N    1570  --  B6 F2 E1 B4 E8 H5 H4 J4

2024-06-24 17:06:33-0400: = B6
2024-06-24 17:06:34-0400: Controller: kata-list_time_settings
2024-06-24 17:06:34-0400: = none absolute byoyomi canadian fischer fischer-capped
2024-06-24 17:06:34-0400: Controller: play black b4
2024-06-24 17:06:34-0400: = 
2024-06-24 17:06:34-0400: Controller: genmove white
2024-06-24 17:06:35-0400: MoveNum: 21 HASH: 8078913C92A7ACCFB0CAFB0B43F816B5
   A B C D E F G H J
 9 . . . . . . . . .
 8 . . . . @ . . . .
 7 . . . . . X X . .
 6 . O2. O X . X . .
 5 . X1O . O X . . .
 4 . X3X O . O O . .
 3 . . X O . . . . .
 2 . . X X O . . . .
 1 . . . . . . . . .

koPOSITIONALscoreAREAtaxNONEsui1komi0.5
Time taken: 0.515
Root visits: 1814
New playouts: 816
NN rows: 543
NN batches: 54
NN avg batch size: 10.0556
PV: E8 E7 D7 F8 D8 H5 H4 J4 D1 A6 A7 A5 B7 H3 B2
Tree:
: T 101.82c W  98.46c S   3.79c ( +5.2 L  +5.3) N    1814  --  E8 E7 D7 F8 D8 H5 H4
---White(^)---
E8  : T 102.24c W  98.63c S   3.99c ( +5.3 L  +5.4) LCB  101.34c P 56.61% WF 3401.7 PSV    3388 N    1705  --  E8 E7 D7 F8 D8 H5 H4 J4
D7  : T  90.99c W  93.98c S  -1.44c ( +3.1 L  +2.7) LCB   85.13c P 42.00% WF 126.8 PSV     129 N     106  --  D7 E8 D8 H5 H4 E1 F2 J4
C8  : T  87.82c W  90.75c S  -2.93c ( +2.5 L  +1.8) LCB -262.18c P  0.66% WF   1.0 PSV       1 N       1  --  C8
C7  : T  89.10c W  92.32c S  -3.21c ( +2.5 L  +1.8) LCB -260.90c P  0.51% WF   1.0 PSV       1 N       1  --  C7

2024-06-24 17:06:35-0400: = E8
2024-06-24 17:06:39-0400: Controller: kata-list_time_settings
2024-06-24 17:06:39-0400: = none absolute byoyomi canadian fischer fischer-capped
2024-06-24 17:06:39-0400: Controller: play black e7
2024-06-24 17:06:40-0400: = 
2024-06-24 17:06:40-0400: Controller: genmove white
2024-06-24 17:06:40-0400: MoveNum: 23 HASH: 03A73A6F13F16315B3C46229AD9C7C12
   A B C D E F G H J
 9 . . . . . . . . .
 8 . . . . O2. . . .
 7 . . . @ X3X X . .
 6 . O . O X . X . .
 5 . X O . O X . . .
 4 . X1X O . O O . .
 3 . . X O . . . . .
 2 . . X X O . . . .
 1 . . . . . . . . .

koPOSITIONALscoreAREAtaxNONEsui1komi0.5
Time taken: 0.531
Root visits: 6194
New playouts: 799
NN rows: 508
NN batches: 53
NN avg batch size: 9.58491
PV: D7 F8 D8 H5 H4 G5 D1 C1 E1 A6 A7 A5 C7 J4 A3 A2 B2 B1 A1 E3
Tree:
: T 102.01c W  98.66c S   3.83c ( +5.1 L  +5.3) N    6194  --  D7 F8 D8 H5 H4 G5 D1
---White(^)---
D7  : T 102.02c W  98.66c S   3.84c ( +5.1 L  +5.3) LCB  101.51c P 99.05% WF 12890.4 PSV   12890 N    6182  --  D7 F8 D8 H5 H4 G5 D1 C1
C8  : T  92.04c W  95.78c S  -2.50c ( +2.6 L  +2.3) LCB   83.91c P  0.56% WF  13.4 PSV       4 N      10  --  C8 H5 H4 D7 C7 D8 D9 E1
C7  : T  83.28c W  87.07c S  -3.79c ( +2.2 L  +1.5) LCB -266.72c P  0.25% WF   0.9 PSV       1 N       1  --  C7

2024-06-24 17:06:40-0400: = D7
2024-06-24 17:06:43-0400: Controller: kata-list_time_settings
2024-06-24 17:06:43-0400: = none absolute byoyomi canadian fischer fischer-capped
2024-06-24 17:06:43-0400: Controller: play black f8
2024-06-24 17:06:43-0400: = 
2024-06-24 17:06:43-0400: Controller: genmove white
2024-06-24 17:06:44-0400: MoveNum: 25 HASH: 990FD4E06BDE0B33DE93F95EFA425BD2
   A B C D E F G H J
 9 . . . . . . . . .
 8 . . . @ O X3. . .
 7 . . . O2X1X X . .
 6 . O . O X . X . .
 5 . X O . O X . . .
 4 . X X O . O O . .
 3 . . X O . . . . .
 2 . . X X O . . . .
 1 . . . . . . . . .

koPOSITIONALscoreAREAtaxNONEsui1komi0.5
Time taken: 0.375
Root visits: 9206
New playouts: 566
NN rows: 359
NN batches: 37
NN avg batch size: 9.7027
PV: D8 H5 H4 G5 D1 C1 E1 A6 A7 A5 B7 J4 A3 B2 J3 E3 F2 J5 H3 A2 F9 G9 E9 G8
Tree:
: T 102.04c W  98.66c S   3.82c ( +5.2 L  +5.4) N    9206  --  D8 H5 H4 G5 D1 C1 E1
---White(^)---
D8  : T 102.61c W  98.77c S   4.26c ( +5.3 L  +5.6) LCB  102.04c P  9.74% WF 13645.6 PSV   13508 N    6026  --  D8 H5 H4 G5 D1 C1 E1 A6
D1  : T 100.20c W  97.80c S   2.95c ( +4.9 L  +4.9) LCB   99.09c P 46.65% WF 2243.9 PSV    2286 N    1339  --  D1 C1 D8 H5 H4 F2 G5 J6
B2  : T 101.70c W  99.14c S   2.85c ( +4.7 L  +4.8) LCB  100.71c P 10.74% WF 1638.7 PSV    1319 N     730  --  B2 E1 F2 A2 H5 D8 C8 E9
H5  : T  98.62c W  97.81c S   1.52c ( +4.2 L  +4.3) LCB   96.11c P 27.15% WF 813.8 PSV     816 N     466  --  H5 D8 C8 E9 A5 E1 F2 A4
D9  : T 102.09c W  98.98c S   3.52c ( +5.0 L  +5.1) LCB  100.68c P  1.50% WF 1300.9 PSV     302 N     596  --  D9 H5 H4 G5 A5 A4 A6 E1
A5  : T  99.29c W  99.05c S   0.28c ( +3.7 L  +3.7) LCB   95.84c P  0.90% WF  35.0 PSV      32 N      17  --  A5 F2 E1 H5 B2 D1
E9  : T  98.61c W  99.11c S  -0.51c ( +3.4 L  +3.6) LCB   92.05c P  0.66% WF  19.5 PSV      19 N       9  --  E9 H5 H4 E1 D1
C8  : T  98.84c W  99.28c S  -0.05c ( +3.6 L  +3.4) LCB   77.12c P  0.36% WF  14.4 PSV      11 N       6  --  C8 H5 H4 E9
G5  : T  96.32c W  98.91c S  -1.41c ( +3.1 L  +2.9) LCB   52.52c P  0.50% WF   8.8 PSV       9 N       4  --  G5 D8 C8 E9
H4  : T  95.58c W  98.33c S  -1.82c ( +3.0 L  +2.8) LCB   20.28c P  0.27% WF   5.8 PSV       4 N       3  --  H4 D8 C8

2024-06-24 17:06:44-0400: = D8
2024-06-24 17:06:47-0400: Controller: kata-list_time_settings
2024-06-24 17:06:47-0400: = none absolute byoyomi canadian fischer fischer-capped
2024-06-24 17:06:47-0400: Controller: play black h5
2024-06-24 17:06:47-0400: = 
2024-06-24 17:06:47-0400: Controller: genmove white
2024-06-24 17:06:47-0400: MoveNum: 27 HASH: E1CCAF9ECCC57BE8A5078AFB1AF7A4A9
   A B C D E F G H J
 9 . . . . . . . . .
 8 . . . O2O X1. . .
 7 . . . O X X X . .
 6 . O . O X . X . .
 5 . X O . O X . X3.
 4 . X X O . O O @ .
 3 . . X O . . . . .
 2 . . X X O . . . .
 1 . . . . . . . . .

koPOSITIONALscoreAREAtaxNONEsui1komi0.5
Time taken: 0.312
Root visits: 9559
New playouts: 507
NN rows: 304
NN batches: 30
NN avg batch size: 10.1333
PV: H4 G5 D1 C1 E1 A6 A7 A5 B7 J4 A3 B2 J3 F2 E3 J5 H3 A2 F9 G9 E9 G8 G2
Tree:
: T 102.09c W  98.71c S   3.93c ( +5.3 L  +5.5) N    9559  --  H4 G5 D1 C1 E1 A6 A7
---White(^)---
H4  : T 102.31c W  98.85c S   3.98c ( +5.3 L  +5.6) LCB  101.78c P 62.62% WF 21316.3 PSV   21254 N    8876  --  H4 G5 D1 C1 E1 A6 A7 A5
D1  : T  97.43c W  95.72c S   3.20c ( +5.1 L  +5.2) LCB   93.94c P 29.68% WF 800.1 PSV     828 N     560  --  D1 C1 H4 F2 G5 J6 E3 E1
B2  : T  96.56c W  95.82c S   1.64c ( +4.3 L  +4.3) LCB   91.14c P  4.98% WF 120.4 PSV     119 N      99  --  B2 A6 B7 F2 E1 H3 B1 A2
H3  : T  96.91c W  99.46c S  -3.07c ( +2.6 L  +2.7) LCB   68.30c P  0.57% WF  13.6 PSV      14 N       5  --  H3 E1 F2
A5  : T  90.65c W  92.66c S  -2.46c ( +2.6 L  +2.4) LCB   68.53c P  0.54% WF   6.9 PSV       6 N       7  --  A5 F2 E1 H3 H4
G2  : T  96.58c W  99.36c S  -3.29c ( +2.5 L  +2.4) LCB  -53.35c P  0.18% WF   5.0 PSV       4 N       2  --  G2 A6
J4  : T  94.12c W  97.69c S  -3.57c ( +2.4 L  +2.0) LCB -255.88c P  0.14% WF   1.6 PSV       2 N       1  --  J4
F9  : T  65.49c W  76.98c S  -5.01c ( +1.7 L  +1.2) LCB  -17.43c P  0.43% WF   1.9 PSV       1 N       3  --  F9 H4 H3
J3  : T  92.25c W  96.09c S  -3.83c ( +2.3 L  +1.9) LCB -257.75c P  0.07% WF   1.3 PSV       1 N       1  --  J3
A2  : T  13.89c W  18.73c S  -4.84c ( +1.4 L  +0.5) LCB -336.11c P  0.10% WF   0.3 PSV       0 N       1  --  A2

2024-06-24 17:06:47-0400: = H4
2024-06-24 17:06:51-0400: Controller: kata-list_time_settings
2024-06-24 17:06:51-0400: = none absolute byoyomi canadian fischer fischer-capped
2024-06-24 17:06:51-0400: Controller: play black e1
2024-06-24 17:06:51-0400: = 
2024-06-24 17:06:51-0400: Controller: genmove white
2024-06-24 17:06:51-0400: MoveNum: 29 HASH: 74E8568F2DF1E71482623C027CFB3416
   A B C D E F G H J
 9 . . . . . . . . .
 8 . . . O O X . . .
 7 . . . O X X X . .
 6 . O . O X . X . .
 5 . X O . O X @ X1.
 4 . X X O . O O O2.
 3 . . X O . . . . .
 2 . . X X O . . . .
 1 . . . . X3. . . .

koPOSITIONALscoreAREAtaxNONEsui1komi0.5
Time taken: 0.297
Root visits: 527
New playouts: 394
NN rows: 277
NN batches: 28
NN avg batch size: 9.89286
PV: G5 J6 F2 A6 A7 A5 B7 F1 D1 C1 A3
Tree:
: T 103.00c W  98.90c S   4.83c ( +7.2 L  +7.3) N     527  --  G5 J6 F2 A6 A7 A5 B7
---White(^)---
G5  : T 104.23c W  99.05c S   5.71c ( +7.6 L  +7.7) LCB  102.29c P 55.36% WF 851.5 PSV     843 N     382  --  G5 J6 F2 A6 A7 A5 B7 F1
D1  : T  99.20c W  97.96c S   2.63c ( +6.2 L  +6.3) LCB   94.10c P 27.63% WF 134.4 PSV      76 N      82  --  D1 F2 G5 J5 F1 E3 F3 E1
F2  : T  95.99c W  99.36c S  -1.98c ( +4.4 L  +4.6) LCB   88.52c P 13.28% WF  51.9 PSV      24 N      20  --  F2 J4 G5 H3 H2
F9  : T 101.14c W  99.45c S   2.39c ( +6.1 L  +6.3) LCB   95.76c P  1.15% WF  46.6 PSV       4 N      22  --  F9 G9 G5 J5 H8
F1  : T  99.70c W  97.02c S   4.16c ( +6.9 L  +7.0) LCB   91.30c P  1.06% WF  25.4 PSV       3 N      20  --  F1 F2 G5 J5 D1 E3 F3 E1

2024-06-24 17:06:51-0400: = G5
2024-06-24 17:06:58-0400: Controller: kata-list_time_settings
2024-06-24 17:06:58-0400: = none absolute byoyomi canadian fischer fischer-capped
2024-06-24 17:06:58-0400: Controller: play black h6
2024-06-24 17:06:58-0400: = 
2024-06-24 17:06:58-0400: Controller: genmove white
2024-06-24 17:06:58-0400: MoveNum: 31 HASH: 0F34DE47E226FA7B164B48F6C16CEE4F
   A B C D E F G H J
 9 . . . . . . . . .
 8 . . . O O X . @ .
 7 . . . O X X X . .
 6 . O . O X . X X3.
 5 . X O . O X O2X .
 4 . X X O . O O O .
 3 . . X O . . . . .
 2 . . X X O . . . .
 1 . . . . X1. . . .

koPOSITIONALscoreAREAtaxNONEsui1komi0.5
Time taken: 0.282
Root visits: 377
New playouts: 322
NN rows: 268
NN batches: 30
NN avg batch size: 8.93333
PV: H8 F9 H9 J8 H7 G8 F2 A6 A7 A5
Tree:
: T 101.42c W  99.11c S   3.18c ( +9.4 L  +9.5) N     377  --  H8 F9 H9 J8 H7 G8 F2
---White(^)---
H8  : T 103.53c W  99.32c S   4.92c (+10.2 L +10.3) LCB  101.12c P 23.20% WF 503.4 PSV     581 N     222  --  H8 F9 H9 J8 H7 G8 F2 A6
F9  : T  97.74c W  99.04c S  -0.56c ( +7.6 L  +8.1) LCB   93.33c P 63.32% WF 150.3 PSV     139 N      70  --  F9 H8 F2 A6 H9 G9 G8
D1  : T  98.39c W  98.40c S   1.72c ( +8.7 L  +8.8) LCB   88.48c P  9.64% WF  59.0 PSV      23 N      35  --  D1 F2 E3 C1 F9 H8 H9 G9
F2  : T 100.78c W  99.80c S   1.56c ( +8.6 L  +8.7) LCB   96.68c P  0.95% WF  67.6 PSV       3 N      26  --  F2 J4 H8 F9 H9 H3
F1  : T  92.72c W  95.10c S   1.13c ( +8.4 L  +8.6) LCB   55.23c P  0.79% WF  12.9 PSV       0 N      11  --  F1 F2 D1 E3 E4 E1 F9 H8
H9  : T  95.22c W  99.36c S  -3.87c ( +6.3 L  +6.4) LCB   78.32c P  0.21% WF   8.7 PSV       0 N       6  --  H9 H8 D1 F2
J5  : T  92.63c W  99.78c S  -6.48c ( +5.6 L  +5.8) LCB  -57.44c P  0.13% WF   4.4 PSV       0 N       2  --  J5 H8
B2  : T  40.06c W  47.63c S  -7.56c ( +3.6 L  +2.8) LCB -309.94c P  0.22% WF   0.4 PSV       0 N       1  --  B2
A5  : T  59.61c W  70.54c S -10.93c ( +2.6 L  +2.2) LCB -290.39c P  0.16% WF   0.6 PSV       0 N       1  --  A5
G2  : T  94.08c W  99.72c S  -5.64c ( +5.8 L  +5.3) LCB -255.92c P  0.14% WF   2.6 PSV       0 N       1  --  G2

2024-06-24 17:06:58-0400: = H8
2024-06-24 17:07:03-0400: Controller: quit
2024-06-24 17:07:03-0400: Quit requested by controller
2024-06-24 17:07:03-0400: = 
2024-06-24 17:07:04-0400: GPU -1 finishing, processed 68418 rows 6510 batches
2024-06-24 17:07:04-0400: All cleaned up, quitting
