2024-05-21 19:06:21+0800: Running with following config:
allowResignation = true
lagBuffer = 1.0
logAllGTPCommunication = true
logDir = gtp_logs
logSearchInfo = true
logSearchInfoForChosenMove = false
logToStderr = false
maxTime = 0.5
maxTimePondering = 60.0
numSearchThreads = 16
ogsChatToStderr = true
ponderingEnabled = true
resignConsecTurns = 3
resignThreshold = -0.90
rules = tromp-taylor
searchFactorAfterOnePass = 0.50
searchFactorAfterTwoPass = 0.25
searchFactorWhenWinning = 0.40
searchFactorWhenWinningThreshold = 0.95

2024-05-21 19:06:21+0800: GTP Engine starting...
2024-05-21 19:06:21+0800: KataGo v1.14.1
2024-05-21 19:06:21+0800: Using TrompTaylor rules initially, unless GTP/GUI overrides this
2024-05-21 19:06:21+0800: Using 16 CPU thread(s) for search
2024-05-21 19:06:21+0800: nnRandSeed0 = 15615986631207498847
2024-05-21 19:06:21+0800: After dedups: nnModelFile0 = C:\Users\chang\Downloads\KaTrain\KaTrain\katrain\models/kata1-b18c384nbt-s6582191360-d3422816034.bin.gz useFP16 auto useNHWC auto
2024-05-21 19:06:21+0800: Initializing neural net buffer to be size 19 * 19 exactly
2024-05-21 19:06:22+0800: Found OpenCL Platform 0: NVIDIA CUDA (NVIDIA Corporation) (OpenCL 3.0 CUDA 12.4.89)
2024-05-21 19:06:22+0800: Found 1 device(s) on platform 0 with type CPU or GPU or Accelerator
2024-05-21 19:06:22+0800: Found OpenCL Platform 1: Intel(R) OpenCL Graphics (Intel(R) Corporation) (OpenCL 3.0 )
2024-05-21 19:06:22+0800: Found 1 device(s) on platform 1 with type CPU or GPU or Accelerator
2024-05-21 19:06:22+0800: Found OpenCL Device 0: NVIDIA GeForce RTX 4060 Laptop GPU (NVIDIA Corporation) (score 11000300)
2024-05-21 19:06:22+0800: Found OpenCL Device 1: Intel(R) UHD Graphics (Intel(R) Corporation) (score 6000300)
2024-05-21 19:06:22+0800: Creating context for OpenCL Platform: NVIDIA CUDA (NVIDIA Corporation) (OpenCL 3.0 CUDA 12.4.89)
2024-05-21 19:06:22+0800: Using OpenCL Device 0: NVIDIA GeForce RTX 4060 Laptop GPU (NVIDIA Corporation) OpenCL 3.0 CUDA (Extensions: cl_khr_global_int32_base_atomics cl_khr_global_int32_extended_atomics cl_khr_local_int32_base_atomics cl_khr_local_int32_extended_atomics cl_khr_fp64 cl_khr_3d_image_writes cl_khr_byte_addressable_store cl_khr_icd cl_khr_gl_sharing cl_nv_compiler_options cl_nv_device_attribute_query cl_nv_pragma_unroll cl_nv_d3d10_sharing cl_khr_d3d10_sharing cl_nv_d3d11_sharing cl_nv_copy_opts cl_nv_create_buffer cl_khr_int64_base_atomics cl_khr_int64_extended_atomics cl_khr_device_uuid cl_khr_pci_bus_info cl_khr_external_semaphore cl_khr_external_memory cl_khr_external_semaphore_win32 cl_khr_external_memory_win32)
2024-05-21 19:06:22+0800: Loaded tuning parameters from: C:\Users\chang\Downloads\katago-v1.14.1-opencl-windows-x64/KataGoData/opencltuning/tune11_gpuNVIDIAGeForceRTX4060LaptopGPU_x19_y19_c384_mv14.txt
2024-05-21 19:06:22+0800: OpenCL backend thread 0: Model version 14
2024-05-21 19:06:22+0800: OpenCL backend thread 0: Model name: kata1-b18c384nbt-s6582191360-d3422816034
2024-05-21 19:06:23+0800: OpenCL backend thread 0: FP16Storage true FP16Compute false FP16TensorCores true FP16TensorCoresFor1x1 false
2024-05-21 19:06:23+0800: Loaded neural net with nnXLen 19 nnYLen 19
2024-05-21 19:06:23+0800: Initializing board with boardXSize 19 boardYSize 19
2024-05-21 19:06:23+0800: Loaded config C:/Users/chang/Downloads/katago-v1.14.1-opencl-windows-x64/lizgoban.cfg
2024-05-21 19:06:23+0800: Loaded model C:\Users\chang\Downloads\KaTrain\KaTrain\katrain\models/kata1-b18c384nbt-s6582191360-d3422816034.bin.gz
2024-05-21 19:06:23+0800: Model name: kata1-b18c384nbt-s6582191360-d3422816034
2024-05-21 19:06:23+0800: GTP ready, beginning main protocol loop
2024-05-21 19:06:23+0800: Controller: list_commands
2024-05-21 19:06:23+0800: = protocol_version
name
version
known_command
list_commands
quit
boardsize
rectangular_boardsize
clear_board
set_position
komi
get_komi
play
undo
kata-get-rules
kata-set-rule
kata-set-rules
kata-get-param
kata-set-param
kata-list-params
kgs-rules
genmove
genmove_debug
search_debug
clear_cache
showboard
fixed_handicap
place_free_handicap
set_free_handicap
time_settings
kgs-time_settings
time_left
kata-list_time_settings
kata-time_settings
final_score
final_status_list
loadsgf
printsgf
lz-genmove_analyze
kata-genmove_analyze
lz-analyze
kata-analyze
kata-raw-nn
cputime
gomill-cpu_time
kata-benchmark
kata-debug-print-tc
debug_moves
stop
2024-05-21 19:06:23+0800: Controller: boardsize 9
2024-05-21 19:06:23+0800: GPU -1 finishing, processed 0 rows 0 batches
2024-05-21 19:06:23+0800: Cleaned up old neural net and bot
2024-05-21 19:06:23+0800: nnRandSeed0 = 16248344112772762270
2024-05-21 19:06:23+0800: After dedups: nnModelFile0 = C:\Users\chang\Downloads\KaTrain\KaTrain\katrain\models/kata1-b18c384nbt-s6582191360-d3422816034.bin.gz useFP16 auto useNHWC auto
2024-05-21 19:06:23+0800: Initializing neural net buffer to be size 9 * 9 exactly
2024-05-21 19:06:24+0800: Found OpenCL Platform 0: NVIDIA CUDA (NVIDIA Corporation) (OpenCL 3.0 CUDA 12.4.89)
2024-05-21 19:06:24+0800: Found 1 device(s) on platform 0 with type CPU or GPU or Accelerator
2024-05-21 19:06:24+0800: Found OpenCL Platform 1: Intel(R) OpenCL Graphics (Intel(R) Corporation) (OpenCL 3.0 )
2024-05-21 19:06:24+0800: Found 1 device(s) on platform 1 with type CPU or GPU or Accelerator
2024-05-21 19:06:24+0800: Found OpenCL Device 0: NVIDIA GeForce RTX 4060 Laptop GPU (NVIDIA Corporation) (score 11000300)
2024-05-21 19:06:24+0800: Found OpenCL Device 1: Intel(R) UHD Graphics (Intel(R) Corporation) (score 6000300)
2024-05-21 19:06:24+0800: Creating context for OpenCL Platform: NVIDIA CUDA (NVIDIA Corporation) (OpenCL 3.0 CUDA 12.4.89)
2024-05-21 19:06:24+0800: Using OpenCL Device 0: NVIDIA GeForce RTX 4060 Laptop GPU (NVIDIA Corporation) OpenCL 3.0 CUDA (Extensions: cl_khr_global_int32_base_atomics cl_khr_global_int32_extended_atomics cl_khr_local_int32_base_atomics cl_khr_local_int32_extended_atomics cl_khr_fp64 cl_khr_3d_image_writes cl_khr_byte_addressable_store cl_khr_icd cl_khr_gl_sharing cl_nv_compiler_options cl_nv_device_attribute_query cl_nv_pragma_unroll cl_nv_d3d10_sharing cl_khr_d3d10_sharing cl_nv_d3d11_sharing cl_nv_copy_opts cl_nv_create_buffer cl_khr_int64_base_atomics cl_khr_int64_extended_atomics cl_khr_device_uuid cl_khr_pci_bus_info cl_khr_external_semaphore cl_khr_external_memory cl_khr_external_semaphore_win32 cl_khr_external_memory_win32)
2024-05-21 19:06:24+0800: Loaded tuning parameters from: C:\Users\chang\Downloads\katago-v1.14.1-opencl-windows-x64/KataGoData/opencltuning/tune11_gpuNVIDIAGeForceRTX4060LaptopGPU_x19_y19_c384_mv14.txt
2024-05-21 19:06:24+0800: OpenCL backend thread 0: Model version 14
2024-05-21 19:06:24+0800: OpenCL backend thread 0: Model name: kata1-b18c384nbt-s6582191360-d3422816034
2024-05-21 19:06:25+0800: OpenCL backend thread 0: FP16Storage true FP16Compute false FP16TensorCores true FP16TensorCoresFor1x1 false
2024-05-21 19:06:25+0800: Loaded neural net with nnXLen 9 nnYLen 9
2024-05-21 19:06:25+0800: Initializing board with boardXSize 9 boardYSize 9
2024-05-21 19:06:25+0800: = 
2024-05-21 19:06:25+0800: Controller: clear_board
2024-05-21 19:06:25+0800: = 
2024-05-21 19:06:25+0800: Controller: komi 6.5
2024-05-21 19:06:25+0800: = 
2024-05-21 19:06:25+0800: Controller: play black e5
2024-05-21 19:06:25+0800: = 
2024-05-21 19:06:25+0800: Controller: genmove white
2024-05-21 19:06:26+0800: MoveNum: 1 HASH: 38E71B648B5DE3A43B414F57C285AD76
   A B C D E F G H J
 9 . . . . . . . . .
 8 . . . . . . . . .
 7 . . . . . . . . .
 6 . . . . . . . . .
 5 . . . . X1. . . .
 4 . . @ . . . . . .
 3 . . . . . . . . .
 2 . . . . . . . . .
 1 . . . . . . . . .

koPOSITIONALscoreAREAtaxNONEsui1komi6.5
Time taken: 0.782
Root visits: 310
New playouts: 310
NN rows: 300
NN batches: 33
NN avg batch size: 9.09091
PV: C4 E3 G6 C6 F7 E7 E8 D8 D2 E2 B5 C2
Tree:
: T -55.84c W -53.34c S  -2.09c ( -1.2 L  -0.5) N     310  --  C4 E3 G6 C6 F7 E7 E8
---White(^)---
C4  : T -53.54c W -50.94c S  -1.87c ( -1.1 L  -0.4) LCB  -58.57c P  9.10% WF 211.6 PSV     208 N     163  --  C4 E3 G6 C6 F7 E7 E8 D8
C5  : T -58.08c W -55.62c S  -2.22c ( -1.3 L  -0.6) LCB  -64.35c P  3.03% WF  67.3 PSV       7 N      39  --  C5 G4 F7 D6 D3 C6 E8 H7
C3  : T -56.64c W -54.52c S  -2.10c ( -1.2 L  -0.4) LCB  -63.79c P  0.80% WF 106.0 PSV       2 N      84  --  C3 E3 C6 G6 D7 F7 E2 D2
D4  : T -72.55c W -68.91c S  -3.02c ( -1.8 L  -0.6) LCB  -94.54c P  0.02% WF   3.9 PSV       0 N       6  --  D4 E4 D3 D5
B5  : T -76.51c W -76.53c S  -4.17c ( -2.3 L  -1.0) LCB -161.69c P  0.02% WF   1.7 PSV       0 N       3  --  B5 C6
D5  : T -87.50c W -83.27c S  -4.55c ( -2.5 L  -0.9) LCB -180.08c P  0.01% WF   1.2 PSV       0 N       3  --  D5 D6 C6
B4  : T -78.99c W -79.81c S  -5.39c ( -2.8 L  -1.7) LCB -171.76c P  0.01% WF   1.1 PSV       0 N       3  --  B4 D3
B3  : T -106.04c W -95.59c S -10.45c ( -5.0 L  -3.5) LCB -456.04c P  0.00% WF   0.3 PSV       0 N       1  --  B3
B2  : T -113.55c W -98.80c S -14.75c ( -6.8 L  -5.9) LCB -463.55c P  0.00% WF   0.3 PSV       0 N       1  --  B2
pss : T -120.58c W -99.85c S -20.73c (-10.1 L  -8.5) LCB -470.58c P  0.00% WF   0.2 PSV       0 N       1  --  pass

2024-05-21 19:06:26+0800: = C4
2024-05-21 19:06:44+0800: Controller: kata-list_time_settings
2024-05-21 19:06:44+0800: = none absolute byoyomi canadian fischer fischer-capped
2024-05-21 19:06:44+0800: Controller: play black d3
2024-05-21 19:06:44+0800: = 
2024-05-21 19:06:44+0800: Controller: genmove white
2024-05-21 19:06:44+0800: MoveNum: 3 HASH: 0494B24A6B9EEF41289E1794341ED27C
   A B C D E F G H J
 9 . . . . . . . . .
 8 . . . . . . . . .
 7 . . . . . . . . .
 6 . . @ . . . . . .
 5 . . . . X1. . . .
 4 . . O2. . . . . .
 3 . . . X3. . . . .
 2 . . . . . . . . .
 1 . . . . . . . . .

koPOSITIONALscoreAREAtaxNONEsui1komi6.5
Time taken: 0.515
Root visits: 1913
New playouts: 329
NN rows: 285
NN batches: 33
NN avg batch size: 8.63636
PV: C6 G6 D7 C3 G4 F3 H5 H6 G3 F2 G2 E8 E7 F7 B4 J2 F8 G8 F6
Tree:
: T -41.06c W -43.99c S  -0.61c ( -1.1 L  -0.6) N    1913  --  C6 G6 D7 C3 G4 F3 H5
---White(^)---
C6  : T -39.78c W -43.01c S  -0.58c ( -1.1 L  -0.6) LCB  -43.74c P 76.68% WF 1469.7 PSV    1457 N    1816  --  C6 G6 D7 C3 G4 F3 H5 H6
F3  : T -56.89c W -55.92c S  -0.94c ( -1.3 L  -0.4) LCB  -68.16c P  7.96% WF  39.9 PSV      21 N      34  --  F3 E3 C6 G5 H5 H4 G6
C7  : T -53.95c W -53.39c S  -0.74c ( -1.1 L  -0.5) LCB  -64.01c P  4.27% WF  46.9 PSV      13 N      43  --  C7 G4 G5 H5 F4 F5
C3  : T -61.08c W -59.07c S  -1.22c ( -1.4 L  -0.4) LCB -100.63c P  3.39% WF   7.9 PSV       7 N       5  --  C3 C6 G6
D6  : T -60.48c W -60.56c S  -1.58c ( -1.6 L  -0.8) LCB  -91.02c P  1.70% WF   9.6 PSV       3 N       7  --  D6 E6 D7 E7 H5
D7  : T -67.13c W -66.74c S  -1.49c ( -1.5 L  -0.3) LCB -218.25c P  1.64% WF   2.7 PSV       2 N       2  --  D7 D6
G4  : T -60.36c W -58.18c S  -1.34c ( -1.5 L  -0.5) LCB -213.14c P  1.15% WF   3.1 PSV       2 N       2  --  G4 C6
G6  : T -67.68c W -65.73c S  -1.95c ( -1.8 L  -0.9) LCB -417.68c P  1.17% WF   1.9 PSV       2 N       1  --  G6
G5  : T -64.21c W -62.37c S  -1.84c ( -1.7 L  -0.7) LCB -414.21c P  0.68% WF   1.9 PSV       1 N       1  --  G5
F7  : T -80.38c W -77.02c S  -3.36c ( -2.5 L  -1.0) LCB -430.38c P  0.57% WF   1.5 PSV       0 N       1  --  F7

2024-05-21 19:06:44+0800: = C6
2024-05-21 19:06:52+0800: Controller: kata-list_time_settings
2024-05-21 19:06:52+0800: = none absolute byoyomi canadian fischer fischer-capped
2024-05-21 19:06:52+0800: Controller: play black g5
2024-05-21 19:06:52+0800: = 
2024-05-21 19:06:52+0800: Controller: genmove white
2024-05-21 19:06:53+0800: MoveNum: 5 HASH: F8B75D45BA0B116F6620DDF2E55FE664
   A B C D E F G H J
 9 . . . . . . . . .
 8 . . . . . . . . .
 7 . . . . . . . . .
 6 . . O2. . @ . . .
 5 . . . . X . X3. .
 4 . . O . . . . . .
 3 . . . X1. . . . .
 2 . . . . . . . . .
 1 . . . . . . . . .

koPOSITIONALscoreAREAtaxNONEsui1komi6.5
Time taken: 0.578
Root visits: 619
New playouts: 304
NN rows: 308
NN batches: 36
NN avg batch size: 8.55556
PV: F6 E6 E4 D4 F5 C3 E7 F4 D6
Tree:
: T -29.15c W -31.91c S  -0.21c ( -0.7 L  -0.3) N     619  --  F6 E6 E4 D4 F5 C3 E7
---White(^)---
F6  : T -24.80c W -28.02c S   0.05c ( -0.5 L  -0.2) LCB  -33.01c P 29.72% WF 289.1 PSV     280 N     421  --  F6 E6 E4 D4 F5 C3 E7 F4
D4  : T -30.77c W -37.82c S  -0.45c ( -0.8 L  -0.3) LCB  -48.75c P 28.05% WF  50.8 PSV      52 N      68  --  D4 E4 E3 C3 F3 D6 B3 C7
H5  : T -39.76c W -39.07c S  -0.76c ( -0.9 L  -0.5) LCB  -53.32c P 19.71% WF  68.5 PSV      25 N      87  --  H5 G6 G4 F4 G3 H6 E2 D2
E7  : T -37.72c W -37.76c S  -0.74c ( -0.9 L  -0.4) LCB  -57.01c P 14.13% WF  32.7 PSV      20 N      38  --  E7 C3 G7 H7 F3 D7 D6 E6
D7  : T -59.28c W -56.94c S  -1.64c ( -1.3 L  -0.6) LCB  -84.75c P  5.73% WF   3.3 PSV       3 N       3  --  D7 C3 H5 H4 G6 H6 F5 J5
G4  : T -64.01c W -61.94c S  -2.07c ( -1.6 L  -0.8) LCB -414.01c P  1.34% WF   1.6 PSV       0 N       1  --  G4

2024-05-21 19:06:53+0800: = F6
2024-05-21 19:06:57+0800: Controller: kata-list_time_settings
2024-05-21 19:06:57+0800: = none absolute byoyomi canadian fischer fischer-capped
2024-05-21 19:06:57+0800: Controller: play black f5
2024-05-21 19:06:57+0800: = 
2024-05-21 19:06:57+0800: Controller: genmove white
2024-05-21 19:06:57+0800: MoveNum: 7 HASH: 0EBFFD7A053570DEF639DCFA4E152A10
   A B C D E F G H J
 9 . . . . . . . . .
 8 . . . . . . . . .
 7 . . . @ . . . . .
 6 . . O . . O2. . .
 5 . . . . X X3X1. .
 4 . . O . . . . . .
 3 . . . X . . . . .
 2 . . . . . . . . .
 1 . . . . . . . . .

koPOSITIONALscoreAREAtaxNONEsui1komi6.5
Time taken: 0.578
Root visits: 2769
New playouts: 320
NN rows: 309
NN batches: 36
NN avg batch size: 8.58333
PV: D7 F7 E2 E3 H3 F2 G6 H6 G2 F3 H5 G7 H4
Tree:
: T -45.03c W -44.23c S  -0.74c ( -1.1 L  -0.9) N    2769  --  D7 F7 E2 E3 H3 F2 G6
---White(^)---
D7  : T -43.93c W -43.15c S  -0.69c ( -1.1 L  -0.9) LCB  -48.42c P 64.12% WF 1797.8 PSV    1780 N    2631  --  D7 F7 E2 E3 H3 F2 G6 H6
D4  : T -68.22c W -65.10c S  -1.88c ( -1.7 L  -1.0) LCB  -77.38c P 25.23% WF  61.6 PSV      72 N      72  --  D4 D7 F3 F2 E3 E2 C3 G3
E7  : T -54.85c W -56.40c S  -0.98c ( -1.2 L  -0.7) LCB  -67.83c P  8.44% WF  46.1 PSV      48 N      61  --  E7 C3 H6 D7 D6 E6 F7 C7
E6  : T -65.61c W -65.21c S  -0.65c ( -1.1 L  -0.5) LCB -140.74c P  0.80% WF   2.7 PSV       2 N       3  --  E6 G6
D6  : T -93.59c W -87.71c S  -5.89c ( -3.2 L  -3.1) LCB -443.59c P  0.82% WF   1.1 PSV       1 N       1  --  D6

2024-05-21 19:06:57+0800: = D7
2024-05-21 19:07:01+0800: Controller: kata-list_time_settings
2024-05-21 19:07:01+0800: = none absolute byoyomi canadian fischer fischer-capped
2024-05-21 19:07:01+0800: Controller: play black e6
2024-05-21 19:07:01+0800: = 
2024-05-21 19:07:01+0800: Controller: genmove white
2024-05-21 19:07:02+0800: MoveNum: 9 HASH: D50E4CE3A89AEF80E8516FE558355543
   A B C D E F G H J
 9 . . . . . . . . .
 8 . . . . . . . . .
 7 . . . O2@ . . . .
 6 . . O . X3O . . .
 5 . . . . X X1X . .
 4 . . O . . . . . .
 3 . . . X . . . . .
 2 . . . . . . . . .
 1 . . . . . . . . .

koPOSITIONALscoreAREAtaxNONEsui1komi6.5
Time taken: 0.563
Root visits: 346
New playouts: 329
NN rows: 303
NN batches: 34
NN avg batch size: 8.91176
PV: E7 C3 G6 H6 D4 E4 H7 F7
Tree:
: T  53.34c W  49.90c S   3.08c ( +1.7 L  +1.5) N     346  --  E7 C3 G6 H6 D4 E4 H7
---White(^)---
E7  : T  64.32c W  59.93c S   3.77c ( +2.0 L  +1.8) LCB   45.08c P 35.34% WF 107.0 PSV     153 N     166  --  E7 C3 G6 H6 D4 E4 H7 F7
D4  : T  46.37c W  43.71c S   2.71c ( +1.5 L  +1.3) LCB   22.81c P 53.09% WF  73.6 PSV      57 N     124  --  D4 E7 F3 E3 E4 F2 F4 G2
F8  : T -73.00c W -68.57c S  -4.43c ( -1.5 L  -0.7) LCB -423.00c P  4.06% WF   0.8 PSV       0 N       1  --  F8
C3  : T -24.31c W -22.84c S  -1.46c ( -0.2 L  +0.4) LCB -374.31c P  3.10% WF   0.4 PSV       0 N       1  --  C3
E2  : T -70.25c W -66.73c S  -3.52c ( -1.2 L  -0.7) LCB -420.25c P  2.51% WF   0.8 PSV       0 N       1  --  E2
G3  : T -58.85c W -55.52c S  -3.34c ( -1.1 L  -0.5) LCB -408.85c P  0.67% WF   0.7 PSV       0 N       1  --  G3
F3  : T -64.13c W -60.19c S  -3.94c ( -1.4 L  -0.8) LCB -414.13c P  0.41% WF   0.7 PSV       0 N       1  --  F3
E3  : T -64.37c W -60.42c S  -3.95c ( -1.3 L  -1.6) LCB -414.37c P  0.31% WF   0.5 PSV       0 N       1  --  E3
H5  : T -89.13c W -83.12c S  -6.01c ( -2.4 L  -1.7) LCB -439.13c P  0.14% WF   0.4 PSV       0 N       1  --  H5
H3  : T -79.08c W -74.45c S  -4.63c ( -1.7 L  -1.0) LCB -429.08c P  0.11% WF   0.3 PSV       0 N       1  --  H3

2024-05-21 19:07:02+0800: = E7
2024-05-21 19:07:04+0800: Controller: kata-list_time_settings
2024-05-21 19:07:04+0800: = none absolute byoyomi canadian fischer fischer-capped
2024-05-21 19:07:04+0800: Controller: play black f7
2024-05-21 19:07:04+0800: = 
2024-05-21 19:07:04+0800: Controller: genmove white
2024-05-21 19:07:05+0800: MoveNum: 11 HASH: 0D24FC3407E3C7BA8985ABDC44F99C9C
   A B C D E F G H J
 9 . . . . . . . . .
 8 . . . . . @ . . .
 7 . . . O O2X3. . .
 6 . . O . X1O . . .
 5 . . . . X X X . .
 4 . . O . . . . . .
 3 . . . X . . . . .
 2 . . . . . . . . .
 1 . . . . . . . . .

koPOSITIONALscoreAREAtaxNONEsui1komi6.5
Time taken: 0.532
Root visits: 309
New playouts: 302
NN rows: 294
NN batches: 34
NN avg batch size: 8.64706
PV: D4 F8 E3 E2 F3 F2 D2 G3 G2 H2 C3
Tree:
: T  72.92c W  71.60c S   2.05c ( +2.6 L  +2.6) N     309  --  D4 F8 E3 E2 F3 F2 D2
---White(^)---
D4  : T  75.72c W  72.26c S   2.34c ( +2.8 L  +2.6) LCB   55.44c P 35.18% WF  78.6 PSV     122 N     117  --  D4 F8 E3 E2 F3 F2 D2 G3
F8  : T  75.76c W  75.74c S   2.19c ( +2.7 L  +2.6) LCB   51.33c P 49.83% WF  96.4 PSV      95 N     120  --  F8 C3 D4 E4 G7 B4 B5 C5
C3  : T -19.85c W  -3.72c S  -3.99c ( +0.2 L  +0.2) LCB -108.90c P  6.44% WF   1.1 PSV       1 N       3  --  C3 F8 D2
E2  : T -37.40c W -32.60c S  -4.80c ( -0.3 L  -0.5) LCB -387.40c P  5.44% WF   0.5 PSV       1 N       1  --  E2
E3  : T -18.82c W -15.30c S  -3.52c ( +0.3 L  -0.1) LCB -368.82c P  1.91% WF   0.4 PSV       0 N       1  --  E3
F3  : T -41.80c W -36.17c S  -5.63c ( -0.8 L  -0.5) LCB -391.80c P  0.35% WF   0.5 PSV       0 N       1  --  F3
G3  : T -49.36c W -43.33c S  -6.03c ( -0.9 L  -0.8) LCB -399.36c P  0.32% WF   0.5 PSV       0 N       1  --  G3
F2  : T -57.39c W -51.12c S  -6.27c ( -1.0 L  -0.8) LCB -407.39c P  0.13% WF   0.3 PSV       0 N       1  --  F2
H3  : T -73.29c W -66.06c S  -7.23c ( -1.4 L  -1.3) LCB -423.29c P  0.13% WF   0.3 PSV       0 N       1  --  H3
D2  : T -50.33c W -44.54c S  -5.80c ( -0.7 L  -0.7) LCB -400.33c P  0.09% WF   0.2 PSV       0 N       1  --  D2

2024-05-21 19:07:05+0800: = F8
2024-05-21 19:07:08+0800: Controller: kata-list_time_settings
2024-05-21 19:07:08+0800: = none absolute byoyomi canadian fischer fischer-capped
2024-05-21 19:07:08+0800: Controller: play black g7
2024-05-21 19:07:08+0800: = 
2024-05-21 19:07:08+0800: Controller: genmove white
2024-05-21 19:07:08+0800: MoveNum: 13 HASH: 8115ECA306EE125D0B435B9C1575B297
   A B C D E F G H J
 9 . . . . . . . . .
 8 . . . . . O2. . .
 7 . . . O O X1X3. .
 6 . . O . X O . . .
 5 . . . . X X X . .
 4 . . O . . . . . .
 3 . . @ X . . . . .
 2 . . . . . . . . .
 1 . . . . . . . . .

koPOSITIONALscoreAREAtaxNONEsui1komi6.5
Time taken: 0.562
Root visits: 494
New playouts: 410
NN rows: 309
NN batches: 35
NN avg batch size: 8.82857
PV: C3 C2 D4 E3 G8 H7 B2 D2 H8 J8
Tree:
: T 102.07c W  98.34c S   3.85c ( +4.4 L  +4.5) N     494  --  C3 C2 D4 E3 G8 H7 B2
---White(^)---
C3  : T 102.59c W  99.08c S   3.50c ( +4.2 L  +4.4) LCB  101.21c P 56.27% WF 509.1 PSV     525 N     256  --  C3 C2 D4 E3 G8 H7 B2 D2
D4  : T 102.75c W  98.55c S   4.48c ( +4.6 L  +4.8) LCB   99.73c P 28.91% WF 384.6 PSV     285 N     205  --  D4 E3 G8 C3 H7 G6 J5 H8
G8  : T  76.15c W  78.59c S  -0.57c ( +2.7 L  +2.2) LCB   42.02c P 11.98% WF   7.0 PSV       7 N      11  --  G8 C3 D4 E4 H7 G6
E2  : T  81.12c W  80.34c S   0.78c ( +3.2 L  +3.2) LCB -268.88c P  1.58% WF   0.7 PSV       1 N       1  --  E2
E3  : T  87.73c W  85.80c S   1.93c ( +3.7 L  +3.7) LCB -262.27c P  0.75% WF   0.7 PSV       0 N       1  --  E3
D2  : T  79.48c W  79.20c S   0.28c ( +3.0 L  +3.0) LCB -270.52c P  0.26% WF   0.7 PSV       0 N       1  --  D2
F3  : T   2.78c W   7.58c S  -4.80c ( +0.8 L  +1.0) LCB -347.22c P  0.07% WF   0.4 PSV       0 N       1  --  F3
F2  : T  -4.25c W   0.88c S  -5.13c ( +0.6 L  +0.8) LCB -354.25c P  0.06% WF   0.4 PSV       0 N       1  --  F2
G3  : T -62.83c W -53.78c S  -9.05c ( -0.9 L  -1.0) LCB -412.83c P  0.03% WF   0.4 PSV       0 N       1  --  G3
B2  : T -55.22c W -46.63c S  -8.59c ( -0.8 L  -0.4) LCB -405.22c P  0.02% WF   0.3 PSV       0 N       1  --  B2

2024-05-21 19:07:08+0800: = C3
2024-05-21 19:07:19+0800: Controller: kata-list_time_settings
2024-05-21 19:07:19+0800: = none absolute byoyomi canadian fischer fischer-capped
2024-05-21 19:07:19+0800: Controller: play black e3
2024-05-21 19:07:19+0800: = 
2024-05-21 19:07:19+0800: Controller: genmove white
2024-05-21 19:07:20+0800: MoveNum: 15 HASH: 0C91445BD4CB64F67BE896E46FE44E23
   A B C D E F G H J
 9 . . . . . . . . .
 8 . . . . . O @ . .
 7 . . . O O X X1. .
 6 . . O . X O . . .
 5 . . . . X X X . .
 4 . . O . . . . . .
 3 . . O2X X3. . . .
 2 . . . . . . . . .
 1 . . . . . . . . .

koPOSITIONALscoreAREAtaxNONEsui1komi6.5
Time taken: 0.5
Root visits: 329
New playouts: 329
NN rows: 285
NN batches: 31
NN avg batch size: 9.19355
PV: G8 H7 D2 E2 C2 H8 E1 F1 D1
Tree:
: T 105.17c W  99.06c S   6.05c ( +6.6 L  +7.1) N     329  --  G8 H7 D2 E2 C2 H8 E1
---White(^)---
G8  : T 106.94c W  99.78c S   7.08c ( +7.0 L  +7.5) LCB  105.77c P 85.43% WF 654.2 PSV     648 N     217  --  G8 H7 D2 E2 C2 H8 E1 F1
D2  : T  99.52c W  99.18c S   0.65c ( +4.6 L  +4.9) LCB   94.60c P 13.17% WF  73.1 PSV      24 N      34  --  D2 C2 E2 F2 G8 B2 H7
C2  : T  97.33c W  99.57c S  -2.11c ( +3.7 L  +3.9) LCB   90.80c P  0.35% WF  17.0 PSV       0 N      11  --  C2 G8 F1 F2
E2  : T  90.83c W  96.16c S  -3.65c ( +3.1 L  +2.9) LCB   -6.81c P  0.33% WF   2.9 PSV       0 N       3  --  E2 D2 G8
D4  : T  64.21c W  71.15c S  -6.94c ( +1.7 L  +1.7) LCB -285.79c P  0.19% WF   0.5 PSV       0 N       1  --  D4
E1  : T  10.25c W  18.49c S  -8.24c ( +1.2 L  +1.0) LCB -339.75c P  0.07% WF   0.3 PSV       0 N       1  --  E1
D1  : T  77.21c W  81.56c S  -4.35c ( +2.7 L  +2.5) LCB -272.79c P  0.07% WF   0.5 PSV       0 N       1  --  D1
F2  : T -30.44c W -20.62c S  -9.82c ( +0.2 L  +0.1) LCB -380.44c P  0.06% WF   0.3 PSV       0 N       1  --  F2
E4  : T  52.76c W  60.14c S  -7.38c ( +1.5 L  +1.4) LCB -297.24c P  0.05% WF   0.4 PSV       0 N       1  --  E4
E8  : T  72.56c W  80.36c S  -7.80c ( +1.5 L  +1.5) LCB -277.44c P  0.03% WF   0.5 PSV       0 N       1  --  E8

2024-05-21 19:07:20+0800: = G8
2024-05-21 19:07:36+0800: Controller: kata-list_time_settings
2024-05-21 19:07:36+0800: = none absolute byoyomi canadian fischer fischer-capped
2024-05-21 19:07:36+0800: Controller: play black h7
2024-05-21 19:07:36+0800: = 
2024-05-21 19:07:36+0800: Controller: genmove white
2024-05-21 19:07:37+0800: MoveNum: 17 HASH: 1EB82CA286627408D968F329166B8C12
   A B C D E F G H J
 9 . . . . . . . . .
 8 . . . . . O O2. .
 7 . . . O O X X X3.
 6 . . O . X O . . .
 5 . . . . X X X . .
 4 . . O . . . . . .
 3 . . O X X1. . . .
 2 . . . @ . . . . .
 1 . . . . . . . . .

koPOSITIONALscoreAREAtaxNONEsui1komi6.5
Time taken: 0.547
Root visits: 5833
New playouts: 1189
NN rows: 300
NN batches: 36
NN avg batch size: 8.33333
PV: D2 E2 C2 C5 D5 D6 B5 H8 E1 D8 E8 F1 D1 C7 C8 F2 H9 G9 F9 D4 C5 J8 D9 G6
Tree:
: T 106.51c W  99.82c S   6.63c ( +7.9 L  +8.4) N    5833  --  D2 E2 C2 C5 D5 D6 B5
---White(^)---
D2  : T 106.77c W  99.82c S   6.88c ( +8.0 L  +8.5) LCB  106.53c P 48.47% WF 18323.5 PSV   18258 N    5267  --  D2 E2 C2 C5 D5 D6 B5 H8
H8  : T 104.64c W  99.75c S   4.90c ( +7.3 L  +7.8) LCB  103.94c P 22.20% WF 1254.8 PSV     886 N     409  --  H8 C5 B5 C2 B2 D2 J7 J6
C2  : T 101.08c W  99.83c S   1.23c ( +6.0 L  +6.5) LCB   99.97c P 26.66% WF 400.2 PSV     426 N     148  --  C2 D2 H8 J8 D4 C1 E4 F4
D4  : T  94.83c W  99.69c S  -4.91c ( +3.8 L  +3.9) LCB   20.11c P  0.70% WF   7.2 PSV       5 N       3  --  D4 C2 B2
B2  : T  96.84c W  99.89c S  -3.06c ( +4.5 L  +4.5) LCB -253.16c P  0.32% WF   3.2 PSV       2 N       1  --  B2
D1  : T  89.11c W  94.53c S  -5.43c ( +3.4 L  +3.4) LCB -260.89c P  0.28% WF   0.9 PSV       1 N       1  --  D1
J8  : T  93.78c W  99.55c S  -5.77c ( +3.4 L  +3.4) LCB -256.22c P  0.20% WF   2.1 PSV       1 N       1  --  J8
C1  : T  95.86c W  99.86c S  -4.00c ( +4.2 L  +4.2) LCB -254.14c P  0.15% WF   2.8 PSV       1 N       1  --  C1
B1  : T  95.03c W  99.80c S  -4.77c ( +3.9 L  +3.9) LCB -254.97c P  0.15% WF   2.8 PSV       1 N       1  --  B1

2024-05-21 19:07:37+0800: = D2
2024-05-21 19:07:39+0800: Controller: kata-list_time_settings
2024-05-21 19:07:39+0800: = none absolute byoyomi canadian fischer fischer-capped
2024-05-21 19:07:39+0800: Controller: play black e2
2024-05-21 19:07:39+0800: = 
2024-05-21 19:07:39+0800: Controller: genmove white
2024-05-21 19:07:40+0800: MoveNum: 19 HASH: E6C7D06263C491D8C3A8F5BF5A29D276
   A B C D E F G H J
 9 . . . . . . . . .
 8 . . . . . O O . .
 7 . . . O O X X X1.
 6 . . O . X O . . .
 5 . . . . X X X . .
 4 . . O . . . . . .
 3 . . O X X . . . .
 2 . . @ O2X3. . . .
 1 . . . . . . . . .

koPOSITIONALscoreAREAtaxNONEsui1komi6.5
Time taken: 0.328
Root visits: 11541
New playouts: 403
NN rows: 172
NN batches: 21
NN avg batch size: 8.19048
PV: C2 C5 D5 D6 B5 H8 E1 D8 E8 F1 D1 C7 C8 F2 H9 D4 C5 G9 F9 J8 D9 J9
Tree:
: T 106.72c W  99.84c S   6.73c ( +8.0 L  +8.5) N   11541  --  C2 C5 D5 D6 B5 H8 E1
---White(^)---
C2  : T 106.88c W  99.84c S   6.90c ( +8.0 L  +8.5) LCB  106.71c P 48.67% WF 38896.3 PSV   38794 N   10808  --  C2 C5 D5 D6 B5 H8 E1 D8
H8  : T 103.68c W  99.84c S   3.77c ( +7.0 L  +7.4) LCB  103.09c P 39.45% WF 1667.0 PSV    1710 N     570  --  H8 C5 D5 B5 D6 C2 B2 D1
C1  : T 104.01c W  99.82c S   3.94c ( +7.0 L  +7.5) LCB  103.01c P  9.45% WF 420.1 PSV     434 N     147  --  C1 H8 E1 C5 D5 D6 B5 F1
D1  : T 100.75c W  99.85c S   0.75c ( +5.9 L  +6.5) LCB   91.44c P  1.06% WF  23.9 PSV      24 N       9  --  D1 E1 C2
B2  : T  99.18c W  99.92c S  -1.52c ( +5.1 L  +5.5) LCB   24.31c P  0.52% WF   9.6 PSV       8 N       3  --  B2 D1 H8
J8  : T  93.08c W  99.54c S  -6.46c ( +3.3 L  +3.2) LCB -256.92c P  0.19% WF   2.2 PSV       1 N       1  --  J8
D4  : T  93.82c W  99.82c S  -6.01c ( +3.5 L  +3.5) LCB -256.18c P  0.12% WF   2.9 PSV       1 N       1  --  D4
B1  : T  93.63c W  99.80c S  -6.16c ( +3.5 L  +3.4) LCB -256.37c P  0.08% WF   2.9 PSV       0 N       1  --  B1

2024-05-21 19:07:40+0800: = C2
2024-05-21 19:07:50+0800: Controller: kata-list_time_settings
2024-05-21 19:07:50+0800: = none absolute byoyomi canadian fischer fischer-capped
2024-05-21 19:07:50+0800: Controller: play black h8
2024-05-21 19:07:50+0800: = 
2024-05-21 19:07:50+0800: Controller: genmove white
2024-05-21 19:07:51+0800: MoveNum: 21 HASH: ED387406E4F3CEA3FCE49F1955AD2654
   A B C D E F G H J
 9 . . . . . . . . .
 8 . . . . . O O X3.
 7 . . . O O X X X .
 6 . . O . X O . . .
 5 . . . . X X X . .
 4 . . O . . . . . .
 3 . . O X X . . . .
 2 . . O2O X1. . . .
 1 . . . . @ . . . .

koPOSITIONALscoreAREAtaxNONEsui1komi6.5
Time taken: 0.328
Root visits: 9310
New playouts: 734
NN rows: 173
NN batches: 21
NN avg batch size: 8.2381
PV: E1 F1 D1 C5 D5 D6 B5 B7 C7 F2 H9 D4 C5 J8 G9 J9 E8 G6 B8
Tree:
: T 107.03c W  99.85c S   6.95c ( +8.2 L  +8.7) N    9310  --  E1 F1 D1 C5 D5 D6 B5
---White(^)---
E1  : T 107.20c W  99.85c S   7.12c ( +8.3 L  +8.8) LCB  107.05c P 49.58% WF 33144.2 PSV   33069 N    8839  --  E1 F1 D1 C5 D5 D6 B5 B7
D4  : T 103.30c W  99.82c S   3.39c ( +7.0 L  +7.5) LCB  102.58c P 34.77% WF 1044.2 PSV    1075 N     374  --  D4 D6 C7 E1 E4 F4 H9 J8
H9  : T 101.84c W  99.92c S   1.96c ( +6.5 L  +7.0) LCB  100.77c P 10.93% WF 239.6 PSV     248 N      76  --  H9 D6 C5 D1 D4 C1 E4 F4
E8  : T 100.22c W  99.93c S   0.31c ( +6.0 L  +6.6) LCB   79.89c P  1.08% WF  20.0 PSV      18 N       6  --  E8 E1 D4
D1  : T 101.31c W  99.85c S   0.97c ( +6.2 L  +6.8) LCB   57.63c P  0.55% WF  11.1 PSV      11 N       4  --  D1 D6
D5  : T  99.06c W  99.90c S  -1.30c ( +5.4 L  +5.9) LCB  -50.35c P  0.43% WF   6.9 PSV       6 N       2  --  D5 G9
E9  : T  97.06c W  99.93c S  -2.87c ( +4.9 L  +5.2) LCB -252.94c P  0.36% WF   3.9 PSV       4 N       1  --  E9
E4  : T  96.13c W  99.78c S  -3.64c ( +4.5 L  +4.5) LCB -253.87c P  0.32% WF   2.9 PSV       3 N       1  --  E4
D8  : T  98.61c W  99.92c S  -1.32c ( +5.4 L  +5.6) LCB -252.46c P  0.27% WF   3.8 PSV       3 N       1  --  D8
D6  : T  97.58c W  99.92c S  -2.34c ( +5.1 L  +5.2) LCB -252.42c P  0.27% WF   3.7 PSV       3 N       1  --  D6

2024-05-21 19:07:51+0800: = E1
2024-05-21 19:07:54+0800: Controller: kata-list_time_settings
2024-05-21 19:07:54+0800: = none absolute byoyomi canadian fischer fischer-capped
2024-05-21 19:07:54+0800: Controller: play black f1
2024-05-21 19:07:54+0800: = 
2024-05-21 19:07:54+0800: Controller: genmove white
2024-05-21 19:07:55+0800: MoveNum: 23 HASH: FE60F0B4595E65964C03241363955E3A
   A B C D E F G H J
 9 . . . . . . . . .
 8 . . . . . O O X1.
 7 . . . O O X X X .
 6 . . O . X O . . .
 5 . . . . X X X . .
 4 . . O . . . . . .
 3 . . O X X . . . .
 2 . . O O X . . . .
 1 . . . @ O2X3. . .

koPOSITIONALscoreAREAtaxNONEsui1komi6.5
Time taken: 0.281
Root visits: 12381
New playouts: 530
NN rows: 146
NN batches: 18
NN avg batch size: 8.11111
PV: D1 C5 D5 D6 B5 B7 C7 F2 H9 D4 C5 J8 G9 J9 E8 G6 B8
Tree:
: T 107.09c W  99.88c S   6.99c ( +8.3 L  +8.7) N   12381  --  D1 C5 D5 D6 B5 B7 C7
---White(^)---
D1  : T 107.14c W  99.88c S   7.05c ( +8.3 L  +8.7) LCB  107.02c P 79.48% WF 47444.9 PSV   47423 N   12283  --  D1 C5 D5 D6 B5 B7 C7 F2
D4  : T  98.26c W  99.85c S  -1.56c ( +5.3 L  +5.7) LCB   96.63c P 14.20% WF 185.9 PSV     203 N      66  --  D4 D1 H9 D6 D5 C7
H9  : T  98.46c W  99.88c S  -1.49c ( +5.3 L  +5.8) LCB   95.64c P  2.93% WF  46.7 PSV      49 N      16  --  H9 D1 D4 D6 D5 C7
E4  : T  95.87c W  99.82c S  -3.66c ( +4.6 L  +4.9) LCB   52.36c P  0.60% WF  11.7 PSV       7 N       4  --  E4 D4 D1
E8  : T  94.35c W  99.87c S  -5.49c ( +4.0 L  +4.5) LCB  -54.98c P  0.67% WF   7.2 PSV       7 N       2  --  E8 D1
D5  : T  96.18c W  99.86c S  -3.79c ( +4.6 L  +5.0) LCB  -52.93c P  0.33% WF   6.6 PSV       4 N       2  --  D5 D1
E9  : T  93.43c W  99.86c S  -6.42c ( +3.6 L  +3.8) LCB -256.57c P  0.26% WF   3.6 PSV       2 N       1  --  E9
D8  : T  94.63c W  99.83c S  -5.21c ( +4.1 L  +4.2) LCB -256.25c P  0.22% WF   3.5 PSV       2 N       1  --  D8
C1  : T  92.34c W  99.78c S  -7.43c ( +3.2 L  +3.2) LCB -258.61c P  0.16% WF   2.4 PSV       1 N       1  --  C1
D6  : T  94.37c W  99.86c S  -5.49c ( +4.0 L  +4.1) LCB -255.63c P  0.16% WF   3.6 PSV       1 N       1  --  D6

2024-05-21 19:07:55+0800: = D1
2024-05-21 19:07:58+0800: Controller: kata-list_time_settings
2024-05-21 19:07:58+0800: = none absolute byoyomi canadian fischer fischer-capped
2024-05-21 19:07:58+0800: Controller: play black g2
2024-05-21 19:07:58+0800: = 
2024-05-21 19:07:58+0800: Controller: genmove white
2024-05-21 19:07:58+0800: MoveNum: 25 HASH: 13ED6A55FB12525BB6F785FD327674AC
   A B C D E F G H J
 9 . . . . . . . @ .
 8 . . . . . O O X .
 7 . . . O O X X X .
 6 . . O . X O . . .
 5 . . . . X X X . .
 4 . . O . . . . . .
 3 . . O X X . . . .
 2 . . O O X . X3. .
 1 . . . O2O X1. . .

koPOSITIONALscoreAREAtaxNONEsui1komi6.5
Time taken: 0.25
Root visits: 772
New playouts: 233
NN rows: 133
NN batches: 16
NN avg batch size: 8.3125
PV: H9 G9 F9 C5 D5 D6 B5 D4 C5 J9 J8 J7 E8 J9
Tree:
: T 106.97c W  99.91c S   6.84c ( +8.2 L  +8.6) N     772  --  H9 G9 F9 C5 D5 D6 B5
---White(^)---
H9  : T 107.20c W  99.91c S   7.06c ( +8.2 L  +8.7) LCB  106.70c P 72.85% WF 2794.4 PSV    2790 N     715  --  H9 G9 F9 C5 D5 D6 B5 D4
F2  : T 104.64c W  99.87c S   4.43c ( +7.3 L  +7.8) LCB  101.01c P  5.40% WF  54.5 PSV      35 N      18  --  F2 F3 H9 C5 D5 D6
D4  : T 101.92c W  99.91c S   1.96c ( +6.5 L  +7.1) LCB   97.16c P  7.79% WF  42.7 PSV      31 N      13  --  D4 G9 E8 D5
F3  : T 105.03c W  99.87c S   4.97c ( +7.5 L  +8.1) LCB   97.65c P  3.39% WF  33.4 PSV      23 N      11  --  F3 F2 H9 C5 B5
G1  : T 103.53c W  99.86c S   3.59c ( +7.1 L  +7.6) LCB   94.80c P  5.05% WF  29.3 PSV      23 N      10  --  G1 F2 H9 C5
E8  : T  99.72c W  99.94c S  -0.23c ( +5.8 L  +6.4) LCB -250.28c P  1.33% WF   3.9 PSV       3 N       1  --  E8
G9  : T  99.38c W  99.88c S  -0.50c ( +5.7 L  +6.4) LCB -250.62c P  0.81% WF   3.4 PSV       2 N       1  --  G9
D5  : T  99.53c W  99.95c S  -0.42c ( +5.7 L  +6.4) LCB -250.47c P  0.72% WF   3.9 PSV       2 N       1  --  D5
D6  : T  97.30c W  99.92c S  -2.62c ( +5.0 L  +5.6) LCB -252.70c P  0.52% WF   4.4 PSV       1 N       1  --  D6

2024-05-21 19:07:58+0800: = H9
2024-05-21 19:08:20+0800: Controller: kata-list_time_settings
2024-05-21 19:08:20+0800: = none absolute byoyomi canadian fischer fischer-capped
2024-05-21 19:08:20+0800: Controller: play black j8
2024-05-21 19:08:20+0800: = 
2024-05-21 19:08:20+0800: Controller: genmove white
2024-05-21 19:08:20+0800: MoveNum: 27 HASH: ED876BC3A82A1BCA87E59B0AAA8E3C1D
   A B C D E F G H J
 9 . . . . . . . O2.
 8 . . . . @ O O X X3
 7 . . . O O X X X .
 6 . . O . X O . . .
 5 . . . . X X X . .
 4 . . O . . . . . .
 3 . . O X X . . . .
 2 . . O O X . X1. .
 1 . . . O O X . . .

koPOSITIONALscoreAREAtaxNONEsui1komi6.5
Time taken: 0.25
Root visits: 2984
New playouts: 415
NN rows: 126
NN batches: 16
NN avg batch size: 7.875
PV: E8 G9 D4 D5 C5 J9 E4 F4 F9 H9 D6 F3 pass G6 pass pass
Tree:
: T 107.19c W  99.87c S   7.10c ( +8.4 L  +8.8) N    2984  --  E8 G9 D4 D5 C5 J9 E4
---White(^)---
E8  : T 107.45c W  99.93c S   7.24c ( +8.4 L  +8.8) LCB  107.12c P 14.27% WF 3015.9 PSV   15190 N     738  --  E8 G9 D4 D5 C5 J9 E4 F4
D4  : T 107.24c W  99.83c S   7.21c ( +8.5 L  +8.9) LCB  106.85c P 63.25% WF 6909.3 PSV    6909 N    1921  --  D4 D6 D5 J9 E4 F4 E8 G9
D5  : T 106.68c W  99.93c S   6.44c ( +8.1 L  +8.6) LCB  105.82c P  6.58% WF 510.7 PSV     350 N     129  --  D5 J9 D4 E4 D6 G9 E9 H9
G9  : T 106.98c W  99.90c S   6.75c ( +8.2 L  +8.7) LCB  106.04c P  2.05% WF 307.5 PSV     150 N      80  --  G9 C5 D5 D6 B5 D4 C5 C7
F3  : T 106.39c W  99.92c S   6.35c ( +8.1 L  +8.6) LCB  105.36c P  1.61% WF 165.8 PSV      67 N      47  --  F3 F2 D4 D6 D5 J9 E8 G9
D6  : T 102.49c W  99.95c S   2.59c ( +6.8 L  +7.4) LCB   96.68c P  3.43% WF  41.7 PSV      37 N      11  --  D6 D5 C5 J9 E8
D8  : T 105.78c W  99.85c S   6.07c ( +8.0 L  +8.6) LCB  102.17c P  1.65% WF  71.2 PSV      31 N      20  --  D8 D6 C5 D4 G9 D5 J9
G1  : T 104.73c W  99.90c S   4.90c ( +7.6 L  +8.3) LCB   98.29c P  1.64% WF  43.2 PSV      23 N      12  --  G1 F2 D4 D6
F2  : T 105.01c W  99.93c S   4.88c ( +7.6 L  +8.2) LCB   96.23c P  1.34% WF  34.3 PSV      23 N       9  --  F2 F3 D4 J9 E4
C5  : T 103.87c W  99.98c S   3.70c ( +7.2 L  +7.6) LCB   75.88c P  1.29% WF  20.6 PSV      19 N       5  --  C5 J9 E8 G9

2024-05-21 19:08:20+0800: = E8
2024-05-21 19:08:36+0800: Controller: kata-list_time_settings
2024-05-21 19:08:36+0800: = none absolute byoyomi canadian fischer fischer-capped
2024-05-21 19:08:36+0800: Controller: play black d5
2024-05-21 19:08:36+0800: = 
2024-05-21 19:08:36+0800: Controller: genmove white
2024-05-21 19:08:36+0800: MoveNum: 29 HASH: 56E4E9C0FF39BB6ADFF4F0BF97BC4923
   A B C D E F G H J
 9 . . . . . . . O .
 8 . . . . O2O O X X1
 7 . . . O O X X X .
 6 . . O . X O . . .
 5 . . @ X3X X X . .
 4 . . O . . . . . .
 3 . . O X X . . . .
 2 . . O O X . X . .
 1 . . . O O X . . .

koPOSITIONALscoreAREAtaxNONEsui1komi6.5
Time taken: 0.235
Root visits: 1223
New playouts: 823
NN rows: 127
NN batches: 16
NN avg batch size: 7.9375
PV: C5 D4 G9 J9 D6 F2 pass G6 pass C8 C9 pass D8 pass
Tree:
: T 107.53c W  99.97c S   7.44c ( +8.6 L  +9.0) N    1223  --  C5 D4 G9 J9 D6 F2 pass
---White(^)---
C5  : T 107.71c W  99.97c S   7.62c ( +8.7 L  +9.0) LCB  107.43c P 71.81% WF 5443.0 PSV    5437 N    1166  --  C5 D4 G9 J9 D6 F2 pass G6
D4  : T 103.50c W  99.95c S   3.53c ( +7.3 L  +7.7) LCB  102.14c P 14.71% WF 120.7 PSV     107 N      31  --  D4 C5 B5 D6 B6 E4 G9 J9
F2  : T 103.90c W  99.93c S   4.01c ( +7.5 L  +7.9) LCB   92.65c P  2.78% WF  22.8 PSV      18 N       7  --  F2 C5 B5 D6 B6
G1  : T 103.29c W  99.93c S   3.60c ( +7.3 L  +7.7) LCB   89.00c P  2.94% WF  19.7 PSV      16 N       6  --  G1 C5 B5 D6 C7
D6  : T 101.89c W  99.94c S   2.18c ( +6.9 L  +7.4) LCB   57.24c P  2.20% WF  14.6 PSV      11 N       4  --  D6 C5 B5
F3  : T 100.11c W  99.68c S   0.43c ( +6.3 L  +6.5) LCB -250.84c P  0.93% WF   2.8 PSV       3 N       1  --  F3
B5  : T 102.52c W  99.96c S   2.56c ( +7.0 L  +7.5) LCB -248.79c P  0.81% WF   4.2 PSV       3 N       1  --  B5
G9  : T 100.29c W  99.84c S  -0.11c ( +6.1 L  +6.6) LCB -249.71c P  0.52% WF   3.8 PSV       2 N       1  --  G9
B6  : T 101.30c W  99.93c S   1.37c ( +6.6 L  +7.1) LCB -250.03c P  0.47% WF   4.9 PSV       1 N       1  --  B6
H6  : T 100.48c W  99.85c S   0.63c ( +6.3 L  +6.6) LCB -250.60c P  0.44% WF   3.6 PSV       1 N       1  --  H6

2024-05-21 19:08:36+0800: = C5
2024-05-21 19:08:39+0800: Controller: kata-list_time_settings
2024-05-21 19:08:39+0800: = none absolute byoyomi canadian fischer fischer-capped
2024-05-21 19:08:39+0800: Controller: play black d4
2024-05-21 19:08:39+0800: = 
2024-05-21 19:08:39+0800: Controller: genmove white
2024-05-21 19:08:40+0800: MoveNum: 31 HASH: 8A8DCC845DA4A4FB32B53A6BACFAC228
   A B C D E F G H J
 9 . . . . . . @ O .
 8 . . . . O O O X X
 7 . . . O O X X X .
 6 . . O . X O . . .
 5 . . O2X1X X X . .
 4 . . O X3. . . . .
 3 . . O X X . . . .
 2 . . O O X . X . .
 1 . . . O O X . . .

koPOSITIONALscoreAREAtaxNONEsui1komi6.5
Time taken: 0.281
Root visits: 2924
New playouts: 583
NN rows: 147
NN batches: 19
NN avg batch size: 7.73684
PV: G9 D6 G6 H6 J9 pass pass
Tree:
: T 107.61c W  99.97c S   7.46c ( +8.8 L  +9.1) N    2924  --  G9 D6 G6 H6 J9 pass pass
---White(^)---
G9  : T 107.79c W  99.97c S   7.65c ( +8.9 L  +9.2) LCB  107.48c P 42.35% WF 8017.8 PSV   10676 N    1647  --  G9 D6 G6 H6 J9 pass pass
D6  : T 107.48c W  99.97c S   7.32c ( +8.7 L  +9.1) LCB  107.12c P 39.82% WF 4931.7 PSV    3887 N    1035  --  D6 J9 G9 G1 pass F2 pass G6
H6  : T 107.02c W  99.96c S   6.84c ( +8.5 L  +8.7) LCB  105.74c P  3.93% WF 295.8 PSV     162 N      66  --  H6 D6 G9 H5 J9 G6 C7 J6
F2  : T 106.83c W  99.97c S   6.78c ( +8.5 L  +8.7) LCB  104.98c P  3.39% WF 264.3 PSV      94 N      59  --  F2 G1 G9 J9 D6 G6 pass F3
G1  : T 106.97c W  99.96c S   6.78c ( +8.5 L  +8.7) LCB  104.68c P  2.84% WF 214.7 PSV      71 N      48  --  G1 F2 D6 G6 G9 J9 pass H1
G6  : T 106.78c W  99.96c S   6.64c ( +8.4 L  +8.7) LCB  104.02c P  2.94% WF 176.8 PSV      68 N      40  --  G6 D6 G9 H6 J9 pass pass
F3  : T 107.05c W  99.96c S   6.64c ( +8.4 L  +8.7) LCB  104.98c P  1.70% WF 106.0 PSV      65 N      24  --  F3 F2 D6 J9
C7  : T 102.56c W  99.96c S   2.53c ( +7.1 L  +7.3) LCB   73.48c P  1.22% WF  16.9 PSV      13 N       4  --  C7 J9 G9 D6 pass

2024-05-21 19:08:40+0800: = G9
2024-05-21 19:08:51+0800: Controller: kata-list_time_settings
2024-05-21 19:08:51+0800: = none absolute byoyomi canadian fischer fischer-capped
2024-05-21 19:08:51+0800: Controller: play black pass
2024-05-21 19:08:51+0800: = 
2024-05-21 19:08:51+0800: Controller: genmove white
2024-05-21 19:08:51+0800: MoveNum: 33 HASH: 3813B471C844EC54BF80DFA3320DEE26
   A B C D E F G H J
 9 . . . . . . O2O .
 8 . . . . O O O X X
 7 . . . O O X X X .
 6 . . O . X O . . .
 5 . . O X X X X . .
 4 . . O X1. . . . .
 3 . . O X X . . . .
 2 . . O O X . X . .
 1 . . . O O X . . .

koPOSITIONALscoreAREAtaxNONEsui1komi6.5
Time taken: 0.125
Root visits: 325
New playouts: 325
NN rows: 65
NN batches: 9
NN avg batch size: 7.22222
PV: pass J9 D6 F2 pass G6 pass C8 C9 pass
Tree:
: T 107.52c W  99.97c S   7.29c ( +8.7 L  +9.1) N     325  --  pass J9 D6 F2 pass G6 pass
---White(^)---
pss : T 107.47c W  99.98c S   7.17c ( +8.7 L  +9.0) LCB  106.74c P 10.53% WF 856.0 PSV     892 N     190  --  pass J9 D6 F2 pass G6 pass C8
D6  : T 107.91c W  99.98c S   7.71c ( +8.9 L  +9.2) LCB  106.34c P 19.18% WF 205.0 PSV     208 N      42  --  D6 J9 pass F2 pass G6 pass C8
J9  : T 108.65c W  99.98c S   8.42c ( +9.1 L  +9.3) LCB  106.65c P 31.88% WF 125.0 PSV     125 N      25  --  J9 D6 pass G6 pass pass
C7  : T 107.50c W  99.96c S   7.48c ( +8.8 L  +8.9) LCB   79.50c P 10.21% WF  23.2 PSV      24 N       5  --  C7 G6
C1  : T 107.56c W  99.96c S   7.39c ( +8.7 L  +9.0) LCB   62.76c P  1.16% WF  18.3 PSV      11 N       4  --  C1 G6
E9  : T 107.55c W  99.96c S   7.24c ( +8.7 L  +8.9) LCB   95.06c P  1.05% WF  37.1 PSV      10 N       8  --  E9 J9 D6 G6
G6  : T 106.88c W  99.96c S   6.85c ( +8.6 L  +8.7) LCB   62.60c P  1.46% WF  18.0 PSV       9 N       4  --  G6 D6 J9
D8  : T 107.31c W  99.96c S   7.17c ( +8.6 L  +8.9) LCB   62.76c P  1.02% WF  18.7 PSV       9 N       4  --  D8 F2
C8  : T 107.46c W  99.97c S   7.34c ( +8.7 L  +9.0) LCB   62.50c P  0.95% WF  18.9 PSV       8 N       4  --  C8 G6
F9  : T 107.16c W  99.98c S   7.11c ( +8.6 L  +9.0) LCB  103.61c P  0.89% WF  97.0 PSV       7 N      21  --  F9 J9 D6 G1

2024-05-21 19:08:51+0800: = pass
2024-05-21 19:08:54+0800: Controller: quit
2024-05-21 19:08:54+0800: Quit requested by controller
2024-05-21 19:08:54+0800: = 
2024-05-21 19:08:54+0800: GPU -1 finishing, processed 82713 rows 9238 batches
2024-05-21 19:08:54+0800: All cleaned up, quitting
