2024-06-09 12:36:18-0400: Running with following config:
allowResignation = true
lagBuffer = 1.0
logAllGTPCommunication = true
logDir = gtp_logs
logSearchInfo = true
logSearchInfoForChosenMove = false
logToStderr = false
maxTime = 1.0
maxTimePondering = 120.0
numSearchThreads = 16
ogsChatToStderr = true
ponderingEnabled = true
resignConsecTurns = 3
resignThreshold = -0.90
rules = tromp-taylor
searchFactorAfterOnePass = 0.50
searchFactorAfterTwoPass = 0.25
searchFactorWhenWinning = 0.40
searchFactorWhenWinningThreshold = 0.95

2024-06-09 12:36:18-0400: GTP Engine starting...
2024-06-09 12:36:18-0400: KataGo v1.14.1
2024-06-09 12:36:18-0400: Using TrompTaylor rules initially, unless GTP/GUI overrides this
2024-06-09 12:36:18-0400: Using 16 CPU thread(s) for search
2024-06-09 12:36:18-0400: nnRandSeed0 = 14131250326190582766
2024-06-09 12:36:18-0400: After dedups: nnModelFile0 = C:/Users/chang/Downloads/kata1-b28c512nbt-s7168446720-d4316919285.bin.gz useFP16 auto useNHWC auto
2024-06-09 12:36:18-0400: Initializing neural net buffer to be size 19 * 19 exactly
2024-06-09 12:36:23-0400: Cuda backend thread 0: Found GPU NVIDIA GeForce RTX 4060 Laptop GPU memory 8585216000 compute capability major 8 minor 9
2024-06-09 12:36:23-0400: Cuda backend thread 0: Model version 15 useFP16 = true useNHWC = true
2024-06-09 12:36:23-0400: Cuda backend thread 0: Model name: kata1-b28c512nbt-s7168446720-d4316919285
2024-06-09 12:36:26-0400: Loaded neural net with nnXLen 19 nnYLen 19
2024-06-09 12:36:26-0400: Initializing board with boardXSize 19 boardYSize 19
2024-06-09 12:36:26-0400: Loaded config C:\Users\chang\Downloads\katago-v1.14.1-cuda12.1-cudnn8.9.7-windows-x64/俱乐部AI.cfg
2024-06-09 12:36:26-0400: Loaded model C:/Users/chang/Downloads/kata1-b28c512nbt-s7168446720-d4316919285.bin.gz
2024-06-09 12:36:26-0400: Model name: kata1-b28c512nbt-s7168446720-d4316919285
2024-06-09 12:36:26-0400: GTP ready, beginning main protocol loop
2024-06-09 12:36:26-0400: Controller: list_commands
2024-06-09 12:36:26-0400: = protocol_version
name
version
known_command
list_commands
quit
boardsize
rectangular_boardsize
clear_board
set_position
komi
get_komi
play
undo
kata-get-rules
kata-set-rule
kata-set-rules
kata-get-param
kata-set-param
kata-list-params
kgs-rules
genmove
genmove_debug
search_debug
clear_cache
showboard
fixed_handicap
place_free_handicap
set_free_handicap
time_settings
kgs-time_settings
time_left
kata-list_time_settings
kata-time_settings
final_score
final_status_list
loadsgf
printsgf
lz-genmove_analyze
kata-genmove_analyze
lz-analyze
kata-analyze
kata-raw-nn
cputime
gomill-cpu_time
kata-benchmark
kata-debug-print-tc
debug_moves
stop
2024-06-09 12:36:26-0400: Controller: boardsize 9
2024-06-09 12:36:26-0400: GPU -1 finishing, processed 0 rows 0 batches
2024-06-09 12:36:26-0400: Cleaned up old neural net and bot
2024-06-09 12:36:26-0400: nnRandSeed0 = 2642609870078398353
2024-06-09 12:36:26-0400: After dedups: nnModelFile0 = C:/Users/chang/Downloads/kata1-b28c512nbt-s7168446720-d4316919285.bin.gz useFP16 auto useNHWC auto
2024-06-09 12:36:26-0400: Initializing neural net buffer to be size 9 * 9 exactly
2024-06-09 12:36:34-0400: Cuda backend thread 0: Found GPU NVIDIA GeForce RTX 4060 Laptop GPU memory 8585216000 compute capability major 8 minor 9
2024-06-09 12:36:34-0400: Cuda backend thread 0: Model version 15 useFP16 = true useNHWC = true
2024-06-09 12:36:34-0400: Cuda backend thread 0: Model name: kata1-b28c512nbt-s7168446720-d4316919285
2024-06-09 12:36:36-0400: Loaded neural net with nnXLen 9 nnYLen 9
2024-06-09 12:36:36-0400: Initializing board with boardXSize 9 boardYSize 9
2024-06-09 12:36:36-0400: = 
2024-06-09 12:36:36-0400: Controller: clear_board
2024-06-09 12:36:36-0400: = 
2024-06-09 12:36:36-0400: Controller: komi 7.5
2024-06-09 12:36:36-0400: = 
2024-06-09 12:36:36-0400: Controller: play black e5
2024-06-09 12:36:36-0400: = 
2024-06-09 12:36:36-0400: Controller: genmove white
2024-06-09 12:36:37-0400: MoveNum: 1 HASH: 38E71B648B5DE3A43B414F57C285AD76
   A B C D E F G H J
 9 . . . . . . . . .
 8 . . . . . . . . .
 7 . . . . . . . . .
 6 . . . . . . . . .
 5 . . @ . X1. . . .
 4 . . . . . . . . .
 3 . . . . . . . . .
 2 . . . . . . . . .
 1 . . . . . . . . .

koPOSITIONALscoreAREAtaxNONEsui1komi7.5
Time taken: 1.265
Root visits: 423
New playouts: 423
NN rows: 389
NN batches: 35
NN avg batch size: 11.1143
PV: C4 E3 C6 F7 G5 D6 G3 C7 B6 G6 H5 C2 B7 C8 B2 B3 C3 F2 G2 A2
Tree:
: T  78.88c W  79.73c S  -0.17c ( +1.9 L  +0.9) N     423  --  C4 E3 C6 F7 G5 D6 G3
---White(^)---
C4  : T  80.23c W  80.99c S  -0.03c ( +1.9 L  +1.0) LCB   77.10c P  8.66% WF 254.6 PSV     505 N     163  --  C4 E3 C6 F7 G5 D6 G3 C7
C5  : T  79.43c W  80.02c S  -0.13c ( +1.9 L  +0.9) LCB   75.81c P  6.27% WF 315.2 PSV     315 N     213  --  C5 D7 G5 D3 G7 G4 H4 F5
C3  : T  69.79c W  73.13c S  -1.23c ( +1.4 L  +0.6) LCB   61.63c P  0.51% WF  32.5 PSV       0 N      24  --  C3 C5 F3 G6 G4 G5
D4  : T  19.90c W  30.51c S  -3.38c ( +0.2 L  -0.1) LCB  -20.02c P  0.02% WF   1.3 PSV       0 N       5  --  D4 D5 C4 E4
B5  : T  30.42c W  37.36c S  -3.13c ( +0.3 L  -0.1) LCB  -18.72c P  0.01% WF   0.6 PSV       0 N       4  --  B5 D3 G5
B4  : T  13.32c W  15.93c S  -4.30c ( -0.2 L  -0.4) LCB  -60.82c P  0.00% WF   0.2 PSV       0 N       3  --  B4 D3 C6
D5  : T -36.05c W -24.33c S  -6.35c ( -1.3 L  -1.0) LCB -186.48c P  0.01% WF   0.6 PSV       0 N       2  --  D5 D6
pss : T -124.89c W -99.67c S -25.21c (-12.9 L -11.1) LCB -474.89c P  0.00% WF   0.1 PSV       0 N       1  --  pass
B3  : T -46.52c W -38.77c S  -7.75c ( -1.8 L  -0.9) LCB -396.52c P  0.00% WF   0.1 PSV       0 N       1  --  B3
B2  : T -103.80c W -90.97c S -12.83c ( -4.1 L  -2.7) LCB -453.80c P  0.00% WF   0.0 PSV       0 N       1  --  B2

2024-06-09 12:36:37-0400: = C5
2024-06-09 12:37:00-0400: Controller: kata-list_time_settings
2024-06-09 12:37:00-0400: = none absolute byoyomi canadian fischer fischer-capped
2024-06-09 12:37:00-0400: Controller: play black g5
2024-06-09 12:37:00-0400: = 
2024-06-09 12:37:00-0400: Controller: genmove white
2024-06-09 12:37:01-0400: MoveNum: 3 HASH: 5691E4911F931BE9727F9BC884862EF9
   A B C D E F G H J
 9 . . . . . . . . .
 8 . . . . . . . . .
 7 . . . . . . . . .
 6 . . . . . . . . .
 5 . . O2. X1. X3. .
 4 . . . . . . . . .
 3 . . . @ . . . . .
 2 . . . . . . . . .
 1 . . . . . . . . .

koPOSITIONALscoreAREAtaxNONEsui1komi7.5
Time taken: 1.062
Root visits: 1981
New playouts: 566
NN rows: 483
NN batches: 45
NN avg batch size: 10.7333
PV: D3 C6 B6 C4 C7 D6 B4 D5 B5 B7 D4 D7 G3 C3 C2 E3 H5
Tree:
: T  84.54c W  83.65c S   1.42c ( +1.9 L  +1.2) N    1981  --  D3 C6 B6 C4 C7 D6 B4
---White(^)---
D3  : T  84.88c W  83.98c S   1.46c ( +1.9 L  +1.2) LCB   82.66c P 26.50% WF 2141.2 PSV    2136 N    1879  --  D3 C6 B6 C4 C7 D6 B4 D5
H5  : T  79.61c W  78.53c S   1.07c ( +1.8 L  +0.9) LCB   75.48c P  7.58% WF  88.6 PSV      58 N      66  --  H5 G6 G4 C4 B4 D4 C7 G3
D4  : T  80.67c W  79.91c S   0.57c ( +1.5 L  +0.7) LCB   67.46c P  2.60% WF  39.3 PSV      24 N      30  --  D4 C6 B6 D6 B7 E3 D3 E4
D5  : T  65.12c W  66.32c S  -1.19c ( +0.7 L  +0.5) LCB -284.88c P  0.80% WF   1.1 PSV       1 N       1  --  D5
G4  : T  63.85c W  71.74c S  -0.28c ( +1.1 L  +0.6) LCB  -98.63c P  0.17% WF   2.8 PSV       0 N       2  --  G4 F4
C3  : T  57.04c W  58.05c S  -1.02c ( +0.8 L  +0.6) LCB -292.96c P  0.51% WF   1.0 PSV       0 N       1  --  C3
E3  : T  36.57c W  38.64c S  -2.07c ( +0.3 L  +0.4) LCB -313.43c P  0.07% WF   0.8 PSV       0 N       1  --  E3

2024-06-09 12:37:01-0400: = D3
2024-06-09 12:37:18-0400: Controller: kata-list_time_settings
2024-06-09 12:37:18-0400: = none absolute byoyomi canadian fischer fischer-capped
2024-06-09 12:37:18-0400: Controller: play black c6
2024-06-09 12:37:18-0400: = 
2024-06-09 12:37:18-0400: Controller: genmove white
2024-06-09 12:37:19-0400: MoveNum: 5 HASH: 920964AA9376636242B8AADB7DFAF6CF
   A B C D E F G H J
 9 . . . . . . . . .
 8 . . . . . . . . .
 7 . . . . . . . . .
 6 . @ X3. . . . . .
 5 . . O . X . X1. .
 4 . . . . . . . . .
 3 . . . O2. . . . .
 2 . . . . . . . . .
 1 . . . . . . . . .

koPOSITIONALscoreAREAtaxNONEsui1komi7.5
Time taken: 1.094
Root visits: 11125
New playouts: 748
NN rows: 478
NN batches: 45
NN avg batch size: 10.6222
PV: B6 C4 C7 D6 B4 D5 B5 B7 D4 D7 G3 C3 C2 E3 C8 E4 D2 E2 H5 H6 H4 G7 F2 F1 G1
Tree:
: T  85.14c W  84.71c S   1.52c ( +2.0 L  +1.5) N   11125  --  B6 C4 C7 D6 B4 D5 B5
---White(^)---
B6  : T  85.26c W  84.81c S   1.53c ( +2.0 L  +1.5) LCB   84.12c P 93.58% WF 12147.6 PSV   12137 N   11034  --  B6 C4 C7 D6 B4 D5 B5 B7
D6  : T  57.72c W  61.58c S  -0.21c ( +1.2 L  +0.6) LCB   39.08c P  4.46% WF  40.0 PSV      25 N      64  --  D6 D5 C7 B6 B7 E6 D7 C4
F4  : T  77.22c W  77.77c S   0.71c ( +1.7 L  +0.8) LCB   61.06c P  1.30% WF  24.3 PSV      23 N      22  --  F4 F5 B6 C4 D4 D5 B5 C7
G6  : T  55.05c W  57.45c S  -2.40c ( +0.2 L  +0.5) LCB -294.95c P  0.09% WF   1.1 PSV       0 N       1  --  G6
F3  : T  25.73c W  27.72c S  -1.99c ( +0.4 L  +0.1) LCB -324.27c P  0.09% WF   0.7 PSV       0 N       1  --  F3
E7  : T  42.97c W  44.70c S  -1.73c ( +0.5 L  +0.5) LCB -307.03c P  0.09% WF   0.9 PSV       0 N       1  --  E7
H5  : T  59.02c W  60.65c S  -1.63c ( +0.6 L  +0.5) LCB -290.98c P  0.07% WF   1.1 PSV       0 N       1  --  H5

2024-06-09 12:37:19-0400: = B6
2024-06-09 12:37:20-0400: Controller: kata-list_time_settings
2024-06-09 12:37:20-0400: = none absolute byoyomi canadian fischer fischer-capped
2024-06-09 12:37:20-0400: Controller: play black c4
2024-06-09 12:37:20-0400: = 
2024-06-09 12:37:20-0400: Controller: genmove white
2024-06-09 12:37:21-0400: MoveNum: 7 HASH: B824EDCA037EFC115AFA842F05547265
   A B C D E F G H J
 9 . . . . . . . . .
 8 . . . . . . . . .
 7 . . @ . . . . . .
 6 . O2X1. . . . . .
 5 . . O . X . X . .
 4 . . X3. . . . . .
 3 . . . O . . . . .
 2 . . . . . . . . .
 1 . . . . . . . . .

koPOSITIONALscoreAREAtaxNONEsui1komi7.5
Time taken: 1.062
Root visits: 9112
New playouts: 986
NN rows: 496
NN batches: 45
NN avg batch size: 11.0222
PV: C7 D6 B4 D5 B5 B7 D4 D7 G3 C3 C2 E3 C8 E4 D2 E2 H5 H6 H4 G7 F2 F1 G1 E1 H2
Tree:
: T  84.50c W  84.25c S   1.43c ( +2.0 L  +1.5) N    9112  --  C7 D6 B4 D5 B5 B7 D4
---White(^)---
C7  : T  84.92c W  84.59c S   1.47c ( +2.0 L  +1.5) LCB   83.57c P 67.35% WF 9437.9 PSV    9398 N    8771  --  C7 D6 B4 D5 B5 B7 D4 D7
D4  : T  70.38c W  73.14c S   0.43c ( +1.6 L  +0.8) LCB   61.57c P 14.38% WF 140.2 PSV     139 N     172  --  D4 D5 B5 C7 B7 E3 E2 E4
D6  : T  74.22c W  76.44c S  -0.01c ( +1.4 L  +0.6) LCB   62.24c P  8.18% WF  90.8 PSV     100 N      99  --  D6 D4 C7 E3 E2 F3 B4 B3
D5  : T  59.61c W  63.64c S  -0.16c ( +1.3 L  +0.5) LCB   36.59c P  9.91% WF  45.8 PSV      56 N      69  --  D5 D4 D6 E4 B4 C3 G3 H4

2024-06-09 12:37:21-0400: = C7
2024-06-09 12:37:25-0400: Controller: kata-list_time_settings
2024-06-09 12:37:25-0400: = none absolute byoyomi canadian fischer fischer-capped
2024-06-09 12:37:25-0400: Controller: play black d6
2024-06-09 12:37:25-0400: = 
2024-06-09 12:37:25-0400: Controller: genmove white
2024-06-09 12:37:26-0400: MoveNum: 9 HASH: 18623BEBAB387F3E009A40877D9E9C0E
   A B C D E F G H J
 9 . . . . . . . . .
 8 . . . . . . . . .
 7 . . O2. . . . . .
 6 . O X X3. . . . .
 5 . . O . X . X . .
 4 . @ X1. . . . . .
 3 . . . O . . . . .
 2 . . . . . . . . .
 1 . . . . . . . . .

koPOSITIONALscoreAREAtaxNONEsui1komi7.5
Time taken: 1.079
Root visits: 11229
New playouts: 889
NN rows: 484
NN batches: 44
NN avg batch size: 11
PV: B4 D5 B5 B7 D4 D7 G3 C3 C2 B3 B2 E3 C8 E4 D2 F2 H7 H6 G6 H5 E8
Tree:
: T  85.43c W  85.21c S   1.54c ( +2.0 L  +1.6) N   11229  --  B4 D5 B5 B7 D4 D7 G3
---White(^)---
B4  : T  85.47c W  85.24c S   1.54c ( +2.0 L  +1.6) LCB   84.21c P 96.94% WF 12041.8 PSV   12039 N   11216  --  B4 D5 B5 B7 D4 D7 G3 C3
B5  : T -54.39c W -29.65c S  -6.03c ( -1.5 L  -1.2) LCB -123.62c P  2.61% WF   1.8 PSV       3 N       5  --  B5 D4 D7 C3
D4  : T  21.51c W  40.31c S  -2.09c ( +0.5 L  -0.0) LCB  -36.30c P  0.27% WF   2.9 PSV       0 N       6  --  D4 B5 D5 B7 E6 D7
D7  : T -66.39c W -58.95c S  -7.44c ( -2.2 L  -2.3) LCB -416.39c P  0.07% WF   0.3 PSV       0 N       1  --  D7

2024-06-09 12:37:26-0400: = B4
2024-06-09 12:37:27-0400: Controller: kata-list_time_settings
2024-06-09 12:37:27-0400: = none absolute byoyomi canadian fischer fischer-capped
2024-06-09 12:37:27-0400: Controller: play black d5
2024-06-09 12:37:27-0400: = 
2024-06-09 12:37:27-0400: Controller: genmove white
2024-06-09 12:37:28-0400: MoveNum: 11 HASH: BD38E2F52F076AE0BF97F7DAF0EA57E0
   A B C D E F G H J
 9 . . . . . . . . .
 8 . . . . . . . . .
 7 . . O . . . . . .
 6 . O X X1. . . . .
 5 . @ O X3X . X . .
 4 . O2X . . . . . .
 3 . . . O . . . . .
 2 . . . . . . . . .
 1 . . . . . . . . .

koPOSITIONALscoreAREAtaxNONEsui1komi7.5
Time taken: 1.093
Root visits: 7456
New playouts: 622
NN rows: 486
NN batches: 46
NN avg batch size: 10.5652
PV: B5 B7 D4 C8 H5 H4 G6 F5 E8 F7 F8 G8 G7 H8 H7 J8 D7 E7 D8 B8 G4 J5 H6 F4 G3
Tree:
: T  84.70c W  84.67c S   1.38c ( +2.0 L  +1.6) N    7456  --  B5 B7 D4 C8 H5 H4 G6
---White(^)---
B5  : T  84.70c W  84.67c S   1.38c ( +2.0 L  +1.6) LCB   83.09c P 99.86% WF 7863.5 PSV    7863 N    7455  --  B5 B7 D4 C8 H5 H4 G6 F5

2024-06-09 12:37:28-0400: = B5
2024-06-09 12:37:30-0400: Controller: kata-list_time_settings
2024-06-09 12:37:30-0400: = none absolute byoyomi canadian fischer fischer-capped
2024-06-09 12:37:30-0400: Controller: play black b7
2024-06-09 12:37:30-0400: = 
2024-06-09 12:37:30-0400: Controller: genmove white
2024-06-09 12:37:31-0400: MoveNum: 13 HASH: 788156710CAFDEC69A870BCBC84DE6E0
   A B C D E F G H J
 9 . . . . . . . . .
 8 . . . . . . . . .
 7 . X3O . . . . . .
 6 . O X X . . . . .
 5 . O2O X1X . X . .
 4 . O X @ . . . . .
 3 . . . O . . . . .
 2 . . . . . . . . .
 1 . . . . . . . . .

koPOSITIONALscoreAREAtaxNONEsui1komi7.5
Time taken: 1.062
Root visits: 6603
New playouts: 635
NN rows: 496
NN batches: 46
NN avg batch size: 10.7826
PV: D4 C8 F4 G4 G7 H6 G6 E7 H7 H5 F5 E4 F3 E3 F2 E2 D2
Tree:
: T  83.02c W  83.32c S   1.63c ( +2.0 L  +1.6) N    6603  --  D4 C8 F4 G4 G7 H6 G6
---White(^)---
D4  : T  84.68c W  84.72c S   1.78c ( +2.1 L  +1.7) LCB   82.56c P  9.27% WF 5940.1 PSV    5824 N    5569  --  D4 C8 F4 G4 G7 H6 G6 E7
F4  : T  78.53c W  78.81c S   1.68c ( +2.1 L  +1.4) LCB   71.82c P 17.39% WF 417.3 PSV     375 N     454  --  F4 C3 D4 C2 F5 F6 D7 B8
B8  : T  51.56c W  58.32c S  -1.94c ( +0.5 L  +0.2) LCB   33.83c P 36.19% WF 108.9 PSV     149 N     213  --  B8 C8 A7 E3 H5 H4 G4 H6
C8  : T  67.20c W  70.67c S   0.14c ( +1.4 L  +0.8) LCB   56.20c P 17.12% WF 117.8 PSV     132 N     176  --  C8 B8 D4 D8 G4 F4 G3 H5
D7  : T  63.86c W  68.17c S  -0.80c ( +1.0 L  +0.4) LCB   44.90c P  8.97% WF  67.2 PSV      58 N      92  --  D7 C3 B8 E3 E2 D2 F3
G4  : T  51.28c W  56.86c S  -1.22c ( +0.8 L  +0.3) LCB   31.39c P  7.25% WF  31.9 PSV      29 N      60  --  G4 F4 G3 H5 C8 C3 E2 B8
H5  : T  70.98c W  74.18c S   0.30c ( +1.5 L  +0.9) LCB   53.05c P  1.33% WF  23.4 PSV      13 N      29  --  H5 G4 D4 C8 G7 D2 H4 H3
C3  : T  73.59c W  74.50c S  -0.54c ( +1.1 L  +0.3) LCB   50.38c P  0.35% WF   4.4 PSV       4 N       5  --  C3 C8 H5 H4 H6 G4
D8  : T  33.04c W  42.21c S  -1.52c ( +0.6 L  +0.3) LCB -124.13c P  0.44% WF   1.1 PSV       1 N       2  --  D8 C3
F3  : T -18.19c W -13.34c S  -4.85c ( -0.7 L  -0.6) LCB -368.19c P  1.12% WF   0.4 PSV       1 N       1  --  F3

2024-06-09 12:37:31-0400: = D4
2024-06-09 12:37:44-0400: Controller: kata-list_time_settings
2024-06-09 12:37:44-0400: = none absolute byoyomi canadian fischer fischer-capped
2024-06-09 12:37:44-0400: Controller: play black c8
2024-06-09 12:37:44-0400: = 
2024-06-09 12:37:44-0400: Controller: genmove white
2024-06-09 12:37:45-0400: MoveNum: 15 HASH: F51F92833AEF6D2B9B13950538C7E5F1
   A B C D E F G H J
 9 . . . . . . . . .
 8 . . X3. . . . . .
 7 . X1O . . . . . .
 6 . O X X . . . . .
 5 . O O X X . X . .
 4 . O X O2. @ . . .
 3 . . . O . . . . .
 2 . . . . . . . . .
 1 . . . . . . . . .

koPOSITIONALscoreAREAtaxNONEsui1komi7.5
Time taken: 1.062
Root visits: 8042
New playouts: 698
NN rows: 473
NN batches: 44
NN avg batch size: 10.75
PV: F4 G4 G7 E7 G3 H3 F8 C3 C2 H6 G6 H7 F5 F6 F3 H2 F7 E6 H8 G9 E8
Tree:
: T  87.50c W  86.63c S   1.74c ( +2.4 L  +2.0) N    8042  --  F4 G4 G7 E7 G3 H3 F8
---White(^)---
F4  : T  89.67c W  88.43c S   1.88c ( +2.4 L  +2.0) LCB   87.87c P 25.83% WF 6732.5 PSV    6504 N    5432  --  F4 G4 G7 E7 G3 H3 F8 C3
H5  : T  81.85c W  82.01c S   1.87c ( +2.5 L  +2.3) LCB   77.37c P 38.62% WF 1614.9 PSV     695 N    1950  --  H5 H4 G6 H6 F5 G4 F7 E7
G3  : T  79.58c W  80.38c S  -0.30c ( +1.5 L  +0.9) LCB   70.41c P 14.47% WF 341.3 PSV     205 N     380  --  G3 C3 C2 E3 H5 H4 E7 D7
H7  : T  79.31c W  79.09c S  -0.41c ( +1.5 L  +0.9) LCB   66.41c P  7.79% WF 101.2 PSV     107 N     112  --  H7 H6 E8 D7 G7 E7 F4 F5
G4  : T  68.76c W  70.21c S  -0.09c ( +1.6 L  +1.2) LCB   51.29c P  7.82% WF  73.6 PSV      55 N     124  --  G4 F4 H5 G3 H4 G6 H6 H7
G7  : T  78.78c W  75.41c S  -0.47c ( +1.4 L  +0.7) LCB   63.93c P  2.24% WF  29.2 PSV      29 N      35  --  G7 H6 F4 F5 G3 H3 H2 H4
E8  : T  -5.91c W  18.53c S  -4.22c ( -0.3 L  -0.5) LCB  -92.43c P  2.27% WF   2.7 PSV       3 N       6  --  E8 E7 H7 G8 G3
A7  : T -41.27c W -34.97c S  -6.30c ( -1.3 L  -1.2) LCB -391.27c P  0.39% WF   0.4 PSV       0 N       1  --  A7
H4  : T  36.20c W  39.60c S  -3.40c ( +0.1 L  -0.2) LCB -313.80c P  0.35% WF   0.7 PSV       0 N       1  --  H4

2024-06-09 12:37:45-0400: = F4
2024-06-09 12:38:00-0400: Controller: kata-list_time_settings
2024-06-09 12:38:00-0400: = none absolute byoyomi canadian fischer fischer-capped
2024-06-09 12:38:00-0400: Controller: play black g4
2024-06-09 12:38:00-0400: = 
2024-06-09 12:38:00-0400: Controller: genmove white
2024-06-09 12:38:01-0400: MoveNum: 17 HASH: ACD1CC34F77E2B98EC71AC82A66FA213
   A B C D E F G H J
 9 . . . . . . . . .
 8 . . X1. . . . . .
 7 . X O . . . @ . .
 6 . O X X . . . . .
 5 . O O X X . X . .
 4 . O X O . O2X3. .
 3 . . . O . . . . .
 2 . . . . . . . . .
 1 . . . . . . . . .

koPOSITIONALscoreAREAtaxNONEsui1komi7.5
Time taken: 1.093
Root visits: 18625
New playouts: 966
NN rows: 472
NN batches: 43
NN avg batch size: 10.9767
PV: G7 E7 G3 F5 H4 H5 H3 E4 E3 F3 F2 A6 J5 J6 J4 H6 F4 C3
Tree:
: T  95.36c W  94.02c S   1.53c ( +2.1 L  +1.9) N   18625  --  G7 E7 G3 F5 H4 H5 H3
---White(^)---
G7  : T  95.73c W  94.36c S   1.56c ( +2.1 L  +2.0) LCB   95.05c P 48.64% WF 32313.0 PSV   32171 N   17640  --  G7 E7 G3 F5 H4 H5 H3 E4
F5  : T  84.48c W  84.36c S   0.47c ( +1.7 L  +1.1) LCB   78.59c P 20.78% WF 428.4 PSV     475 N     485  --  F5 F6 E4 D7 G6 H6 G7 C3
G3  : T  84.23c W  83.03c S   0.82c ( +1.8 L  +1.3) LCB   73.13c P  9.04% WF 164.7 PSV     185 N     180  --  G3 H3 G7 C3 C2 E8 F5 F6
E8  : T  58.71c W  59.27c S   0.33c ( +1.6 L  +1.2) LCB   43.01c P  7.46% WF  74.9 PSV      53 N     180  --  E8 E7 G7 F8 F7 G8 H8 D8
F7  : T  75.59c W  75.19c S   1.39c ( +2.1 L  +1.6) LCB   55.30c P  3.20% WF  44.7 PSV      41 N      68  --  F7 E4 E8 E7 H7 G8 F8
F3  : T  37.32c W  42.71c S  -1.99c ( +0.5 L  -0.1) LCB   -3.68c P  5.03% WF  14.9 PSV      22 N      38  --  F3 G3 E8 E7 G7 F7 G6 H5
H7  : T   8.41c W  18.92c S  -3.66c ( -0.3 L  -0.7) LCB  -46.47c P  4.23% WF   8.1 PSV      12 N      25  --  H7 F6 G3 H3 E7
G6  : T -38.74c W -21.66c S  -6.20c ( -1.7 L  -1.7) LCB  -99.91c P  1.09% WF   1.1 PSV       2 N       4  --  G6 F5 E8
H6  : T  37.54c W  44.97c S  -2.56c ( +0.3 L  -0.2) LCB  -70.55c P  0.45% WF   2.2 PSV       2 N       4  --  H6 F5 E8

2024-06-09 12:38:01-0400: = G7
2024-06-09 12:38:02-0400: Controller: kata-list_time_settings
2024-06-09 12:38:02-0400: = none absolute byoyomi canadian fischer fischer-capped
2024-06-09 12:38:02-0400: Controller: play black e7
2024-06-09 12:38:02-0400: = 
2024-06-09 12:38:02-0400: Controller: genmove white
2024-06-09 12:38:03-0400: MoveNum: 19 HASH: 33F21D8D32922ADA2C6D6B943F3F2A7D
   A B C D E F G H J
 9 . . . . . . . . .
 8 . . X . . . . . .
 7 . X O . X3. O2. .
 6 . O X X . . . . .
 5 . O O X X . X . .
 4 . O X O . O X1. .
 3 . . . O . . @ . .
 2 . . . . . . . . .
 1 . . . . . . . . .

koPOSITIONALscoreAREAtaxNONEsui1komi7.5
Time taken: 1.094
Root visits: 15254
New playouts: 928
NN rows: 487
NN batches: 43
NN avg batch size: 11.3256
PV: G3 F3 F2 F5 E3 H3 A7 B8 H2 H4 J3 A8 A6 J4 J2 E4 F3 H7 G2
Tree:
: T  95.79c W  94.61c S   1.37c ( +1.9 L  +1.7) N   15254  --  G3 F3 F2 F5 E3 H3 A7
---White(^)---
G3  : T  96.36c W  95.19c S   1.35c ( +1.9 L  +1.7) LCB   95.69c P 28.81% WF 28131.5 PSV   27920 N   13906  --  G3 F3 F2 F5 E3 H3 A7 B8
H6  : T  72.31c W  69.77c S   1.53c ( +2.1 L  +1.8) LCB   64.45c P 36.30% WF 245.7 PSV     334 N     516  --  H6 H5 H8 F8 G8 C3 D2 B2
F5  : T  84.34c W  82.86c S   2.81c ( +2.7 L  +2.1) LCB   78.02c P 14.93% WF 396.1 PSV     286 N     478  --  F5 F3 E4 G6 G3 H3 G2 H2
F8  : T  69.68c W  68.06c S   1.55c ( +2.1 L  +1.3) LCB   57.68c P  5.09% WF 106.1 PSV      44 N     200  --  F8 H8 H7 E8 F5 F6 F3 G3
F3  : T -28.16c W -17.92c S  -5.88c ( -1.0 L  -1.0) LCB  -89.97c P  9.82% WF   8.5 PSV      18 N      29  --  F3 F5 A7 B8 H3 G3 G2 C3
H5  : T  79.12c W  77.77c S   1.43c ( +2.0 L  +1.3) LCB   67.61c P  1.08% WF  50.4 PSV      14 N      72  --  H5 H6 G3 H3 G6 H4 H7 J5
E8  : T  56.00c W  56.53c S   0.38c ( +1.5 L  +1.1) LCB    2.67c P  1.64% WF   7.3 PSV       9 N      16  --  E8 F8 F7 G8 H8 D8 F5 E4
G6  : T  47.08c W  51.49c S  -2.36c ( +0.3 L  +0.1) LCB   15.96c P  0.72% WF  13.3 PSV       3 N      30  --  G6 F3 H5 H4 H8 F8 J7 J5
A7  : T -79.50c W -64.62c S  -8.00c ( -2.3 L  -2.0) LCB -230.96c P  1.13% WF   0.6 PSV       1 N       2  --  A7 F3
B8  : T -23.81c W -18.97c S  -4.84c ( -0.9 L  -0.7) LCB -373.81c P  0.15% WF   0.3 PSV       0 N       1  --  B8

2024-06-09 12:38:03-0400: = G3
2024-06-09 12:38:07-0400: Controller: kata-list_time_settings
2024-06-09 12:38:07-0400: = none absolute byoyomi canadian fischer fischer-capped
2024-06-09 12:38:07-0400: Controller: play black f3
2024-06-09 12:38:07-0400: = 
2024-06-09 12:38:07-0400: Controller: genmove white
2024-06-09 12:38:08-0400: MoveNum: 21 HASH: DCCE93AB1A5CE87E748C48F9EC06F03D
   A B C D E F G H J
 9 . . . . . . . . .
 8 . . X . . . . . .
 7 . X O . X1. O . .
 6 . O X X . . . . .
 5 . O O X X . X . .
 4 . O X O . O X . .
 3 . . . O . X3O2. .
 2 . . . . . @ . . .
 1 . . . . . . . . .

koPOSITIONALscoreAREAtaxNONEsui1komi7.5
Time taken: 1.063
Root visits: 5305
New playouts: 2012
NN rows: 432
NN batches: 39
NN avg batch size: 11.0769
PV: F2 F5 E3 H3 A7 B8 H2 H4 J3 J2 J1 A8 A6 J4 J2 E4 F3 D7 C3
Tree:
: T  98.91c W  98.12c S   0.68c ( +0.8 L  +0.5) N    5305  --  F2 F5 E3 H3 A7 B8 H2
---White(^)---
F2  : T  99.21c W  98.43c S   0.65c ( +0.8 L  +0.5) LCB   98.77c P 43.76% WF 19150.1 PSV   19088 N    4936  --  F2 F5 E3 H3 A7 B8 H2 H4
E4  : T  86.91c W  86.34c S   1.86c ( +1.3 L  +0.9) LCB   74.97c P 33.38% WF 279.4 PSV     323 N     242  --  E4 F5 G2 H3 H2 C3 C2 H4
H6  : T  89.82c W  87.78c S   2.63c ( +1.6 L  +1.3) LCB   78.23c P  8.10% WF 102.0 PSV     107 N      89  --  H6 D2 C2 E4 H5 E3
F8  : T  80.21c W  74.52c S   0.05c ( +0.6 L  +0.3) LCB   62.30c P  2.47% WF  14.1 PSV      16 N      19  --  F8 E4 H6 H5 H8 D2 C2
F5  : T -106.14c W -85.43c S -15.33c ( -8.2 L  -9.3) LCB -167.95c P  8.17% WF   2.3 PSV       5 N       6  --  F5 E4 F6 H3 E3
H3  : T -103.73c W -92.10c S -10.50c ( -4.1 L  -4.1) LCB -126.15c P  2.35% WF   3.5 PSV       1 N       8  --  H3 E4 H6 H5 J5 J4 J6
H5  : T -15.30c W  13.05c S  -3.30c ( -0.9 L  -0.8) LCB -193.17c P  0.42% WF   0.7 PSV       0 N       2  --  H5 H4
H4  : T -47.59c W -42.83c S  -4.76c ( -1.4 L  -1.2) LCB -397.59c P  1.05% WF   0.3 PSV       0 N       1  --  H4
E8  : T -57.02c W -51.17c S  -5.85c ( -1.9 L  -1.5) LCB -407.02c P  0.15% WF   0.3 PSV       0 N       1  --  E8

2024-06-09 12:38:08-0400: = F2
2024-06-09 12:38:12-0400: Controller: kata-list_time_settings
2024-06-09 12:38:12-0400: = none absolute byoyomi canadian fischer fischer-capped
2024-06-09 12:38:12-0400: Controller: play black f5
2024-06-09 12:38:12-0400: = 
2024-06-09 12:38:12-0400: Controller: genmove white
2024-06-09 12:38:13-0400: MoveNum: 23 HASH: 3457B8278D49A20CBA59CA301A33F1A8
   A B C D E F G H J
 9 . . . . . . . . .
 8 . . X . . . . . .
 7 . X O . X . O . .
 6 . O X X . . . . .
 5 . O O X X X3X . .
 4 . O X O . O X . .
 3 . . . O @ X1O . .
 2 . . . . . O2. . .
 1 . . . . . . . . .

koPOSITIONALscoreAREAtaxNONEsui1komi7.5
Time taken: 1.078
Root visits: 11225
New playouts: 3593
NN rows: 489
NN batches: 46
NN avg batch size: 10.6304
PV: E3 H3 A7 B8 H2 H4 J3 J2 J1 A8 A6 J4 J2 E4 F3 H7 G2 G8
Tree:
: T  99.26c W  98.46c S   0.67c ( +0.8 L  +0.5) N   11225  --  E3 H3 A7 B8 H2 H4 J3
---White(^)---
E3  : T  99.59c W  98.92c S   0.50c ( +0.7 L  +0.4) LCB   99.32c P 12.89% WF 38396.0 PSV   38176 N    8760  --  E3 H3 A7 B8 H2 H4 J3 J2
A7  : T  97.18c W  95.29c S   2.12c ( +1.3 L  +1.2) LCB   95.17c P 33.27% WF 2455.1 PSV    2557 N    1245  --  A7 E4 E3 B8 H3 H4 J4 E2
H3  : T  96.14c W  94.07c S   1.92c ( +1.3 L  +1.1) LCB   93.65c P 38.30% WF 1801.9 PSV    1905 N    1040  --  H3 E4 E3 H4 A7 B8 J4 E2
H6  : T  92.98c W  90.06c S   2.08c ( +1.4 L  +1.1) LCB   86.04c P  7.74% WF 183.1 PSV     196 N     152  --  H6 H5 A7 B8 H3 E4 E3 H4
F8  : T  92.14c W  87.91c S   3.77c ( +2.0 L  +1.8) LCB   68.92c P  0.67% WF  16.2 PSV      17 N      15  --  F8 C3 C2 H6 A7 B8 E3 H3
H4  : T -95.10c W -73.17c S -10.38c ( -3.6 L  -4.0) LCB -164.08c P  6.50% WF   2.7 PSV       6 N       7  --  H4 H3 E3 H2
E8  : T  34.55c W  35.94c S  -1.38c ( +0.0 L  -0.1) LCB -315.45c P  0.20% WF   0.5 PSV       0 N       1  --  E8
B8  : T  27.92c W  29.07c S  -1.15c ( +0.1 L  -0.1) LCB -322.08c P  0.17% WF   0.4 PSV       0 N       1  --  B8
H8  : T  31.43c W  33.15c S  -1.73c ( -0.1 L  +0.0) LCB -318.57c P  0.08% WF   0.4 PSV       0 N       1  --  H8
H5  : T  68.08c W  69.10c S  -1.02c ( +0.2 L  +0.2) LCB -281.92c P  0.07% WF   0.7 PSV       0 N       1  --  H5

2024-06-09 12:38:13-0400: = E3
2024-06-09 12:38:16-0400: Controller: kata-list_time_settings
2024-06-09 12:38:16-0400: = none absolute byoyomi canadian fischer fischer-capped
2024-06-09 12:38:16-0400: Controller: play black h3
2024-06-09 12:38:16-0400: = 
2024-06-09 12:38:16-0400: Controller: genmove white
2024-06-09 12:38:17-0400: MoveNum: 25 HASH: 89B689F409143A5B0AF1FCFAF6EEDF0C
   A B C D E F G H J
 9 . . . . . . . . .
 8 . . X . . . . . .
 7 . X O . X . O . .
 6 . O X X . . . . .
 5 . O O X X X1X . .
 4 . O X O . O X . .
 3 . . . O O2. O X3.
 2 . . . . . O . @ .
 1 . . . . . . . . .

koPOSITIONALscoreAREAtaxNONEsui1komi7.5
Time taken: 1.093
Root visits: 15540
New playouts: 2298
NN rows: 410
NN batches: 42
NN avg batch size: 9.7619
PV: A7 B8 H2 H4 J3 J2 J1 E4 F3 J4 J2 A6 A5 A8 A6 H7 C3 G8
Tree:
: T  99.78c W  99.00c S   0.67c ( +0.7 L  +0.4) N   15540  --  A7 B8 H2 H4 J3 J2 J1
---White(^)---
A7  : T  99.83c W  99.03c S   0.69c ( +0.7 L  +0.4) LCB   99.56c P 36.44% WF 31586.2 PSV   47692 N    7066  --  A7 B8 H2 H4 J3 J2 J1 E4
H2  : T  99.77c W  99.00c S   0.65c ( +0.7 L  +0.4) LCB   99.51c P 59.00% WF 37299.2 PSV   37323 N    8404  --  H2 H4 A7 B8 J3 J2 J1 E4
F8  : T  93.69c W  92.29c S   0.37c ( +0.6 L  +0.5) LCB   85.64c P  3.23% WF 109.3 PSV     112 N      65  --  F8 H7 H2 J4 A7 B8 A8 J2
E8  : T -37.41c W -33.56c S  -3.86c ( -1.0 L  -1.2) LCB -387.41c P  0.71% WF   0.3 PSV       1 N       1  --  E8
H4  : T -103.58c W -93.21c S -10.38c ( -3.7 L  -4.5) LCB -453.58c P  0.26% WF   0.5 PSV       0 N       1  --  H4
H6  : T -21.32c W -18.68c S  -2.65c ( -0.6 L  -0.9) LCB -371.32c P  0.12% WF   0.3 PSV       0 N       1  --  H6
H8  : T   3.76c W   6.84c S  -3.09c ( -0.6 L  -0.6) LCB -346.24c P  0.12% WF   0.3 PSV       0 N       1  --  H8

2024-06-09 12:38:17-0400: = H2
2024-06-09 12:38:21-0400: Controller: quit
2024-06-09 12:38:21-0400: Quit requested by controller
2024-06-09 12:38:21-0400: = 
2024-06-09 12:38:22-0400: GPU -1 finishing, processed 48043 rows 4246 batches
2024-06-09 12:38:22-0400: All cleaned up, quitting
