2024-05-22 19:07:26+0800: Running with following config:
allowResignation = true
lagBuffer = 1.0
logAllGTPCommunication = true
logDir = gtp_logs
logSearchInfo = true
logSearchInfoForChosenMove = false
logToStderr = false
maxTime = 0.5
maxTimePondering = 60.0
numSearchThreads = 16
ogsChatToStderr = true
ponderingEnabled = true
resignConsecTurns = 3
resignThreshold = -0.90
rules = tromp-taylor
searchFactorAfterOnePass = 0.50
searchFactorAfterTwoPass = 0.25
searchFactorWhenWinning = 0.40
searchFactorWhenWinningThreshold = 0.95

2024-05-22 19:07:26+0800: GTP Engine starting...
2024-05-22 19:07:26+0800: KataGo v1.14.1
2024-05-22 19:07:26+0800: Using TrompTaylor rules initially, unless GTP/GUI overrides this
2024-05-22 19:07:26+0800: Using 16 CPU thread(s) for search
2024-05-22 19:07:26+0800: nnRandSeed0 = 2998555522480875909
2024-05-22 19:07:26+0800: After dedups: nnModelFile0 = C:\Users\chang\Downloads\KaTrain\KaTrain\katrain\models/kata1-b18c384nbt-s6582191360-d3422816034.bin.gz useFP16 auto useNHWC auto
2024-05-22 19:07:26+0800: Initializing neural net buffer to be size 19 * 19 exactly
2024-05-22 19:07:28+0800: Found OpenCL Platform 0: NVIDIA CUDA (NVIDIA Corporation) (OpenCL 3.0 CUDA 12.4.89)
2024-05-22 19:07:28+0800: Found 1 device(s) on platform 0 with type CPU or GPU or Accelerator
2024-05-22 19:07:28+0800: Found OpenCL Platform 1: Intel(R) OpenCL Graphics (Intel(R) Corporation) (OpenCL 3.0 )
2024-05-22 19:07:28+0800: Found 1 device(s) on platform 1 with type CPU or GPU or Accelerator
2024-05-22 19:07:28+0800: Found OpenCL Device 0: NVIDIA GeForce RTX 4060 Laptop GPU (NVIDIA Corporation) (score 11000300)
2024-05-22 19:07:28+0800: Found OpenCL Device 1: Intel(R) UHD Graphics (Intel(R) Corporation) (score 6000300)
2024-05-22 19:07:28+0800: Creating context for OpenCL Platform: NVIDIA CUDA (NVIDIA Corporation) (OpenCL 3.0 CUDA 12.4.89)
2024-05-22 19:07:28+0800: Using OpenCL Device 0: NVIDIA GeForce RTX 4060 Laptop GPU (NVIDIA Corporation) OpenCL 3.0 CUDA (Extensions: cl_khr_global_int32_base_atomics cl_khr_global_int32_extended_atomics cl_khr_local_int32_base_atomics cl_khr_local_int32_extended_atomics cl_khr_fp64 cl_khr_3d_image_writes cl_khr_byte_addressable_store cl_khr_icd cl_khr_gl_sharing cl_nv_compiler_options cl_nv_device_attribute_query cl_nv_pragma_unroll cl_nv_d3d10_sharing cl_khr_d3d10_sharing cl_nv_d3d11_sharing cl_nv_copy_opts cl_nv_create_buffer cl_khr_int64_base_atomics cl_khr_int64_extended_atomics cl_khr_device_uuid cl_khr_pci_bus_info cl_khr_external_semaphore cl_khr_external_memory cl_khr_external_semaphore_win32 cl_khr_external_memory_win32)
2024-05-22 19:07:28+0800: Loaded tuning parameters from: C:\Users\chang\Downloads\katago-v1.14.1-opencl-windows-x64/KataGoData/opencltuning/tune11_gpuNVIDIAGeForceRTX4060LaptopGPU_x19_y19_c384_mv14.txt
2024-05-22 19:07:29+0800: OpenCL backend thread 0: Model version 14
2024-05-22 19:07:29+0800: OpenCL backend thread 0: Model name: kata1-b18c384nbt-s6582191360-d3422816034
2024-05-22 19:07:30+0800: OpenCL backend thread 0: FP16Storage true FP16Compute false FP16TensorCores true FP16TensorCoresFor1x1 false
2024-05-22 19:07:30+0800: Loaded neural net with nnXLen 19 nnYLen 19
2024-05-22 19:07:30+0800: Initializing board with boardXSize 19 boardYSize 19
2024-05-22 19:07:30+0800: Loaded config C:/Users/chang/Downloads/katago-v1.14.1-opencl-windows-x64/lizgoban.cfg
2024-05-22 19:07:30+0800: Loaded model C:\Users\chang\Downloads\KaTrain\KaTrain\katrain\models/kata1-b18c384nbt-s6582191360-d3422816034.bin.gz
2024-05-22 19:07:30+0800: Model name: kata1-b18c384nbt-s6582191360-d3422816034
2024-05-22 19:07:30+0800: GTP ready, beginning main protocol loop
2024-05-22 19:07:30+0800: Controller: list_commands
2024-05-22 19:07:30+0800: = protocol_version
name
version
known_command
list_commands
quit
boardsize
rectangular_boardsize
clear_board
set_position
komi
get_komi
play
undo
kata-get-rules
kata-set-rule
kata-set-rules
kata-get-param
kata-set-param
kata-list-params
kgs-rules
genmove
genmove_debug
search_debug
clear_cache
showboard
fixed_handicap
place_free_handicap
set_free_handicap
time_settings
kgs-time_settings
time_left
kata-list_time_settings
kata-time_settings
final_score
final_status_list
loadsgf
printsgf
lz-genmove_analyze
kata-genmove_analyze
lz-analyze
kata-analyze
kata-raw-nn
cputime
gomill-cpu_time
kata-benchmark
kata-debug-print-tc
debug_moves
stop
2024-05-22 19:07:30+0800: Controller: boardsize 13
2024-05-22 19:07:30+0800: GPU -1 finishing, processed 0 rows 0 batches
2024-05-22 19:07:30+0800: Cleaned up old neural net and bot
2024-05-22 19:07:30+0800: nnRandSeed0 = 533179860932458894
2024-05-22 19:07:30+0800: After dedups: nnModelFile0 = C:\Users\chang\Downloads\KaTrain\KaTrain\katrain\models/kata1-b18c384nbt-s6582191360-d3422816034.bin.gz useFP16 auto useNHWC auto
2024-05-22 19:07:30+0800: Initializing neural net buffer to be size 13 * 13 exactly
2024-05-22 19:07:32+0800: Found OpenCL Platform 0: NVIDIA CUDA (NVIDIA Corporation) (OpenCL 3.0 CUDA 12.4.89)
2024-05-22 19:07:32+0800: Found 1 device(s) on platform 0 with type CPU or GPU or Accelerator
2024-05-22 19:07:32+0800: Found OpenCL Platform 1: Intel(R) OpenCL Graphics (Intel(R) Corporation) (OpenCL 3.0 )
2024-05-22 19:07:32+0800: Found 1 device(s) on platform 1 with type CPU or GPU or Accelerator
2024-05-22 19:07:32+0800: Found OpenCL Device 0: NVIDIA GeForce RTX 4060 Laptop GPU (NVIDIA Corporation) (score 11000300)
2024-05-22 19:07:32+0800: Found OpenCL Device 1: Intel(R) UHD Graphics (Intel(R) Corporation) (score 6000300)
2024-05-22 19:07:32+0800: Creating context for OpenCL Platform: NVIDIA CUDA (NVIDIA Corporation) (OpenCL 3.0 CUDA 12.4.89)
2024-05-22 19:07:33+0800: Using OpenCL Device 0: NVIDIA GeForce RTX 4060 Laptop GPU (NVIDIA Corporation) OpenCL 3.0 CUDA (Extensions: cl_khr_global_int32_base_atomics cl_khr_global_int32_extended_atomics cl_khr_local_int32_base_atomics cl_khr_local_int32_extended_atomics cl_khr_fp64 cl_khr_3d_image_writes cl_khr_byte_addressable_store cl_khr_icd cl_khr_gl_sharing cl_nv_compiler_options cl_nv_device_attribute_query cl_nv_pragma_unroll cl_nv_d3d10_sharing cl_khr_d3d10_sharing cl_nv_d3d11_sharing cl_nv_copy_opts cl_nv_create_buffer cl_khr_int64_base_atomics cl_khr_int64_extended_atomics cl_khr_device_uuid cl_khr_pci_bus_info cl_khr_external_semaphore cl_khr_external_memory cl_khr_external_semaphore_win32 cl_khr_external_memory_win32)
2024-05-22 19:07:33+0800: Loaded tuning parameters from: C:\Users\chang\Downloads\katago-v1.14.1-opencl-windows-x64/KataGoData/opencltuning/tune11_gpuNVIDIAGeForceRTX4060LaptopGPU_x19_y19_c384_mv14.txt
2024-05-22 19:07:33+0800: OpenCL backend thread 0: Model version 14
2024-05-22 19:07:33+0800: OpenCL backend thread 0: Model name: kata1-b18c384nbt-s6582191360-d3422816034
2024-05-22 19:07:35+0800: OpenCL backend thread 0: FP16Storage true FP16Compute false FP16TensorCores true FP16TensorCoresFor1x1 false
2024-05-22 19:07:35+0800: Loaded neural net with nnXLen 13 nnYLen 13
2024-05-22 19:07:35+0800: Initializing board with boardXSize 13 boardYSize 13
2024-05-22 19:07:35+0800: = 
2024-05-22 19:07:35+0800: Controller: clear_board
2024-05-22 19:07:35+0800: = 
2024-05-22 19:07:35+0800: Controller: komi 0.5
2024-05-22 19:07:35+0800: = 
2024-05-22 19:07:35+0800: Controller: set_free_handicap d10 k10 c5 k4 d3
2024-05-22 19:07:35+0800: = 
2024-05-22 19:07:35+0800: Controller: genmove white
2024-05-22 19:07:35+0800: MoveNum: 0 HASH: 28516B5342737CA1C016D8F44B292D22
   A B C D E F G H J K L M N
13 . . . . . . . . . . . . .
12 . . . . . . . . . . . . .
11 . . . . . @ . . . . . . .
10 . . . X . . . . . X . . .
 9 . . . . . . . . . . . . .
 8 . . . . . . . . . . . . .
 7 . . . . . . . . . . . . .
 6 . . . . . . . . . . . . .
 5 . . X . . . . . . . . . .
 4 . . . . . . . . . X . . .
 3 . . . X . . . . . . . . .
 2 . . . . . . . . . . . . .
 1 . . . . . . . . . . . . .

koPOSITIONALscoreAREAtaxNONEsui1komi0.5
Time taken: 0.5
Root visits: 246
New playouts: 246
NN rows: 246
NN batches: 24
NN avg batch size: 10.25
PlayoutDoublingAdvantage: 2.75
PV: G7 G10 H3 H5
Tree:
: T -115.58c W -100.00c S -15.50c (-58.4 L -57.6) N     246  --  G7 G10 H3 H5
---White(^)---
G7  : T -114.62c W -100.00c S -14.66c (-57.8 L -57.0) LCB -115.46c P  1.74% WF 245.5 PSV     710 N      35  --  G7 G10 H3 H5
F11 : T -115.49c W -100.00c S -15.40c (-58.5 L -57.8) LCB -116.66c P 12.97% WF 251.1 PSV     251 N      37  --  F11 F10 G10 F9 E11 G9
F10 : T -115.14c W -100.00c S -15.18c (-58.3 L -57.8) LCB -117.11c P  3.56% WF 140.9 PSV     126 N      20  --  F10 H10 F8 D8
H11 : T -115.60c W -100.00c S -15.69c (-58.7 L -57.9) LCB -117.47c P  7.09% WF 152.3 PSV     122 N      22  --  H11 F11 D6 F6
D6  : T -115.37c W -100.00c S -15.24c (-58.3 L -57.5) LCB -116.45c P  4.52% WF 243.2 PSV     103 N      35  --  D6 D5 F6 F10
L8  : T -115.95c W -100.00c S -15.83c (-58.7 L -57.9) LCB -118.48c P  7.02% WF 124.5 PSV      86 N      18  --  L8 K8 K7 J7
L6  : T -116.05c W -100.00c S -15.80c (-58.7 L -57.8) LCB -122.18c P  5.43% WF  76.0 PSV      62 N      11  --  L6 K6 K7 J6
E3  : T -116.05c W -100.00c S -15.98c (-59.0 L -58.5) LCB -121.22c P  4.60% WF  83.7 PSV      52 N      12  --  E3 E4 F4 F3
H4  : T -115.74c W -100.00c S -15.68c (-58.7 L -57.9) LCB -121.89c P  2.56% WF  76.8 PSV      37 N      11  --  H4 K6 E3 E4
F6  : T -115.19c W -100.00c S -15.19c (-57.8 L -56.4) LCB -134.66c P  0.99% WF  41.2 PSV      31 N       6  --  F6 H4 D6

2024-05-22 19:07:35+0800: = F11
2024-05-22 19:07:37+0800: Controller: kata-list_time_settings
2024-05-22 19:07:37+0800: = none absolute byoyomi canadian fischer fischer-capped
2024-05-22 19:07:37+0800: Controller: play black f10
2024-05-22 19:07:37+0800: = 
2024-05-22 19:07:37+0800: Controller: genmove white
2024-05-22 19:07:38+0800: MoveNum: 2 HASH: 094C996B13750F2455B052099B5EC323
   A B C D E F G H J K L M N
13 . . . . . . . . . . . . .
12 . . . . . . . . . . . . .
11 . . . . . O1. . . . . . .
10 . . . X . X2@ . . X . . .
 9 . . . . . . . . . . . . .
 8 . . . . . . . . . . . . .
 7 . . . . . . . . . . . . .
 6 . . . . . . . . . . . . .
 5 . . X . . . . . . . . . .
 4 . . . . . . . . . X . . .
 3 . . . X . . . . . . . . .
 2 . . . . . . . . . . . . .
 1 . . . . . . . . . . . . .

koPOSITIONALscoreAREAtaxNONEsui1komi0.5
Time taken: 0.5
Root visits: 1291
New playouts: 428
NN rows: 392
NN batches: 39
NN avg batch size: 10.0513
PlayoutDoublingAdvantage: 2.75
PV: G10 G9 H9 F9 H11 E11 F12 H8 J9 K7
Tree:
: T -117.79c W -100.00c S -17.55c (-59.2 L -58.6) N    1291  --  G10 G9 H9 F9 H11 E11 F12
---White(^)---
G10 : T -117.41c W -100.00c S -17.25c (-59.0 L -58.5) LCB -117.77c P 27.57% WF 6156.7 PSV    6134 N     934  --  G10 G9 H9 F9 H11 E11 F12 H8
E3  : T -117.95c W -100.00c S -17.76c (-59.1 L -58.5) LCB -118.60c P  8.53% WF 539.9 PSV     507 N      79  --  E3 D4 G10 F9 D11 E11
D4  : T -118.36c W -100.00c S -18.11c (-59.7 L -59.2) LCB -119.63c P  6.30% WF 260.7 PSV     240 N      38  --  D4 C4 G10 G9 E3 H10 G11 F9
E10 : T -118.39c W -100.00c S -18.23c (-60.0 L -59.3) LCB -120.04c P  5.85% WF 231.7 PSV     218 N      34  --  E10 E11 E9 D11 D9 G11
J10 : T -118.16c W -100.00c S -18.08c (-59.7 L -59.0) LCB -119.78c P  3.80% WF 198.3 PSV     176 N      29  --  J10 J9 G10 F9
D2  : T -118.39c W -100.00c S -18.29c (-59.4 L -58.7) LCB -120.85c P  2.45% WF 123.9 PSV      91 N      18  --  D2 E11 E3 E4 F3
K9  : T -118.40c W -100.00c S -18.20c (-59.7 L -59.0) LCB -122.43c P  2.35% WF  97.1 PSV      86 N      14  --  K9 J9 G10 F9
C11 : T -118.60c W -100.00c S -18.20c (-59.8 L -59.4) LCB -123.28c P  2.22% WF  90.8 PSV      70 N      13  --  C11 E11 C10 C8
H3  : T -118.60c W -100.00c S -18.33c (-59.6 L -58.7) LCB -127.35c P  1.83% WF  63.0 PSV      57 N       9  --  H3 E11 H5
L6  : T -119.37c W -100.00c S -18.65c (-60.1 L -59.3) LCB -130.38c P  2.63% WF  56.9 PSV      53 N       8  --  L6 E11 L8 L5

2024-05-22 19:07:38+0800: = G10
2024-05-22 19:07:41+0800: Controller: kata-list_time_settings
2024-05-22 19:07:41+0800: = none absolute byoyomi canadian fischer fischer-capped
2024-05-22 19:07:41+0800: Controller: play black f9
2024-05-22 19:07:41+0800: = 
2024-05-22 19:07:41+0800: Controller: genmove white
2024-05-22 19:07:41+0800: MoveNum: 4 HASH: B24540F108427350835CA498C886F2F6
   A B C D E F G H J K L M N
13 . . . . . . . . . . . . .
12 . . . . . . . . . . . . .
11 . . . @ . O . . . . . . .
10 . . . X . X1O2. . X . . .
 9 . . . . . X3. . . . . . .
 8 . . . . . . . . . . . . .
 7 . . . . . . . . . . . . .
 6 . . . . . . . . . . . . .
 5 . . X . . . . . . . . . .
 4 . . . . . . . . . X . . .
 3 . . . X . . . . . . . . .
 2 . . . . . . . . . . . . .
 1 . . . . . . . . . . . . .

koPOSITIONALscoreAREAtaxNONEsui1komi0.5
Time taken: 0.547
Root visits: 1385
New playouts: 443
NN rows: 423
NN batches: 42
NN avg batch size: 10.0714
PlayoutDoublingAdvantage: 2.75
PV: D11 C11 E11 C10 J9 H11 G11 H10 H9 G9 J10 J11 K11 K12 L11 L12 G12
Tree:
: T -117.43c W -100.00c S -17.25c (-58.8 L -58.2) N    1385  --  D11 C11 E11 C10 J9 H11 G11
---White(^)---
D11 : T -117.02c W -100.00c S -16.89c (-58.4 L -58.0) LCB -117.30c P 19.49% WF 7227.5 PSV    7198 N    1102  --  D11 C11 E11 C10 J9 H11 G11 H10
E12 : T -118.60c W -100.00c S -18.58c (-60.3 L -59.8) LCB -119.74c P 12.10% WF 339.6 PSV     318 N      50  --  E12 G9 E3 D2 H4
E11 : T -119.65c W -100.00c S -19.17c (-61.0 L -60.4) LCB -120.98c P 17.21% WF 277.2 PSV     280 N      41  --  E11 G9 H10 H9 D11 C10 E3
G9  : T -118.45c W -100.00c S -18.22c (-59.6 L -59.0) LCB -119.54c P  8.31% WF 244.8 PSV     240 N      36  --  G9 E11 G8 G11 H11
E3  : T -118.01c W -100.00c S -17.85c (-58.9 L -58.3) LCB -119.09c P  4.99% WF 210.6 PSV     200 N      31  --  E3 D4 D11 C11
D4  : T -118.88c W -100.00c S -18.60c (-59.8 L -59.1) LCB -121.46c P  4.86% WF 115.0 PSV     109 N      17  --  D4 C4 D11 E11 E12 E10 G12 C11
K11 : T -118.57c W -100.00c S -18.57c (-59.8 L -59.0) LCB -125.79c P  2.50% WF  68.0 PSV      66 N      10  --  K11 J11 J10 L11
J9  : T -117.99c W -100.00c S -17.86c (-59.0 L -58.1) LCB -126.79c P  1.27% WF  60.9 PSV      52 N       9  --  J9 K9 E11
C11 : T -119.28c W -100.00c S -19.10c (-60.3 L -60.0) LCB -130.42c P  2.41% WF  56.0 PSV      45 N       8  --  C11 E11 B8 C10
K9  : T -118.69c W -100.00c S -18.89c (-60.0 L -59.3) LCB -138.11c P  1.62% WF  41.1 PSV      40 N       6  --  K9 J9 L10

2024-05-22 19:07:41+0800: = D11
2024-05-22 19:07:44+0800: Controller: kata-list_time_settings
2024-05-22 19:07:44+0800: = none absolute byoyomi canadian fischer fischer-capped
2024-05-22 19:07:44+0800: Controller: play black e11
2024-05-22 19:07:44+0800: = 
2024-05-22 19:07:44+0800: Controller: genmove white
2024-05-22 19:07:45+0800: MoveNum: 6 HASH: 67D18F0C3375B846FD130C84DC4EF43C
   A B C D E F G H J K L M N
13 . . . . . . . . . . . . .
12 . . . . @ . . . . . . . .
11 . . . O2X3O . . . . . . .
10 . . . X . X O . . X . . .
 9 . . . . . X1. . . . . . .
 8 . . . . . . . . . . . . .
 7 . . . . . . . . . . . . .
 6 . . . . . . . . . . . . .
 5 . . X . . . . . . . . . .
 4 . . . . . . . . . X . . .
 3 . . . X . . . . . . . . .
 2 . . . . . . . . . . . . .
 1 . . . . . . . . . . . . .

koPOSITIONALscoreAREAtaxNONEsui1komi0.5
Time taken: 0.547
Root visits: 970
New playouts: 594
NN rows: 423
NN batches: 40
NN avg batch size: 10.575
PlayoutDoublingAdvantage: 2.75
PV: E12 E10 G12 C11 D12 G9 H10 H9 K3 L3 J3 L2 E3
Tree:
: T -116.95c W -100.00c S -16.78c (-58.0 L -57.7) N     970  --  E12 E10 G12 C11 D12 G9 H10
---White(^)---
E12 : T -116.85c W -100.00c S -16.66c (-57.9 L -57.6) LCB -117.24c P 63.98% WF 4593.5 PSV    4591 N     716  --  E12 E10 G12 C11 D12 G9 H10 H9
D4  : T -116.84c W -100.00c S -16.73c (-57.7 L -57.4) LCB -117.52c P 16.01% WF 1457.6 PSV    1191 N     225  --  D4 C4 E12 E10 G12 C11 D12 G9
C4  : T -117.99c W -100.00c S -17.84c (-58.7 L -58.2) LCB -124.37c P  2.77% WF  65.0 PSV      60 N      10  --  C4 D4 E12 E10 G12 C11 D12 G9
J4  : T -119.85c W -100.00c S -19.85c (-61.4 L -61.2) LCB -469.85c P  0.71% WF   7.2 PSV       7 N       1  --  J4
C3  : T -120.66c W -100.00c S -20.66c (-63.2 L -63.3) LCB -470.66c P  0.74% WF   7.1 PSV       6 N       1  --  C3
K3  : T -120.10c W -100.00c S -20.10c (-61.8 L -61.5) LCB -470.10c P  0.69% WF   7.1 PSV       6 N       1  --  K3
K9  : T -119.90c W -100.00c S -19.90c (-61.6 L -61.4) LCB -469.90c P  0.61% WF   7.1 PSV       6 N       1  --  K9
L10 : T -122.13c W -100.00c S -21.50c (-62.8 L -61.9) LCB -271.13c P  0.97% WF  14.0 PSV       5 N       2  --  L10 C11
K5  : T -120.26c W -100.00c S -20.27c (-62.0 L -61.8) LCB -470.26c P  0.56% WF   7.2 PSV       5 N       1  --  K5
E3  : T -120.43c W -100.00c S -20.43c (-62.6 L -62.7) LCB -470.43c P  0.55% WF   7.2 PSV       4 N       1  --  E3

2024-05-22 19:07:45+0800: = E12
2024-05-22 19:07:47+0800: Controller: kata-list_time_settings
2024-05-22 19:07:47+0800: = none absolute byoyomi canadian fischer fischer-capped
2024-05-22 19:07:47+0800: Controller: play black e10
2024-05-22 19:07:47+0800: = 
2024-05-22 19:07:47+0800: Controller: genmove white
2024-05-22 19:07:48+0800: MoveNum: 8 HASH: D838EA26041B85B9D94EC3A54D3E7C54
   A B C D E F G H J K L M N
13 . . . . . . . . . . . . .
12 . . . . O2. @ . . . . . .
11 . . . O X1O . . . . . . .
10 . . . X X3X O . . X . . .
 9 . . . . . X . . . . . . .
 8 . . . . . . . . . . . . .
 7 . . . . . . . . . . . . .
 6 . . . . . . . . . . . . .
 5 . . X . . . . . . . . . .
 4 . . . . . . . . . X . . .
 3 . . . X . . . . . . . . .
 2 . . . . . . . . . . . . .
 1 . . . . . . . . . . . . .

koPOSITIONALscoreAREAtaxNONEsui1komi0.5
Time taken: 0.547
Root visits: 3633
New playouts: 443
NN rows: 394
NN batches: 39
NN avg batch size: 10.1026
PlayoutDoublingAdvantage: 2.75
PV: G12 C11 D12 G9 H10 J8 C3 D4 L3 K3 L4 K5 L5 L6 D2
Tree:
: T -117.12c W -100.00c S -17.01c (-57.4 L -57.2) N    3633  --  G12 C11 D12 G9 H10 J8 C3
---White(^)---
G12 : T -116.89c W -100.00c S -16.79c (-57.2 L -57.0) LCB -117.06c P 36.14% WF 20734.9 PSV   20689 N    3327  --  G12 C11 D12 G9 H10 J8 C3 D4
D4  : T -118.02c W -100.00c S -17.87c (-58.2 L -57.9) LCB -118.87c P 13.03% WF 838.8 PSV     838 N     131  --  D4 C4 G12 C11 D12 G9 E3 D2
C12 : T -121.73c W -100.00c S -21.54c (-62.3 L -61.8) LCB -122.73c P 16.68% WF 262.8 PSV     274 N      39  --  C12 C11 D12 G11 F12 H10 B11
D12 : T -119.82c W -100.00c S -19.85c (-60.8 L -60.4) LCB -121.67c P  7.59% WF 209.9 PSV     202 N      31  --  D12 G11 F12 H11 C10 C9
K9  : T -118.48c W -100.00c S -18.64c (-58.7 L -58.3) LCB -122.53c P  1.91% WF  93.1 PSV      90 N      14  --  K9 F12 L10 L11
E3  : T -119.68c W -100.00c S -19.56c (-59.7 L -59.4) LCB -124.45c P  2.64% WF  81.1 PSV      73 N      12  --  E3 F12 D4 C4 D2
F12 : T -120.19c W -100.00c S -19.97c (-60.4 L -59.8) LCB -126.13c P  2.62% WF  74.9 PSV      62 N      11  --  F12 C11 D12 G9
C11 : T -121.58c W -100.00c S -21.69c (-62.6 L -62.6) LCB -149.32c P  2.15% WF  35.3 PSV      36 N       5  --  C11 F12 B9
C3  : T -119.26c W -100.00c S -19.50c (-59.5 L -59.3) LCB -138.76c P  0.99% WF  40.4 PSV      32 N       6  --  C3 F12 D2
L10 : T -120.63c W -100.00c S -20.41c (-59.7 L -58.7) LCB -148.44c P  1.45% WF  32.5 PSV      30 N       5  --  L10 F12

2024-05-22 19:07:48+0800: = G12
2024-05-22 19:07:51+0800: Controller: kata-list_time_settings
2024-05-22 19:07:51+0800: = none absolute byoyomi canadian fischer fischer-capped
2024-05-22 19:07:51+0800: Controller: play black c11
2024-05-22 19:07:51+0800: = 
2024-05-22 19:07:51+0800: Controller: genmove white
2024-05-22 19:07:51+0800: MoveNum: 10 HASH: 6844161E6D7440D6F65EC33A61D2AEB0
   A B C D E F G H J K L M N
13 . . . . . . . . . . . . .
12 . . . @ O . O2. . . . . .
11 . . X3O X O . . . . . . .
10 . . . X X1X O . . X . . .
 9 . . . . . X . . . . . . .
 8 . . . . . . . . . . . . .
 7 . . . . . . . . . . . . .
 6 . . . . . . . . . . . . .
 5 . . X . . . . . . . . . .
 4 . . . . . . . . . X . . .
 3 . . . X . . . . . . . . .
 2 . . . . . . . . . . . . .
 1 . . . . . . . . . . . . .

koPOSITIONALscoreAREAtaxNONEsui1komi0.5
Time taken: 0.531
Root visits: 6134
New playouts: 534
NN rows: 395
NN batches: 37
NN avg batch size: 10.6757
PlayoutDoublingAdvantage: 2.75
PV: D12 G9 H10 J8 C3 D4 L3 K3 L4 K5 L5 L6 M6 C12 D2
Tree:
: T -117.11c W -100.00c S -17.02c (-57.1 L -57.0) N    6134  --  D12 G9 H10 J8 C3 D4 L3
---White(^)---
D12 : T -116.98c W -100.00c S -16.89c (-57.0 L -56.9) LCB -117.11c P 50.98% WF 35239.3 PSV   35189 N    5695  --  D12 G9 H10 J8 C3 D4 L3 K3
D4  : T -118.49c W -100.00c S -18.32c (-58.6 L -58.3) LCB -119.16c P 17.95% WF 1198.6 PSV    1209 N     186  --  D4 C4 D12 G9 H10 H9 K3 J3
E3  : T -118.32c W -100.00c S -18.22c (-58.0 L -57.7) LCB -119.64c P  3.39% WF 254.6 PSV     253 N      39  --  E3 H11 G11 D12 D4 C4 D2
D2  : T -118.39c W -100.00c S -18.26c (-57.9 L -57.6) LCB -120.14c P  2.48% WF 177.8 PSV     176 N      27  --  D2 H11 G11 D12 E3 C3
C3  : T -118.94c W -100.00c S -18.82c (-58.3 L -57.9) LCB -121.12c P  2.95% WF 169.3 PSV     156 N      26  --  C3 H11 G11 D12 D2 D4
J9  : T -118.59c W -100.00c S -18.52c (-58.4 L -57.9) LCB -121.53c P  1.63% WF 113.3 PSV     103 N      17  --  J9 H11 G11 D12
G9  : T -119.32c W -100.00c S -19.24c (-59.0 L -58.5) LCB -123.70c P  1.77% WF  88.1 PSV      79 N      13  --  G9 D12 G7 H11
C4  : T -118.97c W -100.00c S -18.77c (-58.5 L -58.1) LCB -126.21c P  1.25% WF  66.3 PSV      65 N      10  --  C4 D4 D12 G9 H10
K3  : T -118.30c W -100.00c S -18.26c (-58.0 L -57.7) LCB -129.24c P  0.68% WF  53.8 PSV      51 N       8  --  K3 H11 G11
J10 : T -118.47c W -100.00c S -18.76c (-59.0 L -58.7) LCB -138.01c P  0.60% WF  41.0 PSV      40 N       6  --  J10 J9 D12

2024-05-22 19:07:51+0800: = D12
2024-05-22 19:07:55+0800: Controller: kata-list_time_settings
2024-05-22 19:07:55+0800: = none absolute byoyomi canadian fischer fischer-capped
2024-05-22 19:07:55+0800: Controller: play black g9
2024-05-22 19:07:55+0800: = 
2024-05-22 19:07:55+0800: Controller: genmove white
2024-05-22 19:07:55+0800: MoveNum: 12 HASH: B21E71BCB2BA6A4D11BE70703A947C43
   A B C D E F G H J K L M N
13 . . . . . . . . . . . . .
12 . . . O2O . O . . . . . .
11 . . X1O X O . . . . . . .
10 . . . X X X O @ . X . . .
 9 . . . . . X X3. . . . . .
 8 . . . . . . . . . . . . .
 7 . . . . . . . . . . . . .
 6 . . . . . . . . . . . . .
 5 . . X . . . . . . . . . .
 4 . . . . . . . . . X . . .
 3 . . . X . . . . . . . . .
 2 . . . . . . . . . . . . .
 1 . . . . . . . . . . . . .

koPOSITIONALscoreAREAtaxNONEsui1komi0.5
Time taken: 0.532
Root visits: 7009
New playouts: 533
NN rows: 386
NN batches: 43
NN avg batch size: 8.97674
PlayoutDoublingAdvantage: 2.75
PV: H10 J8 C3 D4 L3 K3 L4 K5 L5 L6 M6 C12 D2 E2 B2
Tree:
: T -117.25c W -100.00c S -17.15c (-56.9 L -56.8) N    7009  --  H10 J8 C3 D4 L3 K3 L4
---White(^)---
H10 : T -117.04c W -100.00c S -16.95c (-56.7 L -56.6) LCB -117.18c P 21.63% WF 35158.0 PSV   35049 N    5777  --  H10 J8 C3 D4 L3 K3 L4 K5
C3  : T -117.10c W -100.00c S -17.08c (-56.5 L -56.4) LCB -117.49c P  2.70% WF 2536.7 PSV    2539 N     408  --  C3 D4 H10 J8 L3 K3 L4 K5
E3  : T -118.25c W -100.00c S -18.09c (-58.5 L -58.2) LCB -118.64c P 22.36% WF 2117.7 PSV    2144 N     334  --  E3 D2 H10 H9 K3 J3 J2 J4
D2  : T -118.52c W -100.00c S -18.38c (-58.5 L -58.3) LCB -119.03c P 14.12% WF 1107.1 PSV    1119 N     174  --  D2 E2 H10 H9 C3 D4 L3 K3
C10 : T -119.90c W -100.00c S -19.62c (-59.6 L -59.3) LCB -120.72c P 12.78% WF 530.9 PSV     535 N      82  --  C10 C9 H10 H9 D2 E2
D4  : T -118.72c W -100.00c S -18.50c (-58.7 L -58.4) LCB -119.48c P  5.56% WF 425.3 PSV     390 N      66  --  D4 C4 H10 H9 E3 J3 H4 D2
H3  : T -118.52c W -100.00c S -18.44c (-59.0 L -58.6) LCB -119.63c P  2.67% WF 211.5 PSV     211 N      32  --  H3 J2 H10 H9 E3 D4
K3  : T -118.54c W -100.00c S -18.43c (-58.3 L -58.0) LCB -120.10c P  2.03% WF 160.8 PSV     158 N      25  --  K3 J3 L3 J2 L4
L6  : T -118.61c W -100.00c S -18.52c (-58.7 L -58.4) LCB -120.18c P  2.03% WF 159.1 PSV     152 N      24  --  L6 H10 C10 C9 B10 B11
J10 : T -120.05c W -100.00c S -19.85c (-60.5 L -60.4) LCB -125.96c P  1.82% WF  74.0 PSV      72 N      11  --  J10 J9 H10 H9

2024-05-22 19:07:55+0800: = H10
2024-05-22 19:07:58+0800: Controller: kata-list_time_settings
2024-05-22 19:07:58+0800: = none absolute byoyomi canadian fischer fischer-capped
2024-05-22 19:07:58+0800: Controller: play black h9
2024-05-22 19:07:58+0800: = 
2024-05-22 19:07:58+0800: Controller: genmove white
2024-05-22 19:07:59+0800: MoveNum: 14 HASH: 640EDF552591A2BE09BF0BEE464D4EF8
   A B C D E F G H J K L M N
13 . . . . . . . . . . . . .
12 . . . O O . O . . . . . .
11 . . X O X O . . . . . . .
10 . . . X X X O O2. X . . .
 9 . . . . . X X1X3. . . . .
 8 . . . . . . . . . . . . .
 7 . . . . . . . . . . . . .
 6 . . . . . . . . . . . . .
 5 . . X . . . . . . . . . .
 4 . . . . . . . . . X . . .
 3 . . @ X . . . . . . . . .
 2 . . . . . . . . . . . . .
 1 . . . . . . . . . . . . .

koPOSITIONALscoreAREAtaxNONEsui1komi0.5
Time taken: 0.531
Root visits: 5862
New playouts: 548
NN rows: 396
NN batches: 38
NN avg batch size: 10.4211
PlayoutDoublingAdvantage: 2.75
PV: C3 D4 L3 K3 L4 L6 M6 L7 D2 E2 B2 B4 E3 F2 L5
Tree:
: T -117.39c W -100.00c S -17.27c (-56.6 L -56.6) N    5862  --  C3 D4 L3 K3 L4 L6 M6
---White(^)---
C3  : T -117.09c W -100.00c S -17.00c (-56.0 L -56.1) LCB -117.25c P  6.11% WF 27917.4 PSV   27791 N    4700  --  C3 D4 L3 K3 L4 L6 M6 L7
K3  : T -117.76c W -100.00c S -17.61c (-57.9 L -57.7) LCB -118.23c P 12.76% WF 2280.2 PSV    2027 N     380  --  K3 J3 L3 J2 C3 L4 D2 D4
E3  : T -118.56c W -100.00c S -18.36c (-59.0 L -58.8) LCB -119.06c P 25.25% WF 1829.4 PSV    1864 N     294  --  E3 D2 K3 J3 J2 J4 L3 H2
D2  : T -118.78c W -100.00c S -18.59c (-58.8 L -58.6) LCB -119.41c P 19.42% WF 1233.8 PSV    1247 N     199  --  D2 C3 H3 J3 H4 F3 K5 L5
L6  : T -118.48c W -100.00c S -18.35c (-58.8 L -58.5) LCB -119.07c P  6.37% WF 491.1 PSV     495 N      76  --  L6 L4 E3 G3 D4
D4  : T -119.18c W -100.00c S -18.91c (-59.3 L -59.1) LCB -120.43c P  5.42% WF 281.0 PSV     283 N      44  --  D4 C4 E3 J3 H4 D2 D5
L3  : T -119.12c W -100.00c S -19.09c (-58.5 L -58.4) LCB -120.52c P  3.92% WF 216.8 PSV     210 N      34  --  L3 K3 L4 K5 M6 L7
H3  : T -118.97c W -100.00c S -18.77c (-59.8 L -59.5) LCB -120.29c P  3.35% WF 197.0 PSV     194 N      30  --  H3 J2 E3 D2 D4 C4
L4  : T -119.13c W -100.00c S -19.00c (-58.9 L -58.8) LCB -121.71c P  1.64% WF  96.4 PSV      87 N      15  --  L4 L3 K3 L5 M4 J3
C10 : T -120.34c W -100.00c S -19.97c (-59.7 L -59.5) LCB -123.24c P  2.11% WF  72.3 PSV      71 N      11  --  C10 C9 E3 D2

2024-05-22 19:07:59+0800: = C3
2024-05-22 19:08:02+0800: Controller: kata-list_time_settings
2024-05-22 19:08:02+0800: = none absolute byoyomi canadian fischer fischer-capped
2024-05-22 19:08:02+0800: Controller: play black c4
2024-05-22 19:08:02+0800: = 
2024-05-22 19:08:02+0800: Controller: genmove white
2024-05-22 19:08:02+0800: MoveNum: 16 HASH: 42D3434F0D1929DBD840E1E07C981F92
   A B C D E F G H J K L M N
13 . . . . . . . . . . . . .
12 . . . O O . O . . . . . .
11 . . X O X O . . . . . . .
10 . . . X X X O O . X . . .
 9 . . . . . X X X1. . . . .
 8 . . . . . . . . . . . . .
 7 . . . . . . . . . . . . .
 6 . . . . . . . . . . . . .
 5 . . X . . . . . . . . . .
 4 . . X3. . . . . . X . . .
 3 . . O2X . . . . . . . . .
 2 . . . @ . . . . . . . . .
 1 . . . . . . . . . . . . .

koPOSITIONALscoreAREAtaxNONEsui1komi0.5
Time taken: 0.547
Root visits: 909
New playouts: 464
NN rows: 395
NN batches: 42
NN avg batch size: 9.40476
PlayoutDoublingAdvantage: 2.75
PV: D2 C2 K3 J3 J2 J4 K2 H2 E3
Tree:
: T -116.88c W -100.00c S -16.78c (-55.3 L -55.3) N     909  --  D2 C2 K3 J3 J2 J4 K2
---White(^)---
D2  : T -116.46c W -100.00c S -16.36c (-54.8 L -54.8) LCB -116.84c P 26.08% WF 4314.9 PSV    4298 N     751  --  D2 C2 K3 J3 J2 J4 K2 H2
K3  : T -117.93c W -100.00c S -17.88c (-56.8 L -56.8) LCB -118.86c P 18.95% WF 387.1 PSV     366 N      65  --  K3 L3 D2 E3 L4 M3 E2
C10 : T -118.65c W -100.00c S -18.48c (-57.0 L -57.1) LCB -120.36c P  8.93% WF 130.6 PSV     120 N      21  --  C10 C9 D2 C2 K3 J3
L6  : T -118.57c W -100.00c S -18.60c (-58.1 L -58.1) LCB -120.91c P  8.46% WF 124.4 PSV     118 N      19  --  L6 M5 D2
K2  : T -119.08c W -100.00c S -19.02c (-58.1 L -58.0) LCB -122.43c P  8.37% WF 100.0 PSV      95 N      16  --  K2 K3 D2 C2 J2 L2 E3 D4
J2  : T -119.49c W -100.00c S -19.63c (-59.4 L -59.5) LCB -125.27c P  5.61% WF  71.3 PSV      55 N      11  --  J2 K3 D2 E3
L3  : T -120.31c W -100.00c S -20.25c (-58.3 L -58.2) LCB -134.64c P  4.63% WF  45.2 PSV      36 N       7  --  L3 K3 D2 C2
L4  : T -119.71c W -100.00c S -19.53c (-57.7 L -57.4) LCB -135.56c P  3.07% WF  31.8 PSV      28 N       5  --  L4 L3 K3 J3 K2
H3  : T -120.94c W -100.00c S -20.10c (-59.3 L -58.9) LCB -269.90c P  1.79% WF  13.1 PSV      12 N       2  --  H3 J2
K6  : T -119.28c W -100.00c S -18.71c (-57.9 L -57.6) LCB -268.51c P  1.16% WF  13.0 PSV      12 N       2  --  K6 J3

2024-05-22 19:08:02+0800: = D2
2024-05-22 19:08:05+0800: Controller: kata-list_time_settings
2024-05-22 19:08:05+0800: = none absolute byoyomi canadian fischer fischer-capped
2024-05-22 19:08:05+0800: Controller: play black e3
2024-05-22 19:08:05+0800: = 
2024-05-22 19:08:05+0800: Controller: genmove white
2024-05-22 19:08:06+0800: MoveNum: 18 HASH: 539809ED039D3300DB4EE3998BB501B8
   A B C D E F G H J K L M N
13 . . . . . . . . . . . . .
12 . . . O O . O . . . . . .
11 . . X O X O . . . . . . .
10 . . . X X X O O . X . . .
 9 . . . . . X X X . . . . .
 8 . . . . . . . . . . . . .
 7 . . . . . . . . . . . . .
 6 . . . . . . . . . . . . .
 5 . . X . . . . . . . . . .
 4 . . X1. . . . . . X . . .
 3 . . O X X3. . . . . @ . .
 2 . . . O2. . . . . . . . .
 1 . . . . . . . . . . . . .

koPOSITIONALscoreAREAtaxNONEsui1komi0.5
Time taken: 0.532
Root visits: 1416
New playouts: 465
NN rows: 397
NN batches: 38
NN avg batch size: 10.4474
PlayoutDoublingAdvantage: 2.75
PV: L3 K3 L4 L6 L5 K5 M6 L7 C10 C9 M7 C12
Tree:
: T -117.55c W -100.00c S -17.47c (-53.7 L -53.8) N    1416  --  L3 K3 L4 L6 L5 K5 M6
---White(^)---
L3  : T -117.18c W -100.00c S -17.10c (-53.1 L -53.3) LCB -117.48c P 23.42% WF 6778.1 PSV    6751 N    1173  --  L3 K3 L4 L6 L5 K5 M6 L7
E2  : T -119.35c W -100.00c S -19.31c (-57.1 L -57.0) LCB -120.25c P 24.93% WF 457.2 PSV     459 N      75  --  E2 C2 H3 F2 K3
K3  : T -118.42c W -100.00c S -18.36c (-55.4 L -55.4) LCB -119.44c P 12.58% WF 409.1 PSV     385 N      70  --  K3 L3 L4 J3 K2 L2 J2
L4  : T -118.97c W -100.00c S -18.94c (-56.2 L -56.2) LCB -120.06c P 10.45% WF 246.4 PSV     230 N      41  --  L4 L3 K3 J3 K2 L2 J2
C10 : T -119.35c W -100.00c S -19.30c (-56.0 L -56.2) LCB -121.09c P  9.08% WF 167.2 PSV     167 N      27  --  C10 C9 L3 K3 L4 L6 L5 K5
L6  : T -121.89c W -100.00c S -21.70c (-59.1 L -58.6) LCB -164.74c P  3.00% WF  26.1 PSV      26 N       4  --  L6 M5
J10 : T -120.01c W -100.00c S -20.10c (-56.9 L -57.2) LCB -193.89c P  1.42% WF  19.3 PSV      20 N       3  --  J10 J9 L3
J2  : T -120.97c W -100.00c S -20.75c (-58.1 L -57.9) LCB -195.09c P  1.81% WF  18.7 PSV      19 N       3  --  J2 L3
H3  : T -121.22c W -100.00c S -21.35c (-59.1 L -58.7) LCB -195.21c P  1.83% WF  19.4 PSV      18 N       3  --  H3 J2
M4  : T -120.92c W -100.00c S -20.77c (-58.0 L -57.9) LCB -269.90c P  0.88% WF  13.2 PSV       9 N       2  --  M4 L4

2024-05-22 19:08:06+0800: = L3
2024-05-22 19:08:08+0800: Controller: kata-list_time_settings
2024-05-22 19:08:08+0800: = none absolute byoyomi canadian fischer fischer-capped
2024-05-22 19:08:08+0800: Controller: play black k3
2024-05-22 19:08:08+0800: = 
2024-05-22 19:08:08+0800: Controller: genmove white
2024-05-22 19:08:09+0800: MoveNum: 20 HASH: 069DEE6D38D16434E5F25BCBBF296285
   A B C D E F G H J K L M N
13 . . . . . . . . . . . . .
12 . . . O O . O . . . . . .
11 . . X O X O . . . . . . .
10 . . . X X X O O . X . . .
 9 . . . . . X X X . . . . .
 8 . . . . . . . . . . . . .
 7 . . . . . . . . . . . . .
 6 . . . . . . . . . . . . .
 5 . . X . . . . . . . . . .
 4 . . X . . . . . . X @ . .
 3 . . O X X1. . . . X3O2. .
 2 . . . O . . . . . . . . .
 1 . . . . . . . . . . . . .

koPOSITIONALscoreAREAtaxNONEsui1komi0.5
Time taken: 0.516
Root visits: 3504
New playouts: 523
NN rows: 386
NN batches: 39
NN avg batch size: 9.89744
PlayoutDoublingAdvantage: 2.75
PV: L4 L5 M5 L2 M2 M4 M3 M6 K2 J2 C10 C9 L1
Tree:
: T -118.22c W -100.00c S -18.08c (-53.3 L -53.4) N    3504  --  L4 L5 M5 L2 M2 M4 M3
---White(^)---
L4  : T -118.03c W -100.00c S -17.89c (-53.0 L -53.2) LCB -118.21c P 46.40% WF 18928.9 PSV   18891 N    3231  --  L4 L5 M5 L2 M2 M4 M3 M6
J10 : T -119.25c W -100.00c S -19.02c (-54.6 L -54.8) LCB -120.09c P 16.22% WF 887.4 PSV     894 N     150  --  J10 L4 J9 J8 K9 K8 L8 L7
C10 : T -121.87c W -100.00c S -21.84c (-58.2 L -58.5) LCB -123.46c P 14.90% WF 276.7 PSV     288 N      43  --  C10 L4 C9 J10 D7
B3  : T -119.98c W -100.00c S -20.01c (-55.7 L -55.8) LCB -121.34c P  6.95% WF 253.7 PSV     253 N      41  --  B3 E2 L4 L5 M5 M6 L6 K5
E2  : T -123.57c W -100.00c S -23.15c (-60.3 L -60.2) LCB -129.19c P  5.23% WF  73.0 PSV      71 N      11  --  E2 C2 B3 B2
B2  : T -122.30c W -100.00c S -22.25c (-58.5 L -58.7) LCB -131.73c P  2.75% WF  55.1 PSV      48 N       9  --  B2 L4 E2
L9  : T -122.49c W -100.00c S -22.20c (-58.0 L -57.5) LCB -196.44c P  0.87% WF  19.8 PSV      14 N       3  --  L9 L6
K9  : T -121.63c W -100.00c S -21.62c (-57.8 L -57.6) LCB -195.64c P  0.69% WF  19.4 PSV      14 N       3  --  K9 L10
L10 : T -121.70c W -100.00c S -21.84c (-57.7 L -57.5) LCB -271.28c P  0.64% WF  13.0 PSV      12 N       2  --  L10 L4
K2  : T -123.96c W -100.00c S -23.44c (-59.6 L -59.7) LCB -272.94c P  0.53% WF  13.2 PSV       6 N       2  --  K2 L4

2024-05-22 19:08:09+0800: = L4
2024-05-22 19:08:12+0800: Controller: kata-list_time_settings
2024-05-22 19:08:12+0800: = none absolute byoyomi canadian fischer fischer-capped
2024-05-22 19:08:12+0800: Controller: play black k5
2024-05-22 19:08:12+0800: = 
2024-05-22 19:08:12+0800: Controller: genmove white
2024-05-22 19:08:12+0800: MoveNum: 22 HASH: 4C3541DF3BDEEA03E1EAEFAA056C7247
   A B C D E F G H J K L M N
13 . . . . . . . . . . . . .
12 . . . O O . O . . . . . .
11 . . X O X O . . . . . . .
10 . . @ X X X O O . X . . .
 9 . . . . . X X X . . . . .
 8 . . . . . . . . . . . . .
 7 . . . . . . . . . . . . .
 6 . . . . . . . . . . . . .
 5 . . X . . . . . . X3. . .
 4 . . X . . . . . . X O2. .
 3 . . O X X . . . . X1O . .
 2 . . . O . . . . . . . . .
 1 . . . . . . . . . . . . .

koPOSITIONALscoreAREAtaxNONEsui1komi0.5
Time taken: 0.532
Root visits: 1705
New playouts: 529
NN rows: 407
NN batches: 41
NN avg batch size: 9.92683
PlayoutDoublingAdvantage: 2.75
PV: C10 C9 M6 L7 J10 M7 L6 L2 M2
Tree:
: T -118.50c W -100.00c S -18.41c (-52.3 L -52.5) N    1705  --  C10 C9 M6 L7 J10 M7 L6
---White(^)---
C10 : T -118.19c W -100.00c S -18.11c (-51.9 L -52.1) LCB -118.53c P 18.86% WF 5131.6 PSV    8853 N     872  --  C10 C9 M6 L7 J10 M7 L6 L2
M6  : T -118.63c W -100.00c S -18.52c (-52.6 L -52.8) LCB -119.04c P 35.40% WF 2936.1 PSV    2731 N     500  --  M6 C12 J10 J9 K11 L11 K2 J2
L5  : T -118.94c W -100.00c S -18.88c (-52.6 L -52.7) LCB -119.44c P 25.76% WF 1405.4 PSV    1328 N     237  --  L5 L6 M6 L7 C10 C9 M7 C12
J10 : T -118.61c W -100.00c S -18.54c (-52.4 L -52.5) LCB -119.37c P  2.99% WF 289.9 PSV     241 N      48  --  J10 J9 M6 L2 M2
K2  : T -119.89c W -100.00c S -19.86c (-53.7 L -53.9) LCB -123.14c P  3.12% WF  80.7 PSV      79 N      13  --  K2 J2 L5 L6 M6 L7 L2 M7
L6  : T -120.59c W -100.00c S -20.39c (-54.9 L -55.1) LCB -124.58c P  4.01% WF  81.2 PSV      73 N      13  --  L6 L5 M5 M4 M3 M6
M7  : T -120.38c W -100.00c S -20.41c (-54.9 L -55.1) LCB -125.61c P  3.45% WF  74.2 PSV      69 N      12  --  M7 L5 M5 M4
B3  : T -119.73c W -100.00c S -19.78c (-53.8 L -54.3) LCB -133.95c P  1.30% WF  37.9 PSV      35 N       6  --  B3 E2 M6 C12 J10 J9 K11
B2  : T -121.84c W -100.00c S -21.46c (-56.4 L -56.5) LCB -270.82c P  0.70% WF  13.0 PSV       8 N       2  --  B2 B3
M5  : T -121.24c W -100.00c S -21.24c (-55.8 L -56.5) LCB -471.24c P  0.35% WF   6.6 PSV       5 N       1  --  M5

2024-05-22 19:08:12+0800: = C10
2024-05-22 19:08:15+0800: Controller: kata-list_time_settings
2024-05-22 19:08:15+0800: = none absolute byoyomi canadian fischer fischer-capped
2024-05-22 19:08:15+0800: Controller: play black c9
2024-05-22 19:08:15+0800: = 
2024-05-22 19:08:15+0800: Controller: genmove white
2024-05-22 19:08:16+0800: MoveNum: 24 HASH: 9683353BE749DA3313F548DEECCC033A
   A B C D E F G H J K L M N
13 . . . . . . . . . . . . .
12 . . . O O . O . . . . . .
11 . . X O X O . . . . . . .
10 . . O2X X X O O . X . . .
 9 . . X3. . X X X . . . . .
 8 . . . . . . . . . . . . .
 7 . . . . . . . . . . . . .
 6 . . . . . . . . . . . @ .
 5 . . X . . . . . . X1. . .
 4 . . X . . . . . . X O . .
 3 . . O X X . . . . X O . .
 2 . . . O . . . . . . . . .
 1 . . . . . . . . . . . . .

koPOSITIONALscoreAREAtaxNONEsui1komi0.5
Time taken: 0.531
Root visits: 3384
New playouts: 476
NN rows: 383
NN batches: 37
NN avg batch size: 10.3514
PlayoutDoublingAdvantage: 2.75
PV: M6 L7 L2 K2 L6 K6 B10 B11 B9
Tree:
: T -118.82c W -100.00c S -18.74c (-52.2 L -52.4) N    3384  --  M6 L7 L2 K2 L6 K6 B10
---White(^)---
M6  : T -118.68c W -100.00c S -18.60c (-52.1 L -52.3) LCB -118.91c P 38.77% WF 11352.7 PSV   11333 N    1941  --  M6 L7 L2 K2 L6 K6 B10 B11
L5  : T -118.74c W -100.00c S -18.67c (-52.1 L -52.3) LCB -119.06c P 26.65% WF 6752.7 PSV    6226 N    1161  --  L5 L6 M6 L7 M7 L8 B10 B11
B3  : T -119.01c W -100.00c S -18.91c (-52.5 L -52.8) LCB -119.91c P  2.73% WF 368.1 PSV     351 N      61  --  B3 E2 M6 C12 J10 J9 K11
J10 : T -119.28c W -100.00c S -19.26c (-52.8 L -52.9) LCB -120.05c P  3.01% WF 389.6 PSV     263 N      63  --  J10 L5 J9 M6 L8
M7  : T -119.95c W -100.00c S -20.01c (-53.9 L -54.1) LCB -121.22c P  5.29% WF 265.6 PSV     260 N      44  --  M7 L5 M5 M4 M3 M6 N4
B10 : T -120.85c W -100.00c S -20.81c (-54.8 L -55.1) LCB -122.08c P  7.70% WF 244.7 PSV     238 N      39  --  B10 L5 B9 C8 B8 B7
K2  : T -120.08c W -100.00c S -20.07c (-53.5 L -53.6) LCB -121.30c P  4.92% WF 220.8 PSV     223 N      36  --  K2 J2 M6 C12 J10 J9 B10
L6  : T -120.98c W -100.00c S -20.93c (-54.9 L -55.1) LCB -122.98c P  5.33% WF 162.0 PSV     156 N      26  --  L6 L5 M5 M4 M3 M6 N4 L7
B2  : T -122.61c W -100.00c S -22.44c (-57.0 L -57.4) LCB -196.42c P  0.93% WF  19.7 PSV      16 N       3  --  B2 B3 L5
M5  : T -121.72c W -100.00c S -21.48c (-54.6 L -54.6) LCB -270.66c P  0.44% WF  13.2 PSV      10 N       2  --  M5 C12

2024-05-22 19:08:16+0800: = M6
2024-05-22 19:08:19+0800: Controller: kata-list_time_settings
2024-05-22 19:08:19+0800: = none absolute byoyomi canadian fischer fischer-capped
2024-05-22 19:08:19+0800: Controller: play black e2
2024-05-22 19:08:19+0800: = 
2024-05-22 19:08:19+0800: Controller: genmove white
2024-05-22 19:08:19+0800: MoveNum: 26 HASH: 41ABD35482E328D75D90B76AE4A4F2F6
   A B C D E F G H J K L M N
13 . . . . . . . . . . . . .
12 . . . O O . O . . . . . .
11 . . X O X O . . . . . . .
10 . @ O X X X O O . X . . .
 9 . . X1. . X X X . . . . .
 8 . . . . . . . . . . . . .
 7 . . . . . . . . . . . . .
 6 . . . . . . . . . . . O2.
 5 . . X . . . . . . X . . .
 4 . . X . . . . . . X O . .
 3 . . O X X . . . . X O . .
 2 . . . O X3. . . . . . . .
 1 . . . . . . . . . . . . .

koPOSITIONALscoreAREAtaxNONEsui1komi0.5
Time taken: 0.531
Root visits: 509
New playouts: 481
NN rows: 390
NN batches: 36
NN avg batch size: 10.8333
PlayoutDoublingAdvantage: 2.75
PV: B10 B9 J10 J9 B11 L2
Tree:
: T -118.20c W -99.99c S -18.19c (-49.9 L -50.0) N     509  --  B10 B9 J10 J9 B11 L2
---White(^)---
B10 : T -117.75c W -99.99c S -17.73c (-49.7 L -49.8) LCB -118.63c P 33.51% WF 2046.4 PSV    2038 N     366  --  B10 B9 J10 J9 B11 L2
K7  : T -118.69c W -100.00c S -18.83c (-50.4 L -50.6) LCB -119.98c P 10.93% WF 221.6 PSV     191 N      38  --  K7 C12 J12 M8
L7  : T -119.19c W -100.00c S -19.23c (-50.3 L -50.3) LCB -120.61c P 10.48% WF 151.8 PSV     133 N      26  --  L7 C12 J10 J9
L2  : T -120.03c W -100.00c S -19.97c (-51.2 L -51.4) LCB -123.17c P 10.40% WF  96.6 PSV      90 N      16  --  L2 L7 B10 B11
L8  : T -119.89c W -100.00c S -19.91c (-51.0 L -50.9) LCB -124.18c P  8.19% WF  78.5 PSV      75 N      13  --  L8 C12 J10 J9
K8  : T -119.01c W -100.00c S -18.90c (-50.4 L -50.5) LCB -122.44c P  4.93% WF  87.8 PSV      69 N      15  --  K8 J10 B10 B11
B2  : T -119.54c W -100.00c S -19.56c (-50.8 L -50.7) LCB -124.57c P  5.98% WF  71.7 PSV      63 N      12  --  B2 B3 B10 B11
K2  : T -119.48c W -100.00c S -19.66c (-50.7 L -50.6) LCB -132.53c P  3.63% WF  42.0 PSV      39 N       7  --  K2 J2 B10 B11
B4  : T -119.01c W -100.00c S -19.11c (-50.1 L -50.0) LCB -133.34c P  2.45% WF  41.7 PSV      34 N       7  --  B4 B3 B10
J10 : T -119.71c W -100.00c S -19.84c (-50.9 L -50.9) LCB -134.21c P  3.29% WF  41.7 PSV      32 N       7  --  J10 J9 B10 B11 B9

2024-05-22 19:08:19+0800: = B10
2024-05-22 19:08:22+0800: Controller: kata-list_time_settings
2024-05-22 19:08:22+0800: = none absolute byoyomi canadian fischer fischer-capped
2024-05-22 19:08:22+0800: Controller: play black b9
2024-05-22 19:08:22+0800: = 
2024-05-22 19:08:22+0800: Controller: genmove white
2024-05-22 19:08:23+0800: MoveNum: 28 HASH: 3685F3AA0354D59756F38171EB5DB9B5
   A B C D E F G H J K L M N
13 . . . . . . . . . . . . .
12 . . . O O . O . . . . . .
11 . . X O X O . . . . . . .
10 . O2O X X X O O @ X . . .
 9 . X3X . . X X X . . . . .
 8 . . . . . . . . . . . . .
 7 . . . . . . . . . . . . .
 6 . . . . . . . . . . . O .
 5 . . X . . . . . . X . . .
 4 . . X . . . . . . X O . .
 3 . . O X X . . . . X O . .
 2 . . . O X1. . . . . . . .
 1 . . . . . . . . . . . . .

koPOSITIONALscoreAREAtaxNONEsui1komi0.5
Time taken: 0.531
Root visits: 1930
New playouts: 442
NN rows: 383
NN batches: 38
NN avg batch size: 10.0789
PlayoutDoublingAdvantage: 2.75
PV: J10 L9 J9 B11 M8 K11 J7
Tree:
: T -119.43c W -100.00c S -19.39c (-49.2 L -49.1) N    1930  --  J10 L9 J9 B11 M8 K11 J7
---White(^)---
J10 : T -119.06c W -100.00c S -19.04c (-48.8 L -48.7) LCB -119.32c P 14.17% WF 5446.0 PSV    5417 N     940  --  J10 L9 J9 B11 M8 K11 J7
B11 : T -119.53c W -100.00c S -19.41c (-49.2 L -49.1) LCB -120.14c P 15.65% WF 1646.9 PSV    1296 N     290  --  B11 L7 L6 K6 L8 M7 K7 M8
K8  : T -119.43c W -100.00c S -19.37c (-49.4 L -49.4) LCB -119.90c P 11.05% WF 1561.7 PSV    1106 N     270  --  K8 L7 L6 K7 K6 J6 J7 L8
L2  : T -119.95c W -100.00c S -19.98c (-49.6 L -49.5) LCB -120.47c P 11.48% WF 632.7 PSV     558 N     105  --  L2 L7 J10 M5 L5
L8  : T -120.12c W -100.00c S -20.16c (-49.9 L -49.8) LCB -120.93c P  9.05% WF 413.8 PSV     377 N      70  --  L8 L6 L5 K6 M7
B2  : T -119.68c W -100.00c S -19.69c (-49.4 L -49.3) LCB -120.38c P  5.64% WF 470.0 PSV     376 N      79  --  B2 B4 J10 J9 L2 K2
K7  : T -119.92c W -100.00c S -19.89c (-49.8 L -49.8) LCB -120.61c P  6.99% WF 403.3 PSV     352 N      68  --  K7 C12 J12 H11 J11 L6
L7  : T -120.71c W -100.00c S -20.68c (-50.3 L -50.0) LCB -121.44c P 10.93% WF 319.1 PSV     305 N      53  --  L7 B11 J10 J9 K11 L11 L10
K2  : T -120.63c W -100.00c S -20.59c (-50.0 L -49.9) LCB -121.66c P  7.33% WF 229.9 PSV     214 N      38  --  K2 J2 B11 L7 L6 K6 L8 M7
B4  : T -120.67c W -100.00c S -20.68c (-50.0 L -49.5) LCB -148.46c P  1.07% WF  31.0 PSV      30 N       5  --  B4 B3

2024-05-22 19:08:23+0800: = J10
2024-05-22 19:08:26+0800: Controller: kata-list_time_settings
2024-05-22 19:08:26+0800: = none absolute byoyomi canadian fischer fischer-capped
2024-05-22 19:08:26+0800: Controller: play black j9
2024-05-22 19:08:26+0800: = 
2024-05-22 19:08:26+0800: Controller: genmove white
2024-05-22 19:08:26+0800: MoveNum: 30 HASH: 3A02EA5D3B2792081E0E176294618008
   A B C D E F G H J K L M N
13 . . . . . . . . . . . . .
12 . . . O O . O . . . . . .
11 . @ X O X O . . . . . . .
10 . O O X X X O O O2X . . .
 9 . X1X . . X X X X3. . . .
 8 . . . . . . . . . . . . .
 7 . . . . . . . . . . . . .
 6 . . . . . . . . . . . O .
 5 . . X . . . . . . X . . .
 4 . . X . . . . . . X O . .
 3 . . O X X . . . . X O . .
 2 . . . O X . . . . . . . .
 1 . . . . . . . . . . . . .

koPOSITIONALscoreAREAtaxNONEsui1komi0.5
Time taken: 0.5
Root visits: 1587
New playouts: 426
NN rows: 378
NN batches: 42
NN avg batch size: 9
PlayoutDoublingAdvantage: 2.75
PV: L2 K2 L8 K11 B11 H12 K1
Tree:
: T -119.58c W -100.00c S -19.43c (-48.7 L -48.7) N    1587  --  L2 K2 L8 K11 B11 H12 K1
---White(^)---
L2  : T -119.30c W -100.00c S -19.18c (-48.3 L -48.3) LCB -119.70c P 15.63% WF 2982.9 PSV    3345 N     521  --  L2 K2 L8 K11 B11 H12 K1
B11 : T -119.25c W -100.00c S -19.06c (-48.5 L -48.5) LCB -119.71c P 14.92% WF 3257.4 PSV    3245 N     584  --  B11 L2 M2 K2 L8 M10 K11 L11
L7  : T -119.89c W -100.00c S -19.77c (-49.0 L -48.9) LCB -120.42c P 18.44% WF 1028.5 PSV     974 N     181  --  L7 C12 K11 L11 L10 K9 L9 M10
L8  : T -120.15c W -100.00c S -20.02c (-49.2 L -49.1) LCB -120.99c P  9.94% WF 435.6 PSV     401 N      75  --  L8 L6 L5 M7 L7 K6
K11 : T -120.34c W -100.00c S -20.35c (-49.1 L -49.1) LCB -121.54c P 10.98% WF 401.2 PSV     380 N      68  --  K11 L11 L2 K2 K1 J1
K2  : T -120.75c W -100.00c S -20.72c (-49.4 L -49.2) LCB -121.78c P  9.50% WF 259.5 PSV     248 N      43  --  K2 J2 B11 L2 M2 K1
B2  : T -120.26c W -100.00c S -20.13c (-49.0 L -49.0) LCB -121.29c P  5.07% WF 225.3 PSV     186 N      38  --  B2 B4 L2 C12
K8  : T -120.01c W -100.00c S -20.04c (-49.5 L -49.8) LCB -120.97c P  3.24% WF 158.0 PSV     149 N      27  --  K8 K9 L2 C12 J2 J11
K9  : T -120.75c W -99.99c S -20.61c (-50.1 L -50.1) LCB -123.38c P  2.77% WF 115.7 PSV      72 N      20  --  K9 L9 K8 L8 K7
L9  : T -120.85c W -100.00c S -20.77c (-49.6 L -49.6) LCB -129.96c P  1.84% WF  48.4 PSV      45 N       8  --  L9 K9 B11

2024-05-22 19:08:26+0800: = B11
2024-05-22 19:08:29+0800: Controller: kata-list_time_settings
2024-05-22 19:08:29+0800: = none absolute byoyomi canadian fischer fischer-capped
2024-05-22 19:08:29+0800: Controller: play black l6
2024-05-22 19:08:29+0800: = 
2024-05-22 19:08:29+0800: Controller: genmove white
2024-05-22 19:08:30+0800: MoveNum: 32 HASH: 26F47F23A3FEC8616D9DB8C4D9173879
   A B C D E F G H J K L M N
13 . . . . . . . . . . . . .
12 . . . O O . O . . . . . .
11 . O2X O X O . . . . . . .
10 . O O X X X O O O X . . .
 9 . X X . . X X X X1. . . .
 8 . . . . . . . . . . . . .
 7 . . . . . . . . . . . . .
 6 . . . . . . . . . . X3O .
 5 . . X . . . . . . X . . .
 4 . . X . . . . . . X O . .
 3 . . O X X . . . . X O . .
 2 . . . O X . . . . @ . . .
 1 . . . . . . . . . . . . .

koPOSITIONALscoreAREAtaxNONEsui1komi0.5
Time taken: 0.547
Root visits: 781
New playouts: 628
NN rows: 400
NN batches: 45
NN avg batch size: 8.88889
PlayoutDoublingAdvantage: 2.75
PV: K2 L2 M2 J2 L7 M5 L5 K6 M8 K1
Tree:
: T -118.11c W -99.99c S -17.98c (-47.4 L -47.5) N     781  --  K2 L2 M2 J2 L7 M5 L5
---White(^)---
K2  : T -117.77c W -99.99c S -17.64c (-47.4 L -47.6) LCB -118.46c P 31.46% WF 2608.9 PSV    2598 N     525  --  K2 L2 M2 J2 L7 M5 L5 K6
L7  : T -118.33c W -99.99c S -18.35c (-47.0 L -46.9) LCB -119.21c P 34.58% WF 1009.8 PSV    1015 N     187  --  L7 M5 L5 K6 M8 N6 M7 L2
L5  : T -119.61c W -100.00c S -19.47c (-48.1 L -48.2) LCB -120.99c P 21.40% WF 282.3 PSV     280 N      52  --  L5 L7 M7 L9 K2 J2
M7  : T -120.64c W -99.99c S -20.43c (-49.5 L -49.7) LCB -123.83c P  8.64% WF  76.6 PSV      76 N      14  --  M7 M5 L5 L2 K6 L7 L8 K7
M5  : T -122.90c W -100.00c S -22.43c (-50.1 L -49.9) LCB -272.10c P  1.35% WF  12.7 PSV       7 N       2  --  M5 K11

2024-05-22 19:08:30+0800: = K2
2024-05-22 19:08:33+0800: Controller: kata-list_time_settings
2024-05-22 19:08:33+0800: = none absolute byoyomi canadian fischer fischer-capped
2024-05-22 19:08:33+0800: Controller: play black j2
2024-05-22 19:08:33+0800: = 
2024-05-22 19:08:33+0800: Controller: genmove white
2024-05-22 19:08:33+0800: MoveNum: 34 HASH: 1321130EA6356C5105AEDC60AF7B2B7D
   A B C D E F G H J K L M N
13 . . . . . . . . . . . . .
12 . . . O O . O . . . . . .
11 . O X O X O . . . . . . .
10 . O O X X X O O O X . . .
 9 . X X . . X X X X . . . .
 8 . . . . . . . . . . . . .
 7 . . . . . . . . . . @ . .
 6 . . . . . . . . . . X1O .
 5 . . X . . . . . . X . . .
 4 . . X . . . . . . X O . .
 3 . . O X X . . . . X O . .
 2 . . . O X . . . X3O2. . .
 1 . . . . . . . . . . . . .

koPOSITIONALscoreAREAtaxNONEsui1komi0.5
Time taken: 0.531
Root visits: 1515
New playouts: 500
NN rows: 376
NN batches: 44
NN avg batch size: 8.54545
PlayoutDoublingAdvantage: 2.75
PV: L7 M8 M7 L2 M2 K1 L5 L9
Tree:
: T -119.09c W -99.99c S -18.97c (-45.9 L -45.9) N    1515  --  L7 M8 M7 L2 M2 K1 L5
---White(^)---
L7  : T -118.83c W -99.99c S -18.72c (-45.7 L -45.7) LCB -119.16c P 46.46% WF 7576.1 PSV    7556 N    1398  --  L7 M8 M7 L2 M2 K1 L5 L9
L5  : T -121.48c W -100.00c S -21.53c (-48.0 L -48.0) LCB -122.32c P 23.42% WF 342.7 PSV     353 N      59  --  L5 L7 M7 L9 L2 M8 H2 J1
M7  : T -121.84c W -100.00c S -21.67c (-48.5 L -48.3) LCB -123.41c P 19.35% WF 261.5 PSV     262 N      45  --  M7 L2 M2 K1 L5 K11
L2  : T -124.75c W -99.99c S -24.45c (-53.7 L -54.1) LCB -131.96c P  6.29% WF  50.3 PSV      45 N       9  --  L2 M5 J3 H3 L5
M5  : T -124.69c W -100.00c S -24.31c (-50.8 L -50.7) LCB -273.78c P  1.09% WF  13.1 PSV       7 N       2  --  M5 M7
M8  : T -123.59c W -99.99c S -23.60c (-51.7 L -52.9) LCB -473.59c P  0.33% WF   6.0 PSV       2 N       1  --  M8

2024-05-22 19:08:33+0800: = L7
2024-05-22 19:08:36+0800: Controller: kata-list_time_settings
2024-05-22 19:08:36+0800: = none absolute byoyomi canadian fischer fischer-capped
2024-05-22 19:08:36+0800: Controller: play black m7
2024-05-22 19:08:36+0800: = 
2024-05-22 19:08:36+0800: Controller: genmove white
2024-05-22 19:08:36+0800: MoveNum: 36 HASH: 78C4FF2DD6ACF761928206EE5DF133A0
   A B C D E F G H J K L M N
13 . . . . . . . . . . . . .
12 . . . O O . O . . . . . .
11 . O X O X O . . . . . . .
10 . O O X X X O O O X . . .
 9 . X X . . X X X X . . . .
 8 . . . . . . . . . . . . .
 7 . . . . . . . . . . O2X3.
 6 . . . . . . . . . . X O .
 5 . . X . . . . . . X @ . .
 4 . . X . . . . . . X O . .
 3 . . O X X . . . . X O . .
 2 . . . O X . . . X1O . . .
 1 . . . . . . . . . . . . .

koPOSITIONALscoreAREAtaxNONEsui1komi0.5
Time taken: 0.5
Root visits: 497
New playouts: 451
NN rows: 378
NN batches: 42
NN avg batch size: 9
PlayoutDoublingAdvantage: 2.75
PV: L5 K6 M8 K11 L2 H12 A9 A8 A10 B8
Tree:
: T -117.73c W -99.99c S -17.60c (-43.1 L -43.1) N     497  --  L5 K6 M8 K11 L2 H12 A9
---White(^)---
L5  : T -117.46c W -99.99c S -17.37c (-42.8 L -42.8) LCB -117.93c P 61.07% WF 2497.8 PSV    2493 N     478  --  L5 K6 M8 K11 L2 H12 A9 A8
M8  : T -123.51c W -99.98c S -23.32c (-51.7 L -51.9) LCB -128.43c P 27.55% WF  84.3 PSV      87 N      15  --  M8 M5 L5 N6 K6 M6 K8
M5  : T -125.76c W -100.00c S -25.65c (-51.3 L -51.0) LCB -199.59c P  8.52% WF  19.0 PSV      20 N       3  --  M5 M8

2024-05-22 19:08:36+0800: = L5
2024-05-22 19:08:40+0800: Controller: kata-list_time_settings
2024-05-22 19:08:40+0800: = none absolute byoyomi canadian fischer fischer-capped
2024-05-22 19:08:40+0800: Controller: play black k6
2024-05-22 19:08:40+0800: = 
2024-05-22 19:08:40+0800: Controller: genmove white
2024-05-22 19:08:40+0800: MoveNum: 38 HASH: 18AE3125A834B51811B096BE59D7E244
   A B C D E F G H J K L M N
13 . . . . . . . . . . . . .
12 . . . O O . O . . . . . .
11 . O X O X O . . . . . . .
10 . O O X X X O O O X . . .
 9 . X X . . X X X X . . . .
 8 . . . . . . . . . . . @ .
 7 . . . . . . . . . . O X1.
 6 . . . . . . . . . X3X O .
 5 . . X . . . . . . X O2. .
 4 . . X . . . . . . X O . .
 3 . . O X X . . . . X O . .
 2 . . . O X . . . X O . . .
 1 . . . . . . . . . . . . .

koPOSITIONALscoreAREAtaxNONEsui1komi0.5
Time taken: 0.531
Root visits: 4019
New playouts: 508
NN rows: 378
NN batches: 45
NN avg batch size: 8.4
PlayoutDoublingAdvantage: 2.75
PV: M8 L2 M2 K1 K9 K7 N7 L9 K11 K8 A9 A8 A10 L11 B8 C8
Tree:
: T -118.87c W -99.99c S -18.74c (-43.5 L -43.6) N    4019  --  M8 L2 M2 K1 K9 K7 N7
---White(^)---
M8  : T -118.82c W -99.99c S -18.70c (-43.4 L -43.5) LCB -119.01c P 93.28% WF 22057.3 PSV   22053 N    4002  --  M8 L2 M2 K1 K9 K7 N7 L9
M5  : T -127.25c W -100.00c S -26.85c (-52.8 L -52.8) LCB -276.53c P  0.86% WF  13.2 PSV       8 N       2  --  M5 M8
N5  : T -126.31c W -100.00c S -26.32c (-52.3 L -53.6) LCB -476.31c P  0.64% WF   6.5 PSV       6 N       1  --  N5
N6  : T -125.97c W -100.00c S -25.97c (-51.7 L -52.9) LCB -475.97c P  0.49% WF   6.6 PSV       5 N       1  --  N6
B4  : T -130.13c W -100.00c S -30.14c (-62.2 L -63.6) LCB -480.13c P  0.36% WF   6.9 PSV       2 N       1  --  B4
N7  : T -128.74c W -99.99c S -28.74c (-57.9 L -59.1) LCB -478.74c P  0.32% WF   6.8 PSV       2 N       1  --  N7
B2  : T -129.96c W -100.00c S -29.97c (-61.7 L -63.1) LCB -479.96c P  0.31% WF   6.9 PSV       2 N       1  --  B2
J3  : T -129.62c W -99.99c S -29.64c (-61.0 L -62.2) LCB -479.72c P  0.22% WF   6.9 PSV       1 N       1  --  J3
M4  : T -129.18c W -100.00c S -29.19c (-58.5 L -59.6) LCB -479.18c P  0.22% WF   7.0 PSV       1 N       1  --  M4
K11 : T -129.21c W -99.99c S -29.22c (-58.7 L -60.0) LCB -479.21c P  0.21% WF   6.8 PSV       1 N       1  --  K11

2024-05-22 19:08:40+0800: = M8
2024-05-22 19:08:43+0800: Controller: kata-list_time_settings
2024-05-22 19:08:43+0800: = none absolute byoyomi canadian fischer fischer-capped
2024-05-22 19:08:43+0800: Controller: play black l2
2024-05-22 19:08:43+0800: = 
2024-05-22 19:08:43+0800: Controller: genmove white
2024-05-22 19:08:44+0800: MoveNum: 40 HASH: 0C6FE32BC456BE8D6FA7DB386847D687
   A B C D E F G H J K L M N
13 . . . . . . . . . . . . .
12 . . . O O . O . . . . . .
11 . O X O X O . . . . . . .
10 . O O X X X O O O X . . .
 9 . X X . . X X X X . . . .
 8 . . . . . . . . . . . O2.
 7 . . . . . . . . . . O X .
 6 . . . . . . . . . X1X O .
 5 . . X . . . . . . X O . .
 4 . . X . . . . . . X O . .
 3 . . O X X . . . . X O . .
 2 . . . O X . . . X O X3@ .
 1 . . . . . . . . . . . . .

koPOSITIONALscoreAREAtaxNONEsui1komi0.5
Time taken: 0.516
Root visits: 4249
New playouts: 559
NN rows: 362
NN batches: 43
NN avg batch size: 8.4186
PlayoutDoublingAdvantage: 2.75
PV: M2 K1 K9 K7 N7 L9 K11 K8 A9 A8 A10 B8 L11 M10 M11 N11 N12
Tree:
: T -118.96c W -99.99c S -18.80c (-43.6 L -43.7) N    4249  --  M2 K1 K9 K7 N7 L9 K11
---White(^)---
M2  : T -118.73c W -99.99c S -18.61c (-43.4 L -43.5) LCB -118.94c P 41.88% WF 20920.6 PSV   20852 N    3829  --  M2 K1 K9 K7 N7 L9 K11 K8
K9  : T -121.05c W -99.99c S -20.55c (-46.0 L -46.1) LCB -122.14c P 42.04% WF 1455.7 PSV    1496 N     269  --  K9 L8 N7 L9 M2 K8 A9 A8
N7  : T -120.48c W -99.99c S -20.38c (-45.1 L -45.1) LCB -121.21c P  8.28% WF 670.7 PSV     382 N     116  --  N7 K11 K9 H12 M11 J11
L9  : T -122.88c W -100.00c S -22.54c (-46.7 L -46.5) LCB -150.77c P  1.39% WF  30.2 PSV      28 N       5  --  L9 K9 M2 K1
B2  : T -121.96c W -99.99c S -21.70c (-47.0 L -47.2) LCB -149.91c P  0.98% WF  28.2 PSV      25 N       5  --  B2 M5 N7
K8  : T -121.17c W -100.00c S -21.07c (-45.6 L -45.5) LCB -134.92c P  0.65% WF  35.0 PSV      22 N       6  --  K8 K9 M2 K1 N7 B12 C12 A11
K11 : T -122.38c W -100.00c S -21.71c (-46.0 L -46.1) LCB -165.79c P  0.87% WF  22.8 PSV      20 N       4  --  K11 M5 N7
B4  : T -122.88c W -100.00c S -22.48c (-47.6 L -47.7) LCB -197.09c P  0.79% WF  17.4 PSV      16 N       3  --  B4 M5
K7  : T -122.15c W -99.99c S -21.82c (-47.5 L -47.7) LCB -271.24c P  0.34% WF  11.0 PSV       8 N       2  --  K7 M5
L11 : T -121.18c W -99.98c S -21.20c (-46.0 L -47.0) LCB -471.18c P  0.12% WF   5.9 PSV       4 N       1  --  L11

2024-05-22 19:08:44+0800: = M2
2024-05-22 19:08:47+0800: Controller: kata-list_time_settings
2024-05-22 19:08:47+0800: = none absolute byoyomi canadian fischer fischer-capped
2024-05-22 19:08:47+0800: Controller: play black k1
2024-05-22 19:08:47+0800: = 
2024-05-22 19:08:47+0800: Controller: genmove white
2024-05-22 19:08:47+0800: MoveNum: 42 HASH: 5961F93D334D2D494C886C4E8A2703D0
   A B C D E F G H J K L M N
13 . . . . . . . . . . . . .
12 . . . O O . O . . . . . .
11 . O X O X O . . . . . . .
10 . O O X X X O O O X . . .
 9 . X X . . X X X X @ . . .
 8 . . . . . . . . . . . O .
 7 . . . . . . . . . . O X .
 6 . . . . . . . . . X X O .
 5 . . X . . . . . . X O . .
 4 . . X . . . . . . X O . .
 3 . . O X X . . . . X O . .
 2 . . . O X . . . X . X1O2.
 1 . . . . . . . . . X3. . .

koPOSITIONALscoreAREAtaxNONEsui1komi0.5
Time taken: 0.516
Root visits: 5170
New playouts: 609
NN rows: 370
NN batches: 43
NN avg batch size: 8.60465
PlayoutDoublingAdvantage: 2.75
PV: K9 K7 N7 L9 K11 K8 A9 A8 A10 B8 L11 M10 M11 N11 N12 N10 L8
Tree:
: T -119.11c W -99.99c S -18.99c (-43.6 L -43.7) N    5170  --  K9 K7 N7 L9 K11 K8 A9
---White(^)---
K9  : T -118.96c W -99.99c S -18.83c (-43.5 L -43.6) LCB -119.16c P 49.59% WF 24508.8 PSV   24449 N    4507  --  K9 K7 N7 L9 K11 K8 A9 A8
N7  : T -119.93c W -99.99c S -19.85c (-44.3 L -44.4) LCB -120.37c P 37.58% WF 3201.1 PSV    3208 N     570  --  N7 L9 K8 K9 A9 A8 A10 B8
K8  : T -120.00c W -99.99c S -19.92c (-44.5 L -44.5) LCB -121.28c P  2.01% WF 163.4 PSV     162 N      29  --  K8 K9 N7 B12 C12 A11 J7
A9  : T -120.75c W -99.98c S -20.66c (-45.9 L -46.0) LCB -123.67c P  1.61% WF  83.1 PSV      81 N      15  --  A9 L9 N7 A8 K8 K9 A10 B8
B4  : T -121.68c W -99.99c S -21.56c (-46.8 L -46.9) LCB -126.94c P  1.82% WF  72.8 PSV      62 N      13  --  B4 M5 N7 M3 K9 L9
B2  : T -121.94c W -99.99c S -21.67c (-47.0 L -47.0) LCB -127.83c P  1.72% WF  61.5 PSV      54 N      11  --  B2 M5 N7 M3 K9 L9
K11 : T -122.72c W -100.00c S -22.12c (-46.3 L -46.0) LCB -142.68c P  1.22% WF  34.6 PSV      30 N       6  --  K11 M5 N7 M3
K7  : T -122.00c W -99.99c S -21.74c (-46.6 L -46.4) LCB -196.84c P  0.52% WF  17.1 PSV      16 N       3  --  K7 M5
L9  : T -122.84c W -99.99c S -22.09c (-46.1 L -46.1) LCB -273.04c P  0.49% WF  12.3 PSV      12 N       2  --  L9 K9
M4  : T -121.81c W -100.00c S -21.81c (-46.0 L -46.9) LCB -471.81c P  0.21% WF   6.1 PSV       6 N       1  --  M4

2024-05-22 19:08:47+0800: = K9
2024-05-22 19:08:50+0800: Controller: kata-list_time_settings
2024-05-22 19:08:50+0800: = none absolute byoyomi canadian fischer fischer-capped
2024-05-22 19:08:50+0800: Controller: play black k8
2024-05-22 19:08:50+0800: = 
2024-05-22 19:08:50+0800: Controller: genmove white
2024-05-22 19:08:51+0800: MoveNum: 44 HASH: C9284E0EB7D3942210A860E4D356B5F8
   A B C D E F G H J K L M N
13 . . . . . . . . . . . . .
12 . . . O O . O . . . . . .
11 . O X O X O . . . . . . .
10 . O O X X X O O O X . . .
 9 . X X . . X X X X O2@ . .
 8 . . . . . . . . . X3. O .
 7 . . . . . . . . . . O X .
 6 . . . . . . . . . X X O .
 5 . . X . . . . . . X O . .
 4 . . X . . . . . . X O . .
 3 . . O X X . . . . X O . .
 2 . . . O X . . . X . X O .
 1 . . . . . . . . . X1. . .

koPOSITIONALscoreAREAtaxNONEsui1komi0.5
Time taken: 0.516
Root visits: 2151
New playouts: 544
NN rows: 370
NN batches: 45
NN avg batch size: 8.22222
PlayoutDoublingAdvantage: 2.75
PV: L9 M5 N7 M3 A9 A8 A10 B7 K7 J7 N5 N4 N6 J8
Tree:
: T -119.19c W -99.99c S -19.13c (-43.2 L -43.3) N    2151  --  L9 M5 N7 M3 A9 A8 A10
---White(^)---
L9  : T -119.07c W -99.99c S -19.01c (-43.1 L -43.2) LCB -119.29c P 70.89% WF 11672.9 PSV   11663 N    2102  --  L9 M5 N7 M3 A9 A8 A10 B7
N7  : T -123.89c W -99.99c S -23.96c (-48.3 L -48.4) LCB -127.17c P 12.79% WF 131.3 PSV     135 N      23  --  N7 L9 A9 A8 K11
B4  : T -124.65c W -99.99c S -24.54c (-49.2 L -49.4) LCB -139.52c P  4.56% WF  41.9 PSV      42 N       7  --  B4 M5 N7 L9
B2  : T -124.36c W -99.98c S -24.37c (-49.1 L -49.7) LCB -152.81c P  3.03% WF  30.2 PSV      29 N       5  --  B2 L9 N7
K7  : T -124.07c W -99.98c S -24.24c (-48.6 L -48.8) LCB -167.21c P  2.44% WF  24.6 PSV      25 N       4  --  K7 J7 N7
A9  : T -123.60c W -99.98c S -23.55c (-48.0 L -47.7) LCB -167.51c P  1.83% WF  23.7 PSV      20 N       4  --  A9 L9
B3  : T -124.00c W -99.96c S -24.04c (-49.0 L -50.5) LCB -474.00c P  0.42% WF   6.1 PSV       4 N       1  --  B3
C2  : T -124.94c W -99.98c S -24.96c (-50.2 L -51.4) LCB -474.94c P  0.31% WF   6.4 PSV       2 N       1  --  C2
K11 : T -123.18c W -99.98c S -23.20c (-47.6 L -48.8) LCB -473.18c P  0.23% WF   5.9 PSV       2 N       1  --  K11
M4  : T -124.05c W -99.98c S -24.07c (-48.2 L -49.3) LCB -474.05c P  0.22% WF   6.3 PSV       2 N       1  --  M4

2024-05-22 19:08:51+0800: = L9
2024-05-22 19:08:54+0800: Controller: kata-list_time_settings
2024-05-22 19:08:54+0800: = none absolute byoyomi canadian fischer fischer-capped
2024-05-22 19:08:54+0800: Controller: play black l8
2024-05-22 19:08:54+0800: = 
2024-05-22 19:08:54+0800: Controller: genmove white
2024-05-22 19:08:54+0800: MoveNum: 46 HASH: 15E98A101733C5FCEB0073D716E64A6D
   A B C D E F G H J K L M N
13 . . . . . . . . . . . . .
12 . . . O O . O . . . . . .
11 . O X O X O . . . . . . .
10 . O O X X X O O O X . . .
 9 . X X . . X X X X O O2. .
 8 . . . . . . . . . X1X3O .
 7 . . . . . . . . . . O X @
 6 . . . . . . . . . X X O .
 5 . . X . . . . . . X O . .
 4 . . X . . . . . . X O . .
 3 . . O X X . . . . X O . .
 2 . . . O X . . . X . X O .
 1 . . . . . . . . . X . . .

koPOSITIONALscoreAREAtaxNONEsui1komi0.5
Time taken: 0.531
Root visits: 396
New playouts: 395
NN rows: 368
NN batches: 44
NN avg batch size: 8.36364
PlayoutDoublingAdvantage: 2.75
PV: N7 K7 M7 A9 A10 N2 M3 M1 N3
Tree:
: T -111.05c W -99.98c S -10.81c (-30.9 L -31.0) N     396  --  N7 K7 M7 A9 A10 N2 M3
---White(^)---
N7  : T -110.87c W -99.98c S -10.61c (-30.7 L -30.8) LCB -111.66c P 93.40% WF 1430.2 PSV    1429 N     392  --  N7 K7 M7 A9 A10 N2 M3 M1
M9  : T -124.99c W -99.91c S -25.08c (-45.0 L -46.5) LCB -474.99c P  2.30% WF   5.5 PSV       2 N       1  --  M9
M10 : T -124.80c W -99.93c S -24.87c (-44.6 L -46.0) LCB -474.80c P  0.98% WF   5.5 PSV       1 N       1  --  M10
L10 : T -124.97c W -99.92c S -25.05c (-43.9 L -45.1) LCB -474.97c P  0.47% WF   5.9 PSV       0 N       1  --  L10

2024-05-22 19:08:54+0800: = N7
2024-05-22 19:08:57+0800: Controller: kata-list_time_settings
2024-05-22 19:08:57+0800: = none absolute byoyomi canadian fischer fischer-capped
2024-05-22 19:08:57+0800: Controller: play black k7
2024-05-22 19:08:57+0800: = 
2024-05-22 19:08:57+0800: Controller: genmove white
2024-05-22 19:08:58+0800: MoveNum: 48 HASH: C44F13FFCFD23542D855BAE4E94F9281
   A B C D E F G H J K L M N
13 . . . . . . . . . . . . .
12 . . . O O . O . . . . . .
11 . O X O X O . . . . . . .
10 . O O X X X O O O X . . .
 9 . X X . . X X X X O O . .
 8 . . . . . . . . . X X1O .
 7 . . . . . . . . . X3O @ O2
 6 . . . . . . . . . X X O .
 5 . . X . . . . . . X O . .
 4 . . X . . . . . . X O . .
 3 . . O X X . . . . X O . .
 2 . . . O X . . . X . X O .
 1 . . . . . . . . . X . . .

koPOSITIONALscoreAREAtaxNONEsui1komi0.5
Time taken: 0.531
Root visits: 3461
New playouts: 481
NN rows: 398
NN batches: 46
NN avg batch size: 8.65217
PlayoutDoublingAdvantage: 2.75
PV: M7 M3 N3 N2 M4 M1 M3 M9 L10 M10 L11 N5 M5 A9 A10 M11 L12 M12
Tree:
: T -115.52c W -99.99c S -15.38c (-32.9 L -33.1) N    3461  --  M7 M3 N3 N2 M4 M1 M3
---White(^)---
M7  : T -115.49c W -99.99c S -15.36c (-33.0 L -33.1) LCB -115.76c P 54.53% WF 9872.8 PSV    9872 N    2189  --  M7 M3 N3 N2 M4 M1 M3 M9
M9  : T -115.37c W -99.99c S -15.24c (-32.7 L -32.9) LCB -115.82c P 24.48% WF 4829.9 PSV    4820 N    1032  --  M9 A9 A10 N2 M3 M1 N5 M7
M10 : T -116.17c W -99.99c S -15.93c (-33.0 L -33.1) LCB -116.97c P 16.11% WF 1036.2 PSV    1046 N     215  --  M10 A9 B2 B3 A10 N2 M1 M3
M4  : T -118.21c W -99.99c S -18.10c (-35.1 L -34.8) LCB -124.73c P  1.27% WF  40.1 PSV      28 N       9  --  M4 M9 L10 M7 N8
L10 : T -116.96c W -99.98c S -16.94c (-34.1 L -34.5) LCB -131.78c P  0.73% WF  28.3 PSV      27 N       6  --  L10 M7 M4
N8  : T -119.16c W -99.98c S -18.27c (-35.2 L -35.2) LCB -268.30c P  0.37% WF   9.4 PSV       6 N       2  --  N8 N2
M5  : T -118.51c W -99.97c S -18.54c (-35.9 L -36.7) LCB -468.51c P  0.15% WF   5.1 PSV       3 N       1  --  M5
N4  : T -118.44c W -99.98c S -17.39c (-34.6 L -34.7) LCB -268.71c P  0.13% WF   8.3 PSV       2 N       2  --  N4 M9
N9  : T -120.84c W -99.91c S -20.93c (-39.4 L -40.7) LCB -470.84c P  0.18% WF   5.0 PSV       2 N       1  --  N9
B4  : T -122.78c W -99.92c S -22.86c (-40.2 L -41.7) LCB -472.78c P  0.21% WF   5.7 PSV       1 N       1  --  B4

2024-05-22 19:08:58+0800: = M7
2024-05-22 19:09:01+0800: Controller: kata-list_time_settings
2024-05-22 19:09:01+0800: = none absolute byoyomi canadian fischer fischer-capped
2024-05-22 19:09:01+0800: Controller: play black m9
2024-05-22 19:09:01+0800: = 
2024-05-22 19:09:01+0800: Controller: genmove white
2024-05-22 19:09:02+0800: MoveNum: 50 HASH: BA8F570DF151162C8FB33EDB001D7B81
   A B C D E F G H J K L M N
13 . . . . . . . . . . . . .
12 . . . O O . O . . . . . .
11 . O X O X O . . . . . . .
10 . O O X X X O O O X @ . .
 9 . X X . . X X X X O O X3.
 8 . . . . . . . . . X X O .
 7 . . . . . . . . . X1O O2O
 6 . . . . . . . . . X X O .
 5 . . X . . . . . . X O . .
 4 . . X . . . . . . X O . .
 3 . . O X X . . . . X O . .
 2 . . . O X . . . X . X O .
 1 . . . . . . . . . X . . .

koPOSITIONALscoreAREAtaxNONEsui1komi0.5
Time taken: 0.5
Root visits: 2575
New playouts: 2423
NN rows: 362
NN batches: 44
NN avg batch size: 8.22727
PlayoutDoublingAdvantage: 2.75
PV: L10 M3 N3 N2 M4 M1 M3 N5 M5 M10 L11 A9 A10 M11 L12 M12 M13 N9 N12 N11 L13 L1 N8
Tree:
: T -115.73c W -99.98c S -15.58c (-33.2 L -33.3) N    2575  --  L10 M3 N3 N2 M4 M1 M3
---White(^)---
L10 : T -115.70c W -99.98c S -15.55c (-33.1 L -33.3) LCB -115.96c P 95.78% WF 11441.7 PSV   11440 N    2570  --  L10 M3 N3 N2 M4 M1 M3 N5
B4  : T -126.95c W -99.94c S -27.01c (-45.8 L -47.4) LCB -476.95c P  0.79% WF   6.4 PSV       3 N       1  --  B4
B2  : T -126.77c W -99.91c S -26.86c (-45.7 L -47.3) LCB -476.77c P  0.47% WF   6.5 PSV       2 N       1  --  B2
A9  : T -128.27c W -99.93c S -28.34c (-48.5 L -49.7) LCB -478.27c P  0.19% WF   6.7 PSV       0 N       1  --  A9
L12 : T -129.12c W -99.95c S -29.18c (-50.1 L -51.5) LCB -479.12c P  0.18% WF   6.8 PSV       0 N       1  --  L12

2024-05-22 19:09:02+0800: = L10
2024-05-22 19:09:04+0800: Controller: kata-list_time_settings
2024-05-22 19:09:04+0800: = none absolute byoyomi canadian fischer fischer-capped
2024-05-22 19:09:04+0800: Controller: play black m1
2024-05-22 19:09:05+0800: = 
2024-05-22 19:09:05+0800: Controller: genmove white
2024-05-22 19:09:05+0800: MoveNum: 52 HASH: 5A6F2583457A933C04C249DE947AC7B6
   A B C D E F G H J K L M N
13 . . . . . . . . . . . . .
12 . . . O O . O . . . . . .
11 . O X O X O . . . . . . .
10 . O O X X X O O O X O2. .
 9 . X X . . X X X X O O X1.
 8 . . . . . . . . . X X O .
 7 . . . . . . . . . X O O O
 6 . . . . . . . . . X X O .
 5 . . X . . . . . . X O . .
 4 . . X . . . . . . X O . .
 3 . . O X X . . . . X O . .
 2 . . . O X . . . X . X O @
 1 . . . . . . . . . X . X3.

koPOSITIONALscoreAREAtaxNONEsui1komi0.5
Time taken: 0.531
Root visits: 519
New playouts: 452
NN rows: 386
NN batches: 44
NN avg batch size: 8.77273
PlayoutDoublingAdvantage: 2.75
PV: N2 M3 M4 A10 A11 A9 N3 L1
Tree:
: T -114.16c W -99.99c S -14.04c (-29.1 L -29.3) N     519  --  N2 M3 M4 A10 A11 A9 N3
---White(^)---
N2  : T -113.77c W -99.99c S -13.68c (-28.8 L -29.0) LCB -114.10c P 44.98% WF 2280.4 PSV    2274 N     472  --  N2 M3 M4 A10 A11 A9 N3 L1
A9  : T -119.01c W -99.98c S -18.27c (-33.0 L -33.0) LCB -121.46c P 30.50% WF 101.5 PSV     106 N      25  --  A9 M10 L11 M3 M4 M11
M3  : T -117.16c W -100.00c S -16.84c (-30.9 L -31.0) LCB -124.41c P  8.65% WF  50.5 PSV      44 N      10  --  M3 A9 A10 N2 N3
B4  : T -118.12c W -99.99c S -18.09c (-32.7 L -33.1) LCB -146.82c P  5.42% WF  21.8 PSV      22 N       5  --  B4 M10 L11
B2  : T -119.76c W -99.99c S -19.45c (-33.9 L -34.1) LCB -194.71c P  4.00% WF  13.4 PSV      12 N       3  --  B2 M3
B3  : T -119.36c W -99.93c S -19.43c (-34.5 L -36.0) LCB -469.36c P  1.19% WF   4.7 PSV       3 N       1  --  B3
N3  : T -116.58c W -100.00c S -16.58c (-30.9 L -31.2) LCB -466.58c P  0.63% WF   5.4 PSV       3 N       1  --  N3
C2  : T -122.69c W -99.86c S -22.82c (-37.8 L -39.3) LCB -472.69c P  0.99% WF   5.4 PSV       2 N       1  --  C2

2024-05-22 19:09:05+0800: = N2
2024-05-22 19:09:08+0800: Controller: kata-list_time_settings
2024-05-22 19:09:08+0800: = none absolute byoyomi canadian fischer fischer-capped
2024-05-22 19:09:08+0800: Controller: play black a9
2024-05-22 19:09:08+0800: = 
2024-05-22 19:09:08+0800: Controller: genmove white
2024-05-22 19:09:09+0800: MoveNum: 54 HASH: A8CFA708DCC302A2563B11A34D5AF935
   A B C D E F G H J K L M N
13 . . . . . . . . . . . . .
12 . . . O O . O . . . . . .
11 . O X O X O . . . . . . .
10 @ O O X X X O O O X O . .
 9 X3X X . . X X X X O O X .
 8 . . . . . . . . . X X O .
 7 . . . . . . . . . X O O O
 6 . . . . . . . . . X X O .
 5 . . X . . . . . . X O . .
 4 . . X . . . . . . X O . .
 3 . . O X X . . . . X O . .
 2 . . . O X . . . X . X O O2
 1 . . . . . . . . . X . X1.

koPOSITIONALscoreAREAtaxNONEsui1komi0.5
Time taken: 0.531
Root visits: 910
New playouts: 524
NN rows: 383
NN batches: 48
NN avg batch size: 7.97917
PlayoutDoublingAdvantage: 2.75
PV: A10 L1 K11 N1 M3 C2 C12
Tree:
: T -114.59c W -99.99c S -14.47c (-28.5 L -28.6) N     910  --  A10 L1 K11 N1 M3 C2 C12
---White(^)---
A10 : T -114.30c W -99.99c S -14.18c (-28.2 L -28.3) LCB -114.55c P 41.20% WF 3582.0 PSV    3572 N     682  --  A10 L1 K11 N1 M3 C2 C12
B2  : T -115.59c W -99.98c S -15.38c (-29.4 L -29.6) LCB -117.07c P 20.00% WF 391.3 PSV     353 N      83  --  B2 B12 B4 D1 C2 A2 A3 B1
A11 : T -114.28c W -100.00c S -14.23c (-28.0 L -28.1) LCB -114.89c P  2.99% WF 273.9 PSV     183 N      48  --  A11 L1 A10 N1 M3 C2
B3  : T -115.03c W -99.99c S -15.11c (-28.8 L -29.1) LCB -116.30c P  7.57% WF 175.2 PSV     160 N      35  --  B3 D1 A10 L1 M3
B4  : T -115.66c W -99.98c S -15.50c (-29.4 L -29.7) LCB -117.95c P 10.16% WF 155.9 PSV     148 N      33  --  B4 B12 B2 D1 C2 A2 A3 B1
C1  : T -115.75c W -99.98c S -15.69c (-29.5 L -29.9) LCB -122.45c P  3.01% WF  51.1 PSV      48 N      11  --  C1 B12 B3 E1
C2  : T -118.25c W -99.94c S -18.07c (-31.7 L -32.4) LCB -128.07c P  5.16% WF  39.0 PSV      33 N       9  --  C2 B12 B4 B5 A3
C12 : T -116.95c W -100.00c S -16.95c (-29.9 L -29.7) LCB -466.95c P  0.72% WF   6.1 PSV       6 N       1  --  C12
A12 : T -117.07c W -100.00c S -17.07c (-30.0 L -30.0) LCB -467.51c P  0.70% WF   6.1 PSV       5 N       1  --  A12
B12 : T -117.06c W -100.00c S -17.06c (-30.0 L -29.8) LCB -467.33c P  0.60% WF   6.2 PSV       5 N       1  --  B12

2024-05-22 19:09:09+0800: = A10
2024-05-22 19:09:11+0800: Controller: kata-list_time_settings
2024-05-22 19:09:11+0800: = none absolute byoyomi canadian fischer fischer-capped
2024-05-22 19:09:11+0800: Controller: play black c2
2024-05-22 19:09:11+0800: = 
2024-05-22 19:09:11+0800: Controller: genmove white
2024-05-22 19:09:12+0800: MoveNum: 56 HASH: 01F0E054F1DD1E422FB43248ED713140
   A B C D E F G H J K L M N
13 . . . . . . . . . . . . .
12 . . . O O . O . . . . . .
11 . O X O X O . . . . . . .
10 O2O O X X X O O O X O . .
 9 X1X X . . X X X X O O X .
 8 . . . . . . . . . X X O .
 7 . . . . . . . . . X O O O
 6 . . . . . . . . . X X O .
 5 . . X . . . . . . X O . .
 4 . . X . . . . . . X O . .
 3 . . O X X . . . . X O @ .
 2 . . X3O X . . . X . X O O
 1 . . . . . . . . . X . X .

koPOSITIONALscoreAREAtaxNONEsui1komi0.5
Time taken: 0.516
Root visits: 512
New playouts: 493
NN rows: 389
NN batches: 48
NN avg batch size: 8.10417
PlayoutDoublingAdvantage: 2.75
PV: M3 L1 N1 D1 K11 B3 M10
Tree:
: T -114.41c W -99.99c S -14.20c (-25.9 L -26.1) N     512  --  M3 L1 N1 D1 K11 B3 M10
---White(^)---
M3  : T -114.30c W -100.00c S -14.08c (-25.8 L -26.0) LCB -114.49c P 56.42% WF 2353.0 PSV    2352 N     418  --  M3 L1 N1 D1 K11 B3 M10
M4  : T -114.17c W -100.00c S -13.91c (-25.7 L -25.8) LCB -115.51c P  9.52% WF 208.1 PSV     183 N      36  --  M4 L1 N1 D1 K11
N4  : T -114.00c W -100.00c S -13.76c (-25.6 L -25.7) LCB -115.66c P  6.07% WF 162.4 PSV     138 N      28  --  N4 D1 N1 L1 M10
D8  : T -115.86c W -99.41c S -16.21c (-27.5 L -28.0) LCB -145.53c P  2.56% WF  23.5 PSV      20 N       5  --  D8 L1 D9
B2  : T -115.74c W -99.99c S -15.83c (-27.0 L -27.3) LCB -159.15c P  2.05% WF  20.3 PSV      17 N       4  --  B2 L1
D9  : T -116.49c W -99.86c S -16.66c (-27.8 L -28.3) LCB -160.19c P  2.47% WF  19.6 PSV      15 N       4  --  D9 L1 D8
M5  : T -117.38c W -100.00c S -17.19c (-27.8 L -27.9) LCB -266.33c P  1.85% WF  11.6 PSV      10 N       2  --  M5 L1
K11 : T -117.40c W -100.00c S -17.32c (-27.9 L -28.1) LCB -266.35c P  1.48% WF  11.7 PSV       8 N       2  --  K11 L1
C1  : T -116.78c W -99.99c S -16.92c (-27.8 L -28.0) LCB -266.59c P  1.46% WF  10.7 PSV       8 N       2  --  C1 L1
G11 : T -117.68c W -100.00c S -17.59c (-28.2 L -28.2) LCB -266.63c P  1.19% WF  11.6 PSV       6 N       2  --  G11 L1

2024-05-22 19:09:12+0800: = M3
2024-05-22 19:09:15+0800: Controller: kata-list_time_settings
2024-05-22 19:09:15+0800: = none absolute byoyomi canadian fischer fischer-capped
2024-05-22 19:09:15+0800: Controller: play black l1
2024-05-22 19:09:15+0800: = 
2024-05-22 19:09:15+0800: Controller: genmove white
2024-05-22 19:09:15+0800: MoveNum: 58 HASH: B58176424396BFBF3C58D04C671BE349
   A B C D E F G H J K L M N
13 . . . . . . . . . . . . .
12 . . . O O . O . . . . . .
11 . O X O X O . . . . . . .
10 O O O X X X O O O X O . .
 9 X X X . . X X X X O O X .
 8 . . . . . . . . . X X O .
 7 . . . . . . . . . X O O O
 6 . . . . . . . . . X X O .
 5 . . X . . . . . . X O . .
 4 . . X . . . . . . X O . .
 3 . . O X X . . . . X O O2.
 2 . . X1O X . . . X . X O O
 1 . . . . . . . . . X X3X @

koPOSITIONALscoreAREAtaxNONEsui1komi0.5
Time taken: 0.5
Root visits: 1855
New playouts: 738
NN rows: 375
NN batches: 43
NN avg batch size: 8.72093
PlayoutDoublingAdvantage: 2.75
PV: N1 D1 K11 B3 C12 pass M10 pass
Tree:
: T -114.07c W -99.99c S -13.92c (-25.9 L -26.0) N    1855  --  N1 D1 K11 B3 C12 pass M10
---White(^)---
N1  : T -113.92c W -100.00c S -13.76c (-25.7 L -25.9) LCB -114.04c P 52.63% WF 9893.1 PSV    9883 N    1729  --  N1 D1 K11 B3 C12 pass M10 pass
J1  : T -114.49c W -100.00c S -14.47c (-26.1 L -26.3) LCB -115.92c P  6.37% WF 241.6 PSV     188 N      43  --  J1 D1 N1 K2 K11
D8  : T -116.76c W -99.88c S -16.77c (-27.9 L -28.0) LCB -121.95c P  5.30% WF  68.0 PSV      67 N      13  --  D8 N1 D9 B7 C7 B8
B2  : T -117.07c W -99.98c S -17.01c (-28.0 L -28.1) LCB -122.64c P  5.39% WF  65.1 PSV      63 N      12  --  B2 N1 C1 B3 K11
D9  : T -117.24c W -99.94c S -17.19c (-28.1 L -28.4) LCB -123.95c P  4.38% WF  52.6 PSV      48 N      10  --  D9 N1 D8 B7 C7 B8
C1  : T -117.16c W -99.98c S -17.01c (-28.0 L -28.1) LCB -125.51c P  4.20% WF  48.5 PSV      47 N       9  --  C1 N1 B2 B3 K11
K11 : T -117.15c W -100.00c S -17.02c (-27.8 L -27.9) LCB -160.84c P  1.77% WF  22.5 PSV      23 N       4  --  K11 N1 C12
C8  : T -118.06c W -100.00c S -17.99c (-28.6 L -28.6) LCB -161.38c P  2.29% WF  23.2 PSV      21 N       4  --  C8 N1 K11
G11 : T -117.45c W -100.00c S -17.34c (-28.1 L -28.1) LCB -161.82c P  1.60% WF  22.0 PSV      19 N       4  --  G11 N1 K11
F12 : T -117.26c W -100.00c S -17.09c (-27.9 L -28.0) LCB -162.41c P  1.52% WF  21.7 PSV      19 N       4  --  F12 N1 K11

2024-05-22 19:09:15+0800: = N1
2024-05-22 19:09:18+0800: Controller: kata-list_time_settings
2024-05-22 19:09:18+0800: = none absolute byoyomi canadian fischer fischer-capped
2024-05-22 19:09:18+0800: Controller: play black d9
2024-05-22 19:09:18+0800: = 
2024-05-22 19:09:18+0800: Controller: genmove white
2024-05-22 19:09:19+0800: MoveNum: 60 HASH: 4B417B2CF28A85755082BF437EFC50B7
   A B C D E F G H J K L M N
13 . . . . . . . . . . . . .
12 . . . O O . O . . . . . .
11 . O X O X O . . . @ . . .
10 O O O X X X O O O X O . .
 9 X X X X3. X X X X O O X .
 8 . . . . . . . . . X X O .
 7 . . . . . . . . . X O O O
 6 . . . . . . . . . X X O .
 5 . . X . . . . . . X O . .
 4 . . X . . . . . . X O . .
 3 . . O X X . . . . X O O .
 2 . . X O X . . . X . X O O
 1 . . . . . . . . . X X1X O2

koPOSITIONALscoreAREAtaxNONEsui1komi0.5
Time taken: 0.516
Root visits: 1275
New playouts: 1052
NN rows: 375
NN batches: 46
NN avg batch size: 8.15217
PlayoutDoublingAdvantage: 2.75
PV: K11 B3 C12 D1 M10 pass N9
Tree:
: T -114.10c W -100.00c S -14.02c (-25.5 L -25.8) N    1275  --  K11 B3 C12 D1 M10 pass N9
---White(^)---
K11 : T -114.10c W -100.00c S -14.05c (-25.5 L -25.8) LCB -114.22c P 21.01% WF 1996.5 PSV    1996 N     345  --  K11 B3 C12 D1 M10 pass N9
M10 : T -114.07c W -100.00c S -14.07c (-25.5 L -25.9) LCB -114.23c P 10.02% WF 1026.1 PSV    1026 N     177  --  M10 B3 K11 D1 N9 J1
C12 : T -114.09c W -100.00c S -14.02c (-25.5 L -25.8) LCB -114.26c P  9.74% WF 1023.6 PSV     959 N     178  --  C12 D1 K11 B3 M10 pass N9
pss : T -114.13c W -100.00c S -14.02c (-25.5 L -25.7) LCB -114.38c P  7.70% WF 710.0 PSV     681 N     122  --  pass B3 K11 D1 C12
M5  : T -114.22c W -100.00c S -14.12c (-25.6 L -25.9) LCB -114.47c P  6.74% WF 493.6 PSV     482 N      85  --  M5 D1 K11 B3 C12
N9  : T -114.10c W -100.00c S -14.05c (-25.5 L -25.8) LCB -114.33c P  3.98% WF 422.8 PSV     375 N      73  --  N9 D1 C12 B3 M10
F12 : T -114.13c W -100.00c S -14.05c (-25.5 L -25.7) LCB -114.56c P  2.66% WF 249.1 PSV     231 N      43  --  F12 D1 K11 B3 C12
G11 : T -114.58c W -100.00c S -13.99c (-25.5 L -25.7) LCB -115.24c P  3.55% WF 156.5 PSV     147 N      27  --  G11 D1 K11 B3 C12
A11 : T -113.74c W -100.00c S -13.71c (-25.3 L -25.4) LCB -119.50c P  1.28% WF  64.2 PSV      61 N      11  --  A11 D1 C12
M11 : T -114.20c W -100.00c S -14.08c (-25.5 L -25.7) LCB -118.52c P  1.07% WF  76.4 PSV      60 N      13  --  M11 D1 K11

2024-05-22 19:09:19+0800: = K11
2024-05-22 19:09:22+0800: Controller: kata-list_time_settings
2024-05-22 19:09:22+0800: = none absolute byoyomi canadian fischer fischer-capped
2024-05-22 19:09:22+0800: Controller: play black b3
2024-05-22 19:09:22+0800: = 
2024-05-22 19:09:22+0800: Controller: genmove white
2024-05-22 19:09:22+0800: MoveNum: 62 HASH: F84D4A5F558432BAE7BE613F99C0538B
   A B C D E F G H J K L M N
13 . . . . . . . . . . . . .
12 . . . O O . O . . . . . .
11 . O X O X O . . . O2. . .
10 O O O X X X O O O . O @ .
 9 X X X X1. X X X X O O X .
 8 . . . . . . . . . X X O .
 7 . . . . . . . . . X O O O
 6 . . . . . . . . . X X O .
 5 . . X . . . . . . X O . .
 4 . . X . . . . . . X O . .
 3 . X3. X X . . . . X O O .
 2 . . X O X . . . X . X O O
 1 . . . . . . . . . X X X O

koPOSITIONALscoreAREAtaxNONEsui1komi0.5
Time taken: 0.547
Root visits: 2034
New playouts: 748
NN rows: 402
NN batches: 46
NN avg batch size: 8.73913
PlayoutDoublingAdvantage: 2.75
PV: M10 D1 N9 pass C12 pass pass
Tree:
: T -114.16c W -99.95c S -14.07c (-25.7 L -25.8) N    2034  --  M10 D1 N9 pass C12 pass pass
---White(^)---
M10 : T -114.15c W -100.00c S -14.04c (-25.6 L -25.9) LCB -114.33c P  5.50% WF 1037.3 PSV    4769 N     180  --  M10 D1 N9 pass C12 pass pass
pss : T -113.89c W -99.71c S -13.92c (-25.7 L -25.9) LCB -116.26c P 12.37% WF 1966.5 PSV    1959 N     337  --  pass D1 C12 pass N9 pass M10 pass
C12 : T -114.31c W -100.00c S -14.16c (-25.7 L -25.9) LCB -114.58c P 13.72% WF 1901.7 PSV    1052 N     327  --  C12 D1 M10 pass N9 pass pass
N9  : T -114.22c W -100.00c S -14.11c (-25.6 L -25.8) LCB -114.40c P  6.35% WF 1030.7 PSV     548 N     177  --  N9 D1 C12 pass M10 pass pass
L11 : T -114.16c W -100.00c S -14.08c (-25.6 L -25.8) LCB -114.35c P  3.61% WF 585.3 PSV     338 N     100  --  L11 D1 C12 pass M10 pass
M5  : T -114.77c W -100.00c S -14.19c (-25.7 L -25.8) LCB -115.00c P  6.87% WF 386.6 PSV     334 N      66  --  M5 D1 C12 pass M10 pass
K10 : T -114.15c W -100.00c S -14.06c (-25.6 L -25.8) LCB -114.34c P  3.43% WF 591.6 PSV     328 N     101  --  K10 D1 C12 pass M10 pass
G11 : T -114.21c W -100.00c S -14.11c (-25.7 L -25.8) LCB -114.40c P  3.47% WF 568.9 PSV     301 N      97  --  G11 D1 C12 pass M5
J11 : T -114.18c W -100.00c S -14.12c (-25.7 L -25.7) LCB -114.40c P  3.17% WF 495.3 PSV     288 N      84  --  J11 D1 C12 pass M10
F12 : T -114.23c W -100.00c S -14.15c (-25.7 L -25.8) LCB -114.45c P  3.23% WF 451.8 PSV     273 N      77  --  F12 D1 C12 pass M5

2024-05-22 19:09:22+0800: = M10
2024-05-22 19:09:26+0800: Controller: quit
2024-05-22 19:09:26+0800: Quit requested by controller
2024-05-22 19:09:26+0800: = 
2024-05-22 19:09:26+0800: GPU -1 finishing, processed 82770 rows 8564 batches
2024-05-22 19:09:26+0800: All cleaned up, quitting
