2024-05-21 18:35:41+0800: Running with following config:
allowResignation = true
lagBuffer = 1.0
logAllGTPCommunication = true
logDir = gtp_logs
logSearchInfo = true
logSearchInfoForChosenMove = false
logToStderr = false
maxTime = 0.5
maxTimePondering = 60.0
numSearchThreads = 16
ogsChatToStderr = true
ponderingEnabled = true
resignConsecTurns = 3
resignThreshold = -0.90
rules = tromp-taylor
searchFactorAfterOnePass = 0.50
searchFactorAfterTwoPass = 0.25
searchFactorWhenWinning = 0.40
searchFactorWhenWinningThreshold = 0.95

2024-05-21 18:35:41+0800: GTP Engine starting...
2024-05-21 18:35:41+0800: KataGo v1.14.1
2024-05-21 18:35:41+0800: Using TrompTaylor rules initially, unless GTP/GUI overrides this
2024-05-21 18:35:41+0800: Using 16 CPU thread(s) for search
2024-05-21 18:35:41+0800: nnRandSeed0 = 15700150673253994890
2024-05-21 18:35:41+0800: After dedups: nnModelFile0 = C:\Users\chang\Downloads\KaTrain\KaTrain\katrain\models/kata1-b18c384nbt-s6582191360-d3422816034.bin.gz useFP16 auto useNHWC auto
2024-05-21 18:35:41+0800: Initializing neural net buffer to be size 19 * 19 exactly
2024-05-21 18:35:42+0800: Found OpenCL Platform 0: NVIDIA CUDA (NVIDIA Corporation) (OpenCL 3.0 CUDA 12.4.89)
2024-05-21 18:35:42+0800: Found 1 device(s) on platform 0 with type CPU or GPU or Accelerator
2024-05-21 18:35:42+0800: Found OpenCL Platform 1: Intel(R) OpenCL Graphics (Intel(R) Corporation) (OpenCL 3.0 )
2024-05-21 18:35:42+0800: Found 1 device(s) on platform 1 with type CPU or GPU or Accelerator
2024-05-21 18:35:42+0800: Found OpenCL Device 0: NVIDIA GeForce RTX 4060 Laptop GPU (NVIDIA Corporation) (score 11000300)
2024-05-21 18:35:42+0800: Found OpenCL Device 1: Intel(R) UHD Graphics (Intel(R) Corporation) (score 6000300)
2024-05-21 18:35:42+0800: Creating context for OpenCL Platform: NVIDIA CUDA (NVIDIA Corporation) (OpenCL 3.0 CUDA 12.4.89)
2024-05-21 18:35:42+0800: Using OpenCL Device 0: NVIDIA GeForce RTX 4060 Laptop GPU (NVIDIA Corporation) OpenCL 3.0 CUDA (Extensions: cl_khr_global_int32_base_atomics cl_khr_global_int32_extended_atomics cl_khr_local_int32_base_atomics cl_khr_local_int32_extended_atomics cl_khr_fp64 cl_khr_3d_image_writes cl_khr_byte_addressable_store cl_khr_icd cl_khr_gl_sharing cl_nv_compiler_options cl_nv_device_attribute_query cl_nv_pragma_unroll cl_nv_d3d10_sharing cl_khr_d3d10_sharing cl_nv_d3d11_sharing cl_nv_copy_opts cl_nv_create_buffer cl_khr_int64_base_atomics cl_khr_int64_extended_atomics cl_khr_device_uuid cl_khr_pci_bus_info cl_khr_external_semaphore cl_khr_external_memory cl_khr_external_semaphore_win32 cl_khr_external_memory_win32)
2024-05-21 18:35:42+0800: Loaded tuning parameters from: C:\Users\chang\Downloads\katago-v1.14.1-opencl-windows-x64/KataGoData/opencltuning/tune11_gpuNVIDIAGeForceRTX4060LaptopGPU_x19_y19_c384_mv14.txt
2024-05-21 18:35:42+0800: OpenCL backend thread 0: Model version 14
2024-05-21 18:35:42+0800: OpenCL backend thread 0: Model name: kata1-b18c384nbt-s6582191360-d3422816034
2024-05-21 18:35:43+0800: OpenCL backend thread 0: FP16Storage true FP16Compute false FP16TensorCores true FP16TensorCoresFor1x1 false
2024-05-21 18:35:43+0800: Loaded neural net with nnXLen 19 nnYLen 19
2024-05-21 18:35:43+0800: Initializing board with boardXSize 19 boardYSize 19
2024-05-21 18:35:43+0800: Loaded config C:/Users/chang/Downloads/katago-v1.14.1-opencl-windows-x64/lizgoban.cfg
2024-05-21 18:35:43+0800: Loaded model C:\Users\chang\Downloads\KaTrain\KaTrain\katrain\models/kata1-b18c384nbt-s6582191360-d3422816034.bin.gz
2024-05-21 18:35:43+0800: Model name: kata1-b18c384nbt-s6582191360-d3422816034
2024-05-21 18:35:43+0800: GTP ready, beginning main protocol loop
2024-05-21 18:35:43+0800: Controller: list_commands
2024-05-21 18:35:43+0800: = protocol_version
name
version
known_command
list_commands
quit
boardsize
rectangular_boardsize
clear_board
set_position
komi
get_komi
play
undo
kata-get-rules
kata-set-rule
kata-set-rules
kata-get-param
kata-set-param
kata-list-params
kgs-rules
genmove
genmove_debug
search_debug
clear_cache
showboard
fixed_handicap
place_free_handicap
set_free_handicap
time_settings
kgs-time_settings
time_left
kata-list_time_settings
kata-time_settings
final_score
final_status_list
loadsgf
printsgf
lz-genmove_analyze
kata-genmove_analyze
lz-analyze
kata-analyze
kata-raw-nn
cputime
gomill-cpu_time
kata-benchmark
kata-debug-print-tc
debug_moves
stop
2024-05-21 18:35:43+0800: Controller: boardsize 9
2024-05-21 18:35:43+0800: GPU -1 finishing, processed 0 rows 0 batches
2024-05-21 18:35:43+0800: Cleaned up old neural net and bot
2024-05-21 18:35:43+0800: nnRandSeed0 = 17580724466749765867
2024-05-21 18:35:43+0800: After dedups: nnModelFile0 = C:\Users\chang\Downloads\KaTrain\KaTrain\katrain\models/kata1-b18c384nbt-s6582191360-d3422816034.bin.gz useFP16 auto useNHWC auto
2024-05-21 18:35:43+0800: Initializing neural net buffer to be size 9 * 9 exactly
2024-05-21 18:35:44+0800: Found OpenCL Platform 0: NVIDIA CUDA (NVIDIA Corporation) (OpenCL 3.0 CUDA 12.4.89)
2024-05-21 18:35:44+0800: Found 1 device(s) on platform 0 with type CPU or GPU or Accelerator
2024-05-21 18:35:44+0800: Found OpenCL Platform 1: Intel(R) OpenCL Graphics (Intel(R) Corporation) (OpenCL 3.0 )
2024-05-21 18:35:44+0800: Found 1 device(s) on platform 1 with type CPU or GPU or Accelerator
2024-05-21 18:35:44+0800: Found OpenCL Device 0: NVIDIA GeForce RTX 4060 Laptop GPU (NVIDIA Corporation) (score 11000300)
2024-05-21 18:35:44+0800: Found OpenCL Device 1: Intel(R) UHD Graphics (Intel(R) Corporation) (score 6000300)
2024-05-21 18:35:44+0800: Creating context for OpenCL Platform: NVIDIA CUDA (NVIDIA Corporation) (OpenCL 3.0 CUDA 12.4.89)
2024-05-21 18:35:44+0800: Using OpenCL Device 0: NVIDIA GeForce RTX 4060 Laptop GPU (NVIDIA Corporation) OpenCL 3.0 CUDA (Extensions: cl_khr_global_int32_base_atomics cl_khr_global_int32_extended_atomics cl_khr_local_int32_base_atomics cl_khr_local_int32_extended_atomics cl_khr_fp64 cl_khr_3d_image_writes cl_khr_byte_addressable_store cl_khr_icd cl_khr_gl_sharing cl_nv_compiler_options cl_nv_device_attribute_query cl_nv_pragma_unroll cl_nv_d3d10_sharing cl_khr_d3d10_sharing cl_nv_d3d11_sharing cl_nv_copy_opts cl_nv_create_buffer cl_khr_int64_base_atomics cl_khr_int64_extended_atomics cl_khr_device_uuid cl_khr_pci_bus_info cl_khr_external_semaphore cl_khr_external_memory cl_khr_external_semaphore_win32 cl_khr_external_memory_win32)
2024-05-21 18:35:44+0800: Loaded tuning parameters from: C:\Users\chang\Downloads\katago-v1.14.1-opencl-windows-x64/KataGoData/opencltuning/tune11_gpuNVIDIAGeForceRTX4060LaptopGPU_x19_y19_c384_mv14.txt
2024-05-21 18:35:44+0800: OpenCL backend thread 0: Model version 14
2024-05-21 18:35:44+0800: OpenCL backend thread 0: Model name: kata1-b18c384nbt-s6582191360-d3422816034
2024-05-21 18:35:45+0800: OpenCL backend thread 0: FP16Storage true FP16Compute false FP16TensorCores true FP16TensorCoresFor1x1 false
2024-05-21 18:35:45+0800: Loaded neural net with nnXLen 9 nnYLen 9
2024-05-21 18:35:45+0800: Initializing board with boardXSize 9 boardYSize 9
2024-05-21 18:35:45+0800: = 
2024-05-21 18:35:45+0800: Controller: clear_board
2024-05-21 18:35:45+0800: = 
2024-05-21 18:35:45+0800: Controller: komi 6.5
2024-05-21 18:35:45+0800: = 
2024-05-21 18:35:45+0800: Controller: play black c3
2024-05-21 18:35:45+0800: = 
2024-05-21 18:35:45+0800: Controller: genmove white
2024-05-21 18:35:46+0800: MoveNum: 1 HASH: 4905FA01B64B5746A734D7DB68B6CDEB
   A B C D E F G H J
 9 . . . . . . . . .
 8 . . . . . . . . .
 7 . . . . . . . . .
 6 . . . . . . . . .
 5 . . . . . . . . .
 4 . . . @ . . . . .
 3 . . X1. . . . . .
 2 . . . . . . . . .
 1 . . . . . . . . .

koPOSITIONALscoreAREAtaxNONEsui1komi6.5
Time taken: 0.75
Root visits: 298
New playouts: 298
NN rows: 295
NN batches: 33
NN avg batch size: 8.93939
PV: D4 D6 E6 E7 F7 D7 F6
Tree:
: T  15.65c W  16.70c S  -0.14c ( +0.5 L  +0.6) N     298  --  D4 D6 E6 E7 F7 D7 F6
---White(^)---
D4  : T  18.98c W  19.24c S   0.09c ( +0.6 L  +0.7) LCB    7.40c P 45.28% WF 109.5 PSV     108 N     144  --  D4 D6 E6 E7 F7 D7 F6
F6  : T  17.48c W  20.40c S  -0.08c ( +0.6 L  +0.5) LCB    2.74c P 19.63% WF  51.9 PSV      38 N      60  --  F6 F4 D6 G6 G7 G5 H7 C5
D6  : T  20.24c W  18.37c S  -0.19c ( +0.5 L  +0.5) LCB    1.99c P  3.54% WF  27.3 PSV      10 N      32  --  D6 E5 E6 F6 F5 F7 G5
E6  : T  -1.07c W   3.71c S  -0.85c ( +0.2 L  +0.4) LCB  -19.80c P 13.30% WF  15.1 PSV       8 N      18  --  E6 F4 G6 G5 E4 E3 D4
F7  : T -12.60c W  -8.74c S  -1.18c ( +0.0 L  +0.3) LCB -162.51c P  0.47% WF   2.0 PSV       0 N       2  --  F7 F4
D7  : T  -3.82c W  -4.04c S  -1.10c ( +0.1 L  +0.4) LCB -152.87c P  0.27% WF   1.4 PSV       0 N       2  --  D7 F4
E7  : T -37.63c W -35.03c S  -2.60c ( -0.6 L  +0.1) LCB -387.63c P  0.60% WF   1.0 PSV       0 N       1  --  E7
D5  : T -22.86c W -20.04c S  -2.82c ( -0.8 L  -0.0) LCB -372.86c P  0.28% WF   1.2 PSV       0 N       1  --  D5
C6  : T -27.27c W -24.38c S  -2.89c ( -0.9 L  -0.0) LCB -377.27c P  0.22% WF   1.0 PSV       0 N       1  --  C6
E5  : T -58.69c W -55.17c S  -3.53c ( -1.1 L  -0.2) LCB -408.69c P  0.17% WF   0.7 PSV       0 N       1  --  E5

2024-05-21 18:35:46+0800: = D4
2024-05-21 18:36:01+0800: Controller: kata-list_time_settings
2024-05-21 18:36:01+0800: = none absolute byoyomi canadian fischer fischer-capped
2024-05-21 18:36:01+0800: Controller: play black g4
2024-05-21 18:36:01+0800: = 
2024-05-21 18:36:01+0800: Controller: genmove white
2024-05-21 18:36:01+0800: MoveNum: 3 HASH: E8F314960483E905F23237456A6B800B
   A B C D E F G H J
 9 . . . . . . . . .
 8 . . . . . . . . .
 7 . . . . . . . . .
 6 . . . . . . . . .
 5 . . . . . . . . .
 4 . . . O2. . X3. .
 3 . . X1@ . . . . .
 2 . . . . . . . . .
 1 . . . . . . . . .

koPOSITIONALscoreAREAtaxNONEsui1komi6.5
Time taken: 0.5
Root visits: 305
New playouts: 304
NN rows: 287
NN batches: 31
NN avg batch size: 9.25806
PV: D3 D6 E6 E7 F6 D5 C4 E5 F7 E8
Tree:
: T  32.04c W  34.60c S  -0.46c ( +1.2 L  +1.2) N     305  --  D3 D6 E6 E7 F6 D5 C4
---White(^)---
D3  : T  54.32c W  51.63c S   0.87c ( +1.8 L  +1.7) LCB   36.40c P 20.97% WF  67.0 PSV      60 N      74  --  D3 D6 E6 E7 F6 D5 C4 E5
D6  : T  14.77c W  20.15c S  -1.24c ( +0.8 L  +0.8) LCB  -17.28c P 29.65% WF  36.8 PSV      12 N      51  --  D6 D3 F4 F3 G5 G3 H5 D7
C4  : T  19.25c W  27.00c S  -1.23c ( +0.8 L  +0.8) LCB   -2.68c P 15.62% WF  27.2 PSV       7 N      37  --  C4 F6 F3 C6 F4 G5 D6 D7
F6  : T  10.28c W  22.34c S  -1.21c ( +0.7 L  +0.9) LCB  -11.30c P 11.10% WF  12.6 PSV       4 N      17  --  F6 E5 F5 F4 E4 E6 F7 E7
F3  : T  37.56c W  38.36c S  -0.48c ( +1.2 L  +1.1) LCB   15.54c P  3.86% WF  36.9 PSV       3 N      45  --  F3 F6 C4 C6 F4 G5 D6 D7
F5  : T  14.99c W  21.28c S  -1.34c ( +0.8 L  +0.8) LCB  -21.82c P  8.62% WF   6.8 PSV       3 N       9  --  F5 F4 E4 G5 F6 G6 C4
C6  : T  17.50c W  24.53c S  -1.42c ( +0.7 L  +0.8) LCB   -6.12c P  4.56% WF   9.7 PSV       2 N      12  --  C6 C4 F6 D5 F4
E6  : T  43.46c W  38.08c S  -0.83c ( +1.0 L  +0.9) LCB   15.34c P  1.40% WF   5.5 PSV       1 N       6  --  E6 C4 G6 C6 F3
F7  : T   5.68c W  13.75c S  -1.94c ( +0.4 L  +0.7) LCB -145.39c P  2.05% WF   1.8 PSV       0 N       2  --  F7 E6
G6  : T  10.45c W  21.78c S  -1.49c ( +0.7 L  +1.0) LCB -143.29c P  0.83% WF   2.0 PSV       0 N       2  --  G6 F6

2024-05-21 18:36:01+0800: = D3
2024-05-21 18:36:05+0800: Controller: kata-list_time_settings
2024-05-21 18:36:05+0800: = none absolute byoyomi canadian fischer fischer-capped
2024-05-21 18:36:05+0800: Controller: play black c4
2024-05-21 18:36:05+0800: = 
2024-05-21 18:36:05+0800: Controller: genmove white
2024-05-21 18:36:05+0800: MoveNum: 5 HASH: 7494AC44CC9F969EFE44906A74AD748A
   A B C D E F G H J
 9 . . . . . . . . .
 8 . . . . . . . . .
 7 . . . . . . . . .
 6 . . . . . . . . .
 5 . . . @ . . . . .
 4 . . X3O . . X1. .
 3 . . X O2. . . . .
 2 . . . . . . . . .
 1 . . . . . . . . .

koPOSITIONALscoreAREAtaxNONEsui1komi6.5
Time taken: 0.515
Root visits: 319
New playouts: 303
NN rows: 283
NN batches: 32
NN avg batch size: 8.84375
PV: D5 C5 D6 F7 C6 B6 B7 B5 F6 G6 G7 F5 F8
Tree:
: T  64.86c W  67.65c S   1.11c ( +3.1 L  +2.7) N     319  --  D5 C5 D6 F7 C6 B6 B7
---White(^)---
D5  : T  67.56c W  70.23c S   1.33c ( +3.2 L  +2.8) LCB   58.20c P 91.32% WF 203.4 PSV     202 N     258  --  D5 C5 D6 F7 C6 B6 B7 B5
D6  : T  25.51c W  32.57c S  -3.13c ( +1.1 L  +1.3) LCB -124.54c P  3.27% WF   1.3 PSV       1 N       2  --  D6 D5
C6  : T -28.43c W -21.67c S  -6.75c ( -0.8 L  -0.5) LCB -378.43c P  2.04% WF   0.7 PSV       0 N       1  --  C6
F5  : T -35.05c W -28.47c S  -6.57c ( -0.6 L  -0.5) LCB -385.05c P  1.56% WF   0.6 PSV       0 N       1  --  F5
E6  : T -41.75c W -35.12c S  -6.63c ( -0.8 L  -0.2) LCB -391.75c P  0.83% WF   0.8 PSV       0 N       1  --  E6
C5  : T -27.29c W -20.87c S  -6.42c ( -0.6 L  -0.2) LCB -377.29c P  0.47% WF   0.7 PSV       0 N       1  --  C5
F6  : T -40.73c W -33.91c S  -6.83c ( -0.6 L  -1.0) LCB -390.73c P  0.10% WF   0.3 PSV       0 N       1  --  F6
G5  : T -52.50c W -44.53c S  -7.97c ( -1.3 L  -0.9) LCB -402.50c P  0.08% WF   0.3 PSV       0 N       1  --  G5
G6  : T -82.23c W -72.66c S  -9.57c ( -1.9 L  -3.4) LCB -432.23c P  0.08% WF   0.2 PSV       0 N       1  --  G6
F4  : T -47.77c W -40.48c S  -7.29c ( -1.0 L  -0.3) LCB -397.77c P  0.07% WF   0.2 PSV       0 N       1  --  F4

2024-05-21 18:36:05+0800: = D5
2024-05-21 18:36:08+0800: Controller: kata-list_time_settings
2024-05-21 18:36:08+0800: = none absolute byoyomi canadian fischer fischer-capped
2024-05-21 18:36:08+0800: Controller: play black b6
2024-05-21 18:36:08+0800: = 
2024-05-21 18:36:08+0800: Controller: genmove white
2024-05-21 18:36:09+0800: MoveNum: 7 HASH: 3A3C3BE6DC6CC2BE385FBA5195BDC6FA
   A B C D E F G H J
 9 . . . . . . . . .
 8 . . . . . . . . .
 7 . . . . . . . . .
 6 . X3@ . . . . . .
 5 . . . O2. . . . .
 4 . . X1O . . X . .
 3 . . X O . . . . .
 2 . . . . . . . . .
 1 . . . . . . . . .

koPOSITIONALscoreAREAtaxNONEsui1komi6.5
Time taken: 0.562
Root visits: 391
New playouts: 363
NN rows: 308
NN batches: 37
NN avg batch size: 8.32432
PV: C6 C7 D7 G7 B7 B5 F7 F8
Tree:
: T  83.55c W  81.95c S   3.34c ( +4.3 L  +4.1) N     391  --  C6 C7 D7 G7 B7 B5 F7
---White(^)---
C6  : T  88.60c W  85.85c S   3.87c ( +4.5 L  +4.3) LCB   82.03c P 37.70% WF 270.8 PSV     262 N     280  --  C6 C7 D7 G7 B7 B5 F7 F8
G6  : T  27.97c W  41.21c S  -1.73c ( +1.7 L  +1.5) LCB    0.68c P 51.45% WF  16.4 PSV      18 N      33  --  G6 F6 C6 F7 B5 C5 B7 D6
G7  : T  45.50c W  54.49c S  -1.68c ( +1.7 L  +1.8) LCB  -33.07c P  2.93% WF   2.3 PSV       1 N       3  --  G7 F6 F7
F6  : T  18.44c W  29.50c S  -3.71c ( +0.9 L  +0.6) LCB -133.81c P  5.10% WF   1.4 PSV       1 N       2  --  F6 H6
F7  : T  43.61c W  49.47c S  -2.44c ( +1.5 L  +1.3) LCB -106.60c P  2.37% WF   1.5 PSV       1 N       2  --  F7 G6
G5  : T  -4.48c W   0.08c S  -4.56c ( +0.5 L  +0.4) LCB -354.48c P  0.15% WF   0.6 PSV       0 N       1  --  G5
C2  : T -24.64c W -18.98c S  -5.66c ( -0.0 L  +0.1) LCB -374.64c P  0.08% WF   0.4 PSV       0 N       1  --  C2
F5  : T -43.32c W -36.69c S  -6.63c ( -0.4 L  -0.1) LCB -393.32c P  0.04% WF   0.2 PSV       0 N       1  --  F5
C5  : T   0.62c W   4.91c S  -4.29c ( +0.5 L  +0.4) LCB -349.38c P  0.04% WF   0.2 PSV       0 N       1  --  C5
H6  : T -45.32c W -38.23c S  -7.10c ( -0.9 L  -0.8) LCB -395.32c P  0.04% WF   0.2 PSV       0 N       1  --  H6

2024-05-21 18:36:09+0800: = C6
2024-05-21 18:36:20+0800: Controller: kata-list_time_settings
2024-05-21 18:36:20+0800: = none absolute byoyomi canadian fischer fischer-capped
2024-05-21 18:36:20+0800: Controller: play black c7
2024-05-21 18:36:20+0800: = 
2024-05-21 18:36:20+0800: Controller: genmove white
2024-05-21 18:36:21+0800: MoveNum: 9 HASH: A60547FE433CAD302CC4871CD833AE68
   A B C D E F G H J
 9 . . . . . . . . .
 8 . . . . . . . . .
 7 . . X3@ . . . . .
 6 . X1O2. . . . . .
 5 . . . O . . . . .
 4 . . X O . . X . .
 3 . . X O . . . . .
 2 . . . . . . . . .
 1 . . . . . . . . .

koPOSITIONALscoreAREAtaxNONEsui1komi6.5
Time taken: 0.563
Root visits: 8467
New playouts: 393
NN rows: 280
NN batches: 35
NN avg batch size: 8
PV: D7 G7 B7 B5 F8 F7 C2 E8 D8 B2 E2 C1 D2 B1 H3 G3 H4 H5 G2 J4 H2 E7
Tree:
: T  81.77c W  80.69c S   2.57c ( +3.6 L  +3.5) N    8467  --  D7 G7 B7 B5 F8 F7 C2
---White(^)---
D7  : T  84.90c W  83.67c S   2.42c ( +3.5 L  +3.3) LCB   82.74c P 16.53% WF 4297.5 PSV    4097 N    4504  --  D7 G7 B7 B5 F8 F7 C2 E8
G6  : T  78.58c W  76.86c S   3.67c ( +4.2 L  +4.2) LCB   74.56c P 41.15% WF 1648.9 PSV     876 N    2270  --  G6 H6 H5 G5 H7 F6 G7 D6
B7  : T  75.86c W  76.62c S   1.55c ( +3.2 L  +2.9) LCB   71.41c P 21.37% WF 583.3 PSV     326 N     784  --  B7 B8 G6 F6 G7 E2 D2 C5
B5  : T  73.00c W  73.08c S   1.31c ( +3.0 L  +2.9) LCB   67.16c P 20.26% WF 532.2 PSV     238 N     905  --  B5 C5 D6 B7 C2 B4 G6 F6
G7  : T  55.47c W  56.22c S  -0.75c ( +2.1 L  +2.0) LCB -294.53c P  0.16% WF   0.8 PSV       0 N       1  --  G7
H6  : T  12.09c W  15.01c S  -2.93c ( +0.9 L  +0.8) LCB -337.91c P  0.10% WF   0.6 PSV       0 N       1  --  H6
H5  : T  38.35c W  39.78c S  -1.43c ( +1.7 L  +1.5) LCB -311.65c P  0.09% WF   0.7 PSV       0 N       1  --  H5

2024-05-21 18:36:21+0800: = D7
2024-05-21 18:36:24+0800: Controller: kata-list_time_settings
2024-05-21 18:36:24+0800: = none absolute byoyomi canadian fischer fischer-capped
2024-05-21 18:36:24+0800: Controller: play black c5
2024-05-21 18:36:24+0800: = 
2024-05-21 18:36:24+0800: Controller: genmove white
2024-05-21 18:36:25+0800: MoveNum: 11 HASH: 30E2F4C0C7D7C18F03C730DDF401C2A4
   A B C D E F G H J
 9 . . . . . . . . .
 8 . . . . . . . . .
 7 . . X1O2. . . . .
 6 . X O @ . . . . .
 5 . . X3O . . . . .
 4 . . X O . . X . .
 3 . . X O . . . . .
 2 . . . . . . . . .
 1 . . . . . . . . .

koPOSITIONALscoreAREAtaxNONEsui1komi6.5
Time taken: 0.547
Root visits: 395
New playouts: 332
NN rows: 290
NN batches: 34
NN avg batch size: 8.52941
PV: D6 G7 B7 B5 H4 H5 G5 F5 G3 F4 C2 B2
Tree:
: T  98.10c W  95.42c S   3.21c ( +5.3 L  +5.3) N     395  --  D6 G7 B7 B5 H4 H5 G5
---White(^)---
D6  : T  99.03c W  96.27c S   3.30c ( +5.4 L  +5.4) LCB   96.18c P 92.20% WF 521.0 PSV     520 N     352  --  D6 G7 B7 B5 H4 H5 G5 F5
G6  : T -37.07c W -29.00c S  -8.07c ( +0.2 L  -0.9) LCB -387.07c P  7.46% WF   0.4 PSV       0 N       1  --  G6
H6  : T -91.38c W -79.83c S -11.56c ( -1.0 L  -3.9) LCB -441.38c P  0.10% WF   0.6 PSV       0 N       1  --  H6
H5  : T -89.92c W -78.36c S -11.57c ( -1.1 L  -3.9) LCB -439.92c P  0.08% WF   0.5 PSV       0 N       1  --  H5
G7  : T -101.02c W -86.85c S -14.18c ( -2.2 L  -4.7) LCB -451.02c P  0.03% WF   0.2 PSV       0 N       1  --  G7
G5  : T -101.83c W -88.84c S -12.99c ( -1.6 L  -3.3) LCB -451.83c P  0.03% WF   0.2 PSV       0 N       1  --  G5
F6  : T -102.53c W -88.34c S -14.19c ( -2.4 L  -3.9) LCB -452.53c P  0.01% WF   0.1 PSV       0 N       1  --  F6
H4  : T -109.40c W -93.69c S -15.70c ( -3.1 L  -5.9) LCB -459.40c P  0.01% WF   0.1 PSV       0 N       1  --  H4
G3  : T -112.23c W -95.02c S -17.21c ( -4.1 L  -6.3) LCB -462.23c P  0.01% WF   0.1 PSV       0 N       1  --  G3
C2  : T -112.70c W -95.96c S -16.73c ( -3.6 L  -6.0) LCB -462.70c P  0.01% WF   0.1 PSV       0 N       1  --  C2

2024-05-21 18:36:25+0800: = D6
2024-05-21 18:36:28+0800: Controller: kata-list_time_settings
2024-05-21 18:36:28+0800: = none absolute byoyomi canadian fischer fischer-capped
2024-05-21 18:36:28+0800: Controller: play black c8
2024-05-21 18:36:28+0800: = 
2024-05-21 18:36:28+0800: Controller: genmove white
2024-05-21 18:36:28+0800: MoveNum: 13 HASH: B6881FBCC167A02C6A5ADECEC5921ED8
   A B C D E F G H J
 9 . . . . . . . . .
 8 . . X3. . . . . .
 7 . . X O . . . . .
 6 . X O O2. . . . .
 5 . @ X1O . . . . .
 4 . . X O . . X . .
 3 . . X O . . . . .
 2 . . . . . . . . .
 1 . . . . . . . . .

koPOSITIONALscoreAREAtaxNONEsui1komi6.5
Time taken: 0.562
Root visits: 409
New playouts: 380
NN rows: 308
NN batches: 35
NN avg batch size: 8.8
PV: B5 B7 C2 B4 G6 F6 F7 H6 H7 G5
Tree:
: T  99.53c W  96.97c S   3.24c ( +5.3 L  +5.3) N     409  --  B5 B7 C2 B4 G6 F6 F7
---White(^)---
B5  : T 100.58c W  97.92c S   3.44c ( +5.4 L  +5.3) LCB   98.74c P 49.58% WF 219.1 PSV     218 N     145  --  B5 B7 C2 B4 G6 F6 F7 H6
G6  : T 101.64c W  98.03c S   4.07c ( +5.6 L  +5.8) LCB   98.57c P 31.83% WF 158.6 PSV     157 N      96  --  G6 F6 F7 H6 H7 G5 G7 E2
B7  : T 100.09c W  97.95c S   2.75c ( +5.0 L  +5.0) LCB   96.88c P 15.63% WF  74.8 PSV      59 N      45  --  B7 B8 G6 F6 F7 H6 H7 G5
C2  : T  96.98c W  96.60c S   0.58c ( +4.1 L  +4.1) LCB   91.48c P  1.18% WF  28.4 PSV       2 N      23  --  C2 G7 B7 B8 B5 A7 B3 F3
H5  : T  96.87c W  94.95c S   3.42c ( +5.5 L  +5.2) LCB   91.79c P  0.51% WF  25.2 PSV       0 N      28  --  H5 F6 B5 B7 C2 B4 H4 G3
H6  : T  94.16c W  93.67c S   1.95c ( +4.8 L  +4.4) LCB   87.42c P  0.68% WF  17.0 PSV       0 N      21  --  H6 G6 B5 B7 C2 B4 G7 F6
G7  : T  92.51c W  93.02c S   1.18c ( +4.4 L  +4.1) LCB   82.37c P  0.18% WF   8.0 PSV       0 N      12  --  G7 G6 H6 F6 H5 F7
H4  : T  70.91c W  73.73c S  -2.83c ( +2.5 L  +2.4) LCB -279.09c P  0.06% WF   0.6 PSV       0 N       1  --  H4
F6  : T  16.33c W  22.82c S  -6.49c ( +0.9 L  +0.8) LCB -333.67c P  0.05% WF   0.4 PSV       0 N       1  --  F6
H7  : T   6.86c W  12.93c S  -6.07c ( +1.0 L  +1.1) LCB -343.14c P  0.05% WF   0.4 PSV       0 N       1  --  H7

2024-05-21 18:36:28+0800: = B5
2024-05-21 18:36:38+0800: Controller: kata-list_time_settings
2024-05-21 18:36:38+0800: = none absolute byoyomi canadian fischer fischer-capped
2024-05-21 18:36:38+0800: Controller: play black a7
2024-05-21 18:36:38+0800: = 
2024-05-21 18:36:38+0800: Controller: genmove white
2024-05-21 18:36:39+0800: MoveNum: 15 HASH: 6141740ED826FE99285EC36D58578D81
   A B C D E F G H J
 9 . . . . . . . . .
 8 . . X1. . . . . .
 7 X3. X O . . . . .
 6 . X O O . . . . .
 5 . O2X O . . . . .
 4 . . X O . . X . .
 3 . . X O . . . . .
 2 . . @ . . . . . .
 1 . . . . . . . . .

koPOSITIONALscoreAREAtaxNONEsui1komi6.5
Time taken: 0.562
Root visits: 552
New playouts: 365
NN rows: 305
NN batches: 36
NN avg batch size: 8.47222
PV: C2 B4 H5 F6 F7 G6 G7 H6 G3
Tree:
: T 101.47c W  98.47c S   3.87c ( +5.8 L  +6.0) N     552  --  C2 B4 H5 F6 F7 G6 G7
---White(^)---
C2  : T 101.42c W  98.54c S   3.77c ( +5.8 L  +5.9) LCB  100.01c P 64.95% WF 438.9 PSV     439 N     262  --  C2 B4 H5 F6 F7 G6 G7 H6
G6  : T 102.13c W  98.45c S   4.32c ( +6.0 L  +6.3) LCB   99.44c P 17.72% WF 209.6 PSV     193 N     118  --  G6 C2 G2 F6 F7 G7 H7 G8
B8  : T 101.70c W  98.97c S   4.03c ( +5.9 L  +6.0) LCB   99.94c P 10.23% WF 162.2 PSV      81 N      84  --  B8 B9 C2 B4 G6 F6 F7 H6
H5  : T 101.65c W  97.84c S   4.33c ( +6.1 L  +6.2) LCB   98.79c P  4.05% WF  69.1 PSV      31 N      47  --  H5 F6 C2 B4 F7 G6 G7 H6
B7  : T  98.58c W  97.38c S   1.56c ( +4.8 L  +4.7) LCB   93.36c P  1.00% WF  48.0 PSV       2 N      35  --  B7 B8 G6 F6 F7 H6 G7 F3
H6  : T  95.41c W  96.07c S   2.29c ( +5.1 L  +5.1) LCB   55.87c P  0.69% WF   7.0 PSV       1 N       5  --  H6 C2 G5

2024-05-21 18:36:39+0800: = C2
2024-05-21 18:36:43+0800: Controller: kata-list_time_settings
2024-05-21 18:36:43+0800: = none absolute byoyomi canadian fischer fischer-capped
2024-05-21 18:36:43+0800: Controller: play black b4
2024-05-21 18:36:43+0800: = 
2024-05-21 18:36:43+0800: Controller: genmove white
2024-05-21 18:36:44+0800: MoveNum: 17 HASH: 98EA8293BBC9F78666D8C6B54EFA7B08
   A B C D E F G H J
 9 . . . . . . . . .
 8 . . X . . . . . .
 7 X1. X O . . . . .
 6 . X O O . . . . .
 5 . O X O . . . @ .
 4 . X3X O . . X . .
 3 . . X O . . . . .
 2 . . O2. . . . . .
 1 . . . . . . . . .

koPOSITIONALscoreAREAtaxNONEsui1komi6.5
Time taken: 0.547
Root visits: 4488
New playouts: 435
NN rows: 297
NN batches: 35
NN avg batch size: 8.48571
PV: H5 F6 F7 F3 B8 B9 G6 E2 D2 H4 G2 F5 F2 E3 E1
Tree:
: T 100.85c W  97.49c S   4.26c ( +6.2 L  +6.5) N    4488  --  H5 F6 F7 F3 B8 B9 G6
---White(^)---
H5  : T 101.79c W  97.00c S   5.51c ( +6.9 L  +7.3) LCB  100.59c P 18.56% WF 3623.8 PSV    6607 N    2501  --  H5 F6 F7 F3 B8 B9 G6 E2
G6  : T 100.13c W  98.14c S   2.88c ( +5.5 L  +5.7) LCB   98.91c P 55.28% WF 2669.9 PSV    1901 N    1558  --  G6 F6 G7 F3 E2 F2 H5 H4
B3  : T  99.22c W  98.00c S   2.20c ( +5.2 L  +5.2) LCB   96.29c P  8.96% WF 286.5 PSV     211 N     184  --  B3 A5 G6 F6 G7 F3 E2 F2
B8  : T  98.38c W  97.53c S   2.55c ( +5.4 L  +5.3) LCB   93.93c P  6.57% WF 165.5 PSV     120 N     102  --  B8 B9 G6 F6 F7 H6 H7
H6  : T  97.54c W  96.85c S   1.68c ( +5.0 L  +5.0) LCB   94.54c P  7.64% WF 131.5 PSV     114 N     109  --  H6 F6 F7 G6 G7 H5 G2 H7
B7  : T  98.87c W  98.04c S   2.27c ( +5.3 L  +5.1) LCB   92.27c P  0.94% WF  38.8 PSV      19 N      25  --  B7 B8 G6 F6 G5 F5 H4
G7  : T  94.35c W  96.14c S  -0.53c ( +4.1 L  +3.9) LCB   72.87c P  0.88% WF   8.5 PSV       7 N       7  --  G7 F3 H5 E2 D2
A4  : T  89.12c W  89.84c S  -0.72c ( +3.9 L  +3.7) LCB -260.88c P  0.18% WF   1.0 PSV       0 N       1  --  A4

2024-05-21 18:36:44+0800: = H5
2024-05-21 18:36:52+0800: Controller: kata-list_time_settings
2024-05-21 18:36:52+0800: = none absolute byoyomi canadian fischer fischer-capped
2024-05-21 18:36:52+0800: Controller: play black g5
2024-05-21 18:36:52+0800: = 
2024-05-21 18:36:52+0800: Controller: genmove white
2024-05-21 18:36:52+0800: MoveNum: 19 HASH: DD2A74CB48AB7124104BA4A1CAE1475C
   A B C D E F G H J
 9 . . . . . . . . .
 8 . . X . . . . . .
 7 X . X O . . . . .
 6 . X O O . . @ . .
 5 . O X O . . X3O2.
 4 . X1X O . . X . .
 3 . . X O . . . . .
 2 . . O . . . . . .
 1 . . . . . . . . .

koPOSITIONALscoreAREAtaxNONEsui1komi6.5
Time taken: 0.422
Root visits: 2790
New playouts: 514
NN rows: 227
NN batches: 26
NN avg batch size: 8.73077
PV: G6 F6 H4 H6 G7 H7 H8 F7 G8 H3 J7 F3 E2 E8 G2 G3 B3 A5 A3 F2 F1 B1
Tree:
: T 101.45c W  97.72c S   4.61c ( +6.6 L  +7.2) N    2790  --  G6 F6 H4 H6 G7 H7 H8
---White(^)---
G6  : T 102.07c W  97.87c S   5.04c ( +6.8 L  +7.5) LCB  100.76c P 38.63% WF 4079.1 PSV    4053 N    2391  --  G6 F6 H4 H6 G7 H7 H8 F7
H4  : T  99.38c W  98.68c S   1.62c ( +5.3 L  +5.6) LCB   97.44c P 25.83% WF 467.2 PSV     480 N     257  --  H4 G6 G3 F3 G2 F7 F4 E4
H6  : T  74.26c W  76.01c S  -0.12c ( +4.4 L  +4.4) LCB   58.85c P 26.43% WF  43.8 PSV      55 N      81  --  H6 F7 H4 G3 F6 G6 G7 E2
B3  : T 100.12c W  97.83c S   2.92c ( +5.9 L  +6.0) LCB   95.42c P  1.87% WF  62.1 PSV      44 N      44  --  B3 A5 H4 G6 G3 F3 G2 F7
G7  : T  61.71c W  79.27c S  -3.22c ( +3.2 L  +2.7) LCB   17.09c P  4.43% WF   4.8 PSV       6 N       7  --  G7 H6 H7 G6 D8
B7  : T  97.72c W  96.34c S   2.59c ( +5.8 L  +5.7) LCB   72.75c P  0.42% WF   7.2 PSV       5 N       6  --  B7 B8 G6 F6
B8  : T  60.80c W  73.22c S  -3.29c ( +3.1 L  +2.3) LCB  -22.33c P  1.90% WF   1.9 PSV       2 N       3  --  B8 G7 B7

2024-05-21 18:36:52+0800: = G6
2024-05-21 18:36:56+0800: Controller: kata-list_time_settings
2024-05-21 18:36:56+0800: = none absolute byoyomi canadian fischer fischer-capped
2024-05-21 18:36:56+0800: Controller: play black h4
2024-05-21 18:36:56+0800: = 
2024-05-21 18:36:56+0800: Controller: genmove white
2024-05-21 18:36:56+0800: MoveNum: 21 HASH: 98343B19395EDC5C26BDA3E5E87122B5
   A B C D E F G H J
 9 . . . . . . . . .
 8 . . X . . . . . .
 7 X . X O . . . @ .
 6 . X O O . . O2. .
 5 . O X O . . X1O .
 4 . X X O . . X X3.
 3 . . X O . . . . .
 2 . . O . . . . . .
 1 . . . . . . . . .

koPOSITIONALscoreAREAtaxNONEsui1komi6.5
Time taken: 0.39
Root visits: 297
New playouts: 249
NN rows: 201
NN batches: 25
NN avg batch size: 8.04
PV: H7 F3 E2 J5 H6 G2
Tree:
: T 103.11c W  98.89c S   4.38c ( +8.6 L  +9.2) N     297  --  H7 F3 E2 J5 H6 G2
---White(^)---
H7  : T 104.13c W  99.48c S   3.94c ( +8.4 L  +9.1) LCB  100.87c P 22.07% WF  56.8 PSV     324 N      30  --  H7 F3 E2 J5 H6 G2
H6  : T 103.92c W  99.17c S   5.15c ( +9.0 L  +9.7) LCB  100.86c P 56.13% WF 324.7 PSV     323 N     173  --  H6 E2 F3 F2 B3 A5 G3 G2
B3  : T 103.25c W  99.63c S   3.76c ( +8.3 L  +8.8) LCB  100.20c P 12.98% WF  79.4 PSV      55 N      42  --  B3 A5 H6 E2 F3 F2 G3 G2
B8  : T 101.77c W  98.69c S   2.33c ( +7.7 L  +7.9) LCB   95.94c P  4.84% WF  32.0 PSV      13 N      18  --  B8 F6 B7 A5 D8 A8 C9 B2
B7  : T 103.14c W  99.08c S   3.75c ( +8.3 L  +9.0) LCB   96.11c P  1.62% WF  21.3 PSV       6 N      13  --  B7 B8 H6 E2 F3 F2 G3
A4  : T  92.05c W  95.77c S  -2.44c ( +5.4 L  +5.3) LCB  -64.23c P  0.39% WF   1.9 PSV       0 N       2  --  A4 A5
A3  : T  81.77c W  85.00c S  -3.23c ( +4.9 L  +4.1) LCB -268.23c P  0.47% WF   0.7 PSV       0 N       1  --  A3
A5  : T  78.08c W  80.91c S  -2.83c ( +5.0 L  +4.1) LCB -271.92c P  0.38% WF   0.6 PSV       0 N       1  --  A5
F3  : T  84.05c W  91.86c S  -7.80c ( +3.4 L  +2.8) LCB -265.95c P  0.36% WF   1.0 PSV       0 N       1  --  F3
A6  : T  89.70c W  92.38c S  -2.68c ( +5.3 L  +4.5) LCB -260.30c P  0.22% WF   0.9 PSV       0 N       1  --  A6

2024-05-21 18:36:56+0800: = H7
2024-05-21 18:37:02+0800: Controller: kata-list_time_settings
2024-05-21 18:37:02+0800: = none absolute byoyomi canadian fischer fischer-capped
2024-05-21 18:37:02+0800: Controller: play black j5
2024-05-21 18:37:02+0800: = 
2024-05-21 18:37:02+0800: Controller: genmove white
2024-05-21 18:37:03+0800: MoveNum: 23 HASH: 3F6B7AC99758DB2C3DA71E7E37828E61
   A B C D E F G H J
 9 . . . . . . . . .
 8 . @ X . . . . . .
 7 X . X O . . . O2.
 6 . X O O . . O . .
 5 . O X O . . X O X3
 4 . X X O . . X X1.
 3 . . X O . . . . .
 2 . . O . . . . . .
 1 . . . . . . . . .

koPOSITIONALscoreAREAtaxNONEsui1komi6.5
Time taken: 0.422
Root visits: 2302
New playouts: 1024
NN rows: 216
NN batches: 27
NN avg batch size: 8
PV: B8 B9 H6 F3 E2 G2 B3 A5 F2 F6 F7 G1 D8
Tree:
: T 103.50c W  99.26c S   4.84c ( +6.8 L  +7.1) N    2302  --  B8 B9 H6 F3 E2 G2 B3
---White(^)---
B8  : T 104.42c W  99.23c S   5.59c ( +7.1 L  +7.5) LCB  103.06c P  7.29% WF 715.1 PSV    5576 N     354  --  B8 B9 H6 F3 E2 G2 B3 A5
H6  : T 103.55c W  99.37c S   4.81c ( +6.8 L  +7.1) LCB  102.85c P 58.35% WF 3717.3 PSV    3718 N    1670  --  H6 F3 B8 B9 E2 G2 B3 A5
B3  : T 103.36c W  98.97c S   4.95c ( +6.8 L  +7.1) LCB  101.59c P 11.41% WF 351.3 PSV     353 N     182  --  B3 A5 H6 F3 E2 G2 F2 F6
B7  : T 103.54c W  99.02c S   4.85c ( +6.8 L  +7.1) LCB  100.02c P  1.86% WF  81.2 PSV      82 N      45  --  B7 B8 H6 F3 B3 A5 E2 F2
G2  : T  95.39c W  98.46c S  -2.47c ( +3.8 L  +3.4) LCB   92.22c P  6.41% WF  31.9 PSV      31 N      20  --  G2 H6 G7 H2 G3
F3  : T  95.82c W  98.86c S  -3.08c ( +3.6 L  +3.4) LCB   87.05c P  3.36% WF  20.7 PSV      17 N      10  --  F3 H6 G7 G2
F2  : T  95.62c W  98.10c S  -2.51c ( +3.8 L  +3.5) LCB   45.77c P  1.40% WF   6.5 PSV       7 N       4  --  F2 H6 G7
J6  : T  50.70c W  64.34c S  -3.42c ( +3.0 L  +2.5) LCB  -21.35c P  7.18% WF   5.1 PSV       5 N      10  --  J6 H6 B3 A5 H5
A3  : T  90.26c W  92.13c S   0.45c ( +4.8 L  +4.5) LCB    8.52c P  0.87% WF   2.7 PSV       2 N       3  --  A3 B2 B3
A4  : T  93.93c W  94.99c S  -0.13c ( +4.6 L  +4.4) LCB  -64.50c P  0.47% WF   1.9 PSV       1 N       2  --  A4 A5

2024-05-21 18:37:03+0800: = B8
2024-05-21 18:37:14+0800: Controller: kata-list_time_settings
2024-05-21 18:37:14+0800: = none absolute byoyomi canadian fischer fischer-capped
2024-05-21 18:37:14+0800: Controller: play black b9
2024-05-21 18:37:14+0800: = 
2024-05-21 18:37:14+0800: Controller: genmove white
2024-05-21 18:37:14+0800: MoveNum: 25 HASH: 3734B835DC70103574EDEEB15B1B45D9
   A B C D E F G H J
 9 . X3. . . . . . .
 8 . O2X . . . . . .
 7 X . X O . . . O .
 6 . X O O . . O @ .
 5 . O X O . . X O X1
 4 . X X O . . X X .
 3 . . X O . . . . .
 2 . . O . . . . . .
 1 . . . . . . . . .

koPOSITIONALscoreAREAtaxNONEsui1komi6.5
Time taken: 0.344
Root visits: 14434
New playouts: 750
NN rows: 181
NN batches: 23
NN avg batch size: 7.86957
PV: B3 A5 H6 F3 E2 F6 F7 H2 A2 F9 F2 G2 G9 D8 E9 E8
Tree:
: T 103.20c W  99.42c S   4.38c ( +5.9 L  +6.1) N   14434  --  B3 A5 H6 F3 E2 F6 F7
---White(^)---
B3  : T 103.43c W  99.46c S   4.49c ( +6.0 L  +6.1) LCB  103.01c P 20.46% WF 10978.7 PSV   24874 N    4547  --  B3 A5 H6 F3 E2 F6 F7 H2
H6  : T 103.29c W  99.49c S   4.43c ( +5.9 L  +6.1) LCB  103.00c P 45.71% WF 22948.2 PSV   22942 N    9443  --  H6 F6 F7 F3 B3 A5 E2 H2
B7  : T 101.99c W  98.73c S   3.77c ( +5.7 L  +5.8) LCB   99.68c P  2.61% WF 308.4 PSV     256 N     165  --  B7 A8 H6 F3 E2 F2 B3 A5
G2  : T  91.79c W  96.17c S  -3.20c ( +3.0 L  +2.5) LCB   88.64c P 11.25% WF 135.1 PSV     150 N     113  --  G2 H6 B3 A5 G7 H2 E2 G3
F3  : T  95.77c W  98.25c S  -2.21c ( +3.4 L  +3.0) LCB   90.37c P  4.34% WF 111.1 PSV      87 N      62  --  F3 H6 G7 G2 F2 B2 G3
A3  : T  96.92c W  95.35c S   1.24c ( +4.6 L  +4.7) LCB   85.63c P  1.52% WF  35.4 PSV      35 N      29  --  A3 B2 H6 E2 B3 A5 F3 F2
J6  : T  48.94c W  51.21c S  -3.64c ( +2.3 L  +2.0) LCB   -1.41c P  9.90% WF  17.6 PSV      26 N      39  --  J6 H6 B7 A8 H5 F6 F7 H6
F2  : T  93.73c W  96.55c S  -2.61c ( +3.2 L  +2.8) LCB   86.46c P  1.56% WF  24.0 PSV      24 N      18  --  F2 H6 G7 G2 F3 B2 G3
A5  : T  74.63c W  76.02c S  -0.05c ( +4.0 L  +3.5) LCB   49.28c P  0.89% WF   3.6 PSV       4 N       7  --  A5 B2 A4 B3 H6 E2
A4  : T  79.74c W  79.91c S   1.42c ( +4.7 L  +5.1) LCB  -16.38c P  0.47% WF   3.1 PSV       3 N       5  --  A4 A5 H6 E2

2024-05-21 18:37:14+0800: = H6
2024-05-21 18:37:19+0800: Controller: kata-list_time_settings
2024-05-21 18:37:19+0800: = none absolute byoyomi canadian fischer fischer-capped
2024-05-21 18:37:19+0800: Controller: play black e5
2024-05-21 18:37:19+0800: = 
2024-05-21 18:37:19+0800: Controller: genmove white
2024-05-21 18:37:19+0800: MoveNum: 27 HASH: DF573C43F7C1994DBE42AA7A83B61EC4
   A B C D E F G H J
 9 . X1. . . . . . .
 8 . O X . . . . . .
 7 X . X O . . . O .
 6 . X O O . . O O2.
 5 . O X O X3. X O X
 4 . X X O . . X X .
 3 . . X O . @ . . .
 2 . . O . . . . . .
 1 . . . . . . . . .

koPOSITIONALscoreAREAtaxNONEsui1komi6.5
Time taken: 0.312
Root visits: 162
New playouts: 162
NN rows: 161
NN batches: 20
NN avg batch size: 8.05
PV: F3 E2 F2 B2 D2
Tree:
: T 115.77c W  99.79c S  14.96c (+27.3 L +28.5) N     162  --  F3 E2 F2 B2 D2
---White(^)---
F3  : T 116.98c W  99.91c S  16.82c (+27.7 L +28.8) LCB  114.36c P 29.72% WF 154.2 PSV     216 N      31  --  F3 E2 F2 B2 D2
E2  : T 118.50c W  99.68c S  17.40c (+29.2 L +30.8) LCB  112.03c P 41.26% WF 135.7 PSV     134 N      31  --  E2 F3 G2 F2 F1 H2 H1 G3
F2  : T 116.58c W  99.89c S  16.53c (+27.4 L +28.5) LCB  114.29c P 21.72% WF 146.4 PSV      95 N      29  --  F2 B2 D8 D9
G2  : T 114.01c W  99.81c S  13.52c (+26.3 L +27.7) LCB  106.99c P  3.95% WF  39.8 PSV       8 N      11  --  G2 E2 E3 F2 F3
B7  : T 114.84c W  99.88c S  15.20c (+27.2 L +28.3) LCB  107.00c P  1.94% WF  45.3 PSV       5 N      11  --  B7 A8 F3 B2
A6  : T 111.99c W  99.72c S  12.13c (+25.6 L +27.0) LCB  103.51c P  0.32% WF  26.8 PSV       0 N      10  --  A6 A5 E2 F3
B3  : T  97.30c W  99.99c S  -2.69c (+18.5 L +18.3) LCB -252.70c P  0.26% WF   2.9 PSV       0 N       1  --  B3
A4  : T  97.09c W  99.99c S  -2.89c (+18.3 L +18.1) LCB -252.91c P  0.10% WF   1.6 PSV       0 N       1  --  A4
H2  : T  97.47c W  99.52c S  -2.05c (+17.7 L +18.7) LCB -252.53c P  0.10% WF   1.2 PSV       0 N       1  --  H2
G3  : T  83.56c W  95.26c S -11.70c ( +8.8 L  +8.8) LCB -266.44c P  0.07% WF   0.8 PSV       0 N       1  --  G3

2024-05-21 18:37:19+0800: = F3
2024-05-21 18:37:22+0800: Controller: kata-list_time_settings
2024-05-21 18:37:22+0800: = none absolute byoyomi canadian fischer fischer-capped
2024-05-21 18:37:22+0800: Controller: play black g3
2024-05-21 18:37:22+0800: = 
2024-05-21 18:37:22+0800: Controller: genmove white
2024-05-21 18:37:22+0800: MoveNum: 29 HASH: 54DC3C2EC0911777B04F424758653E30
   A B C D E F G H J
 9 . X . . . . . . .
 8 . O X . . . . . .
 7 X . X O . . . O .
 6 . X O O . . O O .
 5 . O X O X1. X O X
 4 . X X O . . X X .
 3 . . X O . O2X3. .
 2 . . O . . @ . . .
 1 . . . . . . . . .

koPOSITIONALscoreAREAtaxNONEsui1komi6.5
Time taken: 0.281
Root visits: 213
New playouts: 160
NN rows: 144
NN batches: 19
NN avg batch size: 7.57895
PV: F2 H1 J2 E8 D8 F7
Tree:
: T 117.25c W  99.87c S  16.97c (+28.1 L +29.3) N     213  --  F2 H1 J2 E8 D8 F7
---White(^)---
F2  : T 118.11c W  99.90c S  17.89c (+28.4 L +29.6) LCB  116.75c P 53.01% WF 686.9 PSV     682 N     128  --  F2 H1 J2 E8 D8 F7
E2  : T 115.94c W  99.76c S  15.62c (+28.0 L +29.4) LCB  111.59c P 39.05% WF 180.5 PSV     160 N      45  --  E2 H2 G1 E4 E3 F6
H2  : T 116.42c W  99.89c S  16.15c (+27.5 L +28.8) LCB  111.89c P  2.30% WF  64.6 PSV      11 N      13  --  H2 E2 D2
G2  : T 116.53c W  99.88c S  16.24c (+27.4 L +28.4) LCB  105.23c P  0.82% WF  38.4 PSV       4 N       8  --  G2 H2 F2 E8
B7  : T 114.24c W  99.92c S  14.65c (+26.9 L +28.1) LCB  104.64c P  1.47% WF  39.3 PSV       3 N       9  --  B7 A8 F2 H1
F1  : T 114.00c W  99.74c S  14.08c (+26.8 L +28.3) LCB   85.55c P  0.40% WF  19.1 PSV       1 N       5  --  F1 H2
B3  : T 103.99c W 100.00c S   3.99c (+22.0 L +21.7) LCB -246.01c P  1.34% WF   3.8 PSV       1 N       1  --  B3
A6  : T 112.63c W  99.97c S  12.49c (+25.7 L +26.7) LCB   38.51c P  0.48% WF  12.4 PSV       0 N       3  --  A6 A5 F2

2024-05-21 18:37:22+0800: = F2
2024-05-21 18:37:25+0800: Controller: kata-list_time_settings
2024-05-21 18:37:25+0800: = none absolute byoyomi canadian fischer fischer-capped
2024-05-21 18:37:25+0800: Controller: play black g2
2024-05-21 18:37:25+0800: = 
2024-05-21 18:37:25+0800: Controller: genmove white
2024-05-21 18:37:26+0800: MoveNum: 31 HASH: 450844026C5BA75A7D6A728329279918
   A B C D E F G H J
 9 . X . . . . . . .
 8 . O X . . . . . .
 7 X . X O . . . O .
 6 . X O O . . O O .
 5 . O X O X . X O X
 4 . X X O . . X X .
 3 . @ X O . O X1. .
 2 . . O . . O2X3. .
 1 . . . . . . . . .

koPOSITIONALscoreAREAtaxNONEsui1komi6.5
Time taken: 0.328
Root visits: 168
New playouts: 151
NN rows: 166
NN batches: 21
NN avg batch size: 7.90476
PV: B3 A5 D8 B2
Tree:
: T 121.86c W  99.95c S  21.52c (+33.6 L +34.6) N     168  --  B3 A5 D8 B2
---White(^)---
B3  : T 124.18c W  99.95c S  23.64c (+35.6 L +36.5) LCB  122.13c P 43.11% WF 240.7 PSV     237 N      37  --  B3 A5 D8 B2
D8  : T 122.96c W  99.97c S  22.68c (+34.1 L +35.1) LCB  120.77c P 28.42% WF 158.7 PSV     101 N      25  --  D8 B2 D2 D9 E8 E9
E8  : T 121.77c W  99.98c S  21.69c (+33.2 L +34.1) LCB  119.46c P 17.82% WF 122.9 PSV      47 N      20  --  E8 B2 D2 D8 F7
B2  : T 122.11c W  99.87c S  21.91c (+33.9 L +35.0) LCB  114.73c P  5.35% WF  59.3 PSV      15 N      10  --  B2 F7 F6 E7
B7  : T 121.68c W  99.93c S  21.32c (+33.3 L +34.3) LCB  115.18c P  1.75% WF  62.3 PSV       4 N      11  --  B7 A8 B3 A5
A6  : T 120.79c W  99.96c S  20.40c (+32.6 L +33.4) LCB  115.27c P  0.47% WF  62.3 PSV       1 N      12  --  A6 A5 D8 D9
A4  : T 122.41c W  99.90c S  22.03c (+34.0 L +35.2) LCB  116.26c P  0.58% WF  67.4 PSV       1 N      11  --  A4 A5 E8 B2
F8  : T 121.00c W  99.97c S  20.61c (+32.5 L +33.5) LCB  113.58c P  0.42% WF  53.5 PSV       0 N      10  --  F8 B2 D2 E8
F7  : T 117.29c W  99.98c S  16.96c (+30.2 L +31.1) LCB  102.71c P  0.17% WF  27.3 PSV       0 N       7  --  F7 B2 D2 F9
A3  : T 115.92c W  99.88c S  16.07c (+30.7 L +31.8) LCB   87.69c P  0.26% WF  17.4 PSV       0 N       5  --  A3 B2 B3 A5

2024-05-21 18:37:26+0800: = B3
2024-05-21 18:37:31+0800: Controller: kata-list_time_settings
2024-05-21 18:37:31+0800: = none absolute byoyomi canadian fischer fischer-capped
2024-05-21 18:37:31+0800: Controller: play black a4
2024-05-21 18:37:31+0800: = 
2024-05-21 18:37:31+0800: Controller: genmove white
2024-05-21 18:37:31+0800: MoveNum: 33 HASH: 06DD032847E4CA6223BE727394A21F36
   A B C D E F G H J
 9 . X . . . . . . .
 8 . O X @ . . . . .
 7 X . X O . . . O .
 6 . X O O . . O O .
 5 . O X O X . X O X
 4 X3X X O . . X X .
 3 . O2X O . O X . .
 2 . . O . . O X1. .
 1 . . . . . . . . .

koPOSITIONALscoreAREAtaxNONEsui1komi6.5
Time taken: 0.266
Root visits: 254
New playouts: 138
NN rows: 141
NN batches: 19
NN avg batch size: 7.42105
PV: D8 D9 E8 B2 B1 A2
Tree:
: T 119.46c W  99.93c S  18.72c (+35.1 L +36.2) N     254  --  D8 D9 E8 B2 B1 A2
---White(^)---
D8  : T 119.92c W  99.92c S  19.14c (+35.5 L +36.7) LCB  117.93c P 42.71% WF 600.3 PSV     598 N     111  --  D8 D9 E8 B2 B1 A2
E8  : T 119.45c W  99.94c S  19.00c (+34.7 L +35.8) LCB  117.82c P 32.54% WF 374.1 PSV     319 N      67  --  E8 B2 B1 A3 D2 D8
B2  : T 119.04c W  99.94c S  18.66c (+34.8 L +35.9) LCB  115.73c P  9.73% WF 118.3 PSV      75 N      22  --  B2 F7 F6 E7 D8
A3  : T 119.31c W  99.95c S  18.94c (+34.8 L +35.8) LCB  116.72c P  6.71% WF 128.2 PSV      60 N      22  --  A3 A5 E8 B2 B1
B7  : T 119.50c W  99.94c S  17.90c (+36.8 L +37.9) LCB  111.43c P  1.67% WF  78.8 PSV      14 N      14  --  B7 A8 E8 B2 B1
A5  : T 117.72c W  99.90c S  17.94c (+34.6 L +35.9) LCB  105.51c P  0.69% WF  43.6 PSV       3 N       8  --  A5 A6 D8
F8  : T 117.40c W  99.99c S  17.10c (+33.3 L +34.4) LCB   97.91c P  0.90% WF  33.2 PSV       3 N       6  --  F8 B2 B1
A2  : T 114.23c W  99.83c S  15.34c (+32.8 L +33.9) LCB  -40.07c P  1.18% WF   9.7 PSV       2 N       2  --  A2 F7
A6  : T 115.29c W 100.00c S  15.29c (+33.0 L +33.8) LCB -234.91c P  0.94% WF   4.8 PSV       2 N       1  --  A6

2024-05-21 18:37:31+0800: = D8
2024-05-21 18:37:42+0800: Controller: kata-list_time_settings
2024-05-21 18:37:42+0800: = none absolute byoyomi canadian fischer fischer-capped
2024-05-21 18:37:42+0800: Controller: play black b2
2024-05-21 18:37:42+0800: = 
2024-05-21 18:37:42+0800: Controller: genmove white
2024-05-21 18:37:42+0800: MoveNum: 35 HASH: 882A56E1CB32FAF79D61ABABFBF1AB20
   A B C D E F G H J
 9 . X . . . . . . .
 8 . O X O2. . . . .
 7 X . X O . . . O .
 6 . X O O . . O O .
 5 . O X O X . X O X
 4 X1X X O . . X X .
 3 . O X O . O X . .
 2 . X3O . . O X . .
 1 . @ . . . . . . .

koPOSITIONALscoreAREAtaxNONEsui1komi6.5
Time taken: 0.266
Root visits: 1393
New playouts: 670
NN rows: 129
NN batches: 17
NN avg batch size: 7.58824
PV: B1 D9 E8 A3 D2 E9 F9 C9 F8 A1 C1 A2 G1
Tree:
: T 120.30c W  99.96c S  19.64c (+36.6 L +37.6) N    1393  --  B1 D9 E8 A3 D2 E9 F9
---White(^)---
B1  : T 120.52c W  99.96c S  19.86c (+36.7 L +37.7) LCB  120.09c P 59.57% WF 8018.0 PSV    8002 N    1312  --  B1 D9 E8 A3 D2 E9 F9 C9
D2  : T 116.74c W  99.93c S  16.02c (+34.9 L +36.1) LCB  113.94c P 30.51% WF 335.0 PSV     349 N      65  --  D2 D9 E9 H2 J3 E8 C9
D1  : T 116.46c W  99.88c S  16.45c (+34.4 L +35.6) LCB   87.41c P  1.92% WF  26.7 PSV      21 N       5  --  D1 D9 E8
C1  : T 113.35c W 100.00c S  13.59c (+32.8 L +34.0) LCB  -36.32c P  1.19% WF  10.0 PSV       7 N       2  --  C1 D9
A6  : T 110.27c W 100.00c S  10.28c (+31.6 L +32.5) LCB -239.73c P  1.09% WF   4.4 PSV       5 N       1  --  A6
A5  : T 112.69c W 100.00c S  12.69c (+32.7 L +33.6) LCB -237.52c P  0.94% WF   4.6 PSV       5 N       1  --  A5
B7  : T 113.69c W 100.00c S  13.69c (+33.0 L +34.1) LCB -236.31c P  0.80% WF   5.2 PSV       5 N       1  --  B7
D9  : T 109.08c W 100.00c S   9.08c (+30.9 L +32.1) LCB -240.92c P  1.19% WF   5.0 PSV       4 N       1  --  D9
E2  : T 109.35c W 100.00c S   9.35c (+31.0 L +32.6) LCB -240.65c P  0.77% WF   5.0 PSV       3 N       1  --  E2
A2  : T 111.95c W 100.00c S  11.95c (+32.1 L +33.3) LCB -238.05c P  0.57% WF   4.7 PSV       3 N       1  --  A2

2024-05-21 18:37:42+0800: = B1
2024-05-21 18:37:47+0800: Controller: kata-list_time_settings
2024-05-21 18:37:47+0800: = none absolute byoyomi canadian fischer fischer-capped
2024-05-21 18:37:47+0800: Controller: play black a2
2024-05-21 18:37:47+0800: = 
2024-05-21 18:37:47+0800: Controller: genmove white
2024-05-21 18:37:47+0800: MoveNum: 37 HASH: B62EC394FC5E55D3643399DFC320AD8E
   A B C D E F G H J
 9 . X . . . . . . .
 8 . O X O . . . . .
 7 X . X O . . . O .
 6 . X O O . . O O .
 5 . O X O X . X O X
 4 X X X O . . X X .
 3 . O X O . O X . .
 2 X3X1O @ . O X . .
 1 . O2. . . . . . .

koPOSITIONALscoreAREAtaxNONEsui1komi6.5
Time taken: 0.281
Root visits: 762
New playouts: 331
NN rows: 143
NN batches: 18
NN avg batch size: 7.94444
PV: D2 D9 E9 J4 G1 H1 J2 E8 C9 F6
Tree:
: T 120.48c W  99.91c S  19.14c (+38.1 L +39.4) N     762  --  D2 D9 E9 J4 G1 H1 J2
---White(^)---
D2  : T 121.09c W  99.91c S  19.64c (+38.5 L +39.9) LCB  120.05c P 37.82% WF 2870.4 PSV    2849 N     493  --  D2 D9 E9 J4 G1 H1 J2 E8
E2  : T 119.78c W  99.93c S  18.46c (+37.7 L +39.0) LCB  117.96c P 40.93% WF 1197.9 PSV     742 N     212  --  E2 D9 E9 H2 J3 J4 G1 E8
C1  : T 118.35c W  99.92c S  18.23c (+36.4 L +37.6) LCB  114.17c P  4.53% WF 101.3 PSV      49 N      18  --  C1 D9 E8 E9 F9 C9 F8 A3
D1  : T 118.00c W  99.96c S  17.88c (+36.2 L +37.3) LCB  113.28c P  2.54% WF  81.1 PSV      25 N      15  --  D1 D9 E8 E9 F9 C9 F8
E1  : T 117.67c W  99.91c S  17.41c (+35.9 L +37.3) LCB  108.56c P  2.87% WF  48.0 PSV      25 N       9  --  E1 D2 C1
D9  : T 113.06c W  99.92c S  13.45c (+34.0 L +35.5) LCB   83.16c P  5.01% WF  23.9 PSV      20 N       5  --  D9 D2 E2
A6  : T 116.53c W  99.98c S  16.37c (+35.2 L +36.0) LCB   42.34c P  1.59% WF  14.8 PSV      11 N       3  --  A6 A5
A5  : T 117.50c W 100.00c S  17.10c (+35.6 L +36.3) LCB   43.08c P  1.26% WF  15.3 PSV      10 N       3  --  A5 A3
B7  : T 115.21c W  99.99c S  14.92c (+34.4 L +35.2) LCB  -33.92c P  1.46% WF  10.1 PSV       8 N       2  --  B7 A8
A9  : T 110.70c W  99.99c S  10.71c (+32.6 L +33.8) LCB -239.30c P  1.14% WF   4.7 PSV       3 N       1  --  A9

2024-05-21 18:37:47+0800: = D2
2024-05-21 18:37:51+0800: Controller: kata-list_time_settings
2024-05-21 18:37:51+0800: = none absolute byoyomi canadian fischer fischer-capped
2024-05-21 18:37:51+0800: Controller: play black f6
2024-05-21 18:37:51+0800: = 
2024-05-21 18:37:51+0800: Controller: genmove white
2024-05-21 18:37:51+0800: MoveNum: 39 HASH: 888BBA2F61A1D4877B2F0B8E14084BDD
   A B C D E F G H J
 9 . X . . . . . . .
 8 . O X O . @ . . .
 7 X . X O . . . O .
 6 . X O O . X3O O .
 5 . O X O X . X O X
 4 X X X O . . X X .
 3 . O X O . O X . .
 2 X1X O O2. O X . .
 1 . O . . . . . . .

koPOSITIONALscoreAREAtaxNONEsui1komi6.5
Time taken: 0.281
Root visits: 212
New playouts: 152
NN rows: 144
NN batches: 18
NN avg batch size: 8
PV: F8 E8 D9 E7 F7 E6
Tree:
: T 120.62c W  99.84c S  19.66c (+38.9 L +40.2) N     212  --  F8 E8 D9 E7 F7 E6
---White(^)---
F8  : T 122.35c W  99.90c S  21.88c (+39.7 L +40.7) LCB  120.78c P 24.19% WF 526.4 PSV     735 N      84  --  F8 E8 D9 E7 F7 E6
F7  : T 119.40c W  99.97c S  18.95c (+37.8 L +38.8) LCB  116.94c P 48.93% WF 390.5 PSV     193 N      66  --  F7 D9 E8 E9 F9 C9 C1
D9  : T 119.03c W  99.36c S  17.40c (+39.8 L +42.4) LCB  113.05c P 15.22% WF 115.9 PSV      54 N      36  --  D9 J4 H1 G8 F7 G7
G8  : T 117.93c W  99.88c S  17.24c (+37.8 L +39.3) LCB  108.07c P  5.99% WF  47.4 PSV      16 N      10  --  G8 E8 D9 F8 F9
E9  : T 120.20c W  99.68c S  18.51c (+38.9 L +40.9) LCB  113.34c P  1.67% WF  55.7 PSV       8 N      12  --  E9 G8 F7 H8 G7
E8  : T 103.05c W  92.15c S  10.89c (+35.3 L +38.9) LCB -246.95c P  2.95% WF   1.9 PSV       2 N       1  --  E8
F9  : T 111.31c W  98.96c S  13.56c (+36.8 L +39.3) LCB  -39.03c P  0.30% WF   6.5 PSV       0 N       2  --  F9 F7

2024-05-21 18:37:51+0800: = F8
2024-05-21 18:37:57+0800: Controller: kata-list_time_settings
2024-05-21 18:37:57+0800: = none absolute byoyomi canadian fischer fischer-capped
2024-05-21 18:37:57+0800: Controller: play black f4
2024-05-21 18:37:57+0800: = 
2024-05-21 18:37:57+0800: Controller: genmove white
2024-05-21 18:37:57+0800: MoveNum: 41 HASH: DF7AEED86A0DE100EB26DD3F2767C885
   A B C D E F G H J
 9 . X . @ . . . . .
 8 . O X O . O2. . .
 7 X . X O . . . O .
 6 . X O O . X1O O .
 5 . O X O X . X O X
 4 X X X O . X3X X .
 3 . O X O . O X . .
 2 X X O O . O X . .
 1 . O . . . . . . .

koPOSITIONALscoreAREAtaxNONEsui1komi6.5
Time taken: 0.234
Root visits: 129
New playouts: 123
NN rows: 126
NN batches: 17
NN avg batch size: 7.41176
PV: D9 C9 C1 F7
Tree:
: T 120.18c W  99.92c S  19.87c (+40.5 L +41.3) N     129  --  D9 C9 C1 F7
---White(^)---
D9  : T 121.45c W  99.92c S  21.21c (+41.1 L +41.7) LCB  119.17c P 68.80% WF 186.9 PSV     185 N      29  --  D9 C9 C1 F7
B7  : T 120.07c W  99.94c S  19.30c (+40.5 L +41.5) LCB  112.07c P  4.77% WF  57.8 PSV       9 N      10  --  B7 A8 D9 C9
A9  : T 121.78c W  99.90c S  21.05c (+41.2 L +41.8) LCB  110.06c P  3.33% WF  49.3 PSV       9 N       8  --  A9 G8 F7
A6  : T 120.42c W  99.96c S  19.85c (+40.7 L +41.6) LCB  113.41c P  4.34% WF  64.8 PSV       8 N      11  --  A6 B7 D9 C9
A5  : T 121.33c W  99.91c S  20.67c (+41.3 L +42.2) LCB  108.87c P  3.06% WF  47.6 PSV       6 N       8  --  A5 H2 J3
E9  : T 120.98c W  99.96c S  21.01c (+41.1 L +41.9) LCB  110.72c P  1.45% WF  56.5 PSV       3 N       9  --  E9 C9 D9
C1  : T 119.05c W  99.87c S  18.75c (+39.9 L +40.9) LCB  103.97c P  2.07% WF  38.0 PSV       3 N       7  --  C1 G8 F7
F7  : T 119.95c W  99.98c S  19.29c (+39.7 L +39.8) LCB  100.20c P  1.16% WF  37.6 PSV       2 N       6  --  F7 D9 E9 C9
E6  : T 117.33c W  99.99c S  17.64c (+38.9 L +39.7) LCB   87.91c P  1.86% WF  26.1 PSV       2 N       5  --  E6 D9 E9
G1  : T 119.32c W  99.86c S  18.70c (+39.7 L +41.1) LCB  107.30c P  0.78% WF  42.7 PSV       1 N       8  --  G1 G8 F7 D9

2024-05-21 18:37:57+0800: = D9
2024-05-21 18:38:04+0800: Controller: kata-list_time_settings
2024-05-21 18:38:04+0800: = none absolute byoyomi canadian fischer fischer-capped
2024-05-21 18:38:04+0800: Controller: play black a8
2024-05-21 18:38:04+0800: = 
2024-05-21 18:38:04+0800: Controller: genmove white
2024-05-21 18:38:04+0800: MoveNum: 43 HASH: A5E9731E027762E82308AC6115708492
   A B C D E F G H J
 9 . X @ O2. . . . .
 8 X3O X O . O . . .
 7 X . X O . . . O .
 6 . X O O . X O O .
 5 . O X O X . X O X
 4 X X X O . X1X X .
 3 . O X O . O X . .
 2 X X O O . O X . .
 1 . O . . . . . . .

koPOSITIONALscoreAREAtaxNONEsui1komi6.5
Time taken: 0.281
Root visits: 174
New playouts: 145
NN rows: 141
NN batches: 18
NN avg batch size: 7.83333
PV: C9 B7 C1 A3
Tree:
: T 121.58c W  99.97c S  21.42c (+42.3 L +42.9) N     174  --  C9 B7 C1 A3
---White(^)---
C9  : T 122.41c W  99.98c S  22.32c (+43.0 L +43.9) LCB  121.34c P 49.68% WF 271.0 PSV     269 N      41  --  C9 B7 C1 A3
C1  : T 121.28c W  99.94c S  20.99c (+42.1 L +43.0) LCB  119.07c P 22.25% WF 168.5 PSV      81 N      25  --  C1 C9 F7 G1
F7  : T 122.17c W  99.94c S  21.64c (+42.4 L +42.7) LCB  114.97c P  2.29% WF  68.8 PSV      11 N      10  --  F7 C9 C1 G1
E6  : T 121.10c W  99.97c S  21.09c (+41.8 L +42.3) LCB  115.87c P  2.95% WF  84.8 PSV      10 N      13  --  E6 C9 C1 A3
G1  : T 122.07c W  99.97c S  21.85c (+42.3 L +42.7) LCB  115.96c P  2.06% WF  72.9 PSV       9 N      11  --  G1 C9 C1 H1
A6  : T 122.23c W  99.97c S  21.69c (+43.1 L +44.0) LCB  114.13c P  1.86% WF  63.6 PSV       8 N      10  --  A6 B7 C9
H2  : T 120.38c W  99.96c S  20.77c (+41.6 L +42.3) LCB  114.58c P  2.47% WF  75.6 PSV       7 N      12  --  H2 C9 C1 H1 J2
E4  : T 121.17c W  99.97c S  21.18c (+41.8 L +42.1) LCB  114.94c P  2.00% WF  71.1 PSV       7 N      11  --  E4 C9 C1 A3
A5  : T 121.68c W  99.99c S  21.35c (+42.3 L +42.9) LCB  109.51c P  2.13% WF  50.3 PSV       7 N       8  --  A5 A3 C9
G7  : T 120.87c W  99.98c S  20.75c (+41.6 L +41.7) LCB  109.03c P  1.79% WF  51.4 PSV       5 N       8  --  G7 C9 C1 A3 A1

2024-05-21 18:38:04+0800: = C9
2024-05-21 18:38:07+0800: Controller: kata-list_time_settings
2024-05-21 18:38:07+0800: = none absolute byoyomi canadian fischer fischer-capped
2024-05-21 18:38:07+0800: Controller: play black b7
2024-05-21 18:38:07+0800: = 
2024-05-21 18:38:07+0800: Controller: genmove white
2024-05-21 18:38:08+0800: MoveNum: 45 HASH: 94CCA79BCABE9AE066F85A3519652B15
   A B C D E F G H J
 9 . X O2O . . . . .
 8 X1. X O . O . . .
 7 X X3X O . . . O .
 6 . X O O . X O O .
 5 . O X O X . X O X
 4 X X X O . X X X .
 3 . O X O . O X . .
 2 X X O O . O X . .
 1 . O @ . . . . . .

koPOSITIONALscoreAREAtaxNONEsui1komi6.5
Time taken: 0.281
Root visits: 1469
New playouts: 164
NN rows: 141
NN batches: 18
NN avg batch size: 7.83333
PV: C1 A3 A1 G8 F7 G1 J4
Tree:
: T 121.37c W  99.90c S  20.83c (+43.4 L +44.3) N    1469  --  C1 A3 A1 G8 F7 G1 J4
---White(^)---
C1  : T 122.13c W  99.88c S  21.41c (+43.9 L +44.8) LCB  121.48c P 27.65% WF 6491.9 PSV    6431 N     952  --  C1 A3 A1 G8 F7 G1 J4
E6  : T 120.01c W  99.94c S  19.86c (+42.3 L +43.0) LCB  118.65c P 11.30% WF 391.5 PSV     264 N      59  --  E6 A3 J4 A1 C1
F7  : T 120.21c W  99.93c S  20.22c (+42.6 L +43.1) LCB  118.84c P  8.32% WF 454.5 PSV     212 N      68  --  F7 A3 E4 A1 C1
E4  : T 119.33c W  99.90c S  19.22c (+41.9 L +42.7) LCB  118.03c P  9.50% WF 237.6 PSV     172 N      36  --  E4 A3 F7 A1 C1
G7  : T 119.83c W  99.95c S  19.68c (+42.5 L +43.2) LCB  117.10c P  6.11% WF 261.8 PSV     106 N      39  --  G7 A3 E6 A1 C1
H2  : T 119.44c W  99.94c S  19.37c (+41.8 L +42.5) LCB  117.25c P  5.68% WF 148.5 PSV     106 N      22  --  H2 A3 C1 A1 G1
G1  : T 119.56c W  99.91c S  19.47c (+42.0 L +42.9) LCB  116.75c P  4.48% WF 118.8 PSV      87 N      18  --  G1 A3 H2
E2  : T 120.60c W  99.90c S  20.15c (+42.9 L +44.0) LCB  118.59c P  1.89% WF 350.2 PSV      58 N      54  --  E2 A3 F7 H2
J4  : T 119.53c W  99.93c S  19.48c (+42.3 L +43.3) LCB  115.26c P  2.98% WF 106.4 PSV      57 N      16  --  J4 A3 E4
G8  : T 118.76c W  99.96c S  18.88c (+41.8 L +42.6) LCB  113.86c P  3.23% WF  89.5 PSV      43 N      13  --  G8 A3 E6

2024-05-21 18:38:08+0800: = C1
2024-05-21 18:38:13+0800: Controller: kata-list_time_settings
2024-05-21 18:38:13+0800: = none absolute byoyomi canadian fischer fischer-capped
2024-05-21 18:38:13+0800: Controller: play black f7
2024-05-21 18:38:13+0800: = 
2024-05-21 18:38:13+0800: Controller: genmove white
2024-05-21 18:38:13+0800: MoveNum: 47 HASH: F624364A1E9FF2F24C1C1805AA171598
   A B C D E F G H J
 9 . X O O . . . . .
 8 X . X O . O @ . .
 7 X X1X O . X3. O .
 6 . X O O . X O O .
 5 . O X O X . X O X
 4 X X X O . X X X .
 3 . O X O . O X . .
 2 X X O O . O X . .
 1 . O O2. . . . . .

koPOSITIONALscoreAREAtaxNONEsui1komi6.5
Time taken: 0.281
Root visits: 462
New playouts: 267
NN rows: 138
NN batches: 18
NN avg batch size: 7.66667
PV: G8 A3 A1 A5 H2 H1
Tree:
: T 121.40c W  99.92c S  20.96c (+44.0 L +44.9) N     462  --  G8 A3 A1 A5 H2 H1
---White(^)---
G8  : T 121.67c W  99.95c S  21.31c (+44.1 L +44.8) LCB  120.26c P 58.51% WF 2283.4 PSV    2277 N     332  --  G8 A3 A1 A5 H2 H1
G7  : T 120.96c W  99.85c S  20.41c (+44.0 L +45.3) LCB  119.12c P 23.28% WF 489.8 PSV     493 N      77  --  G7 A3 A1 E8 G8 E9 E7 F1
H8  : T 120.57c W  99.87c S  19.93c (+43.8 L +45.2) LCB  117.72c P 14.92% WF 309.0 PSV     295 N      47  --  H8 A3 A1 E4 E6 E8
G9  : T 117.41c W  99.73c S  20.55c (+44.9 L +47.3) LCB  -38.74c P  1.13% WF  12.4 PSV       5 N       2  --  G9 E8
H9  : T 117.60c W  99.70c S  20.69c (+45.0 L +47.3) LCB  -37.00c P  0.65% WF  12.6 PSV       3 N       2  --  H9 G8
F9  : T  67.10c W  80.71c S -13.62c (+15.2 L +14.7) LCB -283.18c P  0.88% WF   0.7 PSV       0 N       1  --  F9

2024-05-21 18:38:13+0800: = G8
2024-05-21 18:38:16+0800: Controller: kata-list_time_settings
2024-05-21 18:38:16+0800: = none absolute byoyomi canadian fischer fischer-capped
2024-05-21 18:38:16+0800: Controller: play black e6
2024-05-21 18:38:16+0800: = 
2024-05-21 18:38:16+0800: Controller: genmove white
2024-05-21 18:38:17+0800: MoveNum: 49 HASH: A7862440AEB80BD1441F5E0B29B1055C
   A B C D E F G H J
 9 . X O O . . . . .
 8 X . X O . O O2. .
 7 X X X O . X1. O .
 6 . X O O X3X O O .
 5 . O X O X . X O X
 4 X X X O @ X X X .
 3 . O X O . O X . .
 2 X X O O . O X . .
 1 . O O . . . . . .

koPOSITIONALscoreAREAtaxNONEsui1komi6.5
Time taken: 0.234
Root visits: 170
New playouts: 149
NN rows: 122
NN batches: 16
NN avg batch size: 7.625
PV: E4 A3 A1 pass G1 H1
Tree:
: T 120.45c W  99.96c S  18.53c (+43.6 L +44.4) N     170  --  E4 A3 A1 pass G1 H1
---White(^)---
E4  : T 121.04c W  99.97c S  20.77c (+44.0 L +44.9) LCB  120.12c P 95.07% WF 1123.1 PSV    1120 N     162  --  E4 A3 A1 pass G1 H1
A5  : T  82.62c W  99.80c S -17.17c (+16.9 L +17.1) LCB -267.38c P  2.02% WF   3.6 PSV       0 N       1  --  A5
H1  : T  64.41c W  85.81c S -21.40c ( +5.0 L  +4.1) LCB -285.59c P  1.34% WF   0.5 PSV       0 N       1  --  H1
A1  : T  77.28c W  99.84c S -22.56c ( +9.3 L  +9.1) LCB -272.72c P  0.39% WF   3.6 PSV       0 N       1  --  A1
G1  : T  75.37c W  99.73c S -24.35c ( +5.1 L  +4.3) LCB -274.63c P  0.26% WF   2.5 PSV       0 N       1  --  G1
H2  : T  73.83c W  98.57c S -24.74c ( +4.3 L  +3.8) LCB -276.17c P  0.20% WF   1.2 PSV       0 N       1  --  H2
J4  : T  74.17c W  99.26c S -25.09c ( +3.5 L  +3.1) LCB -275.83c P  0.10% WF   2.1 PSV       0 N       1  --  J4
F1  : T  74.27c W  99.51c S -25.24c ( +3.1 L  +2.7) LCB -275.73c P  0.09% WF   1.9 PSV       0 N       1  --  F1

2024-05-21 18:38:17+0800: = E4
2024-05-21 18:38:40+0800: Controller: kata-list_time_settings
2024-05-21 18:38:40+0800: = none absolute byoyomi canadian fischer fischer-capped
2024-05-21 18:38:40+0800: Controller: play black j3
2024-05-21 18:38:40+0800: = 
2024-05-21 18:38:40+0800: Controller: genmove white
2024-05-21 18:38:40+0800: MoveNum: 51 HASH: AB013DB796CB4C4E0CE2C818568D3CE1
   A B C D E F G H J
 9 . X O O . . . . .
 8 X . X O . O O . .
 7 X X X O . X . O .
 6 . X O O X1X O O .
 5 . O X O X . X O X
 4 X X X O O2X X X .
 3 . O X O . O X . X3
 2 X X O O . O X . .
 1 . O O . . . . @ .

koPOSITIONALscoreAREAtaxNONEsui1komi6.5
Time taken: 0.25
Root visits: 385
New playouts: 209
NN rows: 131
NN batches: 16
NN avg batch size: 8.1875
PV: H1 G1 H2 A3 A1 pass E7
Tree:
: T 121.98c W  99.99c S  21.77c (+44.2 L +44.8) N     385  --  H1 G1 H2 A3 A1 pass E7
---White(^)---
H1  : T 122.59c W  99.98c S  22.50c (+44.7 L +45.3) LCB  121.96c P 16.72% WF 1196.2 PSV    5808 N     169  --  H1 G1 H2 A3 A1 pass E7
H2  : T 121.51c W 100.00c S  21.25c (+43.8 L +44.5) LCB  120.71c P 80.12% WF 1517.2 PSV    1527 N     214  --  H2 A3 A1 H1 J2 pass J6 A5
G1  : T 100.67c W  99.71c S   0.97c (+32.0 L +33.6) LCB -249.33c P  1.77% WF   0.9 PSV       1 N       1  --  G1

2024-05-21 18:38:40+0800: = H1
2024-05-21 18:39:49+0800: Controller: kata-list_time_settings
2024-05-21 18:39:49+0800: = none absolute byoyomi canadian fischer fischer-capped
2024-05-21 18:39:49+0800: Controller: play black j6
2024-05-21 18:39:49+0800: = 
2024-05-21 18:39:49+0800: Controller: genmove white
2024-05-21 18:39:50+0800: MoveNum: 53 HASH: 1AF1BD1AEB44D0900B06F669A350AE2D
   A B C D E F G H J
 9 . X O O . . . . .
 8 X . X O . O O . .
 7 X X X O . X . O .
 6 . X O O X X O O X3
 5 . O X O X . X O X
 4 X X X O O X X X .
 3 . O X O . O X . X1
 2 X X O O . O X . .
 1 . O O . . . @ O2.

koPOSITIONALscoreAREAtaxNONEsui1komi6.5
Time taken: 0.25
Root visits: 334
New playouts: 202
NN rows: 134
NN batches: 16
NN avg batch size: 8.375
PV: G1 A3 A1 A5 J7
Tree:
: T 121.91c W  99.97c S  21.94c (+44.4 L +45.0) N     334  --  G1 A3 A1 A5 J7
---White(^)---
G1  : T 122.26c W 100.00c S  22.31c (+44.5 L +45.3) LCB  121.37c P 15.18% WF 360.1 PSV     547 N      49  --  G1 A3 A1 A5 J7
J7  : T 122.20c W  99.99c S  22.33c (+44.6 L +45.2) LCB  121.26c P 14.31% WF 419.0 PSV     418 N      60  --  J7 A3 A1 pass G1 A5
H2  : T 121.94c W 100.00c S  21.91c (+44.2 L +44.8) LCB  120.87c P 15.06% WF 303.2 PSV     304 N      42  --  H2 A3 A1 pass J7
A1  : T 122.19c W  99.94c S  22.03c (+44.7 L +45.2) LCB  121.04c P 17.61% WF 288.4 PSV     288 N      44  --  A1 A3 G1 A5 J7
E7  : T 122.19c W  99.98c S  22.20c (+44.6 L +45.0) LCB  120.73c P  5.14% WF 178.0 PSV     148 N      26  --  E7 A3 A1 pass G1
G7  : T 122.16c W  99.97c S  22.17c (+44.5 L +44.9) LCB  120.44c P  5.13% WF 136.7 PSV     137 N      20  --  G7 A3 A1 pass G1
H8  : T 121.81c W  99.97c S  21.72c (+44.2 L +44.7) LCB  119.86c P  5.09% WF 134.7 PSV      91 N      20  --  H8 A3 A1 A5 G1
E2  : T 121.51c W  99.94c S  21.22c (+44.1 L +44.8) LCB  118.29c P  3.05% WF 100.7 PSV      42 N      15  --  E2 A3 A1 pass G1
A5  : T 122.83c W 100.00c S  22.32c (+44.7 L +44.5) LCB   48.11c P  1.05% WF  20.1 PSV      21 N       3  --  A5 A3
E8  : T 120.52c W  99.90c S  20.58c (+43.7 L +44.5) LCB  100.33c P  2.35% WF  38.7 PSV      18 N       6  --  E8 A3 A1

2024-05-21 18:39:50+0800: = G1
2024-05-21 18:39:55+0800: Controller: kata-list_time_settings
2024-05-21 18:39:55+0800: = none absolute byoyomi canadian fischer fischer-capped
2024-05-21 18:39:55+0800: Controller: play black g7
2024-05-21 18:39:55+0800: = 
2024-05-21 18:39:55+0800: Controller: genmove white
2024-05-21 18:39:55+0800: MoveNum: 55 HASH: 470068321603C364B180C90C903572FA
   A B C D E F G H J
 9 . X O O . . . . .
 8 X . X O . O O @ .
 7 X X X O . X X3O .
 6 . X O O X X O O X1
 5 . O X O X . X O X
 4 X X X O O X X X .
 3 . O X O . O X . X
 2 X X O O . O X . .
 1 . O O . . . O2O .

koPOSITIONALscoreAREAtaxNONEsui1komi6.5
Time taken: 0.203
Root visits: 213
New playouts: 155
NN rows: 107
NN batches: 14
NN avg batch size: 7.64286
PV: H8 A3 A1 pass F1 pass
Tree:
: T 122.12c W  99.99c S  22.12c (+44.7 L +45.6) N     213  --  H8 A3 A1 pass F1 pass
---White(^)---
H8  : T 122.14c W 100.00c S  22.16c (+44.7 L +45.7) LCB  121.57c P 51.51% WF 725.9 PSV     726 N      98  --  H8 A3 A1 pass F1 pass
E7  : T 121.99c W  99.98c S  21.93c (+44.7 L +45.5) LCB  121.06c P 28.73% WF 374.6 PSV     354 N      53  --  E7 A3 A1 pass F5
J7  : T 122.11c W  99.97c S  22.17c (+44.9 L +45.6) LCB  119.90c P  9.93% WF 189.7 PSV     136 N      27  --  J7 H8 J4 J8 H9
J8  : T 122.28c W  99.99c S  22.36c (+44.9 L +45.3) LCB  120.25c P  5.84% WF 160.9 PSV      88 N      23  --  J8 A3 A1 A5 E7
H9  : T 122.21c W  99.97c S  22.21c (+44.9 L +45.3) LCB  115.65c P  3.65% WF  75.0 PSV      47 N      11  --  H9 A3 A1 A5

2024-05-21 18:39:55+0800: = H8
2024-05-21 18:40:00+0800: Controller: kata-list_time_settings
2024-05-21 18:40:00+0800: = none absolute byoyomi canadian fischer fischer-capped
2024-05-21 18:40:00+0800: Controller: play black h2
2024-05-21 18:40:00+0800: = 
2024-05-21 18:40:00+0800: Controller: genmove white
2024-05-21 18:40:00+0800: MoveNum: 57 HASH: CE1BEBC043472C539A2DDCC03D7EC2A5
   A B C D E F G H J
 9 . X O O . . . . .
 8 X . X O . O O O2.
 7 X X X O . X X1O .
 6 . X O O X X O O X
 5 . O X O X . X O X
 4 X X X O O X X X .
 3 . O X O . O X . X
 2 X X O O . O X X3.
 1 @ O O . . . O O .

koPOSITIONALscoreAREAtaxNONEsui1komi6.5
Time taken: 0.265
Root visits: 171
New playouts: 104
NN rows: 94
NN batches: 11
NN avg batch size: 8.54545
PV: A1 A3 F1 pass
Tree:
: T 122.30c W  99.99c S  22.25c (+44.9 L +45.4) N     171  --  A1 A3 F1 pass
---White(^)---
A1  : T 122.26c W  99.99c S  22.22c (+44.9 L +45.5) LCB  121.02c P 22.45% WF 200.0 PSV     216 N      29  --  A1 A3 F1 pass
F1  : T 122.45c W 100.00c S  22.56c (+45.0 L +45.4) LCB  120.52c P 18.14% WF 150.4 PSV     151 N      21  --  F1 A3 A1 A5 J7
J7  : T 122.64c W 100.00c S  22.51c (+45.0 L +45.4) LCB  120.21c P 13.66% WF 110.7 PSV     111 N      16  --  J7 A3 A1 A5 J4
J2  : T 122.80c W  99.97c S  22.64c (+45.2 L +45.7) LCB  118.90c P  7.15% WF  96.2 PSV      96 N      14  --  J2 A3 A1 pass
E7  : T 122.07c W  99.99c S  22.08c (+44.8 L +45.3) LCB  119.22c P 11.41% WF 114.2 PSV      90 N      17  --  E7 A3 A1 F1
E2  : T 122.25c W  99.99c S  22.19c (+44.9 L +45.0) LCB  114.85c P  3.29% WF  65.8 PSV      29 N      10  --  E2 A3 A1 A5
E8  : T 122.03c W 100.00c S  22.10c (+44.8 L +45.0) LCB  114.67c P  3.64% WF  65.7 PSV      28 N      10  --  E8 A3 A1 pass
E3  : T 121.97c W 100.00c S  21.95c (+44.7 L +45.1) LCB  114.47c P  3.68% WF  65.9 PSV      27 N      10  --  E3 A3 A1 A5
F9  : T 122.78c W 100.00c S  22.50c (+45.0 L +45.3) LCB  102.42c P  1.57% WF  41.6 PSV      12 N       6  --  F9 A3 A1 A5
D1  : T 122.62c W  99.98c S  22.47c (+45.1 L +45.4) LCB  107.01c P  1.56% WF  45.2 PSV      11 N       7  --  D1 A3 A1 A5

2024-05-21 18:40:00+0800: = A1
2024-05-21 18:40:05+0800: Controller: kata-list_time_settings
2024-05-21 18:40:05+0800: = none absolute byoyomi canadian fischer fischer-capped
2024-05-21 18:40:05+0800: Controller: play black a3
2024-05-21 18:40:05+0800: = 
2024-05-21 18:40:05+0800: Controller: genmove white
2024-05-21 18:40:05+0800: MoveNum: 59 HASH: 37646DE15827BE202327F0325218671F
   A B C D E F G H J
 9 . X O O . . . . .
 8 X . X O . O O O .
 7 X X X O . X X O .
 6 . X O O X X O O X
 5 . O X O X . X O X
 4 X X X O O X X X .
 3 X3. X O . O X . X
 2 X X O O . O X X1.
 1 O2O O . . @ O O .

koPOSITIONALscoreAREAtaxNONEsui1komi6.5
Time taken: 0.281
Root visits: 2206
New playouts: 126
NN rows: 89
NN batches: 12
NN avg batch size: 7.41667
PV: F1 pass J2 pass E7
Tree:
: T 122.26c W 100.00c S  22.18c (+45.1 L +45.8) N    2206  --  F1 pass J2 pass E7
---White(^)---
F1  : T 122.41c W 100.00c S  22.33c (+45.2 L +45.9) LCB  122.13c P 19.91% WF 3694.1 PSV    3687 N     508  --  F1 pass J2 pass E7
J7  : T 122.39c W 100.00c S  22.29c (+45.2 L +45.9) LCB  122.08c P 16.02% WF 3017.4 PSV    2787 N     420  --  J7 F1 E1 pass J4 A5
E7  : T 122.34c W  99.99c S  22.26c (+45.2 L +45.9) LCB  122.04c P 13.78% WF 2576.6 PSV    2126 N     358  --  E7 F1 E1 A5 F1 pass
J2  : T 122.58c W  99.99c S  22.47c (+45.4 L +45.9) LCB  122.11c P  9.16% WF 1881.9 PSV    1875 N     267  --  J2 F5 F1 pass E7
E2  : T 121.76c W  99.99c S  21.71c (+44.8 L +45.5) LCB  120.99c P  4.66% WF 521.9 PSV     288 N      74  --  E2 pass J7 H3
J1  : T 122.20c W  99.99c S  22.10c (+45.1 L +45.7) LCB  120.78c P  6.18% WF 828.3 PSV     284 N     116  --  J1 A5 F1 pass E7
E3  : T 121.51c W  99.99c S  21.50c (+44.7 L +45.4) LCB  120.42c P  5.29% WF 349.9 PSV     260 N      50  --  E3 pass E7 A5
E8  : T 121.46c W 100.00c S  21.42c (+44.6 L +45.4) LCB  120.56c P  5.16% WF 359.1 PSV     242 N      51  --  E8 A5 F1 pass J7 pass
D1  : T 122.38c W 100.00c S  22.29c (+45.2 L +45.9) LCB  121.11c P  2.07% WF 828.3 PSV     112 N     115  --  D1 A5 F1 pass J7
A5  : T 122.11c W 100.00c S  21.95c (+45.0 L +45.6) LCB  120.35c P  1.87% WF 273.8 PSV      79 N      39  --  A5 A6 J7 J4

2024-05-21 18:40:05+0800: = F1
2024-05-21 18:40:12+0800: Controller: kata-list_time_settings
2024-05-21 18:40:12+0800: = none absolute byoyomi canadian fischer fischer-capped
2024-05-21 18:40:12+0800: Controller: play black pass
2024-05-21 18:40:12+0800: = 
2024-05-21 18:40:12+0800: Controller: genmove white
2024-05-21 18:40:13+0800: MoveNum: 61 HASH: FCEF02682A94253B117D59815A561E25
   A B C D E F G H J
 9 . X O O . . . . .
 8 X . X O . O O O .
 7 X X X O . X X O .
 6 . X O O X X O O X
 5 . O X O X . X O X
 4 X X X O O X X X .
 3 X1. X O . O X . X
 2 X X O O . O X X @
 1 O O O . . O2O O .

koPOSITIONALscoreAREAtaxNONEsui1komi6.5
Time taken: 0.14
Root visits: 2116
New playouts: 2116
NN rows: 34
NN batches: 6
NN avg batch size: 5.66667
PV: J2 H3 J1 pass E7 pass F5
Tree:
: T 121.04c W 100.00c S  21.06c (+45.0 L +45.9) N    2116  --  J2 H3 J1 pass E7 pass F5
---White(^)---
J2  : T 121.29c W 100.00c S  21.29c (+45.2 L +46.0) LCB  121.00c P 14.17% WF 4920.4 PSV    7528 N     678  --  J2 H3 J1 pass E7 pass F5
J7  : T 121.05c W 100.00c S  21.10c (+45.1 L +46.0) LCB  120.78c P 21.22% WF 4362.3 PSV    3052 N     600  --  J7 H3 J4 pass J5 pass
E7  : T 121.00c W 100.00c S  21.11c (+45.0 L +46.0) LCB  120.70c P 17.77% WF 2715.4 PSV    2267 N     372  --  E7 H3 J2 A5 F5 pass
E2  : T 120.85c W 100.00c S  20.83c (+44.9 L +45.7) LCB  120.20c P  5.30% WF 947.6 PSV     510 N     133  --  E2 pass E7 pass F5
E3  : T 120.75c W 100.00c S  20.68c (+44.9 L +45.7) LCB  119.77c P  5.35% WF 581.7 PSV     447 N      82  --  E3 A5 J7 pass J4
E8  : T 120.06c W 100.00c S  20.09c (+44.5 L +45.4) LCB  118.98c P  6.40% WF 361.4 PSV     271 N      51  --  E8 pass E7 pass F5
J1  : T 120.82c W 100.00c S  20.74c (+44.8 L +45.8) LCB  118.58c P  4.24% WF 210.1 PSV     165 N      29  --  J1 pass E7 pass
E1  : T 121.26c W 100.00c S  21.14c (+45.1 L +45.8) LCB  119.26c P  2.82% WF 237.7 PSV     158 N      33  --  E1 pass J7 A5 J4
D1  : T 121.07c W 100.00c S  21.07c (+45.0 L +45.9) LCB  118.78c P  2.91% WF 200.7 PSV     139 N      28  --  D1 pass J7 pass J4
E9  : T 120.77c W 100.00c S  20.61c (+44.8 L +45.5) LCB  117.64c P  2.62% WF 141.9 PSV      99 N      20  --  E9 pass E7 pass

2024-05-21 18:40:13+0800: = J2
2024-05-21 18:40:18+0800: Controller: kata-list_time_settings
2024-05-21 18:40:18+0800: = none absolute byoyomi canadian fischer fischer-capped
2024-05-21 18:40:18+0800: Controller: play black pass
2024-05-21 18:40:18+0800: = 
2024-05-21 18:40:18+0800: Controller: genmove white
2024-05-21 18:40:18+0800: MoveNum: 63 HASH: 8A3B64CB736038F66212E22F2EC6CA2C
   A B C D E F G H J
 9 . X O O . . . . .
 8 X . X O . O O O .
 7 X X X O . X X O @
 6 . X O O X X O O X
 5 . O X O X . X O X
 4 X X X O O X X X .
 3 X . X O . O X . X
 2 X X O O . O X X O2
 1 O O O . . O O O .

koPOSITIONALscoreAREAtaxNONEsui1komi6.5
Time taken: 0.078
Root visits: 1459
New playouts: 1459
NN rows: 18
NN batches: 4
NN avg batch size: 4.5
PV: J7 pass J4 pass H3 A5
Tree:
: T 120.58c W 100.00c S  20.60c (+45.2 L +46.1) N    1459  --  J7 pass J4 pass H3 A5
---White(^)---
J7  : T 120.69c W 100.00c S  20.74c (+45.2 L +46.2) LCB  120.33c P 22.02% WF 2594.0 PSV    3450 N     356  --  J7 pass J4 pass H3 A5
J1  : T 120.60c W 100.00c S  20.64c (+45.2 L +46.2) LCB  120.16c P 21.78% WF 2554.4 PSV    2108 N     354  --  J1 pass J7 pass J4 pass
E7  : T 120.49c W 100.00c S  20.63c (+45.2 L +46.2) LCB  120.14c P 17.08% WF 2207.4 PSV    1343 N     303  --  E7 pass F5 pass E2
E3  : T 120.70c W 100.00c S  20.67c (+45.3 L +46.0) LCB  119.87c P  5.12% WF 833.3 PSV     624 N     118  --  E3 pass J1 pass J7
E2  : T 120.65c W 100.00c S  20.61c (+45.2 L +46.0) LCB  119.93c P  4.76% WF 866.1 PSV     506 N     122  --  E2 pass J7 pass J4
E8  : T 119.94c W 100.00c S  19.85c (+44.8 L +45.7) LCB  118.80c P  5.69% WF 339.3 PSV     233 N      48  --  E8 pass J1 pass
E1  : T 120.86c W 100.00c S  20.57c (+45.2 L +46.0) LCB  118.21c P  2.54% WF 186.0 PSV     107 N      26  --  E1 pass J1 A5
D1  : T 120.82c W 100.00c S  20.72c (+45.2 L +46.1) LCB  118.56c P  2.60% WF 228.9 PSV     106 N      32  --  D1 pass J1 A5
E9  : T 120.67c W 100.00c S  20.50c (+45.1 L +45.8) LCB  117.93c P  2.39% WF 141.2 PSV      86 N      20  --  E9 pass E7 pass F5
F9  : T 120.48c W 100.00c S  20.37c (+45.0 L +45.7) LCB  116.80c P  2.45% WF 113.3 PSV      76 N      16  --  F9 pass E7 pass F5

2024-05-21 18:40:18+0800: = J7
2024-05-21 18:40:21+0800: Controller: kata-list_time_settings
2024-05-21 18:40:21+0800: = none absolute byoyomi canadian fischer fischer-capped
2024-05-21 18:40:21+0800: Controller: play black pass
2024-05-21 18:40:21+0800: = 
2024-05-21 18:40:21+0800: Controller: genmove white
2024-05-21 18:40:21+0800: MoveNum: 65 HASH: 00D977BE80DC175729E06DB5B9869372
   A B C D E F G H J
 9 . X O O . . . . .
 8 X . X O . O O O .
 7 X X X O . X X O O2
 6 . X O O X X O O X
 5 . O X O X . X O X
 4 X X X O O X X X @
 3 X . X O . O X . X
 2 X X O O . O X X O
 1 O O O . . O O O .

koPOSITIONALscoreAREAtaxNONEsui1komi6.5
Time taken: 0.141
Root visits: 1121
New playouts: 1121
NN rows: 33
NN batches: 5
NN avg batch size: 6.6
PV: J4 pass E7 pass F5 pass
Tree:
: T 120.31c W 100.00c S  20.29c (+45.1 L +46.2) N    1121  --  J4 pass E7 pass F5 pass
---White(^)---
J4  : T 120.38c W 100.00c S  20.41c (+45.1 L +46.3) LCB  120.01c P 23.07% WF 2648.4 PSV    2795 N     358  --  J4 pass E7 pass F5 pass
J1  : T 120.38c W 100.00c S  20.39c (+45.1 L +46.4) LCB  119.87c P 20.41% WF 1909.1 PSV    1908 N     260  --  J1 pass J4 pass E2
E7  : T 120.37c W 100.00c S  20.36c (+45.1 L +46.2) LCB  119.90c P 15.91% WF 1433.6 PSV    1433 N     194  --  E7 pass F5 pass J4 pass
E3  : T 120.10c W 100.00c S  20.20c (+45.1 L +46.0) LCB  118.91c P  5.60% WF 492.9 PSV     355 N      69  --  E3 pass J1 pass J4
E8  : T 119.57c W 100.00c S  19.48c (+44.6 L +45.7) LCB  118.41c P  6.08% WF 393.8 PSV     210 N      55  --  E8 pass J4 pass H3
E2  : T 120.75c W 100.00c S  20.67c (+45.3 L +46.0) LCB  118.35c P  5.25% WF 149.4 PSV     149 N      21  --  E2 A5 J4 pass
E1  : T 120.52c W 100.00c S  20.38c (+45.1 L +46.1) LCB  118.01c P  2.70% WF 208.8 PSV      97 N      29  --  E1 pass J4 pass
D1  : T 120.48c W 100.00c S  20.27c (+45.0 L +46.1) LCB  117.68c P  2.83% WF 174.0 PSV      97 N      24  --  D1 pass J4 pass
J9  : T 120.33c W 100.00c S  20.09c (+44.9 L +45.9) LCB  116.71c P  2.38% WF 129.9 PSV      72 N      18  --  J9 pass J4 pass
J8  : T 120.31c W 100.00c S  19.93c (+44.8 L +45.8) LCB  116.92c P  2.37% WF 137.1 PSV      70 N      19  --  J8 pass J4 pass

2024-05-21 18:40:21+0800: = J4
2024-05-21 18:40:26+0800: Controller: kata-list_time_settings
2024-05-21 18:40:26+0800: = none absolute byoyomi canadian fischer fischer-capped
2024-05-21 18:40:26+0800: Controller: play black pass
2024-05-21 18:40:26+0800: = 
2024-05-21 18:40:26+0800: Controller: genmove white
2024-05-21 18:40:26+0800: MoveNum: 67 HASH: C1F69648C672F938DD22AF8EC7675F0D
   A B C D E F G H J
 9 . X O O . . . . .
 8 X . X O . O O O .
 7 X X X O @ X X O O
 6 . X O O X X O O .
 5 . O X O X . X O .
 4 X X X O O X X X O2
 3 X . X O . O X . X
 2 X X O O . O X X O
 1 O O O . . O O O .

koPOSITIONALscoreAREAtaxNONEsui1komi6.5
Time taken: 0.078
Root visits: 1069
New playouts: 1069
NN rows: 18
NN batches: 4
NN avg batch size: 4.5
PV: E7 pass F5 pass H3 A5
Tree:
: T 119.03c W 100.00c S  19.07c (+44.9 L +46.3) N    1069  --  E7 pass F5 pass H3 A5
---White(^)---
E7  : T 119.24c W 100.00c S  19.28c (+45.0 L +46.4) LCB  118.81c P 16.58% WF 2170.1 PSV    2523 N     291  --  E7 pass F5 pass H3 A5
J1  : T 119.18c W 100.00c S  19.29c (+45.1 L +46.5) LCB  118.50c P 15.56% WF 1259.7 PSV    1258 N     170  --  J1 pass E7 pass F5
H3  : T 118.70c W 100.00c S  18.84c (+44.7 L +46.4) LCB  118.30c P 16.47% WF 1439.2 PSV     776 N     192  --  H3 pass F5 pass E7 A5
J5  : T 119.03c W 100.00c S  19.05c (+45.0 L +46.3) LCB  117.98c P  9.48% WF 779.8 PSV     733 N     106  --  J5 pass H3 A5 F5
E2  : T 119.10c W 100.00c S  19.17c (+45.0 L +46.1) LCB  117.77c P  5.13% WF 407.5 PSV     408 N      56  --  E2 pass J1 pass
E3  : T 118.97c W 100.00c S  19.09c (+45.0 L +46.2) LCB  117.61c P  5.54% WF 428.8 PSV     379 N      59  --  E3 pass J1 pass
E8  : T 118.67c W 100.00c S  18.60c (+44.7 L +46.0) LCB  117.36c P  5.64% WF 313.9 PSV     255 N      43  --  E8 pass J1 pass
E1  : T 119.37c W 100.00c S  19.24c (+45.0 L +46.2) LCB  116.68c P  2.51% WF 197.5 PSV      86 N      27  --  E1 pass E7 pass
D1  : T 119.17c W 100.00c S  18.92c (+44.8 L +46.2) LCB  115.67c P  2.68% WF 154.2 PSV      77 N      21  --  D1 pass H3 A5
J6  : T 119.17c W 100.00c S  18.89c (+44.9 L +46.2) LCB  114.99c P  2.41% WF 131.6 PSV      70 N      18  --  J6 pass E7

2024-05-21 18:40:26+0800: = E7
2024-05-21 18:40:29+0800: Controller: kata-list_time_settings
2024-05-21 18:40:29+0800: = none absolute byoyomi canadian fischer fischer-capped
2024-05-21 18:40:29+0800: Controller: play black pass
2024-05-21 18:40:29+0800: = 
2024-05-21 18:40:29+0800: Controller: genmove white
2024-05-21 18:40:30+0800: MoveNum: 69 HASH: 1815395475E810D29595F94E917BF8AE
   A B C D E F G H J
 9 . X O O . . . . .
 8 X . X O . O O O .
 7 X X X O O2X X O O
 6 . X O O X X O O .
 5 . O X O X @ X O .
 4 X X X O O X X X O
 3 X . X O . O X . X
 2 X X O O . O X X O
 1 O O O . . O O O .

koPOSITIONALscoreAREAtaxNONEsui1komi6.5
Time taken: 0.125
Root visits: 919
New playouts: 919
NN rows: 27
NN batches: 5
NN avg batch size: 5.4
PV: F5 A5 H3 pass pass
Tree:
: T 119.68c W 100.00c S  19.59c (+44.8 L +46.3) N     919  --  F5 A5 H3 pass pass
---White(^)---
F5  : T 119.96c W 100.00c S  19.73c (+44.9 L +46.4) LCB  119.18c P 18.09% WF 1862.5 PSV    1856 N     245  --  F5 A5 H3 pass pass
J1  : T 119.82c W 100.00c S  19.84c (+45.0 L +46.4) LCB  119.06c P 14.15% WF 888.5 PSV     888 N     119  --  J1 pass F5 pass J5
H3  : T 119.41c W 100.00c S  19.43c (+44.7 L +46.4) LCB  118.81c P 15.54% WF 889.7 PSV     633 N     118  --  H3 pass F5 A5 pass pass
J5  : T 119.55c W 100.00c S  19.55c (+44.8 L +46.3) LCB  118.61c P 11.40% WF 730.0 PSV     549 N      98  --  J5 pass F5 pass J1
E2  : T 119.58c W 100.00c S  19.58c (+44.9 L +46.1) LCB  118.43c P  5.24% WF 450.0 PSV     264 N      61  --  E2 pass F5 pass H3
E3  : T 119.50c W 100.00c S  19.52c (+44.8 L +46.1) LCB  118.18c P  5.45% WF 325.0 PSV     248 N      44  --  E3 pass F5 pass H3
E8  : T 119.12c W 100.00c S  19.10c (+44.6 L +46.0) LCB  117.81c P  5.09% WF 332.2 PSV     157 N      45  --  E8 pass F5 pass H3
E1  : T 119.97c W 100.00c S  19.77c (+44.9 L +46.3) LCB  117.67c P  2.52% WF 252.2 PSV      72 N      34  --  E1 pass F5 pass H3
D1  : T 119.68c W 100.00c S  19.43c (+44.7 L +46.2) LCB  116.54c P  2.65% WF 170.6 PSV      61 N      23  --  D1 pass F5 pass
E9  : T 119.75c W 100.00c S  19.52c (+44.8 L +46.2) LCB  116.10c P  2.39% WF 133.7 PSV      58 N      18  --  E9 pass F5 pass

2024-05-21 18:40:30+0800: = F5
2024-05-21 18:40:33+0800: Controller: kata-list_time_settings
2024-05-21 18:40:33+0800: = none absolute byoyomi canadian fischer fischer-capped
2024-05-21 18:40:33+0800: Controller: play black pass
2024-05-21 18:40:33+0800: = 
2024-05-21 18:40:33+0800: Controller: genmove white
2024-05-21 18:40:33+0800: MoveNum: 71 HASH: 44F8C9972E9D04761B4F1D0C152F2F08
   A B C D E F G H J
 9 . X O O . . . . .
 8 X . X O . O O O .
 7 X X X O O . . O O
 6 . X O O . . O O .
 5 . O X O . O2X O .
 4 X X X O O X X X O
 3 X . X O . O X @ X
 2 X X O O . O X X O
 1 O O O . . O O O .

koPOSITIONALscoreAREAtaxNONEsui1komi6.5
Time taken: 0.11
Root visits: 795
New playouts: 795
NN rows: 26
NN batches: 6
NN avg batch size: 4.33333
PV: H3 A5 pass pass
Tree:
: T 121.03c W 100.00c S  20.96c (+44.8 L +46.3) N     795  --  H3 A5 pass pass
---White(^)---
H3  : T 121.28c W 100.00c S  21.20c (+44.9 L +46.4) LCB  120.76c P 21.01% WF 1479.2 PSV    1474 N     191  --  H3 A5 pass pass
J1  : T 121.26c W 100.00c S  21.21c (+44.9 L +46.5) LCB  120.58c P 13.78% WF 850.0 PSV     848 N     111  --  J1 A5 H3 pass pass
J5  : T 120.40c W 100.00c S  20.30c (+44.5 L +46.0) LCB  118.11c P 10.73% WF 506.7 PSV     266 N      67  --  J5 pass H3 A5 pass pass
E3  : T 121.04c W 100.00c S  20.99c (+44.8 L +46.2) LCB  119.51c P  4.79% WF 220.1 PSV     221 N      29  --  E3 A5 J1 pass H3
E5  : T 120.89c W 100.00c S  20.87c (+44.7 L +46.2) LCB  119.73c P  5.26% WF 297.2 PSV     203 N      39  --  E5 pass H3 A5 pass
F6  : T 120.77c W 100.00c S  20.75c (+44.7 L +46.2) LCB  119.18c P  5.07% WF 264.8 PSV     171 N      35  --  F6 pass H3 A5 pass
E8  : T 120.67c W 100.00c S  20.64c (+44.6 L +46.1) LCB  118.20c P  4.45% WF 158.3 PSV     137 N      21  --  E8 A5 H3 pass
E2  : T 120.46c W 100.00c S  20.48c (+44.5 L +46.0) LCB  119.04c P  4.85% WF 279.8 PSV     125 N      37  --  E2 A5 H3 pass pass
F7  : T 120.25c W 100.00c S  20.25c (+44.3 L +46.0) LCB  118.85c P  4.57% WF 263.7 PSV     102 N      35  --  F7 pass H3 A5 J1
D1  : T 121.28c W 100.00c S  21.22c (+44.9 L +46.4) LCB  118.58c P  2.26% WF 175.7 PSV      57 N      23  --  D1 A5 H3 pass

2024-05-21 18:40:33+0800: = H3
2024-05-21 18:40:36+0800: Controller: kata-list_time_settings
2024-05-21 18:40:36+0800: = none absolute byoyomi canadian fischer fischer-capped
2024-05-21 18:40:36+0800: Controller: play black pass
2024-05-21 18:40:36+0800: = 
2024-05-21 18:40:36+0800: Controller: genmove white
2024-05-21 18:40:36+0800: MoveNum: 73 HASH: 59853A440279CB10C60DDF04F6351F44
   A B C D E F G H J
 9 . X O O . . . . .
 8 X . X O . O O O .
 7 X X X O O . . O O
 6 . X O O . . O O .
 5 . O X O . O . O @
 4 X X X O O . . . O
 3 X . X O . O . O2.
 2 X X O O . O . . O
 1 O O O . . O O O .

koPOSITIONALscoreAREAtaxNONEsui1komi6.5
Time taken: 0.094
Root visits: 192
New playouts: 192
NN rows: 25
NN batches: 5
NN avg batch size: 5
PV: J5 A5 pass pass
Tree:
: T 122.11c W 100.00c S  21.97c (+45.1 L +46.9) N     192  --  J5 A5 pass pass
---White(^)---
J5  : T 121.95c W 100.00c S  21.85c (+45.0 L +46.8) LCB  118.54c P  4.39% WF 128.5 PSV     156 N      17  --  J5 A5 pass pass
J1  : T 122.58c W 100.00c S  22.46c (+45.4 L +47.0) LCB  117.58c P  7.01% WF 100.7 PSV     102 N      13  --  J1 A5 pass pass
F6  : T 121.83c W 100.00c S  21.65c (+44.9 L +46.6) LCB  116.44c P  4.00% WF  92.4 PSV      94 N      12  --  F6 A5 pass pass
F7  : T 121.71c W 100.00c S  21.54c (+44.8 L +46.6) LCB  116.36c P  4.08% WF  91.6 PSV      82 N      12  --  F7 A5 pass pass
pss : T 122.94c W 100.00c S  22.82c (+45.7 L +47.1) LCB  115.14c P 15.79% WF  78.5 PSV      79 N      10  --  pass A5 J3
G2  : T 123.06c W 100.00c S  22.95c (+45.8 L +47.2) LCB  113.01c P  1.83% WF  69.9 PSV      70 N       9  --  G2 A5 J1
E5  : T 121.55c W 100.00c S  21.57c (+44.8 L +46.7) LCB  116.26c P  3.78% WF  92.1 PSV      62 N      12  --  E5 A5 J1
D1  : T 123.35c W 100.00c S  23.09c (+46.0 L +47.6) LCB  107.77c P  1.71% WF  54.8 PSV      55 N       7  --  D1 A5 J1
E8  : T 121.32c W 100.00c S  21.29c (+44.7 L +46.8) LCB  109.85c P  3.97% WF  61.5 PSV      52 N       8  --  E8 A5 J1
E3  : T 121.34c W 100.00c S  21.34c (+44.6 L +46.8) LCB  113.93c P  3.76% WF  77.1 PSV      50 N      10  --  E3 A5 J1

2024-05-21 18:40:36+0800: = J5
2024-05-21 18:40:39+0800: Controller: kata-list_time_settings
2024-05-21 18:40:39+0800: = none absolute byoyomi canadian fischer fischer-capped
2024-05-21 18:40:39+0800: Controller: play black pass
2024-05-21 18:40:39+0800: = 
2024-05-21 18:40:39+0800: Controller: genmove white
2024-05-21 18:40:39+0800: MoveNum: 75 HASH: 553D99D1476DE8EAE667A1A2082B3939
   A B C D E F G H J
 9 . X O O . . . . .
 8 X . X O . O O O .
 7 X X X O O . . O O
 6 . X O O . . O O .
 5 . O X O . O . O O2
 4 X X X O O . . . O
 3 X . X O . O . O .
 2 X X O O @ O . . O
 1 O O O . . O O O .

koPOSITIONALscoreAREAtaxNONEsui1komi6.5
Time taken: 0.109
Root visits: 59
New playouts: 59
NN rows: 31
NN batches: 5
NN avg batch size: 6.2
PV: E2 A5 pass
Tree:
: T 121.78c W 100.00c S  21.58c (+44.7 L +46.4) N      59  --  E2 A5 pass
---White(^)---
E2  : T 121.93c W 100.00c S  21.86c (+45.0 L +46.7) LCB  113.78c P  4.59% WF  75.0 PSV      94 N      10  --  E2 A5 pass
F7  : T 122.01c W 100.00c S  22.05c (+45.0 L +46.5) LCB  107.39c P  4.40% WF  53.3 PSV      54 N       7  --  F7 A5 pass
pss : T 122.89c W 100.00c S  22.71c (+45.5 L +46.8) LCB  103.12c P 16.61% WF  46.9 PSV      47 N       6  --  pass A5 J1
J1  : T 122.96c W 100.00c S  22.74c (+45.6 L +47.4) LCB   79.92c P  7.49% WF  30.8 PSV      31 N       4  --  J1 A5 pass
F4  : T 122.84c W 100.00c S  22.25c (+45.5 L +46.9) LCB   48.79c P  4.50% WF  22.8 PSV      23 N       3  --  F4 A5
E5  : T 122.99c W 100.00c S  22.29c (+45.5 L +46.8) LCB   48.96c P  4.02% WF  22.9 PSV      23 N       3  --  E5 A5
J3  : T 121.44c W 100.00c S  21.19c (+44.3 L +45.7) LCB  -27.52c P  5.12% WF  15.3 PSV      16 N       2  --  J3 A5
G3  : T 121.30c W 100.00c S  21.02c (+44.2 L +45.5) LCB  -27.65c P  4.54% WF  15.3 PSV      16 N       2  --  G3 A5
H2  : T 121.74c W 100.00c S  21.18c (+44.3 L +45.7) LCB  -27.22c P  4.36% WF  15.3 PSV      16 N       2  --  H2 A5
F6  : T 121.27c W 100.00c S  20.81c (+44.1 L +45.4) LCB  -27.69c P  4.20% WF  15.3 PSV      16 N       2  --  F6 A5

2024-05-21 18:40:39+0800: = E2
2024-05-21 18:40:42+0800: Controller: kata-list_time_settings
2024-05-21 18:40:42+0800: = none absolute byoyomi canadian fischer fischer-capped
2024-05-21 18:40:42+0800: Controller: play black pass
2024-05-21 18:40:42+0800: = 
2024-05-21 18:40:42+0800: Controller: genmove white
2024-05-21 18:40:42+0800: MoveNum: 77 HASH: 23D404862C571370A55522230A028DA4
   A B C D E F G H J
 9 . X O O . . . . .
 8 X . X O . O O O .
 7 X X X O O @ . O O
 6 . X O O . . O O .
 5 . O X O . O . O O
 4 X X X O O . . . O
 3 X . X O . O . O .
 2 X X O O O2O . . O
 1 O O O . . O O O .

koPOSITIONALscoreAREAtaxNONEsui1komi6.5
Time taken: 0.078
Root visits: 32
New playouts: 32
NN rows: 17
NN batches: 3
NN avg batch size: 5.66667
PV: F7 A5 pass
Tree:
: T 120.93c W 100.00c S  20.82c (+44.3 L +46.1) N      32  --  F7 A5 pass
---White(^)---
F7  : T 121.78c W 100.00c S  21.83c (+45.0 L +46.6) LCB  107.15c P  4.38% WF  53.7 PSV      57 N       7  --  F7 A5 pass
pss : T 124.04c W 100.00c S  23.30c (+46.1 L +47.1) LCB   49.92c P 18.45% WF  23.6 PSV      24 N       3  --  pass A5
E6  : T 122.17c W 100.00c S  22.06c (+45.1 L +46.7) LCB  106.76c P  1.80% WF  53.9 PSV      12 N       7  --  E6 A5 J1
J1  : T 120.16c W 100.00c S  20.16c (+43.7 L +46.0) LCB -229.84c P  7.67% WF   7.7 PSV       8 N       1  --  J1
J3  : T 119.49c W 100.00c S  19.49c (+43.3 L +45.7) LCB -230.51c P  5.58% WF   7.6 PSV       8 N       1  --  J3
G3  : T 118.80c W 100.00c S  18.80c (+43.0 L +45.3) LCB -231.20c P  5.09% WF   7.6 PSV       8 N       1  --  G3
H2  : T 118.66c W 100.00c S  18.66c (+42.9 L +45.3) LCB -231.34c P  4.92% WF   7.6 PSV       8 N       1  --  H2
F6  : T 119.14c W 100.00c S  19.14c (+43.1 L +45.4) LCB -230.86c P  4.92% WF   7.6 PSV       8 N       1  --  F6
F4  : T 119.54c W 100.00c S  19.54c (+43.3 L +45.6) LCB -230.46c P  4.67% WF   7.6 PSV       8 N       1  --  F4
G5  : T 119.58c W 100.00c S  19.58c (+43.4 L +45.6) LCB -230.42c P  4.46% WF   7.6 PSV       8 N       1  --  G5

2024-05-21 18:40:42+0800: = F7
2024-05-21 18:40:45+0800: Controller: kata-list_time_settings
2024-05-21 18:40:45+0800: = none absolute byoyomi canadian fischer fischer-capped
2024-05-21 18:40:45+0800: Controller: play black pass
2024-05-21 18:40:45+0800: = 
2024-05-21 18:40:45+0800: Controller: genmove white
2024-05-21 18:40:45+0800: MoveNum: 79 HASH: 75F0060A2E92775306AB2D00855B2F93
   A B C D E F G H J
 9 . X O O . . . . .
 8 X . X O . O O O .
 7 X X X O O O2. O O
 6 . X O O @ . O O .
 5 . O X O . O . O O
 4 X X X O O . . . O
 3 X . X O . O . O .
 2 X X O O O O . . O
 1 O O O . . O O O .

koPOSITIONALscoreAREAtaxNONEsui1komi6.5
Time taken: 0.125
Root visits: 75
New playouts: 75
NN rows: 26
NN batches: 5
NN avg batch size: 5.2
PV: E6 A5 pass pass
Tree:
: T 121.62c W 100.00c S  21.30c (+44.6 L +46.0) N      75  --  E6 A5 pass pass
---White(^)---
E6  : T 121.82c W 100.00c S  21.75c (+44.9 L +46.3) LCB  116.98c P  1.69% WF 123.5 PSV     147 N      16  --  E6 A5 pass pass
pss : T 121.52c W 100.00c S  21.37c (+44.7 L +46.3) LCB  116.95c P 24.64% WF 116.4 PSV     117 N      15  --  pass A5 pass pass
G2  : T 121.82c W 100.00c S  21.53c (+44.8 L +46.2) LCB  114.77c P  1.64% WF  92.0 PSV      92 N      12  --  G2 A5 pass pass
G4  : T 122.96c W 100.00c S  22.59c (+45.5 L +46.4) LCB  114.40c P  1.42% WF  77.6 PSV      77 N      10  --  G4 A5 pass pass
J1  : T 121.13c W 100.00c S  20.53c (+44.0 L +45.5) LCB  -27.84c P  7.75% WF  15.2 PSV      16 N       2  --  J1 A5
J3  : T 120.96c W 100.00c S  20.20c (+43.8 L +45.3) LCB  -28.01c P  6.51% WF  15.2 PSV      16 N       2  --  J3 A5
G3  : T 120.62c W 100.00c S  19.97c (+43.7 L +45.1) LCB  -28.34c P  5.39% WF  15.2 PSV      16 N       2  --  G3 A5
H2  : T 120.89c W 100.00c S  19.95c (+43.7 L +45.2) LCB  -28.09c P  5.12% WF  15.2 PSV      16 N       2  --  H2 A5
F6  : T 121.05c W 100.00c S  20.38c (+43.9 L +45.3) LCB  -27.92c P  5.09% WF  15.2 PSV      16 N       2  --  F6 A5
E5  : T 121.07c W 100.00c S  20.36c (+43.9 L +45.3) LCB  -27.91c P  4.99% WF  15.2 PSV      16 N       2  --  E5 A5

2024-05-21 18:40:45+0800: = E6
2024-05-21 18:40:48+0800: Controller: kata-list_time_settings
2024-05-21 18:40:48+0800: = none absolute byoyomi canadian fischer fischer-capped
2024-05-21 18:40:48+0800: Controller: play black pass
2024-05-21 18:40:48+0800: = 
2024-05-21 18:40:48+0800: Controller: genmove white
2024-05-21 18:40:48+0800: MoveNum: 81 HASH: C0B1B019043A91328E235115BD74B2F2
   A B C D E F G H J
 9 . X O O . . . . .
 8 X . X O . O O O .
 7 X X X O O O . O O
 6 . X O O O2. O O .
 5 . O X O . O . O O
 4 X X X O O . . . O
 3 X . X O . O . O .
 2 X X O O O O . . O
 1 O O O . . O O O .

koPOSITIONALscoreAREAtaxNONEsui1komi6.5
Time taken: 0.109
Root visits: 76
New playouts: 76
NN rows: 25
NN batches: 5
NN avg batch size: 5
PV: pass A5 pass pass
Tree:
: T 122.24c W 100.00c S  21.84c (+44.9 L +46.1) N      76  --  pass A5 pass pass
---White(^)---
pss : T 122.14c W 100.00c S  21.83c (+44.9 L +46.1) LCB  119.92c P 22.25% WF 230.9 PSV     231 N      30  --  pass A5 pass pass
G2  : T 122.74c W 100.00c S  22.47c (+45.3 L +46.3) LCB  116.17c P  2.02% WF  90.1 PSV      17 N      12  --  G2 A5 pass pass
J1  : T 122.06c W 100.00c S  21.36c (+44.5 L +45.9) LCB  -26.91c P 10.80% WF  15.3 PSV      16 N       2  --  J1 A5
J3  : T 121.87c W 100.00c S  21.07c (+44.3 L +45.6) LCB  -27.09c P 10.75% WF  15.2 PSV      16 N       2  --  J3 A5
G3  : T 121.20c W 100.00c S  20.50c (+44.0 L +45.1) LCB  -27.76c P  7.51% WF  15.2 PSV      16 N       2  --  G3 A5
H2  : T 121.39c W 100.00c S  20.48c (+44.0 L +45.1) LCB  -27.58c P  7.06% WF  15.2 PSV      16 N       2  --  H2 A5
H4  : T 121.67c W 100.00c S  20.67c (+44.1 L +45.3) LCB  -27.32c P  6.56% WF  15.2 PSV      16 N       2  --  H4 A5
A6  : T 122.73c W 100.00c S  21.17c (+44.8 L +46.8) LCB  -27.26c P  2.30% WF  14.9 PSV      15 N       2  --  A6 pass
G4  : T 122.69c W 100.00c S  22.50c (+45.4 L +46.5) LCB  117.93c P  1.31% WF 111.4 PSV      11 N      15  --  G4 A5 pass pass
A5  : T 121.79c W 100.00c S  21.39c (+44.5 L +45.5) LCB  -27.99c P  1.94% WF  15.1 PSV       8 N       2  --  A5 A6

2024-05-21 18:40:48+0800: = pass
2024-05-21 18:40:52+0800: Controller: quit
2024-05-21 18:40:52+0800: Quit requested by controller
2024-05-21 18:40:52+0800: = 
2024-05-21 18:40:52+0800: GPU -1 finishing, processed 132934 rows 15236 batches
2024-05-21 18:40:52+0800: All cleaned up, quitting
