2024-05-26 16:22:11-0400: Running with following config:
allowResignation = true
lagBuffer = 1.0
logAllGTPCommunication = true
logDir = gtp_logs
logSearchInfo = true
logSearchInfoForChosenMove = false
logToStderr = false
maxTime = 0.5
maxTimePondering = 60.0
numSearchThreads = 16
ogsChatToStderr = true
ponderingEnabled = true
resignConsecTurns = 3
resignThreshold = -0.90
rules = tromp-taylor
searchFactorAfterOnePass = 0.50
searchFactorAfterTwoPass = 0.25
searchFactorWhenWinning = 0.40
searchFactorWhenWinningThreshold = 0.95

2024-05-26 16:22:11-0400: GTP Engine starting...
2024-05-26 16:22:11-0400: KataGo v1.14.1
2024-05-26 16:22:11-0400: Using TrompTaylor rules initially, unless GTP/GUI overrides this
2024-05-26 16:22:11-0400: Using 16 CPU thread(s) for search
2024-05-26 16:22:11-0400: nnRandSeed0 = 3007437696518717149
2024-05-26 16:22:11-0400: After dedups: nnModelFile0 = C:\Users\chang\Downloads\KaTrain\KaTrain\katrain\models/kata1-b18c384nbt-s6582191360-d3422816034.bin.gz useFP16 auto useNHWC auto
2024-05-26 16:22:11-0400: Initializing neural net buffer to be size 19 * 19 exactly
2024-05-26 16:22:13-0400: Found OpenCL Platform 0: NVIDIA CUDA (NVIDIA Corporation) (OpenCL 3.0 CUDA 12.4.89)
2024-05-26 16:22:13-0400: Found 1 device(s) on platform 0 with type CPU or GPU or Accelerator
2024-05-26 16:22:13-0400: Found OpenCL Platform 1: Intel(R) OpenCL Graphics (Intel(R) Corporation) (OpenCL 3.0 )
2024-05-26 16:22:13-0400: Found 1 device(s) on platform 1 with type CPU or GPU or Accelerator
2024-05-26 16:22:13-0400: Found OpenCL Device 0: NVIDIA GeForce RTX 4060 Laptop GPU (NVIDIA Corporation) (score 11000300)
2024-05-26 16:22:13-0400: Found OpenCL Device 1: Intel(R) UHD Graphics (Intel(R) Corporation) (score 6000300)
2024-05-26 16:22:13-0400: Creating context for OpenCL Platform: NVIDIA CUDA (NVIDIA Corporation) (OpenCL 3.0 CUDA 12.4.89)
2024-05-26 16:22:14-0400: Using OpenCL Device 0: NVIDIA GeForce RTX 4060 Laptop GPU (NVIDIA Corporation) OpenCL 3.0 CUDA (Extensions: cl_khr_global_int32_base_atomics cl_khr_global_int32_extended_atomics cl_khr_local_int32_base_atomics cl_khr_local_int32_extended_atomics cl_khr_fp64 cl_khr_3d_image_writes cl_khr_byte_addressable_store cl_khr_icd cl_khr_gl_sharing cl_nv_compiler_options cl_nv_device_attribute_query cl_nv_pragma_unroll cl_nv_d3d10_sharing cl_khr_d3d10_sharing cl_nv_d3d11_sharing cl_nv_copy_opts cl_nv_create_buffer cl_khr_int64_base_atomics cl_khr_int64_extended_atomics cl_khr_device_uuid cl_khr_pci_bus_info cl_khr_external_semaphore cl_khr_external_memory cl_khr_external_semaphore_win32 cl_khr_external_memory_win32)
2024-05-26 16:22:14-0400: Loaded tuning parameters from: C:\Users\chang\Downloads\katago-v1.14.1-opencl-windows-x64/KataGoData/opencltuning/tune11_gpuNVIDIAGeForceRTX4060LaptopGPU_x19_y19_c384_mv14.txt
2024-05-26 16:22:14-0400: OpenCL backend thread 0: Model version 14
2024-05-26 16:22:14-0400: OpenCL backend thread 0: Model name: kata1-b18c384nbt-s6582191360-d3422816034
2024-05-26 16:22:15-0400: OpenCL backend thread 0: FP16Storage true FP16Compute false FP16TensorCores true FP16TensorCoresFor1x1 false
2024-05-26 16:22:15-0400: Loaded neural net with nnXLen 19 nnYLen 19
2024-05-26 16:22:15-0400: Initializing board with boardXSize 19 boardYSize 19
2024-05-26 16:22:15-0400: Loaded config C:/Users/chang/Downloads/katago-v1.14.1-opencl-windows-x64/lizgoban.cfg
2024-05-26 16:22:15-0400: Loaded model C:\Users\chang\Downloads\KaTrain\KaTrain\katrain\models/kata1-b18c384nbt-s6582191360-d3422816034.bin.gz
2024-05-26 16:22:15-0400: Model name: kata1-b18c384nbt-s6582191360-d3422816034
2024-05-26 16:22:15-0400: GTP ready, beginning main protocol loop
2024-05-26 16:22:15-0400: Controller: list_commands
2024-05-26 16:22:15-0400: = protocol_version
name
version
known_command
list_commands
quit
boardsize
rectangular_boardsize
clear_board
set_position
komi
get_komi
play
undo
kata-get-rules
kata-set-rule
kata-set-rules
kata-get-param
kata-set-param
kata-list-params
kgs-rules
genmove
genmove_debug
search_debug
clear_cache
showboard
fixed_handicap
place_free_handicap
set_free_handicap
time_settings
kgs-time_settings
time_left
kata-list_time_settings
kata-time_settings
final_score
final_status_list
loadsgf
printsgf
lz-genmove_analyze
kata-genmove_analyze
lz-analyze
kata-analyze
kata-raw-nn
cputime
gomill-cpu_time
kata-benchmark
kata-debug-print-tc
debug_moves
stop
2024-05-26 16:22:15-0400: Controller: boardsize 13
2024-05-26 16:22:15-0400: GPU -1 finishing, processed 0 rows 0 batches
2024-05-26 16:22:15-0400: Cleaned up old neural net and bot
2024-05-26 16:22:15-0400: nnRandSeed0 = 13807879918971687062
2024-05-26 16:22:15-0400: After dedups: nnModelFile0 = C:\Users\chang\Downloads\KaTrain\KaTrain\katrain\models/kata1-b18c384nbt-s6582191360-d3422816034.bin.gz useFP16 auto useNHWC auto
2024-05-26 16:22:15-0400: Initializing neural net buffer to be size 13 * 13 exactly
2024-05-26 16:22:17-0400: Found OpenCL Platform 0: NVIDIA CUDA (NVIDIA Corporation) (OpenCL 3.0 CUDA 12.4.89)
2024-05-26 16:22:17-0400: Found 1 device(s) on platform 0 with type CPU or GPU or Accelerator
2024-05-26 16:22:17-0400: Found OpenCL Platform 1: Intel(R) OpenCL Graphics (Intel(R) Corporation) (OpenCL 3.0 )
2024-05-26 16:22:17-0400: Found 1 device(s) on platform 1 with type CPU or GPU or Accelerator
2024-05-26 16:22:17-0400: Found OpenCL Device 0: NVIDIA GeForce RTX 4060 Laptop GPU (NVIDIA Corporation) (score 11000300)
2024-05-26 16:22:17-0400: Found OpenCL Device 1: Intel(R) UHD Graphics (Intel(R) Corporation) (score 6000300)
2024-05-26 16:22:17-0400: Creating context for OpenCL Platform: NVIDIA CUDA (NVIDIA Corporation) (OpenCL 3.0 CUDA 12.4.89)
2024-05-26 16:22:17-0400: Using OpenCL Device 0: NVIDIA GeForce RTX 4060 Laptop GPU (NVIDIA Corporation) OpenCL 3.0 CUDA (Extensions: cl_khr_global_int32_base_atomics cl_khr_global_int32_extended_atomics cl_khr_local_int32_base_atomics cl_khr_local_int32_extended_atomics cl_khr_fp64 cl_khr_3d_image_writes cl_khr_byte_addressable_store cl_khr_icd cl_khr_gl_sharing cl_nv_compiler_options cl_nv_device_attribute_query cl_nv_pragma_unroll cl_nv_d3d10_sharing cl_khr_d3d10_sharing cl_nv_d3d11_sharing cl_nv_copy_opts cl_nv_create_buffer cl_khr_int64_base_atomics cl_khr_int64_extended_atomics cl_khr_device_uuid cl_khr_pci_bus_info cl_khr_external_semaphore cl_khr_external_memory cl_khr_external_semaphore_win32 cl_khr_external_memory_win32)
2024-05-26 16:22:17-0400: Loaded tuning parameters from: C:\Users\chang\Downloads\katago-v1.14.1-opencl-windows-x64/KataGoData/opencltuning/tune11_gpuNVIDIAGeForceRTX4060LaptopGPU_x19_y19_c384_mv14.txt
2024-05-26 16:22:17-0400: OpenCL backend thread 0: Model version 14
2024-05-26 16:22:17-0400: OpenCL backend thread 0: Model name: kata1-b18c384nbt-s6582191360-d3422816034
2024-05-26 16:22:19-0400: OpenCL backend thread 0: FP16Storage true FP16Compute false FP16TensorCores true FP16TensorCoresFor1x1 false
2024-05-26 16:22:19-0400: Loaded neural net with nnXLen 13 nnYLen 13
2024-05-26 16:22:19-0400: Initializing board with boardXSize 13 boardYSize 13
2024-05-26 16:22:19-0400: = 
2024-05-26 16:22:19-0400: Controller: clear_board
2024-05-26 16:22:19-0400: = 
2024-05-26 16:22:19-0400: Controller: komi 7.5
2024-05-26 16:22:19-0400: = 
2024-05-26 16:22:19-0400: Controller: genmove black
2024-05-26 16:22:19-0400: MoveNum: 0 HASH: 6D7B9BD0653F4FE761D8EA5338E563E0
   A B C D E F G H J K L M N
13 . . . . . . . . . . . . .
12 . . . . . . . . . . . . .
11 . . . . . . . . . . . . .
10 . . . . . . . . . @ . . .
 9 . . . . . . . . . . . . .
 8 . . . . . . . . . . . . .
 7 . . . . . . . . . . . . .
 6 . . . . . . . . . . . . .
 5 . . . . . . . . . . . . .
 4 . . . . . . . . . . . . .
 3 . . . . . . . . . . . . .
 2 . . . . . . . . . . . . .
 1 . . . . . . . . . . . . .

koPOSITIONALscoreAREAtaxNONEsui1komi7.5
Time taken: 0.5
Root visits: 280
New playouts: 280
NN rows: 264
NN batches: 26
NN avg batch size: 10.1538
PV: K10 D4 L4 D11 H3 C9 F4 K4 K3 F3
Tree:
: T -46.69c W -46.56c S  -0.30c ( -1.6 L  -0.9) N     280  --  K10 D4 L4 D11 H3 C9 F4
---Black(^)---
K10 : T -44.76c W -44.83c S  -0.13c ( -1.5 L  -0.8) LCB  -46.16c P 21.42% WF 429.6 PSV     425 N     185  --  K10 D4 L4 D11 H3 C9 F4 K4
L10 : T -48.14c W -48.18c S  -0.27c ( -1.6 L  -0.8) LCB  -51.45c P  1.30% WF  75.2 PSV       3 N      33  --  L10 K4 D10 C4 E4 E3 F3 D3
L11 : T -52.53c W -51.71c S  -0.75c ( -1.9 L  -0.9) LCB  -59.24c P  0.20% WF  20.4 PSV       0 N      12  --  L11 K4 D10 C4
L9  : T -54.01c W -52.86c S  -0.89c ( -2.0 L  -1.2) LCB  -62.63c P  0.15% WF  16.4 PSV       0 N      11  --  L9 K4 D10 D3 K11
L8  : T -56.84c W -55.42c S  -1.38c ( -2.3 L  -1.5) LCB  -77.10c P  0.05% WF   7.3 PSV       0 N       6  --  L8 K11 K3
K9  : T -58.91c W -56.63c S  -1.15c ( -2.2 L  -1.2) LCB -103.54c P  0.08% WF   5.8 PSV       0 N       4  --  K9 K4 D10
K8  : T -60.40c W -58.69c S  -1.70c ( -2.5 L  -1.6) LCB -135.65c P  0.03% WF   3.1 PSV       0 N       3  --  K8 K3
L7  : T -62.75c W -60.76c S  -1.99c ( -2.7 L  -1.9) LCB -136.59c P  0.02% WF   2.6 PSV       0 N       3  --  L7 K11
K7  : T -65.97c W -63.64c S  -2.34c ( -3.0 L  -2.0) LCB -215.17c P  0.01% WF   1.4 PSV       0 N       2  --  K7 K3
J9  : T -69.15c W -66.76c S  -2.39c ( -2.9 L  -1.9) LCB -419.15c P  0.01% WF   0.6 PSV       0 N       1  --  J9

2024-05-26 16:22:19-0400: = K10
2024-05-26 16:22:24-0400: Controller: kata-list_time_settings
2024-05-26 16:22:24-0400: = none absolute byoyomi canadian fischer fischer-capped
2024-05-26 16:22:24-0400: Controller: play white k4
2024-05-26 16:22:24-0400: = 
2024-05-26 16:22:24-0400: Controller: genmove black
2024-05-26 16:22:25-0400: MoveNum: 2 HASH: 5508B3D281B538368F0353C6E2952B17
   A B C D E F G H J K L M N
13 . . . . . . . . . . . . .
12 . . . . . . . . . . . . .
11 . . . . . . . . . . . . .
10 . . . . . . . . . X1. . .
 9 . . . . . . . . . . . . .
 8 . . . . . . . . . . . . .
 7 . . . . . . . . . . . . .
 6 . . . . . . . . . . . . .
 5 . . . . . . . . . . . . .
 4 . . . @ . . . . . O2. . .
 3 . . . . . . . . . . . . .
 2 . . . . . . . . . . . . .
 1 . . . . . . . . . . . . .

koPOSITIONALscoreAREAtaxNONEsui1komi7.5
Time taken: 0.5
Root visits: 419
New playouts: 419
NN rows: 374
NN batches: 37
NN avg batch size: 10.1081
PV: D4 D10 C11 D11 C10 C9 B9 B8 C8 D9 B7 B10 A8 B11 K3 L3 C12 B12
Tree:
: T -41.58c W -41.52c S  -0.73c ( -1.4 L  -0.8) N     419  --  D4 D10 C11 D11 C10 C9 B9
---Black(^)---
D4  : T -40.67c W -40.77c S  -0.67c ( -1.3 L  -0.8) LCB  -41.91c P 71.93% WF 792.3 PSV     789 N     380  --  D4 D10 C11 D11 C10 C9 B9 B8
D11 : T -47.76c W -47.01c S  -1.09c ( -1.6 L  -0.9) LCB  -53.08c P  9.95% WF  36.0 PSV      14 N      16  --  D11 C4 C8 L7 E4
L3  : T -48.85c W -46.41c S  -1.20c ( -1.7 L  -0.9) LCB  -93.73c P  3.72% WF   8.4 PSV       4 N       4  --  L3 K3 D3 L4
D10 : T -53.75c W -51.60c S  -1.17c ( -1.7 L  -0.6) LCB -203.32c P  5.12% WF   4.8 PSV       4 N       2  --  D10 D3
K3  : T -47.51c W -45.68c S  -1.12c ( -1.6 L  -1.0) LCB  -61.88c P  0.84% WF  17.6 PSV       1 N       9  --  K3 L3 J3 L4 D4 D11
D3  : T -53.22c W -52.19c S  -1.03c ( -1.5 L  -1.1) LCB -403.22c P  1.22% WF   2.5 PSV       1 N       1  --  D3
C10 : T -58.32c W -56.72c S  -1.61c ( -1.9 L  -1.3) LCB -408.32c P  1.54% WF   2.5 PSV       0 N       1  --  C10
C4  : T -53.82c W -52.54c S  -1.28c ( -1.7 L  -1.2) LCB -403.82c P  0.85% WF   2.5 PSV       0 N       1  --  C4
L7  : T -55.20c W -53.21c S  -2.00c ( -2.2 L  -1.5) LCB -405.20c P  0.45% WF   2.3 PSV       0 N       1  --  L7
L6  : T -57.28c W -55.05c S  -2.22c ( -2.3 L  -1.6) LCB -407.28c P  0.42% WF   2.4 PSV       0 N       1  --  L6

2024-05-26 16:22:25-0400: = D4
2024-05-26 16:22:28-0400: Controller: kata-list_time_settings
2024-05-26 16:22:28-0400: = none absolute byoyomi canadian fischer fischer-capped
2024-05-26 16:22:28-0400: Controller: play white d10
2024-05-26 16:22:28-0400: = 
2024-05-26 16:22:28-0400: Controller: genmove black
2024-05-26 16:22:28-0400: MoveNum: 4 HASH: FD3676E09B50227E7BDCF01EF69EE81C
   A B C D E F G H J K L M N
13 . . . . . . . . . . . . .
12 . . . . . . . . . . . . .
11 . . . . . . . . . . . . .
10 . . . O3. . . . . X . . .
 9 . . . . . . . . . . . . .
 8 . . . . . . . . . . . . .
 7 . . . . . . . . . . . . .
 6 . . . . . . . . . . . . .
 5 . . . . . . . . . . . . .
 4 . . . X2. . . . . O1. . .
 3 . . . . . . . . . . @ . .
 2 . . . . . . . . . . . . .
 1 . . . . . . . . . . . . .

koPOSITIONALscoreAREAtaxNONEsui1komi7.5
Time taken: 0.516
Root visits: 1357
New playouts: 496
NN rows: 380
NN batches: 38
NN avg batch size: 10
PV: L3 L4 K3 H3 H2 G3 G2 F3 C8 H11 L8 K11 L11 L12 J11 K12 J3 J4 J10 J12
Tree:
: T -43.08c W -42.15c S  -0.69c ( -1.4 L  -0.9) N    1357  --  L3 L4 K3 H3 H2 G3 G2
---Black(^)---
L3  : T -43.01c W -42.08c S  -0.68c ( -1.4 L  -0.9) LCB  -43.91c P 44.08% WF 2453.6 PSV    2453 N    1351  --  L3 L4 K3 H3 H2 G3 G2 F3
L7  : T -55.31c W -53.75c S  -1.57c ( -2.0 L  -1.5) LCB -405.31c P  1.29% WF   2.5 PSV       2 N       1  --  L7
L6  : T -55.32c W -53.72c S  -1.60c ( -2.0 L  -1.5) LCB -405.32c P  0.70% WF   2.6 PSV       1 N       1  --  L6
L4  : T -58.59c W -56.74c S  -1.85c ( -2.2 L  -1.5) LCB -408.59c P  0.58% WF   2.3 PSV       0 N       1  --  L4
L8  : T -60.11c W -58.30c S  -1.80c ( -2.1 L  -1.5) LCB -410.11c P  0.23% WF   2.6 PSV       0 N       1  --  L8
K6  : T -65.00c W -62.64c S  -2.37c ( -2.5 L  -1.8) LCB -415.00c P  0.12% WF   2.5 PSV       0 N       1  --  K6

2024-05-26 16:22:28-0400: = L3
2024-05-26 16:22:34-0400: Controller: kata-list_time_settings
2024-05-26 16:22:34-0400: = none absolute byoyomi canadian fischer fischer-capped
2024-05-26 16:22:34-0400: Controller: play white k3
2024-05-26 16:22:34-0400: = 
2024-05-26 16:22:34-0400: Controller: genmove black
2024-05-26 16:22:34-0400: MoveNum: 6 HASH: BF82EB46708F733A594E290DACBE37B2
   A B C D E F G H J K L M N
13 . . . . . . . . . . . . .
12 . . . . . . . . . . . . .
11 . . . . . . . . . . . . .
10 . . . O1. . . . . X . . .
 9 . . . . . . . . . . . . .
 8 . . . . . . . . . . . . .
 7 . . . . . . . . . . . . .
 6 . . . . . . . . . . . . .
 5 . . . . . . . . . . . . .
 4 . . . X . . . . . O @ . .
 3 . . . . . . . . . O3X2. .
 2 . . . . . . . . . . . . .
 1 . . . . . . . . . . . . .

koPOSITIONALscoreAREAtaxNONEsui1komi7.5
Time taken: 0.531
Root visits: 5724
New playouts: 459
NN rows: 373
NN batches: 35
NN avg batch size: 10.6571
PV: L4 L6 M6 L7 G11 C4 C3 C5 D5 C6 D3 C8 K2 J2 L2 K5 H3 H4 J3 G3 H2 G2
Tree:
: T -42.36c W -41.86c S  -0.67c ( -1.4 L  -0.9) N    5724  --  L4 L6 M6 L7 G11 C4 C3
---Black(^)---
L4  : T -42.35c W -41.85c S  -0.66c ( -1.4 L  -0.9) LCB  -42.99c P 97.16% WF 9143.0 PSV    9142 N    5717  --  L4 L6 M6 L7 G11 C4 C3 C5
C11 : T -52.97c W -52.67c S  -1.61c ( -2.0 L  -1.1) LCB  -96.76c P  0.92% WF   7.7 PSV       6 N       4  --  C11 D11 C10
C10 : T -56.73c W -54.85c S  -1.88c ( -2.2 L  -1.5) LCB -406.73c P  0.45% WF   1.8 PSV       2 N       1  --  C10
D11 : T -59.69c W -57.56c S  -2.13c ( -2.3 L  -1.7) LCB -409.69c P  0.45% WF   1.8 PSV       1 N       1  --  D11

2024-05-26 16:22:34-0400: = L4
2024-05-26 16:22:38-0400: Controller: kata-list_time_settings
2024-05-26 16:22:38-0400: = none absolute byoyomi canadian fischer fischer-capped
2024-05-26 16:22:38-0400: Controller: play white l5
2024-05-26 16:22:38-0400: = 
2024-05-26 16:22:38-0400: Controller: genmove black
2024-05-26 16:22:39-0400: MoveNum: 8 HASH: A730F1EFC3BB379D765D1F69C7194A33
   A B C D E F G H J K L M N
13 . . . . . . . . . . . . .
12 . . . . . . . . . . . . .
11 . . . . . . . . . . . . .
10 . . . O . . . . . X . . .
 9 . . . . . . . . . . . . .
 8 . . . . . . . . . . . . .
 7 . . . . . . . . . . . . .
 6 . . . . . . . . . . . . .
 5 . . . . . . . . . . O3@ .
 4 . . . X . . . . . O X2. .
 3 . . . . . . . . . O1X . .
 2 . . . . . . . . . . . . .
 1 . . . . . . . . . . . . .

koPOSITIONALscoreAREAtaxNONEsui1komi7.5
Time taken: 0.516
Root visits: 948
New playouts: 519
NN rows: 369
NN batches: 34
NN avg batch size: 10.8529
PV: M5 M6 L6 K5 M7 M4 N6 M3 F11 C8 C11 E12 C10 D9 B8 B7 B9 D6 B6 B5
Tree:
: T -39.26c W -38.32c S  -0.55c ( -1.1 L  -0.8) N     948  --  M5 M6 L6 K5 M7 M4 N6
---Black(^)---
M5  : T -39.23c W -38.29c S  -0.55c ( -1.1 L  -0.8) LCB  -40.84c P 97.51% WF 1444.6 PSV    1444 N     946  --  M5 M6 L6 K5 M7 M4 N6 M3
C11 : T -67.63c W -64.51c S  -3.12c ( -2.8 L  -1.9) LCB -417.63c P  0.70% WF   1.7 PSV       0 N       1  --  C11

2024-05-26 16:22:39-0400: = M5
2024-05-26 16:22:43-0400: Controller: kata-list_time_settings
2024-05-26 16:22:43-0400: = none absolute byoyomi canadian fischer fischer-capped
2024-05-26 16:22:43-0400: Controller: play white m6
2024-05-26 16:22:43-0400: = 
2024-05-26 16:22:43-0400: Controller: genmove black
2024-05-26 16:22:44-0400: MoveNum: 10 HASH: AF835DA97DD7CD40E8555A5A0DE4B94E
   A B C D E F G H J K L M N
13 . . . . . . . . . . . . .
12 . . . . . . . . . . . . .
11 . . . . . . . . . . . . .
10 . . . O . . . . . X . . .
 9 . . . . . . . . . . . . .
 8 . . . . . . . . . . . . .
 7 . . . . . . . . . . . . .
 6 . . . . . . . . . . @ O3.
 5 . . . . . . . . . . O1X2.
 4 . . . X . . . . . O X . .
 3 . . . . . . . . . O X . .
 2 . . . . . . . . . . . . .
 1 . . . . . . . . . . . . .

koPOSITIONALscoreAREAtaxNONEsui1komi7.5
Time taken: 0.546
Root visits: 9070
New playouts: 1051
NN rows: 379
NN batches: 43
NN avg batch size: 8.81395
PV: L6 K5 M7 M4 N6 M3 D11 C11 E11 E10 C12 C10 L2 M2 G11 C6 C5 B5 B4 B6 K6 L11 J12 K12 K11
Tree:
: T -41.24c W -40.50c S  -0.55c ( -1.1 L  -0.7) N    9070  --  L6 K5 M7 M4 N6 M3 D11
---Black(^)---
L6  : T -41.24c W -40.50c S  -0.55c ( -1.1 L  -0.7) LCB  -42.03c P 99.42% WF 11916.2 PSV   11916 N    9069  --  L6 K5 M7 M4 N6 M3 D11 C11

2024-05-26 16:22:44-0400: = L6
2024-05-26 16:22:47-0400: Controller: kata-list_time_settings
2024-05-26 16:22:47-0400: = none absolute byoyomi canadian fischer fischer-capped
2024-05-26 16:22:47-0400: Controller: play white l2
2024-05-26 16:22:47-0400: = 
2024-05-26 16:22:47-0400: Controller: genmove black
2024-05-26 16:22:48-0400: MoveNum: 12 HASH: 10A0385A4B6C601CDCF51646D299621E
   A B C D E F G H J K L M N
13 . . . . . . . . . . . . .
12 . . . . . . . . . . . . .
11 . . . . . . . . . . . . .
10 . . . O . . . . . X . . .
 9 . . . . . . . . . . . . .
 8 . . . . . . . . . . . . .
 7 . . . . . . . . . . . . .
 6 . . . . . . . . . . X2O1.
 5 . . . . . . . . . @ O X .
 4 . . . X . . . . . O X . .
 3 . . . . . . . . . O X . .
 2 . . . . . . . . . . O3. .
 1 . . . . . . . . . . . . .

koPOSITIONALscoreAREAtaxNONEsui1komi7.5
Time taken: 0.516
Root visits: 398
New playouts: 398
NN rows: 396
NN batches: 36
NN avg batch size: 11
PV: K5 J2 C11 D11 C10 C9 B9 B8
Tree:
: T 108.61c W  99.07c S   9.52c (+15.5 L +14.4) N     398  --  K5 J2 C11 D11 C10 C9 B9
---Black(^)---
K5  : T 109.36c W  99.69c S   9.68c (+15.6 L +14.5) LCB  109.08c P 99.60% WF 1442.4 PSV    1440 N     315  --  K5 J2 C11 D11 C10 C9 B9 B8
M7  : T  26.51c W  36.71c S -10.21c ( +2.1 L  +1.3) LCB -323.49c P  0.03% WF   0.7 PSV       0 N       1  --  M7
C11 : T   2.26c W  13.49c S -11.23c ( +1.3 L  +0.6) LCB -347.74c P  0.01% WF   0.3 PSV       0 N       1  --  C11
D11 : T   4.14c W  15.33c S -11.20c ( +1.3 L  +0.5) LCB -345.86c P  0.01% WF   0.3 PSV       0 N       1  --  D11
C10 : T   7.88c W  18.91c S -11.03c ( +1.4 L  +0.7) LCB -342.12c P  0.01% WF   0.3 PSV       0 N       1  --  C10
C9  : T -12.08c W   0.19c S -12.26c ( +0.7 L  -0.0) LCB -362.08c P  0.01% WF   0.3 PSV       0 N       1  --  C9
E11 : T -19.61c W  -6.94c S -12.68c ( +0.3 L  -0.2) LCB -369.61c P  0.01% WF   0.3 PSV       0 N       1  --  E11
D9  : T -28.40c W -15.02c S -13.39c ( -0.2 L  -0.4) LCB -378.40c P  0.01% WF   0.2 PSV       0 N       1  --  D9
E10 : T -19.95c W  -7.03c S -12.92c ( +0.1 L  -0.1) LCB -369.95c P  0.01% WF   0.2 PSV       0 N       1  --  E10
F3  : T -10.92c W   1.47c S -12.39c ( +0.6 L  +0.2) LCB -360.92c P  0.01% WF   0.2 PSV       0 N       1  --  F3

2024-05-26 16:22:48-0400: = K5
2024-05-26 16:22:55-0400: Controller: kata-list_time_settings
2024-05-26 16:22:55-0400: = none absolute byoyomi canadian fischer fischer-capped
2024-05-26 16:22:55-0400: Controller: play white m4
2024-05-26 16:22:55-0400: = 
2024-05-26 16:22:55-0400: Controller: genmove black
2024-05-26 16:22:56-0400: MoveNum: 14 HASH: EFB05D2FACAE5BFAC5855391D3B57915
   A B C D E F G H J K L M N
13 . . . . . . . . . . . . .
12 . . . . . . . . . . . . .
11 . . . . . . . . . . . . .
10 . . . O . . . . . X . . .
 9 . . . . . . . . . . . . .
 8 . . . . . . . . . . . . .
 7 . . . . . . . . . . . . .
 6 . . . . . . . . . . X O .
 5 . . . . . . . . . X2. X .
 4 . . . X . . . . . O X O3.
 3 . . . . . . . . . O X @ .
 2 . . . . . . . . . . O1. .
 1 . . . . . . . . . . . . .

koPOSITIONALscoreAREAtaxNONEsui1komi7.5
Time taken: 0.516
Root visits: 399
New playouts: 399
NN rows: 393
NN batches: 34
NN avg batch size: 11.5588
PV: M3 F3 C8 K11 J11 L10
Tree:
: T 106.54c W  99.84c S   6.72c (+19.7 L +18.6) N     399  --  M3 F3 C8 K11 J11 L10
---Black(^)---
M3  : T 108.39c W  99.87c S   8.56c (+20.9 L +19.9) LCB  107.67c P 54.64% WF 584.3 PSV     575 N     124  --  M3 F3 C8 K11 J11 L10
C11 : T 106.26c W  99.82c S   6.22c (+19.3 L +18.1) LCB  103.79c P  4.94% WF 118.0 PSV      21 N      28  --  C11 M3 L5 D11 C10 C9
C8  : T 106.54c W  99.85c S   6.62c (+19.6 L +18.5) LCB  105.03c P  1.93% WF 115.7 PSV       9 N      28  --  C8 M3 L5 J2 M2 N2
M2  : T 106.83c W  99.85c S   7.12c (+20.0 L +18.9) LCB  105.14c P  1.56% WF 108.1 PSV       8 N      26  --  M2 L11 L10 M3 L5
J2  : T 103.92c W  99.74c S   4.43c (+18.1 L +17.0) LCB   84.21c P  2.36% WF  23.0 PSV       6 N       6  --  J2 M3 L5 K2 H3
F11 : T 106.05c W  99.85c S   6.16c (+19.3 L +18.2) LCB  104.50c P  1.37% WF 111.3 PSV       5 N      27  --  F11 M3 L5 C8 C6
G11 : T 105.76c W  99.84c S   5.88c (+19.1 L +18.0) LCB  104.30c P  1.11% WF 103.6 PSV       4 N      25  --  G11 M3 L5 J2 M2
C7  : T 105.87c W  99.84c S   5.97c (+19.2 L +18.0) LCB  104.15c P  1.04% WF  99.5 PSV       4 N      24  --  C7 M3 L5 J2 G11 L7
C10 : T 105.10c W  99.83c S   5.41c (+18.7 L +17.5) LCB   99.45c P  1.31% WF  48.8 PSV       4 N      12  --  C10 M3 L5 C11 C9
H3  : T 104.31c W  99.79c S   4.24c (+18.0 L +16.8) LCB   61.10c P  1.54% WF  16.2 PSV       4 N       4  --  H3 M3 L5 J2

2024-05-26 16:22:56-0400: = M3
2024-05-26 16:23:07-0400: Controller: kata-list_time_settings
2024-05-26 16:23:07-0400: = none absolute byoyomi canadian fischer fischer-capped
2024-05-26 16:23:07-0400: Controller: play white n3
2024-05-26 16:23:07-0400: = 
2024-05-26 16:23:07-0400: Controller: genmove black
2024-05-26 16:23:07-0400: MoveNum: 16 HASH: 3C59F1D841461A3CFDDF8ED6B020ECC5
   A B C D E F G H J K L M N
13 . . . . . . . . . . . . .
12 . . . . . . . . . . . . .
11 . . . . . . . . . . . . .
10 . . . O . . . . . X . . .
 9 . . . . . . . . . . . . .
 8 . . . . . . . . . . . . .
 7 . . . . . . . . . . . . .
 6 . . . . . . . . . . X O .
 5 . . . . . . . . . X . X .
 4 . . . X . . . . . O X O1.
 3 . . . . . . . @ . O X X2O3
 2 . . . . . . . . . . O . .
 1 . . . . . . . . . . . . .

koPOSITIONALscoreAREAtaxNONEsui1komi7.5
Time taken: 0.5
Root visits: 360
New playouts: 360
NN rows: 357
NN batches: 36
NN avg batch size: 9.91667
PV: H3 H4 G4 J5 J6 H6 J3
Tree:
: T 110.60c W  99.96c S  10.61c (+28.9 L +27.9) N     360  --  H3 H4 G4 J5 J6 H6 J3
---Black(^)---
H3  : T 112.16c W  99.96c S  12.13c (+30.2 L +29.3) LCB  111.35c P 53.68% WF 449.4 PSV     443 N      89  --  H3 H4 G4 J5 J6 H6 J3
G3  : T 111.03c W  99.97c S  10.97c (+29.2 L +28.2) LCB  109.77c P  5.24% WF 139.2 PSV      27 N      29  --  G3 H11 F11
M2  : T 110.10c W  99.98c S  10.20c (+28.5 L +27.5) LCB  108.89c P  3.95% WF 131.2 PSV      15 N      27  --  M2 F3 E3 F4 D6 J5
C11 : T 110.59c W  99.95c S  10.41c (+28.8 L +27.7) LCB  109.12c P  3.21% WF 115.3 PSV      14 N      24  --  C11 C10 D11 E10 E11
F3  : T 109.74c W  99.97c S   9.71c (+28.2 L +27.2) LCB  105.96c P  2.03% WF  76.0 PSV       7 N      16  --  F3 M2 N4 H3 C8 L11
H4  : T 110.68c W  99.97c S  10.68c (+29.0 L +28.0) LCB  108.90c P  1.42% WF 116.7 PSV       6 N      24  --  H4 M2 N4 H2 C8
J2  : T 109.04c W  99.96c S   9.11c (+27.8 L +26.9) LCB   99.82c P  2.08% WF  38.9 PSV       6 N       9  --  J2 H3 F3
C10 : T 110.44c W  99.96c S  10.44c (+28.8 L +27.7) LCB  108.87c P  1.21% WF 109.7 PSV       5 N      23  --  C10 C11 C9 D9 C8
C8  : T 109.93c W  99.98c S  10.12c (+28.5 L +27.5) LCB  107.85c P  1.39% WF  93.4 PSV       5 N      20  --  C8 G3 M2 D2 F11
F11 : T 109.75c W  99.97c S   9.88c (+28.4 L +27.3) LCB  106.41c P  1.11% WF  70.8 PSV       4 N      15  --  F11 G3 M2

2024-05-26 16:23:07-0400: = H3
2024-05-26 16:23:13-0400: Controller: kata-list_time_settings
2024-05-26 16:23:13-0400: = none absolute byoyomi canadian fischer fischer-capped
2024-05-26 16:23:13-0400: Controller: play white m2
2024-05-26 16:23:13-0400: = 
2024-05-26 16:23:13-0400: Controller: genmove black
2024-05-26 16:23:13-0400: MoveNum: 18 HASH: E1D6A7F2CCC332BCAB8D7724899B26C2
   A B C D E F G H J K L M N
13 . . . . . . . . . . . . .
12 . . . . . . . . . . . . .
11 . . . . . . . . . . . . .
10 . . . O . . . . . X . . .
 9 . . . . . . . . . . . . .
 8 . . . . . . . . . . . . .
 7 . . . . . . . . . . . . .
 6 . . . . . . . . . . X O .
 5 . . . . . . . . . X . X .
 4 . . . X . . . . . O X O @
 3 . . . . . . . X2. O X X O1
 2 . . . . . . . . . . O O3.
 1 . . . . . . . . . . . . .

koPOSITIONALscoreAREAtaxNONEsui1komi7.5
Time taken: 0.297
Root visits: 427
New playouts: 409
NN rows: 213
NN batches: 22
NN avg batch size: 9.68182
PV: N4 H4 J2 K2 G4 J5 G5 K7 H5 J4
Tree:
: T 112.19c W  99.97c S  12.15c (+30.2 L +29.4) N     427  --  N4 H4 J2 K2 G4 J5 G5
---Black(^)---
N4  : T 112.26c W  99.97c S  12.22c (+30.2 L +29.4) LCB  111.65c P 94.65% WF 1956.1 PSV    1955 N     418  --  N4 H4 J2 K2 G4 J5 G5 K7
L5  : T 108.07c W  99.95c S   8.05c (+27.1 L +26.2) LCB   96.95c P  4.04% WF  33.5 PSV      14 N       8  --  L5 H4 J2 K2

2024-05-26 16:23:13-0400: = N4
2024-05-26 16:23:24-0400: Controller: kata-list_time_settings
2024-05-26 16:23:24-0400: = none absolute byoyomi canadian fischer fischer-capped
2024-05-26 16:23:24-0400: Controller: play white n5
2024-05-26 16:23:24-0400: = 
2024-05-26 16:23:24-0400: Controller: genmove black
2024-05-26 16:23:24-0400: MoveNum: 20 HASH: E0F0D54A945F88B3149DDF72C5BA03EE
   A B C D E F G H J K L M N
13 . . . . . . . . . . . . .
12 . . . . . . . . . . . . .
11 . . . . . . . . . . . . .
10 . . . O . . . . . X . . .
 9 . . . . . . . . . . . . .
 8 . . . . . . . . . . . . .
 7 . . . . . . . . . . . . .
 6 . . . . . . . . . . X O .
 5 . . . . . . . . . X . X O3
 4 . . . X . . . . . O X . X2
 3 . . . . . . . X . O X X O
 2 . . . . . . . . . . O O1@
 1 . . . . . . . . . . . . .

koPOSITIONALscoreAREAtaxNONEsui1komi7.5
Time taken: 0.234
Root visits: 184
New playouts: 184
NN rows: 184
NN batches: 19
NN avg batch size: 9.68421
PV: N2 H4 G4 J5 H5
Tree:
: T 111.12c W  99.98c S  11.27c (+34.2 L +33.3) N     184  --  N2 H4 G4 J5 H5
---Black(^)---
N2  : T 113.78c W 100.00c S  13.80c (+36.1 L +35.2) LCB  112.46c P 43.78% WF 231.4 PSV     404 N      41  --  N2 H4 G4 J5 H5
N6  : T 112.42c W  99.99c S  12.49c (+35.0 L +34.1) LCB  111.25c P 44.01% WF 195.3 PSV     142 N      37  --  N6 J5 J4 J3 H4
J5  : T 113.11c W  99.99c S  13.05c (+35.7 L +34.8) LCB  109.74c P  5.23% WF  93.4 PSV      20 N      18  --  J5 C6 D6
H5  : T 106.42c W  99.98c S   7.09c (+30.9 L +30.2) LCB   94.12c P  1.60% WF  27.4 PSV       1 N       8  --  H5 M4 L5 L7 M7
J4  : T 107.00c W  99.97c S   7.92c (+31.5 L +30.9) LCB   92.24c P  0.78% WF  21.4 PSV       1 N       7  --  J4 M4 L5 J3
J2  : T 108.42c W  99.95c S   8.70c (+32.2 L +31.4) LCB  102.27c P  0.17% WF  41.5 PSV       0 N      13  --  J2 M4 L5 M7 M9 J5
L7  : T 109.76c W  99.96c S   9.83c (+33.2 L +32.3) LCB  104.38c P  0.26% WF  47.1 PSV       0 N      12  --  L7 M4 L5 H4
M7  : T 108.15c W  99.97c S   8.34c (+31.9 L +31.0) LCB   96.83c P  0.28% WF  25.1 PSV       0 N       8  --  M7 M4 L5 H4
L5  : T 107.49c W  99.98c S   7.57c (+31.3 L +30.4) LCB   96.30c P  0.13% WF  28.0 PSV       0 N       8  --  L5 H4 J2
F3  : T 106.70c W  99.96c S   6.97c (+30.9 L +30.0) LCB   95.19c P  0.11% WF  26.6 PSV       0 N       8  --  F3 M4 L5 J5

2024-05-26 16:23:24-0400: = N2
2024-05-26 16:23:32-0400: Controller: kata-list_time_settings
2024-05-26 16:23:32-0400: = none absolute byoyomi canadian fischer fischer-capped
2024-05-26 16:23:32-0400: Controller: play white n1
2024-05-26 16:23:32-0400: = 
2024-05-26 16:23:32-0400: Controller: genmove black
2024-05-26 16:23:32-0400: MoveNum: 22 HASH: FA6E4FD392A69917DC25B2FDD73762CE
   A B C D E F G H J K L M N
13 . . . . . . . . . . . . .
12 . . . . . . . . . . . . .
11 . . . . . . . . . . . . .
10 . . . O . @ . . . X . . .
 9 . . . . . . . . . . . . .
 8 . . . . . . . . . . . . .
 7 . . . . . . . . . . . . .
 6 . . . . . . . . . . X O .
 5 . . . . . . . . . X . X O1
 4 . . . X . . . . . O X . X
 3 . . . . . . . X . O X X .
 2 . . . . . . . . . . O O X2
 1 . . . . . . . . . . . . O3

koPOSITIONALscoreAREAtaxNONEsui1komi7.5
Time taken: 0.218
Root visits: 160
New playouts: 160
NN rows: 160
NN batches: 16
NN avg batch size: 10
PV: F10 D7 D6
Tree:
: T 115.69c W 100.00c S  15.61c (+46.3 L +45.1) N     160  --  F10 D7 D6
---Black(^)---
F10 : T 115.83c W 100.00c S  15.70c (+46.2 L +45.1) LCB  110.76c P  2.07% WF  70.6 PSV      93 N      12  --  F10 D7 D6
F3  : T 115.67c W 100.00c S  15.57c (+46.0 L +44.9) LCB  110.64c P  9.42% WF  71.8 PSV      72 N      12  --  F3 H4 D9
C8  : T 116.56c W 100.00c S  16.41c (+47.1 L +45.9) LCB  110.68c P  6.81% WF  67.5 PSV      68 N      11  --  C8 H4 G4
D9  : T 115.98c W 100.00c S  15.70c (+46.4 L +45.3) LCB  109.99c P 11.43% WF  66.1 PSV      67 N      11  --  D9 C9 E10
F11 : T 116.48c W 100.00c S  16.37c (+47.2 L +45.9) LCB  109.40c P  6.10% WF  62.2 PSV      62 N      10  --  F11 H4 G4
E10 : T 115.70c W 100.00c S  15.54c (+46.3 L +45.2) LCB  108.56c P 10.77% WF  60.0 PSV      61 N      10  --  E10 E11 D9
D8  : T 116.23c W 100.00c S  16.20c (+47.0 L +45.8) LCB  109.11c P  3.00% WF  61.6 PSV      37 N      10  --  D8 H4 G4
C10 : T 115.56c W 100.00c S  15.32c (+45.9 L +44.7) LCB  108.30c P  3.76% WF  58.9 PSV      26 N      10  --  C10 C11 D9
H5  : T 115.02c W 100.00c S  15.19c (+45.6 L +44.5) LCB  106.13c P  4.61% WF  54.8 PSV      24 N       9  --  H5 H2 J2
D11 : T 114.49c W 100.00c S  14.51c (+45.3 L +44.1) LCB   94.99c P  4.60% WF  35.1 PSV      19 N       6  --  D11 C11 E11

2024-05-26 16:23:32-0400: = F10
2024-05-26 16:23:42-0400: Controller: kata-list_time_settings
2024-05-26 16:23:42-0400: = none absolute byoyomi canadian fischer fischer-capped
2024-05-26 16:23:42-0400: Controller: play white k6
2024-05-26 16:23:42-0400: = 
2024-05-26 16:23:42-0400: Controller: genmove black
2024-05-26 16:23:42-0400: MoveNum: 24 HASH: CFC6F11140165E2FE9F3C686C4B2FC32
   A B C D E F G H J K L M N
13 . . . . . . . . . . . . .
12 . . . . . . . . . . . . .
11 . . . . . . . . . . . . .
10 . . . O . X2. . . X . . .
 9 . . . . . . . . . . . . .
 8 . . . . . . . . . . . . .
 7 . . . . . . . . . . . . .
 6 . . . . . . . . @ O3X O .
 5 . . . . . . . . . X . X O
 4 . . . X . . . . . O X . X
 3 . . . . . . . X . O X X .
 2 . . . . . . . . . . O O X
 1 . . . . . . . . . . . . O1

koPOSITIONALscoreAREAtaxNONEsui1komi7.5
Time taken: 0.204
Root visits: 167
New playouts: 167
NN rows: 156
NN batches: 15
NN avg batch size: 10.4
PV: J6 D7 C11 D11
Tree:
: T 115.61c W 100.00c S  15.55c (+47.8 L +46.9) N     167  --  J6 D7 C11 D11
---Black(^)---
J6  : T 118.41c W 100.00c S  18.31c (+50.4 L +49.4) LCB  117.63c P 47.80% WF 253.1 PSV     497 N      39  --  J6 D7 C11 D11
J5  : T 116.52c W 100.00c S  16.49c (+48.6 L +47.7) LCB  115.04c P 42.22% WF 153.6 PSV     120 N      25  --  J5 L7 L5 H2
K7  : T 117.21c W 100.00c S  17.20c (+49.2 L +48.2) LCB  114.20c P  4.91% WF  96.7 PSV      16 N      16  --  K7 F3 H5 C6
G4  : T 113.88c W 100.00c S  13.76c (+46.2 L +45.3) LCB  110.41c P  0.16% WF  67.5 PSV       0 N      15  --  G4 J5 L5 H4 G5 G3
L5  : T 113.16c W 100.00c S  13.10c (+45.6 L +44.7) LCB  107.22c P  0.35% WF  45.4 PSV       0 N      11  --  L5 H4 G4 J5 G5 G3
J4  : T 115.17c W 100.00c S  14.99c (+46.9 L +46.0) LCB  109.20c P  0.19% WF  56.5 PSV       0 N      11  --  J4 J3 H4 C7
H5  : T 111.62c W 100.00c S  11.73c (+44.5 L +43.8) LCB  104.64c P  0.12% WF  40.7 PSV       0 N      11  --  H5 J5 L5 H4 G4
F3  : T 113.36c W 100.00c S  13.12c (+45.7 L +44.6) LCB  104.49c P  0.23% WF  37.6 PSV       0 N       9  --  F3 J5 L5 H4 K7
D8  : T 111.40c W 100.00c S  11.53c (+44.3 L +43.4) LCB   97.03c P  0.17% WF  24.4 PSV       0 N       7  --  D8 J5 L5 H4 J2 K2
C10 : T 110.10c W 100.00c S  10.35c (+43.2 L +42.2) LCB   66.78c P  0.13% WF  13.2 PSV       0 N       4  --  C10 J5 L5 H4

2024-05-26 16:23:42-0400: = J6
2024-05-26 16:23:55-0400: Controller: kata-list_time_settings
2024-05-26 16:23:55-0400: = none absolute byoyomi canadian fischer fischer-capped
2024-05-26 16:23:55-0400: Controller: play white n3
2024-05-26 16:23:55-0400: = 
2024-05-26 16:23:55-0400: Controller: genmove black
2024-05-26 16:23:55-0400: MoveNum: 26 HASH: 73118F1CB78EC68CA4D7C0DCDFB951F7
   A B C D E F G H J K L M N
13 . . . . . . . . . . . . .
12 . . . . . . . . . . . . .
11 . . . . . . . . . . . . .
10 . . . O . X . . . X . . .
 9 . . . . . . . . . . . . .
 8 . . . . . . . . . . . . .
 7 . . . . . . . . . . . . .
 6 . . . . . . . . X2O1X O .
 5 . . . . . . . . . X . X O
 4 . . . X . . . . @ O X . X
 3 . . . . . . . X . O X X O3
 2 . . . . . . . . . . O O .
 1 . . . . . . . . . . . . O

koPOSITIONALscoreAREAtaxNONEsui1komi7.5
Time taken: 0.203
Root visits: 177
New playouts: 164
NN rows: 164
NN batches: 15
NN avg batch size: 10.9333
PV: J4 M4 L5 L10 L11
Tree:
: T 116.50c W 100.00c S  16.31c (+52.3 L +51.4) N     177  --  J4 M4 L5 L10 L11
---Black(^)---
J4  : T 118.52c W 100.00c S  18.27c (+54.0 L +53.0) LCB  116.53c P 26.56% WF 184.6 PSV     182 N      31  --  J4 M4 L5 L10 L11
N6  : T 116.84c W 100.00c S  16.95c (+52.5 L +51.4) LCB  112.52c P 11.24% WF  80.8 PSV      38 N      13  --  N6 D7 C5
H5  : T 116.44c W 100.00c S  16.55c (+52.4 L +51.5) LCB  111.94c P  9.73% WF  74.3 PSV      29 N      13  --  H5 M4 L5 C8
D8  : T 116.00c W  99.99c S  15.46c (+51.8 L +50.9) LCB  110.49c P 10.21% WF  67.4 PSV      28 N      13  --  D8 M4 L5 J5 K7
F3  : T 115.78c W  99.99c S  15.51c (+51.7 L +50.9) LCB  109.58c P 10.98% WF  57.9 PSV      28 N      11  --  F3 M4 L5 L7 K7
J5  : T 117.20c W 100.00c S  17.08c (+52.8 L +51.8) LCB  111.19c P  4.01% WF  65.8 PSV      15 N      11  --  J5 C7 C5
L5  : T 115.27c W 100.00c S  15.32c (+51.2 L +50.2) LCB  108.10c P  4.04% WF  59.0 PSV       9 N      10  --  L5 H4 G4
C8  : T 115.62c W  99.99c S  15.01c (+51.3 L +50.4) LCB  108.70c P  3.46% WF  54.5 PSV       8 N      11  --  C8 M4 L5 J5 K7
K7  : T 116.73c W 100.00c S  16.76c (+52.7 L +51.7) LCB  110.82c P  2.10% WF  66.1 PSV       7 N      11  --  K7 M4 L5
G4  : T 114.91c W  99.99c S  15.02c (+51.1 L +50.4) LCB  105.59c P  2.06% WF  45.4 PSV       4 N       9  --  G4 M4 L5 L7

2024-05-26 16:23:55-0400: = J4
2024-05-26 16:24:07-0400: Controller: kata-list_time_settings
2024-05-26 16:24:07-0400: = none absolute byoyomi canadian fischer fischer-capped
2024-05-26 16:24:07-0400: Controller: play white m4
2024-05-26 16:24:07-0400: = 
2024-05-26 16:24:07-0400: Controller: genmove black
2024-05-26 16:24:07-0400: MoveNum: 28 HASH: 82FA856494F63BAAD3CCDA6C0F551B3C
   A B C D E F G H J K L M N
13 . . . . . . . . . . . . .
12 . . . . . . . . . . . . .
11 . . . . . . . . . . . . .
10 . . . O . X . . . X . . .
 9 . . . . . . . . . . . . .
 8 . . . . . . . . . . . . .
 7 . . . . . . . . . . . . .
 6 . . . . . . . . X O X O .
 5 . . . . . . . . . X @ X O
 4 . . . X . . . . X2O X O3.
 3 . . . . . . . X . O X X O1
 2 . . . . . . . . . . O O .
 1 . . . . . . . . . . . . O

koPOSITIONALscoreAREAtaxNONEsui1komi7.5
Time taken: 0.203
Root visits: 1436
New playouts: 281
NN rows: 145
NN batches: 15
NN avg batch size: 9.66667
PV: L5 C6 C11 D11 C10 C9 B9 B8 C8 D9 B7 D8 C7 B10
Tree:
: T 117.57c W 100.00c S  17.36c (+54.2 L +53.5) N    1436  --  L5 C6 C11 D11 C10 C9 B9
---Black(^)---
L5  : T 117.59c W 100.00c S  17.38c (+54.2 L +53.5) LCB  117.37c P 99.20% WF 8348.9 PSV    8348 N    1434  --  L5 C6 C11 D11 C10 C9 B9 B8
C5  : T  82.45c W  99.90c S -17.45c (+19.2 L +18.4) LCB -267.55c P  0.02% WF   2.9 PSV       0 N       1  --  C5

2024-05-26 16:24:07-0400: = L5
2024-05-26 16:24:17-0400: Controller: kata-list_time_settings
2024-05-26 16:24:17-0400: = none absolute byoyomi canadian fischer fischer-capped
2024-05-26 16:24:17-0400: Controller: play white l7
2024-05-26 16:24:17-0400: = 
2024-05-26 16:24:17-0400: Controller: genmove black
2024-05-26 16:24:17-0400: MoveNum: 30 HASH: 9E5FDB5777E1FBA6A14A603C38F85688
   A B C D E F G H J K L M N
13 . . . . . . . . . . . . .
12 . . . . . . . . . . . . .
11 . . . . . . . . . . . . .
10 . . . O . X . . . X . . .
 9 . . . . . . . . . . . . .
 8 . . . . . . . . . . . . .
 7 . . . . . . . . . @ O3. .
 6 . . . . . . . . X O X O .
 5 . . . . . . . . . X X2X O
 4 . . . X . . . . X O X O1.
 3 . . . . . . . X . O X X O
 2 . . . . . . . . . . O O .
 1 . . . . . . . . . . . . O

koPOSITIONALscoreAREAtaxNONEsui1komi7.5
Time taken: 0.203
Root visits: 289
New playouts: 210
NN rows: 154
NN batches: 15
NN avg batch size: 10.2667
PV: K7 C6 C8 C4 C3 D3
Tree:
: T 117.94c W 100.00c S  17.72c (+55.8 L +55.1) N     289  --  K7 C6 C8 C4 C3 D3
---Black(^)---
K7  : T 118.41c W 100.00c S  18.17c (+56.3 L +55.5) LCB  117.94c P 66.61% WF 1572.1 PSV    1566 N     257  --  K7 C6 C8 C4 C3 D3
N4  : T 113.55c W 100.00c S  13.38c (+51.7 L +51.0) LCB  112.10c P 32.63% WF 158.9 PSV      94 N      31  --  N4 C4 C5 D3

2024-05-26 16:24:17-0400: = K7
2024-05-26 16:24:35-0400: Controller: kata-list_time_settings
2024-05-26 16:24:35-0400: = none absolute byoyomi canadian fischer fischer-capped
2024-05-26 16:24:35-0400: Controller: play white j5
2024-05-26 16:24:36-0400: = 
2024-05-26 16:24:36-0400: Controller: genmove black
2024-05-26 16:24:36-0400: MoveNum: 32 HASH: E1C7EB6E6126862BC7DBF71BD31AC059
   A B C D E F G H J K L M N
13 . . . . . . . . . . . . .
12 . . . . . . . . . . . . .
11 . . . . . . . . . . . . .
10 . . . O . X . . . X . . .
 9 . . . . . . . . . . . . .
 8 . . . . . . . . . . . . .
 7 . . . . . . . . . X2O1. .
 6 . . . . . . . . X . X O .
 5 . . . . . . . @ O3X X X O
 4 . . . X . . . . X O X O .
 3 . . . . . . . X . O X X O
 2 . . . . . . . . . . O O .
 1 . . . . . . . . . . . . O

koPOSITIONALscoreAREAtaxNONEsui1komi7.5
Time taken: 0.203
Root visits: 146
New playouts: 146
NN rows: 147
NN batches: 15
NN avg batch size: 9.8
PV: H5 M8 L8 C8 L9
Tree:
: T 121.42c W  99.87c S  21.15c (+59.9 L +59.1) N     146  --  H5 M8 L8 C8 L9
---Black(^)---
H5  : T 123.25c W 100.00c S  23.13c (+61.6 L +60.8) LCB  122.38c P 72.13% WF 526.3 PSV     520 N      77  --  H5 M8 L8 C8 L9
N4  : T 111.79c W 100.00c S  12.15c (+50.5 L +49.9) LCB  106.10c P 27.29% WF  64.5 PSV      25 N      14  --  N4 J3 H5 H2 G2 G3
K6  : T 104.21c W  99.99c S   5.14c (+44.6 L +44.1) LCB  -46.30c P  0.23% WF   4.2 PSV       0 N       2  --  K6 J3
C10 : T  70.60c W  93.78c S -23.18c ( +7.8 L  +5.9) LCB -279.40c P  0.01% WF   0.2 PSV       0 N       1  --  C10
D11 : T  72.50c W  95.61c S -23.11c ( +8.0 L  +6.1) LCB -277.50c P  0.01% WF   0.2 PSV       0 N       1  --  D11
C11 : T  72.99c W  95.81c S -22.82c ( +8.7 L  +7.2) LCB -277.01c P  0.01% WF   0.2 PSV       0 N       1  --  C11
C9  : T  66.41c W  89.91c S -23.50c ( +6.9 L  +5.4) LCB -283.59c P  0.01% WF   0.1 PSV       0 N       1  --  C9
C8  : T  67.97c W  91.31c S -23.34c ( +7.3 L  +5.3) LCB -282.03c P  0.01% WF   0.1 PSV       0 N       1  --  C8
C7  : T  68.56c W  91.98c S -23.42c ( +7.0 L  +5.5) LCB -281.44c P  0.01% WF   0.1 PSV       0 N       1  --  C7
B9  : T  69.15c W  92.45c S -23.30c ( +7.3 L  +5.4) LCB -280.85c P  0.01% WF   0.1 PSV       0 N       1  --  B9

2024-05-26 16:24:36-0400: = H5
2024-05-26 16:24:46-0400: Controller: kata-list_time_settings
2024-05-26 16:24:46-0400: = none absolute byoyomi canadian fischer fischer-capped
2024-05-26 16:24:46-0400: Controller: play white h7
2024-05-26 16:24:46-0400: = 
2024-05-26 16:24:46-0400: Controller: genmove black
2024-05-26 16:24:47-0400: MoveNum: 34 HASH: B74F8CA8083EB67F8182EF6046B201D3
   A B C D E F G H J K L M N
13 . . . . . . . . . . . . .
12 . . . . . . . . . . . . .
11 . . . . . . . . . . . . .
10 . . . O . X . . . X . . .
 9 . . . . . . . . . . . . .
 8 . . . . . . . . . . @ . .
 7 . . . . . . . O3. X O . .
 6 . . . . . . . . X . X O .
 5 . . . . . . . X2.1X X X O
 4 . . . X . . . . X O X O .
 3 . . . . . . . X . O X X O
 2 . . . . . . . . . . O O .
 1 . . . . . . . . . . . . O

koPOSITIONALscoreAREAtaxNONEsui1komi7.5
Time taken: 0.235
Root visits: 165
New playouts: 165
NN rows: 162
NN batches: 18
NN avg batch size: 9
PV: L8 C6 C8
Tree:
: T 117.25c W 100.00c S  16.99c (+67.3 L +66.5) N     165  --  L8 C6 C8
---Black(^)---
L8  : T 118.60c W 100.00c S  18.50c (+67.7 L +66.7) LCB  115.61c P 18.51% WF 105.9 PSV     170 N      16  --  L8 C6 C8
D9  : T 116.66c W 100.00c S  16.54c (+66.8 L +66.1) LCB  112.29c P 25.59% WF  77.5 PSV      73 N      14  --  D9 C9 C8 C10
D8  : T 118.11c W 100.00c S  17.88c (+68.6 L +67.9) LCB  113.72c P 16.02% WF  80.7 PSV      73 N      13  --  D8 L8 M10 M9
C8  : T 117.67c W 100.00c S  17.49c (+68.1 L +67.3) LCB  112.38c P 12.72% WF  71.3 PSV      49 N      12  --  C8 L8 M10 M9
C11 : T 117.04c W 100.00c S  16.52c (+67.4 L +66.6) LCB  109.60c P  2.64% WF  55.3 PSV       8 N      10  --  C11 D11 C10 D9
D11 : T 117.31c W 100.00c S  16.82c (+67.3 L +66.5) LCB  111.88c P  2.08% WF  69.0 PSV       7 N      12  --  D11 C11 E11 L8
C10 : T 116.17c W 100.00c S  16.00c (+66.4 L +65.7) LCB  109.80c P  2.63% WF  59.3 PSV       6 N      11  --  C10 C11 C9 D9
L9  : T 116.43c W 100.00c S  16.43c (+66.2 L +65.3) LCB  107.35c P  2.38% WF  52.0 PSV       6 N       9  --  L9 L8 M9
E8  : T 117.94c W 100.00c S  17.61c (+67.8 L +67.0) LCB  111.98c P  1.15% WF  65.9 PSV       4 N      11  --  E8 L8 M9
C7  : T 116.95c W 100.00c S  16.84c (+67.4 L +66.7) LCB  109.65c P  1.28% WF  58.7 PSV       3 N      10  --  C7 L8 M10 M9

2024-05-26 16:24:47-0400: = L8
2024-05-26 16:24:54-0400: Controller: kata-list_time_settings
2024-05-26 16:24:54-0400: = none absolute byoyomi canadian fischer fischer-capped
2024-05-26 16:24:54-0400: Controller: play white j8
2024-05-26 16:24:54-0400: = 
2024-05-26 16:24:54-0400: Controller: genmove black
2024-05-26 16:24:54-0400: MoveNum: 36 HASH: 7B248C6CC5046F372C58C126A85A9590
   A B C D E F G H J K L M N
13 . . . . . . . . . . . . .
12 . . . . . . . . . . . . .
11 . . . . . . . . . . . . .
10 . . . O . X . . . X . . .
 9 . . . . . . . . . . . . .
 8 . . . . @ . . . O3. X2. .
 7 . . . . . . . O1. X O . .
 6 . . . . . . . . X . X O .
 5 . . . . . . . X . X X X O
 4 . . . X . . . . X O X O .
 3 . . . . . . . X . O X X O
 2 . . . . . . . . . . O O .
 1 . . . . . . . . . . . . O

koPOSITIONALscoreAREAtaxNONEsui1komi7.5
Time taken: 0.234
Root visits: 171
New playouts: 171
NN rows: 170
NN batches: 19
NN avg batch size: 8.94737
PV: E8 C8 D6
Tree:
: T 116.36c W 100.00c S  16.21c (+74.2 L +73.4) N     171  --  E8 C8 D6
---Black(^)---
E8  : T 118.22c W 100.00c S  17.92c (+75.9 L +75.2) LCB  115.30c P 12.37% WF 103.4 PSV     209 N      16  --  E8 C8 D6
D9  : T 116.91c W 100.00c S  16.70c (+74.8 L +74.1) LCB  115.08c P 57.57% WF 174.8 PSV     174 N      29  --  D9 C9 D8 K11
E9  : T 117.56c W 100.00c S  17.31c (+75.3 L +74.5) LCB  113.77c P 10.85% WF  87.4 PSV      39 N      14  --  E9 K11 J11 J10
D11 : T 116.81c W 100.00c S  16.40c (+74.5 L +73.6) LCB  111.72c P  2.76% WF  71.0 PSV       8 N      12  --  D11 C11 E11 D8
D8  : T 116.39c W 100.00c S  16.39c (+74.5 L +73.7) LCB  110.49c P  1.51% WF  63.8 PSV       4 N      11  --  D8 E9 C11
C8  : T 115.68c W 100.00c S  15.54c (+73.8 L +73.1) LCB  109.11c P  1.06% WF  59.1 PSV       2 N      11  --  C8 D8 D7 H2
D7  : T 115.95c W 100.00c S  15.89c (+73.8 L +72.8) LCB  109.95c P  0.85% WF  62.4 PSV       2 N      11  --  D7 E9 F9
E7  : T 116.88c W 100.00c S  16.76c (+74.7 L +73.9) LCB  111.93c P  0.64% WF  77.5 PSV       1 N      12  --  E7 K11 J11
F8  : T 115.63c W 100.00c S  15.49c (+73.1 L +72.2) LCB  108.26c P  0.64% WF  55.6 PSV       1 N      10  --  F8 D7 D11
C6  : T 115.65c W 100.00c S  15.59c (+73.4 L +72.3) LCB  108.21c P  0.56% WF  56.0 PSV       1 N      10  --  C6 D7 C7

2024-05-26 16:24:54-0400: = E8
2024-05-26 16:25:08-0400: Controller: kata-list_time_settings
2024-05-26 16:25:08-0400: = none absolute byoyomi canadian fischer fischer-capped
2024-05-26 16:25:08-0400: Controller: play white k9
2024-05-26 16:25:08-0400: = 
2024-05-26 16:25:08-0400: Controller: genmove black
2024-05-26 16:25:09-0400: MoveNum: 38 HASH: 5E99E7FA66C8894BDDA6E6E649EDEB64
   A B C D E F G H J K L M N
13 . . . . . . . . . . . . .
12 . . . . . . . . . . . . .
11 . . . . . . . . . . . . .
10 . . . O . X . . @ X . . .
 9 . . . . . . . . . O3. . .
 8 . . . . X2. . . O1. X . .
 7 . . . . . . . O . X O . .
 6 . . . . . . . . X . X O .
 5 . . . . . . . X . X X X O
 4 . . . X . . . . X O X O .
 3 . . . . . . . X . O X X O
 2 . . . . . . . . . . O O .
 1 . . . . . . . . . . . . O

koPOSITIONALscoreAREAtaxNONEsui1komi7.5
Time taken: 0.25
Root visits: 213
New playouts: 209
NN rows: 177
NN batches: 18
NN avg batch size: 9.83333
PV: J10 L9 L10 M10 M11
Tree:
: T 116.75c W 100.00c S  16.65c (+79.1 L +78.5) N     213  --  J10 L9 L10 M10 M11
---Black(^)---
J10 : T 118.25c W 100.00c S  18.05c (+80.3 L +79.8) LCB  117.34c P 40.25% WF 272.8 PSV     501 N      44  --  J10 L9 L10 M10 M11
K11 : T 117.34c W 100.00c S  17.13c (+80.1 L +79.5) LCB  115.97c P 39.66% WF 262.5 PSV     181 N      47  --  K11 H11 G11 H10 H12
H11 : T 117.46c W 100.00c S  17.37c (+80.2 L +79.6) LCB  114.27c P  4.62% WF  93.0 PSV      22 N      16  --  H11 L9 L11 M8
G11 : T 116.92c W 100.00c S  16.79c (+79.6 L +78.9) LCB  114.54c P  3.25% WF 104.5 PSV      12 N      19  --  G11 L9 K11 M8 M7
J11 : T 115.56c W 100.00c S  15.47c (+77.7 L +77.0) LCB  110.95c P  2.81% WF  66.4 PSV       7 N      13  --  J11 L9 L10 M10
H10 : T 116.92c W 100.00c S  16.78c (+78.6 L +77.9) LCB  113.11c P  0.72% WF  80.2 PSV       2 N      14  --  H10 L9 L11
L9  : T 115.38c W 100.00c S  15.27c (+76.5 L +75.7) LCB  110.22c P  1.10% WF  62.4 PSV       2 N      12  --  L9 C8 C7
L10 : T 115.38c W 100.00c S  15.51c (+77.7 L +77.2) LCB  110.43c P  0.69% WF  63.4 PSV       1 N      13  --  L10 J10 J11 H11
F11 : T 114.92c W 100.00c S  15.12c (+78.1 L +77.3) LCB  105.59c P  0.59% WF  40.6 PSV       1 N       9  --  F11 L9 K11 M8
L11 : T 114.11c W 100.00c S  14.50c (+76.7 L +76.2) LCB   99.06c P  0.53% WF  31.5 PSV       1 N       7  --  L11 J10 J11 H11

2024-05-26 16:25:09-0400: = J10
2024-05-26 16:25:15-0400: Controller: kata-list_time_settings
2024-05-26 16:25:15-0400: = none absolute byoyomi canadian fischer fischer-capped
2024-05-26 16:25:15-0400: Controller: play white m9
2024-05-26 16:25:15-0400: = 
2024-05-26 16:25:15-0400: Controller: genmove black
2024-05-26 16:25:15-0400: MoveNum: 40 HASH: 262D3C80BD17B7B23C15B2B8289034D6
   A B C D E F G H J K L M N
13 . . . . . . . . . . . . .
12 . . . . . . . . . . . . .
11 . . . . . . . . . . . . .
10 . . . O . X . . X2X @ . .
 9 . . . . . . . . . O1. O3.
 8 . . . . X . . . O . X . .
 7 . . . . . . . O . X O . .
 6 . . . . . . . . X . X O .
 5 . . . . . . . X . X X X O
 4 . . . X . . . . X O X O .
 3 . . . . . . . X . O X X O
 2 . . . . . . . . . . O O .
 1 . . . . . . . . . . . . O

koPOSITIONALscoreAREAtaxNONEsui1komi7.5
Time taken: 0.234
Root visits: 177
New playouts: 175
NN rows: 165
NN batches: 17
NN avg batch size: 9.70588
PV: L10 M7 M8 L9 K8
Tree:
: T 114.22c W 100.00c S  14.19c (+80.5 L +80.1) N     177  --  L10 M7 M8 L9 K8
---Black(^)---
L10 : T 116.37c W 100.00c S  16.31c (+82.6 L +82.4) LCB  114.74c P 58.14% WF 291.0 PSV     286 N      52  --  L10 M7 M8 L9 K8
L9  : T 113.20c W 100.00c S  13.20c (+78.9 L +78.5) LCB  109.65c P 22.59% WF  85.7 PSV      47 N      16  --  L9 C8 C7 B7
L11 : T 115.87c W 100.00c S  15.89c (+82.1 L +81.9) LCB  111.23c P 10.73% WF  94.8 PSV      43 N      17  --  L11 M7 M8 L9
M11 : T 114.91c W 100.00c S  14.80c (+81.1 L +80.8) LCB  107.72c P  2.21% WF  60.5 PSV       6 N      12  --  M11 M7 M8 F11
L12 : T 113.19c W 100.00c S  13.27c (+79.6 L +79.2) LCB  104.46c P  0.49% WF  48.0 PSV       1 N      11  --  L12 M7 M8 N8
C8  : T 110.56c W 100.00c S  10.84c (+77.4 L +77.0) LCB  100.85c P  0.78% WF  29.1 PSV       1 N      10  --  C8 L9 M11 M7
M8  : T 113.00c W 100.00c S  13.19c (+78.9 L +78.4) LCB  108.41c P  0.38% WF  62.0 PSV       0 N      13  --  M8 L11 J12 K12
M10 : T 111.83c W 100.00c S  11.94c (+78.2 L +78.0) LCB  103.91c P  0.21% WF  36.3 PSV       0 N      10  --  M10 L9 L10 M7 K8 M8
C9  : T 110.41c W 100.00c S  10.84c (+77.4 L +76.9) LCB   98.95c P  0.50% WF  26.6 PSV       0 N       9  --  C9 L9 M11 M7
K12 : T 110.52c W 100.00c S  11.15c (+77.4 L +76.9) LCB   88.05c P  0.44% WF  20.4 PSV       0 N       6  --  K12 M7 M8

2024-05-26 16:25:15-0400: = L10
2024-05-26 16:25:32-0400: Controller: kata-list_time_settings
2024-05-26 16:25:32-0400: = none absolute byoyomi canadian fischer fischer-capped
2024-05-26 16:25:32-0400: Controller: play white k8
2024-05-26 16:25:32-0400: = 
2024-05-26 16:25:32-0400: Controller: genmove black
2024-05-26 16:25:32-0400: MoveNum: 42 HASH: 9A14E58DBF997063504B9E842A6F45A2
   A B C D E F G H J K L M N
13 . . . . . . . . . . . . .
12 . . . . . . . . . . . . .
11 . . . . . . . . . . . . .
10 . . . O . X . . X X X2. .
 9 . . . . . . . . . O . O1.
 8 . . @ . X . . . O O3X . .
 7 . . . . . . . O . X O . .
 6 . . . . . . . . X . X O .
 5 . . . . . . . X . X X X O
 4 . . . X . . . . X O X O .
 3 . . . . . . . X . O X X O
 2 . . . . . . . . . . O O .
 1 . . . . . . . . . . . . O

koPOSITIONALscoreAREAtaxNONEsui1komi7.5
Time taken: 0.234
Root visits: 155
New playouts: 155
NN rows: 155
NN batches: 16
NN avg batch size: 9.6875
PV: C8 M7 L9 M8 M10 N9
Tree:
: T 116.57c W 100.00c S  16.40c (+92.3 L +92.1) N     155  --  C8 M7 L9 M8 M10 N9
---Black(^)---
C8  : T 118.84c W 100.00c S  18.53c (+95.1 L +94.9) LCB  115.62c P 43.55% WF 131.6 PSV     129 N      23  --  C8 M7 L9 M8 M10 N9
C9  : T 119.13c W 100.00c S  18.65c (+95.3 L +95.0) LCB  114.48c P 13.42% WF  78.7 PSV      43 N      13  --  C9 M7 L9 M8
L9  : T 115.61c W 100.00c S  15.66c (+90.2 L +90.1) LCB  109.25c P 15.92% WF  63.5 PSV      25 N      11  --  L9 C8 C7
E11 : T 116.48c W 100.00c S  16.25c (+92.1 L +91.9) LCB  109.07c P  6.96% WF  53.1 PSV      12 N      10  --  E11 M7 L9 M8
C7  : T 118.07c W 100.00c S  17.66c (+94.0 L +93.7) LCB  111.98c P  3.42% WF  63.9 PSV       8 N      11  --  C7 M7 L9 M8
D11 : T 115.98c W 100.00c S  15.65c (+91.5 L +91.2) LCB  108.10c P  2.60% WF  47.4 PSV       4 N      10  --  D11 M7 L9 M8 M10
F11 : T 114.18c W 100.00c S  14.03c (+89.6 L +89.5) LCB  102.22c P  2.11% WF  35.1 PSV       2 N       8  --  F11 M7 L9 M8
B8  : T 116.83c W 100.00c S  16.33c (+92.5 L +92.0) LCB  109.41c P  0.55% WF  52.8 PSV       1 N      10  --  B8 M7 L9 M8
D7  : T 115.78c W 100.00c S  15.65c (+91.4 L +91.1) LCB  106.73c P  0.89% WF  43.1 PSV       1 N       9  --  D7 M7 L9 M8
F12 : T 113.79c W 100.00c S  13.94c (+89.4 L +89.3) LCB   92.28c P  0.84% WF  24.7 PSV       1 N       6  --  F12 M7 L9 M8

2024-05-26 16:25:32-0400: = C8
2024-05-26 16:25:48-0400: Controller: kata-list_time_settings
2024-05-26 16:25:48-0400: = none absolute byoyomi canadian fischer fischer-capped
2024-05-26 16:25:48-0400: Controller: play white h6
2024-05-26 16:25:48-0400: = 
2024-05-26 16:25:48-0400: Controller: genmove black
2024-05-26 16:25:48-0400: MoveNum: 44 HASH: 68A5473D2CF66D02BD40AF6A4B9A1B39
   A B C D E F G H J K L M N
13 . . . . . . . . . . . . .
12 . . . . . . . . . . . . .
11 . . @ . . . . . . . . . .
10 . . . O . X . . X X X . .
 9 . . . . . . . . . O . O .
 8 . . X2. X . . . O O1X . .
 7 . . . . . . . O . X O . .
 6 . . . . . . . O3X . X O .
 5 . . . . . . . X . X X X O
 4 . . . X . . . . X O X O .
 3 . . . . . . . X . O X X O
 2 . . . . . . . . . . O O .
 1 . . . . . . . . . . . . O

koPOSITIONALscoreAREAtaxNONEsui1komi7.5
Time taken: 0.234
Root visits: 140
New playouts: 140
NN rows: 136
NN batches: 16
NN avg batch size: 8.5
PV: C11 M7 L9 M8 M10
Tree:
: T 114.26c W 100.00c S  14.38c (+108.8 L +108.2) N     140  --  C11 M7 L9 M8 M10
---Black(^)---
C11 : T 116.45c W  99.99c S  17.30c (+113.6 L +112.4) LCB  110.38c P  9.61% WF  85.9 PSV     124 N      16  --  C11 M7 L9 M8 M10
L9  : T 113.94c W 100.00c S  13.93c (+107.7 L +107.7) LCB  108.80c P 38.50% WF  81.1 PSV      82 N      17  --  L9 M7 C11 M8 M10
M7  : T 113.06c W 100.00c S  13.25c (+106.3 L +106.3) LCB  106.19c P 17.64% WF  58.2 PSV      39 N      11  --  M7 F11 E11 E10
E11 : T 113.64c W 100.00c S  13.90c (+108.2 L +107.8) LCB  103.34c P 14.26% WF  49.5 PSV      36 N      11  --  E11 M7 L9 M8
F11 : T 113.73c W 100.00c S  13.39c (+107.3 L +107.0) LCB  103.11c P  8.36% WF  41.3 PSV      21 N       9  --  F11 M7 L9 M8
B10 : T 116.83c W  99.99c S  16.53c (+112.5 L +111.0) LCB  105.70c P  1.14% WF  46.9 PSV      15 N       9  --  B10 M7 L9 J7
F12 : T 115.26c W 100.00c S  14.89c (+109.5 L +109.0) LCB  101.28c P  3.06% WF  38.0 PSV      13 N       8  --  F12 M7 L9 M8
D12 : T 115.89c W  99.99c S  15.57c (+111.3 L +110.1) LCB  100.89c P  0.87% WF  42.1 PSV       5 N       9  --  D12 M7 L9 M8
E12 : T 113.32c W 100.00c S  13.55c (+107.8 L +107.2) LCB   99.79c P  0.97% WF  34.4 PSV       2 N       9  --  E12 M7 L9 M8 M10
G11 : T 112.45c W 100.00c S  11.79c (+105.2 L +104.9) LCB   97.32c P  0.54% WF  29.0 PSV       1 N       8  --  G11 M7 L9 M8

2024-05-26 16:25:48-0400: = C11
2024-05-26 16:26:02-0400: Controller: kata-list_time_settings
2024-05-26 16:26:02-0400: = none absolute byoyomi canadian fischer fischer-capped
2024-05-26 16:26:02-0400: Controller: play white m8
2024-05-26 16:26:02-0400: = 
2024-05-26 16:26:02-0400: Controller: genmove black
2024-05-26 16:26:03-0400: MoveNum: 46 HASH: CAB17B9084B0DA9CE8BD508639241744
   A B C D E F G H J K L M N
13 . . . . . . . . . . . . .
12 . . . . . . . . . . . . .
11 . . X2. . . . . . . . . .
10 . . . O . X . . X X X . .
 9 . . . . . . . . . O . O .
 8 . . X . X . . . O O X O3.
 7 . . . . . . . O . X O @ .
 6 . . . . . . . O1X . X O .
 5 . . . . . . . X . X X X O
 4 . . . X . . . . X O X O .
 3 . . . . . . . X . O X X O
 2 . . . . . . . . . . O O .
 1 . . . . . . . . . . . . O

koPOSITIONALscoreAREAtaxNONEsui1komi7.5
Time taken: 0.234
Root visits: 319
New playouts: 318
NN rows: 172
NN batches: 16
NN avg batch size: 10.75
PV: M7 L9 G11 C3 D3
Tree:
: T 113.52c W 100.00c S  13.16c (+115.6 L +115.6) N     319  --  M7 L9 G11 C3 D3
---Black(^)---
M7  : T 119.25c W 100.00c S  18.84c (+123.2 L +123.1) LCB  117.84c P 78.10% WF 846.8 PSV     796 N     133  --  M7 L9 G11 C3 D3
L9  : T 105.78c W 100.00c S   6.13c (+106.0 L +106.2) LCB  103.79c P 20.36% WF 495.1 PSV      30 N     163  --  L9 M7 M10 N9 N4 C10 D11 M4
N6  : T  94.86c W 100.00c S  -5.44c (+90.6 L +90.3) LCB  -58.72c P  0.12% WF   5.3 PSV       0 N       2  --  N6 N7
N4  : T  87.89c W 100.00c S -12.11c (+76.5 L +76.0) LCB -262.11c P  0.18% WF   4.6 PSV       0 N       1  --  N4
M10 : T  84.11c W 100.00c S -15.89c (+66.1 L +64.9) LCB -265.89c P  0.06% WF   2.1 PSV       0 N       1  --  M10
N7  : T  87.17c W 100.00c S -12.83c (+75.2 L +74.6) LCB -262.83c P  0.04% WF   1.8 PSV       0 N       1  --  N7
C4  : T  85.38c W 100.00c S -14.62c (+67.8 L +66.7) LCB -264.62c P  0.04% WF   1.7 PSV       0 N       1  --  C4
K2  : T  82.90c W 100.00c S -17.10c (+61.6 L +60.5) LCB -267.10c P  0.04% WF   1.6 PSV       0 N       1  --  K2
D3  : T  84.30c W 100.00c S -15.70c (+64.8 L +63.6) LCB -265.70c P  0.03% WF   1.6 PSV       0 N       1  --  D3
G8  : T  84.00c W 100.00c S -16.00c (+65.3 L +64.2) LCB -266.00c P  0.03% WF   1.6 PSV       0 N       1  --  G8

2024-05-26 16:26:03-0400: = M7
2024-05-26 16:26:19-0400: Controller: quit
2024-05-26 16:26:19-0400: Quit requested by controller
2024-05-26 16:26:19-0400: = 
2024-05-26 16:26:19-0400: GPU -1 finishing, processed 180022 rows 16319 batches
2024-05-26 16:26:20-0400: All cleaned up, quitting
