2024-06-26 20:25:29-0400: Running with following config:
allowResignation = true
lagBuffer = 1.0
logAllGTPCommunication = true
logDir = gtp_logs
logSearchInfo = true
logSearchInfoForChosenMove = false
logToStderr = false
maxTime = 1.0
maxTimePondering = 120.0
numSearchThreads = 16
ogsChatToStderr = true
ponderingEnabled = true
resignConsecTurns = 3
resignThreshold = -0.90
rules = tromp-taylor
searchFactorAfterOnePass = 0.50
searchFactorAfterTwoPass = 0.25
searchFactorWhenWinning = 0.40
searchFactorWhenWinningThreshold = 0.95

2024-06-26 20:25:29-0400: GTP Engine starting...
2024-06-26 20:25:29-0400: KataGo v1.14.1
2024-06-26 20:25:29-0400: Using TrompTaylor rules initially, unless GTP/GUI overrides this
2024-06-26 20:25:29-0400: Using 16 CPU thread(s) for search
2024-06-26 20:25:29-0400: nnRandSeed0 = 16378746004684392059
2024-06-26 20:25:29-0400: After dedups: nnModelFile0 = C:\Users\chang\Downloads\kata1-b28c512nbt-s7168446720-d4316919285.bin.gz useFP16 auto useNHWC auto
2024-06-26 20:25:29-0400: Initializing neural net buffer to be size 19 * 19 exactly
2024-06-26 20:25:35-0400: Found OpenCL Platform 0: Intel(R) OpenCL Graphics (Intel(R) Corporation) (OpenCL 3.0 )
2024-06-26 20:25:35-0400: Found 1 device(s) on platform 0 with type CPU or GPU or Accelerator
2024-06-26 20:25:35-0400: Found OpenCL Platform 1: NVIDIA CUDA (NVIDIA Corporation) (OpenCL 3.0 CUDA 12.5.51)
2024-06-26 20:25:35-0400: Found 1 device(s) on platform 1 with type CPU or GPU or Accelerator
2024-06-26 20:25:35-0400: Found OpenCL Device 0: Intel(R) UHD Graphics (Intel(R) Corporation) (score 6000300)
2024-06-26 20:25:35-0400: Found OpenCL Device 1: NVIDIA GeForce RTX 4060 Laptop GPU (NVIDIA Corporation) (score 11000300)
2024-06-26 20:25:35-0400: Creating context for OpenCL Platform: NVIDIA CUDA (NVIDIA Corporation) (OpenCL 3.0 CUDA 12.5.51)
2024-06-26 20:25:35-0400: Using OpenCL Device 1: NVIDIA GeForce RTX 4060 Laptop GPU (NVIDIA Corporation) OpenCL 3.0 CUDA (Extensions: cl_khr_global_int32_base_atomics cl_khr_global_int32_extended_atomics cl_khr_local_int32_base_atomics cl_khr_local_int32_extended_atomics cl_khr_fp64 cl_khr_3d_image_writes cl_khr_byte_addressable_store cl_khr_icd cl_khr_gl_sharing cl_nv_compiler_options cl_nv_device_attribute_query cl_nv_pragma_unroll cl_nv_d3d10_sharing cl_khr_d3d10_sharing cl_nv_d3d11_sharing cl_nv_copy_opts cl_nv_create_buffer cl_khr_int64_base_atomics cl_khr_int64_extended_atomics cl_khr_device_uuid cl_khr_pci_bus_info cl_khr_external_semaphore cl_khr_external_memory cl_khr_external_semaphore_win32 cl_khr_external_memory_win32)
2024-06-26 20:25:35-0400: Loaded tuning parameters from: C:\Users\chang\Downloads\katago-v1.14.1-opencl-windows-x64/KataGoData/opencltuning/tune11_gpuNVIDIAGeForceRTX4060LaptopGPU_x19_y19_c512_mv15.txt
2024-06-26 20:25:35-0400: OpenCL backend thread 0: Model version 15
2024-06-26 20:25:35-0400: OpenCL backend thread 0: Model name: kata1-b28c512nbt-s7168446720-d4316919285
2024-06-26 20:25:41-0400: OpenCL backend thread 0: FP16Storage true FP16Compute false FP16TensorCores true FP16TensorCoresFor1x1 false
2024-06-26 20:25:41-0400: Loaded neural net with nnXLen 19 nnYLen 19
2024-06-26 20:25:41-0400: Initializing board with boardXSize 19 boardYSize 19
2024-06-26 20:25:41-0400: Loaded config C:/Users/chang/Downloads/katago-v1.14.1-opencl-windows-x64/default_gtp.cfg
2024-06-26 20:25:41-0400: Loaded model C:\Users\chang\Downloads\kata1-b28c512nbt-s7168446720-d4316919285.bin.gz
2024-06-26 20:25:41-0400: Model name: kata1-b28c512nbt-s7168446720-d4316919285
2024-06-26 20:25:41-0400: GTP ready, beginning main protocol loop
2024-06-26 20:25:41-0400: Controller: list_commands
2024-06-26 20:25:41-0400: = protocol_version
name
version
known_command
list_commands
quit
boardsize
rectangular_boardsize
clear_board
set_position
komi
get_komi
play
undo
kata-get-rules
kata-set-rule
kata-set-rules
kata-get-param
kata-set-param
kata-list-params
kgs-rules
genmove
genmove_debug
search_debug
clear_cache
showboard
fixed_handicap
place_free_handicap
set_free_handicap
time_settings
kgs-time_settings
time_left
kata-list_time_settings
kata-time_settings
final_score
final_status_list
loadsgf
printsgf
lz-genmove_analyze
kata-genmove_analyze
lz-analyze
kata-analyze
kata-raw-nn
cputime
gomill-cpu_time
kata-benchmark
kata-debug-print-tc
debug_moves
stop
2024-06-26 20:25:41-0400: Controller: boardsize 9
2024-06-26 20:25:41-0400: GPU -1 finishing, processed 0 rows 0 batches
2024-06-26 20:25:41-0400: Cleaned up old neural net and bot
2024-06-26 20:25:41-0400: nnRandSeed0 = 2642221860715647038
2024-06-26 20:25:41-0400: After dedups: nnModelFile0 = C:\Users\chang\Downloads\kata1-b28c512nbt-s7168446720-d4316919285.bin.gz useFP16 auto useNHWC auto
2024-06-26 20:25:41-0400: Initializing neural net buffer to be size 9 * 9 exactly
2024-06-26 20:25:47-0400: Found OpenCL Platform 0: Intel(R) OpenCL Graphics (Intel(R) Corporation) (OpenCL 3.0 )
2024-06-26 20:25:47-0400: Found 1 device(s) on platform 0 with type CPU or GPU or Accelerator
2024-06-26 20:25:47-0400: Found OpenCL Platform 1: NVIDIA CUDA (NVIDIA Corporation) (OpenCL 3.0 CUDA 12.5.51)
2024-06-26 20:25:47-0400: Found 1 device(s) on platform 1 with type CPU or GPU or Accelerator
2024-06-26 20:25:47-0400: Found OpenCL Device 0: Intel(R) UHD Graphics (Intel(R) Corporation) (score 6000300)
2024-06-26 20:25:47-0400: Found OpenCL Device 1: NVIDIA GeForce RTX 4060 Laptop GPU (NVIDIA Corporation) (score 11000300)
2024-06-26 20:25:47-0400: Creating context for OpenCL Platform: NVIDIA CUDA (NVIDIA Corporation) (OpenCL 3.0 CUDA 12.5.51)
2024-06-26 20:25:47-0400: Using OpenCL Device 1: NVIDIA GeForce RTX 4060 Laptop GPU (NVIDIA Corporation) OpenCL 3.0 CUDA (Extensions: cl_khr_global_int32_base_atomics cl_khr_global_int32_extended_atomics cl_khr_local_int32_base_atomics cl_khr_local_int32_extended_atomics cl_khr_fp64 cl_khr_3d_image_writes cl_khr_byte_addressable_store cl_khr_icd cl_khr_gl_sharing cl_nv_compiler_options cl_nv_device_attribute_query cl_nv_pragma_unroll cl_nv_d3d10_sharing cl_khr_d3d10_sharing cl_nv_d3d11_sharing cl_nv_copy_opts cl_nv_create_buffer cl_khr_int64_base_atomics cl_khr_int64_extended_atomics cl_khr_device_uuid cl_khr_pci_bus_info cl_khr_external_semaphore cl_khr_external_memory cl_khr_external_semaphore_win32 cl_khr_external_memory_win32)
2024-06-26 20:25:47-0400: Loaded tuning parameters from: C:\Users\chang\Downloads\katago-v1.14.1-opencl-windows-x64/KataGoData/opencltuning/tune11_gpuNVIDIAGeForceRTX4060LaptopGPU_x19_y19_c512_mv15.txt
2024-06-26 20:25:48-0400: OpenCL backend thread 0: Model version 15
2024-06-26 20:25:48-0400: OpenCL backend thread 0: Model name: kata1-b28c512nbt-s7168446720-d4316919285
2024-06-26 20:25:53-0400: OpenCL backend thread 0: FP16Storage true FP16Compute false FP16TensorCores true FP16TensorCoresFor1x1 false
2024-06-26 20:25:53-0400: Loaded neural net with nnXLen 9 nnYLen 9
2024-06-26 20:25:53-0400: Initializing board with boardXSize 9 boardYSize 9
2024-06-26 20:25:53-0400: = 
2024-06-26 20:25:53-0400: Controller: clear_board
2024-06-26 20:25:53-0400: = 
2024-06-26 20:25:53-0400: Controller: komi 5.5
2024-06-26 20:25:53-0400: = 
2024-06-26 20:25:53-0400: Controller: play black e5
2024-06-26 20:25:53-0400: = 
2024-06-26 20:25:53-0400: Controller: genmove white
2024-06-26 20:25:54-0400: MoveNum: 1 HASH: 38E71B648B5DE3A43B414F57C285AD76
   A B C D E F G H J
 9 . . . . . . . . .
 8 . . . . . . . . .
 7 . . . . . . . . .
 6 . . . . . . . . .
 5 . . @ . X1. . . .
 4 . . . . . . . . .
 3 . . . . . . . . .
 2 . . . . . . . . .
 1 . . . . . . . . .

koPOSITIONALscoreAREAtaxNONEsui1komi5.5
Time taken: 1.343
Root visits: 277
New playouts: 277
NN rows: 274
NN batches: 25
NN avg batch size: 10.96
PV: C4 D3 F3 D4 G5 C6 B6 B7 G7 E7 D2 E2
Tree:
: T -50.56c W -50.71c S  -1.05c ( -1.8 L  -1.1) N     277  --  C4 D3 F3 D4 G5 C6 B6
---White(^)---
C4  : T -48.07c W -48.62c S  -0.81c ( -1.7 L  -1.0) LCB  -54.04c P  4.91% WF 125.6 PSV     135 N     113  --  C4 D3 F3 D4 G5 C6 B6 B7
C5  : T -49.42c W -49.84c S  -0.96c ( -1.8 L  -1.1) LCB  -55.44c P 16.58% WF 115.2 PSV      97 N     103  --  C5 G4 F7 C4 B4 D4 D6 B3
C3  : T -57.23c W -56.27c S  -1.32c ( -2.0 L  -1.1) LCB  -65.56c P  0.84% WF  36.2 PSV       0 N      40  --  C3 C5 F3 F7 E7 E8 F6
D4  : T -83.64c W -78.49c S  -4.07c ( -3.3 L  -1.9) LCB -130.79c P  0.02% WF   1.1 PSV       0 N       4  --  D4 D5 C4
B5  : T -87.92c W -83.31c S  -3.89c ( -3.2 L  -2.1) LCB -168.31c P  0.02% WF   0.9 PSV       0 N       3  --  B5 G5
B4  : T -90.67c W -86.76c S  -4.21c ( -3.3 L  -2.2) LCB -170.10c P  0.01% WF   0.5 PSV       0 N       3  --  B4 D3
D5  : T -97.60c W -90.11c S  -6.91c ( -4.7 L  -3.0) LCB -279.10c P  0.02% WF   0.6 PSV       0 N       2  --  D5 D4
pss : T -124.71c W -99.87c S -24.84c (-15.2 L -13.8) LCB -474.71c P  0.01% WF   0.2 PSV       0 N       1  --  pass
B3  : T -103.95c W -95.17c S  -8.78c ( -5.4 L  -3.4) LCB -453.95c P  0.01% WF   0.2 PSV       0 N       1  --  B3
B2  : T -110.67c W -98.44c S -12.23c ( -7.2 L  -5.7) LCB -460.67c P  0.00% WF   0.2 PSV       0 N       1  --  B2

2024-06-26 20:25:54-0400: = C5
2024-06-26 20:25:56-0400: Controller: kata-list_time_settings
2024-06-26 20:25:56-0400: = none absolute byoyomi canadian fischer fischer-capped
2024-06-26 20:25:56-0400: Controller: play black g6
2024-06-26 20:25:56-0400: = 
2024-06-26 20:25:56-0400: Controller: genmove white
2024-06-26 20:25:57-0400: MoveNum: 3 HASH: 2B66154A8178E9D8C03F6308A218B626
   A B C D E F G H J
 9 . . . . . . . . .
 8 . . . . . . . . .
 7 . . . . . . . . .
 6 . . . . . . X3. .
 5 . . O2. X1. . . .
 4 . . . . . . . . .
 3 . . . . . @ . . .
 2 . . . . . . . . .
 1 . . . . . . . . .

koPOSITIONALscoreAREAtaxNONEsui1komi5.5
Time taken: 1.109
Root visits: 719
New playouts: 273
NN rows: 270
NN batches: 29
NN avg batch size: 9.31034
PV: F3 C6 D4 B6 G4 G5 E4 D5 B5 H4 H3 C4 B4
Tree:
: T -52.97c W -52.01c S  -1.23c ( -1.8 L  -1.1) N     719  --  F3 C6 D4 B6 G4 G5 E4
---White(^)---
F3  : T -50.39c W -51.09c S  -0.86c ( -1.6 L  -1.0) LCB  -57.54c P 30.59% WF 375.0 PSV     368 N     439  --  F3 C6 D4 B6 G4 G5 E4 D5
G5  : T -53.28c W -50.24c S  -1.49c ( -1.9 L  -1.2) LCB  -60.20c P 20.48% WF 185.9 PSV     100 N     194  --  G5 F3 G3 C6 H6 C4 D5 D6
F5  : T -62.63c W -58.03c S  -2.39c ( -2.4 L  -1.6) LCB  -74.83c P 26.11% WF  50.0 PSV      43 N      58  --  F5 E6 F6 F7 G7 H7 G8 E7
E3  : T -66.15c W -63.60c S  -2.20c ( -2.2 L  -1.3) LCB  -80.99c P  8.52% WF  12.2 PSV      11 N      12  --  E3 C6 B6 D6 B7 D4
D3  : T -64.13c W -62.25c S  -1.73c ( -2.0 L  -1.0) LCB  -78.45c P  6.27% WF  10.3 PSV       9 N       8  --  D3 D4 C4 E3 D2 D6 H6 H5
D7  : T -63.83c W -59.04c S  -1.68c ( -2.0 L  -1.3) LCB -213.64c P  1.53% WF   3.2 PSV       2 N       2  --  D7 D3
G3  : T -64.59c W -62.57c S  -2.02c ( -2.1 L  -1.1) LCB -414.59c P  0.91% WF   1.3 PSV       1 N       1  --  G3
D6  : T -63.12c W -61.20c S  -1.92c ( -2.1 L  -1.3) LCB -413.12c P  0.70% WF   1.3 PSV       1 N       1  --  D6
H6  : T -78.73c W -74.44c S  -4.29c ( -3.2 L  -1.7) LCB -428.73c P  1.12% WF   1.2 PSV       0 N       1  --  H6
D4  : T -73.15c W -71.14c S  -2.01c ( -2.1 L  -1.2) LCB -423.15c P  0.87% WF   1.1 PSV       0 N       1  --  D4

2024-06-26 20:25:57-0400: = F3
2024-06-26 20:25:59-0400: Controller: kata-list_time_settings
2024-06-26 20:25:59-0400: = none absolute byoyomi canadian fischer fischer-capped
2024-06-26 20:25:59-0400: Controller: play black c6
2024-06-26 20:25:59-0400: = 
2024-06-26 20:25:59-0400: Controller: genmove white
2024-06-26 20:26:00-0400: MoveNum: 5 HASH: 337077C46ADEC8746A9876660D07860D
   A B C D E F G H J
 9 . . . . . . . . .
 8 . . . . . . . . .
 7 . . . . . . . . .
 6 . . X3. . . X1. .
 5 . . O . X . . . .
 4 . . . @ . . . . .
 3 . . . . . O2. . .
 2 . . . . . . . . .
 1 . . . . . . . . .

koPOSITIONALscoreAREAtaxNONEsui1komi5.5
Time taken: 1.046
Root visits: 1287
New playouts: 337
NN rows: 278
NN batches: 26
NN avg batch size: 10.6923
PV: D4 B6 G4 G5 E8 D5 C4 G8 H5 H6 B5 H4 D6 D7 H3 J5 A6 A7 A5
Tree:
: T -55.91c W -55.26c S  -1.18c ( -1.5 L  -1.0) N    1287  --  D4 B6 G4 G5 E8 D5 C4
---White(^)---
D4  : T -53.05c W -53.37c S  -0.94c ( -1.4 L  -1.0) LCB  -60.30c P 24.32% WF 683.0 PSV     866 N     934  --  D4 B6 G4 G5 E8 D5 C4 G8
B6  : T -63.35c W -60.18c S  -1.75c ( -1.7 L  -1.2) LCB  -71.71c P 69.93% WF 236.9 PSV     251 N     339  --  B6 D6 D4 B7 G7 H5 G4 G5
F5  : T -65.21c W -59.55c S  -2.82c ( -2.3 L  -1.4) LCB -110.50c P  1.30% WF   3.6 PSV       4 N       4  --  F5 F6 D5 E4
G7  : T -65.42c W -61.38c S  -3.19c ( -2.5 L  -1.4) LCB -215.38c P  0.69% WF   3.3 PSV       2 N       2  --  G7 D3
D5  : T -61.52c W -58.44c S  -2.60c ( -2.2 L  -1.2) LCB -216.36c P  0.47% WF   2.2 PSV       2 N       2  --  D5 D6
D3  : T -67.38c W -64.94c S  -2.44c ( -2.1 L  -1.3) LCB -417.38c P  0.75% WF   1.4 PSV       2 N       1  --  D3
D6  : T -76.92c W -69.33c S  -4.03c ( -2.9 L  -1.8) LCB -226.96c P  0.65% WF   1.7 PSV       1 N       2  --  D6 D5
G5  : T -77.49c W -73.32c S  -4.16c ( -2.9 L  -1.5) LCB -427.49c P  0.57% WF   1.3 PSV       0 N       1  --  G5
G4  : T -74.32c W -70.81c S  -3.51c ( -2.6 L  -1.7) LCB -424.32c P  0.31% WF   1.1 PSV       0 N       1  --  G4

2024-06-26 20:26:00-0400: = D4
2024-06-26 20:26:02-0400: Controller: kata-list_time_settings
2024-06-26 20:26:02-0400: = none absolute byoyomi canadian fischer fischer-capped
2024-06-26 20:26:02-0400: Controller: play black b6
2024-06-26 20:26:02-0400: = 
2024-06-26 20:26:02-0400: Controller: genmove white
2024-06-26 20:26:03-0400: MoveNum: 7 HASH: 6717E74CF056A50EF9D8C3DA9F2842C8
   A B C D E F G H J
 9 . . . . . . . . .
 8 . . . . . . . . .
 7 . . . . . . . . .
 6 . X3X1. . . X . .
 5 . . O . X . . . .
 4 . . . O2. . @ . .
 3 . . . . . O . . .
 2 . . . . . . . . .
 1 . . . . . . . . .

koPOSITIONALscoreAREAtaxNONEsui1komi5.5
Time taken: 1.109
Root visits: 1887
New playouts: 311
NN rows: 311
NN batches: 28
NN avg batch size: 11.1071
PV: G4 G5 E8 D5 C4 G8 H5 A4 D6 D7 F5 F6 E4 E6 H6 H4 H3 B3 H7 G7
Tree:
: T -55.11c W -54.14c S  -1.07c ( -1.6 L  -1.2) N    1887  --  G4 G5 E8 D5 C4 G8 H5
---White(^)---
G4  : T -54.33c W -53.44c S  -0.98c ( -1.5 L  -1.2) LCB  -59.64c P 77.32% WF 1249.6 PSV    1244 N    1826  --  G4 G5 E8 D5 C4 G8 H5 A4
E7  : T -76.41c W -74.18c S  -3.80c ( -3.0 L  -1.9) LCB  -86.34c P  9.03% WF  20.5 PSV      20 N      23  --  E7 D5 C4 F5 C7 B7 C8
G7  : T -74.47c W -73.71c S  -2.34c ( -2.1 L  -1.4) LCB  -95.50c P  4.53% WF  10.6 PSV      11 N      10  --  G7 F7 G4 H5 B5 D5 C4
F7  : T -60.73c W -56.51c S  -1.76c ( -1.9 L  -1.1) LCB  -79.97c P  1.59% WF   9.4 PSV       9 N      13  --  F7 G7 D6 D5 F5 E4 E3 C4
D6  : T -76.53c W -70.27c S  -2.23c ( -2.0 L  -1.4) LCB -107.68c P  2.69% WF   6.7 PSV       6 N      10  --  D6 D5 F5 E6 F6 F7 E4 E7
H6  : T -85.87c W -80.87c S  -4.85c ( -3.4 L  -2.4) LCB -130.89c P  3.26% WF   4.1 PSV       5 N       4  --  H6 G5 H5

2024-06-26 20:26:03-0400: = G4
2024-06-26 20:26:05-0400: Controller: kata-list_time_settings
2024-06-26 20:26:05-0400: = none absolute byoyomi canadian fischer fischer-capped
2024-06-26 20:26:05-0400: Controller: play black g5
2024-06-26 20:26:05-0400: = 
2024-06-26 20:26:05-0400: Controller: genmove white
2024-06-26 20:26:06-0400: MoveNum: 9 HASH: 7890DF4391A78B1418C3F0AE150C33CD
   A B C D E F G H J
 9 . . . . . . . . .
 8 . . . . @ . . . .
 7 . . . . . . . . .
 6 . X1X . . . X . .
 5 . . O . X . X3. .
 4 . . . O . . O2. .
 3 . . . . . O . . .
 2 . . . . . . . . .
 1 . . . . . . . . .

koPOSITIONALscoreAREAtaxNONEsui1komi5.5
Time taken: 1.078
Root visits: 1259
New playouts: 333
NN rows: 287
NN batches: 28
NN avg batch size: 10.25
PV: E8 D5 C4 G8 H5 A4 D6 D7 F5 F6 E4 F4 H6 F5 H3 C2 G7 F7 H7
Tree:
: T -61.60c W -61.30c S  -1.51c ( -1.6 L  -1.3) N    1259  --  E8 D5 C4 G8 H5 A4 D6
---White(^)---
E8  : T -58.28c W -58.34c S  -1.31c ( -1.5 L  -1.3) LCB  -66.92c P 14.99% WF 695.7 PSV     677 N     983  --  E8 D5 C4 G8 H5 A4 D6 D7
B5  : T -73.16c W -71.48c S  -1.78c ( -1.7 L  -1.2) LCB  -85.93c P 27.77% WF  73.2 PSV      81 N      97  --  B5 D5 E4 H4 H3 F5 C4 F4
D6  : T -85.10c W -80.12c S  -1.93c ( -1.7 L  -1.1) LCB  -99.21c P 16.62% WF  24.6 PSV      28 N      33  --  D6 D5 E4 D7 B5 F5
G7  : T -41.50c W -50.71c S  -1.34c ( -1.5 L  -0.9) LCB  -69.65c P  3.18% WF  21.7 PSV      21 N      24  --  G7 F7 F8 H7
H5  : T -84.80c W -78.65c S  -2.12c ( -1.8 L  -1.1) LCB  -97.99c P 12.13% WF  17.5 PSV      20 N      23  --  H5 H6 D6 D5 C4 D7 E6 E7
E4  : T -65.64c W -63.81c S  -1.93c ( -1.8 L  -1.1) LCB  -88.87c P  3.34% WF  37.7 PSV      18 N      49  --  E4 D6 B5 A5 H4 B4
F7  : T -72.81c W -70.96c S  -3.14c ( -2.4 L  -1.7) LCB  -88.66c P  5.97% WF  18.0 PSV      18 N      20  --  F7 D5 D7 E8 C4 D6 H4
E7  : T -75.17c W -73.64c S  -3.40c ( -2.5 L  -1.7) LCB  -90.91c P  4.92% WF  12.6 PSV      13 N      12  --  E7 D5 C4 H4 G7 H7
C4  : T -91.83c W -90.58c S  -4.16c ( -2.6 L  -1.8) LCB -116.16c P  5.68% WF   7.0 PSV       7 N       6  --  C4 B5 G7
F8  : T -70.89c W -69.56c S  -2.46c ( -2.0 L  -1.3) LCB -107.89c P  1.82% WF   7.6 PSV       6 N       7  --  F8 E7 H4 D5

2024-06-26 20:26:06-0400: = E8
2024-06-26 20:26:08-0400: Controller: kata-list_time_settings
2024-06-26 20:26:08-0400: = none absolute byoyomi canadian fischer fischer-capped
2024-06-26 20:26:08-0400: Controller: play black d5
2024-06-26 20:26:08-0400: = 
2024-06-26 20:26:08-0400: Controller: genmove white
2024-06-26 20:26:09-0400: MoveNum: 11 HASH: C3F35D40C6B42BB440D29B1B283E46F3
   A B C D E F G H J
 9 . . . . . . . . .
 8 . . . . O2. . . .
 7 . . . . . . . . .
 6 . X X . . . X . .
 5 . . O X3X . X1. .
 4 . . @ O . . O . .
 3 . . . . . O . . .
 2 . . . . . . . . .
 1 . . . . . . . . .

koPOSITIONALscoreAREAtaxNONEsui1komi5.5
Time taken: 1.093
Root visits: 1826
New playouts: 325
NN rows: 302
NN batches: 31
NN avg batch size: 9.74194
PV: C4 G8 H5 B5 D7 D6 B8 H6 B7 A7 A8 C7
Tree:
: T -65.67c W -64.95c S  -1.45c ( -1.8 L  -1.6) N    1826  --  C4 G8 H5 B5 D7 D6 B8
---White(^)---
C4  : T -64.36c W -63.86c S  -1.16c ( -1.7 L  -1.5) LCB  -71.33c P 69.79% WF 1076.0 PSV    1066 N    1688  --  C4 G8 H5 B5 D7 D6 B8 H6
H7  : T -75.70c W -73.22c S  -4.09c ( -3.0 L  -2.6) LCB  -93.06c P 13.56% WF  62.5 PSV      52 N      80  --  H7 E4 E3 D3 D2 C4 C2 F7
G8  : T -82.58c W -78.31c S  -4.49c ( -3.2 L  -2.5) LCB  -99.70c P 12.13% WF  31.6 PSV      31 N      40  --  G8 F7 F8 H7 C8 D7 D8 B8
E4  : T -73.81c W -74.29c S  -2.86c ( -2.4 L  -1.6) LCB  -89.44c P  2.69% WF  13.1 PSV      11 N      15  --  E4 F7 B5 A5 B3 H4 H3
D7  : T -105.10c W -96.36c S  -8.74c ( -4.8 L  -4.1) LCB -455.10c P  0.73% WF   1.8 PSV       0 N       1  --  D7
C3  : T -104.65c W -97.42c S  -7.23c ( -4.0 L  -3.7) LCB -454.65c P  0.49% WF   1.7 PSV       0 N       1  --  C3

2024-06-26 20:26:09-0400: = C4
2024-06-26 20:26:11-0400: Controller: kata-list_time_settings
2024-06-26 20:26:11-0400: = none absolute byoyomi canadian fischer fischer-capped
2024-06-26 20:26:11-0400: Controller: play black g8
2024-06-26 20:26:11-0400: = 
2024-06-26 20:26:11-0400: Controller: genmove white
2024-06-26 20:26:12-0400: MoveNum: 13 HASH: 51C9047E408289C1785CE8C6E5A52162
   A B C D E F G H J
 9 . . . . . . . . .
 8 . . . . O . X3. .
 7 . . . @ . . . . .
 6 . X X . . . X . .
 5 . . O X1X . X . .
 4 . . O2O . . O . .
 3 . . . . . O . . .
 2 . . . . . . . . .
 1 . . . . . . . . .

koPOSITIONALscoreAREAtaxNONEsui1komi5.5
Time taken: 1.063
Root visits: 3046
New playouts: 690
NN rows: 276
NN batches: 28
NN avg batch size: 9.85714
PV: D7 H4 B5 B8 D6 C8 F5 F6 F4 E6 H3 H5 A6 A7
Tree:
: T -61.11c W -61.98c S  -1.02c ( -1.5 L  -1.3) N    3046  --  D7 H4 B5 B8 D6 C8 F5
---White(^)---
D7  : T -54.17c W -56.57c S  -0.70c ( -1.3 L  -1.2) LCB  -64.81c P  4.91% WF 754.9 PSV    2275 N    1057  --  D7 H4 B5 B8 D6 C8 F5 F6
H5  : T -65.66c W -64.41c S  -1.71c ( -1.8 L  -1.6) LCB  -73.83c P 30.31% WF 715.8 PSV     766 N    1260  --  H5 B5 D7 D6 B8 H6 B7 A7
B5  : T -61.72c W -63.64c S  -0.34c ( -1.2 L  -1.2) LCB  -75.15c P 39.71% WF 471.2 PSV     473 N     660  --  B5 H4 D7 B8 D6 C8 F5 F6
D6  : T -89.00c W -88.31c S  -0.75c ( -1.3 L  -0.9) LCB -107.22c P 12.16% WF  29.2 PSV      36 N      29  --  D6 D7 E6 E7 B5 H4 H3 F4
H7  : T -82.99c W -82.32c S  -2.21c ( -1.9 L  -1.5) LCB  -97.64c P  9.73% WF  27.6 PSV      32 N      33  --  H7 G7 B5 H4 H3 F4 G3 J5
G7  : T -95.02c W -90.51c S  -4.51c ( -2.9 L  -2.3) LCB -445.02c P  0.69% WF   1.2 PSV       2 N       1  --  G7
E4  : T -104.93c W -98.25c S  -6.68c ( -3.5 L  -2.9) LCB -454.93c P  0.62% WF   1.8 PSV       1 N       1  --  E4
F7  : T -98.46c W -92.80c S  -5.66c ( -3.3 L  -2.7) LCB -448.46c P  0.54% WF   1.3 PSV       1 N       1  --  F7
F5  : T -92.44c W -88.56c S  -3.88c ( -2.6 L  -2.1) LCB -442.44c P  0.39% WF   1.0 PSV       1 N       1  --  F5
H4  : T -100.27c W -95.45c S  -4.82c ( -2.9 L  -2.7) LCB -450.27c P  0.28% WF   1.5 PSV       0 N       1  --  H4

2024-06-26 20:26:12-0400: = D7
2024-06-26 20:26:14-0400: Controller: kata-list_time_settings
2024-06-26 20:26:14-0400: = none absolute byoyomi canadian fischer fischer-capped
2024-06-26 20:26:14-0400: Controller: play black h4
2024-06-26 20:26:14-0400: = 
2024-06-26 20:26:14-0400: Controller: genmove white
2024-06-26 20:26:16-0400: MoveNum: 15 HASH: 644FCDA488058FFF2AE65EDDFFA17111
   A B C D E F G H J
 9 . . . . . . . . .
 8 . @ . . O . X1. .
 7 . . . O2. . . . .
 6 . X X . . . X . .
 5 . . O X X . X . .
 4 . . O O . . O X3.
 3 . . . . . O . . .
 2 . . . . . . . . .
 1 . . . . . . . . .

koPOSITIONALscoreAREAtaxNONEsui1komi5.5
Time taken: 1.094
Root visits: 1824
New playouts: 371
NN rows: 310
NN batches: 31
NN avg batch size: 10
PV: B8 D6 F7 F8 G7 H7 H8 H9 J8 J7 B7 A7 A8 D9 F9 J9 H8 J8 E9 C8
Tree:
: T -69.54c W -68.56c S  -1.64c ( -2.2 L  -2.0) N    1824  --  B8 D6 F7 F8 G7 H7 H8
---White(^)---
B8  : T -65.06c W -63.57c S  -3.06c ( -3.0 L  -2.7) LCB  -72.59c P 13.37% WF 576.5 PSV     553 N     813  --  B8 D6 F7 F8 G7 H7 H8 H9
H3  : T -69.36c W -69.10c S   0.51c ( -1.2 L  -1.2) LCB  -82.85c P 10.73% WF 278.4 PSV     114 N     378  --  H3 F4 G3 B8 D6 C8 E4 F5
C8  : T -89.31c W -84.10c S  -3.69c ( -3.0 L  -2.7) LCB -102.69c P 45.67% WF 100.6 PSV     109 N     126  --  C8 D6 B7 C7 B8 E7 D8 G3
B5  : T -67.95c W -69.84c S   0.48c ( -1.2 L  -1.2) LCB  -85.34c P  4.59% WF 308.7 PSV      64 N     372  --  B5 B8 D6 C8 F4 E6 H3 H5
C7  : T -77.37c W -74.30c S  -1.54c ( -2.1 L  -1.9) LCB  -97.60c P  6.72% WF  35.3 PSV      30 N      49  --  C7 B7 D6 C8 B8 A8 B9 C9
D6  : T -86.14c W -81.64c S  -1.36c ( -1.9 L  -1.8) LCB -103.86c P 10.16% WF  29.4 PSV      27 N      37  --  D6 C8 C7 B7 B8 A8 B9 C9
G7  : T -79.39c W -72.10c S  -2.73c ( -2.6 L  -2.2) LCB  -97.54c P  3.07% WF  14.3 PSV      11 N      20  --  G7 H7 C8 D6 F7
A8  : T -86.44c W -80.10c S  -3.23c ( -2.8 L  -2.5) LCB -113.10c P  3.93% WF  13.3 PSV      10 N      15  --  A8 D6 C8 G3 G2 E3 E4 F4
F7  : T -72.25c W -67.87c S  -1.69c ( -2.2 L  -2.0) LCB -124.88c P  0.88% WF   9.1 PSV       6 N      12  --  F7 C8 D6 E6 C7
B7  : T -88.92c W -86.63c S  -2.29c ( -2.4 L  -4.0) LCB -438.92c P  0.31% WF   0.7 PSV       0 N       1  --  B7

2024-06-26 20:26:16-0400: = B8
2024-06-26 20:26:18-0400: Controller: kata-list_time_settings
2024-06-26 20:26:18-0400: = none absolute byoyomi canadian fischer fischer-capped
2024-06-26 20:26:18-0400: Controller: play black d6
2024-06-26 20:26:18-0400: = 
2024-06-26 20:26:18-0400: Controller: genmove white
2024-06-26 20:26:19-0400: MoveNum: 17 HASH: F3CD776AD7FEF69D88015766105F8841
   A B C D E F G H J
 9 . . . . . . . . .
 8 . O2. . O . X . .
 7 . . . O . @ . . .
 6 . X X X3. . X . .
 5 . . O X X . X . .
 4 . . O O . . O X1.
 3 . . . . . O . . .
 2 . . . . . . . . .
 1 . . . . . . . . .

koPOSITIONALscoreAREAtaxNONEsui1komi5.5
Time taken: 1.109
Root visits: 2132
New playouts: 365
NN rows: 309
NN batches: 30
NN avg batch size: 10.3
PV: F7 G7 B7 G3 E3 F4 F8 A4 B3 F2 E2 G1 C2 F9 E9 G9 F6 C7 C8 E6 E1 A6
Tree:
: T -80.78c W -76.98c S  -3.40c ( -3.9 L  -3.8) N    2132  --  F7 G7 B7 G3 E3 F4 F8
---White(^)---
F7  : T -78.84c W -74.90c S  -3.44c ( -3.9 L  -3.9) LCB  -84.52c P 54.87% WF 1282.7 PSV    1262 N    1957  --  F7 G7 B7 G3 E3 F4 F8 A4
B7  : T -98.04c W -90.32c S  -5.67c ( -4.7 L  -4.6) LCB -112.99c P 27.70% WF  63.2 PSV      72 N      59  --  B7 G3 E3 C7 C8 E7 D8 F8
H3  : T -88.41c W -90.15c S  -0.08c ( -2.2 L  -2.4) LCB -100.30c P  6.17% WF 107.1 PSV      29 N      93  --  H3 F4 G3 A8 B5 E4 E3 J4
C8  : T -107.53c W -94.05c S -10.07c ( -7.2 L  -7.3) LCB -135.53c P  5.14% WF  12.0 PSV       9 N      11  --  C8 G3 G2 F4 E3 D9
F8  : T -94.69c W -91.26c S  -3.65c ( -3.9 L  -3.4) LCB -126.92c P  1.90% WF   5.4 PSV       5 N       5  --  F8 G3 F4 G2 D2
A8  : T -110.36c W -94.68c S  -6.55c ( -5.4 L  -5.4) LCB -186.45c P  2.57% WF   3.2 PSV       4 N       3  --  A8 G3 G2
B5  : T -100.46c W -95.85c S  -4.61c ( -4.0 L  -4.4) LCB -450.46c P  0.59% WF   1.8 PSV       1 N       1  --  B5
G7  : T -99.91c W -93.41c S  -6.50c ( -5.0 L  -5.8) LCB -449.91c P  0.40% WF   1.2 PSV       0 N       1  --  G7
C7  : T -110.89c W -97.86c S -13.02c ( -8.2 L  -8.5) LCB -460.89c P  0.26% WF   1.9 PSV       0 N       1  --  C7

2024-06-26 20:26:19-0400: = F7
2024-06-26 20:26:21-0400: Controller: kata-list_time_settings
2024-06-26 20:26:21-0400: = none absolute byoyomi canadian fischer fischer-capped
2024-06-26 20:26:21-0400: Controller: play black g7
2024-06-26 20:26:21-0400: = 
2024-06-26 20:26:21-0400: Controller: genmove white
2024-06-26 20:26:22-0400: MoveNum: 19 HASH: 5B9A86D0C8BC1813F4CD74ADA7D86004
   A B C D E F G H J
 9 . . . . . . . . .
 8 . O . . O . X . .
 7 . @ . O . O2X3. .
 6 . X X X1. . X . .
 5 . . O X X . X . .
 4 . . O O . . O X .
 3 . . . . . O . . .
 2 . . . . . . . . .
 1 . . . . . . . . .

koPOSITIONALscoreAREAtaxNONEsui1komi5.5
Time taken: 1.063
Root visits: 2385
New playouts: 440
NN rows: 281
NN batches: 29
NN avg batch size: 9.68966
PV: B7 G3 E3 F4 F8 A4 B3 F2 E2 G1 C2 F9 E9 G9 F6 C7 C8 A3 A2 A6 E1 E6 E7
Tree:
: T -86.45c W -86.50c S  -2.24c ( -3.0 L  -2.9) N    2385  --  B7 G3 E3 F4 F8 A4 B3
---White(^)---
B7  : T -86.16c W -86.34c S  -2.20c ( -2.9 L  -2.9) LCB  -90.53c P 89.37% WF 2581.4 PSV    2578 N    2350  --  B7 G3 E3 F4 F8 A4 B3 F2
H3  : T -97.92c W -94.95c S  -1.04c ( -2.4 L  -2.5) LCB -115.49c P  3.25% WF  16.9 PSV      17 N      11  --  H3 F4 G3 A8 C8 D9 F8
A8  : T -104.06c W -95.35c S  -5.07c ( -4.3 L  -4.4) LCB -129.46c P  3.65% WF  13.1 PSV      13 N      10  --  A8 G3 F4 G2 D2 A4
C8  : T -107.32c W -96.67c S  -7.57c ( -5.7 L  -5.9) LCB -126.97c P  1.83% WF   9.7 PSV       5 N       8  --  C8 G3 F4 G2
B5  : T -102.54c W -96.05c S  -4.81c ( -4.0 L  -3.8) LCB -252.17c P  0.58% WF   2.8 PSV       2 N       2  --  B5 G3
F8  : T -100.13c W -95.14c S  -4.99c ( -4.1 L  -4.3) LCB -450.13c P  0.44% WF   1.4 PSV       2 N       1  --  F8
A7  : T -109.74c W -98.72c S -11.01c ( -6.8 L  -7.8) LCB -459.74c P  0.35% WF   2.0 PSV       1 N       1  --  A7
F6  : T -107.13c W -97.94c S  -9.19c ( -5.9 L  -7.1) LCB -457.13c P  0.24% WF   1.6 PSV       0 N       1  --  F6

2024-06-26 20:26:22-0400: = B7
2024-06-26 20:26:24-0400: Controller: kata-list_time_settings
2024-06-26 20:26:24-0400: = none absolute byoyomi canadian fischer fischer-capped
2024-06-26 20:26:24-0400: Controller: play black g3
2024-06-26 20:26:24-0400: = 
2024-06-26 20:26:24-0400: Controller: genmove white
2024-06-26 20:26:25-0400: MoveNum: 21 HASH: 81C0E17217723288132DC7E7FC9EB2F7
   A B C D E F G H J
 9 . . . . . . . . .
 8 . O . . O . X . .
 7 . O2. O . O X1. .
 6 . X X X . . X . .
 5 . . O X X . X . .
 4 . . O O . . O X .
 3 . . . . @ O X3. .
 2 . . . . . . . . .
 1 . . . . . . . . .

koPOSITIONALscoreAREAtaxNONEsui1komi5.5
Time taken: 1.078
Root visits: 3512
New playouts: 320
NN rows: 265
NN batches: 28
NN avg batch size: 9.46429
PV: E3 F4 F8 A4 B3 F2 E2 G1 C2 F9 E9 G9 F6 C7 C8 A3 A2 A6 F5 E4 E1 E6 E7 D9
Tree:
: T -88.66c W -88.06c S  -2.31c ( -3.0 L  -3.0) N    3512  --  E3 F4 F8 A4 B3 F2 E2
---White(^)---
E3  : T -87.33c W -88.03c S  -1.31c ( -2.6 L  -2.5) LCB  -90.89c P 28.82% WF 3384.9 PSV    3334 N    2911  --  E3 F4 F8 A4 B3 F2 E2 G1
F4  : T -93.82c W -91.24c S  -4.36c ( -4.2 L  -4.0) LCB  -99.87c P 21.27% WF 260.8 PSV     277 N     252  --  F4 G2 E2 F8 E9 E4 E3
F2  : T -91.55c W -82.70c S  -6.91c ( -5.4 L  -5.3) LCB -103.65c P 12.34% WF 214.8 PSV     223 N     231  --  F2 A7 A8 D9 F8 E4 E3 F9
G2  : T -113.07c W -93.35c S -17.57c (-10.3 L -11.0) LCB -134.65c P 33.10% WF  94.6 PSV     120 N      63  --  G2 F4 E3 A7 A8 D9 C7 B9
D2  : T -91.65c W -86.52c S  -3.51c ( -3.6 L  -3.2) LCB -108.06c P  1.67% WF  32.2 PSV      31 N      35  --  D2 F2 F4 G2 B5 A6 B2 F8
E2  : T -96.19c W -86.38c S  -5.98c ( -5.1 L  -5.0) LCB -120.68c P  1.25% WF  11.4 PSV      12 N      14  --  E2 F4 G2 A7 A8
B5  : T -100.40c W -93.66c S  -4.19c ( -3.8 L  -4.3) LCB -166.09c P  0.91% WF   5.2 PSV       6 N       4  --  B5 E3 E2
E4  : T -95.74c W -94.19c S  -1.55c ( -2.6 L  -3.3) LCB -445.74c P  0.20% WF   1.3 PSV       2 N       1  --  E4

2024-06-26 20:26:25-0400: = E3
2024-06-26 20:26:27-0400: Controller: kata-list_time_settings
2024-06-26 20:26:27-0400: = none absolute byoyomi canadian fischer fischer-capped
2024-06-26 20:26:27-0400: Controller: play black g2
2024-06-26 20:26:27-0400: = 
2024-06-26 20:26:27-0400: Controller: genmove white
2024-06-26 20:26:28-0400: MoveNum: 23 HASH: 6E9B88FB4F6B696908E13140E2504ADF
   A B C D E F G H J
 9 . . . . . . . . .
 8 . O . . O . X . .
 7 . O . O . O X . .
 6 . X X X . . X . .
 5 . . O X X . X . .
 4 . . O O . . O X .
 3 . . . . O2O X1. .
 2 . . . . . @ X3. .
 1 . . . . . . . . .

koPOSITIONALscoreAREAtaxNONEsui1komi5.5
Time taken: 1.078
Root visits: 816
New playouts: 334
NN rows: 303
NN batches: 30
NN avg batch size: 10.1
PV: F2 D2 C2 B3 B4 A2 C3 A4 A5 B5 A3 C7 C8 A4 H2 F1 E1 G1 F4
Tree:
: T -65.31c W -65.88c S  -2.25c ( -5.1 L  -4.8) N     816  --  F2 D2 C2 B3 B4 A2 C3
---White(^)---
F2  : T -63.87c W -64.51c S  -2.30c ( -5.2 L  -4.8) LCB  -76.30c P 77.07% WF 498.1 PSV     493 N     789  --  F2 D2 C2 B3 B4 A2 C3 A4
B5  : T -93.89c W -92.92c S  -1.18c ( -4.5 L  -4.8) LCB -103.98c P 21.32% WF  25.2 PSV      22 N      26  --  B5 A6 F2 D9 F8 C7 C8 D8

2024-06-26 20:26:28-0400: = F2
2024-06-26 20:26:30-0400: Controller: kata-list_time_settings
2024-06-26 20:26:30-0400: = none absolute byoyomi canadian fischer fischer-capped
2024-06-26 20:26:30-0400: Controller: play black d2
2024-06-26 20:26:30-0400: = 
2024-06-26 20:26:30-0400: Controller: genmove white
2024-06-26 20:26:31-0400: MoveNum: 25 HASH: D1431213D81D7F12F8ACE6DC080E299D
   A B C D E F G H J
 9 . . . . . . . . .
 8 . O . . O . X . .
 7 . O . O . O X . .
 6 . X X X . . X . .
 5 . . O X X . X . .
 4 . . O O . . O X .
 3 . . . . O O X . .
 2 . . @ X3. O2X1. .
 1 . . . . . . . . .

koPOSITIONALscoreAREAtaxNONEsui1komi5.5
Time taken: 1.031
Root visits: 1338
New playouts: 352
NN rows: 288
NN batches: 29
NN avg batch size: 9.93103
PV: C2 D9 C7 A7 A8 B9 F8 B5 B4 F9 E9 F6 C8
Tree:
: T -84.96c W -83.57c S  -3.20c ( -5.4 L  -5.2) N    1338  --  C2 D9 C7 A7 A8 B9 F8
---White(^)---
C2  : T -82.28c W -83.00c S  -2.05c ( -4.8 L  -4.8) LCB  -90.81c P 15.83% WF 963.8 PSV     936 N     999  --  C2 D9 C7 A7 A8 B9 F8 B5
B3  : T -101.66c W -86.69c S -11.73c (-10.3 L  -9.5) LCB -120.76c P 49.02% WF 116.6 PSV     127 N     133  --  B3 A7 A8 D9 C7 B9 B5 A6
B4  : T -70.78c W -72.14c S  -0.63c ( -4.1 L  -2.9) LCB  -85.08c P  2.05% WF  63.4 PSV      60 N      98  --  B4 A5 B2 A7 A8 D9 F8 F9
B2  : T -102.07c W -91.18c S  -7.37c ( -7.7 L  -6.6) LCB -116.90c P 18.35% WF  44.7 PSV      46 N      49  --  B2 A7 A8 D9 F8 F9 E9 E4
B5  : T -100.73c W -95.02c S  -4.65c ( -5.8 L  -6.0) LCB -110.67c P 11.89% WF  45.0 PSV      32 N      36  --  B5 B3 A6 C3 B1 A4 B4
A4  : T -89.54c W -87.71c S   0.15c ( -3.7 L  -3.3) LCB  -98.28c P  2.31% WF  17.0 PSV      14 N      22  --  A4 A7 A8 B5 C2 D9 F8

2024-06-26 20:26:31-0400: = C2
2024-06-26 20:26:33-0400: Controller: kata-list_time_settings
2024-06-26 20:26:33-0400: = none absolute byoyomi canadian fischer fischer-capped
2024-06-26 20:26:33-0400: Controller: play black d9
2024-06-26 20:26:33-0400: = 
2024-06-26 20:26:33-0400: Controller: genmove white
2024-06-26 20:26:34-0400: MoveNum: 27 HASH: 0E0B1D530579BCF4F03A052AF7360C1A
   A B C D E F G H J
 9 . . . X3. . . . .
 8 . O . . O . X . .
 7 . O @ O . O X . .
 6 . X X X . . X . .
 5 . . O X X . X . .
 4 . . O O . . O X .
 3 . . . . O O X . .
 2 . . O2X1. O X . .
 1 . . . . . . . . .

koPOSITIONALscoreAREAtaxNONEsui1komi5.5
Time taken: 1.047
Root visits: 1496
New playouts: 457
NN rows: 273
NN batches: 27
NN avg batch size: 10.1111
PV: C7 A7 A8 B9 F8 B5 B4 E4 F9 D3 C3 F1 D1 F4 E2
Tree:
: T -86.87c W -87.09c S  -1.83c ( -5.2 L  -4.9) N    1496  --  C7 A7 A8 B9 F8 B5 B4
---White(^)---
C7  : T -84.86c W -87.75c S   1.17c ( -3.7 L  -3.4) LCB  -90.56c P 23.52% WF 836.1 PSV     819 N     805  --  C7 A7 A8 B9 F8 B5 B4 E4
D8  : T -83.85c W -83.54c S  -3.28c ( -6.0 L  -5.5) LCB  -96.41c P  5.42% WF 215.2 PSV     211 N     264  --  D8 E9 F8 C7 C8 F9 B5 A6
F8  : T -96.38c W -85.59c S -12.11c (-11.3 L -11.5) LCB -110.95c P 45.98% WF 177.1 PSV     162 N     237  --  F8 C7 C8 B3 B2 A2 B4 D8
C9  : T -86.39c W -89.67c S   2.59c ( -3.1 L  -3.0) LCB  -97.58c P  1.56% WF  93.5 PSV      24 N      83  --  C9 A7 C7 A8 D8 A4 B3 F1
B5  : T -112.92c W -92.65c S -18.33c (-14.2 L -15.0) LCB -164.11c P 14.13% WF  19.3 PSV      21 N      14  --  B5 A6 F8 C7 C8 D8 E7 A8
A4  : T -85.19c W -87.34c S   2.04c ( -3.4 L  -3.1) LCB -104.81c P  0.49% WF  79.3 PSV      13 N      83  --  A4 E9 D8 C7 C8 B5 F8 F9
E9  : T -122.03c W -98.97c S -23.74c (-19.1 L -19.2) LCB -234.14c P  6.25% WF   7.1 PSV       7 N       3  --  E9 A7 A8
F6  : T -102.55c W -93.88c S  -7.40c ( -8.3 L  -8.5) LCB -143.97c P  1.32% WF   4.4 PSV       3 N       5  --  F6 F5 F8
A7  : T -113.01c W -97.66c S -15.35c (-12.3 L -14.0) LCB -463.01c P  0.61% WF   1.0 PSV       0 N       1  --  A7

2024-06-26 20:26:34-0400: = C7
2024-06-26 20:26:36-0400: Controller: kata-list_time_settings
2024-06-26 20:26:36-0400: = none absolute byoyomi canadian fischer fischer-capped
2024-06-26 20:26:36-0400: Controller: play black a7
2024-06-26 20:26:36-0400: = 
2024-06-26 20:26:36-0400: Controller: genmove white
2024-06-26 20:26:38-0400: MoveNum: 29 HASH: CDB2D29CCBB4AA55DAEFF461A90D597C
   A B C D E F G H J
 9 . . . X1. . . . .
 8 @ O . . O . X . .
 7 X3O O2O . O X . .
 6 . X X X . . X . .
 5 . . O X X . X . .
 4 . . O O . . O X .
 3 . . . . O O X . .
 2 . . O X . O X . .
 1 . . . . . . . . .

koPOSITIONALscoreAREAtaxNONEsui1komi5.5
Time taken: 1.063
Root visits: 2009
New playouts: 521
NN rows: 260
NN batches: 28
NN avg batch size: 9.28571
PV: A8 B9 F8 E6 C8 C9 F9 B5 B4 F1 E1 G1 G9 E2 C1 D1 D3
Tree:
: T -86.00c W -86.49c S  -3.20c ( -5.0 L  -4.8) N    2009  --  A8 B9 F8 E6 C8 C9 F9
---White(^)---
A8  : T -84.62c W -85.06c S  -3.50c ( -5.2 L  -5.0) LCB  -89.97c P 49.40% WF 1864.1 PSV    1839 N    1838  --  A8 B9 F8 E6 C8 C9 F9 B5
C9  : T -94.62c W -97.29c S   1.69c ( -2.6 L  -2.6) LCB -100.36c P 37.23% WF 209.1 PSV     217 N     114  --  C9 A8 D8 A4 B3 F8 E9 F1
F8  : T -99.16c W -93.67c S  -7.02c ( -7.1 L  -6.4) LCB -111.37c P  9.81% WF  39.6 PSV      41 N      42  --  F8 A8 C9 B3 B2 E1 F1
F6  : T -96.61c W -93.51c S  -4.05c ( -5.3 L  -5.3) LCB -123.76c P  2.36% WF  12.2 PSV      11 N      12  --  F6 F5 F8 A8 C9 D8
B5  : T -124.55c W -98.72c S -25.82c (-18.0 L -19.1) LCB -474.55c P  0.26% WF   2.6 PSV       0 N       1  --  B5
D8  : T -106.63c W -95.99c S -10.64c ( -9.3 L -14.8) LCB -456.63c P  0.19% WF   0.7 PSV       0 N       1  --  D8

2024-06-26 20:26:38-0400: = A8
2024-06-26 20:26:40-0400: Controller: kata-list_time_settings
2024-06-26 20:26:40-0400: = none absolute byoyomi canadian fischer fischer-capped
2024-06-26 20:26:40-0400: Controller: play black b3
2024-06-26 20:26:40-0400: = 
2024-06-26 20:26:40-0400: Controller: genmove white
2024-06-26 20:26:41-0400: MoveNum: 31 HASH: F81DB74F39A7435336363ABD2C22D53C
   A B C D E F G H J
 9 . . . X . . . . .
 8 O2O . . O . X . .
 7 X1O O O . O X . .
 6 . X X X . . X . .
 5 . . O X X . X . .
 4 . . O O . . O X .
 3 . X3. . O O X . .
 2 . @ O X . O X . .
 1 . . . . . . . . .

koPOSITIONALscoreAREAtaxNONEsui1komi5.5
Time taken: 1.109
Root visits: 800
New playouts: 482
NN rows: 285
NN batches: 29
NN avg batch size: 9.82759
PV: B2 B9 F8 A6 A4 E6 F9 F1 E1 G1 G9
Tree:
: T -94.03c W -92.95c S  -0.77c ( -4.0 L  -3.7) N     800  --  B2 B9 F8 A6 A4 E6 F9
---White(^)---
B2  : T -92.87c W -93.41c S   0.92c ( -3.2 L  -3.0) LCB  -95.55c P 35.99% WF 688.2 PSV     682 N     586  --  B2 B9 F8 A6 A4 E6 F9 F1
C3  : T -92.54c W -93.09c S   2.59c ( -2.6 L  -2.2) LCB -100.12c P  7.57% WF 133.0 PSV     133 N     121  --  C3 A6 B5 B9 F8 F9 E9 E6
B4  : T -103.38c W -88.12c S -12.95c (-11.1 L -10.9) LCB -127.41c P 43.62% WF  80.2 PSV      82 N      83  --  B4 A6 A5 B9 F8 F9 E9 E4
A4  : T -117.57c W -97.52c S -17.28c (-16.5 L -19.4) LCB -151.32c P  8.55% WF   8.3 PSV       7 N       7  --  A4 C3 B2 A2 A3 B4
B5  : T -110.11c W -99.18c S -10.13c ( -8.0 L  -9.9) LCB -330.46c P  3.00% WF   4.0 PSV       3 N       2  --  B5 C3

2024-06-26 20:26:41-0400: = B2
2024-06-26 20:26:43-0400: Controller: kata-list_time_settings
2024-06-26 20:26:43-0400: = none absolute byoyomi canadian fischer fischer-capped
2024-06-26 20:26:43-0400: Controller: play black a6
2024-06-26 20:26:43-0400: = 
2024-06-26 20:26:43-0400: Controller: genmove white
2024-06-26 20:26:44-0400: MoveNum: 33 HASH: 5EF2FB0803642AE0CE5C92BCF74F451B
   A B C D E F G H J
 9 . . . X . . . . .
 8 O O . . O . X . .
 7 X O O O . O X . .
 6 X3X X X . . X . .
 5 . . O X X . X . .
 4 . . O O . . O X .
 3 . X1. . O O X . .
 2 @ O2O X . O X . .
 1 . . . . . . . . .

koPOSITIONALscoreAREAtaxNONEsui1komi5.5
Time taken: 1.094
Root visits: 970
New playouts: 434
NN rows: 297
NN batches: 30
NN avg batch size: 9.9
PV: A2 E9 C9 F9 D8 F1 E1 G1 D3 A4 B4
Tree:
: T -98.25c W -96.46c S  -2.30c ( -3.4 L  -3.3) N     970  --  A2 E9 C9 F9 D8 F1 E1
---White(^)---
A2  : T -97.80c W -97.64c S   0.39c ( -2.3 L  -2.3) LCB -100.68c P 12.81% WF 275.2 PSV    1197 N     133  --  A2 E9 C9 F9 D8 F1 E1 G1
A4  : T -97.34c W -96.25c S  -1.65c ( -3.1 L  -3.0) LCB -100.95c P 29.18% WF 1078.9 PSV    1070 N     572  --  A4 F8 C9 F1 E1 G1 D3 B4
B4  : T -99.83c W -97.29c S  -2.12c ( -3.3 L  -3.3) LCB -103.59c P 16.22% WF 138.7 PSV     141 N      90  --  B4 A4 A2 F1 E1 G1 D3 B9
B5  : T -101.72c W -94.30c S  -7.98c ( -6.6 L  -6.5) LCB -110.11c P 23.08% WF 149.6 PSV     135 N     117  --  B5 B9 F8 F9 E9 F6 C8 E7
C3  : T -102.45c W -98.22c S  -4.34c ( -4.4 L  -4.3) LCB -108.97c P  8.68% WF  46.5 PSV      44 N      29  --  C3 A4 B4 A2 A3 B9 F8 F9
F6  : T -99.81c W -96.35c S  -3.95c ( -4.0 L  -4.1) LCB -127.09c P  4.43% WF  31.0 PSV      32 N      20  --  F6 F5 B4 B9 F8
F1  : T -102.80c W -99.21c S  -3.61c ( -3.9 L  -3.9) LCB -187.13c P  1.12% WF   5.8 PSV       5 N       3  --  F1 B9
D1  : T -105.33c W -99.05c S  -6.23c ( -5.4 L  -5.4) LCB -272.50c P  0.87% WF   3.1 PSV       2 N       2  --  D1 B9
F8  : T -123.65c W -97.62c S -26.03c (-23.2 L -31.1) LCB -473.65c P  1.09% WF   1.1 PSV       1 N       1  --  F8
G1  : T -122.15c W -97.64c S -24.51c (-23.5 L -31.1) LCB -472.15c P  0.55% WF   0.8 PSV       0 N       1  --  G1

2024-06-26 20:26:44-0400: = A2
2024-06-26 20:26:46-0400: Controller: kata-list_time_settings
2024-06-26 20:26:46-0400: = none absolute byoyomi canadian fischer fischer-capped
2024-06-26 20:26:46-0400: Controller: play black b9
2024-06-26 20:26:46-0400: = 
2024-06-26 20:26:46-0400: Controller: genmove white
2024-06-26 20:26:47-0400: MoveNum: 35 HASH: 5EBDAAEB3BBF7FABE612BBA1BB460568
   A B C D E F G H J
 9 . X3. X . . . . .
 8 O O . . O @ X . .
 7 X O O O . O X . .
 6 X1X X X . . X . .
 5 . . O X X . X . .
 4 . . O O . . O X .
 3 . X . . O O X . .
 2 O2O O X . O X . .
 1 . . . . . . . . .

koPOSITIONALscoreAREAtaxNONEsui1komi5.5
Time taken: 1.109
Root visits: 578
New playouts: 342
NN rows: 287
NN batches: 32
NN avg batch size: 8.96875
PV: F8 E6 F9 F1 E1 G1 D3 G9 B5 A5 C8
Tree:
: T -98.99c W -97.21c S  -2.79c ( -3.8 L  -3.8) N     578  --  F8 E6 F9 F1 E1 G1 D3
---White(^)---
F8  : T -98.43c W -97.21c S  -2.05c ( -3.5 L  -3.4) LCB -102.01c P 88.56% WF 1199.0 PSV    1196 N     554  --  F8 E6 F9 F1 E1 G1 D3 G9
F6  : T -112.54c W -95.82c S -15.79c (-13.0 L -13.5) LCB -144.15c P  5.33% WF  20.7 PSV       8 N      16  --  F6 F5 F8 F9 E9 E6 C8 E7
C9  : T -109.02c W -98.68c S  -8.94c ( -7.0 L  -8.4) LCB -274.95c P  0.94% WF   3.1 PSV       1 N       2  --  C9 C8
C8  : T -126.79c W -98.32c S -28.47c (-21.7 L -23.8) LCB -476.79c P  2.12% WF   2.7 PSV       1 N       1  --  C8
F9  : T -124.75c W -99.66c S -23.06c (-18.2 L -18.1) LCB -342.90c P  0.94% WF   5.0 PSV       0 N       2  --  F9 F8
D8  : T -123.18c W -98.94c S -24.24c (-15.9 L -16.9) LCB -473.18c P  0.69% WF   2.7 PSV       0 N       1  --  D8
E9  : T -127.19c W -98.88c S -28.32c (-21.0 L -21.7) LCB -477.19c P  0.62% WF   3.5 PSV       0 N       1  --  E9

2024-06-26 20:26:47-0400: = F8
2024-06-26 20:26:49-0400: Controller: kata-list_time_settings
2024-06-26 20:26:49-0400: = none absolute byoyomi canadian fischer fischer-capped
2024-06-26 20:26:49-0400: Controller: play black e4
2024-06-26 20:26:49-0400: = 
2024-06-26 20:26:49-0400: Controller: genmove white
2024-06-26 20:26:50-0400: MoveNum: 37 HASH: 2091F012BCDDCC23EE8E34A8C25C5E2C
   A B C D E F G H J
 9 . X1. X . . . . .
 8 O O @ . O O2X . .
 7 X O O O . O X . .
 6 X X X X . . X . .
 5 . . O X X . X . .
 4 . . O O X3. O X .
 3 . X . . O O X . .
 2 O O O X . O X . .
 1 . . . . . . . . .

koPOSITIONALscoreAREAtaxNONEsui1komi5.5
Time taken: 1.062
Root visits: 967
New playouts: 414
NN rows: 283
NN batches: 30
NN avg batch size: 9.43333
PV: C8 E1 D3 F1 B5 C9 G9 A5 A4 H9 F4 E6 F9 H8 E2
Tree:
: T -100.20c W -97.73c S  -3.26c ( -5.0 L  -5.0) N     967  --  C8 E1 D3 F1 B5 C9 G9
---White(^)---
C8  : T -98.52c W -97.62c S  -1.31c ( -4.1 L  -4.1) LCB -101.72c P 13.81% WF 1860.9 PSV    1835 N     803  --  C8 E1 D3 F1 B5 C9 G9 A5
F9  : T -102.83c W -99.00c S  -4.53c ( -5.8 L  -6.0) LCB -109.81c P 10.31% WF  93.2 PSV      93 N      39  --  F9 E1 D3 F1 B5 G9 F4 E6
F6  : T -102.05c W -98.46c S  -4.12c ( -5.5 L  -5.5) LCB -108.32c P  7.75% WF 110.0 PSV      84 N      59  --  F6 F9 E9 E6 C8 E1 D3 C9
F4  : T -119.93c W -97.19c S -18.92c (-14.2 L -14.2) LCB -142.53c P 20.08% WF  38.6 PSV      38 N      24  --  F4 F5 D3 F9 E9
G9  : T -123.68c W -97.97c S -25.39c (-21.6 L -22.2) LCB -150.85c P 19.22% WF  30.7 PSV      31 N      15  --  G9 F9 H9 H8 C8 E9
D3  : T -124.94c W -98.73c S -25.70c (-17.9 L -18.1) LCB -140.53c P 17.63% WF  32.8 PSV      27 N      10  --  D3 F9 E9 C8 F4 F5
G1  : T -115.69c W -96.52c S -17.33c (-12.4 L -13.2) LCB -196.01c P  4.03% WF   8.6 PSV       9 N       5  --  G1 F9 E9 F4
H2  : T -116.57c W -98.75c S -16.63c (-12.1 L -13.8) LCB -169.67c P  2.90% WF   6.4 PSV       6 N       4  --  H2 F9 E9
F1  : T -121.32c W -97.42c S -21.36c (-16.4 L -17.4) LCB -234.53c P  1.82% WF   5.9 PSV       3 N       3  --  F1 F9 E9
E1  : T -110.78c W -97.25c S -11.65c (-10.6 L -12.7) LCB -300.80c P  0.59% WF   2.0 PSV       1 N       2  --  E1 F9

2024-06-26 20:26:50-0400: = C8
2024-06-26 20:26:52-0400: Controller: kata-list_time_settings
2024-06-26 20:26:52-0400: = none absolute byoyomi canadian fischer fischer-capped
2024-06-26 20:26:52-0400: Controller: play black e1
2024-06-26 20:26:52-0400: = 
2024-06-26 20:26:52-0400: Controller: genmove white
2024-06-26 20:26:53-0400: MoveNum: 39 HASH: 836CE5D23C06F5B5D3733DAACAED0395
   A B C D E F G H J
 9 . X . X . . . . .
 8 O O O2. O O X . .
 7 X O O O . O X . .
 6 X X X X . . X . .
 5 . . O X X . X . .
 4 . . O O X1. O X .
 3 . X . @ O O X . .
 2 O O O X . O X . .
 1 . . . . X3. . . .

koPOSITIONALscoreAREAtaxNONEsui1komi5.5
Time taken: 1.078
Root visits: 2187
New playouts: 516
NN rows: 288
NN batches: 29
NN avg batch size: 9.93103
PV: D3 F1 B5 C9 G9 H8 F4 E6 F9 A5 A4 H9 C1 E2
Tree:
: T -101.42c W -98.08c S  -3.34c ( -4.2 L  -4.3) N    2187  --  D3 F1 B5 C9 G9 H8 F4
---White(^)---
D3  : T -101.23c W -98.02c S  -3.21c ( -4.2 L  -4.2) LCB -102.94c P 79.41% WF 4821.1 PSV    4813 N    1955  --  D3 F1 B5 C9 G9 H8 F4 E6
E2  : T -102.32c W -98.58c S  -3.50c ( -4.3 L  -4.2) LCB -105.89c P 14.55% WF 461.0 PSV     452 N     213  --  E2 F1 D3 D1 A4 C9 C1 G1
C1  : T -104.89c W -99.48c S  -4.84c ( -4.7 L  -4.8) LCB -150.92c P  0.75% WF  10.4 PSV      10 N       4  --  C1 F1 D1
F1  : T -122.33c W -98.99c S -20.97c (-17.7 L -18.2) LCB -174.23c P  2.43% WF  14.9 PSV       7 N       5  --  F1 D3 C3 G1
D1  : T -106.94c W -99.37c S  -7.17c ( -5.8 L  -6.0) LCB -152.19c P  0.57% WF   8.3 PSV       5 N       4  --  D1 C1 D3
C3  : T -107.14c W -99.36c S  -6.36c ( -5.3 L  -5.3) LCB -183.35c P  0.56% WF   7.1 PSV       5 N       3  --  C3 F1 D3
F4  : T -118.76c W -98.71c S -20.05c (-11.8 L -11.8) LCB -468.76c P  0.33% WF   3.1 PSV       1 N       1  --  F4
G1  : T -116.09c W -98.72c S -17.37c (-10.7 L -12.3) LCB -466.40c P  0.23% WF   1.8 PSV       0 N       1  --  G1

2024-06-26 20:26:53-0400: = D3
2024-06-26 20:26:55-0400: Controller: kata-list_time_settings
2024-06-26 20:26:55-0400: = none absolute byoyomi canadian fischer fischer-capped
2024-06-26 20:26:55-0400: Controller: play black f1
2024-06-26 20:26:55-0400: = 
2024-06-26 20:26:55-0400: Controller: genmove white
2024-06-26 20:26:56-0400: MoveNum: 41 HASH: 2B65D40B954803481E352A86A783237D
   A B C D E F G H J
 9 . X . X . . . . .
 8 O O O . O O X . .
 7 X O O O . O X . .
 6 X X X X . . X . .
 5 . @ O X X . X . .
 4 . . O O X . O X .
 3 . X . O2O O X . .
 2 O O O X . O X . .
 1 . . . . X1X3. . .

koPOSITIONALscoreAREAtaxNONEsui1komi5.5
Time taken: 1.11
Root visits: 3476
New playouts: 485
NN rows: 290
NN batches: 30
NN avg batch size: 9.66667
PV: B5 C9 G9 A5 A4 H9 F4 E6 F9 H8 C1 E2 C3
Tree:
: T -101.86c W -98.34c S  -3.51c ( -4.4 L  -4.4) N    3476  --  B5 C9 G9 A5 A4 H9 F4
---White(^)---
B5  : T -101.52c W -98.17c S  -3.38c ( -4.3 L  -4.4) LCB -102.96c P 49.68% WF 6804.5 PSV    6776 N    2543  --  B5 C9 G9 A5 A4 H9 F4 E6
A4  : T -101.46c W -98.86c S  -2.57c ( -4.0 L  -4.1) LCB -103.45c P  6.44% WF 819.8 PSV     819 N     308  --  A4 C9 G9 H9 F9 B5 B4 H8
E2  : T -103.16c W -98.81c S  -4.04c ( -4.5 L  -4.5) LCB -104.76c P 19.64% WF 777.8 PSV     789 N     354  --  E2 D1 A4 C9 G1 H1 G9 H9
F4  : T -106.02c W -99.16c S  -6.47c ( -5.6 L  -5.7) LCB -108.15c P 13.70% WF 241.9 PSV     247 N     107  --  F4 E6 H3 H2 B5 A5 A4 C9
G1  : T -102.71c W -98.76c S  -3.76c ( -4.5 L  -4.5) LCB -106.32c P  4.32% WF 191.9 PSV     190 N      92  --  G1 H1 E2 D1 A4 C9 G9 H9
H1  : T -103.23c W -99.01c S  -3.66c ( -4.4 L  -4.5) LCB -108.50c P  1.82% WF  57.1 PSV      56 N      28  --  H1 G1 B5 C9 G9 H9
B4  : T -103.94c W -99.01c S  -4.72c ( -4.9 L  -5.0) LCB -110.07c P  1.58% WF  52.6 PSV      47 N      25  --  B4 C9 G9 H9 F9 H8 E2
C1  : T -105.12c W -99.41c S  -5.05c ( -4.9 L  -5.1) LCB -125.19c P  0.64% WF  14.5 PSV      14 N       6  --  C1 B4 B5
E6  : T -107.62c W -99.33c S  -8.27c ( -6.8 L  -6.9) LCB -137.08c P  0.67% WF   8.6 PSV       9 N       5  --  E6 F6 F4
A5  : T -105.09c W -99.43c S  -4.85c ( -4.8 L  -4.9) LCB -148.72c P  0.12% WF   9.2 PSV       2 N       4  --  A5 B5 B4

2024-06-26 20:26:56-0400: = B5
2024-06-26 20:26:58-0400: Controller: kata-list_time_settings
2024-06-26 20:26:58-0400: = none absolute byoyomi canadian fischer fischer-capped
2024-06-26 20:26:58-0400: Controller: play black c9
2024-06-26 20:26:58-0400: = 
2024-06-26 20:26:58-0400: Controller: genmove white
2024-06-26 20:27:00-0400: MoveNum: 43 HASH: 9DA0FE2CA72466896405B386281D8F23
   A B C D E F G H J
 9 . X X3X . . @ . .
 8 O O O . O O X . .
 7 X O O O . O X . .
 6 X X X X . . X . .
 5 . O2O X X . X . .
 4 . . O O X . O X .
 3 . X . O O O X . .
 2 O O O X . O X . .
 1 . . . . X X1. . .

koPOSITIONALscoreAREAtaxNONEsui1komi5.5
Time taken: 1.125
Root visits: 2716
New playouts: 693
NN rows: 283
NN batches: 33
NN avg batch size: 8.57576
PV: G9 A5 A4 H9 F4 E6 F9 H8 E2 D1 C1 G1 C3
Tree:
: T -101.68c W -98.30c S  -3.35c ( -4.1 L  -4.2) N    2716  --  G9 A5 A4 H9 F4 E6 F9
---White(^)---
G9  : T -101.25c W -98.13c S  -3.10c ( -4.0 L  -4.1) LCB -102.84c P 42.81% WF 5608.9 PSV    5582 N    2043  --  G9 A5 A4 H9 F4 E6 F9 H8
G1  : T -100.44c W -98.41c S  -2.14c ( -3.7 L  -3.7) LCB -104.17c P  3.90% WF 901.2 PSV     536 N     364  --  G1 E6 F9 G9 H1 H2 E2 J1
F4  : T -107.97c W -99.46c S  -8.18c ( -6.2 L  -6.2) LCB -110.19c P 29.29% WF 337.3 PSV     336 N     116  --  F4 E6 F9 A5 A4 G9 C1 D1
E2  : T -104.38c W -99.37c S  -4.84c ( -4.7 L  -4.6) LCB -107.34c P  5.22% WF 123.3 PSV     116 N      51  --  E2 D1 A5 F4 G9 H9
F6  : T -105.67c W -98.85c S  -6.48c ( -5.3 L  -5.4) LCB -114.59c P  6.81% WF 113.8 PSV     113 N      45  --  F6 E6 E7 A5 A4 F4 G9 H9
A5  : T -102.90c W -99.44c S  -3.20c ( -4.0 L  -4.0) LCB -105.23c P  2.98% WF 121.6 PSV     109 N      39  --  A5 E6 F9 G9 E2 D1
F9  : T -105.24c W -99.48c S  -5.67c ( -4.9 L  -5.0) LCB -108.39c P  3.63% WF  65.9 PSV      66 N      23  --  F9 A5 A4 G9 F4 E6 C1 D1
H1  : T -103.20c W -99.14c S  -3.33c ( -4.1 L  -4.2) LCB -109.00c P  1.46% WF  37.5 PSV      33 N      16  --  H1 G1 F4 E6 F9
C1  : T -105.69c W -99.34c S  -5.01c ( -4.7 L  -4.8) LCB -127.45c P  0.90% WF  15.7 PSV      14 N       6  --  C1 E6 F9
E6  : T -104.64c W -98.72c S  -5.67c ( -5.2 L  -5.3) LCB -116.98c P  0.65% WF  18.5 PSV      13 N      10  --  E6 F6 F4 F5 G9

2024-06-26 20:27:00-0400: = G9
2024-06-26 20:27:02-0400: Controller: kata-list_time_settings
2024-06-26 20:27:02-0400: = none absolute byoyomi canadian fischer fischer-capped
2024-06-26 20:27:02-0400: Controller: play black h9
2024-06-26 20:27:02-0400: = 
2024-06-26 20:27:02-0400: Controller: genmove white
2024-06-26 20:27:03-0400: MoveNum: 45 HASH: 157088CADFC869130A5344F92D253473
   A B C D E F G H J
 9 . X X1X . @ O2X3.
 8 O O O . O O X . .
 7 X O O O . O X . .
 6 X X X X . . X . .
 5 . O O X X . X . .
 4 . . O O X . O X .
 3 . X . O O O X . .
 2 O O O X . O X . .
 1 . . . . X X . . .

koPOSITIONALscoreAREAtaxNONEsui1komi5.5
Time taken: 1.125
Root visits: 1864
New playouts: 390
NN rows: 293
NN batches: 31
NN avg batch size: 9.45161
PV: F9 A5 A4 H8 E6 F6 F4 E7 H3 H2 E6 F5 D8 E2 A3
Tree:
: T -101.34c W -97.97c S  -3.44c ( -3.9 L  -3.9) N    1864  --  F9 A5 A4 H8 E6 F6 F4
---White(^)---
F9  : T -100.91c W -97.77c S  -3.25c ( -3.8 L  -3.8) LCB -103.26c P 57.00% WF 4396.6 PSV    4376 N    1503  --  F9 A5 A4 H8 E6 F6 F4 E7
F4  : T -102.64c W -98.82c S  -3.67c ( -4.0 L  -4.1) LCB -105.29c P 26.51% WF 758.7 PSV     743 N     285  --  F4 E6 F9 A5 A4 H8 E2 D1
F6  : T -106.08c W -99.13c S  -6.63c ( -5.3 L  -5.3) LCB -109.19c P  6.54% WF  78.2 PSV      80 N      34  --  F6 F9 E9 E6 F4 F5 E7
E9  : T -109.23c W -99.70c S  -9.36c ( -6.0 L  -6.1) LCB -121.17c P  3.10% WF  25.5 PSV      25 N       8  --  E9 F4 A5 F6
E2  : T -105.66c W -98.87c S  -6.68c ( -5.2 L  -5.1) LCB -119.60c P  1.48% WF  18.6 PSV      19 N       9  --  E2 F9 E9 E6
A5  : T -104.70c W -99.48c S  -5.41c ( -4.6 L  -4.5) LCB -123.05c P  1.13% WF  19.1 PSV      18 N       7  --  A5 F9 E9 F4
E6  : T -107.31c W -99.10c S  -7.87c ( -5.9 L  -6.2) LCB -123.22c P  1.09% WF  12.6 PSV      11 N       7  --  E6 F9 F4 F5
G1  : T -105.05c W -99.45c S  -5.58c ( -4.7 L  -4.8) LCB -136.33c P  0.86% WF  12.3 PSV      11 N       5  --  G1 F9 E9 E6
H1  : T -107.16c W -99.39c S  -8.15c ( -5.9 L  -6.2) LCB -268.05c P  0.37% WF   4.0 PSV       3 N       2  --  H1 F9
C1  : T -109.68c W -99.11c S -10.57c ( -6.8 L  -6.8) LCB -459.68c P  0.29% WF   2.2 PSV       2 N       1  --  C1

2024-06-26 20:27:03-0400: = F9
2024-06-26 20:27:05-0400: Controller: kata-list_time_settings
2024-06-26 20:27:05-0400: = none absolute byoyomi canadian fischer fischer-capped
2024-06-26 20:27:05-0400: Controller: play black a5
2024-06-26 20:27:05-0400: = 
2024-06-26 20:27:05-0400: Controller: genmove white
2024-06-26 20:27:06-0400: MoveNum: 47 HASH: 430BBE003A95640999496AC078029BC4
   A B C D E F G H J
 9 . X X X . O2O X1.
 8 O O O . O O X . .
 7 X O O O . O X . .
 6 X X X X . . X . .
 5 X3O O X X . X . .
 4 @ . O O X . O X .
 3 . X . O O O X . .
 2 O O O X . O X . .
 1 . . . . X X . . .

koPOSITIONALscoreAREAtaxNONEsui1komi5.5
Time taken: 1.141
Root visits: 2471
New playouts: 480
NN rows: 296
NN batches: 32
NN avg batch size: 9.25
PV: A4 H8 E6 F6 F4 E7 H3 H2 E6 F5 D8 E2 C3 C1 B1
Tree:
: T -101.55c W -98.15c S  -3.53c ( -4.1 L  -4.1) N    2471  --  A4 H8 E6 F6 F4 E7 H3
---White(^)---
A4  : T -101.44c W -98.11c S  -3.39c ( -4.0 L  -4.0) LCB -103.43c P 65.70% WF 5705.6 PSV    5702 N    1794  --  A4 H8 E6 F6 F4 E7 H3 H2
F4  : T -101.23c W -98.10c S  -3.37c ( -4.1 L  -4.2) LCB -104.78c P 14.04% WF 1452.6 PSV    1449 N     493  --  F4 E6 H3 H2 A4 H8 E2 D1
G1  : T -101.83c W -98.89c S  -3.25c ( -4.0 L  -4.1) LCB -105.26c P  5.54% WF 221.1 PSV     218 N      85  --  G1 H1 A4 H8 F6 E6 C1 E2
E2  : T -105.68c W -98.83c S  -7.74c ( -5.7 L  -5.8) LCB -113.82c P  7.85% WF 140.4 PSV     142 N      47  --  E2 D1 A4 F4 C3 H8 C1 G1
H1  : T -102.18c W -98.74c S  -3.47c ( -4.1 L  -4.2) LCB -107.09c P  2.44% WF  78.9 PSV      77 N      33  --  H1 G1 A4 H8 F4 F5 H3
B4  : T -106.15c W -99.51c S  -6.34c ( -5.0 L  -5.3) LCB -126.21c P  1.06% WF  16.7 PSV      17 N       6  --  B4 A4 A3 H8
A3  : T -106.65c W -99.49c S  -6.64c ( -5.2 L  -5.3) LCB -150.66c P  0.72% WF  10.7 PSV      11 N       4  --  A3 A4 B4
D1  : T -108.39c W -99.13c S  -8.48c ( -6.1 L  -6.0) LCB -182.74c P  0.53% WF   6.6 PSV       6 N       3  --  D1 C1 B1
F5  : T -111.61c W -98.33c S -12.45c ( -9.5 L -10.7) LCB -261.05c P  0.26% WF   2.0 PSV       2 N       2  --  F5 A4
C1  : T -124.75c W -99.36c S -25.39c (-26.2 L -29.3) LCB -474.75c P  0.55% WF   1.5 PSV       2 N       1  --  C1

2024-06-26 20:27:06-0400: = A4
2024-06-26 20:27:08-0400: Controller: kata-list_time_settings
2024-06-26 20:27:08-0400: = none absolute byoyomi canadian fischer fischer-capped
2024-06-26 20:27:08-0400: Controller: play black h8
2024-06-26 20:27:08-0400: = 
2024-06-26 20:27:08-0400: Controller: genmove white
2024-06-26 20:27:09-0400: MoveNum: 49 HASH: 550E030AA5AD51C51D50A5C187774D1A
   A B C D E F G H J
 9 . X X X . O O X .
 8 O O O . O O X X3.
 7 X O O O . O X . .
 6 X X X X @ . X . .
 5 X1O O X X . X . .
 4 O2. O O X . O X .
 3 . X . O O O X . .
 2 O O O X . O X . .
 1 . . . . X X . . .

koPOSITIONALscoreAREAtaxNONEsui1komi5.5
Time taken: 1.062
Root visits: 2588
New playouts: 525
NN rows: 280
NN batches: 28
NN avg batch size: 10
PV: E6 F6 F4 E7 H3 H2 E6 F5 D8 E2 C3 C1 B1 G1
Tree:
: T -102.00c W -98.55c S  -3.54c ( -4.1 L  -4.0) N    2588  --  E6 F6 F4 E7 H3 H2 E6
---White(^)---
E6  : T -100.97c W -97.77c S  -3.33c ( -4.0 L  -4.0) LCB -103.81c P  4.16% WF 3647.7 PSV    3594 N    1174  --  E6 F6 F4 E7 H3 H2 E6 F5
F4  : T -102.03c W -98.84c S  -3.26c ( -4.0 L  -4.0) LCB -104.23c P 31.25% WF 2698.6 PSV    2623 N     742  --  F4 E6 C1 E2 F6 F5 C3 G1
C1  : T -103.08c W -99.26c S  -3.91c ( -4.2 L  -4.2) LCB -106.05c P 18.91% WF 852.3 PSV     836 N     219  --  C1 F4 D1 F6 E7 G1 E2 E6
F6  : T -103.52c W -99.28c S  -4.15c ( -4.3 L  -4.2) LCB -106.70c P 16.88% WF 766.0 PSV     623 N     202  --  F6 E6 C1 E2 F4 F5 C3 G1
E2  : T -103.27c W -99.58c S  -3.92c ( -4.2 L  -4.1) LCB -105.75c P 11.52% WF 474.8 PSV     469 N     118  --  E2 D1 C1 G1 F4 E6 F6 F5
G1  : T -102.89c W -99.31c S  -3.41c ( -4.0 L  -4.1) LCB -105.97c P  5.36% WF 191.3 PSV     158 N      58  --  G1 H1 F4 F5 C1 E2
H1  : T -103.07c W -99.20c S  -3.79c ( -4.2 L  -4.4) LCB -107.95c P  3.44% WF  84.1 PSV      85 N      28  --  H1 G1 F4 F5 H3
F5  : T -106.14c W -99.34c S  -6.72c ( -5.2 L  -5.2) LCB -111.68c P  2.68% WF  71.5 PSV      49 N      22  --  F5 F4 F6 E6 E7 G4
D8  : T -108.15c W -99.69c S  -8.76c ( -5.9 L  -5.9) LCB -121.19c P  1.88% WF  30.2 PSV      25 N       8  --  D8 F4 F6 E6 C1
D1  : T -106.48c W -99.41c S  -6.94c ( -5.3 L  -5.3) LCB -135.73c P  0.85% WF  14.1 PSV      14 N       5  --  D1 C1 B1 D1

2024-06-26 20:27:09-0400: = E6
2024-06-26 20:27:11-0400: Controller: kata-list_time_settings
2024-06-26 20:27:11-0400: = none absolute byoyomi canadian fischer fischer-capped
2024-06-26 20:27:11-0400: Controller: play black f6
2024-06-26 20:27:11-0400: = 
2024-06-26 20:27:11-0400: Controller: genmove white
2024-06-26 20:27:12-0400: MoveNum: 51 HASH: 62D06769C74DF84D35B916837A1849D1
   A B C D E F G H J
 9 . X X X . O O X .
 8 O O O . O O X X1.
 7 X O O O . O X . .
 6 X X X X O2X3X . .
 5 X O O X X . X . .
 4 O . O O X @ O X .
 3 . X . O O O X . .
 2 O O O X . O X . .
 1 . . . . X X . . .

koPOSITIONALscoreAREAtaxNONEsui1komi5.5
Time taken: 1.125
Root visits: 2254
New playouts: 442
NN rows: 299
NN batches: 32
NN avg batch size: 9.34375
PV: F4 E7 H3 H2 E6 F5 E2 D1 C1 G1 A3 E7 J3 J2 E6 D8
Tree:
: T -101.98c W -98.38c S  -3.62c ( -4.1 L  -4.0) N    2254  --  F4 E7 H3 H2 E6 F5 E2
---White(^)---
F4  : T -102.22c W -98.38c S  -3.80c ( -4.2 L  -4.1) LCB -104.11c P 80.65% WF 5099.1 PSV    5121 N    1610  --  F4 E7 H3 H2 E6 F5 E2 D1
E2  : T -101.13c W -98.40c S  -2.84c ( -3.9 L  -3.6) LCB -105.10c P  6.20% WF 1830.6 PSV    1809 N     466  --  E2 E7 D1 D8 E6 F4 E7 G1
G1  : T -101.17c W -97.81c S  -3.36c ( -4.1 L  -4.2) LCB -107.29c P  2.95% WF 292.9 PSV     244 N     121  --  G1 E7 E2 H1 D1 D8 E6 B4
C1  : T -103.12c W -99.12c S  -5.34c ( -4.8 L  -4.8) LCB -112.60c P  1.86% WF  75.0 PSV      71 N      24  --  C1 F4 D1 G1 E2
H1  : T -103.74c W -99.06c S  -3.94c ( -4.3 L  -4.6) LCB -109.87c P  1.50% WF  35.8 PSV      35 N      13  --  H1 E7 G1 F4 E2
D1  : T -106.57c W -98.61c S  -8.24c ( -6.0 L  -6.2) LCB -122.27c P  1.29% WF  20.3 PSV      19 N       9  --  D1 C1 F4 F5
E7  : T -112.15c W -99.84c S -12.13c ( -7.1 L  -7.1) LCB -264.23c P  1.30% WF   9.7 PSV       9 N       2  --  E7 F4
D8  : T -113.06c W -99.78c S -13.34c ( -7.7 L  -7.7) LCB -266.86c P  1.28% WF   8.7 PSV       9 N       2  --  D8 F4
C3  : T -111.99c W -99.18c S -12.81c ( -7.5 L  -7.4) LCB -461.99c P  0.30% WF   3.4 PSV       2 N       1  --  C3
H2  : T -111.93c W -98.86c S -13.07c ( -7.7 L  -8.3) LCB -462.75c P  0.28% WF   1.9 PSV       2 N       1  --  H2

2024-06-26 20:27:12-0400: = F4
2024-06-26 20:27:14-0400: Controller: kata-list_time_settings
2024-06-26 20:27:14-0400: = none absolute byoyomi canadian fischer fischer-capped
2024-06-26 20:27:14-0400: Controller: play black e7
2024-06-26 20:27:14-0400: = 
2024-06-26 20:27:14-0400: Controller: genmove white
2024-06-26 20:27:15-0400: MoveNum: 53 HASH: FDDD8B5044308FBD9F65B80E96AF1CBB
   A B C D E F G H J
 9 . X X X . O O X .
 8 O O O . O O X X .
 7 X O O O X3O X . .
 6 X X X X . X1X . .
 5 X O O X X . X . .
 4 O . O O X O2O X .
 3 . X . O O O X @ .
 2 O O O X . O X . .
 1 . . . . X X . . .

koPOSITIONALscoreAREAtaxNONEsui1komi5.5
Time taken: 1.094
Root visits: 2049
New playouts: 336
NN rows: 272
NN batches: 30
NN avg batch size: 9.06667
PV: H3 H2 J3 J4 E6 F5 E2 E7 D1 E6 D8 G1 A3 J2 D2 H5
Tree:
: T -101.55c W -98.28c S  -3.49c ( -4.1 L  -3.9) N    2049  --  H3 H2 J3 J4 E6 F5 E2
---White(^)---
H3  : T -100.91c W -98.11c S  -3.09c ( -3.9 L  -3.7) LCB -103.24c P 46.44% WF 6228.1 PSV    6192 N    1755  --  H3 H2 J3 J4 E6 F5 E2 E7
H5  : T -105.29c W -99.68c S  -5.38c ( -4.7 L  -4.7) LCB -106.97c P  7.96% WF 147.3 PSV     148 N      42  --  H5 H3 E6 F5 C1 E7 D8 E2
G1  : T -105.28c W -99.27c S  -5.72c ( -4.8 L  -4.8) LCB -108.84c P  7.90% WF 151.0 PSV     147 N      43  --  G1 E6 D8 H1 E2 D1 C1
C1  : T -105.56c W -99.31c S  -5.79c ( -4.8 L  -4.7) LCB -109.57c P  8.08% WF 143.1 PSV     143 N      40  --  C1 E6 H3 H2 D8 E2 C3
E2  : T -106.81c W -99.28c S  -7.21c ( -5.3 L  -5.2) LCB -114.26c P  7.08% WF  99.6 PSV     102 N      27  --  E2 E6 D8 D1 C1 G1 C3 F5
D8  : T -107.65c W -99.79c S  -7.59c ( -5.4 L  -5.1) LCB -109.89c P  5.60% WF  72.2 PSV      71 N      16  --  D8 E6 H3 H2 E2 D1 C1
H1  : T -104.19c W -98.79c S  -4.82c ( -4.5 L  -4.7) LCB -107.66c P  2.81% WF  81.4 PSV      67 N      33  --  H1 E6 D8 D1 G1
J2  : T -103.61c W -98.73c S  -5.25c ( -4.7 L  -4.7) LCB -109.22c P  2.20% WF  66.3 PSV      61 N      29  --  J2 H3 E6 F5 E7 C1
J3  : T -105.73c W -99.67c S  -6.38c ( -5.1 L  -5.0) LCB -112.93c P  2.16% WF  36.6 PSV      37 N      11  --  J3 H3 E6 F5 E7 C1
J4  : T -105.17c W -99.58c S  -5.41c ( -4.7 L  -4.6) LCB -113.50c P  1.81% WF  33.9 PSV      34 N      11  --  J4 H3 E6 F5 E7

2024-06-26 20:27:15-0400: = H3
2024-06-26 20:27:17-0400: Controller: kata-list_time_settings
2024-06-26 20:27:17-0400: = none absolute byoyomi canadian fischer fischer-capped
2024-06-26 20:27:17-0400: Controller: play black h2
2024-06-26 20:27:17-0400: = 
2024-06-26 20:27:17-0400: Controller: genmove white
2024-06-26 20:27:18-0400: MoveNum: 55 HASH: 5172B684465507DD3DE2175A2D5606A5
   A B C D E F G H J
 9 . X X X . O O X .
 8 O O O . O O X X .
 7 X O O O X1O X . .
 6 X X X X @ X X . .
 5 X O O X X . X . .
 4 O . O O X O O X .
 3 . X . O O O X O2.
 2 O O O X . O X X3.
 1 . . . . X X . . .

koPOSITIONALscoreAREAtaxNONEsui1komi5.5
Time taken: 1.047
Root visits: 3229
New playouts: 723
NN rows: 275
NN batches: 28
NN avg batch size: 9.82143
PV: E6 F5 H5 J3 E2 E7 D1 E6 D8 G1 A3 J5 C1
Tree:
: T -100.58c W -98.18c S  -2.63c ( -3.6 L  -3.3) N    3229  --  E6 F5 H5 J3 E2 E7 D1
---White(^)---
E6  : T -100.34c W -98.23c S  -2.31c ( -3.5 L  -3.2) LCB -102.54c P 61.09% WF 6055.8 PSV    6042 N    1700  --  E6 F5 H5 J3 E2 E7 D1 E6
H5  : T -99.37c W -98.41c S  -1.10c ( -3.1 L  -2.7) LCB -104.93c P  6.06% WF 1476.6 PSV     474 N     387  --  H5 J3 E6 F5 E2 E7 D1 E6
J3  : T -100.64c W -97.88c S  -3.04c ( -3.7 L  -3.4) LCB -105.16c P  6.56% WF 3768.2 PSV     321 N    1000  --  J3 J4 E6 F5 E2 E7 D1 E6
C1  : T -106.76c W -99.40c S  -7.07c ( -5.2 L  -5.1) LCB -112.13c P  5.35% WF  90.3 PSV      89 N      28  --  C1 E6 D8 E2 A3
E2  : T -107.04c W -99.25c S  -7.69c ( -5.3 L  -5.1) LCB -114.25c P  4.64% WF  81.9 PSV      78 N      23  --  E2 E6 D8 D1 C1 G1 C3
D8  : T -108.42c W -99.81c S  -8.45c ( -5.5 L  -5.1) LCB -111.51c P  4.31% WF  65.1 PSV      62 N      14  --  D8 E6 C1 E2 A3
J4  : T -104.73c W -99.02c S  -6.45c ( -5.0 L  -4.8) LCB -113.81c P  2.92% WF  60.6 PSV      57 N      22  --  J4 J3 E6 F5 C1
G1  : T -105.44c W -99.37c S  -5.98c ( -4.7 L  -4.8) LCB -113.77c P  2.11% WF  37.0 PSV      38 N      11  --  G1 E6 D8 D1
J2  : T -103.85c W -98.62c S  -5.33c ( -4.6 L  -4.5) LCB -113.23c P  1.46% WF  34.8 PSV      33 N      15  --  J2 J3 E6 F5
F5  : T -110.40c W -99.52c S -10.22c ( -6.3 L  -6.0) LCB -194.19c P  0.90% WF  11.2 PSV      10 N       3  --  F5 E6 D8

2024-06-26 20:27:18-0400: = E6
2024-06-26 20:27:20-0400: Controller: kata-list_time_settings
2024-06-26 20:27:20-0400: = none absolute byoyomi canadian fischer fischer-capped
2024-06-26 20:27:20-0400: Controller: play black f5
2024-06-26 20:27:20-0400: = 
2024-06-26 20:27:20-0400: Controller: genmove white
2024-06-26 20:27:22-0400: MoveNum: 57 HASH: 3F48144693A43CDD7506BF8F8B22E972
   A B C D E F G H J
 9 . X X X . O O X .
 8 O O O . O O X X .
 7 X O O O . O X . .
 6 X X X X O2X X . .
 5 X O O X X X3X @ .
 4 O . O O X O O X .
 3 . X . O O O X O .
 2 O O O X . O X X1.
 1 . . . . X X . . .

koPOSITIONALscoreAREAtaxNONEsui1komi5.5
Time taken: 1.078
Root visits: 2812
New playouts: 428
NN rows: 275
NN batches: 27
NN avg batch size: 10.1852
PV: H5 J4 E2 D1 C3 D8 C1 G1 E7 J3 A3
Tree:
: T -100.93c W -97.99c S  -3.36c ( -3.7 L  -3.5) N    2812  --  H5 J4 E2 D1 C3 D8 C1
---White(^)---
H5  : T -99.27c W -97.86c S  -1.92c ( -3.2 L  -2.9) LCB -103.31c P  1.44% WF 5292.3 PSV    5167 N    1441  --  H5 J4 E2 D1 C3 D8 C1 G1
E2  : T -101.18c W -97.29c S  -3.93c ( -3.9 L  -3.6) LCB -106.36c P  9.02% WF 1365.6 PSV    1379 N     432  --  E2 D1 C1 G1 A3 E7 J3 J2
C1  : T -102.53c W -98.30c S  -5.48c ( -4.5 L  -4.3) LCB -107.38c P 30.35% WF 1337.4 PSV    1377 N     407  --  C1 D8 E7 E2 C3 G1 D1 J3
D8  : T -106.23c W -99.40c S  -6.96c ( -4.8 L  -4.7) LCB -108.95c P 25.69% WF 505.4 PSV     542 N     135  --  D8 E2 C3 C1 B1 G1 D1 E7
G1  : T -101.87c W -97.60c S  -4.34c ( -4.0 L  -3.9) LCB -109.01c P  4.38% WF 546.3 PSV     225 N     203  --  G1 H1 E2 D1 C1 G1 C3 D8
E7  : T -104.57c W -98.69c S  -6.14c ( -4.6 L  -4.3) LCB -115.85c P  7.37% WF 212.9 PSV     222 N      51  --  E7 E2 C3 G1
C3  : T -106.28c W -99.61c S  -6.54c ( -4.8 L  -4.6) LCB -108.49c P  7.90% WF 157.0 PSV     166 N      47  --  C3 D8 C1 E7 J3 H5 E6
A3  : T -107.74c W -99.55c S  -6.97c ( -4.9 L  -4.9) LCB -113.24c P  3.93% WF  70.0 PSV      67 N      21  --  A3 D8 C1 E7 H5
B4  : T -106.92c W -99.61c S  -6.81c ( -4.9 L  -4.8) LCB -112.28c P  3.24% WF  57.5 PSV      61 N      17  --  B4 D8 C1 E7 J3
J3  : T -104.07c W -98.68c S  -5.53c ( -4.4 L  -4.3) LCB -114.70c P  1.46% WF  35.9 PSV      37 N      12  --  J3 J4 C1 D8 E7 E2 C3 G1

2024-06-26 20:27:22-0400: = H5
2024-06-26 20:27:24-0400: Controller: kata-list_time_settings
2024-06-26 20:27:24-0400: = none absolute byoyomi canadian fischer fischer-capped
2024-06-26 20:27:24-0400: Controller: play black j4
2024-06-26 20:27:24-0400: = 
2024-06-26 20:27:24-0400: Controller: genmove white
2024-06-26 20:27:25-0400: MoveNum: 59 HASH: 81F219A4BEA3820A3ED2EB0BCFFDCFA2
   A B C D E F G H J
 9 . X X X . O O X .
 8 O O O . O O X X .
 7 X O O O . O X . .
 6 X X X X O X X . .
 5 X O O X X X1X O2.
 4 O . O O X O O X X3
 3 . X . O O O X O .
 2 O O O X . O X X @
 1 . . . . X X . . .

koPOSITIONALscoreAREAtaxNONEsui1komi5.5
Time taken: 1.14
Root visits: 1786
New playouts: 372
NN rows: 280
NN batches: 30
NN avg batch size: 9.33333
PV: J2 J3 E2 D8 D1 E7 J5 J1 E6 B4 E7 A3 G1 A4 C3 H1 F1 J6 pass
Tree:
: T -101.41c W -98.38c S  -3.09c ( -4.1 L  -3.9) N    1786  --  J2 J3 E2 D8 D1 E7 J5
---White(^)---
J2  : T -99.51c W -98.52c S  -1.26c ( -3.5 L  -3.1) LCB -103.67c P  4.17% WF 1927.6 PSV    1883 N     519  --  J2 J3 E2 D8 D1 E7 J5 J1
C1  : T -102.24c W -99.03c S  -3.34c ( -4.2 L  -4.0) LCB -105.93c P 22.72% WF 957.5 PSV     772 N     270  --  C1 D8 E7 E2 C3 G1 D1 J3
E2  : T -100.97c W -97.52c S  -3.45c ( -4.3 L  -4.0) LCB -106.03c P  8.06% WF 1561.8 PSV     610 N     479  --  E2 D1 C3 C1 B1 G1 D8 J3
D8  : T -104.36c W -99.22c S  -5.12c ( -4.9 L  -4.9) LCB -107.36c P 21.99% WF 398.5 PSV     388 N     117  --  D8 E2 C3 C1 B1 G1 D1 E7
C3  : T -103.97c W -99.27c S  -4.21c ( -4.5 L  -4.4) LCB -107.17c P  9.12% WF 186.4 PSV     176 N      58  --  C3 D8 C1 E7 J2 J3 E6 G1
G1  : T -101.85c W -97.09c S  -4.47c ( -4.6 L  -4.5) LCB -111.43c P  5.93% WF 349.4 PSV     172 N     139  --  G1 D8 E2 E7 J2 J3 E6 H1
E7  : T -103.36c W -98.79c S  -4.79c ( -4.7 L  -4.5) LCB -115.03c P  6.44% WF 162.4 PSV     147 N      42  --  E7 E2 C3 G1
H6  : T -104.17c W -99.26c S  -4.91c ( -4.9 L  -5.1) LCB -108.31c P  4.90% WF  95.1 PSV      71 N      39  --  H6 D8 E7 J5 C1
H1  : T -103.44c W -98.61c S  -4.53c ( -4.6 L  -4.7) LCB -108.16c P  3.26% WF 111.7 PSV      57 N      50  --  H1 J3 C1 D8 E7 E2
A3  : T -106.46c W -99.39c S  -5.31c ( -4.9 L  -4.9) LCB -112.75c P  3.73% WF  47.8 PSV      44 N      16  --  A3 D8 C1 E7 J5

2024-06-26 20:27:25-0400: = J2
2024-06-26 20:27:27-0400: Controller: kata-list_time_settings
2024-06-26 20:27:27-0400: = none absolute byoyomi canadian fischer fischer-capped
2024-06-26 20:27:27-0400: Controller: play black j3
2024-06-26 20:27:27-0400: = 
2024-06-26 20:27:27-0400: Controller: genmove white
2024-06-26 20:27:28-0400: MoveNum: 61 HASH: E027CB8E9C2337D6AAA8A6B91C53147B
   A B C D E F G H J
 9 . X X X . O O X .
 8 O O O . O O X X .
 7 X O O O . O X . .
 6 X X X X O X X . .
 5 X O O X X X X O .
 4 O . O O X O O X X1
 3 . X . O O O X . X3
 2 O O O X @ O X X O2
 1 . . . . X X . . .

koPOSITIONALscoreAREAtaxNONEsui1komi5.5
Time taken: 1.093
Root visits: 1697
New playouts: 418
NN rows: 282
NN batches: 28
NN avg batch size: 10.0714
PV: E2 D1 C1 G1 C3 D8 E7 J1 A3 J5 B4 H6 pass H5
Tree:
: T -101.48c W -98.40c S  -3.17c ( -3.9 L  -3.5) N    1697  --  E2 D1 C1 G1 C3 D8 E7
---White(^)---
E2  : T -100.26c W -98.24c S  -2.14c ( -3.5 L  -3.0) LCB -103.15c P  6.84% WF 5326.8 PSV    5253 N    1191  --  E2 D1 C1 G1 C3 D8 E7 J1
C1  : T -104.06c W -97.93c S  -6.30c ( -5.0 L  -4.9) LCB -112.70c P 18.43% WF 454.0 PSV     458 N     151  --  C1 E7 D1 D8 E6 G1 E2 E7
D8  : T -106.06c W -99.50c S  -6.65c ( -5.5 L  -5.4) LCB -108.94c P 21.87% WF 371.6 PSV     360 N     100  --  D8 E2 A3 C1 B1 G1
E7  : T -105.54c W -99.29c S  -6.27c ( -4.8 L  -4.5) LCB -112.64c P 12.73% WF 225.6 PSV     230 N      57  --  E7 D8 C1 E2
G1  : T -104.49c W -98.50c S  -5.46c ( -4.7 L  -4.6) LCB -113.98c P  7.84% WF 138.2 PSV     143 N      52  --  G1 H1 C1 E7 D1
C3  : T -107.46c W -99.62c S  -7.12c ( -5.1 L  -5.0) LCB -110.52c P  7.94% WF 107.3 PSV     106 N      33  --  C3 D8 E7 C1 E2 D1
H6  : T -106.88c W -99.55c S  -7.26c ( -5.6 L  -5.7) LCB -112.37c P  5.50% WF  65.9 PSV      68 N      25  --  H6 E7 H7 D8 E6 C3
A3  : T -106.60c W -99.54c S  -7.40c ( -5.2 L  -5.0) LCB -110.69c P  3.92% WF  56.0 PSV      59 N      17  --  A3 D8 E7 C1 E2
B4  : T -106.33c W -99.60c S  -7.41c ( -5.3 L  -5.0) LCB -110.58c P  3.61% WF  54.2 PSV      57 N      16  --  B4 D8 E7 C1 B1
H1  : T -105.90c W -98.85c S  -7.29c ( -5.3 L  -5.4) LCB -113.62c P  3.57% WF  49.5 PSV      50 N      21  --  H1 E2 J5 J1 D1 G1 C3

2024-06-26 20:27:28-0400: = E2
2024-06-26 20:27:30-0400: Controller: kata-list_time_settings
2024-06-26 20:27:30-0400: = none absolute byoyomi canadian fischer fischer-capped
2024-06-26 20:27:30-0400: Controller: play black d1
2024-06-26 20:27:30-0400: = 
2024-06-26 20:27:30-0400: Controller: genmove white
2024-06-26 20:27:31-0400: MoveNum: 63 HASH: FD03C9BF963B116C5DC0236CE27DF672
   A B C D E F G H J
 9 . X X X . O O X .
 8 O O O . O O X X .
 7 X O O O . O X . .
 6 X X X X O X X . .
 5 X O O X X X X O .
 4 O . O O X O O X X
 3 . X . O O O X . X1
 2 O O O X O2O X X O
 1 . . @ X3X X . . .

koPOSITIONALscoreAREAtaxNONEsui1komi5.5
Time taken: 1.14
Root visits: 1994
New playouts: 422
NN rows: 290
NN batches: 28
NN avg batch size: 10.3571
PV: C1 G1 C3 D8 E7 J5 A3 J1 pass H6 B4 J6 pass
Tree:
: T -102.31c W -98.80c S  -3.67c ( -4.3 L  -3.9) N    1994  --  C1 G1 C3 D8 E7 J5 A3
---White(^)---
C1  : T -102.00c W -98.87c S  -3.26c ( -4.1 L  -3.7) LCB -104.04c P 52.36% WF 7476.4 PSV    7450 N    1461  --  C1 G1 C3 D8 E7 J5 A3 J1
G1  : T -101.38c W -98.13c S  -3.61c ( -4.2 L  -3.7) LCB -109.18c P  8.53% WF 1140.4 PSV     626 N     252  --  G1 H1 C1 G1 C3 D8 E7 J1
C3  : T -105.55c W -99.25c S  -6.17c ( -5.2 L  -4.9) LCB -108.92c P 17.68% WF 454.6 PSV     458 N     130  --  C3 E7 J5 J1 E6 D8 E7 C1
A3  : T -105.95c W -98.98c S  -7.07c ( -5.6 L  -5.4) LCB -113.30c P  9.74% WF 231.9 PSV     231 N      77  --  A3 E7 C1 E6 D8 G1
B4  : T -106.81c W -99.30c S  -7.33c ( -5.6 L  -5.5) LCB -111.79c P  7.80% WF 157.2 PSV     156 N      52  --  B4 E7 C1 E6 D8 G1 A3
J5  : T -105.75c W -97.28c S  -7.80c ( -5.8 L  -5.5) LCB -126.18c P  2.41% WF  52.4 PSV      47 N      20  --  J5 J1 C1 G1 C3 E7 J7 E6
H1  : T -133.36c W -99.00c S -34.37c (-44.7 L -44.2) LCB -483.42c P  0.92% WF   6.2 PSV       3 N       1  --  H1

2024-06-26 20:27:31-0400: = C1
2024-06-26 20:27:33-0400: Controller: kata-list_time_settings
2024-06-26 20:27:33-0400: = none absolute byoyomi canadian fischer fischer-capped
2024-06-26 20:27:33-0400: Controller: play black g1
2024-06-26 20:27:33-0400: = 
2024-06-26 20:27:33-0400: Controller: genmove white
2024-06-26 20:27:34-0400: MoveNum: 65 HASH: 1BD8DD02C968A9D1B2E7D01537BDD814
   A B C D E F G H J
 9 . X X X . O O X .
 8 O O O . O O X X .
 7 X O O O . O X . .
 6 X X X X O X X . .
 5 X O O X X X X O .
 4 O . O O X O O X X
 3 . X @ O O O X . X
 2 O O O X O O X X O
 1 . . O2X1X X X3. .

koPOSITIONALscoreAREAtaxNONEsui1komi5.5
Time taken: 1.094
Root visits: 2916
New playouts: 488
NN rows: 270
NN batches: 29
NN avg batch size: 9.31034
PV: C3 D8 E7 H3 A3 J1 B4 J5
Tree:
: T -102.78c W -99.33c S  -3.57c ( -4.1 L  -3.7) N    2916  --  C3 D8 E7 H3 A3 J1 B4
---White(^)---
C3  : T -102.49c W -99.33c S  -3.26c ( -4.0 L  -3.6) LCB -103.60c P 58.80% WF 14477.2 PSV   14426 N    2613  --  C3 D8 E7 H3 A3 J1 B4 J5
A3  : T -106.50c W -99.24c S  -7.42c ( -5.5 L  -5.1) LCB -111.53c P 17.26% WF 469.0 PSV     492 N     127  --  A3 E7 H1 J1 E6 B4 C3 E7
B4  : T -106.44c W -99.31c S  -7.42c ( -5.5 L  -5.2) LCB -111.07c P 16.02% WF 455.2 PSV     464 N     126  --  B4 E7 H1 J1 E6 C3 A3 E7
J5  : T -108.30c W -99.65c S  -8.72c ( -6.0 L  -5.6) LCB -112.13c P  3.79% WF  86.2 PSV      65 N      23  --  J5 J1 C3 E7 J7 D8 E6 J6
H1  : T -107.54c W -99.65c S  -7.74c ( -5.8 L  -5.5) LCB -111.61c P  3.35% WF  89.5 PSV      64 N      26  --  H1 J1 C3 E7 H6 D8 E6 J6

2024-06-26 20:27:34-0400: = C3
2024-06-26 20:27:36-0400: Controller: kata-list_time_settings
2024-06-26 20:27:36-0400: = none absolute byoyomi canadian fischer fischer-capped
2024-06-26 20:27:36-0400: Controller: play black d8
2024-06-26 20:27:36-0400: = 
2024-06-26 20:27:36-0400: Controller: genmove white
2024-06-26 20:27:37-0400: MoveNum: 67 HASH: 2581ECE0620BFE8C7196B461EF201912
   A B C D E F G H J
 9 . X X X . O O X .
 8 O O O X3O O X X .
 7 X O O O @ O X . .
 6 X X X X O X X . .
 5 X O O X X X X O .
 4 O . O O X O O X X
 3 . X O2O O O X . X
 2 O O O X O O X X O
 1 . . O X X X X1. .

koPOSITIONALscoreAREAtaxNONEsui1komi5.5
Time taken: 1.046
Root visits: 3352
New playouts: 1161
NN rows: 266
NN batches: 28
NN avg batch size: 9.5
PV: E7 H1 A3 J1 pass J5 B4 H6
Tree:
: T -102.96c W -99.68c S  -3.51c ( -4.0 L  -3.6) N    3352  --  E7 H1 A3 J1 pass J5 B4
---White(^)---
E7  : T -102.97c W -99.97c S  -3.22c ( -3.9 L  -3.4) LCB -103.05c P 53.15% WF 10005.1 PSV   10009 N    1693  --  E7 H1 A3 J1 pass J5 B4 H6
A3  : T -102.94c W -99.58c S  -3.61c ( -4.1 L  -3.7) LCB -104.63c P 10.23% WF 2082.4 PSV    2024 N     370  --  A3 H6 E7 J5 B4 J1 pass pass
B4  : T -102.88c W -99.55c S  -3.54c ( -4.0 L  -3.7) LCB -104.81c P  7.58% WF 1785.2 PSV    1673 N     317  --  B4 H6 E7 J5 A3 J1 pass pass
pss : T -103.09c W -99.17c S  -4.15c ( -4.3 L  -3.8) LCB -107.69c P  2.62% WF 692.2 PSV     411 N     132  --  pass J1 E7 J8 B4 H6 A3 J5
H1  : T -102.87c W -99.98c S  -3.06c ( -3.9 L  -3.5) LCB -104.53c P  4.47% WF 804.0 PSV     270 N     132  --  H1 J1 E7 J8 B4 H6 A3 J5
J5  : T -102.91c W -99.97c S  -3.09c ( -3.9 L  -3.5) LCB -104.70c P  4.11% WF 798.9 PSV     235 N     130  --  J5 J1 E7 H6 A3 J6 B4 pass
H6  : T -103.04c W -98.67c S  -4.73c ( -4.5 L  -4.0) LCB -111.05c P  3.82% WF 791.2 PSV     211 N     178  --  H6 H7 E7 J1 pass
J7  : T -102.13c W -97.82c S  -4.44c ( -4.4 L  -3.9) LCB -116.40c P  2.00% WF 391.7 PSV     196 N      84  --  J7 H6 E7 J1 A3
J6  : T -102.83c W -97.94c S  -5.13c ( -4.6 L  -4.1) LCB -123.81c P  2.23% WF 147.9 PSV     143 N      33  --  J6 E7 J5 J1 E6 J7
A1  : T -102.50c W -98.83c S  -3.95c ( -4.2 L  -3.8) LCB -112.03c P  1.10% WF 494.1 PSV      78 N      97  --  A1 J5 E7 J1 A3 H6 B4

2024-06-26 20:27:37-0400: = E7
2024-06-26 20:27:39-0400: Controller: kata-list_time_settings
2024-06-26 20:27:39-0400: = none absolute byoyomi canadian fischer fischer-capped
2024-06-26 20:27:39-0400: Controller: play black h3
2024-06-26 20:27:39-0400: = 
2024-06-26 20:27:39-0400: Controller: genmove white
2024-06-26 20:27:40-0400: MoveNum: 69 HASH: 0A9046BE5DFA04108EF8C5DE19DAF595
   A B C D E F G H J
 9 . X X X . O O X .
 8 O O O X1O O X X .
 7 X O O O O2O X . .
 6 X X X X O X X . .
 5 X O O X X X X O .
 4 O . O O X O O X X
 3 @ X O O O O X X3X
 2 O O O X O O X X O
 1 . . O X X X X . .

koPOSITIONALscoreAREAtaxNONEsui1komi5.5
Time taken: 1.031
Root visits: 1504
New playouts: 972
NN rows: 267
NN batches: 28
NN avg batch size: 9.53571
PV: B4 H6 A3 J5 pass J1 pass pass
Tree:
: T -103.42c W -99.96c S  -3.57c ( -4.0 L  -3.4) N    1504  --  B4 H6 A3 J5 pass J1 pass
---White(^)---
B4  : T -103.36c W -99.96c S  -3.51c ( -3.9 L  -3.4) LCB -103.51c P 24.64% WF 3045.9 PSV    3990 N     527  --  B4 H6 A3 J5 pass J1 pass pass
A3  : T -103.38c W -99.96c S  -3.54c ( -3.9 L  -3.4) LCB -103.53c P 31.13% WF 3355.5 PSV    3354 N     577  --  A3 J5 pass J1 B4 H6 pass H5
pss : T -103.45c W -99.97c S  -3.66c ( -4.0 L  -3.5) LCB -103.62c P 17.07% WF 1744.8 PSV    1565 N     294  --  pass H6 A3 J1 pass J5 B4 J6
J5  : T -103.50c W -99.93c S  -3.50c ( -3.9 L  -3.3) LCB -110.04c P  2.66% WF  68.1 PSV      53 N      12  --  J5 J1 A3 J6 B4
H1  : T -103.34c W -99.94c S  -3.51c ( -3.9 L  -3.4) LCB -105.58c P  2.28% WF  86.6 PSV      48 N      15  --  H1 J1 A3 H6 B4 J5 pass H5
H6  : T -104.28c W -99.91c S  -4.19c ( -4.1 L  -3.5) LCB -112.95c P  3.39% WF  54.2 PSV      48 N      10  --  H6 H7 pass
J1  : T -103.80c W -99.92c S  -3.77c ( -4.0 L  -3.4) LCB -110.32c P  2.48% WF  64.4 PSV      42 N      12  --  J1 H6 A3
J7  : T -103.82c W -99.85c S  -3.75c ( -4.0 L  -3.4) LCB -112.49c P  2.36% WF  51.9 PSV      41 N      10  --  J7 H6 B4
J6  : T -104.36c W -99.87c S  -4.24c ( -4.2 L  -3.5) LCB -114.77c P  2.63% WF  45.6 PSV      36 N       9  --  J6 H6 A3
J9  : T -104.15c W -99.91c S  -4.15c ( -4.1 L  -3.3) LCB -116.69c P  2.35% WF  42.0 PSV      35 N       8  --  J9 J1 A3

2024-06-26 20:27:40-0400: = A3
2024-06-26 20:27:42-0400: Controller: kata-list_time_settings
2024-06-26 20:27:42-0400: = none absolute byoyomi canadian fischer fischer-capped
2024-06-26 20:27:42-0400: Controller: play black j1
2024-06-26 20:27:42-0400: = 
2024-06-26 20:27:42-0400: Controller: genmove white
2024-06-26 20:27:44-0400: MoveNum: 71 HASH: 6D5238CB8D94BBFA88E73526AF6DA09B
   A B C D E F G H J
 9 . X X X . O O X .
 8 O O O X O O X X .
 7 X O O O O O X . .
 6 X X X X O X X . .
 5 X O O X X X X O .
 4 O @ O O X O O X X
 3 O2X O O O O X X1X
 2 O O O X O O X X .
 1 . . O X X X X . X3

koPOSITIONALscoreAREAtaxNONEsui1komi5.5
Time taken: 1.078
Root visits: 1845
New playouts: 948
NN rows: 273
NN batches: 29
NN avg batch size: 9.41379
PV: B4 B1 pass H6 pass J5 pass H5 pass
Tree:
: T -103.21c W -99.97c S  -3.40c ( -3.8 L  -3.4) N    1845  --  B4 B1 pass H6 pass J5 pass
---White(^)---
B4  : T -103.12c W -99.97c S  -3.29c ( -3.8 L  -3.4) LCB -103.22c P 42.12% WF 6558.4 PSV   11067 N    1088  --  B4 B1 pass H6 pass J5 pass H5
pss : T -103.23c W -99.97c S  -3.46c ( -3.9 L  -3.4) LCB -103.34c P 33.41% WF 3921.6 PSV    3797 N     640  --  pass B1 B4 H6 pass J5 pass H5
H6  : T -104.05c W -99.94c S  -4.07c ( -4.1 L  -3.4) LCB -108.03c P  4.12% WF  89.4 PSV      68 N      16  --  H6 H7 B4 J6
J8  : T -103.88c W -99.92c S  -3.96c ( -4.0 L  -3.3) LCB -108.86c P  2.68% WF  75.1 PSV      47 N      14  --  J8 H6 B4 J5 pass J9
J5  : T -103.59c W -99.97c S  -3.79c ( -4.0 L  -3.4) LCB -108.16c P  2.31% WF  62.9 PSV      46 N      11  --  J5 H6 B4 J6 pass pass
A1  : T -103.57c W -99.98c S  -3.74c ( -4.0 L  -3.4) LCB -106.46c P  2.26% WF  93.8 PSV      45 N      16  --  A1 J5 B4 H6 pass H5 pass pass
B1  : T -103.67c W -99.98c S  -3.87c ( -4.0 L  -3.5) LCB -106.50c P  2.31% WF  93.8 PSV      44 N      16  --  B1 H6 B4 J5 pass pass
J9  : T -104.00c W -99.97c S  -4.15c ( -4.1 L  -3.4) LCB -107.75c P  2.55% WF  71.9 PSV      43 N      13  --  J9 J8 B4 H6 pass J5 pass pass
H7  : T -104.43c W -99.92c S  -4.22c ( -4.1 L  -3.5) LCB -111.97c P  2.74% WF  59.6 PSV      39 N      11  --  H7 H6 pass J7
J7  : T -104.54c W -99.94c S  -4.35c ( -4.2 L  -3.4) LCB -113.31c P  2.71% WF  53.4 PSV      38 N      10  --  J7 J5 B4

2024-06-26 20:27:44-0400: = B4
2024-06-26 20:27:46-0400: Controller: kata-list_time_settings
2024-06-26 20:27:46-0400: = none absolute byoyomi canadian fischer fischer-capped
2024-06-26 20:27:46-0400: Controller: play black j5
2024-06-26 20:27:46-0400: = 
2024-06-26 20:27:46-0400: Controller: genmove white
2024-06-26 20:27:47-0400: MoveNum: 73 HASH: 20B618DC9B7543ED0FB86E442BCC2CA9
   A B C D E F G H J
 9 . X X X . O O X .
 8 O O O X O O X X .
 7 X O O O O O X . .
 6 X X X X O X X . .
 5 X O O X X X X O X3
 4 O O2O O X O O X X
 3 O . O O O O X X X
 2 O O O X O O X X .
 1 . . O X X X X . X1

koPOSITIONALscoreAREAtaxNONEsui1komi5.5
Time taken: 1.063
Root visits: 2286
New playouts: 1087
NN rows: 246
NN batches: 47
NN avg batch size: 5.23404
PV: pass H1 pass H6 pass H5 pass pass
Tree:
: T -103.17c W -99.98c S  -3.34c ( -3.8 L  -3.4) N    2286  --  pass H1 pass H6 pass H5 pass
---White(^)---
pss : T -103.09c W -99.98c S  -3.25c ( -3.7 L  -3.4) LCB -103.16c P 65.75% WF 12429.1 PSV   12420 N    1890  --  pass H1 pass H6 pass H5 pass pass
J9  : T -103.42c W -99.97c S  -3.56c ( -3.8 L  -3.4) LCB -105.28c P  4.93% WF 352.4 PSV     128 N      59  --  J9 H6 pass J8 pass pass
A1  : T -103.11c W -99.98c S  -3.25c ( -3.7 L  -3.3) LCB -104.94c P  3.74% WF 556.7 PSV     113 N      89  --  A1 H6 pass H5 pass pass
B1  : T -103.14c W -99.98c S  -3.29c ( -3.7 L  -3.3) LCB -105.02c P  3.80% WF 407.8 PSV     113 N      65  --  B1 H6 pass H5 pass pass
H6  : T -103.76c W -99.98c S  -3.91c ( -3.9 L  -3.5) LCB -106.37c P  4.59% WF 187.1 PSV     103 N      32  --  H6 J6 pass H7 pass pass
J6  : T -103.47c W -99.97c S  -3.62c ( -3.8 L  -3.4) LCB -105.58c P  4.04% WF 260.9 PSV     102 N      45  --  J6 J7 pass H6 pass pass
J8  : T -103.81c W -99.97c S  -3.86c ( -3.9 L  -3.4) LCB -106.10c P  4.28% WF 164.5 PSV      94 N      30  --  J8 H6 pass J6 pass J9
H7  : T -103.57c W -99.97c S  -3.70c ( -3.9 L  -3.4) LCB -105.64c P  3.77% WF 252.6 PSV      91 N      43  --  H7 J7 pass J8 pass pass
J7  : T -103.90c W -99.96c S  -4.01c ( -4.0 L  -3.4) LCB -106.27c P  4.16% WF 166.7 PSV      89 N      30  --  J7 H6 pass J8 pass pass
A9  : T -130.60c W -98.57c S -32.03c (-30.8 L -31.5) LCB -480.60c P  0.47% WF   6.5 PSV       0 N       1  --  A9

2024-06-26 20:27:47-0400: = pass
2024-06-26 20:27:49-0400: Controller: kata-list_time_settings
2024-06-26 20:27:49-0400: = none absolute byoyomi canadian fischer fischer-capped
2024-06-26 20:27:49-0400: Controller: play black h6
2024-06-26 20:27:49-0400: = 
2024-06-26 20:27:49-0400: Controller: genmove white
2024-06-26 20:27:50-0400: MoveNum: 75 HASH: A1A07E38DBA2A303D9C867A07ACB6084
   A B C D E F G H J
 9 . X X X . O O X .
 8 O O O X O O X X .
 7 X O O O O O X . .
 6 X X X X O X X X3.
 5 X O O X X X X . X1
 4 O O O O X O O X X
 3 O . O O O O X X X
 2 O O O X O O X X .
 1 . . O X X X X . X

koPOSITIONALscoreAREAtaxNONEsui1komi5.5
Time taken: 1.047
Root visits: 5112
New playouts: 1800
NN rows: 118
NN batches: 62
NN avg batch size: 1.90323
PV: pass H1 pass H5 pass pass
Tree:
: T -103.11c W -99.99c S  -3.20c ( -3.6 L  -3.5) N    5112  --  pass H1 pass H5 pass pass
---White(^)---
pss : T -103.05c W -99.99c S  -3.11c ( -3.6 L  -3.5) LCB -103.08c P 65.38% WF 29739.4 PSV   29711 N    3991  --  pass H1 pass H5 pass pass
J9  : T -103.38c W -99.98c S  -3.49c ( -3.7 L  -3.4) LCB -105.13c P  5.93% WF 1023.6 PSV     277 N     156  --  J9 H5 pass J8 pass pass
H7  : T -103.34c W -99.98c S  -3.46c ( -3.7 L  -3.4) LCB -105.10c P  5.57% WF 1088.8 PSV     264 N     165  --  H7 J6 pass J7 pass pass
J6  : T -103.28c W -99.98c S  -3.40c ( -3.7 L  -3.4) LCB -105.03c P  5.17% WF 1081.7 PSV     252 N     162  --  J6 H5 pass J7 pass pass
A1  : T -103.14c W -99.99c S  -3.28c ( -3.6 L  -3.4) LCB -104.81c P  4.17% WF 1539.9 PSV     219 N     225  --  A1 H5 pass pass
J8  : T -103.41c W -99.98c S  -3.53c ( -3.7 L  -3.4) LCB -105.17c P  4.72% WF 855.6 PSV     216 N     135  --  J8 J9 pass J7 pass pass
J7  : T -103.59c W -99.98c S  -3.69c ( -3.8 L  -3.4) LCB -105.40c P  4.67% WF 676.7 PSV     198 N     111  --  J7 J6 pass pass
B1  : T -103.20c W -99.99c S  -3.36c ( -3.7 L  -3.4) LCB -104.91c P  3.83% WF 1104.1 PSV     195 N     163  --  B1 H5 pass pass
B3  : T -134.83c W -100.00c S -34.83c (-47.6 L -48.7) LCB -484.88c P  0.25% WF   6.7 PSV       0 N       1  --  B3
A9  : T -130.86c W -98.69c S -32.17c (-31.3 L -32.1) LCB -480.86c P  0.16% WF   6.5 PSV       0 N       1  --  A9

2024-06-26 20:27:50-0400: = pass
2024-06-26 20:27:52-0400: Controller: kata-list_time_settings
2024-06-26 20:27:52-0400: = none absolute byoyomi canadian fischer fischer-capped
2024-06-26 20:27:52-0400: Controller: play black h5
2024-06-26 20:27:52-0400: = 
2024-06-26 20:27:52-0400: Controller: genmove white
2024-06-26 20:27:53-0400: MoveNum: 77 HASH: B69ABA8CF6E52B522BBA3D86252D5CF8
   A B C D E F G H J
 9 . X X X . O O X .
 8 O O O X O O X X .
 7 X O O O O O X . .
 6 X X X X O X X X1.
 5 X O O X X X X X3X
 4 O O O O X O O X X
 3 O . O O O O X X X
 2 O O O X O O X X .
 1 . . O X X X X . X

koPOSITIONALscoreAREAtaxNONEsui1komi5.5
Time taken: 1.016
Root visits: 4152
New playouts: 1531
NN rows: 106
NN batches: 61
NN avg batch size: 1.7377
PV: pass pass
Tree:
: T -103.18c W -99.99c S  -3.25c ( -3.6 L  -3.5) N    4152  --  pass pass
---White(^)---
pss : T -103.13c W -100.00c S  -3.16c ( -3.5 L  -3.5) LCB -103.15c P 71.78% WF 26711.1 PSV   26693 N    3459  --  pass pass
H7  : T -103.38c W -99.98c S  -3.51c ( -3.7 L  -3.4) LCB -105.13c P  5.11% WF 869.1 PSV     221 N     127  --  H7 J7 pass pass
J6  : T -103.33c W -99.99c S  -3.44c ( -3.6 L  -3.4) LCB -105.07c P  4.65% WF 808.3 PSV     206 N     116  --  J6 J7 pass pass
J9  : T -103.41c W -99.99c S  -3.54c ( -3.7 L  -3.4) LCB -105.19c P  4.22% WF 630.1 PSV     180 N      92  --  J9 J8 pass pass
J8  : T -103.42c W -99.99c S  -3.49c ( -3.6 L  -3.4) LCB -105.24c P  3.93% WF 633.6 PSV     167 N      92  --  J8 J9 pass J7 pass pass
A1  : T -103.30c W -99.99c S  -3.41c ( -3.6 L  -3.4) LCB -105.06c P  3.20% WF 738.6 PSV     144 N     105  --  A1 pass pass
J7  : T -103.68c W -99.98c S  -3.79c ( -3.7 L  -3.4) LCB -105.69c P  3.69% WF 357.0 PSV     139 N      57  --  J7 J8 pass pass
B1  : T -103.28c W -99.99c S  -3.39c ( -3.6 L  -3.4) LCB -105.02c P  2.92% WF 704.1 PSV     132 N     100  --  B1 pass pass
B3  : T -134.82c W -100.00c S -34.82c (-47.5 L -48.5) LCB -484.87c P  0.21% WF   6.7 PSV       0 N       1  --  B3
A9  : T -130.94c W -98.80c S -32.14c (-31.1 L -32.0) LCB -480.94c P  0.16% WF   6.6 PSV       0 N       1  --  A9

2024-06-26 20:27:53-0400: = pass
2024-06-26 20:27:55-0400: Controller: kata-list_time_settings
2024-06-26 20:27:55-0400: = none absolute byoyomi canadian fischer fischer-capped
2024-06-26 20:27:55-0400: Controller: play black pass
2024-06-26 20:27:55-0400: = 
2024-06-26 20:27:55-0400: Controller: genmove white
2024-06-26 20:27:55-0400: MoveNum: 79 HASH: B69ABA8CF6E52B522BBA3D86252D5CF8
   A B C D E F G H J
 9 . X X X . O O X .
 8 O O O X O O X X .
 7 X O O O O O X . .
 6 X X X X O X X X .
 5 X O O X X X X X1X
 4 O O O O X O O X X
 3 O . O O O O X X X
 2 O O O X O O X X .
 1 . . O X X X X . X

koPOSITIONALscoreAREAtaxNONEsui1komi5.5
Time taken: 0.5
Root visits: 3854
New playouts: 3854
NN rows: 43
NN batches: 29
NN avg batch size: 1.48276
PV: pass pass
Tree:
: T -102.18c W -100.00c S  -2.25c ( -3.6 L  -3.5) N    3854  --  pass pass
---White(^)---
pss : T -102.15c W -100.00c S  -2.20c ( -3.5 L  -3.5) LCB -102.18c P 67.24% WF 27973.4 PSV   27968 N    3649  --  pass pass
H7  : T -102.29c W -99.99c S  -2.39c ( -3.6 L  -3.4) LCB -104.43c P  5.93% WF 260.7 PSV     259 N      37  --  H7 J7 pass pass
J6  : T -102.29c W -99.99c S  -2.40c ( -3.6 L  -3.4) LCB -104.44c P  5.55% WF 244.9 PSV     243 N      35  --  J6 J7 pass pass
J9  : T -102.41c W -99.99c S  -2.50c ( -3.6 L  -3.4) LCB -104.38c P  5.13% WF 221.4 PSV     212 N      32  --  J9 J8 pass pass
J8  : T -102.49c W -99.99c S  -2.63c ( -3.7 L  -3.4) LCB -104.95c P  4.68% WF 189.5 PSV     186 N      29  --  J8 J7 pass pass
J7  : T -102.74c W -99.98c S  -2.86c ( -3.8 L  -3.3) LCB -105.34c P  4.48% WF 161.2 PSV     159 N      26  --  J7 J8 pass pass
A1  : T -102.30c W -99.99c S  -2.51c ( -3.6 L  -3.4) LCB -105.28c P  3.42% WF 157.9 PSV     149 N      23  --  A1 pass pass
B1  : T -102.29c W -99.99c S  -2.48c ( -3.6 L  -3.4) LCB -105.72c P  3.08% WF 138.2 PSV     135 N      20  --  B1 pass pass
B3  : T -134.80c W -100.00c S -34.80c (-47.5 L -48.5) LCB -484.85c P  0.23% WF   6.7 PSV       0 N       1  --  B3
A9  : T -130.88c W -98.80c S -32.08c (-31.1 L -32.0) LCB -480.88c P  0.15% WF   6.5 PSV       0 N       1  --  A9

2024-06-26 20:27:55-0400: = pass
2024-06-26 20:27:55-0400: Controller: quit
2024-06-26 20:27:55-0400: Quit requested by controller
2024-06-26 20:27:55-0400: = 
2024-06-26 20:27:56-0400: GPU -1 finishing, processed 31496 rows 3565 batches
2024-06-26 20:27:56-0400: All cleaned up, quitting
