2024-06-07 13:17:52-0400: Running with following config:
allowResignation = true
lagBuffer = 1.0
logAllGTPCommunication = true
logDir = gtp_logs
logSearchInfo = true
logSearchInfoForChosenMove = false
logToStderr = false
maxTime = 0.5
maxTimePondering = 120.0
numSearchThreads = 16
ogsChatToStderr = true
ponderingEnabled = true
resignConsecTurns = 3
resignThreshold = -0.90
rules = tromp-taylor
searchFactorAfterOnePass = 0.50
searchFactorAfterTwoPass = 0.25
searchFactorWhenWinning = 0.40
searchFactorWhenWinningThreshold = 0.95

2024-06-07 13:17:52-0400: GTP Engine starting...
2024-06-07 13:17:52-0400: KataGo v1.14.1
2024-06-07 13:17:52-0400: Using TrompTaylor rules initially, unless GTP/GUI overrides this
2024-06-07 13:17:52-0400: Using 16 CPU thread(s) for search
2024-06-07 13:17:52-0400: nnRandSeed0 = 13267187985177973526
2024-06-07 13:17:52-0400: After dedups: nnModelFile0 = C:/Users/chang/Downloads/kata1-b60c320-s9482697216-d3873382264.bin.gz useFP16 auto useNHWC auto
2024-06-07 13:17:52-0400: Initializing neural net buffer to be size 19 * 19 exactly
2024-06-07 13:18:02-0400: Found OpenCL Platform 0: NVIDIA CUDA (NVIDIA Corporation) (OpenCL 3.0 CUDA 12.4.89)
2024-06-07 13:18:02-0400: Found 1 device(s) on platform 0 with type CPU or GPU or Accelerator
2024-06-07 13:18:02-0400: Found OpenCL Platform 1: Intel(R) OpenCL Graphics (Intel(R) Corporation) (OpenCL 3.0 )
2024-06-07 13:18:02-0400: Found 1 device(s) on platform 1 with type CPU or GPU or Accelerator
2024-06-07 13:18:02-0400: Found OpenCL Device 0: NVIDIA GeForce RTX 4060 Laptop GPU (NVIDIA Corporation) (score 11000300)
2024-06-07 13:18:02-0400: Found OpenCL Device 1: Intel(R) UHD Graphics (Intel(R) Corporation) (score 6000300)
2024-06-07 13:18:02-0400: Creating context for OpenCL Platform: NVIDIA CUDA (NVIDIA Corporation) (OpenCL 3.0 CUDA 12.4.89)
2024-06-07 13:18:02-0400: Using OpenCL Device 0: NVIDIA GeForce RTX 4060 Laptop GPU (NVIDIA Corporation) OpenCL 3.0 CUDA (Extensions: cl_khr_global_int32_base_atomics cl_khr_global_int32_extended_atomics cl_khr_local_int32_base_atomics cl_khr_local_int32_extended_atomics cl_khr_fp64 cl_khr_3d_image_writes cl_khr_byte_addressable_store cl_khr_icd cl_khr_gl_sharing cl_nv_compiler_options cl_nv_device_attribute_query cl_nv_pragma_unroll cl_nv_d3d10_sharing cl_khr_d3d10_sharing cl_nv_d3d11_sharing cl_nv_copy_opts cl_nv_create_buffer cl_khr_int64_base_atomics cl_khr_int64_extended_atomics cl_khr_device_uuid cl_khr_pci_bus_info cl_khr_external_semaphore cl_khr_external_memory cl_khr_external_semaphore_win32 cl_khr_external_memory_win32)
2024-06-07 13:18:03-0400: Loaded tuning parameters from: C:\Users\chang\Downloads\katago-v1.14.1-opencl-windows-x64/KataGoData/opencltuning/tune11_gpuNVIDIAGeForceRTX4060LaptopGPU_x19_y19_c320_mv10.txt
2024-06-07 13:18:04-0400: OpenCL backend thread 0: Model version 10
2024-06-07 13:18:04-0400: OpenCL backend thread 0: Model name: kata1-b60c320-s9482697216-d3873382264
2024-06-07 13:18:15-0400: OpenCL backend thread 0: FP16Storage true FP16Compute false FP16TensorCores true FP16TensorCoresFor1x1 false
2024-06-07 13:18:15-0400: Loaded neural net with nnXLen 19 nnYLen 19
2024-06-07 13:18:15-0400: Initializing board with boardXSize 19 boardYSize 19
2024-06-07 13:18:15-0400: Loaded config C:/Users/chang/Downloads/katago-v1.14.1-opencl-windows-x64/doudoubot.cfg
2024-06-07 13:18:15-0400: Loaded model C:/Users/chang/Downloads/kata1-b60c320-s9482697216-d3873382264.bin.gz
2024-06-07 13:18:15-0400: Model name: kata1-b60c320-s9482697216-d3873382264
2024-06-07 13:18:15-0400: GTP ready, beginning main protocol loop
2024-06-07 13:18:15-0400: Controller: list_commands
2024-06-07 13:18:15-0400: = protocol_version
name
version
known_command
list_commands
quit
boardsize
rectangular_boardsize
clear_board
set_position
komi
get_komi
play
undo
kata-get-rules
kata-set-rule
kata-set-rules
kata-get-param
kata-set-param
kata-list-params
kgs-rules
genmove
genmove_debug
search_debug
clear_cache
showboard
fixed_handicap
place_free_handicap
set_free_handicap
time_settings
kgs-time_settings
time_left
kata-list_time_settings
kata-time_settings
final_score
final_status_list
loadsgf
printsgf
lz-genmove_analyze
kata-genmove_analyze
lz-analyze
kata-analyze
kata-raw-nn
cputime
gomill-cpu_time
kata-benchmark
kata-debug-print-tc
debug_moves
stop
2024-06-07 13:18:15-0400: Controller: boardsize 9
2024-06-07 13:18:15-0400: GPU -1 finishing, processed 0 rows 0 batches
2024-06-07 13:18:16-0400: Cleaned up old neural net and bot
2024-06-07 13:18:16-0400: nnRandSeed0 = 12203065836226858431
2024-06-07 13:18:16-0400: After dedups: nnModelFile0 = C:/Users/chang/Downloads/kata1-b60c320-s9482697216-d3873382264.bin.gz useFP16 auto useNHWC auto
2024-06-07 13:18:16-0400: Initializing neural net buffer to be size 9 * 9 exactly
2024-06-07 13:18:28-0400: Found OpenCL Platform 0: NVIDIA CUDA (NVIDIA Corporation) (OpenCL 3.0 CUDA 12.4.89)
2024-06-07 13:18:28-0400: Found 1 device(s) on platform 0 with type CPU or GPU or Accelerator
2024-06-07 13:18:28-0400: Found OpenCL Platform 1: Intel(R) OpenCL Graphics (Intel(R) Corporation) (OpenCL 3.0 )
2024-06-07 13:18:28-0400: Found 1 device(s) on platform 1 with type CPU or GPU or Accelerator
2024-06-07 13:18:28-0400: Found OpenCL Device 0: NVIDIA GeForce RTX 4060 Laptop GPU (NVIDIA Corporation) (score 11000300)
2024-06-07 13:18:28-0400: Found OpenCL Device 1: Intel(R) UHD Graphics (Intel(R) Corporation) (score 6000300)
2024-06-07 13:18:28-0400: Creating context for OpenCL Platform: NVIDIA CUDA (NVIDIA Corporation) (OpenCL 3.0 CUDA 12.4.89)
2024-06-07 13:18:29-0400: Using OpenCL Device 0: NVIDIA GeForce RTX 4060 Laptop GPU (NVIDIA Corporation) OpenCL 3.0 CUDA (Extensions: cl_khr_global_int32_base_atomics cl_khr_global_int32_extended_atomics cl_khr_local_int32_base_atomics cl_khr_local_int32_extended_atomics cl_khr_fp64 cl_khr_3d_image_writes cl_khr_byte_addressable_store cl_khr_icd cl_khr_gl_sharing cl_nv_compiler_options cl_nv_device_attribute_query cl_nv_pragma_unroll cl_nv_d3d10_sharing cl_khr_d3d10_sharing cl_nv_d3d11_sharing cl_nv_copy_opts cl_nv_create_buffer cl_khr_int64_base_atomics cl_khr_int64_extended_atomics cl_khr_device_uuid cl_khr_pci_bus_info cl_khr_external_semaphore cl_khr_external_memory cl_khr_external_semaphore_win32 cl_khr_external_memory_win32)
2024-06-07 13:18:29-0400: Loaded tuning parameters from: C:\Users\chang\Downloads\katago-v1.14.1-opencl-windows-x64/KataGoData/opencltuning/tune11_gpuNVIDIAGeForceRTX4060LaptopGPU_x19_y19_c320_mv10.txt
2024-06-07 13:18:29-0400: OpenCL backend thread 0: Model version 10
2024-06-07 13:18:29-0400: OpenCL backend thread 0: Model name: kata1-b60c320-s9482697216-d3873382264
2024-06-07 13:18:40-0400: OpenCL backend thread 0: FP16Storage true FP16Compute false FP16TensorCores true FP16TensorCoresFor1x1 false
2024-06-07 13:18:40-0400: Loaded neural net with nnXLen 9 nnYLen 9
2024-06-07 13:18:40-0400: Initializing board with boardXSize 9 boardYSize 9
2024-06-07 13:18:40-0400: = 
2024-06-07 13:18:40-0400: Controller: clear_board
2024-06-07 13:18:40-0400: = 
2024-06-07 13:18:40-0400: Controller: komi 7.5
2024-06-07 13:18:40-0400: = 
2024-06-07 13:18:40-0400: Controller: play black f5
2024-06-07 13:18:40-0400: = 
2024-06-07 13:18:40-0400: Controller: play white d5
2024-06-07 13:18:41-0400: = 
2024-06-07 13:18:41-0400: Controller: play black c7
2024-06-07 13:18:41-0400: = 
2024-06-07 13:18:41-0400: Controller: play white d7
2024-06-07 13:18:41-0400: = 
2024-06-07 13:18:41-0400: Controller: play black d8
2024-06-07 13:18:41-0400: = 
2024-06-07 13:18:41-0400: Controller: play white e7
2024-06-07 13:18:41-0400: = 
2024-06-07 13:18:41-0400: Controller: play black e8
2024-06-07 13:18:41-0400: = 
2024-06-07 13:18:41-0400: Controller: play white f7
2024-06-07 13:18:41-0400: = 
2024-06-07 13:18:41-0400: Controller: play black c6
2024-06-07 13:18:41-0400: = 
2024-06-07 13:18:41-0400: Controller: play white e5
2024-06-07 13:18:41-0400: = 
2024-06-07 13:18:41-0400: Controller: play black f3
2024-06-07 13:18:41-0400: = 
2024-06-07 13:18:41-0400: Controller: play white d3
2024-06-07 13:18:41-0400: = 
2024-06-07 13:18:41-0400: Controller: genmove black
2024-06-07 13:18:42-0400: MoveNum: 12 HASH: 2BC73B58BED31FBB128D8E4A23B53FF6
   A B C D E F G H J
 9 . . . . . . . . .
 8 . . . X X . . . .
 7 . . X O O O . . .
 6 . . X . . . . . .
 5 . . . O O1X . . .
 4 . . @ . . . . . .
 3 . . . O3. X2. . .
 2 . . . . . . . . .
 1 . . . . . . . . .

koPOSITIONALscoreAREAtaxNONEsui1komi7.5
Time taken: 0.516
Root visits: 422
New playouts: 422
NN rows: 397
NN batches: 34
NN avg batch size: 11.6765
PV: C4 G4 F4 H6 G5 C5 B5 H5
Tree:
: T -19.17c W -21.37c S  -0.92c ( +0.1 L  +0.2) N     422  --  C4 G4 F4 H6 G5 C5 B5
---Black(^)---
C4  : T  12.55c W   4.34c S   0.49c ( +0.7 L  +0.8) LCB   -7.71c P  6.86% WF  74.6 PSV     656 N     127  --  C4 G4 F4 H6 G5 C5 B5 H5
G6  : T -31.69c W -31.07c S  -1.55c ( -0.2 L  -0.0) LCB  -47.82c P 63.88% WF 113.6 PSV     121 N     230  --  G6 B5 C5 C4 E2 B6 B7 F8
B4  : T -58.43c W -55.24c S  -2.58c ( -0.7 L  -0.3) LCB  -85.44c P 14.69% WF   6.8 PSV       8 N      11  --  B4 G4 F4 H6 H4
E2  : T -52.07c W -48.68c S  -2.44c ( -0.7 L  -0.2) LCB  -85.81c P  7.69% WF   6.7 PSV       5 N      10  --  E2 G5 G4 H5 H4
D2  : T -68.44c W -65.36c S  -3.08c ( -1.0 L  -0.5) LCB -418.44c P  1.48% WF   0.9 PSV       0 N       1  --  D2
H6  : T -58.48c W -56.49c S  -2.00c ( -0.4 L  -0.0) LCB -408.48c P  1.47% WF   0.8 PSV       0 N       1  --  H6
H5  : T -66.30c W -63.65c S  -2.65c ( -0.7 L  -0.2) LCB -416.30c P  0.96% WF   0.9 PSV       0 N       1  --  H5
B3  : T -59.41c W -56.85c S  -2.56c ( -0.8 L  -0.3) LCB -409.41c P  0.96% WF   0.8 PSV       0 N       1  --  B3
G5  : T -75.18c W -71.70c S  -3.48c ( -1.1 L  -0.4) LCB -425.18c P  0.65% WF   0.9 PSV       0 N       1  --  G5
F8  : T -86.66c W -82.48c S  -4.19c ( -1.4 L  -0.7) LCB -436.66c P  0.39% WF   0.9 PSV       0 N       1  --  F8

2024-06-07 13:18:42-0400: = C4
2024-06-07 13:28:42-0400: Controller: quit
2024-06-07 13:28:42-0400: Quit requested by controller
2024-06-07 13:28:42-0400: = 
2024-06-07 13:28:43-0400: GPU -1 finishing, processed 54448 rows 5197 batches
2024-06-07 13:28:43-0400: All cleaned up, quitting
