2024-05-18 21:01:50+0800: Running with following config:
allowResignation = true
lagBuffer = 1.0
logAllGTPCommunication = true
logDir = gtp_logs
logSearchInfo = true
logSearchInfoForChosenMove = false
logToStderr = false
maxTime = 3.0
maxTimePondering = 120.0
numSearchThreads = 16
ogsChatToStderr = true
ponderingEnabled = true
resignConsecTurns = 3
resignThreshold = -0.90
rules = tromp-taylor
searchFactorAfterOnePass = 0.50
searchFactorAfterTwoPass = 0.25
searchFactorWhenWinning = 0.40
searchFactorWhenWinningThreshold = 0.95

2024-05-18 21:01:50+0800: GTP Engine starting...
2024-05-18 21:01:50+0800: KataGo v1.14.1
2024-05-18 21:01:50+0800: Using TrompTaylor rules initially, unless GTP/GUI overrides this
2024-05-18 21:01:50+0800: Using 16 CPU thread(s) for search
2024-05-18 21:01:51+0800: nnRandSeed0 = 4133326759259247767
2024-05-18 21:01:51+0800: After dedups: nnModelFile0 = C:\Users\chang\Downloads\KaTrain\KaTrain\katrain\models/kata1-b18c384nbt-s6582191360-d3422816034.bin.gz useFP16 auto useNHWC auto
2024-05-18 21:01:51+0800: Initializing neural net buffer to be size 19 * 19 exactly
2024-05-18 21:01:52+0800: Found OpenCL Platform 0: NVIDIA CUDA (NVIDIA Corporation) (OpenCL 3.0 CUDA 12.4.89)
2024-05-18 21:01:52+0800: Found 1 device(s) on platform 0 with type CPU or GPU or Accelerator
2024-05-18 21:01:52+0800: Found OpenCL Platform 1: Intel(R) OpenCL Graphics (Intel(R) Corporation) (OpenCL 3.0 )
2024-05-18 21:01:52+0800: Found 1 device(s) on platform 1 with type CPU or GPU or Accelerator
2024-05-18 21:01:52+0800: Found OpenCL Device 0: NVIDIA GeForce RTX 4060 Laptop GPU (NVIDIA Corporation) (score 11000300)
2024-05-18 21:01:52+0800: Found OpenCL Device 1: Intel(R) UHD Graphics (Intel(R) Corporation) (score 6000300)
2024-05-18 21:01:52+0800: Creating context for OpenCL Platform: NVIDIA CUDA (NVIDIA Corporation) (OpenCL 3.0 CUDA 12.4.89)
2024-05-18 21:01:52+0800: Using OpenCL Device 0: NVIDIA GeForce RTX 4060 Laptop GPU (NVIDIA Corporation) OpenCL 3.0 CUDA (Extensions: cl_khr_global_int32_base_atomics cl_khr_global_int32_extended_atomics cl_khr_local_int32_base_atomics cl_khr_local_int32_extended_atomics cl_khr_fp64 cl_khr_3d_image_writes cl_khr_byte_addressable_store cl_khr_icd cl_khr_gl_sharing cl_nv_compiler_options cl_nv_device_attribute_query cl_nv_pragma_unroll cl_nv_d3d10_sharing cl_khr_d3d10_sharing cl_nv_d3d11_sharing cl_nv_copy_opts cl_nv_create_buffer cl_khr_int64_base_atomics cl_khr_int64_extended_atomics cl_khr_device_uuid cl_khr_pci_bus_info cl_khr_external_semaphore cl_khr_external_memory cl_khr_external_semaphore_win32 cl_khr_external_memory_win32)
2024-05-18 21:01:52+0800: Loaded tuning parameters from: C:\Users\chang\Downloads\katago-v1.14.1-opencl-windows-x64/KataGoData/opencltuning/tune11_gpuNVIDIAGeForceRTX4060LaptopGPU_x19_y19_c384_mv14.txt
2024-05-18 21:01:52+0800: OpenCL backend thread 0: Model version 14
2024-05-18 21:01:52+0800: OpenCL backend thread 0: Model name: kata1-b18c384nbt-s6582191360-d3422816034
2024-05-18 21:01:53+0800: OpenCL backend thread 0: FP16Storage true FP16Compute false FP16TensorCores true FP16TensorCoresFor1x1 false
2024-05-18 21:01:53+0800: Loaded neural net with nnXLen 19 nnYLen 19
2024-05-18 21:01:53+0800: Initializing board with boardXSize 19 boardYSize 19
2024-05-18 21:01:53+0800: Loaded config C:/Users/chang/Downloads/katago-v1.14.1-opencl-windows-x64/default_gtp.cfg
2024-05-18 21:01:53+0800: Loaded model C:\Users\chang\Downloads\KaTrain\KaTrain\katrain\models/kata1-b18c384nbt-s6582191360-d3422816034.bin.gz
2024-05-18 21:01:53+0800: Model name: kata1-b18c384nbt-s6582191360-d3422816034
2024-05-18 21:01:53+0800: GTP ready, beginning main protocol loop
2024-05-18 21:01:53+0800: Controller: list_commands
2024-05-18 21:01:53+0800: = protocol_version
name
version
known_command
list_commands
quit
boardsize
rectangular_boardsize
clear_board
set_position
komi
get_komi
play
undo
kata-get-rules
kata-set-rule
kata-set-rules
kata-get-param
kata-set-param
kata-list-params
kgs-rules
genmove
genmove_debug
search_debug
clear_cache
showboard
fixed_handicap
place_free_handicap
set_free_handicap
time_settings
kgs-time_settings
time_left
kata-list_time_settings
kata-time_settings
final_score
final_status_list
loadsgf
printsgf
lz-genmove_analyze
kata-genmove_analyze
lz-analyze
kata-analyze
kata-raw-nn
cputime
gomill-cpu_time
kata-benchmark
kata-debug-print-tc
debug_moves
stop
2024-05-18 21:01:53+0800: Controller: boardsize 19
2024-05-18 21:01:53+0800: = 
2024-05-18 21:01:54+0800: Controller: clear_board
2024-05-18 21:01:54+0800: = 
2024-05-18 21:01:54+0800: Controller: komi 7.5
2024-05-18 21:01:54+0800: = 
2024-05-18 21:01:54+0800: Controller: play black q16
2024-05-18 21:01:54+0800: = 
2024-05-18 21:01:54+0800: Controller: genmove white
2024-05-18 21:01:57+0800: MoveNum: 1 HASH: D787FAD66281F76731DCD9C1B3387463
   A B C D E F G H J K L M N O P Q R S T
19 . . . . . . . . . . . . . . . . . . .
18 . . . . . . . . . . . . . . . . . . .
17 . . . . . . . . . . . . . . . . . . .
16 . . . . . . . . . . . . . . . X1. . .
15 . . . . . . . . . . . . . . . . . . .
14 . . . . . . . . . . . . . . . . . . .
13 . . . . . . . . . . . . . . . . . . .
12 . . . . . . . . . . . . . . . . . . .
11 . . . . . . . . . . . . . . . . . . .
10 . . . . . . . . . . . . . . . . . . .
 9 . . . . . . . . . . . . . . . . . . .
 8 . . . . . . . . . . . . . . . . . . .
 7 . . . . . . . . . . . . . . . . . . .
 6 . . . . . . . . . . . . . . . . . . .
 5 . . . . . . . . . . . . . . . . . . .
 4 . . . @ . . . . . . . . . . . . . . .
 3 . . . . . . . . . . . . . . . . . . .
 2 . . . . . . . . . . . . . . . . . . .
 1 . . . . . . . . . . . . . . . . . . .

koPOSITIONALscoreAREAtaxNONEsui1komi7.5
Time taken: 3.14
Root visits: 1616
New playouts: 1616
NN rows: 1456
NN batches: 111
NN avg batch size: 13.1171
PV: D4 Q4 D16 F3 R17 Q17 R16 Q15 S14 C6 D6 D7 E6 C4 C3 C5 D3 G4
Tree:
: T  24.97c W  24.59c S   0.36c ( +1.5 L  +0.9) N    1616  --  D4 Q4 D16 F3 R17 Q17 R16
---White(^)---
D4  : T  25.56c W  25.14c S   0.41c ( +1.5 L  +0.9) LCB   25.18c P 51.50% WF 3686.5 PSV    3670 N    1314  --  D4 Q4 D16 F3 R17 Q17 R16 Q15
D16 : T  24.82c W  24.25c S   0.32c ( +1.4 L  +0.9) LCB   23.88c P 12.60% WF 410.2 PSV     329 N     152  --  D16 D4 Q4 O3 R6 C17 C16 D17
C4  : T  22.53c W  22.73c S   0.17c ( +1.3 L  +0.8) LCB   20.68c P  3.43% WF  78.1 PSV      30 N      29  --  C4 Q4 D17 E4 E3 F3 D3 F4
C16 : T  21.82c W  21.86c S   0.06c ( +1.2 L  +0.7) LCB   19.03c P  2.53% WF  57.6 PSV      18 N      21  --  C16 D4 R4 P3 Q6
D17 : T  21.24c W  21.56c S   0.02c ( +1.1 L  +0.7) LCB   18.15c P  2.48% WF  49.2 PSV      16 N      18  --  D17 D4 Q3 R5 O4
C17 : T  21.62c W  20.99c S   0.15c ( +1.3 L  +0.8) LCB   18.43c P  1.19% WF  47.9 PSV       8 N      18  --  C17 Q3 D3 C5
C3  : T  19.72c W  19.93c S   0.05c ( +1.2 L  +0.7) LCB   15.15c P  1.83% WF  36.5 PSV       8 N      14  --  C3 C16 Q4 R3 Q3
R17 : T  18.82c W  19.73c S  -0.04c ( +1.1 L  +0.7) LCB   10.17c P  0.32% WF  20.8 PSV       1 N      10  --  R17 Q17 R16 Q15 S14 D16
D5  : T  16.73c W  16.86c S  -0.35c ( +0.8 L  +0.4) LCB    7.38c P  0.35% WF  22.7 PSV       1 N       9  --  D5 Q4 D16 D3
D15 : T  14.60c W  15.47c S  -0.44c ( +0.7 L  +0.4) LCB   -0.04c P  0.20% WF  17.2 PSV       0 N       7  --  D15 D4 Q4 C17 E17

2024-05-18 21:01:57+0800: = D4
2024-05-18 21:02:21+0800: Controller: kata-list_time_settings
2024-05-18 21:02:21+0800: = none absolute byoyomi canadian fischer fischer-capped
2024-05-18 21:02:21+0800: Controller: play black q3
2024-05-18 21:02:21+0800: = 
2024-05-18 21:02:21+0800: Controller: genmove white
2024-05-18 21:02:24+0800: MoveNum: 3 HASH: F8F20C5A130D14983E09F329ACC4AA0E
   A B C D E F G H J K L M N O P Q R S T
19 . . . . . . . . . . . . . . . . . . .
18 . . . . . . . . . . . . . . . . . . .
17 . . . . . . . . . . . . . . . . . . .
16 . . . @ . . . . . . . . . . . X1. . .
15 . . . . . . . . . . . . . . . . . . .
14 . . . . . . . . . . . . . . . . . . .
13 . . . . . . . . . . . . . . . . . . .
12 . . . . . . . . . . . . . . . . . . .
11 . . . . . . . . . . . . . . . . . . .
10 . . . . . . . . . . . . . . . . . . .
 9 . . . . . . . . . . . . . . . . . . .
 8 . . . . . . . . . . . . . . . . . . .
 7 . . . . . . . . . . . . . . . . . . .
 6 . . . . . . . . . . . . . . . . . . .
 5 . . . . . . . . . . . . . . . . . . .
 4 . . . O2. . . . . . . . . . . . . . .
 3 . . . . . . . . . . . . . . . X3. . .
 2 . . . . . . . . . . . . . . . . . . .
 1 . . . . . . . . . . . . . . . . . . .

koPOSITIONALscoreAREAtaxNONEsui1komi7.5
Time taken: 3.032
Root visits: 1716
New playouts: 1434
NN rows: 1375
NN batches: 117
NN avg batch size: 11.7521
PV: D16 O17 R5 O4 Q9 F17 C14 R11 C6 P10
Tree:
: T  24.43c W  24.16c S   0.45c ( +1.5 L  +0.9) N    1716  --  D16 O17 R5 O4 Q9 F17 C14
---White(^)---
D16 : T  24.57c W  24.27c S   0.46c ( +1.5 L  +0.9) LCB   24.06c P 74.69% WF 3812.0 PSV    3807 N    1492  --  D16 O17 R5 O4 Q9 F17 C14 R11
D17 : T  23.87c W  23.72c S   0.39c ( +1.4 L  +0.9) LCB   22.63c P 12.84% WF 468.7 PSV     306 N     176  --  D17 C15 E16 C3 C4 D3 E4 F3
C16 : T  23.20c W  23.18c S   0.30c ( +1.3 L  +0.9) LCB   21.01c P  4.84% WF 102.8 PSV      76 N      38  --  C16 E17 R5 P4 R8 C3 D3
C17 : T  19.33c W  18.63c S   0.04c ( +1.1 L  +0.6) LCB  -54.75c P  1.39% WF   7.9 PSV       7 N       3  --  C17 C3 C4
R17 : T  21.01c W  23.25c S   0.37c ( +1.4 L  +0.9) LCB -128.59c P  0.49% WF   5.1 PSV       3 N       2  --  R17 R16
R5  : T  19.80c W  19.10c S   0.15c ( +1.2 L  +0.4) LCB -330.20c P  0.48% WF   2.4 PSV       2 N       1  --  R5
E16 : T  14.10c W  14.39c S  -0.29c ( +0.8 L  +0.2) LCB -335.90c P  0.60% WF   2.6 PSV       1 N       1  --  E16
D15 : T  14.57c W  14.84c S  -0.27c ( +0.8 L  +0.2) LCB -335.43c P  0.51% WF   2.6 PSV       1 N       1  --  D15
E17 : T  12.74c W  13.08c S  -0.34c ( +0.7 L  +0.3) LCB -337.26c P  0.32% WF   2.6 PSV       0 N       1  --  E17

2024-05-18 21:02:24+0800: = D16
2024-05-18 21:02:41+0800: Controller: kata-list_time_settings
2024-05-18 21:02:41+0800: = none absolute byoyomi canadian fischer fischer-capped
2024-05-18 21:02:41+0800: Controller: play black o17
2024-05-18 21:02:41+0800: = 
2024-05-18 21:02:41+0800: Controller: genmove white
2024-05-18 21:02:44+0800: MoveNum: 5 HASH: B75A8CED642BEFAE348ED6C2C4E4691D
   A B C D E F G H J K L M N O P Q R S T
19 . . . . . . . . . . . . . . . . . . .
18 . . . . . . . . . . . . . . . . . . .
17 . . . . . . . . . . . . . X3. . . . .
16 . . . O2. . . . . . . . . . . X . . .
15 . . . . . . . . . . . . . . . . . . .
14 . . . . . . . . . . . . . . . . . . .
13 . . . . . . . . . . . . . . . . . . .
12 . . . . . . . . . . . . . . . . . . .
11 . . . . . . . . . . . . . . . . . . .
10 . . . . . . . . . . . . . . . . . . .
 9 . . . . . . . . . . . . . . . . . . .
 8 . . . . . . . . . . . . . . . . . . .
 7 . . . . . . . . . . . . . . . . . . .
 6 . . . . . . . . . . . . . . . . . . .
 5 . . . . . . . . . . . . . . . . @ . .
 4 . . . O . . . . . . . . . . . . . . .
 3 . . . . . . . . . . . . . . . X1. . .
 2 . . . . . . . . . . . . . . . . . . .
 1 . . . . . . . . . . . . . . . . . . .

koPOSITIONALscoreAREAtaxNONEsui1komi7.5
Time taken: 3.015
Root visits: 6945
New playouts: 1435
NN rows: 1355
NN batches: 117
NN avg batch size: 11.5812
PV: R5 O4 R14 R15 Q14 R9 R11 P9 R7 F3 C6 D3 C3 C2 E3 D2 F4 E2 E4 G3 G4 H4 H3 H2 J3
Tree:
: T  24.25c W  23.93c S   0.47c ( +1.5 L  +0.9) N    6945  --  R5 O4 R14 R15 Q14 R9 R11
---White(^)---
R5  : T  24.46c W  24.13c S   0.48c ( +1.5 L  +1.0) LCB   24.13c P 56.36% WF 14911.6 PSV   14887 N    6454  --  R5 O4 R14 R15 Q14 R9 R11 P9
R14 : T  22.46c W  22.31c S   0.31c ( +1.3 L  +0.9) LCB   20.54c P  4.98% WF 200.3 PSV     183 N      83  --  R14 Q5 Q6 P6 R5 P5 R4 Q7
F3  : T  22.95c W  22.85c S   0.36c ( +1.4 L  +0.9) LCB   21.48c P  3.94% WF 200.4 PSV     183 N      83  --  F3 Q5 Q6 P6 R5 P5 R4 Q7
F17 : T  22.45c W  22.18c S   0.36c ( +1.4 L  +0.9) LCB   20.94c P  3.70% WF 143.5 PSV     135 N      58  --  F17 Q5 F3 R10 C10 G4 F4 G6
Q5  : T  22.24c W  22.02c S   0.33c ( +1.3 L  +0.9) LCB   20.03c P  3.78% WF 143.1 PSV     127 N      57  --  Q5 R5 R6 R4 Q6 O3 R14 R11
S15 : T  22.29c W  22.17c S   0.31c ( +1.3 L  +0.9) LCB   19.10c P  2.09% WF  93.2 PSV      72 N      39  --  S15 R16 R12 R10 Q5 R5 R6
C6  : T  21.68c W  21.59c S   0.32c ( +1.3 L  +0.9) LCB   20.00c P  2.44% WF  76.4 PSV      67 N      31  --  C6 Q5 Q6 P6 R5 P5 R4 Q7
C14 : T  20.96c W  20.65c S   0.30c ( +1.3 L  +0.8) LCB   17.15c P  1.66% WF  40.1 PSV      37 N      16  --  C14 Q5 C6 K3 R10
N16 : T  20.87c W  20.14c S   0.22c ( +1.2 L  +0.7) LCB   16.58c P  1.62% WF  36.2 PSV      35 N      14  --  N16 Q5 N17 O16 N15
G3  : T  22.12c W  22.22c S   0.34c ( +1.3 L  +0.9) LCB   16.94c P  0.86% WF  33.4 PSV      27 N      13  --  G3 Q5 F17 R10 C10

2024-05-18 21:02:44+0800: = R5
2024-05-18 21:02:45+0800: Controller: kata-list_time_settings
2024-05-18 21:02:45+0800: = none absolute byoyomi canadian fischer fischer-capped
2024-05-18 21:02:45+0800: Controller: play black q8
2024-05-18 21:02:45+0800: = 
2024-05-18 21:02:45+0800: Controller: genmove white
2024-05-18 21:02:48+0800: MoveNum: 7 HASH: 033F85FA3F27BE6469DE13FAEA6BEB99
   A B C D E F G H J K L M N O P Q R S T
19 . . . . . . . . . . . . . . . . . . .
18 . . . . . . . . . . . . . . . . . . .
17 . . . . . . . . . . . . . X1. . . . .
16 . . . O . . . . . . . . . . . X . . .
15 . . . . . . . . . . . . . . . . . . .
14 . . . . . . . . . . . . . . . . . . .
13 . . . . . . . . . . . . . . . . . . .
12 . . . . . . . . . . . . . . . . . . .
11 . . . . . . . . . . . . . . . . . . .
10 . . . . . . . . . . . . . . . . . . .
 9 . . . . . . . . . . . . . . . . . . .
 8 . . . . . . . . . . . . . . . X3. . .
 7 . . . . . . . . . . . . . . . . . . .
 6 . . . . . . . . . . . . . . . . . . .
 5 . . . . . . . . . . . . . . . . O2. .
 4 . . . O . . . . . . . . . . @ . . . .
 3 . . . . . . . . . . . . . . . X . . .
 2 . . . . . . . . . . . . . . . . . . .
 1 . . . . . . . . . . . . . . . . . . .

koPOSITIONALscoreAREAtaxNONEsui1komi7.5
Time taken: 3.016
Root visits: 1542
New playouts: 1534
NN rows: 1367
NN batches: 118
NN avg batch size: 11.5847
PV: P4 P3 O4 N2 M4 Q11 L3 P6 S3 S2 R3 Q4
Tree:
: T  27.25c W  26.68c S   0.48c ( +1.7 L  +1.2) N    1542  --  P4 P3 O4 N2 M4 Q11 L3
---White(^)---
P4  : T  28.55c W  27.72c S   0.57c ( +1.8 L  +1.2) LCB   27.19c P 46.72% WF 1863.6 PSV    1840 N    1081  --  P4 P3 O4 N2 M4 Q11 L3 P6
S15 : T  25.73c W  25.63c S   0.35c ( +1.6 L  +1.1) LCB   23.94c P 16.06% WF 350.8 PSV     140 N     173  --  S15 R15 P4 Q4 Q5 P5 P3 P2
R10 : T  26.60c W  26.14c S   0.44c ( +1.6 L  +1.1) LCB   24.72c P  7.32% WF 344.1 PSV      84 N     140  --  R10 O4 F17 F3 C6 D3 C3
R14 : T  24.34c W  24.18c S   0.34c ( +1.6 L  +1.0) LCB   21.29c P  6.92% WF  78.3 PSV      43 N      32  --  R14 R4 Q5 O4 S4 S3 S6
O5  : T  22.00c W  21.98c S   0.16c ( +1.4 L  +0.9) LCB   15.63c P  3.93% WF  35.9 PSV      16 N      15  --  O5 O3 P4 R3 R10 R7
F3  : T  24.47c W  24.38c S   0.32c ( +1.5 L  +1.0) LCB   21.35c P  1.29% WF  59.0 PSV       8 N      26  --  F3 R4 P4 Q4 Q5 P5
R11 : T  20.50c W  21.49c S   0.04c ( +1.3 L  +0.8) LCB   10.03c P  1.72% WF  20.8 PSV       6 N       9  --  R11 Q6 Q5 P5 P6
F17 : T  22.63c W  22.59c S   0.20c ( +1.4 L  +0.9) LCB   15.96c P  1.24% WF  28.0 PSV       5 N      12  --  F17 R4 Q6 O4 N5
P5  : T  19.64c W  20.67c S   0.05c ( +1.3 L  +0.8) LCB   -0.15c P  1.65% WF  14.2 PSV       5 N       6  --  P5 O4 R10 O5 O6
N5  : T  22.51c W  22.50c S   0.18c ( +1.4 L  +0.9) LCB   15.84c P  1.05% WF  37.4 PSV       4 N      17  --  N5 N3 M3 M4 N4

2024-05-18 21:02:48+0800: = P4
2024-05-18 21:02:54+0800: Controller: quit
2024-05-18 21:02:54+0800: Quit requested by controller
2024-05-18 21:02:54+0800: = 
2024-05-18 21:02:54+0800: GPU -1 finishing, processed 27031 rows 2300 batches
2024-05-18 21:02:54+0800: All cleaned up, quitting
