2024-06-18 20:17:47-0400: Running with following config:
allowResignation = true
lagBuffer = 1.0
logAllGTPCommunication = true
logDir = gtp_logs
logSearchInfo = true
logSearchInfoForChosenMove = false
logToStderr = false
maxTime = 1.0
maxTimePondering = 120.0
numSearchThreads = 16
ogsChatToStderr = true
ponderingEnabled = true
resignConsecTurns = 3
resignThreshold = -0.90
rules = tromp-taylor
searchFactorAfterOnePass = 0.50
searchFactorAfterTwoPass = 0.25
searchFactorWhenWinning = 0.40
searchFactorWhenWinningThreshold = 0.95

2024-06-18 20:17:47-0400: GTP Engine starting...
2024-06-18 20:17:47-0400: KataGo v1.14.1
2024-06-18 20:17:47-0400: Using TrompTaylor rules initially, unless GTP/GUI overrides this
2024-06-18 20:17:47-0400: Using 16 CPU thread(s) for search
2024-06-18 20:17:48-0400: nnRandSeed0 = 6834767901569157045
2024-06-18 20:17:48-0400: After dedups: nnModelFile0 = C:\Users\chang\Downloads\kata1-b28c512nbt-s7168446720-d4316919285.bin.gz useFP16 auto useNHWC auto
2024-06-18 20:17:48-0400: Initializing neural net buffer to be size 19 * 19 exactly
2024-06-18 20:17:55-0400: Found OpenCL Platform 0: NVIDIA CUDA (NVIDIA Corporation) (OpenCL 3.0 CUDA 12.5.51)
2024-06-18 20:17:55-0400: Found 1 device(s) on platform 0 with type CPU or GPU or Accelerator
2024-06-18 20:17:55-0400: Found OpenCL Platform 1: Intel(R) OpenCL Graphics (Intel(R) Corporation) (OpenCL 3.0 )
2024-06-18 20:17:55-0400: Found 1 device(s) on platform 1 with type CPU or GPU or Accelerator
2024-06-18 20:17:55-0400: Found OpenCL Device 0: NVIDIA GeForce RTX 4060 Laptop GPU (NVIDIA Corporation) (score 11000300)
2024-06-18 20:17:55-0400: Found OpenCL Device 1: Intel(R) UHD Graphics (Intel(R) Corporation) (score 6000300)
2024-06-18 20:17:55-0400: Creating context for OpenCL Platform: NVIDIA CUDA (NVIDIA Corporation) (OpenCL 3.0 CUDA 12.5.51)
2024-06-18 20:17:55-0400: Using OpenCL Device 0: NVIDIA GeForce RTX 4060 Laptop GPU (NVIDIA Corporation) OpenCL 3.0 CUDA (Extensions: cl_khr_global_int32_base_atomics cl_khr_global_int32_extended_atomics cl_khr_local_int32_base_atomics cl_khr_local_int32_extended_atomics cl_khr_fp64 cl_khr_3d_image_writes cl_khr_byte_addressable_store cl_khr_icd cl_khr_gl_sharing cl_nv_compiler_options cl_nv_device_attribute_query cl_nv_pragma_unroll cl_nv_d3d10_sharing cl_khr_d3d10_sharing cl_nv_d3d11_sharing cl_nv_copy_opts cl_nv_create_buffer cl_khr_int64_base_atomics cl_khr_int64_extended_atomics cl_khr_device_uuid cl_khr_pci_bus_info cl_khr_external_semaphore cl_khr_external_memory cl_khr_external_semaphore_win32 cl_khr_external_memory_win32)
2024-06-18 20:17:55-0400: Loaded tuning parameters from: C:\Users\chang\Downloads\katago-v1.14.1-opencl-windows-x64/KataGoData/opencltuning/tune11_gpuNVIDIAGeForceRTX4060LaptopGPU_x19_y19_c512_mv15.txt
2024-06-18 20:17:56-0400: OpenCL backend thread 0: Model version 15
2024-06-18 20:17:56-0400: OpenCL backend thread 0: Model name: kata1-b28c512nbt-s7168446720-d4316919285
2024-06-18 20:18:04-0400: OpenCL backend thread 0: FP16Storage true FP16Compute false FP16TensorCores true FP16TensorCoresFor1x1 false
2024-06-18 20:18:04-0400: Loaded neural net with nnXLen 19 nnYLen 19
2024-06-18 20:18:04-0400: Initializing board with boardXSize 19 boardYSize 19
2024-06-18 20:18:04-0400: Loaded config C:/Users/chang/Downloads/katago-v1.14.1-opencl-windows-x64/default_gtp.cfg
2024-06-18 20:18:04-0400: Loaded model C:\Users\chang\Downloads\kata1-b28c512nbt-s7168446720-d4316919285.bin.gz
2024-06-18 20:18:04-0400: Model name: kata1-b28c512nbt-s7168446720-d4316919285
2024-06-18 20:18:04-0400: GTP ready, beginning main protocol loop
2024-06-18 20:18:04-0400: Controller: list_commands
2024-06-18 20:18:04-0400: = protocol_version
name
version
known_command
list_commands
quit
boardsize
rectangular_boardsize
clear_board
set_position
komi
get_komi
play
undo
kata-get-rules
kata-set-rule
kata-set-rules
kata-get-param
kata-set-param
kata-list-params
kgs-rules
genmove
genmove_debug
search_debug
clear_cache
showboard
fixed_handicap
place_free_handicap
set_free_handicap
time_settings
kgs-time_settings
time_left
kata-list_time_settings
kata-time_settings
final_score
final_status_list
loadsgf
printsgf
lz-genmove_analyze
kata-genmove_analyze
lz-analyze
kata-analyze
kata-raw-nn
cputime
gomill-cpu_time
kata-benchmark
kata-debug-print-tc
debug_moves
stop
2024-06-18 20:18:04-0400: Controller: boardsize 9
2024-06-18 20:18:04-0400: GPU -1 finishing, processed 0 rows 0 batches
2024-06-18 20:18:04-0400: Cleaned up old neural net and bot
2024-06-18 20:18:04-0400: nnRandSeed0 = 11290107763079816191
2024-06-18 20:18:04-0400: After dedups: nnModelFile0 = C:\Users\chang\Downloads\kata1-b28c512nbt-s7168446720-d4316919285.bin.gz useFP16 auto useNHWC auto
2024-06-18 20:18:04-0400: Initializing neural net buffer to be size 9 * 9 exactly
2024-06-18 20:18:12-0400: Found OpenCL Platform 0: NVIDIA CUDA (NVIDIA Corporation) (OpenCL 3.0 CUDA 12.5.51)
2024-06-18 20:18:12-0400: Found 1 device(s) on platform 0 with type CPU or GPU or Accelerator
2024-06-18 20:18:12-0400: Found OpenCL Platform 1: Intel(R) OpenCL Graphics (Intel(R) Corporation) (OpenCL 3.0 )
2024-06-18 20:18:12-0400: Found 1 device(s) on platform 1 with type CPU or GPU or Accelerator
2024-06-18 20:18:12-0400: Found OpenCL Device 0: NVIDIA GeForce RTX 4060 Laptop GPU (NVIDIA Corporation) (score 11000300)
2024-06-18 20:18:12-0400: Found OpenCL Device 1: Intel(R) UHD Graphics (Intel(R) Corporation) (score 6000300)
2024-06-18 20:18:12-0400: Creating context for OpenCL Platform: NVIDIA CUDA (NVIDIA Corporation) (OpenCL 3.0 CUDA 12.5.51)
2024-06-18 20:18:14-0400: Using OpenCL Device 0: NVIDIA GeForce RTX 4060 Laptop GPU (NVIDIA Corporation) OpenCL 3.0 CUDA (Extensions: cl_khr_global_int32_base_atomics cl_khr_global_int32_extended_atomics cl_khr_local_int32_base_atomics cl_khr_local_int32_extended_atomics cl_khr_fp64 cl_khr_3d_image_writes cl_khr_byte_addressable_store cl_khr_icd cl_khr_gl_sharing cl_nv_compiler_options cl_nv_device_attribute_query cl_nv_pragma_unroll cl_nv_d3d10_sharing cl_khr_d3d10_sharing cl_nv_d3d11_sharing cl_nv_copy_opts cl_nv_create_buffer cl_khr_int64_base_atomics cl_khr_int64_extended_atomics cl_khr_device_uuid cl_khr_pci_bus_info cl_khr_external_semaphore cl_khr_external_memory cl_khr_external_semaphore_win32 cl_khr_external_memory_win32)
2024-06-18 20:18:14-0400: Loaded tuning parameters from: C:\Users\chang\Downloads\katago-v1.14.1-opencl-windows-x64/KataGoData/opencltuning/tune11_gpuNVIDIAGeForceRTX4060LaptopGPU_x19_y19_c512_mv15.txt
2024-06-18 20:18:14-0400: OpenCL backend thread 0: Model version 15
2024-06-18 20:18:14-0400: OpenCL backend thread 0: Model name: kata1-b28c512nbt-s7168446720-d4316919285
2024-06-18 20:18:23-0400: OpenCL backend thread 0: FP16Storage true FP16Compute false FP16TensorCores true FP16TensorCoresFor1x1 false
2024-06-18 20:18:23-0400: Loaded neural net with nnXLen 9 nnYLen 9
2024-06-18 20:18:23-0400: Initializing board with boardXSize 9 boardYSize 9
2024-06-18 20:18:23-0400: = 
2024-06-18 20:18:23-0400: Controller: clear_board
2024-06-18 20:18:23-0400: = 
2024-06-18 20:18:23-0400: Controller: komi 7.5
2024-06-18 20:18:23-0400: = 
2024-06-18 20:18:23-0400: Controller: play black g6
2024-06-18 20:18:23-0400: = 
2024-06-18 20:18:23-0400: Controller: genmove white
2024-06-18 20:18:24-0400: MoveNum: 1 HASH: 957A17C2995481AEF49324BDCA039975
   A B C D E F G H J
 9 . . . . . . . . .
 8 . . . . . . . . .
 7 . . . . . . . . .
 6 . . . . . . X1. .
 5 . . . . . . . . .
 4 . . . @ . . . . .
 3 . . . . . . . . .
 2 . . . . . . . . .
 1 . . . . . . . . .

koPOSITIONALscoreAREAtaxNONEsui1komi7.5
Time taken: 1.312
Root visits: 557
New playouts: 557
NN rows: 538
NN batches: 47
NN avg batch size: 11.4468
PV: D4 C6 D6 D7 C7 B7 C8 D5 E6 C5 E5 E4 F4 E3 E7
Tree:
: T  85.96c W  87.50c S  -0.69c ( +2.0 L  +1.1) N     557  --  D4 C6 D6 D7 C7 B7 C8
---White(^)---
D4  : T  88.32c W  89.52c S  -0.53c ( +2.0 L  +1.2) LCB   85.18c P 75.61% WF 527.7 PSV     519 N     302  --  D4 C6 D6 D7 C7 B7 C8 D5
D5  : T  85.29c W  87.49c S  -1.16c ( +1.7 L  +0.9) LCB   80.91c P  4.78% WF  72.0 PSV      14 N      39  --  D5 F3 F4 E4 E5 F5 G4 D4
D6  : T  86.41c W  87.20c S  -0.36c ( +2.1 L  +1.2) LCB   81.18c P  3.48% WF  64.6 PSV      13 N      37  --  D6 D4 F5 F6 E5 E3 G5 G3
E4  : T  83.66c W  85.96c S  -1.00c ( +1.8 L  +1.0) LCB   76.63c P  4.09% WF  62.1 PSV       9 N      37  --  E4 D6 C4 C5 B5 B6 D5 C6
F5  : T  83.98c W  85.45c S  -0.86c ( +1.9 L  +0.9) LCB   78.91c P  3.37% WF  50.0 PSV       8 N      31  --  F5 F6 E5 D7 G5 C3 D6 E6
E5  : T  83.38c W  85.49c S  -0.86c ( +1.9 L  +0.7) LCB   77.52c P  1.81% WF  42.0 PSV       4 N      25  --  E5 C5 F4 D3
C4  : T  83.50c W  85.51c S  -0.64c ( +2.0 L  +1.1) LCB   74.82c P  1.05% WF  38.8 PSV       2 N      25  --  C4 D4 D5 C3 E5 C5 B4 C6
E6  : T  82.30c W  85.50c S  -1.31c ( +1.7 L  +0.8) LCB   75.77c P  1.24% WF  23.5 PSV       2 N      15  --  E6 F4 E4 F3 C6 B6 C7
C5  : T  81.98c W  82.73c S  -0.74c ( +1.9 L  +1.0) LCB   73.64c P  1.08% WF  20.2 PSV       2 N      13  --  C5 D5 D4 E4 E3 C4 D3
F4  : T  74.30c W  78.45c S  -0.92c ( +1.8 L  +0.9) LCB   53.22c P  0.46% WF   8.8 PSV       0 N       6  --  F4 E5 D3 C5 E7 C7

2024-06-18 20:18:24-0400: = D4
2024-06-18 20:18:24-0400: Controller: kata-list_time_settings
2024-06-18 20:18:24-0400: = none absolute byoyomi canadian fischer fischer-capped
2024-06-18 20:18:24-0400: Controller: play black f3
2024-06-18 20:18:24-0400: = 
2024-06-18 20:18:24-0400: Controller: genmove white
2024-06-18 20:18:25-0400: MoveNum: 3 HASH: C170E7A1DB711F312B82AEE3C93712DF
   A B C D E F G H J
 9 . . . . . . . . .
 8 . . . . . . . . .
 7 . . . . . . . . .
 6 . . . @ . . X1. .
 5 . . . . . . . . .
 4 . . . O2. . . . .
 3 . . . . . X3. . .
 2 . . . . . . . . .
 1 . . . . . . . . .

koPOSITIONALscoreAREAtaxNONEsui1komi7.5
Time taken: 1.062
Root visits: 581
New playouts: 571
NN rows: 555
NN batches: 48
NN avg batch size: 11.5625
PV: D6 B5 F4 G4 G3 F2 G2 E4 F5 E5 F6 E6
Tree:
: T  92.43c W  91.68c S   1.81c ( +2.1 L  +1.5) N     581  --  D6 B5 F4 G4 G3 F2 G2
---White(^)---
D6  : T  94.39c W  93.20c S   1.91c ( +2.2 L  +1.7) LCB   91.94c P 51.32% WF 448.7 PSV     442 N     229  --  D6 B5 F4 G4 G3 F2 G2 E4
D7  : T  93.29c W  92.43c S   2.10c ( +2.2 L  +1.6) LCB   89.55c P 32.31% WF 250.1 PSV     181 N     133  --  D7 C3 F4 G4 E3 F5 C4 C6
E7  : T  93.36c W  91.57c S   2.75c ( +2.6 L  +1.8) LCB   89.35c P  2.79% WF 127.1 PSV      16 N      67  --  E7 E5 D5 D6 E6 C6 B5 B6
C6  : T  92.56c W  91.86c S   1.07c ( +1.8 L  +1.2) LCB   88.19c P  2.92% WF  90.5 PSV      13 N      46  --  C6 D7 C7 E5 E3 F2 D8
F4  : T  87.13c W  88.84c S   0.83c ( +1.7 L  +1.1) LCB   76.76c P  3.75% WF  27.6 PSV       7 N      14  --  F4 G4 F5 G5 E3 F2
E3  : T  87.85c W  87.90c S   0.47c ( +1.5 L  +0.8) LCB   83.13c P  1.38% WF  24.5 PSV       2 N      14  --  E3 F4 D6 B5 F2 C3 B4
C7  : T  90.14c W  90.09c S   0.56c ( +1.6 L  +1.0) LCB   85.42c P  0.61% WF  35.6 PSV       1 N      21  --  C7 E7 F4 G4 E3 F2
F6  : T  83.60c W  85.68c S   1.63c ( +2.1 L  +1.1) LCB   73.56c P  1.18% WF  22.1 PSV       1 N      13  --  F6 E5 F5 E4 F7 D7
F5  : T  83.08c W  86.27c S   1.01c ( +1.8 L  +0.9) LCB   63.92c P  1.27% WF  17.0 PSV       1 N      11  --  F5 F6 E6 E7 D7 E5 D6 E4
E6  : T  75.27c W  84.45c S   0.70c ( +1.7 L  +0.8) LCB   29.58c P  1.49% WF   7.5 PSV       1 N       5  --  E6 C7 G5 F5

2024-06-18 20:18:25-0400: = D6
2024-06-18 20:18:36-0400: Controller: kata-list_time_settings
2024-06-18 20:18:36-0400: = none absolute byoyomi canadian fischer fischer-capped
2024-06-18 20:18:36-0400: Controller: play black d7
2024-06-18 20:18:36-0400: = 
2024-06-18 20:18:36-0400: Controller: genmove white
2024-06-18 20:18:37-0400: MoveNum: 5 HASH: A77C8701B17D2CBBEB80AF757A898881
   A B C D E F G H J
 9 . . . . . . . . .
 8 . . . . . . . . .
 7 . . @ X3. . . . .
 6 . . . O2. . X . .
 5 . . . . . . . . .
 4 . . . O . . . . .
 3 . . . . . X1. . .
 2 . . . . . . . . .
 1 . . . . . . . . .

koPOSITIONALscoreAREAtaxNONEsui1komi7.5
Time taken: 1.031
Root visits: 4333
New playouts: 746
NN rows: 516
NN batches: 48
NN avg batch size: 10.75
PV: C7 E7 E6 F6 F4 G4 E3 F2 G3 E2 D2 C3 D3 F5 E4 G2 C8 C2 D1
Tree:
: T  94.73c W  93.70c S   1.81c ( +2.3 L  +1.9) N    4333  --  C7 E7 E6 F6 F4 G4 E3
---White(^)---
C7  : T  96.18c W  94.71c S   1.96c ( +2.3 L  +2.0) LCB   95.27c P  1.57% WF 6267.6 PSV    6148 N    3207  --  C7 E7 E6 F6 F4 G4 E3 F2
F6  : T  90.72c W  89.81c S   1.59c ( +2.2 L  +1.8) LCB   86.36c P 26.88% WF 410.9 PSV     389 N     280  --  F6 C6 F4 E6 F7 E5 E4 F5
E7  : T  85.63c W  87.73c S   0.45c ( +1.7 L  +1.2) LCB   79.38c P 40.42% WF 295.8 PSV     303 N     242  --  E7 E6 C7 D8 D5 F7 E2 F2
E6  : T  89.18c W  89.83c S   1.82c ( +2.4 L  +1.8) LCB   85.41c P 21.74% WF 469.8 PSV     245 N     339  --  E6 C7 F4 G4 G3 F2 C6 E8
F4  : T  89.64c W  91.14c S   0.79c ( +1.9 L  +1.4) LCB   84.32c P  7.67% WF 393.1 PSV      92 N     252  --  F4 E6 C6 E3 E7 F7 E8 D3
F5  : T  90.47c W  88.84c S   0.82c ( +1.9 L  +1.0) LCB   13.25c P  0.36% WF   5.1 PSV       5 N       3  --  F5 C6
E3  : T  89.29c W  90.32c S   0.20c ( +1.6 L  +0.9) LCB   59.62c P  0.37% WF   9.2 PSV       4 N       5  --  E3 E6 F4 D5
C6  : T  88.25c W  90.45c S  -0.45c ( +1.4 L  +1.0) LCB   13.19c P  0.42% WF   5.9 PSV       4 N       3  --  C6 E7 G5
G5  : T  75.00c W  75.99c S  -1.00c ( +1.1 L  +1.6) LCB -275.00c P  0.14% WF   1.3 PSV       0 N       1  --  G5

2024-06-18 20:18:37-0400: = C7
2024-06-18 20:18:45-0400: Controller: kata-list_time_settings
2024-06-18 20:18:45-0400: = none absolute byoyomi canadian fischer fischer-capped
2024-06-18 20:18:45-0400: Controller: play black e7
2024-06-18 20:18:45-0400: = 
2024-06-18 20:18:45-0400: Controller: genmove white
2024-06-18 20:18:46-0400: MoveNum: 7 HASH: 19B573905DE7DB14881E01688B0594C0
   A B C D E F G H J
 9 . . . . . . . . .
 8 . . . . . . . . .
 7 . . O2X1X3. . . .
 6 . . . O . . X . .
 5 . . . . . . . . .
 4 . . . O . @ . . .
 3 . . . . . X . . .
 2 . . . . . . . . .
 1 . . . . . . . . .

koPOSITIONALscoreAREAtaxNONEsui1komi7.5
Time taken: 1.094
Root visits: 8578
New playouts: 687
NN rows: 521
NN batches: 51
NN avg batch size: 10.2157
PV: F4 G4 G3 G2 E6 F7 H3 F5 F2 E4 E3 F4 D2 C3 D3 C5 C6 D5 C4 E5
Tree:
: T  94.84c W  93.83c S   1.83c ( +2.3 L  +2.1) N    8578  --  F4 G4 G3 G2 E6 F7 H3
---White(^)---
F4  : T  94.72c W  93.76c S   1.82c ( +2.3 L  +2.2) LCB   93.48c P 82.64% WF 10391.6 PSV   10425 N    5735  --  F4 G4 G3 G2 E6 F7 H3 F5
E6  : T  95.56c W  94.32c S   2.02c ( +2.4 L  +2.0) LCB   94.40c P  3.70% WF 4227.8 PSV    1451 N    2332  --  E6 F6 F4 E3 E4 D3 C3 G4
E3  : T  93.33c W  92.75c S   1.19c ( +2.1 L  +1.7) LCB   90.82c P 10.95% WF 806.8 PSV     654 N     476  --  E3 F4 C8 C2 E6 F6 E2 C5
F5  : T  80.45c W  82.48c S  -0.25c ( +1.5 L  +0.8) LCB   70.23c P  1.27% WF  19.8 PSV      12 N      15  --  F5 G5 F4 G4 G3 F2 F6 F7
C8  : T  89.86c W  89.55c S  -0.09c ( +1.6 L  +0.9) LCB   83.40c P  0.29% WF  19.4 PSV       7 N      11  --  C8 E6 D5 D2 F4 G4 E3 E2
E2  : T  83.89c W  86.26c S  -1.04c ( +1.2 L  +0.7) LCB   34.43c P  0.42% WF   6.9 PSV       5 N       4  --  E2 C8 C6 F2
C6  : T  76.32c W  78.00c S  -1.68c ( +0.9 L  +0.7) LCB -273.68c P  0.19% WF   1.4 PSV       1 N       1  --  C6
G5  : T  80.67c W  81.49c S  -0.82c ( +1.3 L  +1.8) LCB -269.33c P  0.12% WF   1.5 PSV       1 N       1  --  G5
F6  : T  57.45c W  59.73c S  -2.29c ( +0.7 L  +1.2) LCB -292.55c P  0.16% WF   0.8 PSV       0 N       1  --  F6
H6  : T  80.97c W  81.15c S  -0.18c ( +1.5 L  +1.3) LCB -269.03c P  0.08% WF   1.7 PSV       0 N       1  --  H6

2024-06-18 20:18:46-0400: = F4
2024-06-18 20:18:47-0400: Controller: kata-list_time_settings
2024-06-18 20:18:47-0400: = none absolute byoyomi canadian fischer fischer-capped
2024-06-18 20:18:47-0400: Controller: play black g4
2024-06-18 20:18:47-0400: = 
2024-06-18 20:18:47-0400: Controller: genmove white
2024-06-18 20:18:48-0400: MoveNum: 9 HASH: 407B2D2790769DA7FF7C38EF15ADD322
   A B C D E F G H J
 9 . . . . . . . . .
 8 . . . . . . . . .
 7 . . O X X1. . . .
 6 . . . O . . X . .
 5 . . . . . . . . .
 4 . . . O . O2X3. .
 3 . . . . . X @ . .
 2 . . . . . . . . .
 1 . . . . . . . . .

koPOSITIONALscoreAREAtaxNONEsui1komi7.5
Time taken: 1.047
Root visits: 7267
New playouts: 798
NN rows: 522
NN batches: 48
NN avg batch size: 10.875
PV: G3 G2 E6 F7 C8 F5 E2 D3 E3 E4 E5 C6 C5 B6 B5 D2 F4 F2 E4 E1 H3
Tree:
: T  94.39c W  93.55c S   1.85c ( +2.4 L  +2.2) N    7267  --  G3 G2 E6 F7 C8 F5 E2
---White(^)---
G3  : T  95.23c W  94.27c S   1.92c ( +2.4 L  +2.3) LCB   94.04c P 15.05% WF 10959.9 PSV   10826 N    5795  --  G3 G2 E6 F7 C8 F5 E2 D3
E6  : T  93.92c W  92.40c S   1.93c ( +2.4 L  +2.1) LCB   91.44c P 18.02% WF 1140.9 PSV    1157 N     741  --  E6 E4 F5 G5 E3 E2 E5 C8
E3  : T  84.28c W  85.85c S   1.18c ( +2.1 L  +1.7) LCB   77.32c P 48.61% WF 591.1 PSV     671 N     558  --  E3 F2 C8 C3 E2 B5 C4 B4
C8  : T  82.84c W  85.46c S   0.14c ( +1.7 L  +1.1) LCB   74.41c P 12.10% WF 133.6 PSV     148 N     120  --  C8 C3 E3 B5 B4 C4 C5 B3
F5  : T  70.00c W  74.12c S  -0.86c ( +1.2 L  +0.6) LCB   54.51c P  4.87% WF  42.6 PSV      29 N      49  --  F5 G5 G3 F2 F6 F7 G7 H7
F6  : T  -6.67c W  17.27c S  -5.04c ( -0.6 L  -0.4) LCB -178.32c P  1.02% WF   0.7 PSV       1 N       2  --  F6 F5
E4  : T  26.52c W  30.77c S  -4.25c ( -0.2 L  +0.1) LCB -323.48c P  0.14% WF   0.6 PSV       0 N       1  --  E4

2024-06-18 20:18:48-0400: = G3
2024-06-18 20:18:52-0400: Controller: kata-list_time_settings
2024-06-18 20:18:52-0400: = none absolute byoyomi canadian fischer fischer-capped
2024-06-18 20:18:52-0400: Controller: play black g2
2024-06-18 20:18:52-0400: = 
2024-06-18 20:18:52-0400: Controller: genmove white
2024-06-18 20:18:53-0400: MoveNum: 11 HASH: 0B0FFE19E8978FC3BB20FC90946194CA
   A B C D E F G H J
 9 . . . . . . . . .
 8 . . . . . . . . .
 7 . . O X X . . . .
 6 . . . O @ . X . .
 5 . . . . . . . . .
 4 . . . O . O X1. .
 3 . . . . . X O2. .
 2 . . . . . . X3. .
 1 . . . . . . . . .

koPOSITIONALscoreAREAtaxNONEsui1komi7.5
Time taken: 1.062
Root visits: 6732
New playouts: 753
NN rows: 543
NN batches: 51
NN avg batch size: 10.6471
PV: E6 F7 C8 F5 E2 D3 E3 E4 E5 C4 F4 C6 F2 B6 C3 B3 C5 B4 B5 A5 D5 C2 B7 A6 A4
Tree:
: T  95.38c W  94.27c S   2.07c ( +2.7 L  +2.6) N    6732  --  E6 F7 C8 F5 E2 D3 E3
---White(^)---
E6  : T  96.21c W  94.53c S   2.50c ( +2.9 L  +2.7) LCB   94.99c P 26.64% WF 8777.4 PSV    8674 N    4912  --  E6 F7 C8 F5 E2 D3 E3 E4
H3  : T  94.98c W  94.95c S   1.09c ( +2.3 L  +2.3) LCB   92.88c P 14.64% WF 2691.0 PSV    1202 N    1364  --  H3 F5 E4 E2 E6 F7 D2 H2
E3  : T  85.90c W  87.70c S   0.46c ( +2.0 L  +1.9) LCB   78.53c P 23.14% WF 271.9 PSV     291 N     240  --  E3 H3 C8 C3 D2 E2 E1 B5
C8  : T  81.00c W  85.60c S  -1.71c ( +1.2 L  +0.9) LCB   68.20c P 26.43% WF 186.2 PSV     218 N     182  --  C8 F5 E6 D3 C3 E4 D2 D5
G5  : T  48.77c W  63.86c S  -2.98c ( +0.6 L  +0.2) LCB    5.80c P  6.18% WF  13.7 PSV      17 N      21  --  G5 H3 E6 F6 F7 F8 F5 G7
E2  : T  66.66c W  67.03c S  -2.70c ( +0.7 L  +0.5) LCB   -7.42c P  0.76% WF   2.4 PSV       3 N       3  --  E2 C8 H3
F5  : T  38.10c W  47.76c S  -3.50c ( +0.3 L  +0.1) LCB  -58.99c P  0.73% WF   2.6 PSV       1 N       4  --  F5 H3 F6
F6  : T  12.31c W  22.52c S  -4.91c ( -0.3 L  -0.2) LCB  -68.19c P  0.94% WF   1.2 PSV       1 N       3  --  F6 F5 E6
D8  : T  53.11c W  56.71c S  -3.60c ( +0.3 L  +0.3) LCB -296.89c P  0.22% WF   0.8 PSV       0 N       1  --  D8
C6  : T  13.78c W  20.05c S  -6.27c ( -0.5 L  -0.1) LCB -336.22c P  0.20% WF   0.4 PSV       0 N       1  --  C6

2024-06-18 20:18:53-0400: = E6
2024-06-18 20:18:55-0400: Controller: kata-list_time_settings
2024-06-18 20:18:55-0400: = none absolute byoyomi canadian fischer fischer-capped
2024-06-18 20:18:55-0400: Controller: play black f7
2024-06-18 20:18:55-0400: = 
2024-06-18 20:18:55-0400: Controller: genmove white
2024-06-18 20:18:56-0400: MoveNum: 13 HASH: BF8757C1DEDCA8721ACB127CE69E67D7
   A B C D E F G H J
 9 . . . . . . . . .
 8 . . @ . . . . . .
 7 . . O X X X3. . .
 6 . . . O O2. X . .
 5 . . . . . . . . .
 4 . . . O . O X . .
 3 . . . . . X O . .
 2 . . . . . . X1. .
 1 . . . . . . . . .

koPOSITIONALscoreAREAtaxNONEsui1komi7.5
Time taken: 1.031
Root visits: 4830
New playouts: 822
NN rows: 513
NN batches: 49
NN avg batch size: 10.4694
PV: C8 F5 E2 D3 E3 E4 E5 C4 F4 C6 F2 B6 F6 H6 C3 B3 C2 B2 C5 B4 G5 C1
Tree:
: T  96.36c W  94.63c S   2.47c ( +3.1 L  +3.1) N    4830  --  C8 F5 E2 D3 E3 E4 E5
---White(^)---
C8  : T  97.65c W  95.27c S   3.03c ( +3.4 L  +3.3) LCB   96.31c P 31.33% WF 6569.1 PSV    6450 N    3668  --  C8 F5 E2 D3 E3 E4 E5 C4
E3  : T  90.57c W  91.50c S   0.83c ( +2.5 L  +2.5) LCB   83.74c P 41.44% WF 762.6 PSV     572 N     506  --  E3 H3 C8 E2 D2 C3 C2 D3
E2  : T  93.17c W  93.35c S  -0.32c ( +2.0 L  +1.7) LCB   88.13c P 10.75% WF 383.0 PSV     225 N     249  --  E2 C6 B7 E4 F5 E3 D3 F2
H3  : T  91.93c W  92.54c S   0.45c ( +2.3 L  +2.1) LCB   87.56c P  7.39% WF 479.8 PSV     124 N     324  --  H3 F5 E4 E2 D2 H2 C8 C2
G5  : T  91.20c W  92.81c S  -1.50c ( +1.6 L  +1.2) LCB   85.99c P  6.88% WF 111.8 PSV     103 N      74  --  G5 H3 C8 D3 H5 E4 F5 H6
D2  : T  82.34c W  84.59c S  -2.15c ( +1.3 L  +0.6) LCB   59.38c P  1.05% WF   6.1 PSV       6 N       6  --  D2 C8 H3 E3 E4
D3  : T  15.01c W  21.34c S  -6.34c ( -0.5 L  -0.1) LCB -334.99c P  0.75% WF   0.4 PSV       0 N       1  --  D3
D8  : T  59.30c W  63.08c S  -3.79c ( +0.5 L  +0.2) LCB -290.70c P  0.25% WF   0.8 PSV       0 N       1  --  D8

2024-06-18 20:18:56-0400: = C8
2024-06-18 20:19:00-0400: Controller: kata-list_time_settings
2024-06-18 20:19:00-0400: = none absolute byoyomi canadian fischer fischer-capped
2024-06-18 20:19:00-0400: Controller: play black f5
2024-06-18 20:19:01-0400: = 
2024-06-18 20:19:01-0400: Controller: genmove white
2024-06-18 20:19:02-0400: MoveNum: 15 HASH: 9ADD99AF696A8EEBE6EF6651F3EC37FC
   A B C D E F G H J
 9 . . . . . . . . .
 8 . . O2. . . . . .
 7 . . O X X X1. . .
 6 . . . O O . X . .
 5 . . . . . X3. . .
 4 . . . O . O X . .
 3 . . . . . X O . .
 2 . . . . @ . X . .
 1 . . . . . . . . .

koPOSITIONALscoreAREAtaxNONEsui1komi7.5
Time taken: 1.078
Root visits: 6831
New playouts: 1373
NN rows: 514
NN batches: 46
NN avg batch size: 11.1739
PV: E2 D3 E3 E4 E5 F2 F4 D2 E4 E1 C3 C2 D1 C1 B3 B2 H3 H2 H4 G5 F1 C4 B4 C5 B5
Tree:
: T  95.53c W  94.22c S   2.19c ( +3.2 L  +3.2) N    6831  --  E2 D3 E3 E4 E5 F2 F4
---White(^)---
E2  : T  96.20c W  94.59c S   2.45c ( +3.3 L  +3.3) LCB   95.02c P 43.00% WF 10157.7 PSV   10082 N    6355  --  E2 D3 E3 E4 E5 F2 F4 D2
D2  : T  84.50c W  87.99c S  -4.34c ( +0.8 L  +0.6) LCB   74.82c P 27.87% WF 274.4 PSV     303 N     232  --  D2 E4 F9 D5 C4 E2 C5 C2
E4  : T  86.18c W  89.57c S  -0.94c ( +1.9 L  +1.7) LCB   73.98c P 20.34% WF 238.3 PSV     257 N     165  --  E4 D2 E3 F2 E2 C3 H3 E1
C3  : T  79.12c W  83.09c S  -3.76c ( +0.9 L  +0.5) LCB   64.20c P  2.46% WF  47.0 PSV      18 N      49  --  C3 E4 F9 D3 D2 D5 C4 C5
E3  : T  63.34c W  75.31c S  -2.21c ( +1.4 L  +0.8) LCB    4.92c P  3.43% WF  15.2 PSV      13 N      20  --  E3 E4 E2 C4 D3 C5 C6 C2
C2  : T  66.74c W  71.45c S  -4.43c ( +0.7 L  +0.2) LCB    9.99c P  0.84% WF   3.6 PSV       3 N       5  --  C2 E4 F9
D3  : T -36.07c W -13.92c S  -7.85c ( -0.8 L  -0.5) LCB -124.26c P  1.80% WF   0.9 PSV       1 N       3  --  D3 E2 D2
F2  : T  -6.90c W   0.15c S  -7.05c ( -0.5 L  -0.0) LCB -356.90c P  0.22% WF   0.3 PSV       0 N       1  --  F2

2024-06-18 20:19:02-0400: = E2
2024-06-18 20:19:03-0400: Controller: kata-list_time_settings
2024-06-18 20:19:03-0400: = none absolute byoyomi canadian fischer fischer-capped
2024-06-18 20:19:03-0400: Controller: play black d3
2024-06-18 20:19:03-0400: = 
2024-06-18 20:19:03-0400: Controller: genmove white
2024-06-18 20:19:04-0400: MoveNum: 17 HASH: 1FA62F84A0C140FA10279D3D8B8D3F8B
   A B C D E F G H J
 9 . . . . . . . . .
 8 . . O . . . . . .
 7 . . O X X X . . .
 6 . . . O O . X . .
 5 . . . . . X1. . .
 4 . . . O . O X . .
 3 . . . X3@ X O . .
 2 . . . . O2. X . .
 1 . . . . . . . . .

koPOSITIONALscoreAREAtaxNONEsui1komi7.5
Time taken: 1.047
Root visits: 8388
New playouts: 1436
NN rows: 501
NN batches: 48
NN avg batch size: 10.4375
PV: E3 E4 E5 F2 F4 D2 E4 E1 C3 C2 D1 F1 B2 C1 H3 H2 B1 D1 F6 G5 G7 H7 G8 H8 B3
Tree:
: T  97.27c W  95.02c S   2.73c ( +3.6 L  +3.6) N    8388  --  E3 E4 E5 F2 F4 D2 E4
---White(^)---
E3  : T  97.45c W  95.09c S   2.84c ( +3.6 L  +3.7) LCB   96.53c P 80.73% WF 13043.8 PSV   13018 N    8194  --  E3 E4 E5 F2 F4 D2 E4 E1
C3  : T  88.83c W  91.76c S  -3.42c ( +1.2 L  +1.1) LCB   79.72c P 18.74% WF 265.8 PSV     283 N     191  --  C3 E4 E3 D5 C4 C6 C5 E5
E4  : T -75.24c W -66.41c S  -8.83c ( -1.3 L  -1.7) LCB -425.24c P  0.26% WF   0.3 PSV       0 N       1  --  E4
D2  : T -83.01c W -73.44c S  -9.57c ( -1.9 L  -3.6) LCB -433.01c P  0.21% WF   0.3 PSV       0 N       1  --  D2

2024-06-18 20:19:04-0400: = E3
2024-06-18 20:19:06-0400: Controller: quit
2024-06-18 20:19:06-0400: Quit requested by controller
2024-06-18 20:19:06-0400: = 
2024-06-18 20:19:06-0400: GPU -1 finishing, processed 21825 rows 1964 batches
2024-06-18 20:19:06-0400: All cleaned up, quitting
