2024-06-02 20:25:40-0400: Running with following config:
allowResignation = true
lagBuffer = 1.0
logAllGTPCommunication = true
logDir = gtp_logs
logSearchInfo = true
logSearchInfoForChosenMove = false
logToStderr = false
maxTimePondering = 120.0
maxVisits = 30000
numSearchThreads = 16
ogsChatToStderr = true
ponderingEnabled = true
resignConsecTurns = 3
resignThreshold = -0.90
rules = tromp-taylor
searchFactorAfterOnePass = 0.50
searchFactorAfterTwoPass = 0.25
searchFactorWhenWinning = 0.40
searchFactorWhenWinningThreshold = 0.95

2024-06-02 20:25:40-0400: GTP Engine starting...
2024-06-02 20:25:40-0400: KataGo v1.14.1
2024-06-02 20:25:40-0400: Using TrompTaylor rules initially, unless GTP/GUI overrides this
2024-06-02 20:25:40-0400: Using 16 CPU thread(s) for search
2024-06-02 20:25:41-0400: nnRandSeed0 = 1311984761906642739
2024-06-02 20:25:41-0400: After dedups: nnModelFile0 = C:\Users\chang\Downloads\KaTrain\KaTrain\katrain\models/kata1-b18c384nbt-s6582191360-d3422816034.bin.gz useFP16 auto useNHWC auto
2024-06-02 20:25:41-0400: Initializing neural net buffer to be size 19 * 19 exactly
2024-06-02 20:25:42-0400: Found OpenCL Platform 0: NVIDIA CUDA (NVIDIA Corporation) (OpenCL 3.0 CUDA 12.4.89)
2024-06-02 20:25:42-0400: Found 1 device(s) on platform 0 with type CPU or GPU or Accelerator
2024-06-02 20:25:42-0400: Found OpenCL Platform 1: Intel(R) OpenCL Graphics (Intel(R) Corporation) (OpenCL 3.0 )
2024-06-02 20:25:42-0400: Found 1 device(s) on platform 1 with type CPU or GPU or Accelerator
2024-06-02 20:25:42-0400: Found OpenCL Device 0: NVIDIA GeForce RTX 4060 Laptop GPU (NVIDIA Corporation) (score 11000300)
2024-06-02 20:25:42-0400: Found OpenCL Device 1: Intel(R) UHD Graphics (Intel(R) Corporation) (score 6000300)
2024-06-02 20:25:42-0400: Creating context for OpenCL Platform: NVIDIA CUDA (NVIDIA Corporation) (OpenCL 3.0 CUDA 12.4.89)
2024-06-02 20:25:43-0400: Using OpenCL Device 0: NVIDIA GeForce RTX 4060 Laptop GPU (NVIDIA Corporation) OpenCL 3.0 CUDA (Extensions: cl_khr_global_int32_base_atomics cl_khr_global_int32_extended_atomics cl_khr_local_int32_base_atomics cl_khr_local_int32_extended_atomics cl_khr_fp64 cl_khr_3d_image_writes cl_khr_byte_addressable_store cl_khr_icd cl_khr_gl_sharing cl_nv_compiler_options cl_nv_device_attribute_query cl_nv_pragma_unroll cl_nv_d3d10_sharing cl_khr_d3d10_sharing cl_nv_d3d11_sharing cl_nv_copy_opts cl_nv_create_buffer cl_khr_int64_base_atomics cl_khr_int64_extended_atomics cl_khr_device_uuid cl_khr_pci_bus_info cl_khr_external_semaphore cl_khr_external_memory cl_khr_external_semaphore_win32 cl_khr_external_memory_win32)
2024-06-02 20:25:43-0400: Loaded tuning parameters from: C:\Users\chang\Downloads\katago-v1.14.1-opencl-windows-x64/KataGoData/opencltuning/tune11_gpuNVIDIAGeForceRTX4060LaptopGPU_x19_y19_c384_mv14.txt
2024-06-02 20:25:43-0400: OpenCL backend thread 0: Model version 14
2024-06-02 20:25:43-0400: OpenCL backend thread 0: Model name: kata1-b18c384nbt-s6582191360-d3422816034
2024-06-02 20:25:44-0400: OpenCL backend thread 0: FP16Storage true FP16Compute false FP16TensorCores true FP16TensorCoresFor1x1 false
2024-06-02 20:25:44-0400: Loaded neural net with nnXLen 19 nnYLen 19
2024-06-02 20:25:44-0400: Initializing board with boardXSize 19 boardYSize 19
2024-06-02 20:25:44-0400: Loaded config C:/Users/chang/Downloads/katago-v1.14.1-opencl-windows-x64/default_gtp.cfg
2024-06-02 20:25:44-0400: Loaded model C:\Users\chang\Downloads\KaTrain\KaTrain\katrain\models/kata1-b18c384nbt-s6582191360-d3422816034.bin.gz
2024-06-02 20:25:44-0400: Model name: kata1-b18c384nbt-s6582191360-d3422816034
2024-06-02 20:25:44-0400: GTP ready, beginning main protocol loop
2024-06-02 20:25:44-0400: Controller: list_commands
2024-06-02 20:25:44-0400: = protocol_version
name
version
known_command
list_commands
quit
boardsize
rectangular_boardsize
clear_board
set_position
komi
get_komi
play
undo
kata-get-rules
kata-set-rule
kata-set-rules
kata-get-param
kata-set-param
kata-list-params
kgs-rules
genmove
genmove_debug
search_debug
clear_cache
showboard
fixed_handicap
place_free_handicap
set_free_handicap
time_settings
kgs-time_settings
time_left
kata-list_time_settings
kata-time_settings
final_score
final_status_list
loadsgf
printsgf
lz-genmove_analyze
kata-genmove_analyze
lz-analyze
kata-analyze
kata-raw-nn
cputime
gomill-cpu_time
kata-benchmark
kata-debug-print-tc
debug_moves
stop
2024-06-02 20:25:44-0400: Controller: boardsize 9
2024-06-02 20:25:44-0400: GPU -1 finishing, processed 0 rows 0 batches
2024-06-02 20:25:45-0400: Cleaned up old neural net and bot
2024-06-02 20:25:45-0400: nnRandSeed0 = 15169655295688496498
2024-06-02 20:25:45-0400: After dedups: nnModelFile0 = C:\Users\chang\Downloads\KaTrain\KaTrain\katrain\models/kata1-b18c384nbt-s6582191360-d3422816034.bin.gz useFP16 auto useNHWC auto
2024-06-02 20:25:45-0400: Initializing neural net buffer to be size 9 * 9 exactly
2024-06-02 20:25:46-0400: Found OpenCL Platform 0: NVIDIA CUDA (NVIDIA Corporation) (OpenCL 3.0 CUDA 12.4.89)
2024-06-02 20:25:46-0400: Found 1 device(s) on platform 0 with type CPU or GPU or Accelerator
2024-06-02 20:25:46-0400: Found OpenCL Platform 1: Intel(R) OpenCL Graphics (Intel(R) Corporation) (OpenCL 3.0 )
2024-06-02 20:25:46-0400: Found 1 device(s) on platform 1 with type CPU or GPU or Accelerator
2024-06-02 20:25:46-0400: Found OpenCL Device 0: NVIDIA GeForce RTX 4060 Laptop GPU (NVIDIA Corporation) (score 11000300)
2024-06-02 20:25:46-0400: Found OpenCL Device 1: Intel(R) UHD Graphics (Intel(R) Corporation) (score 6000300)
2024-06-02 20:25:46-0400: Creating context for OpenCL Platform: NVIDIA CUDA (NVIDIA Corporation) (OpenCL 3.0 CUDA 12.4.89)
2024-06-02 20:25:46-0400: Using OpenCL Device 0: NVIDIA GeForce RTX 4060 Laptop GPU (NVIDIA Corporation) OpenCL 3.0 CUDA (Extensions: cl_khr_global_int32_base_atomics cl_khr_global_int32_extended_atomics cl_khr_local_int32_base_atomics cl_khr_local_int32_extended_atomics cl_khr_fp64 cl_khr_3d_image_writes cl_khr_byte_addressable_store cl_khr_icd cl_khr_gl_sharing cl_nv_compiler_options cl_nv_device_attribute_query cl_nv_pragma_unroll cl_nv_d3d10_sharing cl_khr_d3d10_sharing cl_nv_d3d11_sharing cl_nv_copy_opts cl_nv_create_buffer cl_khr_int64_base_atomics cl_khr_int64_extended_atomics cl_khr_device_uuid cl_khr_pci_bus_info cl_khr_external_semaphore cl_khr_external_memory cl_khr_external_semaphore_win32 cl_khr_external_memory_win32)
2024-06-02 20:25:46-0400: Loaded tuning parameters from: C:\Users\chang\Downloads\katago-v1.14.1-opencl-windows-x64/KataGoData/opencltuning/tune11_gpuNVIDIAGeForceRTX4060LaptopGPU_x19_y19_c384_mv14.txt
2024-06-02 20:25:46-0400: OpenCL backend thread 0: Model version 14
2024-06-02 20:25:46-0400: OpenCL backend thread 0: Model name: kata1-b18c384nbt-s6582191360-d3422816034
2024-06-02 20:25:48-0400: OpenCL backend thread 0: FP16Storage true FP16Compute false FP16TensorCores true FP16TensorCoresFor1x1 false
2024-06-02 20:25:48-0400: Loaded neural net with nnXLen 9 nnYLen 9
2024-06-02 20:25:48-0400: Initializing board with boardXSize 9 boardYSize 9
2024-06-02 20:25:48-0400: = 
2024-06-02 20:25:48-0400: Controller: clear_board
2024-06-02 20:25:48-0400: = 
2024-06-02 20:25:48-0400: Controller: komi 7.5
2024-06-02 20:25:48-0400: = 
2024-06-02 20:25:48-0400: Controller: set_free_handicap f7 e4
2024-06-02 20:25:48-0400: = 
2024-06-02 20:25:48-0400: Controller: genmove white
2024-06-02 20:26:11-0400: MoveNum: 0 HASH: 92AC8BE3A8C3699E094ACF512590CBAA
   A B C D E F G H J
 9 . . . . . . . . .
 8 . . . . . . . . .
 7 . . . @ . X . . .
 6 . . . . . . . . .
 5 . . . . . . . . .
 4 . . . . X . . . .
 3 . . . . . . . . .
 2 . . . . . . . . .
 1 . . . . . . . . .

koPOSITIONALscoreAREAtaxNONEsui1komi7.5
Time taken: 23.203
Root visits: 30015
New playouts: 30015
NN rows: 26478
NN batches: 2390
NN avg batch size: 11.0787
PlayoutDoublingAdvantage: 1.75
PV: D7 C5 F6 G6 F5 E7 E6 D6 G5 H6 H5 D8 C7 D5 F3 E2 C8
Tree:
: T -109.95c W -99.44c S -10.30c (-10.7 L -10.5) N   30015  --  D7 C5 F6 G6 F5 E7 E6
---White(^)---
D7  : T -109.77c W -99.36c S -10.21c (-10.7 L -10.6) LCB -109.96c P 11.35% WF 58232.4 PSV   63470 N   14996  --  D7 C5 F6 G6 F5 E7 E6 D6
C5  : T -110.01c W -99.51c S -10.28c (-10.6 L -10.4) LCB -110.26c P 20.56% WF 20578.8 PSV   20121 N    5049  --  C5 C4 B4 C3 B3 G4 D7 D5
G3  : T -109.82c W -99.53c S -10.12c (-10.5 L -10.3) LCB -110.10c P  4.63% WF 13652.5 PSV   12443 N    3120  --  G3 C4 F5 E5 B4 F3 C3 B5
D6  : T -110.07c W -99.44c S -10.42c (-10.8 L -10.6) LCB -110.43c P 15.21% WF 12362.8 PSV   12258 N    2976  --  D6 E6 D7 C4 G3 G5 B5 C5
C4  : T -110.09c W -99.48c S -10.37c (-10.7 L -10.5) LCB -110.51c P 11.39% WF 8820.8 PSV    8666 N    2139  --  C4 D6 G3 F3 G4 E2 E6 E5
G5  : T -110.30c W -99.64c S -10.40c (-10.6 L -10.3) LCB -110.87c P  4.36% WF 2117.8 PSV    2134 N     461  --  G5 D6 D5 E5 F3 E3 C6 C7
G4  : T -110.75c W -99.63c S -10.85c (-10.9 L -10.6) LCB -111.48c P  4.93% WF 1354.7 PSV    1357 N     291  --  G4 C4 G6 G7 E5 F5 D5 F6
G6  : T -110.23c W -99.63c S -10.26c (-10.5 L -10.3) LCB -110.95c P  1.99% WF 1124.5 PSV    1107 N     248  --  G6 F6 G4 G3 H3 C4
C6  : T -111.68c W -99.67c S -11.94c (-11.4 L -11.1) LCB -112.56c P  5.98% WF 850.4 PSV     866 N     179  --  C6 C4 D7 G4 G3 F3 B4 B3
C3  : T -111.17c W -99.63c S -11.23c (-11.0 L -10.8) LCB -112.82c P  2.52% WF 515.4 PSV     494 N     112  --  C3 C5 D6 D5 F6 G6 F5 E6

2024-06-02 20:26:11-0400: = D7
2024-06-02 20:26:15-0400: Controller: kata-list_time_settings
2024-06-02 20:26:15-0400: = none absolute byoyomi canadian fischer fischer-capped
2024-06-02 20:26:15-0400: Controller: play black c6
2024-06-02 20:26:15-0400: = 
2024-06-02 20:26:15-0400: Controller: genmove white
2024-06-02 20:26:31-0400: MoveNum: 2 HASH: 565FE39F8C6445D44615F78F1A4F2B30
   A B C D E F G H J
 9 . . . . . . . . .
 8 . . . . . . . . .
 7 . . . O1. X . . .
 6 . . X2. . . . . .
 5 . . . @ . . . . .
 4 . . . . X . . . .
 3 . . . . . . . . .
 2 . . . . . . . . .
 1 . . . . . . . . .

koPOSITIONALscoreAREAtaxNONEsui1komi7.5
Time taken: 16.407
Root visits: 30013
New playouts: 29438
NN rows: 18761
NN batches: 1694
NN avg batch size: 11.075
PlayoutDoublingAdvantage: 1.75
PV: D5 D6 E5 E6 F5 F4 G4 G3 G5 D3 H3 C5 G7 G8 D4 C4 E3 D2 F8
Tree:
: T -106.44c W -99.24c S  -7.12c (-10.0 L  -9.9) N   30013  --  D5 D6 E5 E6 F5 F4 G4
---White(^)---
D5  : T -106.17c W -99.25c S  -6.85c ( -9.9 L  -9.7) LCB -106.35c P 14.49% WF 78603.9 PSV   78155 N   24742  --  D5 D6 E5 E6 F5 F4 G4 G3
D6  : T -107.16c W -99.13c S  -7.95c (-10.5 L -10.4) LCB -107.65c P 33.11% WF 10997.5 PSV    9089 N    3564  --  D6 D5 C7 G5 C5 C4 B6 B4
F6  : T -107.88c W -99.25c S  -8.41c (-10.7 L -10.6) LCB -108.52c P 31.23% WF 4930.4 PSV    5055 N    1479  --  F6 E6 E7 G6 F5 G7 D6 E5
C7  : T -111.74c W -99.78c S -11.83c (-12.1 L -11.8) LCB -114.34c P  4.01% WF 193.4 PSV     203 N      41  --  C7 D6 F3 E3 F4 E2
F8  : T -110.15c W -99.72c S -10.59c (-11.6 L -11.2) LCB -112.20c P  2.04% WF 143.0 PSV     144 N      31  --  F8 G7 C7 B5 G8
E5  : T -108.36c W -99.57c S  -8.61c (-10.7 L -10.6) LCB -110.74c P  0.95% WF 120.9 PSV     121 N      31  --  E5 D4 F6 G6
G4  : T -111.58c W -99.74c S -11.76c (-12.1 L -11.9) LCB -116.35c P  1.25% WF  64.3 PSV      65 N      13  --  G4 D6 E3 D3
G3  : T -110.75c W -99.68c S -10.90c (-11.7 L -11.4) LCB -114.70c P  1.04% WF  71.0 PSV      63 N      15  --  G3 G5 D5 D6
G5  : T -112.04c W -99.77c S -11.95c (-12.1 L -11.8) LCB -118.48c P  1.16% WF  53.5 PSV      56 N      11  --  G5 D6 F3 E3
G7  : T -112.68c W -99.83c S -12.54c (-12.4 L -12.1) LCB -121.30c P  1.09% WF  46.1 PSV      47 N       9  --  G7 G6 F8

2024-06-02 20:26:31-0400: = D5
2024-06-02 20:26:33-0400: Controller: kata-list_time_settings
2024-06-02 20:26:33-0400: = none absolute byoyomi canadian fischer fischer-capped
2024-06-02 20:26:33-0400: Controller: play black d6
2024-06-02 20:26:33-0400: = 
2024-06-02 20:26:33-0400: Controller: genmove white
2024-06-02 20:26:36-0400: MoveNum: 4 HASH: 806B2C0F944F616F2A80093CA8DB6DA6
   A B C D E F G H J
 9 . . . . . . . . .
 8 . . . . . . . . .
 7 . . . O . X . . .
 6 . . X1X3. . . . .
 5 . . . O2@ . . . .
 4 . . . . X . . . .
 3 . . . . . . . . .
 2 . . . . . . . . .
 1 . . . . . . . . .

koPOSITIONALscoreAREAtaxNONEsui1komi7.5
Time taken: 2.875
Root visits: 30014
New playouts: 4696
NN rows: 3242
NN batches: 292
NN avg batch size: 11.1027
PlayoutDoublingAdvantage: 1.75
PV: E5 E6 F5 F4 G4 G3 G5 D3 C5 B5 B4 H3 B6 B7 A5 G7 C3 C2 B2 B8
Tree:
: T -106.01c W -99.21c S  -6.79c ( -9.9 L  -9.8) N   30014  --  E5 E6 F5 F4 G4 G3 G5
---White(^)---
E5  : T -105.91c W -99.20c S  -6.70c ( -9.9 L  -9.7) LCB -106.08c P 70.58% WF 90842.2 PSV   90754 N   29803  --  E5 E6 F5 F4 G4 G3 G5 D3
E6  : T -113.46c W -99.53c S -13.61c (-13.6 L -13.6) LCB -115.60c P 18.50% WF 622.8 PSV     679 N     156  --  E6 E5 C7 B6 F6 E7 G6 G7
G3  : T -115.22c W -99.87c S -15.53c (-13.9 L -13.5) LCB -158.98c P  0.68% WF  22.2 PSV      20 N       4  --  G3 E5 E2
F3  : T -116.22c W -99.89c S -16.58c (-14.7 L -14.2) LCB -160.49c P  0.65% WF  21.9 PSV      17 N       4  --  F3 F4 E3
E3  : T -115.53c W -99.86c S -15.63c (-14.2 L -13.7) LCB -190.98c P  0.58% WF  15.8 PSV      16 N       3  --  E3 D4
G5  : T -116.80c W -99.87c S -16.86c (-14.9 L -14.3) LCB -192.30c P  0.60% WF  15.9 PSV      15 N       3  --  G5 E5
G4  : T -119.72c W -99.94c S -19.35c (-16.3 L -15.6) LCB -194.00c P  0.70% WF  16.7 PSV      14 N       3  --  G4 E6
E2  : T -117.03c W -99.90c S -17.11c (-15.0 L -14.2) LCB -192.24c P  0.52% WF  16.5 PSV      13 N       3  --  E2 G4
C3  : T -118.00c W -99.90c S -18.21c (-15.6 L -14.9) LCB -193.08c P  0.54% WF  16.5 PSV      12 N       3  --  C3 E6
G6  : T -119.90c W -99.92c S -19.19c (-16.2 L -15.6) LCB -269.50c P  0.61% WF  11.8 PSV      12 N       2  --  G6 F6

2024-06-02 20:26:36-0400: = E5
2024-06-02 20:26:38-0400: Controller: kata-list_time_settings
2024-06-02 20:26:38-0400: = none absolute byoyomi canadian fischer fischer-capped
2024-06-02 20:26:38-0400: Controller: play black e6
2024-06-02 20:26:38-0400: = 
2024-06-02 20:26:38-0400: Controller: genmove white
2024-06-02 20:26:38-0400: MoveNum: 6 HASH: 427FFC9DBEE7CDD490B7C0D469B05D7F
   A B C D E F G H J
 9 . . . . . . . . .
 8 . . . . . . . . .
 7 . . . O . X . . .
 6 . . X X1X3. . . .
 5 . . . O O2@ . . .
 4 . . . . X . . . .
 3 . . . . . . . . .
 2 . . . . . . . . .
 1 . . . . . . . . .

koPOSITIONALscoreAREAtaxNONEsui1komi7.5
Time taken: 0.016
Root visits: 30875
New playouts: 0
NN rows: 1
NN batches: 1
NN avg batch size: 1
PlayoutDoublingAdvantage: 1.75
PV: F5 F4 G4 G3 G5 D3 C5 B5 B4 H3 B6 B7 A5 G7 C3 C2 B2 B8 D2
Tree:
: T -105.97c W -99.20c S  -6.78c ( -9.9 L  -9.8) N   30875  --  F5 F4 G4 G3 G5 D3 C5
---White(^)---
F5  : T -105.95c W -99.20c S  -6.75c ( -9.9 L  -9.8) LCB -106.11c P 88.46% WF 92909.9 PSV   92897 N   30834  --  F5 F4 G4 G3 G5 D3 C5 B5
F4  : T -113.79c W -99.73c S -13.59c (-13.1 L -12.8) LCB -118.00c P  3.29% WF  82.8 PSV      88 N      20  --  F4 D4 F5 C5 F3 E2
G5  : T -112.81c W -99.73c S -13.60c (-13.2 L -12.9) LCB -158.56c P  0.69% WF  17.9 PSV      19 N       4  --  G5 D4 C5
E3  : T -119.66c W -99.83c S -19.13c (-16.3 L -15.7) LCB -269.24c P  0.57% WF  11.1 PSV      11 N       2  --  E3 F4
G3  : T -122.65c W -99.83c S -22.82c (-18.8 L -18.0) LCB -472.65c P  0.54% WF   6.7 PSV       8 N       1  --  G3
G4  : T -122.01c W -99.79c S -22.22c (-18.0 L -17.5) LCB -472.01c P  0.52% WF   6.6 PSV       8 N       1  --  G4
B6  : T -121.70c W -99.92c S -21.78c (-18.2 L -17.7) LCB -471.70c P  0.52% WF   6.7 PSV       8 N       1  --  B6
D4  : T -122.40c W -99.70c S -22.69c (-18.9 L -18.7) LCB -472.40c P  0.55% WF   6.4 PSV       7 N       1  --  D4
F3  : T -119.51c W -99.81c S -19.71c (-16.5 L -15.8) LCB -469.51c P  0.52% WF   6.3 PSV       7 N       1  --  F3
G7  : T -123.13c W -99.92c S -23.21c (-19.5 L -19.1) LCB -473.13c P  0.45% WF   6.6 PSV       7 N       1  --  G7

2024-06-02 20:26:38-0400: = F5
2024-06-02 20:26:41-0400: Controller: kata-list_time_settings
2024-06-02 20:26:41-0400: = none absolute byoyomi canadian fischer fischer-capped
2024-06-02 20:26:41-0400: Controller: play black c5
2024-06-02 20:26:41-0400: = 
2024-06-02 20:26:41-0400: Controller: genmove white
2024-06-02 20:27:01-0400: MoveNum: 8 HASH: 890D0660216F892D37361050DD35137F
   A B C D E F G H J
 9 . . . . . . . . .
 8 . . . . . . . . .
 7 . . . O . X . . .
 6 . . X X X1. . . .
 5 . . X3O O O2. . .
 4 . . . @ X . . . .
 3 . . . . . . . . .
 2 . . . . . . . . .
 1 . . . . . . . . .

koPOSITIONALscoreAREAtaxNONEsui1komi7.5
Time taken: 19.25
Root visits: 30015
New playouts: 29987
NN rows: 22238
NN batches: 1909
NN avg batch size: 11.649
PlayoutDoublingAdvantage: 1.75
PV: D4 G3 D2 E3 G4 D3 C4 H4 C3 G6 F3 G5 F4 H3 C7 B6 B4 A6 G2
Tree:
: T -109.51c W -98.98c S -10.38c (-10.0 L  -9.8) N   30015  --  D4 G3 D2 E3 G4 D3 C4
---White(^)---
D4  : T -109.48c W -98.97c S -10.35c ( -9.9 L  -9.8) LCB -109.69c P 92.86% WF 86344.7 PSV   86333 N   29971  --  D4 G3 D2 E3 G4 D3 C4 H4
F4  : T -117.42c W -99.82c S -17.35c (-13.1 L -12.7) LCB -138.27c P  0.72% WF  28.4 PSV      25 N       6  --  F4 D4 F3 E2
F3  : T -115.33c W -99.71c S -15.81c (-12.4 L -12.2) LCB -145.73c P  0.48% WF  23.1 PSV      22 N       5  --  F3 D4 F4 E2
C4  : T -118.46c W -99.68c S -19.00c (-14.1 L -14.1) LCB -194.14c P  0.48% WF  16.4 PSV      15 N       3  --  C4 D4 F4
C3  : T -119.31c W -99.64c S -19.60c (-14.6 L -14.3) LCB -195.17c P  0.49% WF  16.5 PSV      14 N       3  --  C3 D4 F4
G7  : T -120.62c W -99.81c S -20.74c (-15.3 L -14.9) LCB -196.14c P  0.53% WF  16.7 PSV      13 N       3  --  G7 D4 F4
F6  : T -121.56c W -99.72c S -21.79c (-16.8 L -16.6) LCB -273.34c P  0.42% WF  11.3 PSV       9 N       2  --  F6 D4
E3  : T -120.64c W -99.79c S -20.38c (-15.0 L -14.5) LCB -272.09c P  0.37% WF  10.7 PSV       9 N       2  --  E3 D4
G3  : T -120.30c W -99.83c S -20.69c (-15.1 L -14.7) LCB -273.03c P  0.37% WF  11.3 PSV       9 N       2  --  G3 D4
E2  : T -117.52c W -99.68c S -17.74c (-13.4 L -13.0) LCB -269.67c P  0.27% WF  10.3 PSV       9 N       2  --  E2 D4

2024-06-02 20:27:01-0400: = D4
2024-06-02 20:27:02-0400: Controller: kata-list_time_settings
2024-06-02 20:27:02-0400: = none absolute byoyomi canadian fischer fischer-capped
2024-06-02 20:27:02-0400: Controller: play black c3
2024-06-02 20:27:02-0400: = 
2024-06-02 20:27:02-0400: Controller: genmove white
2024-06-02 20:27:18-0400: MoveNum: 10 HASH: 7FE17ABAA3AC41624A9B956316B43DE0
   A B C D E F G H J
 9 . . . . . . . . .
 8 . . . . . . . . .
 7 . . . O . X . . .
 6 . . X X X . . . .
 5 . . X1O O O . . .
 4 . . @ O2X . . . .
 3 . . X3. . . . . .
 2 . . . . . . . . .
 1 . . . . . . . . .

koPOSITIONALscoreAREAtaxNONEsui1komi7.5
Time taken: 15.578
Root visits: 30015
New playouts: 29974
NN rows: 17930
NN batches: 1539
NN avg batch size: 11.6504
PlayoutDoublingAdvantage: 1.75
PV: C4 B4 B3 B2 D3 C2 G7 G6 F6 E7 H6 G8 G5 E2 D2 D1 B5 A3 B6 C7 B7 B8 C8
Tree:
: T -104.90c W -98.15c S  -6.68c ( -7.3 L  -7.1) N   30015  --  C4 B4 B3 B2 D3 C2 G7
---White(^)---
C4  : T -104.71c W -98.06c S  -6.58c ( -7.3 L  -7.1) LCB -105.05c P 36.84% WF 45696.0 PSV   66627 N   21874  --  C4 B4 B3 B2 D3 C2 G7 G6
D3  : T -105.31c W -98.36c S  -6.89c ( -7.3 L  -7.1) LCB -105.82c P 58.32% WF 17519.4 PSV   17735 N    8077  --  D3 G6 G5 C4 H5 H6 J6 D2
F6  : T -107.06c W -98.90c S  -8.38c ( -8.3 L  -8.4) LCB -110.24c P  0.58% WF  64.6 PSV      64 N      25  --  F6 G7 C4 B4 D3 C2 B5 B3
G7  : T -110.93c W -99.59c S -11.24c ( -9.2 L  -8.9) LCB -115.75c P  1.09% WF  45.9 PSV      48 N      15  --  G7 D3 F4 G8
F8  : T -111.78c W -99.47c S -12.11c ( -9.8 L  -9.6) LCB -158.21c P  0.36% WF  14.9 PSV      14 N       4  --  F8 D3 G7 G6
G6  : T -111.65c W -99.65c S -12.76c ( -9.9 L  -9.6) LCB -168.14c P  0.29% WF  10.8 PSV      11 N       3  --  G6 D3 G7 G8
C7  : T -114.14c W -99.53c S -14.05c (-10.9 L -11.0) LCB -191.13c P  0.33% WF  13.6 PSV       9 N       3  --  C7 D3 F3
E2  : T -114.07c W -99.71c S -14.29c (-10.6 L -10.0) LCB -194.03c P  0.32% WF  10.8 PSV       9 N       3  --  E2 G6
E3  : T -116.09c W -99.64c S -16.44c (-11.6 L -11.4) LCB -466.09c P  0.21% WF   5.2 PSV       5 N       1  --  E3
E8  : T -114.18c W -99.32c S -14.85c (-11.2 L -11.3) LCB -464.18c P  0.17% WF   5.6 PSV       5 N       1  --  E8

2024-06-02 20:27:18-0400: = C4
2024-06-02 20:27:19-0400: Controller: kata-list_time_settings
2024-06-02 20:27:19-0400: = none absolute byoyomi canadian fischer fischer-capped
2024-06-02 20:27:19-0400: Controller: play black b4
2024-06-02 20:27:19-0400: = 
2024-06-02 20:27:19-0400: Controller: genmove white
2024-06-02 20:27:21-0400: MoveNum: 12 HASH: DE92B8B23FDC25D9FDB73A252F307C81
   A B C D E F G H J
 9 . . . . . . . . .
 8 . . . . . . . . .
 7 . . . O . X . . .
 6 . . X X X . . . .
 5 . . X O O O . . .
 4 . X3O2O X . . . .
 3 . @ X1. . . . . .
 2 . . . . . . . . .
 1 . . . . . . . . .

koPOSITIONALscoreAREAtaxNONEsui1komi7.5
Time taken: 1.485
Root visits: 30015
New playouts: 5931
NN rows: 1594
NN batches: 145
NN avg batch size: 10.9931
PlayoutDoublingAdvantage: 1.75
PV: B3 B2 D3 C2 G7 G8 G6 E2 D2 G2 D1 H3 G4 H4 B5 A3 H5 H1 C7 B6 E8
Tree:
: T -103.54c W -98.00c S  -5.59c ( -7.6 L  -7.4) N   30015  --  B3 B2 D3 C2 G7 G8 G6
---White(^)---
B3  : T -103.29c W -98.03c S  -5.55c ( -7.6 L  -7.5) LCB -103.86c P 14.14% WF 18284.6 PSV   61694 N    8836  --  B3 B2 D3 C2 G7 G8 G6 E2
D3  : T -103.61c W -97.98c S  -5.57c ( -7.5 L  -7.3) LCB -103.96c P 79.50% WF 42518.8 PSV   42623 N   20953  --  D3 G6 G5 C2 F6 E7 B3 B2
F6  : T -103.69c W -98.59c S  -5.37c ( -7.5 L  -7.4) LCB -105.96c P  0.78% WF 389.8 PSV     364 N     178  --  F6 E7 D3 C2 G7 G2 F2 E2
G7  : T -110.56c W -99.58c S -10.51c ( -9.7 L  -9.4) LCB -116.43c P  1.13% WF  42.8 PSV      45 N      14  --  G7 D3 B3 B2 G6 G8 H8
B5  : T -111.32c W -99.42c S -11.74c (-10.3 L -10.3) LCB -131.92c P  0.63% WF  22.1 PSV      23 N       6  --  B5 B2 D3
C7  : T -113.98c W -99.44c S -13.97c (-11.6 L -11.8) LCB -142.65c P  0.85% WF  22.1 PSV      23 N       5  --  C7 D3 F4
B6  : T -108.42c W -99.05c S  -9.66c ( -9.6 L  -9.6) LCB -132.94c P  0.31% WF  17.9 PSV      17 N       6  --  B6 B5 D3
G6  : T -111.48c W -99.67c S -12.34c (-10.4 L -10.2) LCB -187.54c P  0.30% WF  11.4 PSV      10 N       3  --  G6 D3 G7 G8
F8  : T -115.83c W -99.56c S -16.07c (-12.9 L -12.6) LCB -269.91c P  0.30% WF   8.5 PSV       7 N       2  --  F8 D3
E2  : T -115.96c W -99.73c S -16.29c (-12.5 L -11.9) LCB -270.78c P  0.28% WF   8.3 PSV       6 N       2  --  E2 D3

2024-06-02 20:27:21-0400: = B3
2024-06-02 20:27:23-0400: Controller: kata-list_time_settings
2024-06-02 20:27:23-0400: = none absolute byoyomi canadian fischer fischer-capped
2024-06-02 20:27:23-0400: Controller: play black b2
2024-06-02 20:27:23-0400: = 
2024-06-02 20:27:23-0400: Controller: genmove white
2024-06-02 20:27:31-0400: MoveNum: 14 HASH: 8FFFC58104D1F84A7C71FCD2B69BA201
   A B C D E F G H J
 9 . . . . . . . . .
 8 . . . . . . . . .
 7 . . . O . X . . .
 6 . . X X X . . . .
 5 . . X O O O . . .
 4 . X1O O X . . . .
 3 . O2X @ . . . . .
 2 . X3. . . . . . .
 1 . . . . . . . . .

koPOSITIONALscoreAREAtaxNONEsui1komi7.5
Time taken: 8.125
Root visits: 30015
New playouts: 17736
NN rows: 9057
NN batches: 811
NN avg batch size: 11.1677
PlayoutDoublingAdvantage: 1.75
PV: D3 C2 G7 G8 C7 B6 G6 E2 G2 F6 H8 G5 F3 F8 B5 A3 H5 D2
Tree:
: T -104.09c W -98.28c S  -6.10c ( -8.2 L  -8.1) N   30015  --  D3 C2 G7 G8 C7 B6 G6
---White(^)---
D3  : T -104.02c W -98.26c S  -6.05c ( -8.2 L  -8.1) LCB -104.33c P 83.72% WF 61575.7 PSV   61540 N   29717  --  D3 C2 G7 G8 C7 B6 G6 E2
C7  : T -107.37c W -99.13c S  -8.74c ( -9.6 L  -9.6) LCB -110.21c P  3.35% WF 258.2 PSV     265 N      86  --  C7 A3 D3 D2 E2 G6 G5
G7  : T -110.51c W -99.51c S -10.68c (-10.2 L  -9.9) LCB -113.50c P  4.68% WF 190.0 PSV     201 N      67  --  G7 D3 G6 G8 H8 G3 F4
F6  : T -106.85c W -99.02c S  -7.45c ( -8.8 L  -8.8) LCB -109.08c P  2.00% WF 187.8 PSV     183 N      80  --  F6 G7 D3 A3 H6 D2 E7 H7
A3  : T -108.60c W -99.27c S  -9.46c ( -9.8 L  -9.7) LCB -111.54c P  1.64% WF  96.1 PSV      97 N      33  --  A3 D3 B5 B6 A4 G3 F3
G6  : T -110.56c W -99.64c S -10.83c (-10.1 L  -9.7) LCB -117.06c P  0.46% WF  18.1 PSV      19 N       6  --  G6 D3 G7 G8 H8 G3 F4
F8  : T -113.87c W -99.52c S -14.24c (-12.1 L -11.8) LCB -193.25c P  0.44% WF  11.4 PSV      12 N       3  --  F8 D3
B5  : T -117.99c W -99.68c S -17.72c (-14.1 L -13.8) LCB -269.15c P  0.40% WF   8.8 PSV       8 N       2  --  B5 A3
E2  : T -116.99c W -99.78c S -16.91c (-13.2 L -12.6) LCB -270.12c P  0.36% WF   8.6 PSV       7 N       2  --  E2 D3
D2  : T -114.84c W -99.72c S -15.04c (-12.2 L -11.8) LCB -268.36c P  0.29% WF   7.6 PSV       7 N       2  --  D2 D3

2024-06-02 20:27:31-0400: = D3
2024-06-02 20:27:32-0400: Controller: kata-list_time_settings
2024-06-02 20:27:32-0400: = none absolute byoyomi canadian fischer fischer-capped
2024-06-02 20:27:32-0400: Controller: play black a3
2024-06-02 20:27:32-0400: = 
2024-06-02 20:27:32-0400: Controller: genmove white
2024-06-02 20:27:47-0400: MoveNum: 16 HASH: 75FF5F070D75C216CA2535D920FF449D
   A B C D E F G H J
 9 . . . . . . . . .
 8 . . . . . . . . .
 7 . . . O . X . . .
 6 . . X X X . @ . .
 5 . . X O O O . . .
 4 . X O O X . . . .
 3 X3. X O2. . . . .
 2 . X1. . . . . . .
 1 . . . . . . . . .

koPOSITIONALscoreAREAtaxNONEsui1komi7.5
Time taken: 14.609
Root visits: 30015
New playouts: 26903
NN rows: 15954
NN batches: 1432
NN avg batch size: 11.1411
PlayoutDoublingAdvantage: 1.75
PV: G6 D2 E2 E1 F1 G7 H7 D1 F2 H8 H6 J8 F6 J7 E7 C7 C8 F8 B7 B5 B9 A8 D9 E9
Tree:
: T -104.18c W -98.74c S  -5.67c ( -6.9 L  -6.8) N   30015  --  G6 D2 E2 E1 F1 G7 H7
---White(^)---
G6  : T -104.05c W -98.79c S  -5.48c ( -6.8 L  -6.7) LCB -104.34c P 51.61% WF 55444.0 PSV   55293 N   22430  --  G6 D2 E2 E1 F1 G7 H7 D1
C2  : T -104.23c W -98.55c S  -5.91c ( -7.1 L  -7.0) LCB -104.90c P 13.02% WF 8459.0 PSV    8362 N    3982  --  C2 D2 B3 G7 C3 H5 B5 B6
G7  : T -104.74c W -98.52c S  -6.50c ( -7.4 L  -7.3) LCB -105.73c P 26.01% WF 7803.6 PSV    7914 N    3453  --  G7 G6 F6 H7 G8 H8 G5 H6
H6  : T -109.06c W -99.38c S  -9.26c ( -8.5 L  -8.3) LCB -111.32c P  3.65% WF 194.6 PSV     203 N      76  --  H6 D2 E2 G6 G5 H7 D1 H5
E8  : T -108.02c W -99.31c S  -8.59c ( -8.4 L  -8.5) LCB -110.75c P  1.08% WF  72.0 PSV      74 N      25  --  E8 G6 G5 D2 E2
H5  : T -111.00c W -99.63c S -11.15c ( -9.2 L  -9.1) LCB -116.76c P  0.99% WF  40.7 PSV      40 N      12  --  H5 D2 E2 E1 F1
D2  : T -109.27c W -99.59c S  -9.68c ( -8.6 L  -8.4) LCB -122.01c P  0.45% WF  24.3 PSV      24 N       8  --  D2 G6 H5 H6
G5  : T -108.76c W -99.55c S  -9.09c ( -8.4 L  -8.2) LCB -121.01c P  0.42% WF  23.5 PSV      24 N       8  --  G5 D2 G7 G8
C7  : T -110.94c W -99.35c S  -9.97c ( -9.1 L  -9.2) LCB -157.32c P  0.37% WF  13.9 PSV      15 N       4  --  C7 D2 E2
F6  : T -110.14c W -99.40c S  -9.81c ( -9.0 L  -9.2) LCB -131.03c P  0.32% WF  14.1 PSV      14 N       5  --  F6 G7 H6 D2 E7 H7

2024-06-02 20:27:47-0400: = G6
2024-06-02 20:27:49-0400: Controller: kata-list_time_settings
2024-06-02 20:27:49-0400: = none absolute byoyomi canadian fischer fischer-capped
2024-06-02 20:27:49-0400: Controller: play black g7
2024-06-02 20:27:49-0400: = 
2024-06-02 20:27:49-0400: Controller: genmove white
2024-06-02 20:28:05-0400: MoveNum: 18 HASH: 493AC884DEDA502608944D2E4C653161
   A B C D E F G H J
 9 . . . . . . . . .
 8 . . . . . . . . .
 7 . . . O . X X3. .
 6 . . X X X . O2. .
 5 . . X O O O . . .
 4 . X O O X . . . .
 3 X1. X O . . . . .
 2 . X . @ . . . . .
 1 . . . . . . . . .

koPOSITIONALscoreAREAtaxNONEsui1komi7.5
Time taken: 16.547
Root visits: 30014
New playouts: 28199
NN rows: 18111
NN batches: 1640
NN avg batch size: 11.0433
PlayoutDoublingAdvantage: 1.75
PV: D2 H3 G2 H7 H6 F2 F3 J6 J5 H2 F1 J7 H5 C2 E8 C7 C1
Tree:
: T -103.19c W -98.70c S  -5.15c ( -6.7 L  -6.5) N   30014  --  D2 H3 G2 H7 H6 F2 F3
---White(^)---
D2  : T -102.96c W -98.78c S  -4.93c ( -6.6 L  -6.4) LCB -103.25c P 37.94% WF 57872.0 PSV   57592 N   25140  --  D2 H3 G2 H7 H6 F2 F3 J6
H7  : T -104.17c W -98.59c S  -5.68c ( -6.6 L  -6.6) LCB -104.76c P 30.87% WF 6380.9 PSV    6436 N    2685  --  H7 D2 E2 E1 F1 D1 F2 H8
C2  : T -104.60c W -97.74c S  -7.56c ( -7.9 L  -7.8) LCB -105.96c P 25.69% WF 3990.9 PSV    4093 N    2120  --  C2 D2 B3 H6 H5 C3 F6 C1
E2  : T -108.31c W -99.66c S  -8.83c ( -7.8 L  -7.6) LCB -112.85c P  0.95% WF  49.4 PSV      49 N      17  --  E2 H7 H6 J6 J5 J7 H5
H6  : T -109.91c W -99.65c S  -9.74c ( -8.3 L  -8.2) LCB -114.84c P  1.14% WF  46.5 PSV      46 N      16  --  H6 D2 E2 E1 F1 D1 F2 H7
E8  : T -109.42c W -99.15c S -10.22c ( -9.3 L  -9.5) LCB -117.88c P  0.75% WF  32.2 PSV      32 N      10  --  E8 D2 E2 G4 H5
D1  : T -106.66c W -99.19c S  -8.54c ( -8.2 L  -8.1) LCB -116.84c P  0.36% WF  28.3 PSV      26 N      10  --  D1 G4 H5
C7  : T -109.93c W -99.27c S -10.75c ( -9.4 L  -9.5) LCB -131.13c P  0.49% WF  18.6 PSV      19 N       6  --  C7 D2 E2 G4
H5  : T -112.56c W -99.66c S -12.17c ( -9.2 L  -8.9) LCB -158.51c P  0.38% WF  12.4 PSV      11 N       4  --  H5 D2 E2 E1
B7  : T -111.75c W -99.24c S -12.51c (-10.2 L -10.5) LCB -461.75c P  0.17% WF   4.5 PSV       5 N       1  --  B7

2024-06-02 20:28:05-0400: = D2
2024-06-02 20:28:07-0400: Controller: kata-list_time_settings
2024-06-02 20:28:07-0400: = none absolute byoyomi canadian fischer fischer-capped
2024-06-02 20:28:07-0400: Controller: play black h7
2024-06-02 20:28:07-0400: = 
2024-06-02 20:28:07-0400: Controller: genmove white
2024-06-02 20:28:22-0400: MoveNum: 20 HASH: DF144A9833165BC37ACD65B4DED4E92A
   A B C D E F G H J
 9 . . . . . . . . .
 8 . . . . . . . . .
 7 . . . O . X X1X3.
 6 . . X X X . O @ .
 5 . . X O O O . . .
 4 . X O O X . . . .
 3 X . X O . . . . .
 2 . X . O2. . . . .
 1 . . . . . . . . .

koPOSITIONALscoreAREAtaxNONEsui1komi7.5
Time taken: 14.734
Root visits: 30015
New playouts: 26655
NN rows: 16098
NN batches: 1519
NN avg batch size: 10.5978
PlayoutDoublingAdvantage: 1.75
PV: H6 J6 J5 J7 H4 C2 C1 B1 D1 F6 F4 G3 G4 C7 E3
Tree:
: T -103.11c W -99.58c S  -3.84c ( -5.4 L  -5.3) N   30015  --  H6 J6 J5 J7 H4 C2 C1
---White(^)---
H6  : T -103.03c W -99.58c S  -3.74c ( -5.3 L  -5.2) LCB -103.16c P 66.95% WF 93973.2 PSV   93893 N   29398  --  H6 J6 J5 J7 H4 C2 C1 B1
J6  : T -106.39c W -99.37c S  -7.13c ( -7.2 L  -6.8) LCB -108.40c P  6.44% WF 452.7 PSV     470 N     191  --  J6 H6 H5 C2 J7 J8 J5
H5  : T -106.91c W -99.70c S  -7.20c ( -6.6 L  -6.5) LCB -107.88c P  7.22% WF 442.2 PSV     459 N     156  --  H5 C2 C1 B1 D1 J6 J5 H6
C7  : T -110.25c W -98.95c S -11.02c ( -9.9 L -10.0) LCB -112.93c P  7.44% WF 243.4 PSV     260 N      99  --  C7 H3 H5 G4 H4 G3
E8  : T -109.14c W -98.78c S -10.08c ( -9.3 L  -9.6) LCB -112.58c P  3.92% WF 155.8 PSV     161 N      66  --  E8 H3 G2 H5 C7 G3 H2 E3
J5  : T -106.81c W -99.81c S  -7.13c ( -6.5 L  -6.3) LCB -109.10c P  1.66% WF 110.3 PSV     108 N      37  --  J5 H6 H5 C2 C1 B1 D1
B7  : T -110.98c W -99.19c S -11.55c ( -9.9 L -10.1) LCB -116.77c P  1.42% WF  45.6 PSV      45 N      17  --  B7 H5 H6 J6 H4 E8 G5 C2
B8  : T -110.92c W -99.07c S -11.85c ( -9.8 L  -9.7) LCB -118.71c P  1.06% WF  33.5 PSV      34 N      13  --  B8 H5 H6 H3
H4  : T -109.88c W -99.81c S  -9.81c ( -7.5 L  -7.3) LCB -117.56c P  0.94% WF  35.2 PSV      34 N      11  --  H4 H6 C2 H5 G4
B6  : T -109.26c W -99.17c S -10.15c ( -8.7 L  -8.6) LCB -117.05c P  0.67% WF  26.1 PSV      26 N      10  --  B6 H5 H6 J6 H4 B5 G5

2024-06-02 20:28:22-0400: = H6
2024-06-02 20:28:23-0400: Controller: kata-list_time_settings
2024-06-02 20:28:23-0400: = none absolute byoyomi canadian fischer fischer-capped
2024-06-02 20:28:23-0400: Controller: play black j6
2024-06-02 20:28:23-0400: = 
2024-06-02 20:28:23-0400: Controller: genmove white
2024-06-02 20:28:23-0400: MoveNum: 22 HASH: 1E8E479B9B31BB1506CA8EFC87D4CDBF
   A B C D E F G H J
 9 . . . . . . . . .
 8 . . . . . . . . .
 7 . . . O . X X X1.
 6 . . X X X . O O2X3
 5 . . X O O O . . @
 4 . X O O X . . . .
 3 X . X O . . . . .
 2 . X . O . . . . .
 1 . . . . . . . . .

koPOSITIONALscoreAREAtaxNONEsui1komi7.5
Time taken: 0.156
Root visits: 30015
New playouts: 314
NN rows: 137
NN batches: 16
NN avg batch size: 8.5625
PlayoutDoublingAdvantage: 1.75
PV: J5 J7 H4 C2 C1 B1 D1 F6 F4 G3 G4 C7 E3
Tree:
: T -103.88c W -99.66c S  -4.31c ( -5.3 L  -5.2) N   30015  --  J5 J7 H4 C2 C1 B1 D1
---White(^)---
J5  : T -103.78c W -99.67c S  -4.19c ( -5.2 L  -5.1) LCB -103.89c P 59.66% WF 96972.2 PSV   96852 N   29052  --  J5 J7 H4 C2 C1 B1 D1 F6
C7  : T -107.54c W -99.07c S  -8.09c ( -7.2 L  -7.2) LCB -108.82c P 19.67% WF 1193.0 PSV    1263 N     508  --  C7 H5 H4 E8 D8 B8 G5 C2
E8  : T -107.31c W -99.19c S  -8.07c ( -7.3 L  -7.3) LCB -109.41c P  7.05% WF 503.1 PSV     483 N     203  --  E8 H5 H4 C7 C8 E7 G5 C2
B7  : T -108.10c W -99.30c S  -8.41c ( -7.5 L  -7.4) LCB -111.08c P  3.19% WF 184.6 PSV     180 N      72  --  B7 H5 H4 E8 G5 C2 J5 D1
B6  : T -107.01c W -98.97c S  -7.71c ( -7.1 L  -7.0) LCB -110.90c P  1.20% WF  85.5 PSV      88 N      36  --  B6 H5 H4 B5 C7 E8 G5 C2
B8  : T -107.63c W -98.75c S  -8.44c ( -7.7 L  -7.7) LCB -111.65c P  1.29% WF 130.3 PSV      81 N      56  --  B8 H5 H4 C7 G5 C2 J5 D1
J4  : T -109.68c W -99.84c S  -9.63c ( -7.2 L  -7.1) LCB -112.46c P  1.47% WF  58.6 PSV      61 N      18  --  J4 J5 H4 C2 C1
H5  : T -110.47c W -99.81c S -10.56c ( -7.8 L  -7.7) LCB -114.27c P  1.50% WF  64.7 PSV      51 N      21  --  H5 J5 J4 J7 H4 C2 C1 B1
H4  : T -113.30c W -99.80c S -13.25c ( -9.0 L  -8.7) LCB -118.08c P  1.45% WF  45.8 PSV      36 N      14  --  H4 J4 J3 J5 H3
J7  : T -109.24c W -99.66c S  -9.55c ( -7.4 L  -7.2) LCB -116.08c P  0.91% WF  39.3 PSV      35 N      14  --  J7 J5 J4 J8 H5

2024-06-02 20:28:23-0400: = J5
2024-06-02 20:28:26-0400: Controller: kata-list_time_settings
2024-06-02 20:28:26-0400: = none absolute byoyomi canadian fischer fischer-capped
2024-06-02 20:28:26-0400: Controller: play black j7
2024-06-02 20:28:26-0400: = 
2024-06-02 20:28:26-0400: Controller: genmove white
2024-06-02 20:28:26-0400: MoveNum: 24 HASH: F25FB4011D57057FE378383ADA647C23
   A B C D E F G H J
 9 . . . . . . . . .
 8 . . . . . . . . .
 7 . . . O . X X X X3
 6 . . X X X . O O X1
 5 . . X O O O . @ O2
 4 . X O O X . . . .
 3 X . X O . . . . .
 2 . X . O . . . . .
 1 . . . . . . . . .

koPOSITIONALscoreAREAtaxNONEsui1komi7.5
Time taken: 0.015
Root visits: 35613
New playouts: 0
NN rows: 1
NN batches: 1
NN avg batch size: 1
PlayoutDoublingAdvantage: 1.75
PV: H5 C2 C1 B1 D1 H3 G2 F6 G3 A4 pass E7 H4
Tree:
: T -103.87c W -99.68c S  -4.25c ( -5.2 L  -5.1) N   35613  --  H5 C2 C1 B1 D1 H3 G2
---White(^)---
H5  : T -104.03c W -99.62c S  -4.48c ( -5.4 L  -5.2) LCB -104.23c P 52.59% WF 39689.2 PSV  148351 N   13011  --  H5 C2 C1 B1 D1 H3 G2 F6
H4  : T -103.68c W -99.74c S  -4.00c ( -5.0 L  -5.0) LCB -104.29c P 15.47% WF 77862.8 PSV   77478 N   21329  --  H4 C2 C1 B1 D1 F6 E3 H3
G5  : T -105.06c W -99.65c S  -5.50c ( -5.7 L  -5.4) LCB -105.61c P 10.01% WF 1460.2 PSV    1489 N     563  --  G5 C2 C1 G3 G2 H4 H5 H2
C7  : T -108.63c W -97.96c S -10.20c (-10.2 L -10.6) LCB -111.52c P  9.68% WF 572.3 PSV     607 N     313  --  C7 H5 B8 H3 G2 G3 F3 H2
E8  : T -107.86c W -97.64c S  -9.82c (-10.0 L -10.6) LCB -111.52c P  4.50% WF 332.0 PSV     339 N     184  --  E8 H5 B7 G3 H4 J4 H3 G4
J4  : T -107.02c W -99.75c S  -7.24c ( -6.3 L  -6.1) LCB -108.92c P  1.76% WF 144.5 PSV     149 N      47  --  J4 C2 C1 B1 D1 F6
B7  : T -107.63c W -98.06c S  -9.05c ( -9.0 L  -9.6) LCB -112.62c P  1.54% WF 144.1 PSV     124 N      71  --  B7 B6 H5 C2 C1 B1 E8 C7
B8  : T -107.20c W -98.36c S  -7.86c ( -7.6 L  -7.9) LCB -110.20c P  0.82% WF  88.4 PSV      74 N      44  --  B8 H5 E8 G4 H3 G3
B6  : T -108.65c W -98.80c S  -9.31c ( -8.8 L  -9.0) LCB -118.69c P  0.73% WF  36.9 PSV      39 N      16  --  B6 H5 C7 B5 E8 G3 H4 J4
H3  : T -107.25c W -99.79c S  -7.21c ( -6.4 L  -6.2) LCB -113.20c P  0.53% WF  44.8 PSV      39 N      15  --  H3 H5 J4 F6 G5

2024-06-02 20:28:26-0400: = H5
2024-06-02 20:28:30-0400: Controller: kata-list_time_settings
2024-06-02 20:28:30-0400: = none absolute byoyomi canadian fischer fischer-capped
2024-06-02 20:28:30-0400: Controller: play black c2
2024-06-02 20:28:30-0400: = 
2024-06-02 20:28:30-0400: Controller: genmove white
2024-06-02 20:28:36-0400: MoveNum: 26 HASH: 51789D962131FD411BF1366B5DC2AD3F
   A B C D E F G H J
 9 . . . . . . . . .
 8 . . . . . . . . .
 7 . . . O . X X X X1
 6 . . X X X . O O X
 5 . . X O O O . O2O
 4 . X O O X . . . .
 3 X . X O . . . . .
 2 . X X3O . . . . .
 1 . . @ . . . . . .

koPOSITIONALscoreAREAtaxNONEsui1komi7.5
Time taken: 6.156
Root visits: 30015
New playouts: 11630
NN rows: 6659
NN batches: 619
NN avg batch size: 10.7577
PlayoutDoublingAdvantage: 1.75
PV: C1 B1 D1 H3 G2 G3 H2 F6 J3 A2 F3 A4
Tree:
: T -103.43c W -99.56c S  -4.08c ( -5.4 L  -5.3) N   30015  --  C1 B1 D1 H3 G2 G3 H2
---White(^)---
C1  : T -103.24c W -99.59c S  -3.92c ( -5.4 L  -5.2) LCB -103.40c P 30.38% WF 76829.2 PSV   76548 N   25111  --  C1 B1 D1 H3 G2 G3 H2 F6
E8  : T -104.51c W -99.51c S  -5.06c ( -5.7 L  -5.6) LCB -104.95c P 29.15% WF 5390.3 PSV    5466 N    1923  --  E8 C7 C1 H3 G2 G3 H2 B1
D1  : T -103.96c W -99.69c S  -4.34c ( -5.4 L  -5.2) LCB -104.57c P 10.42% WF 2744.7 PSV    2750 N     917  --  D1 H3 G2 G3 H2 C1 F6 E7
C7  : T -104.30c W -99.07c S  -5.27c ( -5.8 L  -5.8) LCB -106.14c P 13.75% WF 3958.2 PSV    1778 N    1516  --  C7 B8 C1 B1 D1 F6 F4 B7
B8  : T -105.03c W -99.52c S  -5.50c ( -5.8 L  -5.8) LCB -106.87c P  3.44% WF 461.6 PSV     465 N     166  --  B8 C7 C1 B1 D1 H3 F6 F2
C8  : T -104.57c W -99.25c S  -5.43c ( -5.8 L  -5.8) LCB -109.32c P  1.83% WF 316.6 PSV     222 N     115  --  C8 B8 C1 B1 D1 F6 G5
B7  : T -105.34c W -99.74c S  -5.62c ( -5.8 L  -5.7) LCB -107.48c P  2.37% WF 252.0 PSV     213 N      85  --  B7 D8 C1 B1 C8 C7 D1 F6
B6  : T -104.99c W -99.38c S  -5.75c ( -6.0 L  -6.0) LCB -107.37c P  1.61% WF 158.0 PSV     160 N      64  --  B6 F6 C7 E8 C1 B1 B8 D8
F8  : T -107.04c W -99.61c S  -7.27c ( -6.5 L  -6.6) LCB -111.29c P  0.92% WF  51.6 PSV      52 N      19  --  F8 F6 C7 E8 D8
E7  : T -105.95c W -99.23c S  -6.95c ( -6.5 L  -6.5) LCB -112.17c P  0.58% WF  62.0 PSV      43 N      26  --  E7 F6 C7 E8 D8

2024-06-02 20:28:36-0400: = C1
2024-06-02 20:28:37-0400: Controller: kata-list_time_settings
2024-06-02 20:28:37-0400: = none absolute byoyomi canadian fischer fischer-capped
2024-06-02 20:28:37-0400: Controller: play black b1
2024-06-02 20:28:37-0400: = 
2024-06-02 20:28:37-0400: Controller: genmove white
2024-06-02 20:28:42-0400: MoveNum: 28 HASH: D0DF2F69B78CF956B6F1A382FCAD761A
   A B C D E F G H J
 9 . . . . . . . . .
 8 . . . . . . . . .
 7 . . . O . X X X X
 6 . . X X X . O O X
 5 . . X O O O . O O
 4 . X O O X . . . .
 3 X . X O . . . . .
 2 . X X1O . . . . .
 1 . X3O2@ . . . . .

koPOSITIONALscoreAREAtaxNONEsui1komi7.5
Time taken: 4.609
Root visits: 30015
New playouts: 8389
NN rows: 5064
NN batches: 467
NN avg batch size: 10.8437
PlayoutDoublingAdvantage: 1.75
PV: D1 H3 G2 G3 H2 F6 J3 A4 F3 A2 G4
Tree:
: T -103.73c W -99.78c S  -4.07c ( -5.2 L  -5.0) N   30015  --  D1 H3 G2 G3 H2 F6 J3
---White(^)---
D1  : T -103.59c W -99.83c S  -3.89c ( -5.1 L  -4.9) LCB -103.70c P 32.56% WF 87757.5 PSV   87498 N   24594  --  D1 H3 G2 G3 H2 F6 J3 A4
E8  : T -104.24c W -99.60c S  -4.66c ( -5.4 L  -5.4) LCB -104.62c P 28.73% WF 9497.5 PSV    9635 N    3186  --  E8 C7 D1 H3 G2 F6 H2 E7
C7  : T -104.62c W -99.18c S  -5.42c ( -5.7 L  -5.7) LCB -106.05c P 20.55% WF 4250.7 PSV    3332 N    1593  --  C7 B8 D1 F6 F4 B7 E3 E7
B8  : T -105.39c W -99.50c S  -5.70c ( -5.8 L  -5.7) LCB -107.05c P  3.81% WF 510.0 PSV     514 N     190  --  B8 C7 D1 H3 F6 F2 G2 G3
C8  : T -104.61c W -99.42c S  -5.33c ( -5.6 L  -5.6) LCB -107.94c P  2.01% WF 476.0 PSV     305 N     174  --  C8 E7 D1 H3 F6 F2 G2 G3
B7  : T -105.31c W -99.72c S  -5.51c ( -5.7 L  -5.6) LCB -107.49c P  2.30% WF 288.9 PSV     244 N     101  --  B7 D8 D1 F6 F4
E1  : T -106.96c W -99.75c S  -7.13c ( -6.3 L  -5.9) LCB -109.88c P  1.58% WF  95.8 PSV      96 N      34  --  E1 D1 E8 C7 C1 F6 D1
F6  : T -110.68c W -99.85c S -10.90c ( -7.7 L  -7.6) LCB -113.32c P  2.31% WF  78.5 PSV      82 N      24  --  F6 D1 E1 C1 E2 E7 F4
B6  : T -106.70c W -99.28c S  -7.02c ( -6.4 L  -6.4) LCB -109.77c P  1.03% WF  73.7 PSV      68 N      30  --  B6 F6 C7 E8 B8 D8 D1 G4
F8  : T -107.17c W -99.37c S  -7.84c ( -6.7 L  -6.6) LCB -111.38c P  0.93% WF  62.8 PSV      55 N      26  --  F8 F6 D1 G4 G3 H3 H4

2024-06-02 20:28:42-0400: = D1
2024-06-02 20:28:44-0400: Controller: kata-list_time_settings
2024-06-02 20:28:44-0400: = none absolute byoyomi canadian fischer fischer-capped
2024-06-02 20:28:44-0400: Controller: play black f6
2024-06-02 20:28:44-0400: = 
2024-06-02 20:28:44-0400: Controller: genmove white
2024-06-02 20:28:53-0400: MoveNum: 30 HASH: 6F6D612854C214A88010FC96E5F0AABB
   A B C D E F G H J
 9 . . . . . . . . .
 8 . . . . . . . . .
 7 . . . O . X X X X
 6 . . X X X X3O O X
 5 . . X O O O . O O
 4 . X O O X @ . . .
 3 X . X O . . . . .
 2 . X X O . . . . .
 1 . X1O O2. . . . .

koPOSITIONALscoreAREAtaxNONEsui1komi7.5
Time taken: 9.062
Root visits: 30015
New playouts: 19123
NN rows: 9893
NN batches: 845
NN avg batch size: 11.7077
PlayoutDoublingAdvantage: 1.75
PV: F4 G3 H3 G4 H4 F2 F3 H2 J3
Tree:
: T -104.17c W -99.84c S  -4.36c ( -4.9 L  -4.8) N   30015  --  F4 G3 H3 G4 H4 F2 F3
---White(^)---
F4  : T -104.07c W -99.83c S  -4.27c ( -4.9 L  -4.7) LCB -104.28c P 17.42% WF 55371.8 PSV   63671 N   13165  --  F4 G3 H3 G4 H4 F2 F3 H2
G5  : T -104.27c W -99.81c S  -4.48c ( -5.0 L  -4.8) LCB -104.57c P 23.13% WF 23917.3 PSV   23786 N    5982  --  G5 H3 G2 B3 J3 B5 G3
E3  : T -104.22c W -99.86c S  -4.41c ( -4.9 L  -4.8) LCB -104.48c P 16.39% WF 20143.5 PSV   20042 N    5006  --  E3 G2 H3 A2 F4 C7 pass
pss : T -104.69c W -99.61c S  -5.18c ( -5.4 L  -5.0) LCB -105.89c P  8.94% WF 3769.5 PSV    3790 N    1064  --  pass G3 G2 H2 F2 H4 G4 F3
G3  : T -104.28c W -99.97c S  -4.29c ( -4.9 L  -4.7) LCB -105.70c P  2.73% WF 1175.8 PSV     561 N     262  --  G3 B3 F4 C7 E3 D8
G2  : T -104.13c W -99.96c S  -4.16c ( -4.8 L  -4.7) LCB -105.63c P  2.14% WF 1376.7 PSV     457 N     305  --  G2 B3 E3 C7 G5
H3  : T -104.11c W -99.96c S  -4.12c ( -4.8 L  -4.7) LCB -105.57c P  2.06% WF 1441.8 PSV     450 N     325  --  H3 E7 E3 D8 F4 C7
G4  : T -104.12c W -99.96c S  -4.15c ( -4.8 L  -4.7) LCB -105.48c P  1.86% WF 1242.1 PSV     443 N     285  --  G4 C7 E3 D8 pass E7
F3  : T -104.02c W -99.96c S  -4.11c ( -4.8 L  -4.7) LCB -105.37c P  1.28% WF 1296.6 PSV     337 N     296  --  F3 B3 E3 C7 F4
F2  : T -104.10c W -99.96c S  -4.09c ( -4.8 L  -4.7) LCB -105.57c P  1.53% WF 1423.3 PSV     335 N     330  --  F2 C7 E3 D8 F4 E7

2024-06-02 20:28:53-0400: = F4
2024-06-02 20:28:54-0400: Controller: kata-list_time_settings
2024-06-02 20:28:54-0400: = none absolute byoyomi canadian fischer fischer-capped
2024-06-02 20:28:54-0400: Controller: play black c7
2024-06-02 20:28:54-0400: = 
2024-06-02 20:28:54-0400: Controller: genmove white
2024-06-02 20:29:04-0400: MoveNum: 32 HASH: A02B22DD5669916E641B5C31AAE01EED
   A B C D E F G H J
 9 . . . . . . . . .
 8 . . . . . . . . .
 7 . . X3O . X X X X
 6 . . X X X X1O O X
 5 . . X O O O @ O O
 4 . X O O X O2. . .
 3 X . X O . . . . .
 2 . X X O . . . . .
 1 . X O O . . . . .

koPOSITIONALscoreAREAtaxNONEsui1komi7.5
Time taken: 10.094
Root visits: 30014
New playouts: 28489
NN rows: 11332
NN batches: 1020
NN avg batch size: 11.1098
PlayoutDoublingAdvantage: 1.75
PV: G5 C9 E3 D8 pass E7 B8 A8 pass B7 pass B9
Tree:
: T -103.85c W -99.65c S  -4.29c ( -4.8 L  -4.9) N   30014  --  G5 C9 E3 D8 pass E7 B8
---White(^)---
G5  : T -103.74c W -99.56c S  -4.31c ( -4.8 L  -4.9) LCB -104.15c P 20.88% WF 62068.9 PSV  104182 N   13260  --  G5 C9 E3 D8 pass E7 B8 A8
pss : T -103.80c W -99.65c S  -4.20c ( -4.8 L  -4.9) LCB -104.17c P 19.67% WF 54325.3 PSV   41820 N   11325  --  pass E7 E3 D8 B8 B9 G5 A8
E3  : T -104.28c W -99.96c S  -4.43c ( -4.9 L  -5.0) LCB -104.36c P 29.84% WF 18868.6 PSV   19103 N    3924  --  E3 D8 pass E7 B8 B9 G5 A8
J1  : T -102.85c W -98.87c S  -4.17c ( -4.8 L  -4.8) LCB -109.45c P  0.94% WF 703.5 PSV     689 N     151  --  J1 A2 G5 D8 pass E7 E3 pass
E1  : T -103.12c W -98.99c S  -4.18c ( -4.8 L  -4.8) LCB -109.66c P  1.39% WF 664.1 PSV     649 N     141  --  E1 E7 E3 D8 G5 pass B8 B9
E2  : T -103.20c W -98.89c S  -4.29c ( -4.8 L  -4.8) LCB -111.07c P  1.31% WF 556.7 PSV     549 N     116  --  E2 E7 pass D8 G5 pass E3 pass
G4  : T -104.41c W -99.96c S  -4.52c ( -4.9 L  -4.9) LCB -106.87c P  1.51% WF 308.4 PSV     302 N      64  --  G4 D8 pass E7 G5 pass E3 pass
J4  : T -104.28c W -99.96c S  -4.48c ( -4.9 L  -4.9) LCB -106.74c P  1.31% WF 282.3 PSV     280 N      59  --  J4 E7 E3 D8 pass pass
G3  : T -104.48c W -99.98c S  -4.46c ( -4.9 L  -4.7) LCB -106.44c P  1.38% WF 259.9 PSV     259 N      53  --  G3 D8 pass E7 G5 pass F3 pass
F3  : T -104.55c W -99.97c S  -4.53c ( -4.9 L  -4.9) LCB -106.69c P  1.24% WF 231.5 PSV     233 N      48  --  F3 D8 pass E7 G5 pass E3 pass

2024-06-02 20:29:04-0400: = G5
2024-06-02 20:29:06-0400: Controller: kata-list_time_settings
2024-06-02 20:29:06-0400: = none absolute byoyomi canadian fischer fischer-capped
2024-06-02 20:29:06-0400: Controller: play black d8
2024-06-02 20:29:06-0400: = 
2024-06-02 20:29:06-0400: Controller: genmove white
2024-06-02 20:29:19-0400: MoveNum: 34 HASH: 0D8D75B4E4938B5E745FB87B9787A2C0
   A B C D E F G H J
 9 . . . . . . . . .
 8 . . . X3. . . . .
 7 . . X1O . X X X X
 6 . . X X X X O O X
 5 . . X O O O O2O O
 4 . X O O X O . . .
 3 X . X O @ . . . .
 2 . X X O . . . . .
 1 . X O O . . . . .

koPOSITIONALscoreAREAtaxNONEsui1komi7.5
Time taken: 12.469
Root visits: 30014
New playouts: 26171
NN rows: 13594
NN batches: 1231
NN avg batch size: 11.0431
PlayoutDoublingAdvantage: 1.75
PV: E3 A1 H8 E7 pass J8 pass H9 pass
Tree:
: T -104.32c W -99.84c S  -4.49c ( -4.9 L  -5.2) N   30014  --  E3 A1 H8 E7 pass J8 pass
---White(^)---
E3  : T -104.33c W -99.92c S  -4.43c ( -4.9 L  -5.1) LCB -104.44c P 35.20% WF 71871.5 PSV  123158 N   15092  --  E3 A1 H8 E7 pass J8 pass H9
pss : T -104.31c W -99.73c S  -4.56c ( -5.0 L  -5.2) LCB -104.63c P 26.10% WF 64417.9 PSV   61193 N   13076  --  pass E9 E3 F2 G2 E7 F3 pass
B8  : T -103.97c W -99.93c S  -4.16c ( -4.8 L  -5.1) LCB -106.01c P  1.89% WF 554.1 PSV     550 N     128  --  B8 A2 E3 A8 pass E7 pass B9
J4  : T -103.99c W -99.89c S  -4.25c ( -4.9 L  -5.0) LCB -107.44c P  1.35% WF 387.4 PSV     384 N      81  --  J4 E7 E3 pass B8 A8 pass
E1  : T -104.23c W -99.89c S  -4.37c ( -4.9 L  -5.0) LCB -107.48c P  1.42% WF 366.3 PSV     333 N      74  --  E1 E7 E3 pass B8 B9 pass
G4  : T -104.17c W -99.88c S  -4.31c ( -4.9 L  -5.0) LCB -107.76c P  1.37% WF 334.4 PSV     333 N      68  --  G4 E7 E3 pass B8 B9 pass
H8  : T -103.90c W -99.93c S  -4.07c ( -4.8 L  -4.9) LCB -106.36c P  1.12% WF 387.5 PSV     329 N      83  --  H8 H9 E3 J8 pass E7 pass G8
G8  : T -104.04c W -99.92c S  -4.15c ( -4.8 L  -5.0) LCB -106.50c P  1.09% WF 289.2 PSV     286 N      66  --  G8 A2 E3 A4 pass E7 pass
H4  : T -104.22c W -99.87c S  -4.42c ( -4.9 L  -5.0) LCB -108.06c P  1.18% WF 276.5 PSV     272 N      56  --  H4 E7 E3 pass B8 A8 pass B9
B5  : T -103.79c W -99.94c S  -3.97c ( -4.8 L  -4.9) LCB -106.47c P  0.82% WF 274.7 PSV     271 N      60  --  B5 A2 E3 E7 pass A5 pass B6

2024-06-02 20:29:19-0400: = E3
2024-06-02 20:29:20-0400: Controller: kata-list_time_settings
2024-06-02 20:29:20-0400: = none absolute byoyomi canadian fischer fischer-capped
2024-06-02 20:29:20-0400: Controller: play black e7
2024-06-02 20:29:20-0400: = 
2024-06-02 20:29:20-0400: Controller: genmove white
2024-06-02 20:29:29-0400: MoveNum: 36 HASH: 7EA000A994BEA89880A89EF0ECFDBBCA
   A B C D E F G H J
 9 . . . . . . . . .
 8 . @ . X1. . . . .
 7 . . X . X3X X X X
 6 . . X X X X O O X
 5 . . X O O O O O O
 4 . X O O . O . . .
 3 X . X O O2. . . .
 2 . X X O . . . . .
 1 . X O O . . . . .

koPOSITIONALscoreAREAtaxNONEsui1komi7.5
Time taken: 8.843
Root visits: 30015
New playouts: 21581
NN rows: 9508
NN batches: 860
NN avg batch size: 11.0558
PlayoutDoublingAdvantage: 1.75
PV: B8 A2 pass B3 pass B9 pass A8 pass A9 pass
Tree:
: T -104.25c W -99.94c S  -4.40c ( -4.9 L  -5.2) N   30015  --  B8 A2 pass B3 pass B9 pass
---White(^)---
B8  : T -104.09c W -99.93c S  -4.27c ( -4.9 L  -5.1) LCB -105.20c P 45.39% WF 124646.1 PSV  136599 N   27144  --  B8 A2 pass B3 pass B9 pass A8
pss : T -106.07c W -100.00c S  -6.07c ( -5.4 L  -5.5) LCB -106.16c P 41.00% WF 9712.4 PSV   10138 N    1338  --  pass pass
H9  : T -104.48c W -99.93c S  -4.60c ( -5.0 L  -5.3) LCB -106.34c P  2.70% WF 812.8 PSV     802 N     180  --  H9 G9 pass J9 pass H8 B8
H8  : T -104.20c W -99.93c S  -4.24c ( -4.9 L  -5.1) LCB -105.95c P  0.69% WF 3881.4 PSV     268 N     809  --  H8 J8 pass G8 pass H9 B8 B9
F8  : T -104.49c W -99.93c S  -4.43c ( -4.9 L  -5.1) LCB -106.66c P  0.86% WF 238.3 PSV     232 N      53  --  F8 G8 pass F9 pass E8
F9  : T -104.55c W -99.95c S  -4.53c ( -5.0 L  -5.3) LCB -106.76c P  0.81% WF 322.2 PSV     218 N      72  --  F9 E9 pass F8 pass G9
A6  : T -104.86c W -99.94c S  -4.76c ( -5.0 L  -5.2) LCB -107.31c P  0.83% WF 186.7 PSV     175 N      42  --  A6 A2 pass A7 pass
B6  : T -104.34c W -99.96c S  -4.37c ( -4.9 L  -5.1) LCB -106.49c P  0.44% WF 202.1 PSV     142 N      44  --  B6 B7 pass A6 pass B5
G8  : T -104.49c W -99.96c S  -4.40c ( -4.9 L  -5.1) LCB -107.04c P  0.48% WF 133.0 PSV     130 N      28  --  G8 F8 pass G9 pass H8
A1  : T -104.64c W -99.95c S  -4.60c ( -5.0 L  -5.2) LCB -107.05c P  0.41% WF  96.1 PSV      92 N      20  --  A1 A2 B8 B9 pass A8 pass A9

2024-06-02 20:29:29-0400: = B8
2024-06-02 20:29:31-0400: Controller: kata-list_time_settings
2024-06-02 20:29:31-0400: = none absolute byoyomi canadian fischer fischer-capped
2024-06-02 20:29:31-0400: Controller: play black b7
2024-06-02 20:29:31-0400: = 
2024-06-02 20:29:31-0400: Controller: genmove white
2024-06-02 20:29:41-0400: MoveNum: 38 HASH: 98AD7CBF9727AEE735EE431A8090DBCE
   A B C D E F G H J
 9 . . . . . . . . .
 8 . O2. X . . . . .
 7 . X3X . X1X X X X
 6 . . X X X X O O X
 5 . . X O O O O O O
 4 . X O O . O . . .
 3 X . X O O . . . .
 2 . X X O . . . . .
 1 . X O O . . . . .

koPOSITIONALscoreAREAtaxNONEsui1komi7.5
Time taken: 10.422
Root visits: 30015
New playouts: 26824
NN rows: 11863
NN batches: 1057
NN avg batch size: 11.2233
PlayoutDoublingAdvantage: 1.75
PV: pass A2 J8 A8 pass J9 pass H8 pass B9
Tree:
: T -103.96c W -99.94c S  -4.16c ( -4.8 L  -5.2) N   30015  --  pass A2 J8 A8 pass J9 pass
---White(^)---
pss : T -103.93c W -99.94c S  -4.13c ( -4.8 L  -5.2) LCB -103.98c P 41.03% WF 135343.8 PSV  135294 N   27729  --  pass A2 J8 A8 pass J9 pass H8
A8  : T -104.07c W -99.95c S  -4.28c ( -4.8 L  -5.1) LCB -105.53c P  3.88% WF 742.0 PSV     731 N     154  --  A8 A2 pass A7 pass A9 pass C8
B9  : T -104.20c W -99.93c S  -4.34c ( -4.9 L  -5.2) LCB -105.50c P  3.38% WF 687.0 PSV     686 N     150  --  B9 A9 pass A8 pass C9 pass A7
C8  : T -104.74c W -99.97c S  -4.85c ( -5.0 L  -5.3) LCB -106.65c P  2.28% WF 271.0 PSV     269 N      55  --  C8 A8 pass C9 pass B9 pass pass
E4  : T -104.29c W -99.94c S  -4.43c ( -4.9 L  -5.2) LCB -106.25c P  1.67% WF 333.9 PSV     246 N      74  --  E4 A8 pass B9 pass C8 pass pass
G8  : T -104.30c W -99.92c S  -4.43c ( -4.9 L  -5.3) LCB -106.21c P  1.88% WF 295.7 PSV     246 N      68  --  G8 A8 pass B9 pass C8 pass F8
E1  : T -104.08c W -99.96c S  -4.19c ( -4.8 L  -5.1) LCB -105.95c P  1.61% WF 797.8 PSV     239 N     163  --  E1 A2 pass A8 pass B9 pass C8
H8  : T -104.24c W -99.92c S  -4.33c ( -4.9 L  -5.2) LCB -106.09c P  1.68% WF 393.8 PSV     226 N      85  --  H8 J8 pass H9 pass G8 pass
F8  : T -104.39c W -99.92c S  -4.50c ( -4.9 L  -5.3) LCB -106.28c P  1.81% WF 289.1 PSV     226 N      66  --  F8 A8 pass B9 pass C8 pass G8
J4  : T -104.21c W -99.97c S  -4.30c ( -4.9 L  -5.1) LCB -106.12c P  1.54% WF 679.3 PSV     218 N     139  --  J4 A8 pass B9 pass C8 pass pass

2024-06-02 20:29:41-0400: = pass
2024-06-02 20:29:43-0400: Controller: kata-list_time_settings
2024-06-02 20:29:43-0400: = none absolute byoyomi canadian fischer fischer-capped
2024-06-02 20:29:43-0400: Controller: play black c8
2024-06-02 20:29:43-0400: = 
2024-06-02 20:29:43-0400: Controller: genmove white
2024-06-02 20:29:54-0400: MoveNum: 40 HASH: 35D113E6BA27C68F9BA28135AC25A140
   A B C D E F G H J
 9 . . . . . . . . .
 8 . O X3X . . . . .
 7 . X1X . X X X X X
 6 . . X X X X O O X
 5 . . X O O O O O O
 4 . X O O . O . . .
 3 X . X O O . . . .
 2 . X X O . . . . .
 1 . X O O . . . . .

koPOSITIONALscoreAREAtaxNONEsui1komi7.5
Time taken: 11.266
Root visits: 30014
New playouts: 27167
NN rows: 12186
NN batches: 1058
NN avg batch size: 11.518
PlayoutDoublingAdvantage: 1.75
PV: pass A1 H8 B9 pass A8 pass G8 pass
Tree:
: T -103.99c W -99.94c S  -4.16c ( -4.7 L  -5.2) N   30014  --  pass A1 H8 B9 pass A8 pass
---White(^)---
pss : T -103.97c W -99.94c S  -4.14c ( -4.7 L  -5.2) LCB -104.01c P 41.04% WF 142294.4 PSV  142264 N   27757  --  pass A1 H8 B9 pass A8 pass G8
A8  : T -104.04c W -99.96c S  -4.18c ( -4.8 L  -5.1) LCB -105.87c P  2.85% WF 715.1 PSV     518 N     140  --  A8 A2 pass B9 pass A7 pass C9
B9  : T -104.24c W -99.96c S  -4.38c ( -4.8 L  -5.1) LCB -106.14c P  2.71% WF 442.0 PSV     442 N      87  --  B9 A8 pass A9 pass A7 pass C9
H8  : T -103.83c W -99.91c S  -4.02c ( -4.7 L  -5.2) LCB -105.62c P  1.62% WF 800.8 PSV     288 N     170  --  H8 A8 pass B9 pass J8 pass G8
F8  : T -104.17c W -99.92c S  -4.30c ( -4.8 L  -5.3) LCB -106.04c P  1.87% WF 389.7 PSV     271 N      84  --  F8 A8 pass B9 pass G8 pass E8
B6  : T -104.20c W -99.93c S  -4.30c ( -4.8 L  -5.2) LCB -106.15c P  1.73% WF 301.5 PSV     252 N      64  --  B6 A8 pass B5 pass B9 H8 A6
G8  : T -104.21c W -99.92c S  -4.32c ( -4.8 L  -5.2) LCB -106.08c P  1.72% WF 355.9 PSV     244 N      75  --  G8 A8 pass B9 pass G9 pass F8
A6  : T -104.72c W -99.93c S  -4.82c ( -5.0 L  -5.4) LCB -106.82c P  1.95% WF 230.8 PSV     230 N      50  --  A6 B9 pass A8 pass
H9  : T -104.54c W -99.91c S  -4.68c ( -4.9 L  -5.4) LCB -106.59c P  1.83% WF 233.2 PSV     226 N      51  --  H9 A8 pass B9 pass J9 pass G9
E8  : T -103.98c W -99.94c S  -4.09c ( -4.7 L  -5.1) LCB -105.89c P  1.34% WF 554.1 PSV     218 N     114  --  E8 E9 pass F8 pass B9 pass A8

2024-06-02 20:29:54-0400: = pass
2024-06-02 20:29:56-0400: Controller: kata-list_time_settings
2024-06-02 20:29:56-0400: = none absolute byoyomi canadian fischer fischer-capped
2024-06-02 20:29:56-0400: Controller: play black a8
2024-06-02 20:29:56-0400: = 
2024-06-02 20:29:56-0400: Controller: genmove white
2024-06-02 20:30:08-0400: MoveNum: 42 HASH: BA73D1FD4724264661878E46D174A769
   A B C D E F G H J
 9 . . . . . . . . .
 8 X3O X1X . . . . .
 7 . X X . X X X X X
 6 . . X X X X O O X
 5 . . X O O O O O O
 4 . X O O . O . . .
 3 X . X O O . . . .
 2 . X X O . . . . .
 1 . X O O . . . . .

koPOSITIONALscoreAREAtaxNONEsui1komi7.5
Time taken: 11.906
Root visits: 30015
New playouts: 23800
NN rows: 12831
NN batches: 1126
NN avg batch size: 11.3952
PlayoutDoublingAdvantage: 1.75
PV: pass B9 B6 F3 H1 A6 F2 pass
Tree:
: T -104.28c W -99.94c S  -4.34c ( -4.8 L  -5.2) N   30015  --  pass B9 B6 F3 H1 A6 F2
---White(^)---
pss : T -104.30c W -99.94c S  -4.35c ( -4.8 L  -5.2) LCB -104.37c P 50.54% WF 137984.0 PSV  138040 N   25750  --  pass B9 B6 F3 H1 A6 F2 pass
F8  : T -104.14c W -99.95c S  -4.22c ( -4.7 L  -5.3) LCB -105.90c P  1.98% WF 1746.4 PSV     385 N     341  --  F8 B9 pass G8 H8 J8 pass H9
B6  : T -103.92c W -99.94c S  -4.05c ( -4.7 L  -5.1) LCB -105.68c P  1.63% WF 5396.0 PSV     373 N    1051  --  B6 B9 pass B5 H8 A6 pass J8
G8  : T -104.04c W -99.94c S  -4.13c ( -4.7 L  -5.2) LCB -105.79c P  1.76% WF 2193.6 PSV     366 N     428  --  G8 B9 pass F8 pass H8 pass G9
H8  : T -103.96c W -99.93c S  -4.05c ( -4.7 L  -5.2) LCB -105.67c P  1.62% WF 3238.8 PSV     359 N     637  --  H8 B9 pass J8 H9 G8 pass G9
A6  : T -104.72c W -99.93c S  -4.71c ( -4.9 L  -5.3) LCB -107.00c P  2.27% WF 344.4 PSV     326 N      72  --  A6 B9 pass A5 pass B5 pass pass
H9  : T -104.46c W -99.94c S  -4.49c ( -4.8 L  -5.3) LCB -106.46c P  1.79% WF 401.6 PSV     292 N      81  --  H9 B9 pass G9 pass J9
A5  : T -104.51c W -99.90c S  -4.58c ( -4.9 L  -5.3) LCB -106.73c P  1.74% WF 356.1 PSV     272 N      74  --  A5 B9 pass B5 C9 D9 pass A6
B9  : T -104.39c W -99.97c S  -4.48c ( -4.8 L  -5.2) LCB -106.82c P  1.52% WF 440.6 PSV     257 N      80  --  B9 C9 pass A9 pass pass
E9  : T -104.35c W -99.95c S  -4.37c ( -4.8 L  -5.3) LCB -106.36c P  1.44% WF 422.6 PSV     245 N      85  --  E9 B9 pass F9 pass E8 pass D9

2024-06-02 20:30:08-0400: = pass
2024-06-02 20:30:09-0400: Controller: kata-list_time_settings
2024-06-02 20:30:09-0400: = none absolute byoyomi canadian fischer fischer-capped
2024-06-02 20:30:09-0400: Controller: play black b9
2024-06-02 20:30:09-0400: = 
2024-06-02 20:30:09-0400: Controller: genmove white
2024-06-02 20:30:16-0400: MoveNum: 44 HASH: B22C13010C0CED5F28CD7E89BDED6CD1
   A B C D E F G H J
 9 . X3@ . . . . . .
 8 X1. X X . . . . .
 7 . X X . X X X X X
 6 . . X X X X O O X
 5 . . X O O O O O O
 4 . X O O . O . . .
 3 X . X O O . . . .
 2 . X X O . . . . .
 1 . X O O . . . . .

koPOSITIONALscoreAREAtaxNONEsui1komi7.5
Time taken: 6.922
Root visits: 30015
New playouts: 17102
NN rows: 7143
NN batches: 680
NN avg batch size: 10.5044
PlayoutDoublingAdvantage: 1.75
PV: C9 F2 G2 D9 F3 pass E2 pass F1
Tree:
: T -104.46c W -99.95c S  -4.46c ( -4.9 L  -5.3) N   30015  --  C9 F2 G2 D9 F3 pass E2
---White(^)---
C9  : T -104.10c W -99.95c S  -4.06c ( -4.7 L  -5.2) LCB -105.75c P  0.70% WF 23116.0 PSV  244230 N    4247  --  C9 F2 G2 D9 F3 pass E2 pass
pss : T -106.30c W -100.00c S  -6.30c ( -5.5 L  -5.5) LCB -106.37c P 46.78% WF 17999.8 PSV   18744 N    2424  --  pass pass
A6  : T -104.20c W -99.94c S  -4.21c ( -4.8 L  -5.3) LCB -105.80c P  3.66% WF 20881.1 PSV   17620 N    4030  --  A6 A1 pass B5 pass pass
A5  : T -104.18c W -99.94c S  -4.17c ( -4.8 L  -5.3) LCB -105.80c P  2.89% WF 13620.3 PSV   12566 N    2597  --  A5 A2 pass B5 pass pass
B6  : T -104.13c W -99.95c S  -4.17c ( -4.8 L  -5.3) LCB -105.80c P  0.90% WF 20174.7 PSV   10376 N    3727  --  B6 F3 H1 B5 G3 A6 F2
A1  : T -104.13c W -99.94c S  -4.12c ( -4.8 L  -5.2) LCB -105.81c P  1.38% WF 14599.4 PSV    9602 N    2619  --  A1 A2 F8 G8 pass E8 pass F9
H9  : T -104.56c W -99.94c S  -4.62c ( -5.0 L  -5.4) LCB -106.23c P 11.24% WF 8887.4 PSV    8901 N    1725  --  H9 F2 G2 J9 F1 H8 F3 G9
H8  : T -104.24c W -99.94c S  -4.31c ( -4.8 L  -5.3) LCB -106.01c P  2.97% WF 7772.4 PSV    7035 N    1474  --  H8 G3 G4 H3 F2 pass
F9  : T -104.33c W -99.95c S  -4.32c ( -4.8 L  -5.3) LCB -106.01c P  3.87% WF 7158.1 PSV    6696 N    1359  --  F9 F2 H2 G9 F1
F8  : T -104.40c W -99.94c S  -4.50c ( -4.9 L  -5.3) LCB -106.19c P  5.76% WF 6653.0 PSV    6172 N    1276  --  F8 F2 G2 G3 H3 H2 J2

2024-06-02 20:30:16-0400: = C9
2024-06-02 20:30:18-0400: Controller: kata-list_time_settings
2024-06-02 20:30:18-0400: = none absolute byoyomi canadian fischer fischer-capped
2024-06-02 20:30:18-0400: Controller: play black d9
2024-06-02 20:30:18-0400: = 
2024-06-02 20:30:18-0400: Controller: genmove white
2024-06-02 20:30:33-0400: MoveNum: 46 HASH: FA5DAA866CA57A737FD417CFE12F3D5E
   A B C D E F G H J
 9 . X1.2X3. . . . .
 8 X . X X . . . . .
 7 . X X . X X X X X
 6 . @ X X X X O O X
 5 . . X O O O O O O
 4 . X O O . O . . .
 3 X . X O O . . . .
 2 . X X O . . . . .
 1 . X O O . . . . .

koPOSITIONALscoreAREAtaxNONEsui1komi7.5
Time taken: 15.235
Root visits: 30015
New playouts: 26051
NN rows: 17028
NN batches: 1456
NN avg batch size: 11.6951
PlayoutDoublingAdvantage: 1.75
PV: B6 F2 G3 A6 F1 B5
Tree:
: T -104.49c W -99.94c S  -4.54c ( -4.8 L  -5.3) N   30015  --  B6 F2 G3 A6 F1 B5
---White(^)---
B6  : T -104.23c W -99.95c S  -4.31c ( -4.8 L  -5.3) LCB -105.88c P  1.28% WF 24291.5 PSV  103096 N    4524  --  B6 F2 G3 A6 F1 B5
H8  : T -104.29c W -99.93c S  -4.38c ( -4.8 L  -5.3) LCB -105.94c P  4.60% WF 23206.5 PSV   21319 N    4391  --  H8 F2 F1 H9 G2 J8 F3 J9
A6  : T -104.33c W -99.93c S  -4.37c ( -4.8 L  -5.3) LCB -105.93c P  4.11% WF 14696.4 PSV   14643 N    2848  --  A6 F3 A5 B5 F2 A4
F8  : T -104.38c W -99.94c S  -4.43c ( -4.8 L  -5.3) LCB -106.03c P  6.99% WF 14059.9 PSV   13860 N    2648  --  F8 F2 F1 F9 G2 E9 F3
F9  : T -104.57c W -99.94c S  -4.63c ( -4.9 L  -5.4) LCB -106.20c P 10.59% WF 11327.0 PSV   11345 N    2146  --  F9 G3 H3 G9 H4 F8 G2
H9  : T -104.67c W -99.94c S  -4.75c ( -4.9 L  -5.4) LCB -106.26c P 12.47% WF 11175.6 PSV   11064 N    2160  --  H9 F2 G2 G3 H3 H2 J2
A5  : T -104.32c W -99.93c S  -4.37c ( -4.8 L  -5.3) LCB -105.96c P  3.46% WF 11099.4 PSV    9826 N    2122  --  A5 A1 pass A4 pass pass
pss : T -106.54c W -100.00c S  -6.53c ( -5.4 L  -5.5) LCB -106.65c P 27.50% WF 8705.6 PSV    9134 N    1175  --  pass pass
E8  : T -104.21c W -99.94c S  -4.21c ( -4.7 L  -5.2) LCB -105.94c P  0.77% WF 7574.8 PSV    7534 N    1392  --  E8 F2 G3 F8 G2 E9
G8  : T -104.39c W -99.94c S  -4.48c ( -4.8 L  -5.3) LCB -106.15c P  4.64% WF 7593.1 PSV    7488 N    1426  --  G8 H2 F2 G9 H3 H8

2024-06-02 20:30:33-0400: = B6
2024-06-02 20:30:35-0400: Controller: kata-list_time_settings
2024-06-02 20:30:35-0400: = none absolute byoyomi canadian fischer fischer-capped
2024-06-02 20:30:35-0400: Controller: play black a6
2024-06-02 20:30:35-0400: = 
2024-06-02 20:30:35-0400: Controller: genmove white
2024-06-02 20:30:50-0400: MoveNum: 48 HASH: 2C67BFAB915DC6092106DD67876C0F65
   A B C D E F G H J
 9 . X . X1. . . . .
 8 X . X X . . . . .
 7 . X X . X X X X X
 6 X3O2X X X X O O X
 5 . . X O O O O O O
 4 . X O O . O . . .
 3 X . X O O . . . .
 2 . X X O . . . . .
 1 . X O O . . . . .

koPOSITIONALscoreAREAtaxNONEsui1komi7.5
Time taken: 15.328
Root visits: 30014
New playouts: 28091
NN rows: 16901
NN batches: 1450
NN avg batch size: 11.6559
PlayoutDoublingAdvantage: 1.75
PV: pass B5 A4 A2 H8 H9 pass J8 pass J9
Tree:
: T -104.35c W -99.94c S  -4.40c ( -4.7 L  -5.3) N   30014  --  pass B5 A4 A2 H8 H9 pass
---White(^)---
pss : T -104.34c W -99.94c S  -4.40c ( -4.7 L  -5.3) LCB -104.41c P 40.31% WF 156153.9 PSV  156143 N   28049  --  pass B5 A4 A2 H8 H9 pass J8
H9  : T -104.51c W -99.93c S  -4.48c ( -4.7 L  -5.5) LCB -106.24c P  6.10% WF 1061.4 PSV    1062 N     204  --  H9 A7 pass J9 pass H8
H8  : T -103.84c W -99.91c S  -3.88c ( -4.5 L  -5.2) LCB -105.76c P  3.35% WF 1040.0 PSV     905 N     195  --  H8 A2 pass J8 pass H9 pass G8
F8  : T -104.18c W -99.94c S  -4.21c ( -4.6 L  -5.4) LCB -106.09c P  3.61% WF 757.2 PSV     744 N     138  --  F8 A7 pass F9 pass E8 pass
F9  : T -104.46c W -99.94c S  -4.42c ( -4.7 L  -5.4) LCB -106.38c P  3.84% WF 667.3 PSV     667 N     123  --  F9 A7 pass B5 pass G9 pass
G8  : T -104.25c W -99.94c S  -4.22c ( -4.6 L  -5.4) LCB -106.19c P  2.90% WF 570.9 PSV     569 N     103  --  G8 A7 pass G9 pass F8 pass
A5  : T -104.47c W -99.93c S  -4.48c ( -4.7 L  -5.3) LCB -106.12c P  1.99% WF 475.9 PSV     464 N      90  --  A5 A7 pass A4 pass B5 pass pass
E8  : T -103.83c W -99.93c S  -3.82c ( -4.5 L  -5.2) LCB -105.82c P  1.55% WF 834.6 PSV     418 N     151  --  E8 B5 pass F8 H8 E9 pass H9
B5  : T -104.65c W -99.93c S  -4.74c ( -4.8 L  -5.4) LCB -107.07c P  1.83% WF 299.8 PSV     293 N      55  --  B5 A5 pass pass
A1  : T -104.49c W -99.94c S  -4.48c ( -4.7 L  -5.3) LCB -107.01c P  1.64% WF 277.6 PSV     274 N      49  --  A1 A2 pass B5 H8 J8 pass G8

2024-06-02 20:30:50-0400: = pass
2024-06-02 20:30:52-0400: Controller: kata-list_time_settings
2024-06-02 20:30:52-0400: = none absolute byoyomi canadian fischer fischer-capped
2024-06-02 20:30:52-0400: Controller: play black b5
2024-06-02 20:30:52-0400: = 
2024-06-02 20:30:52-0400: Controller: genmove white
2024-06-02 20:30:59-0400: MoveNum: 50 HASH: 3226E1A91323F45A6B81FE96C2C34B4B
   A B C D E F G H J
 9 . X . X . . . . .
 8 X . X X . . . . .
 7 . X X . X X X X X
 6 X1. X X X X O O X
 5 @ X3X O O O O O O
 4 . X O O . O . . .
 3 X . X O O . . . .
 2 . X X O . . . . .
 1 . X O O . . . . .

koPOSITIONALscoreAREAtaxNONEsui1komi7.5
Time taken: 7.266
Root visits: 30015
New playouts: 16135
NN rows: 7705
NN batches: 713
NN avg batch size: 10.8065
PlayoutDoublingAdvantage: 1.75
PV: A5 A4 H8 G3 G2 H9 F3 J8
Tree:
: T -104.34c W -99.94c S  -4.39c ( -4.8 L  -5.4) N   30015  --  A5 A4 H8 G3 G2 H9 F3
---White(^)---
A5  : T -104.06c W -99.94c S  -4.08c ( -4.7 L  -5.3) LCB -105.70c P  2.01% WF 29624.8 PSV  159382 N    5162  --  A5 A4 H8 G3 G2 H9 F3 J8
A4  : T -104.04c W -99.94c S  -4.08c ( -4.7 L  -5.4) LCB -105.70c P  0.79% WF 22338.2 PSV   22155 N    3949  --  A4 A5 H8 H9 pass J8 pass G8
H8  : T -104.17c W -99.93c S  -4.27c ( -4.8 L  -5.4) LCB -105.86c P  7.01% WF 20970.3 PSV   20875 N    3825  --  H8 G3 G2 J8 H3 H9 H2 J9
H9  : T -104.39c W -99.93c S  -4.49c ( -4.9 L  -5.5) LCB -106.01c P 13.70% WF 16611.3 PSV   16633 N    3091  --  H9 G3 G2 H8 H3 G9 F3 J9
pss : T -106.38c W -100.00c S  -6.38c ( -5.4 L  -5.5) LCB -106.47c P 36.81% WF 12408.1 PSV   13092 N    1677  --  pass pass
A1  : T -104.11c W -99.93c S  -4.16c ( -4.8 L  -5.3) LCB -105.87c P  1.72% WF 12209.4 PSV   12144 N    2204  --  A1 A2 G9 H9 pass H8 pass pass
J9  : T -104.06c W -99.93c S  -4.08c ( -4.7 L  -5.3) LCB -105.83c P  0.27% WF 8358.4 PSV    8310 N    1511  --  J9 G3 H2 H9 G2 J8
G8  : T -104.37c W -99.93c S  -4.51c ( -4.9 L  -5.5) LCB -106.20c P  6.82% WF 7494.4 PSV    7499 N    1380  --  G8 G3 H3 H2 J2 G9
E9  : T -104.04c W -99.95c S  -4.05c ( -4.7 L  -5.3) LCB -105.80c P  0.43% WF 7511.7 PSV    7467 N    1342  --  E9 F2 J2 F9 F1 E8
F8  : T -104.32c W -99.93c S  -4.42c ( -4.8 L  -5.4) LCB -106.15c P  5.14% WF 6294.2 PSV    6292 N    1172  --  F8 G3 F1 F2 H3 pass G2

2024-06-02 20:30:59-0400: = A5
2024-06-02 20:31:01-0400: Controller: kata-list_time_settings
2024-06-02 20:31:01-0400: = none absolute byoyomi canadian fischer fischer-capped
2024-06-02 20:31:01-0400: Controller: play black a4
2024-06-02 20:31:01-0400: = 
2024-06-02 20:31:01-0400: Controller: genmove white
2024-06-02 20:31:14-0400: MoveNum: 52 HASH: C19031B3051B8CEE83AAC8CA36ED64F4
   A B C D E F G H J
 9 . X . X . . . . .
 8 X . X X . . . . .
 7 . X X . X X X X X
 6 X . X X X X O O X
 5 .2X1X O O O O O O
 4 X3X O O . O . . .
 3 X . X O O . . . .
 2 . X X O . . . . .
 1 . X O O . . . @ .

koPOSITIONALscoreAREAtaxNONEsui1komi7.5
Time taken: 13.281
Root visits: 30015
New playouts: 24269
NN rows: 14383
NN batches: 1284
NN avg batch size: 11.2017
PlayoutDoublingAdvantage: 1.75
PV: H1 pass H8 F3 E1 J8 F2 H9
Tree:
: T -104.28c W -99.95c S  -4.26c ( -4.8 L  -5.4) N   30015  --  H1 pass H8 F3 E1 J8 F2
---White(^)---
H1  : T -103.99c W -99.95c S  -3.96c ( -4.7 L  -5.3) LCB -105.61c P  1.05% WF 38344.3 PSV  116192 N    6535  --  H1 pass H8 F3 E1 J8 F2 H9
H9  : T -104.43c W -99.93c S  -4.44c ( -4.9 L  -5.5) LCB -106.00c P 15.72% WF 17186.2 PSV   16407 N    3205  --  H9 G3 G2 J9 F2 H8 H3
H8  : T -104.23c W -99.94c S  -4.25c ( -4.8 L  -5.5) LCB -105.96c P  8.67% WF 16156.9 PSV   14670 N    2879  --  H8 F3 F2 A2 G3 H9 pass J8
pss : T -106.35c W -100.00c S  -6.34c ( -5.5 L  -5.5) LCB -106.43c P 24.90% WF 8369.0 PSV    8693 N    1118  --  pass pass
J2  : T -104.03c W -99.95c S  -3.98c ( -4.7 L  -5.3) LCB -105.71c P  1.06% WF 14728.3 PSV    6881 N    2480  --  J2 pass G9 G8 pass H9 pass F9
J1  : T -104.08c W -99.95c S  -4.04c ( -4.7 L  -5.3) LCB -105.78c P  1.71% WF 9455.4 PSV    6697 N    1628  --  J1 pass G9 H9 pass H8 pass pass
E1  : T -104.04c W -99.96c S  -3.99c ( -4.7 L  -5.3) LCB -105.73c P  1.15% WF 13313.5 PSV    5608 N    2255  --  E1 pass G9 G8 pass H9 pass F9
A1  : T -104.03c W -99.93c S  -3.99c ( -4.7 L  -5.4) LCB -105.75c P  0.97% WF 12859.0 PSV    5588 N    2246  --  A1 pass G9 A2 pass H9 pass G8
F8  : T -104.53c W -99.93c S  -4.60c ( -5.0 L  -5.6) LCB -106.51c P  6.81% WF 4537.4 PSV    4362 N     837  --  F8 G3 H3 pass G2 F9
E8  : T -104.11c W -99.94c S  -4.10c ( -4.8 L  -5.4) LCB -105.99c P  1.41% WF 5461.3 PSV    3938 N     965  --  E8 F2 H1 E9 G2 pass

2024-06-02 20:31:14-0400: = H1
2024-06-02 20:31:16-0400: Controller: kata-list_time_settings
2024-06-02 20:31:16-0400: = none absolute byoyomi canadian fischer fischer-capped
2024-06-02 20:31:16-0400: Controller: play black pass
2024-06-02 20:31:16-0400: = 
2024-06-02 20:31:16-0400: Controller: genmove white
2024-06-02 20:31:20-0400: MoveNum: 54 HASH: FE750E7F5F97DEB67CE61866FF10BE2D
   A B C D E F G H J
 9 . X . X @ . . . .
 8 X . X X . . . . .
 7 . X X . X X X X X
 6 X . X X X X O O X
 5 . X X O O O O O O
 4 X1X O O . O . . .
 3 X . X O O . . . .
 2 . X X O . . . . .
 1 . X O O . . . O2.

koPOSITIONALscoreAREAtaxNONEsui1komi7.5
Time taken: 4.875
Root visits: 15015
New playouts: 15015
NN rows: 4753
NN batches: 491
NN avg batch size: 9.68024
PlayoutDoublingAdvantage: 1.75
PV: E9 E8 pass F9 H9 J9 pass G9 J8
Tree:
: T -104.10c W -99.94c S  -4.08c ( -4.8 L  -5.3) N   15015  --  E9 E8 pass F9 H9 J9 pass
---White(^)---
E9  : T -103.65c W -99.94c S  -3.63c ( -4.6 L  -5.3) LCB -105.41c P  1.05% WF 11554.2 PSV   87732 N    1997  --  E9 E8 pass F9 H9 J9 pass G9
E8  : T -103.69c W -99.94c S  -3.70c ( -4.7 L  -5.3) LCB -105.43c P  1.65% WF 14737.1 PSV   14582 N    2521  --  E8 G1 F8 E9 F1 F9
pss : T -105.86c W -99.99c S  -5.88c ( -5.4 L  -5.4) LCB -106.04c P 42.61% WF 11578.8 PSV   12104 N    1589  --  pass pass
H8  : T -103.76c W -99.92c S  -3.76c ( -4.7 L  -5.3) LCB -105.55c P  3.43% WF 9716.1 PSV    8782 N    1724  --  H8 F3 E8 E9 F2
H9  : T -103.91c W -99.93c S  -3.91c ( -4.7 L  -5.4) LCB -105.62c P  7.80% WF 9072.5 PSV    8782 N    1607  --  H9 F3 E4 J9 G3
G9  : T -103.79c W -99.94c S  -3.77c ( -4.7 L  -5.4) LCB -105.52c P  3.15% WF 9321.0 PSV    7847 N    1646  --  G9 G1 G4 H9 G2 G8
F8  : T -103.88c W -99.94c S  -3.81c ( -4.7 L  -5.4) LCB -105.70c P  5.07% WF 4945.4 PSV    4923 N     867  --  F8 E8 pass F9 pass G8 pass pass
F9  : T -104.06c W -99.93c S  -4.14c ( -4.8 L  -5.5) LCB -106.04c P  5.74% WF 3390.0 PSV    3369 N     616  --  F9 G3 G2 pass G4 E9
G8  : T -104.01c W -99.94c S  -3.97c ( -4.8 L  -5.4) LCB -105.95c P  5.31% WF 3295.5 PSV    3232 N     589  --  G8 G9 pass H8 pass F8 pass pass
J1  : T -103.87c W -99.96c S  -3.82c ( -4.7 L  -5.2) LCB -105.79c P  2.37% WF 2450.1 PSV    2441 N     419  --  J1 pass G8 F8 pass H8 pass G9

2024-06-02 20:31:21-0400: = E9
2024-06-02 20:31:22-0400: Controller: kata-list_time_settings
2024-06-02 20:31:22-0400: = none absolute byoyomi canadian fischer fischer-capped
2024-06-02 20:31:22-0400: Controller: play black e8
2024-06-02 20:31:22-0400: = 
2024-06-02 20:31:22-0400: Controller: genmove white
2024-06-02 20:31:37-0400: MoveNum: 56 HASH: DDC9BB69FA8EFDC67E84D7A9F0987DE6
   A B C D E F G H J
 9 . X . X O2. . . .
 8 X . X X X3. . . .
 7 . X X . X X X X X
 6 X . X X X X O O X
 5 . X X O O O O O O
 4 X X O O . O . . .
 3 X . X O O . . . .
 2 . X X O . . . . .
 1 . X O O . . . O .

koPOSITIONALscoreAREAtaxNONEsui1komi7.5
Time taken: 15.094
Root visits: 30014
New playouts: 27856
NN rows: 16637
NN batches: 1436
NN avg batch size: 11.5857
PlayoutDoublingAdvantage: 1.75
PV: pass G1 J2 A2 G2 F9 J1 pass F1 pass pass
Tree:
: T -104.58c W -99.95c S  -4.43c ( -4.7 L  -5.4) N   30014  --  pass G1 J2 A2 G2 F9 J1
---White(^)---
pss : T -104.60c W -99.95c S  -4.45c ( -4.7 L  -5.4) LCB -104.69c P 37.84% WF 157914.7 PSV  157980 N   27265  --  pass G1 J2 A2 G2 F9 J1 pass
H8  : T -103.63c W -99.92c S  -3.78c ( -4.5 L  -5.3) LCB -105.49c P  3.26% WF 2485.9 PSV    1742 N     441  --  H8 F9 pass J8 pass G8 pass pass
F9  : T -104.34c W -99.95c S  -4.15c ( -4.6 L  -5.3) LCB -106.34c P  5.64% WF 1469.0 PSV    1456 N     244  --  F9 F8 pass G9 pass pass
H9  : T -104.26c W -99.92c S  -4.12c ( -4.6 L  -5.4) LCB -106.03c P  4.97% WF 1405.2 PSV    1389 N     255  --  H9 J9 pass F9 pass J8 pass G9
G8  : T -104.15c W -99.93c S  -3.98c ( -4.6 L  -5.3) LCB -106.00c P  4.13% WF 1309.6 PSV    1292 N     233  --  G8 F9 pass G9 pass H8 pass pass
G9  : T -103.81c W -99.94c S  -3.86c ( -4.5 L  -5.3) LCB -106.04c P  2.25% WF 959.1 PSV     943 N     166  --  G9 F9 pass G8 pass H9 pass pass
J1  : T -104.51c W -99.96c S  -4.37c ( -4.7 L  -5.4) LCB -106.49c P  3.49% WF 854.1 PSV     840 N     144  --  J1 F9 H9 J9 pass J8 pass G9
J8  : T -103.70c W -99.92c S  -3.81c ( -4.5 L  -5.2) LCB -105.97c P  1.51% WF 907.4 PSV     721 N     157  --  J8 F9 pass J9 pass H8 pass pass
F8  : T -104.66c W -99.95c S  -4.38c ( -4.7 L  -5.3) LCB -107.22c P  2.54% WF 524.1 PSV     519 N      84  --  F8 G8 pass F9 pass pass
E4  : T -104.94c W -99.95c S  -4.72c ( -4.8 L  -5.5) LCB -107.10c P  2.73% WF 480.7 PSV     479 N      80  --  E4 F9 H9 J9 pass G9

2024-06-02 20:31:37-0400: = pass
2024-06-02 20:31:39-0400: Controller: kata-list_time_settings
2024-06-02 20:31:39-0400: = none absolute byoyomi canadian fischer fischer-capped
2024-06-02 20:31:39-0400: Controller: play black f9
2024-06-02 20:31:39-0400: = 
2024-06-02 20:31:39-0400: Controller: genmove white
2024-06-02 20:31:51-0400: MoveNum: 58 HASH: 42C8FAECAACBAED08CB10DE4A1335138
   A B C D E F G H J
 9 . X . X . X3. . .
 8 X . X X X1. . . @
 7 . X X . X X X X X
 6 X . X X X X O O X
 5 . X X O O O O O O
 4 X X O O . O . . .
 3 X . X O O . . . .
 2 . X X O . . . . .
 1 . X O O . . . O .

koPOSITIONALscoreAREAtaxNONEsui1komi7.5
Time taken: 12.25
Root visits: 30015
New playouts: 23243
NN rows: 13303
NN batches: 1239
NN avg batch size: 10.7369
PlayoutDoublingAdvantage: 1.75
PV: J8 G1 F2 H8 G2 J9
Tree:
: T -104.65c W -99.94c S  -4.60c ( -4.8 L  -5.5) N   30015  --  J8 G1 F2 H8 G2 J9
---White(^)---
J8  : T -104.31c W -99.93c S  -4.15c ( -4.7 L  -5.4) LCB -106.01c P  0.61% WF 21131.8 PSV  125537 N    3585  --  J8 G1 F2 H8 G2 J9
H9  : T -104.65c W -99.93c S  -4.72c ( -4.9 L  -5.6) LCB -106.10c P 25.08% WF 54537.6 PSV   54555 N    9575  --  H9 F3 G3 pass F2 G9 pass H8
G8  : T -104.55c W -99.93c S  -4.57c ( -4.8 L  -5.6) LCB -106.17c P 13.05% WF 28334.6 PSV   28262 N    4900  --  G8 J4 H4 A1 J3 G9 pass H8
H8  : T -104.54c W -99.93c S  -4.56c ( -4.8 L  -5.6) LCB -106.23c P 10.58% WF 21150.5 PSV   20878 N    3654  --  H8 F3 G3 E9 F2 H9 pass J8
G9  : T -104.33c W -99.95c S  -4.04c ( -4.6 L  -5.3) LCB -106.03c P  1.87% WF 17796.4 PSV   17661 N    2949  --  G9 G8 A2 H9 pass pass
J9  : T -104.35c W -99.93c S  -4.20c ( -4.7 L  -5.4) LCB -106.07c P  0.48% WF 16676.2 PSV   12679 N    2843  --  J9 F3 J3 J8 F2 H9
pss : T -106.72c W -100.00c S  -6.71c ( -5.5 L  -5.5) LCB -106.82c P 28.69% WF 9535.6 PSV   10038 N    1269  --  pass pass
J1  : T -104.80c W -99.97c S  -4.62c ( -4.8 L  -5.4) LCB -106.88c P  1.88% WF 1274.8 PSV    1269 N     206  --  J1 pass G8 G9 pass E9 pass pass
A2  : T -104.77c W -99.95c S  -4.50c ( -4.8 L  -5.4) LCB -107.09c P  1.00% WF 668.1 PSV     662 N     109  --  A2 pass G8 G9 pass H8 pass pass
A1  : T -104.80c W -99.95c S  -4.48c ( -4.7 L  -5.4) LCB -107.19c P  0.88% WF 556.9 PSV     554 N      90  --  A1 pass H9 J9 pass J8 pass G9

2024-06-02 20:31:51-0400: = J8
2024-06-02 20:31:54-0400: Controller: quit
2024-06-02 20:31:54-0400: Quit requested by controller
2024-06-02 20:31:54-0400: = 
2024-06-02 20:31:54-0400: GPU -1 finishing, processed 400187 rows 36156 batches
2024-06-02 20:31:54-0400: All cleaned up, quitting
