2024-05-22 16:19:04+0800: Running with following config:
allowResignation = true
lagBuffer = 1.0
logAllGTPCommunication = true
logDir = gtp_logs
logSearchInfo = true
logSearchInfoForChosenMove = false
logToStderr = false
maxTime = 0.5
maxTimePondering = 60.0
numSearchThreads = 16
ogsChatToStderr = true
ponderingEnabled = true
resignConsecTurns = 3
resignThreshold = -0.90
rules = tromp-taylor
searchFactorAfterOnePass = 0.50
searchFactorAfterTwoPass = 0.25
searchFactorWhenWinning = 0.40
searchFactorWhenWinningThreshold = 0.95

2024-05-22 16:19:04+0800: GTP Engine starting...
2024-05-22 16:19:04+0800: KataGo v1.14.1
2024-05-22 16:19:04+0800: Using TrompTaylor rules initially, unless GTP/GUI overrides this
2024-05-22 16:19:04+0800: Using 16 CPU thread(s) for search
2024-05-22 16:19:04+0800: nnRandSeed0 = 6089317105002364416
2024-05-22 16:19:04+0800: After dedups: nnModelFile0 = C:\Users\chang\Downloads\KaTrain\KaTrain\katrain\models/kata1-b18c384nbt-s6582191360-d3422816034.bin.gz useFP16 auto useNHWC auto
2024-05-22 16:19:04+0800: Initializing neural net buffer to be size 19 * 19 exactly
2024-05-22 16:19:06+0800: Found OpenCL Platform 0: NVIDIA CUDA (NVIDIA Corporation) (OpenCL 3.0 CUDA 12.4.89)
2024-05-22 16:19:06+0800: Found 1 device(s) on platform 0 with type CPU or GPU or Accelerator
2024-05-22 16:19:06+0800: Found OpenCL Platform 1: Intel(R) OpenCL Graphics (Intel(R) Corporation) (OpenCL 3.0 )
2024-05-22 16:19:06+0800: Found 1 device(s) on platform 1 with type CPU or GPU or Accelerator
2024-05-22 16:19:06+0800: Found OpenCL Device 0: NVIDIA GeForce RTX 4060 Laptop GPU (NVIDIA Corporation) (score 11000300)
2024-05-22 16:19:06+0800: Found OpenCL Device 1: Intel(R) UHD Graphics (Intel(R) Corporation) (score 6000300)
2024-05-22 16:19:06+0800: Creating context for OpenCL Platform: NVIDIA CUDA (NVIDIA Corporation) (OpenCL 3.0 CUDA 12.4.89)
2024-05-22 16:19:06+0800: Using OpenCL Device 0: NVIDIA GeForce RTX 4060 Laptop GPU (NVIDIA Corporation) OpenCL 3.0 CUDA (Extensions: cl_khr_global_int32_base_atomics cl_khr_global_int32_extended_atomics cl_khr_local_int32_base_atomics cl_khr_local_int32_extended_atomics cl_khr_fp64 cl_khr_3d_image_writes cl_khr_byte_addressable_store cl_khr_icd cl_khr_gl_sharing cl_nv_compiler_options cl_nv_device_attribute_query cl_nv_pragma_unroll cl_nv_d3d10_sharing cl_khr_d3d10_sharing cl_nv_d3d11_sharing cl_nv_copy_opts cl_nv_create_buffer cl_khr_int64_base_atomics cl_khr_int64_extended_atomics cl_khr_device_uuid cl_khr_pci_bus_info cl_khr_external_semaphore cl_khr_external_memory cl_khr_external_semaphore_win32 cl_khr_external_memory_win32)
2024-05-22 16:19:06+0800: Loaded tuning parameters from: C:\Users\chang\Downloads\katago-v1.14.1-opencl-windows-x64/KataGoData/opencltuning/tune11_gpuNVIDIAGeForceRTX4060LaptopGPU_x19_y19_c384_mv14.txt
2024-05-22 16:19:06+0800: OpenCL backend thread 0: Model version 14
2024-05-22 16:19:06+0800: OpenCL backend thread 0: Model name: kata1-b18c384nbt-s6582191360-d3422816034
2024-05-22 16:19:07+0800: OpenCL backend thread 0: FP16Storage true FP16Compute false FP16TensorCores true FP16TensorCoresFor1x1 false
2024-05-22 16:19:07+0800: Loaded neural net with nnXLen 19 nnYLen 19
2024-05-22 16:19:07+0800: Initializing board with boardXSize 19 boardYSize 19
2024-05-22 16:19:07+0800: Loaded config C:/Users/chang/Downloads/katago-v1.14.1-opencl-windows-x64/lizgoban.cfg
2024-05-22 16:19:07+0800: Loaded model C:\Users\chang\Downloads\KaTrain\KaTrain\katrain\models/kata1-b18c384nbt-s6582191360-d3422816034.bin.gz
2024-05-22 16:19:07+0800: Model name: kata1-b18c384nbt-s6582191360-d3422816034
2024-05-22 16:19:07+0800: GTP ready, beginning main protocol loop
2024-05-22 16:19:07+0800: Controller: list_commands
2024-05-22 16:19:07+0800: = protocol_version
name
version
known_command
list_commands
quit
boardsize
rectangular_boardsize
clear_board
set_position
komi
get_komi
play
undo
kata-get-rules
kata-set-rule
kata-set-rules
kata-get-param
kata-set-param
kata-list-params
kgs-rules
genmove
genmove_debug
search_debug
clear_cache
showboard
fixed_handicap
place_free_handicap
set_free_handicap
time_settings
kgs-time_settings
time_left
kata-list_time_settings
kata-time_settings
final_score
final_status_list
loadsgf
printsgf
lz-genmove_analyze
kata-genmove_analyze
lz-analyze
kata-analyze
kata-raw-nn
cputime
gomill-cpu_time
kata-benchmark
kata-debug-print-tc
debug_moves
stop
2024-05-22 16:19:07+0800: Controller: boardsize 19
2024-05-22 16:19:07+0800: = 
2024-05-22 16:19:07+0800: Controller: clear_board
2024-05-22 16:19:07+0800: = 
2024-05-22 16:19:07+0800: Controller: komi 6.5
2024-05-22 16:19:07+0800: = 
2024-05-22 16:19:07+0800: Controller: genmove black
2024-05-22 16:19:07+0800: MoveNum: 0 HASH: CDCBC1F514D7E680FACD226074256633
   A B C D E F G H J K L M N O P Q R S T
19 . . . . . . . . . . . . . . . . . . .
18 . . . . . . . . . . . . . . . . . . .
17 . . . . . . . . . . . . . . . . . . .
16 . . . . . . . . . . . . . . . @ . . .
15 . . . . . . . . . . . . . . . . . . .
14 . . . . . . . . . . . . . . . . . . .
13 . . . . . . . . . . . . . . . . . . .
12 . . . . . . . . . . . . . . . . . . .
11 . . . . . . . . . . . . . . . . . . .
10 . . . . . . . . . . . . . . . . . . .
 9 . . . . . . . . . . . . . . . . . . .
 8 . . . . . . . . . . . . . . . . . . .
 7 . . . . . . . . . . . . . . . . . . .
 6 . . . . . . . . . . . . . . . . . . .
 5 . . . . . . . . . . . . . . . . . . .
 4 . . . . . . . . . . . . . . . . . . .
 3 . . . . . . . . . . . . . . . . . . .
 2 . . . . . . . . . . . . . . . . . . .
 1 . . . . . . . . . . . . . . . . . . .

koPOSITIONALscoreAREAtaxNONEsui1komi6.5
Time taken: 0.609
Root visits: 17
New playouts: 17
NN rows: 17
NN batches: 3
NN avg batch size: 5.66667
PV: Q16
Tree:
: T   7.24c W   7.46c S  -0.21c ( +0.2 L  +0.1) N      17  --  Q16
---Black(^)---
Q16 : T  17.84c W  17.56c S   0.28c ( +0.7 L  +0.2) LCB -332.16c P 10.22% WF   2.5 PSV       2 N       1  --  Q16
R16 : T  17.21c W  16.76c S   0.46c ( +0.9 L  +0.5) LCB -332.79c P  4.54% WF   2.7 PSV       1 N       1  --  R16
Q15 : T  12.80c W  12.50c S   0.30c ( +0.7 L  +0.4) LCB -337.20c P  1.70% WF   2.1 PSV       0 N       1  --  Q15
R15 : T   8.16c W   8.27c S  -0.12c ( +0.3 L  +0.1) LCB -341.84c P  0.60% WF   1.7 PSV       0 N       1  --  R15
R17 : T  12.60c W  12.48c S   0.12c ( +0.5 L  +0.4) LCB -337.40c P  0.48% WF   2.3 PSV       0 N       1  --  R17
R14 : T  -0.31c W   0.42c S  -0.72c ( -0.3 L  -0.1) LCB -350.31c P  0.02% WF   0.8 PSV       0 N       1  --  R14
Q10 : T   0.84c W   1.47c S  -0.63c ( -0.2 L  -0.2) LCB -349.16c P  0.02% WF   1.0 PSV       0 N       1  --  Q10
Q11 : T  -1.65c W  -0.83c S  -0.82c ( -0.4 L  -0.3) LCB -351.65c P  0.02% WF   0.8 PSV       0 N       1  --  Q11
Q13 : T  -4.62c W  -3.65c S  -0.96c ( -0.6 L  -0.4) LCB -354.62c P  0.02% WF   0.7 PSV       0 N       1  --  Q13
Q14 : T  -3.26c W  -2.40c S  -0.87c ( -0.5 L  -0.2) LCB -353.26c P  0.02% WF   0.8 PSV       0 N       1  --  Q14

2024-05-22 16:19:07+0800: = Q16
2024-05-22 16:19:10+0800: Controller: kata-list_time_settings
2024-05-22 16:19:10+0800: = none absolute byoyomi canadian fischer fischer-capped
2024-05-22 16:19:10+0800: Controller: play white d17
2024-05-22 16:19:10+0800: = 
2024-05-22 16:19:10+0800: Controller: genmove black
2024-05-22 16:19:11+0800: MoveNum: 2 HASH: F765517D79C12CE29E0485206F070DFC
   A B C D E F G H J K L M N O P Q R S T
19 . . . . . . . . . . . . . . . . . . .
18 . . . . . . . . . . . . . . . . . . .
17 . . . O2. . . . . . . . . . . . . . .
16 . . . . . . . . . . . . . . . X1. . .
15 . . . . . . . . . . . . . . . . . . .
14 . . . . . . . . . . . . . . . . . . .
13 . . . . . . . . . . . . . . . . . . .
12 . . . . . . . . . . . . . . . . . . .
11 . . . . . . . . . . . . . . . . . . .
10 . . . . . . . . . . . . . . . . . . .
 9 . . . . . . . . . . . . . . . . . . .
 8 . . . . . . . . . . . . . . . . . . .
 7 . . . . . . . . . . . . . . . . . . .
 6 . . . . . . . . . . . . . . . . . . .
 5 . . . . . . . . . . . . . . . . . . .
 4 . . . @ . . . . . . . . . . . . . . .
 3 . . . . . . . . . . . . . . . . . . .
 2 . . . . . . . . . . . . . . . . . . .
 1 . . . . . . . . . . . . . . . . . . .

koPOSITIONALscoreAREAtaxNONEsui1komi6.5
Time taken: 0.703
Root visits: 136
New playouts: 99
NN rows: 104
NN batches: 13
NN avg batch size: 8
PV: D4 R4 C15 F16 P3 Q6 R8
Tree:
: T  14.83c W  14.62c S   0.22c ( +1.0 L  +0.6) N     136  --  D4 R4 C15 F16 P3 Q6 R8
---Black(^)---
D4  : T  16.35c W  15.93c S   0.39c ( +1.1 L  +0.7) LCB   15.17c P 38.61% WF 128.9 PSV     128 N      44  --  D4 R4 C15 F16 P3 Q6 R8
C4  : T  15.19c W  14.98c S   0.23c ( +1.0 L  +0.6) LCB   10.67c P 10.23% WF  39.7 PSV      20 N      13  --  C4 Q4 C15 F16 R3 R4
D3  : T  15.43c W  15.23c S   0.20c ( +0.9 L  +0.6) LCB    4.37c P  9.26% WF  24.5 PSV      20 N       8  --  D3 Q4 C15 E16 C6
C15 : T  14.94c W  14.28c S   0.22c ( +1.0 L  +0.7) LCB    6.57c P 10.27% WF  26.0 PSV      18 N       9  --  C15 D4 Q4 C16
Q4  : T  14.98c W  14.73c S   0.29c ( +1.0 L  +0.7) LCB    9.46c P  6.89% WF  34.4 PSV      12 N      12  --  Q4 C3 C15 F16
Q3  : T  15.83c W  15.54c S   0.21c ( +0.9 L  +0.6) LCB    9.76c P  3.26% WF  31.7 PSV       8 N      11  --  Q3 D4 C3 C4 D3 E4
R4  : T  15.20c W  14.88c S   0.14c ( +0.9 L  +0.6) LCB    6.24c P  2.14% WF  25.7 PSV       4 N       9  --  R4 D4 C15 E16
E4  : T  13.20c W  12.55c S  -0.00c ( +0.7 L  +0.5) LCB   -1.33c P  1.43% WF  19.5 PSV       1 N       7  --  E4 Q4 C4 C14
Q5  : T  10.51c W  11.36c S  -0.13c ( +0.6 L  +0.4) LCB  -17.31c P  1.50% WF  13.6 PSV       1 N       5  --  Q5 D4 Q3 R17
C3  : T  12.96c W  13.04c S   0.08c ( +0.8 L  +0.5) LCB  -14.83c P  1.13% WF  14.0 PSV       1 N       5  --  C3 Q4 C15

2024-05-22 16:19:11+0800: = D4
2024-05-22 16:19:15+0800: Controller: kata-list_time_settings
2024-05-22 16:19:15+0800: = none absolute byoyomi canadian fischer fischer-capped
2024-05-22 16:19:15+0800: Controller: play white q3
2024-05-22 16:19:16+0800: = 
2024-05-22 16:19:16+0800: Controller: genmove black
2024-05-22 16:19:16+0800: MoveNum: 4 HASH: E40A1FDE44B00E574A5333D28CCB90DE
   A B C D E F G H J K L M N O P Q R S T
19 . . . . . . . . . . . . . . . . . . .
18 . . . . . . . . . . . . . . . . . . .
17 . . . O1. . . . . . . . . . . . . . .
16 . . . . . . . . . . . . . . . X . . .
15 . . . . . . . . . . . . . . . . . . .
14 . . . . . . . . . . . . . . . . . . .
13 . . . . . . . . . . . . . . . . . . .
12 . . . . . . . . . . . . . . . . . . .
11 . . . . . . . . . . . . . . . . . . .
10 . . . . . . . . . . . . . . . . . . .
 9 . . . . . . . . . . . . . . . . . . .
 8 . . . . . . . . . . . . . . . . . . .
 7 . . . . . . . . . . . . . . . . . . .
 6 . . . . . . . . . . . . . . . . . . .
 5 . . . . . . . . . . . . . . . . @ . .
 4 . . . X2. . . . . . . . . . . . . . .
 3 . . . . . . . . . . . . . . . O3. . .
 2 . . . . . . . . . . . . . . . . . . .
 1 . . . . . . . . . . . . . . . . . . .

koPOSITIONALscoreAREAtaxNONEsui1komi6.5
Time taken: 0.703
Root visits: 323
New playouts: 108
NN rows: 100
NN batches: 13
NN avg batch size: 7.69231
PV: R5 O4 C15 F16 H17 C6 G15 F15
Tree:
: T  15.45c W  15.07c S   0.28c ( +0.9 L  +0.6) N     323  --  R5 O4 C15 F16 H17 C6 G15
---Black(^)---
R5  : T  15.68c W  15.25c S   0.29c ( +0.9 L  +0.6) LCB   14.95c P 37.83% WF 754.8 PSV     753 N     275  --  R5 O4 C15 F16 H17 C6 G15 F15
Q5  : T  14.14c W  14.04c S   0.25c ( +0.9 L  +0.5) LCB   12.44c P  9.46% WF 131.1 PSV      44 N      47  --  Q5 R5 R6 R4 Q6 O3 C15 F16

2024-05-22 16:19:16+0800: = R5
2024-05-22 16:19:22+0800: Controller: kata-list_time_settings
2024-05-22 16:19:22+0800: = none absolute byoyomi canadian fischer fischer-capped
2024-05-22 16:19:22+0800: Controller: play white p4
2024-05-22 16:19:22+0800: = 
2024-05-22 16:19:22+0800: Controller: genmove black
2024-05-22 16:19:23+0800: MoveNum: 6 HASH: FF0247C8215EE090A9A99828D49D1641
   A B C D E F G H J K L M N O P Q R S T
19 . . . . . . . . . . . . . . . . . . .
18 . . . . . . . . . . . . . . . . . . .
17 . . . O . . . . . . . . . . . . . . .
16 . . . . . . . . . . . . . . . X . . .
15 . . @ . . . . . . . . . . . . . . . .
14 . . . . . . . . . . . . . . . . . . .
13 . . . . . . . . . . . . . . . . . . .
12 . . . . . . . . . . . . . . . . . . .
11 . . . . . . . . . . . . . . . . . . .
10 . . . . . . . . . . . . . . . . . . .
 9 . . . . . . . . . . . . . . . . . . .
 8 . . . . . . . . . . . . . . . . . . .
 7 . . . . . . . . . . . . . . . . . . .
 6 . . . . . . . . . . . . . . . . . . .
 5 . . . . . . . . . . . . . . . . X2. .
 4 . . . X . . . . . . . . . . O3. . . .
 3 . . . . . . . . . . . . . . . O1. . .
 2 . . . . . . . . . . . . . . . . . . .
 1 . . . . . . . . . . . . . . . . . . .

koPOSITIONALscoreAREAtaxNONEsui1komi6.5
Time taken: 0.688
Root visits: 294
New playouts: 84
NN rows: 97
NN batches: 13
NN avg batch size: 7.46154
PV: C15 F16 R8 R17 R16 Q17 O17 P17 P16 O18 N17
Tree:
: T  15.51c W  15.30c S   0.28c ( +0.9 L  +0.6) N     294  --  C15 F16 R8 R17 R16 Q17 O17
---Black(^)---
C15 : T  15.90c W  15.59c S   0.29c ( +0.9 L  +0.6) LCB   15.12c P 61.67% WF 584.0 PSV     582 N     210  --  C15 F16 R8 R17 R16 Q17 O17 P17
D15 : T  14.97c W  14.89c S   0.27c ( +0.9 L  +0.5) LCB   13.80c P 17.30% WF 163.5 PSV      81 N      59  --  D15 C15 C14 C16 D14 F17 C7 R17
Q7  : T  14.07c W  13.86c S   0.29c ( +0.9 L  +0.6) LCB   -0.67c P  1.41% WF  19.1 PSV       4 N       7  --  Q7 C14 N3 R4 Q5
R8  : T  11.88c W  12.21c S   0.16c ( +0.8 L  +0.5) LCB  -62.03c P  2.28% WF   8.4 PSV       4 N       3  --  R8 C14 M3
M3  : T  13.60c W  13.95c S   0.19c ( +0.8 L  +0.5) LCB    3.93c P  1.38% WF  21.8 PSV       3 N       8  --  M3 C14 Q7 R4
Q8  : T  13.15c W  13.57c S   0.20c ( +0.8 L  +0.5) LCB   -6.54c P  1.10% WF  16.4 PSV       2 N       6  --  Q8 C14 M3 P6 R7

2024-05-22 16:19:23+0800: = C15
2024-05-22 16:19:27+0800: Controller: kata-list_time_settings
2024-05-22 16:19:27+0800: = none absolute byoyomi canadian fischer fischer-capped
2024-05-22 16:19:27+0800: Controller: play white e16
2024-05-22 16:19:27+0800: = 
2024-05-22 16:19:27+0800: Controller: genmove black
2024-05-22 16:19:28+0800: MoveNum: 8 HASH: 2317B9CBF430DFD02BEA4B99164B3D69
   A B C D E F G H J K L M N O P Q R S T
19 . . . . . . . . . . . . . . . . . . .
18 . . . . . . . . . . . . . . . . . . .
17 . . . O . . . . . . . . . . . . . . .
16 . . . . O3. . . . . . . . . . X . . .
15 . . X2. . . . . . . . . . . . . . . .
14 . . . . . . . . . . . . . . . . . . .
13 . . . . . . . . . . . . . . . . . . .
12 . . . . . . . . . . . . . . . . . . .
11 . . . . . . . . . . . . . . . . . . .
10 . . . . . . . . . . . . . . . . . . .
 9 . . . . . . . . . . . . . . . . . . .
 8 . . . . . . . . . . . . . . . . @ . .
 7 . . . . . . . . . . . . . . . . . . .
 6 . . . . . . . . . . . . . . . . . . .
 5 . . . . . . . . . . . . . . . . X . .
 4 . . . X . . . . . . . . . . O1. . . .
 3 . . . . . . . . . . . . . . . O . . .
 2 . . . . . . . . . . . . . . . . . . .
 1 . . . . . . . . . . . . . . . . . . .

koPOSITIONALscoreAREAtaxNONEsui1komi6.5
Time taken: 0.625
Root visits: 237
New playouts: 129
NN rows: 143
NN batches: 18
NN avg batch size: 7.94444
PV: R8 R17 R16 Q17 O17 P17 P16 O18 N17 N18 M17 F3
Tree:
: T  16.14c W  15.82c S   0.27c ( +0.9 L  +0.6) N     237  --  R8 R17 R16 Q17 O17 P17 P16
---Black(^)---
R8  : T  16.74c W  16.36c S   0.33c ( +1.0 L  +0.6) LCB   15.51c P 12.99% WF 197.2 PSV     196 N      71  --  R8 R17 R16 Q17 O17 P17 P16 O18
R14 : T  16.43c W  16.12c S   0.28c ( +1.0 L  +0.6) LCB   14.32c P 11.45% WF  84.5 PSV      85 N      31  --  R14 C3 D3 C4 C6 C5 D5 B6
Q7  : T  16.66c W  16.14c S   0.34c ( +1.0 L  +0.6) LCB   14.51c P  4.45% WF  86.3 PSV      58 N      31  --  Q7 R4 Q5 M4 R13
Q8  : T  16.11c W  15.32c S   0.24c ( +0.9 L  +0.6) LCB   12.35c P  4.43% WF  42.2 PSV      30 N      15  --  Q8 R17 R16 Q17
M3  : T  16.61c W  16.39c S   0.29c ( +1.0 L  +0.6) LCB   14.34c P  2.11% WF 106.9 PSV      25 N      40  --  M3 R17 R16 Q17 O17 P17 P16 O18
Q6  : T  15.84c W  14.75c S   0.23c ( +0.9 L  +0.6) LCB    6.79c P  2.46% WF  25.3 PSV      13 N       9  --  Q6 C3 D3 C4
O17 : T  15.34c W  15.20c S   0.21c ( +0.9 L  +0.5) LCB    7.89c P  1.23% WF  27.8 PSV       4 N      10  --  O17 C3 D3 C4 C6 C5
R13 : T  14.90c W  14.54c S   0.10c ( +0.8 L  +0.5) LCB    8.46c P  0.81% WF  30.3 PSV       2 N      11  --  R13 Q6 R7 C3
L3  : T  14.17c W  14.10c S   0.10c ( +0.8 L  +0.5) LCB   -5.32c P  0.89% WF  16.2 PSV       2 N       6  --  L3 R17 R16 Q17
R7  : T  13.04c W  13.16c S   0.05c ( +0.7 L  +0.6) LCB  -30.01c P  0.57% WF  11.1 PSV       1 N       4  --  R7 R17 R16

2024-05-22 16:19:28+0800: = R8
2024-05-22 16:19:31+0800: Controller: kata-list_time_settings
2024-05-22 16:19:31+0800: = none absolute byoyomi canadian fischer fischer-capped
2024-05-22 16:19:31+0800: Controller: play white c12
2024-05-22 16:19:31+0800: = 
2024-05-22 16:19:31+0800: Controller: genmove black
2024-05-22 16:19:32+0800: MoveNum: 10 HASH: 01904E49FFADD2AB586CA56F59E9C337
   A B C D E F G H J K L M N O P Q R S T
19 . . . . . . . . . . . . . . . . . . .
18 . . . . . . . . . . . . . . . . . . .
17 . . . O . . . . . . . . . . . . . . .
16 . . . . O1. . . . . . . . . . X . . .
15 . . X . . . . . . . . . . . . . . . .
14 . . . @ . . . . . . . . . . . . . . .
13 . . . . . . . . . . . . . . . . . . .
12 . . O3. . . . . . . . . . . . . . . .
11 . . . . . . . . . . . . . . . . . . .
10 . . . . . . . . . . . . . . . . . . .
 9 . . . . . . . . . . . . . . . . . . .
 8 . . . . . . . . . . . . . . . . X2. .
 7 . . . . . . . . . . . . . . . . . . .
 6 . . . . . . . . . . . . . . . . . . .
 5 . . . . . . . . . . . . . . . . X . .
 4 . . . X . . . . . . . . . . O . . . .
 3 . . . . . . . . . . . . . . . O . . .
 2 . . . . . . . . . . . . . . . . . . .
 1 . . . . . . . . . . . . . . . . . . .

koPOSITIONALscoreAREAtaxNONEsui1komi6.5
Time taken: 0.609
Root visits: 162
New playouts: 119
NN rows: 132
NN batches: 17
NN avg batch size: 7.76471
PV: D14 E12 B17 C6 F3
Tree:
: T  15.84c W  15.75c S   0.26c ( +1.0 L  +0.6) N     162  --  D14 E12 B17 C6 F3
---Black(^)---
D14 : T  17.65c W  17.37c S   0.39c ( +1.1 L  +0.7) LCB   15.39c P 47.87% WF 147.6 PSV     146 N      57  --  D14 E12 B17 C6 F3
M3  : T  15.47c W  15.51c S   0.28c ( +1.0 L  +0.6) LCB   11.24c P 12.42% WF  41.8 PSV      18 N      16  --  M3 D3 C3 E3 C4
O3  : T  16.51c W  16.19c S   0.26c ( +1.0 L  +0.6) LCB    7.28c P  7.67% WF  24.3 PSV      15 N      10  --  O3 M4 M3 L3
C6  : T  14.08c W  14.51c S   0.14c ( +0.9 L  +0.6) LCB    9.87c P 10.73% WF  38.0 PSV      11 N      14  --  C6 D14 N17 F3
C7  : T  14.73c W  14.52c S   0.08c ( +0.8 L  +0.5) LCB    7.32c P  6.51% WF  26.7 PSV       8 N      10  --  C7 D14 O17 F3
N3  : T  14.99c W  14.80c S   0.16c ( +0.9 L  +0.6) LCB    7.29c P  1.90% WF  25.1 PSV       2 N      10  --  N3 D3 C3 E3 C4
E15 : T  15.15c W  15.30c S   0.15c ( +0.9 L  +0.6) LCB    5.96c P  1.41% WF  20.2 PSV       1 N       9  --  E15 F15 E14 C16 E12 B15 B14
O17 : T  13.61c W  13.82c S   0.17c ( +0.9 L  +0.6) LCB    4.44c P  0.80% WF  21.0 PSV       0 N       9  --  O17 C6 F3 E13 B17
N4  : T  14.88c W  14.83c S   0.22c ( +1.0 L  +0.6) LCB    3.58c P  0.51% WF  19.7 PSV       0 N       8  --  N4 C6 F3 E13
L3  : T  14.08c W  14.05c S   0.17c ( +0.9 L  +0.5) LCB   -0.62c P  0.70% WF  16.6 PSV       0 N       7  --  L3 C6 D6

2024-05-22 16:19:32+0800: = D14
2024-05-22 16:19:38+0800: Controller: kata-list_time_settings
2024-05-22 16:19:38+0800: = none absolute byoyomi canadian fischer fischer-capped
2024-05-22 16:19:38+0800: Controller: play white c9
2024-05-22 16:19:38+0800: = 
2024-05-22 16:19:38+0800: Controller: genmove black
2024-05-22 16:19:39+0800: MoveNum: 12 HASH: 23DC99BE9DFF05A3D3B82E3F7C854DBB
   A B C D E F G H J K L M N O P Q R S T
19 . . . . . . . . . . . . . . . . . . .
18 . . . . . . . . . . . . . . . . . . .
17 . @ . O . . . . . . . . . . . . . . .
16 . . . . O . . . . . . . . . . X . . .
15 . . X . . . . . . . . . . . . . . . .
14 . . . X2. . . . . . . . . . . . . . .
13 . . . . . . . . . . . . . . . . . . .
12 . . O1. . . . . . . . . . . . . . . .
11 . . . . . . . . . . . . . . . . . . .
10 . . . . . . . . . . . . . . . . . . .
 9 . . O3. . . . . . . . . . . . . . . .
 8 . . . . . . . . . . . . . . . . X . .
 7 . . . . . . . . . . . . . . . . . . .
 6 . . . . . . . . . . . . . . . . . . .
 5 . . . . . . . . . . . . . . . . X . .
 4 . . . X . . . . . . . . . . O . . . .
 3 . . . . . . . . . . . . . . . O . . .
 2 . . . . . . . . . . . . . . . . . . .
 1 . . . . . . . . . . . . . . . . . . .

koPOSITIONALscoreAREAtaxNONEsui1komi6.5
Time taken: 0.625
Root visits: 148
New playouts: 127
NN rows: 138
NN batches: 18
NN avg batch size: 7.66667
PV: B17 R17 R16 Q17 O17 P17 P16 O18 N17
Tree:
: T  19.49c W  19.01c S   0.48c ( +1.2 L  +0.7) N     148  --  B17 R17 R16 Q17 O17 P17 P16
---Black(^)---
B17 : T  23.41c W  22.82c S   0.78c ( +1.5 L  +0.9) LCB   19.93c P 58.74% WF 111.0 PSV     108 N      43  --  B17 R17 R16 Q17 O17 P17 P16 O18
F15 : T  20.05c W  19.44c S   0.55c ( +1.3 L  +0.7) LCB   15.51c P 15.12% WF  37.2 PSV      14 N      14  --  F15 G16 B17 R17 R16 Q17
C7  : T  19.29c W  18.65c S   0.47c ( +1.2 L  +0.7) LCB   15.15c P  8.67% WF  43.4 PSV       7 N      18  --  C7 B16 D10 C10
C6  : T  18.16c W  17.06c S   0.36c ( +1.1 L  +0.7) LCB    8.65c P  2.77% WF  21.4 PSV       2 N       9  --  C6 R17 R16 Q17 O17
O3  : T  18.31c W  17.98c S   0.39c ( +1.1 L  +0.7) LCB    6.43c P  1.54% WF  19.5 PSV       1 N       9  --  O3 R4 Q5 O4
H16 : T  15.50c W  15.67c S   0.10c ( +0.8 L  +0.5) LCB    1.51c P  2.93% WF  17.8 PSV       1 N       8  --  H16 C16 F15 C6 F3
M3  : T  17.69c W  17.27c S   0.37c ( +1.1 L  +0.6) LCB    5.68c P  1.20% WF  19.4 PSV       0 N       9  --  M3 B16 D10 D9
H17 : T  15.69c W  16.19c S   0.20c ( +0.9 L  +0.5) LCB    3.08c P  0.43% WF  16.7 PSV       0 N       9  --  H17 C16 F15 C6 F17
R14 : T  17.66c W  16.67c S   0.30c ( +1.0 L  +0.6) LCB    4.96c P  0.60% WF  17.7 PSV       0 N       8  --  R14 B16 D10 C10
O17 : T  16.20c W  15.65c S   0.25c ( +1.0 L  +0.6) LCB    1.38c P  0.90% WF  15.2 PSV       0 N       7  --  O17 D3 C3

2024-05-22 16:19:39+0800: = B17
2024-05-22 16:19:41+0800: Controller: kata-list_time_settings
2024-05-22 16:19:41+0800: = none absolute byoyomi canadian fischer fischer-capped
2024-05-22 16:19:41+0800: Controller: play white j17
2024-05-22 16:19:41+0800: = 
2024-05-22 16:19:41+0800: Controller: genmove black
2024-05-22 16:19:42+0800: MoveNum: 14 HASH: 65880B44F18504394C1C4202DD3544D5
   A B C D E F G H J K L M N O P Q R S T
19 . . . . . . . . . . . . . . . . . . .
18 . . . . . . . . . . . . . . . . . . .
17 . X2. O . . . . O3. . . . . . . . . .
16 . . . . O . . . . . . . . . . X . . .
15 . . X . . . . . . . . . . . . . . . .
14 . . . X . . . . . . . . . . . . . . .
13 . . . . . . . . . . . . . . . . . . .
12 . . O . . . . . . . . . . . . . . . .
11 . . . . . . . . . . . . . . . . . . .
10 . . . . . . . . . . . . . . . . . . .
 9 . . O1. . . . . . . . . . . . . . . .
 8 . . . . . . . . . . . . . . . . X . .
 7 . . . . . . . . . . . . . . . . . . .
 6 . . . . . . . . . . . . . . . . . . .
 5 . . . . . . . . . . . . . . . . X . .
 4 . . . X . . . . . . . . . . O . . . .
 3 . . . . . . . . . . . @ . . . O . . .
 2 . . . . . . . . . . . . . . . . . . .
 1 . . . . . . . . . . . . . . . . . . .

koPOSITIONALscoreAREAtaxNONEsui1komi6.5
Time taken: 0.625
Root visits: 143
New playouts: 126
NN rows: 142
NN batches: 18
NN avg batch size: 7.88889
PV: F15 G16 H16 G17 G15
Tree:
: T  25.58c W  25.16c S   0.70c ( +1.7 L  +0.9) N     143  --  F15 G16 H16 G17 G15
---Black(^)---
F15 : T  27.38c W  27.69c S   0.92c ( +2.0 L  +1.0) LCB   24.07c P 41.30% WF  50.3 PSV      50 N      19  --  F15 G16 H16 G17 G15
M3  : T  26.57c W  26.18c S   0.85c ( +1.9 L  +1.0) LCB   17.50c P 15.85% WF  29.0 PSV      16 N      11  --  M3 K3 F15 G16
L3  : T  26.19c W  25.20c S   0.68c ( +1.7 L  +0.9) LCB   13.97c P  8.11% WF  23.3 PSV       8 N       9  --  L3 D3 E3 C3 E2
O3  : T  27.90c W  26.31c S   0.75c ( +1.8 L  +0.9) LCB   18.68c P  5.71% WF  29.3 PSV       7 N      12  --  O3 M4 F15 G16
C7  : T  24.56c W  24.12c S   0.74c ( +1.8 L  +0.9) LCB   15.99c P  6.54% WF  25.4 PSV       5 N      10  --  C7 F3 F15 G16
F3  : T  26.39c W  25.83c S   0.73c ( +1.8 L  +1.0) LCB   17.53c P  3.98% WF  26.8 PSV       4 N      10  --  F3 G4 F15 G16
H16 : T  21.28c W  21.62c S   0.31c ( +1.3 L  +0.7) LCB   11.39c P  4.32% WF  20.4 PSV       2 N       9  --  H16 H17 F16 F15
K3  : T  26.61c W  26.26c S   0.80c ( +1.8 L  +0.9) LCB   16.80c P  1.24% WF  28.5 PSV       1 N      11  --  K3 M3 F15 H16
C6  : T  19.74c W  20.56c S   0.38c ( +1.4 L  +0.7) LCB  -54.36c P  2.40% WF   8.1 PSV       1 N       3  --  C6 F3 F15
N3  : T  20.42c W  20.56c S   0.40c ( +1.4 L  +0.8) LCB  -53.94c P  2.10% WF   7.8 PSV       1 N       3  --  N3 K3 N5

2024-05-22 16:19:42+0800: = M3
2024-05-22 16:19:48+0800: Controller: kata-list_time_settings
2024-05-22 16:19:48+0800: = none absolute byoyomi canadian fischer fischer-capped
2024-05-22 16:19:48+0800: Controller: play white f3
2024-05-22 16:19:48+0800: = 
2024-05-22 16:19:48+0800: Controller: genmove black
2024-05-22 16:19:48+0800: MoveNum: 16 HASH: CE0C37E2B9DD5F5A6AACAB26B6215F33
   A B C D E F G H J K L M N O P Q R S T
19 . . . . . . . . . . . . . . . . . . .
18 . . . . . . . . . . . . . . . . . . .
17 . X . O . . . . O1. . . . . . . . . .
16 . . . . O . . . . . . . . . . X . . .
15 . . X . . @ . . . . . . . . . . . . .
14 . . . X . . . . . . . . . . . . . . .
13 . . . . . . . . . . . . . . . . . . .
12 . . O . . . . . . . . . . . . . . . .
11 . . . . . . . . . . . . . . . . . . .
10 . . . . . . . . . . . . . . . . . . .
 9 . . O . . . . . . . . . . . . . . . .
 8 . . . . . . . . . . . . . . . . X . .
 7 . . . . . . . . . . . . . . . . . . .
 6 . . . . . . . . . . . . . . . . . . .
 5 . . . . . . . . . . . . . . . . X . .
 4 . . . X . . . . . . . . . . O . . . .
 3 . . . . . O3. . . . . X2. . . O . . .
 2 . . . . . . . . . . . . . . . . . . .
 1 . . . . . . . . . . . . . . . . . . .

koPOSITIONALscoreAREAtaxNONEsui1komi6.5
Time taken: 0.657
Root visits: 196
New playouts: 140
NN rows: 143
NN batches: 18
NN avg batch size: 7.94444
PV: F15 E15 E14 F14 G15 G17 H16 K18 C7
Tree:
: T  31.32c W  30.33c S   0.68c ( +2.1 L  +1.1) N     196  --  F15 E15 E14 F14 G15 G17 H16
---Black(^)---
F15 : T  33.72c W  32.35c S   0.83c ( +2.3 L  +1.2) LCB   30.70c P 27.78% WF 184.7 PSV     414 N      82  --  F15 E15 E14 F14 G15 G17 H16 K18
J3  : T  32.03c W  30.97c S   0.70c ( +2.1 L  +1.1) LCB   28.73c P 52.20% WF 203.8 PSV     204 N      93  --  J3 C6 D6 D7 C5 E6 D5 B6
H3  : T  22.14c W  22.65c S   0.15c ( +1.6 L  +0.9) LCB    4.80c P  3.89% WF  17.4 PSV       2 N       7  --  H3 F5 F15
J4  : T  21.26c W  23.06c S   0.20c ( +1.6 L  +0.8) LCB   -8.46c P  3.95% WF  12.5 PSV       2 N       5  --  J4 D2 C3
O3  : T  14.12c W  14.45c S  -0.33c ( +1.1 L  +0.6) LCB -335.88c P  2.47% WF   2.6 PSV       1 N       1  --  O3
H16 : T  16.29c W  16.70c S  -0.40c ( +1.0 L  +0.7) LCB -333.71c P  1.82% WF   2.5 PSV       0 N       1  --  H16
H4  : T  20.31c W  20.31c S  -0.00c ( +1.4 L  +0.8) LCB -329.69c P  1.45% WF   2.6 PSV       0 N       1  --  H4
E3  : T  18.00c W  18.17c S  -0.17c ( +1.3 L  +0.7) LCB -332.00c P  1.34% WF   2.7 PSV       0 N       1  --  E3
K3  : T  16.09c W  16.32c S  -0.23c ( +1.2 L  +0.7) LCB -333.91c P  0.40% WF   2.7 PSV       0 N       1  --  K3
C7  : T  17.22c W  17.32c S  -0.10c ( +1.3 L  +0.7) LCB -332.78c P  0.36% WF   2.7 PSV       0 N       1  --  C7

2024-05-22 16:19:48+0800: = F15
2024-05-22 16:19:54+0800: Controller: quit
2024-05-22 16:19:54+0800: Quit requested by controller
2024-05-22 16:19:54+0800: = 
2024-05-22 16:19:54+0800: GPU -1 finishing, processed 8967 rows 1060 batches
2024-05-22 16:19:54+0800: All cleaned up, quitting
