2024-06-24 16:44:59-0400: Running with following config:
allowResignation = true
lagBuffer = 1.0
logAllGTPCommunication = true
logDir = gtp_logs
logSearchInfo = true
logSearchInfoForChosenMove = false
logToStderr = false
maxTime = 0.5
maxTimePondering = 60.0
numSearchThreads = 16
ogsChatToStderr = true
ponderingEnabled = true
resignConsecTurns = 3
resignThreshold = -0.90
rules = tromp-taylor
searchFactorAfterOnePass = 0.50
searchFactorAfterTwoPass = 0.25
searchFactorWhenWinning = 0.40
searchFactorWhenWinningThreshold = 0.95

2024-06-24 16:44:59-0400: GTP Engine starting...
2024-06-24 16:44:59-0400: KataGo v1.14.1
2024-06-24 16:44:59-0400: Using TrompTaylor rules initially, unless GTP/GUI overrides this
2024-06-24 16:44:59-0400: Using 16 CPU thread(s) for search
2024-06-24 16:44:59-0400: nnRandSeed0 = 16865029512656670841
2024-06-24 16:44:59-0400: After dedups: nnModelFile0 = C:\Users\chang\Downloads\kata1-b18c384nbt-s9937771520-d4300882049.bin.gz useFP16 auto useNHWC auto
2024-06-24 16:44:59-0400: Initializing neural net buffer to be size 19 * 19 exactly
2024-06-24 16:45:03-0400: Found OpenCL Platform 0: NVIDIA CUDA (NVIDIA Corporation) (OpenCL 3.0 CUDA 12.5.51)
2024-06-24 16:45:03-0400: Found 1 device(s) on platform 0 with type CPU or GPU or Accelerator
2024-06-24 16:45:03-0400: Found OpenCL Platform 1: Intel(R) OpenCL Graphics (Intel(R) Corporation) (OpenCL 3.0 )
2024-06-24 16:45:03-0400: Found 1 device(s) on platform 1 with type CPU or GPU or Accelerator
2024-06-24 16:45:03-0400: Found OpenCL Device 0: NVIDIA GeForce RTX 4060 Laptop GPU (NVIDIA Corporation) (score 11000300)
2024-06-24 16:45:03-0400: Found OpenCL Device 1: Intel(R) UHD Graphics (Intel(R) Corporation) (score 6000300)
2024-06-24 16:45:03-0400: Creating context for OpenCL Platform: NVIDIA CUDA (NVIDIA Corporation) (OpenCL 3.0 CUDA 12.5.51)
2024-06-24 16:45:03-0400: Using OpenCL Device 0: NVIDIA GeForce RTX 4060 Laptop GPU (NVIDIA Corporation) OpenCL 3.0 CUDA (Extensions: cl_khr_global_int32_base_atomics cl_khr_global_int32_extended_atomics cl_khr_local_int32_base_atomics cl_khr_local_int32_extended_atomics cl_khr_fp64 cl_khr_3d_image_writes cl_khr_byte_addressable_store cl_khr_icd cl_khr_gl_sharing cl_nv_compiler_options cl_nv_device_attribute_query cl_nv_pragma_unroll cl_nv_d3d10_sharing cl_khr_d3d10_sharing cl_nv_d3d11_sharing cl_nv_copy_opts cl_nv_create_buffer cl_khr_int64_base_atomics cl_khr_int64_extended_atomics cl_khr_device_uuid cl_khr_pci_bus_info cl_khr_external_semaphore cl_khr_external_memory cl_khr_external_semaphore_win32 cl_khr_external_memory_win32)
2024-06-24 16:45:03-0400: Loaded tuning parameters from: C:\Users\chang\Downloads\katago-v1.14.1-opencl-windows-x64/KataGoData/opencltuning/tune11_gpuNVIDIAGeForceRTX4060LaptopGPU_x19_y19_c384_mv14.txt
2024-06-24 16:45:03-0400: OpenCL backend thread 0: Model version 14
2024-06-24 16:45:03-0400: OpenCL backend thread 0: Model name: kata1-b18c384nbt-s9937771520-d4300882049
2024-06-24 16:45:05-0400: OpenCL backend thread 0: FP16Storage true FP16Compute false FP16TensorCores true FP16TensorCoresFor1x1 false
2024-06-24 16:45:05-0400: Loaded neural net with nnXLen 19 nnYLen 19
2024-06-24 16:45:05-0400: Initializing board with boardXSize 19 boardYSize 19
2024-06-24 16:45:05-0400: Loaded config C:/Users/chang/Downloads/katago-v1.14.1-opencl-windows-x64/lizgoban.cfg
2024-06-24 16:45:05-0400: Loaded model C:\Users\chang\Downloads\kata1-b18c384nbt-s9937771520-d4300882049.bin.gz
2024-06-24 16:45:05-0400: Model name: kata1-b18c384nbt-s9937771520-d4300882049
2024-06-24 16:45:05-0400: GTP ready, beginning main protocol loop
2024-06-24 16:45:05-0400: Controller: list_commands
2024-06-24 16:45:05-0400: = protocol_version
name
version
known_command
list_commands
quit
boardsize
rectangular_boardsize
clear_board
set_position
komi
get_komi
play
undo
kata-get-rules
kata-set-rule
kata-set-rules
kata-get-param
kata-set-param
kata-list-params
kgs-rules
genmove
genmove_debug
search_debug
clear_cache
showboard
fixed_handicap
place_free_handicap
set_free_handicap
time_settings
kgs-time_settings
time_left
kata-list_time_settings
kata-time_settings
final_score
final_status_list
loadsgf
printsgf
lz-genmove_analyze
kata-genmove_analyze
lz-analyze
kata-analyze
kata-raw-nn
cputime
gomill-cpu_time
kata-benchmark
kata-debug-print-tc
debug_moves
stop
2024-06-24 16:45:05-0400: Controller: boardsize 9
2024-06-24 16:45:05-0400: GPU -1 finishing, processed 0 rows 0 batches
2024-06-24 16:45:05-0400: Cleaned up old neural net and bot
2024-06-24 16:45:05-0400: nnRandSeed0 = 4830322227319462821
2024-06-24 16:45:05-0400: After dedups: nnModelFile0 = C:\Users\chang\Downloads\kata1-b18c384nbt-s9937771520-d4300882049.bin.gz useFP16 auto useNHWC auto
2024-06-24 16:45:05-0400: Initializing neural net buffer to be size 9 * 9 exactly
2024-06-24 16:45:07-0400: Found OpenCL Platform 0: NVIDIA CUDA (NVIDIA Corporation) (OpenCL 3.0 CUDA 12.5.51)
2024-06-24 16:45:07-0400: Found 1 device(s) on platform 0 with type CPU or GPU or Accelerator
2024-06-24 16:45:07-0400: Found OpenCL Platform 1: Intel(R) OpenCL Graphics (Intel(R) Corporation) (OpenCL 3.0 )
2024-06-24 16:45:07-0400: Found 1 device(s) on platform 1 with type CPU or GPU or Accelerator
2024-06-24 16:45:07-0400: Found OpenCL Device 0: NVIDIA GeForce RTX 4060 Laptop GPU (NVIDIA Corporation) (score 11000300)
2024-06-24 16:45:07-0400: Found OpenCL Device 1: Intel(R) UHD Graphics (Intel(R) Corporation) (score 6000300)
2024-06-24 16:45:07-0400: Creating context for OpenCL Platform: NVIDIA CUDA (NVIDIA Corporation) (OpenCL 3.0 CUDA 12.5.51)
2024-06-24 16:45:07-0400: Using OpenCL Device 0: NVIDIA GeForce RTX 4060 Laptop GPU (NVIDIA Corporation) OpenCL 3.0 CUDA (Extensions: cl_khr_global_int32_base_atomics cl_khr_global_int32_extended_atomics cl_khr_local_int32_base_atomics cl_khr_local_int32_extended_atomics cl_khr_fp64 cl_khr_3d_image_writes cl_khr_byte_addressable_store cl_khr_icd cl_khr_gl_sharing cl_nv_compiler_options cl_nv_device_attribute_query cl_nv_pragma_unroll cl_nv_d3d10_sharing cl_khr_d3d10_sharing cl_nv_d3d11_sharing cl_nv_copy_opts cl_nv_create_buffer cl_khr_int64_base_atomics cl_khr_int64_extended_atomics cl_khr_device_uuid cl_khr_pci_bus_info cl_khr_external_semaphore cl_khr_external_memory cl_khr_external_semaphore_win32 cl_khr_external_memory_win32)
2024-06-24 16:45:07-0400: Loaded tuning parameters from: C:\Users\chang\Downloads\katago-v1.14.1-opencl-windows-x64/KataGoData/opencltuning/tune11_gpuNVIDIAGeForceRTX4060LaptopGPU_x19_y19_c384_mv14.txt
2024-06-24 16:45:07-0400: OpenCL backend thread 0: Model version 14
2024-06-24 16:45:07-0400: OpenCL backend thread 0: Model name: kata1-b18c384nbt-s9937771520-d4300882049
2024-06-24 16:45:09-0400: OpenCL backend thread 0: FP16Storage true FP16Compute false FP16TensorCores true FP16TensorCoresFor1x1 false
2024-06-24 16:45:09-0400: Loaded neural net with nnXLen 9 nnYLen 9
2024-06-24 16:45:09-0400: Initializing board with boardXSize 9 boardYSize 9
2024-06-24 16:45:09-0400: = 
2024-06-24 16:45:09-0400: Controller: clear_board
2024-06-24 16:45:09-0400: = 
2024-06-24 16:45:09-0400: Controller: komi -2.5
2024-06-24 16:45:09-0400: = 
2024-06-24 16:45:09-0400: Controller: set_free_handicap g6 c3
2024-06-24 16:45:09-0400: = 
2024-06-24 16:45:09-0400: Controller: genmove white
2024-06-24 16:45:10-0400: MoveNum: 0 HASH: 4374C0B300D7926426E6FD6FDDBDCE75
   A B C D E F G H J
 9 . . . . . . . . .
 8 . . . . . . . . .
 7 . . . . . . . . .
 6 . . . . . . X . .
 5 . . . . . . . . .
 4 . . . @ . . . . .
 3 . . X . . . . . .
 2 . . . . . . . . .
 1 . . . . . . . . .

koPOSITIONALscoreAREAtaxNONEsui1komi-2.5
Time taken: 0.5
Root visits: 389
New playouts: 389
NN rows: 371
NN batches: 34
NN avg batch size: 10.9118
PlayoutDoublingAdvantage: 2.75
PV: D4 F4 D3 C4 D5 C6 C5
Tree:
: T -109.41c W -99.89c S  -9.38c (-17.9 L -17.6) N     389  --  D4 F4 D3 C4 D5 C6 C5
---White(^)---
D4  : T -108.95c W -99.88c S  -8.86c (-17.7 L -17.4) LCB -109.82c P 50.02% WF 1593.1 PSV    1588 N     335  --  D4 F4 D3 C4 D5 C6 C5
E6  : T -110.42c W -99.90c S -11.16c (-18.7 L -18.7) LCB -115.32c P  8.62% WF  69.3 PSV      71 N      13  --  E6 F4 D5
F5  : T -111.52c W -99.88c S -11.79c (-19.1 L -18.9) LCB -118.89c P  7.04% WF  58.2 PSV      40 N      11  --  F5 F6 D4 D6
D6  : T -112.72c W -99.95c S -12.80c (-19.5 L -19.4) LCB -140.83c P  5.97% WF  26.7 PSV      24 N       5  --  D6 F4 C5
E7  : T -112.84c W -99.97c S -12.87c (-19.5 L -19.6) LCB -186.87c P  3.75% WF  16.7 PSV      15 N       3  --  E7 F4 C6
D7  : T -112.36c W -99.97c S -12.39c (-19.4 L -18.9) LCB -186.52c P  2.01% WF  16.3 PSV       9 N       3  --  D7 D5
D5  : T -112.81c W -99.92c S -12.91c (-19.7 L -19.1) LCB -262.69c P  2.16% WF  11.1 PSV       8 N       2  --  D5 E4
C5  : T -112.46c W -99.98c S -12.47c (-19.3 L -18.9) LCB -261.47c P  2.02% WF  10.8 PSV       8 N       2  --  C5 F4
C6  : T -112.55c W -99.97c S -12.56c (-19.5 L -19.1) LCB -261.85c P  1.78% WF  10.8 PSV       7 N       2  --  C6 F4
E4  : T -111.33c W -99.93c S -11.41c (-18.9 L -18.5) LCB -260.78c P  1.24% WF  10.4 PSV       7 N       2  --  E4 D6

2024-06-24 16:45:10-0400: = D4
2024-06-24 16:45:15-0400: Controller: kata-list_time_settings
2024-06-24 16:45:15-0400: = none absolute byoyomi canadian fischer fischer-capped
2024-06-24 16:45:15-0400: Controller: play black e2
2024-06-24 16:45:15-0400: = 
2024-06-24 16:45:15-0400: Controller: genmove white
2024-06-24 16:45:16-0400: MoveNum: 2 HASH: 27D33C132B86628C2C83FA1E5FA89677
   A B C D E F G H J
 9 . . . . . . . . .
 8 . . . . . . . . .
 7 . . . . . . . . .
 6 . . . . . . X . .
 5 . . . . . . . . .
 4 . . @ O1. . . . .
 3 . . X . . . . . .
 2 . . . . X2. . . .
 1 . . . . . . . . .

koPOSITIONALscoreAREAtaxNONEsui1komi-2.5
Time taken: 0.547
Root visits: 485
New playouts: 465
NN rows: 424
NN batches: 42
NN avg batch size: 10.0952
PlayoutDoublingAdvantage: 2.75
PV: C4 B3 E3 F2 E7 F5 E5
Tree:
: T -110.44c W -99.83c S -10.50c (-16.8 L -16.6) N     485  --  C4 B3 E3 F2 E7 F5 E5
---White(^)---
C4  : T -109.76c W -99.82c S  -9.87c (-16.5 L -16.3) LCB -110.59c P 31.81% WF 1714.2 PSV    1705 N     375  --  C4 B3 E3 F2 E7 F5 E5
F4  : T -112.26c W -99.88c S -12.55c (-17.7 L -17.7) LCB -114.89c P 12.26% WF  97.2 PSV      85 N      19  --  F4 D7 C4 B3 F6
E7  : T -112.13c W -99.87c S -12.25c (-17.4 L -17.3) LCB -115.47c P  9.34% WF  84.5 PSV      68 N      17  --  E7 F4 C4 B3 G7
E6  : T -111.56c W -99.87c S -11.76c (-17.3 L -17.1) LCB -114.87c P  7.08% WF  85.5 PSV      65 N      17  --  E6 C4 G7 F7
D3  : T -113.04c W -99.84c S -12.83c (-17.9 L -17.9) LCB -117.45c P 11.41% WF  76.1 PSV      62 N      15  --  D3 D2 C4 B3 F3
F3  : T -110.93c W -99.85c S -11.19c (-17.1 L -17.0) LCB -114.01c P  4.75% WF  90.6 PSV      61 N      18  --  F3 C4 D6 F7
F6  : T -113.37c W -99.84c S -12.98c (-18.2 L -18.0) LCB -123.70c P  5.66% WF  45.1 PSV      28 N       9  --  F6 F5 G7 E6
D6  : T -114.86c W -99.91c S -13.76c (-18.2 L -17.8) LCB -263.86c P  2.01% WF  10.3 PSV       7 N       2  --  D6 F4
F5  : T -115.42c W -99.87c S -14.31c (-18.8 L -18.4) LCB -265.36c P  2.05% WF  10.9 PSV       6 N       2  --  F5 F6
D7  : T -115.25c W -99.95c S -14.58c (-18.7 L -18.4) LCB -264.37c P  1.76% WF  10.7 PSV       6 N       2  --  D7 C4

2024-06-24 16:45:16-0400: = C4
2024-06-24 16:45:18-0400: Controller: kata-list_time_settings
2024-06-24 16:45:18-0400: = none absolute byoyomi canadian fischer fischer-capped
2024-06-24 16:45:18-0400: Controller: play black b3
2024-06-24 16:45:18-0400: = 
2024-06-24 16:45:18-0400: Controller: genmove white
2024-06-24 16:45:19-0400: MoveNum: 4 HASH: AD5AA38E33761713C4C45C4BCB0CB9C1
   A B C D E F G H J
 9 . . . . . . . . .
 8 . . . . . . . . .
 7 . . . . . . . . .
 6 . . . . . . X . .
 5 . . . . . . . . .
 4 . . O2O . . . . .
 3 . X3X . . @ . . .
 2 . . . . X1. . . .
 1 . . . . . . . . .

koPOSITIONALscoreAREAtaxNONEsui1komi-2.5
Time taken: 0.532
Root visits: 3379
New playouts: 653
NN rows: 602
NN batches: 53
NN avg batch size: 11.3585
PlayoutDoublingAdvantage: 2.75
PV: F3 D6 G4 F2 E6 E7 D7 E5 F6 F5 F7 G7 F8
Tree:
: T -110.80c W -99.82c S -10.90c (-17.3 L -17.1) N    3379  --  F3 D6 G4 F2 E6 E7 D7
---White(^)---
F3  : T -110.31c W -99.80c S -10.55c (-17.1 L -17.0) LCB -110.79c P 20.28% WF 7313.2 PSV    7261 N    1738  --  F3 D6 G4 F2 E6 E7 D7 E5
E3  : T -110.82c W -99.84c S -10.81c (-17.1 L -16.9) LCB -111.51c P 19.37% WF 3719.0 PSV    1955 N     874  --  E3 F2 F7 F6 E7 E6 D6 D7
F6  : T -111.10c W -99.83c S -11.16c (-17.4 L -17.2) LCB -112.05c P 13.18% WF 1990.7 PSV     953 N     479  --  F6 F5 E5 F4 G7 E6 F7 D6
E7  : T -112.13c W -99.86c S -12.16c (-17.7 L -17.4) LCB -114.02c P  7.67% WF 334.2 PSV     273 N      74  --  E7 F4 G7 F6 F7 C6 D6 B5
E6  : T -112.00c W -99.85c S -11.77c (-17.5 L -17.3) LCB -114.00c P  5.39% WF 225.3 PSV     205 N      48  --  E6 E7 D7 F7 E3
F4  : T -113.33c W -99.86c S -13.21c (-18.5 L -18.2) LCB -115.49c P  7.19% WF 161.5 PSV     161 N      34  --  F4 D7 F6 F7 G7 H7 G8 E6
G5  : T -113.67c W -99.88c S -13.54c (-18.6 L -18.2) LCB -115.89c P  7.52% WF 158.1 PSV     152 N      33  --  G5 F5 F4 G4 H5 E4
F7  : T -111.24c W -99.83c S -11.21c (-17.5 L -17.1) LCB -114.24c P  1.77% WF 147.5 PSV     112 N      33  --  F7 F6 E3 D7
D7  : T -114.32c W -99.89c S -13.97c (-18.4 L -18.2) LCB -116.94c P  6.12% WF 104.3 PSV     105 N      21  --  D7 F4 E3 F3 F7
F5  : T -113.52c W -99.90c S -13.13c (-18.2 L -17.8) LCB -116.57c P  3.67% WF  86.8 PSV      77 N      17  --  F5 E7 G5 F6

2024-06-24 16:45:19-0400: = F3
2024-06-24 16:45:21-0400: Controller: kata-list_time_settings
2024-06-24 16:45:21-0400: = none absolute byoyomi canadian fischer fischer-capped
2024-06-24 16:45:21-0400: Controller: play black f2
2024-06-24 16:45:21-0400: = 
2024-06-24 16:45:21-0400: Controller: genmove white
2024-06-24 16:45:22-0400: MoveNum: 6 HASH: 772663A51A20FDD2E9E779931FD31FBA
   A B C D E F G H J
 9 . . . . . . . . .
 8 . . . . . . . . .
 7 . . . . @ . . . .
 6 . . . . . . X . .
 5 . . . . . . . . .
 4 . . O O . . . . .
 3 . X1X . . O2. . .
 2 . . . . X X3. . .
 1 . . . . . . . . .

koPOSITIONALscoreAREAtaxNONEsui1komi-2.5
Time taken: 0.5
Root visits: 579
New playouts: 577
NN rows: 528
NN batches: 50
NN avg batch size: 10.56
PlayoutDoublingAdvantage: 2.75
PV: E7 E6 D6 F7 E8 F8 F5 F6 C7
Tree:
: T -108.06c W -99.73c S  -8.57c (-13.7 L -13.7) N     579  --  E7 E6 D6 F7 E8 F8 F5
---White(^)---
E7  : T -107.60c W -99.72c S  -8.19c (-13.5 L -13.6) LCB -108.67c P 49.18% WF 1822.1 PSV    1816 N     527  --  E7 E6 D6 F7 E8 F8 F5 F6
D7  : T -111.89c W -99.82c S -12.04c (-15.1 L -14.9) LCB -116.72c P 14.72% WF  69.2 PSV      63 N      15  --  D7 E7 E6 E8
E6  : T -110.81c W -99.83c S -10.76c (-14.6 L -14.4) LCB -115.75c P 10.87% WF  60.8 PSV      60 N      14  --  E6 E7 D7 E8
F7  : T -109.27c W -99.78c S -10.29c (-14.4 L -14.3) LCB -129.19c P  4.45% WF  25.6 PSV      26 N       6  --  F7 F6 E7
F6  : T -112.48c W -99.84c S -12.55c (-15.5 L -15.4) LCB -132.06c P  6.10% WF  27.3 PSV      23 N       6  --  F6 F7 E7
D3  : T -112.60c W -99.79c S -12.24c (-15.3 L -15.2) LCB -156.12c P  3.17% WF  18.6 PSV      11 N       4  --  D3 D2 E7 F7
E8  : T -114.21c W -99.78c S -12.98c (-15.9 L -15.6) LCB -263.46c P  2.92% WF   9.1 PSV       8 N       2  --  E8 D6
D6  : T -111.20c W -99.67c S -11.53c (-14.7 L -15.2) LCB -461.20c P  1.04% WF   4.9 PSV       5 N       1  --  D6
D8  : T -112.60c W -99.71c S -12.89c (-15.4 L -15.7) LCB -462.60c P  0.80% WF   5.1 PSV       3 N       1  --  D8
G5  : T -112.64c W -99.68c S -12.95c (-15.5 L -15.6) LCB -462.64c P  0.55% WF   4.9 PSV       2 N       1  --  G5

2024-06-24 16:45:22-0400: = E7
2024-06-24 16:45:30-0400: Controller: kata-list_time_settings
2024-06-24 16:45:30-0400: = none absolute byoyomi canadian fischer fischer-capped
2024-06-24 16:45:30-0400: Controller: play black g8
2024-06-24 16:45:30-0400: = 
2024-06-24 16:45:30-0400: Controller: genmove white
2024-06-24 16:45:31-0400: MoveNum: 8 HASH: F31E17D56DDE8F233FFB7CA008871C68
   A B C D E F G H J
 9 . . . . . . . . .
 8 . . . . . . X3. .
 7 . . . . O2@ . . .
 6 . . . . . . X . .
 5 . . . . . . . . .
 4 . . O O . . . . .
 3 . X X . . O . . .
 2 . . . . X X1. . .
 1 . . . . . . . . .

koPOSITIONALscoreAREAtaxNONEsui1komi-2.5
Time taken: 0.516
Root visits: 518
New playouts: 516
NN rows: 481
NN batches: 42
NN avg batch size: 11.4524
PlayoutDoublingAdvantage: 2.75
PV: F7 G7 F5 H4 B4 A4 A5 A3 H3
Tree:
: T -106.62c W -99.71c S  -6.77c (-11.2 L -11.3) N     518  --  F7 G7 F5 H4 B4 A4 A5
---White(^)---
F7  : T -106.02c W -99.70c S  -6.24c (-11.0 L -11.0) LCB -107.00c P 35.60% WF 1422.4 PSV    1416 N     422  --  F7 G7 F5 H4 B4 A4 A5 A3
F5  : T -107.90c W -99.77c S  -7.89c (-11.6 L -11.7) LCB -109.74c P 35.66% WF 275.2 PSV     278 N      71  --  F5 B5 G5 E8 D8 F7
G4  : T -110.78c W -99.72c S -11.19c (-13.7 L -13.8) LCB -119.38c P 12.09% WF  42.8 PSV      42 N      11  --  G4 F5 F4 D6
D3  : T -111.28c W -99.71c S -10.11c (-12.8 L -12.9) LCB -264.93c P  2.28% WF   8.8 PSV       7 N       2  --  D3 D2
B4  : T -113.01c W -99.76c S -11.96c (-13.6 L -13.6) LCB -262.40c P  2.07% WF   8.6 PSV       5 N       2  --  B4 E6
G5  : T -112.19c W -99.80c S -11.16c (-13.3 L -13.0) LCB -263.08c P  1.92% WF   8.8 PSV       5 N       2  --  G5 F6
F4  : T -109.20c W -99.59c S  -9.61c (-12.3 L -12.6) LCB -459.20c P  0.96% WF   4.2 PSV       4 N       1  --  F4
D6  : T -109.00c W -99.51c S  -9.48c (-12.2 L -12.7) LCB -459.00c P  0.68% WF   4.1 PSV       3 N       1  --  D6
G3  : T -114.42c W -99.76c S -12.99c (-14.6 L -14.2) LCB -266.27c P  1.12% WF   9.2 PSV       2 N       2  --  G3 F5
F8  : T -111.57c W -99.70c S -11.03c (-13.4 L -13.3) LCB -260.55c P  0.89% WF   8.0 PSV       2 N       2  --  F8 F5

2024-06-24 16:45:31-0400: = F7
2024-06-24 16:45:33-0400: Controller: kata-list_time_settings
2024-06-24 16:45:33-0400: = none absolute byoyomi canadian fischer fischer-capped
2024-06-24 16:45:33-0400: Controller: play black g7
2024-06-24 16:45:33-0400: = 
2024-06-24 16:45:33-0400: Controller: genmove white
2024-06-24 16:45:34-0400: MoveNum: 10 HASH: 5B49E66F729C61AD43375F6BBF00F42D
   A B C D E F G H J
 9 . . . . . . . . .
 8 . . . . . . X1. .
 7 . . . . O O2X3. .
 6 . . . . . . X . .
 5 . . . . . @ . . .
 4 . . O O . . . . .
 3 . X X . . O . . .
 2 . . . . X X . . .
 1 . . . . . . . . .

koPOSITIONALscoreAREAtaxNONEsui1komi-2.5
Time taken: 0.516
Root visits: 2124
New playouts: 611
NN rows: 510
NN batches: 51
NN avg batch size: 10
PlayoutDoublingAdvantage: 2.75
PV: F5 F8 E8 H4 D3 D2 G3 B5 B4 A4 B6 C5 A6 C6 A5 A3
Tree:
: T -107.18c W -99.73c S  -7.55c (-10.9 L -11.0) N    2124  --  F5 F8 E8 H4 D3 D2 G3
---White(^)---
F5  : T -106.76c W -99.73c S  -7.11c (-10.7 L -10.8) LCB -107.24c P 35.23% WF 6684.6 PSV    6657 N    1945  --  F5 F8 E8 H4 D3 D2 G3 B5
F4  : T -110.57c W -99.69c S -10.84c (-13.0 L -12.9) LCB -112.34c P 32.00% WF 370.9 PSV     379 N     101  --  F4 D6 D7 C7 C6 B6 C5 C8
G4  : T -113.67c W -99.70c S -14.18c (-15.1 L -15.2) LCB -119.41c P 14.65% WF  94.1 PSV      98 N      26  --  G4 F5 E3 D6 C6 D3
D3  : T -110.88c W -99.67c S -10.89c (-12.9 L -12.9) LCB -113.58c P  8.65% WF 133.2 PSV      95 N      36  --  D3 D2 F5 H4 B4 A4 A5 A3
G3  : T -113.24c W -99.72c S -13.38c (-14.3 L -14.3) LCB -133.46c P  3.60% WF  24.5 PSV      25 N       6  --  G3 F5 D3
H4  : T -114.70c W -99.72c S -13.98c (-14.9 L -14.9) LCB -268.14c P  1.28% WF   7.5 PSV       7 N       2  --  H4 F5
B4  : T -112.47c W -99.77c S -11.78c (-13.1 L -12.8) LCB -187.08c P  0.67% WF  10.7 PSV       5 N       3  --  B4 F4
E3  : T -116.32c W -99.71c S -14.56c (-15.0 L -14.6) LCB -268.31c P  0.53% WF   8.4 PSV       2 N       2  --  E3 F5
H5  : T -113.33c W -99.55c S -13.78c (-14.5 L -15.4) LCB -463.33c P  0.35% WF   3.9 PSV       2 N       1  --  H5
C6  : T -114.81c W -99.42c S -15.39c (-14.4 L -15.3) LCB -464.81c P  0.26% WF   4.4 PSV       1 N       1  --  C6

2024-06-24 16:45:34-0400: = F5
2024-06-24 16:45:39-0400: Controller: kata-list_time_settings
2024-06-24 16:45:39-0400: = none absolute byoyomi canadian fischer fischer-capped
2024-06-24 16:45:39-0400: Controller: play black b5
2024-06-24 16:45:39-0400: = 
2024-06-24 16:45:39-0400: Controller: genmove white
2024-06-24 16:45:39-0400: MoveNum: 12 HASH: AEBC285B1BD7CF91EA9E9BC9C2D3DA48
   A B C D E F G H J
 9 . . . . . . . . .
 8 . . . . . . X . .
 7 . . . . O O X1. .
 6 . . . . . . X . .
 5 . X3. . . O2. . .
 4 . @ O O . . . . .
 3 . X X . . O . . .
 2 . . . . X X . . .
 1 . . . . . . . . .

koPOSITIONALscoreAREAtaxNONEsui1komi-2.5
Time taken: 0.516
Root visits: 721
New playouts: 712
NN rows: 539
NN batches: 48
NN avg batch size: 11.2292
PlayoutDoublingAdvantage: 2.75
PV: B4 A4 H5 F6 E6 G5 G4 E5 F4 D5 C5 D6
Tree:
: T -104.22c W -99.39c S  -5.04c ( -9.0 L  -9.2) N     721  --  B4 A4 H5 F6 E6 G5 G4
---White(^)---
B4  : T -103.45c W -99.26c S  -4.49c ( -8.7 L  -8.9) LCB -104.97c P 21.33% WF 825.6 PSV    1198 N     348  --  B4 A4 H5 F6 E6 G5 G4 E5
H5  : T -104.45c W -99.46c S  -5.22c ( -9.1 L  -9.4) LCB -105.68c P 46.84% WF 795.6 PSV     599 N     328  --  H5 G5 G4 F6 E6 H6 B4 E5
G5  : T -107.71c W -99.72c S  -7.80c (-10.0 L -10.1) LCB -110.18c P 23.35% WF 100.7 PSV      94 N      28  --  G5 H5 H4 J5 B4 A4
D3  : T -105.30c W -99.55c S  -5.51c ( -9.2 L  -9.6) LCB -110.59c P  3.76% WF  40.0 PSV      30 N      14  --  D3 D2 H5 G5 G4
H4  : T -109.46c W -99.55c S  -8.45c (-10.6 L -10.7) LCB -258.68c P  1.14% WF   7.7 PSV       3 N       2  --  H4 G5

2024-06-24 16:45:39-0400: = B4
2024-06-24 16:45:42-0400: Controller: kata-list_time_settings
2024-06-24 16:45:42-0400: = none absolute byoyomi canadian fischer fischer-capped
2024-06-24 16:45:42-0400: Controller: play black a4
2024-06-24 16:45:42-0400: = 
2024-06-24 16:45:42-0400: Controller: genmove white
2024-06-24 16:45:43-0400: MoveNum: 14 HASH: 327A49AE92597F65494FBF3FFC0D9A16
   A B C D E F G H J
 9 . . . . . . . . .
 8 . . . . . . X . .
 7 . . . . O O X . .
 6 . . . . . . X . .
 5 . X1. . . O . @ .
 4 X3O2O O . . . . .
 3 . X X . . O . . .
 2 . . . . X X . . .
 1 . . . . . . . . .

koPOSITIONALscoreAREAtaxNONEsui1komi-2.5
Time taken: 0.516
Root visits: 5480
New playouts: 1094
NN rows: 544
NN batches: 53
NN avg batch size: 10.2642
PlayoutDoublingAdvantage: 2.75
PV: H5 G5 G4 F6 E6 H6 H4 C6 F8 E5 F4 D5 C8 D8 D7
Tree:
: T -104.98c W -99.12c S  -6.09c ( -9.3 L  -9.5) N    5480  --  H5 G5 G4 F6 E6 H6 H4
---White(^)---
H5  : T -104.72c W -99.02c S  -6.05c ( -9.3 L  -9.5) LCB -105.29c P 49.28% WF 8780.0 PSV    8753 N    4201  --  H5 G5 G4 F6 E6 H6 H4 C6
D3  : T -104.74c W -99.32c S  -5.46c ( -8.9 L  -9.1) LCB -105.49c P  8.37% WF 2598.8 PSV    1441 N    1097  --  D3 D2 H5 H6 G5 F8 E8 J8
G5  : T -109.57c W -99.71c S  -9.72c (-10.5 L -10.6) LCB -110.73c P 31.82% WF 463.1 PSV     480 N     135  --  G5 H5 H4 J5 C6 G3 H3
H4  : T -107.88c W -99.66c S  -8.45c (-10.2 L -10.5) LCB -112.46c P  2.36% WF  53.0 PSV      52 N      16  --  H4 H5 G5 J5 C6 G3 H3
B6  : T -110.10c W -99.75c S -10.39c (-10.9 L -11.0) LCB -117.99c P  3.03% WF  39.8 PSV      41 N      11  --  B6 H4 H3 G4
A2  : T -108.54c W -99.57c S  -8.66c (-10.5 L -11.1) LCB -120.61c P  1.19% WF  22.6 PSV      22 N       8  --  A2 D3 A3 E4
A3  : T -109.88c W -99.50c S  -9.95c (-11.0 L -11.4) LCB -140.20c P  1.13% WF  16.3 PSV      16 N       5  --  A3 A2 H5 F6
C5  : T -110.36c W -99.44c S -10.93c (-11.0 L -11.6) LCB -460.36c P  0.31% WF   3.7 PSV       4 N       1  --  C5
G4  : T -116.24c W -99.72c S -14.63c (-12.9 L -12.8) LCB -267.73c P  0.39% WF   8.5 PSV       2 N       2  --  G4 H5
C6  : T -110.93c W -99.48c S -11.45c (-11.1 L -11.7) LCB -460.93c P  0.25% WF   4.1 PSV       2 N       1  --  C6

2024-06-24 16:45:43-0400: = H5
2024-06-24 16:45:49-0400: Controller: kata-list_time_settings
2024-06-24 16:45:49-0400: = none absolute byoyomi canadian fischer fischer-capped
2024-06-24 16:45:49-0400: Controller: play black g5
2024-06-24 16:45:49-0400: = 
2024-06-24 16:45:49-0400: Controller: genmove white
2024-06-24 16:45:50-0400: MoveNum: 16 HASH: 77BABFF6613BF9C73FDCDD2B7816A642
   A B C D E F G H J
 9 . . . . . . . . .
 8 . . . . . . X . .
 7 . . . . O O X . .
 6 . . . . . . X . .
 5 . X . . . O X3O2.
 4 X1O O O . . @ . .
 3 . X X . . O . . .
 2 . . . . X X . . .
 1 . . . . . . . . .

koPOSITIONALscoreAREAtaxNONEsui1komi-2.5
Time taken: 0.516
Root visits: 4615
New playouts: 1059
NN rows: 513
NN batches: 49
NN avg batch size: 10.4694
PlayoutDoublingAdvantage: 2.75
PV: G4 F6 E6 E5 F4 D5 C7 C6 B7 H6 D3 D2 H4 D7 D8 D6 F8 G9 E8 J8 B6 C5 G2 F1
Tree:
: T -103.33c W -98.55c S  -5.38c ( -9.2 L  -9.4) N    4615  --  G4 F6 E6 E5 F4 D5 C7
---White(^)---
G4  : T -103.05c W -98.52c S  -5.13c ( -9.1 L  -9.3) LCB -103.72c P 62.71% WF 8355.1 PSV    8335 N    4505  --  G4 F6 E6 E5 F4 D5 C7 C6
H4  : T -114.03c W -99.49c S -14.77c (-15.2 L -15.5) LCB -118.28c P 22.98% WF 130.5 PSV     145 N      55  --  H4 F6 D6 E4 F4 E5 E3 G4
D3  : T -109.40c W -99.38c S -10.19c (-12.0 L -12.3) LCB -114.44c P 10.41% WF 106.9 PSV     111 N      47  --  D3 G3 C2 C6
A3  : T -112.98c W -99.68c S -13.00c (-12.7 L -12.6) LCB -157.82c P  1.55% WF  12.9 PSV      10 N       4  --  A3 F6
A2  : T -114.34c W -99.20c S -15.14c (-14.3 L -15.5) LCB -464.34c P  0.38% WF   3.6 PSV       2 N       1  --  A2
A5  : T -114.46c W -99.08c S -15.38c (-14.8 L -16.2) LCB -464.46c P  0.23% WF   3.3 PSV       1 N       1  --  A5
D2  : T -113.92c W -99.41c S -14.51c (-14.2 L -16.8) LCB -463.92c P  0.21% WF   2.4 PSV       1 N       1  --  D2

2024-06-24 16:45:50-0400: = G4
2024-06-24 16:45:52-0400: Controller: kata-list_time_settings
2024-06-24 16:45:52-0400: = none absolute byoyomi canadian fischer fischer-capped
2024-06-24 16:45:52-0400: Controller: play black h6
2024-06-24 16:45:52-0400: = 
2024-06-24 16:45:52-0400: Controller: genmove white
2024-06-24 16:45:53-0400: MoveNum: 18 HASH: ACEB1745B37FB1917E2485AF272EA73E
   A B C D E F G H J
 9 . . . . . . . . .
 8 . . . . . . X . .
 7 . . . . O O X . .
 6 . @ . . . . X X3.
 5 . X . . . O X1O .
 4 X O O O . . O2. .
 3 . X X . . O . . .
 2 . . . . X X . . .
 1 . . . . . . . . .

koPOSITIONALscoreAREAtaxNONEsui1komi-2.5
Time taken: 0.5
Root visits: 2066
New playouts: 978
NN rows: 492
NN batches: 49
NN avg batch size: 10.0408
PlayoutDoublingAdvantage: 2.75
PV: B6 F6 D6 E6 D7 E5 D3 D2 F4 H4 H3 J5
Tree:
: T -104.02c W -99.17c S  -5.26c ( -7.8 L  -8.0) N    2066  --  B6 F6 D6 E6 D7 E5 D3
---White(^)---
B6  : T -103.15c W -99.34c S  -4.25c ( -7.2 L  -7.5) LCB -103.87c P  8.01% WF 2526.2 PSV    3220 N    1080  --  B6 F6 D6 E6 D7 E5 D3 D2
H4  : T -104.46c W -98.78c S  -6.02c ( -8.3 L  -8.4) LCB -105.73c P 33.41% WF 1238.2 PSV     885 N     654  --  H4 F6 E6 C6 D3 D2 F8 H8
H3  : T -106.32c W -99.16c S  -7.34c ( -9.0 L  -9.2) LCB -108.21c P 33.72% WF 421.4 PSV     390 N     202  --  H3 F6 D3 D2 D6 F8 E8 C6
D3  : T -105.30c W -99.14c S  -6.28c ( -8.4 L  -8.6) LCB -107.73c P  8.55% WF 173.4 PSV     143 N      82  --  D3 D2 H4 C6 F8 F6 E6 H8
C6  : T -106.80c W -99.68c S  -7.35c ( -8.6 L  -8.8) LCB -109.26c P 11.28% WF 120.6 PSV     113 N      41  --  C6 F6 E6 E5 F4 H4 H3 J5
A2  : T -109.70c W -99.68c S  -8.88c ( -9.4 L  -9.9) LCB -269.07c P  1.08% WF   5.7 PSV       6 N       2  --  A2 A3
A3  : T -111.16c W -99.65c S -10.34c (-10.2 L -10.5) LCB -281.06c P  0.90% WF   5.7 PSV       4 N       2  --  A3 A2
B7  : T -107.40c W -99.65c S  -7.75c ( -8.7 L  -9.4) LCB -457.40c P  0.37% WF   3.4 PSV       3 N       1  --  B7
C5  : T -110.12c W -99.61c S -10.51c ( -9.8 L -10.7) LCB -460.12c P  0.45% WF   3.5 PSV       2 N       1  --  C5

2024-06-24 16:45:53-0400: = B6
2024-06-24 16:45:57-0400: Controller: kata-list_time_settings
2024-06-24 16:45:57-0400: = none absolute byoyomi canadian fischer fischer-capped
2024-06-24 16:45:57-0400: Controller: play black c5
2024-06-24 16:45:57-0400: = 
2024-06-24 16:45:57-0400: Controller: genmove white
2024-06-24 16:45:58-0400: MoveNum: 20 HASH: 8C2D7D8EC7C269073A8BB278ABD78375
   A B C D E F G H J
 9 . . . . . . . . .
 8 . . . . . . X . .
 7 . . . . O O X . .
 6 . O2. . . . X X1.
 5 . X X3. . O X O .
 4 X O O O . . O . .
 3 . X X @ . O . . .
 2 . . . . X X . . .
 1 . . . . . . . . .

koPOSITIONALscoreAREAtaxNONEsui1komi-2.5
Time taken: 0.532
Root visits: 8191
New playouts: 1153
NN rows: 487
NN batches: 50
NN avg batch size: 9.74
PlayoutDoublingAdvantage: 2.75
PV: D3 D2 A2 A3 C6 D5 E5 E3 E4 D6 D7 H3 H4 G3 F8 F4 C2 B2 F3 C7 B7 F4
Tree:
: T -105.75c W -99.30c S  -6.44c ( -9.6 L  -9.9) N    8191  --  D3 D2 A2 A3 C6 D5 E5
---White(^)---
D3  : T -105.54c W -99.44c S  -6.10c ( -9.4 L  -9.6) LCB -105.99c P 42.88% WF 13488.7 PSV   13447 N    5341  --  D3 D2 A2 A3 C6 D5 E5 E3
H3  : T -105.65c W -98.96c S  -6.64c ( -9.8 L -10.1) LCB -106.76c P 23.68% WF 4976.5 PSV    4978 N    2245  --  H3 F6 D5 E6 C6 D7 A5 A3
H4  : T -107.65c W -99.12c S  -8.29c (-11.0 L -11.4) LCB -109.88c P 16.62% WF 903.8 PSV     802 N     410  --  H4 F6 D5 E6 C6 E3 D3 D2
C6  : T -110.30c W -99.41c S -10.84c (-12.2 L -12.7) LCB -115.20c P 12.59% WF 287.6 PSV     294 N     106  --  C6 D5 E5 E4 E3 D3 H4 G3
A3  : T -105.76c W -99.39c S  -5.99c ( -9.4 L  -9.7) LCB -109.01c P  0.68% WF 144.8 PSV     135 N      60  --  A3 A2 D3 D2 C6 E3 E4
A6  : T -110.40c W -99.54c S -10.47c (-11.8 L -12.2) LCB -119.73c P  0.98% WF  31.3 PSV      22 N      13  --  A6 C6 D3
A2  : T -107.75c W -99.46c S  -8.46c (-10.9 L -11.2) LCB -137.80c P  0.24% WF  11.3 PSV      10 N       5  --  A2 D5 D3
D5  : T -110.32c W -99.68c S  -9.93c (-10.8 L -11.2) LCB -184.30c P  0.46% WF   9.6 PSV      10 N       3  --  D5 C6 H3
F8  : T -109.63c W -99.74c S -10.15c (-11.1 L -11.0) LCB -184.30c P  0.21% WF   8.4 PSV       5 N       3  --  F8 D5
C7  : T -110.38c W -99.72c S  -9.31c (-10.6 L -10.8) LCB -259.94c P  0.22% WF   6.1 PSV       5 N       2  --  C7 E4

2024-06-24 16:45:58-0400: = D3
2024-06-24 16:46:01-0400: Controller: kata-list_time_settings
2024-06-24 16:46:01-0400: = none absolute byoyomi canadian fischer fischer-capped
2024-06-24 16:46:01-0400: Controller: play black d2
2024-06-24 16:46:01-0400: = 
2024-06-24 16:46:01-0400: Controller: genmove white
2024-06-24 16:46:01-0400: MoveNum: 22 HASH: 40C493602A2CBD916DC0880017461A3A
   A B C D E F G H J
 9 . . . . . . . . .
 8 . . . . . . X . .
 7 . . . . O O X . .
 6 . O @ . . . X X .
 5 . X X1. . O X O .
 4 X O O O . . O . .
 3 . X X O2. O . . .
 2 . . . X3X X . . .
 1 . . . . . . . . .

koPOSITIONALscoreAREAtaxNONEsui1komi-2.5
Time taken: 0.531
Root visits: 12777
New playouts: 1323
NN rows: 513
NN batches: 49
NN avg batch size: 10.4694
PlayoutDoublingAdvantage: 2.75
PV: C6 E3 E4 D5 A2 A3 E5 D6 D7 H3 H4 G3 F8 F4 C2 B2 F3 C7 B7 F4 B1 C1 F3 J4 J5
Tree:
: T -106.49c W -99.48c S  -6.97c (-10.0 L -10.2) N   12777  --  C6 E3 E4 D5 A2 A3 E5
---White(^)---
C6  : T -106.40c W -99.54c S  -6.84c ( -9.9 L -10.1) LCB -106.72c P 48.28% WF 20366.3 PSV   20347 N    7753  --  C6 E3 E4 D5 A2 A3 E5 D6
A2  : T -106.08c W -99.38c S  -6.74c ( -9.9 L -10.2) LCB -106.86c P  1.81% WF 5155.9 PSV    5125 N    2051  --  A2 A3 C6 D5 E5 E3 E4 D6
C7  : T -106.04c W -99.57c S  -6.40c ( -9.6 L  -9.8) LCB -106.72c P  0.30% WF 4558.7 PSV    4529 N    1614  --  C7 E3 E4 H3 H4 G3 F4 F8
H3  : T -107.98c W -98.97c S  -8.53c (-11.2 L -11.6) LCB -109.80c P 22.22% WF 1723.0 PSV    1756 N     808  --  H3 F6 A2 A3 D5 E6 C6 D7
H4  : T -109.03c W -99.15c S  -9.23c (-11.9 L -12.3) LCB -111.15c P 14.83% WF 745.0 PSV     759 N     350  --  H4 F6 D5 E6 C6 D7 A5 G2
A6  : T -112.07c W -99.60c S -12.33c (-13.2 L -13.6) LCB -115.90c P  8.31% WF 200.7 PSV     211 N      84  --  A6 C6 C7 B7 B8 F6 D6 E5
A3  : T -107.44c W -99.63c S  -7.14c (-10.0 L -10.4) LCB -110.64c P  0.74% WF  93.3 PSV      80 N      35  --  A3 A2 C6 E3 E4 D5 E5 G3
C2  : T -107.79c W -99.43c S  -7.96c (-10.7 L -11.3) LCB -111.48c P  0.78% WF  56.6 PSV      53 N      23  --  C2 C6 B2 A3 C7 B7 B8 A6
B2  : T -108.11c W -99.40c S  -8.27c (-10.9 L -11.6) LCB -110.99c P  0.69% WF  62.5 PSV      51 N      26  --  B2 C6 C2 A3 C7 B7 B8 A6
F8  : T -107.19c W -99.59c S  -7.58c (-10.3 L -10.5) LCB -110.76c P  0.33% WF  58.6 PSV      43 N      25  --  F8 H4 H3 J5 C6 D5

2024-06-24 16:46:01-0400: = C6
2024-06-24 16:46:04-0400: Controller: kata-list_time_settings
2024-06-24 16:46:04-0400: = none absolute byoyomi canadian fischer fischer-capped
2024-06-24 16:46:04-0400: Controller: play black d5
2024-06-24 16:46:04-0400: = 
2024-06-24 16:46:04-0400: Controller: genmove white
2024-06-24 16:46:04-0400: MoveNum: 24 HASH: 014BDFF7C847A932E41B35E51216116C
   A B C D E F G H J
 9 . . . . . . . . .
 8 . . . . . . X . .
 7 . . . . O O X . .
 6 . O O2. . . X X .
 5 . X X X3@ O X O .
 4 X O O O . . O . .
 3 . X X O . O . . .
 2 . . . X1X X . . .
 1 . . . . . . . . .

koPOSITIONALscoreAREAtaxNONEsui1komi-2.5
Time taken: 0.515
Root visits: 10759
New playouts: 2174
NN rows: 478
NN batches: 49
NN avg batch size: 9.7551
PlayoutDoublingAdvantage: 2.75
PV: E5 E3 E4 G3 F4 D6 D7 H3 H4 F8 A6 A5 E8 F9 H2 G2 J3 E9 D9 C8 B8 D8 C7
Tree:
: T -106.41c W -99.47c S  -7.06c (-10.3 L -10.4) N   10759  --  E5 E3 E4 G3 F4 D6 D7
---White(^)---
E5  : T -106.36c W -99.47c S  -6.99c (-10.3 L -10.4) LCB -106.68c P 84.14% WF 26131.8 PSV   26118 N    9968  --  E5 E3 E4 G3 F4 D6 D7 H3
A6  : T -106.82c W -99.46c S  -7.66c (-10.6 L -10.8) LCB -108.32c P  6.72% WF 1235.2 PSV    1041 N     516  --  A6 F6 A5 E3 E4 A3 E5 G3
A3  : T -106.62c W -99.58c S  -6.78c (-10.1 L -10.4) LCB -108.96c P  2.17% WF 382.4 PSV     353 N     143  --  A3 E3 E4 A2 E5 H3 H4 G3
F6  : T -106.43c W -99.60c S  -6.65c ( -9.9 L -10.2) LCB -108.73c P  0.74% WF 227.2 PSV     197 N      81  --  F6 E3 E4 H3 H4 G3 F4 F8
B2  : T -110.79c W -98.14c S -12.21c (-14.4 L -15.2) LCB -123.56c P  0.70% WF  20.1 PSV      20 N      11  --  B2 E3 E4 E5 F4 F6 C2 A3
C2  : T -111.60c W -97.86c S -14.31c (-16.4 L -17.4) LCB -125.28c P  0.74% WF  21.2 PSV      17 N      12  --  C2 E3 E4 E5 F4 F6 B2 A3
H3  : T -115.54c W -99.50c S -15.78c (-16.3 L -16.7) LCB -135.06c P  1.19% WF  19.8 PSV      17 N       7  --  H3 F6 E5 E6
H4  : T -115.18c W -99.46c S -15.26c (-17.2 L -17.2) LCB -136.88c P  1.00% WF  15.8 PSV      15 N       6  --  H4 F6 E5 E6
A2  : T -113.08c W -98.91c S -14.06c (-15.5 L -16.2) LCB -132.04c P  0.66% WF  16.8 PSV      13 N       8  --  A2 E3 E4 A3 E5 D6 D7 H3
G2  : T -118.18c W -99.62c S -17.41c (-17.9 L -18.1) LCB -268.09c P  0.36% WF   7.2 PSV       4 N       2  --  G2 F6

2024-06-24 16:46:04-0400: = E5
2024-06-24 16:46:09-0400: Controller: kata-list_time_settings
2024-06-24 16:46:09-0400: = none absolute byoyomi canadian fischer fischer-capped
2024-06-24 16:46:09-0400: Controller: play black d6
2024-06-24 16:46:09-0400: = 
2024-06-24 16:46:09-0400: Controller: genmove white
2024-06-24 16:46:10-0400: MoveNum: 26 HASH: 46D93F50B10AEF68AF9D9787B4191D4E
   A B C D E F G H J
 9 . . . . . . . . .
 8 . . . . . . X . .
 7 . . . @ O O X . .
 6 . O O X3. . X X .
 5 . X X X1O2O X O .
 4 X O O O . . O . .
 3 . X X O . O . . .
 2 . . . X X X . . .
 1 . . . . . . . . .

koPOSITIONALscoreAREAtaxNONEsui1komi-2.5
Time taken: 0.516
Root visits: 1725
New playouts: 911
NN rows: 503
NN batches: 55
NN avg batch size: 9.14545
PlayoutDoublingAdvantage: 2.75
PV: D7 E3 E4 H3 H4 G3 F8 F4 A2 B2 F3 C7 E6 A5 B7 F4 C2 A3 F3 J4 J5
Tree:
: T -105.74c W -99.56c S  -6.28c ( -9.3 L  -9.5) N    1725  --  D7 E3 E4 H3 H4 G3 F8
---White(^)---
D7  : T -105.54c W -99.58c S  -6.07c ( -9.1 L  -9.4) LCB -106.35c P 76.53% WF 4114.4 PSV    4109 N    1589  --  D7 E3 E4 H3 H4 G3 F8 F4
A2  : T -105.44c W -99.14c S  -5.96c ( -9.2 L  -9.6) LCB -108.66c P  1.54% WF 195.3 PSV      95 N      89  --  A2 A3 D7 E3 E4 H3 H4 G3
A6  : T -116.37c W -99.34c S -15.94c (-16.6 L -17.0) LCB -125.98c P 13.51% WF  45.9 PSV      47 N      20  --  A6 D7 A5 A3 C7 D8
A3  : T -107.40c W -99.58c S  -6.90c ( -9.6 L -10.0) LCB -111.80c P  1.79% WF  28.3 PSV      26 N      12  --  A3 A2 D7 E3 E4 H3 H4 G3
H3  : T -112.45c W -99.52c S -12.15c (-12.5 L -12.8) LCB -127.47c P  2.55% WF  23.2 PSV      13 N       9  --  H3 D7 D8 C8 G2
H4  : T -116.90c W -99.68c S -15.60c (-14.6 L -14.7) LCB -268.15c P  0.73% WF   6.7 PSV       2 N       2  --  H4 D7
C2  : T -118.43c W -98.75c S -19.68c (-18.8 L -21.5) LCB -468.63c P  0.96% WF   3.9 PSV       2 N       1  --  C2
B2  : T -116.42c W -98.91c S -17.51c (-16.4 L -18.6) LCB -466.42c P  0.65% WF   3.3 PSV       2 N       1  --  B2
C7  : T -114.15c W -99.71c S -14.44c (-13.4 L -14.0) LCB -464.15c P  0.26% WF   3.1 PSV       1 N       1  --  C7

2024-06-24 16:46:10-0400: = D7
2024-06-24 16:46:21-0400: Controller: kata-list_time_settings
2024-06-24 16:46:21-0400: = none absolute byoyomi canadian fischer fischer-capped
2024-06-24 16:46:21-0400: Controller: play black h4
2024-06-24 16:46:21-0400: = 
2024-06-24 16:46:21-0400: Controller: genmove white
2024-06-24 16:46:22-0400: MoveNum: 28 HASH: 735FF68A798DE956FD27219CAE1D4D3D
   A B C D E F G H J
 9 . . . . . . . . .
 8 . . . . . . X . .
 7 . . . O2O O X . .
 6 . O O X1. . X X .
 5 . X X X O O X O .
 4 X O O O . . O X3.
 3 . X X O . O . @ .
 2 . . . X X X . . .
 1 . . . . . . . . .

koPOSITIONALscoreAREAtaxNONEsui1komi-2.5
Time taken: 0.515
Root visits: 967
New playouts: 782
NN rows: 541
NN batches: 51
NN avg batch size: 10.6078
PlayoutDoublingAdvantage: 2.75
PV: H3 J5 G2 D9 E9 A5 A6 E8 D8 F9 F8 C8
Tree:
: T -103.86c W -99.20c S  -4.33c ( -5.5 L  -5.8) N     967  --  H3 J5 G2 D9 E9 A5 A6
---White(^)---
H3  : T -103.77c W -99.20c S  -4.24c ( -5.4 L  -5.8) LCB -104.54c P 90.06% WF 2254.9 PSV    2254 N     957  --  H3 J5 G2 D9 E9 A5 A6 E8
A2  : T -111.88c W -99.75c S -12.19c ( -8.8 L  -9.4) LCB -261.90c P  2.32% WF   5.5 PSV       5 N       2  --  A2 A3
C2  : T -111.25c W -99.64c S -10.98c ( -8.2 L  -8.9) LCB -260.95c P  2.09% WF   5.2 PSV       5 N       2  --  C2 B2
B2  : T -110.28c W -99.62c S -10.96c ( -8.2 L  -8.9) LCB -259.42c P  1.70% WF   5.3 PSV       5 N       2  --  B2 C2
A3  : T -112.03c W -99.72c S -11.87c ( -8.7 L  -9.2) LCB -267.84c P  1.13% WF   5.5 PSV       2 N       2  --  A3 A2
E6  : T -115.76c W -99.69c S -16.08c (-10.4 L -11.0) LCB -465.76c P  0.59% WF   3.6 PSV       1 N       1  --  E6

2024-06-24 16:46:22-0400: = H3
2024-06-24 16:46:25-0400: Controller: kata-list_time_settings
2024-06-24 16:46:25-0400: = none absolute byoyomi canadian fischer fischer-capped
2024-06-24 16:46:25-0400: Controller: play black j5
2024-06-24 16:46:25-0400: = 
2024-06-24 16:46:25-0400: Controller: genmove white
2024-06-24 16:46:26-0400: MoveNum: 30 HASH: E15FC1948BDDE37673BBE326DBCB479B
   A B C D E F G H J
 9 . . . . . . . . .
 8 . . . . . . X . .
 7 . . . O O O X . .
 6 . O O X . . X X .
 5 . X X X O O X . X3
 4 X O O O . . O X1.
 3 . X X O . O . O2.
 2 . . . X X X @ . .
 1 . . . . . . . . .

koPOSITIONALscoreAREAtaxNONEsui1komi-2.5
Time taken: 0.5
Root visits: 7733
New playouts: 1039
NN rows: 465
NN batches: 48
NN avg batch size: 9.6875
PlayoutDoublingAdvantage: 2.75
PV: G2 D9 E9 C8 C7 E8 A6 A5 C1 C2 B1 F1 D1 B8 A2 A3 E3 B2 E6 F8 G1
Tree:
: T -104.37c W -99.23c S  -4.87c ( -6.1 L  -6.6) N    7733  --  G2 D9 E9 C8 C7 E8 A6
---White(^)---
G2  : T -104.30c W -99.22c S  -4.82c ( -6.1 L  -6.5) LCB -104.60c P 83.97% WF 19193.6 PSV   19184 N    7576  --  G2 D9 E9 C8 C7 E8 A6 A5
E6  : T -105.26c W -99.65c S  -5.36c ( -6.2 L  -6.7) LCB -107.59c P  1.91% WF 146.7 PSV     136 N      48  --  E6 A5 G2 D9 E9 A3 A6 E8
A6  : T -108.01c W -99.55c S  -7.84c ( -7.3 L  -7.7) LCB -111.92c P  5.52% WF 134.6 PSV     132 N      49  --  A6 G2 A5 E3 E4
C2  : T -107.04c W -99.70c S  -7.26c ( -7.4 L  -7.9) LCB -112.50c P  1.61% WF  44.5 PSV      45 N      17  --  C2 B2 G2 D9 A6 A5 E9 E8
B1  : T -109.18c W -99.51c S  -9.15c ( -7.8 L  -8.2) LCB -116.37c P  2.06% WF  37.3 PSV      38 N      14  --  B1 G2 A2 B2
B2  : T -107.53c W -99.64c S  -7.76c ( -7.3 L  -7.8) LCB -111.81c P  1.15% WF  30.2 PSV      31 N      11  --  B2 C2 G2 D9 A6 A5 E9
A2  : T -108.85c W -99.66c S  -8.80c ( -7.7 L  -8.2) LCB -117.16c P  1.34% WF  25.1 PSV      26 N       9  --  A2 A3 G2 D9 E9 E8
A3  : T -109.18c W -99.63c S  -9.48c ( -8.0 L  -8.5) LCB -130.94c P  0.83% WF  15.4 PSV      15 N       5  --  A3 A2 G2 C8
C1  : T -114.47c W -99.63c S -14.04c (-10.0 L -10.2) LCB -265.39c P  0.45% WF   6.2 PSV       4 N       2  --  C1 G2
J4  : T -114.21c W -99.47c S -14.74c (-10.9 L -12.0) LCB -464.21c P  0.10% WF   3.3 PSV       1 N       1  --  J4

2024-06-24 16:46:26-0400: = G2
2024-06-24 16:46:33-0400: Controller: kata-list_time_settings
2024-06-24 16:46:33-0400: = none absolute byoyomi canadian fischer fischer-capped
2024-06-24 16:46:33-0400: Controller: play black d9
2024-06-24 16:46:33-0400: = 
2024-06-24 16:46:33-0400: Controller: genmove white
2024-06-24 16:46:33-0400: MoveNum: 32 HASH: F57BA3A0905D186B32A5EA47E7CA1B6A
   A B C D E F G H J
 9 . . . X3@ . . . .
 8 . . . . . . X . .
 7 . . . O O O X . .
 6 . O O X . . X X .
 5 . X X X O O X . X1
 4 X O O O . . O X .
 3 . X X O . O . O .
 2 . . . X X X O2. .
 1 . . . . . . . . .

koPOSITIONALscoreAREAtaxNONEsui1komi-2.5
Time taken: 0.516
Root visits: 21692
New playouts: 965
NN rows: 501
NN batches: 48
NN avg batch size: 10.4375
PlayoutDoublingAdvantage: 2.75
PV: E9 C8 B8 E8 C7 F1 F8 F9 D8 E9 A6 A5 C9 G9 E3
Tree:
: T -104.52c W -99.25c S  -5.03c ( -6.5 L  -6.9) N   21692  --  E9 C8 B8 E8 C7 F1 F8
---White(^)---
E9  : T -104.34c W -99.21c S  -4.90c ( -6.4 L  -6.8) LCB -104.61c P 21.32% WF 27061.0 PSV   26983 N   10492  --  E9 C8 B8 E8 C7 F1 F8 F9
A6  : T -104.34c W -99.27c S  -4.83c ( -6.3 L  -6.8) LCB -104.72c P 14.44% WF 15117.5 PSV   15086 N    5528  --  A6 A5 C8 F1 J3 J4 C9 F8
B8  : T -104.36c W -99.58c S  -4.45c ( -6.1 L  -6.6) LCB -104.83c P  7.21% WF 5316.2 PSV    5314 N    1628  --  B8 F1 J3 J4 A6 A5 F8 F9
F8  : T -104.36c W -99.10c S  -4.93c ( -6.4 L  -6.9) LCB -105.03c P  5.03% WF 3763.6 PSV    3763 N    1485  --  F8 F9 A6 A5 C8 F1 J3 J4
C1  : T -105.35c W -98.93c S  -6.29c ( -7.3 L  -7.8) LCB -106.70c P  6.24% WF 1308.3 PSV    1094 N     566  --  C1 C2 A6 A5 C8 F1 B1 H1
E6  : T -105.54c W -99.25c S  -5.82c ( -6.8 L  -7.3) LCB -106.86c P  6.46% WF 933.6 PSV     949 N     354  --  E6 A5 E9 A3 A6 E8 D8 F9
D8  : T -105.69c W -99.29c S  -6.07c ( -7.0 L  -7.5) LCB -107.10c P  6.65% WF 799.5 PSV     814 N     321  --  D8 E9 B8 F1 J3 J4 F8 F9
C8  : T -106.52c W -99.17c S  -7.08c ( -7.3 L  -7.7) LCB -108.31c P  8.68% WF 728.9 PSV     749 N     278  --  C8 A6 C1 C2 A7 A5 B1 B7
E8  : T -105.09c W -99.32c S  -5.20c ( -6.5 L  -7.0) LCB -106.27c P  2.76% WF 575.6 PSV     581 N     245  --  E8 C8 C7 E9 A6 A5 C1 B1
F9  : T -105.01c W -99.37c S  -5.10c ( -6.5 L  -6.9) LCB -106.25c P  2.55% WF 551.3 PSV     556 N     238  --  F9 C8 C7 F8 A6 A5 C1 C2

2024-06-24 16:46:33-0400: = E9
2024-06-24 16:46:36-0400: Controller: kata-list_time_settings
2024-06-24 16:46:36-0400: = none absolute byoyomi canadian fischer fischer-capped
2024-06-24 16:46:36-0400: Controller: play black e8
2024-06-24 16:46:36-0400: = 
2024-06-24 16:46:36-0400: Controller: genmove white
2024-06-24 16:46:36-0400: MoveNum: 34 HASH: D6C716B635443B1B30C72588E842D8A1
   A B C D E F G H J
 9 . . . X1O2. . . .
 8 . . . @ X3. X . .
 7 . . . O O O X . .
 6 . O O X . . X X .
 5 . X X X O O X . X
 4 X O O O . . O X .
 3 . X X O . O . O .
 2 . . . X X X O . .
 1 . . . . . . . . .

koPOSITIONALscoreAREAtaxNONEsui1komi-2.5
Time taken: 0.531
Root visits: 8218
New playouts: 1303
NN rows: 508
NN batches: 51
NN avg batch size: 9.96078
PlayoutDoublingAdvantage: 2.75
PV: D8 F9 C9 E9 F8 G9 F1 B2 A6 A5 E1 D1 G1
Tree:
: T -104.39c W -99.23c S  -4.92c ( -6.4 L  -6.9) N    8218  --  D8 F9 C9 E9 F8 G9 F1
---White(^)---
D8  : T -104.10c W -99.20c S  -4.64c ( -6.3 L  -6.8) LCB -104.58c P 18.93% WF 8350.2 PSV    8739 N    3213  --  D8 F9 C9 E9 F8 G9 F1 B2
C9  : T -104.12c W -99.32c S  -4.59c ( -6.2 L  -6.7) LCB -104.67c P 14.87% WF 6474.5 PSV    5924 N    2403  --  C9 F9 D8 E9 F8 G9 F1 B2
F8  : T -104.67c W -99.12c S  -5.25c ( -6.6 L  -7.1) LCB -105.41c P 22.10% WF 3113.7 PSV    2907 N    1250  --  F8 F9 D8 C8 B8 E9 C7 F1
A6  : T -104.63c W -99.12c S  -5.20c ( -6.6 L  -7.1) LCB -105.62c P 11.86% WF 1836.0 PSV    1646 N     759  --  A6 A5 D8 F9 C9 E9 F1 B2
E6  : T -105.41c W -99.24c S  -5.67c ( -6.7 L  -7.1) LCB -107.04c P  5.91% WF 422.3 PSV     409 N     172  --  E6 A5 D8 F9 F8 C8 B8 E9
C1  : T -106.27c W -99.12c S  -6.96c ( -7.6 L  -8.0) LCB -108.34c P  7.21% WF 408.7 PSV     321 N     183  --  C1 C2 F8 F9 D8 C8 C7 E9
B1  : T -105.61c W -99.38c S  -5.87c ( -6.7 L  -7.0) LCB -107.73c P  4.34% WF 271.2 PSV     265 N     105  --  B1 C1 D8 F9 A6 A5 F8 C8
B8  : T -105.24c W -99.56c S  -5.48c ( -6.5 L  -6.9) LCB -106.73c P  1.14% WF 101.6 PSV      88 N      36  --  B8 F1 A6 A5 F8 F9 D8 E9
F1  : T -111.63c W -98.84c S -12.42c (-11.7 L -12.6) LCB -118.82c P  5.19% WF  74.0 PSV      72 N      33  --  F1 C7 B7 C8 B8 D8 F8
B2  : T -108.16c W -99.60c S  -8.07c ( -7.6 L  -8.0) LCB -111.55c P  1.34% WF  33.5 PSV      33 N      13  --  B2 C2 F8 F9 A6 A5

2024-06-24 16:46:36-0400: = D8
2024-06-24 16:46:39-0400: Controller: kata-list_time_settings
2024-06-24 16:46:39-0400: = none absolute byoyomi canadian fischer fischer-capped
2024-06-24 16:46:39-0400: Controller: play black f9
2024-06-24 16:46:39-0400: = 
2024-06-24 16:46:39-0400: Controller: genmove white
2024-06-24 16:46:39-0400: MoveNum: 36 HASH: 263FE8F9EF5D90874B14D64606BA3778
   A B C D E F G H J
 9 . . @ X . X3. . .
 8 . . . O2X1. X . .
 7 . . . O O O X . .
 6 . O O X . . X X .
 5 . X X X O O X . X
 4 X O O O . . O X .
 3 . X X O . O . O .
 2 . . . X X X O . .
 1 . . . . . . . . .

koPOSITIONALscoreAREAtaxNONEsui1komi-2.5
Time taken: 0.515
Root visits: 9270
New playouts: 806
NN rows: 464
NN batches: 47
NN avg batch size: 9.87234
PlayoutDoublingAdvantage: 2.75
PV: C9 E9 F1 B2 A6 A5 C8 E1 J3 J4 E6
Tree:
: T -104.75c W -99.24c S  -5.23c ( -6.7 L  -7.2) N    9270  --  C9 E9 F1 B2 A6 A5 C8
---White(^)---
C9  : T -104.53c W -99.39c S  -4.85c ( -6.5 L  -6.9) LCB -104.96c P 19.89% WF 9698.6 PSV   16912 N    3322  --  C9 E9 F1 B2 A6 A5 C8 E1
F8  : T -104.70c W -99.16c S  -5.22c ( -6.7 L  -7.2) LCB -105.26c P 31.68% WF 8763.2 PSV    8766 N    3248  --  F8 E9 C9 G9 F1 B2 A6 A5
A6  : T -104.75c W -99.22c S  -5.24c ( -6.8 L  -7.2) LCB -105.55c P 15.00% WF 3945.1 PSV    3868 N    1466  --  A6 A5 C9 E9 F1 B2 C8 E1
C1  : T -104.83c W -98.81c S  -5.97c ( -7.2 L  -7.7) LCB -106.29c P  6.84% WF 1378.9 PSV    1383 N     613  --  C1 C2 F8 E9 C9 G9 A6 A5
E6  : T -105.85c W -99.30c S  -6.16c ( -7.1 L  -7.5) LCB -107.37c P  6.04% WF 451.3 PSV     458 N     173  --  E6 A5 F8 C8 B8 E9 B9 F1
B1  : T -105.75c W -99.21c S  -6.21c ( -7.1 L  -7.4) LCB -108.05c P  4.39% WF 364.9 PSV     366 N     143  --  B1 C1 A6 A5 F8 C8 B8 E9
B8  : T -104.97c W -99.34c S  -5.13c ( -6.6 L  -6.9) LCB -106.78c P  1.81% WF 301.3 PSV     303 N     109  --  B8 F1 F8 E9 J3 J4 C9 G9
F1  : T -107.82c W -98.70c S  -9.45c ( -9.8 L -10.6) LCB -113.28c P  5.66% WF 195.6 PSV     196 N      92  --  F1 C7 B7 C8 B8 C9 C2 B2
B2  : T -107.34c W -99.54c S  -7.76c ( -7.8 L  -8.2) LCB -109.21c P  1.54% WF  59.9 PSV      61 N      24  --  B2 C2 F8 C8 B8 E9
C2  : T -106.04c W -99.57c S  -6.02c ( -7.0 L  -7.3) LCB -109.30c P  0.81% WF  71.6 PSV      39 N      27  --  C2 B2 F8 C8 A3 A2 E9

2024-06-24 16:46:39-0400: = C9
2024-06-24 16:46:42-0400: Controller: kata-list_time_settings
2024-06-24 16:46:42-0400: = none absolute byoyomi canadian fischer fischer-capped
2024-06-24 16:46:42-0400: Controller: play black e9
2024-06-24 16:46:42-0400: = 
2024-06-24 16:46:42-0400: Controller: genmove white
2024-06-24 16:46:42-0400: MoveNum: 38 HASH: 24FB0A4E9CF625DB043802B6F3B10341
   A B C D E F G H J
 9 . . O2X X3X1. . .
 8 . . . O X . X . .
 7 . . . O O O X . .
 6 . O O X . . X X .
 5 . X X X O O X . X
 4 X O O O . . O X .
 3 . X X O . O . O .
 2 . . . X X X O . .
 1 . . . . . @ . . .

koPOSITIONALscoreAREAtaxNONEsui1komi-2.5
Time taken: 0.5
Root visits: 8831
New playouts: 1063
NN rows: 473
NN batches: 51
NN avg batch size: 9.27451
PlayoutDoublingAdvantage: 2.75
PV: F1 B2 B8 E1 A6 A5 J3 G1 F8
Tree:
: T -105.07c W -99.47c S  -5.34c ( -6.8 L  -7.2) N    8831  --  F1 B2 B8 E1 A6 A5 J3
---White(^)---
F1  : T -104.86c W -99.71c S  -4.90c ( -6.5 L  -6.9) LCB -105.29c P 14.46% WF 6506.5 PSV    8938 N    1833  --  F1 B2 B8 E1 A6 A5 J3 G1
A6  : T -104.91c W -99.52c S  -5.19c ( -6.7 L  -7.1) LCB -105.48c P 15.20% WF 5673.5 PSV    5662 N    1740  --  A6 A5 F1 B2 B8 E1 J3 G1
C1  : T -105.14c W -99.01c S  -5.84c ( -7.2 L  -7.7) LCB -106.04c P 14.42% WF 4829.4 PSV    3205 N    1877  --  C1 C2 B1 F1 B8 D1 J3 J4
E6  : T -105.12c W -99.48c S  -5.35c ( -6.9 L  -7.4) LCB -105.91c P 13.78% WF 3043.8 PSV    3050 N     952  --  E6 A5 F1 B2 B8 E1 J3 G1
F8  : T -104.82c W -99.41c S  -5.13c ( -6.6 L  -7.2) LCB -105.65c P  5.36% WF 2943.0 PSV    2832 N     967  --  F8 G9 F1 B2 B8 E3 E4 E1
B8  : T -105.21c W -99.78c S  -5.16c ( -6.5 L  -7.1) LCB -105.61c P 10.44% WF 2138.4 PSV    2071 N     579  --  B8 F1 J3 J4 E3 A5 A6 C2
C7  : T -104.85c W -99.22c S  -5.30c ( -6.8 L  -7.3) LCB -106.18c P  2.27% WF 1148.9 PSV    1057 N     430  --  C7 F1 J3 J4 A6 A5 E3 G1
B1  : T -106.32c W -99.62c S  -6.49c ( -7.1 L  -7.5) LCB -107.25c P  8.14% WF 667.1 PSV     575 N     209  --  B1 C1 A6 A5 C8 F1 E3 G1
C8  : T -108.71c W -99.54c S  -8.74c ( -8.1 L  -8.6) LCB -110.80c P  6.10% WF 176.7 PSV     180 N      64  --  C8 A6 A7 A5 C1 C2 B1
B2  : T -106.06c W -98.98c S  -6.73c ( -7.5 L  -8.0) LCB -110.77c P  1.55% WF 225.2 PSV     128 N      86  --  B2 C2 A6 A5 F1 C8 C7 B1

2024-06-24 16:46:42-0400: = F1
2024-06-24 16:46:52-0400: Controller: kata-list_time_settings
2024-06-24 16:46:52-0400: = none absolute byoyomi canadian fischer fischer-capped
2024-06-24 16:46:52-0400: Controller: play black c1
2024-06-24 16:46:52-0400: = 
2024-06-24 16:46:52-0400: Controller: genmove white
2024-06-24 16:46:52-0400: MoveNum: 40 HASH: F7200CB6A37B6D82B9EE063ECF36E4A9
   A B C D E F G H J
 9 . . O X X1X . . .
 8 . . . O X @ X . .
 7 . . . O O O X . .
 6 . O O X . . X X .
 5 . X X X O O X . X
 4 X O O O . . O X .
 3 . X X O . O . O .
 2 . . . X X X O . .
 1 . . X3. . O2. . .

koPOSITIONALscoreAREAtaxNONEsui1komi-2.5
Time taken: 0.515
Root visits: 1456
New playouts: 1172
NN rows: 489
NN batches: 52
NN avg batch size: 9.40385
PlayoutDoublingAdvantage: 2.75
PV: F8 G9 E1 B2 A6 A5 C8 D1 G1
Tree:
: T -104.70c W -99.50c S  -4.80c ( -5.1 L  -5.5) N    1456  --  F8 G9 E1 B2 A6 A5 C8
---White(^)---
F8  : T -104.27c W -99.44c S  -4.29c ( -4.9 L  -5.3) LCB -105.35c P 12.63% WF 1269.4 PSV    2841 N     397  --  F8 G9 E1 B2 A6 A5 C8 D1
E1  : T -104.66c W -99.51c S  -4.85c ( -5.1 L  -5.5) LCB -105.79c P 33.57% WF 1705.2 PSV    1706 N     482  --  E1 B2 A6 A5 C8 E3 E4 J3
A6  : T -104.75c W -99.56c S  -4.78c ( -5.0 L  -5.4) LCB -105.63c P 23.47% WF 1154.2 PSV    1056 N     333  --  A6 A5 E1 B2 C8 E3 E4 J3
E6  : T -104.95c W -99.46c S  -5.09c ( -5.2 L  -5.6) LCB -106.54c P 14.07% WF 582.7 PSV     507 N     184  --  E6 A5 A6 A3 E1 E3 E4 B1
B2  : T -105.09c W -99.47c S  -5.10c ( -5.2 L  -5.6) LCB -108.48c P  5.50% WF 115.6 PSV     108 N      38  --  B2 A2 A6 A5 E1 E3 E4
A2  : T -109.39c W -99.32c S  -9.48c ( -6.9 L  -7.3) LCB -129.99c P  2.63% WF  20.7 PSV      15 N       7  --  A2 B2 A6
B8  : T -108.47c W -99.86c S  -8.53c ( -6.3 L  -6.8) LCB -152.44c P  1.63% WF  16.6 PSV      11 N       4  --  B8 E1 J3
A3  : T -108.03c W -99.52c S  -8.36c ( -6.4 L  -6.9) LCB -261.08c P  0.66% WF   6.4 PSV       4 N       2  --  A3 A2
C8  : T -111.05c W -99.63c S -11.42c ( -7.5 L  -7.7) LCB -461.05c P  0.82% WF   4.2 PSV       4 N       1  --  C8
C7  : T -109.90c W -99.72c S -10.18c ( -6.9 L  -7.5) LCB -459.90c P  0.69% WF   4.3 PSV       4 N       1  --  C7

2024-06-24 16:46:52-0400: = F8
2024-06-24 16:46:56-0400: Controller: kata-list_time_settings
2024-06-24 16:46:56-0400: = none absolute byoyomi canadian fischer fischer-capped
2024-06-24 16:46:56-0400: Controller: play black g9
2024-06-24 16:46:56-0400: = 
2024-06-24 16:46:56-0400: Controller: genmove white
2024-06-24 16:46:56-0400: MoveNum: 42 HASH: B35F36D8BB23F12C63A1753473294002
   A B C D E F G H J
 9 . . O X X X X3. .
 8 . . . O X O2X . .
 7 . . . O O O X . .
 6 . O O X . . X X .
 5 . X X X O O X . X
 4 X O O O . . O X .
 3 . X X O . O . O .
 2 . . . X X X O . .
 1 . . X1. @ O . . .

koPOSITIONALscoreAREAtaxNONEsui1komi-2.5
Time taken: 0.531
Root visits: 13035
New playouts: 2239
NN rows: 457
NN batches: 49
NN avg batch size: 9.32653
PlayoutDoublingAdvantage: 2.75
PV: E1 B2 G1 E3 E4 D1 A6 A5 E6 A3 C8 J3 J2 J4 F6 B1 F4 J6 pass
Tree:
: T -104.25c W -99.64c S  -4.42c ( -5.2 L  -5.6) N   13035  --  E1 B2 G1 E3 E4 D1 A6
---White(^)---
E1  : T -104.09c W -99.67c S  -4.26c ( -5.2 L  -5.5) LCB -104.33c P 37.83% WF 33662.6 PSV   34052 N    8581  --  E1 B2 G1 E3 E4 D1 A6 A5
A6  : T -104.37c W -99.64c S  -4.52c ( -5.2 L  -5.6) LCB -104.72c P 30.30% WF 11711.8 PSV   11476 N    3001  --  A6 A5 E1 B2 G1 E3 E4 D1
E6  : T -104.63c W -99.51c S  -4.83c ( -5.3 L  -5.8) LCB -105.34c P 13.85% WF 3428.1 PSV    3398 N     965  --  E6 A5 E1 B2 B8 E3 E4 J3
B2  : T -104.44c W -99.47c S  -4.78c ( -5.4 L  -5.9) LCB -106.19c P  5.81% WF 1143.6 PSV     976 N     344  --  B2 A2 A6 A5 E1 B1 C8 D1
A2  : T -108.58c W -99.52c S  -8.69c ( -6.8 L  -7.2) LCB -111.69c P  2.85% WF 132.2 PSV      94 N      41  --  A2 B2 A6 A5 A3 A1
B8  : T -108.51c W -99.86c S  -8.52c ( -6.6 L  -7.0) LCB -110.74c P  2.45% WF  93.2 PSV      92 N      24  --  B8 E3 E4 E1 A6 A5 J3
C7  : T -107.43c W -99.70c S  -7.72c ( -6.4 L  -6.9) LCB -111.34c P  1.07% WF  53.4 PSV      54 N      17  --  C7 E3 E4 E1 A6
C8  : T -110.10c W -99.71c S  -9.79c ( -7.2 L  -7.7) LCB -116.34c P  1.08% WF  38.9 PSV      31 N      12  --  C8 A6 A7 A5
B1  : T -110.19c W -99.51c S -10.18c ( -7.5 L  -8.0) LCB -121.57c P  0.95% WF  27.6 PSV      24 N       9  --  B1 E1 A6
A7  : T -106.06c W -99.59c S  -6.12c ( -5.9 L  -6.4) LCB -116.40c P  0.35% WF  25.0 PSV      24 N       9  --  A7 A5 E1 B2

2024-06-24 16:46:56-0400: = E1
2024-06-24 16:47:03-0400: Controller: kata-list_time_settings
2024-06-24 16:47:03-0400: = none absolute byoyomi canadian fischer fischer-capped
2024-06-24 16:47:03-0400: Controller: play black b2
2024-06-24 16:47:03-0400: = 
2024-06-24 16:47:03-0400: Controller: genmove white
2024-06-24 16:47:04-0400: MoveNum: 44 HASH: 5B45634A765283E12F6EC5C4520C5D2D
   A B C D E F G H J
 9 . . O X X X X1. .
 8 . . . O X O X . .
 7 . . . O O O X . .
 6 . O O X . . X X .
 5 . X X X O O X . X
 4 X O O O . . O X .
 3 . X X O . O . O .
 2 . X3. X X X O . .
 1 . . X . O2O @ . .

koPOSITIONALscoreAREAtaxNONEsui1komi-2.5
Time taken: 0.516
Root visits: 6865
New playouts: 3662
NN rows: 461
NN batches: 49
NN avg batch size: 9.40816
PlayoutDoublingAdvantage: 2.75
PV: G1 D1 A6 A5 C8 E3 E4 J3 J2 J4 J7 J6 F6 A3 E6 H7 F4 J8 G3
Tree:
: T -104.36c W -99.74c S  -4.48c ( -5.2 L  -5.6) N    6865  --  G1 D1 A6 A5 C8 E3 E4
---White(^)---
G1  : T -104.15c W -99.71c S  -4.29c ( -5.1 L  -5.5) LCB -104.40c P 15.75% WF 11075.8 PSV   30200 N    2688  --  G1 D1 A6 A5 C8 E3 E4 J3
A6  : T -104.37c W -99.75c S  -4.49c ( -5.2 L  -5.6) LCB -104.67c P 38.34% WF 11592.2 PSV   11607 N    2806  --  A6 A5 G1 C8 C7 E3 E4 D1
E6  : T -104.55c W -99.78c S  -4.61c ( -5.2 L  -5.7) LCB -104.96c P 19.75% WF 3912.7 PSV    3931 N     985  --  E6 A5 G1 E3 E4 D1 A6 A3
B8  : T -104.27c W -99.79c S  -4.41c ( -5.2 L  -5.6) LCB -105.88c P 10.98% WF 1056.3 PSV    1057 N     264  --  B8 E3 E4 D1 G1 J3 J2 J4
A3  : T -105.38c W -99.67c S  -5.65c ( -5.8 L  -6.2) LCB -110.26c P  2.93% WF 152.1 PSV     131 N      44  --  A3 A5 A6 A2 E6 A3 G1 E3
C7  : T -108.28c W -99.55c S  -8.48c ( -6.7 L  -7.0) LCB -112.33c P  4.56% WF 119.4 PSV     123 N      38  --  C7 E3 E4 A6 A7 A5 C8
C8  : T -109.97c W -99.87c S  -9.82c ( -7.1 L  -7.5) LCB -112.55c P  3.77% WF  72.7 PSV      73 N      18  --  C8 A6 A7 E3 E4
B9  : T -109.07c W -99.81c S  -8.88c ( -6.9 L  -7.2) LCB -125.58c P  1.00% WF  23.1 PSV      23 N       7  --  B9 A6 A7
A7  : T -107.46c W -99.82c S  -6.99c ( -6.1 L  -6.6) LCB -140.51c P  0.38% WF  17.5 PSV      10 N       5  --  A7 A5 C8
B1  : T -111.80c W -99.48c S -12.31c ( -8.6 L  -9.3) LCB -263.11c P  0.43% WF   5.8 PSV       5 N       2  --  B1 C8

2024-06-24 16:47:04-0400: = G1
2024-06-24 16:47:06-0400: Controller: kata-list_time_settings
2024-06-24 16:47:06-0400: = none absolute byoyomi canadian fischer fischer-capped
2024-06-24 16:47:06-0400: Controller: play black d1
2024-06-24 16:47:06-0400: = 
2024-06-24 16:47:06-0400: Controller: genmove white
2024-06-24 16:47:07-0400: MoveNum: 46 HASH: 930ADA32F7B0C798FE80D01DA5B09D1C
   A B C D E F G H J
 9 . . O X X X X . .
 8 . . . O X O X . .
 7 . . . O O O X . .
 6 @ O O X . . X X .
 5 . X X X O O X . X
 4 X O O O . . O X .
 3 . X X O . O . O .
 2 . X1. X X X O . .
 1 . . X X3O O O2. .

koPOSITIONALscoreAREAtaxNONEsui1komi-2.5
Time taken: 0.515
Root visits: 11101
New playouts: 3288
NN rows: 474
NN batches: 51
NN avg batch size: 9.29412
PlayoutDoublingAdvantage: 2.75
PV: A6 A5 E6 A3 B9 J3 J2 E3 E4 J4 F6 B1 F4 J6 G3 pass
Tree:
: T -104.26c W -99.80c S  -4.33c ( -5.2 L  -5.5) N   11101  --  A6 A5 E6 A3 B9 J3 J2
---White(^)---
A6  : T -104.22c W -99.81c S  -4.33c ( -5.1 L  -5.4) LCB -104.35c P 38.19% WF 24397.7 PSV   24398 N    5616  --  A6 A5 E6 A3 B9 J3 J2 E3
E6  : T -104.21c W -99.80c S  -4.32c ( -5.1 L  -5.5) LCB -104.44c P 20.16% WF 12167.8 PSV   12166 N    2874  --  E6 A5 A6 A3 B9 J3 J2 E3
B8  : T -104.07c W -99.77c S  -4.10c ( -5.2 L  -5.5) LCB -105.06c P 14.77% WF 10430.8 PSV    2608 N    2425  --  B8 E3 E4 J3 J2 J4 A6 A5
C8  : T -110.04c W -99.89c S  -9.87c ( -7.2 L  -7.6) LCB -111.25c P 12.20% WF 278.0 PSV     294 N      68  --  C8 E3 E4 A6 A7 A5 B7 J3
C7  : T -110.54c W -99.80c S  -9.27c ( -8.0 L  -8.4) LCB -113.24c P  7.01% WF 152.7 PSV     156 N      44  --  C7 A6 A7 E3 E4 A5 E6 A3
A3  : T -106.13c W -99.69c S  -6.41c ( -6.1 L  -6.5) LCB -111.00c P  2.72% WF 154.1 PSV     119 N      42  --  A3 A5 A6 A2 E6 A3 C8 E3
B9  : T -109.33c W -99.84c S  -9.30c ( -6.9 L  -7.3) LCB -115.46c P  1.50% WF  43.3 PSV      40 N      12  --  B9 A6 E6
A7  : T -107.48c W -99.85c S  -7.09c ( -6.2 L  -6.6) LCB -140.80c P  0.50% WF  17.3 PSV      17 N       5  --  A7 A5 C8
B1  : T -114.49c W -99.50c S -14.71c ( -9.4 L  -9.8) LCB -195.32c P  0.63% WF  10.6 PSV       7 N       3  --  B1 C8 B8
A2  : T -116.58c W -99.34c S -17.24c (-11.1 L -11.9) LCB -467.41c P  0.39% WF   3.2 PSV       4 N       1  --  A2

2024-06-24 16:47:07-0400: = A6
2024-06-24 16:47:13-0400: Controller: kata-list_time_settings
2024-06-24 16:47:13-0400: = none absolute byoyomi canadian fischer fischer-capped
2024-06-24 16:47:13-0400: Controller: play black a5
2024-06-24 16:47:13-0400: = 
2024-06-24 16:47:13-0400: Controller: genmove white
2024-06-24 16:47:14-0400: MoveNum: 48 HASH: B9DA61BDAC7295C544032826DA9B8359
   A B C D E F G H J
 9 . . O X X X X . .
 8 . . . O X O X . .
 7 . . . O O O X . .
 6 O2O O X @ . X X .
 5 X3X X X O O X . X
 4 X O O O . . O X .
 3 . X X O . O . O .
 2 . X . X X X O . .
 1 . . X X1O O O . .

koPOSITIONALscoreAREAtaxNONEsui1komi-2.5
Time taken: 0.515
Root visits: 25954
New playouts: 4093
NN rows: 490
NN batches: 49
NN avg batch size: 10
PlayoutDoublingAdvantage: 2.75
PV: E6 A3 B9 J3 J2 E3 E4 J4 J7 J8 F6 B1 F4 J6
Tree:
: T -104.36c W -99.79c S  -4.49c ( -5.2 L  -5.5) N   25954  --  E6 A3 B9 J3 J2 E3 E4
---White(^)---
E6  : T -104.43c W -99.83c S  -4.49c ( -5.2 L  -5.5) LCB -104.62c P 22.76% WF 23000.0 PSV   42497 N    5171  --  E6 A3 B9 J3 J2 E3 E4 J4
C8  : T -104.42c W -99.71c S  -4.64c ( -5.3 L  -5.6) LCB -104.64c P 36.48% WF 36483.6 PSV   36560 N    8233  --  C8 J3 J2 E3 E4 J4 F6 J6
C7  : T -104.47c W -99.85c S  -4.52c ( -5.2 L  -5.4) LCB -104.67c P 21.73% WF 18478.3 PSV   18227 N    4099  --  C7 E3 E4 J3 J2 J4 J7 J6
B9  : T -104.12c W -99.82c S  -4.23c ( -5.1 L  -5.4) LCB -105.19c P  8.09% WF 26087.1 PSV    2550 N    5840  --  B9 E3 E4 J3 J2 J4 F6 A3
B8  : T -104.24c W -99.80c S  -4.34c ( -5.1 L  -5.4) LCB -105.91c P  5.38% WF 7493.2 PSV     988 N    1757  --  B8 E3 E4 J3 J2 J4 F6 A3
A3  : T -104.21c W -99.75c S  -4.31c ( -5.1 L  -5.5) LCB -106.08c P  2.16% WF 3352.8 PSV     397 N     814  --  A3 A2 C7 E3 E4 J3 J2 J4
B1  : T -112.77c W -99.54c S -13.17c ( -8.9 L  -9.4) LCB -147.04c P  0.56% WF  17.4 PSV      15 N       5  --  B1 C8 B8
J3  : T -112.46c W -99.74c S -12.29c ( -8.8 L  -9.2) LCB -133.67c P  0.31% WF  16.7 PSV      10 N       6  --  J3 C8 B8 B9
A8  : T -116.27c W -99.84c S -15.77c ( -9.9 L -10.2) LCB -198.57c P  0.38% WF  11.7 PSV       7 N       3  --  A8 C8 B8
A2  : T -118.25c W -99.58c S -17.57c (-11.3 L -11.8) LCB -196.19c P  0.38% WF   9.9 PSV       6 N       3  --  A2 C8 B8

2024-06-24 16:47:14-0400: = E6
2024-06-24 16:47:16-0400: Controller: kata-list_time_settings
2024-06-24 16:47:16-0400: = none absolute byoyomi canadian fischer fischer-capped
2024-06-24 16:47:16-0400: Controller: play black a3
2024-06-24 16:47:16-0400: = 
2024-06-24 16:47:16-0400: Controller: genmove white
2024-06-24 16:47:17-0400: MoveNum: 50 HASH: F4BDD0E26DE1BB6ECA7747199708638D
   A B C D E F G H J
 9 . . O X X X X . .
 8 . . . O X O X . .
 7 . . @ O O O X . .
 6 O O O X O2. X X .
 5 X1X X X O O X . X
 4 X O O O . . O X .
 3 X3X X O . O . O .
 2 . X . X X X O . .
 1 . . X X O O O . .

koPOSITIONALscoreAREAtaxNONEsui1komi-2.5
Time taken: 0.547
Root visits: 15878
New playouts: 2009
NN rows: 513
NN batches: 53
NN avg batch size: 9.67925
PlayoutDoublingAdvantage: 2.75
PV: C7 J3 J2 E3 E4 J4 J7 J6 F6 H7 F4 J8 G3
Tree:
: T -104.48c W -99.84c S  -4.54c ( -5.2 L  -5.5) N   15878  --  C7 J3 J2 E3 E4 J4 J7
---White(^)---
C7  : T -104.63c W -99.91c S  -4.63c ( -5.2 L  -5.5) LCB -104.81c P 25.60% WF 14182.2 PSV   96152 N    3024  --  C7 J3 J2 E3 E4 J4 J7 J6
B9  : T -104.21c W -99.82c S  -4.31c ( -5.1 L  -5.4) LCB -105.22c P 15.42% WF 26611.4 PSV   26423 N    5786  --  B9 E3 E4 J3 J2 J4 J7 J8
C8  : T -104.64c W -99.83c S  -4.67c ( -5.3 L  -5.5) LCB -104.84c P 49.39% WF 25811.3 PSV   25943 N    5703  --  C8 J3 J2 E3 E4 B7 A7 J4
B8  : T -104.37c W -99.81c S  -4.46c ( -5.2 L  -5.4) LCB -106.08c P  6.76% WF 5803.2 PSV    1485 N    1337  --  B8 J3 J2 E3 E4 J4 F6 B1
J3  : T -114.01c W -99.73c S -14.08c ( -9.4 L  -9.8) LCB -190.75c P  0.36% WF   8.9 PSV       7 N       3  --  J3 E3
A8  : T -116.28c W -99.73c S -16.75c (-10.4 L -10.8) LCB -266.82c P  0.41% WF   7.9 PSV       6 N       2  --  A8 C8
J4  : T -116.01c W -99.51c S -16.50c (-10.6 L -11.4) LCB -466.70c P  0.24% WF   4.0 PSV       4 N       1  --  J4
A9  : T -116.66c W -99.40c S -17.26c (-11.0 L -11.8) LCB -467.22c P  0.19% WF   3.5 PSV       3 N       1  --  A9
B1  : T -115.56c W -99.63c S -15.93c ( -9.8 L -10.0) LCB -466.51c P  0.14% WF   4.6 PSV       2 N       1  --  B1
E3  : T -115.78c W -99.78c S -16.00c ( -9.8 L -10.0) LCB -465.78c P  0.14% WF   4.9 PSV       2 N       1  --  E3

2024-06-24 16:47:17-0400: = C7
2024-06-24 16:47:24-0400: Controller: kata-list_time_settings
2024-06-24 16:47:24-0400: = none absolute byoyomi canadian fischer fischer-capped
2024-06-24 16:47:24-0400: Controller: play black e3
2024-06-24 16:47:24-0400: = 
2024-06-24 16:47:24-0400: Controller: genmove white
2024-06-24 16:47:25-0400: MoveNum: 52 HASH: 6E1578BCD31E89D3A2C73E52962374A4
   A B C D E F G H J
 9 . . O X X X X . .
 8 . . . O X O X . .
 7 . . O2O O O X . .
 6 O O O X O . X X .
 5 X X X X O O X . X
 4 X O O O @ . O X .
 3 X1X X O X3O . O .
 2 . X . X X X O . .
 1 . . X X O O O . .

koPOSITIONALscoreAREAtaxNONEsui1komi-2.5
Time taken: 0.532
Root visits: 14769
New playouts: 4319
NN rows: 490
NN batches: 50
NN avg batch size: 9.8
PlayoutDoublingAdvantage: 2.75
PV: E4 J3 J2 B9 C8 J4 F6 pass B8 B1 A9 J6 B9
Tree:
: T -104.53c W -99.85c S  -4.63c ( -5.2 L  -5.5) N   14769  --  E4 J3 J2 B9 C8 J4 F6
---White(^)---
E4  : T -104.48c W -99.85c S  -4.58c ( -5.2 L  -5.4) LCB -104.65c P 93.85% WF 70348.9 PSV   70334 N   14735  --  E4 J3 J2 B9 C8 J4 F6 pass
F4  : T -122.05c W -99.97c S -21.84c (-13.4 L -13.9) LCB -198.83c P  1.35% WF  15.7 PSV      16 N       3  --  F4 E4
J3  : T -121.45c W -99.68c S -21.28c (-13.3 L -13.8) LCB -202.45c P  1.12% WF  13.5 PSV      13 N       3  --  J3 E4
J4  : T -121.92c W -99.70c S -22.06c (-14.6 L -15.2) LCB -169.59c P  0.85% WF  15.3 PSV       9 N       4  --  J4 J3 J2
J7  : T -121.89c W -99.35c S -22.54c (-14.3 L -15.1) LCB -472.42c P  0.50% WF   5.1 PSV       5 N       1  --  J7
J6  : T -123.78c W -99.88c S -23.90c (-15.5 L -16.2) LCB -474.25c P  0.32% WF   5.4 PSV       3 N       1  --  J6
F6  : T -123.65c W -99.91c S -23.75c (-15.3 L -16.1) LCB -473.65c P  0.20% WF   5.5 PSV       2 N       1  --  F6
B1  : T -123.48c W -99.15c S -24.33c (-16.0 L -16.7) LCB -473.94c P  0.18% WF   5.5 PSV       1 N       1  --  B1
B8  : T -124.10c W -99.96c S -24.14c (-15.6 L -16.4) LCB -474.56c P  0.10% WF   5.8 PSV       1 N       1  --  B8
B9  : T -124.23c W -99.94c S -24.29c (-15.7 L -16.5) LCB -474.67c P  0.10% WF   5.8 PSV       1 N       1  --  B9

2024-06-24 16:47:25-0400: = E4
2024-06-24 16:47:28-0400: Controller: kata-list_time_settings
2024-06-24 16:47:28-0400: = none absolute byoyomi canadian fischer fischer-capped
2024-06-24 16:47:28-0400: Controller: play black j3
2024-06-24 16:47:28-0400: = 
2024-06-24 16:47:28-0400: Controller: genmove white
2024-06-24 16:47:29-0400: MoveNum: 54 HASH: 6292614BEB6DCE4CEA3AA841E91F4D19
   A B C D E F G H J
 9 . . O X X X X . .
 8 . . . O X O X . .
 7 . . O O O O X . .
 6 O O O X O . X X .
 5 X X X X O O X . X
 4 X O O O O2. O X .
 3 X X X O X1O . O X3
 2 . X . X X X O . @
 1 . . X X O O O . .

koPOSITIONALscoreAREAtaxNONEsui1komi-2.5
Time taken: 0.516
Root visits: 17497
New playouts: 1147
NN rows: 453
NN batches: 48
NN avg batch size: 9.4375
PlayoutDoublingAdvantage: 2.75
PV: J2 B9 C8 J4 J7 J6 H8 H9 F6 J8 F4 H7
Tree:
: T -104.54c W -99.85c S  -4.62c ( -5.3 L  -5.5) N   17497  --  J2 B9 C8 J4 J7 J6 H8
---White(^)---
J2  : T -104.51c W -99.85c S  -4.59c ( -5.2 L  -5.5) LCB -104.68c P 85.53% WF 78895.4 PSV   78874 N   16226  --  J2 B9 C8 J4 J7 J6 H8 H9
B1  : T -104.59c W -99.92c S  -4.61c ( -5.3 L  -5.5) LCB -106.37c P  9.20% WF 6203.3 PSV    1223 N    1240  --  B1 A1 J2 B9 C8 J4 F6 J6
H2  : T -122.37c W -99.36c S -18.13c (-26.6 L -26.6) LCB -146.39c P  1.66% WF  22.9 PSV      22 N       6  --  H2 B8 C8
J7  : T -121.44c W -99.03c S -20.20c (-18.3 L -18.9) LCB -202.85c P  0.60% WF  10.3 PSV       8 N       3  --  J7 J2
J6  : T -122.13c W -99.32c S -22.80c (-18.4 L -19.4) LCB -472.61c P  0.38% WF   3.9 PSV       4 N       1  --  J6
G3  : T -120.55c W -99.38c S -21.17c (-13.7 L -13.8) LCB -470.55c P  0.33% WF   4.6 PSV       4 N       1  --  G3
J1  : T -121.06c W -99.36c S -21.71c (-16.6 L -17.7) LCB -471.59c P  0.25% WF   3.5 PSV       3 N       1  --  J1
H1  : T -120.35c W -99.52c S -20.83c (-13.0 L -13.1) LCB -471.00c P  0.23% WF   5.0 PSV       3 N       1  --  H1
F6  : T -123.08c W -99.64c S -23.45c (-20.0 L -21.3) LCB -473.08c P  0.23% WF   4.0 PSV       2 N       1  --  F6
A1  : T -122.97c W -99.16c S -23.82c (-17.7 L -18.9) LCB -473.46c P  0.16% WF   4.1 PSV       2 N       1  --  A1

2024-06-24 16:47:29-0400: = J2
2024-06-24 16:47:30-0400: Controller: kata-list_time_settings
2024-06-24 16:47:30-0400: = none absolute byoyomi canadian fischer fischer-capped
2024-06-24 16:47:30-0400: Controller: play black j4
2024-06-24 16:47:30-0400: = 
2024-06-24 16:47:30-0400: Controller: genmove white
2024-06-24 16:47:31-0400: MoveNum: 56 HASH: 98BA373B448BDCE79780F70BCEDE18D5
   A B C D E F G H J
 9 . . O X X X X . .
 8 . . . O X O X . .
 7 . . O O O O X . .
 6 O O O X O @ X X .
 5 X X X X O O X . X
 4 X O O O O . O X X3
 3 X X X O X O . O X1
 2 . X . X X X O . O2
 1 . . X X O O O . .

koPOSITIONALscoreAREAtaxNONEsui1komi-2.5
Time taken: 0.532
Root visits: 14557
New playouts: 1880
NN rows: 476
NN batches: 50
NN avg batch size: 9.52
PlayoutDoublingAdvantage: 2.75
PV: F6 B9 C8 pass H8 J8 F4 H7
Tree:
: T -104.46c W -99.79c S  -4.61c ( -5.2 L  -5.4) N   14557  --  F6 B9 C8 pass H8 J8 F4
---White(^)---
F6  : T -104.40c W -99.76c S  -4.57c ( -5.2 L  -5.4) LCB -104.66c P 63.67% WF 60401.4 PSV   60363 N   12277  --  F6 B9 C8 pass H8 J8 F4 H7
J7  : T -104.32c W -99.93c S  -4.33c ( -5.1 L  -5.4) LCB -106.05c P  6.62% WF 6523.6 PSV     966 N    1319  --  J7 J6 F6 H7 F4 J8 G3 B1
J6  : T -104.53c W -99.92c S  -4.59c ( -5.2 L  -5.5) LCB -106.38c P  4.78% WF 2489.6 PSV     617 N     497  --  J6 J7 F6 pass F4 B1 G3 J6
B1  : T -104.70c W -99.93c S  -4.72c ( -5.2 L  -5.5) LCB -106.63c P  4.63% WF 1545.1 PSV     549 N     299  --  B1 A1 F6 J6 F4 pass G3 pass
F4  : T -109.91c W -99.96c S  -9.86c ( -7.0 L  -7.2) LCB -111.43c P  2.93% WF 117.8 PSV     123 N      25  --  F4 F6 G3 B1 C8
C8  : T -110.28c W -99.98c S -10.12c ( -7.1 L  -7.3) LCB -112.87c P  2.10% WF  86.7 PSV      83 N      18  --  C8 F6 G3 B1 F4
H2  : T -110.33c W -99.97c S -10.19c ( -7.1 L  -7.3) LCB -113.11c P  2.02% WF  76.7 PSV      79 N      17  --  H2 F6 F4 J6
G3  : T -110.33c W -99.98c S -10.17c ( -7.1 L  -7.3) LCB -113.10c P  2.01% WF  76.8 PSV      78 N      16  --  G3 F6 C8 B1 F4
J8  : T -110.19c W -99.89c S -10.20c ( -7.2 L  -7.3) LCB -116.62c P  1.95% WF  65.6 PSV      64 N      14  --  J8 F6 C8 J7
H8  : T -108.62c W -99.87c S  -8.62c ( -6.6 L  -6.8) LCB -114.78c P  1.45% WF  70.4 PSV      60 N      15  --  H8 F6 G3 J8

2024-06-24 16:47:31-0400: = F6
2024-06-24 16:47:38-0400: Controller: kata-list_time_settings
2024-06-24 16:47:38-0400: = none absolute byoyomi canadian fischer fischer-capped
2024-06-24 16:47:38-0400: Controller: play black pass
2024-06-24 16:47:38-0400: = 
2024-06-24 16:47:38-0400: Controller: genmove white
2024-06-24 16:47:39-0400: MoveNum: 58 HASH: 475FC274C920D2D3681D75A36F1D1D81
   A B C D E F G H J
 9 . . O X X X X . .
 8 . . . O X O X . .
 7 . . O O O O X . .
 6 O O O X O O2X X .
 5 X X X X O O X . X
 4 X O O O O @ O X X1
 3 X X X O X O . O X
 2 . X . X X X O . O
 1 . . X X O O O . .

koPOSITIONALscoreAREAtaxNONEsui1komi-2.5
Time taken: 0.266
Root visits: 2739
New playouts: 2739
NN rows: 143
NN batches: 27
NN avg batch size: 5.2963
PlayoutDoublingAdvantage: 2.75
PV: F4 pass G3 B1 H2 J6 pass pass
Tree:
: T -105.24c W -99.93c S  -5.08c ( -5.2 L  -5.3) N    2739  --  F4 pass G3 B1 H2 J6 pass
---White(^)---
F4  : T -105.14c W -99.89c S  -5.00c ( -5.2 L  -5.3) LCB -105.71c P 23.44% WF 6188.8 PSV    6177 N    1201  --  F4 pass G3 B1 H2 J6 pass pass
C8  : T -105.20c W -99.93c S  -5.05c ( -5.2 L  -5.3) LCB -105.76c P 19.31% WF 4091.4 PSV    4089 N     783  --  C8 pass G3 B1 F4 J6 H2 pass
G3  : T -105.64c W -99.99c S  -5.44c ( -5.3 L  -5.4) LCB -105.82c P 15.73% WF 1476.1 PSV    1395 N     259  --  G3 B1 F4 J6 H2 pass C8 pass
pss : T -105.75c W -99.99c S  -5.59c ( -5.3 L  -5.4) LCB -106.00c P 10.16% WF 830.1 PSV     783 N     128  --  pass pass
H2  : T -105.54c W -99.98c S  -5.30c ( -5.2 L  -5.4) LCB -105.77c P  6.25% WF 706.1 PSV     641 N     129  --  H2 B1 F4 J6 G3 pass C8 pass
H1  : T -104.55c W -99.97c S  -4.26c ( -4.9 L  -5.2) LCB -107.67c P  1.67% WF 108.1 PSV      95 N      21  --  H1 B1 F4 J6 G3 pass C8
H8  : T -104.78c W -99.94c S  -4.71c ( -5.1 L  -5.3) LCB -109.14c P  1.67% WF  82.5 PSV      80 N      16  --  H8 J8 F4
J7  : T -104.92c W -99.92c S  -4.80c ( -5.1 L  -5.3) LCB -108.81c P  1.78% WF  81.2 PSV      77 N      16  --  J7 J6 F4 H7 G3
H7  : T -104.72c W -99.95c S  -4.45c ( -5.0 L  -5.2) LCB -109.41c P  1.49% WF  79.0 PSV      74 N      15  --  H7 J7 F4
H9  : T -104.95c W -99.72c S  -4.85c ( -5.1 L  -5.2) LCB -109.96c P  1.64% WF  76.7 PSV      70 N      16  --  H9 B1 G3

2024-06-24 16:47:39-0400: = F4
2024-06-24 16:47:42-0400: Controller: kata-list_time_settings
2024-06-24 16:47:42-0400: = none absolute byoyomi canadian fischer fischer-capped
2024-06-24 16:47:42-0400: Controller: play black pass
2024-06-24 16:47:42-0400: = 
2024-06-24 16:47:42-0400: Controller: genmove white
2024-06-24 16:47:42-0400: MoveNum: 60 HASH: 9F85D9FFAD39F1A6E5A1F05B2F576E1C
   A B C D E F G H J
 9 . . O X X X X . .
 8 . . . O X O X . .
 7 . . O O O O X . .
 6 O O O X O O X X .
 5 X X X X O O X . X
 4 X O O O O O2O X X
 3 X X X O X O @ O X
 2 . X . X X X O . O
 1 . . X X O O O . .

koPOSITIONALscoreAREAtaxNONEsui1komi-2.5
Time taken: 0.125
Root visits: 1413
New playouts: 1413
NN rows: 65
NN batches: 13
NN avg batch size: 5
PlayoutDoublingAdvantage: 2.75
PV: G3 pass H2 B1 pass pass
Tree:
: T -105.18c W -99.96c S  -5.03c ( -5.3 L  -5.4) N    1413  --  G3 pass H2 B1 pass pass
---White(^)---
G3  : T -105.22c W -99.95c S  -5.09c ( -5.3 L  -5.4) LCB -105.64c P 24.54% WF 2775.5 PSV    2989 N     505  --  G3 pass H2 B1 pass pass
C8  : T -105.10c W -99.95c S  -4.96c ( -5.2 L  -5.4) LCB -105.71c P 22.32% WF 2560.4 PSV    2557 N     455  --  C8 pass G3 B1 H2 J6 pass pass
H2  : T -105.50c W -99.99c S  -5.34c ( -5.4 L  -5.4) LCB -105.74c P 13.22% WF 887.9 PSV     833 N     143  --  H2 B1 G3 J6 C8 pass pass
pss : T -105.51c W -99.99c S  -5.35c ( -5.4 L  -5.4) LCB -105.76c P 12.20% WF 808.1 PSV     758 N     123  --  pass pass
H1  : T -104.38c W -99.98c S  -4.17c ( -5.0 L  -5.2) LCB -109.24c P  1.79% WF  77.6 PSV      70 N      15  --  H1 B1 G3 J6
H8  : T -104.55c W -99.94c S  -4.42c ( -5.1 L  -5.2) LCB -109.76c P  1.86% WF  71.2 PSV      62 N      14  --  H8 J8 C8
J7  : T -104.85c W -99.90c S  -4.68c ( -5.1 L  -5.3) LCB -111.30c P  2.17% WF  60.2 PSV      59 N      12  --  J7 J6 C8
H9  : T -104.67c W -99.77c S  -4.57c ( -5.1 L  -5.2) LCB -110.24c P  1.89% WF  70.2 PSV      58 N      15  --  H9 J6 C8
H7  : T -104.60c W -99.96c S  -4.39c ( -5.0 L  -5.3) LCB -111.04c P  1.69% WF  62.8 PSV      55 N      12  --  H7 J7 G3
J1  : T -104.46c W -99.97c S  -4.22c ( -5.0 L  -5.3) LCB -110.90c P  1.51% WF  58.9 PSV      55 N      12  --  J1 B1 G3 J6 pass

2024-06-24 16:47:42-0400: = G3
2024-06-24 16:47:45-0400: Controller: kata-list_time_settings
2024-06-24 16:47:45-0400: = none absolute byoyomi canadian fischer fischer-capped
2024-06-24 16:47:45-0400: Controller: play black pass
2024-06-24 16:47:45-0400: = 
2024-06-24 16:47:45-0400: Controller: genmove white
2024-06-24 16:47:46-0400: MoveNum: 62 HASH: 04510C11DC927618CD89058923654669
   A B C D E F G H J
 9 . . O X X X X . .
 8 . . . O X O X . .
 7 . . O O O O X . .
 6 O O O X O O X X .
 5 X X X X O O X . X
 4 X O O O O O O X X
 3 X X X O X O O2O X
 2 . X . X X X O . O
 1 . . X X O O O . .

koPOSITIONALscoreAREAtaxNONEsui1komi-2.5
Time taken: 0.156
Root visits: 829
New playouts: 829
NN rows: 28
NN batches: 14
NN avg batch size: 2
PlayoutDoublingAdvantage: 2.75
PV: pass B1 H2 pass pass
Tree:
: T -104.90c W -99.90c S  -4.79c ( -5.3 L  -5.4) N     829  --  pass B1 H2 pass pass
---White(^)---
pss : T -105.22c W -99.99c S  -5.05c ( -5.4 L  -5.5) LCB -105.52c P 15.56% WF 637.6 PSV    3361 N      94  --  pass B1 H2 pass pass
H2  : T -104.81c W -99.87c S  -4.70c ( -5.3 L  -5.4) LCB -105.97c P 28.15% WF 2034.7 PSV    2032 N     395  --  H2 pass C8 B1 pass pass
C8  : T -105.04c W -99.89c S  -4.93c ( -5.3 L  -5.4) LCB -106.60c P 28.35% WF 1254.8 PSV    1257 N     213  --  C8 B1 H2 J6 pass pass
H8  : T -104.44c W -99.94c S  -4.56c ( -5.2 L  -5.3) LCB -113.18c P  2.00% WF  48.6 PSV      41 N      10  --  H8 J8 C8
H9  : T -104.39c W -99.78c S  -4.48c ( -5.2 L  -5.3) LCB -112.91c P  1.90% WF  49.0 PSV      40 N      11  --  H9 H8 C8
J1  : T -104.16c W -99.97c S  -4.05c ( -5.1 L  -5.3) LCB -114.44c P  1.55% WF  42.9 PSV      39 N       9  --  J1 B1 H2 pass C8 pass pass
J7  : T -104.72c W -99.90c S  -4.59c ( -5.2 L  -5.3) LCB -115.00c P  2.19% WF  43.4 PSV      38 N       9  --  J7 J8 H2
H7  : T -104.49c W -99.97c S  -4.53c ( -5.2 L  -5.4) LCB -117.06c P  1.76% WF  40.0 PSV      35 N       8  --  H7 J6 C8
A1  : T -104.52c W -99.95c S  -4.50c ( -5.2 L  -5.4) LCB -117.01c P  1.59% WF  39.0 PSV      31 N       8  --  A1 B1 C8
J9  : T -104.69c W -99.97c S  -4.76c ( -5.3 L  -5.4) LCB -120.56c P  1.78% WF  34.0 PSV      31 N       7  --  J9 J8 C8

2024-06-24 16:47:46-0400: = pass
2024-06-24 16:47:48-0400: Controller: quit
2024-06-24 16:47:48-0400: Quit requested by controller
2024-06-24 16:47:48-0400: = 
2024-06-24 16:47:49-0400: GPU -1 finishing, processed 152789 rows 15045 batches
2024-06-24 16:47:49-0400: All cleaned up, quitting
