2024-06-13 18:05:58-0400: Running with following config:
allowResignation = true
lagBuffer = 1.0
logAllGTPCommunication = true
logDir = gtp_logs
logSearchInfo = true
logSearchInfoForChosenMove = false
logToStderr = false
maxTime = 1.0
maxTimePondering = 120.0
numSearchThreads = 16
ogsChatToStderr = true
ponderingEnabled = true
resignConsecTurns = 3
resignThreshold = -0.90
rules = tromp-taylor
searchFactorAfterOnePass = 0.50
searchFactorAfterTwoPass = 0.25
searchFactorWhenWinning = 0.40
searchFactorWhenWinningThreshold = 0.95

2024-06-13 18:05:58-0400: GTP Engine starting...
2024-06-13 18:05:58-0400: KataGo v1.14.1
2024-06-13 18:05:58-0400: Using TrompTaylor rules initially, unless GTP/GUI overrides this
2024-06-13 18:05:58-0400: Using 16 CPU thread(s) for search
2024-06-13 18:05:58-0400: nnRandSeed0 = 4370496646864838851
2024-06-13 18:05:58-0400: After dedups: nnModelFile0 = C:/Users/chang/Downloads/kata1-b28c512nbt-s7168446720-d4316919285.bin.gz useFP16 auto useNHWC auto
2024-06-13 18:05:58-0400: Initializing neural net buffer to be size 19 * 19 exactly
2024-06-13 18:06:05-0400: Cuda backend thread 0: Found GPU NVIDIA GeForce RTX 4060 Laptop GPU memory 8585216000 compute capability major 8 minor 9
2024-06-13 18:06:05-0400: Cuda backend thread 0: Model version 15 useFP16 = true useNHWC = true
2024-06-13 18:06:05-0400: Cuda backend thread 0: Model name: kata1-b28c512nbt-s7168446720-d4316919285
2024-06-13 18:06:07-0400: Loaded neural net with nnXLen 19 nnYLen 19
2024-06-13 18:06:07-0400: Initializing board with boardXSize 19 boardYSize 19
2024-06-13 18:06:07-0400: Loaded config C:\Users\chang\Downloads\katago-v1.14.1-cuda12.1-cudnn8.9.7-windows-x64/俱乐部AI.cfg
2024-06-13 18:06:07-0400: Loaded model C:/Users/chang/Downloads/kata1-b28c512nbt-s7168446720-d4316919285.bin.gz
2024-06-13 18:06:07-0400: Model name: kata1-b28c512nbt-s7168446720-d4316919285
2024-06-13 18:06:07-0400: GTP ready, beginning main protocol loop
2024-06-13 18:06:07-0400: Controller: list_commands
2024-06-13 18:06:07-0400: = protocol_version
name
version
known_command
list_commands
quit
boardsize
rectangular_boardsize
clear_board
set_position
komi
get_komi
play
undo
kata-get-rules
kata-set-rule
kata-set-rules
kata-get-param
kata-set-param
kata-list-params
kgs-rules
genmove
genmove_debug
search_debug
clear_cache
showboard
fixed_handicap
place_free_handicap
set_free_handicap
time_settings
kgs-time_settings
time_left
kata-list_time_settings
kata-time_settings
final_score
final_status_list
loadsgf
printsgf
lz-genmove_analyze
kata-genmove_analyze
lz-analyze
kata-analyze
kata-raw-nn
cputime
gomill-cpu_time
kata-benchmark
kata-debug-print-tc
debug_moves
stop
2024-06-13 18:06:07-0400: Controller: boardsize 9
2024-06-13 18:06:07-0400: GPU -1 finishing, processed 0 rows 0 batches
2024-06-13 18:06:07-0400: Cleaned up old neural net and bot
2024-06-13 18:06:07-0400: nnRandSeed0 = 3517032546983737570
2024-06-13 18:06:07-0400: After dedups: nnModelFile0 = C:/Users/chang/Downloads/kata1-b28c512nbt-s7168446720-d4316919285.bin.gz useFP16 auto useNHWC auto
2024-06-13 18:06:07-0400: Initializing neural net buffer to be size 9 * 9 exactly
2024-06-13 18:06:13-0400: Cuda backend thread 0: Found GPU NVIDIA GeForce RTX 4060 Laptop GPU memory 8585216000 compute capability major 8 minor 9
2024-06-13 18:06:13-0400: Cuda backend thread 0: Model version 15 useFP16 = true useNHWC = true
2024-06-13 18:06:13-0400: Cuda backend thread 0: Model name: kata1-b28c512nbt-s7168446720-d4316919285
2024-06-13 18:06:15-0400: Loaded neural net with nnXLen 9 nnYLen 9
2024-06-13 18:06:15-0400: Initializing board with boardXSize 9 boardYSize 9
2024-06-13 18:06:15-0400: = 
2024-06-13 18:06:15-0400: Controller: clear_board
2024-06-13 18:06:15-0400: = 
2024-06-13 18:06:15-0400: Controller: komi 7.5
2024-06-13 18:06:15-0400: = 
2024-06-13 18:06:15-0400: Controller: play black g6
2024-06-13 18:06:15-0400: = 
2024-06-13 18:06:15-0400: Controller: genmove white
2024-06-13 18:06:16-0400: MoveNum: 1 HASH: 957A17C2995481AEF49324BDCA039975
   A B C D E F G H J
 9 . . . . . . . . .
 8 . . . . . . . . .
 7 . . . . . . . . .
 6 . . . . . . X1. .
 5 . . . . . . . . .
 4 . . . @ . . . . .
 3 . . . . . . . . .
 2 . . . . . . . . .
 1 . . . . . . . . .

koPOSITIONALscoreAREAtaxNONEsui1komi7.5
Time taken: 1.188
Root visits: 974
New playouts: 974
NN rows: 921
NN batches: 87
NN avg batch size: 10.5862
PV: D4 C6 D6 D5 E5 C5 F4 C4 E7 D3 H5 E4 F5
Tree:
: T  87.72c W  88.94c S  -0.50c ( +2.0 L  +1.2) N     974  --  D4 C6 D6 D5 E5 C5 F4
---White(^)---
D4  : T  89.39c W  90.35c S  -0.31c ( +2.1 L  +1.3) LCB   87.49c P 78.75% WF 1133.9 PSV    1120 N     683  --  D4 C6 D6 D5 E5 C5 F4 C4
D5  : T  86.93c W  88.34c S  -1.08c ( +1.8 L  +1.0) LCB   84.68c P  3.56% WF  88.3 PSV      20 N      46  --  D5 F3 F4 E4 E5 F5 G4 D4
D6  : T  87.25c W  87.81c S  -0.41c ( +2.0 L  +1.2) LCB   83.19c P  2.95% WF 102.4 PSV      18 N      60  --  D6 D4 F5 F6 E5 E3 E7 H4
E4  : T  85.29c W  86.89c S  -1.14c ( +1.7 L  +0.9) LCB   81.91c P  3.21% WF  62.4 PSV      13 N      38  --  E4 D6 C4 C5 E6 E7 F6 F7
F5  : T  83.09c W  86.19c S  -1.32c ( +1.7 L  +0.8) LCB   76.80c P  3.12% WF  32.3 PSV       9 N      20  --  F5 F6 D5 D7 D3 D2 E2 C3
E5  : T  84.27c W  85.93c S  -1.20c ( +1.7 L  +0.7) LCB   78.89c P  1.67% WF  50.0 PSV       5 N      27  --  E5 C5 F4 C3 F7
C4  : T  84.34c W  85.94c S  -0.35c ( +2.1 L  +1.1) LCB   76.09c P  1.14% WF  47.8 PSV       4 N      31  --  C4 D4 D5 E5 E6 D6 C5 E7
E6  : T  82.59c W  85.66c S  -1.29c ( +1.7 L  +0.8) LCB   75.28c P  1.20% WF  30.0 PSV       3 N      18  --  E6 F4 E4 F3 C6 C5 E3
C5  : T  76.35c W  80.86c S  -0.78c ( +1.9 L  +0.9) LCB   55.87c P  0.96% WF  15.9 PSV       1 N      11  --  C5 D5 D4 E4 E3 C4 D3 C6
C6  : T  80.40c W  80.85c S  -0.88c ( +1.8 L  +0.9) LCB   70.22c P  0.50% WF  16.5 PSV       1 N      11  --  C6 D4 E5 D5 D6

2024-06-13 18:06:16-0400: = D4
2024-06-13 18:06:16-0400: Controller: kata-list_time_settings
2024-06-13 18:06:16-0400: = none absolute byoyomi canadian fischer fischer-capped
2024-06-13 18:06:16-0400: Controller: play black e4
2024-06-13 18:06:16-0400: = 
2024-06-13 18:06:16-0400: Controller: genmove white
2024-06-13 18:06:17-0400: MoveNum: 3 HASH: B9F6053119FCB6E90E232BFD0674DFD7
   A B C D E F G H J
 9 . . . . . . . . .
 8 . . . . . . . . .
 7 . . . . . . . . .
 6 . . . . . . X1. .
 5 . . . @ . . . . .
 4 . . . O2X3. . . .
 3 . . . . . . . . .
 2 . . . . . . . . .
 1 . . . . . . . . .

koPOSITIONALscoreAREAtaxNONEsui1komi7.5
Time taken: 1.032
Root visits: 1716
New playouts: 1391
NN rows: 932
NN batches: 90
NN avg batch size: 10.3556
PV: D5 D3 C3 E3 E6 F6 C2 E7 D7 E8 D8 C4 B4 C5 C6 D2 E9 G8 F9 E5 D6 C1 B1 D1 G9
Tree:
: T  91.89c W  91.06c S   2.06c ( +2.4 L  +1.5) N    1716  --  D5 D3 C3 E3 E6 F6 C2
---White(^)---
D5  : T  92.15c W  91.27c S   2.10c ( +2.5 L  +1.5) LCB   89.93c P 86.26% WF 2407.8 PSV    2404 N    1645  --  D5 D3 C3 E3 E6 F6 C2 E7
D3  : T  89.21c W  88.27c S   1.79c ( +2.3 L  +1.6) LCB   75.58c P  2.49% WF  46.7 PSV      24 N      28  --  D3 E6 D6 D7 C6 C7
E5  : T  79.18c W  82.89c S   0.47c ( +1.7 L  +0.9) LCB   62.04c P  6.99% WF  23.2 PSV      21 N      17  --  E5 F4 D5 E7 D7 D8 E8 F8
E3  : T  85.63c W  85.63c S   0.45c ( +1.7 L  +0.9) LCB   78.58c P  3.58% WF  34.2 PSV      19 N      25  --  E3 D5 C5 C4 D3 C6 B5 D6

2024-06-13 18:06:17-0400: = D5
2024-06-13 18:06:21-0400: Controller: kata-list_time_settings
2024-06-13 18:06:21-0400: = none absolute byoyomi canadian fischer fischer-capped
2024-06-13 18:06:21-0400: Controller: play black d3
2024-06-13 18:06:21-0400: = 
2024-06-13 18:06:21-0400: Controller: genmove white
2024-06-13 18:06:22-0400: MoveNum: 5 HASH: 704982CC2A5661BD415A9076D33C6C17
   A B C D E F G H J
 9 . . . . . . . . .
 8 . . . . . . . . .
 7 . . . . . . . . .
 6 . . . . . . X . .
 5 . . . O2. . . . .
 4 . . . O X1. . . .
 3 . . @ X3. . . . .
 2 . . . . . . . . .
 1 . . . . . . . . .

koPOSITIONALscoreAREAtaxNONEsui1komi7.5
Time taken: 1.047
Root visits: 9606
New playouts: 1678
NN rows: 885
NN batches: 90
NN avg batch size: 9.83333
PV: C3 E3 E6 F6 C2 E7 D7 E8 D8 D2 F2 C4 B4 C5 C6 E1 G4 H3 D6 F5 E9 F8 F9
Tree:
: T  92.08c W  91.48c S   2.20c ( +2.8 L  +2.0) N    9606  --  C3 E3 E6 F6 C2 E7 D7
---White(^)---
C3  : T  92.41c W  91.67c S   2.27c ( +2.9 L  +2.1) LCB   91.34c P 67.40% WF 13706.9 PSV   13647 N    9183  --  C3 E3 E6 F6 C2 E7 D7 E8
E5  : T  82.48c W  86.05c S  -0.01c ( +1.8 L  +1.2) LCB   77.98c P 30.91% WF 444.9 PSV     492 N     414  --  E5 F4 C3 E7 D2 E3 D7 C4
F6  : T  66.03c W  69.26c S  -0.91c ( +1.4 L  +0.6) LCB   44.03c P  1.19% WF   6.4 PSV       7 N       7  --  F6 E5 E6 D6 C6
E3  : T  44.40c W  46.07c S  -1.68c ( +1.0 L  +0.6) LCB -305.60c P  0.26% WF   0.9 PSV       0 N       1  --  E3

2024-06-13 18:06:22-0400: = C3
2024-06-13 18:06:23-0400: Controller: kata-list_time_settings
2024-06-13 18:06:23-0400: = none absolute byoyomi canadian fischer fischer-capped
2024-06-13 18:06:23-0400: Controller: play black e3
2024-06-13 18:06:23-0400: = 
2024-06-13 18:06:23-0400: Controller: genmove white
2024-06-13 18:06:24-0400: MoveNum: 7 HASH: FDCD2A34F873171631F15D0EA9AD90A3
   A B C D E F G H J
 9 . . . . . . . . .
 8 . . . . . . . . .
 7 . . . . . . . . .
 6 . . . . @ . X . .
 5 . . . O . . . . .
 4 . . . O X . . . .
 3 . . O2X1X3. . . .
 2 . . . . . . . . .
 1 . . . . . . . . .

koPOSITIONALscoreAREAtaxNONEsui1komi7.5
Time taken: 1.078
Root visits: 11880
New playouts: 1709
NN rows: 849
NN batches: 81
NN avg batch size: 10.4815
PV: E6 F6 C2 E7 D7 E8 D8 D2 F2 C4 B4 C5 C6 E1 G4 H3 E9 E5 D6 G8 G9 H9 F9 F8 D9
Tree:
: T  92.81c W  92.14c S   2.15c ( +2.9 L  +2.2) N   11880  --  E6 F6 C2 E7 D7 E8 D8
---White(^)---
E6  : T  93.09c W  92.38c S   2.19c ( +3.0 L  +2.2) LCB   92.21c P 68.90% WF 17612.3 PSV   17570 N   11568  --  E6 F6 C2 E7 D7 E8 D8 D2
E5  : T  82.38c W  81.94c S   1.60c ( +2.8 L  +1.6) LCB   75.89c P  9.42% WF 146.5 PSV     159 N     127  --  E5 F5 F7 D7 F6 G5 B4 C6
C2  : T  86.06c W  87.30c S  -0.31c ( +1.8 L  +1.0) LCB   78.83c P  2.94% WF  71.4 PSV      73 N      50  --  C2 E7 E6 D7 F6 G4 F7
E7  : T  70.30c W  74.89c S  -0.92c ( +1.5 L  +0.6) LCB   55.94c P  6.52% WF  45.7 PSV      53 N      48  --  E7 C2 B2 E5 D6 B3 C4 B1
D7  : T  69.03c W  74.85c S  -2.01c ( +1.1 L  +0.4) LCB   50.37c P  5.00% WF  34.0 PSV      39 N      34  --  D7 E6 D6 C2 G7 F7 H6 G8
F6  : T  56.50c W  56.89c S   0.22c ( +2.0 L  +1.2) LCB   34.82c P  5.69% WF  23.4 PSV      29 N      42  --  F6 E5 E6 D6 C6 D7 C7 C8
F7  : T  76.72c W  79.61c S  -0.81c ( +1.6 L  +0.8) LCB   54.51c P  0.89% WF  11.1 PSV      10 N       9  --  F7 E6 E5 F6 F5
D6  : T  16.25c W  20.77c S  -4.52c ( -0.1 L  -0.3) LCB -333.75c P  0.50% WF   0.6 PSV       1 N       1  --  D6

2024-06-13 18:06:24-0400: = E6
2024-06-13 18:06:25-0400: Controller: kata-list_time_settings
2024-06-13 18:06:25-0400: = none absolute byoyomi canadian fischer fischer-capped
2024-06-13 18:06:25-0400: Controller: play black c2
2024-06-13 18:06:25-0400: = 
2024-06-13 18:06:25-0400: Controller: genmove white
2024-06-13 18:06:26-0400: MoveNum: 9 HASH: D9ED888135A8B8F804F19F2A01AA7BCB
   A B C D E F G H J
 9 . . . . . . . . .
 8 . . . . . . . . .
 7 . . . . . . @ . .
 6 . . . . O2. X . .
 5 . . . O . . . . .
 4 . . . O X . . . .
 3 . . O X X1. . . .
 2 . . X3. . . . . .
 1 . . . . . . . . .

koPOSITIONALscoreAREAtaxNONEsui1komi7.5
Time taken: 1.078
Root visits: 1652
New playouts: 442
NN rows: 363
NN batches: 30
NN avg batch size: 12.1
PV: G7 F7 F6 G5 F5 G4 E7 H7 F8 B3 C4 B4
Tree:
: T  91.27c W  90.61c S   1.80c ( +2.7 L  +2.1) N    1652  --  G7 F7 F6 G5 F5 G4 E7
---White(^)---
G7  : T  92.25c W  92.24c S   0.78c ( +2.2 L  +1.8) LCB   89.55c P 23.25% WF 1099.1 PSV    2656 N     691  --  G7 F7 F6 G5 F5 G4 E7 H7
F5  : T  90.52c W  89.24c S   2.75c ( +3.2 L  +2.5) LCB   87.04c P 67.68% WF 1161.5 PSV    1174 N     922  --  F5 E8 G5 C7 B2 C4 B3
B2  : T  89.28c W  88.52c S   0.17c ( +2.0 L  +1.2) LCB   78.03c P  6.08% WF  49.2 PSV      50 N      34  --  B2 F6 D2 C4 B3 C6 E7 C5
F7  : T  62.60c W  65.72c S  -2.43c ( +0.8 L  +0.3) LCB  -14.24c P  2.15% WF   2.5 PSV       3 N       3  --  F7 E5 G7
F6  : T  12.30c W  17.27c S  -4.97c ( -0.3 L  -0.4) LCB -337.70c P  0.31% WF   0.6 PSV       0 N       1  --  F6

2024-06-13 18:06:26-0400: = G7
2024-06-13 18:06:42-0400: Controller: kata-list_time_settings
2024-06-13 18:06:42-0400: = none absolute byoyomi canadian fischer fischer-capped
2024-06-13 18:06:42-0400: Controller: play black c7
2024-06-13 18:06:42-0400: = 
2024-06-13 18:06:42-0400: Controller: genmove white
2024-06-13 18:06:43-0400: MoveNum: 11 HASH: A3C440E75B3AADED02B22A0303728FF8
   A B C D E F G H J
 9 . . . . . . . . .
 8 . . . . . . . . .
 7 . . X3@ . . O2. .
 6 . . . . O . X . .
 5 . . . O . . . . .
 4 . . . O X . . . .
 3 . . O X X . . . .
 2 . . X1. . . . . .
 1 . . . . . . . . .

koPOSITIONALscoreAREAtaxNONEsui1komi7.5
Time taken: 1.141
Root visits: 618
New playouts: 449
NN rows: 444
NN batches: 35
NN avg batch size: 12.6857
PV: D7 C4 C6 H7 F7 B6 B7 C5 D6 B5 H5
Tree:
: T  88.16c W  88.88c S   1.16c ( +2.0 L  +1.4) N     618  --  D7 C4 C6 H7 F7 B6 B7
---White(^)---
D7  : T  92.36c W  91.78c S   1.09c ( +2.0 L  +1.4) LCB   89.36c P  7.87% WF 454.2 PSV     439 N     287  --  D7 C4 C6 H7 F7 B6 B7 C5
F7  : T  87.07c W  88.09c S   1.45c ( +2.2 L  +1.5) LCB   81.19c P 25.56% WF 247.9 PSV      90 N     182  --  F7 E8 B5 B6 G4 F5 D8 D7
F6  : T  70.73c W  75.74c S   0.38c ( +1.7 L  +1.0) LCB   50.27c P 34.26% WF  35.9 PSV      31 N      35  --  F6 G5 F5 G4 F4 F3 G3 H7
H6  : T  84.11c W  87.48c S   1.74c ( +2.3 L  +1.7) LCB   72.11c P  6.69% WF  89.4 PSV      15 N      70  --  H6 H7 G5 F6 F7 F5 H8 H5
F5  : T  65.89c W  67.48c S  -0.73c ( +1.2 L  +0.6) LCB   25.47c P  9.73% WF   7.9 PSV       7 N       9  --  F5 F7 F6 G8 H7 E7
B4  : T  80.10c W  81.65c S   0.49c ( +1.7 L  +0.9) LCB   69.84c P  3.89% WF  12.1 PSV       6 N      11  --  B4 E8 F6 G5 F8
E8  : T  71.15c W  74.32c S  -0.88c ( +1.2 L  +0.5) LCB   43.19c P  5.16% WF   6.8 PSV       4 N       7  --  E8 H7 F7 C4 C5
D8  : T  74.86c W  77.76c S  -0.89c ( +1.2 L  +0.6) LCB   44.10c P  3.47% WF   5.9 PSV       3 N       5  --  D8 C4 C5
G5  : T  73.62c W  80.86c S   0.26c ( +1.6 L  +0.8) LCB   48.73c P  1.75% WF   9.5 PSV       1 N       9  --  G5 F6 F7 F5 H6 H5 H7
E7  : T  69.07c W  70.67c S  -1.60c ( +0.8 L  +0.7) LCB -280.93c P  0.58% WF   1.2 PSV       0 N       1  --  E7

2024-06-13 18:06:43-0400: = D7
2024-06-13 18:06:58-0400: Controller: kata-list_time_settings
2024-06-13 18:06:58-0400: = none absolute byoyomi canadian fischer fischer-capped
2024-06-13 18:06:58-0400: Controller: play black d8
2024-06-13 18:06:58-0400: = 
2024-06-13 18:06:58-0400: Controller: genmove white
2024-06-13 18:06:59-0400: MoveNum: 13 HASH: 74C0262ECA8F48366C61E679A9DB08A0
   A B C D E F G H J
 9 . . . . . . . . .
 8 . . . X3@ . . . .
 7 . . X1O2. . O . .
 6 . . . . O . X . .
 5 . . . O . . . . .
 4 . . . O X . . . .
 3 . . O X X . . . .
 2 . . X . . . . . .
 1 . . . . . . . . .

koPOSITIONALscoreAREAtaxNONEsui1komi7.5
Time taken: 1.094
Root visits: 2961
New playouts: 530
NN rows: 427
NN batches: 32
NN avg batch size: 13.3438
PV: E8 H7 F5 F7 C8 B3 G4 C6 B5 H4 G8 F6 E5 F8 F9 H8 C4 E7 D9 D6
Tree:
: T  83.14c W  83.77c S   1.41c ( +1.8 L  +1.5) N    2961  --  E8 H7 F5 F7 C8 B3 G4
---White(^)---
E8  : T  83.72c W  84.23c S   1.48c ( +1.8 L  +1.5) LCB   80.99c P 72.70% WF 3023.5 PSV    3011 N    2817  --  E8 H7 F5 F7 C8 B3 G4 C6
G5  : T  70.80c W  72.49c S  -0.34c ( +1.1 L  +0.7) LCB   55.02c P 12.36% WF  65.0 PSV      63 N      92  --  G5 F6 F7 F5 E8 B5 H6 H5
F6  : T  69.53c W  74.78c S  -0.22c ( +1.1 L  +0.5) LCB   50.36c P  6.30% WF  30.7 PSV      29 N      34  --  F6 G5 E8 C4 F5 G4 F4 F3
F7  : T  33.67c W  50.96c S  -1.18c ( +0.6 L  -0.0) LCB  -42.80c P  5.51% WF   9.4 PSV       8 N      14  --  F7 E8 H5 G4 H4 F6 E7
F5  : T  -7.31c W  -2.30c S  -5.02c ( -1.0 L  -0.4) LCB -357.31c P  1.71% WF   0.4 PSV       1 N       1  --  F5
G4  : T  40.92c W  44.03c S  -3.11c ( -0.2 L  +0.2) LCB -309.08c P  0.67% WF   0.7 PSV       1 N       1  --  G4
H6  : T  34.19c W  37.41c S  -3.22c ( -0.2 L  +0.2) LCB -315.81c P  0.51% WF   0.5 PSV       0 N       1  --  H6

2024-06-13 18:06:59-0400: = E8
2024-06-13 18:07:06-0400: Controller: kata-list_time_settings
2024-06-13 18:07:06-0400: = none absolute byoyomi canadian fischer fischer-capped
2024-06-13 18:07:06-0400: Controller: play black h7
2024-06-13 18:07:06-0400: = 
2024-06-13 18:07:06-0400: Controller: genmove white
2024-06-13 18:07:07-0400: MoveNum: 15 HASH: 2F9DE50BBE6EF0500DA35DA753B47E23
   A B C D E F G H J
 9 . . . . . . . . .
 8 . . . X1O2. . . .
 7 . . X O . . O X3.
 6 . . . . O . X . .
 5 . . . O . @ . . .
 4 . . . O X . . . .
 3 . . O X X . . . .
 2 . . X . . . . . .
 1 . . . . . . . . .

koPOSITIONALscoreAREAtaxNONEsui1komi7.5
Time taken: 1.093
Root visits: 6964
New playouts: 594
NN rows: 445
NN batches: 32
NN avg batch size: 13.9062
PV: F5 F7 C8 B3 G4 C6 B5 H4 F6 G5 F4 B8 D9 C5 C4 B4 B2 A2 H3 E2 G8 H8 F8 H5 G2
Tree:
: T  90.16c W  89.28c S   1.69c ( +2.1 L  +2.0) N    6964  --  F5 F7 C8 B3 G4 C6 B5
---White(^)---
F5  : T  91.60c W  90.48c S   1.82c ( +2.2 L  +2.1) LCB   90.08c P 14.46% WF 8203.6 PSV    8064 N    6025  --  F5 F7 C8 B3 G4 C6 B5 H4
F7  : T  71.27c W  73.94c S   0.58c ( +1.7 L  +1.1) LCB   60.56c P 41.55% WF 222.2 PSV     276 N     320  --  F7 C4 G5 H5 G4 H4 B3 C5
B2  : T  79.57c W  80.91c S   0.84c ( +1.8 L  +1.4) LCB   71.76c P 10.48% WF 275.7 PSV     116 N     308  --  B2 F7 E7 B3 C4 B1 F5 F6
G5  : T  53.75c W  52.74c S  -1.27c ( +0.9 L  +0.5) LCB   31.44c P 13.20% WF  51.5 PSV      47 N     112  --  G5 F7 F6 G8 C8 H5 B2 B3
C8  : T  79.59c W  81.52c S  -0.09c ( +1.4 L  +0.9) LCB   67.80c P  2.13% WF  68.3 PSV      23 N      80  --  C8 F7 B3 C6 B2 D6 E7
B4  : T  61.07c W  67.62c S  -1.18c ( +0.9 L  +0.4) LCB   27.68c P  5.24% WF  21.2 PSV      23 N      30  --  B4 F7 E7 B3 C4 B2 F5 F6
G8  : T  25.54c W  35.32c S  -2.44c ( +0.2 L  -0.0) LCB   -1.18c P  8.96% WF  11.6 PSV      18 N      28  --  G8 F6 E5 F7 E7 F5 F4 F8
F6  : T  66.87c W  69.86c S  -0.93c ( +1.0 L  +0.5) LCB   27.08c P  2.42% WF  11.8 PSV      13 N      14  --  F6 G8 G5 F7 C8 H5 B2 B3
B3  : T  80.11c W  80.51c S  -0.04c ( +1.4 L  +0.9) LCB   65.68c P  0.86% WF  40.1 PSV       9 N      43  --  B3 F7 C8 C6 B2 D6 E7
H5  : T  54.99c W  57.43c S  -2.45c ( +0.4 L  +0.7) LCB -295.01c P  0.23% WF   0.7 PSV       0 N       1  --  H5

2024-06-13 18:07:07-0400: = F5
2024-06-13 18:07:08-0400: Controller: kata-list_time_settings
2024-06-13 18:07:08-0400: = none absolute byoyomi canadian fischer fischer-capped
2024-06-13 18:07:08-0400: Controller: play black f7
2024-06-13 18:07:08-0400: = 
2024-06-13 18:07:08-0400: Controller: genmove white
2024-06-13 18:07:09-0400: MoveNum: 17 HASH: C1EF51BECEB4AA1DD58D4D5BED033887
   A B C D E F G H J
 9 . . . . . . . . .
 8 . . @ X O . . . .
 7 . . X O . X3O X1.
 6 . . . . O . X . .
 5 . . . O . O2. . .
 4 . . . O X . . . .
 3 . . O X X . . . .
 2 . . X . . . . . .
 1 . . . . . . . . .

koPOSITIONALscoreAREAtaxNONEsui1komi7.5
Time taken: 1.125
Root visits: 5755
New playouts: 587
NN rows: 394
NN batches: 32
NN avg batch size: 12.3125
PV: C8 B3 G4 C6 B5 H4 F6 G5 F4 B8 D9 C5 C4 B4 H3 E2 G8 H8 F8 H5 J4 J6 G2 F3 G3
Tree:
: T  90.01c W  89.38c S   1.54c ( +2.1 L  +2.0) N    5755  --  C8 B3 G4 C6 B5 H4 F6
---White(^)---
C8  : T  90.39c W  89.71c S   1.60c ( +2.1 L  +2.1) LCB   88.55c P 72.44% WF 7179.2 PSV    7152 N    5549  --  C8 B3 G4 C6 B5 H4 F6 G5
E7  : T  71.96c W  75.68c S  -0.53c ( +1.3 L  +0.8) LCB   60.19c P 19.52% WF 111.3 PSV     124 N     155  --  E7 C4 G5 G8 C6 B6 B5 B3
F6  : T  71.05c W  69.45c S  -2.92c ( +0.3 L  +0.2) LCB   45.31c P  6.88% WF  36.7 PSV      41 N      48  --  F6 G8 C8 G4 B3 B2 A2 C6
F8  : T -55.36c W -48.48c S  -6.87c ( -1.6 L  -1.3) LCB -405.36c P  0.68% WF   0.3 PSV       0 N       1  --  F8
G8  : T -80.41c W -72.72c S  -7.69c ( -2.0 L  -2.9) LCB -430.41c P  0.32% WF   0.3 PSV       0 N       1  --  G8

2024-06-13 18:07:09-0400: = C8
2024-06-13 18:07:13-0400: Controller: kata-list_time_settings
2024-06-13 18:07:13-0400: = none absolute byoyomi canadian fischer fischer-capped
2024-06-13 18:07:13-0400: Controller: play black g4
2024-06-13 18:07:13-0400: = 
2024-06-13 18:07:13-0400: Controller: genmove white
2024-06-13 18:07:15-0400: MoveNum: 19 HASH: 4C4C8F9CE21F86C7BCF306A92C1A95F3
   A B C D E F G H J
 9 . . . . . . . . .
 8 . . O2X O . . . .
 7 . . X O . X1O X .
 6 . . . . O . X . .
 5 . . . O . O . . .
 4 . . . O X . X3. .
 3 . @ O X X . . . .
 2 . . X . . . . . .
 1 . . . . . . . . .

koPOSITIONALscoreAREAtaxNONEsui1komi7.5
Time taken: 1.063
Root visits: 1680
New playouts: 597
NN rows: 413
NN batches: 32
NN avg batch size: 12.9062
PV: B3 C6 B5 E7 D6 F8 D9 B2 F6 G8 F4 F3 G5 H5 A2 B1 F9 B8 C5 G9 E9 D2
Tree:
: T  94.73c W  93.85c S   0.95c ( +1.3 L  +1.4) N    1680  --  B3 C6 B5 E7 D6 F8 D9
---White(^)---
B3  : T  96.09c W  95.10c S   1.04c ( +1.4 L  +1.4) LCB   93.86c P  9.08% WF 2846.1 PSV    2812 N    1380  --  B3 C6 B5 E7 D6 F8 D9 B2
B2  : T  85.72c W  84.00c S   0.62c ( +1.2 L  +1.0) LCB   75.84c P 26.20% WF 125.8 PSV     131 N     136  --  B2 B3 C4 B1 G8 F6 E5 A2
B4  : T  77.41c W  79.35c S  -0.65c ( +0.8 L  +0.4) LCB   54.72c P 31.33% WF  73.8 PSV      87 N      92  --  B4 B3 C4 B2 G8 F6 F8 H8
G8  : T  65.72c W  69.80c S   0.49c ( +1.2 L  +0.9) LCB   36.19c P 17.96% WF  26.0 PSV      31 N      38  --  G8 F6 E5 C4 B3 B4 F4 F3
F4  : T  58.21c W  63.61c S  -1.10c ( +0.5 L  +0.2) LCB   27.26c P  9.83% WF  11.6 PSV      13 N      20  --  F4 F3 B2 B3 C4 B1 G8 F6
G5  : T  64.96c W  66.75c S  -0.97c ( +0.6 L  +0.1) LCB   33.48c P  4.24% WF   6.0 PSV       7 N      10  --  G5 H5 B2 B3 C4 B1 G8
C4  : T  48.59c W  51.05c S  -1.84c ( +0.2 L  -0.1) LCB -100.48c P  0.78% WF   1.1 PSV       0 N       2  --  C4 B2
G3  : T -12.96c W  -8.98c S  -3.98c ( -0.8 L  -0.6) LCB -362.96c P  0.45% WF   0.4 PSV       0 N       1  --  G3

2024-06-13 18:07:15-0400: = B3
2024-06-13 18:07:22-0400: Controller: kata-list_time_settings
2024-06-13 18:07:22-0400: = none absolute byoyomi canadian fischer fischer-capped
2024-06-13 18:07:22-0400: Controller: play black b2
2024-06-13 18:07:22-0400: = 
2024-06-13 18:07:22-0400: Controller: genmove white
2024-06-13 18:07:23-0400: MoveNum: 21 HASH: 1D21F2AFD9125B543D35C05EB5B14B73
   A B C D E F G H J
 9 . . . . . . . . .
 8 . . O X O . @ . .
 7 . . X O . X O X .
 6 . . . . O . X . .
 5 . . . O . O . . .
 4 . . . O X . X1. .
 3 . O2O X X . . . .
 2 . X3X . . . . . .
 1 . . . . . . . . .

koPOSITIONALscoreAREAtaxNONEsui1komi7.5
Time taken: 1.078
Root visits: 3433
New playouts: 719
NN rows: 431
NN batches: 32
NN avg batch size: 13.4688
PV: G8 F6 F8 B5 G5 H5 B4 E5 C6 A2 E7 H6 A3 H8 H9 J9 G9 J8 A5
Tree:
: T  97.96c W  96.87c S   1.10c ( +1.5 L  +1.6) N    3433  --  G8 F6 F8 B5 G5 H5 B4
---White(^)---
G8  : T  98.15c W  97.05c S   1.12c ( +1.6 L  +1.6) LCB   96.97c P 76.48% WF 8766.5 PSV    8756 N    3360  --  G8 F6 F8 B5 G5 H5 B4 E5
G5  : T  71.82c W  73.20c S  -0.63c ( +0.9 L  +0.7) LCB   54.61c P 12.00% WF  33.5 PSV      41 N      48  --  G5 F6 E5 H5 G8 B8 D9 B5
F4  : T  54.12c W  53.65c S  -1.55c ( +0.4 L  +0.2) LCB   -4.16c P  6.51% WF  10.0 PSV      13 N      18  --  F4 F3 G8 F6 F8 B5 B4 B8
G3  : T -80.60c W -73.18c S  -7.42c ( -2.4 L  -2.1) LCB -430.60c P  2.85% WF   0.4 PSV       1 N       1  --  G3
A2  : T -75.10c W -68.68c S  -6.42c ( -1.8 L  -1.3) LCB -425.10c P  0.76% WF   0.4 PSV       0 N       1  --  A2
H6  : T   9.73c W  12.91c S  -3.18c ( -0.3 L  -0.2) LCB -340.27c P  0.61% WF   0.4 PSV       0 N       1  --  H6
B5  : T -44.63c W -39.57c S  -5.06c ( -1.0 L  -0.8) LCB -394.63c P  0.24% WF   0.3 PSV       0 N       1  --  B5
E5  : T -79.59c W -72.31c S  -7.28c ( -2.0 L  -1.7) LCB -429.59c P  0.21% WF   0.5 PSV       0 N       1  --  E5
F6  : T  11.48c W  15.30c S  -3.83c ( -0.5 L  -0.5) LCB -338.52c P  0.13% WF   0.4 PSV       0 N       1  --  F6

2024-06-13 18:07:23-0400: = G8
2024-06-13 18:07:25-0400: Controller: kata-list_time_settings
2024-06-13 18:07:25-0400: = none absolute byoyomi canadian fischer fischer-capped
2024-06-13 18:07:25-0400: Controller: play black f6
2024-06-13 18:07:25-0400: = 
2024-06-13 18:07:25-0400: Controller: genmove white
2024-06-13 18:07:26-0400: MoveNum: 23 HASH: A78361F1FB88C11BF2F01F5889A7B75A
   A B C D E F G H J
 9 . . . . . . . . .
 8 . . O X O @ O2. .
 7 . . X O . X O X .
 6 . . . . O X3X . .
 5 . . . O . O . . .
 4 . . . O X . X . .
 3 . O O X X . . . .
 2 . X1X . . . . . .
 1 . . . . . . . . .

koPOSITIONALscoreAREAtaxNONEsui1komi7.5
Time taken: 1.125
Root visits: 4831
New playouts: 905
NN rows: 434
NN batches: 34
NN avg batch size: 12.7647
PV: F8 B5 G5 H5 B4 E5 C6 A2 E7 H6 A3 H8 H9 J9 G9 J8 D9 F4
Tree:
: T  98.25c W  97.58c S   0.91c ( +1.3 L  +1.3) N    4831  --  F8 B5 G5 H5 B4 E5 C6
---White(^)---
F8  : T  98.58c W  97.92c S   0.90c ( +1.2 L  +1.3) LCB   97.68c P 51.51% WF 14376.0 PSV   14326 N    4456  --  F8 B5 G5 H5 B4 E5 C6 A2
E5  : T  86.03c W  83.99c S   1.75c ( +1.7 L  +1.4) LCB   81.55c P 29.26% WF 225.9 PSV     260 N     257  --  E5 B5 B4 A2 H8 H6 A4 F8
H6  : T  78.81c W  78.92c S   0.69c ( +1.2 L  +1.1) LCB   58.62c P 15.37% WF  80.2 PSV      96 N     104  --  H6 B5 H5 G5 C6 E7 D9 H8
G5  : T  58.74c W  61.71c S  -1.20c ( +0.5 L  +0.2) LCB    5.32c P  1.43% WF   4.3 PSV       4 N       8  --  G5 H5 F8 B8 D9 A3 E7 H6
H8  : T  36.53c W  38.93c S  -1.08c ( +0.4 L  +0.1) LCB  -46.77c P  1.23% WF   1.3 PSV       2 N       3  --  H8 C6
H5  : T -55.20c W -49.64c S  -5.56c ( -1.6 L  -1.4) LCB -405.20c P  0.96% WF   0.3 PSV       0 N       1  --  H5
E7  : T -49.50c W -43.99c S  -5.52c ( -1.5 L  -0.7) LCB -399.50c P  0.17% WF   0.3 PSV       0 N       1  --  E7

2024-06-13 18:07:26-0400: = F8
2024-06-13 18:07:28-0400: Controller: quit
2024-06-13 18:07:28-0400: Quit requested by controller
2024-06-13 18:07:28-0400: = 
2024-06-13 18:07:28-0400: GPU -1 finishing, processed 32770 rows 2619 batches
2024-06-13 18:07:28-0400: All cleaned up, quitting
