2024-06-09 13:08:07-0400: Running with following config:
allowResignation = true
lagBuffer = 1.0
logAllGTPCommunication = true
logDir = gtp_logs
logSearchInfo = true
logSearchInfoForChosenMove = false
logToStderr = false
maxTime = 1.0
maxTimePondering = 120.0
numSearchThreads = 16
ogsChatToStderr = true
ponderingEnabled = true
resignConsecTurns = 3
resignThreshold = -0.90
rules = tromp-taylor
searchFactorAfterOnePass = 0.50
searchFactorAfterTwoPass = 0.25
searchFactorWhenWinning = 0.40
searchFactorWhenWinningThreshold = 0.95

2024-06-09 13:08:07-0400: GTP Engine starting...
2024-06-09 13:08:07-0400: KataGo v1.14.1
2024-06-09 13:08:07-0400: Using TrompTaylor rules initially, unless GTP/GUI overrides this
2024-06-09 13:08:07-0400: Using 16 CPU thread(s) for search
2024-06-09 13:08:07-0400: nnRandSeed0 = 6759765882456119959
2024-06-09 13:08:07-0400: After dedups: nnModelFile0 = C:/Users/chang/Downloads/kata1-b28c512nbt-s7168446720-d4316919285.bin.gz useFP16 auto useNHWC auto
2024-06-09 13:08:07-0400: Initializing neural net buffer to be size 19 * 19 exactly
2024-06-09 13:08:14-0400: Cuda backend thread 0: Found GPU NVIDIA GeForce RTX 4060 Laptop GPU memory 8585216000 compute capability major 8 minor 9
2024-06-09 13:08:14-0400: Cuda backend thread 0: Model version 15 useFP16 = true useNHWC = true
2024-06-09 13:08:14-0400: Cuda backend thread 0: Model name: kata1-b28c512nbt-s7168446720-d4316919285
2024-06-09 13:08:16-0400: Loaded neural net with nnXLen 19 nnYLen 19
2024-06-09 13:08:16-0400: Initializing board with boardXSize 19 boardYSize 19
2024-06-09 13:08:16-0400: Loaded config C:\Users\chang\Downloads\katago-v1.14.1-cuda12.1-cudnn8.9.7-windows-x64/俱乐部AI.cfg
2024-06-09 13:08:16-0400: Loaded model C:/Users/chang/Downloads/kata1-b28c512nbt-s7168446720-d4316919285.bin.gz
2024-06-09 13:08:16-0400: Model name: kata1-b28c512nbt-s7168446720-d4316919285
2024-06-09 13:08:16-0400: GTP ready, beginning main protocol loop
2024-06-09 13:08:16-0400: Controller: list_commands
2024-06-09 13:08:16-0400: = protocol_version
name
version
known_command
list_commands
quit
boardsize
rectangular_boardsize
clear_board
set_position
komi
get_komi
play
undo
kata-get-rules
kata-set-rule
kata-set-rules
kata-get-param
kata-set-param
kata-list-params
kgs-rules
genmove
genmove_debug
search_debug
clear_cache
showboard
fixed_handicap
place_free_handicap
set_free_handicap
time_settings
kgs-time_settings
time_left
kata-list_time_settings
kata-time_settings
final_score
final_status_list
loadsgf
printsgf
lz-genmove_analyze
kata-genmove_analyze
lz-analyze
kata-analyze
kata-raw-nn
cputime
gomill-cpu_time
kata-benchmark
kata-debug-print-tc
debug_moves
stop
2024-06-09 13:08:16-0400: Controller: boardsize 9
2024-06-09 13:08:16-0400: GPU -1 finishing, processed 0 rows 0 batches
2024-06-09 13:08:16-0400: Cleaned up old neural net and bot
2024-06-09 13:08:16-0400: nnRandSeed0 = 8723227474204610030
2024-06-09 13:08:16-0400: After dedups: nnModelFile0 = C:/Users/chang/Downloads/kata1-b28c512nbt-s7168446720-d4316919285.bin.gz useFP16 auto useNHWC auto
2024-06-09 13:08:16-0400: Initializing neural net buffer to be size 9 * 9 exactly
2024-06-09 13:08:24-0400: Cuda backend thread 0: Found GPU NVIDIA GeForce RTX 4060 Laptop GPU memory 8585216000 compute capability major 8 minor 9
2024-06-09 13:08:24-0400: Cuda backend thread 0: Model version 15 useFP16 = true useNHWC = true
2024-06-09 13:08:24-0400: Cuda backend thread 0: Model name: kata1-b28c512nbt-s7168446720-d4316919285
2024-06-09 13:08:26-0400: Loaded neural net with nnXLen 9 nnYLen 9
2024-06-09 13:08:26-0400: Initializing board with boardXSize 9 boardYSize 9
2024-06-09 13:08:27-0400: = 
2024-06-09 13:08:27-0400: Controller: clear_board
2024-06-09 13:08:27-0400: = 
2024-06-09 13:08:27-0400: Controller: komi 7.5
2024-06-09 13:08:27-0400: = 
2024-06-09 13:08:27-0400: Controller: play black e5
2024-06-09 13:08:27-0400: = 
2024-06-09 13:08:27-0400: Controller: genmove white
2024-06-09 13:08:28-0400: MoveNum: 1 HASH: 38E71B648B5DE3A43B414F57C285AD76
   A B C D E F G H J
 9 . . . . . . . . .
 8 . . . . . . . . .
 7 . . . . . . . . .
 6 . . . . . . . . .
 5 . . . . X1. . . .
 4 . . @ . . . . . .
 3 . . . . . . . . .
 2 . . . . . . . . .
 1 . . . . . . . . .

koPOSITIONALscoreAREAtaxNONEsui1komi7.5
Time taken: 1.25
Root visits: 508
New playouts: 508
NN rows: 465
NN batches: 37
NN avg batch size: 12.5676
PV: C4 E3 G6 G4 F7 C6 D2 E2 B5 E8 D6
Tree:
: T  79.01c W  79.91c S  -0.22c ( +1.8 L  +0.9) N     508  --  C4 E3 G6 G4 F7 C6 D2
---White(^)---
C4  : T  80.86c W  81.36c S  -0.10c ( +1.9 L  +1.0) LCB   77.97c P  9.34% WF 296.5 PSV     826 N     198  --  C4 E3 G6 G4 F7 C6 D2 E2
C5  : T  78.95c W  79.89c S  -0.19c ( +1.9 L  +0.9) LCB   76.12c P  5.58% WF 380.0 PSV     386 N     263  --  C5 D7 G5 D3 G3 G6 H6 F5
C3  : T  69.99c W  73.37c S  -1.16c ( +1.4 L  +0.6) LCB   61.28c P  0.48% WF  34.2 PSV       0 N      25  --  C3 C5 F3 G6 G4 F7 D4
D4  : T  24.18c W  33.38c S  -3.44c ( +0.2 L  -0.1) LCB  -23.87c P  0.01% WF   1.2 PSV       0 N       4  --  D4 D5 C4 E4
B5  : T  23.28c W  31.35c S  -3.26c ( +0.3 L  -0.1) LCB  -22.51c P  0.01% WF   0.6 PSV       0 N       4  --  B5 C6 G6 G4
B4  : T  22.62c W  25.15c S  -3.94c ( -0.1 L  -0.4) LCB  -53.95c P  0.00% WF   0.3 PSV       0 N       3  --  B4 C5
D5  : T -23.67c W -16.34c S  -6.22c ( -1.2 L  -1.0) LCB -179.47c P  0.01% WF   0.6 PSV       0 N       2  --  D5 D4
pss : T -124.89c W -99.67c S -25.22c (-12.9 L -11.1) LCB -474.89c P  0.00% WF   0.1 PSV       0 N       1  --  pass
B3  : T -46.50c W -38.75c S  -7.75c ( -1.8 L  -0.9) LCB -396.50c P  0.00% WF   0.1 PSV       0 N       1  --  B3
B2  : T -103.79c W -90.96c S -12.83c ( -4.1 L  -2.7) LCB -453.79c P  0.00% WF   0.0 PSV       0 N       1  --  B2

2024-06-09 13:08:28-0400: = C4
2024-06-09 13:08:28-0400: Controller: kata-list_time_settings
2024-06-09 13:08:28-0400: = none absolute byoyomi canadian fischer fischer-capped
2024-06-09 13:08:28-0400: Controller: play black e3
2024-06-09 13:08:28-0400: = 
2024-06-09 13:08:28-0400: Controller: genmove white
2024-06-09 13:08:29-0400: MoveNum: 3 HASH: 21F1845856A6AD3C39A2EF4F2A23DE68
   A B C D E F G H J
 9 . . . . . . . . .
 8 . . . . . . . . .
 7 . . . . . . . . .
 6 . . @ . . . . . .
 5 . . . . X1. . . .
 4 . . O2. . . . . .
 3 . . . . X3. . . .
 2 . . . . . . . . .
 1 . . . . . . . . .

koPOSITIONALscoreAREAtaxNONEsui1komi7.5
Time taken: 1.093
Root visits: 1129
New playouts: 705
NN rows: 484
NN batches: 44
NN avg batch size: 11
PV: C6 F7 G5 D6 G3 C7 B6 C2 B7 C8 B2 G6 H5 B3 C3 F2 G2 A2 D5 E6 B1 C1 D2 A1 D3
Tree:
: T  84.36c W  83.53c S   1.25c ( +1.8 L  +1.1) N    1129  --  C6 F7 G5 D6 G3 C7 B6
---White(^)---
C6  : T  86.91c W  85.59c S   1.32c ( +1.8 L  +1.2) LCB   85.18c P 50.05% WF 1108.7 PSV    1078 N     834  --  C6 F7 G5 D6 G3 C7 B6 C2
G6  : T  76.96c W  77.91c S   1.09c ( +1.8 L  +0.9) LCB   73.80c P 42.65% WF 315.0 PSV      93 N     242  --  G6 G4 F7 C6 D3 E2 B6 B5
F7  : T  78.48c W  77.27c S   1.11c ( +1.8 L  +0.8) LCB   72.27c P  3.81% WF  65.1 PSV       9 N      47  --  F7 C6 G6 G4 D3 E2 B6 B5
D6  : T  67.65c W  69.79c S   0.61c ( +1.5 L  +0.8) LCB   -9.44c P  0.90% WF   3.9 PSV       1 N       3  --  D6 E6 D7
G5  : T  46.94c W  48.61c S  -1.67c ( +0.4 L  +0.3) LCB -303.06c P  0.81% WF   1.0 PSV       0 N       1  --  G5
C7  : T  73.06c W  72.96c S   0.10c ( +1.3 L  +0.8) LCB -276.94c P  0.53% WF   1.4 PSV       0 N       1  --  C7

2024-06-09 13:08:29-0400: = C6
2024-06-09 13:08:30-0400: Controller: kata-list_time_settings
2024-06-09 13:08:30-0400: = none absolute byoyomi canadian fischer fischer-capped
2024-06-09 13:08:30-0400: Controller: play black g6
2024-06-09 13:08:30-0400: = 
2024-06-09 13:08:30-0400: Controller: genmove white
2024-06-09 13:08:31-0400: MoveNum: 5 HASH: A0259A8C19D8A123C55CDDE9DDFC72AF
   A B C D E F G H J
 9 . . . . . . . . .
 8 . . . . . . . . .
 7 . . . . @ . . . .
 6 . . O2. . . X3. .
 5 . . . . X . . . .
 4 . . O . . . . . .
 3 . . . . X1. . . .
 2 . . . . . . . . .
 1 . . . . . . . . .

koPOSITIONALscoreAREAtaxNONEsui1komi7.5
Time taken: 1.094
Root visits: 609
New playouts: 570
NN rows: 492
NN batches: 44
NN avg batch size: 11.1818
PV: E7 D6 C7 C3 D4 D3 G4 G5 E4 F4
Tree:
: T  88.26c W  86.60c S   1.68c ( +1.9 L  +1.1) N     609  --  E7 D6 C7 C3 D4 D3 G4
---White(^)---
E7  : T  90.34c W  88.43c S   1.86c ( +2.0 L  +1.2) LCB   87.59c P 50.23% WF 702.3 PSV     693 N     455  --  E7 D6 C7 C3 D4 D3 G4 G5
G5  : T  80.50c W  79.11c S   1.01c ( +1.7 L  +0.8) LCB   74.13c P 45.30% WF  93.5 PSV      78 N      81  --  G5 F6 F4 F2 G2 D5 F3 C5
H5  : T  73.84c W  75.04c S   0.57c ( +1.5 L  +0.6) LCB   53.10c P  0.93% WF  11.5 PSV       1 N       9  --  H5 D7 H6 G7 H7
D7  : T  67.21c W  71.31c S  -0.06c ( +1.2 L  +0.7) LCB  -10.94c P  1.47% WF   3.3 PSV       1 N       3  --  D7 F7 E2
D2  : T  69.50c W  72.32c S  -0.62c ( +0.9 L  +0.3) LCB   39.87c P  0.02% WF   2.2 PSV       0 N       6  --  D2 D6 C7
G7  : T  59.18c W  70.99c S   0.02c ( +1.2 L  +0.7) LCB    2.34c P  0.09% WF   1.7 PSV       0 N       4  --  G7 F7 H6 G8
D3  : T  57.71c W  72.28c S  -0.70c ( +0.9 L  +0.5) LCB  -33.75c P  0.14% WF   2.3 PSV       0 N       3  --  D3 D2 E7
F6  : T  69.17c W  73.53c S  -0.35c ( +1.0 L  +0.5) LCB  -84.97c P  0.10% WF   1.8 PSV       0 N       2  --  F6 F5
H6  : T  69.68c W  69.54c S   0.14c ( +1.3 L  +0.9) LCB -280.32c P  0.79% WF   1.3 PSV       0 N       1  --  H6
G3  : T  41.85c W  43.93c S  -2.09c ( +0.3 L  +0.2) LCB -308.15c P  0.51% WF   0.8 PSV       0 N       1  --  G3

2024-06-09 13:08:31-0400: = E7
2024-06-09 13:08:38-0400: Controller: kata-list_time_settings
2024-06-09 13:08:38-0400: = none absolute byoyomi canadian fischer fischer-capped
2024-06-09 13:08:38-0400: Controller: play black d6
2024-06-09 13:08:38-0400: = 
2024-06-09 13:08:38-0400: Controller: genmove white
2024-06-09 13:08:39-0400: MoveNum: 7 HASH: 95DF568123528EAD1BFDB6FC96749CB0
   A B C D E F G H J
 9 . . . . . . . . .
 8 . . . . . . . . .
 7 . . . @ O2. . . .
 6 . . O X3. . X1. .
 5 . . . . X . . . .
 4 . . O . . . . . .
 3 . . . . X . . . .
 2 . . . . . . . . .
 1 . . . . . . . . .

koPOSITIONALscoreAREAtaxNONEsui1komi7.5
Time taken: 1.093
Root visits: 946
New playouts: 536
NN rows: 480
NN batches: 45
NN avg batch size: 10.6667
PV: D7 C7 C5 F8 E6 F5 D5 F7 G3 F3 G2 H5
Tree:
: T  89.54c W  90.02c S   1.41c ( +2.0 L  +1.5) N     946  --  D7 C7 C5 F8 E6 F5 D5
---White(^)---
D7  : T  90.28c W  90.68c S   1.51c ( +2.0 L  +1.5) LCB   87.06c P 64.60% WF 1309.4 PSV    1301 N     855  --  D7 C7 C5 F8 E6 F5 D5 F7
C7  : T  79.27c W  80.82c S   0.17c ( +1.4 L  +0.8) LCB   71.45c P 34.83% WF  93.3 PSV      86 N      90  --  C7 C3 F6 F5 G7 H6 B3 B4

2024-06-09 13:08:39-0400: = D7
2024-06-09 13:08:48-0400: Controller: kata-list_time_settings
2024-06-09 13:08:48-0400: = none absolute byoyomi canadian fischer fischer-capped
2024-06-09 13:08:48-0400: Controller: play black f8
2024-06-09 13:08:48-0400: = 
2024-06-09 13:08:48-0400: Controller: genmove white
2024-06-09 13:08:49-0400: MoveNum: 9 HASH: 0F77B80E5B7DE68B76AA2D8BC1AABB70
   A B C D E F G H J
 9 . . . . . . . . .
 8 . . . . . X3. . .
 7 . . . O2O . . . .
 6 . . O X1@ . X . .
 5 . . . . X . . . .
 4 . . O . . . . . .
 3 . . . . X . . . .
 2 . . . . . . . . .
 1 . . . . . . . . .

koPOSITIONALscoreAREAtaxNONEsui1komi7.5
Time taken: 1.062
Root visits: 986
New playouts: 496
NN rows: 416
NN batches: 39
NN avg batch size: 10.6667
PV: E6 D5 C5 F5 D2 E2 E8 C7 C8 C3 B3 D3 B2 G8 C2
Tree:
: T  92.84c W  92.57c S   1.37c ( +1.7 L  +1.3) N     986  --  E6 D5 C5 F5 D2 E2 E8
---White(^)---
E6  : T  94.43c W  93.81c S   1.16c ( +1.6 L  +1.3) LCB   91.41c P 31.89% WF 1245.3 PSV    1229 N     685  --  E6 D5 C5 F5 D2 E2 E8 C7
D3  : T  90.62c W  91.62c S   1.59c ( +1.8 L  +1.3) LCB   84.62c P 12.47% WF 192.9 PSV      84 N     136  --  D3 D2 C2 D4 C3 C7 E6 D5
E2  : T  91.28c W  90.05c S   2.97c ( +2.5 L  +1.8) LCB   85.72c P  7.58% WF 131.0 PSV      60 N      89  --  E2 D3 D2 C3 G3 B5 E6 D5
F6  : T  76.46c W  80.86c S   1.54c ( +1.9 L  +1.0) LCB   57.57c P 19.78% WF  32.8 PSV      33 N      37  --  F6 F5 G7 F7 E6 D5 G8 C7
G3  : T  63.58c W  71.56c S   0.52c ( +1.4 L  +0.6) LCB   23.21c P 10.93% WF   9.5 PSV      10 N      11  --  G3 C7 B6 F2 D2 C3 D4 D3
G4  : T  69.59c W  73.65c S   0.99c ( +1.6 L  +0.7) LCB   41.01c P  6.62% WF   7.3 PSV       8 N       8  --  G4 C7 C8 B7 B6 F7 E2 D3
G5  : T  78.19c W  80.73c S   1.11c ( +1.7 L  +0.9) LCB   42.58c P  2.54% WF   6.1 PSV       4 N       5  --  G5 C7 C8 F6
D5  : T  74.95c W  79.33c S  -0.10c ( +1.1 L  +0.3) LCB   27.48c P  2.58% WF   4.4 PSV       3 N       4  --  D5 E6 F7 G7
D2  : T  82.06c W  86.49c S   0.08c ( +1.2 L  +0.9) LCB  -84.80c P  1.39% WF   3.0 PSV       3 N       2  --  D2 C7
F7  : T  80.01c W  80.35c S   0.30c ( +1.3 L  +0.5) LCB  -69.46c P  0.96% WF   2.6 PSV       1 N       2  --  F7 G7

2024-06-09 13:08:49-0400: = E6
2024-06-09 13:08:53-0400: Controller: kata-list_time_settings
2024-06-09 13:08:53-0400: = none absolute byoyomi canadian fischer fischer-capped
2024-06-09 13:08:53-0400: Controller: play black d5
2024-06-09 13:08:53-0400: = 
2024-06-09 13:08:53-0400: Controller: genmove white
2024-06-09 13:08:54-0400: MoveNum: 11 HASH: 701C66EC6A5CDD740AD5F469BE01821E
   A B C D E F G H J
 9 . . . . . . . . .
 8 . . . . . X1. . .
 7 . . . O O . . . .
 6 . . O X O2. X . .
 5 . . @ X3X . . . .
 4 . . O . . . . . .
 3 . . . . X . . . .
 2 . . . . . . . . .
 1 . . . . . . . . .

koPOSITIONALscoreAREAtaxNONEsui1komi7.5
Time taken: 1.11
Root visits: 7390
New playouts: 2442
NN rows: 469
NN batches: 44
NN avg batch size: 10.6591
PV: C5 F6 D3 E2 E8 C2 G8 H8 D2 D1 E4 F4 D4 F5 B2 B1 C3 C1 F7 G7 F3 F2 G3 G2 H3
Tree:
: T  91.65c W  90.77c S   1.71c ( +1.9 L  +1.4) N    7390  --  C5 F6 D3 E2 E8 C2 G8
---White(^)---
C5  : T  91.75c W  90.85c S   1.71c ( +1.9 L  +1.4) LCB   90.79c P 87.67% WF 10112.6 PSV   10107 N    7361  --  C5 F6 D3 E2 E8 C2 G8 H8
G7  : T  37.17c W  44.48c S  -1.31c ( +0.6 L  +0.1) LCB  -11.91c P  4.51% WF   7.5 PSV       9 N      15  --  G7 F5 C5 F7 F6 C7 G5 H6
F5  : T -56.40c W -33.41c S  -6.78c ( -1.6 L  -1.2) LCB -140.02c P  6.55% WF   3.2 PSV       5 N      11  --  F5 F6 E4 D4 D3 F4 C5 G5
F6  : T  17.61c W  20.06c S  -2.45c ( +0.1 L  +0.1) LCB -332.39c P  0.93% WF   0.4 PSV       1 N       1  --  F6
B7  : T -27.70c W -23.02c S  -4.69c ( -1.0 L  -1.1) LCB -377.70c P  0.18% WF   0.4 PSV       0 N       1  --  B7

2024-06-09 13:08:54-0400: = C5
2024-06-09 13:08:55-0400: Controller: kata-list_time_settings
2024-06-09 13:08:55-0400: = none absolute byoyomi canadian fischer fischer-capped
2024-06-09 13:08:55-0400: Controller: play black f6
2024-06-09 13:08:55-0400: = 
2024-06-09 13:08:55-0400: Controller: genmove white
2024-06-09 13:08:56-0400: MoveNum: 13 HASH: EB7380009EAD5DC3D0183DD5AED7037A
   A B C D E F G H J
 9 . . . . . . . . .
 8 . . . . . X . . .
 7 . . . O O . . . .
 6 . . O X O X3X . .
 5 . . O2X1X . . . .
 4 . . O . . . . . .
 3 . . . @ X . . . .
 2 . . . . . . . . .
 1 . . . . . . . . .

koPOSITIONALscoreAREAtaxNONEsui1komi7.5
Time taken: 1.094
Root visits: 9297
New playouts: 2601
NN rows: 477
NN batches: 46
NN avg batch size: 10.3696
PV: D3 E2 E8 C2 D2 D1 G8 H8 E4 F4 B2 B1 D4 F5 C3 C1 F3 F2 G3 G2 F7 G7 H3 B3 A2
Tree:
: T  92.47c W  90.86c S   2.17c ( +2.4 L  +1.9) N    9297  --  D3 E2 E8 C2 D2 D1 G8
---White(^)---
D3  : T  92.49c W  90.87c S   2.17c ( +2.4 L  +1.9) LCB   91.69c P 98.81% WF 12365.4 PSV   12365 N    9285  --  D3 E2 E8 C2 D2 D1 G8 H8
E2  : T  73.86c W  81.25c S   2.09c ( +2.5 L  +1.4) LCB   34.26c P  0.38% WF   5.1 PSV       2 N       5  --  E2 D3 D2 C3 G3
F7  : T  74.73c W  79.66c S  -1.45c ( +0.9 L  +0.2) LCB   -8.65c P  0.25% WF   3.0 PSV       1 N       3  --  F7 G7 G8
D2  : T  54.44c W  56.51c S  -2.06c ( +0.7 L  +0.6) LCB -295.56c P  0.13% WF   0.6 PSV       0 N       1  --  D2
G3  : T  69.68c W  70.02c S  -0.34c ( +1.3 L  +0.5) LCB -280.32c P  0.12% WF   0.9 PSV       0 N       1  --  G3
E8  : T -12.83c W  -8.49c S  -4.34c ( -0.5 L  -0.7) LCB -362.83c P  0.11% WF   0.4 PSV       0 N       1  --  E8

2024-06-09 13:08:56-0400: = D3
2024-06-09 13:08:57-0400: Controller: kata-list_time_settings
2024-06-09 13:08:57-0400: = none absolute byoyomi canadian fischer fischer-capped
2024-06-09 13:08:57-0400: Controller: play black e2
2024-06-09 13:08:57-0400: = 
2024-06-09 13:08:57-0400: Controller: genmove white
2024-06-09 13:08:58-0400: MoveNum: 15 HASH: 1D73DDF171A491B473F28AC85A8E105F
   A B C D E F G H J
 9 . . . . . . . . .
 8 . . . . @ X . . .
 7 . . . O O . . . .
 6 . . O X O X1X . .
 5 . . O X X . . . .
 4 . . O . . . . . .
 3 . . . O2X . . . .
 2 . . . . X3. . . .
 1 . . . . . . . . .

koPOSITIONALscoreAREAtaxNONEsui1komi7.5
Time taken: 1.078
Root visits: 12637
New playouts: 2127
NN rows: 458
NN batches: 44
NN avg batch size: 10.4091
PV: E8 C2 D2 D1 G8 H8 E4 F4 D4 F5 F3 F2 G3 G2 F7 G7 F9 B3 H3 H4 E1 F1 H2 H1 B4
Tree:
: T  92.54c W  90.85c S   1.98c ( +2.7 L  +2.3) N   12637  --  E8 C2 D2 D1 G8 H8 E4
---White(^)---
E8  : T  92.80c W  91.22c S   1.74c ( +2.6 L  +2.2) LCB   91.95c P 18.69% WF 10029.8 PSV    9998 N    7423  --  E8 C2 D2 D1 G8 H8 E4 F4
E4  : T  93.02c W  90.79c S   2.57c ( +3.0 L  +2.6) LCB   91.80c P 39.27% WF 6226.6 PSV    6185 N    4614  --  E4 F4 D4 F5 F3 F2 E8 C2
D2  : T  81.43c W  84.69c S  -1.36c ( +1.3 L  +0.8) LCB   75.48c P 34.87% WF 419.9 PSV     485 N     444  --  D2 C7 C8 B7 B8 F7 E9 D1
F7  : T  87.79c W  87.50c S   1.08c ( +2.3 L  +1.7) LCB   79.50c P  6.37% WF 182.7 PSV     192 N     153  --  F7 G7 E8 C2 E4 F4 D4 F5
D1  : T -15.49c W  -9.89c S  -5.60c ( -0.4 L  -0.3) LCB -365.49c P  0.54% WF   0.3 PSV       0 N       1  --  D1
F5  : T -65.90c W -59.61c S  -6.29c ( -1.0 L  -1.4) LCB -416.43c P  0.09% WF   0.3 PSV       0 N       1  --  F5

2024-06-09 13:08:58-0400: = E8
2024-06-09 13:08:59-0400: Controller: kata-list_time_settings
2024-06-09 13:08:59-0400: = none absolute byoyomi canadian fischer fischer-capped
2024-06-09 13:08:59-0400: Controller: play black c2
2024-06-09 13:08:59-0400: = 
2024-06-09 13:08:59-0400: Controller: genmove white
2024-06-09 13:09:00-0400: MoveNum: 17 HASH: FD5B23A5DA4DA505629CFABBB010B767
   A B C D E F G H J
 9 . . . . . . . . .
 8 . . . . O2X . . .
 7 . . . O O . . . .
 6 . . O X O X X . .
 5 . . O X X . . . .
 4 . . O . . . . . .
 3 . . . O X . . . .
 2 . . X3@ X1. . . .
 1 . . . . . . . . .

koPOSITIONALscoreAREAtaxNONEsui1komi7.5
Time taken: 1.078
Root visits: 13135
New playouts: 3509
NN rows: 431
NN batches: 40
NN avg batch size: 10.775
PV: D2 D1 E4 F4 D4 F5 G8 H8 F3 F2 G3 G2 H3 H2 F7 G7 F9 B3 H9 H5 B4 J8 C3 B2
Tree:
: T  93.57c W  91.96c S   1.78c ( +2.5 L  +2.2) N   13135  --  D2 D1 E4 F4 D4 F5 G8
---White(^)---
D2  : T  93.64c W  92.14c S   1.66c ( +2.4 L  +2.1) LCB   92.56c P 40.49% WF 8115.0 PSV    8109 N    5559  --  D2 D1 E4 F4 D4 F5 G8 H8
E4  : T  93.89c W  92.06c S   2.00c ( +2.6 L  +2.3) LCB   92.55c P 32.76% WF 6295.7 PSV    6261 N    4247  --  E4 F4 D4 F5 D2 D1 G8 H8
G8  : T  93.18c W  91.64c S   1.71c ( +2.4 L  +2.1) LCB   91.82c P 22.02% WF 4344.4 PSV    2943 N    3167  --  G8 H8 E4 F4 D2 D1 D4 F5
F7  : T  90.76c W  89.39c S   1.46c ( +2.3 L  +2.0) LCB   85.24c P  4.02% WF 206.8 PSV     195 N     156  --  F7 G7 D2 D1 E4 F4 D4 F5
F5  : T  29.80c W  32.62c S  -2.81c ( +0.3 L  -0.1) LCB -320.20c P  0.18% WF   0.5 PSV       0 N       1  --  F5
G2  : T -19.55c W -14.78c S  -4.77c ( -0.5 L  -0.7) LCB -369.55c P  0.13% WF   0.4 PSV       0 N       1  --  G2
G3  : T   2.00c W   5.51c S  -3.51c ( -0.1 L  -0.4) LCB -348.00c P  0.12% WF   0.5 PSV       0 N       1  --  G3
H5  : T   7.17c W  10.99c S  -3.82c ( -0.1 L  -0.4) LCB -342.83c P  0.12% WF   0.6 PSV       0 N       1  --  H5
F9  : T -42.03c W -34.77c S  -7.26c ( -1.5 L  -1.4) LCB -392.03c P  0.07% WF   0.4 PSV       0 N       1  --  F9

2024-06-09 13:09:00-0400: = D2
2024-06-09 13:09:01-0400: Controller: kata-list_time_settings
2024-06-09 13:09:01-0400: = none absolute byoyomi canadian fischer fischer-capped
2024-06-09 13:09:01-0400: Controller: play black d1
2024-06-09 13:09:01-0400: = 
2024-06-09 13:09:01-0400: Controller: genmove white
2024-06-09 13:09:02-0400: MoveNum: 19 HASH: 2AAC17086ED8B69869BBA1E95E7F9E0A
   A B C D E F G H J
 9 . . . . . . . . .
 8 . . . . O X . . .
 7 . . . O O . . . .
 6 . . O X O X X . .
 5 . . O X X . . . .
 4 . . O . @ . . . .
 3 . . . O X . . . .
 2 . . X1O2X . . . .
 1 . . . X3. . . . .

koPOSITIONALscoreAREAtaxNONEsui1komi7.5
Time taken: 1.11
Root visits: 10167
New playouts: 2427
NN rows: 469
NN batches: 43
NN avg batch size: 10.907
PV: E4 F4 D4 F5 F3 F2 G8 H8 G3 G2 H3 H2 F7 G7 F9 B3 H9 H5 B4 J8 A3 A2 A4 C3 G9
Tree:
: T  93.48c W  92.57c S   1.68c ( +2.3 L  +2.1) N   10167  --  E4 F4 D4 F5 F3 F2 G8
---White(^)---
E4  : T  93.75c W  92.97c S   1.70c ( +2.3 L  +2.2) LCB   92.43c P 37.83% WF 8138.0 PSV    8100 N    4933  --  E4 F4 D4 F5 F3 F2 G8 H8
G8  : T  93.65c W  92.57c S   1.71c ( +2.3 L  +2.1) LCB   91.99c P 21.05% WF 5032.5 PSV    3998 N    3250  --  G8 H8 E4 F4 D4 F5 F3 F2
B2  : T  92.51c W  91.39c S   1.63c ( +2.3 L  +1.9) LCB   90.65c P 35.47% WF 2401.2 PSV    2443 N    1778  --  B2 B1 E4 F4 C3 C1 D4 F5
F7  : T  91.51c W  91.68c S   0.63c ( +1.8 L  +1.6) LCB   86.06c P  5.30% WF 321.7 PSV     300 N     203  --  F7 G7 E4 F4 D4 F5 F3 F2
F5  : T  34.90c W  36.92c S  -2.02c ( +0.6 L  +0.1) LCB -315.10c P  0.11% WF   0.5 PSV       0 N       1  --  F5
G3  : T -44.86c W -39.46c S  -5.40c ( -1.0 L  -0.9) LCB -394.86c P  0.08% WF   0.4 PSV       0 N       1  --  G3

2024-06-09 13:09:02-0400: = E4
2024-06-09 13:09:03-0400: Controller: kata-list_time_settings
2024-06-09 13:09:03-0400: = none absolute byoyomi canadian fischer fischer-capped
2024-06-09 13:09:03-0400: Controller: play black f4
2024-06-09 13:09:03-0400: = 
2024-06-09 13:09:03-0400: Controller: genmove white
2024-06-09 13:09:04-0400: MoveNum: 21 HASH: D3238B38C049F4EC42F47696E83EED70
   A B C D E F G H J
 9 . . . . . . . . .
 8 . . . . O X . . .
 7 . . . O O . . . .
 6 . . O X O X X . .
 5 . . O X X . . . .
 4 . . O @ O2X3. . .
 3 . . . O X . . . .
 2 . . X O X . . . .
 1 . . . X1. . . . .

koPOSITIONALscoreAREAtaxNONEsui1komi7.5
Time taken: 1.109
Root visits: 10148
New playouts: 2975
NN rows: 462
NN batches: 43
NN avg batch size: 10.7442
PV: D4 F5 F3 F2 G3 G2 F7 G7 H3 H2 G8 H8 F9 B3 H9 H5 B4 H7 A3 A2 A4 C3 G9 J8 J9
Tree:
: T  94.76c W  94.26c S   1.55c ( +2.1 L  +2.1) N   10148  --  D4 F5 F3 F2 G3 G2 F7
---White(^)---
D4  : T  94.82c W  94.25c S   1.60c ( +2.2 L  +2.1) LCB   93.73c P 82.12% WF 16955.8 PSV   16949 N    8740  --  D4 F5 F3 F2 G3 G2 F7 G7
F7  : T  95.05c W  94.94c S   1.30c ( +2.0 L  +2.0) LCB   92.10c P  3.95% WF 2946.4 PSV    1075 N    1341  --  F7 G7 D4 F5 F3 F2 G3 G2
B2  : T  50.53c W  54.45c S  -0.31c ( +1.4 L  +1.0) LCB   14.29c P 11.58% WF  35.6 PSV      51 N      57  --  B2 D4 C3 C7 F7 G8 G7 H7
G8  : T  27.81c W  40.63c S  -2.34c ( +0.5 L  -0.1) LCB -105.71c P  2.23% WF   4.8 PSV       6 N       8  --  G8 D4 F7 H8 G7
F5  : T -43.70c W -38.84c S  -4.86c ( -0.5 L  -0.6) LCB -393.90c P  0.07% WF   0.3 PSV       0 N       1  --  F5

2024-06-09 13:09:04-0400: = D4
2024-06-09 13:09:05-0400: Controller: kata-list_time_settings
2024-06-09 13:09:05-0400: = none absolute byoyomi canadian fischer fischer-capped
2024-06-09 13:09:05-0400: Controller: play black f5
2024-06-09 13:09:05-0400: = 
2024-06-09 13:09:05-0400: Controller: genmove white
2024-06-09 13:09:06-0400: MoveNum: 23 HASH: DA2C75E3E99C40EC82A8A9D73E885DCF
   A B C D E F G H J
 9 . . . . . . . . .
 8 . . . . O X . . .
 7 . . . O O . . . .
 6 . . O X O X X . .
 5 . . O X X X3. . .
 4 . . O O2O X1. . .
 3 . . . O X @ . . .
 2 . . X O X . . . .
 1 . . . X . . . . .

koPOSITIONALscoreAREAtaxNONEsui1komi7.5
Time taken: 1.109
Root visits: 13305
New playouts: 2532
NN rows: 498
NN batches: 46
NN avg batch size: 10.8261
PV: F3 F2 G3 G2 H3 H2 G8 H8 F7 G7 F9 B3 H9 H4 B4 H7 A3 A2 A4 C3 G9 J8
Tree:
: T  95.63c W  95.44c S   1.22c ( +1.9 L  +1.9) N   13305  --  F3 F2 G3 G2 H3 H2 G8
---White(^)---
F3  : T  95.94c W  95.95c S   1.08c ( +1.8 L  +1.8) LCB   94.99c P 46.20% WF 18809.6 PSV   18702 N    7777  --  F3 F2 G3 G2 H3 H2 G8 H8
F7  : T  96.00c W  96.30c S   0.71c ( +1.7 L  +1.7) LCB   94.33c P 12.57% WF 6897.0 PSV    5665 N    2690  --  F7 G7 F3 F2 G3 G2 H3 H2
G8  : T  94.83c W  93.23c S   2.36c ( +2.4 L  +2.2) LCB   93.24c P 16.69% WF 2330.7 PSV    2319 N    1421  --  G8 H8 F3 F2 G3 G2 H3 H2
B2  : T  91.44c W  88.50c S   3.17c ( +2.8 L  +2.4) LCB   88.79c P 24.22% WF 1502.6 PSV    1123 N    1414  --  B2 B1 G8 H8 C3 C1 F3 F2
F9  : T  25.36c W  27.94c S  -2.58c ( +0.2 L  -0.3) LCB -324.64c P  0.19% WF   0.5 PSV       0 N       1  --  F9
B3  : T -20.97c W -16.62c S  -4.35c ( -0.4 L  -0.8) LCB -370.97c P  0.07% WF   0.3 PSV       0 N       1  --  B3

2024-06-09 13:09:06-0400: = F3
2024-06-09 13:09:07-0400: Controller: kata-list_time_settings
2024-06-09 13:09:07-0400: = none absolute byoyomi canadian fischer fischer-capped
2024-06-09 13:09:07-0400: Controller: play black f2
2024-06-09 13:09:07-0400: = 
2024-06-09 13:09:07-0400: Controller: genmove white
2024-06-09 13:09:08-0400: MoveNum: 25 HASH: 0050B5C8C0CAAA2DAF8B8C0FEA57FBB4
   A B C D E F G H J
 9 . . . . . . . . .
 8 . . . . O X . . .
 7 . . . O O . . . .
 6 . . O X O X X . .
 5 . . O X X X1. . .
 4 . . O O O X . . .
 3 . . . O X O2@ . .
 2 . . X O X X3. . .
 1 . . . X . . . . .

koPOSITIONALscoreAREAtaxNONEsui1komi7.5
Time taken: 1.125
Root visits: 11005
New playouts: 1415
NN rows: 512
NN batches: 47
NN avg batch size: 10.8936
PV: G3 G2 F7 G7 H3 H2 G8 H8 F9 B3 H9 H4 B4 H7 A3 A2 A4 C3 G9 J8 J9 J3
Tree:
: T  96.69c W  96.35c S   1.28c ( +1.7 L  +1.8) N   11005  --  G3 G2 F7 G7 H3 H2 G8
---White(^)---
G3  : T  96.93c W  96.68c S   1.20c ( +1.7 L  +1.8) LCB   95.92c P 50.24% WF 17206.5 PSV   17141 N    6325  --  G3 G2 F7 G7 H3 H2 G8 H8
G8  : T  96.38c W  95.50c S   1.83c ( +2.0 L  +1.9) LCB   94.95c P 17.13% WF 3860.6 PSV    3154 N    1764  --  G8 H8 G3 G2 H3 H2 F7 G7
F7  : T  96.90c W  96.98c S   0.90c ( +1.6 L  +1.7) LCB   95.34c P  8.92% WF 6327.9 PSV    2921 N    2192  --  F7 G7 G3 G2 H3 H2 G8 H8
B2  : T  91.95c W  88.08c S   3.64c ( +2.9 L  +2.5) LCB   87.88c P 12.54% WF 473.3 PSV     483 N     445  --  B2 B1 G8 H8 C3 C1 G3 G2
E1  : T  90.34c W  87.64c S   2.49c ( +2.3 L  +1.9) LCB   84.75c P  9.75% WF 269.5 PSV     289 N     270  --  E1 F1 G8 H8 G3 G2 B2 B1
F9  : T  45.86c W  44.66c S  -0.88c ( +0.8 L  -0.2) LCB  -28.90c P  1.31% WF   3.9 PSV       5 N       7  --  F9 B3 G3 G2 H3
B3  : T -46.28c W -41.09c S  -5.19c ( -0.9 L  -1.0) LCB -396.28c P  0.07% WF   0.3 PSV       0 N       1  --  B3

2024-06-09 13:09:08-0400: = G3
2024-06-09 13:09:09-0400: Controller: kata-list_time_settings
2024-06-09 13:09:09-0400: = none absolute byoyomi canadian fischer fischer-capped
2024-06-09 13:09:09-0400: Controller: play black g2
2024-06-09 13:09:09-0400: = 
2024-06-09 13:09:09-0400: Controller: genmove white
2024-06-09 13:09:10-0400: MoveNum: 27 HASH: 4B2466F6B82BB849EBD748706B9BBC5C
   A B C D E F G H J
 9 . . . . . . . . .
 8 . . . . O X . . .
 7 . . . O O @ . . .
 6 . . O X O X X . .
 5 . . O X X X . . .
 4 . . O O O X . . .
 3 . . . O X O O2. .
 2 . . X O X X1X3. .
 1 . . . X . . . . .

koPOSITIONALscoreAREAtaxNONEsui1komi7.5
Time taken: 1.063
Root visits: 9671
New playouts: 2653
NN rows: 487
NN batches: 44
NN avg batch size: 11.0682
PV: H3 H2 G8 H8 F7 G7 F9 B3 H9 H4 B4 H7 A3 A2 A4 C3 G9 J8 J9 J3
Tree:
: T  97.10c W  96.90c S   1.25c ( +1.7 L  +1.7) N    9671  --  H3 H2 G8 H8 F7 G7 F9
---White(^)---
H3  : T  97.60c W  97.54c S   1.06c ( +1.6 L  +1.7) LCB   96.30c P  4.85% WF 9063.9 PSV   12493 N    2838  --  H3 H2 G8 H8 F7 G7 F9 B3
F7  : T  97.46c W  97.64c S   0.87c ( +1.5 L  +1.6) LCB   96.22c P 12.38% WF 11474.9 PSV   11407 N    3514  --  F7 G7 H3 H2 G8 H8 F9 B3
G8  : T  97.22c W  96.52c S   1.66c ( +1.9 L  +1.9) LCB   95.98c P 18.02% WF 5922.9 PSV    5925 N    2301  --  G8 H8 H3 H2 F7 G7 F9 B3
G4  : T  63.63c W  62.50c S   5.10c ( +4.7 L  +3.7) LCB   53.16c P 57.83% WF 222.0 PSV     345 N     535  --  G4 B3 G8 H8 E1 F1 H2 H1
B2  : T  94.51c W  89.15c S   5.23c ( +3.7 L  +3.5) LCB   88.67c P  3.38% WF 442.0 PSV     222 N     393  --  B2 B1 G8 H8 H3 H2 C3 G7
E1  : T  90.48c W  87.76c S   2.49c ( +2.3 L  +1.8) LCB   81.77c P  2.47% WF  84.3 PSV      71 N      81  --  E1 F1 G8 H8 B2 B1 C3 F7
F9  : T  39.09c W  40.62c S  -1.19c ( +0.6 L  -0.2) LCB  -62.50c P  0.41% WF   3.2 PSV       1 N       6  --  F9 B3 H3
H4  : T  27.51c W  29.60c S  -2.11c ( +0.2 L  -0.3) LCB -124.06c P  0.57% WF   0.7 PSV       1 N       2  --  H4 H2

2024-06-09 13:09:10-0400: = F7
2024-06-09 13:09:14-0400: Controller: quit
2024-06-09 13:09:14-0400: Quit requested by controller
2024-06-09 13:09:14-0400: = 
2024-06-09 13:09:14-0400: GPU -1 finishing, processed 21103 rows 1875 batches
2024-06-09 13:09:14-0400: All cleaned up, quitting
