2024-05-31 22:11:07-0400: Running with following config:
allowResignation = true
lagBuffer = 1.0
logAllGTPCommunication = true
logDir = gtp_logs
logSearchInfo = true
logSearchInfoForChosenMove = false
logToStderr = false
maxTime = 0.5
maxTimePondering = 120.0
numSearchThreads = 16
ogsChatToStderr = true
ponderingEnabled = true
resignConsecTurns = 3
resignThreshold = -0.90
rules = tromp-taylor
searchFactorAfterOnePass = 0.50
searchFactorAfterTwoPass = 0.25
searchFactorWhenWinning = 0.40
searchFactorWhenWinningThreshold = 0.95

2024-05-31 22:11:07-0400: GTP Engine starting...
2024-05-31 22:11:07-0400: KataGo v1.14.1
2024-05-31 22:11:07-0400: Using TrompTaylor rules initially, unless GTP/GUI overrides this
2024-05-31 22:11:07-0400: Using 16 CPU thread(s) for search
2024-05-31 22:11:07-0400: nnRandSeed0 = 17821074194931517318
2024-05-31 22:11:07-0400: After dedups: nnModelFile0 = C:/Users/chang/Downloads/kata1-b60c320-s9482697216-d3873382264.bin.gz useFP16 auto useNHWC auto
2024-05-31 22:11:07-0400: Initializing neural net buffer to be size 19 * 19 exactly
2024-05-31 22:11:16-0400: Found OpenCL Platform 0: NVIDIA CUDA (NVIDIA Corporation) (OpenCL 3.0 CUDA 12.4.89)
2024-05-31 22:11:16-0400: Found 1 device(s) on platform 0 with type CPU or GPU or Accelerator
2024-05-31 22:11:16-0400: Found OpenCL Platform 1: Intel(R) OpenCL Graphics (Intel(R) Corporation) (OpenCL 3.0 )
2024-05-31 22:11:16-0400: Found 1 device(s) on platform 1 with type CPU or GPU or Accelerator
2024-05-31 22:11:16-0400: Found OpenCL Device 0: NVIDIA GeForce RTX 4060 Laptop GPU (NVIDIA Corporation) (score 11000300)
2024-05-31 22:11:16-0400: Found OpenCL Device 1: Intel(R) UHD Graphics (Intel(R) Corporation) (score 6000300)
2024-05-31 22:11:16-0400: Creating context for OpenCL Platform: NVIDIA CUDA (NVIDIA Corporation) (OpenCL 3.0 CUDA 12.4.89)
2024-05-31 22:11:17-0400: Using OpenCL Device 0: NVIDIA GeForce RTX 4060 Laptop GPU (NVIDIA Corporation) OpenCL 3.0 CUDA (Extensions: cl_khr_global_int32_base_atomics cl_khr_global_int32_extended_atomics cl_khr_local_int32_base_atomics cl_khr_local_int32_extended_atomics cl_khr_fp64 cl_khr_3d_image_writes cl_khr_byte_addressable_store cl_khr_icd cl_khr_gl_sharing cl_nv_compiler_options cl_nv_device_attribute_query cl_nv_pragma_unroll cl_nv_d3d10_sharing cl_khr_d3d10_sharing cl_nv_d3d11_sharing cl_nv_copy_opts cl_nv_create_buffer cl_khr_int64_base_atomics cl_khr_int64_extended_atomics cl_khr_device_uuid cl_khr_pci_bus_info cl_khr_external_semaphore cl_khr_external_memory cl_khr_external_semaphore_win32 cl_khr_external_memory_win32)
2024-05-31 22:11:17-0400: Loaded tuning parameters from: C:\Users\chang\Downloads\katago-v1.14.1-opencl-windows-x64/KataGoData/opencltuning/tune11_gpuNVIDIAGeForceRTX4060LaptopGPU_x19_y19_c320_mv10.txt
2024-05-31 22:11:18-0400: OpenCL backend thread 0: Model version 10
2024-05-31 22:11:18-0400: OpenCL backend thread 0: Model name: kata1-b60c320-s9482697216-d3873382264
2024-05-31 22:11:29-0400: OpenCL backend thread 0: FP16Storage true FP16Compute false FP16TensorCores true FP16TensorCoresFor1x1 false
2024-05-31 22:11:29-0400: Loaded neural net with nnXLen 19 nnYLen 19
2024-05-31 22:11:29-0400: Initializing board with boardXSize 19 boardYSize 19
2024-05-31 22:11:29-0400: Loaded config C:/Users/chang/Downloads/katago-v1.14.1-opencl-windows-x64/doudoubot.cfg
2024-05-31 22:11:29-0400: Loaded model C:/Users/chang/Downloads/kata1-b60c320-s9482697216-d3873382264.bin.gz
2024-05-31 22:11:29-0400: Model name: kata1-b60c320-s9482697216-d3873382264
2024-05-31 22:11:29-0400: GTP ready, beginning main protocol loop
2024-05-31 22:11:29-0400: Controller: list_commands
2024-05-31 22:11:29-0400: = protocol_version
name
version
known_command
list_commands
quit
boardsize
rectangular_boardsize
clear_board
set_position
komi
get_komi
play
undo
kata-get-rules
kata-set-rule
kata-set-rules
kata-get-param
kata-set-param
kata-list-params
kgs-rules
genmove
genmove_debug
search_debug
clear_cache
showboard
fixed_handicap
place_free_handicap
set_free_handicap
time_settings
kgs-time_settings
time_left
kata-list_time_settings
kata-time_settings
final_score
final_status_list
loadsgf
printsgf
lz-genmove_analyze
kata-genmove_analyze
lz-analyze
kata-analyze
kata-raw-nn
cputime
gomill-cpu_time
kata-benchmark
kata-debug-print-tc
debug_moves
stop
2024-05-31 22:11:29-0400: Controller: boardsize 13
2024-05-31 22:11:29-0400: GPU -1 finishing, processed 0 rows 0 batches
2024-05-31 22:11:29-0400: Cleaned up old neural net and bot
2024-05-31 22:11:29-0400: nnRandSeed0 = 16263175405712926032
2024-05-31 22:11:29-0400: After dedups: nnModelFile0 = C:/Users/chang/Downloads/kata1-b60c320-s9482697216-d3873382264.bin.gz useFP16 auto useNHWC auto
2024-05-31 22:11:29-0400: Initializing neural net buffer to be size 13 * 13 exactly
2024-05-31 22:11:41-0400: Found OpenCL Platform 0: NVIDIA CUDA (NVIDIA Corporation) (OpenCL 3.0 CUDA 12.4.89)
2024-05-31 22:11:41-0400: Found 1 device(s) on platform 0 with type CPU or GPU or Accelerator
2024-05-31 22:11:41-0400: Found OpenCL Platform 1: Intel(R) OpenCL Graphics (Intel(R) Corporation) (OpenCL 3.0 )
2024-05-31 22:11:41-0400: Found 1 device(s) on platform 1 with type CPU or GPU or Accelerator
2024-05-31 22:11:41-0400: Found OpenCL Device 0: NVIDIA GeForce RTX 4060 Laptop GPU (NVIDIA Corporation) (score 11000300)
2024-05-31 22:11:41-0400: Found OpenCL Device 1: Intel(R) UHD Graphics (Intel(R) Corporation) (score 6000300)
2024-05-31 22:11:41-0400: Creating context for OpenCL Platform: NVIDIA CUDA (NVIDIA Corporation) (OpenCL 3.0 CUDA 12.4.89)
2024-05-31 22:11:41-0400: Using OpenCL Device 0: NVIDIA GeForce RTX 4060 Laptop GPU (NVIDIA Corporation) OpenCL 3.0 CUDA (Extensions: cl_khr_global_int32_base_atomics cl_khr_global_int32_extended_atomics cl_khr_local_int32_base_atomics cl_khr_local_int32_extended_atomics cl_khr_fp64 cl_khr_3d_image_writes cl_khr_byte_addressable_store cl_khr_icd cl_khr_gl_sharing cl_nv_compiler_options cl_nv_device_attribute_query cl_nv_pragma_unroll cl_nv_d3d10_sharing cl_khr_d3d10_sharing cl_nv_d3d11_sharing cl_nv_copy_opts cl_nv_create_buffer cl_khr_int64_base_atomics cl_khr_int64_extended_atomics cl_khr_device_uuid cl_khr_pci_bus_info cl_khr_external_semaphore cl_khr_external_memory cl_khr_external_semaphore_win32 cl_khr_external_memory_win32)
2024-05-31 22:11:41-0400: Loaded tuning parameters from: C:\Users\chang\Downloads\katago-v1.14.1-opencl-windows-x64/KataGoData/opencltuning/tune11_gpuNVIDIAGeForceRTX4060LaptopGPU_x19_y19_c320_mv10.txt
2024-05-31 22:11:42-0400: OpenCL backend thread 0: Model version 10
2024-05-31 22:11:42-0400: OpenCL backend thread 0: Model name: kata1-b60c320-s9482697216-d3873382264
2024-05-31 22:11:54-0400: OpenCL backend thread 0: FP16Storage true FP16Compute false FP16TensorCores true FP16TensorCoresFor1x1 false
2024-05-31 22:11:54-0400: Loaded neural net with nnXLen 13 nnYLen 13
2024-05-31 22:11:54-0400: Initializing board with boardXSize 13 boardYSize 13
2024-05-31 22:11:54-0400: = 
2024-05-31 22:11:54-0400: Controller: clear_board
2024-05-31 22:11:54-0400: = 
2024-05-31 22:11:54-0400: Controller: komi 7.5
2024-05-31 22:11:54-0400: = 
2024-05-31 22:11:54-0400: Controller: play black k10
2024-05-31 22:11:54-0400: = 
2024-05-31 22:11:54-0400: Controller: genmove white
2024-05-31 22:11:55-0400: MoveNum: 1 HASH: 48C82C867219252AAC25E04A62D884C1
   A B C D E F G H J K L M N
13 . . . . . . . . . . . . .
12 . . . . . . . . . . . . .
11 . . . . . . . . . . . . .
10 . . . . . . . . . X1. . .
 9 . . . . . . . . . . . . .
 8 . . . . . . . . . . . . .
 7 . . . . . . . . . . . . .
 6 . . . . . . . . . . . . .
 5 . . . . . . . . . . . . .
 4 . . . @ . . . . . . . . .
 3 . . . . . . . . . . . . .
 2 . . . . . . . . . . . . .
 1 . . . . . . . . . . . . .

koPOSITIONALscoreAREAtaxNONEsui1komi7.5
Time taken: 1.109
Root visits: 290
New playouts: 290
NN rows: 277
NN batches: 28
NN avg batch size: 9.89286
PV: D4 L4 D11 H4 H10 C4 C5
Tree:
: T  47.26c W  46.19c S   1.00c ( +1.5 L  +0.9) N     290  --  D4 L4 D11 H4 H10 C4 C5
---White(^)---
D4  : T  49.80c W  48.43c S   1.19c ( +1.6 L  +1.0) LCB   48.41c P 70.08% WF 244.3 PSV     241 N     121  --  D4 L4 D11 H4 H10 C4 C5
C10 : T  45.66c W  44.87c S   0.92c ( +1.5 L  +0.9) LCB   43.14c P  7.36% WF  66.9 PSV      10 N      38  --  C10 L4 D4 D10 D11 E11 D9 E10
D10 : T  48.35c W  47.18c S   1.00c ( +1.5 L  +0.9) LCB   46.48c P  2.63% WF  62.9 PSV       5 N      31  --  D10 D4 K4 C11 D11
D11 : T  45.96c W  45.12c S   0.89c ( +1.5 L  +0.8) LCB   42.44c P  4.06% WF  47.9 PSV       5 N      29  --  D11 L4 D3 D4 C3 D9 K4
C4  : T  41.59c W  40.74c S   0.63c ( +1.3 L  +0.7) LCB   34.92c P  0.43% WF  17.8 PSV       0 N      14  --  C4 L4 K4 K3 J3
L11 : T  34.12c W  34.99c S  -0.03c ( +0.8 L  +0.4) LCB   19.57c P  0.27% WF   7.4 PSV       0 N       9  --  L11 L10 K11 J10
C3  : T  32.94c W  33.62c S   0.14c ( +0.9 L  +0.5) LCB  -41.12c P  0.22% WF   3.4 PSV       0 N       3  --  C3 D11
C11 : T  30.64c W  32.53c S   0.12c ( +0.9 L  +0.5) LCB -118.57c P  0.37% WF   3.5 PSV       0 N       2  --  C11 L4
E11 : T  11.32c W  12.63c S  -1.30c ( -0.0 L  -0.2) LCB -338.68c P  0.03% WF   0.4 PSV       0 N       1  --  E11
D5  : T  25.98c W  26.47c S  -0.49c ( +0.5 L  +0.1) LCB -324.02c P  0.02% WF   0.6 PSV       0 N       1  --  D5

2024-05-31 22:11:55-0400: = D4
2024-05-31 22:12:03-0400: Controller: kata-list_time_settings
2024-05-31 22:12:03-0400: = none absolute byoyomi canadian fischer fischer-capped
2024-05-31 22:12:03-0400: Controller: play black l4
2024-05-31 22:12:03-0400: = 
2024-05-31 22:12:03-0400: Controller: genmove white
2024-05-31 22:12:03-0400: MoveNum: 3 HASH: 3B3B86AF9BA3CE2F6382D2621479806C
   A B C D E F G H J K L M N
13 . . . . . . . . . . . . .
12 . . . . . . . . . . . . .
11 . . . @ . . . . . . . . .
10 . . . . . . . . . X1. . .
 9 . . . . . . . . . . . . .
 8 . . . . . . . . . . . . .
 7 . . . . . . . . . . . . .
 6 . . . . . . . . . . . . .
 5 . . . . . . . . . . . . .
 4 . . . O2. . . . . . X3. .
 3 . . . . . . . . . . . . .
 2 . . . . . . . . . . . . .
 1 . . . . . . . . . . . . .

koPOSITIONALscoreAREAtaxNONEsui1komi7.5
Time taken: 0.547
Root visits: 4898
New playouts: 304
NN rows: 290
NN batches: 32
NN avg batch size: 9.0625
PV: D11 H3 C9 C8 D9 B4 C6 D3 H4 J4 G3 H5 G4 J3 E3 C3 J5 K5
Tree:
: T  48.44c W  47.79c S   0.75c ( +1.6 L  +1.0) N    4898  --  D11 H3 C9 C8 D9 B4 C6
---White(^)---
D11 : T  48.55c W  47.92c S   0.75c ( +1.6 L  +1.0) LCB   47.89c P 79.30% WF 7429.3 PSV    7422 N    4470  --  D11 H3 C9 C8 D9 B4 C6 D3
C10 : T  48.05c W  47.14c S   0.76c ( +1.6 L  +0.9) LCB   46.56c P  6.96% WF 593.9 PSV     390 N     327  --  C10 F3 F10 F5 D6 E7 K4 L5
D10 : T  45.86c W  45.23c S   0.63c ( +1.5 L  +0.9) LCB   42.78c P  9.69% WF 160.2 PSV     164 N      90  --  D10 F3 K4 K3 J3 K5 J4 L3
K4  : T  39.05c W  40.24c S   0.18c ( +1.2 L  +0.7) LCB  -35.68c P  0.97% WF   5.7 PSV       6 N       3  --  K4 K3 C10
L11 : T  37.94c W  38.95c S  -0.08c ( +1.0 L  +0.6) LCB   -6.07c P  0.91% WF   7.1 PSV       5 N       4  --  L11 L10 K11 J10
J3  : T  39.91c W  39.59c S   0.31c ( +1.3 L  +0.8) LCB -310.09c P  0.37% WF   1.9 PSV       2 N       1  --  J3
C11 : T  37.92c W  37.70c S   0.22c ( +1.2 L  +0.7) LCB -312.08c P  0.33% WF   1.8 PSV       2 N       1  --  C11
J4  : T  29.78c W  30.34c S  -0.56c ( +0.7 L  +0.3) LCB -320.22c P  0.14% WF   1.9 PSV       0 N       1  --  J4

2024-05-31 22:12:03-0400: = D11
2024-05-31 22:12:12-0400: Controller: kata-list_time_settings
2024-05-31 22:12:12-0400: = none absolute byoyomi canadian fischer fischer-capped
2024-05-31 22:12:12-0400: Controller: play black h4
2024-05-31 22:12:12-0400: = 
2024-05-31 22:12:12-0400: Controller: genmove white
2024-05-31 22:12:12-0400: MoveNum: 5 HASH: 44B6DC58071010836D875729C8729E53
   A B C D E F G H J K L M N
13 . . . . . . . . . . . . .
12 . . . . . . . . . . . . .
11 . . . O2. . . . . . . . .
10 . . . . . . . . . X . . .
 9 . . . . . . . . . . . . .
 8 . . . . . . . . . . . . .
 7 . . . . . . . . . . . . .
 6 . . . . . . . . . . . . .
 5 . . . . . . . . . . . . .
 4 . . . O . . . X3. . X1. .
 3 . . . . . @ . . . . . . .
 2 . . . . . . . . . . . . .
 1 . . . . . . . . . . . . .

koPOSITIONALscoreAREAtaxNONEsui1komi7.5
Time taken: 0.516
Root visits: 1566
New playouts: 326
NN rows: 281
NN batches: 29
NN avg batch size: 9.68966
PV: F3 B5 K4 K5 K3 L3 J2 H11 C6 C9 C10 D9 F11 C3 D3 C4 L2
Tree:
: T  51.17c W  49.81c S   0.79c ( +1.6 L  +1.0) N    1566  --  F3 B5 K4 K5 K3 L3 J2
---White(^)---
F3  : T  52.36c W  50.74c S   0.82c ( +1.6 L  +1.0) LCB   50.95c P 34.23% WF 1708.7 PSV    1687 N     998  --  F3 B5 K4 K5 K3 L3 J2 H11
H10 : T  49.92c W  48.80c S   0.82c ( +1.6 L  +1.0) LCB   47.65c P 28.96% WF 555.5 PSV     298 N     341  --  H10 D10 C10 E11 E10 D9 F11 E12
H11 : T  49.00c W  48.41c S   0.75c ( +1.6 L  +1.0) LCB   46.46c P 15.02% WF 244.3 PSV     119 N     142  --  H11 C9 C6 E10 E11 F10 G11 D3
K4  : T  46.29c W  45.75c S   0.54c ( +1.5 L  +0.9) LCB   39.18c P  3.83% WF  24.8 PSV      18 N      16  --  K4 K3 L3 J3 L10 L11 L9 M11
G11 : T  47.60c W  45.95c S   0.52c ( +1.4 L  +0.9) LCB   41.56c P  3.10% WF  24.3 PSV      18 N      13  --  G11 C4 C3 C5
C9  : T  45.00c W  44.78c S   0.32c ( +1.3 L  +0.8) LCB   38.49c P  3.95% WF  26.1 PSV      15 N      14  --  C9 F4 E3 F3 L3
D9  : T  46.44c W  46.36c S   0.43c ( +1.4 L  +0.9) LCB   42.45c P  1.88% WF  54.1 PSV       9 N      29  --  D9 F3 D6 C10 C11 B5
C6  : T  45.37c W  45.09c S   0.54c ( +1.5 L  +0.9) LCB   24.99c P  1.18% WF  11.2 PSV       4 N       6  --  C6 H11 G10
C8  : T  43.35c W  42.90c S   0.23c ( +1.3 L  +0.8) LCB -105.86c P  1.18% WF   3.7 PSV       3 N       2  --  C8 D10
F4  : T  35.04c W  35.28c S  -0.23c ( +0.9 L  +0.6) LCB -314.96c P  1.28% WF   1.8 PSV       2 N       1  --  F4

2024-05-31 22:12:12-0400: = F3
2024-05-31 22:12:20-0400: Controller: kata-list_time_settings
2024-05-31 22:12:20-0400: = none absolute byoyomi canadian fischer fischer-capped
2024-05-31 22:12:20-0400: Controller: play black c9
2024-05-31 22:12:20-0400: = 
2024-05-31 22:12:20-0400: Controller: genmove white
2024-05-31 22:12:21-0400: MoveNum: 7 HASH: 81AFA4A2F0FA2D9623003394537CE88C
   A B C D E F G H J K L M N
13 . . . . . . . . . . . . .
12 . . . . . . . . . . . . .
11 . . . O . . . . . . . . .
10 . . @ . . . . . . X . . .
 9 . . X3. . . . . . . . . .
 8 . . . . . . . . . . . . .
 7 . . . . . . . . . . . . .
 6 . . . . . . . . . . . . .
 5 . . . . . . . . . . . . .
 4 . . . O . . . X1. . X . .
 3 . . . . . O2. . . . . . .
 2 . . . . . . . . . . . . .
 1 . . . . . . . . . . . . .

koPOSITIONALscoreAREAtaxNONEsui1komi7.5
Time taken: 0.531
Root visits: 604
New playouts: 311
NN rows: 283
NN batches: 27
NN avg batch size: 10.4815
PV: C10 B5 K4 K5 K3 L3 L2 L6 J2 J11 C6 D9 F11 C5 D5 C3 D3
Tree:
: T  52.82c W  51.82c S   0.82c ( +1.7 L  +1.1) N     604  --  C10 B5 K4 K5 K3 L3 L2
---White(^)---
C10 : T  54.24c W  53.08c S   0.90c ( +1.7 L  +1.1) LCB   52.26c P 37.14% WF 827.1 PSV     818 N     492  --  C10 B5 K4 K5 K3 L3 L2 L6
G11 : T  47.31c W  47.42c S   0.55c ( +1.5 L  +0.9) LCB   42.27c P 31.64% WF 105.0 PSV      68 N      68  --  G11 B5 C5 C3 B4 C4 B3 D3
H11 : T  46.85c W  46.25c S   0.46c ( +1.5 L  +0.9) LCB   42.48c P 10.10% WF  40.7 PSV      20 N      24  --  H11 B5 C5 B4
K4  : T  38.44c W  38.32c S  -0.01c ( +1.1 L  +0.7) LCB   27.26c P 12.52% WF  14.1 PSV      12 N       9  --  K4 K5 K3 L3 L2 L6 J2
H10 : T  46.22c W  43.88c S   0.38c ( +1.4 L  +0.9) LCB   29.01c P  3.84% WF  11.4 PSV       7 N       7  --  H10 B5 C5
G10 : T  35.82c W  36.09c S  -0.27c ( +1.0 L  +0.7) LCB -314.18c P  1.28% WF   1.8 PSV       1 N       1  --  G10
L10 : T  38.39c W  38.34c S   0.05c ( +1.2 L  +0.7) LCB -311.61c P  1.04% WF   1.6 PSV       1 N       1  --  L10
C6  : T  41.66c W  41.46c S   0.21c ( +1.3 L  +0.9) LCB -308.34c P  0.50% WF   1.8 PSV       0 N       1  --  C6

2024-05-31 22:12:21-0400: = C10
2024-05-31 22:12:30-0400: Controller: kata-list_time_settings
2024-05-31 22:12:30-0400: = none absolute byoyomi canadian fischer fischer-capped
2024-05-31 22:12:30-0400: Controller: play black b5
2024-05-31 22:12:30-0400: = 
2024-05-31 22:12:30-0400: Controller: genmove white
2024-05-31 22:12:30-0400: MoveNum: 9 HASH: D205B5AD64F9E5E5D1FD39E5AA6D2FEB
   A B C D E F G H J K L M N
13 . . . . . . . . . . . . .
12 . . . . . . . . . . . . .
11 . . . O . . . . . . . . .
10 . . O2. . . . . . X . . .
 9 . . X1. . . . . . . . . .
 8 . . . . . . . . . . . . .
 7 . . . . . . . . . . . . .
 6 . . . . . . . . . . . . .
 5 . X3. . . . . . . . . . .
 4 . . . O . . . X . @ X . .
 3 . . . . . O . . . . . . .
 2 . . . . . . . . . . . . .
 1 . . . . . . . . . . . . .

koPOSITIONALscoreAREAtaxNONEsui1komi7.5
Time taken: 0.532
Root visits: 1227
New playouts: 393
NN rows: 282
NN batches: 27
NN avg batch size: 10.4444
PV: K4 K5 K3 L3 J2 D9 F11 L2 J5 K6 B4 F4 E4 C5 C4 G3
Tree:
: T  53.83c W  53.15c S   0.83c ( +1.7 L  +1.1) N    1227  --  K4 K5 K3 L3 J2 D9 F11
---White(^)---
K4  : T  54.49c W  53.73c S   0.87c ( +1.7 L  +1.1) LCB   52.89c P 59.35% WF 1801.9 PSV    1795 N    1160  --  K4 K5 K3 L3 J2 D9 F11 L2
C6  : T  38.59c W  39.96c S   0.07c ( +1.2 L  +0.7) LCB   27.01c P 11.15% WF  19.4 PSV      19 N      13  --  C6 D9 G11 C5 D5 C3 D3 C2
C4  : T  44.24c W  43.76c S   0.26c ( +1.3 L  +0.9) LCB   33.59c P  4.91% WF  14.5 PSV      13 N       9  --  C4 D9 F11 G3 C6 F2 F4 E2
B4  : T  43.63c W  45.75c S   0.36c ( +1.4 L  +0.9) LCB   32.02c P  4.60% WF  23.9 PSV      11 N      17  --  B4 C4 C5 C3 B3 D5 C6 D3
C5  : T  44.51c W  44.40c S   0.30c ( +1.4 L  +0.9) LCB   31.70c P  4.19% WF  12.8 PSV      11 N       8  --  C5 B4 K4
C3  : T  38.93c W  39.84c S  -0.19c ( +1.0 L  +0.7) LCB   23.79c P  5.66% WF  10.8 PSV      10 N       7  --  C3 D9 G11 G3 F4 J11 B9
B3  : T  40.65c W  39.72c S  -0.11c ( +1.1 L  +0.7) LCB    8.76c P  4.08% WF   8.2 PSV       8 N       5  --  B3 D9 F11
D9  : T  44.13c W  44.67c S   0.18c ( +1.3 L  +0.8) LCB   15.56c P  3.10% WF   8.0 PSV       8 N       5  --  D9 C3 K4 L3
J3  : T  38.38c W  38.36c S   0.03c ( +1.2 L  +0.8) LCB -311.62c P  1.15% WF   1.4 PSV       2 N       1  --  J3
L10 : T  36.16c W  36.43c S  -0.27c ( +1.0 L  +0.7) LCB -313.84c P  0.86% WF   1.6 PSV       1 N       1  --  L10

2024-05-31 22:12:30-0400: = K4
2024-05-31 22:12:39-0400: Controller: kata-list_time_settings
2024-05-31 22:12:39-0400: = none absolute byoyomi canadian fischer fischer-capped
2024-05-31 22:12:39-0400: Controller: play black k5
2024-05-31 22:12:39-0400: = 
2024-05-31 22:12:39-0400: Controller: genmove white
2024-05-31 22:12:39-0400: MoveNum: 11 HASH: 735FA6F80727B956F0B25A9B43EE2459
   A B C D E F G H J K L M N
13 . . . . . . . . . . . . .
12 . . . . . . . . . . . . .
11 . . . O . . . . . . . . .
10 . . O . . . . . . X . . .
 9 . . X . . . . . . . . . .
 8 . . . . . . . . . . . . .
 7 . . . . . . . . . . . . .
 6 . . . . . . . . . . . . .
 5 . X1. . . . . . . X3. . .
 4 . . . O . . . X . O2X . .
 3 . . . . . O . . . @ . . .
 2 . . . . . . . . . . . . .
 1 . . . . . . . . . . . . .

koPOSITIONALscoreAREAtaxNONEsui1komi7.5
Time taken: 0.531
Root visits: 6398
New playouts: 378
NN rows: 280
NN batches: 29
NN avg batch size: 9.65517
PV: K3 L3 J2 H2 L2 L6 C6 C3 D3 C2 C5 B6 B7 C4 A6 B4 C8 H11 G6 J5 G2 E10 L11 L10 M10
Tree:
: T  52.71c W  51.90c S   0.83c ( +1.7 L  +1.1) N    6398  --  K3 L3 J2 H2 L2 L6 C6
---White(^)---
K3  : T  52.89c W  52.06c S   0.85c ( +1.7 L  +1.1) LCB   52.03c P 81.26% WF 8937.7 PSV    8928 N    6249  --  K3 L3 J2 H2 L2 L6 C6 C3
D9  : T  50.05c W  49.54c S   0.41c ( +1.4 L  +0.9) LCB   45.51c P  5.73% WF 169.5 PSV     153 N     120  --  D9 C3 K3 L3 L2 M2 J2 L1
B4  : T  33.14c W  33.83c S  -0.56c ( +0.8 L  +0.5) LCB   14.58c P  2.28% WF   9.6 PSV      11 N       7  --  B4 C4 C5 C3
L3  : T -40.64c W -34.47c S  -4.59c ( -1.8 L  -1.6) LCB  -78.46c P  5.23% WF   4.0 PSV       5 N       7  --  L3 K3 D9 D8 E9 J4
C5  : T  33.06c W  31.19c S  -0.48c ( +0.9 L  +0.5) LCB -116.23c P  0.62% WF   2.8 PSV       3 N       2  --  C5 C3
C4  : T  12.34c W  14.56c S  -1.53c ( +0.1 L  +0.0) LCB  -62.85c P  0.87% WF   4.0 PSV       2 N       3  --  C4 D9 K3
C6  : T   7.65c W  11.32c S  -1.71c ( +0.1 L  -0.1) LCB -144.14c P  0.99% WF   2.3 PSV       2 N       2  --  C6 K3
J5  : T  19.14c W  22.43c S  -0.88c ( +0.6 L  +0.3) LCB -131.75c P  0.85% WF   2.4 PSV       2 N       2  --  J5 J4
J4  : T  13.72c W  17.50c S  -1.12c ( +0.4 L  +0.2) LCB -136.94c P  0.65% WF   2.2 PSV       1 N       2  --  J4 J5
C3  : T  16.33c W  17.75c S  -1.42c ( +0.2 L  +0.1) LCB -333.67c P  0.74% WF   1.3 PSV       1 N       1  --  C3

2024-05-31 22:12:39-0400: = K3
2024-05-31 22:12:48-0400: Controller: kata-list_time_settings
2024-05-31 22:12:48-0400: = none absolute byoyomi canadian fischer fischer-capped
2024-05-31 22:12:48-0400: Controller: play black l3
2024-05-31 22:12:48-0400: = 
2024-05-31 22:12:48-0400: Controller: genmove white
2024-05-31 22:12:48-0400: MoveNum: 13 HASH: 31EB3B5EECF8E812D220838819CEFBF7
   A B C D E F G H J K L M N
13 . . . . . . . . . . . . .
12 . . . . . . . . . . . . .
11 . . . O . . . . . . . . .
10 . . O . . . . . . X . . .
 9 . . X . . . . . . . . . .
 8 . . . . . . . . . . . . .
 7 . . . . . . . . . . . . .
 6 . . . . . . . . . . . . .
 5 . X . . . . . . . X1. . .
 4 . . . O . . . X . O X . .
 3 . . . . . O . . . O2X3. .
 2 . . . . . . . . @ . . . .
 1 . . . . . . . . . . . . .

koPOSITIONALscoreAREAtaxNONEsui1komi7.5
Time taken: 0.532
Root visits: 13438
New playouts: 462
NN rows: 284
NN batches: 30
NN avg batch size: 9.46667
PV: J2 J11 C4 B9 B10 G3 G2 C6 M10 L10 L7 L5 D9 D8 E9 E8 F8 F9 F7 F10
Tree:
: T  52.22c W  51.41c S   0.83c ( +1.7 L  +1.1) N   13438  --  J2 J11 C4 B9 B10 G3 G2
---White(^)---
J2  : T  52.73c W  51.87c S   0.88c ( +1.7 L  +1.1) LCB   52.08c P 39.77% WF 15217.8 PSV   15938 N   10613  --  J2 J11 C4 B9 B10 G3 G2 C6
L2  : T  50.46c W  49.86c S   0.64c ( +1.6 L  +1.0) LCB   49.14c P 51.97% WF 3653.0 PSV    3202 N    2740  --  L2 L6 J2 J11 C4 B9 J5 J6
D9  : T  44.43c W  44.61c S   0.31c ( +1.4 L  +0.9) LCB   38.50c P  3.83% WF  89.8 PSV      73 N      67  --  D9 G3 L2 J5 J2 F2 L5 M5
J5  : T  21.24c W  24.49c S  -1.09c ( +0.5 L  +0.3) LCB   -3.46c P  1.45% WF   7.7 PSV       7 N       6  --  J5 J4 J2 K6 L2
C6  : T  29.09c W  29.77c S  -0.68c ( +0.7 L  +0.5) LCB  -14.06c P  1.01% WF   5.7 PSV       7 N       4  --  C6 K2 J5
C5  : T  31.05c W  31.46c S  -0.41c ( +0.9 L  +0.7) LCB -318.95c P  0.35% WF   1.6 PSV       2 N       1  --  C5
B4  : T   7.56c W   9.41c S  -1.85c ( -0.0 L  -0.2) LCB -342.44c P  0.43% WF   1.3 PSV       1 N       1  --  B4
L5  : T -20.76c W -17.69c S  -3.07c ( -0.8 L  -1.3) LCB -370.76c P  0.40% WF   0.6 PSV       0 N       1  --  L5
B9  : T  21.91c W  23.29c S  -1.39c ( +0.3 L  +0.3) LCB -328.09c P  0.11% WF   1.4 PSV       0 N       1  --  B9
L11 : T  27.22c W  27.85c S  -0.63c ( +0.7 L  +0.4) LCB -322.78c P  0.09% WF   1.4 PSV       0 N       1  --  L11

2024-05-31 22:12:48-0400: = J2
2024-05-31 22:12:57-0400: Controller: kata-list_time_settings
2024-05-31 22:12:57-0400: = none absolute byoyomi canadian fischer fischer-capped
2024-05-31 22:12:57-0400: Controller: play black l2
2024-05-31 22:12:57-0400: = 
2024-05-31 22:12:57-0400: Controller: genmove white
2024-05-31 22:12:58-0400: MoveNum: 15 HASH: 0EE1983A543421991B0B96FBCD7D0EC9
   A B C D E F G H J K L M N
13 . . . . . . . . . . . . .
12 . . . . . . . . . . . . .
11 . . . O . . . . . . . . .
10 . . O . . . . . . X . . .
 9 . . X . . . . . . . . . .
 8 . . . . . . . . . . . . .
 7 . . . . . . . . . . . . .
 6 . . . . . . . . . . . . .
 5 . X . . . . . . . X . . .
 4 . . @ O . . . X . O X . .
 3 . . . . . O . . . O X1. .
 2 . . . . . . . . O2. X3. .
 1 . . . . . . . . . . . . .

koPOSITIONALscoreAREAtaxNONEsui1komi7.5
Time taken: 0.547
Root visits: 1020
New playouts: 342
NN rows: 287
NN batches: 27
NN avg batch size: 10.6296
PV: C4 E10 J5 K6 L11 L10 K11 D10
Tree:
: T  57.62c W  55.68c S   1.00c ( +1.8 L  +1.1) N    1020  --  C4 E10 J5 K6 L11 L10 K11
---White(^)---
C4  : T  60.08c W  57.61c S   1.19c ( +1.9 L  +1.2) LCB   57.93c P 30.29% WF 1164.7 PSV    1139 N     770  --  C4 E10 J5 K6 L11 L10 K11 D10
J5  : T  51.89c W  51.56c S   0.44c ( +1.4 L  +0.9) LCB   47.81c P 17.63% WF 255.0 PSV      53 N     185  --  J5 K6 C4 D9 F11 E10 E11 C6
C6  : T  44.01c W  44.44c S   0.22c ( +1.3 L  +0.8) LCB   32.44c P 16.90% WF  29.6 PSV      27 N      20  --  C6 D9 F11 C5 D5 C3 D3
B4  : T  44.54c W  44.51c S   0.26c ( +1.3 L  +0.8) LCB   34.61c P 16.17% WF  32.7 PSV      26 N      25  --  B4 C4 C5 C3 B3 E10 E11 F10
C5  : T  41.89c W  42.41c S   0.01c ( +1.2 L  +0.8) LCB   23.42c P  7.36% WF  12.1 PSV      10 N       8  --  C5 C3 B4
C3  : T  41.25c W  41.57c S  -0.18c ( +1.0 L  +0.7) LCB  -12.77c P  3.44% WF   4.6 PSV       4 N       3  --  C3 D9 F11 H11
D9  : T  22.95c W  25.85c S  -1.11c ( +0.4 L  +0.3) LCB -126.50c P  2.14% WF   2.7 PSV       1 N       2  --  D9 C3
L11 : T  38.27c W  39.57c S  -0.28c ( +1.0 L  +0.6) LCB -110.86c P  1.66% WF   3.0 PSV       1 N       2  --  L11 L10
H11 : T  38.46c W  38.49c S  -0.03c ( +1.1 L  +0.8) LCB -311.54c P  0.89% WF   1.6 PSV       1 N       1  --  H11
B3  : T  18.50c W  20.01c S  -1.51c ( +0.1 L  +0.1) LCB -331.50c P  1.37% WF   1.5 PSV       0 N       1  --  B3

2024-05-31 22:12:58-0400: = C4
2024-05-31 22:13:06-0400: Controller: kata-list_time_settings
2024-05-31 22:13:06-0400: = none absolute byoyomi canadian fischer fischer-capped
2024-05-31 22:13:06-0400: Controller: play black d9
2024-05-31 22:13:06-0400: = 
2024-05-31 22:13:06-0400: Controller: genmove white
2024-05-31 22:13:07-0400: MoveNum: 17 HASH: 13A82FAA121B7215AF0B20D23180D71B
   A B C D E F G H J K L M N
13 . . . . . . . . . . . . .
12 . . . . . . . . . . . . .
11 . . . O . @ . . . . . . .
10 . . O . . . . . . X . . .
 9 . . X X3. . . . . . . . .
 8 . . . . . . . . . . . . .
 7 . . . . . . . . . . . . .
 6 . . . . . . . . . . . . .
 5 . X . . . . . . . X . . .
 4 . . O2O . . . X . O X . .
 3 . . . . . O . . . O X . .
 2 . . . . . . . . O . X1. .
 1 . . . . . . . . . . . . .

koPOSITIONALscoreAREAtaxNONEsui1komi7.5
Time taken: 0.531
Root visits: 1406
New playouts: 492
NN rows: 275
NN batches: 28
NN avg batch size: 9.82143
PV: F11 H11 C6 B9 B10 E10 E11 A10 A11 A9 B12 B6 D7 C7 B7
Tree:
: T  62.47c W  60.34c S   1.13c ( +2.1 L  +1.3) N    1406  --  F11 H11 C6 B9 B10 E10 E11
---White(^)---
F11 : T  63.02c W  60.81c S   1.17c ( +2.1 L  +1.4) LCB   61.52c P 61.62% WF 2004.0 PSV    1996 N    1362  --  F11 H11 C6 B9 B10 E10 E11 A10
G11 : T  47.28c W  47.30c S  -0.01c ( +1.4 L  +0.8) LCB   38.22c P 25.74% WF  49.0 PSV      49 N      36  --  G11 C6 J5 K6 L11 L10 K11 J11
J5  : T  22.57c W  27.20c S  -1.18c ( +0.6 L  +0.4) LCB   -6.66c P 11.22% WF   7.2 PSV       8 N       6  --  J5 D10 C11 F11 E11
B9  : T  28.63c W  29.96c S  -1.33c ( +0.5 L  +0.5) LCB -321.37c P  0.32% WF   1.4 PSV       0 N       1  --  B9

2024-05-31 22:13:07-0400: = F11
2024-05-31 22:13:15-0400: Controller: kata-list_time_settings
2024-05-31 22:13:15-0400: = none absolute byoyomi canadian fischer fischer-capped
2024-05-31 22:13:15-0400: Controller: play black c6
2024-05-31 22:13:15-0400: = 
2024-05-31 22:13:15-0400: Controller: genmove white
2024-05-31 22:13:16-0400: MoveNum: 19 HASH: 512CA6539F36F5EE7D3B9BDCF554BBDB
   A B C D E F G H J K L M N
13 . . . . . . . . . . . . .
12 . . . . . . . . . . . . .
11 . . . O . O2. . . . . . .
10 . . O . . . . . . X @ . .
 9 . . X X1. . . . . . . . .
 8 . . . . . . . . . . . . .
 7 . . . . . . . . . . . . .
 6 . . X3. . . . . . . . . .
 5 . X . . . . . . . X . . .
 4 . . O O . . . X . O X . .
 3 . . . . . O . . . O X . .
 2 . . . . . . . . O . X . .
 1 . . . . . . . . . . . . .

koPOSITIONALscoreAREAtaxNONEsui1komi7.5
Time taken: 0.531
Root visits: 885
New playouts: 310
NN rows: 275
NN batches: 30
NN avg batch size: 9.16667
PV: L10 L11 M11 M12 M10 K11 N12 L12 K9 J9 K8 L7 M8 M7 J8 G11 F10
Tree:
: T  60.72c W  59.57c S   0.95c ( +2.1 L  +1.4) N     885  --  L10 L11 M11 M12 M10 K11 N12
---White(^)---
L10 : T  62.53c W  61.06c S   1.13c ( +2.3 L  +1.5) LCB   59.69c P 28.85% WF 980.0 PSV     967 N     764  --  L10 L11 M11 M12 M10 K11 N12 L12
M10 : T  50.96c W  51.67c S  -0.05c ( +1.5 L  +0.9) LCB   44.35c P 31.04% WF  75.0 PSV      64 N      57  --  M10 L10 J5 K6 M11 M9 K12 G11
J5  : T  52.05c W  52.47c S  -0.20c ( +1.4 L  +0.9) LCB   43.56c P 23.07% WF  64.1 PSV      52 N      50  --  J5 K6 L11 L10 K11 J10 J11 H11
B4  : T  23.53c W  25.39c S  -1.82c ( +0.3 L  +0.2) LCB  -51.06c P  6.29% WF   3.7 PSV       4 N       3  --  B4 G3
M11 : T  32.64c W  40.00c S  -0.77c ( +1.1 L  +0.7) LCB -118.57c P  3.15% WF   2.7 PSV       2 N       2  --  M11 L9
B9  : T  36.12c W  38.22c S  -1.18c ( +0.8 L  +0.5) LCB -112.85c P  2.77% WF   2.9 PSV       2 N       2  --  B9 B8
L6  : T  30.58c W  31.45c S  -0.87c ( +0.9 L  +0.7) LCB -319.42c P  1.55% WF   1.2 PSV       1 N       1  --  L6
J7  : T  41.26c W  44.32c S  -0.43c ( +1.3 L  +0.8) LCB -109.10c P  0.53% WF   2.9 PSV       0 N       2  --  J7 J5
M9  : T  35.62c W  36.39c S  -0.77c ( +1.0 L  +0.7) LCB -314.38c P  0.55% WF   1.3 PSV       0 N       1  --  M9
H3  : T  24.46c W  26.39c S  -1.92c ( +0.3 L  +0.3) LCB -325.54c P  0.20% WF   1.3 PSV       0 N       1  --  H3

2024-05-31 22:13:16-0400: = L10
2024-05-31 22:13:24-0400: Controller: kata-list_time_settings
2024-05-31 22:13:24-0400: = none absolute byoyomi canadian fischer fischer-capped
2024-05-31 22:13:24-0400: Controller: play black l11
2024-05-31 22:13:24-0400: = 
2024-05-31 22:13:24-0400: Controller: genmove white
2024-05-31 22:13:25-0400: MoveNum: 21 HASH: 1DE404B625013383F97E285DAC073747
   A B C D E F G H J K L M N
13 . . . . . . . . . . . . .
12 . . . . . . . . . . . . .
11 . . . O . O . . . . X3@ .
10 . . O . . . . . . X O2. .
 9 . . X X . . . . . . . . .
 8 . . . . . . . . . . . . .
 7 . . . . . . . . . . . . .
 6 . . X1. . . . . . . . . .
 5 . X . . . . . . . X . . .
 4 . . O O . . . X . O X . .
 3 . . . . . O . . . O X . .
 2 . . . . . . . . O . X . .
 1 . . . . . . . . . . . . .

koPOSITIONALscoreAREAtaxNONEsui1komi7.5
Time taken: 0.547
Root visits: 6488
New playouts: 345
NN rows: 278
NN batches: 29
NN avg batch size: 9.58621
PV: M11 M12 M10 K11 N12 G11 F10 M13 L6 L5 L7 G12 B9 B8 B10 K9 M5 M4 N6 B3 B4 A4 C3 H2 G2
Tree:
: T  59.81c W  58.85c S   1.01c ( +2.1 L  +1.4) N    6488  --  M11 M12 M10 K11 N12 G11 F10
---White(^)---
M11 : T  60.35c W  59.33c S   1.05c ( +2.2 L  +1.4) LCB   59.28c P 55.05% WF 7578.1 PSV    7540 N    6342  --  M11 M12 M10 K11 N12 G11 F10 M13
K9  : T  25.95c W  30.64c S  -1.02c ( +0.8 L  +0.4) LCB   11.13c P 29.09% WF  64.5 PSV      86 N      90  --  K9 L9 M10 M9 J5 K6 K11 J10
L9  : T  27.47c W  28.16c S  -1.27c ( +0.6 L  +0.4) LCB   13.12c P  8.24% WF  38.5 PSV      25 N      37  --  L9 M11 L7 G11 F10 B3 J7
B9  : T  30.67c W  32.98c S  -1.02c ( +0.8 L  +0.5) LCB    5.87c P  2.36% WF   6.8 PSV       8 N       6  --  B9 B8 M11 L9 M10 K11
M10 : T  27.64c W  28.22c S  -1.39c ( +0.6 L  +0.3) LCB    8.51c P  2.18% WF   8.1 PSV       6 N       7  --  M10 M11 K9 J10 L6 L5
J5  : T  22.89c W  30.90c S  -1.39c ( +0.6 L  +0.3) LCB  -54.53c P  1.50% WF   3.2 PSV       4 N       3  --  J5 L9 K6
K11 : T   7.12c W  14.27c S  -1.96c ( +0.2 L  +0.1) LCB -144.56c P  1.10% WF   1.9 PSV       2 N       2  --  K11 J11

2024-05-31 22:13:25-0400: = M11
2024-05-31 22:13:33-0400: Controller: kata-list_time_settings
2024-05-31 22:13:33-0400: = none absolute byoyomi canadian fischer fischer-capped
2024-05-31 22:13:33-0400: Controller: play black k11
2024-05-31 22:13:34-0400: = 
2024-05-31 22:13:34-0400: Controller: genmove white
2024-05-31 22:13:34-0400: MoveNum: 23 HASH: 3D87CD7DB148E4FD5B19AD9C8AB33ED0
   A B C D E F G H J K L M N
13 . . . . . . . . . . . . .
12 . . . . . . . . . . . . .
11 . . . O . O . . . X3X1O2.
10 . . O . . . . . . X O . .
 9 . . X X . . . . . . . @ .
 8 . . . . . . . . . . . . .
 7 . . . . . . . . . . . . .
 6 . . X . . . . . . . . . .
 5 . X . . . . . . . X . . .
 4 . . O O . . . X . O X . .
 3 . . . . . O . . . O X . .
 2 . . . . . . . . O . X . .
 1 . . . . . . . . . . . . .

koPOSITIONALscoreAREAtaxNONEsui1komi7.5
Time taken: 0.516
Root visits: 2825
New playouts: 2511
NN rows: 278
NN batches: 27
NN avg batch size: 10.2963
PV: M9 L9 M10 E3 E4 L8 M8 L7 L12 G3 F2 G2 G4 G5 F4 H3 B9 B8 B10 B3 B4 A4 B2 C3 C2
Tree:
: T  66.54c W  65.12c S   0.85c ( +2.0 L  +1.4) N    2825  --  M9 L9 M10 E3 E4 L8 M8
---White(^)---
M9  : T  66.95c W  65.49c S   0.87c ( +2.0 L  +1.4) LCB   65.52c P 71.87% WF 3019.0 PSV    3010 N    2784  --  M9 L9 M10 E3 E4 L8 M8 L7
L9  : T  35.08c W  36.55c S  -0.82c ( +0.9 L  +0.6) LCB   21.62c P 22.64% WF  29.7 PSV      37 N      31  --  L9 M12 M6 L6 L7 M5 K6 L5
M10 : T  42.80c W  41.63c S  -0.55c ( +1.1 L  +0.7) LCB   21.54c P  4.76% WF   9.3 PSV      10 N       8  --  M10 L8 M8
B9  : T  15.21c W  16.93c S  -1.72c ( +0.3 L  -0.0) LCB -334.79c P  0.41% WF   1.1 PSV       0 N       1  --  B9

2024-05-31 22:13:34-0400: = M9
2024-05-31 22:13:43-0400: Controller: kata-list_time_settings
2024-05-31 22:13:43-0400: = none absolute byoyomi canadian fischer fischer-capped
2024-05-31 22:13:43-0400: Controller: play black l9
2024-05-31 22:13:43-0400: = 
2024-05-31 22:13:43-0400: Controller: genmove white
2024-05-31 22:13:43-0400: MoveNum: 25 HASH: 1BFD04F58E266E5A231CA9F34924D40E
   A B C D E F G H J K L M N
13 . . . . . . . . . . . . .
12 . . . . . . . . . . . . .
11 . . . O . O . . . X1X O .
10 . . O . . . . . . X O @ .
 9 . . X X . . . . . . X3O2.
 8 . . . . . . . . . . . . .
 7 . . . . . . . . . . . . .
 6 . . X . . . . . . . . . .
 5 . X . . . . . . . X . . .
 4 . . O O . . . X . O X . .
 3 . . . . . O . . . O X . .
 2 . . . . . . . . O . X . .
 1 . . . . . . . . . . . . .

koPOSITIONALscoreAREAtaxNONEsui1komi7.5
Time taken: 0.562
Root visits: 10362
New playouts: 1048
NN rows: 280
NN batches: 29
NN avg batch size: 9.65517
PV: M10 E3 F4 L8 M8 F2 G2 E4 E5 E2 D3 G3 H3 F5 G4 G5 G3 M12 L7 M6 L6 M5 J7 H8 E6
Tree:
: T  61.42c W  60.84c S   1.18c ( +2.4 L  +1.9) N   10362  --  M10 E3 F4 L8 M8 F2 G2
---White(^)---
M10 : T  61.43c W  60.85c S   1.18c ( +2.4 L  +1.9) LCB   60.25c P 99.73% WF 9912.2 PSV    9912 N   10361  --  M10 E3 F4 L8 M8 F2 G2 E4

2024-05-31 22:13:43-0400: = M10
2024-05-31 22:13:52-0400: Controller: kata-list_time_settings
2024-05-31 22:13:52-0400: = none absolute byoyomi canadian fischer fischer-capped
2024-05-31 22:13:52-0400: Controller: play black l8
2024-05-31 22:13:52-0400: = 
2024-05-31 22:13:52-0400: Controller: genmove white
2024-05-31 22:13:52-0400: MoveNum: 27 HASH: 8ED9FDE46F12F2A604791F0A2F2844B1
   A B C D E F G H J K L M N
13 . . . . . . . . . . . . .
12 . . . . . . . . . . . . .
11 . . . O . O . . . X X O .
10 . . O . . . . . . X O O2.
 9 . . X X . . . . . . X1O .
 8 . . . . . . . . . . X3@ .
 7 . . . . . . . . . . . . .
 6 . . X . . . . . . . . . .
 5 . X . . . . . . . X . . .
 4 . . O O . . . X . O X . .
 3 . . . . . O . . . O X . .
 2 . . . . . . . . O . X . .
 1 . . . . . . . . . . . . .

koPOSITIONALscoreAREAtaxNONEsui1komi7.5
Time taken: 0.563
Root visits: 15612
New playouts: 420
NN rows: 281
NN batches: 31
NN avg batch size: 9.06452
PV: M8 E3 F4 F2 G2 E4 E2 D2 E5 E1 D3 E2 C2 G3 H3 F5 G4 G5 G3 M12 L7 M6 L6 M5 J7
Tree:
: T  55.30c W  54.87c S   1.08c ( +2.3 L  +1.9) N   15612  --  M8 E3 F4 F2 G2 E4 E2
---White(^)---
M8  : T  55.33c W  54.91c S   1.08c ( +2.3 L  +1.9) LCB   54.16c P 97.61% WF 13590.6 PSV   13588 N   15602  --  M8 E3 F4 F2 G2 E4 E2 D2
L12 : T -30.10c W -22.19c S  -4.17c ( -1.1 L  -1.0) LCB  -96.48c P  1.86% WF   4.3 PSV       5 N       7  --  L12 K12 M8 M12
J5  : T -74.09c W -67.63c S  -6.45c ( -2.5 L  -3.8) LCB -424.09c P  0.26% WF   0.5 PSV       0 N       1  --  J5
K6  : T -71.31c W -65.06c S  -6.25c ( -2.4 L  -3.7) LCB -421.31c P  0.05% WF   0.5 PSV       0 N       1  --  K6

2024-05-31 22:13:52-0400: = M8
2024-05-31 22:14:01-0400: Controller: kata-list_time_settings
2024-05-31 22:14:01-0400: = none absolute byoyomi canadian fischer fischer-capped
2024-05-31 22:14:01-0400: Controller: play black e3
2024-05-31 22:14:01-0400: = 
2024-05-31 22:14:01-0400: Controller: genmove white
2024-05-31 22:14:01-0400: MoveNum: 29 HASH: 85117E9D4B617A9425FE389A77651025
   A B C D E F G H J K L M N
13 . . . . . . . . . . . . .
12 . . . . . . . . . . . . .
11 . . . O . O . . . X X O .
10 . . O . . . . . . X O O .
 9 . . X X . . . . . . X O .
 8 . . . . . . . . . . X1O2.
 7 . . . . . . . . . . . . .
 6 . . X . . . . . . . . . .
 5 . X . . . . . . . X . . .
 4 . . O O . @ . X . O X . .
 3 . . . . X3O . . . O X . .
 2 . . . . . . . . O . X . .
 1 . . . . . . . . . . . . .

koPOSITIONALscoreAREAtaxNONEsui1komi7.5
Time taken: 0.547
Root visits: 21302
New playouts: 463
NN rows: 272
NN batches: 28
NN avg batch size: 9.71429
PV: F4 F2 G2 E4 E2 D2 E5 E1 D3 E2 C2 G3 H3 F5 G4 G5 G3 M12 L7 M6 L6 M5 J7 H8 E6
Tree:
: T  54.38c W  53.74c S   1.14c ( +2.4 L  +2.0) N   21302  --  F4 F2 G2 E4 E2 D2 E5
---White(^)---
F4  : T  55.22c W  54.02c S   1.48c ( +2.6 L  +2.3) LCB   54.02c P 43.86% WF 14662.3 PSV   14444 N   17933  --  F4 F2 G2 E4 E2 D2 E5 E1
E4  : T  51.37c W  53.58c S  -0.72c ( +1.2 L  +0.9) LCB   48.97c P 42.67% WF 2637.3 PSV    2681 N    3037  --  E4 G3 F2 L7 L12 G2 G4 G5
E2  : T  38.33c W  40.08c S  -1.04c ( +1.0 L  +0.6) LCB   32.19c P 13.18% WF 264.9 PSV     221 N     330  --  E2 E4 D2 G3 F4 L7 L12 K12
G2  : T -83.13c W -75.76c S  -7.37c ( -3.0 L  -4.4) LCB -433.13c P  0.09% WF   0.5 PSV       0 N       1  --  G2

2024-05-31 22:14:01-0400: = F4
2024-05-31 22:14:10-0400: Controller: kata-list_time_settings
2024-05-31 22:14:10-0400: = none absolute byoyomi canadian fischer fischer-capped
2024-05-31 22:14:10-0400: Controller: play black c2
2024-05-31 22:14:10-0400: = 
2024-05-31 22:14:10-0400: Controller: genmove white
2024-05-31 22:14:10-0400: MoveNum: 31 HASH: A096845190AB5BF7C4B04DBAE14C75D8
   A B C D E F G H J K L M N
13 . . . . . . . . . . . . .
12 . . . . . . . . . . . . .
11 . . . O . O . . . X X O .
10 . . O . . . . . . X O O .
 9 . . X X . . . . . . X O .
 8 . . . . . . . . . . X O .
 7 . . . . . . . . . . @ . .
 6 . . X . . . . . . . . . .
 5 . X . . . . . . . X . . .
 4 . . O O . O2. X . O X . .
 3 . . . . X1O . . . O X . .
 2 . . X3. . . . . O . X . .
 1 . . . . . . . . . . . . .

koPOSITIONALscoreAREAtaxNONEsui1komi7.5
Time taken: 0.532
Root visits: 1170
New playouts: 421
NN rows: 272
NN batches: 25
NN avg batch size: 10.88
PV: L7 F2 G2 E4 J5 E2 L5 M5 K6 M6 H11 H10 G10 H12 H9 J9 J8 M12 J10 K9
Tree:
: T  63.22c W  62.38c S   1.43c ( +2.5 L  +1.8) N    1170  --  L7 F2 G2 E4 J5 E2 L5
---White(^)---
L7  : T  66.96c W  65.29c S   1.93c ( +2.8 L  +2.1) LCB   63.56c P 11.81% WF 984.3 PSV     952 N     888  --  L7 F2 G2 E4 J5 E2 L5 M5
E2  : T  54.32c W  55.95c S  -0.47c ( +1.2 L  +0.9) LCB   49.21c P 22.75% WF 210.1 PSV      60 N     214  --  E2 L6 L12 D2 D3 K12 M12 B3
D2  : T  21.96c W  33.17c S  -0.86c ( +0.9 L  +0.6) LCB   -1.13c P 22.73% WF  14.8 PSV      17 N      19  --  D2 E2 D3 B3 L7 H2 J5 H3
J5  : T  18.14c W  21.68c S  -1.64c ( +0.4 L  +0.3) LCB   -1.72c P 11.76% WF   6.5 PSV       8 N       9  --  J5 K6 L7 K7 L6 M5 M12 E4
B4  : T  23.99c W  25.66c S  -0.80c ( +0.9 L  +0.6) LCB   -1.87c P  8.73% WF   5.8 PSV       7 N       8  --  B4 F2 G2 E4 E5 E2
B3  : T  11.51c W  18.23c S  -1.45c ( +0.4 L  +0.2) LCB  -37.20c P 10.54% WF   5.7 PSV       6 N      12  --  B3 F2 G2 E2 E4 G3 H2 K2
E4  : T  49.60c W  50.04c S  -0.33c ( +1.3 L  +0.9) LCB   21.69c P  1.53% WF   6.7 PSV       3 N       6  --  E4 L6 L12 K12 M12 B3 H3 G2
B2  : T   3.00c W   8.90c S  -1.77c ( +0.2 L  -0.2) LCB  -47.98c P  5.89% WF   2.2 PSV       3 N       4  --  B2 F2 G2 D2
F2  : T  48.61c W  49.67c S  -0.65c ( +1.1 L  +0.8) LCB   31.84c P  1.10% WF   7.3 PSV       2 N       7  --  F2 L6 L12 K12 M12 B3 D2 B9
C3  : T -14.06c W -12.43c S  -1.63c ( +0.4 L  -1.7) LCB -364.06c P  1.94% WF   0.4 PSV       0 N       1  --  C3

2024-05-31 22:14:10-0400: = L7
2024-05-31 22:14:19-0400: Controller: kata-list_time_settings
2024-05-31 22:14:19-0400: = none absolute byoyomi canadian fischer fischer-capped
2024-05-31 22:14:19-0400: Controller: play black f2
2024-05-31 22:14:19-0400: = 
2024-05-31 22:14:19-0400: Controller: genmove white
2024-05-31 22:14:20-0400: MoveNum: 33 HASH: E78359E1809D91B29657F5CC3BFFB425
   A B C D E F G H J K L M N
13 . . . . . . . . . . . . .
12 . . . . . . . . . . . . .
11 . . . O . O . . . X X O .
10 . . O . . . . . . X O O .
 9 . . X X . . . . . . X O .
 8 . . . . . . . . . . X O .
 7 . . . . . . . . . . O2. .
 6 . . X . . . . . . . . . .
 5 . X . . . . . . . X . . .
 4 . . O O . O . X . O X . .
 3 . . . . X O . . . O X . .
 2 . . X1. . X3@ . O . X . .
 1 . . . . . . . . . . . . .

koPOSITIONALscoreAREAtaxNONEsui1komi7.5
Time taken: 0.563
Root visits: 6795
New playouts: 981
NN rows: 283
NN batches: 28
NN avg batch size: 10.1071
PV: G2 E2 J5 E4 L5 M5 K6 M6 H11 J8 G6 G10 E5 F5 F6 M7 L12 G3 G5 K12 M12 H2 D6 G11
Tree:
: T  51.06c W  52.37c S   0.88c ( +1.9 L  +1.3) N    6795  --  G2 E2 J5 E4 L5 M5 K6
---White(^)---
G2  : T  52.02c W  53.46c S   0.93c ( +1.9 L  +1.4) LCB   50.21c P 35.53% WF 5249.7 PSV    5184 N    6041  --  G2 E2 J5 E4 L5 M5 K6 M6
J5  : T  44.17c W  44.60c S   0.55c ( +1.7 L  +1.2) LCB   39.42c P 53.66% WF 579.7 PSV     638 N     637  --  J5 G2 J7 G11 F12 G10 E4 K6
E4  : T  39.40c W  38.76c S   0.05c ( +1.4 L  +1.0) LCB   26.98c P  6.73% WF  60.3 PSV      63 N      66  --  E4 G2 J5 J4 J6 K7 K6 L5
E2  : T  46.67c W  47.24c S   0.43c ( +1.6 L  +1.1) LCB   31.00c P  2.17% WF  44.2 PSV      44 N      46  --  E2 D2 J5 K6 K7 J6 H5 H3
H3  : T   0.74c W  11.35c S  -1.74c ( +0.1 L  -0.1) LCB  -80.01c P  0.94% WF   2.2 PSV       2 N       3  --  H3 E4 E5
J7  : T  -2.76c W  -0.66c S  -2.11c ( -0.2 L  -0.5) LCB -352.76c P  0.55% WF   0.8 PSV       1 N       1  --  J7

2024-05-31 22:14:20-0400: = G2
2024-05-31 22:14:28-0400: Controller: kata-list_time_settings
2024-05-31 22:14:28-0400: = none absolute byoyomi canadian fischer fischer-capped
2024-05-31 22:14:28-0400: Controller: play black e2
2024-05-31 22:14:28-0400: = 
2024-05-31 22:14:28-0400: Controller: genmove white
2024-05-31 22:14:29-0400: MoveNum: 35 HASH: 80CE185268C534F589336AEA51C1EC6C
   A B C D E F G H J K L M N
13 . . . . . . . . . . . . .
12 . . . . . . . . . . . . .
11 . . . O . O . . . X X O .
10 . . O . . . . . . X O O .
 9 . . X X . . . . . . X O .
 8 . . . . . . . . . . X O .
 7 . . . . . . . . . . O . .
 6 . . X . . . . . . . . . .
 5 . X . . . . . . @ X . . .
 4 . . O O . O . X . O X . .
 3 . . . . X O . . . O X . .
 2 . . X . X3X1O2. O . X . .
 1 . . . . . . . . . . . . .

koPOSITIONALscoreAREAtaxNONEsui1komi7.5
Time taken: 0.532
Root visits: 10018
New playouts: 354
NN rows: 269
NN batches: 26
NN avg batch size: 10.3462
PV: J5 E4 L5 M5 K6 M6 F6 E5 H11 H10 G10 H9 J11 G9 F9 E10 F10 F8 G8 E11 E8 F12 E9 M7 M12
Tree:
: T  52.02c W  52.39c S   0.97c ( +2.0 L  +1.5) N   10018  --  J5 E4 L5 M5 K6 M6 F6
---White(^)---
J5  : T  52.58c W  52.87c S   1.01c ( +2.1 L  +1.5) LCB   51.01c P 63.75% WF 7795.4 PSV    7737 N    9682  --  J5 E4 L5 M5 K6 M6 F6 E5
E4  : T  36.23c W  38.84c S  -0.25c ( +1.2 L  +0.8) LCB   28.32c P 35.76% WF 273.4 PSV     329 N     334  --  E4 G3 J5 H2 K6 L5 H5 J8
F6  : T -21.85c W -19.23c S  -2.62c ( -0.4 L  -1.8) LCB -371.85c P  0.12% WF   0.5 PSV       0 N       1  --  F6

2024-05-31 22:14:29-0400: = J5
2024-05-31 22:14:37-0400: Controller: kata-list_time_settings
2024-05-31 22:14:37-0400: = none absolute byoyomi canadian fischer fischer-capped
2024-05-31 22:14:37-0400: Controller: play black k6
2024-05-31 22:14:38-0400: = 
2024-05-31 22:14:38-0400: Controller: genmove white
2024-05-31 22:14:38-0400: MoveNum: 37 HASH: 0593D20DF5219AB0B6A3694B43A6A839
   A B C D E F G H J K L M N
13 . . . . . . . . . . . . .
12 . . . . . . . . . . . . .
11 . . . O . O . . . X X O .
10 . . O . . . . . . X O O .
 9 . . X X . . . . . . X O .
 8 . . . . . . . . . . X O .
 7 . . . . . . . . . . O . .
 6 . . X . . . . . . X3. . .
 5 . X . . . . . . O2X . . .
 4 . . O O @ O . X . O X . .
 3 . . . . X O . . . O X . .
 2 . . X . X1X O . O . X . .
 1 . . . . . . . . . . . . .

koPOSITIONALscoreAREAtaxNONEsui1komi7.5
Time taken: 0.515
Root visits: 662
New playouts: 305
NN rows: 278
NN batches: 26
NN avg batch size: 10.6923
PV: E4 K7 L6 H5 H6 M5 L12 H3 H2 G6 B2 C3
Tree:
: T  64.07c W  64.16c S   1.45c ( +3.4 L  +3.0) N     662  --  E4 K7 L6 H5 H6 M5 L12
---White(^)---
E4  : T  67.14c W  66.18c S   1.82c ( +3.6 L  +3.4) LCB   60.31c P 37.64% WF 347.5 PSV     339 N     427  --  E4 K7 L6 H5 H6 M5 L12 H3
K7  : T  58.65c W  60.58c S   0.70c ( +2.8 L  +2.3) LCB   47.18c P 42.23% WF 153.7 PSV      90 N     179  --  K7 J6 E4 G3 H6 H2 J7 H5
L6  : T  61.83c W  63.59c S   1.41c ( +3.4 L  +2.7) LCB   41.87c P 13.83% WF  45.8 PSV      41 N      51  --  L6 K7 L5 M5 N6 H6 H5 G5
H5  : T  30.31c W  32.49c S  -2.19c ( +0.9 L  +0.7) LCB -319.69c P  2.48% WF   0.8 PSV       1 N       1  --  H5
G5  : T -10.88c W  -6.47c S  -4.41c ( -0.7 L  -0.9) LCB -360.88c P  1.44% WF   0.6 PSV       0 N       1  --  G5
M5  : T  21.39c W  23.72c S  -2.33c ( +0.7 L  +0.5) LCB -328.61c P  0.87% WF   0.7 PSV       0 N       1  --  M5
G6  : T  13.45c W  15.96c S  -2.51c ( +0.7 L  +0.1) LCB -336.55c P  0.64% WF   0.6 PSV       0 N       1  --  G6

2024-05-31 22:14:38-0400: = E4
2024-05-31 22:14:47-0400: Controller: kata-list_time_settings
2024-05-31 22:14:47-0400: = none absolute byoyomi canadian fischer fischer-capped
2024-05-31 22:14:47-0400: Controller: play black k7
2024-05-31 22:14:47-0400: = 
2024-05-31 22:14:47-0400: Controller: genmove white
2024-05-31 22:14:47-0400: MoveNum: 39 HASH: F38576C6B6B7DBECC71D20C679EF78D3
   A B C D E F G H J K L M N
13 . . . . . . . . . . . . .
12 . . . . . . . . . . . . .
11 . . . O . O . . . X X O .
10 . . O . . . . . . X O O .
 9 . . X X . . . . . . X O .
 8 . . . . . . . . . . X O .
 7 . . . . . . . . . X3O . .
 6 . . X . . . . . . X1@ . .
 5 . X . . . . . . O X . . .
 4 . . O O O2O . X . O X . .
 3 . . . . X O . . . O X . .
 2 . . X . X X O . O . X . .
 1 . . . . . . . . . . . . .

koPOSITIONALscoreAREAtaxNONEsui1komi7.5
Time taken: 0.5
Root visits: 2890
New playouts: 448
NN rows: 268
NN batches: 25
NN avg batch size: 10.72
PV: L6 M5 M12 B4 C3 B3 H5 G11 F10 G10 G12 H12 F12 G5 G6 H6 F5 J4 G4
Tree:
: T  84.85c W  81.82c S   1.99c ( +4.2 L  +4.0) N    2890  --  L6 M5 M12 B4 C3 B3 H5
---White(^)---
L6  : T  85.56c W  82.52c S   2.08c ( +4.3 L  +4.1) LCB   83.48c P 65.60% WF 2942.9 PSV    2929 N    2698  --  L6 M5 M12 B4 C3 B3 H5 G11
M12 : T  78.55c W  74.38c S   0.94c ( +3.6 L  +3.1) LCB   65.14c P  9.35% WF  63.1 PSV      67 N      74  --  M12 B4 C3 B3 H5 G5
L12 : T  66.47c W  64.18c S  -0.23c ( +2.8 L  +2.3) LCB   49.62c P 12.22% WF  30.2 PSV      35 N      43  --  L12 K12 L6 H3 H2 M5 M12 B3
M6  : T  71.51c W  68.47c S   0.16c ( +3.0 L  +2.7) LCB   58.13c P  2.73% WF  44.1 PSV      11 N      58  --  M6 H5 H3 M5 M12 B4 J4 G11
M5  : T  16.60c W  23.06c S  -3.31c ( +0.5 L  +0.4) LCB  -16.13c P  6.18% WF   3.7 PSV       5 N       8  --  M5 M7 N7 L6 L12
B3  : T  17.17c W  27.09c S  -2.97c ( +0.8 L  +0.7) LCB -133.38c P  2.56% WF   1.2 PSV       2 N       2  --  B3 M12
H5  : T -18.94c W   8.96c S  -2.94c ( +0.9 L  +0.2) LCB -196.25c P  0.06% WF   0.9 PSV       0 N       2  --  H5 M12
K9  : T  34.85c W  37.38c S  -2.53c ( +1.2 L  +0.7) LCB -315.15c P  0.54% WF   0.6 PSV       0 N       1  --  K9
B2  : T -39.41c W -32.89c S  -6.51c ( -1.5 L  -2.1) LCB -389.41c P  0.30% WF   0.3 PSV       0 N       1  --  B2
K8  : T  46.38c W  47.77c S  -1.39c ( +2.0 L  +1.1) LCB -303.62c P  0.19% WF   0.7 PSV       0 N       1  --  K8

2024-05-31 22:14:47-0400: = L6
2024-05-31 22:14:56-0400: Controller: kata-list_time_settings
2024-05-31 22:14:56-0400: = none absolute byoyomi canadian fischer fischer-capped
2024-05-31 22:14:56-0400: Controller: play black h5
2024-05-31 22:14:56-0400: = 
2024-05-31 22:14:56-0400: Controller: genmove white
2024-05-31 22:14:56-0400: MoveNum: 41 HASH: 9CAC14EAD56C8F095F48F51DC655A8FB
   A B C D E F G H J K L M N
13 . . . . . . . . . . . . .
12 . . . . . . . . . . . . .
11 . . . O . O . . . X X O .
10 . . O . . . . . . X O O .
 9 . . X X . . . . . . X O .
 8 . . . . . . . . . . X O .
 7 . . . . . . . . . X1O . .
 6 . . X . . . . . . X O2. .
 5 . X . . . . . X3O X . . .
 4 . . O O O O . X . O X . .
 3 . . . . X O . . . O X . .
 2 . @ X . X X O . O . X . .
 1 . . . . . . . . . . . . .

koPOSITIONALscoreAREAtaxNONEsui1komi7.5
Time taken: 0.531
Root visits: 1381
New playouts: 649
NN rows: 272
NN batches: 25
NN avg batch size: 10.88
PV: B2 G3 H2 B1 C3 D1 H6 J6 D3 D2 B3 K2
Tree:
: T  87.56c W  83.25c S   3.62c ( +7.0 L  +7.1) N    1381  --  B2 G3 H2 B1 C3 D1 H6
---White(^)---
B2  : T  90.40c W  85.51c S   4.23c ( +7.3 L  +7.6) LCB   86.68c P 19.54% WF 1250.4 PSV    1222 N    1161  --  B2 G3 H2 B1 C3 D1 H6 J6
H6  : T  65.03c W  65.22c S  -1.18c ( +3.7 L  +3.3) LCB   52.50c P 23.51% WF  56.6 PSV      37 N      94  --  H6 M5 M12 G6 B3 B2
H3  : T  48.95c W  53.51c S  -5.79c ( +1.1 L  +0.9) LCB   34.11c P 31.39% WF  24.5 PSV      31 N      36  --  H3 M5 L12 B4 J4 H6 K2 K12
L5  : T  72.00c W  70.21c S   0.56c ( +4.9 L  +4.7) LCB   61.81c P  9.79% WF  41.1 PSV      21 N      62  --  L5 M5 N6 H3 G3 H2 H1 B3
J6  : T  50.86c W  55.69c S  -2.47c ( +2.8 L  +2.0) LCB   10.52c P  5.39% WF   8.4 PSV       5 N      14  --  J6 M5 L12 J4 B2
B3  : T  12.37c W  19.73c S  -4.57c ( +1.0 L  +0.5) LCB  -56.66c P  7.91% WF   2.9 PSV       4 N       8  --  B3 G3 H3 G4 J4 H6
K8  : T  45.60c W  50.52c S  -2.91c ( +2.4 L  +1.8) LCB -105.09c P  0.91% WF   1.3 PSV       0 N       2  --  K8 K9
C3  : T  17.74c W  30.56c S  -4.68c ( +1.0 L  +0.7) LCB -140.70c P  0.63% WF   1.2 PSV       0 N       2  --  C3 B2
J4  : T  42.29c W  45.76c S  -3.47c ( +2.1 L  +1.2) LCB -307.71c P  0.54% WF   0.6 PSV       0 N       1  --  J4

2024-05-31 22:14:56-0400: = B2
2024-05-31 22:15:05-0400: Controller: kata-list_time_settings
2024-05-31 22:15:05-0400: = none absolute byoyomi canadian fischer fischer-capped
2024-05-31 22:15:05-0400: Controller: play black g3
2024-05-31 22:15:05-0400: = 
2024-05-31 22:15:05-0400: Controller: genmove white
2024-05-31 22:15:06-0400: MoveNum: 43 HASH: 48B9B4CF7DDC69AF98BC4A6C0C0F502E
   A B C D E F G H J K L M N
13 . . . . . . . . . . . . .
12 . . . . . . . . . . . . .
11 . . . O . O . . . X X O .
10 . . O . . . . . . X O O .
 9 . . X X . . . . . . X O .
 8 . . . . . . . . . . X O .
 7 . . . . . . . . . X O . .
 6 . . X . . . . . . X O . .
 5 . X . . . . . X1O X . . .
 4 . . O O O O . X . O X . .
 3 . . . . X O X3. . O X . .
 2 . O2X . X X O @ O . X . .
 1 . . . . . . . . . . . . .

koPOSITIONALscoreAREAtaxNONEsui1komi7.5
Time taken: 0.547
Root visits: 5962
New playouts: 1081
NN rows: 268
NN batches: 27
NN avg batch size: 9.92593
PV: H2 D10 B11 B1 B3 G1 C3 D2 H3 G4 J4 H6 K2 K1 H1
Tree:
: T  94.14c W  89.38c S   3.97c ( +8.5 L  +8.8) N    5962  --  H2 D10 B11 B1 B3 G1 C3
---White(^)---
H2  : T  94.82c W  89.84c S   4.24c ( +8.6 L  +9.0) LCB   93.38c P 46.99% WF 6746.8 PSV    6686 N    5522  --  H2 D10 B11 B1 B3 G1 C3 D2
H3  : T  82.14c W  81.40c S  -0.92c ( +5.2 L  +5.1) LCB   76.50c P 52.42% WF 363.8 PSV     425 N     437  --  H3 G4 C3 G1 H2 K2 D2 D10
H6  : T -107.71c W -92.27c S -15.44c ( -5.8 L  -9.9) LCB -457.71c P  0.31% WF   0.6 PSV       0 N       1  --  H6
G1  : T -100.70c W -87.02c S -13.68c ( -4.0 L -12.3) LCB -450.70c P  0.03% WF   0.4 PSV       0 N       1  --  G1

2024-05-31 22:15:06-0400: = H2
2024-05-31 22:15:14-0400: Controller: kata-list_time_settings
2024-05-31 22:15:14-0400: = none absolute byoyomi canadian fischer fischer-capped
2024-05-31 22:15:14-0400: Controller: play black m5
2024-05-31 22:15:14-0400: = 
2024-05-31 22:15:14-0400: Controller: genmove white
2024-05-31 22:15:15-0400: MoveNum: 45 HASH: 7E1BAD4C5C966B1246C9872F9D26FD57
   A B C D E F G H J K L M N
13 . . . . . . . . . . . . .
12 . . . . . . . . . . . @ .
11 . . . O . O . . . X X O .
10 . . O . . . . . . X O O .
 9 . . X X . . . . . . X O .
 8 . . . . . . . . . . X O .
 7 . . . . . . . . . X O . .
 6 . . X . . . . . . X O . .
 5 . X . . . . . X O X . X3.
 4 . . O O O O . X . O X . .
 3 . . . . X O X1. . O X . .
 2 . O X . X X O O2O . X . .
 1 . . . . . . . . . . . . .

koPOSITIONALscoreAREAtaxNONEsui1komi7.5
Time taken: 0.516
Root visits: 1608
New playouts: 500
NN rows: 258
NN batches: 27
NN avg batch size: 9.55556
PV: M12 G1 H6 G5 C3 D2 H3 G4 J4 G6 J6
Tree:
: T  98.21c W  93.74c S   4.03c ( +8.7 L  +9.0) N    1608  --  M12 G1 H6 G5 C3 D2 H3
---White(^)---
M12 : T  99.09c W  94.53c S   4.23c ( +8.8 L  +9.2) LCB   97.33c P 43.84% WF 2271.3 PSV    2257 N    1455  --  M12 G1 H6 G5 C3 D2 H3 G4
L12 : T  87.09c W  83.88c S   2.14c ( +7.5 L  +7.8) LCB   74.23c P 24.02% WF  79.9 PSV      77 N      93  --  L12 B1 C3 D2 B3 G1 H3 G4
M6  : T  84.05c W  80.45c S  -0.75c ( +5.7 L  +5.6) LCB   67.28c P 13.71% WF  38.0 PSV      35 N      45  --  M6 B3 C3 N6 N7 B1 D2
K8  : T  47.43c W  47.96c S  -5.21c ( +2.3 L  +2.1) LCB   12.30c P  5.26% WF   2.7 PSV       4 N       6  --  K8 K9 M12 B1 C3
J6  : T -55.22c W -42.28c S -12.10c ( -2.6 L  -2.6) LCB -219.98c P  5.42% WF   0.7 PSV       1 N       2  --  J6 M12
M13 : T  51.25c W  61.80c S  -3.49c ( +3.6 L  +3.3) LCB -102.55c P  1.21% WF   1.1 PSV       1 N       2  --  M13 B1
K9  : T  27.03c W  33.61c S  -6.58c ( +1.4 L  +0.7) LCB -322.97c P  2.51% WF   0.5 PSV       1 N       1  --  K9
H6  : T -62.29c W -50.17c S -12.12c ( -2.6 L  -2.5) LCB -412.29c P  1.60% WF   0.4 PSV       0 N       1  --  H6
C3  : T -91.52c W -76.92c S -14.60c ( -3.9 L  -4.3) LCB -441.52c P  1.16% WF   0.4 PSV       0 N       1  --  C3
B4  : T -65.11c W -52.83c S -12.29c ( -2.8 L  -4.1) LCB -415.11c P  0.32% WF   0.4 PSV       0 N       1  --  B4

2024-05-31 22:15:15-0400: = M12
2024-05-31 22:15:23-0400: Controller: kata-list_time_settings
2024-05-31 22:15:23-0400: = none absolute byoyomi canadian fischer fischer-capped
2024-05-31 22:15:23-0400: Controller: play black d2
2024-05-31 22:15:23-0400: = 
2024-05-31 22:15:23-0400: Controller: genmove white
2024-05-31 22:15:24-0400: MoveNum: 47 HASH: B734683D96FB414DC6B2592FF6998C45
   A B C D E F G H J K L M N
13 . . . . . . . . . . . . .
12 . . . . . . . . . . . O2.
11 . . . O . O . . . X X O .
10 . . O . . . . . . X O O .
 9 . . X X . . . . . . X O .
 8 . . . . . . . . . . X O .
 7 . . . . . . . . . X O . .
 6 . . X . . . . . . X O . .
 5 . X . . . . . X O X . X1.
 4 . . O O O O . X . O X . .
 3 . . @ . X O X . . O X . .
 2 . O X X3X X O O O . X . .
 1 . . . . . . . . . . . . .

koPOSITIONALscoreAREAtaxNONEsui1komi7.5
Time taken: 0.516
Root visits: 2442
New playouts: 1186
NN rows: 265
NN batches: 25
NN avg batch size: 10.6
PV: C3 K2 G1 G11 F10 J3 F1 G10 B9
Tree:
: T 100.22c W  95.53c S   4.52c ( +9.5 L  +9.9) N    2442  --  C3 K2 G1 G11 F10 J3 F1
---White(^)---
C3  : T 100.57c W  95.82c S   4.59c ( +9.5 L  +9.9) LCB   99.28c P 63.11% WF 4246.4 PSV    4238 N    2390  --  C3 K2 G1 G11 F10 J3 F1 G10
H6  : T  55.88c W  59.33c S  -4.10c ( +3.7 L  +3.4) LCB   34.04c P 18.13% WF  16.9 PSV      22 N      34  --  H6 J4 B4 B1 F9 E10
B4  : T  39.42c W  44.93c S  -6.43c ( +1.8 L  +1.2) LCB   13.59c P  5.61% WF   3.5 PSV       5 N       6  --  B4 K2 H6 J6
J6  : T -23.60c W -10.06c S  -9.88c ( -1.1 L  -1.1) LCB  -98.50c P  6.18% WF   1.5 PSV       2 N       5  --  J6 J4 H6
B1  : T -27.59c W -19.08c S  -8.51c ( +0.3 L  -2.3) LCB -377.59c P  2.60% WF   0.3 PSV       1 N       1  --  B1
C1  : T -109.99c W -92.89c S -17.10c ( -8.0 L -19.9) LCB -459.99c P  1.59% WF   0.4 PSV       0 N       1  --  C1
B3  : T -13.49c W  -4.04c S  -9.46c ( -0.8 L  -0.8) LCB -363.49c P  1.24% WF   0.3 PSV       0 N       1  --  B3
K8  : T -20.73c W -10.97c S  -9.76c ( -1.0 L  -0.8) LCB -370.73c P  0.71% WF   0.4 PSV       0 N       1  --  K8
J4  : T  -8.41c W -11.38c S  -8.87c ( -0.6 L  -2.5) LCB -358.41c P  0.20% WF   0.3 PSV       0 N       1  --  J4
H3  : T -91.72c W -78.07c S -13.65c ( -4.3 L  -7.7) LCB -441.72c P  0.19% WF   0.3 PSV       0 N       1  --  H3

2024-05-31 22:15:24-0400: = C3
2024-05-31 22:15:32-0400: Controller: kata-list_time_settings
2024-05-31 22:15:32-0400: = none absolute byoyomi canadian fischer fischer-capped
2024-05-31 22:15:32-0400: Controller: play black b1
2024-05-31 22:15:32-0400: = 
2024-05-31 22:15:33-0400: Controller: genmove white
2024-05-31 22:15:33-0400: MoveNum: 49 HASH: 7BB780C6686892F1717C78D37D31DE0E
   A B C D E F G H J K L M N
13 . . . . . . . . . . . . .
12 . . . . . . . . . . . O .
11 . . . O . O . . . X X O .
10 . . O . . . . . . X O O .
 9 . . X X . . . . . . X O .
 8 . . . . . . . . . . X O .
 7 . . . . . . . . . X O . .
 6 . . X . . . . . . X O . .
 5 . X . . . . . X O X . X .
 4 . . O O O O . X . O X . .
 3 . @ O2. X O X . . O X . .
 2 . O X X1X X O O O . X . .
 1 . X3. . . . . . . . . . .

koPOSITIONALscoreAREAtaxNONEsui1komi7.5
Time taken: 0.532
Root visits: 2031
New playouts: 699
NN rows: 267
NN batches: 26
NN avg batch size: 10.2692
PV: B3 B10 B11 D10 C11 G1 H3 E11 H6 E12 B9
Tree:
: T 100.75c W  95.38c S   5.09c (+10.7 L +11.3) N    2031  --  B3 B10 B11 D10 C11 G1 H3
---White(^)---
B3  : T 101.58c W  95.99c S   5.33c (+10.9 L +11.4) LCB   99.96c P 33.53% WF 3367.8 PSV    3347 N    1874  --  B3 B10 B11 D10 C11 G1 H3 E11
A3  : T  64.98c W  69.40c S  -3.59c ( +4.9 L  +4.8) LCB   45.06c P 32.06% WF  32.4 PSV      43 N      56  --  A3 G1 K2 J4 H1 K1 F1 H3
A2  : T  90.46c W  89.57c S   1.09c ( +8.1 L  +8.5) LCB   79.75c P  7.65% WF  49.8 PSV      33 N      52  --  A2 G1 K2 H3 H1 J4 F1 K1
H6  : T  65.32c W  65.91c S  -4.50c ( +4.3 L  +4.0) LCB   46.33c P 14.45% WF  16.2 PSV      20 N      30  --  H6 G6 A3 H3 K2 G1
B4  : T  68.40c W  71.68c S  -4.22c ( +4.5 L  +4.5) LCB   46.11c P  5.26% WF   6.2 PSV       8 N      10  --  B4 K2 G1 A2 B3 C1
J6  : T  17.19c W  29.01c S  -7.80c ( +1.2 L  +0.9) LCB  -42.45c P  4.84% WF   1.5 PSV       2 N       4  --  J6 J4
K8  : T -42.60c W -30.00c S -12.59c ( -2.5 L  -2.0) LCB -392.60c P  0.87% WF   0.4 PSV       0 N       1  --  K8
F7  : T  -3.12c W   5.67c S  -8.79c ( +0.2 L  +0.0) LCB -353.12c P  0.24% WF   0.5 PSV       0 N       1  --  F7
J4  : T  -0.86c W   8.46c S  -9.33c ( -0.2 L  -0.7) LCB -350.86c P  0.24% WF   0.3 PSV       0 N       1  --  J4
H3  : T -67.62c W -54.37c S -13.25c ( -3.5 L  -4.4) LCB -417.62c P  0.23% WF   0.3 PSV       0 N       1  --  H3

2024-05-31 22:15:33-0400: = B3
2024-05-31 22:15:42-0400: Controller: kata-list_time_settings
2024-05-31 22:15:42-0400: = none absolute byoyomi canadian fischer fischer-capped
2024-05-31 22:15:42-0400: Controller: play black e10
2024-05-31 22:15:42-0400: = 
2024-05-31 22:15:42-0400: Controller: genmove white
2024-05-31 22:15:42-0400: MoveNum: 51 HASH: 5307729A523956E2E52A45174A763AC8
   A B C D E F G H J K L M N
13 . . . . . . . . . . . . .
12 . . . . . . . . . . . O .
11 . . . O @ O . . . X X O .
10 . . O . X3. . . . X O O .
 9 . . X X . . . . . . X O .
 8 . . . . . . . . . . X O .
 7 . . . . . . . . . X O . .
 6 . . X . . . . . . X O . .
 5 . X . . . . . X O X . X .
 4 . . O O O O . X . O X . .
 3 . O2O . X O X . . O X . .
 2 . O X X X X O O O . X . .
 1 . X1. . . . . . . . . . .

koPOSITIONALscoreAREAtaxNONEsui1komi7.5
Time taken: 0.515
Root visits: 952
New playouts: 472
NN rows: 274
NN batches: 26
NN avg batch size: 10.5385
PV: E11 B10 B11 D10 K2 C11 C12 J4 G1 H11 F10
Tree:
: T 102.80c W  97.47c S   5.10c (+10.7 L +11.2) N     952  --  E11 B10 B11 D10 K2 C11 C12
---White(^)---
E11 : T 103.94c W  97.76c S   5.89c (+11.2 L +11.6) LCB  101.74c P 26.91% WF 1867.2 PSV    1850 N     790  --  E11 B10 B11 D10 K2 C11 C12 J4
K2  : T  92.69c W  95.08c S  -1.46c ( +6.8 L  +7.1) LCB   87.00c P 34.66% WF  96.1 PSV      96 N      65  --  K2 E11 E12 J4 G1 F12 D12 G12
H6  : T  94.71c W  95.15c S   0.00c ( +7.6 L  +8.1) LCB   86.65c P 14.59% WF  45.3 PSV      48 N      32  --  H6 J4 G5 J6 G1 E11
J4  : T  94.81c W  96.37c S  -1.26c ( +6.9 L  +7.3) LCB   86.78c P  8.39% WF  33.2 PSV      28 N      21  --  J4 H6 H3 E11 E12
H3  : T  96.28c W  95.77c S  -1.23c ( +6.9 L  +7.5) LCB   89.75c P  5.97% WF  30.9 PSV      23 N      21  --  H3 G4 J4 H6 K2 E11 E12 F12
G12 : T  97.30c W  95.59c S   2.60c ( +9.2 L  +9.5) LCB   79.50c P  1.38% WF  17.9 PSV       6 N      11  --  G12 K2 G1 C11 B11
J6  : T  86.35c W  89.75c S   0.08c ( +7.6 L  +7.6) LCB   47.53c P  2.79% WF   4.9 PSV       5 N       5  --  J6 J4 G4
G1  : T  87.09c W  94.56c S  -5.36c ( +4.6 L  +4.6) LCB   43.24c P  2.72% WF   5.8 PSV       5 N       4  --  G1 E11 E12 F12
K8  : T  89.44c W  91.10c S  -1.66c ( +6.6 L  +6.2) LCB -260.56c P  0.51% WF   1.2 PSV       1 N       1  --  K8
G6  : T  80.27c W  84.78c S  -4.51c ( +4.8 L  +4.7) LCB -269.73c P  0.41% WF   1.0 PSV       0 N       1  --  G6

2024-05-31 22:15:42-0400: = E11
2024-05-31 22:15:52-0400: Controller: quit
2024-05-31 22:15:52-0400: Quit requested by controller
2024-05-31 22:15:52-0400: = 
2024-05-31 22:15:52-0400: GPU -1 finishing, processed 125527 rows 11328 batches
2024-05-31 22:15:52-0400: All cleaned up, quitting
