2024-06-08 18:00:12-0400: Running with following config:
allowResignation = true
lagBuffer = 1.0
logAllGTPCommunication = true
logDir = gtp_logs
logSearchInfo = true
logSearchInfoForChosenMove = false
logToStderr = false
maxTime = 0.5
maxTimePondering = 120.0
numSearchThreads = 16
ogsChatToStderr = true
ponderingEnabled = true
resignConsecTurns = 3
resignThreshold = -0.90
rules = tromp-taylor
searchFactorAfterOnePass = 0.50
searchFactorAfterTwoPass = 0.25
searchFactorWhenWinning = 0.40
searchFactorWhenWinningThreshold = 0.95

2024-06-08 18:00:12-0400: GTP Engine starting...
2024-06-08 18:00:12-0400: KataGo v1.14.1
2024-06-08 18:00:12-0400: Using TrompTaylor rules initially, unless GTP/GUI overrides this
2024-06-08 18:00:12-0400: Using 16 CPU thread(s) for search
2024-06-08 18:00:12-0400: nnRandSeed0 = 4117270414086786925
2024-06-08 18:00:12-0400: After dedups: nnModelFile0 = C:/Users/chang/Downloads/kata1-b60c320-s9482697216-d3873382264.bin.gz useFP16 auto useNHWC auto
2024-06-08 18:00:12-0400: Initializing neural net buffer to be size 19 * 19 exactly
2024-06-08 18:00:21-0400: Found OpenCL Platform 0: NVIDIA CUDA (NVIDIA Corporation) (OpenCL 3.0 CUDA 12.4.89)
2024-06-08 18:00:21-0400: Found 1 device(s) on platform 0 with type CPU or GPU or Accelerator
2024-06-08 18:00:21-0400: Found OpenCL Platform 1: Intel(R) OpenCL Graphics (Intel(R) Corporation) (OpenCL 3.0 )
2024-06-08 18:00:21-0400: Found 1 device(s) on platform 1 with type CPU or GPU or Accelerator
2024-06-08 18:00:21-0400: Found OpenCL Device 0: NVIDIA GeForce RTX 4060 Laptop GPU (NVIDIA Corporation) (score 11000300)
2024-06-08 18:00:21-0400: Found OpenCL Device 1: Intel(R) UHD Graphics (Intel(R) Corporation) (score 6000300)
2024-06-08 18:00:21-0400: Creating context for OpenCL Platform: NVIDIA CUDA (NVIDIA Corporation) (OpenCL 3.0 CUDA 12.4.89)
2024-06-08 18:00:21-0400: Using OpenCL Device 0: NVIDIA GeForce RTX 4060 Laptop GPU (NVIDIA Corporation) OpenCL 3.0 CUDA (Extensions: cl_khr_global_int32_base_atomics cl_khr_global_int32_extended_atomics cl_khr_local_int32_base_atomics cl_khr_local_int32_extended_atomics cl_khr_fp64 cl_khr_3d_image_writes cl_khr_byte_addressable_store cl_khr_icd cl_khr_gl_sharing cl_nv_compiler_options cl_nv_device_attribute_query cl_nv_pragma_unroll cl_nv_d3d10_sharing cl_khr_d3d10_sharing cl_nv_d3d11_sharing cl_nv_copy_opts cl_nv_create_buffer cl_khr_int64_base_atomics cl_khr_int64_extended_atomics cl_khr_device_uuid cl_khr_pci_bus_info cl_khr_external_semaphore cl_khr_external_memory cl_khr_external_semaphore_win32 cl_khr_external_memory_win32)
2024-06-08 18:00:21-0400: Loaded tuning parameters from: C:\Users\chang\Downloads\katago-v1.14.1-opencl-windows-x64/KataGoData/opencltuning/tune11_gpuNVIDIAGeForceRTX4060LaptopGPU_x19_y19_c320_mv10.txt
2024-06-08 18:00:22-0400: OpenCL backend thread 0: Model version 10
2024-06-08 18:00:22-0400: OpenCL backend thread 0: Model name: kata1-b60c320-s9482697216-d3873382264
2024-06-08 18:00:34-0400: OpenCL backend thread 0: FP16Storage true FP16Compute false FP16TensorCores true FP16TensorCoresFor1x1 false
2024-06-08 18:00:34-0400: Loaded neural net with nnXLen 19 nnYLen 19
2024-06-08 18:00:34-0400: Initializing board with boardXSize 19 boardYSize 19
2024-06-08 18:00:34-0400: Loaded config C:/Users/chang/Downloads/katago-v1.14.1-opencl-windows-x64/doudoubot.cfg
2024-06-08 18:00:34-0400: Loaded model C:/Users/chang/Downloads/kata1-b60c320-s9482697216-d3873382264.bin.gz
2024-06-08 18:00:34-0400: Model name: kata1-b60c320-s9482697216-d3873382264
2024-06-08 18:00:34-0400: GTP ready, beginning main protocol loop
2024-06-08 18:00:34-0400: Controller: list_commands
2024-06-08 18:00:34-0400: = protocol_version
name
version
known_command
list_commands
quit
boardsize
rectangular_boardsize
clear_board
set_position
komi
get_komi
play
undo
kata-get-rules
kata-set-rule
kata-set-rules
kata-get-param
kata-set-param
kata-list-params
kgs-rules
genmove
genmove_debug
search_debug
clear_cache
showboard
fixed_handicap
place_free_handicap
set_free_handicap
time_settings
kgs-time_settings
time_left
kata-list_time_settings
kata-time_settings
final_score
final_status_list
loadsgf
printsgf
lz-genmove_analyze
kata-genmove_analyze
lz-analyze
kata-analyze
kata-raw-nn
cputime
gomill-cpu_time
kata-benchmark
kata-debug-print-tc
debug_moves
stop
2024-06-08 18:00:34-0400: Controller: boardsize 9
2024-06-08 18:00:34-0400: GPU -1 finishing, processed 0 rows 0 batches
2024-06-08 18:00:34-0400: Cleaned up old neural net and bot
2024-06-08 18:00:34-0400: nnRandSeed0 = 1532182611568740854
2024-06-08 18:00:34-0400: After dedups: nnModelFile0 = C:/Users/chang/Downloads/kata1-b60c320-s9482697216-d3873382264.bin.gz useFP16 auto useNHWC auto
2024-06-08 18:00:34-0400: Initializing neural net buffer to be size 9 * 9 exactly
2024-06-08 18:00:47-0400: Found OpenCL Platform 0: NVIDIA CUDA (NVIDIA Corporation) (OpenCL 3.0 CUDA 12.4.89)
2024-06-08 18:00:47-0400: Found 1 device(s) on platform 0 with type CPU or GPU or Accelerator
2024-06-08 18:00:47-0400: Found OpenCL Platform 1: Intel(R) OpenCL Graphics (Intel(R) Corporation) (OpenCL 3.0 )
2024-06-08 18:00:47-0400: Found 1 device(s) on platform 1 with type CPU or GPU or Accelerator
2024-06-08 18:00:47-0400: Found OpenCL Device 0: NVIDIA GeForce RTX 4060 Laptop GPU (NVIDIA Corporation) (score 11000300)
2024-06-08 18:00:47-0400: Found OpenCL Device 1: Intel(R) UHD Graphics (Intel(R) Corporation) (score 6000300)
2024-06-08 18:00:47-0400: Creating context for OpenCL Platform: NVIDIA CUDA (NVIDIA Corporation) (OpenCL 3.0 CUDA 12.4.89)
2024-06-08 18:00:48-0400: Using OpenCL Device 0: NVIDIA GeForce RTX 4060 Laptop GPU (NVIDIA Corporation) OpenCL 3.0 CUDA (Extensions: cl_khr_global_int32_base_atomics cl_khr_global_int32_extended_atomics cl_khr_local_int32_base_atomics cl_khr_local_int32_extended_atomics cl_khr_fp64 cl_khr_3d_image_writes cl_khr_byte_addressable_store cl_khr_icd cl_khr_gl_sharing cl_nv_compiler_options cl_nv_device_attribute_query cl_nv_pragma_unroll cl_nv_d3d10_sharing cl_khr_d3d10_sharing cl_nv_d3d11_sharing cl_nv_copy_opts cl_nv_create_buffer cl_khr_int64_base_atomics cl_khr_int64_extended_atomics cl_khr_device_uuid cl_khr_pci_bus_info cl_khr_external_semaphore cl_khr_external_memory cl_khr_external_semaphore_win32 cl_khr_external_memory_win32)
2024-06-08 18:00:48-0400: Loaded tuning parameters from: C:\Users\chang\Downloads\katago-v1.14.1-opencl-windows-x64/KataGoData/opencltuning/tune11_gpuNVIDIAGeForceRTX4060LaptopGPU_x19_y19_c320_mv10.txt
2024-06-08 18:00:49-0400: OpenCL backend thread 0: Model version 10
2024-06-08 18:00:49-0400: OpenCL backend thread 0: Model name: kata1-b60c320-s9482697216-d3873382264
2024-06-08 18:01:00-0400: OpenCL backend thread 0: FP16Storage true FP16Compute false FP16TensorCores true FP16TensorCoresFor1x1 false
2024-06-08 18:01:00-0400: Loaded neural net with nnXLen 9 nnYLen 9
2024-06-08 18:01:00-0400: Initializing board with boardXSize 9 boardYSize 9
2024-06-08 18:01:00-0400: = 
2024-06-08 18:01:00-0400: Controller: clear_board
2024-06-08 18:01:00-0400: = 
2024-06-08 18:01:00-0400: Controller: komi 7.5
2024-06-08 18:01:00-0400: = 
2024-06-08 18:01:00-0400: Controller: play black g5
2024-06-08 18:01:00-0400: = 
2024-06-08 18:01:00-0400: Controller: genmove white
2024-06-08 18:01:02-0400: MoveNum: 1 HASH: E88DE61907BF739F46D3DC7DEC9D01AA
   A B C D E F G H J
 9 . . . . . . . . .
 8 . . . . . . . . .
 7 . . . . . . . . .
 6 . . . . . . . . .
 5 . . . @ . . X1. .
 4 . . . . . . . . .
 3 . . . . . . . . .
 2 . . . . . . . . .
 1 . . . . . . . . .

koPOSITIONALscoreAREAtaxNONEsui1komi7.5
Time taken: 1.75
Root visits: 428
New playouts: 428
NN rows: 385
NN batches: 38
NN avg batch size: 10.1316
PV: D5 E5 E6 D6 E7 D7 D8 C8 F5 E4 F4 E3 F3
Tree:
: T  87.32c W  86.39c S   2.12c ( +2.1 L  +1.1) N     428  --  D5 E5 E6 D6 E7 D7 D8
---White(^)---
D5  : T  90.12c W  88.67c S   2.41c ( +2.2 L  +1.2) LCB   87.76c P 76.21% WF 377.1 PSV     370 N     222  --  D5 E5 E6 D6 E7 D7 D8 C8
E4  : T  85.56c W  84.50c S   2.29c ( +2.2 L  +1.2) LCB   79.83c P  4.67% WF  89.2 PSV       8 N      66  --  E4 E5 D5 D4 E3 D3 D2 C2
E5  : T  82.11c W  81.09c S   1.30c ( +1.7 L  +0.9) LCB   73.26c P  1.78% WF  26.0 PSV       2 N      17  --  E5 C6 E7 C4
D4  : T  82.08c W  82.62c S   1.41c ( +1.8 L  +0.8) LCB   75.87c P  2.30% WF  26.2 PSV       2 N      16  --  D4 D6 F3 E4 E3 C4 D5
C4  : T  84.61c W  84.94c S   1.58c ( +1.9 L  +0.9) LCB   77.39c P  0.97% WF  44.6 PSV       1 N      31  --  C4 D5 D4 E5 C5 C6 B6 C7
C5  : T  82.18c W  83.69c S   1.50c ( +1.8 L  +0.8) LCB   71.60c P  1.11% WF  23.7 PSV       1 N      17  --  C5 D5 D6 C4 C6 D4 F7
D3  : T  79.31c W  78.20c S   0.99c ( +1.6 L  +0.7) LCB   60.57c P  0.49% WF   9.3 PSV       0 N       7  --  D3 D6 G3 C4
F4  : T  73.02c W  76.40c S   0.56c ( +1.4 L  +0.5) LCB   47.10c P  0.17% WF   5.4 PSV       0 N       7  --  F4 F5 E4 E5 D4 D5 C4
E3  : T  78.21c W  78.10c S   0.80c ( +1.5 L  +0.6) LCB   56.45c P  0.17% WF   6.7 PSV       0 N       6  --  E3 D6 D4 G3
F5  : T  37.16c W  64.16c S  -0.64c ( +0.9 L  +0.0) LCB  -80.31c P  0.03% WF   0.5 PSV       0 N       3  --  F5 F4 E5

2024-06-08 18:01:02-0400: = D5
2024-06-08 18:01:02-0400: Controller: kata-list_time_settings
2024-06-08 18:01:02-0400: = none absolute byoyomi canadian fischer fischer-capped
2024-06-08 18:01:02-0400: Controller: play black e7
2024-06-08 18:01:02-0400: = 
2024-06-08 18:01:02-0400: Controller: genmove white
2024-06-08 18:01:03-0400: MoveNum: 3 HASH: 20360B395B4823A413B8487BD74FB516
   A B C D E F G H J
 9 . . . . . . . . .
 8 . . . . . . . . .
 7 . . . . X3. . . .
 6 . . . . . . . . .
 5 . . . O2. . X1. .
 4 . . . . . . . . .
 3 . . . . @ . . . .
 2 . . . . . . . . .
 1 . . . . . . . . .

koPOSITIONALscoreAREAtaxNONEsui1komi7.5
Time taken: 0.515
Root visits: 398
New playouts: 398
NN rows: 380
NN batches: 34
NN avg batch size: 11.1765
PV: E3 C3 F6 E6 F5 E5 F4 E4
Tree:
: T  90.55c W  89.18c S   2.25c ( +2.4 L  +1.6) N     398  --  E3 C3 F6 E6 F5 E5 F4
---White(^)---
E3  : T  95.16c W  92.38c S   3.02c ( +2.7 L  +1.9) LCB   92.49c P 39.21% WF 273.4 PSV     265 N     151  --  E3 C3 F6 E6 F5 E5 F4 E4
E4  : T  88.22c W  87.58c S   1.17c ( +1.9 L  +1.2) LCB   83.53c P 29.45% WF  86.9 PSV      47 N      53  --  E4 F6 D7 D8 F3 C7 D6
F4  : T  89.48c W  88.21c S   1.52c ( +2.1 L  +1.3) LCB   81.06c P  7.60% WF  54.3 PSV      14 N      32  --  F4 F5 E4 G4 G3 C6 C5 B5
F5  : T  91.41c W  90.39c S   2.78c ( +2.6 L  +1.8) LCB   83.21c P  4.94% WF  94.7 PSV      12 N      58  --  F5 F6 F4 G4 G6 F3 G3 H3
D3  : T  79.60c W  83.33c S   0.69c ( +1.7 L  +1.0) LCB   62.24c P 13.80% WF  36.8 PSV      11 N      25  --  D3 D6 C6 E5 C5 C7 B7
C7  : T  83.81c W  82.97c S   1.48c ( +2.1 L  +1.2) LCB   75.69c P  1.32% WF  18.5 PSV       1 N      16  --  C7 E3 F6 E6 F5
D7  : T  82.63c W  81.67c S   1.12c ( +1.9 L  +1.1) LCB   72.21c P  1.05% WF  13.6 PSV       1 N      10  --  D7 D8 F4 F5 E4
F6  : T  72.85c W  77.27c S   1.14c ( +1.9 L  +0.9) LCB   -7.28c P  0.97% WF   3.2 PSV       0 N       3  --  F6 E6 F5
C6  : T  60.32c W  71.40c S  -0.22c ( +1.3 L  +0.4) LCB  -25.60c P  0.76% WF   3.6 PSV       0 N       3  --  C6 E4 D3
F3  : T  29.15c W  31.25c S  -2.10c ( +0.4 L  -0.4) LCB -320.85c P  0.32% WF   0.5 PSV       0 N       1  --  F3

2024-06-08 18:01:03-0400: = E3
2024-06-08 18:01:17-0400: Controller: kata-list_time_settings
2024-06-08 18:01:17-0400: = none absolute byoyomi canadian fischer fischer-capped
2024-06-08 18:01:17-0400: Controller: play black c6
2024-06-08 18:01:17-0400: = 
2024-06-08 18:01:17-0400: Controller: genmove white
2024-06-08 18:01:17-0400: MoveNum: 5 HASH: 6910EEA159E6720E529052EF1770C82D
   A B C D E F G H J
 9 . . . . . . . . .
 8 . . . . . . . . .
 7 . . . . X1. . . .
 6 . . X3. . @ . . .
 5 . . . O . . X . .
 4 . . . . . . . . .
 3 . . . . O2. . . .
 2 . . . . . . . . .
 1 . . . . . . . . .

koPOSITIONALscoreAREAtaxNONEsui1komi7.5
Time taken: 0.531
Root visits: 1098
New playouts: 437
NN rows: 385
NN batches: 37
NN avg batch size: 10.4054
PV: F6 F3 F5 F4 E4 E2 D2 F2 G6 H5
Tree:
: T  94.44c W  93.13c S   1.86c ( +2.7 L  +2.0) N    1098  --  F6 F3 F5 F4 E4 E2 D2
---White(^)---
F6  : T  95.17c W  93.03c S   2.48c ( +3.0 L  +2.3) LCB   93.81c P 48.85% WF 1135.4 PSV    1126 N     689  --  F6 F3 F5 F4 E4 E2 D2 F2
C5  : T  93.44c W  93.57c S   0.73c ( +2.2 L  +1.7) LCB   90.89c P 42.28% WF 628.3 PSV     363 N     392  --  C5 D6 E5 F6 G3 H3 E6 B6
D6  : T  87.38c W  86.62c S   0.51c ( +2.1 L  +1.2) LCB   78.89c P  5.46% WF  20.4 PSV      14 N      14  --  D6 D7 C5 B6 F6 F3 F4
G3  : T  72.87c W  75.41c S  -1.36c ( +1.3 L  +0.6) LCB  -76.17c P  3.22% WF   2.6 PSV       3 N       2  --  G3 F4

2024-06-08 18:01:17-0400: = F6
2024-06-08 18:01:28-0400: Controller: kata-list_time_settings
2024-06-08 18:01:28-0400: = none absolute byoyomi canadian fischer fischer-capped
2024-06-08 18:01:28-0400: Controller: play black c5
2024-06-08 18:01:28-0400: = 
2024-06-08 18:01:28-0400: Controller: genmove white
2024-06-08 18:01:29-0400: MoveNum: 7 HASH: 923C4A6D27FCA35EFBC182C6F651ABA1
   A B C D E F G H J
 9 . . . . . . . . .
 8 . . . . . . . . .
 7 . . . . X . . . .
 6 . . X1. @ O2. . .
 5 . . X3O . . X . .
 4 . . . . . . . . .
 3 . . . . O . . . .
 2 . . . . . . . . .
 1 . . . . . . . . .

koPOSITIONALscoreAREAtaxNONEsui1komi7.5
Time taken: 0.531
Root visits: 7900
New playouts: 448
NN rows: 357
NN batches: 38
NN avg batch size: 9.39474
PV: E6 G3 D7 G6 C3 F7 D6 B3 G7 G8 H7 H8 B2 C4 B4 D3 C2 D4 E4 B5 A3 B8 D8 D2 E2
Tree:
: T  93.25c W  91.79c S   1.93c ( +2.6 L  +2.1) N    7900  --  E6 G3 D7 G6 C3 F7 D6
---White(^)---
E6  : T  94.41c W  92.71c S   2.03c ( +2.6 L  +2.2) LCB   93.69c P  4.78% WF 8194.2 PSV    8060 N    5513  --  E6 G3 D7 G6 C3 F7 D6 B3
G6  : T  91.55c W  90.46c S   1.90c ( +2.6 L  +2.0) LCB   89.88c P 34.36% WF 1784.6 PSV    1193 N    1336  --  G6 F3 H5 E2 D3 D2 C4 D6
C4  : T  91.72c W  90.68c S   1.95c ( +2.6 L  +1.9) LCB   89.14c P  4.89% WF 605.6 PSV     180 N     435  --  C4 B4 G6 H6 F5 G4 H7 F2
D6  : T  82.84c W  83.37c S   1.00c ( +2.2 L  +1.5) LCB   75.84c P 20.60% WF 155.9 PSV     174 N     147  --  D6 D7 C4 B4 G6 F3 C7 B7
F5  : T  82.25c W  82.98c S   0.11c ( +1.8 L  +1.1) LCB   77.20c P 19.33% WF 164.2 PSV     160 N     151  --  F5 G3 C3 H6 G6 H5 G2 F2
G3  : T  88.97c W  88.64c S   1.66c ( +2.5 L  +2.0) LCB   81.58c P  7.86% WF 229.5 PSV     145 N     193  --  G3 F4 D6 D7 F5 G4 F3 G7
F7  : T  88.34c W  87.38c S   0.67c ( +2.1 L  +1.3) LCB   82.66c P  2.22% WF  80.3 PSV      36 N      58  --  F7 G3 D7 C7 E8 C3 C2
D7  : T  85.70c W  84.80c S   0.55c ( +2.0 L  +1.2) LCB   76.36c P  2.84% WF  33.4 PSV      32 N      26  --  D7 D6 E6 E8 G6 D4 E4
D4  : T  83.61c W  84.75c S  -0.19c ( +1.7 L  +0.9) LCB   77.25c P  2.00% WF  49.3 PSV      18 N      38  --  D4 G3 C4 F8 G6 H6 H7
C3  : T  68.74c W  69.56c S  -0.82c ( +1.4 L  +0.8) LCB -281.26c P  0.48% WF   1.3 PSV       1 N       1  --  C3

2024-06-08 18:01:29-0400: = E6
2024-06-08 18:01:46-0400: Controller: kata-list_time_settings
2024-06-08 18:01:46-0400: = none absolute byoyomi canadian fischer fischer-capped
2024-06-08 18:01:46-0400: Controller: play black g3
2024-06-08 18:01:46-0400: = 
2024-06-08 18:01:46-0400: Controller: genmove white
2024-06-08 18:01:47-0400: MoveNum: 9 HASH: C23D145C825F7538E173DE1EE9BDCC91
   A B C D E F G H J
 9 . . . . . . . . .
 8 . . . . . . . . .
 7 . . . @ X . . . .
 6 . . X . O2O . . .
 5 . . X1O . . X . .
 4 . . . . . . . . .
 3 . . . . O . X3. .
 2 . . . . . . . . .
 1 . . . . . . . . .

koPOSITIONALscoreAREAtaxNONEsui1komi7.5
Time taken: 0.531
Root visits: 16549
New playouts: 801
NN rows: 360
NN batches: 36
NN avg batch size: 10
PV: D7 C7 G6 H5 D8 C3 H6 J6 J7 J5 C2 H7 D3 C4 G2 H2 F3 F2 E2 G1 C8 B8 B9 A8 B3
Tree:
: T  93.72c W  92.12c S   1.89c ( +2.5 L  +2.2) N   16549  --  D7 C7 G6 H5 D8 C3 H6
---White(^)---
D7  : T  93.81c W  92.32c S   1.91c ( +2.5 L  +2.1) LCB   93.16c P 36.02% WF 10833.3 PSV   16999 N    7779  --  D7 C7 G6 H5 D8 C3 H6 J6
G6  : T  93.73c W  92.02c S   1.89c ( +2.5 L  +2.2) LCB   92.98c P 57.45% WF 12050.2 PSV   12057 N    8708  --  G6 H5 D7 C7 D8 C3 H6 J6
C4  : T  82.19c W  81.91c S   0.04c ( +1.7 L  +1.1) LCB   71.33c P  3.66% WF  48.4 PSV      51 N      44  --  C4 B4 G6 D6 H5 D4 E4 E5
C3  : T  59.07c W  60.90c S  -1.83c ( +0.9 L  +0.3) LCB   47.49c P  1.53% WF   8.2 PSV       7 N      10  --  C3 D7 G6 H6 H7 H5 F2 G2
C7  : T  55.99c W  55.68c S  -1.31c ( +1.1 L  +0.5) LCB  -40.65c P  0.60% WF   2.3 PSV       2 N       3  --  C7 D7 D6
F7  : T   3.81c W   7.94c S  -4.13c ( -0.4 L  -0.4) LCB -346.19c P  0.19% WF   0.7 PSV       0 N       1  --  F7
G2  : T  51.14c W  52.91c S  -1.77c ( +0.9 L  +0.4) LCB -298.86c P  0.14% WF   0.9 PSV       0 N       1  --  G2
H6  : T -37.31c W -32.58c S  -4.74c ( -0.7 L  -2.6) LCB -387.31c P  0.08% WF   0.3 PSV       0 N       1  --  H6
F2  : T -12.44c W  -7.94c S  -4.50c ( -0.7 L  -0.7) LCB -362.44c P  0.07% WF   0.4 PSV       0 N       1  --  F2

2024-06-08 18:01:47-0400: = D7
2024-06-08 18:01:59-0400: Controller: kata-list_time_settings
2024-06-08 18:01:59-0400: = none absolute byoyomi canadian fischer fischer-capped
2024-06-08 18:01:59-0400: Controller: play black c7
2024-06-08 18:01:59-0400: = 
2024-06-08 18:01:59-0400: Controller: genmove white
2024-06-08 18:02:00-0400: MoveNum: 11 HASH: 678FAE9F93B76050F10B1E018A37014E
   A B C D E F G H J
 9 . . . . . . . . .
 8 . . . . . . . . .
 7 . . X3O2X . . . .
 6 . . X . O O @ . .
 5 . . X O . . X . .
 4 . . . . . . . . .
 3 . . . . O . X1. .
 2 . . . . . . . . .
 1 . . . . . . . . .

koPOSITIONALscoreAREAtaxNONEsui1komi7.5
Time taken: 0.531
Root visits: 17094
New playouts: 618
NN rows: 351
NN batches: 37
NN avg batch size: 9.48649
PV: G6 H5 D8 C3 H6 J6 J7 J5 C2 H7 D3 B4 F2 G8 G2 F8 D6 H2 B2 C8 B3 C4 H1 H3 A4
Tree:
: T  94.38c W  92.99c S   1.86c ( +2.5 L  +2.2) N   17094  --  G6 H5 D8 C3 H6 J6 J7
---White(^)---
G6  : T  94.66c W  93.22c S   1.92c ( +2.5 L  +2.2) LCB   94.15c P 54.89% WF 23899.0 PSV   23835 N   16446  --  G6 H5 D8 C3 H6 J6 J7 J5
E8  : T  89.82c W  89.76c S   0.46c ( +1.9 L  +1.4) LCB   87.37c P 16.24% WF 565.0 PSV     573 N     469  --  E8 C3 G6 H5 C2 D8 D6 H6
H6  : T  72.31c W  73.78c S  -0.89c ( +1.3 L  +0.7) LCB   61.71c P  7.87% WF  53.6 PSV      64 N      72  --  H6 G6 G7 H5 E8 C3 C2 B3
D8  : T  80.52c W  81.74c S  -0.08c ( +1.7 L  +1.1) LCB   68.08c P  2.61% WF  31.8 PSV      33 N      30  --  D8 H7 C3 C4 D3 C8 G2
C3  : T  11.53c W  19.97c S  -4.38c ( -0.2 L  -0.4) LCB  -34.73c P  8.48% WF  10.7 PSV      18 N      30  --  C3 D8 G6 H6 H7 H5 D6 E8
F7  : T  52.55c W  54.94c S  -2.49c ( +0.6 L  +0.3) LCB   32.03c P  3.73% WF  12.2 PSV      16 N      19  --  F7 C3 H7 F2 E2 H6 C2
G2  : T  71.42c W  73.62c S  -1.19c ( +1.2 L  +0.7) LCB   53.13c P  1.18% WF   8.4 PSV       9 N       9  --  G2 H2 G6 F2
C4  : T  60.42c W  61.61c S  -1.93c ( +0.8 L  +0.4) LCB   31.65c P  1.35% WF   5.7 PSV       7 N       7  --  C4 B4 G6 H5 D8 C3 H6 J6
F4  : T  22.82c W  28.58c S  -3.37c ( +0.1 L  -0.0) LCB  -51.83c P  1.06% WF   1.9 PSV       2 N       3  --  F4 H6 H7
D6  : T  17.50c W  21.04c S  -4.20c ( -0.2 L  -0.2) LCB -132.30c P  1.03% WF   1.2 PSV       2 N       2  --  D6 H7

2024-06-08 18:02:00-0400: = G6
2024-06-08 18:02:04-0400: Controller: kata-list_time_settings
2024-06-08 18:02:04-0400: = none absolute byoyomi canadian fischer fischer-capped
2024-06-08 18:02:04-0400: Controller: play black h5
2024-06-08 18:02:04-0400: = 
2024-06-08 18:02:04-0400: Controller: genmove white
2024-06-08 18:02:04-0400: MoveNum: 13 HASH: B2030E9E70D8F09C1EFA1038819502BC
   A B C D E F G H J
 9 . . . . . . . . .
 8 . . . @ . . . . .
 7 . . X1O X . . . .
 6 . . X . O O O2. .
 5 . . X O . . X X3.
 4 . . . . . . . . .
 3 . . . . O . X . .
 2 . . . . . . . . .
 1 . . . . . . . . .

koPOSITIONALscoreAREAtaxNONEsui1komi7.5
Time taken: 0.531
Root visits: 20047
New playouts: 625
NN rows: 340
NN batches: 37
NN avg batch size: 9.18919
PV: D8 C3 H6 J6 J7 J5 C2 H7 D3 B4 F2 G8 G2 F8 D6 H2 B2 C8 B3 C4 H1 H3 A4 A5 A3
Tree:
: T  94.27c W  93.01c S   1.83c ( +2.4 L  +2.2) N   20047  --  D8 C3 H6 J6 J7 J5 C2
---White(^)---
D8  : T  94.60c W  93.27c S   1.90c ( +2.4 L  +2.2) LCB   94.11c P 47.53% WF 27307.8 PSV   27202 N   18917  --  D8 C3 H6 J6 J7 J5 C2 H7
E8  : T  89.19c W  89.52c S   0.23c ( +1.7 L  +1.3) LCB   86.76c P 24.11% WF 811.9 PSV     868 N     706  --  E8 C3 C2 D8 D6 H6 C8 B8
G2  : T  91.18c W  90.04c S   1.40c ( +2.2 L  +1.8) LCB   87.03c P  2.43% WF 135.1 PSV     133 N     112  --  G2 F2 F3 H2 D8 C3 G4 H3
D6  : T  78.51c W  79.80c S  -0.59c ( +1.4 L  +0.9) LCB   70.47c P  8.04% WF  89.4 PSV     101 N      98  --  D6 C3 H6 J6 C2 H7 H8 B2
F2  : T  75.30c W  76.76c S  -0.66c ( +1.4 L  +0.9) LCB   65.18c P  8.64% WF  76.9 PSV      91 N      97  --  F2 G2 D8 C3 H6 J6 J7 J5
C8  : T  85.67c W  84.91c S   0.72c ( +1.9 L  +1.4) LCB   78.53c P  3.93% WF  82.6 PSV      88 N      81  --  C8 C3 D8 H7 C2 B2 D3 C4
F4  : T  78.26c W  78.03c S  -0.20c ( +1.5 L  +0.9) LCB   57.48c P  0.99% WF  11.2 PSV      12 N      11  --  F4 H6 H7 H8 E8
C3  : T  63.74c W  68.99c S  -1.50c ( +1.0 L  +0.4) LCB   45.18c P  1.27% WF   7.5 PSV       8 N       9  --  C3 D8 F2 G2 H6 B3
C4  : T  61.34c W  64.33c S  -1.74c ( +0.9 L  +0.4) LCB   25.71c P  1.33% WF   6.3 PSV       8 N       8  --  C4 B4 D8 C3 H6 J6 J7 J5
H6  : T  46.44c W  52.32c S  -2.14c ( +0.7 L  +0.1) LCB    0.65c P  1.04% WF   3.1 PSV       4 N       4  --  H6 D6 C3 F2

2024-06-08 18:02:04-0400: = D8
2024-06-08 18:02:06-0400: Controller: kata-list_time_settings
2024-06-08 18:02:06-0400: = none absolute byoyomi canadian fischer fischer-capped
2024-06-08 18:02:06-0400: Controller: play black c3
2024-06-08 18:02:06-0400: = 
2024-06-08 18:02:06-0400: Controller: genmove white
2024-06-08 18:02:07-0400: MoveNum: 15 HASH: 0BF4662563071BDC4569E069297896BB
   A B C D E F G H J
 9 . . . . . . . . .
 8 . . . O2. . . . .
 7 . . X O X . . . .
 6 . . X . O O O @ .
 5 . . X O . . X X1.
 4 . . . . . . . . .
 3 . . X3. O . X . .
 2 . . . . . . . . .
 1 . . . . . . . . .

koPOSITIONALscoreAREAtaxNONEsui1komi7.5
Time taken: 0.516
Root visits: 21627
New playouts: 581
NN rows: 337
NN batches: 39
NN avg batch size: 8.64103
PV: H6 J6 J7 J5 C2 H7 D3 B4 F2 G8 G2 F8 D6 H2 B2 C8 B3 C4 H1 H3 A4 A5 A3 E8 D9
Tree:
: T  94.17c W  92.99c S   1.84c ( +2.4 L  +2.2) N   21627  --  H6 J6 J7 J5 C2 H7 D3
---White(^)---
H6  : T  94.66c W  93.38c S   1.91c ( +2.4 L  +2.2) LCB   94.17c P 27.57% WF 27672.6 PSV   27458 N   19120  --  H6 J6 J7 J5 C2 H7 D3 B4
C2  : T  90.37c W  90.09c S   1.14c ( +2.1 L  +1.7) LCB   89.02c P 43.63% WF 2131.7 PSV    2112 N    1867  --  C2 H7 D3 B4 F2 G8 H6 J6
G2  : T  90.25c W  89.68c S   1.32c ( +2.2 L  +1.8) LCB   87.31c P  7.41% WF 396.3 PSV     349 N     359  --  G2 F2 F3 H2 G4 H3 E2 H7
F4  : T  79.60c W  80.17c S   1.03c ( +2.1 L  +1.4) LCB   71.22c P  4.22% WF  60.1 PSV      60 N      72  --  F4 H7 H6 J6 C2 B2 G4 H4
C8  : T  84.85c W  85.11c S   0.17c ( +1.7 L  +1.1) LCB   78.56c P  2.58% WF  98.3 PSV      56 N      98  --  C8 H7 C2 B2 D3 C4 G2 H2
D3  : T  45.07c W  50.07c S  -2.83c ( +0.5 L  +0.2) LCB   22.55c P 10.26% WF  30.1 PSV      45 N      73  --  D3 C2 H6 J6 J7 J5 H8 C8
F2  : T  76.64c W  77.55c S  -0.31c ( +1.5 L  +1.0) LCB   63.48c P  1.82% WF  19.7 PSV      21 N      24  --  F2 G2 H6 J6 J7 J5 C2 B2
D4  : T  32.91c W  37.48c S  -2.81c ( +0.3 L  +0.2) LCB   -3.48c P  2.03% WF   4.9 PSV       7 N       9  --  D4 H7 H6 J6 C8
F3  : T  37.57c W  51.58c S  -1.96c ( +0.8 L  +0.3) LCB -124.21c P  0.27% WF   1.3 PSV       1 N       2  --  F3 G2
E2  : T  52.85c W  53.85c S  -1.00c ( +1.1 L  +0.6) LCB -297.15c P  0.06% WF   0.9 PSV       0 N       1  --  E2

2024-06-08 18:02:07-0400: = H6
2024-06-08 18:02:09-0400: Controller: kata-list_time_settings
2024-06-08 18:02:09-0400: = none absolute byoyomi canadian fischer fischer-capped
2024-06-08 18:02:09-0400: Controller: play black j6
2024-06-08 18:02:09-0400: = 
2024-06-08 18:02:09-0400: Controller: genmove white
2024-06-08 18:02:10-0400: MoveNum: 17 HASH: CA6E6B26CB20FB0A396E0B217078B22E
   A B C D E F G H J
 9 . . . . . . . . .
 8 . . . O . . . . .
 7 . . X O X . . . @
 6 . . X . O O O O2X3
 5 . . X O . . X X .
 4 . . . . . . . . .
 3 . . X1. O . X . .
 2 . . . . . . . . .
 1 . . . . . . . . .

koPOSITIONALscoreAREAtaxNONEsui1komi7.5
Time taken: 0.532
Root visits: 18097
New playouts: 1100
NN rows: 372
NN batches: 37
NN avg batch size: 10.0541
PV: J7 J5 C2 H7 D3 B4 F2 G8 G2 F8 D6 H2 B2 C8 B3 C4 H1 H3 A4 A5 A3 E8 D9 A8 F4
Tree:
: T  94.23c W  93.32c S   1.71c ( +2.3 L  +2.2) N   18097  --  J7 J5 C2 H7 D3 B4 F2
---White(^)---
J7  : T  94.53c W  93.58c S   1.74c ( +2.3 L  +2.2) LCB   94.00c P 60.83% WF 24844.8 PSV   24757 N   17145  --  J7 J5 C2 H7 D3 B4 F2 G8
C2  : T  88.12c W  88.04c S   1.01c ( +2.0 L  +1.5) LCB   85.24c P 20.49% WF 576.3 PSV     591 N     542  --  C2 H7 G2 F2 F3 H2 G4 H3
G2  : T  87.91c W  88.73c S   0.29c ( +1.7 L  +1.3) LCB   84.11c P  9.72% WF 258.1 PSV     272 N     242  --  G2 F2 F3 H2 G4 H3 E2 H7
F4  : T  77.57c W  77.71c S   1.17c ( +2.1 L  +1.4) LCB   70.18c P  6.09% WF 102.5 PSV      69 N     137  --  F4 H7 C2 B2 G4 H4 H2 G2
F2  : T  78.13c W  78.68c S  -0.32c ( +1.5 L  +0.9) LCB   64.58c P  1.04% WF  11.1 PSV      12 N      13  --  F2 G2 J7 J5 C2 B2 D3 C4
C8  : T  68.82c W  71.86c S  -1.04c ( +1.2 L  +0.7) LCB   40.32c P  0.41% WF   5.9 PSV       3 N       7  --  C8 H7 C2 B2 D3 C4 G7
D3  : T  43.57c W  52.73c S  -2.32c ( +0.6 L  +0.2) LCB  -11.45c P  0.80% WF   2.1 PSV       3 N       4  --  D3 C2 J7 J5 H8 C8 C9 B9
F3  : T  59.36c W  62.94c S  -1.99c ( +0.8 L  +0.3) LCB  -89.80c P  0.21% WF   1.3 PSV       1 N       2  --  F3 G2
D4  : T  39.23c W  41.43c S  -2.20c ( +0.6 L  +0.4) LCB -310.77c P  0.14% WF   0.6 PSV       0 N       1  --  D4
H3  : T  -5.01c W  -0.91c S  -4.10c ( -0.2 L  -0.5) LCB -355.01c P  0.06% WF   0.4 PSV       0 N       1  --  H3

2024-06-08 18:02:10-0400: = J7
2024-06-08 18:02:13-0400: Controller: kata-list_time_settings
2024-06-08 18:02:13-0400: = none absolute byoyomi canadian fischer fischer-capped
2024-06-08 18:02:13-0400: Controller: play black j5
2024-06-08 18:02:13-0400: = 
2024-06-08 18:02:13-0400: Controller: genmove white
2024-06-08 18:02:13-0400: MoveNum: 19 HASH: 2770F464EB69A80DF05B4B08B11EE4F5
   A B C D E F G H J
 9 . . . . . . . . .
 8 . . . O . . . . .
 7 . . X O X . . . O2
 6 . . X . O O O O X1
 5 . . X O . . X X X3
 4 . . . . . . . . .
 3 . . X . O . X . .
 2 . . @ . . . . . .
 1 . . . . . . . . .

koPOSITIONALscoreAREAtaxNONEsui1komi7.5
Time taken: 0.532
Root visits: 23018
New playouts: 2088
NN rows: 354
NN batches: 37
NN avg batch size: 9.56757
PV: C2 H7 D3 B4 F2 G8 G2 F8 D6 H2 B2 C8 H1 H3 B3 C4 A4 A5 A3 F5 D4 A8 E8 F7 F4
Tree:
: T  95.02c W  93.91c S   1.71c ( +2.2 L  +2.1) N   23018  --  C2 H7 D3 B4 F2 G8 G2
---White(^)---
C2  : T  95.45c W  94.26c S   1.82c ( +2.3 L  +2.2) LCB   94.99c P 30.55% WF 27471.9 PSV   27289 N   18092  --  C2 H7 D3 B4 F2 G8 G2 F8
C8  : T  95.49c W  94.02c S   1.72c ( +2.2 L  +2.1) LCB   94.48c P 12.26% WF 3837.9 PSV    3830 N    2593  --  C8 H7 C2 B2 D3 B4 H8 J8
H8  : T  91.47c W  91.78c S   0.29c ( +1.7 L  +1.5) LCB   89.05c P 19.59% WF 1356.3 PSV    1060 N    1102  --  H8 D6 F3 G2 C8 B8 E8 D2
G2  : T  89.72c W  89.49c S   0.66c ( +1.8 L  +1.6) LCB   87.10c P 26.52% WF 836.4 PSV     906 N     797  --  G2 F2 G4 H3 F3 H2 E2 H7
H7  : T  90.30c W  89.65c S   1.14c ( +2.0 L  +1.7) LCB   86.10c P  3.43% WF 335.2 PSV     145 N     309  --  H7 D6 F4 H2 C8 D4 E4 E5
D3  : T  42.43c W  47.04c S  -3.19c ( +0.3 L  -0.0) LCB   20.71c P  4.04% WF  12.1 PSV      17 N      31  --  D3 C2 H8 C8 C9 B9 D9 F2
F4  : T  43.74c W  49.81c S  -0.55c ( +1.2 L  +0.8) LCB   21.91c P  2.28% WF  27.6 PSV      10 N      69  --  F4 H7 G4 H4 C2 B2 H2 G2
F2  : T  77.80c W  78.36c S  -0.39c ( +1.4 L  +0.9) LCB   62.16c P  0.35% WF  13.1 PSV       4 N      16  --  F2 G2 C2 B2 D3 C4 H8 C8
F3  : T  19.26c W  24.25c S  -3.84c ( -0.1 L  -0.3) LCB -108.06c P  0.43% WF   1.2 PSV       1 N       3  --  F3 G2 C8
G7  : T  67.45c W  68.11c S  -0.66c ( +1.2 L  +0.7) LCB -282.55c P  0.17% WF   0.9 PSV       1 N       1  --  G7

2024-06-08 18:02:13-0400: = C2
2024-06-08 18:02:17-0400: Controller: quit
2024-06-08 18:02:17-0400: Quit requested by controller
2024-06-08 18:02:17-0400: = 
2024-06-08 18:02:17-0400: GPU -1 finishing, processed 55742 rows 5064 batches
2024-06-08 18:02:17-0400: All cleaned up, quitting
