2024-06-20 17:56:59-0400: Running with following config:
allowResignation = true
lagBuffer = 1.0
logAllGTPCommunication = true
logDir = gtp_logs
logSearchInfo = true
logSearchInfoForChosenMove = false
logToStderr = false
maxTime = 1.0
maxTimePondering = 120.0
numSearchThreads = 16
ogsChatToStderr = true
ponderingEnabled = true
resignConsecTurns = 3
resignThreshold = -0.90
rules = tromp-taylor
searchFactorAfterOnePass = 0.50
searchFactorAfterTwoPass = 0.25
searchFactorWhenWinning = 0.40
searchFactorWhenWinningThreshold = 0.95

2024-06-20 17:56:59-0400: GTP Engine starting...
2024-06-20 17:56:59-0400: KataGo v1.14.1
2024-06-20 17:56:59-0400: Using TrompTaylor rules initially, unless GTP/GUI overrides this
2024-06-20 17:56:59-0400: Using 16 CPU thread(s) for search
2024-06-20 17:56:59-0400: nnRandSeed0 = 10183855023866654897
2024-06-20 17:56:59-0400: After dedups: nnModelFile0 = C:/Users/chang/Downloads/kata1-b28c512nbt-s7168446720-d4316919285.bin.gz useFP16 auto useNHWC auto
2024-06-20 17:56:59-0400: Initializing neural net buffer to be size 19 * 19 exactly
2024-06-20 17:57:06-0400: Cuda backend thread 0: Found GPU NVIDIA GeForce RTX 4060 Laptop GPU memory 8585216000 compute capability major 8 minor 9
2024-06-20 17:57:06-0400: Cuda backend thread 0: Model version 15 useFP16 = true useNHWC = true
2024-06-20 17:57:06-0400: Cuda backend thread 0: Model name: kata1-b28c512nbt-s7168446720-d4316919285
2024-06-20 17:57:09-0400: Loaded neural net with nnXLen 19 nnYLen 19
2024-06-20 17:57:09-0400: Initializing board with boardXSize 19 boardYSize 19
2024-06-20 17:57:09-0400: Loaded config C:\Users\chang\Downloads\katago-v1.14.1-cuda12.1-cudnn8.9.7-windows-x64/俱乐部AI.cfg
2024-06-20 17:57:09-0400: Loaded model C:/Users/chang/Downloads/kata1-b28c512nbt-s7168446720-d4316919285.bin.gz
2024-06-20 17:57:09-0400: Model name: kata1-b28c512nbt-s7168446720-d4316919285
2024-06-20 17:57:09-0400: GTP ready, beginning main protocol loop
2024-06-20 17:57:09-0400: Controller: list_commands
2024-06-20 17:57:09-0400: = protocol_version
name
version
known_command
list_commands
quit
boardsize
rectangular_boardsize
clear_board
set_position
komi
get_komi
play
undo
kata-get-rules
kata-set-rule
kata-set-rules
kata-get-param
kata-set-param
kata-list-params
kgs-rules
genmove
genmove_debug
search_debug
clear_cache
showboard
fixed_handicap
place_free_handicap
set_free_handicap
time_settings
kgs-time_settings
time_left
kata-list_time_settings
kata-time_settings
final_score
final_status_list
loadsgf
printsgf
lz-genmove_analyze
kata-genmove_analyze
lz-analyze
kata-analyze
kata-raw-nn
cputime
gomill-cpu_time
kata-benchmark
kata-debug-print-tc
debug_moves
stop
2024-06-20 17:57:09-0400: Controller: boardsize 9
2024-06-20 17:57:09-0400: GPU -1 finishing, processed 0 rows 0 batches
2024-06-20 17:57:10-0400: Cleaned up old neural net and bot
2024-06-20 17:57:10-0400: nnRandSeed0 = 12530034819488350510
2024-06-20 17:57:10-0400: After dedups: nnModelFile0 = C:/Users/chang/Downloads/kata1-b28c512nbt-s7168446720-d4316919285.bin.gz useFP16 auto useNHWC auto
2024-06-20 17:57:10-0400: Initializing neural net buffer to be size 9 * 9 exactly
2024-06-20 17:57:18-0400: Cuda backend thread 0: Found GPU NVIDIA GeForce RTX 4060 Laptop GPU memory 8585216000 compute capability major 8 minor 9
2024-06-20 17:57:18-0400: Cuda backend thread 0: Model version 15 useFP16 = true useNHWC = true
2024-06-20 17:57:18-0400: Cuda backend thread 0: Model name: kata1-b28c512nbt-s7168446720-d4316919285
2024-06-20 17:57:20-0400: Loaded neural net with nnXLen 9 nnYLen 9
2024-06-20 17:57:20-0400: Initializing board with boardXSize 9 boardYSize 9
2024-06-20 17:57:20-0400: = 
2024-06-20 17:57:20-0400: Controller: clear_board
2024-06-20 17:57:20-0400: = 
2024-06-20 17:57:20-0400: Controller: komi 5
2024-06-20 17:57:20-0400: = 
2024-06-20 17:57:20-0400: Controller: genmove black
2024-06-20 17:57:21-0400: MoveNum: 0 HASH: 9F0B2D702FC8448C75410E097F089AEB
   A B C D E F G H J
 9 . . . . . . . . .
 8 . . . . . . . . .
 7 . . . . . . . . .
 6 . . . . . . . . .
 5 . . . . @ . . . .
 4 . . . . . . . . .
 3 . . . . . . . . .
 2 . . . . . . . . .
 1 . . . . . . . . .

koPOSITIONALscoreAREAtaxNONEsui1komi5
Time taken: 1.031
Root visits: 310
New playouts: 310
NN rows: 309
NN batches: 27
NN avg batch size: 11.4444
PV: E5 C5 G6 F3 C6 B6 D6
Tree:
: T  76.78c W  76.42c S   1.20c ( +2.5 L  +1.3) N     310  --  E5 C5 G6 F3 C6 B6 D6
---Black(^)---
E5  : T  79.63c W  78.35c S   1.37c ( +2.5 L  +1.2) LCB   77.89c P 18.90% WF 209.0 PSV     205 N     114  --  E5 C5 G6 F3 C6 B6 D6
F6  : T  73.27c W  74.65c S   1.06c ( +2.4 L  +1.3) LCB   66.90c P 15.34% WF 107.4 PSV      22 N      76  --  F6 D4 E4 D3 D6 E5 F5 E6
F5  : T  77.72c W  77.03c S   1.22c ( +2.5 L  +1.3) LCB   74.28c P  5.10% WF 129.0 PSV      18 N      79  --  F5 D5 E7 D3 C6 C5 F3 F7
G5  : T  65.23c W  66.36c S   0.43c ( +2.1 L  +1.1) LCB   52.30c P  0.45% WF  15.8 PSV       0 N      17  --  G5 D5 E5 E6 D6 E7 E4 C6
G6  : T  51.59c W  55.23c S  -1.09c ( +1.4 L  +0.6) LCB   33.94c P  0.16% WF   4.7 PSV       0 N       9  --  G6 D4 E4 D5 D3 C3
G7  : T   9.82c W  19.25c S  -3.10c ( +0.4 L  +0.2) LCB  -73.93c P  0.02% WF   0.4 PSV       0 N       3  --  G7 F6 D6
H5  : T -18.60c W -13.77c S  -4.83c ( -0.5 L  -0.4) LCB -170.90c P  0.00% WF   0.1 PSV       0 N       2  --  H5 D5
H6  : T -44.95c W -38.09c S  -6.86c ( -1.4 L  -0.8) LCB -394.95c P  0.00% WF   0.0 PSV       0 N       1  --  H6
H7  : T -86.69c W -77.01c S  -9.68c ( -2.6 L  -1.9) LCB -436.69c P  0.00% WF   0.0 PSV       0 N       1  --  H7
H8  : T -106.58c W -94.05c S -12.53c ( -3.9 L  -3.6) LCB -456.58c P  0.00% WF   0.0 PSV       0 N       1  --  H8

2024-06-20 17:57:21-0400: = E5
2024-06-20 17:57:53-0400: Controller: kata-list_time_settings
2024-06-20 17:57:53-0400: = none absolute byoyomi canadian fischer fischer-capped
2024-06-20 17:57:53-0400: Controller: play white c5
2024-06-20 17:57:54-0400: = 
2024-06-20 17:57:54-0400: Controller: genmove black
2024-06-20 17:57:55-0400: MoveNum: 2 HASH: 21172FF837E42CFA41ED49BC1713B5B8
   A B C D E F G H J
 9 . . . . . . . . .
 8 . . . . . . . . .
 7 . . . . . . . . .
 6 . . . . . . @ . .
 5 . . O2. X1. . . .
 4 . . . . . . . . .
 3 . . . . . . . . .
 2 . . . . . . . . .
 1 . . . . . . . . .

koPOSITIONALscoreAREAtaxNONEsui1komi5
Time taken: 1.063
Root visits: 7800
New playouts: 497
NN rows: 299
NN batches: 30
NN avg batch size: 9.96667
PV: G6 D3 D4 C4 E3 D2 D6 H6 H5 G5 H4 G7 F6 F8 E2 B7 F7 H8 E8 G9 J6 H7 D1 B2 C8
Tree:
: T  72.29c W  71.70c S   1.51c ( +2.2 L  +1.6) N    7800  --  G6 D3 D4 C4 E3 D2 D6
---Black(^)---
G6  : T  72.40c W  71.80c S   1.51c ( +2.2 L  +1.6) LCB   71.02c P 49.25% WF 8065.4 PSV    8060 N    7593  --  G6 D3 D4 C4 E3 D2 D6 H6
C6  : T  71.21c W  70.27c S   1.97c ( +2.4 L  +1.4) LCB   64.49c P  1.36% WF 115.2 PSV      90 N      96  --  C6 D6 D5 C7 B6 C4 D3 D7
G5  : T  70.04c W  70.29c S   1.15c ( +2.1 L  +1.1) LCB   62.37c P  1.75% WF  91.7 PSV      73 N      60  --  G5 D3 D4 C4 E3 D2 E7
D7  : T  66.39c W  68.32c S   1.10c ( +2.1 L  +0.9) LCB   54.71c P  0.57% WF  30.6 PSV      11 N      19  --  D7 G6 C4 F4 D4 E3 F7
D6  : T  68.33c W  67.62c S   0.88c ( +2.0 L  +1.0) LCB   59.46c P  0.40% WF  35.3 PSV      10 N      22  --  D6 D3 C6 G7 H6
F7  : T  55.62c W  61.37c S   0.19c ( +1.6 L  +0.9) LCB  -24.16c P  0.35% WF   4.5 PSV       2 N       3  --  F7 G3 C4
E7  : T  63.35c W  63.10c S   0.25c ( +1.7 L  +0.8) LCB  -88.81c P  0.16% WF   3.1 PSV       2 N       2  --  E7 G4
F6  : T  44.02c W  45.23c S  -1.21c ( +0.9 L  +0.5) LCB -305.98c P  0.17% WF   1.5 PSV       0 N       1  --  F6
D5  : T  25.18c W  27.62c S  -2.44c ( +0.4 L  +0.4) LCB -324.82c P  0.03% WF   1.1 PSV       0 N       1  --  D5
H5  : T  29.75c W  31.49c S  -1.74c ( +0.7 L  +0.4) LCB -320.25c P  0.02% WF   1.1 PSV       0 N       1  --  H5

2024-06-20 17:57:55-0400: = G6
2024-06-20 17:57:57-0400: Controller: kata-list_time_settings
2024-06-20 17:57:57-0400: = none absolute byoyomi canadian fischer fischer-capped
2024-06-20 17:57:57-0400: Controller: play white g5
2024-06-20 17:57:57-0400: = 
2024-06-20 17:57:57-0400: Controller: genmove black
2024-06-20 17:57:58-0400: MoveNum: 4 HASH: E3EAC657D56DA5E8C767AE7859068747
   A B C D E F G H J
 9 . . . . . . . . .
 8 . . . . . . . . .
 7 . . . . . . . . .
 6 . . . . . @ X2. .
 5 . . O1. X . O3. .
 4 . . . . . . . . .
 3 . . . . . . . . .
 2 . . . . . . . . .
 1 . . . . . . . . .

koPOSITIONALscoreAREAtaxNONEsui1komi5
Time taken: 1.172
Root visits: 2114
New playouts: 356
NN rows: 359
NN batches: 35
NN avg batch size: 10.2571
PV: F6 F3 C4 H6 C6 H7 E3 E2 F2 D3 E4 G2 G4 F8 E8 C7 B5 E7 G3 F1
Tree:
: T  74.42c W  73.52c S   1.67c ( +2.6 L  +1.8) N    2114  --  F6 F3 C4 H6 C6 H7 E3
---Black(^)---
F6  : T  77.16c W  75.83c S   2.05c ( +2.7 L  +2.1) LCB   73.55c P 42.07% WF 1146.1 PSV    1112 N     992  --  F6 F3 C4 H6 C6 H7 E3 E2
C6  : T  73.05c W  72.60c S   1.38c ( +2.4 L  +1.5) LCB   69.43c P 31.11% WF 413.9 PSV     255 N     348  --  C6 H6 F6 B6 C7 D3 H7 D5
F3  : T  72.43c W  71.71c S   1.45c ( +2.5 L  +1.6) LCB   69.09c P  5.48% WF 794.2 PSV      40 N     701  --  F3 G3 C6 B6 F5 G4 C7 H6
E3  : T  69.16c W  68.51c S   0.49c ( +2.0 L  +1.1) LCB   58.87c P  2.70% WF  36.6 PSV      13 N      28  --  E3 H6 G7 G3 C6 B6
C4  : T  65.47c W  65.23c S   0.87c ( +2.2 L  +1.3) LCB   50.52c P  2.88% WF  14.9 PSV      10 N      12  --  C4 D4 D5 C3 B4 C6 D7
H5  : T  60.35c W  63.87c S   0.19c ( +1.9 L  +1.0) LCB   47.72c P  3.68% WF  10.0 PSV       9 N       9  --  H5 F6 F5 G4 G7 F3 C6 B6
D3  : T  68.86c W  68.24c S   0.49c ( +2.0 L  +1.1) LCB   54.51c P  1.39% WF  11.1 PSV       6 N       8  --  D3 H6 F6 C7 G3
D7  : T  51.71c W  57.72c S  -0.80c ( +1.4 L  +0.8) LCB   14.65c P  3.85% WF   6.4 PSV       6 N       5  --  D7 H6 F6 C3 H7
F5  : T  52.76c W  58.73c S  -0.22c ( +1.7 L  +0.9) LCB  -23.32c P  2.25% WF   3.6 PSV       4 N       3  --  F5 G4 H6
D4  : T  44.71c W  48.23c S  -1.73c ( +1.0 L  +0.6) LCB -120.82c P  1.71% WF   2.1 PSV       2 N       2  --  D4 F6

2024-06-20 17:57:58-0400: = F6
2024-06-20 17:58:00-0400: Controller: kata-list_time_settings
2024-06-20 17:58:00-0400: = none absolute byoyomi canadian fischer fischer-capped
2024-06-20 17:58:00-0400: Controller: play white f3
2024-06-20 17:58:00-0400: = 
2024-06-20 17:58:00-0400: Controller: genmove black
2024-06-20 17:58:01-0400: MoveNum: 6 HASH: 0FBEFC68257E543CFB31A9DF6056C448
   A B C D E F G H J
 9 . . . . . . . . .
 8 . . . . . . . . .
 7 . . . . . . . . .
 6 . . . . . X2X . .
 5 . . O . X . O1. .
 4 . . @ . . . . . .
 3 . . . . . O3. . .
 2 . . . . . . . . .
 1 . . . . . . . . .

koPOSITIONALscoreAREAtaxNONEsui1komi5
Time taken: 1.109
Root visits: 2083
New playouts: 451
NN rows: 366
NN batches: 34
NN avg batch size: 10.7647
PV: C4 H6 C6 H7 E3 E2 F2 D3 E4 G2 G8 C3 G4 B4 G3 F1 F4 C7 B6 H2 H3 F8
Tree:
: T  76.78c W  76.13c S   1.84c ( +2.6 L  +2.2) N    2083  --  C4 H6 C6 H7 E3 E2 F2
---Black(^)---
C4  : T  77.05c W  76.36c S   1.87c ( +2.7 L  +2.2) LCB   74.26c P 87.20% WF 2124.7 PSV    2122 N    2063  --  C4 H6 C6 H7 E3 E2 F2 D3
C6  : T  29.46c W  33.62c S  -2.77c ( +0.6 L  +0.3) LCB  -13.20c P  4.96% WF   4.1 PSV       5 N       6  --  C6 B6 E3 F4 C7
D4  : T  34.50c W  38.97c S  -1.51c ( +1.0 L  +0.7) LCB  -27.83c P  3.06% WF   3.5 PSV       3 N       4  --  D4 C7 G3 G4
E3  : T  58.86c W  61.94c S  -0.71c ( +1.5 L  +0.9) LCB  -16.06c P  1.28% WF   3.6 PSV       3 N       3  --  E3 E2 C6
D3  : T  55.98c W  61.70c S  -0.13c ( +1.7 L  +1.0) LCB -106.32c P  1.47% WF   2.8 PSV       3 N       2  --  D3 C7
F4  : T  50.30c W  58.26c S  -0.58c ( +1.6 L  +1.0) LCB -117.88c P  1.02% WF   2.3 PSV       1 N       2  --  F4 G3
E2  : T  63.82c W  63.56c S   0.26c ( +1.9 L  +1.5) LCB -286.18c P  0.37% WF   1.5 PSV       1 N       1  --  E2
G3  : T  38.78c W  40.84c S  -2.07c ( +0.9 L  +0.7) LCB -311.22c P  0.21% WF   1.1 PSV       0 N       1  --  G3

2024-06-20 17:58:01-0400: = C4
2024-06-20 17:58:03-0400: Controller: kata-list_time_settings
2024-06-20 17:58:03-0400: = none absolute byoyomi canadian fischer fischer-capped
2024-06-20 17:58:03-0400: Controller: play white b4
2024-06-20 17:58:03-0400: = 
2024-06-20 17:58:03-0400: Controller: genmove black
2024-06-20 17:58:04-0400: MoveNum: 8 HASH: 4EECFFAFADCC04FDBAEAF0D71E136D90
   A B C D E F G H J
 9 . . . . . . . . .
 8 . . . . . . . . .
 7 . . . . . . . . .
 6 . . . . . X X . .
 5 . . O . X . O . .
 4 . O3X2@ . . . . .
 3 . . . . . O1. . .
 2 . . . . . . . . .
 1 . . . . . . . . .

koPOSITIONALscoreAREAtaxNONEsui1komi5
Time taken: 1.125
Root visits: 1807
New playouts: 455
NN rows: 372
NN batches: 36
NN avg batch size: 10.3333
PV: D4 C7 G3 G2 G4 F4 H5 E2 B3 C2 H2 H1 H3 B5 C3 B2 D8 D7 E7 C8 A2 D3 E4 E3
Tree:
: T  82.23c W  80.68c S   2.91c ( +3.5 L  +3.3) N    1807  --  D4 C7 G3 G2 G4 F4 H5
---Black(^)---
D4  : T  82.65c W  81.02c S   2.95c ( +3.5 L  +3.3) LCB   79.24c P 77.79% WF 1867.4 PSV    1863 N    1779  --  D4 C7 G3 G2 G4 F4 H5 E2
E3  : T   9.53c W  25.87c S  -2.61c ( +0.7 L  +0.4) LCB  -33.14c P 15.55% WF   7.1 PSV      11 N      19  --  E3 F4 C6 D5 D6 E4 D4 B5
C3  : T  60.51c W  58.83c S  -0.13c ( +2.1 L  +1.3) LCB    8.52c P  2.10% WF   4.4 PSV       4 N       4  --  C3 D5 E4
F4  : T  46.08c W  48.22c S  -1.98c ( +1.2 L  +0.8) LCB -112.38c P  1.88% WF   1.8 PSV       2 N       2  --  F4 G3
D3  : T  29.70c W  32.28c S  -2.58c ( +0.9 L  +0.6) LCB -320.30c P  1.80% WF   0.9 PSV       1 N       1  --  D3
G3  : T  37.10c W  40.09c S  -3.00c ( +0.8 L  +0.5) LCB -312.90c P  0.28% WF   1.0 PSV       0 N       1  --  G3

2024-06-20 17:58:04-0400: = D4
2024-06-20 17:58:06-0400: Controller: kata-list_time_settings
2024-06-20 17:58:06-0400: = none absolute byoyomi canadian fischer fischer-capped
2024-06-20 17:58:06-0400: Controller: play white c7
2024-06-20 17:58:06-0400: = 
2024-06-20 17:58:06-0400: Controller: genmove black
2024-06-20 17:58:07-0400: MoveNum: 10 HASH: C72A5B4792BE9179E171C595959D5982
   A B C D E F G H J
 9 . . . . . . . . .
 8 . . . . . . . . .
 7 . . O3. . . . . .
 6 . . . . . X X . .
 5 . . O . X . O . .
 4 . O1X X2. . . . .
 3 . . . . . O @ . .
 2 . . . . . . . . .
 1 . . . . . . . . .

koPOSITIONALscoreAREAtaxNONEsui1komi5
Time taken: 1.125
Root visits: 2317
New playouts: 486
NN rows: 340
NN batches: 31
NN avg batch size: 10.9677
PV: G3 G2 G4 F4 H5 E2 B3 C2 H2 H1 H3 B5 C3 B2 D8 C8 D2 D1 D3 A3 E7 F5
Tree:
: T  83.88c W  82.38c S   2.39c ( +3.6 L  +3.4) N    2317  --  G3 G2 G4 F4 H5 E2 B3
---Black(^)---
G3  : T  85.43c W  83.80c S   2.58c ( +3.7 L  +3.5) LCB   82.56c P 21.51% WF 2345.6 PSV    2316 N    2108  --  G3 G2 G4 F4 H5 E2 B3 C2
G4  : T  59.03c W  59.42c S  -1.99c ( +1.6 L  +1.1) LCB   44.52c P 31.88% WF  54.6 PSV      68 N      86  --  G4 G3 H4 F4 H3 H5 F5 H2
B3  : T  65.54c W  63.22c S   0.17c ( +2.5 L  +1.8) LCB   56.23c P 14.77% WF  40.8 PSV      45 N      58  --  B3 E2 D8 D7 G4 G3 H4
E2  : T  55.66c W  58.82c S   0.04c ( +2.4 L  +1.7) LCB   44.25c P 20.69% WF  35.2 PSV      42 N      53  --  E2 E3 D2 H4 F2 H6 H7 G2
H3  : T   6.46c W  19.11c S  -3.50c ( +0.6 L  +0.4) LCB  -44.20c P  5.24% WF   2.8 PSV       4 N       5  --  H3 E2 B3 G4
D8  : T   0.47c W   5.95c S  -5.48c ( -0.1 L  -0.2) LCB -349.53c P  2.28% WF   0.6 PSV       1 N       1  --  D8
H4  : T  22.98c W  27.03c S  -4.05c ( +0.7 L  +0.3) LCB -327.02c P  1.68% WF   0.6 PSV       1 N       1  --  H4
H5  : T  -6.35c W  -0.38c S  -5.97c ( -0.2 L  -0.2) LCB -356.35c P  0.52% WF   0.5 PSV       0 N       1  --  H5
B6  : T  12.71c W  16.83c S  -4.12c ( +0.4 L  +0.3) LCB -337.29c P  0.45% WF   0.6 PSV       0 N       1  --  B6
H2  : T -10.30c W  -4.47c S  -5.83c ( -0.4 L  -0.3) LCB -360.30c P  0.40% WF   0.6 PSV       0 N       1  --  H2

2024-06-20 17:58:07-0400: = G3
2024-06-20 17:58:09-0400: Controller: kata-list_time_settings
2024-06-20 17:58:09-0400: = none absolute byoyomi canadian fischer fischer-capped
2024-06-20 17:58:09-0400: Controller: play white g2
2024-06-20 17:58:09-0400: = 
2024-06-20 17:58:09-0400: Controller: genmove black
2024-06-20 17:58:10-0400: MoveNum: 12 HASH: 7E3F68D6669CCD4F654C857FD29DAEAD
   A B C D E F G H J
 9 . . . . . . . . .
 8 . . . . . . . . .
 7 . . O1. . . . . .
 6 . . . . . X X . .
 5 . . O . X . O . .
 4 . O X X . . @ . .
 3 . . . . . O X2. .
 2 . . . . . . O3. .
 1 . . . . . . . . .

koPOSITIONALscoreAREAtaxNONEsui1komi5
Time taken: 1.093
Root visits: 3419
New playouts: 790
NN rows: 367
NN batches: 37
NN avg batch size: 9.91892
PV: G4 F4 H5 E2 B3 C2 H2 B5 C3 H1 D8 C8 H3 B2 A4 A5 A3 D3 E7 D7 E4 E3 E8 D6 F5
Tree:
: T  86.04c W  84.53c S   2.34c ( +3.1 L  +3.1) N    3419  --  G4 F4 H5 E2 B3 C2 H2
---Black(^)---
G4  : T  86.33c W  84.80c S   2.37c ( +3.1 L  +3.1) LCB   84.34c P 86.17% WF 3833.2 PSV    3826 N    3367  --  G4 F4 H5 E2 B3 C2 H2 B5
H3  : T  59.89c W  60.20c S  -1.29c ( +1.5 L  +1.0) LCB   46.61c P 10.13% WF  30.1 PSV      28 N      44  --  H3 H2 H5 F4 G4 D2 C2 E2
B5  : T  24.63c W  23.77c S  -3.37c ( +0.5 L  +0.3) LCB -124.79c P  1.68% WF   1.0 PSV       2 N       2  --  B5 B6
H2  : T -10.05c W  -4.73c S  -5.32c ( -0.2 L  -0.1) LCB -360.05c P  0.87% WF   0.4 PSV       0 N       1  --  H2
H4  : T  -3.14c W   1.55c S  -4.69c ( +0.0 L  -0.1) LCB -353.14c P  0.41% WF   0.5 PSV       0 N       1  --  H4
B6  : T -11.46c W  -6.37c S  -5.09c ( -0.3 L  -0.2) LCB -361.46c P  0.23% WF   0.4 PSV       0 N       1  --  B6
F4  : T -74.66c W -67.26c S  -7.40c ( -0.9 L  -2.1) LCB -424.66c P  0.19% WF   0.3 PSV       0 N       1  --  F4
B3  : T  -5.47c W  -0.97c S  -4.51c ( -0.2 L  -0.2) LCB -355.47c P  0.17% WF   0.5 PSV       0 N       1  --  B3

2024-06-20 17:58:10-0400: = G4
2024-06-20 17:58:12-0400: Controller: kata-list_time_settings
2024-06-20 17:58:12-0400: = none absolute byoyomi canadian fischer fischer-capped
2024-06-20 17:58:12-0400: Controller: play white f4
2024-06-20 17:58:12-0400: = 
2024-06-20 17:58:12-0400: Controller: genmove black
2024-06-20 17:58:13-0400: MoveNum: 14 HASH: 27F13661AB0D8BFC122EBCF84C35E94F
   A B C D E F G H J
 9 . . . . . . . . .
 8 . . . . . . . . .
 7 . . O . . . . . .
 6 . . . . . X X . .
 5 . . O . X . O @ .
 4 . O X X . O3X2. .
 3 . . . . . O X . .
 2 . . . . . . O1. .
 1 . . . . . . . . .

koPOSITIONALscoreAREAtaxNONEsui1komi5
Time taken: 1.078
Root visits: 4225
New playouts: 517
NN rows: 350
NN batches: 34
NN avg batch size: 10.2941
PV: H5 D2 C2 E2 B3 E7 D6 B6 D7 D8 E8 F8 C8 E9 B7 C6 B8 A5 D5 C9 H2 H1 H3
Tree:
: T  86.35c W  84.80c S   2.21c ( +3.0 L  +3.0) N    4225  --  H5 D2 C2 E2 B3 E7 D6
---Black(^)---
H5  : T  86.67c W  85.09c S   2.23c ( +3.1 L  +3.0) LCB   84.80c P 77.38% WF 4728.7 PSV    4715 N    4147  --  H5 D2 C2 E2 B3 E7 D6 B6
H2  : T  38.33c W  41.29c S  -0.07c ( +2.0 L  +1.4) LCB   18.14c P 22.07% WF  29.6 PSV      40 N      75  --  H2 H3 H4 H5 J3 F5 H6 E2
B5  : T -44.94c W -38.05c S  -6.89c ( -1.2 L  -1.2) LCB -394.94c P  0.30% WF   0.3 PSV       0 N       1  --  B5
B6  : T -48.18c W -40.93c S  -7.25c ( -1.3 L  -1.0) LCB -398.18c P  0.16% WF   0.3 PSV       0 N       1  --  B6

2024-06-20 17:58:13-0400: = H5
2024-06-20 17:58:15-0400: Controller: kata-list_time_settings
2024-06-20 17:58:15-0400: = none absolute byoyomi canadian fischer fischer-capped
2024-06-20 17:58:15-0400: Controller: play white d2
2024-06-20 17:58:15-0400: = 
2024-06-20 17:58:15-0400: Controller: genmove black
2024-06-20 17:58:17-0400: MoveNum: 16 HASH: 8CF1591E53FDCD105F21BBD801BBAACA
   A B C D E F G H J
 9 . . . . . . . . .
 8 . . . . . . . . .
 7 . . O . . . . . .
 6 . . . . . X X . .
 5 . . O . X . O X2.
 4 . O X X . O1X . .
 3 . . . . . O X . .
 2 . . @ O3. . O . .
 1 . . . . . . . . .

koPOSITIONALscoreAREAtaxNONEsui1komi5
Time taken: 1.125
Root visits: 3185
New playouts: 636
NN rows: 357
NN batches: 34
NN avg batch size: 10.5
PV: C2 E2 B3 E7 D6 F8 B6 C6 B5 H3 B7 H8 G8 G7 H7 F7
Tree:
: T  85.47c W  84.10c S   2.28c ( +3.0 L  +3.0) N    3185  --  C2 E2 B3 E7 D6 F8 B6
---Black(^)---
C2  : T  86.89c W  85.34c S   3.14c ( +3.5 L  +3.4) LCB   83.80c P 25.29% WF 1812.8 PSV    1785 N    1660  --  C2 E2 B3 E7 D6 F8 B6 C6
B3  : T  85.55c W  84.30c S   1.48c ( +2.7 L  +2.6) LCB   81.70c P 24.63% WF 1140.7 PSV     757 N    1070  --  B3 H3 H4 B5 C2 D3 C3 H2
E2  : T  82.42c W  80.75c S   0.71c ( +2.3 L  +2.3) LCB   75.44c P 23.24% WF 348.7 PSV     308 N     356  --  E2 H3 H4 E3 C2 D3 C3 J3
H2  : T  72.27c W  72.17c S  -1.63c ( +1.5 L  +1.4) LCB   57.67c P 10.54% WF  48.2 PSV      49 N      56  --  H2 H3 H4 H1 J3 B3 E2 D3
D8  : T  48.44c W  54.30c S  -2.28c ( +1.2 L  +0.7) LCB   29.97c P 12.28% WF  18.2 PSV      22 N      30  --  D8 C3 H2 E7 B3 B6 E2 B2
B5  : T  64.69c W  67.87c S  -0.73c ( +1.7 L  +0.9) LCB   30.11c P  1.46% WF   3.7 PSV       4 N       5  --  B5 B6 E2 E3
D7  : T  40.58c W  52.02c S  -2.00c ( +1.2 L  +0.7) LCB  -18.18c P  1.91% WF   3.3 PSV       2 N       5  --  D7 D8 C8 D6
B6  : T  29.39c W  50.10c S  -1.07c ( +1.5 L  +1.0) LCB -140.35c P  0.42% WF   1.1 PSV       0 N       2  --  B6 B5

2024-06-20 17:58:17-0400: = C2
2024-06-20 17:58:18-0400: Controller: kata-list_time_settings
2024-06-20 17:58:18-0400: = none absolute byoyomi canadian fischer fischer-capped
2024-06-20 17:58:18-0400: Controller: play white e2
2024-06-20 17:58:19-0400: = 
2024-06-20 17:58:19-0400: Controller: genmove black
2024-06-20 17:58:20-0400: MoveNum: 18 HASH: 6B79D0EFDFB47F05A19B866893BA685E
   A B C D E F G H J
 9 . . . . . . . . .
 8 . . . . . . . . .
 7 . . O . . . . . .
 6 . . . . . X X . .
 5 . . O . X . O X .
 4 . O X X . O X . .
 3 . @ . . . O X . .
 2 . . X2O1O3. O . .
 1 . . . . . . . . .

koPOSITIONALscoreAREAtaxNONEsui1komi5
Time taken: 1.047
Root visits: 2441
New playouts: 694
NN rows: 326
NN batches: 33
NN avg batch size: 9.87879
PV: B3 B6 D7 E7 D6 D8 E8 F8 C8 E9 B7 C6 B8 A5 A3 C9 B9 D9 A4 H2
Tree:
: T  84.24c W  84.12c S   2.35c ( +3.2 L  +3.2) N    2441  --  B3 B6 D7 E7 D6 D8 E8
---Black(^)---
B3  : T  86.15c W  85.49c S   2.66c ( +3.4 L  +3.4) LCB   82.75c P 30.71% WF 2288.2 PSV    2244 N    2107  --  B3 B6 D7 E7 D6 D8 E8 F8
H2  : T  71.60c W  75.90c S  -0.12c ( +2.2 L  +2.0) LCB   60.92c P 34.03% WF 180.6 PSV     152 N     220  --  H2 H1 B3 B5 D8 E7 E8 E6
D8  : T  52.67c W  57.02c S  -1.87c ( +1.5 L  +1.2) LCB   33.77c P 29.95% WF  48.9 PSV      60 N      86  --  D8 E7 D7 D6 E6 C8 E8 B3
B5  : T  64.97c W  75.24c S  -1.39c ( +1.7 L  +1.4) LCB   33.19c P  2.63% WF  17.0 PSV       8 N      20  --  B5 B6 H2 H1 H3 D3 C3 E4
D7  : T  54.16c W  62.63c S  -1.87c ( +1.5 L  +0.6) LCB  -22.52c P  0.84% WF   2.2 PSV       1 N       3  --  D7 D8 H2
B6  : T   7.88c W  26.51c S  -2.91c ( +0.9 L  +0.6) LCB -154.25c P  0.75% WF   0.8 PSV       0 N       2  --  B6 B5
C3  : T -65.53c W -57.28c S  -8.25c ( -1.0 L  -0.9) LCB -415.53c P  0.61% WF   0.4 PSV       0 N       1  --  C3
D5  : T -25.57c W -19.08c S  -6.49c ( -0.3 L  -0.2) LCB -375.57c P  0.18% WF   0.3 PSV       0 N       1  --  D5

2024-06-20 17:58:20-0400: = B3
2024-06-20 17:58:22-0400: Controller: kata-list_time_settings
2024-06-20 17:58:22-0400: = none absolute byoyomi canadian fischer fischer-capped
2024-06-20 17:58:22-0400: Controller: play white b6
2024-06-20 17:58:22-0400: = 
2024-06-20 17:58:22-0400: Controller: genmove black
2024-06-20 17:58:23-0400: MoveNum: 20 HASH: 2A1EF668021A3406FD9A654547D6C69B
   A B C D E F G H J
 9 . . . . . . . . .
 8 . . . . . . . . .
 7 . . O @ . . . . .
 6 . O3. . . X X . .
 5 . . O . X . O X .
 4 . O X X . O X . .
 3 . X2. . . O X . .
 2 . . X O O1. O . .
 1 . . . . . . . . .

koPOSITIONALscoreAREAtaxNONEsui1komi5
Time taken: 1.109
Root visits: 1940
New playouts: 894
NN rows: 353
NN batches: 33
NN avg batch size: 10.697
PV: D7 E7 D6 D8 E8 F8 C8 E9 B7 C6 B8 A5 A3 C9 B9 D9 A4 H2
Tree:
: T  90.88c W  88.30c S   3.43c ( +3.5 L  +3.5) N    1940  --  D7 E7 D6 D8 E8 F8 C8
---Black(^)---
D7  : T  94.41c W  91.10c S   3.83c ( +3.6 L  +3.7) LCB   91.50c P  1.06% WF 2107.1 PSV    2034 N    1504  --  D7 E7 D6 D8 E8 F8 C8 E9
D8  : T  56.44c W  51.40c S   2.56c ( +3.4 L  +3.7) LCB   28.98c P 53.18% WF  53.2 PSV      73 N     128  --  D8 E7 E8 E6 F5 D3 C3 F7
E7  : T  51.89c W  59.10c S  -2.46c ( +1.2 L  +0.7) LCB   39.81c P 15.41% WF  29.8 PSV      21 N      52  --  E7 D8 H2 H1 A4 B5 E8 E9
A4  : T  53.72c W  63.89c S  -0.39c ( +1.9 L  +1.6) LCB   34.72c P 12.01% WF  60.0 PSV      17 N     112  --  A4 B5 E7 D8 H2 H1 E8 E9
H2  : T  42.44c W  53.90c S  -2.04c ( +1.2 L  +0.8) LCB    7.23c P 12.36% WF  17.8 PSV      14 N      36  --  H2 H1 E7 D8 A4 B5 E8 E9
E8  : T  68.27c W  72.61c S  -0.89c ( +1.7 L  +1.4) LCB   49.96c P  1.83% WF  38.6 PSV       4 N      52  --  E8 E7 F8 D8 D6 D7 A4 B5
E4  : T  33.34c W  46.99c S  -2.62c ( +0.9 L  +0.7) LCB  -20.51c P  3.03% WF   2.9 PSV       2 N       6  --  E4 H3 H4 H2 D8 E7
F8  : T  68.38c W  70.28c S  -1.86c ( +1.4 L  +1.0) LCB   59.12c P  0.15% WF  13.3 PSV       0 N      48  --  F8 D3 A4 B5 C3 E7 E8 D8
D3  : T  12.05c W  16.84c S  -4.79c ( +0.2 L  -0.1) LCB -337.95c P  0.82% WF   0.5 PSV       0 N       1  --  D3

2024-06-20 17:58:23-0400: = D7
2024-06-20 17:58:25-0400: Controller: kata-list_time_settings
2024-06-20 17:58:25-0400: = none absolute byoyomi canadian fischer fischer-capped
2024-06-20 17:58:25-0400: Controller: play white d8
2024-06-20 17:58:25-0400: = 
2024-06-20 17:58:25-0400: Controller: genmove black
2024-06-20 17:58:26-0400: MoveNum: 22 HASH: 08FDAD27C9FAF6CD73AF616C561D3930
   A B C D E F G H J
 9 . . . . . . . . .
 8 . . . O3@ . . . .
 7 . . O X2. . . . .
 6 . O1. . . X X . .
 5 . . O . X . O X .
 4 . O X X . O X . .
 3 . X . . . O X . .
 2 . . X O O . O . .
 1 . . . . . . . . .

koPOSITIONALscoreAREAtaxNONEsui1komi5
Time taken: 1.125
Root visits: 2183
New playouts: 604
NN rows: 318
NN batches: 33
NN avg batch size: 9.63636
PV: E8 C8 D6 E9 F8 H2 A4 B5 H3 D3 C3 E4 D5 F9 D9 G9 G8 C9 H9
Tree:
: T  96.28c W  93.25c S   2.69c ( +3.3 L  +3.3) N    2183  --  E8 C8 D6 E9 F8 H2 A4
---Black(^)---
E8  : T  96.55c W  93.50c S   2.73c ( +3.3 L  +3.3) LCB   94.70c P 80.06% WF 3346.7 PSV    3341 N    2144  --  E8 C8 D6 E9 F8 H2 A4 B5
C8  : T  50.41c W  55.50c S  -3.12c ( +1.1 L  +0.7) LCB   24.78c P 12.19% WF  11.8 PSV      14 N      19  --  C8 B8 E8 C9 H2 H1 J2 D3
H2  : T  63.57c W  61.59c S  -0.53c ( +2.0 L  +1.5) LCB   43.22c P  6.62% WF   8.9 PSV      10 N      17  --  H2 D3 C3 H1 E8 E7 D6
A4  : T  14.58c W  18.10c S  -3.52c ( +0.6 L  +0.0) LCB -335.42c P  0.66% WF   0.4 PSV       0 N       1  --  A4
E7  : T -14.22c W  -7.61c S  -6.60c ( -0.1 L  -0.3) LCB -364.22c P  0.29% WF   0.4 PSV       0 N       1  --  E7

2024-06-20 17:58:26-0400: = E8
2024-06-20 17:58:28-0400: Controller: kata-list_time_settings
2024-06-20 17:58:28-0400: = none absolute byoyomi canadian fischer fischer-capped
2024-06-20 17:58:28-0400: Controller: play white c8
2024-06-20 17:58:28-0400: = 
2024-06-20 17:58:28-0400: Controller: genmove black
2024-06-20 17:58:29-0400: MoveNum: 24 HASH: F7E212821DE91AB263779EB95188E9B6
   A B C D E F G H J
 9 . . . . . . . . .
 8 . . O3O1X2. . . .
 7 . . O X . . . . .
 6 . O . @ . X X . .
 5 . . O . X . O X .
 4 . O X X . O X . .
 3 . X . . . O X . .
 2 . . X O O . O . .
 1 . . . . . . . . .

koPOSITIONALscoreAREAtaxNONEsui1komi5
Time taken: 1.094
Root visits: 2310
New playouts: 898
NN rows: 343
NN batches: 35
NN avg batch size: 9.8
PV: D6 E9 F8 H2 A4 B5 H3 F9 D9 G9 G8 C9 H9 J3 B8
Tree:
: T  97.96c W  94.24c S   2.59c ( +2.8 L  +2.7) N    2310  --  D6 E9 F8 H2 A4 B5 H3
---Black(^)---
D6  : T  98.82c W  94.69c S   2.82c ( +2.9 L  +2.8) LCB   97.06c P 25.14% WF 1954.9 PSV    2085 N    1187  --  D6 E9 F8 H2 A4 B5 H3 F9
A4  : T  98.16c W  94.51c S   2.62c ( +2.8 L  +2.7) LCB   96.15c P 30.50% WF 1606.4 PSV    1173 N     940  --  A4 B5 D6 E9 F8 H2 H3 F9
H2  : T  89.58c W  89.08c S   0.31c ( +1.9 L  +1.8) LCB   84.88c P 37.28% WF 204.7 PSV     190 N     170  --  H2 H1 D6 D3 A4 B5 C3 E9
E9  : T  74.12c W  72.32c S  -1.08c ( +1.4 L  +1.2) LCB   53.90c P  3.48% WF   5.8 PSV       6 N       8  --  E9 E7 D6 F7
D9  : T  22.99c W  26.77c S  -3.77c ( +0.4 L  +0.2) LCB -327.01c P  1.30% WF   0.5 PSV       0 N       1  --  D9
D3  : T  34.63c W  38.24c S  -3.61c ( +0.5 L  +0.0) LCB -315.37c P  0.68% WF   0.6 PSV       0 N       1  --  D3
H3  : T  58.62c W  61.07c S  -2.46c ( +0.9 L  +0.5) LCB -291.38c P  0.53% WF   0.8 PSV       0 N       1  --  H3
E4  : T  21.98c W  26.17c S  -4.20c ( +0.2 L  -0.2) LCB -328.02c P  0.45% WF   0.5 PSV       0 N       1  --  E4

2024-06-20 17:58:29-0400: = D6
2024-06-20 17:58:31-0400: Controller: kata-list_time_settings
2024-06-20 17:58:31-0400: = none absolute byoyomi canadian fischer fischer-capped
2024-06-20 17:58:31-0400: Controller: play white e9
2024-06-20 17:58:31-0400: = 
2024-06-20 17:58:31-0400: Controller: genmove black
2024-06-20 17:58:32-0400: MoveNum: 26 HASH: CBEFE03E60D05AC5747B64FB5BFA2A4C
   A B C D E F G H J
 9 . . . . O3. . . .
 8 . . O1O X @ . . .
 7 . . O X . . . . .
 6 . O . X2. X X . .
 5 . . O . X . O X .
 4 . O X X . O X . .
 3 . X . . . O X . .
 2 . . X O O . O . .
 1 . . . . . . . . .

koPOSITIONALscoreAREAtaxNONEsui1komi5
Time taken: 1.079
Root visits: 2335
New playouts: 551
NN rows: 364
NN batches: 35
NN avg batch size: 10.4
PV: F8 H3 H4 H2 A4 B5 D9 C9 B8 A8 D3 B9 F5 F9 G9 D9 G8
Tree:
: T  98.36c W  96.05c S   2.04c ( +2.8 L  +2.8) N    2335  --  F8 H3 H4 H2 A4 B5 D9
---Black(^)---
F8  : T  98.81c W  96.43c S   2.11c ( +2.9 L  +2.8) LCB   97.81c P 48.13% WF 4506.2 PSV    4492 N    2202  --  F8 H3 H4 H2 A4 B5 D9 C9
H2  : T  89.38c W  88.89c S  -0.65c ( +1.8 L  +1.7) LCB   81.79c P 15.70% WF  80.0 PSV      80 N      70  --  H2 D3 A4 B5 C3 H1 F8 H3
A4  : T  79.26c W  82.36c S   0.63c ( +2.3 L  +2.2) LCB   63.81c P  8.20% WF  19.6 PSV      20 N      22  --  A4 F8 H2 H1 H3 D3 B5 E4
D9  : T  36.07c W  36.44c S  -2.35c ( +1.0 L  +0.6) LCB   11.02c P 17.72% WF   9.5 PSV      14 N      28  --  D9 F8 F9 E7 F7 E9 E4 H3
F9  : T  34.05c W  35.54c S  -2.42c ( +1.0 L  +0.6) LCB    5.83c P  6.30% WF   3.3 PSV       4 N       9  --  F9 F8 D9 E7 F7 E9 E4 H3
D3  : T  23.56c W  28.56c S  -4.02c ( +0.6 L  +0.2) LCB -126.27c P  2.79% WF   0.9 PSV       1 N       2  --  D3 H3
E4  : T  11.15c W  15.75c S  -4.59c ( +0.3 L  -0.2) LCB -338.85c P  1.05% WF   0.4 PSV       0 N       1  --  E4

2024-06-20 17:58:32-0400: = F8
2024-06-20 17:58:34-0400: Controller: kata-list_time_settings
2024-06-20 17:58:34-0400: = none absolute byoyomi canadian fischer fischer-capped
2024-06-20 17:58:34-0400: Controller: play white h3
2024-06-20 17:58:34-0400: = 
2024-06-20 17:58:34-0400: Controller: genmove black
2024-06-20 17:58:35-0400: MoveNum: 28 HASH: 24D36A149515460F29B9A7A5548AA5AE
   A B C D E F G H J
 9 . . . . O1. . . .
 8 . . O O X X2. . .
 7 . . O X . . . . .
 6 . O . X . X X . .
 5 . . O . X . O X .
 4 . O X X . O X @ .
 3 . X . . . O X O3.
 2 . . X O O . O . .
 1 . . . . . . . . .

koPOSITIONALscoreAREAtaxNONEsui1komi5
Time taken: 1.078
Root visits: 2500
New playouts: 704
NN rows: 357
NN batches: 34
NN avg batch size: 10.5
PV: H4 H2 A4 B5 D9 C9 B8 A8 A7 B9 A9 E4 D5 D3 C3 A8 F9 B7 F5 D1 C1 J3 J4 A5
Tree:
: T  98.62c W  96.85c S   2.01c ( +2.4 L  +2.4) N    2500  --  H4 H2 A4 B5 D9 C9 B8
---Black(^)---
H4  : T  98.63c W  96.86c S   2.01c ( +2.4 L  +2.4) LCB   97.82c P 97.52% WF 6257.5 PSV    6257 N    2498  --  H4 H2 A4 B5 D9 C9 B8 A8
A4  : T -42.34c W -37.39c S  -4.95c ( -0.2 L  -1.3) LCB -392.34c P  2.31% WF   0.3 PSV       0 N       1  --  A4

2024-06-20 17:58:35-0400: = H4
2024-06-20 17:58:37-0400: Controller: kata-list_time_settings
2024-06-20 17:58:37-0400: = none absolute byoyomi canadian fischer fischer-capped
2024-06-20 17:58:37-0400: Controller: play white h2
2024-06-20 17:58:37-0400: = 
2024-06-20 17:58:37-0400: Controller: genmove black
2024-06-20 17:58:38-0400: MoveNum: 30 HASH: 743735CCA9C323D7FFF5D0F6DCBA6DE4
   A B C D E F G H J
 9 . . . . O . . . .
 8 . . O O X X . . .
 7 . . O X . . . . .
 6 . O . X . X X . .
 5 . . O . X . O X .
 4 @ O X X . O X X2.
 3 . X . . . O X O1.
 2 . . X O O . O O3.
 1 . . . . . . . . .

koPOSITIONALscoreAREAtaxNONEsui1komi5
Time taken: 1.062
Root visits: 2499
New playouts: 709
NN rows: 358
NN batches: 36
NN avg batch size: 9.94444
PV: A4 B5 D9 C9 B8 A8 A7 B9 A9 D3 C3 E4 D5 A8 F9 B7 F5 C1 B1 D1 J3 J2 J4 A5 A3
Tree:
: T  99.26c W  97.37c S   2.08c ( +2.5 L  +2.5) N    2499  --  A4 B5 D9 C9 B8 A8 A7
---Black(^)---
A4  : T  99.27c W  97.38c S   2.08c ( +2.5 L  +2.5) LCB   98.51c P 98.18% WF 6923.0 PSV    6923 N    2496  --  A4 B5 D9 C9 B8 A8 A7 B9
D9  : T  62.66c W  65.76c S  -3.10c ( +0.7 L  +0.7) LCB -287.34c P  0.82% WF   0.8 PSV       1 N       1  --  D9
F9  : T  83.75c W  85.94c S  -2.20c ( +1.1 L  +1.0) LCB -266.25c P  0.42% WF   0.9 PSV       1 N       1  --  F9

2024-06-20 17:58:38-0400: = A4
2024-06-20 17:58:40-0400: Controller: kata-list_time_settings
2024-06-20 17:58:40-0400: = none absolute byoyomi canadian fischer fischer-capped
2024-06-20 17:58:40-0400: Controller: play white b5
2024-06-20 17:58:41-0400: = 
2024-06-20 17:58:41-0400: Controller: genmove black
2024-06-20 17:58:42-0400: MoveNum: 32 HASH: DFAEF49B4921563CB379F33F8E3423B3
   A B C D E F G H J
 9 . . . @ O . . . .
 8 . . O O X X . . .
 7 . . O X . . . . .
 6 . O . X . X X . .
 5 . O3O . X . O X .
 4 X2O X X . O X X .
 3 . X . . . O X O .
 2 . . X O O . O O1.
 1 . . . . . . . . .

koPOSITIONALscoreAREAtaxNONEsui1komi5
Time taken: 0.953
Root visits: 4252
New playouts: 668
NN rows: 317
NN batches: 31
NN avg batch size: 10.2258
PV: D9 C9 B8 A8 A7 B9 A9 E4 D5 D3 C3 A8 F9 B7 F5 D1 J3 J2 J4 C1 B1 A5 A3 D9 C6
Tree:
: T  99.85c W  97.91c S   2.01c ( +2.5 L  +2.5) N    4252  --  D9 C9 B8 A8 A7 B9 A9
---Black(^)---
D9  : T 100.17c W  98.15c S   2.07c ( +2.5 L  +2.5) LCB   99.65c P 63.35% WF 12097.1 PSV   12057 N    3803  --  D9 C9 B8 A8 A7 B9 A9 E4
D3  : T  96.48c W  95.25c S   1.67c ( +2.4 L  +2.4) LCB   93.93c P 10.99% WF 533.2 PSV     226 N     275  --  D3 A5 F9 A3 A2 F5 D9 B8
F9  : T  95.11c W  94.86c S  -0.05c ( +1.8 L  +1.7) LCB   91.10c P 10.58% WF 164.4 PSV     163 N      88  --  F9 F5 D3 D9 A5 A6 A3 J4
B8  : T  94.71c W  94.30c S   0.03c ( +1.8 L  +1.7) LCB   89.47c P  6.99% WF 101.1 PSV     100 N      54  --  B8 A8 D9 D3 C3 E4 D5
E4  : T  80.67c W  81.57c S  -0.54c ( +1.6 L  +1.2) LCB   66.24c P  2.15% WF   8.4 PSV       9 N      10  --  E4 D9 F9 F5 A5
F5  : T   8.81c W   9.52c S  -3.18c ( +0.5 L  +0.1) LCB  -13.90c P  4.68% WF   5.4 PSV       4 N      18  --  F5 F9 D9 G9 G8 H9 H8 C9
A8  : T  60.36c W  62.50c S  -2.14c ( +1.0 L  +0.7) LCB -289.64c P  0.75% WF   0.7 PSV       1 N       1  --  A8
J3  : T  62.90c W  64.83c S  -1.93c ( +1.1 L  +0.8) LCB -287.10c P  0.16% WF   0.6 PSV       0 N       1  --  J3
A5  : T  37.71c W  41.29c S  -3.58c ( +0.6 L  +0.2) LCB -312.29c P  0.10% WF   0.5 PSV       0 N       1  --  A5

2024-06-20 17:58:42-0400: = D9
2024-06-20 17:58:44-0400: Controller: kata-list_time_settings
2024-06-20 17:58:44-0400: = none absolute byoyomi canadian fischer fischer-capped
2024-06-20 17:58:44-0400: Controller: play white c9
2024-06-20 17:58:44-0400: = 
2024-06-20 17:58:44-0400: Controller: genmove black
2024-06-20 17:58:45-0400: MoveNum: 34 HASH: 08865C088271A84B43CFD881EE4CEC30
   A B C D E F G H J
 9 . . O3.2O . . . .
 8 . @ O O X X . . .
 7 . . O X . . . . .
 6 . O . X . X X . .
 5 . O1O . X . O X .
 4 X O X X . O X X .
 3 . X . . . O X O .
 2 . . X O O . O O .
 1 . . . . . . . . .

koPOSITIONALscoreAREAtaxNONEsui1komi5
Time taken: 0.922
Root visits: 4029
New playouts: 623
NN rows: 292
NN batches: 30
NN avg batch size: 9.73333
PV: B8 A8 A7 B9 A9 E4 D5 D3 C3 A8 F9 B7 F5 C1 B1 A5 A3 D1 J3 J2 J4 D9 C6 A6 B2
Tree:
: T  99.77c W  98.08c S   1.96c ( +2.5 L  +2.5) N    4029  --  B8 A8 A7 B9 A9 E4 D5
---Black(^)---
B8  : T 100.08c W  98.32c S   2.04c ( +2.5 L  +2.5) LCB   99.45c P 47.98% WF 12426.2 PSV   12387 N    3682  --  B8 A8 A7 B9 A9 E4 D5 D3
D3  : T  95.39c W  94.79c S   0.32c ( +1.9 L  +1.9) LCB   91.98c P 30.82% WF 479.4 PSV     507 N     247  --  D3 A5 A7 B8 A8 A9 F5 A3
E4  : T  83.33c W  84.57c S  -1.77c ( +1.2 L  +1.1) LCB   77.45c P  9.59% WF  45.6 PSV      51 N      48  --  E4 A5 A7 B8 A8 A9 F5 F9
F9  : T  90.98c W  91.33c S  -0.99c ( +1.5 L  +1.4) LCB   85.52c P  4.75% WF  44.3 PSV      46 N      32  --  F9 F5 B8 A8 A7 B9
F5  : T  55.74c W  63.22c S  -2.89c ( +0.8 L  +0.6) LCB   22.92c P  5.78% WF   9.5 PSV      11 N      15  --  F5 F9 G9 D9 G8 D3 C3 E4
A7  : T  79.76c W  88.01c S  -1.62c ( +1.3 L  +1.1) LCB -102.95c P  0.45% WF   2.7 PSV       2 N       2  --  A7 B8
J3  : T  79.87c W  81.81c S  -1.40c ( +1.3 L  +1.1) LCB -270.13c P  0.19% WF   1.3 PSV       0 N       1  --  J3
A8  : T  78.43c W  80.12c S  -1.68c ( +1.2 L  +1.1) LCB -271.57c P  0.13% WF   1.2 PSV       0 N       1  --  A8

2024-06-20 17:58:45-0400: = B8
2024-06-20 17:58:47-0400: Controller: kata-list_time_settings
2024-06-20 17:58:47-0400: = none absolute byoyomi canadian fischer fischer-capped
2024-06-20 17:58:47-0400: Controller: play white a8
2024-06-20 17:58:47-0400: = 
2024-06-20 17:58:47-0400: Controller: genmove black
2024-06-20 17:58:48-0400: MoveNum: 36 HASH: B796B5EC35319D7D027080E2C8B9603E
   A B C D E F G H J
 9 . . O1. O . . . .
 8 O3X2O O X X . . .
 7 @ . O X . . . . .
 6 . O . X . X X . .
 5 . O O . X . O X .
 4 X O X X . O X X .
 3 . X . . . O X O .
 2 . . X O O . O O .
 1 . . . . . . . . .

koPOSITIONALscoreAREAtaxNONEsui1komi5
Time taken: 0.859
Root visits: 5479
New playouts: 377
NN rows: 265
NN batches: 27
NN avg batch size: 9.81481
PV: A7 B9 A9 E4 D5 D3 C3 A8 F9 B7 F5 A5 A3 D1 C1 J3 D9 J4 J5 C6 E9 A6
Tree:
: T 100.35c W  98.40c S   2.12c ( +2.5 L  +2.5) N    5479  --  A7 B9 A9 E4 D5 D3 C3
---Black(^)---
A7  : T 100.50c W  98.53c S   2.15c ( +2.5 L  +2.5) LCB   99.99c P 63.21% WF 17174.4 PSV   17143 N    4825  --  A7 B9 A9 E4 D5 D3 C3 A8
D3  : T  99.28c W  97.80c S   1.53c ( +2.3 L  +2.3) LCB   97.55c P 17.56% WF 1067.8 PSV    1086 N     367  --  D3 B9 F5 F9 G9 D9 G8 D1
E4  : T  98.39c W  96.31c S   1.61c ( +2.4 L  +2.3) LCB   95.21c P 12.18% WF 452.0 PSV     463 N     187  --  E4 B7 F5 F9 E3 F2 G9 D9
F9  : T  98.54c W  95.32c S   3.96c ( +3.5 L  +3.5) LCB   91.61c P  4.57% WF 164.3 PSV     168 N      90  --  F9 A5 A7 B9 D3
F5  : T  64.85c W  66.29c S  -3.21c ( +0.7 L  +0.5) LCB   39.02c P  1.97% WF   4.6 PSV       6 N       7  --  F5 F9 G9 D9 G8 D3 C3
J3  : T  85.71c W  86.88c S  -1.17c ( +1.4 L  +1.3) LCB -264.29c P  0.22% WF   1.8 PSV       1 N       1  --  J3
D1  : T  52.29c W  56.02c S  -3.74c ( +0.5 L  +0.5) LCB -297.71c P  0.10% WF   0.6 PSV       0 N       1  --  D1

2024-06-20 17:58:48-0400: = A7
2024-06-20 17:58:50-0400: Controller: kata-list_time_settings
2024-06-20 17:58:50-0400: = none absolute byoyomi canadian fischer fischer-capped
2024-06-20 17:58:50-0400: Controller: play white b9
2024-06-20 17:58:50-0400: = 
2024-06-20 17:58:50-0400: Controller: genmove black
2024-06-20 17:58:51-0400: MoveNum: 38 HASH: BDC701E8A2453B8AF2DF7654C14CE588
   A B C D E F G H J
 9 . O3O . O . . . .
 8 O1X O O X X . . .
 7 X2. O X . . . . .
 6 . O . X . X X . .
 5 . O O . X . O X .
 4 X O X X . O X X .
 3 . X . @ . O X O .
 2 . . X O O . O O .
 1 . . . . . . . . .

koPOSITIONALscoreAREAtaxNONEsui1komi5
Time taken: 0.719
Root visits: 6152
New playouts: 414
NN rows: 226
NN batches: 23
NN avg batch size: 9.82609
PV: D3 B7 F5 F9 G9 D9 G8 A5 A3 C1 B1 D1 J3 J2 J4 E3 D5 A6
Tree:
: T 100.47c W  98.47c S   2.12c ( +2.5 L  +2.5) N    6152  --  D3 B7 F5 F9 G9 D9 G8
---Black(^)---
D3  : T 100.73c W  98.21c S   2.65c ( +2.8 L  +2.7) LCB   99.81c P 27.90% WF 5468.4 PSV   14218 N    1731  --  D3 B7 F5 F9 G9 D9 G8 A5
A9  : T 100.32c W  98.83c S   1.57c ( +2.3 L  +2.3) LCB   99.77c P 49.80% WF 12924.9 PSV   12968 N    3297  --  A9 E4 D5 D3 C3 A8 F9 B7
E4  : T 100.84c W  97.60c S   3.22c ( +3.1 L  +2.9) LCB   99.42c P 17.41% WF 2642.6 PSV    2627 N     927  --  E4 B7 F5 F9 G9 D9 E3 F2
F9  : T  99.73c W  96.79c S   3.41c ( +3.2 L  +3.2) LCB   96.72c P  2.71% WF 382.7 PSV     313 N     188  --  F9 A5 A9 E4 D5 D3
F5  : T  57.82c W  60.84c S  -3.52c ( +0.6 L  +0.4) LCB   21.10c P  1.35% WF   3.0 PSV       3 N       5  --  F5 F9 G9 D9 G8
J3  : T  71.13c W  73.87c S  -2.74c ( +0.9 L  +0.9) LCB -278.87c P  0.49% WF   1.0 PSV       2 N       1  --  J3
F2  : T  54.97c W  58.81c S  -3.84c ( +0.5 L  +0.5) LCB -295.97c P  0.11% WF   0.6 PSV       0 N       1  --  F2
D1  : T  33.24c W  38.01c S  -4.77c ( +0.1 L  +0.2) LCB -316.76c P  0.11% WF   0.5 PSV       0 N       1  --  D1

2024-06-20 17:58:51-0400: = D3
2024-06-20 17:58:53-0400: Controller: kata-list_time_settings
2024-06-20 17:58:53-0400: = none absolute byoyomi canadian fischer fischer-capped
2024-06-20 17:58:53-0400: Controller: play white b7
2024-06-20 17:58:53-0400: = 
2024-06-20 17:58:53-0400: Controller: genmove black
2024-06-20 17:58:54-0400: MoveNum: 40 HASH: BE9834EC4FE0845CD1FB8DFA7C2C9DD8
   A B C D E F G H J
 9 . O1O . O . . . .
 8 O . O O X X . . .
 7 X O3O X . . . . .
 6 . O . X . X X . .
 5 . O O . X @ O X .
 4 X O X X . O X X .
 3 . X . X2. O X O .
 2 . . X O O . O O .
 1 . . . . . . . . .

koPOSITIONALscoreAREAtaxNONEsui1komi5
Time taken: 0.782
Root visits: 2210
New playouts: 437
NN rows: 253
NN batches: 25
NN avg batch size: 10.12
PV: F5 F9 G9 D9 G8 A5 A3 D1 C1 J4 J5 J3 E3 F2 D5 C6
Tree:
: T 100.86c W  98.68c S   2.24c ( +2.6 L  +2.5) N    2210  --  F5 F9 G9 D9 G8 A5 A3
---Black(^)---
F5  : T 101.11c W  98.90c S   2.25c ( +2.6 L  +2.5) LCB  100.51c P 55.80% WF 7369.2 PSV    7353 N    1971  --  F5 F9 G9 D9 G8 A5 A3 D1
J3  : T 100.49c W  98.10c S   2.59c ( +2.7 L  +2.7) LCB   98.22c P  9.43% WF 588.7 PSV     519 N     175  --  J3 J2 F5 F9 G9 D9 G8 D1
F9  : T  84.04c W  85.22c S  -2.16c ( +1.1 L  +1.2) LCB   73.50c P  9.40% WF  28.9 PSV      31 N      25  --  F9 F5 D1 H6 H7 J4 J6 E1
E3  : T  49.38c W  58.10c S  -3.12c ( +0.8 L  +0.7) LCB    9.30c P 19.97% WF  15.9 PSV      22 N      23  --  E3 D1 F5 F9 G9 D9 G8 C1
D1  : T  83.25c W  86.32c S  -2.22c ( +1.1 L  +1.1) LCB   74.43c P  4.71% WF  16.8 PSV      15 N      14  --  D1 E1 F5 F9 G9 C1 B1
F2  : T  68.30c W  71.74c S  -3.44c ( +0.7 L  +1.0) LCB -283.10c P  0.35% WF   0.8 PSV       0 N       1  --  F2

2024-06-20 17:58:54-0400: = F5
2024-06-20 17:58:56-0400: Controller: kata-list_time_settings
2024-06-20 17:58:56-0400: = none absolute byoyomi canadian fischer fischer-capped
2024-06-20 17:58:56-0400: Controller: play white f9
2024-06-20 17:58:56-0400: = 
2024-06-20 17:58:56-0400: Controller: genmove black
2024-06-20 17:58:57-0400: MoveNum: 42 HASH: B8445CEF9BA8A7B6A8E4CA1F544F8E12
   A B C D E F G H J
 9 . O O . O O3@ . .
 8 O . O O X X . . .
 7 X O1O X . . . . .
 6 . O . X . X X . .
 5 . O O . X X2. X .
 4 X O X X . O X X .
 3 . X . X . O X O .
 2 . . X O O . O O .
 1 . . . . . . . . .

koPOSITIONALscoreAREAtaxNONEsui1komi5
Time taken: 0.656
Root visits: 3925
New playouts: 561
NN rows: 204
NN batches: 21
NN avg batch size: 9.71429
PV: G9 D9 J3 J2 G8 D1 J4 A5 A3 C1 B1 E3 D5 C6 E4 A6
Tree:
: T 101.15c W  98.99c S   2.24c ( +2.5 L  +2.5) N    3925  --  G9 D9 J3 J2 G8 D1 J4
---Black(^)---
G9  : T 101.19c W  99.06c S   2.15c ( +2.5 L  +2.4) LCB  100.71c P 75.47% WF 12216.9 PSV   12215 N    3070  --  G9 D9 J3 J2 G8 D1 J4 A5
J3  : T 101.27c W  98.91c S   2.57c ( +2.7 L  +2.6) LCB  100.30c P 11.54% WF 3258.0 PSV    2204 N     823  --  J3 J2 G9 D9 G8 D1 J4 A5
D1  : T  86.79c W  87.99c S  -1.78c ( +1.2 L  +1.3) LCB   80.37c P  3.46% WF  22.9 PSV      20 N      18  --  D1 E1 G9 C1 B1 D9 G8
E3  : T  33.90c W  46.13c S  -3.94c ( +0.5 L  +0.5) LCB   -7.24c P  9.28% WF   7.8 PSV      12 N      13  --  E3 D1 G9 D9 G8 C1 B1 A5

2024-06-20 17:58:57-0400: = G9
2024-06-20 17:58:59-0400: Controller: kata-list_time_settings
2024-06-20 17:58:59-0400: = none absolute byoyomi canadian fischer fischer-capped
2024-06-20 17:58:59-0400: Controller: play white d9
2024-06-20 17:58:59-0400: = 
2024-06-20 17:58:59-0400: Controller: genmove black
2024-06-20 17:59:00-0400: MoveNum: 44 HASH: 7B48DAFD0A0307731D541B90CE4404FE
   A B C D E F G H J
 9 . O O O3O O1X2. .
 8 O . O O X X @ . .
 7 X O O X . . . . .
 6 . O . X . X X . .
 5 . O O . X X . X .
 4 X O X X . O X X .
 3 . X . X . O X O .
 2 . . X O O . O O .
 1 . . . . . . . . .

koPOSITIONALscoreAREAtaxNONEsui1komi5
Time taken: 0.687
Root visits: 4959
New playouts: 519
NN rows: 204
NN batches: 22
NN avg batch size: 9.27273
PV: G8 A5 A3 C1 B1 D1 J3 J2 J4 E3 D5 E4 C6 A6 C3
Tree:
: T 101.16c W  99.16c S   2.06c ( +2.4 L  +2.4) N    4959  --  G8 A5 A3 C1 B1 D1 J3
---Black(^)---
G8  : T 101.19c W  99.19c S   2.04c ( +2.4 L  +2.4) LCB  100.76c P 69.32% WF 14552.2 PSV   14552 N    3470  --  G8 A5 A3 C1 B1 D1 J3 J2
J3  : T 101.31c W  99.23c S   2.26c ( +2.5 L  +2.5) LCB  100.74c P 10.53% WF 4791.1 PSV    2913 N    1109  --  J3 J2 G8 D1 J4 A5 A3 C1
G7  : T 100.83c W  99.01c S   1.70c ( +2.3 L  +2.2) LCB   97.82c P  6.57% WF 610.0 PSV     285 N     170  --  G7 C1 B1 D1 J3 J2 J4 A5
H8  : T 100.90c W  99.05c S   1.75c ( +2.3 L  +2.2) LCB   97.94c P  4.83% WF 653.9 PSV     218 N     179  --  H8 D1 J3 J2 J4 A5 A3 C1
D1  : T  88.89c W  90.08c S  -1.53c ( +1.2 L  +1.4) LCB   80.64c P  3.42% WF  28.7 PSV      27 N      20  --  D1 E1 G8 C1 B1 A5 A3
E3  : T  23.87c W  34.64c S  -4.25c ( +0.3 L  +0.4) LCB  -30.69c P  4.73% WF   4.7 PSV       6 N       8  --  E3 D1 G8 C1 B1 A5
H9  : T  66.35c W  69.54c S  -3.18c ( +0.7 L  +0.6) LCB -285.07c P  0.34% WF   0.6 PSV       0 N       1  --  H9
F2  : T -77.74c W -69.33c S  -8.42c ( -1.6 L  -4.9) LCB -428.91c P  0.14% WF   0.3 PSV       0 N       1  --  F2

2024-06-20 17:59:00-0400: = G8
2024-06-20 17:59:02-0400: Controller: kata-list_time_settings
2024-06-20 17:59:02-0400: = none absolute byoyomi canadian fischer fischer-capped
2024-06-20 17:59:02-0400: Controller: play white a5
2024-06-20 17:59:03-0400: = 
2024-06-20 17:59:03-0400: Controller: genmove black
2024-06-20 17:59:03-0400: MoveNum: 46 HASH: AFDA25661347E549D23E6AB39B457F5B
   A B C D E F G H J
 9 . O O O1O O X . .
 8 O . O O X X X2. .
 7 X O O X . . . . .
 6 . O . X . X X . .
 5 O3O O . X X . X .
 4 X O X X . O X X .
 3 @ X . X . O X O .
 2 . . X O O . O O .
 1 . . . . . . . . .

koPOSITIONALscoreAREAtaxNONEsui1komi5
Time taken: 0.656
Root visits: 3096
New playouts: 693
NN rows: 182
NN batches: 20
NN avg batch size: 9.1
PV: A3 D1 J3 J2 J4 C1 B1 E3 E4 C6 D5 A6 C3 F2
Tree:
: T 101.09c W  99.31c S   1.90c ( +2.2 L  +2.2) N    3096  --  A3 D1 J3 J2 J4 C1 B1
---Black(^)---
A3  : T 101.27c W  99.47c S   1.93c ( +2.2 L  +2.2) LCB  100.88c P 67.09% WF 13804.6 PSV   13784 N    2926  --  A3 D1 J3 J2 J4 C1 B1 E3
D1  : T  94.39c W  93.57c S   0.68c ( +1.8 L  +1.9) LCB   88.96c P 17.53% WF 205.9 PSV     191 N     115  --  D1 A3 A2 E1 C1 J4 J5 J3
C1  : T  91.24c W  91.19c S   0.69c ( +1.8 L  +1.8) LCB   77.88c P  4.68% WF  37.0 PSV      35 N      25  --  C1 A3 A2 D1 J3 J2 J4 E3
J3  : T  91.35c W  90.84c S   0.78c ( +1.8 L  +1.9) LCB   78.34c P  4.28% WF  32.6 PSV      32 N      17  --  J3 J2 A3 D1 J4 C1 B1 E3
E3  : T  42.65c W  47.31c S  -3.41c ( +0.5 L  +0.5) LCB  -19.53c P  4.60% WF   4.2 PSV       6 N       7  --  E3 D1 C1 A3 A2 J3
J4  : T  64.29c W  71.83c S  -2.34c ( +0.8 L  +1.0) LCB  -19.16c P  1.04% WF   1.9 PSV       2 N       3  --  J4 A3 A2
F2  : T  76.57c W  79.29c S  -2.71c ( +0.7 L  +1.3) LCB -274.90c P  0.38% WF   1.0 PSV       1 N       1  --  F2
E4  : T  25.72c W  30.54c S  -4.82c ( +0.0 L  +0.3) LCB -324.28c P  0.18% WF   0.5 PSV       0 N       1  --  E4

2024-06-20 17:59:03-0400: = A3
2024-06-20 17:59:06-0400: Controller: kata-list_time_settings
2024-06-20 17:59:06-0400: = none absolute byoyomi canadian fischer fischer-capped
2024-06-20 17:59:06-0400: Controller: play white d1
2024-06-20 17:59:06-0400: = 
2024-06-20 17:59:06-0400: Controller: genmove black
2024-06-20 17:59:06-0400: MoveNum: 48 HASH: 6AD1BE1B537A8F944242E9DA32E447E5
   A B C D E F G H J
 9 . O O O O O X . .
 8 O . O O X X X . .
 7 X O O X . . . . .
 6 . O . X . X X . .
 5 O1O O . X X . X .
 4 X O X X . O X X .
 3 X2X . X . O X O @
 2 . . X O O . O O .
 1 . . . O3. . . . .

koPOSITIONALscoreAREAtaxNONEsui1komi5
Time taken: 0.641
Root visits: 3264
New playouts: 575
NN rows: 186
NN batches: 19
NN avg batch size: 9.78947
PV: J3 J2 J4 C1 B1 E3 D5 E4 C6 A6 B2 F2 C3
Tree:
: T 101.35c W  99.60c S   1.83c ( +2.1 L  +2.1) N    3264  --  J3 J2 J4 C1 B1 E3 D5
---Black(^)---
J3  : T 101.40c W  99.62c S   1.86c ( +2.1 L  +2.1) LCB  101.03c P 53.94% WF 9748.1 PSV    9740 N    1925  --  J3 J2 J4 C1 B1 E3 D5 E4
J4  : T 101.46c W  99.64c S   1.91c ( +2.1 L  +2.2) LCB  100.75c P 18.49% WF 3585.1 PSV    3580 N     685  --  J4 C1 B1 J3 E3 D5 C6 F2
C1  : T 101.17c W  99.61c S   1.67c ( +2.0 L  +2.1) LCB  100.28c P 25.48% WF 3526.7 PSV    3078 N     648  --  C1 D5 E3 J4 J5 F2 E4 J3
F2  : T  87.72c W  88.15c S  -0.92c ( +1.2 L  +1.5) LCB  -99.55c P  0.58% WF   2.5 PSV       3 N       2  --  F2 J4
E3  : T  -7.15c W  -2.05c S  -5.10c ( -0.2 L  -0.1) LCB -357.15c P  0.77% WF   1.0 PSV       0 N       1  --  E3
F1  : T  23.55c W  27.58c S  -4.03c ( +0.2 L  +0.2) LCB -327.91c P  0.26% WF   0.5 PSV       0 N       1  --  F1
E4  : T   0.67c W   5.80c S  -5.13c ( -0.2 L  +0.1) LCB -349.33c P  0.21% WF   0.9 PSV       0 N       1  --  E4

2024-06-20 17:59:06-0400: = J3
2024-06-20 17:59:09-0400: Controller: kata-list_time_settings
2024-06-20 17:59:09-0400: = none absolute byoyomi canadian fischer fischer-capped
2024-06-20 17:59:09-0400: Controller: play white j2
2024-06-20 17:59:09-0400: = 
2024-06-20 17:59:09-0400: Controller: genmove black
2024-06-20 17:59:09-0400: MoveNum: 50 HASH: CCBEEA298B4AFD7F9F621901D5343E0A
   A B C D E F G H J
 9 . O O O O O X . .
 8 O . O O X X X . .
 7 X O O X . . . . .
 6 . O . X . X X . .
 5 O O O . X X . X .
 4 X O X X . O X X @
 3 X X . X . O X O X2
 2 . . X O O . O O O3
 1 . . . O1. . . . .

koPOSITIONALscoreAREAtaxNONEsui1komi5
Time taken: 0.593
Root visits: 3750
New playouts: 589
NN rows: 170
NN batches: 18
NN avg batch size: 9.44444
PV: J4 E3 D5 C6 C1 E4 C3 A6 F7 F2
Tree:
: T 101.62c W  99.78c S   1.84c ( +2.1 L  +2.0) N    3750  --  J4 E3 D5 C6 C1 E4 C3
---Black(^)---
J4  : T 101.65c W  99.81c S   1.84c ( +2.1 L  +2.0) LCB  101.48c P 92.91% WF 20398.9 PSV   20395 N    3715  --  J4 E3 D5 C6 C1 E4 C3 A6
C1  : T  95.92c W  93.47c S   2.30c ( +2.2 L  +2.0) LCB   72.82c P  5.66% WF  87.0 PSV      76 N      31  --  C1 J4 J5 D5 E4 J3 E3 F2
E3  : T   4.52c W   8.64c S  -4.12c ( +0.1 L  +0.0) LCB -345.48c P  0.62% WF   0.8 PSV       0 N       1  --  E3
F2  : T  45.29c W  48.52c S  -3.22c ( +0.4 L  +0.8) LCB -306.18c P  0.33% WF   0.5 PSV       0 N       1  --  F2
F1  : T  12.62c W  16.72c S  -4.09c ( +0.1 L  +0.2) LCB -338.85c P  0.21% WF   0.6 PSV       0 N       1  --  F1

2024-06-20 17:59:09-0400: = J4
2024-06-20 17:59:12-0400: Controller: kata-list_time_settings
2024-06-20 17:59:12-0400: = none absolute byoyomi canadian fischer fischer-capped
2024-06-20 17:59:12-0400: Controller: play white e3
2024-06-20 17:59:12-0400: = 
2024-06-20 17:59:12-0400: Controller: genmove black
2024-06-20 17:59:13-0400: MoveNum: 52 HASH: 7FB9B5A32C0B3C22E60F3AEF1555287A
   A B C D E F G H J
 9 . O O O O O X . .
 8 O . O O X X X . .
 7 X O O X . . . . .
 6 . O . X . X X . .
 5 O O O @ X X . X .
 4 X O X X . O X X X2
 3 X X . X O3O X O X
 2 . . X O O . O O O1
 1 . . . O . . . . .

koPOSITIONALscoreAREAtaxNONEsui1komi5
Time taken: 0.547
Root visits: 2897
New playouts: 1506
NN rows: 157
NN batches: 17
NN avg batch size: 9.23529
PV: D5 C6 C1 E4 C3 A6 G5 F2 E7
Tree:
: T 101.65c W  99.91c S   1.81c ( +2.0 L  +2.0) N    2897  --  D5 C6 C1 E4 C3 A6 G5
---Black(^)---
D5  : T 101.74c W  99.92c S   1.89c ( +2.0 L  +2.0) LCB  101.53c P 21.92% WF 5797.6 PSV    9324 N    1002  --  D5 C6 C1 E4 C3 A6 G5 F2
C1  : T 101.60c W  99.92c S   1.77c ( +2.0 L  +1.9) LCB  101.43c P 46.83% WF 4522.0 PSV    4527 N     778  --  C1 D5 F2 C6 E4 F1 C3 A6
E4  : T 101.59c W  99.91c S   1.75c ( +2.0 L  +1.9) LCB  101.33c P 15.29% WF 3594.8 PSV    2475 N     633  --  E4 C6 D5 C1 B1 A6 B2 F2
C6  : T 101.53c W  99.93c S   1.62c ( +1.9 L  +1.9) LCB  101.31c P 10.65% WF 1624.8 PSV    1489 N     280  --  C6 C1 B1 E4 D5 A6 C3 F2
B1  : T 101.87c W  99.85c S   2.11c ( +2.1 L  +2.1) LCB  100.51c P  3.25% WF 1031.7 PSV     177 N     188  --  B1 D5 E4 C1 C6 A6 C3 F2
F2  : T 101.39c W  99.48c S   2.02c ( +2.1 L  +2.1) LCB   96.68c P  0.77% WF  45.8 PSV      22 N      10  --  F2 C1 B1 F1 D5 C6 E4 A6
F1  : T  99.28c W  98.25c S   0.91c ( +1.7 L  +2.2) LCB   25.61c P  0.70% WF  11.9 PSV      10 N       4  --  F1 C1 B1
E1  : T  96.90c W  97.43c S  -0.53c ( +1.3 L  +1.9) LCB -254.64c P  0.24% WF   3.4 PSV       2 N       1  --  E1

2024-06-20 17:59:13-0400: = D5
2024-06-20 17:59:15-0400: Controller: kata-list_time_settings
2024-06-20 17:59:15-0400: = none absolute byoyomi canadian fischer fischer-capped
2024-06-20 17:59:15-0400: Controller: play white c6
2024-06-20 17:59:15-0400: = 
2024-06-20 17:59:15-0400: Controller: genmove black
2024-06-20 17:59:16-0400: MoveNum: 54 HASH: 3E36F934CE6028816FD4870A1005232C
   A B C D E F G H J
 9 . O O O O O X . .
 8 O . O O X X X . .
 7 X O O X . . . . .
 6 . O O3X . X X . .
 5 O O O X2X X . X .
 4 X O X X . O X X X
 3 X X . X O1O X O X
 2 . . X O O . O O O
 1 . . @ O . . . . .

koPOSITIONALscoreAREAtaxNONEsui1komi5
Time taken: 0.656
Root visits: 1069
New playouts: 295
NN rows: 135
NN batches: 18
NN avg batch size: 7.5
PV: C1 E4 G5 A6 C3 F2 E7 pass pass
Tree:
: T 101.74c W  99.93c S   1.86c ( +2.0 L  +1.9) N    1069  --  C1 E4 G5 A6 C3 F2 E7
---Black(^)---
C1  : T 101.85c W  99.98c S   1.92c ( +2.0 L  +1.9) LCB  101.68c P 61.76% WF 4259.5 PSV    4729 N     688  --  C1 E4 G5 A6 C3 F2 E7 pass
E4  : T 101.63c W  99.96c S   1.68c ( +2.0 L  +1.9) LCB  101.29c P 31.93% WF 1598.7 PSV    1554 N     271  --  E4 C1 B1 A6 B2 F2 G5 pass
B1  : T 101.48c W  99.86c S   1.75c ( +2.0 L  +2.1) LCB   99.32c P  2.70% WF 249.2 PSV      45 N      44  --  B1 A6 E4 C1 B2 F2 G5 pass
F2  : T 101.59c W  99.72c S   1.83c ( +2.0 L  +2.2) LCB   98.61c P  1.10% WF  80.7 PSV      16 N      16  --  F2 C1 B1 F1 E4 A6 B2 pass
F1  : T 101.70c W  99.81c S   2.19c ( +2.1 L  +2.3) LCB   98.25c P  0.92% WF 246.5 PSV      14 N      46  --  F1 C1 B1 G1 E4 A6 B2
E1  : T  99.35c W  98.44c S   0.81c ( +1.7 L  +2.2) LCB  -83.03c P  0.71% WF   6.3 PSV       5 N       2  --  E1 C1
B2  : T -11.93c W  -7.58c S  -4.35c ( +0.0 L  -0.0) LCB -361.93c P  0.32% WF   1.5 PSV       0 N       1  --  B2

2024-06-20 17:59:16-0400: = C1
2024-06-20 17:59:18-0400: Controller: kata-list_time_settings
2024-06-20 17:59:18-0400: = none absolute byoyomi canadian fischer fischer-capped
2024-06-20 17:59:18-0400: Controller: play white e4
2024-06-20 17:59:19-0400: = 
2024-06-20 17:59:19-0400: Controller: genmove black
2024-06-20 17:59:19-0400: MoveNum: 56 HASH: FA5ABB233AE9D37A06EAF757C8B029A5
   A B C D E F G H J
 9 . O O O O O X . .
 8 O . O O X X X . .
 7 X O O X . . @ . .
 6 . O O1X . X X . .
 5 O O O X X X . X .
 4 X O X X O3O X X X
 3 X X . X O O X O X
 2 . . X O O . O O O
 1 . . X2O . . . . .

koPOSITIONALscoreAREAtaxNONEsui1komi5
Time taken: 0.562
Root visits: 2482
New playouts: 310
NN rows: 131
NN batches: 16
NN avg batch size: 8.1875
PV: G7 A6 C3 F2 G5 pass pass
Tree:
: T 101.77c W  99.97c S   1.81c ( +2.0 L  +1.9) N    2482  --  G7 A6 C3 F2 G5 pass pass
---Black(^)---
G7  : T 101.89c W  99.98c S   1.95c ( +2.0 L  +1.9) LCB  101.69c P  5.53% WF 1472.8 PSV    4436 N     228  --  G7 A6 C3 F2 G5 pass pass
C3  : T 101.80c W  99.96c S   1.80c ( +2.0 L  +1.8) LCB  101.65c P 31.33% WF 3166.2 PSV    3166 N     511  --  C3 A6 G5 F2 E7 pass pass
G5  : T 101.84c W  99.96c S   1.85c ( +2.0 L  +1.9) LCB  101.66c P 11.44% WF 2297.8 PSV    1242 N     369  --  G5 A6 C3 F2 E7 pass pass
E7  : T 101.89c W  99.97c S   1.90c ( +2.0 L  +1.9) LCB  101.68c P 10.10% WF 2202.7 PSV    1219 N     347  --  E7 A6 G5 pass C3 F2 pass pass
F7  : T 101.83c W  99.97c S   1.90c ( +2.0 L  +1.9) LCB  101.62c P  8.68% WF 1698.2 PSV     935 N     267  --  F7 A6 G5 F2 C3 pass pass
B2  : T 101.85c W  99.97c S   1.84c ( +2.0 L  +1.9) LCB  101.59c P  5.38% WF 1279.6 PSV     594 N     210  --  B2 A6 C3 F2 F7 pass pass
pss : T 101.63c W  99.98c S   1.68c ( +2.0 L  +1.9) LCB  101.34c P  6.47% WF 945.0 PSV     499 N     145  --  pass A6 C3 pass G5 F2 E7 pass
H6  : T 101.82c W  99.98c S   1.89c ( +2.0 L  +1.9) LCB  101.60c P  4.56% WF 1305.4 PSV     477 N     202  --  H6 A6 C3 F2 F7 pass pass
E6  : T 101.38c W  99.97c S   1.43c ( +1.9 L  +1.8) LCB   97.22c P  1.38% WF 109.0 PSV      30 N      18  --  E6 A6 C3 pass
B1  : T 101.25c W  99.97c S   1.38c ( +1.9 L  +1.9) LCB   96.59c P  1.17% WF  97.8 PSV      24 N      16  --  B1 A6 C3 F2

2024-06-20 17:59:19-0400: = G7
2024-06-20 17:59:22-0400: Controller: kata-list_time_settings
2024-06-20 17:59:22-0400: = none absolute byoyomi canadian fischer fischer-capped
2024-06-20 17:59:22-0400: Controller: play white a6
2024-06-20 17:59:22-0400: = 
2024-06-20 17:59:22-0400: Controller: genmove black
2024-06-20 17:59:22-0400: MoveNum: 58 HASH: 10D951C1C4A2552507210CBE38F3CB1F
   A B C D E F G H J
 9 . O O O O O X . .
 8 O . O O X X X . .
 7 . O O X . . X2. .
 6 O3O O X . X X . .
 5 O O O X X X . X .
 4 X O X X O1O X X X
 3 X X @ X O O X O X
 2 . . X O O . O O O
 1 . . X O . . . . .

koPOSITIONALscoreAREAtaxNONEsui1komi5
Time taken: 0.531
Root visits: 1262
New playouts: 244
NN rows: 152
NN batches: 17
NN avg batch size: 8.94118
PV: C3 pass G5 pass pass
Tree:
: T 101.78c W  99.96c S   1.80c ( +2.0 L  +1.8) N    1262  --  C3 pass G5 pass pass
---Black(^)---
C3  : T 101.84c W  99.96c S   1.82c ( +2.0 L  +1.8) LCB  101.64c P 35.09% WF 2098.4 PSV    2181 N     341  --  C3 pass G5 pass pass
G5  : T 101.80c W  99.95c S   1.81c ( +2.0 L  +1.8) LCB  101.57c P 25.22% WF 1808.6 PSV    1429 N     302  --  G5 F2 C3 pass pass
H6  : T 101.86c W  99.96c S   1.86c ( +2.0 L  +1.9) LCB  101.56c P 11.60% WF 967.6 PSV     721 N     151  --  H6 pass C3 F2 pass pass
B2  : T 101.72c W  99.94c S   1.74c ( +1.9 L  +1.8) LCB  101.35c P  7.17% WF 863.1 PSV     360 N     142  --  B2 F2 C3 pass G5 pass pass
pss : T 101.82c W  99.96c S   1.81c ( +2.0 L  +1.9) LCB  101.44c P  5.22% WF 633.2 PSV     302 N      97  --  pass F2 C3 pass pass
E7  : T 101.82c W  99.98c S   1.85c ( +2.0 L  +1.9) LCB   99.24c P  1.15% WF 188.8 PSV      19 N      30  --  E7 F2 C3 pass pass
E6  : T 101.87c W  99.98c S   1.86c ( +2.0 L  +1.8) LCB   99.45c P  1.01% WF 225.3 PSV      17 N      36  --  E6 F2 C3 pass G5 pass
B1  : T 101.85c W  99.97c S   1.91c ( +2.0 L  +1.9) LCB   99.17c P  1.02% WF 192.1 PSV      17 N      31  --  B1 F2 C3 pass pass
F2  : T 102.03c W  99.97c S   2.10c ( +2.1 L  +1.9) LCB   99.17c P  0.70% WF 152.8 PSV      12 N      25  --  F2 F1 C3 pass G5 pass pass
A2  : T 101.27c W  99.96c S   1.46c ( +1.9 L  +1.9) LCB   92.42c P  0.96% WF  62.1 PSV      12 N      10  --  A2 F2 B2

2024-06-20 17:59:22-0400: = C3
2024-06-20 17:59:25-0400: Controller: kata-list_time_settings
2024-06-20 17:59:25-0400: = none absolute byoyomi canadian fischer fischer-capped
2024-06-20 17:59:25-0400: Controller: play white f2
2024-06-20 17:59:25-0400: = 
2024-06-20 17:59:25-0400: Controller: genmove black
2024-06-20 17:59:25-0400: MoveNum: 60 HASH: 07A3F84CF8A163187405D405D3F154AA
   A B C D E F G H J
 9 . O O O O O X . .
 8 O . O O X X X . .
 7 . O O X . . X . .
 6 O1O O X . X X . .
 5 O O O X X X @ X .
 4 X O X X O O X X X
 3 X X X2X O O X O X
 2 . . X O O O3O O O
 1 . . X O . . . . .

koPOSITIONALscoreAREAtaxNONEsui1komi5
Time taken: 0.547
Root visits: 1079
New playouts: 267
NN rows: 129
NN batches: 18
NN avg batch size: 7.16667
PV: G5 J8 J9 pass H8 pass J7
Tree:
: T 101.78c W  99.97c S   1.83c ( +2.0 L  +1.8) N    1079  --  G5 J8 J9 pass H8 pass J7
---Black(^)---
G5  : T 101.83c W  99.98c S   1.87c ( +2.0 L  +1.8) LCB  101.68c P 45.40% WF 2834.3 PSV    2833 N     453  --  G5 J8 J9 pass H8 pass J7
H6  : T 101.90c W  99.98c S   1.90c ( +2.0 L  +1.8) LCB  101.66c P 21.58% WF 1405.2 PSV    1404 N     220  --  H6 pass pass
pss : T 101.53c W  99.96c S   1.53c ( +1.9 L  +1.8) LCB  101.05c P 13.78% WF 546.3 PSV     548 N      91  --  pass pass
E7  : T 101.58c W  99.95c S   1.76c ( +1.9 L  +1.8) LCB   97.33c P  1.33% WF 103.7 PSV      18 N      17  --  E7 pass G5 pass pass
A2  : T 101.59c W  99.95c S   1.81c ( +2.0 L  +1.8) LCB   98.25c P  1.16% WF 137.5 PSV      16 N      23  --  A2 pass G5 pass pass
E6  : T 101.53c W  99.95c S   1.71c ( +1.9 L  +1.8) LCB   97.94c P  1.21% WF 125.4 PSV      16 N      21  --  E6 pass G5 pass pass
J5  : T 101.58c W  99.95c S   1.75c ( +1.9 L  +1.8) LCB   97.75c P  1.21% WF 115.0 PSV      16 N      19  --  J5 pass G5 pass pass
F7  : T 101.59c W  99.95c S   1.77c ( +1.9 L  +1.8) LCB   97.32c P  1.16% WF 102.9 PSV      16 N      17  --  F7 pass G5 pass pass
B1  : T 101.48c W  99.95c S   1.72c ( +1.9 L  +1.8) LCB   98.09c P  1.14% WF 132.9 PSV      15 N      22  --  B1 pass G5 pass pass
H9  : T 101.65c W  99.96c S   1.81c ( +2.0 L  +1.8) LCB   98.20c P  1.07% WF 138.0 PSV      15 N      22  --  H9 pass G5 pass pass

2024-06-20 17:59:25-0400: = G5
2024-06-20 17:59:28-0400: Controller: kata-list_time_settings
2024-06-20 17:59:28-0400: = none absolute byoyomi canadian fischer fischer-capped
2024-06-20 17:59:28-0400: Controller: play white pass
2024-06-20 17:59:28-0400: = 
2024-06-20 17:59:28-0400: Controller: genmove black
2024-06-20 17:59:28-0400: MoveNum: 62 HASH: 70253325D0D6540B479706714064CFEB
   A B C D E F G H J
 9 . O O O O O X . .
 8 O . O O X X X . .
 7 . O O X . . X . .
 6 O O O X . X X . .
 5 O O O X X X X2X .
 4 X O X X O O X X X
 3 X X X X O O X O X
 2 . . X O O O1O O O
 1 . . X O . . . . .

koPOSITIONALscoreAREAtaxNONEsui1komi5
Time taken: 0.281
Root visits: 668
New playouts: 668
NN rows: 9
NN batches: 8
NN avg batch size: 1.125
PV: pass H7 J7 pass H8 pass H6 pass J6
Tree:
: T 100.71c W  99.98c S   0.75c ( +2.0 L  +1.8) N     668  --  pass H7 J7 pass H8 pass H6
---Black(^)---
pss : T 100.64c W  99.98c S   0.69c ( +2.0 L  +1.8) LCB  100.49c P 45.25% WF 2587.1 PSV    2589 N     405  --  pass H7 J7 pass H8 pass H6 pass
E7  : T 100.54c W  99.97c S   0.59c ( +1.9 L  +1.8) LCB   96.21c P  4.05% WF 110.7 PSV      48 N      17  --  E7 pass pass
B1  : T 101.04c W  99.99c S   1.00c ( +2.1 L  +1.9) LCB   96.72c P  2.69% WF 116.8 PSV      42 N      17  --  B1 pass pass
F7  : T 100.88c W  99.99c S   0.87c ( +2.0 L  +1.9) LCB   95.89c P  2.95% WF 105.2 PSV      41 N      15  --  F7 pass pass
A1  : T 100.76c W  99.99c S   0.76c ( +2.0 L  +1.9) LCB   94.74c P  3.11% WF  90.0 PSV      41 N      13  --  A1 pass A2 pass pass
H6  : T 100.88c W  99.99c S   0.83c ( +2.0 L  +1.9) LCB   94.92c P  2.76% WF  94.8 PSV      39 N      13  --  H6 pass pass
B2  : T 100.89c W  99.98c S   0.93c ( +2.0 L  +1.9) LCB   96.22c P  2.68% WF 106.1 PSV      38 N      16  --  B2 pass pass
A2  : T 100.93c W  99.98c S   0.96c ( +2.0 L  +1.9) LCB   95.86c P  2.62% WF 101.0 PSV      38 N      15  --  A2 pass pass
H7  : T 100.77c W  99.99c S   0.72c ( +2.0 L  +1.9) LCB   94.15c P  2.87% WF  88.5 PSV      38 N      12  --  H7 pass pass
E6  : T 100.70c W  99.98c S   0.73c ( +2.0 L  +1.9) LCB   94.58c P  2.87% WF  87.1 PSV      37 N      13  --  E6 pass pass

2024-06-20 17:59:28-0400: = pass
2024-06-20 17:59:33-0400: Controller: quit
2024-06-20 17:59:33-0400: Quit requested by controller
2024-06-20 17:59:33-0400: = 
2024-06-20 17:59:33-0400: GPU -1 finishing, processed 44295 rows 4286 batches
2024-06-20 17:59:33-0400: All cleaned up, quitting
