2024-05-25 12:21:21-0400: Running with following config:
allowResignation = true
lagBuffer = 1.0
logAllGTPCommunication = true
logDir = gtp_logs
logSearchInfo = true
logSearchInfoForChosenMove = false
logToStderr = false
maxTime = 0.5
maxTimePondering = 120.0
numSearchThreads = 16
ogsChatToStderr = true
ponderingEnabled = true
resignConsecTurns = 3
resignThreshold = -0.90
rules = tromp-taylor
searchFactorAfterOnePass = 0.50
searchFactorAfterTwoPass = 0.25
searchFactorWhenWinning = 0.40
searchFactorWhenWinningThreshold = 0.95

2024-05-25 12:21:21-0400: GTP Engine starting...
2024-05-25 12:21:21-0400: KataGo v1.14.1
2024-05-25 12:21:21-0400: Using TrompTaylor rules initially, unless GTP/GUI overrides this
2024-05-25 12:21:21-0400: Using 16 CPU thread(s) for search
2024-05-25 12:21:21-0400: nnRandSeed0 = 4553682927146546628
2024-05-25 12:21:21-0400: After dedups: nnModelFile0 = C:/Users/chang/Downloads/kata1-b60c320-s9482697216-d3873382264.bin.gz useFP16 auto useNHWC auto
2024-05-25 12:21:21-0400: Initializing neural net buffer to be size 19 * 19 exactly
