2024-06-09 12:20:02-0400: Running with following config:
allowResignation = true
lagBuffer = 1.0
logAllGTPCommunication = true
logDir = gtp_logs
logSearchInfo = true
logSearchInfoForChosenMove = false
logToStderr = false
maxTime = 1.0
maxTimePondering = 120.0
numSearchThreads = 32
ogsChatToStderr = true
ponderingEnabled = true
resignConsecTurns = 3
resignThreshold = -0.90
rules = tromp-taylor
searchFactorAfterOnePass = 0.50
searchFactorAfterTwoPass = 0.25
searchFactorWhenWinning = 0.40
searchFactorWhenWinningThreshold = 0.95

2024-06-09 12:20:02-0400: GTP Engine starting...
2024-06-09 12:20:02-0400: KataGo v1.14.1
2024-06-09 12:20:02-0400: Using TrompTaylor rules initially, unless GTP/GUI overrides this
2024-06-09 12:20:02-0400: Using 32 CPU thread(s) for search
2024-06-09 12:20:02-0400: nnRandSeed0 = 6634778737245660267
2024-06-09 12:20:02-0400: After dedups: nnModelFile0 = C:/Users/chang/Downloads/kata1-b18c384nbt-s9937771520-d4300882049.bin.gz useFP16 auto useNHWC auto
2024-06-09 12:20:02-0400: Initializing neural net buffer to be size 19 * 19 exactly
2024-06-09 12:20:06-0400: Found OpenCL Platform 0: NVIDIA CUDA (NVIDIA Corporation) (OpenCL 3.0 CUDA 12.5.51)
2024-06-09 12:20:06-0400: Found 1 device(s) on platform 0 with type CPU or GPU or Accelerator
2024-06-09 12:20:06-0400: Found OpenCL Platform 1: Intel(R) OpenCL Graphics (Intel(R) Corporation) (OpenCL 3.0 )
2024-06-09 12:20:06-0400: Found 1 device(s) on platform 1 with type CPU or GPU or Accelerator
2024-06-09 12:20:06-0400: Found OpenCL Device 0: NVIDIA GeForce RTX 4060 Laptop GPU (NVIDIA Corporation) (score 11000300)
2024-06-09 12:20:06-0400: Found OpenCL Device 1: Intel(R) UHD Graphics (Intel(R) Corporation) (score 6000300)
2024-06-09 12:20:06-0400: Creating context for OpenCL Platform: NVIDIA CUDA (NVIDIA Corporation) (OpenCL 3.0 CUDA 12.5.51)
2024-06-09 12:20:06-0400: Using OpenCL Device 0: NVIDIA GeForce RTX 4060 Laptop GPU (NVIDIA Corporation) OpenCL 3.0 CUDA (Extensions: cl_khr_global_int32_base_atomics cl_khr_global_int32_extended_atomics cl_khr_local_int32_base_atomics cl_khr_local_int32_extended_atomics cl_khr_fp64 cl_khr_3d_image_writes cl_khr_byte_addressable_store cl_khr_icd cl_khr_gl_sharing cl_nv_compiler_options cl_nv_device_attribute_query cl_nv_pragma_unroll cl_nv_d3d10_sharing cl_khr_d3d10_sharing cl_nv_d3d11_sharing cl_nv_copy_opts cl_nv_create_buffer cl_khr_int64_base_atomics cl_khr_int64_extended_atomics cl_khr_device_uuid cl_khr_pci_bus_info cl_khr_external_semaphore cl_khr_external_memory cl_khr_external_semaphore_win32 cl_khr_external_memory_win32)
2024-06-09 12:20:06-0400: Loaded tuning parameters from: C:\Users\chang\Downloads\katago-v1.14.1-opencl-windows-x64/KataGoData/opencltuning/tune11_gpuNVIDIAGeForceRTX4060LaptopGPU_x19_y19_c384_mv14.txt
2024-06-09 12:20:06-0400: OpenCL backend thread 0: Model version 14
2024-06-09 12:20:06-0400: OpenCL backend thread 0: Model name: kata1-b18c384nbt-s9937771520-d4300882049
2024-06-09 12:20:07-0400: OpenCL backend thread 0: FP16Storage true FP16Compute false FP16TensorCores true FP16TensorCoresFor1x1 false
2024-06-09 12:20:07-0400: Loaded neural net with nnXLen 19 nnYLen 19
2024-06-09 12:20:07-0400: Initializing board with boardXSize 19 boardYSize 19
2024-06-09 12:20:07-0400: Loaded config C:\Users\chang\Downloads\katago-v1.14.1-cuda12.1-cudnn8.9.7-windows-x64/default_gtp.cfg
2024-06-09 12:20:07-0400: Loaded model C:/Users/chang/Downloads/kata1-b18c384nbt-s9937771520-d4300882049.bin.gz
2024-06-09 12:20:07-0400: Model name: kata1-b18c384nbt-s9937771520-d4300882049
2024-06-09 12:20:07-0400: GTP ready, beginning main protocol loop
2024-06-09 12:20:07-0400: Controller: list_commands
2024-06-09 12:20:07-0400: = protocol_version
name
version
known_command
list_commands
quit
boardsize
rectangular_boardsize
clear_board
set_position
komi
get_komi
play
undo
kata-get-rules
kata-set-rule
kata-set-rules
kata-get-param
kata-set-param
kata-list-params
kgs-rules
genmove
genmove_debug
search_debug
clear_cache
showboard
fixed_handicap
place_free_handicap
set_free_handicap
time_settings
kgs-time_settings
time_left
kata-list_time_settings
kata-time_settings
final_score
final_status_list
loadsgf
printsgf
lz-genmove_analyze
kata-genmove_analyze
lz-analyze
kata-analyze
kata-raw-nn
cputime
gomill-cpu_time
kata-benchmark
kata-debug-print-tc
debug_moves
stop
2024-06-09 12:20:07-0400: Controller: boardsize 9
2024-06-09 12:20:07-0400: GPU -1 finishing, processed 0 rows 0 batches
2024-06-09 12:20:07-0400: Cleaned up old neural net and bot
2024-06-09 12:20:07-0400: nnRandSeed0 = 3681972210046294810
2024-06-09 12:20:07-0400: After dedups: nnModelFile0 = C:/Users/chang/Downloads/kata1-b18c384nbt-s9937771520-d4300882049.bin.gz useFP16 auto useNHWC auto
2024-06-09 12:20:07-0400: Initializing neural net buffer to be size 9 * 9 exactly
2024-06-09 12:20:09-0400: Found OpenCL Platform 0: NVIDIA CUDA (NVIDIA Corporation) (OpenCL 3.0 CUDA 12.5.51)
2024-06-09 12:20:09-0400: Found 1 device(s) on platform 0 with type CPU or GPU or Accelerator
2024-06-09 12:20:09-0400: Found OpenCL Platform 1: Intel(R) OpenCL Graphics (Intel(R) Corporation) (OpenCL 3.0 )
2024-06-09 12:20:09-0400: Found 1 device(s) on platform 1 with type CPU or GPU or Accelerator
2024-06-09 12:20:09-0400: Found OpenCL Device 0: NVIDIA GeForce RTX 4060 Laptop GPU (NVIDIA Corporation) (score 11000300)
2024-06-09 12:20:09-0400: Found OpenCL Device 1: Intel(R) UHD Graphics (Intel(R) Corporation) (score 6000300)
2024-06-09 12:20:09-0400: Creating context for OpenCL Platform: NVIDIA CUDA (NVIDIA Corporation) (OpenCL 3.0 CUDA 12.5.51)
2024-06-09 12:20:10-0400: Using OpenCL Device 0: NVIDIA GeForce RTX 4060 Laptop GPU (NVIDIA Corporation) OpenCL 3.0 CUDA (Extensions: cl_khr_global_int32_base_atomics cl_khr_global_int32_extended_atomics cl_khr_local_int32_base_atomics cl_khr_local_int32_extended_atomics cl_khr_fp64 cl_khr_3d_image_writes cl_khr_byte_addressable_store cl_khr_icd cl_khr_gl_sharing cl_nv_compiler_options cl_nv_device_attribute_query cl_nv_pragma_unroll cl_nv_d3d10_sharing cl_khr_d3d10_sharing cl_nv_d3d11_sharing cl_nv_copy_opts cl_nv_create_buffer cl_khr_int64_base_atomics cl_khr_int64_extended_atomics cl_khr_device_uuid cl_khr_pci_bus_info cl_khr_external_semaphore cl_khr_external_memory cl_khr_external_semaphore_win32 cl_khr_external_memory_win32)
2024-06-09 12:20:10-0400: Loaded tuning parameters from: C:\Users\chang\Downloads\katago-v1.14.1-opencl-windows-x64/KataGoData/opencltuning/tune11_gpuNVIDIAGeForceRTX4060LaptopGPU_x19_y19_c384_mv14.txt
2024-06-09 12:20:10-0400: OpenCL backend thread 0: Model version 14
2024-06-09 12:20:10-0400: OpenCL backend thread 0: Model name: kata1-b18c384nbt-s9937771520-d4300882049
2024-06-09 12:20:12-0400: OpenCL backend thread 0: FP16Storage true FP16Compute false FP16TensorCores true FP16TensorCoresFor1x1 false
2024-06-09 12:20:12-0400: Loaded neural net with nnXLen 9 nnYLen 9
2024-06-09 12:20:12-0400: Initializing board with boardXSize 9 boardYSize 9
2024-06-09 12:20:12-0400: = 
2024-06-09 12:20:12-0400: Controller: clear_board
2024-06-09 12:20:12-0400: = 
2024-06-09 12:20:12-0400: Controller: komi 7.5
2024-06-09 12:20:12-0400: = 
2024-06-09 12:20:12-0400: Controller: play black e5
2024-06-09 12:20:12-0400: = 
2024-06-09 12:20:12-0400: Controller: genmove white
2024-06-09 12:20:13-0400: MoveNum: 1 HASH: 38E71B648B5DE3A43B414F57C285AD76
   A B C D E F G H J
 9 . . . . . . . . .
 8 . . . . . . . . .
 7 . . . . . . . . .
 6 . . . . . . . . .
 5 . . @ . X1. . . .
 4 . . . . . . . . .
 3 . . . . . . . . .
 2 . . . . . . . . .
 1 . . . . . . . . .

koPOSITIONALscoreAREAtaxNONEsui1komi7.5
Time taken: 1.141
Root visits: 1566
New playouts: 1566
NN rows: 1417
NN batches: 55
NN avg batch size: 25.7636
PV: C5 D7 C3 D4 G6 C4 B4 D3 C2 B3 B2
Tree:
: T  75.55c W  77.33c S  -1.00c ( +1.8 L  +0.8) N    1566  --  C5 D7 C3 D4 G6 C4 B4
---White(^)---
C5  : T  76.54c W  78.27c S  -1.04c ( +1.8 L  +0.9) LCB   74.13c P  3.08% WF 1019.7 PSV    1011 N     742  --  C5 D7 C3 D4 G6 C4 B4 D3
C4  : T  75.76c W  77.38c S  -0.78c ( +1.9 L  +0.9) LCB   73.53c P  9.10% WF 900.2 PSV     359 N     699  --  C4 E3 C6 F7 G6 G7 F4 E4
C3  : T  71.88c W  74.85c S  -1.90c ( +1.4 L  +0.6) LCB   66.98c P  0.93% WF 128.6 PSV       6 N      98  --  C3 C5 E3 F7 G4 G5 F4 F5
D4  : T  34.85c W  40.17c S  -3.38c ( +0.6 L  +0.3) LCB    0.76c P  0.02% WF   4.3 PSV       0 N       7  --  D4 E4 D3
B5  : T  20.59c W  21.49c S  -4.87c ( +0.0 L  -0.1) LCB  -28.23c P  0.01% WF   2.0 PSV       0 N       4  --  B5 C6
B4  : T -16.62c W -12.08c S  -6.21c ( -0.6 L  -0.5) LCB  -94.30c P  0.01% WF   1.2 PSV       0 N       3  --  B4 E3
D5  : T -12.00c W  -3.79c S  -4.97c ( -0.2 L  -0.3) LCB  -93.62c P  0.00% WF   0.9 PSV       0 N       3  --  D5 D6 C6
B3  : T -63.40c W -60.26c S  -8.89c ( -2.0 L  -1.7) LCB -215.12c P  0.00% WF   0.3 PSV       0 N       2  --  B3 C4
pss : T -119.73c W -99.31c S -20.41c ( -8.4 L  -8.3) LCB -469.73c P  0.01% WF   0.9 PSV       0 N       1  --  pass
B2  : T -105.52c W -93.13c S -12.39c ( -3.5 L  -3.3) LCB -455.52c P  0.00% WF   0.1 PSV       0 N       1  --  B2

2024-06-09 12:20:13-0400: = C5
2024-06-09 12:20:36-0400: Controller: kata-list_time_settings
2024-06-09 12:20:36-0400: = none absolute byoyomi canadian fischer fischer-capped
2024-06-09 12:20:36-0400: Controller: play black d7
2024-06-09 12:20:36-0400: = 
2024-06-09 12:20:36-0400: Controller: genmove white
2024-06-09 12:20:37-0400: MoveNum: 3 HASH: 6C0DCB7D765816BB463E6416B98B8914
   A B C D E F G H J
 9 . . . . . . . . .
 8 . . . . . . . . .
 7 . . . X3. . . . .
 6 . . . . . . . . .
 5 . . O2. X1. . . .
 4 . . . . . . @ . .
 3 . . . . . . . . .
 2 . . . . . . . . .
 1 . . . . . . . . .

koPOSITIONALscoreAREAtaxNONEsui1komi7.5
Time taken: 1.015
Root visits: 37336
New playouts: 1524
NN rows: 1363
NN batches: 56
NN avg batch size: 24.3393
PV: G4 G6 F6 F5 G5 G7 F3 C4 C7 B5 D8 C6 D6 D5 E7 F8 B8 E8 F7 E2 E9 G8 H6 H7 H5
Tree:
: T  77.81c W  77.25c S   1.46c ( +2.2 L  +1.7) N   37336  --  G4 G6 F6 F5 G5 G7 F3
---White(^)---
G4  : T  78.74c W  77.92c S   1.57c ( +2.2 L  +1.8) LCB   77.91c P 23.65% WF 30865.7 PSV   30298 N   32181  --  G4 G6 F6 F5 G5 G7 F3 C4
G6  : T  72.68c W  73.72c S   0.76c ( +1.8 L  +1.3) LCB   70.49c P 45.01% WF 3441.6 PSV    2914 N    4289  --  G6 G4 F7 C4 B4 C3 B3 B2
C3  : T  59.66c W  63.36c S  -0.52c ( +1.2 L  +0.6) LCB   52.18c P 16.64% WF 283.1 PSV     354 N     346  --  C3 D4 C4 G5 F7 B6 D6 E6
G5  : T  75.86c W  76.23c S   0.38c ( +1.7 L  +1.0) LCB   71.21c P  2.25% WF 209.6 PSV     216 N     181  --  G5 C4 D4 D5 C3 B4 D3 B3
D3  : T  56.82c W  60.22c S  -0.32c ( +1.3 L  +0.8) LCB   49.18c P 10.83% WF 231.3 PSV     201 N     310  --  D3 E3 E2 D4 F3 E4 D6 E7
C7  : T  58.59c W  62.15c S  -0.79c ( +1.1 L  +0.6) LCB   37.25c P  0.72% WF  12.9 PSV      14 N      14  --  C7 D6 C6 G4 F4 F5 G3 F3
F3  : T  59.88c W  67.98c S  -0.26c ( +1.4 L  +0.7) LCB    9.27c P  0.28% WF   4.9 PSV       5 N       4  --  F3 E3 E2 D3
G3  : T  53.53c W  62.61c S  -0.91c ( +1.1 L  +0.7) LCB -110.75c P  0.08% WF   2.2 PSV       1 N       2  --  G3 G5
F4  : T  65.84c W  67.06c S  -0.97c ( +1.1 L  +0.6) LCB  -83.97c P  0.03% WF   2.6 PSV       1 N       2  --  F4 E4
E3  : T  58.64c W  59.66c S  -1.01c ( +1.0 L  +0.6) LCB -291.36c P  0.09% WF   1.2 PSV       1 N       1  --  E3

2024-06-09 12:20:37-0400: = G4
2024-06-09 12:20:44-0400: Controller: kata-list_time_settings
2024-06-09 12:20:44-0400: = none absolute byoyomi canadian fischer fischer-capped
2024-06-09 12:20:44-0400: Controller: play black d4
2024-06-09 12:20:45-0400: = 
2024-06-09 12:20:45-0400: Controller: genmove white
2024-06-09 12:20:46-0400: MoveNum: 5 HASH: C19529C321FADF7D035A49294EEAF095
   A B C D E F G H J
 9 . . . . . . . . .
 8 . . . . . . . . .
 7 . . . X1. . . . .
 6 . . . . . . @ . .
 5 . . O . X . . . .
 4 . . . X3. . O2. .
 3 . . . . . . . . .
 2 . . . . . . . . .
 1 . . . . . . . . .

koPOSITIONALscoreAREAtaxNONEsui1komi7.5
Time taken: 1.031
Root visits: 4719
New playouts: 4561
NN rows: 1372
NN batches: 53
NN avg batch size: 25.8868
PV: G6 C4 C7 D8 F7 G5 H5 F5 C8 D6 G3 F2 B4 B3 D9 E9 C9
Tree:
: T  81.15c W  80.96c S   1.61c ( +2.1 L  +1.4) N    4719  --  G6 C4 C7 D8 F7 G5 H5
---White(^)---
G6  : T  81.88c W  81.52c S   1.68c ( +2.1 L  +1.4) LCB   80.39c P 48.30% WF 4635.3 PSV    4599 N    4488  --  G6 C4 C7 D8 F7 G5 H5 F5
F6  : T  59.31c W  64.30c S  -0.16c ( +1.3 L  +0.7) LCB   49.52c P 44.01% WF 127.7 PSV     152 N     170  --  F6 C4 C7 F7 D8 E8 D6 E6
C7  : T  74.59c W  76.18c S   1.01c ( +1.8 L  +1.0) LCB   64.45c P  4.06% WF  50.8 PSV      40 N      42  --  C7 D6 C8 H5 G5 G6 H4 H6
C4  : T  63.52c W  64.17c S  -0.23c ( +1.2 L  +0.7) LCB   47.71c P  2.47% WF   9.8 PSV      10 N       9  --  C4 G6 C7 D6 C6
F3  : T  78.35c W  78.39c S   0.82c ( +1.7 L  +0.9) LCB   49.97c P  0.29% WF   8.1 PSV       5 N       5  --  F3 G6 C7 E2
G7  : T  70.38c W  71.90c S  -0.12c ( +1.3 L  +0.7) LCB  -79.10c P  0.35% WF   2.4 PSV       2 N       2  --  G7 C4
D6  : T  57.17c W  64.95c S  -0.18c ( +1.3 L  +0.7) LCB  -97.42c P  0.30% WF   2.1 PSV       0 N       2  --  D6 E6

2024-06-09 12:20:46-0400: = G6
2024-06-09 12:20:59-0400: Controller: kata-list_time_settings
2024-06-09 12:20:59-0400: = none absolute byoyomi canadian fischer fischer-capped
2024-06-09 12:20:59-0400: Controller: play black c4
2024-06-09 12:20:59-0400: = 
2024-06-09 12:20:59-0400: Controller: genmove white
2024-06-09 12:21:00-0400: MoveNum: 7 HASH: 2D01FF5EF8D65F6114F85694AE1B0922
   A B C D E F G H J
 9 . . . . . . . . .
 8 . . . . . . . . .
 7 . . @ X . . . . .
 6 . . . . . . O2. .
 5 . . O . X . . . .
 4 . . X3X1. . O . .
 3 . . . . . . . . .
 2 . . . . . . . . .
 1 . . . . . . . . .

koPOSITIONALscoreAREAtaxNONEsui1komi7.5
Time taken: 1.016
Root visits: 34861
New playouts: 2254
NN rows: 1326
NN batches: 54
NN avg batch size: 24.5556
PV: C7 D8 F7 G5 F5 E6 F3 E2 E3 D2 C8 B5 E8 D9 D3 C2 F6 E7 F2 F1 E1 G1 H1 D1 C3
Tree:
: T  79.36c W  79.26c S   1.29c ( +1.8 L  +1.3) N   34861  --  C7 D8 F7 G5 F5 E6 F3
---White(^)---
C7  : T  80.92c W  80.62c S   1.25c ( +1.8 L  +1.3) LCB   80.06c P 21.63% WF 26605.7 PSV   25573 N   26722  --  C7 D8 F7 G5 F5 E6 F3 E2
E3  : T  72.11c W  72.76c S   1.61c ( +1.9 L  +1.4) LCB   70.15c P 67.21% WF 5074.6 PSV    2791 N    7559  --  E3 F4 G3 F7 B4 B3 B5 F3
F7  : T  66.29c W  70.18c S   0.03c ( +1.2 L  +0.6) LCB   56.95c P  7.94% WF 177.7 PSV     201 N     219  --  F7 F6 E7 G7 G8 D6 F4 E3
B4  : T  73.54c W  75.42c S   0.82c ( +1.6 L  +0.9) LCB   68.69c P  2.27% WF 315.5 PSV     111 N     342  --  B4 B3 C7 D8 F7 G5 H5 F5
F3  : T  65.42c W  68.83c S  -0.16c ( +1.2 L  +0.6) LCB   41.04c P  0.31% WF   8.6 PSV       7 N       8  --  F3 F7 C7 C8 D6
D8  : T  65.86c W  67.44c S  -0.18c ( +1.1 L  +0.5) LCB   29.81c P  0.26% WF   7.1 PSV       6 N       7  --  D8 E8 C7 D6 E3
D6  : T  53.48c W  54.21c S  -0.72c ( +0.9 L  +0.6) LCB -296.52c P  0.07% WF   0.8 PSV       1 N       1  --  D6
C8  : T  37.07c W  38.45c S  -1.38c ( +0.6 L  +0.6) LCB -312.93c P  0.06% WF   0.8 PSV       0 N       1  --  C8
E7  : T  31.45c W  33.76c S  -2.31c ( +0.1 L  +0.4) LCB -318.55c P  0.05% WF   0.6 PSV       0 N       1  --  E7

2024-06-09 12:21:00-0400: = C7
2024-06-09 12:21:01-0400: Controller: kata-list_time_settings
2024-06-09 12:21:01-0400: = none absolute byoyomi canadian fischer fischer-capped
2024-06-09 12:21:01-0400: Controller: play black d8
2024-06-09 12:21:01-0400: = 
2024-06-09 12:21:01-0400: Controller: genmove white
2024-06-09 12:21:02-0400: MoveNum: 9 HASH: 0474CE1A3F6F4C2ACF9286D30D3C23B9
   A B C D E F G H J
 9 . . . . . . . . .
 8 . . . X3. . . . .
 7 . . O2X . @ . . .
 6 . . . . . . O . .
 5 . . O . X . . . .
 4 . . X1X . . O . .
 3 . . . . . . . . .
 2 . . . . . . . . .
 1 . . . . . . . . .

koPOSITIONALscoreAREAtaxNONEsui1komi7.5
Time taken: 1.031
Root visits: 32612
New playouts: 4316
NN rows: 1328
NN batches: 52
NN avg batch size: 25.5385
PV: F7 G5 F5 E6 F3 E2 C8 B5 E8 D9 E3 D2 F2 F1 D3 F6 H5 C2 E1 G1 G2 D1 C3 B3 H1
Tree:
: T  80.64c W  80.67c S   1.04c ( +1.6 L  +1.2) N   32612  --  F7 G5 F5 E6 F3 E2 C8
---White(^)---
F7  : T  81.17c W  81.15c S   1.01c ( +1.5 L  +1.2) LCB   80.39c P 46.66% WF 29301.7 PSV   29010 N   30474  --  F7 G5 F5 E6 F3 E2 C8 B5
E3  : T  70.70c W  71.56c S   1.61c ( +1.9 L  +1.2) LCB   67.59c P 48.44% WF 1388.9 PSV    1592 N    1916  --  E3 G7 C2 D2 B4 C3 F6 F7
C8  : T  73.95c W  75.28c S   0.98c ( +1.5 L  +0.9) LCB   60.08c P  2.76% WF  92.6 PSV      99 N     105  --  C8 B5 F7 F6 D6 E6 E7 G5
B4  : T  73.99c W  75.17c S   1.16c ( +1.6 L  +1.0) LCB   67.38c P  0.43% WF  85.1 PSV      20 N      96  --  B4 B3 F7 G5 H5 F5 D6 E6
C2  : T  33.53c W  37.77c S  -1.06c ( +0.6 L  +0.3) LCB   -3.10c P  1.02% WF   6.1 PSV       7 N      10  --  C2 D2 E2 G7 B4
D6  : T  36.31c W  42.01c S  -0.59c ( +0.8 L  +0.0) LCB  -41.30c P  0.34% WF   3.0 PSV       2 N       5  --  D6 F7 C8
F3  : T  47.81c W  58.27c S  -0.10c ( +1.1 L  +0.6) LCB -119.58c P  0.09% WF   1.6 PSV       0 N       2  --  F3 G7
F8  : T  56.94c W  57.61c S  -0.67c ( +0.8 L  +0.6) LCB -293.06c P  0.07% WF   0.9 PSV       0 N       1  --  F8
B5  : T  -6.23c W  -2.54c S  -2.91c ( -0.3 L  -0.8) LCB -356.23c P  0.06% WF   0.5 PSV       0 N       1  --  B5
B6  : T -32.34c W -28.44c S  -3.90c ( -0.7 L  -1.2) LCB -382.34c P  0.03% WF   0.4 PSV       0 N       1  --  B6

2024-06-09 12:21:02-0400: = F7
2024-06-09 12:21:11-0400: Controller: kata-list_time_settings
2024-06-09 12:21:11-0400: = none absolute byoyomi canadian fischer fischer-capped
2024-06-09 12:21:11-0400: Controller: play black g3
2024-06-09 12:21:11-0400: = 
2024-06-09 12:21:11-0400: Controller: genmove white
2024-06-09 12:21:12-0400: MoveNum: 11 HASH: B71024B4B2A1180EFE56A93DA5A67BDF
   A B C D E F G H J
 9 . . . . . . . . .
 8 . . . X1. . . . .
 7 . . O X . O2. . .
 6 . . . . . . O . .
 5 . . O . X . . . .
 4 . . X X . @ O . .
 3 . . . . . . X3. .
 2 . . . . . . . . .
 1 . . . . . . . . .

koPOSITIONALscoreAREAtaxNONEsui1komi7.5
Time taken: 1.015
Root visits: 13157
New playouts: 3904
NN rows: 1322
NN batches: 53
NN avg batch size: 24.9434
PV: F4 F3 E3 E4 H3 H2 H4 E2 D6 E6 C8 E7 B4 B3 B5 B8 C3 B2 C9 B7 C2 D3 A2 C1 A3
Tree:
: T  83.28c W  81.06c S   2.30c ( +2.7 L  +2.4) N   13157  --  F4 F3 E3 E4 H3 H2 H4
---White(^)---
F4  : T  85.47c W  82.62c S   2.66c ( +2.8 L  +2.6) LCB   84.16c P 55.83% WF 10549.8 PSV   10166 N   10823  --  F4 F3 E3 E4 H3 H2 H4 E2
B4  : T  69.72c W  71.61c S  -0.10c ( +1.6 L  +1.2) LCB   64.34c P 12.37% WF 776.8 PSV     148 N    1168  --  B4 B3 F4 F3 C8 D6 B5 E4
C8  : T  70.14c W  71.61c S  -0.22c ( +1.5 L  +1.2) LCB   65.49c P  7.27% WF 665.5 PSV      89 N     976  --  C8 D6 F4 F3 B5 E4 B4 B3
F3  : T  50.32c W  57.04c S  -1.33c ( +1.1 L  +0.5) LCB   35.02c P 13.95% WF  58.2 PSV      77 N     106  --  F3 F4 H4 D6 B4 B3 E3 D2
D6  : T   9.34c W  24.28c S  -3.21c ( +0.0 L  -0.7) LCB  -18.60c P  8.25% WF  21.1 PSV      21 N      68  --  D6 E6 F4 F3 E3 E2 E4 D2
B6  : T  56.66c W  63.85c S  -0.62c ( +1.3 L  +0.6) LCB   26.15c P  1.47% WF   8.6 PSV       9 N      12  --  B6 D6 F4 F3 B4 B3 C3 D3
H4  : T   8.46c W  11.82c S  -3.36c ( -0.0 L  -0.2) LCB -341.54c P  0.48% WF   0.5 PSV       1 N       1  --  H4
H3  : T  -5.81c W  -1.31c S  -4.51c ( -0.5 L  -0.8) LCB -355.82c P  0.11% WF   0.4 PSV       0 N       1  --  H3
B5  : T   8.14c W  11.14c S  -2.99c ( +0.0 L  -0.4) LCB -341.86c P  0.07% WF   0.5 PSV       0 N       1  --  B5

2024-06-09 12:21:12-0400: = F4
2024-06-09 12:21:24-0400: Controller: kata-list_time_settings
2024-06-09 12:21:24-0400: = none absolute byoyomi canadian fischer fischer-capped
2024-06-09 12:21:24-0400: Controller: play black f3
2024-06-09 12:21:24-0400: = 
2024-06-09 12:21:24-0400: Controller: genmove white
2024-06-09 12:21:25-0400: MoveNum: 13 HASH: 1B2264F78FDD7E610323FA7A3AE7FA77
   A B C D E F G H J
 9 . . . . . . . . .
 8 . . . X . . . . .
 7 . . O X . O . . .
 6 . . . . . . O . .
 5 . . O . X . . . .
 4 . . X X . O2O . .
 3 . . . . @ X3X1. .
 2 . . . . . . . . .
 1 . . . . . . . . .

koPOSITIONALscoreAREAtaxNONEsui1komi7.5
Time taken: 1.016
Root visits: 33642
New playouts: 2311
NN rows: 1346
NN batches: 55
NN avg batch size: 24.4727
PV: E3 E4 H3 E2 D6 E6 C8 E7 B4 H7 H2 H6 H5 B3 B5 G7 F2 D3 F6 F8 G2 A4 B7 F5 G5
Tree:
: T  91.29c W  88.36c S   2.31c ( +3.3 L  +3.3) N   33642  --  E3 E4 H3 E2 D6 E6 C8
---White(^)---
E3  : T  92.43c W  89.25c S   2.47c ( +3.4 L  +3.4) LCB   91.81c P  9.86% WF 37067.1 PSV   36331 N   30705  --  E3 E4 H3 E2 D6 E6 C8 E7
B4  : T  68.09c W  70.99c S  -1.48c ( +1.6 L  +1.2) LCB   61.87c P 24.55% WF 545.3 PSV     385 N     966  --  B4 B3 C8 D6 B5 E4 A3 B2
C8  : T  69.29c W  71.88c S  -1.58c ( +1.6 L  +1.2) LCB   64.62c P 13.16% WF 552.2 PSV     217 N     950  --  C8 D6 B5 E4 B4 B3 A3 B2
E4  : T  46.73c W  48.16c S   0.02c ( +2.2 L  +1.6) LCB   32.00c P 19.91% WF 111.6 PSV     166 N     329  --  E4 E3 D5 E6 B4 B3 B6 F6
B6  : T  55.90c W  57.44c S  -0.19c ( +2.1 L  +1.5) LCB   32.09c P 10.30% WF  68.4 PSV      98 N     130  --  B6 D6 B4 B3 A3 A2 E4 E3
B5  : T  69.81c W  72.68c S  -1.37c ( +1.7 L  +1.2) LCB   63.52c P  4.25% WF 197.4 PSV      71 N     315  --  B5 D6 C8 E4 B4 B3 A3 B2
H3  : T  50.79c W  56.31c S  -2.20c ( +1.2 L  +0.4) LCB   23.44c P  5.29% WF  34.1 PSV      48 N      66  --  H3 D5 E3 E2 C6 E7 D3 H2
D6  : T  -6.29c W   6.88c S  -5.53c ( -0.6 L  -1.5) LCB  -29.03c P 10.55% WF  36.0 PSV      40 N     165  --  D6 E6 E3 E2 B4 B3 E4 D2
C6  : T -48.48c W -31.55c S  -9.12c ( -2.5 L  -2.8) LCB -244.58c P  1.58% WF   3.6 PSV       4 N       7  --  C6 E6 E4 E3 C8
E6  : T -39.02c W -12.43c S  -5.93c ( -0.3 L  -0.9) LCB -113.28c P  0.29% WF   1.9 PSV       0 N       6  --  E6 D6 E4 D5 E3 E2

2024-06-09 12:21:25-0400: = E3
2024-06-09 12:21:40-0400: Controller: kata-list_time_settings
2024-06-09 12:21:40-0400: = none absolute byoyomi canadian fischer fischer-capped
2024-06-09 12:21:40-0400: Controller: play black e4
2024-06-09 12:21:40-0400: = 
2024-06-09 12:21:40-0400: Controller: genmove white
2024-06-09 12:21:41-0400: MoveNum: 15 HASH: 28B7B2F645665C9821F36ED1B99F52FF
   A B C D E F G H J
 9 . . . . . . . . .
 8 . . . X . . . . .
 7 . . O X . O . . .
 6 . . . . . . O . .
 5 . . O . X . . . .
 4 . . X X X3O O . .
 3 . . . . O2X1X @ .
 2 . . . . . . . . .
 1 . . . . . . . . .

koPOSITIONALscoreAREAtaxNONEsui1komi7.5
Time taken: 1.031
Root visits: 77545
New playouts: 4462
NN rows: 1281
NN batches: 54
NN avg batch size: 23.7222
PV: H3 E2 D6 E6 C8 E7 B4 H2 F8 B3 B5 H4 H5 J3 H7 A3 A8 D9 F9 C9 B9 A4 A5 F6 G5
Tree:
: T  93.09c W  90.61c S   2.03c ( +3.1 L  +3.3) N   77545  --  H3 E2 D6 E6 C8 E7 B4
---White(^)---
H3  : T  93.31c W  90.77c S   2.08c ( +3.2 L  +3.3) LCB   92.85c P 42.49% WF 93615.3 PSV   93212 N   74145  --  H3 E2 D6 E6 C8 E7 B4 H2
D6  : T  92.43c W  91.20c S   0.96c ( +2.7 L  +2.7) LCB   91.16c P  4.31% WF 2697.7 PSV    2494 N    2081  --  D6 E6 H3 E7 E2 D3 G2 G5
E2  : T  42.86c W  46.33c S  -1.95c ( +1.3 L  +0.7) LCB   35.60c P 44.42% WF 293.0 PSV     609 N    1058  --  E2 H4 H5 H2 F2 F6 G5 G2
B4  : T  88.69c W  84.52c S   1.70c ( +3.0 L  +2.8) LCB   81.42c P  0.85% WF 119.0 PSV     119 N     127  --  B4 B3 H3 H2 H4 E2 D6 E6
H4  : T  13.26c W  25.54c S  -3.55c ( +0.2 L  -0.9) LCB  -10.27c P  4.65% WF  21.6 PSV      40 N      69  --  H4 H3 D6 E6 E2 F2 E7 C8
F2  : T  53.48c W  52.92c S  -1.54c ( +1.5 L  +1.0) LCB   35.23c P  1.44% WF  18.7 PSV      25 N      38  --  F2 H3 E2 F6 H4 G7 H6 D3
B3  : T -15.02c W -10.58c S  -5.55c ( -0.7 L  -1.1) LCB  -53.63c P  1.23% WF   5.6 PSV       7 N      19  --  B3 B4 E2 H3 F2 F6
C8  : T -13.61c W   7.19c S  -4.73c ( -0.2 L  -0.7) LCB -117.62c P  0.29% WF   1.2 PSV       1 N       3  --  C8 D6 H3
B6  : T -65.73c W -58.07c S  -7.66c ( -1.9 L  -2.3) LCB -415.73c P  0.09% WF   0.4 PSV       0 N       1  --  B6
B2  : T -53.57c W -46.80c S  -6.77c ( -1.7 L  -1.9) LCB -403.57c P  0.07% WF   0.4 PSV       0 N       1  --  B2

2024-06-09 12:21:41-0400: = H3
2024-06-09 12:21:42-0400: Controller: kata-list_time_settings
2024-06-09 12:21:42-0400: = none absolute byoyomi canadian fischer fischer-capped
2024-06-09 12:21:42-0400: Controller: play black h2
2024-06-09 12:21:42-0400: = 
2024-06-09 12:21:42-0400: Controller: genmove white
2024-06-09 12:21:43-0400: MoveNum: 17 HASH: 84188F224703D4F88374C185026648E1
   A B C D E F G H J
 9 . . . . . . . . .
 8 . . . X . . . . .
 7 . . O X . O . . .
 6 . . . . . . O . .
 5 . . O . X . . . .
 4 . . X X X1O O @ .
 3 . . . . O X X O2.
 2 . . . . . . . X3.
 1 . . . . . . . . .

koPOSITIONALscoreAREAtaxNONEsui1komi7.5
Time taken: 1
Root visits: 45375
New playouts: 2335
NN rows: 1302
NN batches: 55
NN avg batch size: 23.6727
PV: H4 E2 D6 E6 C8 E7 B5 G8 F8 H7 G7 H8 F9 H6 D9 G5 F5 H5 F6 J2 J5 J6 B3 B4 A4
Tree:
: T  92.18c W  89.28c S   2.37c ( +3.5 L  +3.7) N   45375  --  H4 E2 D6 E6 C8 E7 B5
---White(^)---
H4  : T  92.40c W  89.18c S   2.64c ( +3.6 L  +3.9) LCB   91.64c P 54.35% WF 44902.8 PSV   44732 N   38863  --  H4 E2 D6 E6 C8 E7 B5 G8
D6  : T  91.86c W  91.20c S   0.63c ( +2.7 L  +2.9) LCB   90.55c P 14.07% WF 6752.7 PSV    6237 N    5082  --  D6 E6 H4 E7 E2 C2 F8 G2
B4  : T  89.85c W  85.81c S   2.47c ( +3.6 L  +3.6) LCB   86.15c P  7.43% WF 1142.8 PSV    1188 N    1249  --  B4 B3 H4 E2 D6 E6 C8 E7
H5  : T  83.29c W  82.22c S  -1.67c ( +1.8 L  +1.5) LCB   73.48c P  2.00% WF  99.4 PSV     106 N     110  --  H5 J3 H4 E2 D6 E6 C8 E7
E2  : T -106.96c W -86.46c S -18.06c ( -7.7 L  -7.9) LCB -149.02c P 16.55% WF  13.5 PSV      42 N      29  --  E2 H4 G2 J3 F2 G5 H3 F5
B6  : T  -9.04c W  -2.29c S  -6.40c ( -1.3 L  -2.1) LCB  -59.05c P  2.13% WF   5.8 PSV      10 N      22  --  B6 D6 H4 E2 B4 B3 A3 A2
C8  : T -32.50c W -14.42c S  -8.71c ( -2.2 L  -2.8) LCB -117.27c P  1.21% WF   2.7 PSV       4 N       8  --  C8 D6 H4 E2 B4 B3 B6 A4
B3  : T -90.76c W -62.60c S  -9.81c ( -3.2 L  -4.4) LCB -181.58c P  1.11% WF   1.1 PSV       3 N       4  --  B3 B4 E2 H4
F2  : T -12.39c W  -4.29c S  -5.42c ( -0.4 L  -1.2) LCB -165.62c P  0.30% WF   0.7 PSV       1 N       2  --  F2 G2
B5  : T -93.37c W -82.20c S -11.17c ( -4.3 L  -7.4) LCB -443.37c P  0.23% WF   0.5 PSV       0 N       1  --  B5

2024-06-09 12:21:43-0400: = H4
2024-06-09 12:21:50-0400: Controller: kata-list_time_settings
2024-06-09 12:21:50-0400: = none absolute byoyomi canadian fischer fischer-capped
2024-06-09 12:21:50-0400: Controller: play black e2
2024-06-09 12:21:50-0400: = 
2024-06-09 12:21:50-0400: Controller: genmove white
2024-06-09 12:21:51-0400: MoveNum: 19 HASH: FA33AFE693DE13E3AFF1D2632D0A3D71
   A B C D E F G H J
 9 . . . . . . . . .
 8 . . . X . . . . .
 7 . . O X . O . . .
 6 . . . @ . . O . .
 5 . . O . X . . . .
 4 . . X X X O O O2.
 3 . . . . O X X O .
 2 . . . . X3. . X1.
 1 . . . . . . . . .

koPOSITIONALscoreAREAtaxNONEsui1komi7.5
Time taken: 1.015
Root visits: 59833
New playouts: 2636
NN rows: 1279
NN batches: 54
NN avg batch size: 23.6852
PV: D6 E6 C8 E7 B5 G8 F8 H7 G7 H8 F9 H6 D9 G5 F5 H5 F6 J2 B3 B4 A4 C2 B2 B1 J5
Tree:
: T  90.85c W  88.06c S   2.18c ( +3.1 L  +3.5) N   59833  --  D6 E6 C8 E7 B5 G8 F8
---White(^)---
D6  : T  90.93c W  88.37c S   2.02c ( +3.0 L  +3.4) LCB   90.19c P 65.00% WF 67214.7 PSV   67114 N   55718  --  D6 E6 C8 E7 B5 G8 F8 H7
B4  : T  91.05c W  84.24c S   5.05c ( +4.7 L  +4.9) LCB   88.61c P  3.67% WF 3845.7 PSV    3854 N    3907  --  B4 B3 D6 E6 C8 E7 B5 G8
C8  : T -79.49c W -66.81c S -12.76c ( -4.9 L  -5.4) LCB -100.23c P 30.30% WF  35.6 PSV     127 N     196  --  C8 D6 B4 B3 B6 A4 C9 A8
B6  : T  -8.95c W  -3.16c S  -6.33c ( -1.8 L  -2.7) LCB  -89.84c P  0.43% WF   1.4 PSV       3 N       5  --  B6 D6 B4 B3 A3 A2 A4 B8
G2  : T  15.75c W  18.46c S  -3.65c ( +0.2 L  -0.4) LCB  -69.82c P  0.23% WF   1.0 PSV       2 N       4  --  G2 F2 D6
B8  : T -65.64c W -56.92c S  -8.72c ( -3.0 L  -4.6) LCB -415.64c P  0.21% WF   0.3 PSV       0 N       1  --  B8
F2  : T -27.47c W -21.43c S  -6.04c ( -1.3 L  -2.3) LCB -377.47c P  0.10% WF   0.3 PSV       0 N       1  --  F2

2024-06-09 12:21:51-0400: = D6
2024-06-09 12:21:52-0400: Controller: kata-list_time_settings
2024-06-09 12:21:52-0400: = none absolute byoyomi canadian fischer fischer-capped
2024-06-09 12:21:52-0400: Controller: play black e6
2024-06-09 12:21:52-0400: = 
2024-06-09 12:21:52-0400: Controller: genmove white
2024-06-09 12:21:53-0400: MoveNum: 21 HASH: B8BA78E7629B36AD0F87A8004ADCEEC4
   A B C D E F G H J
 9 . . . . . . . . .
 8 . . @ X . . . . .
 7 . . O X . O . . .
 6 . . . O2X3. O . .
 5 . . O . X . . . .
 4 . . X X X O O O .
 3 . . . . O X X O .
 2 . . . . X1. . X .
 1 . . . . . . . . .

koPOSITIONALscoreAREAtaxNONEsui1komi7.5
Time taken: 1.031
Root visits: 62135
New playouts: 4901
NN rows: 1291
NN batches: 53
NN avg batch size: 24.3585
PV: C8 E7 B4 B3 B5 G8 F8 H7 G7 H8 F9 H6 G5 D9 C9 G9 J9 H5 J5 J6 J8 J4 J3 J2 H9
Tree:
: T  91.03c W  88.10c S   2.35c ( +3.3 L  +3.7) N   62135  --  C8 E7 B4 B3 B5 G8 F8
---White(^)---
C8  : T  91.06c W  88.16c S   2.35c ( +3.3 L  +3.7) LCB   90.34c P 93.73% WF 74662.3 PSV   74643 N   61634  --  C8 E7 B4 B3 B5 G8 F8 H7
B4  : T  89.53c W  81.66c S   4.39c ( +4.4 L  +4.5) LCB   83.50c P  1.39% WF 356.2 PSV     363 N     424  --  B4 B6 C6 C8 B7 B3 B8 G7
B6  : T  13.75c W  13.44c S  -4.17c ( -0.2 L  -0.6) LCB  -30.95c P  1.45% WF   8.8 PSV      14 N      31  --  B6 D5 C6 E7 B4 B3 A3 A2
G2  : T  50.72c W  42.14c S  -3.11c ( +0.5 L  +0.5) LCB   14.09c P  0.53% WF   7.4 PSV       9 N      18  --  G2 F2 C8 E7 B4 B3 B5 G8
B8  : T -54.94c W -45.00c S  -9.29c ( -3.5 L  -3.4) LCB -111.78c P  1.68% WF   4.0 PSV       8 N      17  --  B8 B6 C6 E7 B4 B3 B5 B9
E7  : T -79.83c W -61.90c S -11.46c ( -3.9 L  -4.8) LCB -139.59c P  0.79% WF   1.6 PSV       3 N       7  --  E7 C8 B8 B7 B6
F2  : T -57.76c W -50.80c S  -6.96c ( -1.5 L  -4.6) LCB -407.76c P  0.21% WF   0.3 PSV       1 N       1  --  F2
B7  : T -65.17c W -56.91c S  -8.26c ( -2.9 L  -4.1) LCB -415.17c P  0.11% WF   0.3 PSV       0 N       1  --  B7
B5  : T -116.88c W -96.71c S -20.17c (-10.3 L -15.1) LCB -466.88c P  0.06% WF   0.8 PSV       0 N       1  --  B5

2024-06-09 12:21:53-0400: = C8
2024-06-09 12:21:54-0400: Controller: kata-list_time_settings
2024-06-09 12:21:54-0400: = none absolute byoyomi canadian fischer fischer-capped
2024-06-09 12:21:54-0400: Controller: play black e7
2024-06-09 12:21:54-0400: = 
2024-06-09 12:21:54-0400: Controller: genmove white
2024-06-09 12:21:55-0400: MoveNum: 23 HASH: 469BA2582A74CD5533CF08EDC1F5CC59
   A B C D E F G H J
 9 . . . . . . . . .
 8 . . O2X . . . . .
 7 . . O X X3O . . .
 6 . . . O X1. O . .
 5 . . O . X . . . .
 4 . @ X X X O O O .
 3 . . . . O X X O .
 2 . . . . X . . X .
 1 . . . . . . . . .

koPOSITIONALscoreAREAtaxNONEsui1komi7.5
Time taken: 1.031
Root visits: 64392
New playouts: 2653
NN rows: 1276
NN batches: 51
NN avg batch size: 25.0196
PV: B4 B3 B5 G8 F8 H7 G7 H8 F9 H6 G5 D9 C9 G9 J9 H5 J5 J6 J8 J4 J3 J2 H9 F6 J5
Tree:
: T  91.50c W  88.71c S   2.31c ( +3.4 L  +3.8) N   64392  --  B4 B3 B5 G8 F8 H7 G7
---White(^)---
B4  : T  93.26c W  87.12c S   4.95c ( +4.8 L  +5.3) LCB   92.04c P 65.25% WF 38137.4 PSV  342774 N   29900  --  B4 B3 B5 G8 F8 H7 G7 H8
B5  : T  89.93c W  90.15c S  -0.27c ( +2.2 L  +2.5) LCB   89.17c P 33.46% WF 42420.0 PSV   46348 N   34478  --  B5 G8 F8 H7 G7 H8 F9 H6
G2  : T  -6.70c W   0.59c S  -6.02c ( -0.3 L  -0.6) LCB -107.00c P  0.55% WF   2.3 PSV       4 N       7  --  G2 B5 F2 D2
F9  : T -89.06c W -78.99c S -10.07c ( -2.7 L  -3.4) LCB -439.06c P  0.22% WF   0.4 PSV       0 N       1  --  F9
B9  : T -113.47c W -98.03c S -15.44c ( -5.0 L  -9.6) LCB -463.47c P  0.18% WF   0.8 PSV       0 N       1  --  B9
F2  : T -47.96c W -40.86c S  -7.11c ( -1.2 L  -2.7) LCB -397.96c P  0.11% WF   0.3 PSV       0 N       1  --  F2
F8  : T -80.97c W -71.93c S  -9.04c ( -2.6 L  -6.2) LCB -430.97c P  0.07% WF   0.3 PSV       0 N       1  --  F8
A8  : T -114.05c W -95.45c S -18.59c ( -8.4 L -15.4) LCB -464.05c P  0.06% WF   0.6 PSV       0 N       1  --  A8
B6  : T  -8.91c W  -3.06c S  -5.85c ( -0.6 L  -0.6) LCB -358.91c P  0.02% WF   0.3 PSV       0 N       1  --  B6

2024-06-09 12:21:55-0400: = B4
2024-06-09 12:21:56-0400: Controller: kata-list_time_settings
2024-06-09 12:21:56-0400: = none absolute byoyomi canadian fischer fischer-capped
2024-06-09 12:21:56-0400: Controller: play black b3
2024-06-09 12:21:56-0400: = 
2024-06-09 12:21:56-0400: Controller: genmove white
2024-06-09 12:21:57-0400: MoveNum: 25 HASH: 6C830E78EF6049E436579C3C13724FEE
   A B C D E F G H J
 9 . . . . . . . . .
 8 . . O X . . . . .
 7 . . O X X1O . . .
 6 . . . O X . O . .
 5 . @ O . X . . . .
 4 . O2X X X O O O .
 3 . X3. . O X X O .
 2 . . . . X . . X .
 1 . . . . . . . . .

koPOSITIONALscoreAREAtaxNONEsui1komi7.5
Time taken: 1
Root visits: 27330
New playouts: 2660
NN rows: 1283
NN batches: 50
NN avg batch size: 25.66
PV: B5 G8 F8 H7 G7 H8 F9 H6 G5 D9 C9 G9 J9 H5 J5 J6 J8 J4 J3 J2 H9 F6 J5 J7 J9
Tree:
: T  91.41c W  87.99c S   2.74c ( +4.6 L  +5.1) N   27330  --  B5 G8 F8 H7 G7 H8 F9
---White(^)---
B5  : T  91.61c W  88.16c S   2.77c ( +4.7 L  +5.1) LCB   90.35c P 81.50% WF 34227.1 PSV   34145 N   26883  --  B5 G8 F8 H7 G7 H8 F9 H6
B6  : T  65.85c W  66.46c S  -2.78c ( +2.0 L  +2.0) LCB   53.87c P 14.80% WF 195.1 PSV     263 N     426  --  B6 A4 B5 C9 B8 F8 G8 G9
G2  : T -15.30c W -15.59c S  -8.13c ( -0.4 L  -0.5) LCB  -98.48c P  1.25% WF   3.1 PSV       5 N      11  --  G2 B6 F2 D2
B9  : T -118.27c W -99.04c S -19.23c ( -6.0 L -11.0) LCB -468.27c P  0.98% WF   1.1 PSV       2 N       1  --  B9
A4  : T -103.33c W -88.04c S -15.29c ( -5.6 L -10.0) LCB -453.33c P  0.38% WF   0.4 PSV       0 N       1  --  A4
B8  : T -124.61c W -98.90c S -25.71c (-13.0 L -17.8) LCB -474.61c P  0.28% WF   1.5 PSV       0 N       1  --  B8
F9  : T -90.74c W -79.17c S -11.57c ( -2.4 L  -3.0) LCB -440.74c P  0.28% WF   0.4 PSV       0 N       1  --  F9
F2  : T -73.04c W -62.11c S -10.93c ( -2.2 L  -4.1) LCB -423.04c P  0.19% WF   0.3 PSV       0 N       1  --  F2
A8  : T -119.84c W -93.89c S -19.08c ( -7.5 L -13.3) LCB -469.84c P  0.07% WF   0.6 PSV       0 N       1  --  A8
A6  : T -97.40c W -85.18c S -12.22c ( -3.0 L  -3.2) LCB -447.40c P  0.06% WF   0.4 PSV       0 N       1  --  A6

2024-06-09 12:21:57-0400: = B5
2024-06-09 12:21:58-0400: Controller: kata-list_time_settings
2024-06-09 12:21:58-0400: = none absolute byoyomi canadian fischer fischer-capped
2024-06-09 12:21:58-0400: Controller: play black g8
2024-06-09 12:21:58-0400: = 
2024-06-09 12:21:58-0400: Controller: genmove white
2024-06-09 12:21:59-0400: MoveNum: 27 HASH: 6977C459DDDEDFA00C5BDA5AF49A8A77
   A B C D E F G H J
 9 . . . . . . . . .
 8 . . O X . @ X3. .
 7 . . O X X O . . .
 6 . . . O X . O . .
 5 . O2O . X . . . .
 4 . O X X X O O O .
 3 . X1. . O X X O .
 2 . . . . X . . X .
 1 . . . . . . . . .

koPOSITIONALscoreAREAtaxNONEsui1komi7.5
Time taken: 1.015
Root visits: 22331
New playouts: 2828
NN rows: 1300
NN batches: 51
NN avg batch size: 25.4902
PV: F8 H7 G7 H8 F9 H6 G5 D9 C9 G9 J9 H5 J5 J6 J8 J4 J3 J2 H9 F6 J5 B7 J7 B8 B9
Tree:
: T  92.04c W  89.34c S   2.55c ( +4.6 L  +5.1) N   22331  --  F8 H7 G7 H8 F9 H6 G5
---White(^)---
F8  : T  92.48c W  89.77c S   2.60c ( +4.6 L  +5.1) LCB   91.04c P 73.53% WF 31076.1 PSV   30849 N   21190  --  F8 H7 G7 H8 F9 H6 G5 D9
H8  : T  68.25c W  67.46c S  -0.08c ( +3.2 L  +3.5) LCB   59.57c P 16.11% WF 437.7 PSV     289 N     882  --  H8 H9 F8 H7 J8 G7 F9 C9
J2  : T  63.77c W  56.76c S  -0.91c ( +2.7 L  +2.9) LCB   46.76c P  8.51% WF  97.1 PSV     129 N     233  --  J2 C9 B9 G2 F8 D9 B7 G7
G2  : T  36.80c W  28.17c S  -5.02c ( +0.4 L  +0.5) LCB   -5.71c P  1.36% WF   7.4 PSV      10 N      24  --  G2 F2 F8 G7 H8 H7 G9 C9
G7  : T -50.05c W -42.77c S -10.94c ( -3.5 L  -3.8) LCB -425.51c P  0.35% WF   0.3 PSV       1 N       1  --  G7 H8

2024-06-09 12:21:59-0400: = F8
2024-06-09 12:22:02-0400: Controller: kata-list_time_settings
2024-06-09 12:22:02-0400: = none absolute byoyomi canadian fischer fischer-capped
2024-06-09 12:22:02-0400: Controller: play black h7
2024-06-09 12:22:02-0400: = 
2024-06-09 12:22:02-0400: Controller: genmove white
2024-06-09 12:22:03-0400: MoveNum: 29 HASH: 31210E2FF92F45B29C8B736E1D1149BC
   A B C D E F G H J
 9 . . . . . . . . .
 8 . . O X . O2X1. .
 7 . . O X X O @ X3.
 6 . . . O X . O . .
 5 . O O . X . . . .
 4 . O X X X O O O .
 3 . X . . O X X O .
 2 . . . . X . . X .
 1 . . . . . . . . .

koPOSITIONALscoreAREAtaxNONEsui1komi7.5
Time taken: 1.031
Root visits: 22864
New playouts: 2842
NN rows: 1301
NN batches: 53
NN avg batch size: 24.5472
PV: G7 H8 F9 H6 G5 G9 D9 J5 H5 J9 A3 B2 J2 H1 A2 A4 A5 D5 C6 B1 J4 E8 E9 J6 C9
Tree:
: T  93.02c W  90.35c S   2.53c ( +4.3 L  +4.9) N   22864  --  G7 H8 F9 H6 G5 G9 D9
---White(^)---
G7  : T  93.46c W  90.75c S   2.59c ( +4.3 L  +4.9) LCB   92.15c P 38.57% WF 34448.5 PSV   34248 N   22092  --  G7 H8 F9 H6 G5 G9 D9 J5
J2  : T  78.43c W  77.99c S   2.36c ( +4.2 L  +4.7) LCB   59.47c P  3.00% WF  79.2 PSV      90 N     116  --  J2 G2 G7 H8 F9 H6 D9 G5
F9  : T -69.67c W -41.66c S -17.20c (-11.7 L -12.0) LCB -123.43c P 30.85% WF  28.1 PSV      88 N     129  --  F9 H6 H8 J8 H9 G7 F6 G9
H8  : T  67.95c W  65.33c S   1.74c ( +3.9 L  +4.3) LCB   53.61c P  4.01% WF 213.3 PSV      72 N     420  --  H8 H9 J8 G7 F9 C9 B9 B8
H6  : T -112.19c W -83.06c S -24.67c (-16.7 L -17.6) LCB -160.80c P 17.71% WF  12.0 PSV      40 N      33  --  H6 C9 B9 D9 F9 B8 A8 B7
H9  : T   9.52c W  19.45c S  -4.50c ( +0.0 L  +0.1) LCB  -23.05c P  3.57% WF  11.2 PSV      19 N      57  --  H9 G9 H8 G7 H6 C9 B8 B9
C9  : T -78.02c W -69.77c S -12.45c ( -5.0 L  -5.4) LCB -215.44c P  0.88% WF   0.8 PSV       2 N       3  --  C9 H6
E9  : T -98.28c W -61.23c S -20.47c (-11.5 L -11.9) LCB -235.56c P  0.54% WF   2.0 PSV       1 N       5  --  E9 D9 H6 C9 B8 B9 A8
G2  : T -27.65c W -12.23c S  -7.10c ( -1.6 L  -1.1) LCB -191.66c P  0.43% WF   0.6 PSV       1 N       2  --  G2 F2
G9  : T -49.85c W -41.12c S  -8.73c ( -2.6 L  -2.7) LCB -399.85c P  0.12% WF   0.3 PSV       0 N       1  --  G9

2024-06-09 12:22:03-0400: = G7
2024-06-09 12:22:06-0400: Controller: kata-list_time_settings
2024-06-09 12:22:06-0400: = none absolute byoyomi canadian fischer fischer-capped
2024-06-09 12:22:06-0400: Controller: play black h8
2024-06-09 12:22:06-0400: = 
2024-06-09 12:22:07-0400: Controller: genmove white
2024-06-09 12:22:08-0400: MoveNum: 31 HASH: C0528C94CBF5FDA593BC030EBCEDFA6E
   A B C D E F G H J
 9 . . . . . @ . . .
 8 . . O X . O X X3.
 7 . . O X X O O2X1.
 6 . . . O X . O . .
 5 . O O . X . . . .
 4 . O X X X O O O .
 3 . X . . O X X O .
 2 . . . . X . . X .
 1 . . . . . . . . .

koPOSITIONALscoreAREAtaxNONEsui1komi7.5
Time taken: 1.031
Root visits: 39572
New playouts: 4704
NN rows: 1274
NN batches: 52
NN avg batch size: 24.5
PV: F9 H6 G5 G9 D9 J5 H5 J9 J2 H1 A3 B2 A2 D5 C3 C2 C6 A4 A5 B1 C9 J4 J3
Tree:
: T  95.88c W  94.56c S   1.89c ( +3.0 L  +3.6) N   39572  --  F9 H6 G5 G9 D9 J5 H5
---White(^)---
F9  : T  96.04c W  94.69c S   1.91c ( +3.1 L  +3.6) LCB   95.38c P 38.48% WF 82029.8 PSV   81854 N   39082  --  F9 H6 G5 G9 D9 J5 H5 J9
J2  : T  90.33c W  88.46c S   3.40c ( +3.8 L  +4.2) LCB   79.58c P  2.98% WF 223.0 PSV     239 N     203  --  J2 H1 F9 H6 G5 G9 D9 H5
G9  : T -20.60c W  -2.09c S  -9.64c ( -5.4 L  -5.7) LCB  -57.28c P 22.83% WF  43.5 PSV     121 N     220  --  G9 C9 B9 D9 B7 F9 E9 H6
H6  : T -121.41c W -92.48c S -26.84c (-16.0 L -16.3) LCB -150.41c P 31.63% WF  24.5 PSV      92 N      40  --  H6 C9 B8 B9 E9 D9 B6
C9  : T -100.02c W -72.11c S -22.26c (-17.3 L -18.0) LCB -205.35c P  2.07% WF   2.9 PSV       6 N      10  --  C9 E9 F9 H6 H5
G2  : T  43.43c W  43.12c S   0.80c ( +2.5 L  +3.4) LCB  -50.01c P  0.41% WF   3.6 PSV       4 N       9  --  G2 F2 F9 H6 D9 G5 F5 H5
E9  : T -89.82c W -52.32c S -19.33c (-11.1 L -11.5) LCB -207.78c P  1.26% WF   1.9 PSV       4 N       4  --  E9 D9 H6 C9 B8 B9 B6
D9  : T -58.18c W -52.26c S  -5.92c ( -1.2 L  -5.8) LCB -408.18c P  0.09% WF   0.3 PSV       0 N       1  --  D9
C3  : T -108.98c W -87.37c S -21.61c (-13.5 L -15.5) LCB -458.98c P  0.07% WF   0.5 PSV       0 N       1  --  C3
F2  : T  49.52c W  50.87c S  -1.36c ( +1.3 L  +1.2) LCB -300.48c P  0.07% WF   0.3 PSV       0 N       1  --  F2

2024-06-09 12:22:08-0400: = F9
2024-06-09 12:22:08-0400: Controller: kata-list_time_settings
2024-06-09 12:22:08-0400: = none absolute byoyomi canadian fischer fischer-capped
2024-06-09 12:22:08-0400: Controller: play black h6
2024-06-09 12:22:08-0400: = 
2024-06-09 12:22:08-0400: Controller: genmove white
2024-06-09 12:22:09-0400: MoveNum: 33 HASH: 94BF392FE2FFACA5110EB3BF2390FADD
   A B C D E F G H J
 9 . . . . . O2. . .
 8 . . O X . O X X1.
 7 . . O X X O O X .
 6 . . . O X . O X3.
 5 . O O . X . @ . .
 4 . O X X X O O O .
 3 . X . . O X X O .
 2 . . . . X . . X .
 1 . . . . . . . . .

koPOSITIONALscoreAREAtaxNONEsui1komi7.5
Time taken: 1.032
Root visits: 45151
New playouts: 6301
NN rows: 1249
NN batches: 50
NN avg batch size: 24.98
PV: G5 G9 D9 J5 H5 J9 J2 H1 A3 B2 A2 A4 A5 D5 C3 C2 C6 B1 C9 A1 A4
Tree:
: T  96.83c W  96.06c S   1.34c ( +2.4 L  +3.0) N   45151  --  G5 G9 D9 J5 H5 J9 J2
---White(^)---
G5  : T  97.05c W  96.26c S   1.35c ( +2.4 L  +3.0) LCB   96.58c P 24.43% WF 107769.4 PSV  107351 N   43836  --  G5 G9 D9 J5 H5 J9 J2 H1
H5  : T  59.79c W  61.62c S   1.70c ( +2.8 L  +3.3) LCB   49.62c P 36.30% WF 371.6 PSV     633 N    1023  --  H5 E9 J6 E8 J2 C9 B9 B8
D9  : T -66.12c W -56.59c S  -8.14c ( -1.9 L  -2.1) LCB  -92.79c P 27.77% WF  39.2 PSV     110 N     208  --  D9 G5 F5 H5 F6 J2 J5 J6
J2  : T -57.95c W -39.89c S -12.21c ( -6.7 L  -7.6) LCB -118.27c P  6.81% WF  10.7 PSV      28 N      46  --  J2 G5 F5 H5 F6 C9 B9 D9
G9  : T -104.85c W -77.91c S -23.74c (-19.1 L -20.5) LCB -207.13c P  3.31% WF   5.0 PSV      10 N      15  --  G9 G5 F5 H5 F6 C9 B9 D9
G2  : T  32.81c W  38.20c S  -1.09c ( +1.2 L  +1.4) LCB  -34.45c P  0.98% WF   6.4 PSV       9 N      18  --  G2 F2 H5 E9 G9 H9 J8 C9
J5  : T -56.87c W -48.79c S  -8.08c ( -3.2 L  -2.5) LCB -406.87c P  0.30% WF   0.3 PSV       1 N       1  --  J5
J8  : T -36.97c W -30.69c S  -6.27c ( -2.2 L  -1.4) LCB -386.97c P  0.02% WF   0.2 PSV       0 N       1  --  J8
J6  : T -104.51c W -89.15c S -15.37c ( -6.8 L -14.3) LCB -454.51c P  0.02% WF   0.4 PSV       0 N       1  --  J6
F2  : T  64.25c W  63.48c S   0.77c ( +2.2 L  +1.6) LCB -285.75c P  0.02% WF   0.4 PSV       0 N       1  --  F2

2024-06-09 12:22:09-0400: = G5
2024-06-09 12:22:11-0400: Controller: quit
2024-06-09 12:22:11-0400: Quit requested by controller
2024-06-09 12:22:11-0400: = 
2024-06-09 12:22:11-0400: GPU -1 finishing, processed 155953 rows 6054 batches
2024-06-09 12:22:12-0400: All cleaned up, quitting
