2024-06-18 20:52:55-0400: Running with following config:
allowResignation = true
lagBuffer = 1.0
logAllGTPCommunication = true
logDir = gtp_logs
logSearchInfo = true
logSearchInfoForChosenMove = false
logToStderr = false
maxTime = 1.0
maxTimePondering = 120.0
numSearchThreads = 16
ogsChatToStderr = true
ponderingEnabled = true
resignConsecTurns = 3
resignThreshold = -0.90
rules = tromp-taylor
searchFactorAfterOnePass = 0.50
searchFactorAfterTwoPass = 0.25
searchFactorWhenWinning = 0.40
searchFactorWhenWinningThreshold = 0.95

2024-06-18 20:52:55-0400: GTP Engine starting...
2024-06-18 20:52:55-0400: KataGo v1.14.1
2024-06-18 20:52:55-0400: Using TrompTaylor rules initially, unless GTP/GUI overrides this
2024-06-18 20:52:55-0400: Using 16 CPU thread(s) for search
2024-06-18 20:52:55-0400: nnRandSeed0 = 14362016098211003000
2024-06-18 20:52:55-0400: After dedups: nnModelFile0 = C:\Users\chang\Downloads\kata1-b28c512nbt-s7168446720-d4316919285.bin.gz useFP16 auto useNHWC auto
2024-06-18 20:52:55-0400: Initializing neural net buffer to be size 19 * 19 exactly
2024-06-18 20:53:02-0400: Found OpenCL Platform 0: Intel(R) OpenCL Graphics (Intel(R) Corporation) (OpenCL 3.0 )
2024-06-18 20:53:02-0400: Found 1 device(s) on platform 0 with type CPU or GPU or Accelerator
2024-06-18 20:53:02-0400: Found OpenCL Platform 1: NVIDIA CUDA (NVIDIA Corporation) (OpenCL 3.0 CUDA 12.5.51)
2024-06-18 20:53:02-0400: Found 1 device(s) on platform 1 with type CPU or GPU or Accelerator
2024-06-18 20:53:02-0400: Found OpenCL Device 0: Intel(R) UHD Graphics (Intel(R) Corporation) (score 6000300)
2024-06-18 20:53:02-0400: Found OpenCL Device 1: NVIDIA GeForce RTX 4060 Laptop GPU (NVIDIA Corporation) (score 11000300)
2024-06-18 20:53:02-0400: Creating context for OpenCL Platform: NVIDIA CUDA (NVIDIA Corporation) (OpenCL 3.0 CUDA 12.5.51)
2024-06-18 20:53:03-0400: Using OpenCL Device 1: NVIDIA GeForce RTX 4060 Laptop GPU (NVIDIA Corporation) OpenCL 3.0 CUDA (Extensions: cl_khr_global_int32_base_atomics cl_khr_global_int32_extended_atomics cl_khr_local_int32_base_atomics cl_khr_local_int32_extended_atomics cl_khr_fp64 cl_khr_3d_image_writes cl_khr_byte_addressable_store cl_khr_icd cl_khr_gl_sharing cl_nv_compiler_options cl_nv_device_attribute_query cl_nv_pragma_unroll cl_nv_d3d10_sharing cl_khr_d3d10_sharing cl_nv_d3d11_sharing cl_nv_copy_opts cl_nv_create_buffer cl_khr_int64_base_atomics cl_khr_int64_extended_atomics cl_khr_device_uuid cl_khr_pci_bus_info cl_khr_external_semaphore cl_khr_external_memory cl_khr_external_semaphore_win32 cl_khr_external_memory_win32)
2024-06-18 20:53:03-0400: Loaded tuning parameters from: C:\Users\chang\Downloads\katago-v1.14.1-opencl-windows-x64/KataGoData/opencltuning/tune11_gpuNVIDIAGeForceRTX4060LaptopGPU_x19_y19_c512_mv15.txt
2024-06-18 20:53:03-0400: OpenCL backend thread 0: Model version 15
2024-06-18 20:53:03-0400: OpenCL backend thread 0: Model name: kata1-b28c512nbt-s7168446720-d4316919285
2024-06-18 20:53:11-0400: OpenCL backend thread 0: FP16Storage true FP16Compute false FP16TensorCores true FP16TensorCoresFor1x1 false
2024-06-18 20:53:11-0400: Loaded neural net with nnXLen 19 nnYLen 19
2024-06-18 20:53:11-0400: Initializing board with boardXSize 19 boardYSize 19
2024-06-18 20:53:11-0400: Loaded config C:/Users/chang/Downloads/katago-v1.14.1-opencl-windows-x64/default_gtp.cfg
2024-06-18 20:53:11-0400: Loaded model C:\Users\chang\Downloads\kata1-b28c512nbt-s7168446720-d4316919285.bin.gz
2024-06-18 20:53:11-0400: Model name: kata1-b28c512nbt-s7168446720-d4316919285
2024-06-18 20:53:11-0400: GTP ready, beginning main protocol loop
2024-06-18 20:53:11-0400: Controller: list_commands
2024-06-18 20:53:11-0400: = protocol_version
name
version
known_command
list_commands
quit
boardsize
rectangular_boardsize
clear_board
set_position
komi
get_komi
play
undo
kata-get-rules
kata-set-rule
kata-set-rules
kata-get-param
kata-set-param
kata-list-params
kgs-rules
genmove
genmove_debug
search_debug
clear_cache
showboard
fixed_handicap
place_free_handicap
set_free_handicap
time_settings
kgs-time_settings
time_left
kata-list_time_settings
kata-time_settings
final_score
final_status_list
loadsgf
printsgf
lz-genmove_analyze
kata-genmove_analyze
lz-analyze
kata-analyze
kata-raw-nn
cputime
gomill-cpu_time
kata-benchmark
kata-debug-print-tc
debug_moves
stop
2024-06-18 20:53:11-0400: Controller: boardsize 13
2024-06-18 20:53:11-0400: GPU -1 finishing, processed 0 rows 0 batches
2024-06-18 20:53:11-0400: Cleaned up old neural net and bot
2024-06-18 20:53:11-0400: nnRandSeed0 = 5476786263560207854
2024-06-18 20:53:11-0400: After dedups: nnModelFile0 = C:\Users\chang\Downloads\kata1-b28c512nbt-s7168446720-d4316919285.bin.gz useFP16 auto useNHWC auto
2024-06-18 20:53:11-0400: Initializing neural net buffer to be size 13 * 13 exactly
2024-06-18 20:53:19-0400: Found OpenCL Platform 0: Intel(R) OpenCL Graphics (Intel(R) Corporation) (OpenCL 3.0 )
2024-06-18 20:53:19-0400: Found 1 device(s) on platform 0 with type CPU or GPU or Accelerator
2024-06-18 20:53:19-0400: Found OpenCL Platform 1: NVIDIA CUDA (NVIDIA Corporation) (OpenCL 3.0 CUDA 12.5.51)
2024-06-18 20:53:19-0400: Found 1 device(s) on platform 1 with type CPU or GPU or Accelerator
2024-06-18 20:53:19-0400: Found OpenCL Device 0: Intel(R) UHD Graphics (Intel(R) Corporation) (score 6000300)
2024-06-18 20:53:19-0400: Found OpenCL Device 1: NVIDIA GeForce RTX 4060 Laptop GPU (NVIDIA Corporation) (score 11000300)
2024-06-18 20:53:19-0400: Creating context for OpenCL Platform: NVIDIA CUDA (NVIDIA Corporation) (OpenCL 3.0 CUDA 12.5.51)
2024-06-18 20:53:21-0400: Using OpenCL Device 1: NVIDIA GeForce RTX 4060 Laptop GPU (NVIDIA Corporation) OpenCL 3.0 CUDA (Extensions: cl_khr_global_int32_base_atomics cl_khr_global_int32_extended_atomics cl_khr_local_int32_base_atomics cl_khr_local_int32_extended_atomics cl_khr_fp64 cl_khr_3d_image_writes cl_khr_byte_addressable_store cl_khr_icd cl_khr_gl_sharing cl_nv_compiler_options cl_nv_device_attribute_query cl_nv_pragma_unroll cl_nv_d3d10_sharing cl_khr_d3d10_sharing cl_nv_d3d11_sharing cl_nv_copy_opts cl_nv_create_buffer cl_khr_int64_base_atomics cl_khr_int64_extended_atomics cl_khr_device_uuid cl_khr_pci_bus_info cl_khr_external_semaphore cl_khr_external_memory cl_khr_external_semaphore_win32 cl_khr_external_memory_win32)
2024-06-18 20:53:21-0400: Loaded tuning parameters from: C:\Users\chang\Downloads\katago-v1.14.1-opencl-windows-x64/KataGoData/opencltuning/tune11_gpuNVIDIAGeForceRTX4060LaptopGPU_x19_y19_c512_mv15.txt
2024-06-18 20:53:22-0400: OpenCL backend thread 0: Model version 15
2024-06-18 20:53:22-0400: OpenCL backend thread 0: Model name: kata1-b28c512nbt-s7168446720-d4316919285
2024-06-18 20:53:30-0400: OpenCL backend thread 0: FP16Storage true FP16Compute false FP16TensorCores true FP16TensorCoresFor1x1 false
2024-06-18 20:53:30-0400: Loaded neural net with nnXLen 13 nnYLen 13
2024-06-18 20:53:30-0400: Initializing board with boardXSize 13 boardYSize 13
2024-06-18 20:53:30-0400: = 
2024-06-18 20:53:30-0400: Controller: clear_board
2024-06-18 20:53:30-0400: = 
2024-06-18 20:53:30-0400: Controller: komi 7.5
2024-06-18 20:53:30-0400: = 
2024-06-18 20:53:30-0400: Controller: genmove black
2024-06-18 20:53:31-0400: MoveNum: 0 HASH: 6D7B9BD0653F4FE761D8EA5338E563E0
   A B C D E F G H J K L M N
13 . . . . . . . . . . . . .
12 . . . . . . . . . . . . .
11 . . . . . . . . . . . . .
10 . . . . . . . . . @ . . .
 9 . . . . . . . . . . . . .
 8 . . . . . . . . . . . . .
 7 . . . . . . . . . . . . .
 6 . . . . . . . . . . . . .
 5 . . . . . . . . . . . . .
 4 . . . . . . . . . . . . .
 3 . . . . . . . . . . . . .
 2 . . . . . . . . . . . . .
 1 . . . . . . . . . . . . .

koPOSITIONALscoreAREAtaxNONEsui1komi7.5
Time taken: 1.031
Root visits: 263
New playouts: 263
NN rows: 255
NN batches: 24
NN avg batch size: 10.625
PV: K10 D4 D11 L4 D8 C6 E2 D10 E10
Tree:
: T -52.83c W -52.15c S  -0.44c ( -1.8 L  -1.0) N     263  --  K10 D4 D11 L4 D8 C6 E2
---Black(^)---
K10 : T -50.85c W -50.37c S  -0.24c ( -1.7 L  -0.9) LCB  -52.47c P 21.26% WF 409.5 PSV     405 N     169  --  K10 D4 D11 L4 D8 C6 E2 D10
L10 : T -53.09c W -52.27c S  -0.39c ( -1.8 L  -1.0) LCB  -55.39c P  1.28% WF  81.5 PSV       4 N      36  --  L10 K4 D10 C4 E4 C7 C3 B3
L11 : T -59.20c W -58.10c S  -0.95c ( -2.2 L  -1.3) LCB  -66.18c P  0.32% WF  20.6 PSV       0 N      11  --  L11 K4 D10 D4
L9  : T -60.55c W -59.29c S  -1.04c ( -2.2 L  -1.3) LCB  -72.01c P  0.19% WF  13.6 PSV       0 N       8  --  L9 K4 D10 D3 K11
K9  : T -61.45c W -60.52c S  -1.32c ( -2.4 L  -1.4) LCB  -76.29c P  0.18% WF  12.2 PSV       0 N       7  --  K9 D10 K3
L8  : T -66.14c W -64.39c S  -1.51c ( -2.5 L  -1.6) LCB -110.86c P  0.06% WF   4.7 PSV       0 N       4  --  L8 K3 D10
K8  : T -67.79c W -66.16c S  -1.64c ( -2.6 L  -1.7) LCB -142.26c P  0.02% WF   2.8 PSV       0 N       3  --  K8 K4
L7  : T -69.71c W -67.71c S  -2.00c ( -2.9 L  -1.7) LCB -221.04c P  0.02% WF   2.0 PSV       0 N       2  --  L7 K3
K7  : T -71.52c W -69.27c S  -2.25c ( -3.0 L  -1.9) LCB -221.46c P  0.02% WF   1.7 PSV       0 N       2  --  K7 K11
J9  : T -75.91c W -72.64c S  -3.27c ( -3.7 L  -2.6) LCB -425.91c P  0.01% WF   0.8 PSV       0 N       1  --  J9

2024-06-18 20:53:31-0400: = K10
2024-06-18 20:54:26-0400: Controller: quit
2024-06-18 20:54:26-0400: Quit requested by controller
2024-06-18 20:54:26-0400: = 
2024-06-18 20:54:26-0400: GPU -1 finishing, processed 18351 rows 1581 batches
2024-06-18 20:54:26-0400: All cleaned up, quitting
