2024-06-06 20:44:20-0400: Running with following config:
allowResignation = true
lagBuffer = 1.0
logAllGTPCommunication = true
logDir = gtp_logs
logSearchInfo = true
logSearchInfoForChosenMove = false
logToStderr = false
maxTimePondering = 120.0
maxVisits = 30000
numSearchThreads = 16
ogsChatToStderr = true
ponderingEnabled = true
resignConsecTurns = 3
resignThreshold = -0.90
rules = tromp-taylor
searchFactorAfterOnePass = 0.50
searchFactorAfterTwoPass = 0.25
searchFactorWhenWinning = 0.40
searchFactorWhenWinningThreshold = 0.95

2024-06-06 20:44:20-0400: GTP Engine starting...
2024-06-06 20:44:20-0400: KataGo v1.14.1
2024-06-06 20:44:20-0400: Using TrompTaylor rules initially, unless GTP/GUI overrides this
2024-06-06 20:44:20-0400: Using 16 CPU thread(s) for search
2024-06-06 20:44:20-0400: nnRandSeed0 = 16588621977631091819
2024-06-06 20:44:20-0400: After dedups: nnModelFile0 = C:\Users\chang\Downloads/kata1-b28c512nbt-s7168446720-d4316919285.bin.gz useFP16 auto useNHWC auto
2024-06-06 20:44:20-0400: Initializing neural net buffer to be size 19 * 19 exactly
2024-06-06 20:44:25-0400: Found OpenCL Platform 0: NVIDIA CUDA (NVIDIA Corporation) (OpenCL 3.0 CUDA 12.4.89)
2024-06-06 20:44:25-0400: Found 1 device(s) on platform 0 with type CPU or GPU or Accelerator
2024-06-06 20:44:25-0400: Found OpenCL Platform 1: Intel(R) OpenCL Graphics (Intel(R) Corporation) (OpenCL 3.0 )
2024-06-06 20:44:25-0400: Found 1 device(s) on platform 1 with type CPU or GPU or Accelerator
2024-06-06 20:44:25-0400: Found OpenCL Device 0: NVIDIA GeForce RTX 4060 Laptop GPU (NVIDIA Corporation) (score 11000300)
2024-06-06 20:44:25-0400: Found OpenCL Device 1: Intel(R) UHD Graphics (Intel(R) Corporation) (score 6000300)
2024-06-06 20:44:25-0400: Creating context for OpenCL Platform: NVIDIA CUDA (NVIDIA Corporation) (OpenCL 3.0 CUDA 12.4.89)
2024-06-06 20:44:25-0400: Using OpenCL Device 0: NVIDIA GeForce RTX 4060 Laptop GPU (NVIDIA Corporation) OpenCL 3.0 CUDA (Extensions: cl_khr_global_int32_base_atomics cl_khr_global_int32_extended_atomics cl_khr_local_int32_base_atomics cl_khr_local_int32_extended_atomics cl_khr_fp64 cl_khr_3d_image_writes cl_khr_byte_addressable_store cl_khr_icd cl_khr_gl_sharing cl_nv_compiler_options cl_nv_device_attribute_query cl_nv_pragma_unroll cl_nv_d3d10_sharing cl_khr_d3d10_sharing cl_nv_d3d11_sharing cl_nv_copy_opts cl_nv_create_buffer cl_khr_int64_base_atomics cl_khr_int64_extended_atomics cl_khr_device_uuid cl_khr_pci_bus_info cl_khr_external_semaphore cl_khr_external_memory cl_khr_external_semaphore_win32 cl_khr_external_memory_win32)
2024-06-06 20:44:25-0400: Loaded tuning parameters from: C:\Users\chang\Downloads\katago-v1.14.1-opencl-windows-x64/KataGoData/opencltuning/tune11_gpuNVIDIAGeForceRTX4060LaptopGPU_x19_y19_c512_mv15.txt
2024-06-06 20:44:26-0400: OpenCL backend thread 0: Model version 15
2024-06-06 20:44:26-0400: OpenCL backend thread 0: Model name: kata1-b28c512nbt-s7168446720-d4316919285
2024-06-06 20:44:30-0400: OpenCL backend thread 0: FP16Storage true FP16Compute false FP16TensorCores true FP16TensorCoresFor1x1 false
2024-06-06 20:44:30-0400: Loaded neural net with nnXLen 19 nnYLen 19
2024-06-06 20:44:30-0400: Initializing board with boardXSize 19 boardYSize 19
2024-06-06 20:44:30-0400: Loaded config C:\Users\chang\Downloads\katago-v1.14.1-opencl-windows-x64\default_gtp.cfg
2024-06-06 20:44:30-0400: Loaded model C:\Users\chang\Downloads/kata1-b28c512nbt-s7168446720-d4316919285.bin.gz
2024-06-06 20:44:30-0400: Model name: kata1-b28c512nbt-s7168446720-d4316919285
2024-06-06 20:44:30-0400: GTP ready, beginning main protocol loop
2024-06-06 20:44:30-0400: Controller: name
2024-06-06 20:44:30-0400: = KataGo
2024-06-06 20:44:30-0400: Controller: version
2024-06-06 20:44:30-0400: = 1.14.1
2024-06-06 20:44:30-0400: Controller: list_commands
2024-06-06 20:44:30-0400: = protocol_version
name
version
known_command
list_commands
quit
boardsize
rectangular_boardsize
clear_board
set_position
komi
get_komi
play
undo
kata-get-rules
kata-set-rule
kata-set-rules
kata-get-param
kata-set-param
kata-list-params
kgs-rules
genmove
genmove_debug
search_debug
clear_cache
showboard
fixed_handicap
place_free_handicap
set_free_handicap
time_settings
kgs-time_settings
time_left
kata-list_time_settings
kata-time_settings
final_score
final_status_list
loadsgf
printsgf
lz-genmove_analyze
kata-genmove_analyze
lz-analyze
kata-analyze
kata-raw-nn
cputime
gomill-cpu_time
kata-benchmark
kata-debug-print-tc
debug_moves
stop
2024-06-06 20:44:30-0400: Controller: name
2024-06-06 20:44:30-0400: = KataGo
2024-06-06 20:44:30-0400: Controller: clear_board
2024-06-06 20:44:30-0400: = 
2024-06-06 20:44:30-0400: Controller: komi 6.5
2024-06-06 20:44:30-0400: = 
2024-06-06 20:44:30-0400: Controller: boardsize 19
2024-06-06 20:44:30-0400: = 
2024-06-06 20:44:30-0400: Controller: kata-get-param playoutDoublingAdvantage
2024-06-06 20:44:30-0400: = 0
2024-06-06 20:44:30-0400: Controller: kata-get-param analysisWideRootNoise
2024-06-06 20:44:30-0400: = 0.04
2024-06-06 20:44:30-0400: Controller: kata-get-rules
2024-06-06 20:44:30-0400: = {"friendlyPassOk":false,"hasButton":false,"ko":"POSITIONAL","scoring":"AREA","suicide":true,"tax":"NONE","whiteHandicapBonus":"0"}
2024-06-06 20:44:31-0400: Controller: kata-set-param analysisWideRootNoise 0
2024-06-06 20:44:31-0400: = 
2024-06-06 20:44:31-0400: Controller: clear_cache
2024-06-06 20:44:31-0400: = 
2024-06-06 20:44:32-0400: Controller: play B Q16
2024-06-06 20:44:32-0400: = 
2024-06-06 20:44:32-0400: Controller: kata-analyze 10
2024-06-06 20:44:32-0400: = 
2024-06-06 20:44:33-0400: Controller: play W D4
2024-06-06 20:44:33-0400: = 
2024-06-06 20:44:33-0400: Controller: kata-analyze 10
2024-06-06 20:44:33-0400: = 
2024-06-06 20:44:34-0400: Controller: play B Q4
2024-06-06 20:44:34-0400: = 
2024-06-06 20:44:34-0400: Controller: kata-analyze 10
2024-06-06 20:44:34-0400: = 
2024-06-06 20:44:35-0400: Controller: play W D16
2024-06-06 20:44:35-0400: = 
2024-06-06 20:44:35-0400: Controller: kata-analyze 10
2024-06-06 20:44:35-0400: = 
2024-06-06 20:44:36-0400: Controller: play B C17
2024-06-06 20:44:36-0400: = 
2024-06-06 20:44:36-0400: Controller: kata-analyze 10
2024-06-06 20:44:36-0400: = 
2024-06-06 20:44:37-0400: Controller: play W D17
2024-06-06 20:44:37-0400: = 
2024-06-06 20:44:37-0400: Controller: kata-analyze 10
2024-06-06 20:44:37-0400: = 
2024-06-06 20:44:38-0400: Controller: play B C16
2024-06-06 20:44:38-0400: = 
2024-06-06 20:44:38-0400: Controller: kata-analyze 10
2024-06-06 20:44:38-0400: = 
2024-06-06 20:44:39-0400: Controller: play W D15
2024-06-06 20:44:39-0400: = 
2024-06-06 20:44:39-0400: Controller: kata-analyze 10
2024-06-06 20:44:39-0400: = 
2024-06-06 20:44:40-0400: Controller: play B B14
2024-06-06 20:44:40-0400: = 
2024-06-06 20:44:40-0400: Controller: kata-analyze 10
2024-06-06 20:44:40-0400: = 
2024-06-06 20:44:41-0400: Controller: play W R3
2024-06-06 20:44:41-0400: = 
2024-06-06 20:44:41-0400: Controller: kata-analyze 10
2024-06-06 20:44:41-0400: = 
2024-06-06 20:44:42-0400: Controller: play B R4
2024-06-06 20:44:42-0400: = 
2024-06-06 20:44:42-0400: Controller: kata-analyze 10
2024-06-06 20:44:43-0400: = 
2024-06-06 20:44:44-0400: Controller: play W Q3
2024-06-06 20:44:44-0400: = 
2024-06-06 20:44:44-0400: Controller: kata-analyze 10
2024-06-06 20:44:44-0400: = 
2024-06-06 20:44:45-0400: Controller: play B O3
2024-06-06 20:44:45-0400: = 
2024-06-06 20:44:45-0400: Controller: kata-analyze 10
2024-06-06 20:44:45-0400: = 
2024-06-06 20:44:46-0400: Controller: stop
2024-06-06 20:44:46-0400: = 
2024-06-06 20:44:46-0400: Controller: kata-analyze W 10
2024-06-06 20:44:46-0400: = 
2024-06-06 20:44:47-0400: Controller: play W P3
2024-06-06 20:44:47-0400: = 
2024-06-06 20:44:47-0400: Controller: kata-analyze 10
2024-06-06 20:44:47-0400: = 
2024-06-06 20:44:48-0400: Controller: play B P4
2024-06-06 20:44:48-0400: = 
2024-06-06 20:44:48-0400: Controller: kata-analyze 10
2024-06-06 20:44:48-0400: = 
2024-06-06 20:44:49-0400: Controller: play W O2
2024-06-06 20:44:49-0400: = 
2024-06-06 20:44:49-0400: Controller: kata-analyze 10
2024-06-06 20:44:49-0400: = 
2024-06-06 20:44:50-0400: Controller: play B C3
2024-06-06 20:44:50-0400: = 
2024-06-06 20:44:50-0400: Controller: kata-analyze 10
2024-06-06 20:44:50-0400: = 
2024-06-06 20:44:51-0400: Controller: play W D3
2024-06-06 20:44:51-0400: = 
2024-06-06 20:44:51-0400: Controller: kata-analyze 10
2024-06-06 20:44:51-0400: = 
2024-06-06 20:44:52-0400: Controller: play B C4
2024-06-06 20:44:52-0400: = 
2024-06-06 20:44:52-0400: Controller: kata-analyze 10
2024-06-06 20:44:52-0400: = 
2024-06-06 20:44:53-0400: Controller: play W N3
2024-06-06 20:44:53-0400: = 
2024-06-06 20:44:53-0400: Controller: kata-analyze 10
2024-06-06 20:44:53-0400: = 
2024-06-06 20:44:54-0400: Controller: play B O4
2024-06-06 20:44:54-0400: = 
2024-06-06 20:44:54-0400: Controller: kata-analyze 10
2024-06-06 20:44:54-0400: = 
2024-06-06 20:44:55-0400: Controller: play W D5
2024-06-06 20:44:55-0400: = 
2024-06-06 20:44:55-0400: Controller: kata-analyze 10
2024-06-06 20:44:55-0400: = 
2024-06-06 20:44:56-0400: Controller: play B C5
2024-06-06 20:44:56-0400: = 
2024-06-06 20:44:56-0400: Controller: kata-analyze 10
2024-06-06 20:44:56-0400: = 
2024-06-06 20:44:57-0400: Controller: play W D6
2024-06-06 20:44:57-0400: = 
2024-06-06 20:44:57-0400: Controller: kata-analyze 10
2024-06-06 20:44:57-0400: = 
2024-06-06 20:44:58-0400: Controller: play B C6
2024-06-06 20:44:58-0400: = 
2024-06-06 20:44:58-0400: Controller: kata-analyze 10
2024-06-06 20:44:58-0400: = 
2024-06-06 20:44:59-0400: Controller: play W N4
2024-06-06 20:44:59-0400: = 
2024-06-06 20:44:59-0400: Controller: kata-analyze 10
2024-06-06 20:44:59-0400: = 
2024-06-06 20:45:01-0400: Controller: play B S3
2024-06-06 20:45:01-0400: = 
2024-06-06 20:45:01-0400: Controller: kata-analyze 10
2024-06-06 20:45:01-0400: = 
2024-06-06 20:45:02-0400: Controller: play W M2
2024-06-06 20:45:02-0400: = 
2024-06-06 20:45:02-0400: Controller: kata-analyze 10
2024-06-06 20:45:02-0400: = 
2024-06-06 20:45:03-0400: Controller: play B R14
2024-06-06 20:45:03-0400: = 
2024-06-06 20:45:03-0400: Controller: kata-analyze 10
2024-06-06 20:45:03-0400: = 
2024-06-06 20:45:04-0400: Controller: play W D8
2024-06-06 20:45:04-0400: = 
2024-06-06 20:45:04-0400: Controller: kata-analyze 10
2024-06-06 20:45:04-0400: = 
2024-06-06 20:45:05-0400: Controller: play B Q8
2024-06-06 20:45:05-0400: = 
2024-06-06 20:45:05-0400: Controller: kata-analyze 10
2024-06-06 20:45:05-0400: = 
2024-06-06 20:45:06-0400: Controller: play W L17
2024-06-06 20:45:06-0400: = 
2024-06-06 20:45:06-0400: Controller: kata-analyze 10
2024-06-06 20:45:06-0400: = 
2024-06-06 20:45:07-0400: Controller: play B C7
2024-06-06 20:45:07-0400: = 
2024-06-06 20:45:07-0400: Controller: kata-analyze 10
2024-06-06 20:45:07-0400: = 
2024-06-06 20:45:08-0400: Controller: play W N6
2024-06-06 20:45:08-0400: = 
2024-06-06 20:45:08-0400: Controller: kata-analyze 10
2024-06-06 20:45:08-0400: = 
2024-06-06 20:45:09-0400: Controller: play B H8
2024-06-06 20:45:09-0400: = 
2024-06-06 20:45:09-0400: Controller: kata-analyze 10
2024-06-06 20:45:09-0400: = 
2024-06-06 20:45:10-0400: Controller: play W D7
2024-06-06 20:45:10-0400: = 
2024-06-06 20:45:10-0400: Controller: kata-analyze 10
2024-06-06 20:45:10-0400: = 
2024-06-06 20:45:11-0400: Controller: play B R2
2024-06-06 20:45:11-0400: = 
2024-06-06 20:45:11-0400: Controller: kata-analyze 10
2024-06-06 20:45:11-0400: = 
2024-06-06 20:45:12-0400: Controller: play W Q2
2024-06-06 20:45:12-0400: = 
2024-06-06 20:45:12-0400: Controller: kata-analyze 10
2024-06-06 20:45:12-0400: = 
2024-06-06 20:45:13-0400: Controller: play B Q1
2024-06-06 20:45:13-0400: = 
2024-06-06 20:45:13-0400: Controller: kata-analyze 10
2024-06-06 20:45:13-0400: = 
2024-06-06 20:45:14-0400: Controller: play W P2
2024-06-06 20:45:14-0400: = 
2024-06-06 20:45:14-0400: Controller: kata-analyze 10
2024-06-06 20:45:14-0400: = 
2024-06-06 20:45:15-0400: Controller: play B O17
2024-06-06 20:45:15-0400: = 
2024-06-06 20:45:15-0400: Controller: kata-analyze 10
2024-06-06 20:45:15-0400: = 
2024-06-06 20:45:16-0400: Controller: play W R10
2024-06-06 20:45:16-0400: = 
2024-06-06 20:45:16-0400: Controller: kata-analyze 10
2024-06-06 20:45:16-0400: = 
2024-06-06 20:45:17-0400: Controller: play B R9
2024-06-06 20:45:17-0400: = 
2024-06-06 20:45:17-0400: Controller: kata-analyze 10
2024-06-06 20:45:17-0400: = 
2024-06-06 20:45:19-0400: Controller: play W Q10
2024-06-06 20:45:19-0400: = 
2024-06-06 20:45:19-0400: Controller: kata-analyze 10
2024-06-06 20:45:19-0400: = 
2024-06-06 20:45:20-0400: Controller: play B O8
2024-06-06 20:45:20-0400: = 
2024-06-06 20:45:20-0400: Controller: kata-analyze 10
2024-06-06 20:45:20-0400: = 
2024-06-06 20:45:21-0400: Controller: play W Q13
2024-06-06 20:45:21-0400: = 
2024-06-06 20:45:21-0400: Controller: kata-analyze 10
2024-06-06 20:45:21-0400: = 
2024-06-06 20:45:22-0400: Controller: play B K7
2024-06-06 20:45:22-0400: = 
2024-06-06 20:45:22-0400: Controller: kata-analyze 10
2024-06-06 20:45:22-0400: = 
2024-06-06 20:45:23-0400: Controller: play W Q14
2024-06-06 20:45:23-0400: = 
2024-06-06 20:45:23-0400: Controller: kata-analyze 10
2024-06-06 20:45:23-0400: = 
2024-06-06 20:45:24-0400: Controller: play B R15
2024-06-06 20:45:24-0400: = 
2024-06-06 20:45:24-0400: Controller: kata-analyze 10
2024-06-06 20:45:24-0400: = 
2024-06-06 20:45:25-0400: Controller: play W H6
2024-06-06 20:45:25-0400: = 
2024-06-06 20:45:25-0400: Controller: kata-analyze 10
2024-06-06 20:45:25-0400: = 
2024-06-06 20:45:26-0400: Controller: play B M7
2024-06-06 20:45:26-0400: = 
2024-06-06 20:45:26-0400: Controller: kata-analyze 10
2024-06-06 20:45:26-0400: = 
2024-06-06 20:45:27-0400: Controller: play W M9
2024-06-06 20:45:27-0400: = 
2024-06-06 20:45:27-0400: Controller: kata-analyze 10
2024-06-06 20:45:27-0400: = 
2024-06-06 20:45:28-0400: Controller: play B J6
2024-06-06 20:45:28-0400: = 
2024-06-06 20:45:28-0400: Controller: kata-analyze 10
2024-06-06 20:45:28-0400: = 
2024-06-06 20:45:29-0400: Controller: play W H7
2024-06-06 20:45:29-0400: = 
2024-06-06 20:45:29-0400: Controller: kata-analyze 10
2024-06-06 20:45:29-0400: = 
2024-06-06 20:45:30-0400: Controller: play B J7
2024-06-06 20:45:30-0400: = 
2024-06-06 20:45:30-0400: Controller: kata-analyze 10
2024-06-06 20:45:30-0400: = 
2024-06-06 20:45:31-0400: Controller: play W G8
2024-06-06 20:45:31-0400: = 
2024-06-06 20:45:31-0400: Controller: kata-analyze 10
2024-06-06 20:45:32-0400: = 
2024-06-06 20:45:33-0400: Controller: play B G9
2024-06-06 20:45:33-0400: = 
2024-06-06 20:45:33-0400: Controller: kata-analyze 10
2024-06-06 20:45:33-0400: = 
2024-06-06 20:45:34-0400: Controller: play W H9
2024-06-06 20:45:34-0400: = 
2024-06-06 20:45:34-0400: Controller: kata-analyze 10
2024-06-06 20:45:34-0400: = 
2024-06-06 20:45:35-0400: Controller: play B J8
2024-06-06 20:45:35-0400: = 
2024-06-06 20:45:35-0400: Controller: kata-analyze 10
2024-06-06 20:45:35-0400: = 
2024-06-06 20:45:36-0400: Controller: play W G10
2024-06-06 20:45:36-0400: = 
2024-06-06 20:45:36-0400: Controller: kata-analyze 10
2024-06-06 20:45:36-0400: = 
2024-06-06 20:45:37-0400: Controller: play B F9
2024-06-06 20:45:37-0400: = 
2024-06-06 20:45:37-0400: Controller: kata-analyze 10
2024-06-06 20:45:37-0400: = 
2024-06-06 20:45:38-0400: Controller: play W H10
2024-06-06 20:45:38-0400: = 
2024-06-06 20:45:38-0400: Controller: kata-analyze 10
2024-06-06 20:45:38-0400: = 
2024-06-06 20:45:39-0400: Controller: play B K10
2024-06-06 20:45:39-0400: = 
2024-06-06 20:45:39-0400: Controller: kata-analyze 10
2024-06-06 20:45:39-0400: = 
2024-06-06 20:45:40-0400: Controller: play W L11
2024-06-06 20:45:40-0400: = 
2024-06-06 20:45:40-0400: Controller: kata-analyze 10
2024-06-06 20:45:40-0400: = 
2024-06-06 20:45:41-0400: Controller: play B S2
2024-06-06 20:45:41-0400: = 
2024-06-06 20:45:41-0400: Controller: kata-analyze 10
2024-06-06 20:45:41-0400: = 
2024-06-06 20:45:42-0400: Controller: play W J4
2024-06-06 20:45:42-0400: = 
2024-06-06 20:45:42-0400: Controller: kata-analyze 10
2024-06-06 20:45:42-0400: = 
2024-06-06 20:45:43-0400: Controller: play B H5
2024-06-06 20:45:43-0400: = 
2024-06-06 20:45:43-0400: Controller: kata-analyze 10
2024-06-06 20:45:43-0400: = 
2024-06-06 20:45:44-0400: Controller: play W F7
2024-06-06 20:45:44-0400: = 
2024-06-06 20:45:44-0400: Controller: kata-analyze 10
2024-06-06 20:45:44-0400: = 
2024-06-06 20:45:45-0400: Controller: play B G6
2024-06-06 20:45:45-0400: = 
2024-06-06 20:45:45-0400: Controller: kata-analyze 10
2024-06-06 20:45:45-0400: = 
2024-06-06 20:45:46-0400: Controller: play W G7
2024-06-06 20:45:46-0400: = 
2024-06-06 20:45:46-0400: Controller: kata-analyze 10
2024-06-06 20:45:46-0400: = 
2024-06-06 20:45:47-0400: Controller: play B J5
2024-06-06 20:45:47-0400: = 
2024-06-06 20:45:47-0400: Controller: kata-analyze 10
2024-06-06 20:45:47-0400: = 
2024-06-06 20:45:48-0400: Controller: play W K11
2024-06-06 20:45:48-0400: = 
2024-06-06 20:45:48-0400: Controller: kata-analyze 10
2024-06-06 20:45:48-0400: = 
2024-06-06 20:45:49-0400: Controller: play B K4
2024-06-06 20:45:49-0400: = 
2024-06-06 20:45:49-0400: Controller: kata-analyze 10
2024-06-06 20:45:49-0400: = 
2024-06-06 20:45:51-0400: Controller: play W J3
2024-06-06 20:45:51-0400: = 
2024-06-06 20:45:51-0400: Controller: kata-analyze 10
2024-06-06 20:45:51-0400: = 
2024-06-06 20:45:52-0400: Controller: play B K3
2024-06-06 20:45:52-0400: = 
2024-06-06 20:45:52-0400: Controller: kata-analyze 10
2024-06-06 20:45:52-0400: = 
2024-06-06 20:45:53-0400: Controller: play W K2
2024-06-06 20:45:53-0400: = 
2024-06-06 20:45:53-0400: Controller: kata-analyze 10
2024-06-06 20:45:53-0400: = 
2024-06-06 20:45:54-0400: Controller: play B L2
2024-06-06 20:45:54-0400: = 
2024-06-06 20:45:54-0400: Controller: kata-analyze 10
2024-06-06 20:45:54-0400: = 
2024-06-06 20:45:55-0400: Controller: play W L3
2024-06-06 20:45:55-0400: = 
2024-06-06 20:45:55-0400: Controller: kata-analyze 10
2024-06-06 20:45:55-0400: = 
2024-06-06 20:45:56-0400: Controller: play B J2
2024-06-06 20:45:56-0400: = 
2024-06-06 20:45:56-0400: Controller: kata-analyze 10
2024-06-06 20:45:56-0400: = 
2024-06-06 20:45:57-0400: Controller: play W L1
2024-06-06 20:45:57-0400: = 
2024-06-06 20:45:57-0400: Controller: kata-analyze 10
2024-06-06 20:45:57-0400: = 
2024-06-06 20:45:58-0400: Controller: play B H3
2024-06-06 20:45:58-0400: = 
2024-06-06 20:45:58-0400: Controller: kata-analyze 10
2024-06-06 20:45:58-0400: = 
2024-06-06 20:45:59-0400: Controller: play W C13
2024-06-06 20:45:59-0400: = 
2024-06-06 20:45:59-0400: Controller: kata-analyze 10
2024-06-06 20:45:59-0400: = 
2024-06-06 20:46:00-0400: Controller: play B D18
2024-06-06 20:46:00-0400: = 
2024-06-06 20:46:00-0400: Controller: kata-analyze 10
2024-06-06 20:46:00-0400: = 
2024-06-06 20:46:01-0400: Controller: play W E18
2024-06-06 20:46:01-0400: = 
2024-06-06 20:46:01-0400: Controller: kata-analyze 10
2024-06-06 20:46:01-0400: = 
2024-06-06 20:46:03-0400: Controller: play B F6
2024-06-06 20:46:03-0400: = 
2024-06-06 20:46:03-0400: Controller: kata-analyze 10
2024-06-06 20:46:03-0400: = 
2024-06-06 20:46:04-0400: Controller: play W F8
2024-06-06 20:46:04-0400: = 
2024-06-06 20:46:04-0400: Controller: kata-analyze 10
2024-06-06 20:46:04-0400: = 
2024-06-06 20:46:05-0400: Controller: play B C18
2024-06-06 20:46:05-0400: = 
2024-06-06 20:46:05-0400: Controller: kata-analyze 10
2024-06-06 20:46:05-0400: = 
2024-06-06 20:46:06-0400: Controller: play W F17
2024-06-06 20:46:06-0400: = 
2024-06-06 20:46:06-0400: Controller: kata-analyze 10
2024-06-06 20:46:06-0400: = 
2024-06-06 20:46:07-0400: Controller: play B C14
2024-06-06 20:46:07-0400: = 
2024-06-06 20:46:07-0400: Controller: kata-analyze 10
2024-06-06 20:46:07-0400: = 
2024-06-06 20:46:08-0400: Controller: play W D14
2024-06-06 20:46:08-0400: = 
2024-06-06 20:46:08-0400: Controller: kata-analyze 10
2024-06-06 20:46:08-0400: = 
2024-06-06 20:46:09-0400: Controller: play B N14
2024-06-06 20:46:09-0400: = 
2024-06-06 20:46:09-0400: Controller: kata-analyze 10
2024-06-06 20:46:09-0400: = 
2024-06-06 20:46:10-0400: Controller: play W L15
2024-06-06 20:46:10-0400: = 
2024-06-06 20:46:10-0400: Controller: kata-analyze 10
2024-06-06 20:46:10-0400: = 
2024-06-06 20:46:11-0400: Controller: play B M16
2024-06-06 20:46:11-0400: = 
2024-06-06 20:46:11-0400: Controller: kata-analyze 10
2024-06-06 20:46:11-0400: = 
2024-06-06 20:46:12-0400: Controller: play W L16
2024-06-06 20:46:12-0400: = 
2024-06-06 20:46:12-0400: Controller: kata-analyze 10
2024-06-06 20:46:12-0400: = 
2024-06-06 20:46:13-0400: Controller: play B C12
2024-06-06 20:46:13-0400: = 
2024-06-06 20:46:13-0400: Controller: kata-analyze 10
2024-06-06 20:46:13-0400: = 
2024-06-06 20:46:14-0400: Controller: play W D13
2024-06-06 20:46:14-0400: = 
2024-06-06 20:46:14-0400: Controller: kata-analyze 10
2024-06-06 20:46:14-0400: = 
2024-06-06 20:46:16-0400: Controller: play B B13
2024-06-06 20:46:16-0400: = 
2024-06-06 20:46:16-0400: Controller: kata-analyze 10
2024-06-06 20:46:16-0400: = 
2024-06-06 20:46:16-0400: Controller: play W O16
2024-06-06 20:46:16-0400: = 
2024-06-06 20:46:16-0400: Controller: kata-analyze 10
2024-06-06 20:46:16-0400: = 
2024-06-06 20:46:18-0400: Controller: play B N17
2024-06-06 20:46:18-0400: = 
2024-06-06 20:46:18-0400: Controller: kata-analyze 10
2024-06-06 20:46:18-0400: = 
2024-06-06 20:46:19-0400: Controller: play W D11
2024-06-06 20:46:19-0400: = 
2024-06-06 20:46:19-0400: Controller: kata-analyze 10
2024-06-06 20:46:19-0400: = 
2024-06-06 20:46:20-0400: Controller: play B M13
2024-06-06 20:46:20-0400: = 
2024-06-06 20:46:20-0400: Controller: kata-analyze 10
2024-06-06 20:46:20-0400: = 
2024-06-06 20:46:21-0400: Controller: play W P16
2024-06-06 20:46:21-0400: = 
2024-06-06 20:46:21-0400: Controller: kata-analyze 10
2024-06-06 20:46:21-0400: = 
2024-06-06 20:46:22-0400: Controller: play B P17
2024-06-06 20:46:22-0400: = 
2024-06-06 20:46:22-0400: Controller: kata-analyze 10
2024-06-06 20:46:22-0400: = 
2024-06-06 20:46:23-0400: Controller: play W Q15
2024-06-06 20:46:23-0400: = 
2024-06-06 20:46:23-0400: Controller: kata-analyze 10
2024-06-06 20:46:23-0400: = 
2024-06-06 20:46:24-0400: Controller: play B R16
2024-06-06 20:46:24-0400: = 
2024-06-06 20:46:24-0400: Controller: kata-analyze 10
2024-06-06 20:46:24-0400: = 
2024-06-06 20:46:25-0400: Controller: play W M15
2024-06-06 20:46:25-0400: = 
2024-06-06 20:46:25-0400: Controller: kata-analyze 10
2024-06-06 20:46:25-0400: = 
2024-06-06 20:46:26-0400: Controller: play B M11
2024-06-06 20:46:26-0400: = 
2024-06-06 20:46:26-0400: Controller: kata-analyze 10
2024-06-06 20:46:26-0400: = 
2024-06-06 20:46:27-0400: Controller: play W O10
2024-06-06 20:46:27-0400: = 
2024-06-06 20:46:27-0400: Controller: kata-analyze 10
2024-06-06 20:46:27-0400: = 
2024-06-06 20:46:28-0400: Controller: play B P11
2024-06-06 20:46:28-0400: = 
2024-06-06 20:46:28-0400: Controller: kata-analyze 10
2024-06-06 20:46:28-0400: = 
2024-06-06 20:46:29-0400: Controller: play W P10
2024-06-06 20:46:29-0400: = 
2024-06-06 20:46:29-0400: Controller: kata-analyze 10
2024-06-06 20:46:29-0400: = 
2024-06-06 20:46:30-0400: Controller: play B L10
2024-06-06 20:46:30-0400: = 
2024-06-06 20:46:30-0400: Controller: kata-analyze 10
2024-06-06 20:46:30-0400: = 
2024-06-06 20:46:31-0400: Controller: play W M10
2024-06-06 20:46:31-0400: = 
2024-06-06 20:46:31-0400: Controller: kata-analyze 10
2024-06-06 20:46:31-0400: = 
2024-06-06 20:46:32-0400: Controller: play B N15
2024-06-06 20:46:32-0400: = 
2024-06-06 20:46:32-0400: Controller: kata-analyze 10
2024-06-06 20:46:32-0400: = 
2024-06-06 20:46:33-0400: Controller: play W N16
2024-06-06 20:46:33-0400: = 
2024-06-06 20:46:33-0400: Controller: kata-analyze 10
2024-06-06 20:46:33-0400: = 
2024-06-06 20:46:34-0400: Controller: play B N11
2024-06-06 20:46:34-0400: = 
2024-06-06 20:46:34-0400: Controller: kata-analyze 10
2024-06-06 20:46:34-0400: = 
2024-06-06 20:46:35-0400: Controller: play W N10
2024-06-06 20:46:35-0400: = 
2024-06-06 20:46:35-0400: Controller: kata-analyze 10
2024-06-06 20:46:36-0400: = 
2024-06-06 20:46:36-0400: Controller: play B J11
2024-06-06 20:46:36-0400: = 
2024-06-06 20:46:36-0400: Controller: kata-analyze 10
2024-06-06 20:46:36-0400: = 
2024-06-06 20:46:38-0400: Controller: play W K13
2024-06-06 20:46:38-0400: = 
2024-06-06 20:46:38-0400: Controller: kata-analyze 10
2024-06-06 20:46:38-0400: = 
2024-06-06 20:46:39-0400: Controller: play B P15
2024-06-06 20:46:39-0400: = 
2024-06-06 20:46:39-0400: Controller: kata-analyze 10
2024-06-06 20:46:39-0400: = 
2024-06-06 20:46:40-0400: Controller: play W M17
2024-06-06 20:46:40-0400: = 
2024-06-06 20:46:40-0400: Controller: kata-analyze 10
2024-06-06 20:46:40-0400: = 
2024-06-06 20:46:41-0400: Controller: play B O15
2024-06-06 20:46:41-0400: = 
2024-06-06 20:46:41-0400: Controller: kata-analyze 10
2024-06-06 20:46:41-0400: = 
2024-06-06 20:46:42-0400: Controller: play W L13
2024-06-06 20:46:42-0400: = 
2024-06-06 20:46:42-0400: Controller: kata-analyze 10
2024-06-06 20:46:42-0400: = 
2024-06-06 20:46:43-0400: Controller: play B Q12
2024-06-06 20:46:43-0400: = 
2024-06-06 20:46:43-0400: Controller: kata-analyze 10
2024-06-06 20:46:43-0400: = 
2024-06-06 20:46:44-0400: Controller: play W R12
2024-06-06 20:46:44-0400: = 
2024-06-06 20:46:44-0400: Controller: kata-analyze 10
2024-06-06 20:46:44-0400: = 
2024-06-06 20:46:45-0400: Controller: play B R13
2024-06-06 20:46:45-0400: = 
2024-06-06 20:46:45-0400: Controller: kata-analyze 10
2024-06-06 20:46:45-0400: = 
2024-06-06 20:46:46-0400: Controller: play W K9
2024-06-06 20:46:46-0400: = 
2024-06-06 20:46:46-0400: Controller: kata-analyze 10
2024-06-06 20:46:46-0400: = 
2024-06-06 20:46:47-0400: Controller: play B S12
2024-06-06 20:46:47-0400: = 
2024-06-06 20:46:47-0400: Controller: kata-analyze 10
2024-06-06 20:46:47-0400: = 
2024-06-06 20:46:48-0400: Controller: play W B9
2024-06-06 20:46:48-0400: = 
2024-06-06 20:46:48-0400: Controller: kata-analyze 10
2024-06-06 20:46:48-0400: = 
2024-06-06 20:46:49-0400: Controller: play B C11
2024-06-06 20:46:49-0400: = 
2024-06-06 20:46:49-0400: Controller: kata-analyze 10
2024-06-06 20:46:49-0400: = 
2024-06-06 20:46:50-0400: Controller: play W C10
2024-06-06 20:46:50-0400: = 
2024-06-06 20:46:50-0400: Controller: kata-analyze 10
2024-06-06 20:46:51-0400: = 
2024-06-06 20:46:52-0400: Controller: play B S10
2024-06-06 20:46:52-0400: = 
2024-06-06 20:46:52-0400: Controller: kata-analyze 10
2024-06-06 20:46:52-0400: = 
2024-06-06 20:46:53-0400: Controller: play W R11
2024-06-06 20:46:53-0400: = 
2024-06-06 20:46:53-0400: Controller: kata-analyze 10
2024-06-06 20:46:53-0400: = 
2024-06-06 20:46:54-0400: Controller: play B O11
2024-06-06 20:46:54-0400: = 
2024-06-06 20:46:54-0400: Controller: kata-analyze 10
2024-06-06 20:46:54-0400: = 
2024-06-06 20:46:55-0400: Controller: play W S11
2024-06-06 20:46:55-0400: = 
2024-06-06 20:46:55-0400: Controller: kata-analyze 10
2024-06-06 20:46:55-0400: = 
2024-06-06 20:46:56-0400: Controller: stop
2024-06-06 20:46:56-0400: = 
2024-06-06 20:49:24-0400: Controller: boardsize 19
2024-06-06 20:49:24-0400: = 
2024-06-06 20:49:24-0400: Controller: komi 6.5
2024-06-06 20:49:24-0400: = 
2024-06-06 20:49:24-0400: Controller: stop
2024-06-06 20:49:24-0400: = 
2024-06-06 20:49:24-0400: Controller: clear_board
2024-06-06 20:49:24-0400: = 
2024-06-06 20:49:28-0400: Controller: kata-set-param analysisWideRootNoise 0
2024-06-06 20:49:28-0400: = 
2024-06-06 20:49:28-0400: Controller: clear_cache
2024-06-06 20:49:28-0400: = 
2024-06-06 20:49:28-0400: Controller: kata-analyze B 10
2024-06-06 20:49:28-0400: = 
2024-06-06 20:49:29-0400: Controller: play B Q16
2024-06-06 20:49:29-0400: = 
2024-06-06 20:49:29-0400: Controller: kata-analyze 10
2024-06-06 20:49:29-0400: = 
2024-06-06 20:49:30-0400: Controller: play W D16
2024-06-06 20:49:30-0400: = 
2024-06-06 20:49:30-0400: Controller: kata-analyze 10
2024-06-06 20:49:30-0400: = 
2024-06-06 20:49:31-0400: Controller: play B D4
2024-06-06 20:49:31-0400: = 
2024-06-06 20:49:31-0400: Controller: kata-analyze 10
2024-06-06 20:49:31-0400: = 
2024-06-06 20:49:32-0400: Controller: play W Q4
2024-06-06 20:49:32-0400: = 
2024-06-06 20:49:32-0400: Controller: kata-analyze 10
2024-06-06 20:49:32-0400: = 
2024-06-06 20:49:33-0400: Controller: play B R3
2024-06-06 20:49:33-0400: = 
2024-06-06 20:49:33-0400: Controller: kata-analyze 10
2024-06-06 20:49:33-0400: = 
2024-06-06 20:49:34-0400: Controller: play W Q3
2024-06-06 20:49:34-0400: = 
2024-06-06 20:49:34-0400: Controller: kata-analyze 10
2024-06-06 20:49:34-0400: = 
2024-06-06 20:49:35-0400: Controller: play B R4
2024-06-06 20:49:35-0400: = 
2024-06-06 20:49:35-0400: Controller: kata-analyze 10
2024-06-06 20:49:35-0400: = 
2024-06-06 20:49:37-0400: Controller: play W R6
2024-06-06 20:49:37-0400: = 
2024-06-06 20:49:37-0400: Controller: kata-analyze 10
2024-06-06 20:49:37-0400: = 
2024-06-06 20:49:38-0400: Controller: play B R5
2024-06-06 20:49:38-0400: = 
2024-06-06 20:49:38-0400: Controller: kata-analyze 10
2024-06-06 20:49:38-0400: = 
2024-06-06 20:49:39-0400: Controller: play W Q5
2024-06-06 20:49:39-0400: = 
2024-06-06 20:49:39-0400: Controller: kata-analyze 10
2024-06-06 20:49:39-0400: = 
2024-06-06 20:49:40-0400: Controller: play B S6
2024-06-06 20:49:40-0400: = 
2024-06-06 20:49:40-0400: Controller: kata-analyze 10
2024-06-06 20:49:40-0400: = 
2024-06-06 20:49:41-0400: Controller: play W R17
2024-06-06 20:49:41-0400: = 
2024-06-06 20:49:41-0400: Controller: kata-analyze 10
2024-06-06 20:49:41-0400: = 
2024-06-06 20:49:42-0400: Controller: play B Q17
2024-06-06 20:49:42-0400: = 
2024-06-06 20:49:42-0400: Controller: kata-analyze 10
2024-06-06 20:49:42-0400: = 
2024-06-06 20:49:43-0400: Controller: play W R16
2024-06-06 20:49:43-0400: = 
2024-06-06 20:49:43-0400: Controller: kata-analyze 10
2024-06-06 20:49:43-0400: = 
2024-06-06 20:49:44-0400: Controller: play B R14
2024-06-06 20:49:44-0400: = 
2024-06-06 20:49:44-0400: Controller: kata-analyze 10
2024-06-06 20:49:44-0400: = 
2024-06-06 20:49:45-0400: Controller: play W R15
2024-06-06 20:49:45-0400: = 
2024-06-06 20:49:45-0400: Controller: kata-analyze 10
2024-06-06 20:49:45-0400: = 
2024-06-06 20:49:46-0400: Controller: play B Q15
2024-06-06 20:49:46-0400: = 
2024-06-06 20:49:46-0400: Controller: kata-analyze 10
2024-06-06 20:49:46-0400: = 
2024-06-06 20:49:47-0400: Controller: play W S14
2024-06-06 20:49:47-0400: = 
2024-06-06 20:49:47-0400: Controller: kata-analyze 10
2024-06-06 20:49:47-0400: = 
2024-06-06 20:49:48-0400: Controller: play B F17
2024-06-06 20:49:48-0400: = 
2024-06-06 20:49:48-0400: Controller: kata-analyze 10
2024-06-06 20:49:48-0400: = 
2024-06-06 20:49:50-0400: Controller: play W D14
2024-06-06 20:49:50-0400: = 
2024-06-06 20:49:50-0400: Controller: kata-analyze 10
2024-06-06 20:49:50-0400: = 
2024-06-06 20:49:51-0400: Controller: play B M4
2024-06-06 20:49:51-0400: = 
2024-06-06 20:49:51-0400: Controller: kata-analyze 10
2024-06-06 20:49:51-0400: = 
2024-06-06 20:49:52-0400: Controller: play W N6
2024-06-06 20:49:52-0400: = 
2024-06-06 20:49:52-0400: Controller: kata-analyze 10
2024-06-06 20:49:52-0400: = 
2024-06-06 20:49:53-0400: Controller: play B R7
2024-06-06 20:49:53-0400: = 
2024-06-06 20:49:53-0400: Controller: kata-analyze 10
2024-06-06 20:49:53-0400: = 
2024-06-06 20:49:54-0400: Controller: play W Q6
2024-06-06 20:49:54-0400: = 
2024-06-06 20:49:54-0400: Controller: kata-analyze 10
2024-06-06 20:49:54-0400: = 
2024-06-06 20:49:56-0400: Controller: play B R2
2024-06-06 20:49:56-0400: = 
2024-06-06 20:49:56-0400: Controller: kata-analyze 10
2024-06-06 20:49:56-0400: = 
2024-06-06 20:49:57-0400: Controller: play W D3
2024-06-06 20:49:57-0400: = 
2024-06-06 20:49:57-0400: Controller: kata-analyze 10
2024-06-06 20:49:57-0400: = 
2024-06-06 20:49:58-0400: Controller: play B C3
2024-06-06 20:49:58-0400: = 
2024-06-06 20:49:58-0400: Controller: kata-analyze 10
2024-06-06 20:49:58-0400: = 
2024-06-06 20:49:59-0400: Controller: play W E3
2024-06-06 20:49:59-0400: = 
2024-06-06 20:49:59-0400: Controller: kata-analyze 10
2024-06-06 20:49:59-0400: = 
2024-06-06 20:50:00-0400: Controller: play B C2
2024-06-06 20:50:00-0400: = 
2024-06-06 20:50:00-0400: Controller: kata-analyze 10
2024-06-06 20:50:00-0400: = 
2024-06-06 20:50:01-0400: Controller: play W J3
2024-06-06 20:50:01-0400: = 
2024-06-06 20:50:01-0400: Controller: kata-analyze 10
2024-06-06 20:50:01-0400: = 
2024-06-06 20:50:02-0400: Controller: play B K4
2024-06-06 20:50:02-0400: = 
2024-06-06 20:50:02-0400: Controller: kata-analyze 10
2024-06-06 20:50:02-0400: = 
2024-06-06 20:50:03-0400: Controller: play W L2
2024-06-06 20:50:03-0400: = 
2024-06-06 20:50:03-0400: Controller: kata-analyze 10
2024-06-06 20:50:03-0400: = 
2024-06-06 20:50:04-0400: Controller: play B E4
2024-06-06 20:50:04-0400: = 
2024-06-06 20:50:04-0400: Controller: kata-analyze 10
2024-06-06 20:50:04-0400: = 
2024-06-06 20:50:05-0400: Controller: play W F4
2024-06-06 20:50:05-0400: = 
2024-06-06 20:50:05-0400: Controller: kata-analyze 10
2024-06-06 20:50:05-0400: = 
2024-06-06 20:50:06-0400: Controller: play B F3
2024-06-06 20:50:06-0400: = 
2024-06-06 20:50:06-0400: Controller: kata-analyze 10
2024-06-06 20:50:06-0400: = 
2024-06-06 20:50:07-0400: Controller: play W G3
2024-06-06 20:50:07-0400: = 
2024-06-06 20:50:07-0400: Controller: kata-analyze 10
2024-06-06 20:50:07-0400: = 
2024-06-06 20:50:08-0400: Controller: play B F2
2024-06-06 20:50:08-0400: = 
2024-06-06 20:50:08-0400: Controller: kata-analyze 10
2024-06-06 20:50:08-0400: = 
2024-06-06 20:50:10-0400: Controller: play W G2
2024-06-06 20:50:10-0400: = 
2024-06-06 20:50:10-0400: Controller: kata-analyze 10
2024-06-06 20:50:10-0400: = 
2024-06-06 20:50:11-0400: Controller: play B E2
2024-06-06 20:50:11-0400: = 
2024-06-06 20:50:11-0400: Controller: kata-analyze 10
2024-06-06 20:50:11-0400: = 
2024-06-06 20:50:12-0400: Controller: play W M16
2024-06-06 20:50:12-0400: = 
2024-06-06 20:50:12-0400: Controller: kata-analyze 10
2024-06-06 20:50:12-0400: = 
2024-06-06 20:50:13-0400: Controller: play B M2
2024-06-06 20:50:13-0400: = 
2024-06-06 20:50:13-0400: Controller: kata-analyze 10
2024-06-06 20:50:13-0400: = 
2024-06-06 20:50:14-0400: Controller: play W Q14
2024-06-06 20:50:14-0400: = 
2024-06-06 20:50:14-0400: Controller: kata-analyze 10
2024-06-06 20:50:14-0400: = 
2024-06-06 20:50:15-0400: Controller: play B R13
2024-06-06 20:50:15-0400: = 
2024-06-06 20:50:15-0400: Controller: kata-analyze 10
2024-06-06 20:50:15-0400: = 
2024-06-06 20:50:16-0400: Controller: play W P14
2024-06-06 20:50:16-0400: = 
2024-06-06 20:50:16-0400: Controller: kata-analyze 10
2024-06-06 20:50:16-0400: = 
2024-06-06 20:50:17-0400: Controller: play B K2
2024-06-06 20:50:17-0400: = 
2024-06-06 20:50:17-0400: Controller: kata-analyze 10
2024-06-06 20:50:17-0400: = 
2024-06-06 20:50:18-0400: Controller: play W S13
2024-06-06 20:50:18-0400: = 
2024-06-06 20:50:18-0400: Controller: kata-analyze 10
2024-06-06 20:50:18-0400: = 
2024-06-06 20:50:19-0400: Controller: play B R18
2024-06-06 20:50:19-0400: = 
2024-06-06 20:50:19-0400: Controller: kata-analyze 10
2024-06-06 20:50:19-0400: = 
2024-06-06 20:50:20-0400: Controller: play W S18
2024-06-06 20:50:20-0400: = 
2024-06-06 20:50:20-0400: Controller: kata-analyze 10
2024-06-06 20:50:20-0400: = 
2024-06-06 20:50:21-0400: Controller: play B P18
2024-06-06 20:50:21-0400: = 
2024-06-06 20:50:21-0400: Controller: kata-analyze 10
2024-06-06 20:50:21-0400: = 
2024-06-06 20:50:22-0400: Controller: play W O17
2024-06-06 20:50:22-0400: = 
2024-06-06 20:50:22-0400: Controller: kata-analyze 10
2024-06-06 20:50:22-0400: = 
2024-06-06 20:50:23-0400: Controller: play B O16
2024-06-06 20:50:23-0400: = 
2024-06-06 20:50:23-0400: Controller: kata-analyze 10
2024-06-06 20:50:23-0400: = 
2024-06-06 20:50:24-0400: Controller: play W N17
2024-06-06 20:50:24-0400: = 
2024-06-06 20:50:24-0400: Controller: kata-analyze 10
2024-06-06 20:50:24-0400: = 
2024-06-06 20:50:25-0400: Controller: play B O14
2024-06-06 20:50:25-0400: = 
2024-06-06 20:50:25-0400: Controller: kata-analyze 10
2024-06-06 20:50:25-0400: = 
2024-06-06 20:50:27-0400: Controller: play W P15
2024-06-06 20:50:27-0400: = 
2024-06-06 20:50:27-0400: Controller: kata-analyze 10
2024-06-06 20:50:27-0400: = 
2024-06-06 20:50:28-0400: Controller: play B P16
2024-06-06 20:50:28-0400: = 
2024-06-06 20:50:28-0400: Controller: kata-analyze 10
2024-06-06 20:50:28-0400: = 
2024-06-06 20:50:29-0400: Controller: play W M14
2024-06-06 20:50:29-0400: = 
2024-06-06 20:50:29-0400: Controller: kata-analyze 10
2024-06-06 20:50:29-0400: = 
2024-06-06 20:50:30-0400: Controller: play B O15
2024-06-06 20:50:30-0400: = 
2024-06-06 20:50:30-0400: Controller: kata-analyze 10
2024-06-06 20:50:30-0400: = 
2024-06-06 20:50:31-0400: Controller: play W R12
2024-06-06 20:50:31-0400: = 
2024-06-06 20:50:31-0400: Controller: kata-analyze 10
2024-06-06 20:50:31-0400: = 
2024-06-06 20:50:32-0400: Controller: play B L17
2024-06-06 20:50:32-0400: = 
2024-06-06 20:50:32-0400: Controller: kata-analyze 10
2024-06-06 20:50:32-0400: = 
2024-06-06 20:50:33-0400: Controller: play W M12
2024-06-06 20:50:33-0400: = 
2024-06-06 20:50:33-0400: Controller: kata-analyze 10
2024-06-06 20:50:33-0400: = 
2024-06-06 20:50:34-0400: Controller: play B S19
2024-06-06 20:50:34-0400: = 
2024-06-06 20:50:34-0400: Controller: kata-analyze 10
2024-06-06 20:50:34-0400: = 
2024-06-06 20:50:35-0400: Controller: play W T18
2024-06-06 20:50:35-0400: = 
2024-06-06 20:50:35-0400: Controller: kata-analyze 10
2024-06-06 20:50:35-0400: = 
2024-06-06 20:50:36-0400: Controller: play B M13
2024-06-06 20:50:36-0400: = 
2024-06-06 20:50:36-0400: Controller: kata-analyze 10
2024-06-06 20:50:36-0400: = 
2024-06-06 20:50:37-0400: Controller: play W L13
2024-06-06 20:50:37-0400: = 
2024-06-06 20:50:37-0400: Controller: kata-analyze 10
2024-06-06 20:50:37-0400: = 
2024-06-06 20:50:38-0400: Controller: play B N13
2024-06-06 20:50:38-0400: = 
2024-06-06 20:50:38-0400: Controller: kata-analyze 10
2024-06-06 20:50:38-0400: = 
2024-06-06 20:50:40-0400: Controller: play W K16
2024-06-06 20:50:40-0400: = 
2024-06-06 20:50:40-0400: Controller: kata-analyze 10
2024-06-06 20:50:40-0400: = 
2024-06-06 20:50:41-0400: Controller: play B K17
2024-06-06 20:50:41-0400: = 
2024-06-06 20:50:41-0400: Controller: kata-analyze 10
2024-06-06 20:50:41-0400: = 
2024-06-06 20:50:42-0400: Controller: play W H17
2024-06-06 20:50:42-0400: = 
2024-06-06 20:50:42-0400: Controller: kata-analyze 10
2024-06-06 20:50:42-0400: = 
2024-06-06 20:50:43-0400: Controller: play B J16
2024-06-06 20:50:43-0400: = 
2024-06-06 20:50:43-0400: Controller: kata-analyze 10
2024-06-06 20:50:43-0400: = 
2024-06-06 20:50:44-0400: Controller: play W H16
2024-06-06 20:50:44-0400: = 
2024-06-06 20:50:44-0400: Controller: kata-analyze 10
2024-06-06 20:50:44-0400: = 
2024-06-06 20:50:45-0400: Controller: play B K15
2024-06-06 20:50:45-0400: = 
2024-06-06 20:50:45-0400: Controller: kata-analyze 10
2024-06-06 20:50:45-0400: = 
2024-06-06 20:50:46-0400: Controller: play W L16
2024-06-06 20:50:46-0400: = 
2024-06-06 20:50:46-0400: Controller: kata-analyze 10
2024-06-06 20:50:46-0400: = 
2024-06-06 20:50:47-0400: Controller: play B J17
2024-06-06 20:50:47-0400: = 
2024-06-06 20:50:47-0400: Controller: kata-analyze 10
2024-06-06 20:50:47-0400: = 
2024-06-06 20:50:48-0400: Controller: play W J15
2024-06-06 20:50:48-0400: = 
2024-06-06 20:50:48-0400: Controller: kata-analyze 10
2024-06-06 20:50:48-0400: = 
2024-06-06 20:50:49-0400: Controller: play B H15
2024-06-06 20:50:49-0400: = 
2024-06-06 20:50:49-0400: Controller: kata-analyze 10
2024-06-06 20:50:49-0400: = 
2024-06-06 20:50:50-0400: Controller: play W J14
2024-06-06 20:50:50-0400: = 
2024-06-06 20:50:50-0400: Controller: kata-analyze 10
2024-06-06 20:50:50-0400: = 
2024-06-06 20:50:51-0400: Controller: play B H18
2024-06-06 20:50:51-0400: = 
2024-06-06 20:50:51-0400: Controller: kata-analyze 10
2024-06-06 20:50:51-0400: = 
2024-06-06 20:50:52-0400: Controller: play W G15
2024-06-06 20:50:52-0400: = 
2024-06-06 20:50:52-0400: Controller: kata-analyze 10
2024-06-06 20:50:53-0400: = 
2024-06-06 20:50:53-0400: Controller: play B M17
2024-06-06 20:50:53-0400: = 
2024-06-06 20:50:53-0400: Controller: kata-analyze 10
2024-06-06 20:50:53-0400: = 
2024-06-06 20:50:55-0400: Controller: play W N16
2024-06-06 20:50:55-0400: = 
2024-06-06 20:50:55-0400: Controller: kata-analyze 10
2024-06-06 20:50:55-0400: = 
2024-06-06 20:50:56-0400: Controller: play B N18
2024-06-06 20:50:56-0400: = 
2024-06-06 20:50:56-0400: Controller: kata-analyze 10
2024-06-06 20:50:56-0400: = 
2024-06-06 20:50:57-0400: Controller: play W G18
2024-06-06 20:50:57-0400: = 
2024-06-06 20:50:57-0400: Controller: kata-analyze 10
2024-06-06 20:50:57-0400: = 
2024-06-06 20:50:58-0400: Controller: play B G17
2024-06-06 20:50:58-0400: = 
2024-06-06 20:50:58-0400: Controller: kata-analyze 10
2024-06-06 20:50:58-0400: = 
2024-06-06 20:50:59-0400: Controller: play W H14
2024-06-06 20:50:59-0400: = 
2024-06-06 20:50:59-0400: Controller: kata-analyze 10
2024-06-06 20:50:59-0400: = 
2024-06-06 20:51:00-0400: Controller: play B J18
2024-06-06 20:51:00-0400: = 
2024-06-06 20:51:00-0400: Controller: kata-analyze 10
2024-06-06 20:51:00-0400: = 
2024-06-06 20:51:01-0400: Controller: play W C9
2024-06-06 20:51:01-0400: = 
2024-06-06 20:51:01-0400: Controller: kata-analyze 10
2024-06-06 20:51:01-0400: = 
2024-06-06 20:51:02-0400: Controller: play B L12
2024-06-06 20:51:02-0400: = 
2024-06-06 20:51:02-0400: Controller: kata-analyze 10
2024-06-06 20:51:02-0400: = 
2024-06-06 20:51:03-0400: Controller: play W K12
2024-06-06 20:51:03-0400: = 
2024-06-06 20:51:03-0400: Controller: kata-analyze 10
2024-06-06 20:51:03-0400: = 
2024-06-06 20:51:04-0400: Controller: play B L11
2024-06-06 20:51:04-0400: = 
2024-06-06 20:51:04-0400: Controller: kata-analyze 10
2024-06-06 20:51:04-0400: = 
2024-06-06 20:51:05-0400: Controller: play W K11
2024-06-06 20:51:05-0400: = 
2024-06-06 20:51:05-0400: Controller: kata-analyze 10
2024-06-06 20:51:05-0400: = 
2024-06-06 20:51:06-0400: Controller: play B F5
2024-06-06 20:51:06-0400: = 
2024-06-06 20:51:06-0400: Controller: kata-analyze 10
2024-06-06 20:51:06-0400: = 
2024-06-06 20:51:07-0400: Controller: play W L10
2024-06-06 20:51:07-0400: = 
2024-06-06 20:51:07-0400: Controller: kata-analyze 10
2024-06-06 20:51:07-0400: = 
2024-06-06 20:51:08-0400: Controller: play B J6
2024-06-06 20:51:08-0400: = 
2024-06-06 20:51:08-0400: Controller: kata-analyze 10
2024-06-06 20:51:08-0400: = 
2024-06-06 20:51:09-0400: Controller: play W E8
2024-06-06 20:51:09-0400: = 
2024-06-06 20:51:09-0400: Controller: kata-analyze 10
2024-06-06 20:51:09-0400: = 
2024-06-06 20:51:10-0400: Controller: play B D17
2024-06-06 20:51:10-0400: = 
2024-06-06 20:51:10-0400: Controller: kata-analyze 10
2024-06-06 20:51:10-0400: = 
2024-06-06 20:51:12-0400: Controller: play W C17
2024-06-06 20:51:12-0400: = 
2024-06-06 20:51:12-0400: Controller: kata-analyze 10
2024-06-06 20:51:12-0400: = 
2024-06-06 20:51:13-0400: Controller: play B C18
2024-06-06 20:51:13-0400: = 
2024-06-06 20:51:13-0400: Controller: kata-analyze 10
2024-06-06 20:51:13-0400: = 
2024-06-06 20:51:14-0400: Controller: play W J5
2024-06-06 20:51:14-0400: = 
2024-06-06 20:51:14-0400: Controller: kata-analyze 10
2024-06-06 20:51:14-0400: = 
2024-06-06 20:51:15-0400: Controller: play B K5
2024-06-06 20:51:15-0400: = 
2024-06-06 20:51:15-0400: Controller: kata-analyze 10
2024-06-06 20:51:15-0400: = 
2024-06-06 20:51:16-0400: Controller: play W H6
2024-06-06 20:51:16-0400: = 
2024-06-06 20:51:16-0400: Controller: kata-analyze 10
2024-06-06 20:51:16-0400: = 
2024-06-06 20:51:17-0400: Controller: play B J7
2024-06-06 20:51:17-0400: = 
2024-06-06 20:51:17-0400: Controller: kata-analyze 10
2024-06-06 20:51:17-0400: = 
2024-06-06 20:51:18-0400: Controller: play W H7
2024-06-06 20:51:18-0400: = 
2024-06-06 20:51:18-0400: Controller: kata-analyze 10
2024-06-06 20:51:18-0400: = 
2024-06-06 20:51:19-0400: Controller: play B H8
2024-06-06 20:51:19-0400: = 
2024-06-06 20:51:19-0400: Controller: kata-analyze 10
2024-06-06 20:51:19-0400: = 
2024-06-06 20:51:20-0400: Controller: play W F6
2024-06-06 20:51:20-0400: = 
2024-06-06 20:51:20-0400: Controller: kata-analyze 10
2024-06-06 20:51:20-0400: = 
2024-06-06 20:51:21-0400: Controller: play B J8
2024-06-06 20:51:21-0400: = 
2024-06-06 20:51:21-0400: Controller: kata-analyze 10
2024-06-06 20:51:21-0400: = 
2024-06-06 20:51:22-0400: Controller: play W M11
2024-06-06 20:51:22-0400: = 
2024-06-06 20:51:22-0400: Controller: kata-analyze 10
2024-06-06 20:51:22-0400: = 
2024-06-06 20:51:23-0400: Controller: play B Q7
2024-06-06 20:51:23-0400: = 
2024-06-06 20:51:23-0400: Controller: kata-analyze 10
2024-06-06 20:51:23-0400: = 
2024-06-06 20:51:24-0400: Controller: play W P7
2024-06-06 20:51:24-0400: = 
2024-06-06 20:51:24-0400: Controller: kata-analyze 10
2024-06-06 20:51:24-0400: = 
2024-06-06 20:51:25-0400: Controller: play B P8
2024-06-06 20:51:25-0400: = 
2024-06-06 20:51:25-0400: Controller: kata-analyze 10
2024-06-06 20:51:25-0400: = 
2024-06-06 20:51:26-0400: Controller: play W O7
2024-06-06 20:51:26-0400: = 
2024-06-06 20:51:26-0400: Controller: kata-analyze 10
2024-06-06 20:51:27-0400: = 
2024-06-06 20:51:28-0400: Controller: play B D8
2024-06-06 20:51:28-0400: = 
2024-06-06 20:51:28-0400: Controller: kata-analyze 10
2024-06-06 20:51:28-0400: = 
2024-06-06 20:51:29-0400: Controller: play W D7
2024-06-06 20:51:29-0400: = 
2024-06-06 20:51:29-0400: Controller: kata-analyze 10
2024-06-06 20:51:29-0400: = 
2024-06-06 20:51:30-0400: Controller: play B E6
2024-06-06 20:51:30-0400: = 
2024-06-06 20:51:30-0400: Controller: kata-analyze 10
2024-06-06 20:51:30-0400: = 
2024-06-06 20:51:31-0400: Controller: play W F7
2024-06-06 20:51:31-0400: = 
2024-06-06 20:51:31-0400: Controller: kata-analyze 10
2024-06-06 20:51:31-0400: = 
2024-06-06 20:51:32-0400: Controller: play B C16
2024-06-06 20:51:32-0400: = 
2024-06-06 20:51:32-0400: Controller: kata-analyze 10
2024-06-06 20:51:32-0400: = 
2024-06-06 20:51:33-0400: Controller: play W B17
2024-06-06 20:51:33-0400: = 
2024-06-06 20:51:33-0400: Controller: kata-analyze 10
2024-06-06 20:51:33-0400: = 
2024-06-06 20:51:34-0400: Controller: play B H4
2024-06-06 20:51:34-0400: = 
2024-06-06 20:51:34-0400: Controller: kata-analyze 10
2024-06-06 20:51:34-0400: = 
2024-06-06 20:51:35-0400: Controller: play W N2
2024-06-06 20:51:35-0400: = 
2024-06-06 20:51:35-0400: Controller: kata-analyze 10
2024-06-06 20:51:35-0400: = 
2024-06-06 20:51:36-0400: Controller: play B L3
2024-06-06 20:51:36-0400: = 
2024-06-06 20:51:36-0400: Controller: kata-analyze 10
2024-06-06 20:51:36-0400: = 
2024-06-06 20:51:37-0400: Controller: play W H5
2024-06-06 20:51:37-0400: = 
2024-06-06 20:51:37-0400: Controller: kata-analyze 10
2024-06-06 20:51:37-0400: = 
2024-06-06 20:51:38-0400: Controller: play B J4
2024-06-06 20:51:38-0400: = 
2024-06-06 20:51:38-0400: Controller: kata-analyze 10
2024-06-06 20:51:38-0400: = 
2024-06-06 20:51:39-0400: Controller: play W L6
2024-06-06 20:51:39-0400: = 
2024-06-06 20:51:39-0400: Controller: kata-analyze 10
2024-06-06 20:51:39-0400: = 
2024-06-06 20:51:40-0400: Controller: play B D9
2024-06-06 20:51:40-0400: = 
2024-06-06 20:51:40-0400: Controller: kata-analyze 10
2024-06-06 20:51:40-0400: = 
2024-06-06 20:51:41-0400: Controller: play W C8
2024-06-06 20:51:41-0400: = 
2024-06-06 20:51:41-0400: Controller: kata-analyze 10
2024-06-06 20:51:41-0400: = 
2024-06-06 20:51:43-0400: Controller: play B E7
2024-06-06 20:51:43-0400: = 
2024-06-06 20:51:43-0400: Controller: kata-analyze 10
2024-06-06 20:51:43-0400: = 
2024-06-06 20:51:43-0400: Controller: play W D6
2024-06-06 20:51:43-0400: = 
2024-06-06 20:51:43-0400: Controller: kata-analyze 10
2024-06-06 20:51:44-0400: = 
2024-06-06 20:51:45-0400: Controller: play B E5
2024-06-06 20:51:45-0400: = 
2024-06-06 20:51:45-0400: Controller: kata-analyze 10
2024-06-06 20:51:45-0400: = 
2024-06-06 20:51:46-0400: Controller: play W F9
2024-06-06 20:51:46-0400: = 
2024-06-06 20:51:46-0400: Controller: kata-analyze 10
2024-06-06 20:51:46-0400: = 
2024-06-06 20:51:47-0400: Controller: play B E9
2024-06-06 20:51:47-0400: = 
2024-06-06 20:51:47-0400: Controller: kata-analyze 10
2024-06-06 20:51:47-0400: = 
2024-06-06 20:51:48-0400: Controller: play W F8
2024-06-06 20:51:48-0400: = 
2024-06-06 20:51:48-0400: Controller: kata-analyze 10
2024-06-06 20:51:48-0400: = 
2024-06-06 20:51:49-0400: Controller: play B F10
2024-06-06 20:51:49-0400: = 
2024-06-06 20:51:49-0400: Controller: kata-analyze 10
2024-06-06 20:51:49-0400: = 
2024-06-06 20:51:50-0400: Controller: play W C10
2024-06-06 20:51:50-0400: = 
2024-06-06 20:51:50-0400: Controller: kata-analyze 10
2024-06-06 20:51:50-0400: = 
2024-06-06 20:51:51-0400: Controller: play B D15
2024-06-06 20:51:51-0400: = 
2024-06-06 20:51:51-0400: Controller: kata-analyze 10
2024-06-06 20:51:51-0400: = 
2024-06-06 20:51:52-0400: Controller: play W E16
2024-06-06 20:51:52-0400: = 
2024-06-06 20:51:52-0400: Controller: kata-analyze 10
2024-06-06 20:51:52-0400: = 
2024-06-06 20:51:53-0400: Controller: play B D11
2024-06-06 20:51:53-0400: = 
2024-06-06 20:51:53-0400: Controller: kata-analyze 10
2024-06-06 20:51:53-0400: = 
2024-06-06 20:51:54-0400: Controller: play W G10
2024-06-06 20:51:54-0400: = 
2024-06-06 20:51:54-0400: Controller: kata-analyze 10
2024-06-06 20:51:54-0400: = 
2024-06-06 20:51:55-0400: Controller: play B F11
2024-06-06 20:51:55-0400: = 
2024-06-06 20:51:55-0400: Controller: kata-analyze 10
2024-06-06 20:51:55-0400: = 
2024-06-06 20:51:57-0400: Controller: play W H9
2024-06-06 20:51:57-0400: = 
2024-06-06 20:51:57-0400: Controller: kata-analyze 10
2024-06-06 20:51:57-0400: = 
2024-06-06 20:51:58-0400: Controller: play B C11
2024-06-06 20:51:58-0400: = 
2024-06-06 20:51:58-0400: Controller: kata-analyze 10
2024-06-06 20:51:58-0400: = 
2024-06-06 20:51:59-0400: Controller: play W E17
2024-06-06 20:51:59-0400: = 
2024-06-06 20:51:59-0400: Controller: kata-analyze 10
2024-06-06 20:51:59-0400: = 
2024-06-06 20:52:00-0400: Controller: play B B11
2024-06-06 20:52:00-0400: = 
2024-06-06 20:52:00-0400: Controller: kata-analyze 10
2024-06-06 20:52:00-0400: = 
2024-06-06 20:52:01-0400: Controller: play W O18
2024-06-06 20:52:01-0400: = 
2024-06-06 20:52:01-0400: Controller: kata-analyze 10
2024-06-06 20:52:01-0400: = 
2024-06-06 20:52:02-0400: Controller: play B O19
2024-06-06 20:52:02-0400: = 
2024-06-06 20:52:02-0400: Controller: kata-analyze 10
2024-06-06 20:52:02-0400: = 
2024-06-06 20:52:03-0400: Controller: play W F18
2024-06-06 20:52:03-0400: = 
2024-06-06 20:52:03-0400: Controller: kata-analyze 10
2024-06-06 20:52:03-0400: = 
2024-06-06 20:52:04-0400: Controller: play B L18
2024-06-06 20:52:04-0400: = 
2024-06-06 20:52:04-0400: Controller: kata-analyze 10
2024-06-06 20:52:04-0400: = 
2024-06-06 20:52:05-0400: Controller: play W C5
2024-06-06 20:52:05-0400: = 
2024-06-06 20:52:05-0400: Controller: kata-analyze 10
2024-06-06 20:52:05-0400: = 
2024-06-06 20:52:06-0400: Controller: play B B6
2024-06-06 20:52:06-0400: = 
2024-06-06 20:52:06-0400: Controller: kata-analyze 10
2024-06-06 20:52:06-0400: = 
2024-06-06 20:52:07-0400: Controller: play W B5
2024-06-06 20:52:07-0400: = 
2024-06-06 20:52:07-0400: Controller: kata-analyze 10
2024-06-06 20:52:07-0400: = 
2024-06-06 20:52:08-0400: Controller: play B B4
2024-06-06 20:52:08-0400: = 
2024-06-06 20:52:08-0400: Controller: kata-analyze 10
2024-06-06 20:52:08-0400: = 
2024-06-06 20:52:09-0400: Controller: play W A6
2024-06-06 20:52:09-0400: = 
2024-06-06 20:52:09-0400: Controller: kata-analyze 10
2024-06-06 20:52:09-0400: = 
2024-06-06 20:52:10-0400: Controller: play B B10
2024-06-06 20:52:10-0400: = 
2024-06-06 20:52:10-0400: Controller: kata-analyze 10
2024-06-06 20:52:10-0400: = 
2024-06-06 20:52:11-0400: Controller: play W B7
2024-06-06 20:52:11-0400: = 
2024-06-06 20:52:11-0400: Controller: kata-analyze 10
2024-06-06 20:52:11-0400: = 
2024-06-06 20:52:12-0400: Controller: play B A8
2024-06-06 20:52:12-0400: = 
2024-06-06 20:52:12-0400: Controller: kata-analyze 10
2024-06-06 20:52:13-0400: = 
2024-06-06 20:52:14-0400: Controller: play W B8
2024-06-06 20:52:14-0400: = 
2024-06-06 20:52:14-0400: Controller: kata-analyze 10
2024-06-06 20:52:14-0400: = 
2024-06-06 20:52:15-0400: Controller: play B C6
2024-06-06 20:52:15-0400: = 
2024-06-06 20:52:15-0400: Controller: kata-analyze 10
2024-06-06 20:52:15-0400: = 
2024-06-06 20:52:16-0400: Controller: play W D10
2024-06-06 20:52:16-0400: = 
2024-06-06 20:52:16-0400: Controller: kata-analyze 10
2024-06-06 20:52:16-0400: = 
2024-06-06 20:52:17-0400: Controller: play B E10
2024-06-06 20:52:17-0400: = 
2024-06-06 20:52:17-0400: Controller: kata-analyze 10
2024-06-06 20:52:17-0400: = 
2024-06-06 20:52:18-0400: Controller: play W A9
2024-06-06 20:52:18-0400: = 
2024-06-06 20:52:18-0400: Controller: kata-analyze 10
2024-06-06 20:52:18-0400: = 
2024-06-06 20:52:19-0400: Controller: play B B9
2024-06-06 20:52:19-0400: = 
2024-06-06 20:52:19-0400: Controller: kata-analyze 10
2024-06-06 20:52:19-0400: = 
2024-06-06 20:52:20-0400: Controller: play W B13
2024-06-06 20:52:20-0400: = 
2024-06-06 20:52:20-0400: Controller: kata-analyze 10
2024-06-06 20:52:20-0400: = 
2024-06-06 20:52:21-0400: Controller: play B F13
2024-06-06 20:52:21-0400: = 
2024-06-06 20:52:21-0400: Controller: kata-analyze 10
2024-06-06 20:52:21-0400: = 
2024-06-06 20:52:22-0400: Controller: play W F12
2024-06-06 20:52:22-0400: = 
2024-06-06 20:52:22-0400: Controller: kata-analyze 10
2024-06-06 20:52:22-0400: = 
2024-06-06 20:52:23-0400: Controller: play B G12
2024-06-06 20:52:23-0400: = 
2024-06-06 20:52:23-0400: Controller: kata-analyze 10
2024-06-06 20:52:23-0400: = 
2024-06-06 20:52:24-0400: Controller: play W E12
2024-06-06 20:52:24-0400: = 
2024-06-06 20:52:24-0400: Controller: kata-analyze 10
2024-06-06 20:52:24-0400: = 
2024-06-06 20:52:25-0400: Controller: play B G11
2024-06-06 20:52:25-0400: = 
2024-06-06 20:52:25-0400: Controller: kata-analyze 10
2024-06-06 20:52:25-0400: = 
2024-06-06 20:52:26-0400: Controller: play W H11
2024-06-06 20:52:26-0400: = 
2024-06-06 20:52:26-0400: Controller: kata-analyze 10
2024-06-06 20:52:26-0400: = 
2024-06-06 20:52:28-0400: Controller: play B E11
2024-06-06 20:52:28-0400: = 
2024-06-06 20:52:28-0400: Controller: kata-analyze 10
2024-06-06 20:52:28-0400: = 
2024-06-06 20:52:29-0400: Controller: play W E13
2024-06-06 20:52:29-0400: = 
2024-06-06 20:52:29-0400: Controller: kata-analyze 10
2024-06-06 20:52:29-0400: = 
2024-06-06 20:52:30-0400: Controller: play B G13
2024-06-06 20:52:30-0400: = 
2024-06-06 20:52:30-0400: Controller: kata-analyze 10
2024-06-06 20:52:30-0400: = 
2024-06-06 20:52:31-0400: Controller: play W A4
2024-06-06 20:52:31-0400: = 
2024-06-06 20:52:31-0400: Controller: kata-analyze 10
2024-06-06 20:52:31-0400: = 
2024-06-06 20:52:32-0400: Controller: play B A3
2024-06-06 20:52:32-0400: = 
2024-06-06 20:52:32-0400: Controller: kata-analyze 10
2024-06-06 20:52:32-0400: = 
2024-06-06 20:52:33-0400: Controller: play W F14
2024-06-06 20:52:33-0400: = 
2024-06-06 20:52:33-0400: Controller: kata-analyze 10
2024-06-06 20:52:33-0400: = 
2024-06-06 20:52:34-0400: Controller: play B K6
2024-06-06 20:52:34-0400: = 
2024-06-06 20:52:34-0400: Controller: kata-analyze 10
2024-06-06 20:52:34-0400: = 
2024-06-06 20:52:35-0400: Controller: play W B12
2024-06-06 20:52:35-0400: = 
2024-06-06 20:52:35-0400: Controller: kata-analyze 10
2024-06-06 20:52:35-0400: = 
2024-06-06 20:52:36-0400: Controller: play B A5
2024-06-06 20:52:36-0400: = 
2024-06-06 20:52:36-0400: Controller: kata-analyze 10
2024-06-06 20:52:36-0400: = 
2024-06-06 20:52:37-0400: Controller: play W Q8
2024-06-06 20:52:37-0400: = 
2024-06-06 20:52:37-0400: Controller: kata-analyze 10
2024-06-06 20:52:37-0400: = 
2024-06-06 20:52:38-0400: Controller: play B R8
2024-06-06 20:52:38-0400: = 
2024-06-06 20:52:38-0400: Controller: kata-analyze 10
2024-06-06 20:52:38-0400: = 
2024-06-06 20:52:39-0400: Controller: play W A4
2024-06-06 20:52:39-0400: = 
2024-06-06 20:52:39-0400: Controller: kata-analyze 10
2024-06-06 20:52:39-0400: = 
2024-06-06 20:52:40-0400: Controller: play B A10
2024-06-06 20:52:40-0400: = 
2024-06-06 20:52:40-0400: Controller: kata-analyze 10
2024-06-06 20:52:40-0400: = 
2024-06-06 20:52:41-0400: Controller: play W C7
2024-06-06 20:52:41-0400: = 
2024-06-06 20:52:41-0400: Controller: kata-analyze 10
2024-06-06 20:52:41-0400: = 
2024-06-06 20:52:42-0400: Controller: play B A5
2024-06-06 20:52:42-0400: = 
2024-06-06 20:52:42-0400: Controller: kata-analyze 10
2024-06-06 20:52:43-0400: = 
2024-06-06 20:52:44-0400: Controller: play W K19
2024-06-06 20:52:44-0400: = 
2024-06-06 20:52:44-0400: Controller: kata-analyze 10
2024-06-06 20:52:44-0400: = 
2024-06-06 20:52:45-0400: Controller: play B Q9
2024-06-06 20:52:45-0400: = 
2024-06-06 20:52:45-0400: Controller: kata-analyze 10
2024-06-06 20:52:45-0400: = 
2024-06-06 20:52:46-0400: Controller: play W A4
2024-06-06 20:52:46-0400: = 
2024-06-06 20:52:46-0400: Controller: kata-analyze 10
2024-06-06 20:52:46-0400: = 
2024-06-06 20:52:47-0400: Controller: play B A9
2024-06-06 20:52:47-0400: = 
2024-06-06 20:52:47-0400: Controller: kata-analyze 10
2024-06-06 20:52:47-0400: = 
2024-06-06 20:52:48-0400: Controller: play W H13
2024-06-06 20:52:48-0400: = 
2024-06-06 20:52:48-0400: Controller: kata-analyze 10
2024-06-06 20:52:48-0400: = 
2024-06-06 20:52:49-0400: Controller: play B A5
2024-06-06 20:52:49-0400: = 
2024-06-06 20:52:49-0400: Controller: kata-analyze 10
2024-06-06 20:52:49-0400: = 
2024-06-06 20:52:50-0400: Controller: play W H19
2024-06-06 20:52:50-0400: = 
2024-06-06 20:52:50-0400: Controller: kata-analyze 10
2024-06-06 20:52:50-0400: = 
2024-06-06 20:52:51-0400: Controller: play B J19
2024-06-06 20:52:51-0400: = 
2024-06-06 20:52:51-0400: Controller: kata-analyze 10
2024-06-06 20:52:51-0400: = 
2024-06-06 20:52:52-0400: Controller: play W A4
2024-06-06 20:52:52-0400: = 
2024-06-06 20:52:52-0400: Controller: kata-analyze 10
2024-06-06 20:52:52-0400: = 
2024-06-06 20:52:53-0400: Controller: play B A7
2024-06-06 20:52:53-0400: = 
2024-06-06 20:52:53-0400: Controller: kata-analyze 10
2024-06-06 20:52:53-0400: = 
2024-06-06 20:52:54-0400: Controller: play W H12
2024-06-06 20:52:54-0400: = 
2024-06-06 20:52:54-0400: Controller: kata-analyze 10
2024-06-06 20:52:54-0400: = 
2024-06-06 20:52:55-0400: Controller: play B A5
2024-06-06 20:52:55-0400: = 
2024-06-06 20:52:55-0400: Controller: kata-analyze 10
2024-06-06 20:52:55-0400: = 
2024-06-06 20:52:56-0400: Controller: play W M19
2024-06-06 20:52:56-0400: = 
2024-06-06 20:52:56-0400: Controller: kata-analyze 10
2024-06-06 20:52:57-0400: = 
2024-06-06 20:52:58-0400: Controller: play B N19
2024-06-06 20:52:58-0400: = 
2024-06-06 20:52:58-0400: Controller: kata-analyze 10
2024-06-06 20:52:58-0400: = 
2024-06-06 20:52:59-0400: Controller: play W A4
2024-06-06 20:52:59-0400: = 
2024-06-06 20:52:59-0400: Controller: kata-analyze 10
2024-06-06 20:52:59-0400: = 
2024-06-06 20:53:00-0400: Controller: play B E18
2024-06-06 20:53:00-0400: = 
2024-06-06 20:53:00-0400: Controller: kata-analyze 10
2024-06-06 20:53:00-0400: = 
2024-06-06 20:53:01-0400: Controller: play W D12
2024-06-06 20:53:01-0400: = 
2024-06-06 20:53:01-0400: Controller: kata-analyze 10
2024-06-06 20:53:01-0400: = 
2024-06-06 20:53:02-0400: Controller: play B B6
2024-06-06 20:53:02-0400: = 
2024-06-06 20:53:02-0400: Controller: kata-analyze 10
2024-06-06 20:53:02-0400: = 
2024-06-06 20:53:03-0400: Controller: play W C6
2024-06-06 20:53:03-0400: = 
2024-06-06 20:53:03-0400: Controller: kata-analyze 10
2024-06-06 20:53:03-0400: = 
2024-06-06 20:53:04-0400: Controller: play B D18
2024-06-06 20:53:04-0400: = 
2024-06-06 20:53:04-0400: Controller: kata-analyze 10
2024-06-06 20:53:04-0400: = 
2024-06-06 20:53:05-0400: Controller: play W C12
2024-06-06 20:53:05-0400: = 
2024-06-06 20:53:05-0400: Controller: kata-analyze 10
2024-06-06 20:53:05-0400: = 
2024-06-06 20:53:06-0400: Controller: play B A5
2024-06-06 20:53:06-0400: = 
2024-06-06 20:53:06-0400: Controller: kata-analyze 10
2024-06-06 20:53:06-0400: = 
2024-06-06 20:53:07-0400: Controller: play W G14
2024-06-06 20:53:07-0400: = 
2024-06-06 20:53:07-0400: Controller: kata-analyze 10
2024-06-06 20:53:07-0400: = 
2024-06-06 20:53:08-0400: Controller: play B B6
2024-06-06 20:53:08-0400: = 
2024-06-06 20:53:08-0400: Controller: kata-analyze 10
2024-06-06 20:53:08-0400: = 
2024-06-06 20:53:09-0400: Controller: play W A11
2024-06-06 20:53:09-0400: = 
2024-06-06 20:53:09-0400: Controller: kata-analyze 10
2024-06-06 20:53:09-0400: = 
2024-06-06 20:53:10-0400: Controller: play B A12
2024-06-06 20:53:10-0400: = 
2024-06-06 20:53:10-0400: Controller: kata-analyze 10
2024-06-06 20:53:10-0400: = 
2024-06-06 20:53:11-0400: Controller: play W A6
2024-06-06 20:53:11-0400: = 
2024-06-06 20:53:11-0400: Controller: kata-analyze 10
2024-06-06 20:53:11-0400: = 
2024-06-06 20:53:12-0400: Controller: play B F16
2024-06-06 20:53:12-0400: = 
2024-06-06 20:53:12-0400: Controller: kata-analyze 10
2024-06-06 20:53:12-0400: = 
2024-06-06 20:53:14-0400: Controller: play W A11
2024-06-06 20:53:14-0400: = 
2024-06-06 20:53:14-0400: Controller: kata-analyze 10
2024-06-06 20:53:14-0400: = 
2024-06-06 20:53:15-0400: Controller: play B E15
2024-06-06 20:53:15-0400: = 
2024-06-06 20:53:15-0400: Controller: kata-analyze 10
2024-06-06 20:53:15-0400: = 
2024-06-06 20:53:16-0400: Controller: play W N4
2024-06-06 20:53:16-0400: = 
2024-06-06 20:53:16-0400: Controller: kata-analyze 10
2024-06-06 20:53:16-0400: = 
2024-06-06 20:53:17-0400: Controller: play B B15
2024-06-06 20:53:17-0400: = 
2024-06-06 20:53:17-0400: Controller: kata-analyze 10
2024-06-06 20:53:17-0400: = 
2024-06-06 20:53:18-0400: Controller: play W R10
2024-06-06 20:53:18-0400: = 
2024-06-06 20:53:18-0400: Controller: kata-analyze 10
2024-06-06 20:53:18-0400: = 
2024-06-06 20:53:19-0400: Controller: play B Q13
2024-06-06 20:53:19-0400: = 
2024-06-06 20:53:19-0400: Controller: kata-analyze 10
2024-06-06 20:53:19-0400: = 
2024-06-06 20:53:20-0400: Controller: play W P13
2024-06-06 20:53:20-0400: = 
2024-06-06 20:53:20-0400: Controller: kata-analyze 10
2024-06-06 20:53:20-0400: = 
2024-06-06 20:53:21-0400: Controller: play B Q12
2024-06-06 20:53:21-0400: = 
2024-06-06 20:53:21-0400: Controller: kata-analyze 10
2024-06-06 20:53:21-0400: = 
2024-06-06 20:53:22-0400: Controller: play W O12
2024-06-06 20:53:22-0400: = 
2024-06-06 20:53:22-0400: Controller: kata-analyze 10
2024-06-06 20:53:22-0400: = 
2024-06-06 20:53:23-0400: Controller: play B Q11
2024-06-06 20:53:23-0400: = 
2024-06-06 20:53:23-0400: Controller: kata-analyze 10
2024-06-06 20:53:23-0400: = 
2024-06-06 20:53:24-0400: Controller: play W Q10
2024-06-06 20:53:24-0400: = 
2024-06-06 20:53:24-0400: Controller: kata-analyze 10
2024-06-06 20:53:24-0400: = 
2024-06-06 20:53:25-0400: Controller: play B R11
2024-06-06 20:53:25-0400: = 
2024-06-06 20:53:25-0400: Controller: kata-analyze 10
2024-06-06 20:53:25-0400: = 
2024-06-06 20:53:26-0400: Controller: play W P10
2024-06-06 20:53:26-0400: = 
2024-06-06 20:53:26-0400: Controller: kata-analyze 10
2024-06-06 20:53:26-0400: = 
2024-06-06 20:53:27-0400: Controller: play B S10
2024-06-06 20:53:27-0400: = 
2024-06-06 20:53:27-0400: Controller: kata-analyze 10
2024-06-06 20:53:27-0400: = 
2024-06-06 20:53:29-0400: Controller: play W S9
2024-06-06 20:53:29-0400: = 
2024-06-06 20:53:29-0400: Controller: kata-analyze 10
2024-06-06 20:53:29-0400: = 
2024-06-06 20:53:30-0400: Controller: play B S12
2024-06-06 20:53:30-0400: = 
2024-06-06 20:53:30-0400: Controller: kata-analyze 10
2024-06-06 20:53:30-0400: = 
2024-06-06 20:53:31-0400: Controller: play W T10
2024-06-06 20:53:31-0400: = 
2024-06-06 20:53:31-0400: Controller: kata-analyze 10
2024-06-06 20:53:31-0400: = 
2024-06-06 20:53:32-0400: Controller: play B T13
2024-06-06 20:53:32-0400: = 
2024-06-06 20:53:32-0400: Controller: kata-analyze 10
2024-06-06 20:53:32-0400: = 
2024-06-06 20:53:33-0400: Controller: play W T15
2024-06-06 20:53:33-0400: = 
2024-06-06 20:53:33-0400: Controller: kata-analyze 10
2024-06-06 20:53:33-0400: = 
2024-06-06 20:53:34-0400: Controller: play B S16
2024-06-06 20:53:34-0400: = 
2024-06-06 20:53:34-0400: Controller: kata-analyze 10
2024-06-06 20:53:34-0400: = 
2024-06-06 20:53:35-0400: Controller: play W S17
2024-06-06 20:53:35-0400: = 
2024-06-06 20:53:35-0400: Controller: kata-analyze 10
2024-06-06 20:53:35-0400: = 
2024-06-06 20:53:36-0400: Controller: play B S11
2024-06-06 20:53:36-0400: = 
2024-06-06 20:53:36-0400: Controller: kata-analyze 10
2024-06-06 20:53:36-0400: = 
2024-06-06 20:53:37-0400: Controller: play W R9
2024-06-06 20:53:37-0400: = 
2024-06-06 20:53:37-0400: Controller: kata-analyze 10
2024-06-06 20:53:37-0400: = 
2024-06-06 20:53:38-0400: Controller: play B T16
2024-06-06 20:53:38-0400: = 
2024-06-06 20:53:38-0400: Controller: kata-analyze 10
2024-06-06 20:53:38-0400: = 
2024-06-06 20:53:39-0400: Controller: play W T12
2024-06-06 20:53:39-0400: = 
2024-06-06 20:53:39-0400: Controller: kata-analyze 10
2024-06-06 20:53:39-0400: = 
2024-06-06 20:53:40-0400: Controller: play B O11
2024-06-06 20:53:40-0400: = 
2024-06-06 20:53:40-0400: Controller: kata-analyze 10
2024-06-06 20:53:40-0400: = 
2024-06-06 20:53:41-0400: Controller: play W N12
2024-06-06 20:53:41-0400: = 
2024-06-06 20:53:41-0400: Controller: kata-analyze 10
2024-06-06 20:53:42-0400: = 
2024-06-06 20:53:42-0400: Controller: play B O10
2024-06-06 20:53:42-0400: = 
2024-06-06 20:53:42-0400: Controller: kata-analyze 10
2024-06-06 20:53:43-0400: = 
2024-06-06 20:53:44-0400: Controller: play W O9
2024-06-06 20:53:44-0400: = 
2024-06-06 20:53:44-0400: Controller: kata-analyze 10
2024-06-06 20:53:44-0400: = 
2024-06-06 20:53:45-0400: Controller: play B T11
2024-06-06 20:53:45-0400: = 
2024-06-06 20:53:45-0400: Controller: kata-analyze 10
2024-06-06 20:53:45-0400: = 
2024-06-06 20:53:46-0400: Controller: play W T9
2024-06-06 20:53:46-0400: = 
2024-06-06 20:53:46-0400: Controller: kata-analyze 10
2024-06-06 20:53:46-0400: = 
2024-06-06 20:53:47-0400: Controller: play B P11
2024-06-06 20:53:47-0400: = 
2024-06-06 20:53:47-0400: Controller: kata-analyze 10
2024-06-06 20:53:47-0400: = 
2024-06-06 20:53:48-0400: Controller: play W N10
2024-06-06 20:53:48-0400: = 
2024-06-06 20:53:48-0400: Controller: kata-analyze 10
2024-06-06 20:53:48-0400: = 
2024-06-06 20:53:49-0400: Controller: play B N3
2024-06-06 20:53:49-0400: = 
2024-06-06 20:53:49-0400: Controller: kata-analyze 10
2024-06-06 20:53:49-0400: = 
2024-06-06 20:53:50-0400: Controller: play W O3
2024-06-06 20:53:50-0400: = 
2024-06-06 20:53:50-0400: Controller: kata-analyze 10
2024-06-06 20:53:50-0400: = 
2024-06-06 20:53:51-0400: Controller: play B M3
2024-06-06 20:53:51-0400: = 
2024-06-06 20:53:51-0400: Controller: kata-analyze 10
2024-06-06 20:53:51-0400: = 
2024-06-06 20:53:52-0400: Controller: play W N14
2024-06-06 20:53:52-0400: = 
2024-06-06 20:53:52-0400: Controller: kata-analyze 10
2024-06-06 20:53:52-0400: = 
2024-06-06 20:53:53-0400: Controller: play B O13
2024-06-06 20:53:53-0400: = 
2024-06-06 20:53:53-0400: Controller: kata-analyze 10
2024-06-06 20:53:53-0400: = 
2024-06-06 20:53:54-0400: Controller: play W P12
2024-06-06 20:53:54-0400: = 
2024-06-06 20:53:54-0400: Controller: kata-analyze 10
2024-06-06 20:53:54-0400: = 
2024-06-06 20:53:55-0400: Controller: play B N15
2024-06-06 20:53:55-0400: = 
2024-06-06 20:53:55-0400: Controller: kata-analyze 10
2024-06-06 20:53:55-0400: = 
2024-06-06 20:53:56-0400: Controller: play W L14
2024-06-06 20:53:56-0400: = 
2024-06-06 20:53:56-0400: Controller: kata-analyze 10
2024-06-06 20:53:56-0400: = 
2024-06-06 20:53:58-0400: Controller: play B P17
2024-06-06 20:53:58-0400: = 
2024-06-06 20:53:58-0400: Controller: kata-analyze 10
2024-06-06 20:53:58-0400: = 
2024-06-06 20:53:59-0400: Controller: play W P9
2024-06-06 20:53:59-0400: = 
2024-06-06 20:53:59-0400: Controller: kata-analyze 10
2024-06-06 20:53:59-0400: = 
2024-06-06 20:54:00-0400: Controller: play B S7
2024-06-06 20:54:00-0400: = 
2024-06-06 20:54:00-0400: Controller: kata-analyze 10
2024-06-06 20:54:00-0400: = 
2024-06-06 20:54:01-0400: Controller: play W S15
2024-06-06 20:54:01-0400: = 
2024-06-06 20:54:01-0400: Controller: kata-analyze 10
2024-06-06 20:54:01-0400: = 
2024-06-06 20:54:02-0400: Controller: play B R19
2024-06-06 20:54:02-0400: = 
2024-06-06 20:54:02-0400: Controller: kata-analyze 10
2024-06-06 20:54:02-0400: = 
2024-06-06 20:54:03-0400: Controller: play W N5
2024-06-06 20:54:03-0400: = 
2024-06-06 20:54:03-0400: Controller: kata-analyze 10
2024-06-06 20:54:03-0400: = 
2024-06-06 20:54:04-0400: Controller: play B P2
2024-06-06 20:54:04-0400: = 
2024-06-06 20:54:04-0400: Controller: kata-analyze 10
2024-06-06 20:54:04-0400: = 
2024-06-06 20:54:05-0400: Controller: play W T14
2024-06-06 20:54:05-0400: = 
2024-06-06 20:54:05-0400: Controller: kata-analyze 10
2024-06-06 20:54:05-0400: = 
2024-06-06 20:54:06-0400: Controller: play B T19
2024-06-06 20:54:06-0400: = 
2024-06-06 20:54:06-0400: Controller: kata-analyze 10
2024-06-06 20:54:06-0400: = 
2024-06-06 20:54:07-0400: Controller: play W T12
2024-06-06 20:54:07-0400: = 
2024-06-06 20:54:07-0400: Controller: kata-analyze 10
2024-06-06 20:54:07-0400: = 
2024-06-06 20:54:08-0400: Controller: play B O8
2024-06-06 20:54:08-0400: = 
2024-06-06 20:54:08-0400: Controller: kata-analyze 10
2024-06-06 20:54:08-0400: = 
2024-06-06 20:54:09-0400: Controller: play W N11
2024-06-06 20:54:09-0400: = 
2024-06-06 20:54:09-0400: Controller: kata-analyze 10
2024-06-06 20:54:09-0400: = 
2024-06-06 20:54:10-0400: Controller: play B T13
2024-06-06 20:54:10-0400: = 
2024-06-06 20:54:10-0400: Controller: kata-analyze 10
2024-06-06 20:54:10-0400: = 
2024-06-06 20:54:11-0400: Controller: play W T17
2024-06-06 20:54:11-0400: = 
2024-06-06 20:54:11-0400: Controller: kata-analyze 10
2024-06-06 20:54:11-0400: = 
2024-06-06 20:54:12-0400: Controller: stop
2024-06-06 20:54:12-0400: = 
2024-06-06 20:54:12-0400: Controller: stop
2024-06-06 20:54:12-0400: = 
2024-06-06 20:54:12-0400: Controller: stop
2024-06-06 20:54:12-0400: = 
2024-06-06 20:54:12-0400: Controller: kata-set-param analysisWideRootNoise 0.04
2024-06-06 20:54:12-0400: = 
2024-06-06 20:55:36-0400: Controller: quit
2024-06-06 20:55:36-0400: Quit requested by controller
2024-06-06 20:55:36-0400: = 
2024-06-06 20:55:37-0400: GPU -1 finishing, processed 32756 rows 3845 batches
2024-06-06 20:55:37-0400: All cleaned up, quitting
