2024-06-10 18:00:47-0400: Running with following config:
allowResignation = true
lagBuffer = 1.0
logAllGTPCommunication = true
logDir = gtp_logs
logSearchInfo = true
logSearchInfoForChosenMove = false
logToStderr = false
maxTime = 1.0
maxTimePondering = 120.0
numSearchThreads = 32
ogsChatToStderr = true
ponderingEnabled = true
resignConsecTurns = 3
resignThreshold = -0.90
rules = tromp-taylor
searchFactorAfterOnePass = 0.50
searchFactorAfterTwoPass = 0.25
searchFactorWhenWinning = 0.40
searchFactorWhenWinningThreshold = 0.95

2024-06-10 18:00:47-0400: GTP Engine starting...
2024-06-10 18:00:47-0400: KataGo v1.14.1
2024-06-10 18:00:47-0400: Using TrompTaylor rules initially, unless GTP/GUI overrides this
2024-06-10 18:00:47-0400: Using 32 CPU thread(s) for search
2024-06-10 18:00:47-0400: nnRandSeed0 = 4211540256924902309
2024-06-10 18:00:47-0400: After dedups: nnModelFile0 = C:/Users/chang/Downloads/kata1-b18c384nbt-s9937771520-d4300882049.bin.gz useFP16 auto useNHWC auto
2024-06-10 18:00:47-0400: Initializing neural net buffer to be size 19 * 19 exactly
2024-06-10 18:00:51-0400: Found OpenCL Platform 0: NVIDIA CUDA (NVIDIA Corporation) (OpenCL 3.0 CUDA 12.5.51)
2024-06-10 18:00:51-0400: Found 1 device(s) on platform 0 with type CPU or GPU or Accelerator
2024-06-10 18:00:51-0400: Found OpenCL Platform 1: Intel(R) OpenCL Graphics (Intel(R) Corporation) (OpenCL 3.0 )
2024-06-10 18:00:51-0400: Found 1 device(s) on platform 1 with type CPU or GPU or Accelerator
2024-06-10 18:00:51-0400: Found OpenCL Device 0: NVIDIA GeForce RTX 4060 Laptop GPU (NVIDIA Corporation) (score 11000300)
2024-06-10 18:00:51-0400: Found OpenCL Device 1: Intel(R) UHD Graphics (Intel(R) Corporation) (score 6000300)
2024-06-10 18:00:51-0400: Creating context for OpenCL Platform: NVIDIA CUDA (NVIDIA Corporation) (OpenCL 3.0 CUDA 12.5.51)
2024-06-10 18:00:51-0400: Using OpenCL Device 0: NVIDIA GeForce RTX 4060 Laptop GPU (NVIDIA Corporation) OpenCL 3.0 CUDA (Extensions: cl_khr_global_int32_base_atomics cl_khr_global_int32_extended_atomics cl_khr_local_int32_base_atomics cl_khr_local_int32_extended_atomics cl_khr_fp64 cl_khr_3d_image_writes cl_khr_byte_addressable_store cl_khr_icd cl_khr_gl_sharing cl_nv_compiler_options cl_nv_device_attribute_query cl_nv_pragma_unroll cl_nv_d3d10_sharing cl_khr_d3d10_sharing cl_nv_d3d11_sharing cl_nv_copy_opts cl_nv_create_buffer cl_khr_int64_base_atomics cl_khr_int64_extended_atomics cl_khr_device_uuid cl_khr_pci_bus_info cl_khr_external_semaphore cl_khr_external_memory cl_khr_external_semaphore_win32 cl_khr_external_memory_win32)
2024-06-10 18:00:51-0400: Loaded tuning parameters from: C:\Users\chang\Downloads\katago-v1.14.1-opencl-windows-x64/KataGoData/opencltuning/tune11_gpuNVIDIAGeForceRTX4060LaptopGPU_x19_y19_c384_mv14.txt
2024-06-10 18:00:51-0400: OpenCL backend thread 0: Model version 14
2024-06-10 18:00:51-0400: OpenCL backend thread 0: Model name: kata1-b18c384nbt-s9937771520-d4300882049
2024-06-10 18:00:53-0400: OpenCL backend thread 0: FP16Storage true FP16Compute false FP16TensorCores true FP16TensorCoresFor1x1 false
2024-06-10 18:00:53-0400: Loaded neural net with nnXLen 19 nnYLen 19
2024-06-10 18:00:53-0400: Initializing board with boardXSize 19 boardYSize 19
2024-06-10 18:00:53-0400: Loaded config C:\Users\chang\Downloads\katago-v1.14.1-cuda12.1-cudnn8.9.7-windows-x64/default_gtp.cfg
2024-06-10 18:00:53-0400: Loaded model C:/Users/chang/Downloads/kata1-b18c384nbt-s9937771520-d4300882049.bin.gz
2024-06-10 18:00:53-0400: Model name: kata1-b18c384nbt-s9937771520-d4300882049
2024-06-10 18:00:53-0400: GTP ready, beginning main protocol loop
2024-06-10 18:00:53-0400: Controller: list_commands
2024-06-10 18:00:53-0400: = protocol_version
name
version
known_command
list_commands
quit
boardsize
rectangular_boardsize
clear_board
set_position
komi
get_komi
play
undo
kata-get-rules
kata-set-rule
kata-set-rules
kata-get-param
kata-set-param
kata-list-params
kgs-rules
genmove
genmove_debug
search_debug
clear_cache
showboard
fixed_handicap
place_free_handicap
set_free_handicap
time_settings
kgs-time_settings
time_left
kata-list_time_settings
kata-time_settings
final_score
final_status_list
loadsgf
printsgf
lz-genmove_analyze
kata-genmove_analyze
lz-analyze
kata-analyze
kata-raw-nn
cputime
gomill-cpu_time
kata-benchmark
kata-debug-print-tc
debug_moves
stop
2024-06-10 18:00:53-0400: Controller: boardsize 9
2024-06-10 18:00:53-0400: GPU -1 finishing, processed 0 rows 0 batches
2024-06-10 18:00:53-0400: Cleaned up old neural net and bot
2024-06-10 18:00:53-0400: nnRandSeed0 = 2768547261783095934
2024-06-10 18:00:53-0400: After dedups: nnModelFile0 = C:/Users/chang/Downloads/kata1-b18c384nbt-s9937771520-d4300882049.bin.gz useFP16 auto useNHWC auto
2024-06-10 18:00:53-0400: Initializing neural net buffer to be size 9 * 9 exactly
2024-06-10 18:00:55-0400: Found OpenCL Platform 0: NVIDIA CUDA (NVIDIA Corporation) (OpenCL 3.0 CUDA 12.5.51)
2024-06-10 18:00:55-0400: Found 1 device(s) on platform 0 with type CPU or GPU or Accelerator
2024-06-10 18:00:55-0400: Found OpenCL Platform 1: Intel(R) OpenCL Graphics (Intel(R) Corporation) (OpenCL 3.0 )
2024-06-10 18:00:55-0400: Found 1 device(s) on platform 1 with type CPU or GPU or Accelerator
2024-06-10 18:00:55-0400: Found OpenCL Device 0: NVIDIA GeForce RTX 4060 Laptop GPU (NVIDIA Corporation) (score 11000300)
2024-06-10 18:00:55-0400: Found OpenCL Device 1: Intel(R) UHD Graphics (Intel(R) Corporation) (score 6000300)
2024-06-10 18:00:55-0400: Creating context for OpenCL Platform: NVIDIA CUDA (NVIDIA Corporation) (OpenCL 3.0 CUDA 12.5.51)
2024-06-10 18:00:55-0400: Using OpenCL Device 0: NVIDIA GeForce RTX 4060 Laptop GPU (NVIDIA Corporation) OpenCL 3.0 CUDA (Extensions: cl_khr_global_int32_base_atomics cl_khr_global_int32_extended_atomics cl_khr_local_int32_base_atomics cl_khr_local_int32_extended_atomics cl_khr_fp64 cl_khr_3d_image_writes cl_khr_byte_addressable_store cl_khr_icd cl_khr_gl_sharing cl_nv_compiler_options cl_nv_device_attribute_query cl_nv_pragma_unroll cl_nv_d3d10_sharing cl_khr_d3d10_sharing cl_nv_d3d11_sharing cl_nv_copy_opts cl_nv_create_buffer cl_khr_int64_base_atomics cl_khr_int64_extended_atomics cl_khr_device_uuid cl_khr_pci_bus_info cl_khr_external_semaphore cl_khr_external_memory cl_khr_external_semaphore_win32 cl_khr_external_memory_win32)
2024-06-10 18:00:55-0400: Loaded tuning parameters from: C:\Users\chang\Downloads\katago-v1.14.1-opencl-windows-x64/KataGoData/opencltuning/tune11_gpuNVIDIAGeForceRTX4060LaptopGPU_x19_y19_c384_mv14.txt
2024-06-10 18:00:55-0400: OpenCL backend thread 0: Model version 14
2024-06-10 18:00:55-0400: OpenCL backend thread 0: Model name: kata1-b18c384nbt-s9937771520-d4300882049
2024-06-10 18:00:58-0400: OpenCL backend thread 0: FP16Storage true FP16Compute false FP16TensorCores true FP16TensorCoresFor1x1 false
2024-06-10 18:00:58-0400: Loaded neural net with nnXLen 9 nnYLen 9
2024-06-10 18:00:58-0400: Initializing board with boardXSize 9 boardYSize 9
2024-06-10 18:00:58-0400: = 
2024-06-10 18:00:58-0400: Controller: clear_board
2024-06-10 18:00:58-0400: = 
2024-06-10 18:00:58-0400: Controller: komi 5.5
2024-06-10 18:00:58-0400: = 
2024-06-10 18:00:58-0400: Controller: set_free_handicap e6 f4
2024-06-10 18:00:58-0400: = 
2024-06-10 18:00:58-0400: Controller: genmove white
2024-06-10 18:00:59-0400: MoveNum: 0 HASH: D327C902E21B02C4DF1B524F5FC5088D
   A B C D E F G H J
 9 . . . . . . . . .
 8 . . . . . . . . .
 7 . . . . . . . . .
 6 . . . . X . . . .
 5 . . @ . . . . . .
 4 . . . . . X . . .
 3 . . . . . . . . .
 2 . . . . . . . . .
 1 . . . . . . . . .

koPOSITIONALscoreAREAtaxNONEsui1komi5.5
Time taken: 1
Root visits: 1247
New playouts: 1247
NN rows: 1198
NN batches: 46
NN avg batch size: 26.0435
PlayoutDoublingAdvantage: 2
PV: C5 D3 C3 C2 D4 B3 C4 E3 C7
Tree:
: T -106.29c W -99.70c S  -6.52c (-13.0 L -12.4) N    1247  --  C5 D3 C3 C2 D4 B3 C4
---White(^)---
C5  : T -105.81c W -99.67c S  -6.04c (-12.8 L -12.2) LCB -106.40c P 45.50% WF 4467.2 PSV    4452 N    1070  --  C5 D3 C3 C2 D4 B3 C4 E3
G7  : T -107.34c W -99.78c S  -7.84c (-13.6 L -13.0) LCB -109.10c P  6.84% WF 149.5 PSV     131 N      32  --  G7 C4 E8 G6 H6
D3  : T -108.19c W -99.78c S  -8.40c (-13.9 L -13.3) LCB -111.06c P  6.53% WF 101.2 PSV      87 N      22  --  D3 C4 C3 D4 F3
C3  : T -108.56c W -99.82c S  -8.61c (-13.9 L -13.3) LCB -112.42c P  6.33% WF  76.9 PSV      74 N      16  --  C3 C5 E2 F2
C4  : T -108.64c W -99.82c S  -9.22c (-14.2 L -13.7) LCB -114.63c P  4.88% WF  57.4 PSV      55 N      12  --  C4 C6 D2 G6
C7  : T -107.72c W -99.83c S  -7.94c (-13.6 L -12.9) LCB -111.82c P  3.39% WF  63.6 PSV      54 N      14  --  C7 C5 E8 F7
G6  : T -106.45c W -99.77c S  -7.27c (-13.3 L -12.8) LCB -113.98c P  1.68% WF  46.8 PSV      48 N      10  --  G6 C4 G4
C6  : T -108.09c W -99.79c S  -8.72c (-14.0 L -13.5) LCB -136.43c P  1.73% WF  23.7 PSV      23 N       5  --  C6 C4 G3
D4  : T -108.53c W -99.89c S  -8.70c (-14.0 L -13.4) LCB -151.87c P  1.58% WF  18.3 PSV      18 N       4  --  D4 C6 C5 B6
E8  : T -110.12c W -99.90c S -10.25c (-14.8 L -13.5) LCB -153.56c P  1.63% WF  18.8 PSV      12 N       4  --  E8 D7

2024-06-10 18:00:59-0400: = C5
2024-06-10 18:01:00-0400: Controller: kata-list_time_settings
2024-06-10 18:01:00-0400: = none absolute byoyomi canadian fischer fischer-capped
2024-06-10 18:01:00-0400: Controller: play black c4
2024-06-10 18:01:00-0400: = 
2024-06-10 18:01:00-0400: Controller: genmove white
2024-06-10 18:01:01-0400: MoveNum: 2 HASH: E4F54FB649A6551BAF961F063EE6D67A
   A B C D E F G H J
 9 . . . . . . . . .
 8 . . . . . . . . .
 7 . . . . . . . . .
 6 . . . . X . . . .
 5 . . O1. . . . . .
 4 . . X2@ . X . . .
 3 . . . . . . . . .
 2 . . . . . . . . .
 1 . . . . . . . . .

koPOSITIONALscoreAREAtaxNONEsui1komi5.5
Time taken: 1.031
Root visits: 1678
New playouts: 1613
NN rows: 1347
NN batches: 54
NN avg batch size: 24.9444
PlayoutDoublingAdvantage: 2
PV: D4 D5 C3 B4 E4 F5 B3 B5 C6 E3 D3 C7 D6 D7 B6 B7 E5 A6 F3 G3 E2 F6 G2
Tree:
: T -105.65c W -99.37c S  -6.24c (-11.1 L -10.7) N    1678  --  D4 D5 C3 B4 E4 F5 B3
---White(^)---
D4  : T -105.10c W -99.34c S  -5.76c (-10.9 L -10.5) LCB -105.79c P 37.82% WF 4956.6 PSV    4938 N    1591  --  D4 D5 C3 B4 E4 F5 B3 B5
B4  : T -112.71c W -99.81c S -12.69c (-14.1 L -13.3) LCB -117.52c P 14.14% WF  78.7 PSV      75 N      17  --  B4 D4 B3 C6
G4  : T -110.59c W -99.76c S -11.13c (-13.4 L -12.7) LCB -114.52c P  9.89% WF  70.0 PSV      71 N      16  --  G4 G3 D4 D5 C3
D5  : T -111.14c W -99.56c S -10.79c (-13.3 L -12.7) LCB -115.07c P  9.73% WF  69.6 PSV      64 N      18  --  D5 D4 E5 F5 E4 E3 B4 F3
F3  : T -113.75c W -99.87c S -13.07c (-14.3 L -13.0) LCB -157.27c P  4.21% WF  18.2 PSV      19 N       4  --  F3 E4
D7  : T -114.10c W -99.85c S -13.77c (-14.7 L -13.4) LCB -188.27c P  2.83% WF  14.0 PSV      12 N       3  --  D7 E7
G7  : T -114.32c W -99.76c S -13.73c (-14.5 L -13.7) LCB -263.79c P  2.54% WF   9.9 PSV      11 N       2  --  G7 D4
G3  : T -113.36c W -99.86c S -12.61c (-14.2 L -12.9) LCB -187.52c P  1.69% WF  13.9 PSV       8 N       3  --  G3 G4
E8  : T -112.68c W -99.83c S -12.47c (-13.9 L -13.2) LCB -262.51c P  1.31% WF   9.8 PSV       7 N       2  --  E8 D4
C3  : T -115.39c W -99.80c S -13.73c (-14.5 L -13.7) LCB -264.95c P  1.63% WF   9.5 PSV       6 N       2  --  C3 D4

2024-06-10 18:01:01-0400: = D4
2024-06-10 18:01:03-0400: Controller: kata-list_time_settings
2024-06-10 18:01:03-0400: = none absolute byoyomi canadian fischer fischer-capped
2024-06-10 18:01:03-0400: Controller: play black c3
2024-06-10 18:01:04-0400: = 
2024-06-10 18:01:04-0400: Controller: genmove white
2024-06-10 18:01:05-0400: MoveNum: 4 HASH: 1219336CCB659D54D23B9A35F567F8E5
   A B C D E F G H J
 9 . . . . . . . . .
 8 . . . . . . . . .
 7 . . . . . . . . .
 6 . . . . X . . . .
 5 . . O . . . . . .
 4 . . X1O2. X . . .
 3 . . X3@ . . . . .
 2 . . . . . . . . .
 1 . . . . . . . . .

koPOSITIONALscoreAREAtaxNONEsui1komi5.5
Time taken: 1.032
Root visits: 5256
New playouts: 3479
NN rows: 1352
NN batches: 55
NN avg batch size: 24.5818
PlayoutDoublingAdvantage: 2
PV: D3 D5 C2 B5 C6 E4 E2 B6 D7 B2 B1 B3 G3 F2 F3 E3 D2 G2 H2 H3 G4 H1
Tree:
: T -106.34c W -99.10c S  -7.25c (-10.8 L -10.4) N    5256  --  D3 D5 C2 B5 C6 E4 E2
---White(^)---
D3  : T -105.80c W -99.02c S  -6.84c (-10.6 L -10.3) LCB -106.29c P  9.48% WF 11024.8 PSV   10942 N    4115  --  D3 D5 C2 B5 C6 E4 E2 B6
E5  : T -106.76c W -99.27c S  -7.49c (-11.0 L -10.5) LCB -107.49c P 30.41% WF 2654.1 PSV    2511 N     873  --  E5 F5 D3 D6 D5 C6 B5 F2
D6  : T -110.36c W -99.55c S -10.75c (-12.4 L -12.0) LCB -112.06c P 39.42% WF 694.6 PSV     729 N     206  --  D6 D3 D7 E7 G4 G5 F5 E5
D5  : T -113.46c W -99.60c S -13.49c (-13.8 L -13.2) LCB -117.77c P  7.68% WF  83.9 PSV      85 N      20  --  D5 D3 D7 E7 D8 G6
G4  : T -110.61c W -99.72c S -11.40c (-12.7 L -12.1) LCB -117.49c P  2.35% WF  46.6 PSV      41 N      11  --  G4 G3 D6 E5
F3  : T -113.80c W -99.81c S -13.30c (-13.8 L -12.4) LCB -158.17c P  1.28% WF  16.8 PSV      13 N       4  --  F3 E4
D7  : T -113.98c W -99.82c S -13.51c (-13.8 L -12.5) LCB -189.39c P  1.20% WF  12.9 PSV      12 N       3  --  D7 D5
F5  : T -114.25c W -99.69c S -13.30c (-13.9 L -13.3) LCB -263.28c P  0.89% WF   8.3 PSV       8 N       2  --  F5 E5
F6  : T -116.49c W -99.80c S -15.22c (-14.7 L -13.7) LCB -265.85c P  0.74% WF   9.1 PSV       5 N       2  --  F6 D5
G7  : T -113.72c W -99.48c S -14.24c (-13.8 L -13.7) LCB -463.72c P  0.51% WF   5.4 PSV       5 N       1  --  G7

2024-06-10 18:01:05-0400: = D3
2024-06-10 18:01:07-0400: Controller: kata-list_time_settings
2024-06-10 18:01:07-0400: = none absolute byoyomi canadian fischer fischer-capped
2024-06-10 18:01:07-0400: Controller: play black d5
2024-06-10 18:01:07-0400: = 
2024-06-10 18:01:07-0400: Controller: genmove white
2024-06-10 18:01:08-0400: MoveNum: 6 HASH: 6A7651670FF4A7D0209BD34F18906E52
   A B C D E F G H J
 9 . . . . . . . . .
 8 . . . . . . . . .
 7 . . . . . . . . .
 6 . . . . X . . . .
 5 . . O X3. . . . .
 4 . . X O . X . . .
 3 . . X1O2. . . . .
 2 . . @ . . . . . .
 1 . . . . . . . . .

koPOSITIONALscoreAREAtaxNONEsui1komi5.5
Time taken: 1.031
Root visits: 8743
New playouts: 1913
NN rows: 1351
NN batches: 54
NN avg batch size: 25.0185
PlayoutDoublingAdvantage: 2
PV: C2 B5 C6 E4 E2 B6 G3 B2 G4 G6 C7 C1 E8 E7 D8 F8 G8 F9
Tree:
: T -106.05c W -98.88c S  -7.23c (-11.2 L -10.9) N    8743  --  C2 B5 C6 E4 E2 B6 G3
---White(^)---
C2  : T -105.77c W -98.85c S  -6.98c (-11.1 L -10.8) LCB -106.20c P 52.73% WF 20843.8 PSV   20797 N    8463  --  C2 B5 C6 E4 E2 B6 G3 B2
D2  : T -108.48c W -99.20c S  -9.39c (-12.4 L -12.0) LCB -112.39c P  5.22% WF 222.1 PSV     219 N     159  --  D2 B5 C6 B6 E5 D6 F5 F6
E2  : T -111.08c W -99.48c S -11.90c (-13.6 L -13.0) LCB -115.68c P  6.60% WF 147.4 PSV     149 N      52  --  E2 C2 C6 G3 B4
C6  : T -120.21c W -99.75c S -20.08c (-18.1 L -17.1) LCB -122.18c P 16.54% WF 124.8 PSV     142 N      26  --  C6 D2 H5 G6 D7
F3  : T -116.94c W -99.87c S -17.43c (-16.3 L -15.0) LCB -131.40c P  2.91% WF  31.9 PSV      32 N       7  --  F3 E4 E3
G4  : T -118.29c W -99.85c S -18.27c (-16.8 L -16.0) LCB -133.84c P  3.08% WF  34.1 PSV      30 N       7  --  G4 D2 G3
E5  : T -119.70c W -99.31c S -20.26c (-18.3 L -17.7) LCB -194.44c P  1.94% WF  15.5 PSV      17 N       3  --  E5 D6 C2
F7  : T -119.65c W -99.89c S -19.22c (-17.2 L -15.9) LCB -193.76c P  1.71% WF  15.1 PSV      15 N       3  --  F7 C6
G7  : T -120.02c W -99.83c S -19.37c (-17.2 L -16.4) LCB -269.70c P  0.86% WF  10.7 PSV       7 N       2  --  G7 D2
G3  : T -119.24c W -99.88c S -18.43c (-16.7 L -15.8) LCB -268.21c P  0.84% WF  10.4 PSV       7 N       2  --  G3 D2

2024-06-10 18:01:08-0400: = C2
2024-06-10 18:01:10-0400: Controller: kata-list_time_settings
2024-06-10 18:01:10-0400: = none absolute byoyomi canadian fischer fischer-capped
2024-06-10 18:01:10-0400: Controller: play black b2
2024-06-10 18:01:10-0400: = 
2024-06-10 18:01:10-0400: Controller: genmove white
2024-06-10 18:01:11-0400: MoveNum: 8 HASH: 1C410DA3B4B33B05482DA9A46B6A6D4B
   A B C D E F G H J
 9 . . . . . . . . .
 8 . . . . . . . . .
 7 . . . . . . . . .
 6 . . . . X . . . .
 5 . . O X1. . . . .
 4 . . X O . X . . .
 3 . . X O . . . . .
 2 . X3O2@ . . . . .
 1 . . . . . . . . .

koPOSITIONALscoreAREAtaxNONEsui1komi5.5
Time taken: 1.016
Root visits: 4265
New playouts: 1766
NN rows: 1331
NN batches: 55
NN avg batch size: 24.2
PlayoutDoublingAdvantage: 2
PV: D2 B5 C6 B6 E5 D6 F5 F6 G5 G6 H6 E4 G4 H7 H5 F3 B1 G3 H3 H2 J2 J6 G2 J5 H4
Tree:
: T -105.84c W -98.80c S  -7.08c (-10.7 L -10.5) N    4265  --  D2 B5 C6 B6 E5 D6 F5
---White(^)---
D2  : T -105.14c W -98.75c S  -6.48c (-10.4 L -10.2) LCB -105.90c P 16.79% WF 8998.0 PSV    8940 N    3893  --  D2 B5 C6 B6 E5 D6 F5 F6
E2  : T -107.40c W -98.93c S  -8.52c (-11.5 L -11.0) LCB -109.35c P 19.34% WF 689.2 PSV     661 N     266  --  E2 C1 D2 B5 C6 D6 B6 B4
G4  : T -116.85c W -99.78c S -16.71c (-15.5 L -14.8) LCB -119.55c P 20.38% WF 129.7 PSV     141 N      30  --  G4 G5 H5 G3 H4
C6  : T -117.66c W -99.70c S -17.56c (-16.1 L -15.3) LCB -122.59c P 11.08% WF  67.4 PSV      72 N      15  --  C6 D2 D8 E8
F7  : T -114.69c W -99.64c S -14.96c (-14.3 L -14.0) LCB -120.99c P  5.66% WF  49.8 PSV      48 N      11  --  F7 D2 D8 G6
F3  : T -113.66c W -99.71c S -15.23c (-14.6 L -14.1) LCB -125.82c P  3.70% WF  34.3 PSV      35 N       8  --  F3 G4 D2
G6  : T -116.44c W -99.77c S -16.77c (-15.5 L -14.9) LCB -161.18c P  2.77% WF  18.8 PSV      19 N       4  --  G6 D2 G4
E5  : T -115.71c W -99.40c S -16.38c (-15.5 L -15.4) LCB -159.26c P  2.34% WF  17.4 PSV      18 N       4  --  E5 D6 E2
D7  : T -115.67c W -99.82c S -15.54c (-14.7 L -13.4) LCB -159.72c P  1.92% WF  16.3 PSV      14 N       4  --  D7 E7
E8  : T -118.42c W -99.90c S -18.05c (-16.1 L -15.0) LCB -192.78c P  2.19% WF  14.7 PSV      13 N       3  --  E8 C6

2024-06-10 18:01:11-0400: = D2
2024-06-10 18:01:13-0400: Controller: kata-list_time_settings
2024-06-10 18:01:13-0400: = none absolute byoyomi canadian fischer fischer-capped
2024-06-10 18:01:13-0400: Controller: play black b5
2024-06-10 18:01:13-0400: = 
2024-06-10 18:01:13-0400: Controller: genmove white
2024-06-10 18:01:14-0400: MoveNum: 10 HASH: BA35C3226476C019AFB4B205F0B6140F
   A B C D E F G H J
 9 . . . . . . . . .
 8 . . . . . . . . .
 7 . . . . . . . . .
 6 . . @ . X . . . .
 5 . X3O X . . . . .
 4 . . X O . X . . .
 3 . . X O . . . . .
 2 . X1O O2. . . . .
 1 . . . . . . . . .

koPOSITIONALscoreAREAtaxNONEsui1komi5.5
Time taken: 1.015
Root visits: 10254
New playouts: 1990
NN rows: 1321
NN batches: 53
NN avg batch size: 24.9245
PlayoutDoublingAdvantage: 2
PV: C6 B6 E5 D6 F5 F6 G5 G6 H6 E4 G4 H7 H5 B1 G7 G8 J7 H8 F3 J8 J6 C1 D1 F7 E3
Tree:
: T -105.37c W -98.56c S  -6.96c (-10.5 L -10.4) N   10254  --  C6 B6 E5 D6 F5 F6 G5
---White(^)---
C6  : T -105.17c W -98.55c S  -6.78c (-10.4 L -10.3) LCB -105.67c P 71.34% WF 23067.5 PSV   23036 N   10179  --  C6 B6 E5 D6 F5 F6 G5 G6
G3  : T -116.78c W -99.68c S -17.08c (-15.8 L -15.0) LCB -120.60c P  9.71% WF 110.2 PSV     123 N      28  --  G3 F3 C6 B6 C7 G4
G4  : T -117.49c W -99.81c S -17.68c (-16.2 L -14.8) LCB -122.43c P  5.53% WF  60.5 PSV      66 N      16  --  G4 G5 C6
F3  : T -118.66c W -99.69c S -19.28c (-17.3 L -16.7) LCB -125.80c P  4.82% WF  49.8 PSV      52 N      11  --  F3 G3 C6 B6
E5  : T -122.61c W -99.62c S -22.20c (-19.8 L -18.6) LCB -196.79c P  1.67% WF  14.4 PSV      14 N       3  --  E5 C6
G6  : T -120.92c W -99.66c S -20.76c (-19.0 L -17.9) LCB -195.58c P  1.06% WF  14.6 PSV      10 N       3  --  G6 G3
G7  : T -118.67c W -99.21c S -19.46c (-17.3 L -17.4) LCB -468.67c P  0.59% WF   5.6 PSV       6 N       1  --  G7
G5  : T -121.89c W -99.31c S -22.59c (-19.2 L -19.5) LCB -471.89c P  0.57% WF   5.8 PSV       5 N       1  --  G5
H5  : T -121.19c W -99.34c S -21.86c (-19.0 L -19.2) LCB -471.19c P  0.56% WF   5.8 PSV       5 N       1  --  H5
F7  : T -119.48c W -99.60c S -19.88c (-17.5 L -17.8) LCB -469.48c P  0.47% WF   5.6 PSV       4 N       1  --  F7

2024-06-10 18:01:14-0400: = C6
2024-06-10 18:01:16-0400: Controller: kata-list_time_settings
2024-06-10 18:01:16-0400: = none absolute byoyomi canadian fischer fischer-capped
2024-06-10 18:01:16-0400: Controller: play black b6
2024-06-10 18:01:16-0400: = 
2024-06-10 18:01:16-0400: Controller: genmove white
2024-06-10 18:01:17-0400: MoveNum: 12 HASH: 4515DC671C5CBFDBEE00434AFC72060C
   A B C D E F G H J
 9 . . . . . . . . .
 8 . . . . . . . . .
 7 . . . . . . . . .
 6 . X3O2. X . . . .
 5 . X1O X @ . . . .
 4 . . X O . X . . .
 3 . . X O . . . . .
 2 . X O O . . . . .
 1 . . . . . . . . .

koPOSITIONALscoreAREAtaxNONEsui1komi5.5
Time taken: 1.015
Root visits: 14564
New playouts: 2022
NN rows: 1294
NN batches: 58
NN avg batch size: 22.3103
PlayoutDoublingAdvantage: 2
PV: E5 D6 F5 G4 E4 C7 H6 H5 F6 F2 F3 G3 G5 H4 E8 H7 G7
Tree:
: T -106.39c W -98.86c S  -7.65c (-11.6 L -11.6) N   14564  --  E5 D6 F5 G4 E4 C7 H6
---White(^)---
E5  : T -106.08c W -98.84c S  -7.37c (-11.5 L -11.5) LCB -106.50c P 39.48% WF 35031.6 PSV   34860 N   14137  --  E5 D6 F5 G4 E4 C7 H6 H5
C7  : T -113.72c W -99.33c S -14.02c (-15.1 L -14.8) LCB -114.87c P 53.50% WF 1226.8 PSV    1381 N     389  --  C7 E4 B7 B1 E8 G4 G7 H6
G3  : T -113.64c W -99.53c S -14.77c (-15.1 L -14.5) LCB -119.05c P  2.00% WF  49.2 PSV      52 N      12  --  G3 F3 C7 G4
F3  : T -117.80c W -99.82c S -17.17c (-16.8 L -15.5) LCB -191.99c P  0.76% WF  12.9 PSV      12 N       3  --  F3 G3
B1  : T -121.82c W -99.64c S -21.03c (-18.9 L -18.2) LCB -270.83c P  0.60% WF  10.4 PSV       7 N       2  --  B1 C7
G6  : T -119.03c W -99.48c S -18.06c (-17.2 L -16.4) LCB -268.15c P  0.39% WF   9.7 PSV       6 N       2  --  G6 E4
B4  : T -114.80c W -98.91c S -15.89c (-15.6 L -16.4) LCB -464.80c P  0.22% WF   4.3 PSV       5 N       1  --  B4
B3  : T -119.15c W -99.48c S -17.37c (-16.8 L -16.3) LCB -268.63c P  0.31% WF   8.1 PSV       4 N       2  --  B3 B4
D7  : T -120.60c W -99.60c S -18.62c (-18.0 L -17.2) LCB -270.75c P  0.30% WF   9.7 PSV       4 N       2  --  D7 E7
G4  : T -119.82c W -99.67c S -18.33c (-17.2 L -16.3) LCB -269.31c P  0.30% WF   9.3 PSV       4 N       2  --  G4 G5

2024-06-10 18:01:17-0400: = E5
2024-06-10 18:01:20-0400: Controller: kata-list_time_settings
2024-06-10 18:01:20-0400: = none absolute byoyomi canadian fischer fischer-capped
2024-06-10 18:01:20-0400: Controller: play black c7
2024-06-10 18:01:20-0400: = 
2024-06-10 18:01:20-0400: Controller: genmove white
2024-06-10 18:01:21-0400: MoveNum: 14 HASH: F90207AF8AB399565A27F9A248B38459
   A B C D E F G H J
 9 . . . . . . . . .
 8 . . . . . . . . .
 7 . . X3. . . . . .
 6 . X1O . X . . . .
 5 . X O X O2@ . . .
 4 . . X O . X . . .
 3 . . X O . . . . .
 2 . X O O . . . . .
 1 . . . . . . . . .

koPOSITIONALscoreAREAtaxNONEsui1komi5.5
Time taken: 1.031
Root visits: 3374
New playouts: 2507
NN rows: 1384
NN batches: 56
NN avg batch size: 24.7143
PlayoutDoublingAdvantage: 2
PV: F5 G4 G5 H5 H6 H4 F2 G6 D6 D7 F6 G7 E7 E8 F7 F8 B1 B3 H7 G8 H3 H2
Tree:
: T -105.51c W -98.72c S  -7.06c ( -9.9 L  -9.7) N    3374  --  F5 G4 G5 H5 H6 H4 F2
---White(^)---
F5  : T -105.50c W -98.56c S  -7.23c (-10.0 L  -9.9) LCB -106.52c P 50.00% WF 4058.8 PSV    4060 N    1893  --  F5 G4 G5 H5 H6 H4 F2 G6
D6  : T -105.45c W -98.90c S  -6.78c ( -9.7 L  -9.5) LCB -106.59c P 45.45% WF 3342.0 PSV    3340 N    1473  --  D6 D7 F6 D5 E7 H5 D6 G7
F6  : T -116.13c W -99.50c S -15.05c (-14.2 L -13.4) LCB -149.04c P  2.48% WF  13.3 PSV      14 N       5  --  F6 F5 D6 E7
G3  : T -115.85c W -99.25c S -16.61c (-14.1 L -14.1) LCB -465.85c P  0.20% WF   4.5 PSV       1 N       1  --  G3
B3  : T -123.66c W -99.19c S -24.48c (-20.8 L -21.3) LCB -473.66c P  0.26% WF   5.4 PSV       0 N       1  --  B3

2024-06-10 18:01:21-0400: = F5
2024-06-10 18:01:23-0400: Controller: kata-list_time_settings
2024-06-10 18:01:23-0400: = none absolute byoyomi canadian fischer fischer-capped
2024-06-10 18:01:23-0400: Controller: play black h5
2024-06-10 18:01:23-0400: = 
2024-06-10 18:01:23-0400: Controller: genmove white
2024-06-10 18:01:24-0400: MoveNum: 16 HASH: 01836865CBCD8A9A59182181E33290FD
   A B C D E F G H J
 9 . . . . . . . . .
 8 . . . . . . . . .
 7 . . X1. . . . . .
 6 . X O . X @ . . .
 5 . X O X O O2. X3.
 4 . . X O . X . . .
 3 . . X O . . . . .
 2 . X O O . . . . .
 1 . . . . . . . . .

koPOSITIONALscoreAREAtaxNONEsui1komi5.5
Time taken: 1.031
Root visits: 1979
New playouts: 1742
NN rows: 1333
NN batches: 53
NN avg batch size: 25.1509
PlayoutDoublingAdvantage: 2
PV: F6 F2 D6 E7 G3 F3 G4 G5 G2 H4 F1 E1
Tree:
: T -103.41c W -98.77c S  -5.11c ( -7.5 L  -7.4) N    1979  --  F6 F2 D6 E7 G3 F3 G4
---White(^)---
F6  : T -102.64c W -98.77c S  -4.32c ( -7.1 L  -7.0) LCB -103.76c P 21.81% WF 3017.0 PSV    3191 N    1264  --  F6 F2 D6 E7 G3 F3 G4 G5
D6  : T -103.84c W -98.76c S  -5.53c ( -7.7 L  -7.6) LCB -105.70c P 37.07% WF 1419.7 PSV    1117 N     611  --  D6 D7 F6 D5 G4 H4 G3 G7
G5  : T -109.86c W -98.63c S -10.84c (-10.9 L -10.9) LCB -112.21c P 32.74% WF 194.6 PSV     200 N      89  --  G5 G4 H6 H4 F3 G3 D6 D7
G4  : T -110.05c W -99.71c S -12.10c (-10.6 L  -9.9) LCB -184.89c P  1.68% WF   9.2 PSV       9 N       3  --  G4 G5
H6  : T -110.94c W -99.57c S -11.70c (-10.8 L -10.2) LCB -260.92c P  1.07% WF   5.9 PSV       5 N       2  --  H6 G5
G7  : T -114.37c W -99.41c S -13.64c (-12.0 L -11.6) LCB -265.73c P  1.08% WF   5.1 PSV       4 N       2  --  G7 F6
G6  : T -111.64c W -99.56c S -11.35c (-10.4 L  -9.9) LCB -260.65c P  0.82% WF   6.4 PSV       4 N       2  --  G6 H6
H3  : T -113.16c W -99.56c S -13.60c (-11.4 L -11.2) LCB -463.16c P  0.65% WF   3.3 PSV       2 N       1  --  H3
G3  : T -114.68c W -99.49c S -15.18c (-12.1 L -12.2) LCB -464.68c P  0.42% WF   3.5 PSV       1 N       1  --  G3
F7  : T -112.03c W -99.44c S -12.59c (-10.9 L -10.6) LCB -462.03c P  0.39% WF   3.6 PSV       1 N       1  --  F7

2024-06-10 18:01:24-0400: = F6
2024-06-10 18:01:26-0400: Controller: kata-list_time_settings
2024-06-10 18:01:26-0400: = none absolute byoyomi canadian fischer fischer-capped
2024-06-10 18:01:26-0400: Controller: play black g3
2024-06-10 18:01:26-0400: = 
2024-06-10 18:01:26-0400: Controller: genmove white
2024-06-10 18:01:27-0400: MoveNum: 18 HASH: 3B267508C96DB4A934BF83E465326FF8
   A B C D E F G H J
 9 . . . . . . . . .
 8 . . . . . . . . .
 7 . . X . . . . . .
 6 . X O @ X O2. . .
 5 . X O X O O . X1.
 4 . . X O . X . . .
 3 . . X O . . X3. .
 2 . X O O . . . . .
 1 . . . . . . . . .

koPOSITIONALscoreAREAtaxNONEsui1komi5.5
Time taken: 1.031
Root visits: 2164
New playouts: 1883
NN rows: 1361
NN batches: 54
NN avg batch size: 25.2037
PlayoutDoublingAdvantage: 2
PV: D6 E7 D7 D8 D5 E8 C8 B7 F7 C9 F2 G2 H6 G5 G6 J6 J7 J5 H8 F3
Tree:
: T -102.56c W -98.46c S  -4.41c ( -7.3 L  -7.1) N    2164  --  D6 E7 D7 D8 D5 E8 C8
---White(^)---
D6  : T -102.36c W -98.44c S  -4.24c ( -7.2 L  -7.0) LCB -103.31c P 80.40% WF 4640.9 PSV    4636 N    2135  --  D6 E7 D7 D8 D5 E8 C8 B7
H6  : T -112.29c W -99.42c S -12.20c (-11.0 L -10.9) LCB -118.61c P 10.91% WF  45.0 PSV      47 N      15  --  H6 D6 E4 G5 G6
H4  : T -111.40c W -99.36c S -10.74c (-10.1 L  -9.9) LCB -265.88c P  1.26% WF   5.7 PSV       6 N       2  --  H4 G5
G5  : T -110.62c W -99.21c S -10.37c ( -9.9 L  -9.5) LCB -262.23c P  1.01% WF   5.4 PSV       5 N       2  --  G5 H6
F2  : T -115.62c W -99.62c S -14.65c (-12.4 L -12.0) LCB -268.69c P  1.44% WF   6.1 PSV       4 N       2  --  F2 D6
G4  : T -112.91c W -99.51c S -12.89c (-11.1 L -10.6) LCB -261.94c P  0.92% WF   6.4 PSV       3 N       2  --  G4 G5
H3  : T -110.74c W -98.71c S -12.03c (-11.0 L -11.6) LCB -460.74c P  0.68% WF   2.9 PSV       3 N       1  --  H3
F3  : T -112.11c W -99.46c S -12.64c (-10.9 L -10.8) LCB -462.11c P  0.50% WF   3.7 PSV       2 N       1  --  F3
H2  : T -113.93c W -99.23c S -14.70c (-12.6 L -13.1) LCB -463.93c P  0.50% WF   3.6 PSV       1 N       1  --  H2
G2  : T -116.27c W -99.32c S -16.95c (-13.9 L -14.4) LCB -466.27c P  0.35% WF   4.1 PSV       1 N       1  --  G2

2024-06-10 18:01:27-0400: = D6
2024-06-10 18:01:29-0400: Controller: kata-list_time_settings
2024-06-10 18:01:29-0400: = none absolute byoyomi canadian fischer fischer-capped
2024-06-10 18:01:29-0400: Controller: play black h6
2024-06-10 18:01:29-0400: = 
2024-06-10 18:01:29-0400: Controller: genmove white
2024-06-10 18:01:30-0400: MoveNum: 20 HASH: 694AC209629631A394E8B3AB7919863D
   A B C D E F G H J
 9 . . . . . . . . .
 8 . . . @ . . . . .
 7 . . X . . . . . .
 6 . X O O2X O . X3.
 5 . X O . O O . X .
 4 . . X O . X . . .
 3 . . X O . . X1. .
 2 . X O O . . . . .
 1 . . . . . . . . .

koPOSITIONALscoreAREAtaxNONEsui1komi5.5
Time taken: 1.031
Root visits: 2005
New playouts: 1892
NN rows: 1351
NN batches: 52
NN avg batch size: 25.9808
PlayoutDoublingAdvantage: 2
PV: D8 C8 B1 D7 E7 E8 F8 D9 F2 G7 F7 G2 H8 H7 B3 B4
Tree:
: T -101.29c W -99.01c S  -2.91c ( -5.0 L  -4.8) N    2005  --  D8 C8 B1 D7 E7 E8 F8
---White(^)---
D8  : T -100.72c W -98.95c S  -2.41c ( -4.8 L  -4.6) LCB -101.57c P 29.45% WF 4626.7 PSV    4603 N    1789  --  D8 C8 B1 D7 E7 E8 F8 D9
D7  : T -102.99c W -99.38c S  -3.84c ( -5.3 L  -5.1) LCB -104.41c P 13.35% WF 257.3 PSV     243 N      87  --  D7 C8 D8 D9 B1 B3 F2 E8
C8  : T -105.05c W -99.58c S  -6.47c ( -6.3 L  -5.9) LCB -108.39c P 20.69% WF 193.4 PSV     202 N      63  --  C8 D7 E7 D8 E8 B8 F2 G2
B1  : T -111.75c W -99.65c S -12.63c ( -9.3 L  -9.1) LCB -117.73c P 15.70% WF  61.7 PSV      64 N      20  --  B1 E7 D7 D8 D5 B8 E8
F2  : T -111.11c W -99.32c S -11.41c ( -9.0 L  -8.6) LCB -114.50c P  8.38% WF  36.3 PSV      36 N      14  --  F2 E7 F7 D7 G2 G8 F8 D5
E8  : T -104.32c W -99.51c S  -4.90c ( -5.7 L  -5.4) LCB -110.64c P  2.97% WF  35.6 PSV      35 N      11  --  E8 F2 C8
B7  : T -105.14c W -99.45c S  -5.31c ( -5.9 L  -5.6) LCB -135.66c P  1.87% WF  16.1 PSV      16 N       5  --  B7 B8 B1
B8  : T -105.58c W -98.16c S  -7.18c ( -7.2 L  -7.1) LCB -142.57c P  0.95% WF   8.9 PSV       8 N       5  --  B8 E7 B7
G7  : T -113.27c W -99.36c S -12.41c ( -9.4 L  -9.1) LCB -264.74c P  1.64% WF   5.8 PSV       5 N       2  --  G7 E7
G4  : T -110.44c W -99.38c S  -9.60c ( -7.8 L  -7.5) LCB -259.57c P  0.81% WF   5.7 PSV       3 N       2  --  G4 F2

2024-06-10 18:01:30-0400: = D8
2024-06-10 18:01:32-0400: Controller: kata-list_time_settings
2024-06-10 18:01:32-0400: = none absolute byoyomi canadian fischer fischer-capped
2024-06-10 18:01:32-0400: Controller: play black c8
2024-06-10 18:01:32-0400: = 
2024-06-10 18:01:32-0400: Controller: genmove white
2024-06-10 18:01:33-0400: MoveNum: 22 HASH: ABCF129AC5CAA141B3425807EAFF3FB4
   A B C D E F G H J
 9 . . . . . . . . .
 8 . . X3O2. . . . .
 7 . . X . . . . . .
 6 . X O O X O . X1.
 5 . X O . O O . X .
 4 . . X O . X . . .
 3 . . X O . . X . .
 2 . X O O . . . . .
 1 . @ . . . . . . .

koPOSITIONALscoreAREAtaxNONEsui1komi5.5
Time taken: 1.031
Root visits: 7885
New playouts: 2032
NN rows: 1346
NN batches: 54
NN avg batch size: 24.9259
PlayoutDoublingAdvantage: 2
PV: B1 B3 F2 G7 D7 D9 F8 G2 H8 G8 G9 H7 F3 F7
Tree:
: T -102.83c W -99.00c S  -4.02c ( -5.1 L  -5.0) N    7885  --  B1 B3 F2 G7 D7 D9 F8
---White(^)---
B1  : T -102.55c W -99.02c S  -3.71c ( -5.0 L  -4.9) LCB -103.03c P 27.48% WF 13099.3 PSV   14642 N    4924  --  B1 B3 F2 G7 D7 D9 F8 G2
F2  : T -102.91c W -98.93c S  -4.28c ( -5.3 L  -5.2) LCB -103.61c P 36.72% WF 5916.3 PSV    5940 N    2372  --  F2 G7 B1 E8 E7 D7 F8 D9
D7  : T -103.44c W -99.23c S  -4.25c ( -5.1 L  -5.0) LCB -104.67c P  7.14% WF 755.6 PSV     724 N     259  --  D7 D9 B1 B3 F2 G2 G7 E8
F8  : T -104.64c W -99.19c S  -5.55c ( -5.6 L  -5.5) LCB -107.02c P  8.00% WF 391.1 PSV     395 N     137  --  F8 F2 B8 B9 B1 B3 H8 H7
G7  : T -107.13c W -99.22c S  -7.66c ( -6.4 L  -6.3) LCB -109.28c P 10.32% WF 238.9 PSV     246 N      83  --  G7 F2 B1 B3 B8 B7 E8 H7
B8  : T -105.01c W -98.26c S  -6.46c ( -6.2 L  -6.0) LCB -108.54c P  4.47% WF 187.9 PSV     190 N      81  --  B8 B7 F8 G7 F2 E7 D7 F7
H8  : T -108.08c W -99.44c S  -8.94c ( -7.3 L  -6.7) LCB -153.42c P  0.56% WF  10.7 PSV      11 N       4  --  H8 E8
B7  : T -107.93c W -99.42c S  -7.98c ( -6.5 L  -6.5) LCB -185.65c P  0.63% WF  10.9 PSV      11 N       3  --  B7 B8 G7
G4  : T -112.45c W -99.52c S -11.83c ( -8.4 L  -8.1) LCB -191.56c P  0.82% WF   9.5 PSV       9 N       3  --  G4 F2 H7
G8  : T -107.89c W -99.44c S  -8.39c ( -6.8 L  -6.3) LCB -183.22c P  0.36% WF   9.5 PSV       7 N       3  --  G8 F2

2024-06-10 18:01:33-0400: = B1
2024-06-10 18:01:35-0400: Controller: kata-list_time_settings
2024-06-10 18:01:35-0400: = none absolute byoyomi canadian fischer fischer-capped
2024-06-10 18:01:35-0400: Controller: play black b3
2024-06-10 18:01:35-0400: = 
2024-06-10 18:01:35-0400: Controller: genmove white
2024-06-10 18:01:36-0400: MoveNum: 24 HASH: 8203318AD75D1A08C8ACEF9878FBDF1D
   A B C D E F G H J
 9 . . . . . . . . .
 8 . . X1O . . . . .
 7 . . X . . . . . .
 6 . X O O X O . X .
 5 . X O . O O . X .
 4 . . X O . X . . .
 3 . X3X O . . X . .
 2 . X O O . @ . . .
 1 . O2. . . . . . .

koPOSITIONALscoreAREAtaxNONEsui1komi5.5
Time taken: 1.032
Root visits: 9519
New playouts: 2351
NN rows: 1353
NN batches: 53
NN avg batch size: 25.5283
PlayoutDoublingAdvantage: 2
PV: F2 G7 D7 D9 F8 G2 H8 G8 G9 H7 F3 G4 A2 A3 B7 B8
Tree:
: T -102.84c W -99.04c S  -3.80c ( -5.1 L  -5.1) N    9519  --  F2 G7 D7 D9 F8 G2 H8
---White(^)---
F2  : T -102.55c W -99.03c S  -3.56c ( -5.0 L  -5.0) LCB -102.93c P 35.63% WF 19298.6 PSV   19216 N    7202  --  F2 G7 D7 D9 F8 G2 H8 G8
D7  : T -102.91c W -99.20c S  -3.63c ( -5.0 L  -5.0) LCB -103.54c P 15.87% WF 4502.5 PSV    3430 N    1625  --  D7 D9 F2 G2 G7 E8 E7 H7
F8  : T -104.03c W -98.83c S  -5.17c ( -5.5 L  -5.5) LCB -106.81c P 12.96% WF 998.0 PSV     985 N     349  --  F8 F2 B8 B9 H8 H7 G7 J8
B8  : T -107.17c W -97.73c S  -8.73c ( -7.8 L  -7.8) LCB -111.22c P 14.66% WF 392.4 PSV     394 N     186  --  B8 D7 E7 E8 F8 D9 F2 G7
G7  : T -108.15c W -99.21c S  -8.42c ( -6.8 L  -6.8) LCB -110.47c P 14.30% WF 305.5 PSV     320 N     107  --  G7 F2 E9 H7 B8 C9 B7
A4  : T -104.95c W -99.18c S  -5.39c ( -5.6 L  -5.6) LCB -111.14c P  0.46% WF  37.6 PSV      22 N      13  --  A4 B8 G7 F2
G4  : T -109.67c W -99.51c S  -9.88c ( -7.6 L  -7.3) LCB -124.10c P  1.20% WF  22.9 PSV      21 N       8  --  G4 F2 H4
H8  : T -108.06c W -99.43c S  -8.54c ( -7.2 L  -7.1) LCB -128.65c P  0.65% WF  15.0 PSV      14 N       6  --  H8 G7 F8
G8  : T -107.09c W -99.49c S  -7.45c ( -6.5 L  -6.0) LCB -150.64c P  0.44% WF  11.4 PSV      12 N       4  --  G8 F2
E7  : T -107.67c W -99.70c S  -9.37c ( -7.1 L  -6.6) LCB -185.57c P  0.43% WF  10.0 PSV      10 N       3  --  E7 G7

2024-06-10 18:01:36-0400: = F2
2024-06-10 18:01:39-0400: Controller: kata-list_time_settings
2024-06-10 18:01:39-0400: = none absolute byoyomi canadian fischer fischer-capped
2024-06-10 18:01:39-0400: Controller: play black f8
2024-06-10 18:01:39-0400: = 
2024-06-10 18:01:39-0400: Controller: genmove white
2024-06-10 18:01:40-0400: MoveNum: 26 HASH: 6BF143447DA8E4027D6590C6BF493A7C
   A B C D E F G H J
 9 . . . . . . . . .
 8 . . X O . X3. . .
 7 . . X . . . @ . .
 6 . X O O X O . X .
 5 . X O . O O . X .
 4 . . X O . X . . .
 3 . X1X O . . X . .
 2 . X O O . O2. . .
 1 . O . . . . . . .

koPOSITIONALscoreAREAtaxNONEsui1komi5.5
Time taken: 1.032
Root visits: 1961
New playouts: 1865
NN rows: 1384
NN batches: 53
NN avg batch size: 26.1132
PlayoutDoublingAdvantage: 2
PV: G7 H7 D7 D9 G4 H4 G8 G2 G1 H1 E9
Tree:
: T -100.06c W -97.44c S  -2.60c ( -3.8 L  -3.8) N    1961  --  G7 H7 D7 D9 G4 H4 G8
---White(^)---
G7  : T -99.27c W -97.26c S  -1.98c ( -3.5 L  -3.6) LCB -101.28c P 34.23% WF 3217.6 PSV    3191 N    1576  --  G7 H7 D7 D9 G4 H4 G8 G2
D7  : T -103.46c W -98.44c S  -4.31c ( -4.6 L  -4.6) LCB -106.45c P 25.53% WF 309.6 PSV     299 N     131  --  D7 G7 B8 B7 C9 A7 G2 H2
E8  : T -104.45c W -98.72c S  -5.85c ( -5.0 L  -4.8) LCB -110.62c P 21.77% WF 215.6 PSV     211 N      86  --  E8 G7 G2 H2 F7 G8 A2
G4  : T -100.60c W -96.95c S  -4.29c ( -4.5 L  -4.5) LCB -105.88c P  3.60% WF 126.1 PSV     104 N      79  --  G4 H3 G7 D7 E7 E8 G2
H2  : T -98.41c W -96.59c S  -3.09c ( -4.0 L  -4.0) LCB -109.15c P  3.04% WF  87.3 PSV      87 N      51  --  H2 G2 G1 D7 G7 H7 G8 H3
B8  : T -107.40c W -98.21c S  -8.66c ( -6.5 L  -6.5) LCB -115.21c P  4.78% WF  34.1 PSV      30 N      18  --  B8 D7 E7 E8 B7 D9 A4 B4
G2  : T -104.92c W -99.38c S  -5.51c ( -4.8 L  -4.6) LCB -110.37c P  2.95% WF  27.1 PSV      26 N      11  --  G2 G7 D7 D9 E9 C9 E8 H2
H4  : T -107.02c W -99.23c S  -8.02c ( -6.0 L  -6.0) LCB -261.72c P  0.69% WF   4.5 PSV       4 N       2  --  H4 H3
H3  : T -109.87c W -99.07c S -10.72c ( -7.3 L  -7.4) LCB -266.58c P  0.72% WF   4.2 PSV       3 N       2  --  H3 G2
E7  : T -109.81c W -99.43c S -10.37c ( -6.6 L  -7.0) LCB -459.81c P  0.41% WF   3.5 PSV       2 N       1  --  E7

2024-06-10 18:01:40-0400: = G7
2024-06-10 18:01:42-0400: Controller: kata-list_time_settings
2024-06-10 18:01:42-0400: = none absolute byoyomi canadian fischer fischer-capped
2024-06-10 18:01:42-0400: Controller: play black d7
2024-06-10 18:01:42-0400: = 
2024-06-10 18:01:42-0400: Controller: genmove white
2024-06-10 18:01:43-0400: MoveNum: 28 HASH: 4B5E37D934346DE515422D1A1C533528
   A B C D E F G H J
 9 . . . . . . . . .
 8 . . X O . X1. . .
 7 . . X X3@ . O2. .
 6 . X O O X O . X .
 5 . X O . O O . X .
 4 . . X O . X . . .
 3 . X X O . . X . .
 2 . X O O . O . . .
 1 . O . . . . . . .

koPOSITIONALscoreAREAtaxNONEsui1komi5.5
Time taken: 1.015
Root visits: 3082
New playouts: 2864
NN rows: 1317
NN batches: 51
NN avg batch size: 25.8235
PlayoutDoublingAdvantage: 2
PV: E7 E8 H2 H3 G2 H8 H7 J7 G8 G9 J6 J5 J3 J4 G4 F3 G5 J2 H9 J9 A2
Tree:
: T -91.78c W -89.56c S  -2.41c ( -3.0 L  -3.1) N    3082  --  E7 E8 H2 H3 G2 H8 H7
---White(^)---
E7  : T -91.33c W -89.17c S  -1.92c ( -2.8 L  -2.9) LCB  -96.15c P 44.14% WF 2280.0 PSV    2274 N    2022  --  E7 E8 H2 H3 G2 H8 H7 J7
H2  : T -90.82c W -89.47c S  -2.12c ( -2.9 L  -3.0) LCB  -98.06c P 30.41% WF 1478.4 PSV    1466 N     946  --  H2 H7 E7 G8 E8 G2 B8 B7
G2  : T -109.31c W -97.24c S -11.89c ( -8.9 L  -8.9) LCB -120.02c P 14.77% WF  76.7 PSV      85 N      48  --  G2 H7 E7 E8 G8 H2 H1 F7
G4  : T -102.25c W -93.45c S  -7.78c ( -5.5 L  -5.6) LCB -112.80c P  6.74% WF  51.5 PSV      56 N      55  --  G4 H3 F3 H4 G2
H7  : T -113.77c W -99.36c S -13.95c ( -7.6 L  -7.5) LCB -205.69c P  1.76% WF   7.7 PSV       8 N       3  --  H7 G2 E7
H4  : T -110.51c W -98.79c S -11.73c ( -6.8 L  -7.7) LCB -460.51c P  0.32% WF   1.7 PSV       1 N       1  --  H4
H1  : T -114.24c W -99.05c S -15.19c ( -8.9 L -10.0) LCB -464.24c P  0.25% WF   1.9 PSV       1 N       1  --  H1
H3  : T -113.74c W -98.31c S -15.42c ( -9.1 L -11.2) LCB -463.74c P  0.23% WF   1.8 PSV       1 N       1  --  H3
E8  : T -115.01c W -99.21c S -15.80c (-10.5 L -13.6) LCB -465.01c P  0.19% WF   1.7 PSV       0 N       1  --  E8
G5  : T -115.53c W -98.75c S -16.78c ( -9.5 L -10.1) LCB -465.53c P  0.14% WF   2.6 PSV       0 N       1  --  G5

2024-06-10 18:01:43-0400: = E7
2024-06-10 18:01:45-0400: Controller: kata-list_time_settings
2024-06-10 18:01:45-0400: = none absolute byoyomi canadian fischer fischer-capped
2024-06-10 18:01:45-0400: Controller: play black e8
2024-06-10 18:01:45-0400: = 
2024-06-10 18:01:45-0400: Controller: genmove white
2024-06-10 18:01:46-0400: MoveNum: 30 HASH: 088AEF5A0C6B0DE9B92A25DD28D1AE41
   A B C D E F G H J
 9 . . . . . . . . .
 8 . . X O X3X . . .
 7 . . X X1O2. O . .
 6 . X O O . O . X .
 5 . X O . O O . X .
 4 . . X O . X . . .
 3 . X X O . . X . .
 2 . X O O . O . @ .
 1 . O . . . . . . .

koPOSITIONALscoreAREAtaxNONEsui1komi5.5
Time taken: 1.031
Root visits: 12656
New playouts: 2045
NN rows: 1314
NN batches: 55
NN avg batch size: 23.8909
PlayoutDoublingAdvantage: 2
PV: H2 G2 G1 H3 H7 H1 J1 J4 F7 J2 J3 F3 E3 J2 B7 H1 A4 B4 B8 D9 A2 B9 A3 A7 F1
Tree:
: T -100.08c W -95.95c S  -3.73c ( -4.3 L  -4.5) N   12656  --  H2 G2 G1 H3 H7 H1 J1
---White(^)---
H2  : T -99.72c W -95.84c S  -3.48c ( -4.2 L  -4.4) LCB -100.59c P 57.63% WF 22295.6 PSV   22190 N   12099  --  H2 G2 G1 H3 H7 H1 J1 J4
G2  : T -107.96c W -99.00c S  -8.54c ( -6.0 L  -5.9) LCB -109.83c P 28.55% WF 691.5 PSV     763 N     297  --  G2 H7 G8 H8 H3 H4 F3 G4
G4  : T -103.26c W -95.19c S  -6.73c ( -5.5 L  -5.7) LCB -111.95c P  5.12% WF 281.2 PSV     291 N     198  --  G4 H3 G2 H7 G8 H2 F3 H8
H1  : T -107.54c W -99.04c S -11.75c ( -7.7 L  -7.5) LCB -119.42c P  1.20% WF  33.1 PSV      33 N      16  --  H1 H7 G8 G2 G1
B7  : T -116.18c W -98.60c S -16.12c (-11.1 L -11.1) LCB -127.69c P  2.27% WF  27.9 PSV      30 N      12  --  B7 F7 G6 G2
H7  : T -112.59c W -99.09c S -13.06c ( -8.0 L  -7.9) LCB -122.08c P  1.60% WF  27.6 PSV      28 N      10  --  H7 G2 J6 F3 H4
B8  : T -116.79c W -98.67c S -16.07c (-11.0 L -11.0) LCB -133.51c P  1.36% WF  19.0 PSV      17 N       8  --  B8 G2 B7 D9
H4  : T -109.18c W -97.87c S -11.33c ( -7.5 L  -7.6) LCB -142.89c P  0.53% WF  11.3 PSV      12 N       6  --  H4 H3 G4
H3  : T -112.91c W -98.59c S -13.52c ( -8.8 L  -8.5) LCB -200.62c P  0.36% WF   5.5 PSV       6 N       3  --  H3 G2
G5  : T -115.17c W -99.29c S -15.55c ( -9.4 L  -9.2) LCB -264.51c P  0.32% WF   5.7 PSV       4 N       2  --  G5 G2

2024-06-10 18:01:46-0400: = H2
2024-06-10 18:01:48-0400: Controller: kata-list_time_settings
2024-06-10 18:01:48-0400: = none absolute byoyomi canadian fischer fischer-capped
2024-06-10 18:01:48-0400: Controller: play black h8
2024-06-10 18:01:48-0400: = 
2024-06-10 18:01:48-0400: Controller: genmove white
2024-06-10 18:01:49-0400: MoveNum: 32 HASH: 43008946B59AD66524D0E1C37A4BBC46
   A B C D E F G H J
 9 . . . . . . . . .
 8 . . X O X1X . X3.
 7 . . X X O . O . .
 6 . X O O . O . X .
 5 . X O . O O . X .
 4 . . X O . X . . .
 3 . X X O . . X @ .
 2 . X O O . O . O2.
 1 . O . . . . . . .

koPOSITIONALscoreAREAtaxNONEsui1komi5.5
Time taken: 1.016
Root visits: 14835
New playouts: 14662
NN rows: 1269
NN batches: 52
NN avg batch size: 24.4038
PlayoutDoublingAdvantage: 2
PV: H3 H4 H7 J7 J6 J5 G8 G9 G2 F7 G6 E6 F9 E9 E7 G4 E4 H9 J8 J9 J3 E6 J4 F9
Tree:
: T  18.93c W  25.31c S   0.59c ( +0.5 L  +0.3) N   14835  --  H3 H4 H7 J7 J6 J5 G8
---White(^)---
H3  : T  20.95c W  26.76c S   0.87c ( +0.6 L  +0.4) LCB   14.83c P 18.37% WF 2854.0 PSV    6207 N    4530  --  H3 H4 H7 J7 J6 J5 G8 G9
H7  : T  18.28c W  24.98c S   0.49c ( +0.4 L  +0.2) LCB   13.42c P 54.81% WF 4125.7 PSV    4178 N    6868  --  H7 J7 J6 J5 H3 H4 G8 G9
G8  : T  18.33c W  24.79c S   0.53c ( +0.4 L  +0.2) LCB   11.46c P 25.19% WF 2099.3 PSV    1938 N    3426  --  G8 G9 H3 H4 H7 J7 J6 J5
B7  : T -113.49c W -98.00c S -15.49c ( -6.9 L  -8.4) LCB -464.06c P  0.37% WF   1.5 PSV       1 N       1  --  B7
G4  : T -111.32c W -98.08c S -13.25c ( -5.5 L  -6.8) LCB -461.32c P  0.20% WF   1.0 PSV       0 N       1  --  G4
H9  : T -117.20c W -98.82c S -18.38c ( -8.1 L  -9.3) LCB -467.20c P  0.18% WF   1.5 PSV       0 N       1  --  H9
G5  : T -113.37c W -98.66c S -14.71c ( -6.1 L  -7.3) LCB -463.37c P  0.15% WF   1.2 PSV       0 N       1  --  G5
B8  : T -109.66c W -96.97c S -12.70c ( -5.6 L  -7.0) LCB -460.27c P  0.14% WF   1.1 PSV       0 N       1  --  B8
J8  : T -120.80c W -99.19c S -21.61c (-10.3 L -10.8) LCB -470.80c P  0.09% WF   1.8 PSV       0 N       1  --  J8
A4  : T -108.59c W -97.83c S -10.77c ( -4.2 L  -5.2) LCB -458.59c P  0.08% WF   1.2 PSV       0 N       1  --  A4

2024-06-10 18:01:49-0400: = H3
2024-06-10 18:01:51-0400: Controller: kata-list_time_settings
2024-06-10 18:01:51-0400: = none absolute byoyomi canadian fischer fischer-capped
2024-06-10 18:01:51-0400: Controller: play black h4
2024-06-10 18:01:51-0400: = 
2024-06-10 18:01:51-0400: Controller: genmove white
2024-06-10 18:01:52-0400: MoveNum: 34 HASH: 03122439F0F7A4B746FF0FF138E14417
   A B C D E F G H J
 9 . . . . . . . . .
 8 . . X O X X . X1.
 7 . . X X O . O @ .
 6 . X O O . O . X .
 5 . X O . O O . X .
 4 . . X O . X . X3.
 3 . X X O . . X O2.
 2 . X O O . O . O .
 1 . O . . . . . . .

koPOSITIONALscoreAREAtaxNONEsui1komi5.5
Time taken: 1.032
Root visits: 5647
New playouts: 5647
NN rows: 1259
NN batches: 53
NN avg batch size: 23.7547
PlayoutDoublingAdvantage: 1.875
PV: H7 J7 J6 J5 G8 G9 G2 F7 G6 G4 F9 E9 H9 J9 E4 E6 F3 F9 J3 H9
Tree:
: T  24.62c W  26.61c S   1.92c ( +0.8 L  +0.5) N    5647  --  H7 J7 J6 J5 G8 G9 G2
---White(^)---
H7  : T  26.20c W  28.28c S   2.07c ( +0.8 L  +0.6) LCB   18.35c P 71.78% WF 2309.4 PSV    2281 N    3808  --  H7 J7 J6 J5 G8 G9 G2 F7
G8  : T  24.54c W  25.99c S   2.16c ( +0.9 L  +0.6) LCB   13.55c P 25.57% WF 1029.0 PSV     645 N    1785  --  G8 G9 H7 J7 J6 J5 G2 F7
G4  : T -72.43c W -83.21c S  -5.66c ( -2.3 L  -2.9) LCB -267.52c P  1.16% WF   1.1 PSV       2 N       2  --  G4 G5
G5  : T -90.56c W -89.51c S  -5.80c ( -2.4 L  -2.8) LCB -249.46c P  0.58% WF   1.2 PSV       0 N       2  --  G5 G4
B7  : T -117.69c W -98.75c S -17.32c ( -8.3 L  -8.7) LCB -280.53c P  0.29% WF   2.4 PSV       0 N       2  --  B7 F7
B8  : T -118.09c W -98.53c S -17.74c ( -8.5 L  -8.7) LCB -287.44c P  0.11% WF   2.3 PSV       0 N       2  --  B8 F7
A4  : T -112.53c W -97.11c S -14.10c ( -6.6 L  -7.3) LCB -261.90c P  0.05% WF   1.7 PSV       0 N       2  --  A4 F7
A2  : T -117.48c W -99.03c S -17.70c ( -7.5 L  -7.4) LCB -272.51c P  0.01% WF   0.5 PSV       0 N       2  --  A2 F7
F3  : T -116.65c W -99.27c S -16.98c ( -6.8 L  -6.7) LCB -271.07c P  0.01% WF   0.4 PSV       0 N       2  --  F3 F7
H9  : T -116.55c W -99.06c S -17.49c ( -7.6 L  -8.5) LCB -466.55c P  0.11% WF   1.4 PSV       0 N       1  --  H9

2024-06-10 18:01:52-0400: = H7
2024-06-10 18:01:54-0400: Controller: kata-list_time_settings
2024-06-10 18:01:54-0400: = none absolute byoyomi canadian fischer fischer-capped
2024-06-10 18:01:54-0400: Controller: play black j7
2024-06-10 18:01:55-0400: = 
2024-06-10 18:01:55-0400: Controller: genmove white
2024-06-10 18:01:56-0400: MoveNum: 36 HASH: 23D8B9D14E7642F11AFAB5B9129A70A7
   A B C D E F G H J
 9 . . . . . . . . .
 8 . . X O X X . X .
 7 . . X X O . O O2X3
 6 . X O O . O . X @
 5 . X O . O O . X .
 4 . . X O . X . X1.
 3 . X X O . . X O .
 2 . X O O . O . O .
 1 . O . . . . . . .

koPOSITIONALscoreAREAtaxNONEsui1komi5.5
Time taken: 1.016
Root visits: 4629
New playouts: 4629
NN rows: 1297
NN batches: 56
NN avg batch size: 23.1607
PlayoutDoublingAdvantage: 1.75
PV: J6 J5 G8 G9 G2 F7 G6 E6 F9 E9 E7 G4 H9 J9 E4 H9 G5 E6 J3 F9 E7
Tree:
: T  28.68c W  30.52c S   1.10c ( +0.5 L  +0.3) N    4629  --  J6 J5 G8 G9 G2 F7 G6
---White(^)---
J6  : T  32.92c W  34.95c S   1.25c ( +0.5 L  +0.4) LCB   22.73c P 32.97% WF 1254.5 PSV    1995 N    2022  --  J6 J5 G8 G9 G2 F7 G6 E6
G8  : T  29.48c W  31.38c S   1.16c ( +0.5 L  +0.3) LCB   19.65c P 48.39% WF 1312.7 PSV    1307 N    2262  --  G8 G9 J6 J5 G2 F7 G6 E6
J8  : T  -3.89c W  -6.67c S   1.41c ( +0.6 L  +0.2) LCB  -33.84c P 13.54% WF 106.3 PSV      58 N     278  --  J8 J9 G8 G9 J6 J5 G2 F7
G4  : T -29.35c W -35.30c S  -0.90c ( -0.3 L  -1.0) LCB  -91.72c P  4.20% WF   7.2 PSV      10 N      19  --  G4 G5 G8 G9 J6 J5 H9 J9
B7  : T -112.60c W -98.40c S -12.83c ( -5.5 L  -6.1) LCB -264.51c P  0.24% WF   2.0 PSV       0 N       2  --  B7 F7
G5  : T -88.31c W -86.94c S  -4.99c ( -1.9 L  -2.4) LCB -240.54c P  0.22% WF   1.1 PSV       0 N       2  --  G5 G4
B8  : T -94.56c W -91.80c S  -5.57c ( -2.1 L  -2.7) LCB -246.47c P  0.07% WF   1.4 PSV       0 N       2  --  B8 B7
A4  : T -109.31c W -97.45c S -11.25c ( -4.8 L  -5.8) LCB -263.91c P  0.03% WF   0.9 PSV       0 N       2  --  A4 F7
G2  : T -111.26c W -99.44c S -11.60c ( -4.1 L  -4.3) LCB -271.74c P  0.02% WF   0.6 PSV       0 N       2  --  G2 F7
H9  : T -116.41c W -98.90c S -17.52c ( -7.4 L  -7.9) LCB -466.41c P  0.04% WF   1.1 PSV       0 N       1  --  H9

2024-06-10 18:01:56-0400: = J6
2024-06-10 18:01:58-0400: Controller: kata-list_time_settings
2024-06-10 18:01:58-0400: = none absolute byoyomi canadian fischer fischer-capped
2024-06-10 18:01:58-0400: Controller: play black g2
2024-06-10 18:01:58-0400: = 
2024-06-10 18:01:58-0400: Controller: genmove white
2024-06-10 18:01:59-0400: MoveNum: 38 HASH: 1B538E1AFE6188D833A1F04D4355BA89
   A B C D E F G H J
 9 . . . . . . . . .
 8 . . X O X X . X .
 7 . . X X O . O O X1
 6 . X O O . O . X O2
 5 . X O . O O . X .
 4 . . X O . X . X .
 3 . X X O . . X O .
 2 . X O O . O X3O .
 1 . O . . . . @ . .

koPOSITIONALscoreAREAtaxNONEsui1komi5.5
Time taken: 1.031
Root visits: 5426
New playouts: 5426
NN rows: 1227
NN batches: 52
NN avg batch size: 23.5962
PlayoutDoublingAdvantage: 1.625
PV: G1 J5 G4 G5 G8 G9 F3 G4 J3 H9 J8 J9 A2 A3 E4 F9 D9 C9 F7
Tree:
: T  82.33c W  76.11c S   3.65c ( +1.3 L  +1.1) N    5426  --  G1 J5 G4 G5 G8 G9 F3
---White(^)---
G1  : T  83.48c W  77.12c S   3.83c ( +1.4 L  +1.2) LCB   80.92c P 87.42% WF 4291.7 PSV    4269 N    5375  --  G1 J5 G4 G5 G8 G9 F3 G4
J8  : T -92.36c W -80.54c S -10.21c ( -6.0 L  -6.5) LCB -149.04c P  7.33% WF   2.4 PSV       5 N       8  --  J8 H1 J2 F3
G4  : T -114.01c W -97.43c S -16.58c ( -7.9 L  -9.6) LCB -464.01c P  1.95% WF   0.8 PSV       1 N       1  --  G4
G8  : T -111.70c W -97.74c S -13.96c ( -6.3 L  -7.2) LCB -461.70c P  1.23% WF   0.9 PSV       0 N       1  --  G8
G5  : T -114.83c W -98.38c S -16.45c ( -7.6 L  -9.5) LCB -464.83c P  0.89% WF   1.0 PSV       0 N       1  --  G5
B7  : T -109.69c W -95.34c S -14.34c ( -8.2 L -10.8) LCB -460.18c P  0.45% WF   0.7 PSV       0 N       1  --  B7
B8  : T -110.10c W -96.11c S -14.00c ( -7.8 L -10.4) LCB -460.61c P  0.28% WF   0.8 PSV       0 N       1  --  B8
F3  : T -115.11c W -98.41c S -16.70c ( -7.6 L  -9.1) LCB -465.11c P  0.07% WF   1.0 PSV       0 N       1  --  F3
H9  : T -119.92c W -98.19c S -21.73c (-11.8 L -12.7) LCB -469.92c P  0.02% WF   0.8 PSV       0 N       1  --  H9
H1  : T -116.40c W -99.03c S -17.37c ( -8.4 L  -9.6) LCB -466.40c P  0.02% WF   0.8 PSV       0 N       1  --  H1

2024-06-10 18:01:59-0400: = G1
2024-06-10 18:02:01-0400: Controller: kata-list_time_settings
2024-06-10 18:02:01-0400: = none absolute byoyomi canadian fischer fischer-capped
2024-06-10 18:02:01-0400: Controller: play black j5
2024-06-10 18:02:01-0400: = 
2024-06-10 18:02:01-0400: Controller: genmove white
2024-06-10 18:02:02-0400: MoveNum: 40 HASH: 37061528740932D491FD582AC2F9861A
   A B C D E F G H J
 9 . . . . . . . . .
 8 . . X O X X . X .
 7 . . X X O . O O X
 6 . X O O . O . X .
 5 . X O . O O . X X3
 4 . . X O . X @ X .
 3 . X X O . . X O .
 2 . X O O . O X1O .
 1 . O . . . . O2. .

koPOSITIONALscoreAREAtaxNONEsui1komi5.5
Time taken: 1.031
Root visits: 6957
New playouts: 6957
NN rows: 1227
NN batches: 50
NN avg batch size: 24.54
PlayoutDoublingAdvantage: 1.5
PV: G4 G5 G8 G9 J3 F9 F3 H9 J8 J9 E4 G4 A2 A3 F7 D9 C1 J6 G6
Tree:
: T  79.59c W  77.70c S   0.50c ( +1.3 L  +1.1) N    6957  --  G4 G5 G8 G9 J3 F9 F3
---White(^)---
G4  : T  81.72c W  79.75c S   0.55c ( +1.3 L  +1.2) LCB   78.65c P  8.02% WF 2644.9 PSV    8075 N    3029  --  G4 G5 G8 G9 J3 F9 F3 H9
G8  : T  78.81c W  76.88c S   0.55c ( +1.3 L  +1.1) LCB   75.85c P 76.89% WF 2965.4 PSV    3017 N    3865  --  G8 G9 G4 G5 J3 F9 F3 H9
J8  : T -88.23c W -79.66c S  -8.74c ( -2.6 L  -2.6) LCB -147.59c P 14.46% WF   5.2 PSV      12 N      18  --  J8 G8 J6 H1 J1 J7 G4 G5
G5  : T -77.87c W -63.00c S  -4.32c ( -0.8 L  -1.4) LCB -127.61c P  0.09% WF   1.1 PSV       0 N       4  --  G5 G4 G8 G9
F3  : T -77.34c W -69.70c S  -4.59c ( -0.7 L  -1.6) LCB -154.09c P  0.25% WF   0.9 PSV       0 N       3  --  F3 G4 G8
B7  : T -107.50c W -94.59c S -12.91c ( -5.0 L  -7.4) LCB -458.06c P  0.09% WF   0.6 PSV       0 N       1  --  B7
B8  : T -108.51c W -95.47c S -13.04c ( -4.8 L  -7.2) LCB -459.18c P  0.04% WF   0.7 PSV       0 N       1  --  B8
A4  : T -99.35c W -90.51c S  -8.83c ( -2.8 L  -4.9) LCB -449.35c P  0.03% WF   0.5 PSV       0 N       1  --  A4
J3  : T -115.30c W -99.19c S -16.11c ( -5.3 L  -5.6) LCB -465.30c P  0.01% WF   0.6 PSV       0 N       1  --  J3
H9  : T -119.50c W -98.96c S -20.54c ( -8.6 L  -9.2) LCB -469.50c P  0.01% WF   0.5 PSV       0 N       1  --  H9

2024-06-10 18:02:02-0400: = G4
2024-06-10 18:02:04-0400: Controller: kata-list_time_settings
2024-06-10 18:02:04-0400: = none absolute byoyomi canadian fischer fischer-capped
2024-06-10 18:02:04-0400: Controller: play black g5
2024-06-10 18:02:04-0400: = 
2024-06-10 18:02:04-0400: Controller: genmove white
2024-06-10 18:02:05-0400: MoveNum: 42 HASH: 4080DE415C7E05C7A26F8A5E516C1D5B
   A B C D E F G H J
 9 . . . . . . . . .
 8 . . X O X X @ X .
 7 . . X X O . O O X
 6 . X O O . O . X .
 5 . X O . O O X3X X1
 4 . . X O . X .2X .
 3 . X X O . . X O .
 2 . X O O . O X O .
 1 . O . . . . O . .

koPOSITIONALscoreAREAtaxNONEsui1komi5.5
Time taken: 1.031
Root visits: 4373
New playouts: 4373
NN rows: 1275
NN batches: 53
NN avg batch size: 24.0566
PlayoutDoublingAdvantage: 1.375
PV: G8 G9 H9 J9 F3 G4 J3 F9 E4 H9 A2 A3 F7 D9 C1 J6 J4
Tree:
: T  84.83c W  81.65c S   0.44c ( +1.2 L  +1.0) N    4373  --  G8 G9 H9 J9 F3 G4 J3
---White(^)---
G8  : T  85.68c W  82.42c S   0.53c ( +1.2 L  +1.1) LCB   83.51c P 83.82% WF 3963.0 PSV    3945 N    4323  --  G8 G9 H9 J9 F3 G4 J3 F9
J8  : T -102.64c W -90.18c S -12.71c ( -4.2 L  -4.3) LCB -191.53c P 15.86% WF   4.6 PSV       8 N       8  --  J8 G8 J6
B7  : T -116.52c W -98.30c S -16.79c ( -6.7 L  -7.1) LCB -296.07c P  0.07% WF   1.6 PSV       0 N       2  --  B7 F7
B8  : T -117.37c W -98.55c S -17.47c ( -7.1 L  -7.7) LCB -278.89c P  0.04% WF   1.5 PSV       0 N       2  --  B8 F7
A4  : T -108.05c W -95.00c S -13.87c ( -5.1 L  -6.8) LCB -261.32c P  0.03% WF   1.1 PSV       0 N       2  --  A4 G8
F3  : T -112.37c W -99.03c S -13.34c ( -4.1 L  -4.5) LCB -462.37c P  0.02% WF   0.8 PSV       0 N       1  --  F3
H9  : T -118.29c W -98.55c S -19.74c ( -8.0 L  -8.4) LCB -468.29c P  0.02% WF   0.7 PSV       0 N       1  --  H9
B4  : T -119.06c W -98.28c S -20.78c ( -8.9 L -10.1) LCB -469.10c P  0.01% WF   0.4 PSV       0 N       1  --  B4
A2  : T -115.65c W -98.30c S -17.36c ( -6.3 L  -6.8) LCB -465.65c P  0.01% WF   0.3 PSV       0 N       1  --  A2
E4  : T -117.23c W -99.24c S -17.99c ( -6.6 L  -6.9) LCB -467.23c P  0.01% WF   0.3 PSV       0 N       1  --  E4

2024-06-10 18:02:05-0400: = G8
2024-06-10 18:02:07-0400: Controller: kata-list_time_settings
2024-06-10 18:02:07-0400: = none absolute byoyomi canadian fischer fischer-capped
2024-06-10 18:02:07-0400: Controller: play black g9
2024-06-10 18:02:07-0400: = 
2024-06-10 18:02:07-0400: Controller: genmove white
2024-06-10 18:02:08-0400: MoveNum: 44 HASH: 4E8046A0327E13854A7035AD7D77B80A
   A B C D E F G H J
 9 . . . . . . X3@ .
 8 . . X O X X O2X .
 7 . . X X O . O O X
 6 . X O O . O . X .
 5 . X O . O O X1X X
 4 . . X O . X . X .
 3 . X X O . . X O .
 2 . X O O . O X O .
 1 . O . . . . O . .

koPOSITIONALscoreAREAtaxNONEsui1komi5.5
Time taken: 1.031
Root visits: 5083
New playouts: 5083
NN rows: 1258
NN batches: 55
NN avg batch size: 22.8727
PlayoutDoublingAdvantage: 1.25
PV: H9 J9 J3 G4 E4 F9 F3 H9 A2 A3 F7 D9 C1 J6 G6
Tree:
: T  85.38c W  83.73c S  -0.13c ( +1.0 L  +1.0) N    5083  --  H9 J9 J3 G4 E4 F9 F3
---White(^)---
H9  : T  87.40c W  86.35c S  -0.28c ( +1.0 L  +1.0) LCB   84.36c P 19.89% WF 1890.3 PSV    2916 N    1697  --  H9 J9 J3 G4 E4 F9 F3 H9
J3  : T  86.34c W  84.32c S   0.12c ( +1.1 L  +1.0) LCB   83.72c P 31.63% WF 2083.4 PSV    2065 N    2101  --  J3 G4 F3 J8 H9 J9 E4 F9
F3  : T  85.02c W  82.94c S  -0.20c ( +1.0 L  +0.9) LCB   79.48c P 27.33% WF 721.7 PSV     730 N     757  --  F3 G4 J3 J8 H9 J9 E4 F9
J8  : T  74.78c W  73.08c S  -0.32c ( +1.0 L  +0.8) LCB   65.87c P  8.04% WF 301.4 PSV      67 N     465  --  J8 J9 J3 J8 F3 G4 E4 F9
F9  : T  10.40c W  -8.71c S  -1.61c ( +0.4 L  -0.2) LCB  -39.42c P  7.67% WF   7.1 PSV      10 N      28  --  F9 E9 H9 J9 J3 J8 F3
E4  : T -102.97c W -90.82c S  -8.81c ( -2.5 L  -2.4) LCB -274.17c P  4.04% WF   0.9 PSV       2 N       2  --  E4 H1
G6  : T -92.54c W -86.68c S  -5.86c ( -1.2 L  -2.1) LCB -442.54c P  0.54% WF   0.4 PSV       0 N       1  --  G6
F7  : T -99.89c W -93.99c S  -5.90c ( -1.1 L  -2.2) LCB -449.89c P  0.41% WF   0.7 PSV       0 N       1  --  F7
B7  : T -95.69c W -90.17c S  -5.51c ( -1.3 L  -2.1) LCB -446.47c P  0.24% WF   0.6 PSV       0 N       1  --  B7
A2  : T -98.61c W -92.22c S  -6.39c ( -1.4 L  -2.1) LCB -448.61c P  0.07% WF   0.6 PSV       0 N       1  --  A2

2024-06-10 18:02:08-0400: = H9
2024-06-10 18:02:10-0400: Controller: kata-list_time_settings
2024-06-10 18:02:10-0400: = none absolute byoyomi canadian fischer fischer-capped
2024-06-10 18:02:10-0400: Controller: play black j9
2024-06-10 18:02:10-0400: = 
2024-06-10 18:02:10-0400: Controller: genmove white
2024-06-10 18:02:12-0400: MoveNum: 46 HASH: B4BABBA91BC050A50B2E48CB5B3F3B96
   A B C D E F G H J
 9 . . . . . . X1.2X3
 8 . . X O X X O X .
 7 . . X X O . O O X
 6 . X O O . O . X .
 5 . X O . O O X X X
 4 . . X O . X . X .
 3 . X X O . . X O @
 2 . X O O . O X O .
 1 . O . . . . O . .

koPOSITIONALscoreAREAtaxNONEsui1komi5.5
Time taken: 1.031
Root visits: 5461
New playouts: 5461
NN rows: 1259
NN batches: 53
NN avg batch size: 23.7547
PlayoutDoublingAdvantage: 1.125
PV: J3 G4 E4 F9 F3 H9 A2 A3 F7 D9 C1 J6 G6 J8 J4 A1 A4 B7
Tree:
: T  90.51c W  89.10c S  -0.91c ( +0.9 L  +1.0) N    5461  --  J3 G4 E4 F9 F3 H9 A2
---White(^)---
J3  : T  90.97c W  89.41c S  -0.76c ( +1.0 L  +1.0) LCB   89.46c P 41.50% WF 4346.6 PSV    4334 N    3597  --  J3 G4 E4 F9 F3 H9 A2 A3
F3  : T  91.07c W  90.10c S  -1.16c ( +0.8 L  +0.9) LCB   88.74c P 35.00% WF 2198.6 PSV    2194 N    1735  --  F3 G4 J3 F9 A2 A3 E4 J8
F9  : T  65.01c W  53.60c S  -1.38c ( +0.7 L  +0.4) LCB   42.16c P 14.15% WF  42.3 PSV      52 N      91  --  F9 E9 F3 G4 J3 F9 F7 D9
E4  : T -100.47c W -91.12c S  -8.70c ( -2.2 L  -2.6) LCB -150.96c P  7.57% WF   1.6 PSV       4 N       4  --  E4 H1 J1
G6  : T -105.53c W -95.03c S  -9.18c ( -2.4 L  -2.6) LCB -261.36c P  1.32% WF   1.1 PSV       0 N       2  --  G6 H1
B8  : T -85.56c W -85.20c S  -5.31c ( -0.9 L  -1.3) LCB -253.05c P  0.04% WF   1.0 PSV       0 N       2  --  B8 B7
F7  : T -101.72c W -95.43c S  -6.29c ( -1.0 L  -2.0) LCB -451.72c P  0.22% WF   0.8 PSV       0 N       1  --  F7
B7  : T -98.34c W -91.72c S  -6.62c ( -1.5 L  -2.4) LCB -449.12c P  0.10% WF   0.7 PSV       0 N       1  --  B7
A2  : T -99.75c W -93.03c S  -6.72c ( -1.3 L  -1.9) LCB -449.75c P  0.03% WF   0.6 PSV       0 N       1  --  A2
A4  : T -99.53c W -92.83c S  -6.69c ( -1.5 L  -2.4) LCB -449.53c P  0.01% WF   0.6 PSV       0 N       1  --  A4

2024-06-10 18:02:12-0400: = J3
2024-06-10 18:02:14-0400: Controller: kata-list_time_settings
2024-06-10 18:02:14-0400: = none absolute byoyomi canadian fischer fischer-capped
2024-06-10 18:02:14-0400: Controller: play black g4
2024-06-10 18:02:14-0400: = 
2024-06-10 18:02:14-0400: Controller: genmove white
2024-06-10 18:02:15-0400: MoveNum: 48 HASH: A293D592F7246DB0FBB2207562CD23CC
   A B C D E F G H J
 9 . . . . . . X . X1
 8 . . X O X X O X .
 7 . . X X O . O O X
 6 . X O O . O . X .
 5 . X O . O O X X X
 4 . . X O . X X3X .
 3 . X X O . @ X O O2
 2 . X O O . O X O .
 1 . O . . . . O . .

koPOSITIONALscoreAREAtaxNONEsui1komi5.5
Time taken: 1.031
Root visits: 6209
New playouts: 6209
NN rows: 1238
NN batches: 52
NN avg batch size: 23.8077
PlayoutDoublingAdvantage: 1
PV: F3 F9 E4 J8 A2 A3 F7 D9 C1 H9 G6 J6 J4 A1 A4 B4
Tree:
: T  95.60c W  90.51c S  -0.10c ( +0.6 L  +0.6) N    6209  --  F3 F9 E4 J8 A2 A3 F7
---White(^)---
F3  : T  96.15c W  91.59c S  -0.08c ( +0.6 L  +0.7) LCB   94.77c P 13.48% WF 2491.2 PSV    3082 N    1917  --  F3 F9 E4 J8 A2 A3 F7 D9
E4  : T  96.07c W  91.74c S   0.08c ( +0.7 L  +0.7) LCB   94.65c P 26.73% WF 2717.5 PSV    2709 N    2056  --  E4 F9 F3 J6 A2 A3 J4 H9
A2  : T  96.10c W  90.60c S  -0.31c ( +0.5 L  +0.6) LCB   94.17c P 11.95% WF 1382.7 PSV    1245 N    1149  --  A2 A3 E4 F9 F3 H9 D9 C9
F7  : T  95.55c W  89.66c S  -0.34c ( +0.5 L  +0.6) LCB   92.65c P 16.19% WF 869.8 PSV     876 N     745  --  F7 F9 A2 A3 F3 D9 E4 H9
F9  : T 100.04c W  84.25c S   0.25c ( +0.7 L  +0.5) LCB   88.62c P 11.41% WF 220.2 PSV     215 N     216  --  F9 E9 F7 D9 F3 H9 E4 F9
G6  : T  69.98c W  67.60c S  -0.85c ( +0.3 L  -0.0) LCB   49.38c P  9.11% WF  29.4 PSV      35 N      55  --  G6 F9 F3 H9 E4 J6 D9 C9
J4  : T  60.62c W  56.25c S  -0.20c ( +0.6 L  +0.2) LCB   32.72c P  5.92% WF  16.1 PSV      16 N      38  --  J4 J6 F7 D9 F9 E9 F3
D9  : T -78.51c W -87.31c S  -2.36c ( -0.2 L  -1.1) LCB -272.63c P  3.90% WF   1.1 PSV       2 N       2  --  D9 C9
B7  : T -80.38c W -72.97c S  -1.56c ( +0.1 L  -0.6) LCB -173.38c P  0.73% WF   1.0 PSV       0 N       3  --  B7 B8 A2
A4  : T -67.68c W -73.07c S  -1.74c ( +0.0 L  -0.4) LCB -221.04c P  0.33% WF   0.7 PSV       0 N       2  --  A4 B4

2024-06-10 18:02:15-0400: = F3
2024-06-10 18:02:17-0400: Controller: kata-list_time_settings
2024-06-10 18:02:17-0400: = none absolute byoyomi canadian fischer fischer-capped
2024-06-10 18:02:17-0400: Controller: play black h9
2024-06-10 18:02:17-0400: = 
2024-06-10 18:02:17-0400: Controller: genmove white
2024-06-10 18:02:18-0400: MoveNum: 50 HASH: F61633CEA27394B884E6FA3205126E37
   A B C D E F G H J
 9 . . . . . . X X3X
 8 . . X O X X O X .
 7 . . X X O . O O X
 6 . X O O . O . X .
 5 . X O . O O X X X
 4 . . X O @ X X1X .
 3 . X X O . O2X O O
 2 . X O O . O X O .
 1 . O . . . . O . .

koPOSITIONALscoreAREAtaxNONEsui1komi5.5
Time taken: 1.032
Root visits: 6596
New playouts: 6596
NN rows: 1308
NN batches: 55
NN avg batch size: 23.7818
PlayoutDoublingAdvantage: 0.875
PV: E4 F9 D9 C9 A2 A3 F7 E9 J4 J8 C1 J6 G6 B7 A1
Tree:
: T  97.12c W  95.81c S  -0.39c ( +0.5 L  +0.8) N    6596  --  E4 F9 D9 C9 A2 A3 F7
---White(^)---
E4  : T  97.87c W  96.71c S  -0.39c ( +0.5 L  +0.8) LCB   97.22c P 38.95% WF 8472.0 PSV    8375 N    3600  --  E4 F9 D9 C9 A2 A3 F7 E9
A2  : T  95.78c W  94.90c S  -0.50c ( +0.5 L  +0.7) LCB   94.27c P 21.27% WF 1883.9 PSV     933 N    1101  --  A2 A3 E4 J6 F7 F9 D9 C9
F7  : T  95.09c W  94.23c S  -0.88c ( +0.4 L  +0.6) LCB   92.84c P 23.54% WF 1296.5 PSV     817 N     801  --  F7 F9 D9 C9 A2 A3 E4 E9
F9  : T  98.45c W  94.85c S  -0.30c ( +0.6 L  +0.6) LCB   96.05c P  5.09% WF 892.0 PSV     553 N     544  --  F9 E9 F7 J6 A2 A3 E4 D9
J4  : T  97.51c W  95.22c S   0.60c ( +0.9 L  +1.1) LCB   95.42c P  2.97% WF 828.7 PSV     380 N     429  --  J4 F9 E4 J8 D9 C9 F7 E9
G6  : T  92.96c W  91.36c S  -0.88c ( +0.4 L  +0.5) LCB   88.76c P  5.00% WF 117.4 PSV     105 N      83  --  G6 F9 E4 J8 A2 A3 D9 C9
D9  : T  -0.78c W  -4.59c S  -1.36c ( +0.2 L  -0.5) LCB -110.16c P  2.30% WF   1.8 PSV       2 N       6  --  D9 J8 A2
B7  : T -63.98c W -54.07c S  -1.47c ( +0.1 L  -0.6) LCB -168.67c P  0.62% WF   0.8 PSV       0 N       3  --  B7 B8 A2
A4  : T -73.70c W -68.63c S  -2.18c ( -0.1 L  -0.5) LCB -218.11c P  0.16% WF   1.0 PSV       0 N       3  --  A4 A2
B8  : T -68.90c W -61.45c S  -0.93c ( +0.3 L  -0.1) LCB -240.38c P  0.03% WF   0.6 PSV       0 N       2  --  B8 B7

2024-06-10 18:02:18-0400: = E4
2024-06-10 18:02:20-0400: Controller: kata-list_time_settings
2024-06-10 18:02:20-0400: = none absolute byoyomi canadian fischer fischer-capped
2024-06-10 18:02:20-0400: Controller: play black j8
2024-06-10 18:02:20-0400: = 
2024-06-10 18:02:20-0400: Controller: genmove white
2024-06-10 18:02:21-0400: MoveNum: 52 HASH: F32A56D41420B8558EC0B2121EB33883
   A B C D E F G H J
 9 . . . . . . X X1X
 8 . . X O X X O X X3
 7 . . X X O . O O X
 6 . X O O . O . X .
 5 . X O . O O X X X
 4 . . X O O2X X X .
 3 . X X O . O X O O
 2 @ X O O . O X O .
 1 . O . . . . O . .

koPOSITIONALscoreAREAtaxNONEsui1komi5.5
Time taken: 1
Root visits: 6138
New playouts: 6138
NN rows: 1273
NN batches: 54
NN avg batch size: 23.5741
PlayoutDoublingAdvantage: 0.75
PV: A2 A3 F9 E9 F7 F9 C1 J6 J4 D9 G6 A1 B7 B8
Tree:
: T  97.93c W  98.06c S  -0.51c ( +0.5 L  +0.8) N    6138  --  A2 A3 F9 E9 F7 F9 C1
---White(^)---
A2  : T  98.11c W  98.36c S  -0.46c ( +0.5 L  +0.8) LCB   97.44c P 37.31% WF 11003.0 PSV   10979 N    3204  --  A2 A3 F9 E9 F7 F9 C1 J6
F7  : T  97.99c W  98.20c S  -0.85c ( +0.4 L  +0.6) LCB   97.20c P 28.34% WF 5039.7 PSV    5046 N    1574  --  F7 J6 F9 E9 A2 A3 C1 F9
F9  : T  98.56c W  98.00c S   0.08c ( +0.7 L  +0.9) LCB   97.06c P 11.21% WF 1479.5 PSV    1471 N     493  --  F9 E9 A2 A3 F7 F9 C1 J6
J4  : T  97.74c W  97.47c S  -0.03c ( +0.7 L  +0.9) LCB   95.82c P  7.66% WF 1034.0 PSV    1040 N     367  --  J4 F9 D9 C9 F7 E9 A2 A3
G6  : T  97.29c W  97.35c S  -1.02c ( +0.3 L  +0.6) LCB   95.58c P  9.01% WF 978.7 PSV     961 N     354  --  G6 F9 D9 C9 A2 A3 F7 E9
D9  : T  97.18c W  96.37c S   0.14c ( +0.7 L  +0.9) LCB   93.89c P  5.74% WF 270.1 PSV     273 N     112  --  D9 C9 A2 A3 F7 F9 J4 E9
B7  : T  19.92c W  22.14c S  -0.50c ( +0.5 L  -0.1) LCB  -79.89c P  0.54% WF   1.1 PSV       0 N       4  --  B7 B8 A2
B8  : T -64.01c W -53.74c S  -1.92c ( -0.0 L  -1.0) LCB -241.42c P  0.02% WF   1.1 PSV       0 N       4  --  B8 B7 A2
A4  : T -93.43c W -86.06c S  -3.15c ( -0.4 L  -0.8) LCB -337.25c P  0.11% WF   1.1 PSV       0 N       2  --  A4 A2
C9  : T -94.95c W -91.22c S  -3.73c ( -0.7 L  -1.9) LCB -445.96c P  0.02% WF   0.5 PSV       0 N       1  --  C9

2024-06-10 18:02:21-0400: = A2
2024-06-10 18:02:23-0400: Controller: kata-list_time_settings
2024-06-10 18:02:23-0400: = none absolute byoyomi canadian fischer fischer-capped
2024-06-10 18:02:23-0400: Controller: play black a3
2024-06-10 18:02:23-0400: = 
2024-06-10 18:02:23-0400: Controller: genmove white
2024-06-10 18:02:24-0400: MoveNum: 54 HASH: 78871B585A0351CBDDC94C84B9F57E11
   A B C D E F G H J
 9 . . . . . . X X X
 8 . . X O X X O X X1
 7 . . X X O . O O X
 6 . X O O . O . X .
 5 . X O . O O X X X
 4 . . X O O X X X @
 3 X3X X O . O X O O
 2 O2X O O . O X O .
 1 . O . . . . O . .

koPOSITIONALscoreAREAtaxNONEsui1komi5.5
Time taken: 1.015
Root visits: 8937
New playouts: 8937
NN rows: 1264
NN batches: 53
NN avg batch size: 23.8491
PlayoutDoublingAdvantage: 0.625
PV: J4 J6 D9 C9 G6 F9 C1 E9 F7 B7 A1 D9 E3
Tree:
: T  98.65c W  98.85c S  -0.35c ( +0.4 L  +0.6) N    8937  --  J4 J6 D9 C9 G6 F9 C1
---White(^)---
J4  : T  99.00c W  99.16c S  -0.28c ( +0.5 L  +0.6) LCB   98.50c P 17.78% WF 13855.3 PSV   26281 N    3190  --  J4 J6 D9 C9 G6 F9 C1 E9
G6  : T  98.88c W  99.08c S  -0.43c ( +0.4 L  +0.6) LCB   98.24c P 17.39% WF 11341.6 PSV    8851 N    2624  --  G6 J6 D9 C9 F7 E9 J4 F9
F7  : T  98.37c W  98.72c S  -0.50c ( +0.4 L  +0.6) LCB   97.62c P 40.80% WF 8405.2 PSV    8477 N    2192  --  F7 J6 D9 C9 J4 E9 G6 F9
D9  : T  98.05c W  98.54c S  -0.65c ( +0.3 L  +0.6) LCB   96.10c P  9.31% WF 961.9 PSV     767 N     284  --  D9 C9 F7 J6 J4 E9 G6 F9
F9  : T  98.30c W  98.30c S   0.00c ( +0.6 L  +0.8) LCB   95.68c P  6.15% WF 962.5 PSV     575 N     326  --  F9 E9 F7 D9 C1 F9 J4 J6
C1  : T  96.24c W  95.04c S   1.56c ( +1.1 L  +1.5) LCB   89.23c P  7.89% WF 535.2 PSV     495 N     285  --  C1 D9 F9 E9 G6 F9 F7 J6
B7  : T  22.44c W  37.70c S  -0.46c ( +0.4 L  -0.0) LCB  -59.14c P  0.39% WF   1.2 PSV       0 N       5  --  B7 B8 F7
A4  : T  58.36c W  60.80c S  -0.70c ( +0.3 L  +0.0) LCB   -0.07c P  0.15% WF   2.2 PSV       0 N       5  --  A4 B4 F7
A5  : T -21.76c W -34.87c S  -1.13c ( +0.1 L  -0.2) LCB -182.56c P  0.02% WF   0.5 PSV       0 N       2  --  A5 A6
B8  : T   6.96c W -15.38c S  -0.92c ( +0.2 L  -0.4) LCB -166.24c P  0.01% WF   0.5 PSV       0 N       2  --  B8 B7

2024-06-10 18:02:24-0400: = J4
2024-06-10 18:02:26-0400: Controller: kata-list_time_settings
2024-06-10 18:02:26-0400: = none absolute byoyomi canadian fischer fischer-capped
2024-06-10 18:02:26-0400: Controller: play black j6
2024-06-10 18:02:26-0400: = 
2024-06-10 18:02:26-0400: Controller: genmove white
2024-06-10 18:02:27-0400: MoveNum: 56 HASH: DE547699CF58C302ABCC410C9132BDEB
   A B C D E F G H J
 9 . . . . . @ X X X
 8 . . X O X X O X X
 7 . . X X O . O O X
 6 . X O O . O . X X3
 5 . X O . O O X X X
 4 . . X O O X X X O2
 3 X1X X O . O X O O
 2 O X O O . O X O .
 1 . O . . . . O . .

koPOSITIONALscoreAREAtaxNONEsui1komi5.5
Time taken: 0.922
Root visits: 3077
New playouts: 3077
NN rows: 1195
NN batches: 50
NN avg batch size: 23.9
PlayoutDoublingAdvantage: 0.5
PV: F9 E9 F7 D9 G6 F9 C1 A1 A4 B7 A2 H1 J1 A1
Tree:
: T  99.28c W  98.57c S   0.81c ( +0.6 L  +0.9) N    3077  --  F9 E9 F7 D9 G6 F9 C1
---White(^)---
F9  : T  99.79c W  99.00c S   0.85c ( +0.7 L  +0.9) LCB   97.71c P 17.87% WF 3573.2 PSV    3933 N     910  --  F9 E9 F7 D9 G6 F9 C1 A1
F7  : T  99.23c W  98.69c S   0.42c ( +0.5 L  +0.7) LCB   97.58c P 30.73% WF 3121.9 PSV    3132 N     826  --  F7 D9 F9 E9 G6 F9 C1 A1
G6  : T  99.31c W  98.70c S   0.63c ( +0.6 L  +0.8) LCB   97.26c P 31.71% WF 2876.0 PSV    2881 N     713  --  G6 F9 D9 C9 F7 E9 C1 B7
D9  : T  99.83c W  98.97c S   0.81c ( +0.6 L  +0.8) LCB   97.39c P 12.06% WF 1669.2 PSV    1482 N     427  --  D9 C9 F7 E9 G6 F9 C1 B7
C1  : T  96.33c W  94.55c S   4.24c ( +2.3 L  +2.7) LCB   80.63c P  7.13% WF 360.0 PSV     234 N     162  --  C1 A1 D9 F9 F7 C9
A4  : T  73.06c W  73.76c S  -0.86c ( +0.0 L  +0.1) LCB   33.02c P  0.13% WF   3.6 PSV       0 N       7  --  A4 B4 F7 F9 D9 C9
B7  : T  13.83c W  23.40c S  -0.80c ( +0.0 L  -0.3) LCB -112.18c P  0.25% WF   1.2 PSV       0 N       5  --  B7 B8 F7
B8  : T -40.27c W -25.20c S  -1.87c ( -0.3 L  -0.8) LCB -138.28c P  0.01% WF   0.7 PSV       0 N       3  --  B8 B7 F9
A5  : T -16.98c W -30.96c S  -0.87c ( +0.0 L  -0.4) LCB -179.41c P  0.02% WF   0.5 PSV       0 N       2  --  A5 A6
B4  : T -17.24c W -11.08c S  -1.43c ( -0.2 L  -0.5) LCB -168.34c P  0.01% WF   0.5 PSV       0 N       2  --  B4 A4

2024-06-10 18:02:27-0400: = F9
2024-06-10 18:02:30-0400: Controller: kata-list_time_settings
2024-06-10 18:02:30-0400: = none absolute byoyomi canadian fischer fischer-capped
2024-06-10 18:02:30-0400: Controller: play black e9
2024-06-10 18:02:30-0400: = 
2024-06-10 18:02:30-0400: Controller: genmove white
2024-06-10 18:02:30-0400: MoveNum: 58 HASH: 0BB83CBD77A388291456BE4204414651
   A B C D E F G H J
 9 . . . . X3.2X X X
 8 . . X O X X O X X
 7 . . X X O . O O X
 6 . X O O . O @ X X1
 5 . X O . O O X X X
 4 . . X O O X X X O
 3 X X X O . O X O O
 2 O X O O . O X O .
 1 . O . . . . O . .

koPOSITIONALscoreAREAtaxNONEsui1komi5.5
Time taken: 0.672
Root visits: 2166
New playouts: 2166
NN rows: 838
NN batches: 36
NN avg batch size: 23.2778
PlayoutDoublingAdvantage: 0.375
PV: G6 F9 F7 D9 C1 A1 A4 B4 A2 E1 F1 A1
Tree:
: T  99.07c W  98.48c S   0.92c ( +0.7 L  +0.9) N    2166  --  G6 F9 F7 D9 C1 A1 A4
---White(^)---
G6  : T  99.40c W  98.98c S   0.78c ( +0.7 L  +0.9) LCB   97.64c P 40.26% WF 3014.8 PSV    5362 N     728  --  G6 F9 F7 D9 C1 A1 A4 B4
F7  : T  99.00c W  98.65c S   0.49c ( +0.6 L  +0.8) LCB   97.28c P 50.77% WF 3971.5 PSV    3984 N    1012  --  F7 D9 G6 F9 C1 A1 A4 B4
C1  : T  99.65c W  97.96c S   2.36c ( +1.3 L  +1.6) LCB   95.87c P  8.14% WF 1337.3 PSV    1331 N     388  --  C1 D9 G6 F9 F7 A1 A4 B4
A4  : T  26.73c W  30.77c S  -1.65c ( -0.2 L  -0.5) LCB  -49.87c P  0.24% WF   0.8 PSV       0 N       3  --  A4 B4 F7
B7  : T  14.51c W  19.83c S  -1.69c ( -0.3 L  -0.4) LCB  -68.56c P  0.19% WF   0.7 PSV       0 N       3  --  B7 B8 F7
C9  : T  12.13c W   4.65c S  -0.86c ( +0.1 L  -0.0) LCB  -77.90c P  0.14% WF   0.7 PSV       0 N       3  --  C9 B9
B4  : T -32.33c W -36.77c S  -2.79c ( -0.7 L  -0.7) LCB -111.86c P  0.03% WF   0.7 PSV       0 N       3  --  B4 A4 F7
A5  : T -54.22c W -56.64c S  -1.43c ( -0.1 L  -0.3) LCB -204.97c P  0.05% WF   0.5 PSV       0 N       2  --  A5 A6
B8  : T -46.07c W -40.96c S  -1.79c ( -0.3 L  -0.5) LCB -197.08c P  0.04% WF   0.5 PSV       0 N       2  --  B8 B7
B9  : T -52.08c W -61.50c S  -2.49c ( -0.5 L  -0.9) LCB -219.77c P  0.02% WF   0.6 PSV       0 N       2  --  B9 B8

2024-06-10 18:02:30-0400: = G6
2024-06-10 18:02:33-0400: Controller: kata-list_time_settings
2024-06-10 18:02:33-0400: = none absolute byoyomi canadian fischer fischer-capped
2024-06-10 18:02:33-0400: Controller: play black f9
2024-06-10 18:02:33-0400: = 
2024-06-10 18:02:33-0400: Controller: genmove white
2024-06-10 18:02:33-0400: MoveNum: 60 HASH: 861B88201DE745B17AFAF7871648DF47
   A B C D E F G H J
 9 . . . . X1X3X X X
 8 . . X O X X O X X
 7 . . X X O . O O X
 6 . X O O . O O2X X
 5 . X O . O O X X X
 4 . . X O O X X X O
 3 X X X O . O X O O
 2 O X O O . O X O .
 1 . O @ . . . O . .

koPOSITIONALscoreAREAtaxNONEsui1komi5.5
Time taken: 0.625
Root visits: 1129
New playouts: 1129
NN rows: 777
NN batches: 35
NN avg batch size: 22.2
PlayoutDoublingAdvantage: 0.25
PV: C1 D9 F7 pass A1 B7 pass
Tree:
: T  98.84c W  98.58c S   0.59c ( +0.6 L  +0.9) N    1129  --  C1 D9 F7 pass A1 B7 pass
---White(^)---
C1  : T  99.24c W  99.22c S   0.20c ( +0.5 L  +0.7) LCB   97.93c P 38.56% WF 3350.4 PSV    3341 N     774  --  C1 D9 F7 pass A1 B7 pass
F7  : T  98.92c W  97.92c S   1.63c ( +1.1 L  +1.4) LCB   94.36c P 59.82% WF 1108.1 PSV    1113 N     319  --  F7 D9 A4 A1 C1 B4 A2 B7
A4  : T  35.41c W  31.37c S  -0.74c ( +0.1 L  -0.1) LCB  -66.70c P  0.13% WF   0.8 PSV       0 N       3  --  A4 A1
B7  : T  24.87c W   1.32c S  -1.39c ( -0.1 L  -0.3) LCB -151.41c P  0.88% WF   0.5 PSV       0 N       2  --  B7 B8
H1  : T -25.84c W -29.28c S  -3.04c ( -0.8 L  -0.9) LCB -176.96c P  0.19% WF   0.5 PSV       0 N       2  --  H1 D9
C9  : T -20.26c W -17.11c S  -2.10c ( -0.4 L  -0.6) LCB -171.17c P  0.10% WF   0.5 PSV       0 N       2  --  C9 D9
B9  : T -57.83c W -51.30c S  -2.32c ( -0.4 L  -0.6) LCB -211.10c P  0.07% WF   0.5 PSV       0 N       2  --  B9 D9
A5  : T -65.88c W -59.82c S  -2.89c ( -0.7 L  -0.4) LCB -229.57c P  0.07% WF   0.6 PSV       0 N       2  --  A5 A6
B8  : T -34.68c W -37.37c S  -2.37c ( -0.5 L  -0.8) LCB -187.32c P  0.04% WF   0.4 PSV       0 N       2  --  B8 B7
J1  : T -77.37c W -72.86c S  -4.38c ( -1.4 L  -1.6) LCB -227.43c P  0.03% WF   0.5 PSV       0 N       2  --  J1 D9

2024-06-10 18:02:33-0400: = C1
2024-06-10 18:02:36-0400: Controller: kata-list_time_settings
2024-06-10 18:02:36-0400: = none absolute byoyomi canadian fischer fischer-capped
2024-06-10 18:02:36-0400: Controller: play black d9
2024-06-10 18:02:36-0400: = 
2024-06-10 18:02:36-0400: Controller: genmove white
2024-06-10 18:02:37-0400: MoveNum: 62 HASH: C2B200773FD083D5A782678B0C7B1D3E
   A B C D E F G H J
 9 . . . X3X X1X X X
 8 . . X . X X O X X
 7 . . X X O @ O O X
 6 . X O O . O O X X
 5 . X O . O O X X X
 4 . . X O O X X X O
 3 X X X O . O X O O
 2 O X O O . O X O .
 1 . O O2. . . O . .

koPOSITIONALscoreAREAtaxNONEsui1komi5.5
Time taken: 0.609
Root visits: 1046
New playouts: 1046
NN rows: 795
NN batches: 32
NN avg batch size: 24.8438
PlayoutDoublingAdvantage: 0.125
PV: F7 B7 A1 C9 H1 B4 F1
Tree:
: T 101.27c W  99.26c S   1.94c ( +0.3 L  +0.5) N    1046  --  F7 B7 A1 C9 H1 B4 F1
---White(^)---
F7  : T 101.53c W  99.52c S   1.93c ( +0.3 L  +0.5) LCB  100.90c P 93.45% WF 4764.8 PSV    4760 N     970  --  F7 B7 A1 C9 H1 B4 F1
A4  : T 101.41c W  98.81c S   2.33c ( +0.5 L  +0.8) LCB   97.30c P  4.98% WF 182.3 PSV     151 N      49  --  A4 B4 F7 A1 B7 B8 A2 H1
B7  : T  32.58c W  21.22c S   0.30c ( -0.2 L  -0.4) LCB -140.30c P  1.20% WF   1.1 PSV       0 N       3  --  B7 F7
C9  : T  17.33c W  31.56c S  -0.63c ( -0.5 L  -0.5) LCB -143.08c P  0.05% WF   0.6 PSV       0 N       2  --  C9 B9
B4  : T -63.82c W -60.94c S  -1.65c ( -0.9 L  -1.0) LCB -220.72c P  0.03% WF   0.5 PSV       0 N       2  --  B4 A4
A5  : T -58.62c W -57.52c S  -1.09c ( -0.7 L  -1.3) LCB -409.32c P  0.16% WF   0.3 PSV       0 N       1  --  A5
A6  : T -70.16c W -68.86c S  -1.31c ( -0.8 L  -1.2) LCB -421.34c P  0.03% WF   0.3 PSV       0 N       1  --  A6
B8  : T -79.97c W -78.85c S  -1.12c ( -0.7 L  -1.4) LCB -431.24c P  0.03% WF   0.4 PSV       0 N       1  --  B8
A1  : T -104.20c W -99.39c S  -4.81c ( -1.9 L  -1.9) LCB -454.20c P  0.02% WF   0.8 PSV       0 N       1  --  A1
A8  : T -97.72c W -95.11c S  -2.61c ( -1.2 L  -2.3) LCB -448.90c P  0.02% WF   0.8 PSV       0 N       1  --  A8

2024-06-10 18:02:37-0400: = F7
2024-06-10 18:02:39-0400: Controller: kata-list_time_settings
2024-06-10 18:02:39-0400: = none absolute byoyomi canadian fischer fischer-capped
2024-06-10 18:02:39-0400: Controller: play black f1
2024-06-10 18:02:39-0400: = 
2024-06-10 18:02:39-0400: Controller: genmove white
2024-06-10 18:02:40-0400: MoveNum: 64 HASH: 8EDA39D84B43F611CF6D9309443FAD59
   A B C D E F G H J
 9 . . . X1X X X X X
 8 . . X . X X O X X
 7 . . X X O O2O O X
 6 . X O O . O O X X
 5 . X O . O O X X X
 4 . . X O O X X X O
 3 X X X O . O X O O
 2 O X O O . O X O .
 1 . O O . @ X3O . .

koPOSITIONALscoreAREAtaxNONEsui1komi5.5
Time taken: 0.641
Root visits: 1010
New playouts: 1010
NN rows: 812
NN batches: 34
NN avg batch size: 23.8824
PV: E1 J1 H1 B7 A1 C9 J2
Tree:
: T 100.09c W  99.28c S   0.75c ( +0.3 L  +0.5) N    1010  --  E1 J1 H1 B7 A1 C9 J2
---White(^)---
E1  : T 100.40c W  99.54c S   0.78c ( +0.3 L  +0.5) LCB  100.15c P 88.81% WF 4151.9 PSV    4142 N     797  --  E1 J1 H1 B7 A1 C9 J2
H1  : T 100.01c W  99.29c S   0.75c ( +0.3 L  +0.6) LCB   99.07c P 10.85% WF 833.8 PSV     362 N     192  --  H1 A1 A4 B4 A2 E1 E2 A1
C9  : T -118.72c W -99.32c S -19.40c (-10.3 L -17.9) LCB -469.34c P  0.15% WF   1.0 PSV       0 N       1  --  C9
A4  : T -104.88c W -97.84c S  -7.04c ( -2.4 L  -2.8) LCB -454.88c P  0.08% WF   1.3 PSV       0 N       1  --  A4
B4  : T -101.32c W -96.86c S  -4.45c ( -1.5 L  -1.9) LCB -451.89c P  0.05% WF   0.9 PSV       0 N       1  --  B4
A5  : T -82.87c W -79.92c S  -2.95c ( -1.1 L  -1.3) LCB -433.50c P  0.02% WF   0.3 PSV       0 N       1  --  A5
B7  : T -86.23c W -81.23c S  -5.00c ( -2.1 L  -3.2) LCB -437.26c P  0.02% WF   0.3 PSV       0 N       1  --  B7
B8  : T -102.96c W -94.00c S  -8.96c ( -4.4 L  -9.1) LCB -453.85c P  0.01% WF   0.4 PSV       0 N       1  --  B8
A6  : T -101.04c W -94.38c S  -6.65c ( -2.8 L  -5.3) LCB -452.01c P  0.00% WF   0.3 PSV       0 N       1  --  A6
B9  : T -121.09c W -98.28c S -22.80c (-12.9 L -16.4) LCB -471.57c P  0.00% WF   0.2 PSV       0 N       1  --  B9

2024-06-10 18:02:40-0400: = E1
2024-06-10 18:02:42-0400: Controller: kata-list_time_settings
2024-06-10 18:02:42-0400: = none absolute byoyomi canadian fischer fischer-capped
2024-06-10 18:02:42-0400: Controller: play black d8
2024-06-10 18:02:42-0400: = 
2024-06-10 18:02:42-0400: Controller: genmove white
2024-06-10 18:02:43-0400: MoveNum: 66 HASH: F8A8391E10010B2468960139B47E587B
   A B C D E F G H J
 9 . . . X X X X X X
 8 . . X X3X X O X X
 7 . . X X O O O O X
 6 . X O O . O O X X
 5 . X O . O O X X X
 4 . . X O O X X X O
 3 X X X O . O X O O
 2 O X O O . O X O .
 1 @ O O . O2.1O . .

koPOSITIONALscoreAREAtaxNONEsui1komi5.5
Time taken: 0.594
Root visits: 2533
New playouts: 1885
NN rows: 744
NN batches: 35
NN avg batch size: 21.2571
PV: A1 B8 F1 B7 H1 pass
Tree:
: T 100.16c W  99.64c S   0.45c ( +0.5 L  +0.5) N    2533  --  A1 B8 F1 B7 H1 pass
---White(^)---
A1  : T 100.29c W  99.78c S   0.43c ( +0.5 L  +0.4) LCB  100.20c P 34.28% WF 5786.1 PSV    6605 N     948  --  A1 B8 F1 B7 H1 pass
H1  : T 100.21c W  99.55c S   0.60c ( +0.5 L  +0.6) LCB   99.91c P 18.09% WF 3503.4 PSV    2421 N     668  --  H1 J1 A1 B7 J2 pass pass
F1  : T 100.00c W  99.59c S   0.29c ( +0.4 L  +0.5) LCB   99.69c P 13.62% WF 1644.5 PSV    1203 N     307  --  F1 J1 H1 B7 A1 B4 J2
E2  : T  99.81c W  99.60c S   0.05c ( +0.3 L  +0.6) LCB   99.21c P  3.89% WF 483.0 PSV     261 N      95  --  E2 B7 A1 B4 F1 pass pass
E3  : T  99.86c W  99.57c S   0.13c ( +0.4 L  +0.6) LCB   99.17c P  3.43% WF 384.3 PSV     248 N      76  --  E3 B4 A1 B7 H1 pass pass
D1  : T  99.86c W  99.58c S   0.05c ( +0.3 L  +0.6) LCB   99.24c P  2.96% WF 404.8 PSV     213 N      79  --  D1 B7 H1 B4 A1 pass pass
B4  : T 100.37c W  99.42c S   1.07c ( +0.7 L  +1.0) LCB   96.99c P  2.03% WF 215.4 PSV      79 N      48  --  B4 A4 A1 B7 F1
pss : T  99.36c W  99.55c S  -0.35c ( +0.2 L  +0.5) LCB   98.41c P  1.74% WF 240.9 PSV      75 N      48  --  pass B7 A1 B4 F1 pass
A4  : T 100.23c W  99.41c S   0.99c ( +0.6 L  +0.9) LCB   97.33c P  1.93% WF 296.0 PSV      67 N      66  --  A4 A1 H1 B4 A2 A5 A1 pass
A5  : T 100.07c W  99.22c S   0.94c ( +0.6 L  +0.7) LCB   97.50c P  2.11% WF 117.6 PSV      61 N      30  --  A5 A6 H1 A4 A1

2024-06-10 18:02:43-0400: = A1
2024-06-10 18:02:46-0400: Controller: kata-list_time_settings
2024-06-10 18:02:46-0400: = none absolute byoyomi canadian fischer fischer-capped
2024-06-10 18:02:46-0400: Controller: play black b7
2024-06-10 18:02:46-0400: = 
2024-06-10 18:02:46-0400: Controller: genmove white
2024-06-10 18:02:46-0400: MoveNum: 68 HASH: D4048A8A08AFFD68E028E1C97908F90D
   A B C D E F G H J
 9 . . . X X X X X X
 8 . . X X1X X O X X
 7 . X3X X O O O O X
 6 . X O O . O O X X
 5 . X O . O O X X X
 4 . . X O O X X X O
 3 X X X O . O X O O
 2 O X O O . O X O .
 1 O2O O . O . O @ .

koPOSITIONALscoreAREAtaxNONEsui1komi5.5
Time taken: 0.516
Root visits: 6695
New playouts: 1672
NN rows: 469
NN batches: 40
NN avg batch size: 11.725
PV: H1 J1 J2 pass pass
Tree:
: T 100.28c W  99.77c S   0.47c ( +0.5 L  +0.5) N    6695  --  H1 J1 J2 pass pass
---White(^)---
H1  : T 100.35c W  99.76c S   0.57c ( +0.5 L  +0.5) LCB  100.30c P 20.96% WF 10371.2 PSV   22917 N    1667  --  H1 J1 J2 pass pass
F1  : T 100.29c W  99.79c S   0.46c ( +0.5 L  +0.4) LCB  100.22c P 21.11% WF 7466.5 PSV    7467 N    1183  --  F1 B4 H1 pass pass
D1  : T 100.23c W  99.83c S   0.30c ( +0.5 L  +0.4) LCB  100.14c P 15.48% WF 4427.3 PSV    4432 N     710  --  D1 B4 H1 pass pass
pss : T 100.11c W  99.87c S   0.16c ( +0.4 L  +0.4) LCB   99.99c P 14.75% WF 3708.3 PSV    3344 N     561  --  pass B4 H1 pass pass
E3  : T 100.33c W  99.78c S   0.48c ( +0.5 L  +0.5) LCB  100.14c P  6.50% WF 3579.1 PSV    2896 N     579  --  E3 pass H1 pass pass
E2  : T 100.22c W  99.78c S   0.37c ( +0.5 L  +0.4) LCB   99.88c P  8.69% WF 2925.9 PSV    2658 N     473  --  E2 B4 H1 pass pass
B9  : T 100.50c W  99.52c S   0.98c ( +0.7 L  +0.6) LCB   98.73c P  0.97% WF 1572.1 PSV      60 N     331  --  B9 B8 H1 A9 pass C9 pass pass
D5  : T  99.88c W  99.86c S  -0.10c ( +0.3 L  +0.4) LCB   97.74c P  1.33% WF 281.8 PSV      60 N      47  --  D5 B4 H1 pass pass
J1  : T 100.17c W  99.80c S   0.36c ( +0.5 L  +0.5) LCB   98.22c P  1.13% WF 448.1 PSV      58 N      67  --  J1 B4 pass pass
A4  : T 100.33c W  99.78c S   0.50c ( +0.5 L  +0.5) LCB   98.43c P  1.02% WF 1005.5 PSV      57 N     171  --  A4 B4 H1 A5 pass pass

2024-06-10 18:02:46-0400: = H1
2024-06-10 18:02:50-0400: Controller: quit
2024-06-10 18:02:50-0400: Quit requested by controller
2024-06-10 18:02:50-0400: = 
2024-06-10 18:02:50-0400: GPU -1 finishing, processed 141299 rows 5890 batches
2024-06-10 18:02:50-0400: All cleaned up, quitting
