2024-06-19 15:54:08-0400: Running with following config:
allowResignation = true
lagBuffer = 1.0
logAllGTPCommunication = true
logDir = gtp_logs
logSearchInfo = true
logSearchInfoForChosenMove = false
logToStderr = false
maxTime = 1.0
maxTimePondering = 120.0
numSearchThreads = 16
ogsChatToStderr = true
ponderingEnabled = true
resignConsecTurns = 3
resignThreshold = -0.90
rules = tromp-taylor
searchFactorAfterOnePass = 0.50
searchFactorAfterTwoPass = 0.25
searchFactorWhenWinning = 0.40
searchFactorWhenWinningThreshold = 0.95

2024-06-19 15:54:08-0400: GTP Engine starting...
2024-06-19 15:54:08-0400: KataGo v1.14.1
2024-06-19 15:54:08-0400: Using TrompTaylor rules initially, unless GTP/GUI overrides this
2024-06-19 15:54:08-0400: Using 16 CPU thread(s) for search
2024-06-19 15:54:08-0400: nnRandSeed0 = 7256121139920924769
2024-06-19 15:54:08-0400: After dedups: nnModelFile0 = C:\Users\chang\Downloads\kata1-b28c512nbt-s7168446720-d4316919285.bin.gz useFP16 auto useNHWC auto
2024-06-19 15:54:08-0400: Initializing neural net buffer to be size 19 * 19 exactly
2024-06-19 15:54:16-0400: Found OpenCL Platform 0: NVIDIA CUDA (NVIDIA Corporation) (OpenCL 3.0 CUDA 12.5.51)
2024-06-19 15:54:16-0400: Found 1 device(s) on platform 0 with type CPU or GPU or Accelerator
2024-06-19 15:54:16-0400: Found OpenCL Platform 1: Intel(R) OpenCL Graphics (Intel(R) Corporation) (OpenCL 3.0 )
2024-06-19 15:54:16-0400: Found 1 device(s) on platform 1 with type CPU or GPU or Accelerator
2024-06-19 15:54:16-0400: Found OpenCL Device 0: NVIDIA GeForce RTX 4060 Laptop GPU (NVIDIA Corporation) (score 11000300)
2024-06-19 15:54:16-0400: Found OpenCL Device 1: Intel(R) UHD Graphics (Intel(R) Corporation) (score 6000300)
2024-06-19 15:54:16-0400: Creating context for OpenCL Platform: NVIDIA CUDA (NVIDIA Corporation) (OpenCL 3.0 CUDA 12.5.51)
2024-06-19 15:54:16-0400: Using OpenCL Device 0: NVIDIA GeForce RTX 4060 Laptop GPU (NVIDIA Corporation) OpenCL 3.0 CUDA (Extensions: cl_khr_global_int32_base_atomics cl_khr_global_int32_extended_atomics cl_khr_local_int32_base_atomics cl_khr_local_int32_extended_atomics cl_khr_fp64 cl_khr_3d_image_writes cl_khr_byte_addressable_store cl_khr_icd cl_khr_gl_sharing cl_nv_compiler_options cl_nv_device_attribute_query cl_nv_pragma_unroll cl_nv_d3d10_sharing cl_khr_d3d10_sharing cl_nv_d3d11_sharing cl_nv_copy_opts cl_nv_create_buffer cl_khr_int64_base_atomics cl_khr_int64_extended_atomics cl_khr_device_uuid cl_khr_pci_bus_info cl_khr_external_semaphore cl_khr_external_memory cl_khr_external_semaphore_win32 cl_khr_external_memory_win32)
2024-06-19 15:54:16-0400: Loaded tuning parameters from: C:\Users\chang\Downloads\katago-v1.14.1-opencl-windows-x64/KataGoData/opencltuning/tune11_gpuNVIDIAGeForceRTX4060LaptopGPU_x19_y19_c512_mv15.txt
2024-06-19 15:54:17-0400: OpenCL backend thread 0: Model version 15
2024-06-19 15:54:17-0400: OpenCL backend thread 0: Model name: kata1-b28c512nbt-s7168446720-d4316919285
2024-06-19 15:54:26-0400: OpenCL backend thread 0: FP16Storage true FP16Compute false FP16TensorCores true FP16TensorCoresFor1x1 false
2024-06-19 15:54:26-0400: Loaded neural net with nnXLen 19 nnYLen 19
2024-06-19 15:54:26-0400: Initializing board with boardXSize 19 boardYSize 19
2024-06-19 15:54:26-0400: Loaded config C:/Users/chang/Downloads/katago-v1.14.1-opencl-windows-x64/default_gtp.cfg
2024-06-19 15:54:26-0400: Loaded model C:\Users\chang\Downloads\kata1-b28c512nbt-s7168446720-d4316919285.bin.gz
2024-06-19 15:54:26-0400: Model name: kata1-b28c512nbt-s7168446720-d4316919285
2024-06-19 15:54:26-0400: GTP ready, beginning main protocol loop
2024-06-19 15:54:26-0400: Controller: list_commands
2024-06-19 15:54:26-0400: = protocol_version
name
version
known_command
list_commands
quit
boardsize
rectangular_boardsize
clear_board
set_position
komi
get_komi
play
undo
kata-get-rules
kata-set-rule
kata-set-rules
kata-get-param
kata-set-param
kata-list-params
kgs-rules
genmove
genmove_debug
search_debug
clear_cache
showboard
fixed_handicap
place_free_handicap
set_free_handicap
time_settings
kgs-time_settings
time_left
kata-list_time_settings
kata-time_settings
final_score
final_status_list
loadsgf
printsgf
lz-genmove_analyze
kata-genmove_analyze
lz-analyze
kata-analyze
kata-raw-nn
cputime
gomill-cpu_time
kata-benchmark
kata-debug-print-tc
debug_moves
stop
2024-06-19 15:54:26-0400: Controller: boardsize 9
2024-06-19 15:54:26-0400: GPU -1 finishing, processed 0 rows 0 batches
2024-06-19 15:54:26-0400: Cleaned up old neural net and bot
2024-06-19 15:54:26-0400: nnRandSeed0 = 3740710554084092711
2024-06-19 15:54:26-0400: After dedups: nnModelFile0 = C:\Users\chang\Downloads\kata1-b28c512nbt-s7168446720-d4316919285.bin.gz useFP16 auto useNHWC auto
2024-06-19 15:54:26-0400: Initializing neural net buffer to be size 9 * 9 exactly
2024-06-19 15:54:34-0400: Found OpenCL Platform 0: NVIDIA CUDA (NVIDIA Corporation) (OpenCL 3.0 CUDA 12.5.51)
2024-06-19 15:54:34-0400: Found 1 device(s) on platform 0 with type CPU or GPU or Accelerator
2024-06-19 15:54:34-0400: Found OpenCL Platform 1: Intel(R) OpenCL Graphics (Intel(R) Corporation) (OpenCL 3.0 )
2024-06-19 15:54:34-0400: Found 1 device(s) on platform 1 with type CPU or GPU or Accelerator
2024-06-19 15:54:34-0400: Found OpenCL Device 0: NVIDIA GeForce RTX 4060 Laptop GPU (NVIDIA Corporation) (score 11000300)
2024-06-19 15:54:34-0400: Found OpenCL Device 1: Intel(R) UHD Graphics (Intel(R) Corporation) (score 6000300)
2024-06-19 15:54:34-0400: Creating context for OpenCL Platform: NVIDIA CUDA (NVIDIA Corporation) (OpenCL 3.0 CUDA 12.5.51)
2024-06-19 15:54:36-0400: Using OpenCL Device 0: NVIDIA GeForce RTX 4060 Laptop GPU (NVIDIA Corporation) OpenCL 3.0 CUDA (Extensions: cl_khr_global_int32_base_atomics cl_khr_global_int32_extended_atomics cl_khr_local_int32_base_atomics cl_khr_local_int32_extended_atomics cl_khr_fp64 cl_khr_3d_image_writes cl_khr_byte_addressable_store cl_khr_icd cl_khr_gl_sharing cl_nv_compiler_options cl_nv_device_attribute_query cl_nv_pragma_unroll cl_nv_d3d10_sharing cl_khr_d3d10_sharing cl_nv_d3d11_sharing cl_nv_copy_opts cl_nv_create_buffer cl_khr_int64_base_atomics cl_khr_int64_extended_atomics cl_khr_device_uuid cl_khr_pci_bus_info cl_khr_external_semaphore cl_khr_external_memory cl_khr_external_semaphore_win32 cl_khr_external_memory_win32)
2024-06-19 15:54:36-0400: Loaded tuning parameters from: C:\Users\chang\Downloads\katago-v1.14.1-opencl-windows-x64/KataGoData/opencltuning/tune11_gpuNVIDIAGeForceRTX4060LaptopGPU_x19_y19_c512_mv15.txt
2024-06-19 15:54:36-0400: OpenCL backend thread 0: Model version 15
2024-06-19 15:54:36-0400: OpenCL backend thread 0: Model name: kata1-b28c512nbt-s7168446720-d4316919285
2024-06-19 15:54:44-0400: OpenCL backend thread 0: FP16Storage true FP16Compute false FP16TensorCores true FP16TensorCoresFor1x1 false
2024-06-19 15:54:44-0400: Loaded neural net with nnXLen 9 nnYLen 9
2024-06-19 15:54:44-0400: Initializing board with boardXSize 9 boardYSize 9
2024-06-19 15:54:44-0400: = 
2024-06-19 15:54:44-0400: Controller: clear_board
2024-06-19 15:54:44-0400: = 
2024-06-19 15:54:44-0400: Controller: komi 7.5
2024-06-19 15:54:44-0400: = 
2024-06-19 15:54:44-0400: Controller: play black g5
2024-06-19 15:54:44-0400: = 
2024-06-19 15:54:44-0400: Controller: genmove white
2024-06-19 15:54:45-0400: MoveNum: 1 HASH: E88DE61907BF739F46D3DC7DEC9D01AA
   A B C D E F G H J
 9 . . . . . . . . .
 8 . . . . . . . . .
 7 . . . . . . . . .
 6 . . . . . . . . .
 5 . . . @ . . X1. .
 4 . . . . . . . . .
 3 . . . . . . . . .
 2 . . . . . . . . .
 1 . . . . . . . . .

koPOSITIONALscoreAREAtaxNONEsui1komi7.5
Time taken: 1.328
Root visits: 574
New playouts: 574
NN rows: 522
NN batches: 50
NN avg batch size: 10.44
PV: D5 E5 E6 D6 E7 E4 C6 D4 D7 G7 E2 D2 G4
Tree:
: T  85.27c W  86.43c S  -0.38c ( +2.0 L  +1.1) N     574  --  D5 E5 E6 D6 E7 E4 C6
---White(^)---
D5  : T  86.39c W  87.53c S  -0.27c ( +2.1 L  +1.1) LCB   83.71c P 66.91% WF 453.0 PSV     450 N     293  --  D5 E5 E6 D6 E7 E4 C6 D4
D4  : T  88.53c W  88.44c S  -0.49c ( +2.0 L  +1.2) LCB   82.64c P  5.55% WF 117.7 PSV     116 N      67  --  D4 D6 C6 E3 D7 E6 C5 E7
E4  : T  86.39c W  86.99c S  -0.02c ( +2.2 L  +1.2) LCB   82.37c P  7.02% WF 138.4 PSV      47 N      80  --  E4 E5 D5 D4 E3 E6 C4 D6
C4  : T  83.76c W  84.35c S  -0.49c ( +2.0 L  +1.1) LCB   73.51c P  1.50% WF  70.2 PSV       5 N      48  --  C4 D6 E4 F6 G3 B5 E7
E5  : T  81.05c W  83.23c S  -1.33c ( +1.6 L  +0.6) LCB   74.44c P  1.55% WF  35.6 PSV       3 N      22  --  E5 C6 D7 F7 G6
F5  : T  73.48c W  76.40c S  -1.37c ( +1.5 L  +0.7) LCB   54.00c P  1.00% WF  11.0 PSV       1 N       7  --  F5 F6 G4 G6
C5  : T  72.70c W  81.17c S  -0.70c ( +1.9 L  +1.0) LCB   59.58c P  0.92% WF  18.3 PSV       0 N      13  --  C5 D5 D6 C4 C6 D4 E6
F4  : T  66.23c W  74.31c S  -1.30c ( +1.5 L  +0.7) LCB   11.63c P  0.49% WF   5.7 PSV       0 N       4  --  F4 F5 E4 E5
D3  : T  59.22c W  67.67c S  -2.28c ( +1.1 L  +0.4) LCB  -93.17c P  0.59% WF   3.0 PSV       0 N       2  --  D3 D6
E3  : T  66.59c W  73.16c S  -2.14c ( +1.2 L  +0.4) LCB  -84.40c P  0.26% WF   3.3 PSV       0 N       2  --  E3 D6

2024-06-19 15:54:45-0400: = D5
2024-06-19 15:54:46-0400: Controller: kata-list_time_settings
2024-06-19 15:54:46-0400: = none absolute byoyomi canadian fischer fischer-capped
2024-06-19 15:54:46-0400: Controller: play black f7
2024-06-19 15:54:46-0400: = 
2024-06-19 15:54:46-0400: Controller: genmove white
2024-06-19 15:54:47-0400: MoveNum: 3 HASH: D36955538A67509095338DE2094D60FC
   A B C D E F G H J
 9 . . . . . . . . .
 8 . . . . . . . . .
 7 . . . . . X3. . .
 6 . . . . . . . . .
 5 . . . O2. . X1. .
 4 . . . . . . . . .
 3 . . . . @ . . . .
 2 . . . . . . . . .
 1 . . . . . . . . .

koPOSITIONALscoreAREAtaxNONEsui1komi7.5
Time taken: 1.062
Root visits: 600
New playouts: 583
NN rows: 549
NN batches: 50
NN avg batch size: 10.98
PV: E3 C6 E7 C5 F8 G7 D4 C4 G3 H3 H2 G4
Tree:
: T  90.44c W  89.54c S   1.33c ( +1.7 L  +1.2) N     600  --  E3 C6 E7 C5 F8 G7 D4
---White(^)---
E3  : T  93.50c W  91.55c S   1.49c ( +1.8 L  +1.3) LCB   91.31c P 10.88% WF 345.4 PSV     787 N     186  --  E3 C6 E7 C5 F8 G7 D4 C4
D3  : T  90.04c W  90.22c S   1.05c ( +1.6 L  +1.1) LCB   85.95c P 51.03% WF 297.1 PSV     235 N     166  --  D3 E3 E2 F2 F6 D2 E4
F4  : T  92.65c W  90.46c S   2.16c ( +2.1 L  +1.4) LCB   88.14c P 21.12% WF 155.1 PSV     154 N      93  --  F4 G4 E7 E6 D6 D7 E8 E5
D7  : T  86.15c W  86.30c S   0.84c ( +1.5 L  +0.9) LCB   80.60c P  4.82% WF  42.8 PSV      11 N      24  --  D7 C3 F4 F5 E4 B5
F6  : T  87.68c W  88.00c S   1.52c ( +1.8 L  +1.0) LCB   71.43c P  1.92% WF  52.2 PSV       5 N      33  --  F6 E6 E5 F5 D6 E7 E3 B5
E7  : T  65.13c W  78.28c S   1.13c ( +1.7 L  +1.0) LCB   28.75c P  7.30% WF   7.2 PSV       4 N       6  --  E7 E6 D6 D7 E8 C7
C4  : T  84.13c W  83.60c S   0.43c ( +1.3 L  +0.6) LCB   78.26c P  1.07% WF  22.3 PSV       2 N      15  --  C4 E4 E7 E8 F6 E6
C3  : T  88.92c W  88.14c S   0.82c ( +1.5 L  +0.9) LCB   83.83c P  0.43% WF  51.6 PSV       1 N      33  --  C3 C7 F3 E4 D7
E4  : T  82.42c W  81.74c S  -0.06c ( +1.1 L  +0.4) LCB   68.31c P  0.63% WF  12.5 PSV       1 N       8  --  E4 F3 E3 D7 G3
F5  : T  44.99c W  47.05c S  -2.07c ( +0.3 L  +0.5) LCB -305.01c P  0.25% WF   0.8 PSV       0 N       1  --  F5

2024-06-19 15:54:47-0400: = E3
2024-06-19 15:55:08-0400: Controller: kata-list_time_settings
2024-06-19 15:55:08-0400: = none absolute byoyomi canadian fischer fischer-capped
2024-06-19 15:55:08-0400: Controller: play black b5
2024-06-19 15:55:08-0400: = 
2024-06-19 15:55:08-0400: Controller: genmove white
2024-06-19 15:55:09-0400: MoveNum: 5 HASH: F6DC5F40DE46AB0ABA6F0C4F13C9F1F4
   A B C D E F G H J
 9 . . . . . . . . .
 8 . . . . . . . . .
 7 . . . . @ X1. . .
 6 . . . . . . . . .
 5 . X3. O . . X . .
 4 . . . . . . . . .
 3 . . . . O2. . . .
 2 . . . . . . . . .
 1 . . . . . . . . .

koPOSITIONALscoreAREAtaxNONEsui1komi7.5
Time taken: 1.062
Root visits: 11061
New playouts: 832
NN rows: 520
NN batches: 48
NN avg batch size: 10.8333
PV: E7 F6 E6 C7 E8 C4 G3 H3 H2 G4 F3 F8 F9 G9 E9 H8 C2 B2 C3 B3 C6 B6 B8 C8 C9
Tree:
: T  90.53c W  89.93c S   1.28c ( +1.7 L  +1.5) N   11061  --  E7 F6 E6 C7 E8 C4 G3
---White(^)---
E7  : T  90.72c W  90.09c S   1.26c ( +1.7 L  +1.5) LCB   89.95c P 82.13% WF 14743.4 PSV   14716 N   10398  --  E7 F6 E6 C7 E8 C4 G3 H3
F6  : T  89.36c W  89.30c S   1.60c ( +1.8 L  +1.3) LCB   85.04c P  4.95% WF 262.8 PSV     267 N     184  --  F6 G6 E7 F8 C4 B4 B3 C7
C6  : T  87.78c W  87.19c S   2.33c ( +2.3 L  +1.7) LCB   83.64c P  4.00% WF 419.3 PSV     160 N     301  --  C6 C3 C2 D2 D3 B2 C4 B3
D7  : T  85.29c W  84.77c S   0.53c ( +1.4 L  +0.8) LCB   80.95c P  2.97% WF  71.5 PSV      71 N      48  --  D7 C3 C2 C6 D6 C4 B2 C7
C4  : T  85.19c W  85.39c S   0.11c ( +1.2 L  +0.8) LCB   77.09c P  2.33% WF  56.6 PSV      55 N      43  --  C4 B4 E7 C3 F6 G6 F8 G7
C3  : T  86.92c W  87.70c S  -0.11c ( +1.1 L  +0.7) LCB   79.74c P  1.16% WF  97.8 PSV      37 N      65  --  C3 C7 C6 D7 G4 H4 H5 G3
G3  : T  83.82c W  84.49c S   0.34c ( +1.3 L  +0.8) LCB   66.74c P  0.60% WF  11.6 PSV      11 N       7  --  G3 C3 E7 F6 F8 E6 D7 G8
C5  : T  76.72c W  79.57c S   0.01c ( +1.2 L  +0.5) LCB   64.87c P  0.78% WF  11.9 PSV       8 N       9  --  C5 B4 C7 C3
F8  : T  75.38c W  75.71c S  -0.32c ( +1.0 L  +1.1) LCB -274.62c P  0.22% WF   1.6 PSV       2 N       1  --  F8
G4  : T  65.76c W  66.87c S  -1.11c ( +0.6 L  +0.6) LCB -284.24c P  0.25% WF   1.3 PSV       1 N       1  --  G4

2024-06-19 15:55:09-0400: = E7
2024-06-19 15:55:23-0400: Controller: kata-list_time_settings
2024-06-19 15:55:23-0400: = none absolute byoyomi canadian fischer fischer-capped
2024-06-19 15:55:23-0400: Controller: play black g3
2024-06-19 15:55:23-0400: = 
2024-06-19 15:55:23-0400: Controller: genmove white
2024-06-19 15:55:24-0400: MoveNum: 7 HASH: CA7F187EE2D772E760E27A426216AC06
   A B C D E F G H J
 9 . . . . . . . . .
 8 . . . . . @ . . .
 7 . . . . O2X . . .
 6 . . . . . . . . .
 5 . X1. O . . X . .
 4 . . . . . . . . .
 3 . . . . O . X3. .
 2 . . . . . . . . .
 1 . . . . . . . . .

koPOSITIONALscoreAREAtaxNONEsui1komi7.5
Time taken: 1.047
Root visits: 2651
New playouts: 559
NN rows: 461
NN batches: 48
NN avg batch size: 9.60417
PV: F8 G7 C6 B6 B7 C3 C2 B2 D2 C5 D6 D4 E4 B1 G8 F5 E5 H8 H9
Tree:
: T  90.22c W  90.51c S   1.36c ( +1.8 L  +1.4) N    2651  --  F8 G7 C6 B6 B7 C3 C2
---White(^)---
F8  : T  92.24c W  91.81c S   1.50c ( +1.8 L  +1.5) LCB   90.57c P 16.38% WF 1985.9 PSV    2415 N    1241  --  F8 G7 C6 B6 B7 C3 C2 B2
F6  : T  88.25c W  89.31c S   1.12c ( +1.7 L  +1.3) LCB   84.82c P 48.68% WF 799.6 PSV     601 N     599  --  F6 G6 C7 C3 C2 B2 C4 D3
C4  : T  86.94c W  88.41c S   1.42c ( +1.8 L  +1.3) LCB   81.98c P 19.79% WF 404.4 PSV     189 N     329  --  C4 B4 F6 G6 B3 C7 C8 C5
B6  : T  88.06c W  90.51c S   0.73c ( +1.5 L  +1.3) LCB   81.87c P  2.76% WF 116.0 PSV      32 N      72  --  B6 C6 C5 B7 D6 A6 F6 G6
C5  : T  81.74c W  85.18c S   1.26c ( +1.7 L  +1.4) LCB   66.20c P  5.87% WF  77.0 PSV      29 N      63  --  C5 B4 B6 C3 F6 G6 F8 G7
F4  : T  90.42c W  90.49c S   1.44c ( +1.8 L  +1.3) LCB   86.74c P  0.84% WF 316.0 PSV      20 N     211  --  F4 G4 F8 C3 C2 G7 C6 B6
C6  : T  90.16c W  89.73c S   1.38c ( +1.8 L  +1.3) LCB   85.49c P  0.75% WF 154.2 PSV      16 N     102  --  C6 E6 C3 D7 C7 C8 B8 E8
C3  : T  80.19c W  82.52c S  -0.05c ( +1.2 L  +1.0) LCB   67.60c P  2.73% WF  15.0 PSV      12 N      13  --  C3 C7 F6 G6 C8 D7 F8
B3  : T  87.13c W  87.02c S   1.15c ( +1.7 L  +1.3) LCB   78.40c P  0.98% WF  19.7 PSV       9 N      13  --  B3 C7 F6 G6 F8
C7  : T  86.48c W  85.83c S   0.01c ( +1.2 L  +1.0) LCB   70.43c P  0.50% WF   9.4 PSV       4 N       6  --  C7 C3 F6 G6 C2 B2 C4 D3

2024-06-19 15:55:24-0400: = F8
2024-06-19 15:55:40-0400: Controller: kata-list_time_settings
2024-06-19 15:55:40-0400: = none absolute byoyomi canadian fischer fischer-capped
2024-06-19 15:55:40-0400: Controller: play black g7
2024-06-19 15:55:40-0400: = 
2024-06-19 15:55:40-0400: Controller: genmove white
2024-06-19 15:55:41-0400: MoveNum: 9 HASH: 464E08E9E3DAA700E2248A02339A820D
   A B C D E F G H J
 9 . . . . . . . . .
 8 . . . . . O2. . .
 7 . . . . O X X3. .
 6 . . . . . . . . .
 5 . X . O . . X . .
 4 . . . . . @ . . .
 3 . . . . O . X1. .
 2 . . . . . . . . .
 1 . . . . . . . . .

koPOSITIONALscoreAREAtaxNONEsui1komi7.5
Time taken: 1.047
Root visits: 9688
New playouts: 620
NN rows: 518
NN batches: 48
NN avg batch size: 10.7917
PV: F4 F5 C7 C4 E5 D2 E2 B7 G4 H4 G8 H2 C5 C6 D6 B6 C3
Tree:
: T  91.46c W  91.13c S   1.30c ( +1.7 L  +1.6) N    9688  --  F4 F5 C7 C4 E5 D2 E2
---White(^)---
F4  : T  93.37c W  92.46c S   1.54c ( +1.8 L  +1.7) LCB   92.33c P  2.96% WF 6313.7 PSV    6118 N    4113  --  F4 F5 C7 C4 E5 D2 E2 B7
F6  : T  89.09c W  89.71c S   0.99c ( +1.6 L  +1.5) LCB   86.81c P 27.02% WF 1888.2 PSV     828 N    1519  --  F6 G6 C6 B6 B7 C5 D6 C3
C5  : T  86.14c W  86.81c S   1.62c ( +1.9 L  +1.6) LCB   82.26c P 44.87% WF 816.7 PSV     818 N     756  --  C5 B4 B6 C3 F4 F5 E5 B7
C6  : T  91.22c W  91.07c S   1.09c ( +1.6 L  +1.5) LCB   89.98c P  4.18% WF 4040.6 PSV     251 N    2898  --  C6 B6 B7 C5 D6 C3 G8 B8
B6  : T  87.31c W  87.45c S   0.29c ( +1.3 L  +1.1) LCB   80.72c P  5.53% WF 109.4 PSV     114 N      84  --  B6 C6 C5 B7 B4 A6 D6 D8
G2  : T  89.80c W  89.46c S   1.26c ( +1.7 L  +1.2) LCB   85.93c P  2.59% WF 235.1 PSV      94 N     163  --  G2 C3 H3 F3 F2 H4 D3 C4
C4  : T  81.17c W  84.40c S   0.05c ( +1.2 L  +0.9) LCB   71.17c P  7.64% WF  80.0 PSV      82 N      71  --  C4 B4 F6 G6 B3 C7 C8 C5
C7  : T  88.83c W  88.24c S   0.66c ( +1.5 L  +1.2) LCB   80.26c P  0.90% WF  66.2 PSV      26 N      49  --  C7 C3 C2 E6 D6 E8 D3 D7
C3  : T  76.10c W  77.19c S  -1.08c ( +0.7 L  +0.5) LCB   62.82c P  1.35% WF   9.7 PSV      10 N       9  --  C3 C7 F6 G6 G2 D4
B3  : T  76.46c W  77.94c S  -0.40c ( +1.0 L  +0.7) LCB   56.06c P  1.14% WF   7.8 PSV       8 N       7  --  B3 C7 F6 G6 D8

2024-06-19 15:55:41-0400: = F4
2024-06-19 15:56:01-0400: Controller: kata-list_time_settings
2024-06-19 15:56:01-0400: = none absolute byoyomi canadian fischer fischer-capped
2024-06-19 15:56:01-0400: Controller: play black f5
2024-06-19 15:56:01-0400: = 
2024-06-19 15:56:01-0400: Controller: genmove white
2024-06-19 15:56:02-0400: MoveNum: 11 HASH: B7794612B556EBF0001C8C5A795938B0
   A B C D E F G H J
 9 . . . . . . . . .
 8 . . . . . O . . .
 7 . . @ . O X X1. .
 6 . . . . . . . . .
 5 . X . O . X3X . .
 4 . . . . . O2. . .
 3 . . . . O . X . .
 2 . . . . . . . . .
 1 . . . . . . . . .

koPOSITIONALscoreAREAtaxNONEsui1komi7.5
Time taken: 1.031
Root visits: 12742
New playouts: 653
NN rows: 524
NN batches: 47
NN avg batch size: 11.1489
PV: C7 C3 C2 E5 B3 D4 C5 D2 D3 C4 B2 E2 B4 E4 G8 D6 C6 D7 D8 E6 E8 H8 H9 J7 D1
Tree:
: T  93.61c W  92.68c S   1.57c ( +2.0 L  +2.1) N   12742  --  C7 C3 C2 E5 B3 D4 C5
---White(^)---
C7  : T  94.46c W  93.29c S   1.74c ( +2.1 L  +2.1) LCB   93.62c P 19.50% WF 16535.1 PSV   16323 N   10683  --  C7 C3 C2 E5 B3 D4 C5 D2
E5  : T  90.24c W  90.63c S   0.39c ( +1.6 L  +1.4) LCB   88.46c P 21.91% WF 1679.7 PSV     869 N    1305  --  E5 D7 E6 B7 C6 C8 D8 B3
C5  : T  81.28c W  82.70c S   1.08c ( +1.9 L  +1.5) LCB   74.96c P 30.54% WF 349.3 PSV     400 N     396  --  C5 B4 B6 C3 E5 B7 G4 H4
C6  : T  82.04c W  83.77c S  -0.18c ( +1.3 L  +1.1) LCB   75.30c P 20.19% WF 249.8 PSV     280 N     264  --  C6 B6 B7 C3 C2 B2 C4 C7
G2  : T  85.16c W  86.54c S   0.44c ( +1.6 L  +1.0) LCB   77.37c P  1.63% WF  28.4 PSV      30 N      22  --  G2 C7 D7 C6 E5 H2
G4  : T  86.93c W  87.06c S   0.31c ( +1.5 L  +1.2) LCB   79.43c P  1.13% WF  28.5 PSV      25 N      22  --  G4 H4 E5 D7 E6 D8 C6 E8
B6  : T  84.52c W  87.21c S  -0.16c ( +1.3 L  +0.9) LCB   73.36c P  1.50% WF  24.3 PSV      25 N      20  --  B6 C6 C5 B7 D6 A6 B4 D8
B4  : T  83.53c W  83.43c S   0.33c ( +1.5 L  +1.0) LCB   72.88c P  0.68% WF  13.4 PSV      10 N      12  --  B4 C4 C5 B3 B6
C4  : T  66.92c W  70.90c S  -1.59c ( +0.7 L  +0.4) LCB   44.91c P  1.70% WF   9.7 PSV      10 N      11  --  C4 C7 D7 C6 E5 B4
B7  : T  67.28c W  70.97c S  -0.62c ( +1.1 L  +0.5) LCB   11.56c P  0.68% WF   3.5 PSV       4 N       4  --  B7 D7 E6

2024-06-19 15:56:02-0400: = C7
2024-06-19 15:56:12-0400: Controller: kata-list_time_settings
2024-06-19 15:56:12-0400: = none absolute byoyomi canadian fischer fischer-capped
2024-06-19 15:56:12-0400: Controller: play black c3
2024-06-19 15:56:12-0400: = 
2024-06-19 15:56:12-0400: Controller: genmove white
2024-06-19 15:56:13-0400: MoveNum: 13 HASH: 2D2824530D83BD711E1FACF50BB9C867
   A B C D E F G H J
 9 . . . . . . . . .
 8 . . . . . O . . .
 7 . . O2. O X X . .
 6 . . . . . . . . .
 5 . X . O . X1X . .
 4 . . . . . O . . .
 3 . . X3. O . X . .
 2 . . @ . . . . . .
 1 . . . . . . . . .

koPOSITIONALscoreAREAtaxNONEsui1komi7.5
Time taken: 1.031
Root visits: 11985
New playouts: 629
NN rows: 521
NN batches: 48
NN avg batch size: 10.8542
PV: C2 D8 D7 B7 B8 C6 E8 B2 C4 B4 D3 B3 E5 G4 A7 B6 G8
Tree:
: T  95.10c W  93.81c S   1.76c ( +2.3 L  +2.4) N   11985  --  C2 D8 D7 B7 B8 C6 E8
---White(^)---
C2  : T  95.80c W  94.30c S   1.90c ( +2.3 L  +2.4) LCB   94.91c P 19.72% WF 17884.8 PSV   17690 N   10577  --  C2 D8 D7 B7 B8 C6 E8 B2
E5  : T  87.44c W  88.77c S   0.22c ( +1.6 L  +1.4) LCB   84.60c P 57.42% WF 1177.2 PSV    1251 N    1162  --  E5 G8 G2 G4 B6 C5 E8 C6
C4  : T  84.32c W  84.76c S  -0.86c ( +1.2 L  +1.0) LCB   75.26c P  7.46% WF 125.4 PSV     119 N     125  --  C4 D3 E5 D4 E4 C5 G4 H4
C5  : T  69.40c W  74.10c S  -1.49c ( +0.9 L  +0.6) LCB   51.92c P  6.64% WF  42.9 PSV      46 N      60  --  C5 D3 E4 B6 B7 E2 F2
G4  : T  80.60c W  82.27c S  -1.37c ( +1.0 L  +0.6) LCB   68.63c P  3.19% WF  34.6 PSV      38 N      37  --  G4 H4 E5 G8 G2 F3 E4 H3
G2  : T  64.39c W  65.78c S  -2.17c ( +0.6 L  +0.3) LCB   41.81c P  1.46% WF   7.5 PSV       8 N      10  --  G2 H2 C2 B2 C4 B4
G8  : T -12.06c W   0.17c S  -4.75c ( -0.9 L  -1.4) LCB  -89.31c P  3.27% WF   3.3 PSV       5 N      11  --  G8 D4 C2 B2 H2
B6  : T  -3.77c W  11.19c S  -4.55c ( -0.7 L  -0.7) LCB -159.60c P  0.71% WF   0.7 PSV       1 N       2  --  B6 D4

2024-06-19 15:56:13-0400: = C2
2024-06-19 15:56:20-0400: Controller: kata-list_time_settings
2024-06-19 15:56:20-0400: = none absolute byoyomi canadian fischer fischer-capped
2024-06-19 15:56:20-0400: Controller: play black d8
2024-06-19 15:56:20-0400: = 
2024-06-19 15:56:20-0400: Controller: genmove white
2024-06-19 15:56:21-0400: MoveNum: 15 HASH: DF3B16E056A1BFBB568C0F7F6E3A3123
   A B C D E F G H J
 9 . . . . . . . . .
 8 . . . X3. O . . .
 7 . . O @ O X X . .
 6 . . . . . . . . .
 5 . X . O . X X . .
 4 . . . . . O . . .
 3 . . X1. O . X . .
 2 . . O2. . . . . .
 1 . . . . . . . . .

koPOSITIONALscoreAREAtaxNONEsui1komi7.5
Time taken: 1.047
Root visits: 3608
New playouts: 650
NN rows: 531
NN batches: 48
NN avg batch size: 11.0625
PV: D7 B7 B8 C6 E8 B2 C4 B4 D3 B3 E5 G4 A7 B6 G8
Tree:
: T  95.90c W  94.15c S   1.92c ( +2.3 L  +2.5) N    3608  --  D7 B7 B8 C6 E8 B2 C4
---White(^)---
D7  : T  97.39c W  95.16c S   2.25c ( +2.5 L  +2.7) LCB   96.12c P 25.78% WF 4746.1 PSV    4662 N    2716  --  D7 B7 B8 C6 E8 B2 C4 B4
E8  : T  90.06c W  90.05c S   0.49c ( +1.8 L  +1.8) LCB   86.77c P 27.53% WF 535.1 PSV     250 N     464  --  E8 B7 B8 E5 D4 C6 D6 C8
C4  : T  84.20c W  86.95c S   0.68c ( +1.9 L  +1.6) LCB   73.87c P 19.51% WF  95.6 PSV     101 N      98  --  C4 C8 D7 B7 E8 C6 B8 B9
C6  : T  90.59c W  91.12c S   0.42c ( +1.8 L  +1.7) LCB   85.17c P  8.50% WF 322.6 PSV      83 N     256  --  C6 E5 D3 C4 D4 B2 E8 E6
B3  : T  80.46c W  82.48c S  -0.60c ( +1.3 L  +0.8) LCB   71.63c P  6.57% WF  24.4 PSV      26 N      24  --  B3 C8 C6 D7 D6
C5  : T  83.85c W  83.19c S  -0.96c ( +1.2 L  +0.8) LCB   70.37c P  4.51% WF  22.2 PSV      22 N      22  --  C5 D7 C8 D2 D3 B2 B3 D6
C8  : T  82.82c W  82.68c S  -0.68c ( +1.3 L  +0.7) LCB   67.84c P  1.56% WF   8.0 PSV       7 N       8  --  C8 D2 D3
D3  : T  85.68c W  87.26c S  -0.50c ( +1.4 L  +1.0) LCB   63.29c P  1.30% WF   7.3 PSV       7 N       6  --  D3 C4 B2 C8
B6  : T  65.09c W  68.39c S  -1.12c ( +1.1 L  +0.5) LCB   27.18c P  2.72% WF   4.4 PSV       5 N       6  --  B6 C5 D3
E5  : T  84.63c W  84.55c S  -0.70c ( +1.3 L  +0.9) LCB    6.81c P  0.58% WF   3.8 PSV       3 N       3  --  E5 D2

2024-06-19 15:56:21-0400: = D7
2024-06-19 15:56:38-0400: Controller: kata-list_time_settings
2024-06-19 15:56:38-0400: = none absolute byoyomi canadian fischer fischer-capped
2024-06-19 15:56:38-0400: Controller: play black b7
2024-06-19 15:56:38-0400: = 
2024-06-19 15:56:38-0400: Controller: genmove white
2024-06-19 15:56:39-0400: MoveNum: 17 HASH: F0835194F489B519AEF403BB9CEDEBDF
   A B C D E F G H J
 9 . . . . . . . . .
 8 . @ . X1. O . . .
 7 . X3O O2O X X . .
 6 . . . . . . . . .
 5 . X . O . X X . .
 4 . . . . . O . . .
 3 . . X . O . X . .
 2 . . O . . . . . .
 1 . . . . . . . . .

koPOSITIONALscoreAREAtaxNONEsui1komi7.5
Time taken: 1.031
Root visits: 9428
New playouts: 733
NN rows: 517
NN batches: 47
NN avg batch size: 11
PV: B8 C6 E8 B2 C4 B4 D3 B3 E5 G2 D2 A8 B1 A7 B9 C5 G4 H4 H5 H6 H3
Tree:
: T  97.54c W  95.93c S   2.03c ( +2.7 L  +3.0) N    9428  --  B8 C6 E8 B2 C4 B4 D3
---White(^)---
B8  : T  98.09c W  96.38c S   2.16c ( +2.7 L  +3.1) LCB   97.31c P 33.03% WF 16359.7 PSV   16266 N    8559  --  B8 C6 E8 B2 C4 B4 D3 B3
C4  : T  86.90c W  87.81c S   0.33c ( +2.0 L  +1.8) LCB   78.37c P 20.08% WF 231.3 PSV     262 N     227  --  C4 B3 D3 C8 B8 C6 E8 B9
C8  : T  93.70c W  93.09c S   0.60c ( +2.1 L  +2.3) LCB   89.71c P  6.61% WF 346.1 PSV     216 N     275  --  C8 B2 C4 D3 D2 B4 D4 B3
G2  : T  84.37c W  84.40c S  -1.79c ( +1.1 L  +0.8) LCB   78.58c P 14.25% WF 138.3 PSV     155 N     158  --  G2 C8 E8 C6 E5 H2 G4 H4
B3  : T  82.73c W  82.11c S  -0.41c ( +1.6 L  +1.2) LCB   75.47c P 12.76% WF 109.0 PSV     124 N     133  --  B3 C8 E8 C4 B2 B9 A8 A7
B6  : T  85.66c W  85.80c S  -1.48c ( +1.2 L  +0.9) LCB   56.34c P  1.12% WF  13.4 PSV      13 N      11  --  B6 C6 C5 A6 B3 C8
G8  : T  44.72c W  46.35c S  -3.03c ( +0.4 L  +0.2) LCB   -0.88c P  4.19% WF   8.3 PSV      11 N      16  --  G8 C8 E8 C6 E5 F3 B4
E5  : T  70.16c W  71.44c S  -2.07c ( +1.0 L  +0.7) LCB   34.64c P  1.58% WF   7.5 PSV       8 N       9  --  E5 D2 G8 G4
C5  : T  51.65c W  57.63c S  -1.44c ( +1.1 L  +0.4) LCB   -3.04c P  2.16% WF   5.7 PSV       7 N      11  --  C5 B4 B2 C8 B6 A6 C6
G4  : T  65.97c W  68.10c S  -2.10c ( +0.9 L  +0.6) LCB   36.23c P  1.33% WF   6.5 PSV       6 N       9  --  G4 H4 H3 H2 B8 C6

2024-06-19 15:56:39-0400: = B8
2024-06-19 15:56:49-0400: Controller: kata-list_time_settings
2024-06-19 15:56:49-0400: = none absolute byoyomi canadian fischer fischer-capped
2024-06-19 15:56:49-0400: Controller: play black c6
2024-06-19 15:56:49-0400: = 
2024-06-19 15:56:49-0400: Controller: genmove white
2024-06-19 15:56:50-0400: MoveNum: 19 HASH: FDC5028A719F958EAC95EA4B3D88B1BD
   A B C D E F G H J
 9 . . . . . . . . .
 8 . O2. X @ O . . .
 7 . X1O O O X X . .
 6 . . X3. . . . . .
 5 . X . O . X X . .
 4 . . . . . O . . .
 3 . . X . O . X . .
 2 . . O . . . . . .
 1 . . . . . . . . .

koPOSITIONALscoreAREAtaxNONEsui1komi7.5
Time taken: 1.016
Root visits: 9732
New playouts: 731
NN rows: 514
NN batches: 45
NN avg batch size: 11.4222
PV: E8 B2 C4 B4 D3 B3 E5 G2 G4 H4 H3 H6 A7 D2 E2 C1 G8 H8
Tree:
: T  98.13c W  96.52c S   2.09c ( +2.7 L  +3.1) N    9732  --  E8 B2 C4 B4 D3 B3 E5
---White(^)---
E8  : T  98.82c W  97.24c S   2.18c ( +2.8 L  +3.2) LCB   97.93c P 15.13% WF 14372.8 PSV   14216 N    6624  --  E8 B2 C4 B4 D3 B3 E5 G2
A7  : T  97.24c W  95.26c S   1.93c ( +2.7 L  +3.0) LCB   95.60c P 26.74% WF 2912.5 PSV    2466 N    1787  --  A7 D6 C4 B3 E6 D3 E5 E2
E5  : T  95.56c W  94.32c S   1.81c ( +2.7 L  +2.6) LCB   93.24c P 29.71% WF 1359.5 PSV    1403 N     973  --  E5 C8 G8 B9 G4 H4 H3 H5
C4  : T  90.45c W  89.33c S   1.29c ( +2.4 L  +2.3) LCB   85.36c P  9.81% WF 168.3 PSV     182 N     169  --  C4 B3 D3 C8 E8 B9 A8 A7
B3  : T  79.57c W  78.50c S  -0.35c ( +1.7 L  +1.4) LCB   69.09c P 13.02% WF  92.0 PSV     108 N     138  --  B3 C4 B2 D6 A7 D3 D2 E8
G4  : T  85.10c W  84.05c S   0.05c ( +1.9 L  +1.7) LCB   64.21c P  1.42% WF  14.8 PSV      16 N      15  --  G4 H4 E5 C8 H5 H3 G8
D6  : T  50.26c W  50.36c S  -2.69c ( +0.6 L  +0.5) LCB   25.46c P  2.15% WF   5.2 PSV       7 N      10  --  D6 C8 E8 C4
C8  : T  60.29c W  64.21c S  -2.59c ( +0.7 L  +0.3) LCB   28.04c P  0.46% WF   5.4 PSV       1 N      10  --  C8 B2 C4 B4 D3 B3 G8 D6
D3  : T  32.17c W  32.75c S  -3.32c ( +0.3 L  +0.3) LCB  -60.72c P  0.71% WF   1.2 PSV       1 N       3  --  D3 C8 E8
G8  : T  -8.55c W  -3.84c S  -4.72c ( -0.5 L  -0.5) LCB -358.55c P  0.53% WF   0.3 PSV       0 N       1  --  G8

2024-06-19 15:56:50-0400: = E8
2024-06-19 15:57:03-0400: Controller: quit
2024-06-19 15:57:03-0400: Quit requested by controller
2024-06-19 15:57:03-0400: = 
2024-06-19 15:57:03-0400: GPU -1 finishing, processed 65602 rows 5839 batches
2024-06-19 15:57:03-0400: All cleaned up, quitting
