2024-06-24 16:21:14-0400: Running with following config:
allowResignation = true
lagBuffer = 1.0
logAllGTPCommunication = true
logDir = gtp_logs
logSearchInfo = true
logSearchInfoForChosenMove = false
logToStderr = false
maxTime = 1.0
maxTimePondering = 120.0
numSearchThreads = 32
ogsChatToStderr = true
ponderingEnabled = true
resignConsecTurns = 3
resignThreshold = -0.90
rules = tromp-taylor
searchFactorAfterOnePass = 0.50
searchFactorAfterTwoPass = 0.25
searchFactorWhenWinning = 0.40
searchFactorWhenWinningThreshold = 0.95

2024-06-24 16:21:14-0400: GTP Engine starting...
2024-06-24 16:21:14-0400: KataGo v1.14.1
2024-06-24 16:21:14-0400: Using TrompTaylor rules initially, unless GTP/GUI overrides this
2024-06-24 16:21:14-0400: Using 32 CPU thread(s) for search
2024-06-24 16:21:14-0400: nnRandSeed0 = 829118029437962030
2024-06-24 16:21:14-0400: After dedups: nnModelFile0 = C:\Users\chang\Downloads\kata1-b18c384nbt-s9937771520-d4300882049.bin.gz useFP16 auto useNHWC auto
2024-06-24 16:21:14-0400: Initializing neural net buffer to be size 19 * 19 exactly
2024-06-24 16:21:17-0400: Cuda backend thread 0: Found GPU NVIDIA GeForce RTX 4060 Laptop GPU memory 8585216000 compute capability major 8 minor 9
2024-06-24 16:21:17-0400: Cuda backend thread 0: Model version 14 useFP16 = true useNHWC = true
2024-06-24 16:21:17-0400: Cuda backend thread 0: Model name: kata1-b18c384nbt-s9937771520-d4300882049
2024-06-24 16:21:19-0400: Loaded neural net with nnXLen 19 nnYLen 19
2024-06-24 16:21:19-0400: Initializing board with boardXSize 19 boardYSize 19
2024-06-24 16:21:19-0400: Loaded config C:\Users\chang\Downloads\katago-v1.14.1-cuda12.1-cudnn8.9.7-windows-x64\default_gtp.cfg
2024-06-24 16:21:19-0400: Loaded model C:\Users\chang\Downloads\kata1-b18c384nbt-s9937771520-d4300882049.bin.gz
2024-06-24 16:21:19-0400: Model name: kata1-b18c384nbt-s9937771520-d4300882049
2024-06-24 16:21:19-0400: GTP ready, beginning main protocol loop
2024-06-24 16:21:19-0400: Controller: name
2024-06-24 16:21:19-0400: = KataGo
2024-06-24 16:21:19-0400: Controller: version
2024-06-24 16:21:19-0400: = 1.14.1
2024-06-24 16:21:19-0400: Controller: list_commands
2024-06-24 16:21:19-0400: = protocol_version
name
version
known_command
list_commands
quit
boardsize
rectangular_boardsize
clear_board
set_position
komi
get_komi
play
undo
kata-get-rules
kata-set-rule
kata-set-rules
kata-get-param
kata-set-param
kata-list-params
kgs-rules
genmove
genmove_debug
search_debug
clear_cache
showboard
fixed_handicap
place_free_handicap
set_free_handicap
time_settings
kgs-time_settings
time_left
kata-list_time_settings
kata-time_settings
final_score
final_status_list
loadsgf
printsgf
lz-genmove_analyze
kata-genmove_analyze
lz-analyze
kata-analyze
kata-raw-nn
cputime
gomill-cpu_time
kata-benchmark
kata-debug-print-tc
debug_moves
stop
2024-06-24 16:21:19-0400: Controller: komi 7.5
2024-06-24 16:21:19-0400: = 
2024-06-24 16:21:19-0400: Controller: boardsize 19
2024-06-24 16:21:19-0400: = 
2024-06-24 16:21:19-0400: Controller: kata-get-param playoutDoublingAdvantage
2024-06-24 16:21:19-0400: = 0
2024-06-24 16:21:19-0400: Controller: kata-get-param analysisWideRootNoise
2024-06-24 16:21:19-0400: = 0.04
2024-06-24 16:21:19-0400: Controller: kata-get-rules
2024-06-24 16:21:19-0400: = {"friendlyPassOk":false,"hasButton":false,"ko":"POSITIONAL","scoring":"AREA","suicide":true,"tax":"NONE","whiteHandicapBonus":"0"}
2024-06-24 16:21:19-0400: Controller: clear_board
2024-06-24 16:21:19-0400: = 
2024-06-24 16:21:19-0400: Controller: time_settings 0 2 1
2024-06-24 16:21:19-0400: = 
2024-06-24 16:21:19-0400: Controller: kata-analyze B 10
2024-06-24 16:21:19-0400: = 
2024-06-24 16:21:26-0400: Controller: clear_board
2024-06-24 16:21:26-0400: = 
2024-06-24 16:21:26-0400: Controller: kata-analyze B 10
2024-06-24 16:21:26-0400: = 
2024-06-24 16:21:26-0400: Controller: komi 7.5
2024-06-24 16:21:26-0400: = 
2024-06-24 16:21:26-0400: Controller: play B H18
2024-06-24 16:21:26-0400: = 
2024-06-24 16:21:26-0400: Controller: kata-analyze W 10
2024-06-24 16:21:26-0400: = 
2024-06-24 16:21:26-0400: Controller: play W D17
2024-06-24 16:21:26-0400: = 
2024-06-24 16:21:26-0400: Controller: kata-analyze B 10
2024-06-24 16:21:26-0400: = 
2024-06-24 16:21:26-0400: Controller: play B E17
2024-06-24 16:21:26-0400: = 
2024-06-24 16:21:26-0400: Controller: play B F17
2024-06-24 16:21:26-0400: = 
2024-06-24 16:21:26-0400: Controller: play B G17
2024-06-24 16:21:26-0400: = 
2024-06-24 16:21:26-0400: Controller: play B J17
2024-06-24 16:21:26-0400: = 
2024-06-24 16:21:26-0400: Controller: play B K17
2024-06-24 16:21:26-0400: = 
2024-06-24 16:21:26-0400: Controller: play B M17
2024-06-24 16:21:26-0400: = 
2024-06-24 16:21:26-0400: Controller: play B N17
2024-06-24 16:21:26-0400: = 
2024-06-24 16:21:26-0400: Controller: play W P17
2024-06-24 16:21:26-0400: = 
2024-06-24 16:21:26-0400: Controller: play W Q17
2024-06-24 16:21:26-0400: = 
2024-06-24 16:21:26-0400: Controller: play B R17
2024-06-24 16:21:26-0400: = 
2024-06-24 16:21:26-0400: Controller: play W D16
2024-06-24 16:21:26-0400: = 
2024-06-24 16:21:26-0400: Controller: play W E16
2024-06-24 16:21:26-0400: = 
2024-06-24 16:21:26-0400: Controller: play W F16
2024-06-24 16:21:26-0400: = 
2024-06-24 16:21:26-0400: Controller: play W G16
2024-06-24 16:21:26-0400: = 
2024-06-24 16:21:26-0400: Controller: play B H16
2024-06-24 16:21:26-0400: = 
2024-06-24 16:21:26-0400: Controller: play W N16
2024-06-24 16:21:26-0400: = 
2024-06-24 16:21:26-0400: Controller: play W P16
2024-06-24 16:21:26-0400: = 
2024-06-24 16:21:26-0400: Controller: play B Q16
2024-06-24 16:21:26-0400: = 
2024-06-24 16:21:26-0400: Controller: play B R16
2024-06-24 16:21:26-0400: = 
2024-06-24 16:21:26-0400: Controller: play W H15
2024-06-24 16:21:26-0400: = 
2024-06-24 16:21:26-0400: Controller: play B K15
2024-06-24 16:21:26-0400: = 
2024-06-24 16:21:26-0400: Controller: play W P13
2024-06-24 16:21:26-0400: = 
2024-06-24 16:21:26-0400: Controller: play B R13
2024-06-24 16:21:26-0400: = 
2024-06-24 16:21:26-0400: Controller: play W R10
2024-06-24 16:21:26-0400: = 
2024-06-24 16:21:26-0400: Controller: play B H8
2024-06-24 16:21:26-0400: = 
2024-06-24 16:21:26-0400: Controller: play W R8
2024-06-24 16:21:26-0400: = 
2024-06-24 16:21:26-0400: Controller: play W K7
2024-06-24 16:21:26-0400: = 
2024-06-24 16:21:26-0400: Controller: play B M7
2024-06-24 16:21:26-0400: = 
2024-06-24 16:21:26-0400: Controller: play B Q7
2024-06-24 16:21:26-0400: = 
2024-06-24 16:21:26-0400: Controller: play W R7
2024-06-24 16:21:26-0400: = 
2024-06-24 16:21:26-0400: Controller: play W C6
2024-06-24 16:21:26-0400: = 
2024-06-24 16:21:26-0400: Controller: play W F6
2024-06-24 16:21:26-0400: = 
2024-06-24 16:21:26-0400: Controller: play B G6
2024-06-24 16:21:26-0400: = 
2024-06-24 16:21:26-0400: Controller: play B H6
2024-06-24 16:21:26-0400: = 
2024-06-24 16:21:26-0400: Controller: play W K6
2024-06-24 16:21:26-0400: = 
2024-06-24 16:21:26-0400: Controller: play B L6
2024-06-24 16:21:26-0400: = 
2024-06-24 16:21:26-0400: Controller: play B M6
2024-06-24 16:21:26-0400: = 
2024-06-24 16:21:26-0400: Controller: play B O6
2024-06-24 16:21:26-0400: = 
2024-06-24 16:21:26-0400: Controller: play B Q6
2024-06-24 16:21:26-0400: = 
2024-06-24 16:21:26-0400: Controller: play W R6
2024-06-24 16:21:27-0400: = 
2024-06-24 16:21:27-0400: Controller: play W F5
2024-06-24 16:21:27-0400: = 
2024-06-24 16:21:27-0400: Controller: play W G5
2024-06-24 16:21:27-0400: = 
2024-06-24 16:21:27-0400: Controller: play B H5
2024-06-24 16:21:27-0400: = 
2024-06-24 16:21:27-0400: Controller: play B J5
2024-06-24 16:21:27-0400: = 
2024-06-24 16:21:27-0400: Controller: play B K5
2024-06-24 16:21:27-0400: = 
2024-06-24 16:21:27-0400: Controller: play W L5
2024-06-24 16:21:27-0400: = 
2024-06-24 16:21:27-0400: Controller: play W M5
2024-06-24 16:21:27-0400: = 
2024-06-24 16:21:27-0400: Controller: play W N5
2024-06-24 16:21:27-0400: = 
2024-06-24 16:21:27-0400: Controller: play W O5
2024-06-24 16:21:27-0400: = 
2024-06-24 16:21:27-0400: Controller: play W P5
2024-06-24 16:21:27-0400: = 
2024-06-24 16:21:27-0400: Controller: play B R5
2024-06-24 16:21:27-0400: = 
2024-06-24 16:21:27-0400: Controller: play W S5
2024-06-24 16:21:27-0400: = 
2024-06-24 16:21:27-0400: Controller: play W D4
2024-06-24 16:21:27-0400: = 
2024-06-24 16:21:27-0400: Controller: play W H4
2024-06-24 16:21:27-0400: = 
2024-06-24 16:21:27-0400: Controller: play W J4
2024-06-24 16:21:27-0400: = 
2024-06-24 16:21:27-0400: Controller: play W K4
2024-06-24 16:21:27-0400: = 
2024-06-24 16:21:27-0400: Controller: play B L4
2024-06-24 16:21:27-0400: = 
2024-06-24 16:21:27-0400: Controller: play W M4
2024-06-24 16:21:27-0400: = 
2024-06-24 16:21:27-0400: Controller: play B N4
2024-06-24 16:21:27-0400: = 
2024-06-24 16:21:27-0400: Controller: play B O4
2024-06-24 16:21:27-0400: = 
2024-06-24 16:21:27-0400: Controller: play B P4
2024-06-24 16:21:27-0400: = 
2024-06-24 16:21:27-0400: Controller: play B R4
2024-06-24 16:21:27-0400: = 
2024-06-24 16:21:27-0400: Controller: play W S4
2024-06-24 16:21:27-0400: = 
2024-06-24 16:21:27-0400: Controller: play B F3
2024-06-24 16:21:27-0400: = 
2024-06-24 16:21:27-0400: Controller: play W G3
2024-06-24 16:21:27-0400: = 
2024-06-24 16:21:27-0400: Controller: play B L3
2024-06-24 16:21:27-0400: = 
2024-06-24 16:21:27-0400: Controller: play W M3
2024-06-24 16:21:27-0400: = 
2024-06-24 16:21:27-0400: Controller: play B N3
2024-06-24 16:21:27-0400: = 
2024-06-24 16:21:27-0400: Controller: play W O3
2024-06-24 16:21:27-0400: = 
2024-06-24 16:21:27-0400: Controller: play B Q3
2024-06-24 16:21:27-0400: = 
2024-06-24 16:21:27-0400: Controller: play B S3
2024-06-24 16:21:27-0400: = 
2024-06-24 16:21:27-0400: Controller: play B K2
2024-06-24 16:21:27-0400: = 
2024-06-24 16:21:27-0400: Controller: play B M2
2024-06-24 16:21:27-0400: = 
2024-06-24 16:21:27-0400: Controller: play W N2
2024-06-24 16:21:27-0400: = 
2024-06-24 16:21:27-0400: Controller: play W G8
2024-06-24 16:21:27-0400: = 
2024-06-24 16:21:27-0400: Controller: undo
2024-06-24 16:21:27-0400: = 
2024-06-24 16:21:27-0400: Controller: kata-analyze W 10
2024-06-24 16:21:27-0400: = 
2024-06-24 16:21:27-0400: Controller: play W G8
2024-06-24 16:21:27-0400: = 
2024-06-24 16:21:27-0400: Controller: kata-analyze B 10
2024-06-24 16:21:27-0400: = 
2024-06-24 16:21:28-0400: Controller: play B G9
2024-06-24 16:21:28-0400: = 
2024-06-24 16:21:28-0400: Controller: kata-analyze W 10
2024-06-24 16:21:28-0400: = 
2024-06-24 16:21:35-0400: Controller: play W G7
2024-06-24 16:21:35-0400: = 
2024-06-24 16:21:35-0400: Controller: kata-analyze B 10
2024-06-24 16:21:35-0400: = 
2024-06-24 16:21:37-0400: Controller: play B H7
2024-06-24 16:21:37-0400: = 
2024-06-24 16:21:37-0400: Controller: kata-analyze W 10
2024-06-24 16:21:37-0400: = 
2024-06-24 16:21:39-0400: Controller: play W H9
2024-06-24 16:21:39-0400: = 
2024-06-24 16:21:39-0400: Controller: kata-analyze B 10
2024-06-24 16:21:39-0400: = 
2024-06-24 16:21:42-0400: Controller: play B J9
2024-06-24 16:21:42-0400: = 
2024-06-24 16:21:42-0400: Controller: kata-analyze W 10
2024-06-24 16:21:42-0400: = 
2024-06-24 16:21:44-0400: Controller: play W H10
2024-06-24 16:21:44-0400: = 
2024-06-24 16:21:44-0400: Controller: kata-analyze B 10
2024-06-24 16:21:44-0400: = 
2024-06-24 16:21:44-0400: Controller: play B F9
2024-06-24 16:21:44-0400: = 
2024-06-24 16:21:44-0400: Controller: kata-analyze W 10
2024-06-24 16:21:45-0400: = 
2024-06-24 16:21:47-0400: Controller: play W E8
2024-06-24 16:21:47-0400: = 
2024-06-24 16:21:47-0400: Controller: kata-analyze B 10
2024-06-24 16:21:47-0400: = 
2024-06-24 16:21:49-0400: Controller: play B K8
2024-06-24 16:21:49-0400: = 
2024-06-24 16:21:49-0400: Controller: kata-analyze W 10
2024-06-24 16:21:49-0400: = 
2024-06-24 16:21:54-0400: Controller: play W J10
2024-06-24 16:21:54-0400: = 
2024-06-24 16:21:54-0400: Controller: kata-analyze B 10
2024-06-24 16:21:54-0400: = 
2024-06-24 16:22:09-0400: Controller: play B E9
2024-06-24 16:22:09-0400: = 
2024-06-24 16:22:09-0400: Controller: kata-analyze W 10
2024-06-24 16:22:09-0400: = 
2024-06-24 16:22:21-0400: Controller: play W K9
2024-06-24 16:22:21-0400: = 
2024-06-24 16:22:21-0400: Controller: kata-analyze B 10
2024-06-24 16:22:21-0400: = 
2024-06-24 16:22:24-0400: Controller: play B J8
2024-06-24 16:22:24-0400: = 
2024-06-24 16:22:24-0400: Controller: kata-analyze W 10
2024-06-24 16:22:24-0400: = 
2024-06-24 16:22:38-0400: Controller: play W D8
2024-06-24 16:22:38-0400: = 
2024-06-24 16:22:38-0400: Controller: kata-analyze B 10
2024-06-24 16:22:38-0400: = 
2024-06-24 16:22:44-0400: Controller: clear_board
2024-06-24 16:22:44-0400: = 
2024-06-24 16:22:44-0400: Controller: kata-analyze B 10
2024-06-24 16:22:44-0400: = 
2024-06-24 16:22:44-0400: Controller: komi 7.5
2024-06-24 16:22:44-0400: = 
2024-06-24 16:22:44-0400: Controller: kata-analyze B 10
2024-06-24 16:22:44-0400: = 
2024-06-24 16:24:22-0400: Controller: clear_board
2024-06-24 16:24:22-0400: = 
2024-06-24 16:24:22-0400: Controller: kata-analyze B 10
2024-06-24 16:24:22-0400: = 
2024-06-24 16:24:22-0400: Controller: komi 7.5
2024-06-24 16:24:22-0400: = 
2024-06-24 16:24:22-0400: Controller: play B H18
2024-06-24 16:24:22-0400: = 
2024-06-24 16:24:22-0400: Controller: play W D17
2024-06-24 16:24:22-0400: = 
2024-06-24 16:24:22-0400: Controller: play B E17
2024-06-24 16:24:22-0400: = 
2024-06-24 16:24:22-0400: Controller: play B F17
2024-06-24 16:24:22-0400: = 
2024-06-24 16:24:22-0400: Controller: play B G17
2024-06-24 16:24:22-0400: = 
2024-06-24 16:24:22-0400: Controller: play B J17
2024-06-24 16:24:22-0400: = 
2024-06-24 16:24:22-0400: Controller: play B K17
2024-06-24 16:24:22-0400: = 
2024-06-24 16:24:22-0400: Controller: play B M17
2024-06-24 16:24:22-0400: = 
2024-06-24 16:24:22-0400: Controller: play B N17
2024-06-24 16:24:22-0400: = 
2024-06-24 16:24:22-0400: Controller: play W P17
2024-06-24 16:24:22-0400: = 
2024-06-24 16:24:22-0400: Controller: play W Q17
2024-06-24 16:24:22-0400: = 
2024-06-24 16:24:22-0400: Controller: play B R17
2024-06-24 16:24:22-0400: = 
2024-06-24 16:24:22-0400: Controller: play W D16
2024-06-24 16:24:22-0400: = 
2024-06-24 16:24:22-0400: Controller: play W E16
2024-06-24 16:24:22-0400: = 
2024-06-24 16:24:22-0400: Controller: play W F16
2024-06-24 16:24:22-0400: = 
2024-06-24 16:24:22-0400: Controller: play W G16
2024-06-24 16:24:22-0400: = 
2024-06-24 16:24:22-0400: Controller: play B H16
2024-06-24 16:24:22-0400: = 
2024-06-24 16:24:22-0400: Controller: play W N16
2024-06-24 16:24:22-0400: = 
2024-06-24 16:24:22-0400: Controller: play W P16
2024-06-24 16:24:22-0400: = 
2024-06-24 16:24:22-0400: Controller: play B Q16
2024-06-24 16:24:22-0400: = 
2024-06-24 16:24:22-0400: Controller: play B R16
2024-06-24 16:24:22-0400: = 
2024-06-24 16:24:22-0400: Controller: play W H15
2024-06-24 16:24:22-0400: = 
2024-06-24 16:24:22-0400: Controller: play B K15
2024-06-24 16:24:22-0400: = 
2024-06-24 16:24:22-0400: Controller: play W P13
2024-06-24 16:24:22-0400: = 
2024-06-24 16:24:22-0400: Controller: play B R13
2024-06-24 16:24:22-0400: = 
2024-06-24 16:24:22-0400: Controller: play W B12
2024-06-24 16:24:22-0400: = 
2024-06-24 16:24:22-0400: Controller: play B J12
2024-06-24 16:24:22-0400: = 
2024-06-24 16:24:22-0400: Controller: play W A11
2024-06-24 16:24:22-0400: = 
2024-06-24 16:24:22-0400: Controller: play W C11
2024-06-24 16:24:22-0400: = 
2024-06-24 16:24:22-0400: Controller: play W D11
2024-06-24 16:24:22-0400: = 
2024-06-24 16:24:22-0400: Controller: play B G11
2024-06-24 16:24:22-0400: = 
2024-06-24 16:24:22-0400: Controller: play W B10
2024-06-24 16:24:22-0400: = 
2024-06-24 16:24:22-0400: Controller: play B C10
2024-06-24 16:24:22-0400: = 
2024-06-24 16:24:22-0400: Controller: play W G10
2024-06-24 16:24:22-0400: = 
2024-06-24 16:24:22-0400: Controller: play W H10
2024-06-24 16:24:22-0400: = 
2024-06-24 16:24:22-0400: Controller: play W J10
2024-06-24 16:24:22-0400: = 
2024-06-24 16:24:22-0400: Controller: play W R10
2024-06-24 16:24:22-0400: = 
2024-06-24 16:24:22-0400: Controller: play W A9
2024-06-24 16:24:22-0400: = 
2024-06-24 16:24:22-0400: Controller: play B B9
2024-06-24 16:24:22-0400: = 
2024-06-24 16:24:22-0400: Controller: play B D9
2024-06-24 16:24:22-0400: = 
2024-06-24 16:24:22-0400: Controller: play B E9
2024-06-24 16:24:22-0400: = 
2024-06-24 16:24:22-0400: Controller: play B F9
2024-06-24 16:24:22-0400: = 
2024-06-24 16:24:22-0400: Controller: play B G9
2024-06-24 16:24:22-0400: = 
2024-06-24 16:24:22-0400: Controller: play W H9
2024-06-24 16:24:22-0400: = 
2024-06-24 16:24:22-0400: Controller: play B J9
2024-06-24 16:24:22-0400: = 
2024-06-24 16:24:22-0400: Controller: play W K9
2024-06-24 16:24:22-0400: = 
2024-06-24 16:24:22-0400: Controller: play B C8
2024-06-24 16:24:22-0400: = 
2024-06-24 16:24:22-0400: Controller: play W D8
2024-06-24 16:24:22-0400: = 
2024-06-24 16:24:22-0400: Controller: play W E8
2024-06-24 16:24:22-0400: = 
2024-06-24 16:24:22-0400: Controller: play W G8
2024-06-24 16:24:22-0400: = 
2024-06-24 16:24:22-0400: Controller: play B H8
2024-06-24 16:24:22-0400: = 
2024-06-24 16:24:22-0400: Controller: play B J8
2024-06-24 16:24:22-0400: = 
2024-06-24 16:24:22-0400: Controller: play B K8
2024-06-24 16:24:22-0400: = 
2024-06-24 16:24:22-0400: Controller: play W R8
2024-06-24 16:24:22-0400: = 
2024-06-24 16:24:22-0400: Controller: play W C7
2024-06-24 16:24:22-0400: = 
2024-06-24 16:24:22-0400: Controller: play W G7
2024-06-24 16:24:22-0400: = 
2024-06-24 16:24:22-0400: Controller: play B H7
2024-06-24 16:24:23-0400: = 
2024-06-24 16:24:23-0400: Controller: play W K7
2024-06-24 16:24:23-0400: = 
2024-06-24 16:24:23-0400: Controller: play B M7
2024-06-24 16:24:23-0400: = 
2024-06-24 16:24:23-0400: Controller: play B Q7
2024-06-24 16:24:23-0400: = 
2024-06-24 16:24:23-0400: Controller: play W R7
2024-06-24 16:24:23-0400: = 
2024-06-24 16:24:23-0400: Controller: play W C6
2024-06-24 16:24:23-0400: = 
2024-06-24 16:24:23-0400: Controller: play W F6
2024-06-24 16:24:23-0400: = 
2024-06-24 16:24:23-0400: Controller: play B G6
2024-06-24 16:24:23-0400: = 
2024-06-24 16:24:23-0400: Controller: play B H6
2024-06-24 16:24:23-0400: = 
2024-06-24 16:24:23-0400: Controller: play W K6
2024-06-24 16:24:23-0400: = 
2024-06-24 16:24:23-0400: Controller: play B L6
2024-06-24 16:24:23-0400: = 
2024-06-24 16:24:23-0400: Controller: play B M6
2024-06-24 16:24:23-0400: = 
2024-06-24 16:24:23-0400: Controller: play B O6
2024-06-24 16:24:23-0400: = 
2024-06-24 16:24:23-0400: Controller: play B Q6
2024-06-24 16:24:23-0400: = 
2024-06-24 16:24:23-0400: Controller: play W R6
2024-06-24 16:24:23-0400: = 
2024-06-24 16:24:23-0400: Controller: play W F5
2024-06-24 16:24:23-0400: = 
2024-06-24 16:24:23-0400: Controller: play W G5
2024-06-24 16:24:23-0400: = 
2024-06-24 16:24:23-0400: Controller: play B H5
2024-06-24 16:24:23-0400: = 
2024-06-24 16:24:23-0400: Controller: play B J5
2024-06-24 16:24:23-0400: = 
2024-06-24 16:24:23-0400: Controller: play B K5
2024-06-24 16:24:23-0400: = 
2024-06-24 16:24:23-0400: Controller: play W L5
2024-06-24 16:24:23-0400: = 
2024-06-24 16:24:23-0400: Controller: play W M5
2024-06-24 16:24:23-0400: = 
2024-06-24 16:24:23-0400: Controller: play W N5
2024-06-24 16:24:23-0400: = 
2024-06-24 16:24:23-0400: Controller: play W O5
2024-06-24 16:24:23-0400: = 
2024-06-24 16:24:23-0400: Controller: play W P5
2024-06-24 16:24:23-0400: = 
2024-06-24 16:24:23-0400: Controller: play B R5
2024-06-24 16:24:23-0400: = 
2024-06-24 16:24:23-0400: Controller: play W S5
2024-06-24 16:24:23-0400: = 
2024-06-24 16:24:23-0400: Controller: play W D4
2024-06-24 16:24:23-0400: = 
2024-06-24 16:24:23-0400: Controller: play W H4
2024-06-24 16:24:23-0400: = 
2024-06-24 16:24:23-0400: Controller: play W J4
2024-06-24 16:24:23-0400: = 
2024-06-24 16:24:23-0400: Controller: play W K4
2024-06-24 16:24:23-0400: = 
2024-06-24 16:24:23-0400: Controller: play B L4
2024-06-24 16:24:23-0400: = 
2024-06-24 16:24:23-0400: Controller: play W M4
2024-06-24 16:24:23-0400: = 
2024-06-24 16:24:23-0400: Controller: play B N4
2024-06-24 16:24:23-0400: = 
2024-06-24 16:24:23-0400: Controller: play B O4
2024-06-24 16:24:23-0400: = 
2024-06-24 16:24:23-0400: Controller: play B P4
2024-06-24 16:24:23-0400: = 
2024-06-24 16:24:23-0400: Controller: play B R4
2024-06-24 16:24:23-0400: = 
2024-06-24 16:24:23-0400: Controller: play W S4
2024-06-24 16:24:23-0400: = 
2024-06-24 16:24:23-0400: Controller: play B F3
2024-06-24 16:24:23-0400: = 
2024-06-24 16:24:23-0400: Controller: play W G3
2024-06-24 16:24:23-0400: = 
2024-06-24 16:24:23-0400: Controller: play B L3
2024-06-24 16:24:23-0400: = 
2024-06-24 16:24:23-0400: Controller: play W M3
2024-06-24 16:24:23-0400: = 
2024-06-24 16:24:23-0400: Controller: play B N3
2024-06-24 16:24:23-0400: = 
2024-06-24 16:24:23-0400: Controller: play W O3
2024-06-24 16:24:23-0400: = 
2024-06-24 16:24:23-0400: Controller: play B Q3
2024-06-24 16:24:23-0400: = 
2024-06-24 16:24:23-0400: Controller: play B S3
2024-06-24 16:24:23-0400: = 
2024-06-24 16:24:23-0400: Controller: play B K2
2024-06-24 16:24:23-0400: = 
2024-06-24 16:24:23-0400: Controller: play B M2
2024-06-24 16:24:23-0400: = 
2024-06-24 16:24:23-0400: Controller: play W N2
2024-06-24 16:24:23-0400: = 
2024-06-24 16:24:23-0400: Controller: play B F10
2024-06-24 16:24:23-0400: = 
2024-06-24 16:24:23-0400: Controller: undo
2024-06-24 16:24:23-0400: = 
2024-06-24 16:24:23-0400: Controller: play B F10
2024-06-24 16:24:23-0400: = 
2024-06-24 16:24:23-0400: Controller: kata-analyze W 10
2024-06-24 16:24:23-0400: = 
2024-06-24 16:24:24-0400: Controller: play W F11
2024-06-24 16:24:24-0400: = 
2024-06-24 16:24:24-0400: Controller: kata-analyze B 10
2024-06-24 16:24:24-0400: = 
2024-06-24 16:24:54-0400: Controller: play B G12
2024-06-24 16:24:54-0400: = 
2024-06-24 16:24:54-0400: Controller: kata-analyze W 10
2024-06-24 16:24:54-0400: = 
2024-06-24 16:25:04-0400: Controller: play W F12
2024-06-24 16:25:04-0400: = 
2024-06-24 16:25:04-0400: Controller: kata-analyze B 10
2024-06-24 16:25:04-0400: = 
2024-06-24 16:25:18-0400: Controller: play B G13
2024-06-24 16:25:18-0400: = 
2024-06-24 16:25:18-0400: Controller: kata-analyze W 10
2024-06-24 16:25:18-0400: = 
2024-06-24 16:25:26-0400: Controller: play W L9
2024-06-24 16:25:26-0400: = 
2024-06-24 16:25:26-0400: Controller: kata-analyze B 10
2024-06-24 16:25:26-0400: = 
2024-06-24 16:25:29-0400: Controller: play B K11
2024-06-24 16:25:29-0400: = 
2024-06-24 16:25:29-0400: Controller: kata-analyze W 10
2024-06-24 16:25:29-0400: = 
2024-06-24 16:25:29-0400: Controller: play W K10
2024-06-24 16:25:29-0400: = 
2024-06-24 16:25:29-0400: Controller: kata-analyze B 10
2024-06-24 16:25:29-0400: = 
2024-06-24 16:25:31-0400: Controller: play B F13
2024-06-24 16:25:31-0400: = 
2024-06-24 16:25:31-0400: Controller: kata-analyze W 10
2024-06-24 16:25:32-0400: = 
2024-06-24 16:25:34-0400: Controller: play W D13
2024-06-24 16:25:34-0400: = 
2024-06-24 16:25:34-0400: Controller: kata-analyze B 10
2024-06-24 16:25:34-0400: = 
2024-06-24 16:25:38-0400: Controller: play B E13
2024-06-24 16:25:38-0400: = 
2024-06-24 16:25:38-0400: Controller: kata-analyze W 10
2024-06-24 16:25:38-0400: = 
2024-06-24 16:25:45-0400: Controller: play W D12
2024-06-24 16:25:45-0400: = 
2024-06-24 16:25:45-0400: Controller: kata-analyze B 10
2024-06-24 16:25:45-0400: = 
2024-06-24 16:26:04-0400: Controller: play B F2
2024-06-24 16:26:04-0400: = 
2024-06-24 16:26:04-0400: Controller: kata-analyze W 10
2024-06-24 16:26:04-0400: = 
2024-06-24 16:26:19-0400: Controller: play W D2
2024-06-24 16:26:19-0400: = 
2024-06-24 16:26:19-0400: Controller: kata-analyze B 10
2024-06-24 16:26:19-0400: = 
2024-06-24 16:26:23-0400: Controller: play B H2
2024-06-24 16:26:23-0400: = 
2024-06-24 16:26:23-0400: Controller: kata-analyze W 10
2024-06-24 16:26:23-0400: = 
2024-06-24 16:26:27-0400: Controller: play W G2
2024-06-24 16:26:27-0400: = 
2024-06-24 16:26:27-0400: Controller: kata-analyze B 10
2024-06-24 16:26:28-0400: = 
2024-06-24 16:26:30-0400: Controller: play B G1
2024-06-24 16:26:30-0400: = 
2024-06-24 16:26:30-0400: Controller: kata-analyze W 10
2024-06-24 16:26:30-0400: = 
2024-06-24 16:26:44-0400: Controller: play W M13
2024-06-24 16:26:44-0400: = 
2024-06-24 16:26:44-0400: Controller: kata-analyze B 10
2024-06-24 16:26:44-0400: = 
2024-06-24 16:26:56-0400: Controller: play B S11
2024-06-24 16:26:56-0400: = 
2024-06-24 16:26:56-0400: Controller: kata-analyze W 10
2024-06-24 16:26:56-0400: = 
2024-06-24 16:27:03-0400: Controller: play W J14
2024-06-24 16:27:03-0400: = 
2024-06-24 16:27:03-0400: Controller: kata-analyze B 10
2024-06-24 16:27:03-0400: = 
2024-06-24 16:27:06-0400: Controller: play B K14
2024-06-24 16:27:06-0400: = 
2024-06-24 16:27:06-0400: Controller: kata-analyze W 10
2024-06-24 16:27:06-0400: = 
2024-06-24 16:27:08-0400: Controller: play W K13
2024-06-24 16:27:08-0400: = 
2024-06-24 16:27:08-0400: Controller: kata-analyze B 10
2024-06-24 16:27:08-0400: = 
2024-06-24 16:27:12-0400: Controller: play B J13
2024-06-24 16:27:12-0400: = 
2024-06-24 16:27:12-0400: Controller: kata-analyze W 10
2024-06-24 16:27:12-0400: = 
2024-06-24 16:27:21-0400: Controller: play W K12
2024-06-24 16:27:21-0400: = 
2024-06-24 16:27:21-0400: Controller: kata-analyze B 10
2024-06-24 16:27:21-0400: = 
2024-06-24 16:27:29-0400: Controller: play B L11
2024-06-24 16:27:29-0400: = 
2024-06-24 16:27:29-0400: Controller: kata-analyze W 10
2024-06-24 16:27:29-0400: = 
2024-06-24 16:27:33-0400: Controller: play W M12
2024-06-24 16:27:33-0400: = 
2024-06-24 16:27:33-0400: Controller: kata-analyze B 10
2024-06-24 16:27:33-0400: = 
2024-06-24 16:27:44-0400: Controller: play B M11
2024-06-24 16:27:44-0400: = 
2024-06-24 16:27:44-0400: Controller: kata-analyze W 10
2024-06-24 16:27:44-0400: = 
2024-06-24 16:27:55-0400: Controller: play W L8
2024-06-24 16:27:55-0400: = 
2024-06-24 16:27:55-0400: Controller: kata-analyze B 10
2024-06-24 16:27:55-0400: = 
2024-06-24 16:27:58-0400: Controller: play B L7
2024-06-24 16:27:58-0400: = 
2024-06-24 16:27:58-0400: Controller: kata-analyze W 10
2024-06-24 16:27:58-0400: = 
2024-06-24 16:28:05-0400: Controller: play W N8
2024-06-24 16:28:05-0400: = 
2024-06-24 16:28:05-0400: Controller: kata-analyze B 10
2024-06-24 16:28:05-0400: = 
2024-06-24 16:28:12-0400: Controller: play B N6
2024-06-24 16:28:12-0400: = 
2024-06-24 16:28:12-0400: Controller: kata-analyze W 10
2024-06-24 16:28:12-0400: = 
2024-06-24 16:28:29-0400: Controller: play W J11
2024-06-24 16:28:29-0400: = 
2024-06-24 16:28:29-0400: Controller: kata-analyze B 10
2024-06-24 16:28:29-0400: = 
2024-06-24 16:28:31-0400: Controller: play B H14
2024-06-24 16:28:31-0400: = 
2024-06-24 16:28:31-0400: Controller: kata-analyze W 10
2024-06-24 16:28:31-0400: = 
2024-06-24 16:28:43-0400: Controller: play W G15
2024-06-24 16:28:43-0400: = 
2024-06-24 16:28:43-0400: Controller: kata-analyze B 10
2024-06-24 16:28:43-0400: = 
2024-06-24 16:29:08-0400: Controller: play B N10
2024-06-24 16:29:08-0400: = 
2024-06-24 16:29:08-0400: Controller: kata-analyze W 10
2024-06-24 16:29:08-0400: = 
2024-06-24 16:29:12-0400: Controller: play W N9
2024-06-24 16:29:12-0400: = 
2024-06-24 16:29:12-0400: Controller: kata-analyze B 10
2024-06-24 16:29:12-0400: = 
2024-06-24 16:29:15-0400: Controller: play B J15
2024-06-24 16:29:15-0400: = 
2024-06-24 16:29:15-0400: Controller: kata-analyze W 10
2024-06-24 16:29:15-0400: = 
2024-06-24 16:29:22-0400: Controller: play W P10
2024-06-24 16:29:22-0400: = 
2024-06-24 16:29:22-0400: Controller: kata-analyze B 10
2024-06-24 16:29:22-0400: = 
2024-06-24 16:29:31-0400: Controller: play B N14
2024-06-24 16:29:31-0400: = 
2024-06-24 16:29:31-0400: Controller: kata-analyze W 10
2024-06-24 16:29:31-0400: = 
2024-06-24 16:29:39-0400: Controller: play W O13
2024-06-24 16:29:39-0400: = 
2024-06-24 16:29:39-0400: Controller: kata-analyze B 10
2024-06-24 16:29:39-0400: = 
2024-06-24 16:30:04-0400: Controller: play B P15
2024-06-24 16:30:04-0400: = 
2024-06-24 16:30:04-0400: Controller: kata-analyze W 10
2024-06-24 16:30:04-0400: = 
2024-06-24 16:30:17-0400: Controller: play W O15
2024-06-24 16:30:17-0400: = 
2024-06-24 16:30:17-0400: Controller: kata-analyze B 10
2024-06-24 16:30:17-0400: = 
2024-06-24 16:30:29-0400: Controller: play B O14
2024-06-24 16:30:29-0400: = 
2024-06-24 16:30:29-0400: Controller: kata-analyze W 10
2024-06-24 16:30:29-0400: = 
2024-06-24 16:30:34-0400: Controller: play W P14
2024-06-24 16:30:34-0400: = 
2024-06-24 16:30:34-0400: Controller: kata-analyze B 10
2024-06-24 16:30:34-0400: = 
2024-06-24 16:30:40-0400: Controller: play B M14
2024-06-24 16:30:40-0400: = 
2024-06-24 16:30:40-0400: Controller: kata-analyze W 10
2024-06-24 16:30:40-0400: = 
2024-06-24 16:30:47-0400: Controller: play W Q15
2024-06-24 16:30:47-0400: = 
2024-06-24 16:30:47-0400: Controller: kata-analyze B 10
2024-06-24 16:30:47-0400: = 
2024-06-24 16:31:06-0400: Controller: play B R15
2024-06-24 16:31:06-0400: = 
2024-06-24 16:31:06-0400: Controller: kata-analyze W 10
2024-06-24 16:31:06-0400: = 
2024-06-24 16:31:17-0400: Controller: play W L14
2024-06-24 16:31:17-0400: = 
2024-06-24 16:31:17-0400: Controller: kata-analyze B 10
2024-06-24 16:31:17-0400: = 
2024-06-24 16:31:32-0400: Controller: play B L15
2024-06-24 16:31:32-0400: = 
2024-06-24 16:31:32-0400: Controller: kata-analyze W 10
2024-06-24 16:31:32-0400: = 
2024-06-24 16:31:35-0400: Controller: play W L13
2024-06-24 16:31:35-0400: = 
2024-06-24 16:31:35-0400: Controller: kata-analyze B 10
2024-06-24 16:31:35-0400: = 
2024-06-24 16:31:53-0400: Controller: play B M8
2024-06-24 16:31:53-0400: = 
2024-06-24 16:31:53-0400: Controller: kata-analyze W 10
2024-06-24 16:31:53-0400: = 
2024-06-24 16:31:57-0400: Controller: play W M9
2024-06-24 16:31:57-0400: = 
2024-06-24 16:31:57-0400: Controller: kata-analyze B 10
2024-06-24 16:31:57-0400: = 
2024-06-24 16:32:02-0400: Controller: play B Q14
2024-06-24 16:32:02-0400: = 
2024-06-24 16:32:02-0400: Controller: kata-analyze W 10
2024-06-24 16:32:02-0400: = 
2024-06-24 16:32:20-0400: Controller: play W Q13
2024-06-24 16:32:20-0400: = 
2024-06-24 16:32:20-0400: Controller: kata-analyze B 10
2024-06-24 16:32:20-0400: = 
2024-06-24 16:32:44-0400: Controller: stop
2024-06-24 16:32:44-0400: = 
2024-06-24 16:32:44-0400: Controller: stop
2024-06-24 16:32:44-0400: = 
2024-06-24 16:32:45-0400: Controller: stop
2024-06-24 16:32:45-0400: = 
2024-06-24 16:32:47-0400: Controller: quit
2024-06-24 16:32:47-0400: Quit requested by controller
2024-06-24 16:32:47-0400: = 
