2024-06-09 13:05:17-0400: Running with following config:
allowResignation = true
lagBuffer = 1.0
logAllGTPCommunication = true
logDir = gtp_logs
logSearchInfo = true
logSearchInfoForChosenMove = false
logToStderr = false
maxTime = 1.0
maxTimePondering = 120.0
numSearchThreads = 16
ogsChatToStderr = true
ponderingEnabled = true
resignConsecTurns = 3
resignThreshold = -0.90
rules = tromp-taylor
searchFactorAfterOnePass = 0.50
searchFactorAfterTwoPass = 0.25
searchFactorWhenWinning = 0.40
searchFactorWhenWinningThreshold = 0.95

2024-06-09 13:05:17-0400: GTP Engine starting...
2024-06-09 13:05:17-0400: KataGo v1.14.1
2024-06-09 13:05:17-0400: Using TrompTaylor rules initially, unless GTP/GUI overrides this
2024-06-09 13:05:17-0400: Using 16 CPU thread(s) for search
2024-06-09 13:05:18-0400: nnRandSeed0 = 13068268284478451031
2024-06-09 13:05:18-0400: After dedups: nnModelFile0 = C:/Users/chang/Downloads/kata1-b28c512nbt-s7168446720-d4316919285.bin.gz useFP16 auto useNHWC auto
2024-06-09 13:05:18-0400: Initializing neural net buffer to be size 19 * 19 exactly
2024-06-09 13:05:24-0400: Cuda backend thread 0: Found GPU NVIDIA GeForce RTX 4060 Laptop GPU memory 8585216000 compute capability major 8 minor 9
2024-06-09 13:05:24-0400: Cuda backend thread 0: Model version 15 useFP16 = true useNHWC = true
2024-06-09 13:05:24-0400: Cuda backend thread 0: Model name: kata1-b28c512nbt-s7168446720-d4316919285
2024-06-09 13:05:27-0400: Loaded neural net with nnXLen 19 nnYLen 19
2024-06-09 13:05:27-0400: Initializing board with boardXSize 19 boardYSize 19
2024-06-09 13:05:27-0400: Loaded config C:\Users\chang\Downloads\katago-v1.14.1-cuda12.1-cudnn8.9.7-windows-x64/俱乐部AI.cfg
2024-06-09 13:05:27-0400: Loaded model C:/Users/chang/Downloads/kata1-b28c512nbt-s7168446720-d4316919285.bin.gz
2024-06-09 13:05:27-0400: Model name: kata1-b28c512nbt-s7168446720-d4316919285
2024-06-09 13:05:27-0400: GTP ready, beginning main protocol loop
2024-06-09 13:05:27-0400: Controller: list_commands
2024-06-09 13:05:27-0400: = protocol_version
name
version
known_command
list_commands
quit
boardsize
rectangular_boardsize
clear_board
set_position
komi
get_komi
play
undo
kata-get-rules
kata-set-rule
kata-set-rules
kata-get-param
kata-set-param
kata-list-params
kgs-rules
genmove
genmove_debug
search_debug
clear_cache
showboard
fixed_handicap
place_free_handicap
set_free_handicap
time_settings
kgs-time_settings
time_left
kata-list_time_settings
kata-time_settings
final_score
final_status_list
loadsgf
printsgf
lz-genmove_analyze
kata-genmove_analyze
lz-analyze
kata-analyze
kata-raw-nn
cputime
gomill-cpu_time
kata-benchmark
kata-debug-print-tc
debug_moves
stop
2024-06-09 13:05:27-0400: Controller: boardsize 9
2024-06-09 13:05:27-0400: GPU -1 finishing, processed 0 rows 0 batches
2024-06-09 13:05:27-0400: Cleaned up old neural net and bot
2024-06-09 13:05:27-0400: nnRandSeed0 = 1378150892719762991
2024-06-09 13:05:27-0400: After dedups: nnModelFile0 = C:/Users/chang/Downloads/kata1-b28c512nbt-s7168446720-d4316919285.bin.gz useFP16 auto useNHWC auto
2024-06-09 13:05:27-0400: Initializing neural net buffer to be size 9 * 9 exactly
2024-06-09 13:05:35-0400: Cuda backend thread 0: Found GPU NVIDIA GeForce RTX 4060 Laptop GPU memory 8585216000 compute capability major 8 minor 9
2024-06-09 13:05:35-0400: Cuda backend thread 0: Model version 15 useFP16 = true useNHWC = true
2024-06-09 13:05:35-0400: Cuda backend thread 0: Model name: kata1-b28c512nbt-s7168446720-d4316919285
2024-06-09 13:05:37-0400: Loaded neural net with nnXLen 9 nnYLen 9
2024-06-09 13:05:37-0400: Initializing board with boardXSize 9 boardYSize 9
2024-06-09 13:05:37-0400: = 
2024-06-09 13:05:37-0400: Controller: clear_board
2024-06-09 13:05:37-0400: = 
2024-06-09 13:05:37-0400: Controller: komi 7.5
2024-06-09 13:05:37-0400: = 
2024-06-09 13:05:37-0400: Controller: play black g5
2024-06-09 13:05:37-0400: = 
2024-06-09 13:05:37-0400: Controller: genmove white
2024-06-09 13:05:38-0400: MoveNum: 1 HASH: E88DE61907BF739F46D3DC7DEC9D01AA
   A B C D E F G H J
 9 . . . . . . . . .
 8 . . . . . . . . .
 7 . . . . . . . . .
 6 . . . . . . . . .
 5 . . . @ . . X1. .
 4 . . . . . . . . .
 3 . . . . . . . . .
 2 . . . . . . . . .
 1 . . . . . . . . .

koPOSITIONALscoreAREAtaxNONEsui1komi7.5
Time taken: 1.266
Root visits: 466
New playouts: 466
NN rows: 431
NN batches: 37
NN avg batch size: 11.6486
PV: D4 D6 C6 D7 D5 C7 F4 G4 F5 G3 F7 G6 E7 C5 B4 B5
Tree:
: T  86.14c W  86.89c S  -0.12c ( +2.1 L  +1.1) N     466  --  D4 D6 C6 D7 D5 C7 F4
---White(^)---
D4  : T  89.03c W  89.52c S  -0.39c ( +1.9 L  +1.1) LCB   85.55c P 10.43% WF 144.2 PSV     355 N      77  --  D4 D6 C6 D7 D5 C7 F4 G4
D5  : T  87.46c W  87.91c S   0.10c ( +2.1 L  +1.2) LCB   85.37c P 60.14% WF 315.0 PSV     313 N     197  --  D5 E5 E6 D6 E7 E4 C5 C3
E4  : T  85.97c W  86.18c S   0.36c ( +2.3 L  +1.2) LCB   80.90c P  7.44% WF 109.7 PSV      24 N      72  --  E4 E5 D5 D4 E3 E6 C5 C7
C4  : T  86.42c W  86.36c S  -0.20c ( +2.0 L  +1.1) LCB   82.39c P  1.61% WF  50.6 PSV       6 N      29  --  C4 D5 D4 E5 B6 E4 D7 C6
E5  : T  82.50c W  84.02c S  -1.15c ( +1.6 L  +0.6) LCB   76.25c P  0.97% WF  33.5 PSV       1 N      22  --  E5 C6 D7 F7 G6
C5  : T  76.25c W  82.80c S  -0.37c ( +1.9 L  +1.1) LCB   64.34c P  1.03% WF  20.8 PSV       1 N      16  --  C5 D5 D6 C4 C6 D4 E6
F5  : T  75.01c W  77.68c S  -0.86c ( +1.7 L  +0.7) LCB   56.34c P  0.88% WF  10.9 PSV       0 N       7  --  F5 F6 G4 G6 E5
E3  : T  71.99c W  75.10c S  -1.54c ( +1.4 L  +0.4) LCB   41.27c P  0.17% WF   4.8 PSV       0 N       5  --  E3 D6 C4 C5
F4  : T  64.01c W  73.49c S  -1.28c ( +1.5 L  +0.7) LCB  -19.56c P  0.33% WF   4.1 PSV       0 N       3  --  F4 F5 E4
D3  : T  64.59c W  71.17c S  -1.95c ( +1.2 L  +0.4) LCB  -86.73c P  0.51% WF   3.1 PSV       0 N       2  --  D3 D6

2024-06-09 13:05:38-0400: = D5
2024-06-09 13:05:38-0400: Controller: kata-list_time_settings
2024-06-09 13:05:38-0400: = none absolute byoyomi canadian fischer fischer-capped
2024-06-09 13:05:38-0400: Controller: play black f7
2024-06-09 13:05:38-0400: = 
2024-06-09 13:05:38-0400: Controller: genmove white
2024-06-09 13:05:40-0400: MoveNum: 3 HASH: D36955538A67509095338DE2094D60FC
   A B C D E F G H J
 9 . . . . . . . . .
 8 . . . . . . . . .
 7 . . . . . X3. . .
 6 . . . . . . . . .
 5 . . . O2. . X1. .
 4 . . . . . . . . .
 3 . . . . @ . . . .
 2 . . . . . . . . .
 1 . . . . . . . . .

koPOSITIONALscoreAREAtaxNONEsui1komi7.5
Time taken: 1.078
Root visits: 510
New playouts: 510
NN rows: 476
NN batches: 43
NN avg batch size: 11.0698
PV: E3 C6 E7 C5 F6 G6 F8 G7 D4 C4 G3 H3 H2 G4 F2
Tree:
: T  87.73c W  89.42c S  -1.29c ( +1.7 L  +1.2) N     510  --  E3 C6 E7 C5 F6 G6 F8
---White(^)---
E3  : T  90.92c W  91.61c S  -1.15c ( +1.8 L  +1.4) LCB   88.63c P 10.63% WF 343.7 PSV     669 N     178  --  E3 C6 E7 C5 F6 G6 F8 G7
D3  : T  86.62c W  89.89c S  -1.60c ( +1.6 L  +1.1) LCB   82.32c P 53.20% WF 205.3 PSV     184 N     118  --  D3 E3 E2 F2 E4 F3 D7 D8
F4  : T  89.86c W  90.32c S  -0.62c ( +2.0 L  +1.4) LCB   84.53c P 23.19% WF 139.1 PSV     138 N      79  --  F4 G4 E7 E6 D6 D7 E8 E5
D7  : T  81.99c W  84.99c S  -1.88c ( +1.4 L  +0.9) LCB   73.03c P  4.02% WF  36.6 PSV       7 N      21  --  D7 C3 E3 E4 F6
E7  : T  75.76c W  79.40c S  -0.69c ( +1.9 L  +1.1) LCB   50.96c P  4.62% WF  11.3 PSV       4 N       9  --  E7 E6 D6 D7 E8 C7 F8 E5
C3  : T  87.89c W  88.66c S  -1.45c ( +1.7 L  +1.1) LCB   81.83c P  0.68% WF  64.4 PSV       3 N      37  --  C3 C7 C6 D6 E6
C4  : T  80.60c W  83.20c S  -2.51c ( +1.2 L  +0.6) LCB   70.01c P  0.67% WF  18.4 PSV       1 N      15  --  C4 E4 E7 E8 F6
F6  : T  75.88c W  84.10c S  -1.45c ( +1.7 L  +0.9) LCB   43.72c P  1.76% WF  19.9 PSV       1 N      13  --  F6 E6 E5 F5 D6 E7
E4  : T  68.74c W  77.12c S  -3.10c ( +0.9 L  +0.6) LCB  -98.46c P  0.46% WF   3.5 PSV       0 N       2  --  E4 F3
F5  : T  49.74c W  53.82c S  -4.08c ( +0.5 L  +0.7) LCB -300.26c P  0.21% WF   0.9 PSV       0 N       1  --  F5

2024-06-09 13:05:40-0400: = E3
2024-06-09 13:05:52-0400: Controller: kata-list_time_settings
2024-06-09 13:05:52-0400: = none absolute byoyomi canadian fischer fischer-capped
2024-06-09 13:05:52-0400: Controller: play black d7
2024-06-09 13:05:52-0400: = 
2024-06-09 13:05:52-0400: Controller: genmove white
2024-06-09 13:05:53-0400: MoveNum: 5 HASH: A188DE8F9A88A4EAE558674234E5CBE5
   A B C D E F G H J
 9 . . . . . . . . .
 8 . . . . . . . . .
 7 . . @ X3. X1. . .
 6 . . . . . . . . .
 5 . . . O . . X . .
 4 . . . . . . . . .
 3 . . . . O2. . . .
 2 . . . . . . . . .
 1 . . . . . . . . .

koPOSITIONALscoreAREAtaxNONEsui1komi7.5
Time taken: 1.063
Root visits: 639
New playouts: 555
NN rows: 499
NN batches: 46
NN avg batch size: 10.8478
PV: C7 C6 D6 B7 C8 C5 C4 B4 E7 D4 F6 E4 C3 F5 B3 E6 D8 E5 F8
Tree:
: T  89.70c W  89.22c S   1.12c ( +2.0 L  +1.4) N     639  --  C7 C6 D6 B7 C8 C5 C4
---White(^)---
C7  : T  90.59c W  89.44c S   1.79c ( +2.2 L  +1.7) LCB   86.16c P 36.26% WF 536.2 PSV     533 N     379  --  C7 C6 D6 B7 C8 C5 C4 B4
C6  : T  89.98c W  90.64c S   0.33c ( +1.6 L  +1.1) LCB   85.30c P 19.36% WF 199.4 PSV     198 N     114  --  C6 C3 F4 G4 G3 B5
E6  : T  89.28c W  89.32c S   0.44c ( +1.7 L  +1.1) LCB   83.14c P 12.22% WF  82.4 PSV      83 N      52  --  E6 E7 C6 E2 F3 D3 C3 D4
G4  : T  86.71c W  87.51c S  -0.40c ( +1.3 L  +0.8) LCB   76.06c P 14.68% WF  56.9 PSV      56 N      40  --  G4 F4 F3 H4 G3 B5 C6 C3
F6  : T  89.61c W  88.48c S   0.76c ( +1.8 L  +1.2) LCB   82.36c P  3.04% WF  54.0 PSV      26 N      36  --  F6 G6 C7 D3 D4 C3 E2 C6
G3  : T  76.54c W  78.72c S  -0.88c ( +1.1 L  +0.5) LCB   60.57c P 13.40% WF  18.4 PSV      17 N      14  --  G3 B5 C6 C3 B6 E2 F5
F4  : T  48.72c W  51.75c S  -3.03c ( +0.2 L  +0.2) LCB -301.28c P  0.44% WF   0.8 PSV       0 N       1  --  F4
F5  : T  63.43c W  65.65c S  -2.22c ( +0.5 L  +0.6) LCB -286.57c P  0.30% WF   1.0 PSV       0 N       1  --  F5
B6  : T  65.12c W  67.23c S  -2.11c ( +0.6 L  +0.7) LCB -284.88c P  0.06% WF   1.1 PSV       0 N       1  --  B6

2024-06-09 13:05:53-0400: = C7
2024-06-09 13:06:03-0400: Controller: kata-list_time_settings
2024-06-09 13:06:03-0400: = none absolute byoyomi canadian fischer fischer-capped
2024-06-09 13:06:03-0400: Controller: play black c6
2024-06-09 13:06:03-0400: = 
2024-06-09 13:06:03-0400: Controller: genmove white
2024-06-09 13:06:04-0400: MoveNum: 7 HASH: 9B0AE17EE8237E301FBE43A102B486BC
   A B C D E F G H J
 9 . . . . . . . . .
 8 . . . . . . . . .
 7 . . O2X1. X . . .
 6 . . X3@ . . . . .
 5 . . . O . . X . .
 4 . . . . . . . . .
 3 . . . . O . . . .
 2 . . . . . . . . .
 1 . . . . . . . . .

koPOSITIONALscoreAREAtaxNONEsui1komi7.5
Time taken: 1.078
Root visits: 6833
New playouts: 760
NN rows: 480
NN batches: 45
NN avg batch size: 10.6667
PV: D6 B7 C8 C5 F6 D4 E4 G6 E7 C3 G3 E5 E6 H3 F5 G4 G7 H7 F8 B8 H8 G2 D8 D3 D2
Tree:
: T  93.70c W  92.65c S   1.94c ( +2.5 L  +2.3) N    6833  --  D6 B7 C8 C5 F6 D4 E4
---White(^)---
D6  : T  93.72c W  92.66c S   1.94c ( +2.5 L  +2.3) LCB   92.47c P 99.77% WF 10244.0 PSV   10244 N    6828  --  D6 B7 C8 C5 F6 D4 E4 G6
F6  : T   3.03c W   7.85c S  -4.82c ( -0.5 L  -0.1) LCB -346.97c P  0.08% WF   0.5 PSV       0 N       1  --  F6
G6  : T -19.49c W -13.56c S  -5.92c ( -1.0 L  -0.4) LCB -369.49c P  0.03% WF   0.4 PSV       0 N       1  --  G6
C5  : T  25.34c W  29.89c S  -4.55c ( -0.1 L  +0.4) LCB -324.66c P  0.03% WF   0.5 PSV       0 N       1  --  C5
F5  : T -36.05c W -28.82c S  -7.23c ( -1.4 L  -0.6) LCB -386.05c P  0.02% WF   0.4 PSV       0 N       1  --  F5

2024-06-09 13:06:04-0400: = D6
2024-06-09 13:06:05-0400: Controller: kata-list_time_settings
2024-06-09 13:06:05-0400: = none absolute byoyomi canadian fischer fischer-capped
2024-06-09 13:06:05-0400: Controller: play black b7
2024-06-09 13:06:05-0400: = 
2024-06-09 13:06:05-0400: Controller: genmove white
2024-06-09 13:06:06-0400: MoveNum: 9 HASH: 2D8AC09216E1CE8259D886198195F0A6
   A B C D E F G H J
 9 . . . . . . . . .
 8 . . @ . . . . . .
 7 . X3O X . X . . .
 6 . . X1O2. . . . .
 5 . . . O . . X . .
 4 . . . . . . . . .
 3 . . . . O . . . .
 2 . . . . . . . . .
 1 . . . . . . . . .

koPOSITIONALscoreAREAtaxNONEsui1komi7.5
Time taken: 1.063
Root visits: 8119
New playouts: 707
NN rows: 447
NN batches: 42
NN avg batch size: 10.6429
PV: C8 C5 F6 D4 E4 G6 E7 C3 G3 E5 E6 H3 F5 G4 G7 H7 F8 B8 H8 G2 D8 D3 D2 C2 H6
Tree:
: T  94.32c W  93.13c S   1.95c ( +2.5 L  +2.4) N    8119  --  C8 C5 F6 D4 E4 G6 E7
---White(^)---
C8  : T  94.61c W  93.34c S   1.99c ( +2.5 L  +2.4) LCB   93.51c P 70.01% WF 12318.9 PSV   12281 N    7844  --  C8 C5 F6 D4 E4 G6 E7 C3
F6  : T  82.92c W  84.17c S   0.31c ( +1.8 L  +1.3) LCB   74.33c P 26.05% WF 256.4 PSV     292 N     257  --  F6 C8 G6 F5 H5 H4 H6 E4
E7  : T  72.60c W  77.88c S  -1.41c ( +1.1 L  +0.5) LCB   56.53c P  1.03% WF   9.8 PSV       6 N       9  --  E7 C8 D8 C7 F6 E8 E6
F5  : T -11.28c W  15.45c S  -5.34c ( -0.5 L  -0.3) LCB -108.21c P  1.69% WF   1.6 PSV       2 N       4  --  F5 C8 G6
G4  : T  14.18c W  36.84c S  -4.01c ( -0.0 L  -0.1) LCB -157.16c P  0.61% WF   1.2 PSV       1 N       2  --  G4 C8
G6  : T  64.77c W  67.09c S  -2.32c ( +0.7 L  +1.2) LCB -285.23c P  0.37% WF   0.9 PSV       1 N       1  --  G6
H5  : T  33.19c W  37.24c S  -4.05c ( -0.2 L  +0.1) LCB -316.81c P  0.10% WF   0.6 PSV       0 N       1  --  H5

2024-06-09 13:06:06-0400: = C8
2024-06-09 13:06:09-0400: Controller: kata-list_time_settings
2024-06-09 13:06:09-0400: = none absolute byoyomi canadian fischer fischer-capped
2024-06-09 13:06:09-0400: Controller: play black c5
2024-06-09 13:06:09-0400: = 
2024-06-09 13:06:09-0400: Controller: genmove white
2024-06-09 13:06:10-0400: MoveNum: 11 HASH: 05F40A0F607358FA9CB42315DE8C0F75
   A B C D E F G H J
 9 . . . . . . . . .
 8 . . O2. . . . . .
 7 . X1O X . X . . .
 6 . . X O . @ . . .
 5 . . X3O . . X . .
 4 . . . . . . . . .
 3 . . . . O . . . .
 2 . . . . . . . . .
 1 . . . . . . . . .

koPOSITIONALscoreAREAtaxNONEsui1komi7.5
Time taken: 1.062
Root visits: 9153
New playouts: 656
NN rows: 479
NN batches: 42
NN avg batch size: 11.4048
PV: F6 D4 E4 G6 E7 C3 G3 E5 E6 H3 F5 G4 G7 H7 F8 B8 H8 G2 D8 H6 C2 B2 D2 B1 F3
Tree:
: T  95.22c W  93.95c S   2.06c ( +2.7 L  +2.6) N    9153  --  F6 D4 E4 G6 E7 C3 G3
---White(^)---
F6  : T  96.50c W  94.79c S   2.60c ( +2.9 L  +2.9) LCB   95.32c P 13.14% WF 11040.1 PSV   15399 N    6347  --  F6 D4 E4 G6 E7 C3 G3 E5
E7  : T  91.90c W  91.90c S   0.42c ( +2.0 L  +1.9) LCB   89.96c P 78.03% WF 3437.7 PSV    2618 N    2534  --  E7 D4 F6 F5 C4 E4 C3 E6
C4  : T  87.93c W  86.88c S   1.81c ( +2.6 L  +2.2) LCB   81.04c P  5.71% WF 229.9 PSV     104 N     217  --  C4 E6 D4 B4 B8 B3 D8 E7
D4  : T  78.04c W  83.01c S  -1.28c ( +1.3 L  +1.0) LCB   59.30c P  2.96% WF  59.9 PSV      25 N      54  --  D4 D8 B4 B8 G3 H3 H4 G4

2024-06-09 13:06:10-0400: = F6
2024-06-09 13:06:12-0400: Controller: kata-list_time_settings
2024-06-09 13:06:12-0400: = none absolute byoyomi canadian fischer fischer-capped
2024-06-09 13:06:12-0400: Controller: play black d4
2024-06-09 13:06:12-0400: = 
2024-06-09 13:06:12-0400: Controller: genmove white
2024-06-09 13:06:13-0400: MoveNum: 13 HASH: 1F88EE98F3FC8601F4C46D82919F99E4
   A B C D E F G H J
 9 . . . . . . . . .
 8 . . O . . . . . .
 7 . X O X . X . . .
 6 . . X O . O2. . .
 5 . . X1O . . X . .
 4 . . . X3@ . . . .
 3 . . . . O . . . .
 2 . . . . . . . . .
 1 . . . . . . . . .

koPOSITIONALscoreAREAtaxNONEsui1komi7.5
Time taken: 1.078
Root visits: 5017
New playouts: 597
NN rows: 458
NN batches: 43
NN avg batch size: 10.6512
PV: E4 G6 E7 C3 G3 E5 E6 H3 F5 G4 G7 H7 F8 B8 H8 G2 D8 H6 C2 B2 D2 B1 F3 B9 C1
Tree:
: T  96.58c W  95.23c S   2.10c ( +2.7 L  +2.8) N    5017  --  E4 G6 E7 C3 G3 E5 E6
---White(^)---
E4  : T  97.38c W  95.90c S   2.24c ( +2.7 L  +2.9) LCB   96.08c P 22.60% WF 8445.7 PSV    8363 N    4457  --  E4 G6 E7 C3 G3 E5 E6 H3
E7  : T  91.48c W  91.75c S   0.28c ( +2.0 L  +1.8) LCB   86.08c P 16.91% WF 419.6 PSV     308 N     313  --  E7 F5 C4 C3 B4 E4 B6 D3
F5  : T  60.13c W  61.99c S  -0.59c ( +1.6 L  +0.9) LCB   38.82c P 44.77% WF  92.6 PSV     134 N     182  --  F5 E7 G6 G7 C3 H6 E4 G4
G6  : T  54.45c W  58.41c S  -0.41c ( +1.6 L  +0.8) LCB   29.60c P 15.22% WF  28.4 PSV      39 N      62  --  G6 E4 E7 F5 D3 G7 E6 H6
C4  : T  72.13c W  69.90c S  -0.69c ( +1.5 L  +0.7) LCB  -38.18c P  0.41% WF   1.4 PSV       1 N       2  --  C4 E4 E7 F5 C3 E6 D8 E5

2024-06-09 13:06:13-0400: = E4
2024-06-09 13:06:20-0400: Controller: kata-list_time_settings
2024-06-09 13:06:20-0400: = none absolute byoyomi canadian fischer fischer-capped
2024-06-09 13:06:20-0400: Controller: play black e5
2024-06-09 13:06:20-0400: = 
2024-06-09 13:06:20-0400: Controller: genmove white
2024-06-09 13:06:21-0400: MoveNum: 15 HASH: 6458F3EAEEDE09905C76F1BAC06E3A22
   A B C D E F G H J
 9 . . . . . . . . .
 8 . . O . . . . . .
 7 . X O X . X . . .
 6 . . X O @ O . . .
 5 . . X O X3. X . .
 4 . . . X1O2. . . .
 3 . . . . O . . . .
 2 . . . . . . . . .
 1 . . . . . . . . .

koPOSITIONALscoreAREAtaxNONEsui1komi7.5
Time taken: 1.063
Root visits: 1999
New playouts: 896
NN rows: 468
NN batches: 43
NN avg batch size: 10.8837
PV: E6 G6 F5 E7 G4 G7 B3 C4 B8 B6 C3 H4 B4 A8 G3 H3 D3 D8 B5 C9 A6
Tree:
: T  96.82c W  96.48c S   1.34c ( +3.3 L  +3.4) N    1999  --  E6 G6 F5 E7 G4 G7 B3
---White(^)---
E6  : T  96.83c W  96.48c S   1.34c ( +3.3 L  +3.4) LCB   94.30c P 99.94% WF 4382.3 PSV    4382 N    1998  --  E6 G6 F5 E7 G4 G7 B3 C4

2024-06-09 13:06:21-0400: = E6
2024-06-09 13:06:22-0400: Controller: kata-list_time_settings
2024-06-09 13:06:22-0400: = none absolute byoyomi canadian fischer fischer-capped
2024-06-09 13:06:22-0400: Controller: play black g6
2024-06-09 13:06:22-0400: = 
2024-06-09 13:06:22-0400: Controller: genmove white
2024-06-09 13:06:23-0400: MoveNum: 17 HASH: DB687F4B72EA2AD3552CA71B4D4AA4DD
   A B C D E F G H J
 9 . . . . . . . . .
 8 . . O . . . . . .
 7 . X O X . X . . .
 6 . . X O O2O X3. .
 5 . . X O X1@ X . .
 4 . . . X O . . . .
 3 . . . . O . . . .
 2 . . . . . . . . .
 1 . . . . . . . . .

koPOSITIONALscoreAREAtaxNONEsui1komi7.5
Time taken: 1.047
Root visits: 3305
New playouts: 793
NN rows: 444
NN batches: 43
NN avg batch size: 10.3256
PV: F5 E7 G4 G7 B3 C4 B8 B6 C3 H4 B4 A8 G3 H3 D3 D8 B5 C9 A6 B9 H2 J2 G2
Tree:
: T  98.61c W  96.77c S   2.42c ( +3.2 L  +3.4) N    3305  --  F5 E7 G4 G7 B3 C4 B8
---White(^)---
F5  : T  99.16c W  97.15c S   2.47c ( +3.2 L  +3.4) LCB   97.63c P 28.90% WF 7522.7 PSV    7479 N    3173  --  F5 E7 G4 G7 B3 C4 B8 B6
C4  : T  38.79c W  59.44c S  -3.34c ( +0.8 L  +0.6) LCB   -5.36c P 42.36% WF  41.4 PSV      70 N      76  --  C4 F5 D3 E7 D4 B8 B4 G3
E7  : T  10.56c W  25.07c S  -3.00c ( +0.6 L  +0.2) LCB  -34.29c P 26.08% WF  15.9 PSV      29 N      46  --  E7 F5 E8 D3 E2 D2 G3 F8
D3  : T  58.84c W  72.24c S  -2.06c ( +1.3 L  +0.7) LCB   -4.67c P  2.62% WF   6.4 PSV       6 N       9  --  D3 C4 F5 E7

2024-06-09 13:06:23-0400: = F5
2024-06-09 13:06:32-0400: Controller: kata-list_time_settings
2024-06-09 13:06:32-0400: = none absolute byoyomi canadian fischer fischer-capped
2024-06-09 13:06:32-0400: Controller: play black b8
2024-06-09 13:06:32-0400: = 
2024-06-09 13:06:32-0400: Controller: genmove white
2024-06-09 13:06:33-0400: MoveNum: 19 HASH: 5CE873D9A5B786A709657484BF0D5780
   A B C D E F G H J
 9 . . . . . . . . .
 8 . X3O . . . . . .
 7 . X O X . X @ . .
 6 . . X O O O X1. .
 5 . . X O . O2X . .
 4 . . . X O . . . .
 3 . . . . O . . . .
 2 . . . . . . . . .
 1 . . . . . . . . .

koPOSITIONALscoreAREAtaxNONEsui1komi7.5
Time taken: 1.063
Root visits: 8359
New playouts: 1447
NN rows: 470
NN batches: 43
NN avg batch size: 10.9302
PV: G7 H7 G8 H8 G4 H4 H5 H6 H3 J5 C4 B4 D3 B3 E7 G3 G2 F4 F3 G4 J3 D8 E8 C9 C2
Tree:
: T  92.91c W  91.93c S   0.95c ( +1.2 L  +1.4) N    8359  --  G7 H7 G8 H8 G4 H4 H5
---White(^)---
G7  : T  94.24c W  92.98c S   1.01c ( +1.2 L  +1.4) LCB   92.54c P 31.53% WF 15301.6 PSV   14987 N    7173  --  G7 H7 G8 H8 G4 H4 H5 H6
E7  : T  33.44c W  43.98c S  -2.26c ( +0.1 L  +0.0) LCB   21.94c P 30.02% WF 115.6 PSV     120 N     406  --  E7 G3 G4 H4 G2 H2 F3 H3
D8  : T  38.84c W  52.50c S  -0.36c ( +0.7 L  +0.7) LCB   23.27c P 21.27% WF 129.0 PSV      93 N     394  --  D8 F8 E7 C3 H7 H8 G4 H4
G4  : T  55.08c W  60.67c S  -0.92c ( +0.5 L  +0.5) LCB   41.54c P 14.92% WF 126.0 PSV      92 N     328  --  G4 H4 G7 H7 G8 D8 G3 H8
F8  : T -99.34c W -78.30c S -12.64c ( -5.5 L  -4.8) LCB -165.66c P  1.63% WF   1.5 PSV       2 N       5  --  F8 E7 G7 F4 E5
C4  : T  23.17c W  32.56c S  -2.41c ( -0.0 L  +0.0) LCB  -47.68c P  0.45% WF   1.9 PSV       1 N       5  --  C4 B4 G7 H7
D3  : T  -7.94c W  16.94c S  -3.30c ( -0.5 L  -0.4) LCB -179.01c P  0.02% WF   0.7 PSV       0 N       2  --  D3 E7
H4  : T  12.07c W  14.98c S  -2.91c ( -0.3 L  -0.0) LCB -337.93c P  0.03% WF   0.3 PSV       0 N       1  --  H4
G3  : T -49.01c W -45.51c S  -3.50c ( -0.5 L  -1.2) LCB -399.01c P  0.02% WF   0.2 PSV       0 N       1  --  G3
B4  : T  -9.40c W  -5.34c S  -4.06c ( -0.7 L  -0.4) LCB -359.40c P  0.01% WF   0.3 PSV       0 N       1  --  B4

2024-06-09 13:06:33-0400: = G7
2024-06-09 13:06:34-0400: Controller: kata-list_time_settings
2024-06-09 13:06:34-0400: = none absolute byoyomi canadian fischer fischer-capped
2024-06-09 13:06:34-0400: Controller: play black h7
2024-06-09 13:06:34-0400: = 
2024-06-09 13:06:34-0400: Controller: genmove white
2024-06-09 13:06:35-0400: MoveNum: 21 HASH: 1B49CA1695ECF059ABB5916E3256C3CA
   A B C D E F G H J
 9 . . . . . . . . .
 8 . X1O . . . @ . .
 7 . X O X . X O2X3.
 6 . . X O O O X . .
 5 . . X O . O X . .
 4 . . . X O . . . .
 3 . . . . O . . . .
 2 . . . . . . . . .
 1 . . . . . . . . .

koPOSITIONALscoreAREAtaxNONEsui1komi7.5
Time taken: 1.031
Root visits: 9503
New playouts: 1193
NN rows: 430
NN batches: 41
NN avg batch size: 10.4878
PV: G8 H8 G4 H4 H5 H6 H3 J5 C4 B4 D3 B3 E8 G3 G2 F4 J3 G4 F3 C2 E7 C9 D8 F1 D2
Tree:
: T  94.40c W  93.20c S   0.92c ( +1.2 L  +1.3) N    9503  --  G8 H8 G4 H4 H5 H6 H3
---White(^)---
G8  : T  94.70c W  93.45c S   0.93c ( +1.2 L  +1.3) LCB   93.29c P 64.50% WF 20241.8 PSV   20172 N    9142  --  G8 H8 G4 H4 H5 H6 H3 J5
E7  : T  30.30c W  42.37c S  -1.94c ( +0.1 L  +0.3) LCB    6.40c P 23.77% WF  53.1 PSV      98 N     168  --  E7 G3 F8 H8 C3 C4 B3 D8
G4  : T  69.28c W  71.94c S   0.01c ( +0.8 L  +0.8) LCB   52.33c P  7.35% WF  83.1 PSV      75 N     173  --  G4 H4 G8 D8 G3 H8 C3 E7
D8  : T -12.64c W  -6.10c S  -4.29c ( -0.8 L  -0.6) LCB  -93.91c P  2.43% WF   3.1 PSV       6 N      11  --  D8 F8 E7 C3 G4 H4 D3
C4  : T -38.71c W -21.31c S  -4.94c ( -1.0 L  -0.6) LCB -112.48c P  1.54% WF   1.3 PSV       3 N       5  --  C4 B4 G8 H8 G4
D3  : T  12.75c W  16.00c S  -3.24c ( -0.4 L  -0.3) LCB -337.25c P  0.19% WF   0.3 PSV       0 N       1  --  D3
F8  : T -103.05c W -93.59c S  -9.46c ( -3.0 L  -3.7) LCB -453.05c P  0.07% WF   0.5 PSV       0 N       1  --  F8
C3  : T  -9.00c W  -4.99c S  -4.01c ( -0.8 L  -0.6) LCB -359.00c P  0.04% WF   0.3 PSV       0 N       1  --  C3

2024-06-09 13:06:35-0400: = G8
2024-06-09 13:06:36-0400: Controller: kata-list_time_settings
2024-06-09 13:06:36-0400: = none absolute byoyomi canadian fischer fischer-capped
2024-06-09 13:06:36-0400: Controller: play black h8
2024-06-09 13:06:36-0400: = 
2024-06-09 13:06:36-0400: Controller: genmove white
2024-06-09 13:06:37-0400: MoveNum: 23 HASH: BFB2999BC5C42E4EA4D26129677E2663
   A B C D E F G H J
 9 . . . . . . . . .
 8 . X O . . . O2X3.
 7 . X O X . X O X1.
 6 . . X O O O X . .
 5 . . X O . O X . .
 4 . . . X O . @ . .
 3 . . . . O . . . .
 2 . . . . . . . . .
 1 . . . . . . . . .

koPOSITIONALscoreAREAtaxNONEsui1komi7.5
Time taken: 1.094
Root visits: 10278
New playouts: 1064
NN rows: 422
NN batches: 41
NN avg batch size: 10.2927
PV: G4 H4 H5 H6 H3 J5 C4 B4 D3 B3 E7 G3 G2 F4 F3 G4 J3 D8 E8 C9 C2 G9 F8 B2 B1
Tree:
: T  95.23c W  93.76c S   0.84c ( +1.0 L  +1.2) N   10278  --  G4 H4 H5 H6 H3 J5 C4
---White(^)---
G4  : T  95.57c W  94.07c S   0.86c ( +1.0 L  +1.2) LCB   94.36c P 31.17% WF 23558.2 PSV   23484 N   10078  --  G4 H4 H5 H6 H3 J5 C4 B4
E7  : T -48.23c W -35.05c S  -4.89c ( -1.1 L  -0.9) LCB  -81.87c P 18.35% WF  13.5 PSV      35 N      69  --  E7 G3 C3 B3 B4 C4 B2 D3
D8  : T -91.52c W -78.39c S  -7.54c ( -2.1 L  -1.8) LCB -114.58c P 17.18% WF   9.3 PSV      25 N      41  --  D8 F8 E7 C3 G4 H4 H5 H6
F8  : T -84.65c W -74.17c S  -9.18c ( -3.0 L  -2.9) LCB -191.09c P 13.14% WF   7.8 PSV      20 N      17  --  F8 D8 G4 H4 H3 G3 F4 H5
E8  : T -25.50c W -15.11c S  -4.14c ( -0.9 L  -0.7) LCB  -79.03c P  4.46% WF   5.3 PSV      10 N      22  --  E8 G3 C3 B3 B2 C4 E7
H4  : T -78.58c W -69.66c S -10.45c ( -3.7 L  -3.6) LCB -152.58c P  6.37% WF   4.3 PSV      10 N      14  --  H4 G4 G3 E7 F4 J5 H3 C3
D3  : T -37.96c W -27.36c S  -5.82c ( -1.7 L  -2.1) LCB -171.78c P  3.91% WF   5.2 PSV       8 N      17  --  D3 G3 D8 F8 B4 E7 B9
C4  : T -57.90c W -58.76c S  -6.44c ( -1.8 L  -1.2) LCB  -98.00c P  2.26% WF   2.1 PSV       4 N       9  --  C4 B4 D3 B3 F8
C3  : T -71.60c W -62.66c S  -7.17c ( -2.2 L  -1.9) LCB -158.73c P  2.07% WF   1.3 PSV       3 N       5  --  C3 E7 G4 H4 H5
B3  : T -20.10c W -15.62c S  -3.97c ( -0.9 L  -0.7) LCB -232.62c P  0.54% WF   0.6 PSV       1 N       2  --  B3 E7

2024-06-09 13:06:37-0400: = G4
2024-06-09 13:06:39-0400: Controller: quit
2024-06-09 13:06:39-0400: Quit requested by controller
2024-06-09 13:06:39-0400: = 
2024-06-09 13:06:39-0400: GPU -1 finishing, processed 28368 rows 2522 batches
2024-06-09 13:06:39-0400: All cleaned up, quitting
