2024-06-07 13:35:44-0400: Running with following config:
allowResignation = true
lagBuffer = 1.0
logAllGTPCommunication = true
logDir = gtp_logs
logSearchInfo = true
logSearchInfoForChosenMove = false
logToStderr = false
maxTimePondering = 60.0
maxVisits = 500
numSearchThreads = 6
ponderingEnabled = false
resignConsecTurns = 3
resignThreshold = -0.90
rules = tromp-taylor
searchFactorAfterOnePass = 0.50
searchFactorAfterTwoPass = 0.25
searchFactorWhenWinning = 0.40
searchFactorWhenWinningThreshold = 0.95

2024-06-07 13:35:44-0400: GTP Engine starting...
2024-06-07 13:35:44-0400: KataGo v1.14.0
2024-06-07 13:35:44-0400: Using TrompTaylor rules initially, unless GTP/GUI overrides this
2024-06-07 13:35:44-0400: Using 6 CPU thread(s) for search
2024-06-07 13:35:44-0400: nnRandSeed0 = 9307770734320150172
2024-06-07 13:35:44-0400: After dedups: nnModelFile0 = C:\Users\chang\Downloads\kata1-b60c320-s9482697216-d3873382264.bin.gz useFP16 auto useNHWC auto
2024-06-07 13:35:44-0400: Initializing neural net buffer to be size 19 * 19 exactly
2024-06-07 13:35:51-0400: TensorRT backend thread 0: Found GPU NVIDIA GeForce RTX 4060 Laptop GPU memory 8585216000 compute capability major 8 minor 9
2024-06-07 13:35:51-0400: TensorRT backend thread 0: Initializing (may take a long time)
