2024-06-19 20:43:22-0400: Running with following config:
allowResignation = true
lagBuffer = 1.0
logAllGTPCommunication = true
logDir = gtp_logs
logSearchInfo = true
logSearchInfoForChosenMove = false
logToStderr = false
maxTime = 1.0
maxTimePondering = 120.0
numSearchThreads = 16
ogsChatToStderr = true
ponderingEnabled = true
resignConsecTurns = 3
resignThreshold = -0.90
rules = tromp-taylor
searchFactorAfterOnePass = 0.50
searchFactorAfterTwoPass = 0.25
searchFactorWhenWinning = 0.40
searchFactorWhenWinningThreshold = 0.95

2024-06-19 20:43:22-0400: GTP Engine starting...
2024-06-19 20:43:22-0400: KataGo v1.14.1
2024-06-19 20:43:22-0400: Using TrompTaylor rules initially, unless GTP/GUI overrides this
2024-06-19 20:43:22-0400: Using 16 CPU thread(s) for search
2024-06-19 20:43:22-0400: nnRandSeed0 = 2093158161643912044
2024-06-19 20:43:22-0400: After dedups: nnModelFile0 = C:\Users\chang\Downloads\kata1-b28c512nbt-s7168446720-d4316919285.bin.gz useFP16 auto useNHWC auto
2024-06-19 20:43:22-0400: Initializing neural net buffer to be size 19 * 19 exactly
2024-06-19 20:43:28-0400: Found OpenCL Platform 0: NVIDIA CUDA (NVIDIA Corporation) (OpenCL 3.0 CUDA 12.5.51)
2024-06-19 20:43:28-0400: Found 1 device(s) on platform 0 with type CPU or GPU or Accelerator
2024-06-19 20:43:28-0400: Found OpenCL Platform 1: Intel(R) OpenCL Graphics (Intel(R) Corporation) (OpenCL 3.0 )
2024-06-19 20:43:28-0400: Found 1 device(s) on platform 1 with type CPU or GPU or Accelerator
2024-06-19 20:43:28-0400: Found OpenCL Device 0: NVIDIA GeForce RTX 4060 Laptop GPU (NVIDIA Corporation) (score 11000300)
2024-06-19 20:43:28-0400: Found OpenCL Device 1: Intel(R) UHD Graphics (Intel(R) Corporation) (score 6000300)
2024-06-19 20:43:28-0400: Creating context for OpenCL Platform: NVIDIA CUDA (NVIDIA Corporation) (OpenCL 3.0 CUDA 12.5.51)
2024-06-19 20:43:29-0400: Using OpenCL Device 0: NVIDIA GeForce RTX 4060 Laptop GPU (NVIDIA Corporation) OpenCL 3.0 CUDA (Extensions: cl_khr_global_int32_base_atomics cl_khr_global_int32_extended_atomics cl_khr_local_int32_base_atomics cl_khr_local_int32_extended_atomics cl_khr_fp64 cl_khr_3d_image_writes cl_khr_byte_addressable_store cl_khr_icd cl_khr_gl_sharing cl_nv_compiler_options cl_nv_device_attribute_query cl_nv_pragma_unroll cl_nv_d3d10_sharing cl_khr_d3d10_sharing cl_nv_d3d11_sharing cl_nv_copy_opts cl_nv_create_buffer cl_khr_int64_base_atomics cl_khr_int64_extended_atomics cl_khr_device_uuid cl_khr_pci_bus_info cl_khr_external_semaphore cl_khr_external_memory cl_khr_external_semaphore_win32 cl_khr_external_memory_win32)
2024-06-19 20:43:29-0400: Loaded tuning parameters from: C:\Users\chang\Downloads\katago-v1.14.1-opencl-windows-x64/KataGoData/opencltuning/tune11_gpuNVIDIAGeForceRTX4060LaptopGPU_x19_y19_c512_mv15.txt
2024-06-19 20:43:29-0400: OpenCL backend thread 0: Model version 15
2024-06-19 20:43:29-0400: OpenCL backend thread 0: Model name: kata1-b28c512nbt-s7168446720-d4316919285
2024-06-19 20:43:36-0400: OpenCL backend thread 0: FP16Storage true FP16Compute false FP16TensorCores true FP16TensorCoresFor1x1 false
2024-06-19 20:43:36-0400: Loaded neural net with nnXLen 19 nnYLen 19
2024-06-19 20:43:36-0400: Initializing board with boardXSize 19 boardYSize 19
2024-06-19 20:43:36-0400: Loaded config C:/Users/chang/Downloads/katago-v1.14.1-opencl-windows-x64/default_gtp.cfg
2024-06-19 20:43:36-0400: Loaded model C:\Users\chang\Downloads\kata1-b28c512nbt-s7168446720-d4316919285.bin.gz
2024-06-19 20:43:36-0400: Model name: kata1-b28c512nbt-s7168446720-d4316919285
2024-06-19 20:43:36-0400: GTP ready, beginning main protocol loop
2024-06-19 20:43:36-0400: Controller: list_commands
2024-06-19 20:43:36-0400: = protocol_version
name
version
known_command
list_commands
quit
boardsize
rectangular_boardsize
clear_board
set_position
komi
get_komi
play
undo
kata-get-rules
kata-set-rule
kata-set-rules
kata-get-param
kata-set-param
kata-list-params
kgs-rules
genmove
genmove_debug
search_debug
clear_cache
showboard
fixed_handicap
place_free_handicap
set_free_handicap
time_settings
kgs-time_settings
time_left
kata-list_time_settings
kata-time_settings
final_score
final_status_list
loadsgf
printsgf
lz-genmove_analyze
kata-genmove_analyze
lz-analyze
kata-analyze
kata-raw-nn
cputime
gomill-cpu_time
kata-benchmark
kata-debug-print-tc
debug_moves
stop
2024-06-19 20:43:36-0400: Controller: boardsize 9
2024-06-19 20:43:36-0400: GPU -1 finishing, processed 0 rows 0 batches
2024-06-19 20:43:36-0400: Cleaned up old neural net and bot
2024-06-19 20:43:36-0400: nnRandSeed0 = 3578209820744898939
2024-06-19 20:43:36-0400: After dedups: nnModelFile0 = C:\Users\chang\Downloads\kata1-b28c512nbt-s7168446720-d4316919285.bin.gz useFP16 auto useNHWC auto
2024-06-19 20:43:36-0400: Initializing neural net buffer to be size 9 * 9 exactly
2024-06-19 20:43:44-0400: Found OpenCL Platform 0: NVIDIA CUDA (NVIDIA Corporation) (OpenCL 3.0 CUDA 12.5.51)
2024-06-19 20:43:44-0400: Found 1 device(s) on platform 0 with type CPU or GPU or Accelerator
2024-06-19 20:43:44-0400: Found OpenCL Platform 1: Intel(R) OpenCL Graphics (Intel(R) Corporation) (OpenCL 3.0 )
2024-06-19 20:43:44-0400: Found 1 device(s) on platform 1 with type CPU or GPU or Accelerator
2024-06-19 20:43:44-0400: Found OpenCL Device 0: NVIDIA GeForce RTX 4060 Laptop GPU (NVIDIA Corporation) (score 11000300)
2024-06-19 20:43:44-0400: Found OpenCL Device 1: Intel(R) UHD Graphics (Intel(R) Corporation) (score 6000300)
2024-06-19 20:43:44-0400: Creating context for OpenCL Platform: NVIDIA CUDA (NVIDIA Corporation) (OpenCL 3.0 CUDA 12.5.51)
2024-06-19 20:43:44-0400: Using OpenCL Device 0: NVIDIA GeForce RTX 4060 Laptop GPU (NVIDIA Corporation) OpenCL 3.0 CUDA (Extensions: cl_khr_global_int32_base_atomics cl_khr_global_int32_extended_atomics cl_khr_local_int32_base_atomics cl_khr_local_int32_extended_atomics cl_khr_fp64 cl_khr_3d_image_writes cl_khr_byte_addressable_store cl_khr_icd cl_khr_gl_sharing cl_nv_compiler_options cl_nv_device_attribute_query cl_nv_pragma_unroll cl_nv_d3d10_sharing cl_khr_d3d10_sharing cl_nv_d3d11_sharing cl_nv_copy_opts cl_nv_create_buffer cl_khr_int64_base_atomics cl_khr_int64_extended_atomics cl_khr_device_uuid cl_khr_pci_bus_info cl_khr_external_semaphore cl_khr_external_memory cl_khr_external_semaphore_win32 cl_khr_external_memory_win32)
2024-06-19 20:43:44-0400: Loaded tuning parameters from: C:\Users\chang\Downloads\katago-v1.14.1-opencl-windows-x64/KataGoData/opencltuning/tune11_gpuNVIDIAGeForceRTX4060LaptopGPU_x19_y19_c512_mv15.txt
2024-06-19 20:43:44-0400: OpenCL backend thread 0: Model version 15
2024-06-19 20:43:44-0400: OpenCL backend thread 0: Model name: kata1-b28c512nbt-s7168446720-d4316919285
2024-06-19 20:43:52-0400: OpenCL backend thread 0: FP16Storage true FP16Compute false FP16TensorCores true FP16TensorCoresFor1x1 false
2024-06-19 20:43:52-0400: Loaded neural net with nnXLen 9 nnYLen 9
2024-06-19 20:43:52-0400: Initializing board with boardXSize 9 boardYSize 9
2024-06-19 20:43:52-0400: = 
2024-06-19 20:43:52-0400: Controller: clear_board
2024-06-19 20:43:52-0400: = 
2024-06-19 20:43:52-0400: Controller: komi 7.5
2024-06-19 20:43:52-0400: = 
2024-06-19 20:43:52-0400: Controller: play black g5
2024-06-19 20:43:52-0400: = 
2024-06-19 20:43:52-0400: Controller: genmove white
2024-06-19 20:43:54-0400: MoveNum: 1 HASH: E88DE61907BF739F46D3DC7DEC9D01AA
   A B C D E F G H J
 9 . . . . . . . . .
 8 . . . . . . . . .
 7 . . . . . . . . .
 6 . . . . . . . . .
 5 . . . @ . . X1. .
 4 . . . . . . . . .
 3 . . . . . . . . .
 2 . . . . . . . . .
 1 . . . . . . . . .

koPOSITIONALscoreAREAtaxNONEsui1komi7.5
Time taken: 1.313
Root visits: 544
New playouts: 544
NN rows: 536
NN batches: 43
NN avg batch size: 12.4651
PV: D4 D6 C6 E3 E4 F3 D7 E6 E7 F7
Tree:
: T  84.90c W  86.32c S  -0.45c ( +2.0 L  +1.1) N     544  --  D4 D6 C6 E3 E4 F3 D7
---White(^)---
D4  : T  87.87c W  89.05c S  -0.78c ( +1.9 L  +1.1) LCB   84.52c P  7.72% WF 183.5 PSV     446 N     102  --  D4 D6 C6 E3 E4 F3 D7 E6
D5  : T  86.64c W  87.35c S  -0.10c ( +2.2 L  +1.2) LCB   84.38c P 61.37% WF 410.1 PSV     406 N     272  --  D5 E5 E6 D6 E7 E4 C5 C3
E4  : T  80.05c W  81.92c S  -0.44c ( +2.0 L  +1.0) LCB   71.17c P  6.52% WF  47.5 PSV      11 N      38  --  E4 E5 F5 F4 F6 E6 E7 F7
C4  : T  84.00c W  85.31c S  -0.59c ( +1.9 L  +1.1) LCB   78.76c P  1.38% WF  78.0 PSV       4 N      49  --  C4 D5 D4 E5 B6 E4 D7 C6
E5  : T  80.27c W  83.48c S  -1.33c ( +1.6 L  +0.7) LCB   69.76c P  1.68% WF  29.8 PSV       3 N      17  --  E5 C4 D3 F3 C6
C5  : T  70.71c W  81.88c S  -0.68c ( +1.9 L  +1.1) LCB   53.65c P  1.48% WF  19.7 PSV       1 N      12  --  C5 D5 D4 C6 C4 D6 E4
F5  : T  77.19c W  78.40c S  -1.03c ( +1.7 L  +0.7) LCB   64.95c P  0.86% WF  15.5 PSV       1 N      10  --  F5 F6 G4 G6 E5
F4  : T  64.36c W  73.90c S  -1.69c ( +1.4 L  +0.7) LCB    7.42c P  0.30% WF   5.3 PSV       0 N       4  --  F4 F5 D4
D3  : T  58.83c W  67.74c S  -2.23c ( +1.1 L  +0.5) LCB  -94.15c P  0.64% WF   3.0 PSV       0 N       2  --  D3 D6
E3  : T  65.96c W  71.19c S  -2.14c ( +1.2 L  +0.4) LCB  -83.59c P  0.28% WF   3.1 PSV       0 N       2  --  E3 D6

2024-06-19 20:43:54-0400: = D5
2024-06-19 20:43:54-0400: Controller: kata-list_time_settings
2024-06-19 20:43:54-0400: = none absolute byoyomi canadian fischer fischer-capped
2024-06-19 20:43:54-0400: Controller: play black c5
2024-06-19 20:43:54-0400: = 
2024-06-19 20:43:54-0400: Controller: genmove white
2024-06-19 20:43:55-0400: MoveNum: 3 HASH: F6691B1B65354E24EA9C4D9A037F6858
   A B C D E F G H J
 9 . . . . . . . . .
 8 . . . . . . . . .
 7 . . . . . . . . .
 6 . . . . . . . . .
 5 . . X3O2. . X1. .
 4 . . @ . . . . . .
 3 . . . . . . . . .
 2 . . . . . . . . .
 1 . . . . . . . . .

koPOSITIONALscoreAREAtaxNONEsui1komi7.5
Time taken: 1.031
Root visits: 665
New playouts: 665
NN rows: 542
NN batches: 48
NN avg batch size: 11.2917
PV: C4 D4 E4 D3 C6 B5 E3 D2 E6 B6 G7 F7 F6
Tree:
: T  88.84c W  89.33c S   0.60c ( +2.2 L  +1.6) N     665  --  C4 D4 E4 D3 C6 B5 E3
---White(^)---
C4  : T  90.89c W  90.67c S   0.99c ( +2.4 L  +1.8) LCB   87.96c P 24.47% WF 665.1 PSV     655 N     393  --  C4 D4 E4 D3 C6 B5 E3 D2
D4  : T  87.45c W  89.00c S   0.12c ( +2.0 L  +1.4) LCB   83.36c P 28.14% WF 291.2 PSV     144 N     191  --  D4 D6 C4 E6 C6 C7 B5 F4
F5  : T  75.67c W  81.18c S  -1.32c ( +1.4 L  +0.8) LCB   50.11c P  1.08% WF  19.2 PSV       1 N      12  --  F5 F6 C6 E5 D4
G4  : T  82.05c W  82.22c S  -0.85c ( +1.6 L  +0.7) LCB   75.83c P  0.05% WF  16.5 PSV       0 N      17  --  G4 F4 C4 D6 C6 B5
F4  : T  69.30c W  71.80c S  -1.83c ( +1.1 L  +0.5) LCB   41.20c P  0.08% WF   4.1 PSV       0 N       6  --  F4 D6 F5
E4  : T  62.09c W  68.81c S  -2.75c ( +0.7 L  +0.3) LCB   29.71c P  0.67% WF   6.4 PSV       0 N       5  --  E4 C6 G3 G7
F3  : T  57.61c W  58.60c S  -2.50c ( +0.7 L  -0.1) LCB  -17.53c P  0.02% WF   1.1 PSV       0 N       3  --  F3 D4
E5  : T  30.06c W  36.60c S  -4.86c ( -0.4 L  -0.7) LCB -119.93c P  0.06% WF   1.7 PSV       0 N       2  --  E5 C6
D3  : T  -4.36c W   0.98c S  -5.34c ( -0.6 L  -0.3) LCB -354.36c P  0.03% WF   0.5 PSV       0 N       1  --  D3
E3  : T   6.37c W  11.77c S  -5.41c ( -0.6 L  -0.4) LCB -343.63c P  0.01% WF   0.4 PSV       0 N       1  --  E3

2024-06-19 20:43:55-0400: = C4
2024-06-19 20:44:03-0400: Controller: kata-list_time_settings
2024-06-19 20:44:03-0400: = none absolute byoyomi canadian fischer fischer-capped
2024-06-19 20:44:03-0400: Controller: play black d6
2024-06-19 20:44:03-0400: = 
2024-06-19 20:44:03-0400: Controller: genmove white
2024-06-19 20:44:04-0400: MoveNum: 5 HASH: D591FA58AE77B12EDAAF50619238E204
   A B C D E F G H J
 9 . . . . . . . . .
 8 . . . . . . . . .
 7 . . . . . . . . .
 6 . . @ X3. . . . .
 5 . . X1O . . X . .
 4 . . O2. . . . . .
 3 . . . . . . . . .
 2 . . . . . . . . .
 1 . . . . . . . . .

koPOSITIONALscoreAREAtaxNONEsui1komi7.5
Time taken: 1.047
Root visits: 2601
New playouts: 691
NN rows: 521
NN batches: 49
NN avg batch size: 10.6327
PV: C6 B5 E6 D7 E7 D8 E4 B4 E8 G3 F3 G7 B7 C7 D9 B6 C8
Tree:
: T  93.64c W  92.56c S   1.87c ( +2.6 L  +2.2) N    2601  --  C6 B5 E6 D7 E7 D8 E4
---White(^)---
C6  : T  94.41c W  93.06c S   2.12c ( +2.7 L  +2.3) LCB   92.99c P 47.71% WF 3476.3 PSV    3446 N    2156  --  C6 B5 E6 D7 E7 D8 E4 B4
E5  : T  90.16c W  90.45c S   0.41c ( +2.0 L  +1.4) LCB   87.68c P 37.95% WF 512.2 PSV     407 N     358  --  E5 C6 E6 B4 D3 C3 D4 B3
E6  : T  81.98c W  83.83c S   1.48c ( +2.5 L  +1.6) LCB   70.48c P 11.70% WF  64.9 PSV      47 N      53  --  E6 D4 E5 C3 B4 C6 B3 D3
D4  : T  92.15c W  91.87c S   0.84c ( +2.2 L  +1.6) LCB   87.90c P  1.52% WF  51.2 PSV      27 N      29  --  D4 C6 E6 E7 F6 F4 F7 E8
E4  : T  87.69c W  87.14c S   0.63c ( +2.1 L  +1.3) LCB   13.67c P  0.57% WF   4.8 PSV       4 N       3  --  E4 E6 C6
F4  : T  58.82c W  60.93c S  -2.10c ( +0.9 L  +0.7) LCB -291.18c P  0.20% WF   0.9 PSV       0 N       1  --  F4

2024-06-19 20:44:04-0400: = C6
2024-06-19 20:44:14-0400: Controller: kata-list_time_settings
2024-06-19 20:44:14-0400: = none absolute byoyomi canadian fischer fischer-capped
2024-06-19 20:44:14-0400: Controller: play black b5
2024-06-19 20:44:14-0400: = 
2024-06-19 20:44:14-0400: Controller: genmove white
2024-06-19 20:44:16-0400: MoveNum: 7 HASH: 447ABB7452E74DB2FF670ED459584BE0
   A B C D E F G H J
 9 . . . . . . . . .
 8 . . . . . . . . .
 7 . . . . . . . . .
 6 . . O2X1@ . . . .
 5 . X3X O . . X . .
 4 . . O . . . . . .
 3 . . . . . . . . .
 2 . . . . . . . . .
 1 . . . . . . . . .

koPOSITIONALscoreAREAtaxNONEsui1komi7.5
Time taken: 1.078
Root visits: 10893
New playouts: 698
NN rows: 540
NN batches: 49
NN avg batch size: 11.0204
PV: E6 D7 E7 D8 D4 B6 G3 F3 F4 G4 F2 E3 G2 F5 E5 G7 E8 E4 D2 F8 B8 E9 C7 C8 B7
Tree:
: T  95.48c W  93.92c S   2.08c ( +2.6 L  +2.5) N   10893  --  E6 D7 E7 D8 D4 B6 G3
---White(^)---
E6  : T  95.96c W  94.27c S   2.14c ( +2.7 L  +2.6) LCB   95.24c P 39.25% WF 17711.9 PSV   17607 N   10386  --  E6 D7 E7 D8 D4 B6 G3 F3
E5  : T  76.77c W  80.52c S  -0.21c ( +1.7 L  +1.1) LCB   69.73c P 28.80% WF 244.9 PSV     242 N     286  --  E5 D7 E6 B4 F7 E8 G3 C3
D4  : T  75.16c W  77.98c S  -0.37c ( +1.6 L  +1.0) LCB   66.07c P 22.14% WF 139.3 PSV     172 N     161  --  D4 C7 E6 B6 D8 D7 E7 F4
B4  : T  87.43c W  88.45c S   1.26c ( +2.3 L  +1.6) LCB   78.48c P  2.76% WF  51.4 PSV      50 N      38  --  B4 E5 D4 D7 B6 F3 F7 E8
F4  : T  82.20c W  84.68c S   0.18c ( +1.9 L  +0.9) LCB   51.77c P  0.58% WF  10.2 PSV       6 N       7  --  F4 B4 E6
C7  : T -51.85c W -18.88c S  -7.22c ( -1.5 L  -1.8) LCB -153.89c P  5.09% WF   2.9 PSV       5 N       8  --  C7 D4 E5 E4 F5 F4 F6
E4  : T  79.86c W  84.75c S  -0.08c ( +1.8 L  +0.8) LCB   26.08c P  0.46% WF   5.3 PSV       4 N       4  --  E4 D7 E6 E7 F6 B4 F3 F7
F5  : T  61.99c W  64.53c S  -2.54c ( +0.7 L  +0.8) LCB -288.01c P  0.36% WF   0.9 PSV       1 N       1  --  F5
B6  : T  60.22c W  61.83c S  -1.61c ( +1.0 L  +1.0) LCB -289.78c P  0.33% WF   0.8 PSV       1 N       1  --  B6

2024-06-19 20:44:16-0400: = E6
2024-06-19 20:44:16-0400: Controller: kata-list_time_settings
2024-06-19 20:44:16-0400: = none absolute byoyomi canadian fischer fischer-capped
2024-06-19 20:44:16-0400: Controller: play black d7
2024-06-19 20:44:16-0400: = 
2024-06-19 20:44:16-0400: Controller: genmove white
2024-06-19 20:44:17-0400: MoveNum: 9 HASH: BC21E9E239F39192703C5F6BCFEFEA2D
   A B C D E F G H J
 9 . . . . . . . . .
 8 . . . . . . . . .
 7 . . . X3@ . . . .
 6 . . O X O2. . . .
 5 . X1X O . . X . .
 4 . . O . . . . . .
 3 . . . . . . . . .
 2 . . . . . . . . .
 1 . . . . . . . . .

koPOSITIONALscoreAREAtaxNONEsui1komi7.5
Time taken: 1.031
Root visits: 11794
New playouts: 901
NN rows: 505
NN batches: 48
NN avg batch size: 10.5208
PV: E7 D8 D4 B6 G3 F3 F4 G4 F2 E3 G2 F5 E5 G7 G8 E4 D2 H8 F7 F8
Tree:
: T  96.26c W  94.57c S   2.15c ( +2.7 L  +2.7) N   11794  --  E7 D8 D4 B6 G3 F3 F4
---White(^)---
E7  : T  96.72c W  94.92c S   2.21c ( +2.8 L  +2.7) LCB   96.06c P 42.61% WF 19825.4 PSV   19711 N   11157  --  E7 D8 D4 B6 G3 F3 F4 G4
D4  : T  85.13c W  86.10c S   1.01c ( +2.3 L  +1.9) LCB   78.92c P 27.55% WF 461.5 PSV     396 N     460  --  D4 C7 G4 F5 F4 E5 H5 H4
E4  : T  58.63c W  64.07c S  -2.83c ( +0.7 L  +0.4) LCB   36.10c P 17.34% WF  55.8 PSV      77 N      94  --  E4 E7 F6 B4 F3 F7 G6 G7
E5  : T  73.05c W  78.10c S  -0.95c ( +1.4 L  +0.7) LCB   63.66c P 10.42% WF  62.1 PSV      74 N      68  --  E5 B4 F7 E8 G3 C3 F8 F3
B4  : T  74.58c W  76.78c S  -0.77c ( +1.5 L  +0.9) LCB   39.05c P  1.37% WF  11.6 PSV      10 N      11  --  B4 B6 E7 D8 E4
F4  : T  17.07c W  20.99c S  -3.92c ( +0.1 L  +0.1) LCB -332.93c P  0.28% WF   0.5 PSV       0 N       1  --  F4
F3  : T  53.57c W  56.57c S  -3.01c ( +0.5 L  +0.7) LCB -296.43c P  0.17% WF   0.8 PSV       0 N       1  --  F3
C7  : T  17.05c W  21.19c S  -4.14c ( -0.1 L  +0.0) LCB -332.95c P  0.08% WF   0.4 PSV       0 N       1  --  C7

2024-06-19 20:44:17-0400: = E7
2024-06-19 20:44:19-0400: Controller: quit
2024-06-19 20:44:19-0400: Quit requested by controller
2024-06-19 20:44:19-0400: = 
2024-06-19 20:44:19-0400: GPU -1 finishing, processed 13654 rows 1178 batches
2024-06-19 20:44:19-0400: All cleaned up, quitting
