2024-06-07 13:22:22-0400: Running with following config:
allowResignation = true
lagBuffer = 1.0
logAllGTPCommunication = true
logDir = gtp_logs
logSearchInfo = true
logSearchInfoForChosenMove = false
logToStderr = false
maxTime = 0.5
maxTimePondering = 120.0
numSearchThreads = 16
ogsChatToStderr = true
ponderingEnabled = true
resignConsecTurns = 3
resignThreshold = -0.90
rules = tromp-taylor
searchFactorAfterOnePass = 0.50
searchFactorAfterTwoPass = 0.25
searchFactorWhenWinning = 0.40
searchFactorWhenWinningThreshold = 0.95

2024-06-07 13:22:22-0400: GTP Engine starting...
2024-06-07 13:22:22-0400: KataGo v1.14.1
2024-06-07 13:22:22-0400: Using TrompTaylor rules initially, unless GTP/GUI overrides this
2024-06-07 13:22:22-0400: Using 16 CPU thread(s) for search
2024-06-07 13:22:23-0400: nnRandSeed0 = 7048099633619191419
2024-06-07 13:22:23-0400: After dedups: nnModelFile0 = C:/Users/chang/Downloads/kata1-b60c320-s9482697216-d3873382264.bin.gz useFP16 auto useNHWC auto
2024-06-07 13:22:23-0400: Initializing neural net buffer to be size 19 * 19 exactly
2024-06-07 13:22:31-0400: Found OpenCL Platform 0: NVIDIA CUDA (NVIDIA Corporation) (OpenCL 3.0 CUDA 12.4.89)
2024-06-07 13:22:31-0400: Found 1 device(s) on platform 0 with type CPU or GPU or Accelerator
2024-06-07 13:22:31-0400: Found OpenCL Platform 1: Intel(R) OpenCL Graphics (Intel(R) Corporation) (OpenCL 3.0 )
2024-06-07 13:22:31-0400: Found 1 device(s) on platform 1 with type CPU or GPU or Accelerator
2024-06-07 13:22:31-0400: Found OpenCL Device 0: NVIDIA GeForce RTX 4060 Laptop GPU (NVIDIA Corporation) (score 11000300)
2024-06-07 13:22:31-0400: Found OpenCL Device 1: Intel(R) UHD Graphics (Intel(R) Corporation) (score 6000300)
2024-06-07 13:22:31-0400: Creating context for OpenCL Platform: NVIDIA CUDA (NVIDIA Corporation) (OpenCL 3.0 CUDA 12.4.89)
2024-06-07 13:22:31-0400: Using OpenCL Device 0: NVIDIA GeForce RTX 4060 Laptop GPU (NVIDIA Corporation) OpenCL 3.0 CUDA (Extensions: cl_khr_global_int32_base_atomics cl_khr_global_int32_extended_atomics cl_khr_local_int32_base_atomics cl_khr_local_int32_extended_atomics cl_khr_fp64 cl_khr_3d_image_writes cl_khr_byte_addressable_store cl_khr_icd cl_khr_gl_sharing cl_nv_compiler_options cl_nv_device_attribute_query cl_nv_pragma_unroll cl_nv_d3d10_sharing cl_khr_d3d10_sharing cl_nv_d3d11_sharing cl_nv_copy_opts cl_nv_create_buffer cl_khr_int64_base_atomics cl_khr_int64_extended_atomics cl_khr_device_uuid cl_khr_pci_bus_info cl_khr_external_semaphore cl_khr_external_memory cl_khr_external_semaphore_win32 cl_khr_external_memory_win32)
2024-06-07 13:22:31-0400: Loaded tuning parameters from: C:\Users\chang\Downloads\katago-v1.14.1-opencl-windows-x64/KataGoData/opencltuning/tune11_gpuNVIDIAGeForceRTX4060LaptopGPU_x19_y19_c320_mv10.txt
2024-06-07 13:22:31-0400: OpenCL backend thread 0: Model version 10
2024-06-07 13:22:31-0400: OpenCL backend thread 0: Model name: kata1-b60c320-s9482697216-d3873382264
2024-06-07 13:22:44-0400: OpenCL backend thread 0: FP16Storage true FP16Compute false FP16TensorCores true FP16TensorCoresFor1x1 false
2024-06-07 13:22:44-0400: Loaded neural net with nnXLen 19 nnYLen 19
2024-06-07 13:22:44-0400: Initializing board with boardXSize 19 boardYSize 19
2024-06-07 13:22:44-0400: Loaded config C:/Users/chang/Downloads/katago-v1.14.1-opencl-windows-x64/doudoubot.cfg
2024-06-07 13:22:44-0400: Loaded model C:/Users/chang/Downloads/kata1-b60c320-s9482697216-d3873382264.bin.gz
2024-06-07 13:22:44-0400: Model name: kata1-b60c320-s9482697216-d3873382264
2024-06-07 13:22:44-0400: GTP ready, beginning main protocol loop
2024-06-07 13:22:44-0400: Controller: list_commands
2024-06-07 13:22:44-0400: = protocol_version
name
version
known_command
list_commands
quit
boardsize
rectangular_boardsize
clear_board
set_position
komi
get_komi
play
undo
kata-get-rules
kata-set-rule
kata-set-rules
kata-get-param
kata-set-param
kata-list-params
kgs-rules
genmove
genmove_debug
search_debug
clear_cache
showboard
fixed_handicap
place_free_handicap
set_free_handicap
time_settings
kgs-time_settings
time_left
kata-list_time_settings
kata-time_settings
final_score
final_status_list
loadsgf
printsgf
lz-genmove_analyze
kata-genmove_analyze
lz-analyze
kata-analyze
kata-raw-nn
cputime
gomill-cpu_time
kata-benchmark
kata-debug-print-tc
debug_moves
stop
2024-06-07 13:22:44-0400: Controller: boardsize 9
2024-06-07 13:22:44-0400: GPU -1 finishing, processed 0 rows 0 batches
2024-06-07 13:22:44-0400: Cleaned up old neural net and bot
2024-06-07 13:22:44-0400: nnRandSeed0 = 6947975024036834906
2024-06-07 13:22:44-0400: After dedups: nnModelFile0 = C:/Users/chang/Downloads/kata1-b60c320-s9482697216-d3873382264.bin.gz useFP16 auto useNHWC auto
2024-06-07 13:22:44-0400: Initializing neural net buffer to be size 9 * 9 exactly
2024-06-07 13:22:56-0400: Found OpenCL Platform 0: NVIDIA CUDA (NVIDIA Corporation) (OpenCL 3.0 CUDA 12.4.89)
2024-06-07 13:22:56-0400: Found 1 device(s) on platform 0 with type CPU or GPU or Accelerator
2024-06-07 13:22:56-0400: Found OpenCL Platform 1: Intel(R) OpenCL Graphics (Intel(R) Corporation) (OpenCL 3.0 )
2024-06-07 13:22:56-0400: Found 1 device(s) on platform 1 with type CPU or GPU or Accelerator
2024-06-07 13:22:56-0400: Found OpenCL Device 0: NVIDIA GeForce RTX 4060 Laptop GPU (NVIDIA Corporation) (score 11000300)
2024-06-07 13:22:56-0400: Found OpenCL Device 1: Intel(R) UHD Graphics (Intel(R) Corporation) (score 6000300)
2024-06-07 13:22:56-0400: Creating context for OpenCL Platform: NVIDIA CUDA (NVIDIA Corporation) (OpenCL 3.0 CUDA 12.4.89)
2024-06-07 13:22:57-0400: Using OpenCL Device 0: NVIDIA GeForce RTX 4060 Laptop GPU (NVIDIA Corporation) OpenCL 3.0 CUDA (Extensions: cl_khr_global_int32_base_atomics cl_khr_global_int32_extended_atomics cl_khr_local_int32_base_atomics cl_khr_local_int32_extended_atomics cl_khr_fp64 cl_khr_3d_image_writes cl_khr_byte_addressable_store cl_khr_icd cl_khr_gl_sharing cl_nv_compiler_options cl_nv_device_attribute_query cl_nv_pragma_unroll cl_nv_d3d10_sharing cl_khr_d3d10_sharing cl_nv_d3d11_sharing cl_nv_copy_opts cl_nv_create_buffer cl_khr_int64_base_atomics cl_khr_int64_extended_atomics cl_khr_device_uuid cl_khr_pci_bus_info cl_khr_external_semaphore cl_khr_external_memory cl_khr_external_semaphore_win32 cl_khr_external_memory_win32)
2024-06-07 13:22:57-0400: Loaded tuning parameters from: C:\Users\chang\Downloads\katago-v1.14.1-opencl-windows-x64/KataGoData/opencltuning/tune11_gpuNVIDIAGeForceRTX4060LaptopGPU_x19_y19_c320_mv10.txt
2024-06-07 13:22:57-0400: OpenCL backend thread 0: Model version 10
2024-06-07 13:22:57-0400: OpenCL backend thread 0: Model name: kata1-b60c320-s9482697216-d3873382264
2024-06-07 13:23:09-0400: OpenCL backend thread 0: FP16Storage true FP16Compute false FP16TensorCores true FP16TensorCoresFor1x1 false
2024-06-07 13:23:09-0400: Loaded neural net with nnXLen 9 nnYLen 9
2024-06-07 13:23:09-0400: Initializing board with boardXSize 9 boardYSize 9
2024-06-07 13:23:09-0400: = 
2024-06-07 13:23:09-0400: Controller: clear_board
2024-06-07 13:23:09-0400: = 
2024-06-07 13:23:09-0400: Controller: komi 7.5
2024-06-07 13:23:09-0400: = 
2024-06-07 13:23:09-0400: Controller: play black g5
2024-06-07 13:23:09-0400: = 
2024-06-07 13:23:09-0400: Controller: genmove white
2024-06-07 13:23:10-0400: MoveNum: 1 HASH: E88DE61907BF739F46D3DC7DEC9D01AA
   A B C D E F G H J
 9 . . . . . . . . .
 8 . . . . . . . . .
 7 . . . . . . . . .
 6 . . . . . . . . .
 5 . . . @ . . X1. .
 4 . . . . . . . . .
 3 . . . . . . . . .
 2 . . . . . . . . .
 1 . . . . . . . . .

koPOSITIONALscoreAREAtaxNONEsui1komi7.5
Time taken: 1.547
Root visits: 403
New playouts: 403
NN rows: 373
NN batches: 37
NN avg batch size: 10.0811
PV: D5 E5 D6 D4 C4 E6 E7 C3 F7 E4 B5 D7 C7
Tree:
: T  87.11c W  86.33c S   2.10c ( +2.1 L  +1.1) N     403  --  D5 E5 D6 D4 C4 E6 E7
---White(^)---
D5  : T  89.80c W  88.69c S   2.37c ( +2.2 L  +1.2) LCB   86.99c P 76.21% WF 339.7 PSV     334 N     199  --  D5 E5 D6 D4 C4 E6 E7 C3
E4  : T  87.76c W  85.48c S   2.39c ( +2.3 L  +1.2) LCB   82.27c P  4.67% WF  92.7 PSV      12 N      60  --  E4 E5 D5 D4 E3 D3 D2 C2
C4  : T  87.33c W  85.55c S   1.80c ( +2.0 L  +1.0) LCB   81.60c P  0.97% WF  69.8 PSV       2 N      39  --  C4 D5 D4 C5 E5 E6 F6 F5
D4  : T  78.77c W  83.24c S   1.44c ( +1.8 L  +0.9) LCB   62.41c P  2.30% WF  26.7 PSV       2 N      19  --  D4 D6 F4 G4 F3 F6
C5  : T  78.01c W  82.21c S   1.43c ( +1.8 L  +0.8) LCB   64.88c P  1.11% WF  20.1 PSV       1 N      17  --  C5 D5 D6 C4 C6 D4 F7 G7
E5  : T  78.04c W  78.83c S   1.20c ( +1.7 L  +0.8) LCB   63.53c P  1.78% WF  20.1 PSV       1 N      13  --  E5 C4 D6 E3
E3  : T  79.99c W  79.46c S   0.82c ( +1.5 L  +0.6) LCB   65.46c P  0.17% WF   9.5 PSV       0 N       8  --  E3 D6 C4 C5
F4  : T  74.62c W  76.59c S   0.64c ( +1.4 L  +0.5) LCB   56.34c P  0.17% WF   5.9 PSV       0 N       7  --  F4 F5 E4 E5 D4
D3  : T  68.53c W  71.41c S   0.59c ( +1.4 L  +0.5) LCB   22.34c P  0.49% WF   5.9 PSV       0 N       4  --  D3 D6 G3
F3  : T  33.34c W  35.42c S  -2.08c ( +0.2 L  -0.6) LCB -316.66c P  0.05% WF   0.6 PSV       0 N       1  --  F3

2024-06-07 13:23:10-0400: = D5
2024-06-07 13:23:11-0400: Controller: kata-list_time_settings
2024-06-07 13:23:11-0400: = none absolute byoyomi canadian fischer fischer-capped
2024-06-07 13:23:11-0400: Controller: play black f7
2024-06-07 13:23:11-0400: = 
2024-06-07 13:23:11-0400: Controller: genmove white
2024-06-07 13:23:11-0400: MoveNum: 3 HASH: D36955538A67509095338DE2094D60FC
   A B C D E F G H J
 9 . . . . . . . . .
 8 . . . . . . . . .
 7 . . . . . X3. . .
 6 . . . . . . . . .
 5 . . . O2. . X1. .
 4 . . . . . . . . .
 3 . . . . @ . . . .
 2 . . . . . . . . .
 1 . . . . . . . . .

koPOSITIONALscoreAREAtaxNONEsui1komi7.5
Time taken: 0.516
Root visits: 402
New playouts: 402
NN rows: 392
NN batches: 36
NN avg batch size: 10.8889
PV: E3 B5 E7 E6 D6 D7 E8 E5 C7
Tree:
: T  90.51c W  89.00c S   2.17c ( +2.1 L  +1.4) N     402  --  E3 B5 E7 E6 D6 D7 E8
---White(^)---
E3  : T  94.90c W  91.68c S   2.90c ( +2.5 L  +1.7) LCB   92.31c P 19.14% WF 167.9 PSV     402 N      90  --  E3 B5 E7 E6 D6 D7 E8 E5
D3  : T  93.64c W  92.22c S   2.31c ( +2.2 L  +1.5) LCB   90.37c P 27.66% WF 201.9 PSV     198 N     107  --  D3 E3 E2 F2 E4 F3 D7 D8
F4  : T  89.89c W  88.07c S   2.22c ( +2.2 L  +1.3) LCB   85.15c P 27.36% WF 108.1 PSV      66 N      66  --  F4 G4 G3 F3 E3 F2 F5 F6
D7  : T  82.95c W  83.06c S   1.30c ( +1.8 L  +1.1) LCB   76.19c P 20.11% WF  52.0 PSV      21 N      34  --  D7 C3 D3 D2 E3 C4
E7  : T  82.33c W  82.97c S   1.73c ( +2.0 L  +1.1) LCB   67.54c P  2.24% WF  22.7 PSV       2 N      15  --  E7 E6 D6 D7 E8 C7 F8 E5
F6  : T  79.89c W  82.81c S   1.33c ( +1.8 L  +1.0) LCB   60.24c P  2.10% WF  19.5 PSV       1 N      14  --  F6 E6 E5 F5 D6 E7
C3  : T  87.25c W  86.36c S   0.81c ( +1.6 L  +0.9) LCB   79.81c P  0.28% WF  26.8 PSV       0 N      21  --  C3 C7 D7 D8 C6
C4  : T  82.62c W  84.11c S   0.89c ( +1.6 L  +0.8) LCB   62.82c P  0.14% WF  14.4 PSV       0 N      14  --  C4 E4 E7 E5 D6 E8
E4  : T  77.26c W  77.45c S   0.44c ( +1.4 L  +0.5) LCB  -72.63c P  0.49% WF   3.2 PSV       0 N       2  --  E4 F3
F5  : T  71.72c W  70.82c S   0.90c ( +1.6 L  +0.4) LCB -278.28c P  0.07% WF   0.9 PSV       0 N       1  --  F5

2024-06-07 13:23:11-0400: = E3
2024-06-07 13:23:25-0400: Controller: kata-list_time_settings
2024-06-07 13:23:25-0400: = none absolute byoyomi canadian fischer fischer-capped
2024-06-07 13:23:25-0400: Controller: play black c6
2024-06-07 13:23:25-0400: = 
2024-06-07 13:23:25-0400: Controller: genmove white
2024-06-07 13:23:25-0400: MoveNum: 5 HASH: 9A4FB0CB88C9013AD41B9776C9721DC7
   A B C D E F G H J
 9 . . . . . . . . .
 8 . . . . . . . . .
 7 . . . . . X1. . .
 6 . . X3. . @ . . .
 5 . . . O . . X . .
 4 . . . . . . . . .
 3 . . . . O2. . . .
 2 . . . . . . . . .
 1 . . . . . . . . .

koPOSITIONALscoreAREAtaxNONEsui1komi7.5
Time taken: 0.515
Root visits: 2348
New playouts: 1028
NN rows: 398
NN batches: 37
NN avg batch size: 10.7568
PV: F6 G6 E7 C5 F8 G7 D4 C4 G3 H3 H2 G4 F3 G8 C3 B3 C2 B2
Tree:
: T  91.42c W  89.27c S   1.86c ( +2.3 L  +1.7) N    2348  --  F6 G6 E7 C5 F8 G7 D4
---White(^)---
F6  : T  92.69c W  90.10c S   2.20c ( +2.4 L  +1.8) LCB   90.85c P 22.65% WF 1468.5 PSV    1781 N    1081  --  F6 G6 E7 C5 F8 G7 D4 C4
E7  : T  91.57c W  89.37c S   1.76c ( +2.2 L  +1.7) LCB   89.65c P 34.81% WF 1346.5 PSV     852 N    1014  --  E7 C5 F6 G6 F8 G7 D4 C4
D6  : T  87.13c W  86.36c S   0.97c ( +1.9 L  +1.2) LCB   83.31c P 23.08% WF 295.1 PSV     164 N     223  --  D6 C5 C7 B7 E7 C8 F6 G6
C5  : T  63.17c W  71.53c S  -1.32c ( +0.9 L  +0.3) LCB   45.78c P 18.80% WF  24.3 PSV      27 N      24  --  C5 D6 G4 H4 H5 F4 G3
F5  : T  77.66c W  77.10c S  -0.20c ( +1.4 L  +0.7) LCB   33.67c P  0.19% WF   5.7 PSV       0 N       4  --  F5 C5
G4  : T  67.33c W  68.06c S  -0.74c ( +1.1 L  +0.5) LCB -282.67c P  0.25% WF   1.2 PSV       0 N       1  --  G4

2024-06-07 13:23:25-0400: = F6
2024-06-07 13:23:34-0400: Controller: kata-list_time_settings
2024-06-07 13:23:34-0400: = none absolute byoyomi canadian fischer fischer-capped
2024-06-07 13:23:34-0400: Controller: play black g6
2024-06-07 13:23:34-0400: = 
2024-06-07 13:23:34-0400: Controller: genmove white
2024-06-07 13:23:34-0400: MoveNum: 7 HASH: 4FDB7F36B3FECA2CAA543F6ADDBA1B0D
   A B C D E F G H J
 9 . . . . . . . . .
 8 . . . . . . . . .
 7 . . . . @ X . . .
 6 . . X1. . O2X3. .
 5 . . . O . . X . .
 4 . . . . . . . . .
 3 . . . . O . . . .
 2 . . . . . . . . .
 1 . . . . . . . . .

koPOSITIONALscoreAREAtaxNONEsui1komi7.5
Time taken: 0.547
Root visits: 14869
New playouts: 1309
NN rows: 375
NN batches: 37
NN avg batch size: 10.1351
PV: E7 C5 D4 E8 D7 C3 F8 G7 G8 C7 D8 G3 G2 H2 F3 H4
Tree:
: T  92.38c W  90.73c S   1.76c ( +2.4 L  +2.0) N   14869  --  E7 C5 D4 E8 D7 C3 F8
---White(^)---
E7  : T  92.58c W  90.89c S   1.79c ( +2.4 L  +2.0) LCB   91.99c P 73.50% WF 18877.5 PSV   18831 N   14483  --  E7 C5 D4 E8 D7 C3 F8 G7
D6  : T  83.48c W  83.52c S   0.31c ( +1.8 L  +1.2) LCB   78.97c P 25.11% WF 392.3 PSV     432 N     381  --  D6 C5 E7 F8 C4 B4 C7 C3
C5  : T   5.73c W  22.23c S  -3.80c ( -0.1 L  -0.3) LCB  -51.77c P  1.26% WF   1.9 PSV       2 N       4  --  C5 D6 B6 B7

2024-06-07 13:23:34-0400: = E7
2024-06-07 13:23:35-0400: Controller: kata-list_time_settings
2024-06-07 13:23:35-0400: = none absolute byoyomi canadian fischer fischer-capped
2024-06-07 13:23:35-0400: Controller: play black c5
2024-06-07 13:23:36-0400: = 
2024-06-07 13:23:36-0400: Controller: genmove white
2024-06-07 13:23:36-0400: MoveNum: 9 HASH: B2F181A9F3D5FCA2B42F3B2BCB44DA76
   A B C D E F G H J
 9 . . . . . . . . .
 8 . . . . . . . . .
 7 . . . . O2X . . .
 6 . . X . . O X1. .
 5 . . X3O . . X . .
 4 . . . @ . . . . .
 3 . . . . O . . . .
 2 . . . . . . . . .
 1 . . . . . . . . .

koPOSITIONALscoreAREAtaxNONEsui1komi7.5
Time taken: 0.532
Root visits: 17239
New playouts: 678
NN rows: 375
NN batches: 37
NN avg batch size: 10.1351
PV: D4 E8 D7 C3 C4 B4 D8 C7 F8 G7 G3 G8 C8 B8 E9 H3 H4 G4 H2 F3
Tree:
: T  92.92c W  91.13c S   1.83c ( +2.4 L  +2.0) N   17239  --  D4 E8 D7 C3 C4 B4 D8
---White(^)---
D4  : T  93.43c W  91.56c S   1.85c ( +2.4 L  +2.0) LCB   92.71c P 23.23% WF 11526.0 PSV   24380 N    8568  --  D4 E8 D7 C3 C4 B4 D8 C7
F8  : T  92.87c W  91.11c S   1.87c ( +2.4 L  +2.0) LCB   92.11c P 51.84% WF 10388.4 PSV   10216 N    8047  --  F8 G7 D4 E8 D7 C3 C4 B4
C4  : T  87.48c W  86.18c S   1.03c ( +2.0 L  +1.5) LCB   83.19c P  9.77% WF 488.5 PSV     283 N     448  --  C4 B4 C3 F8 B3 G3 E8 C8
D6  : T  84.18c W  84.13c S   0.17c ( +1.7 L  +1.2) LCB   71.52c P  2.84% WF  51.3 PSV      54 N      49  --  D6 F8 C4 B4 C3 C8 G3 B3
C3  : T  50.77c W  53.70c S  -1.62c ( +0.9 L  +0.3) LCB   16.54c P  6.91% WF  22.1 PSV      29 N      37  --  C3 F8 C4 G3 C8 D7 D6 C7
G7  : T  79.79c W  78.78c S   0.89c ( +2.0 L  +1.3) LCB   68.41c P  1.77% WF  43.1 PSV      23 N      47  --  G7 F8 F5 H7 E8 G8 C3 B3
C7  : T  77.20c W  77.07c S  -0.29c ( +1.5 L  +0.8) LCB   64.21c P  2.05% WF  32.9 PSV      22 N      35  --  C7 D4 F8 G7 D3 D7 D6 D8
G3  : T   3.21c W  12.59c S  -4.25c ( -0.4 L  -0.5) LCB  -47.50c P  1.23% WF   2.3 PSV       2 N       5  --  G3 F8 D4 C4
D3  : T  47.99c W  50.00c S  -2.01c ( +0.6 L  +0.3) LCB -302.01c P  0.19% WF   0.8 PSV       0 N       1  --  D3
F5  : T  58.04c W  59.43c S  -1.39c ( +0.9 L  +0.4) LCB -291.96c P  0.07% WF   1.0 PSV       0 N       1  --  F5

2024-06-07 13:23:36-0400: = D4
2024-06-07 13:23:37-0400: Controller: kata-list_time_settings
2024-06-07 13:23:37-0400: = none absolute byoyomi canadian fischer fischer-capped
2024-06-07 13:23:37-0400: Controller: play black b3
2024-06-07 13:23:37-0400: = 
2024-06-07 13:23:37-0400: Controller: genmove white
2024-06-07 13:23:38-0400: MoveNum: 11 HASH: D77B37CDB2376BD65595E1B10F0C4FBF
   A B C D E F G H J
 9 . . . . . . . . .
 8 . . . . . @ . . .
 7 . . . . O X . . .
 6 . . X . . O X . .
 5 . . X1O . . X . .
 4 . . . O2. . . . .
 3 . X3. . O . . . .
 2 . . . . . . . . .
 1 . . . . . . . . .

koPOSITIONALscoreAREAtaxNONEsui1komi7.5
Time taken: 0.531
Root visits: 4413
New playouts: 840
NN rows: 368
NN batches: 35
NN avg batch size: 10.5143
PV: F8 G7 C7 B7 G3 H3 D6 G2 B8 C8 D8 D7 G4 H4 C7 C9 D7 B6 A8 D2 C3
Tree:
: T  94.37c W  92.02c S   2.09c ( +2.6 L  +2.3) N    4413  --  F8 G7 C7 B7 G3 H3 D6
---White(^)---
F8  : T  94.83c W  92.47c S   2.13c ( +2.6 L  +2.3) LCB   93.80c P 70.33% WF 5547.8 PSV    5524 N    4080  --  F8 G7 C7 B7 G3 H3 D6 G2
C7  : T  89.68c W  87.33c S   1.74c ( +2.5 L  +2.0) LCB   85.30c P 16.40% WF 324.7 PSV     195 N     298  --  C7 F8 C4 B4 B7 D2 E2 G3
C3  : T  73.83c W  73.52c S  -0.67c ( +1.4 L  +1.0) LCB   51.72c P  2.54% WF   7.1 PSV       8 N       8  --  C3 C2 F8 G7 G3 H3 C7 D6
G7  : T  21.66c W  27.54c S  -2.69c ( +0.3 L  -0.1) LCB   -0.06c P  6.93% WF   4.2 PSV       6 N      10  --  G7 F8 H7 E8 D7 H8 C7 D2
G3  : T  21.25c W  21.73c S  -3.54c ( -0.1 L  -0.2) LCB  -25.18c P  3.03% WF   6.1 PSV       2 N      13  --  G3 F8 E8 H3 H4 G4 H2 F3
C4  : T  47.41c W  49.14c S  -1.73c ( +0.9 L  +0.1) LCB -302.59c P  0.30% WF   0.6 PSV       0 N       1  --  C4
D6  : T   8.90c W  12.67c S  -3.77c ( -0.0 L  -0.2) LCB -341.10c P  0.24% WF   0.5 PSV       0 N       1  --  D6
H4  : T -40.73c W -34.39c S  -6.34c ( -1.4 L  -1.5) LCB -390.73c P  0.08% WF   0.4 PSV       0 N       1  --  H4

2024-06-07 13:23:38-0400: = F8
2024-06-07 13:23:43-0400: Controller: kata-list_time_settings
2024-06-07 13:23:43-0400: = none absolute byoyomi canadian fischer fischer-capped
2024-06-07 13:23:43-0400: Controller: play black g7
2024-06-07 13:23:44-0400: = 
2024-06-07 13:23:44-0400: Controller: genmove white
2024-06-07 13:23:44-0400: MoveNum: 13 HASH: 5B4A275AB33ABE31D75311F15E8061B4
   A B C D E F G H J
 9 . . . . . . . . .
 8 . . . . . O2. . .
 7 . . @ . O X X3. .
 6 . . X . . O X . .
 5 . . X O . . X . .
 4 . . . O . . . . .
 3 . X1. . O . . . .
 2 . . . . . . . . .
 1 . . . . . . . . .

koPOSITIONALscoreAREAtaxNONEsui1komi7.5
Time taken: 0.516
Root visits: 6407
New playouts: 635
NN rows: 376
NN batches: 35
NN avg batch size: 10.7429
PV: C7 B7 G3 H3 D6 G2 B8 C8 D8 D7 G4 H4 C7 C9 D7 B6 A8 D2 C3 C2 B4 C4
Tree:
: T  95.58c W  93.31c S   2.15c ( +2.7 L  +2.5) N    6407  --  C7 B7 G3 H3 D6 G2 B8
---White(^)---
C7  : T  96.51c W  93.87c S   2.50c ( +2.9 L  +2.7) LCB   95.50c P 21.08% WF 6837.6 PSV   10295 N    4612  --  C7 B7 G3 H3 D6 G2 B8 C8
G3  : T  93.35c W  92.17c S   1.15c ( +2.3 L  +2.0) LCB   92.03c P 66.34% WF 2210.1 PSV    1822 N    1713  --  G3 H3 C7 B7 D6 G2 B8 C8
C3  : T  82.26c W  81.94c S  -0.21c ( +1.8 L  +1.2) LCB   72.98c P  6.26% WF  38.0 PSV      40 N      41  --  C3 C2 G3 H3 C7 B7 D6 G2
H3  : T  57.50c W  58.47c S  -2.48c ( +0.7 L  +0.4) LCB   23.15c P  2.57% WF   4.5 PSV       6 N       7  --  H3 G3 G2 F3 F2 D2
D6  : T  51.58c W  55.59c S  -3.20c ( +0.6 L  +0.3) LCB   21.73c P  2.41% WF   5.6 PSV       5 N      11  --  D6 G3 C7 B7 B8 C8 D8 D7
D8  : T  60.69c W  60.60c S  -2.62c ( +0.7 L  +0.5) LCB   40.01c P  0.43% WF  13.8 PSV       1 N      21  --  D8 G3 G2 H2 F3 F2 G4 H3
C4  : T  55.61c W  56.72c S  -1.11c ( +1.4 L  +0.5) LCB -294.39c P  0.66% WF   0.7 PSV       1 N       1  --  C4

2024-06-07 13:23:44-0400: = C7
2024-06-07 13:23:45-0400: Controller: kata-list_time_settings
2024-06-07 13:23:45-0400: = none absolute byoyomi canadian fischer fischer-capped
2024-06-07 13:23:45-0400: Controller: play black b7
2024-06-07 13:23:45-0400: = 
2024-06-07 13:23:45-0400: Controller: genmove white
2024-06-07 13:23:46-0400: MoveNum: 15 HASH: 8A8337A3471E42039A920108A5D9168B
   A B C D E F G H J
 9 . . . . . . . . .
 8 . . . . . O . . .
 7 . X3O2. O X X1. .
 6 . . X . . O X . .
 5 . . X O . . X . .
 4 . . . O . . . . .
 3 . X . . O . @ . .
 2 . . . . . . . . .
 1 . . . . . . . . .

koPOSITIONALscoreAREAtaxNONEsui1komi7.5
Time taken: 0.546
Root visits: 5012
New playouts: 520
NN rows: 409
NN batches: 37
NN avg batch size: 11.0541
PV: G3 H3 D6 D8 E8 G2 B8 B6 G4 H4 A8 D2 F2 H2 C3
Tree:
: T  97.13c W  94.73c S   2.24c ( +2.9 L  +2.7) N    5012  --  G3 H3 D6 D8 E8 G2 B8
---White(^)---
G3  : T  97.40c W  94.98c S   2.28c ( +2.9 L  +2.7) LCB   96.47c P 72.93% WF 7858.9 PSV    7844 N    4916  --  G3 H3 D6 D8 E8 G2 B8 B6
D6  : T  59.98c W  62.03c S  -3.61c ( +0.6 L  +0.4) LCB   40.92c P 14.47% WF  32.2 PSV      32 N      59  --  D6 G3 B8 C8 D8 D7 C4 B4
H3  : T  45.36c W  50.01c S  -2.98c ( +0.6 L  +0.3) LCB    8.17c P  4.46% WF   6.1 PSV       7 N      12  --  H3 G3 G2 F3 F2 H4 F4
C3  : T  44.55c W  48.11c S  -3.16c ( +0.6 L  +0.2) LCB   -2.34c P  3.44% WF   6.2 PSV       5 N      13  --  C3 G3 B4 B5 B2 D7
D8  : T  47.40c W  46.69c S  -4.17c ( +0.1 L  +0.0) LCB   -4.02c P  2.14% WF   2.3 PSV       3 N       4  --  D8 G3 B8
C4  : T  70.64c W  77.57c S  -0.34c ( +1.8 L  +0.7) LCB  -91.47c P  0.87% WF   1.6 PSV       2 N       2  --  C4 B4
B8  : T  38.23c W  40.66c S  -2.43c ( +0.8 L  -0.1) LCB -311.77c P  0.49% WF   0.5 PSV       0 N       1  --  B8
G2  : T  11.77c W  15.82c S  -4.05c ( +0.1 L  -0.3) LCB -338.23c P  0.41% WF   0.4 PSV       0 N       1  --  G2
D7  : T -18.84c W -12.80c S  -6.04c ( -0.8 L  -0.7) LCB -368.84c P  0.34% WF   0.4 PSV       0 N       1  --  D7
B4  : T  19.08c W  22.04c S  -2.96c ( +0.6 L  -0.3) LCB -330.92c P  0.25% WF   0.4 PSV       0 N       1  --  B4

2024-06-07 13:23:46-0400: = G3
2024-06-07 13:23:47-0400: Controller: kata-list_time_settings
2024-06-07 13:23:47-0400: = none absolute byoyomi canadian fischer fischer-capped
2024-06-07 13:23:47-0400: Controller: play black h3
2024-06-07 13:23:47-0400: = 
2024-06-07 13:23:47-0400: Controller: genmove white
2024-06-07 13:23:48-0400: MoveNum: 17 HASH: E7A5E70FBADED6CB0563D3A5090D75DA
   A B C D E F G H J
 9 . . . . . . . . .
 8 . . . . . O . . .
 7 . X1O . O X X . .
 6 . . X @ . O X . .
 5 . . X O . . X . .
 4 . . . O . . . . .
 3 . X . . O . O2X3.
 2 . . . . . . . . .
 1 . . . . . . . . .

koPOSITIONALscoreAREAtaxNONEsui1komi7.5
Time taken: 0.5
Root visits: 3973
New playouts: 1370
NN rows: 366
NN batches: 35
NN avg batch size: 10.4571
PV: D6 G4 B8 C8 D8 D7 C4 C7 B4 D9 E8 B5 G2 A4 H2 G8 B2 C3 C2 D3 D2 A3 F4 H4 A2
Tree:
: T  96.59c W  95.09c S   1.63c ( +2.4 L  +2.3) N    3973  --  D6 G4 B8 C8 D8 D7 C4
---White(^)---
D6  : T  97.23c W  95.62c S   1.77c ( +2.4 L  +2.4) LCB   96.07c P 34.17% WF 6282.8 PSV    6242 N    3563  --  D6 G4 B8 C8 D8 D7 C4 C7
H2  : T  88.73c W  89.07c S  -0.43c ( +1.6 L  +1.4) LCB   83.21c P 37.90% WF 290.9 PSV     319 N     271  --  H2 G4 F2 D6 E6 G8 D7 B8
D8  : T  89.67c W  89.45c S  -0.07c ( +1.7 L  +1.2) LCB   85.44c P  5.50% WF  55.4 PSV      54 N      50  --  D8 D6 E6 G2 B8 D7 C8 C2
H4  : T  67.07c W  66.78c S  -0.31c ( +1.6 L  +0.9) LCB   49.80c P 14.19% WF  29.2 PSV      36 N      56  --  H4 D6 E6 G4 H2 F3 G2 E5
C3  : T  82.74c W  82.48c S  -0.39c ( +1.6 L  +1.1) LCB   71.98c P  4.17% WF  21.4 PSV      21 N      24  --  C3 C2 D6 G2 B8 C8
D7  : T  50.41c W  53.43c S  -2.26c ( +0.7 L  +0.4) LCB    9.59c P  2.77% WF   3.3 PSV       4 N       6  --  D7 B8 H4
C4  : T  71.78c W  71.69c S   0.09c ( +1.8 L  +0.8) LCB -278.22c P  0.40% WF   0.8 PSV       1 N       1  --  C4
B8  : T  -0.02c W   1.75c S  -1.77c ( +0.9 L  -0.9) LCB -350.02c P  0.58% WF   0.3 PSV       0 N       1  --  B8

2024-06-07 13:23:48-0400: = D6
2024-06-07 13:23:52-0400: Controller: quit
2024-06-07 13:23:52-0400: Quit requested by controller
2024-06-07 13:23:52-0400: = 
2024-06-07 13:23:53-0400: GPU -1 finishing, processed 33004 rows 2864 batches
2024-06-07 13:23:53-0400: All cleaned up, quitting
