2024-05-23 15:30:07+0800: Running with following config:
allowResignation = true
lagBuffer = 1.0
logAllGTPCommunication = true
logDir = gtp_logs
logSearchInfo = true
logSearchInfoForChosenMove = false
logToStderr = false
maxTimePondering = 120.0
maxVisits = 30000
numSearchThreads = 16
ogsChatToStderr = true
ponderingEnabled = true
resignConsecTurns = 3
resignThreshold = -0.90
rules = tromp-taylor
searchFactorAfterOnePass = 0.50
searchFactorAfterTwoPass = 0.25
searchFactorWhenWinning = 0.40
searchFactorWhenWinningThreshold = 0.95

2024-05-23 15:30:07+0800: GTP Engine starting...
2024-05-23 15:30:07+0800: KataGo v1.14.1
2024-05-23 15:30:07+0800: Using TrompTaylor rules initially, unless GTP/GUI overrides this
2024-05-23 15:30:07+0800: Using 16 CPU thread(s) for search
2024-05-23 15:30:07+0800: nnRandSeed0 = 8131973502339902854
2024-05-23 15:30:07+0800: After dedups: nnModelFile0 = C:\Users\chang\Downloads\KaTrain\KaTrain\katrain\models/kata1-b18c384nbt-s6582191360-d3422816034.bin.gz useFP16 auto useNHWC auto
2024-05-23 15:30:07+0800: Initializing neural net buffer to be size 19 * 19 exactly
2024-05-23 15:30:08+0800: Found OpenCL Platform 0: NVIDIA CUDA (NVIDIA Corporation) (OpenCL 3.0 CUDA 12.4.89)
2024-05-23 15:30:08+0800: Found 1 device(s) on platform 0 with type CPU or GPU or Accelerator
2024-05-23 15:30:08+0800: Found OpenCL Platform 1: Intel(R) OpenCL Graphics (Intel(R) Corporation) (OpenCL 3.0 )
2024-05-23 15:30:08+0800: Found 1 device(s) on platform 1 with type CPU or GPU or Accelerator
2024-05-23 15:30:08+0800: Found OpenCL Device 0: NVIDIA GeForce RTX 4060 Laptop GPU (NVIDIA Corporation) (score 11000300)
2024-05-23 15:30:08+0800: Found OpenCL Device 1: Intel(R) UHD Graphics (Intel(R) Corporation) (score 6000300)
2024-05-23 15:30:08+0800: Creating context for OpenCL Platform: NVIDIA CUDA (NVIDIA Corporation) (OpenCL 3.0 CUDA 12.4.89)
2024-05-23 15:30:08+0800: Using OpenCL Device 0: NVIDIA GeForce RTX 4060 Laptop GPU (NVIDIA Corporation) OpenCL 3.0 CUDA (Extensions: cl_khr_global_int32_base_atomics cl_khr_global_int32_extended_atomics cl_khr_local_int32_base_atomics cl_khr_local_int32_extended_atomics cl_khr_fp64 cl_khr_3d_image_writes cl_khr_byte_addressable_store cl_khr_icd cl_khr_gl_sharing cl_nv_compiler_options cl_nv_device_attribute_query cl_nv_pragma_unroll cl_nv_d3d10_sharing cl_khr_d3d10_sharing cl_nv_d3d11_sharing cl_nv_copy_opts cl_nv_create_buffer cl_khr_int64_base_atomics cl_khr_int64_extended_atomics cl_khr_device_uuid cl_khr_pci_bus_info cl_khr_external_semaphore cl_khr_external_memory cl_khr_external_semaphore_win32 cl_khr_external_memory_win32)
2024-05-23 15:30:08+0800: Loaded tuning parameters from: C:\Users\chang\Downloads\katago-v1.14.1-opencl-windows-x64/KataGoData/opencltuning/tune11_gpuNVIDIAGeForceRTX4060LaptopGPU_x19_y19_c384_mv14.txt
2024-05-23 15:30:09+0800: OpenCL backend thread 0: Model version 14
2024-05-23 15:30:09+0800: OpenCL backend thread 0: Model name: kata1-b18c384nbt-s6582191360-d3422816034
2024-05-23 15:30:10+0800: OpenCL backend thread 0: FP16Storage true FP16Compute false FP16TensorCores true FP16TensorCoresFor1x1 false
2024-05-23 15:30:10+0800: Loaded neural net with nnXLen 19 nnYLen 19
2024-05-23 15:30:10+0800: Initializing board with boardXSize 19 boardYSize 19
2024-05-23 15:30:10+0800: Loaded config C:/Users/chang/Downloads/katago-v1.14.1-opencl-windows-x64/default_gtp.cfg
2024-05-23 15:30:10+0800: Loaded model C:\Users\chang\Downloads\KaTrain\KaTrain\katrain\models/kata1-b18c384nbt-s6582191360-d3422816034.bin.gz
2024-05-23 15:30:10+0800: Model name: kata1-b18c384nbt-s6582191360-d3422816034
2024-05-23 15:30:10+0800: GTP ready, beginning main protocol loop
2024-05-23 15:30:10+0800: Controller: list_commands
2024-05-23 15:30:10+0800: = protocol_version
name
version
known_command
list_commands
quit
boardsize
rectangular_boardsize
clear_board
set_position
komi
get_komi
play
undo
kata-get-rules
kata-set-rule
kata-set-rules
kata-get-param
kata-set-param
kata-list-params
kgs-rules
genmove
genmove_debug
search_debug
clear_cache
showboard
fixed_handicap
place_free_handicap
set_free_handicap
time_settings
kgs-time_settings
time_left
kata-list_time_settings
kata-time_settings
final_score
final_status_list
loadsgf
printsgf
lz-genmove_analyze
kata-genmove_analyze
lz-analyze
kata-analyze
kata-raw-nn
cputime
gomill-cpu_time
kata-benchmark
kata-debug-print-tc
debug_moves
stop
2024-05-23 15:30:10+0800: Controller: boardsize 9
2024-05-23 15:30:10+0800: GPU -1 finishing, processed 0 rows 0 batches
2024-05-23 15:30:10+0800: Cleaned up old neural net and bot
2024-05-23 15:30:10+0800: nnRandSeed0 = 15528832323568921530
2024-05-23 15:30:10+0800: After dedups: nnModelFile0 = C:\Users\chang\Downloads\KaTrain\KaTrain\katrain\models/kata1-b18c384nbt-s6582191360-d3422816034.bin.gz useFP16 auto useNHWC auto
2024-05-23 15:30:10+0800: Initializing neural net buffer to be size 9 * 9 exactly
2024-05-23 15:30:11+0800: Found OpenCL Platform 0: NVIDIA CUDA (NVIDIA Corporation) (OpenCL 3.0 CUDA 12.4.89)
2024-05-23 15:30:11+0800: Found 1 device(s) on platform 0 with type CPU or GPU or Accelerator
2024-05-23 15:30:11+0800: Found OpenCL Platform 1: Intel(R) OpenCL Graphics (Intel(R) Corporation) (OpenCL 3.0 )
2024-05-23 15:30:11+0800: Found 1 device(s) on platform 1 with type CPU or GPU or Accelerator
2024-05-23 15:30:11+0800: Found OpenCL Device 0: NVIDIA GeForce RTX 4060 Laptop GPU (NVIDIA Corporation) (score 11000300)
2024-05-23 15:30:11+0800: Found OpenCL Device 1: Intel(R) UHD Graphics (Intel(R) Corporation) (score 6000300)
2024-05-23 15:30:11+0800: Creating context for OpenCL Platform: NVIDIA CUDA (NVIDIA Corporation) (OpenCL 3.0 CUDA 12.4.89)
2024-05-23 15:30:11+0800: Using OpenCL Device 0: NVIDIA GeForce RTX 4060 Laptop GPU (NVIDIA Corporation) OpenCL 3.0 CUDA (Extensions: cl_khr_global_int32_base_atomics cl_khr_global_int32_extended_atomics cl_khr_local_int32_base_atomics cl_khr_local_int32_extended_atomics cl_khr_fp64 cl_khr_3d_image_writes cl_khr_byte_addressable_store cl_khr_icd cl_khr_gl_sharing cl_nv_compiler_options cl_nv_device_attribute_query cl_nv_pragma_unroll cl_nv_d3d10_sharing cl_khr_d3d10_sharing cl_nv_d3d11_sharing cl_nv_copy_opts cl_nv_create_buffer cl_khr_int64_base_atomics cl_khr_int64_extended_atomics cl_khr_device_uuid cl_khr_pci_bus_info cl_khr_external_semaphore cl_khr_external_memory cl_khr_external_semaphore_win32 cl_khr_external_memory_win32)
2024-05-23 15:30:11+0800: Loaded tuning parameters from: C:\Users\chang\Downloads\katago-v1.14.1-opencl-windows-x64/KataGoData/opencltuning/tune11_gpuNVIDIAGeForceRTX4060LaptopGPU_x19_y19_c384_mv14.txt
2024-05-23 15:30:11+0800: OpenCL backend thread 0: Model version 14
2024-05-23 15:30:11+0800: OpenCL backend thread 0: Model name: kata1-b18c384nbt-s6582191360-d3422816034
2024-05-23 15:30:12+0800: OpenCL backend thread 0: FP16Storage true FP16Compute false FP16TensorCores true FP16TensorCoresFor1x1 false
2024-05-23 15:30:12+0800: Loaded neural net with nnXLen 9 nnYLen 9
2024-05-23 15:30:12+0800: Initializing board with boardXSize 9 boardYSize 9
2024-05-23 15:30:12+0800: = 
2024-05-23 15:30:12+0800: Controller: clear_board
2024-05-23 15:30:12+0800: = 
2024-05-23 15:30:12+0800: Controller: komi 7.5
2024-05-23 15:30:12+0800: = 
2024-05-23 15:30:12+0800: Controller: play black e5
2024-05-23 15:30:12+0800: = 
2024-05-23 15:30:12+0800: Controller: genmove white
2024-05-23 15:30:31+0800: MoveNum: 1 HASH: 38E71B648B5DE3A43B414F57C285AD76
   A B C D E F G H J
 9 . . . . . . . . .
 8 . . . . . . . . .
 7 . . . . . . . . .
 6 . . . . . . . . .
 5 . . . . X1. . . .
 4 . . @ . . . . . .
 3 . . . . . . . . .
 2 . . . . . . . . .
 1 . . . . . . . . .

koPOSITIONALscoreAREAtaxNONEsui1komi7.5
Time taken: 19
Root visits: 30015
New playouts: 30015
NN rows: 23695
NN batches: 2021
NN avg batch size: 11.7244
PV: C4 C6 D3 G6 F4 G4 C7 C5 E7 F5 B7 E3 D4 D6 E4 F3 G3 G2 H3 D2 C2 H2 F8
Tree:
: T  77.89c W  77.93c S   0.97c ( +2.2 L  +1.5) N   30015  --  C4 C6 D3 G6 F4 G4 C7
---White(^)---
C4  : T  78.05c W  78.14c S   0.97c ( +2.2 L  +1.6) LCB   77.35c P  7.83% WF 25490.3 PSV   25439 N   25557  --  C4 C6 D3 G6 F4 G4 C7 C5
C5  : T  77.61c W  77.29c S   1.03c ( +2.2 L  +1.5) LCB   76.27c P  8.66% WF 4598.4 PSV    4636 N    4383  --  C5 D7 G6 G4 F7 C4 B4 C3
C3  : T  72.12c W  71.98c S  -0.57c ( +1.5 L  +0.8) LCB   65.87c P  1.00% WF  66.0 PSV      49 N      52  --  C3 C5 F3 F7 G4 E3 E2 E4
D4  : T  36.88c W  45.59c S  -2.11c ( +0.7 L  +0.4) LCB   -3.87c P  0.01% WF   4.4 PSV       0 N       5  --  D4 E4 D3 D5
B5  : T  19.17c W  16.01c S  -3.83c ( -0.1 L  -0.0) LCB  -62.76c P  0.01% WF   2.4 PSV       0 N       3  --  B5 C6
B4  : T  -2.07c W  -4.95c S  -4.91c ( -0.6 L  -0.5) LCB -101.27c P  0.00% WF   2.0 PSV       0 N       3  --  B4 E3
D5  : T -23.06c W -10.23c S  -4.59c ( -0.6 L  -0.8) LCB -102.40c P  0.00% WF   1.5 PSV       0 N       3  --  D5 D4 C4
pss : T -120.76c W -99.85c S -20.91c ( -9.2 L  -8.3) LCB -470.76c P  0.00% WF   2.9 PSV       0 N       1  --  pass
B3  : T -83.64c W -74.70c S  -8.94c ( -3.0 L  -2.0) LCB -433.64c P  0.00% WF   0.6 PSV       0 N       1  --  B3
B2  : T -108.64c W -94.99c S -13.64c ( -4.9 L  -4.3) LCB -458.64c P  0.00% WF   1.1 PSV       0 N       1  --  B2

2024-05-23 15:30:31+0800: = C4
2024-05-23 15:30:32+0800: Controller: kata-list_time_settings
2024-05-23 15:30:32+0800: = none absolute byoyomi canadian fischer fischer-capped
2024-05-23 15:30:32+0800: Controller: play black c6
2024-05-23 15:30:32+0800: = 
2024-05-23 15:30:32+0800: Controller: genmove white
2024-05-23 15:30:48+0800: MoveNum: 3 HASH: 81DB13F79AF2455BABF4B2E71D598418
   A B C D E F G H J
 9 . . . . . . . . .
 8 . . . . . . . . .
 7 . . . . . . . . .
 6 . . X3. . . . . .
 5 . . . . X1. . . .
 4 . . O2. . . . . .
 3 . . . @ . . . . .
 2 . . . . . . . . .
 1 . . . . . . . . .

koPOSITIONALscoreAREAtaxNONEsui1komi7.5
Time taken: 16.563
Root visits: 30015
New playouts: 24387
NN rows: 18921
NN batches: 1360
NN avg batch size: 13.9125
PV: D3 G6 F4 G4 C7 C5 D7 F3 F2 E3 E2 E8 E7 F7 F6 G2 E4 F5 G3 E6 D8 F8 H4 B5
Tree:
: T  82.01c W  80.54c S   2.25c ( +2.5 L  +2.0) N   30015  --  D3 G6 F4 G4 C7 C5 D7
---White(^)---
D3  : T  82.09c W  80.61c S   2.26c ( +2.5 L  +2.0) LCB   81.35c P 91.13% WF 29739.7 PSV   29720 N   29858  --  D3 G6 F4 G4 C7 C5 D7 F3
E3  : T  67.74c W  68.97c S   0.62c ( +1.7 L  +1.1) LCB   56.96c P  6.18% WF 113.8 PSV     129 N     131  --  E3 G5 G3 D3 D4 E4 E2 D5
G6  : T  53.09c W  58.96c S  -0.79c ( +1.0 L  +0.5) LCB   32.96c P  0.95% WF  10.2 PSV      10 N       9  --  G6 D3 F7 G4 C3
D7  : T  68.18c W  67.43c S  -0.08c ( +1.4 L  +0.8) LCB   41.56c P  0.39% WF   7.2 PSV       8 N       6  --  D7 C7 D3 G6 F4 G4 E8 C8
F7  : T  59.38c W  61.09c S  -0.63c ( +1.1 L  +0.5) LCB   -0.32c P  0.35% WF   5.3 PSV       4 N       4  --  F7 D3 G6 G4 C3
E7  : T  35.55c W  37.16c S  -1.61c ( +0.5 L  +0.0) LCB -314.45c P  0.29% WF   1.2 PSV       1 N       1  --  E7
G5  : T  52.50c W  53.78c S  -1.27c ( +0.7 L  +0.1) LCB -297.50c P  0.16% WF   1.3 PSV       1 N       1  --  G5
B6  : T  60.27c W  60.33c S  -0.06c ( +1.4 L  +0.6) LCB -289.73c P  0.12% WF   1.6 PSV       1 N       1  --  B6
F3  : T  58.12c W  59.34c S  -1.22c ( +0.7 L  +0.3) LCB -291.88c P  0.10% WF   1.2 PSV       1 N       1  --  F3
G7  : T  28.16c W  30.42c S  -2.26c ( +0.2 L  +0.2) LCB -321.84c P  0.13% WF   1.0 PSV       0 N       1  --  G7

2024-05-23 15:30:48+0800: = D3
2024-05-23 15:30:49+0800: Controller: kata-list_time_settings
2024-05-23 15:30:49+0800: = none absolute byoyomi canadian fischer fischer-capped
2024-05-23 15:30:49+0800: Controller: play black e3
2024-05-23 15:30:49+0800: = 
2024-05-23 15:30:49+0800: Controller: genmove white
2024-05-23 15:31:07+0800: MoveNum: 5 HASH: E5690463DA43D5B70965DE5CD35F065E
   A B C D E F G H J
 9 . . . . . . . . .
 8 . . . . . . . . .
 7 . . . . . . . . .
 6 . . X1. . . . . .
 5 . . . . X . . . .
 4 . . O . . . . . .
 3 . . . O2X3. . . .
 2 . . . . @ . . . .
 1 . . . . . . . . .

koPOSITIONALscoreAREAtaxNONEsui1komi7.5
Time taken: 18.766
Root visits: 30015
New playouts: 28965
NN rows: 23462
NN batches: 2012
NN avg batch size: 11.661
PV: E2 G5 G6 F2 H5 D2 E4 F3 C2 E1 B5 B6 B3 F4 F7 D4 C5 E8 F8 C3 E7 D8 D6 D5
Tree:
: T  84.75c W  83.79c S   2.09c ( +2.4 L  +1.9) N   30015  --  E2 G5 G6 F2 H5 D2 E4
---White(^)---
E2  : T  84.77c W  83.82c S   2.10c ( +2.4 L  +1.9) LCB   84.17c P 96.97% WF 30712.1 PSV   30709 N   29992  --  E2 G5 G6 F2 H5 D2 E4 F3
F7  : T  48.89c W  49.37c S  -1.08c ( +1.0 L  +0.5) LCB   21.28c P  0.96% WF   7.1 PSV       7 N       8  --  F7 E2 G6 D7 D2
E7  : T  54.26c W  51.19c S  -0.90c ( +1.1 L  +0.6) LCB   -0.35c P  0.46% WF   3.8 PSV       4 N       4  --  E7 D4
D7  : T  56.33c W  59.22c S  -0.68c ( +1.2 L  +0.8) LCB  -33.35c P  0.38% WF   3.1 PSV       3 N       3  --  D7 C5
G7  : T  17.36c W  22.43c S  -2.64c ( +0.2 L  -0.0) LCB  -63.34c P  0.69% WF   2.8 PSV       2 N       4  --  G7 E2 B6
G6  : T  40.30c W  42.14c S  -1.84c ( +0.5 L  -0.2) LCB -309.70c P  0.24% WF   1.0 PSV       1 N       1  --  G6
D6  : T  68.12c W  69.10c S  -0.98c ( +0.9 L  +0.0) LCB -281.88c P  0.09% WF   1.2 PSV       1 N       1  --  D6
B6  : T  29.77c W  31.77c S  -2.00c ( +0.4 L  +0.3) LCB -320.23c P  0.07% WF   1.0 PSV       0 N       1  --  B6

2024-05-23 15:31:08+0800: = E2
2024-05-23 15:31:08+0800: Controller: kata-list_time_settings
2024-05-23 15:31:08+0800: = none absolute byoyomi canadian fischer fischer-capped
2024-05-23 15:31:08+0800: Controller: play black f7
2024-05-23 15:31:08+0800: = 
2024-05-23 15:31:08+0800: Controller: genmove white
2024-05-23 15:31:14+0800: MoveNum: 7 HASH: 924986FFAD9AEFFD6334CF249BA6DCBF
   A B C D E F G H J
 9 . . . . . . . . .
 8 . . . . . . . . .
 7 . . @ . . X3. . .
 6 . . X . . . . . .
 5 . . . . X . . . .
 4 . . O . . . . . .
 3 . . . O X1. . . .
 2 . . . . O2. . . .
 1 . . . . . . . . .

koPOSITIONALscoreAREAtaxNONEsui1komi7.5
Time taken: 6.281
Root visits: 30015
New playouts: 8875
NN rows: 7173
NN batches: 506
NN avg batch size: 14.1759
PV: C7 B7 G7 F8 D6 D5 F3 G5 B6 C5 B5 C8 H4 H5 G4 J4 F5 F6 F4 J2 G6 G8
Tree:
: T  86.39c W  85.22c S   1.83c ( +2.4 L  +2.0) N   30015  --  C7 B7 G7 F8 D6 D5 F3
---White(^)---
C7  : T  88.11c W  86.62c S   2.07c ( +2.5 L  +2.1) LCB   87.46c P  0.52% WF 26967.4 PSV   26006 N   23102  --  C7 B7 G7 F8 D6 D5 F3 G5
G7  : T  78.95c W  79.27c S   0.61c ( +1.9 L  +1.4) LCB   77.17c P 37.91% WF 3662.5 PSV    1208 N    4698  --  G7 G6 E4 G4 F8 E7 C7 D7
D6  : T  77.92c W  78.21c S   1.25c ( +2.2 L  +1.5) LCB   74.16c P 20.08% WF 716.4 PSV     575 N     811  --  D6 E4 F2 C5 C7 D5 F8 E8
G3  : T  74.22c W  75.59c S  -0.02c ( +1.6 L  +1.1) LCB   68.91c P 20.80% WF 385.3 PSV     437 N     491  --  G3 G5 B6 B5 C5 B7 D6 C7
E4  : T  70.56c W  72.69c S  -0.57c ( +1.4 L  +0.8) LCB   63.21c P  7.68% WF 122.6 PSV     127 N     158  --  E4 G4 F4 G5 G3 H3 C7 D7
B6  : T  62.58c W  64.91c S  -0.62c ( +1.3 L  +0.9) LCB   51.11c P  6.42% WF  59.5 PSV      73 N      77  --  B6 B5 C5 B7 G5 G4 G7 F6
E7  : T  79.79c W  79.24c S   1.29c ( +2.2 L  +1.6) LCB   76.44c P  1.21% WF 543.2 PSV      42 N     596  --  E7 E6 F3 E4 G2 G5 H5 H4
F3  : T  70.74c W  72.70c S  -0.07c ( +1.6 L  +0.9) LCB   54.34c P  1.23% WF  18.8 PSV      20 N      21  --  F3 E4 G2 G5 F8 G7 B7 B6
F8  : T  61.04c W  62.09c S  -0.54c ( +1.3 L  +0.8) LCB   33.22c P  1.13% WF  12.8 PSV      12 N      15  --  F8 G7 E7 E6 D7 C7 G8
G5  : T  59.75c W  63.70c S  -0.27c ( +1.5 L  +0.9) LCB   41.38c P  1.08% WF  10.1 PSV      11 N      12  --  G5 F3 G7 G8 F8 E8 F6

2024-05-23 15:31:14+0800: = C7
2024-05-23 15:31:15+0800: Controller: kata-list_time_settings
2024-05-23 15:31:15+0800: = none absolute byoyomi canadian fischer fischer-capped
2024-05-23 15:31:15+0800: Controller: play black b7
2024-05-23 15:31:15+0800: = 
2024-05-23 15:31:15+0800: Controller: genmove white
2024-05-23 15:31:26+0800: MoveNum: 9 HASH: 4380960659BE13CF2EF5DFDD60FFAB80
   A B C D E F G H J
 9 . . . . . . . . .
 8 . . . . . . . . .
 7 . X3O2. . X1@ . .
 6 . . X . . . . . .
 5 . . . . X . . . .
 4 . . O . . . . . .
 3 . . . O X . . . .
 2 . . . . O . . . .
 1 . . . . . . . . .

koPOSITIONALscoreAREAtaxNONEsui1komi7.5
Time taken: 10.938
Root visits: 30015
New playouts: 15334
NN rows: 12047
NN batches: 865
NN avg batch size: 13.9272
PV: G7 F8 D6 D5 F3 G5 B6 C5 B5 C8 H4 H5 G4 E4 G2 D2 C2 B4 B3 A6 F5 F6 F4 G6
Tree:
: T  88.07c W  86.68c S   2.04c ( +2.6 L  +2.4) N   30015  --  G7 F8 D6 D5 F3 G5 B6
---White(^)---
G7  : T  88.60c W  87.08c S   2.15c ( +2.7 L  +2.4) LCB   87.91c P 38.15% WF 31119.7 PSV   30869 N   27308  --  G7 F8 D6 D5 F3 G5 B6 C5
D6  : T  81.76c W  82.02c S   0.40c ( +1.9 L  +1.5) LCB   79.45c P 29.40% WF 1356.9 PSV    1273 N    1493  --  D6 D7 G7 E6 G5 F3 F2 H4
E4  : T  84.23c W  83.90c S   1.68c ( +2.5 L  +1.9) LCB   80.90c P 13.50% WF 865.4 PSV     887 N     901  --  E4 G4 G7 G6 F8 G8 B6 B5
G5  : T  76.93c W  77.50c S   0.75c ( +2.1 L  +1.2) LCB   70.42c P  3.98% WF  93.7 PSV     103 N      96  --  G5 F3 F2 G3 G7 F8 D6 D5
F8  : T  76.65c W  77.37c S   0.22c ( +1.9 L  +1.3) LCB   63.64c P  1.93% WF  46.7 PSV      48 N      48  --  F8 G7 D7 E4 B8 F2 D6 C5
G3  : T  75.87c W  76.70c S  -0.30c ( +1.6 L  +1.1) LCB   66.90c P  2.00% WF  43.3 PSV      47 N      46  --  G3 E4 G5 H6 F3 B5 D6
G6  : T  66.51c W  68.83c S  -0.41c ( +1.6 L  +0.9) LCB   57.54c P  2.82% WF  33.3 PSV      39 N      36  --  G6 F3 G7 F8 D6 D5
B6  : T  56.88c W  63.13c S  -1.51c ( +1.1 L  +0.7) LCB   41.39c P  2.79% WF  22.2 PSV      27 N      33  --  B6 B5 E4 D6 G5 H5 H6 G4
F3  : T  46.33c W  51.37c S  -1.56c ( +1.0 L  +0.8) LCB   25.27c P  2.85% WF  17.8 PSV      20 N      28  --  F3 E4 G7 G6 F8 E7 H7 H6
G4  : T  22.30c W  28.36c S  -2.49c ( +0.5 L  -0.0) LCB  -17.89c P  1.49% WF   4.6 PSV       7 N      10  --  G4 F3 D6 D5 C5 B6 D7 C8

2024-05-23 15:31:26+0800: = G7
2024-05-23 15:31:33+0800: Controller: kata-list_time_settings
2024-05-23 15:31:33+0800: = none absolute byoyomi canadian fischer fischer-capped
2024-05-23 15:31:33+0800: Controller: play black f8
2024-05-23 15:31:33+0800: = 
2024-05-23 15:31:33+0800: Controller: genmove white
2024-05-23 15:31:47+0800: MoveNum: 11 HASH: 06B30A2C5EEB7B945599319C5673B5AC
   A B C D E F G H J
 9 . . . . . . . . .
 8 . . . . . X3. . .
 7 . X1O . . X O2. .
 6 . . X @ . . . . .
 5 . . . . X . . . .
 4 . . O . . . . . .
 3 . . . O X . . . .
 2 . . . . O . . . .
 1 . . . . . . . . .

koPOSITIONALscoreAREAtaxNONEsui1komi7.5
Time taken: 13.688
Root visits: 30015
New playouts: 23097
NN rows: 16094
NN batches: 1413
NN avg batch size: 11.39
PV: D6 D7 E4 F4 F3 G4 G6 D5 H5 H4 G8 D4 E3 G2 H7 B5 B4 G3 B2 F9 F5
Tree:
: T  95.62c W  93.43c S   2.48c ( +2.8 L  +2.8) N   30015  --  D6 D7 E4 F4 F3 G4 G6
---White(^)---
D6  : T  96.00c W  93.75c S   2.51c ( +2.8 L  +2.9) LCB   95.43c P 50.62% WF 46645.7 PSV   46420 N   28738  --  D6 D7 E4 F4 F3 G4 G6 D5
G5  : T  77.32c W  78.04c S   1.14c ( +2.3 L  +1.5) LCB   72.34c P 19.43% WF 277.3 PSV     350 N     356  --  G5 G4 H4 G3 G8 H6 F6 H5
G4  : T  68.61c W  70.74c S   0.36c ( +1.9 L  +1.2) LCB   62.09c P 13.88% WF 127.5 PSV     171 N     198  --  G4 F3 D6 D7 G5 F2 D2 F6
E4  : T  83.97c W  83.59c S   2.09c ( +2.7 L  +2.3) LCB   79.26c P  2.55% WF 380.9 PSV      70 N     439  --  E4 G5 H4 G4 H5 F3 H3 G6
G3  : T  73.96c W  76.32c S  -0.20c ( +1.7 L  +1.2) LCB   63.14c P  4.29% WF  54.7 PSV      65 N      74  --  G3 G5 D6 D5 B6 C5 B5 C8
H5  : T  77.91c W  77.87c S   0.77c ( +2.1 L  +1.3) LCB   72.28c P  2.17% WF  99.6 PSV      40 N     112  --  H5 G4 G5 F2 E4 F3 F4 F5
B6  : T  59.15c W  67.96c S  -0.46c ( +1.5 L  +0.9) LCB   41.99c P  4.16% WF  29.1 PSV      38 N      49  --  B6 B5 G5 F3 D6 C5
H4  : T  75.14c W  76.02c S   0.31c ( +1.9 L  +1.1) LCB   62.55c P  1.50% WF  28.1 PSV      24 N      30  --  H4 F3 F2 G3 D6 D5 C5
F3  : T  79.55c W  81.63c S  -0.16c ( +1.7 L  +1.0) LCB   66.45c P  0.54% WF  10.0 PSV      10 N      10  --  F3 G5 D6 D7 G4 H5 D5
F4  : T  61.42c W  63.98c S  -2.00c ( +0.9 L  +0.8) LCB  -12.63c P  0.34% WF   2.5 PSV       3 N       3  --  F4 E4 F2

2024-05-23 15:31:47+0800: = D6
2024-05-23 15:31:47+0800: Controller: kata-list_time_settings
2024-05-23 15:31:47+0800: = none absolute byoyomi canadian fischer fischer-capped
2024-05-23 15:31:47+0800: Controller: play black d5
2024-05-23 15:31:47+0800: = 
2024-05-23 15:31:47+0800: Controller: genmove white
2024-05-23 15:31:52+0800: MoveNum: 13 HASH: E78FE6F86ED2AFC166BFB8570CD1B751
   A B C D E F G H J
 9 . . . . . . . . .
 8 . . . . . X1. . .
 7 . X O . . X O . .
 6 . . X O2. . . . .
 5 . . . X3X . . . .
 4 . . O . . . . . .
 3 . . . O X @ . . .
 2 . . . . O . . . .
 1 . . . . . . . . .

koPOSITIONALscoreAREAtaxNONEsui1komi7.5
Time taken: 4.984
Root visits: 30015
New playouts: 9994
NN rows: 5777
NN batches: 543
NN avg batch size: 10.639
PV: F3 G5 B6 C5 B5 C8 H4 H5 G4 E4 G2 A6 B4 H7 J5 J6 D7 B8 J4 E6 A5 A7 D4 F4 G3
Tree:
: T  96.15c W  94.71c S   1.76c ( +2.7 L  +2.8) N   30015  --  F3 G5 B6 C5 B5 C8 H4
---White(^)---
F3  : T  96.59c W  95.12c S   1.76c ( +2.7 L  +2.8) LCB   96.09c P 17.65% WF 51884.1 PSV   51574 N   28301  --  F3 G5 B6 C5 B5 C8 H4 H5
G5  : T  80.38c W  79.45c S   1.97c ( +2.8 L  +2.2) LCB   74.44c P 22.29% WF 381.9 PSV     473 N     533  --  G5 G4 G3 F4 H4 H5 H6 H3
C5  : T  72.67c W  73.79c S   1.50c ( +2.7 L  +2.2) LCB   66.55c P 25.30% WF 267.7 PSV     365 N     466  --  C5 B6 D7 C8 G4 F3 D8 B8
G4  : T  74.13c W  72.09c S   3.51c ( +3.8 L  +4.0) LCB   62.76c P 13.75% WF 166.2 PSV     211 N     282  --  G4 F3 C5 B6 D7 C8 D8 B8
F4  : T  77.20c W  77.87c S  -0.11c ( +1.9 L  +1.3) LCB   69.17c P  5.38% WF  98.4 PSV      95 N     142  --  F4 F5 G4 G5 H5 F3 G3 H6
B6  : T  67.69c W  69.62c S  -0.63c ( +1.6 L  +1.1) LCB   57.55c P  6.70% WF  92.5 PSV      80 N     151  --  B6 C5 F3 E4 G5 F2 G2 G4
G3  : T  63.71c W  68.81c S  -1.36c ( +1.4 L  +1.0) LCB   46.60c P  5.19% WF  41.5 PSV      54 N      74  --  G3 G5 B6 C5 B5 D2 E4 B4
F5  : T  78.77c W  79.14c S   0.70c ( +2.2 L  +1.4) LCB   69.85c P  2.14% WF  36.8 PSV      41 N      49  --  F5 E4 F2 G4 C5 B6 D7 D8
E4  : T  67.55c W  66.68c S  -1.47c ( +1.3 L  +0.8) LCB   47.91c P  0.48% WF   4.2 PSV       5 N       7  --  E4 G5 G4 F5 H5 F4 F3 H4
H5  : T  70.64c W  68.90c S  -0.27c ( +1.8 L  +1.0) LCB   32.73c P  0.44% WF   4.4 PSV       5 N       5  --  H5 F3 B6

2024-05-23 15:31:52+0800: = F3
2024-05-23 15:31:53+0800: Controller: kata-list_time_settings
2024-05-23 15:31:53+0800: = none absolute byoyomi canadian fischer fischer-capped
2024-05-23 15:31:53+0800: Controller: play black g5
2024-05-23 15:31:53+0800: = 
2024-05-23 15:31:53+0800: Controller: genmove white
2024-05-23 15:31:55+0800: MoveNum: 15 HASH: FEC2C5DEFEFE26EFC91AA2D36354F6B5
   A B C D E F G H J
 9 . . . . . . . . .
 8 . . . . . X . . .
 7 . X O . . X O . .
 6 . @ X O . . . . .
 5 . . . X1X . X3. .
 4 . . O . . . . . .
 3 . . . O X O2. . .
 2 . . . . O . . . .
 1 . . . . . . . . .

koPOSITIONALscoreAREAtaxNONEsui1komi7.5
Time taken: 1.829
Root visits: 30015
New playouts: 4176
NN rows: 1994
NN batches: 177
NN avg batch size: 11.2655
PV: B6 C5 B5 C8 H4 H5 G4 E4 G2 A6 B4 H7 D7 B8 J5 J6 D8 D9 J4 F4 E9 C9 A7 A8 D4
Tree:
: T  96.82c W  95.47c S   1.75c ( +2.5 L  +2.6) N   30015  --  B6 C5 B5 C8 H4 H5 G4
---White(^)---
B6  : T  97.04c W  95.66c S   1.77c ( +2.6 L  +2.7) LCB   96.59c P 54.18% WF 56785.9 PSV   56636 N   29376  --  B6 C5 B5 C8 H4 H5 G4 E4
H5  : T  62.38c W  66.35c S  -1.48c ( +1.2 L  +0.9) LCB   50.45c P 12.37% WF 135.8 PSV     122 N     277  --  H5 H4 G4 F4 G3 H6 B6 C5
G6  : T   4.33c W  11.56c S  -4.12c ( -0.2 L  -0.5) LCB  -17.03c P 22.04% WF  37.3 PSV      82 N     154  --  G6 F5 B6 C5 B8 B5 A7 D8
G4  : T  65.82c W  70.74c S  -1.54c ( +1.2 L  +0.8) LCB   53.04c P  6.83% WF  58.3 PSV      74 N     102  --  G4 H4 H5 F4 G3 H6 B6 C5
H4  : T  73.47c W  73.74c S  -1.09c ( +1.3 L  +1.0) LCB   59.28c P  2.08% WF  25.3 PSV      30 N      36  --  H4 E4 G3 C3 C2 B3 G6 D4
F6  : T   5.03c W  23.29c S  -4.31c ( -0.1 L  -0.1) LCB  -66.47c P  1.23% WF   2.6 PSV       4 N       7  --  F6 E6 B6 D7 G4
C5  : T   0.57c W  12.99c S  -4.69c ( -0.7 L  -1.0) LCB  -37.33c P  0.91% WF  14.3 PSV       3 N      57  --  C5 B6 H5 H4 D7 C8 D8 B8
F5  : T  25.68c W  28.38c S  -2.70c ( +0.5 L  +0.2) LCB -324.32c P  0.11% WF   0.3 PSV       0 N       1  --  F5
H3  : T   0.81c W   5.81c S  -5.00c ( -0.6 L  -0.4) LCB -349.19c P  0.05% WF   0.4 PSV       0 N       1  --  H3
D7  : T -82.70c W -71.42c S -11.28c ( -3.9 L  -5.4) LCB -432.70c P  0.05% WF   0.4 PSV       0 N       1  --  D7

2024-05-23 15:31:55+0800: = B6
2024-05-23 15:31:55+0800: Controller: kata-list_time_settings
2024-05-23 15:31:55+0800: = none absolute byoyomi canadian fischer fischer-capped
2024-05-23 15:31:55+0800: Controller: play black c5
2024-05-23 15:31:55+0800: = 
2024-05-23 15:31:55+0800: Controller: genmove white
2024-05-23 15:31:55+0800: MoveNum: 17 HASH: DE04AF158A43FE798DB59504EFADD2FE
   A B C D E F G H J
 9 . . . . . . . . .
 8 . . . . . X . . .
 7 . X O . . X O . .
 6 . O2X O . . . . .
 5 . @ X3X X . X1. .
 4 . . O . . . . . .
 3 . . . O X O . . .
 2 . . . . O . . . .
 1 . . . . . . . . .

koPOSITIONALscoreAREAtaxNONEsui1komi7.5
Time taken: 0.047
Root visits: 30288
New playouts: 0
NN rows: 2
NN batches: 2
NN avg batch size: 1
PV: B5 C8 H4 H5 G4 E4 G2 A6 B4 H7 J5 J6 D7 B8 D8 D9 J4 F4 E9 C9 A7 A8 A5 E8 D4
Tree:
: T  97.08c W  95.67c S   1.85c ( +2.6 L  +2.7) N   30288  --  B5 C8 H4 H5 G4 E4 G2
---White(^)---
B5  : T  97.14c W  95.73c S   1.85c ( +2.6 L  +2.7) LCB   96.72c P 67.12% WF 58403.3 PSV   58354 N   30093  --  B5 C8 H4 H5 G4 E4 G2 A6
B8  : T  43.22c W  47.30c S  -2.51c ( +0.7 L  +0.6) LCB   25.92c P 29.30% WF  68.3 PSV     117 N     189  --  B8 B5 A7 D8 C8 H3 D7 E4
G4  : T   4.26c W  -1.80c S  -5.45c ( -0.6 L  -1.0) LCB -152.84c P  1.36% WF   0.6 PSV       1 N       2  --  G4 B5
G6  : T   2.59c W   6.22c S  -3.63c ( -0.1 L  -0.2) LCB -347.41c P  1.31% WF   0.4 PSV       1 N       1  --  G6
F6  : T -19.91c W -14.95c S  -4.96c ( -0.8 L  -0.8) LCB -369.91c P  0.42% WF   0.4 PSV       1 N       1  --  F6
H5  : T -29.61c W -23.92c S  -5.69c ( -0.9 L  -1.2) LCB -379.61c P  0.38% WF   0.4 PSV       1 N       1  --  H5

2024-05-23 15:31:55+0800: = B5
2024-05-23 15:31:58+0800: Controller: quit
2024-05-23 15:31:58+0800: Quit requested by controller
2024-05-23 15:31:58+0800: = 
2024-05-23 15:31:59+0800: GPU -1 finishing, processed 124659 rows 10161 batches
2024-05-23 15:31:59+0800: All cleaned up, quitting
