2024-06-19 20:40:17-0400: Running with following config:
allowResignation = true
lagBuffer = 1.0
logAllGTPCommunication = true
logDir = gtp_logs
logSearchInfo = true
logSearchInfoForChosenMove = false
logToStderr = false
maxTime = 1.0
maxTimePondering = 120.0
numSearchThreads = 16
ogsChatToStderr = true
ponderingEnabled = true
resignConsecTurns = 3
resignThreshold = -0.90
rules = tromp-taylor
searchFactorAfterOnePass = 0.50
searchFactorAfterTwoPass = 0.25
searchFactorWhenWinning = 0.40
searchFactorWhenWinningThreshold = 0.95

2024-06-19 20:40:17-0400: GTP Engine starting...
2024-06-19 20:40:17-0400: KataGo v1.14.1
2024-06-19 20:40:17-0400: Using TrompTaylor rules initially, unless GTP/GUI overrides this
2024-06-19 20:40:17-0400: Using 16 CPU thread(s) for search
2024-06-19 20:40:17-0400: nnRandSeed0 = 1889298609637687581
2024-06-19 20:40:17-0400: After dedups: nnModelFile0 = C:\Users\chang\Downloads\kata1-b28c512nbt-s7168446720-d4316919285.bin.gz useFP16 auto useNHWC auto
2024-06-19 20:40:17-0400: Initializing neural net buffer to be size 19 * 19 exactly
2024-06-19 20:40:24-0400: Found OpenCL Platform 0: NVIDIA CUDA (NVIDIA Corporation) (OpenCL 3.0 CUDA 12.5.51)
2024-06-19 20:40:24-0400: Found 1 device(s) on platform 0 with type CPU or GPU or Accelerator
2024-06-19 20:40:24-0400: Found OpenCL Platform 1: Intel(R) OpenCL Graphics (Intel(R) Corporation) (OpenCL 3.0 )
2024-06-19 20:40:24-0400: Found 1 device(s) on platform 1 with type CPU or GPU or Accelerator
2024-06-19 20:40:24-0400: Found OpenCL Device 0: NVIDIA GeForce RTX 4060 Laptop GPU (NVIDIA Corporation) (score 11000300)
2024-06-19 20:40:24-0400: Found OpenCL Device 1: Intel(R) UHD Graphics (Intel(R) Corporation) (score 6000300)
2024-06-19 20:40:24-0400: Creating context for OpenCL Platform: NVIDIA CUDA (NVIDIA Corporation) (OpenCL 3.0 CUDA 12.5.51)
2024-06-19 20:40:24-0400: Using OpenCL Device 0: NVIDIA GeForce RTX 4060 Laptop GPU (NVIDIA Corporation) OpenCL 3.0 CUDA (Extensions: cl_khr_global_int32_base_atomics cl_khr_global_int32_extended_atomics cl_khr_local_int32_base_atomics cl_khr_local_int32_extended_atomics cl_khr_fp64 cl_khr_3d_image_writes cl_khr_byte_addressable_store cl_khr_icd cl_khr_gl_sharing cl_nv_compiler_options cl_nv_device_attribute_query cl_nv_pragma_unroll cl_nv_d3d10_sharing cl_khr_d3d10_sharing cl_nv_d3d11_sharing cl_nv_copy_opts cl_nv_create_buffer cl_khr_int64_base_atomics cl_khr_int64_extended_atomics cl_khr_device_uuid cl_khr_pci_bus_info cl_khr_external_semaphore cl_khr_external_memory cl_khr_external_semaphore_win32 cl_khr_external_memory_win32)
2024-06-19 20:40:24-0400: Loaded tuning parameters from: C:\Users\chang\Downloads\katago-v1.14.1-opencl-windows-x64/KataGoData/opencltuning/tune11_gpuNVIDIAGeForceRTX4060LaptopGPU_x19_y19_c512_mv15.txt
2024-06-19 20:40:24-0400: OpenCL backend thread 0: Model version 15
2024-06-19 20:40:24-0400: OpenCL backend thread 0: Model name: kata1-b28c512nbt-s7168446720-d4316919285
2024-06-19 20:40:31-0400: OpenCL backend thread 0: FP16Storage true FP16Compute false FP16TensorCores true FP16TensorCoresFor1x1 false
2024-06-19 20:40:31-0400: Loaded neural net with nnXLen 19 nnYLen 19
2024-06-19 20:40:31-0400: Initializing board with boardXSize 19 boardYSize 19
2024-06-19 20:40:31-0400: Loaded config C:/Users/chang/Downloads/katago-v1.14.1-opencl-windows-x64/default_gtp.cfg
2024-06-19 20:40:31-0400: Loaded model C:\Users\chang\Downloads\kata1-b28c512nbt-s7168446720-d4316919285.bin.gz
2024-06-19 20:40:31-0400: Model name: kata1-b28c512nbt-s7168446720-d4316919285
2024-06-19 20:40:31-0400: GTP ready, beginning main protocol loop
2024-06-19 20:40:31-0400: Controller: list_commands
2024-06-19 20:40:31-0400: = protocol_version
name
version
known_command
list_commands
quit
boardsize
rectangular_boardsize
clear_board
set_position
komi
get_komi
play
undo
kata-get-rules
kata-set-rule
kata-set-rules
kata-get-param
kata-set-param
kata-list-params
kgs-rules
genmove
genmove_debug
search_debug
clear_cache
showboard
fixed_handicap
place_free_handicap
set_free_handicap
time_settings
kgs-time_settings
time_left
kata-list_time_settings
kata-time_settings
final_score
final_status_list
loadsgf
printsgf
lz-genmove_analyze
kata-genmove_analyze
lz-analyze
kata-analyze
kata-raw-nn
cputime
gomill-cpu_time
kata-benchmark
kata-debug-print-tc
debug_moves
stop
2024-06-19 20:40:31-0400: Controller: boardsize 9
2024-06-19 20:40:31-0400: GPU -1 finishing, processed 0 rows 0 batches
2024-06-19 20:40:31-0400: Cleaned up old neural net and bot
2024-06-19 20:40:31-0400: nnRandSeed0 = 941873839553752999
2024-06-19 20:40:31-0400: After dedups: nnModelFile0 = C:\Users\chang\Downloads\kata1-b28c512nbt-s7168446720-d4316919285.bin.gz useFP16 auto useNHWC auto
2024-06-19 20:40:31-0400: Initializing neural net buffer to be size 9 * 9 exactly
2024-06-19 20:40:39-0400: Found OpenCL Platform 0: NVIDIA CUDA (NVIDIA Corporation) (OpenCL 3.0 CUDA 12.5.51)
2024-06-19 20:40:39-0400: Found 1 device(s) on platform 0 with type CPU or GPU or Accelerator
2024-06-19 20:40:39-0400: Found OpenCL Platform 1: Intel(R) OpenCL Graphics (Intel(R) Corporation) (OpenCL 3.0 )
2024-06-19 20:40:39-0400: Found 1 device(s) on platform 1 with type CPU or GPU or Accelerator
2024-06-19 20:40:39-0400: Found OpenCL Device 0: NVIDIA GeForce RTX 4060 Laptop GPU (NVIDIA Corporation) (score 11000300)
2024-06-19 20:40:39-0400: Found OpenCL Device 1: Intel(R) UHD Graphics (Intel(R) Corporation) (score 6000300)
2024-06-19 20:40:39-0400: Creating context for OpenCL Platform: NVIDIA CUDA (NVIDIA Corporation) (OpenCL 3.0 CUDA 12.5.51)
2024-06-19 20:40:39-0400: Using OpenCL Device 0: NVIDIA GeForce RTX 4060 Laptop GPU (NVIDIA Corporation) OpenCL 3.0 CUDA (Extensions: cl_khr_global_int32_base_atomics cl_khr_global_int32_extended_atomics cl_khr_local_int32_base_atomics cl_khr_local_int32_extended_atomics cl_khr_fp64 cl_khr_3d_image_writes cl_khr_byte_addressable_store cl_khr_icd cl_khr_gl_sharing cl_nv_compiler_options cl_nv_device_attribute_query cl_nv_pragma_unroll cl_nv_d3d10_sharing cl_khr_d3d10_sharing cl_nv_d3d11_sharing cl_nv_copy_opts cl_nv_create_buffer cl_khr_int64_base_atomics cl_khr_int64_extended_atomics cl_khr_device_uuid cl_khr_pci_bus_info cl_khr_external_semaphore cl_khr_external_memory cl_khr_external_semaphore_win32 cl_khr_external_memory_win32)
2024-06-19 20:40:39-0400: Loaded tuning parameters from: C:\Users\chang\Downloads\katago-v1.14.1-opencl-windows-x64/KataGoData/opencltuning/tune11_gpuNVIDIAGeForceRTX4060LaptopGPU_x19_y19_c512_mv15.txt
2024-06-19 20:40:40-0400: OpenCL backend thread 0: Model version 15
2024-06-19 20:40:40-0400: OpenCL backend thread 0: Model name: kata1-b28c512nbt-s7168446720-d4316919285
2024-06-19 20:40:48-0400: OpenCL backend thread 0: FP16Storage true FP16Compute false FP16TensorCores true FP16TensorCoresFor1x1 false
2024-06-19 20:40:48-0400: Loaded neural net with nnXLen 9 nnYLen 9
2024-06-19 20:40:48-0400: Initializing board with boardXSize 9 boardYSize 9
2024-06-19 20:40:48-0400: = 
2024-06-19 20:40:48-0400: Controller: clear_board
2024-06-19 20:40:48-0400: = 
2024-06-19 20:40:48-0400: Controller: komi 7.5
2024-06-19 20:40:48-0400: = 
2024-06-19 20:40:48-0400: Controller: play black g5
2024-06-19 20:40:48-0400: = 
2024-06-19 20:40:48-0400: Controller: genmove white
2024-06-19 20:40:49-0400: MoveNum: 1 HASH: E88DE61907BF739F46D3DC7DEC9D01AA
   A B C D E F G H J
 9 . . . . . . . . .
 8 . . . . . . . . .
 7 . . . . . . . . .
 6 . . . . . . . . .
 5 . . . . . . X1. .
 4 . . . @ . . . . .
 3 . . . . . . . . .
 2 . . . . . . . . .
 1 . . . . . . . . .

koPOSITIONALscoreAREAtaxNONEsui1komi7.5
Time taken: 1.343
Root visits: 597
New playouts: 597
NN rows: 511
NN batches: 46
NN avg batch size: 11.1087
PV: D4 D6 C6 C5 D5 C7 B6 E6 B7 F3 C8 D7 F4
Tree:
: T  86.24c W  87.04c S  -0.18c ( +2.0 L  +1.1) N     597  --  D4 D6 C6 C5 D5 C7 B6
---White(^)---
D4  : T  89.42c W  89.66c S  -0.43c ( +1.9 L  +1.2) LCB   86.80c P 12.52% WF 186.2 PSV     865 N      98  --  D4 D6 C6 C5 D5 C7 B6 E6
D5  : T  87.29c W  87.93c S  -0.01c ( +2.1 L  +1.2) LCB   85.01c P 50.19% WF 364.8 PSV     363 N     231  --  D5 E5 E4 D4 E3 D6 C5 E6
E4  : T  87.32c W  87.26c S   0.11c ( +2.2 L  +1.2) LCB   84.72c P  7.48% WF 217.5 PSV      55 N     132  --  E4 E5 D5 D4 E3 D6 C5 E6
C4  : T  84.72c W  85.33c S  -0.12c ( +2.1 L  +1.1) LCB   76.64c P  2.39% WF  87.6 PSV       8 N      56  --  C4 D5 D4 E5 C5 C6 B6 C7
E5  : T  78.83c W  82.92c S  -1.23c ( +1.5 L  +0.6) LCB   62.30c P  1.75% WF  29.2 PSV       2 N      16  --  E5 C4 D3 F3 D4
C5  : T  73.00c W  82.26c S  -0.46c ( +1.9 L  +1.1) LCB   58.12c P  1.97% WF  19.7 PSV       2 N      12  --  C5 D5 D6 C4 C6 D4 E6
F5  : T  73.29c W  75.79c S  -1.07c ( +1.6 L  +0.7) LCB   53.63c P  1.17% WF  10.6 PSV       1 N       7  --  F5 F6 G4 G6 E5
E3  : T  69.58c W  72.98c S  -1.98c ( +1.2 L  +0.3) LCB   26.12c P  0.31% WF   6.0 PSV       0 N       4  --  E3 D6 C4 C5
F4  : T  66.31c W  76.09c S  -1.10c ( +1.6 L  +0.8) LCB  -17.48c P  0.43% WF   4.3 PSV       0 N       3  --  F4 F5 E4
D3  : T  64.05c W  71.09c S  -1.95c ( +1.2 L  +0.5) LCB  -88.48c P  0.84% WF   3.1 PSV       0 N       2  --  D3 D6

2024-06-19 20:40:49-0400: = D4
2024-06-19 20:41:02-0400: Controller: kata-list_time_settings
2024-06-19 20:41:02-0400: = none absolute byoyomi canadian fischer fischer-capped
2024-06-19 20:41:02-0400: Controller: play black d6
2024-06-19 20:41:02-0400: = 
2024-06-19 20:41:02-0400: Controller: genmove white
2024-06-19 20:41:03-0400: MoveNum: 3 HASH: 24762EA395EF6E7E7F1DBD492D363189
   A B C D E F G H J
 9 . . . . . . . . .
 8 . . . . . . . . .
 7 . . . . . . . . .
 6 . . @ X3. . . . .
 5 . . . . . . X1. .
 4 . . . O2. . . . .
 3 . . . . . . . . .
 2 . . . . . . . . .
 1 . . . . . . . . .

koPOSITIONALscoreAREAtaxNONEsui1komi7.5
Time taken: 1.032
Root visits: 8703
New playouts: 556
NN rows: 503
NN batches: 49
NN avg batch size: 10.2653
PV: C6 C5 D5 C7 B6 E6 B7 F3 C8 E5 E4 F4 E2 C3 D2 C4 F2 G2 C2 B2 G3 H3 G1 H2 B5
Tree:
: T  84.60c W  84.76c S   1.37c ( +2.0 L  +1.5) N    8703  --  C6 C5 D5 C7 B6 E6 B7
---White(^)---
C6  : T  84.72c W  84.87c S   1.39c ( +2.0 L  +1.5) LCB   83.42c P 89.80% WF 10164.9 PSV   10156 N    8606  --  C6 C5 D5 C7 B6 E6 B7 F3
F4  : T  73.10c W  75.63c S   0.14c ( +1.4 L  +0.7) LCB   63.00c P  6.00% WF  64.3 PSV      69 N      55  --  F4 G4 F3 F6 E7 E6 D7 F7
F3  : T  75.74c W  77.36c S   0.23c ( +1.5 L  +0.5) LCB   67.39c P  1.96% WF  28.1 PSV      28 N      23  --  F3 E4 E3 C4 D5 C5 E6 D7
G3  : T  73.43c W  74.50c S   0.32c ( +1.5 L  +0.7) LCB   59.04c P  1.01% WF  15.0 PSV      11 N      12  --  G3 C4 C3 C5 F7 E7 F6 F5
E3  : T  67.44c W  67.99c S  -0.55c ( +1.1 L  +0.7) LCB -282.56c P  0.28% WF   1.3 PSV       2 N       1  --  E3
F5  : T  71.69c W  77.86c S  -0.18c ( +1.3 L  +0.5) LCB  -12.45c P  0.18% WF   4.2 PSV       1 N       3  --  F5 F6 G4
F7  : T  68.00c W  69.04c S  -1.04c ( +0.8 L  +0.5) LCB -282.00c P  0.15% WF   1.5 PSV       1 N       1  --  F7
G7  : T  24.44c W  27.05c S  -2.61c ( +0.0 L  +0.1) LCB -325.56c P  0.22% WF   0.8 PSV       0 N       1  --  G7

2024-06-19 20:41:03-0400: = C6
2024-06-19 20:41:04-0400: Controller: kata-list_time_settings
2024-06-19 20:41:04-0400: = none absolute byoyomi canadian fischer fischer-capped
2024-06-19 20:41:04-0400: Controller: play black e3
2024-06-19 20:41:04-0400: = 
2024-06-19 20:41:04-0400: Controller: genmove white
2024-06-19 20:41:05-0400: MoveNum: 5 HASH: 792417ABF3A4D0B5A6F7256D0B972E2E
   A B C D E F G H J
 9 . . . . . . . . .
 8 . . . . . . . . .
 7 . . . @ . . . . .
 6 . . O2X1. . . . .
 5 . . . . . . X . .
 4 . . . O . . . . .
 3 . . . . X3. . . .
 2 . . . . . . . . .
 1 . . . . . . . . .

koPOSITIONALscoreAREAtaxNONEsui1komi7.5
Time taken: 1.078
Root visits: 2424
New playouts: 673
NN rows: 564
NN batches: 47
NN avg batch size: 12
PV: D7 C7 C8 B7 E6 D5 E5 C5 C4 B5 E4 E7 F7 D8 G3 H3 H2 H4 G4 G7 E8 G2 F2 F6
Tree:
: T  89.05c W  88.47c S   1.68c ( +2.1 L  +1.5) N    2424  --  D7 C7 C8 B7 E6 D5 E5
---White(^)---
D7  : T  90.43c W  89.58c S   1.93c ( +2.2 L  +1.7) LCB   88.51c P 33.88% WF 2571.5 PSV    2534 N    1805  --  D7 C7 C8 B7 E6 D5 E5 C5
E4  : T  86.71c W  86.50c S   1.13c ( +1.9 L  +1.2) LCB   83.40c P 28.75% WF 623.9 PSV     348 N     460  --  E4 F3 E6 D7 C7 D8 F7 C5
D5  : T  77.00c W  79.47c S  -0.13c ( +1.4 L  +0.7) LCB   64.41c P 18.23% WF  64.6 PSV      69 N      63  --  D5 E6 C7 D3 C3 C2 B3 F5
C7  : T  80.94c W  80.87c S   0.03c ( +1.4 L  +0.8) LCB   70.18c P  8.30% WF  47.7 PSV      43 N      39  --  C7 D3 C3 F7 G6 F5
E6  : T  76.53c W  80.26c S   0.20c ( +1.5 L  +0.8) LCB   52.69c P  4.42% WF  48.6 PSV      16 N      41  --  E6 D5 C5 E4 D7 E5 G7 C7
D3  : T  77.71c W  79.28c S   0.62c ( +1.7 L  +0.9) LCB   58.61c P  2.41% WF   9.8 PSV       9 N       9  --  D3 C7 C5 E4 D7 E7 D8 D5
F5  : T  52.77c W  55.05c S  -1.80c ( +0.6 L  +0.4) LCB  -97.05c P  1.83% WF   1.8 PSV       2 N       2  --  F5 E4
F6  : T  62.22c W  67.38c S  -1.55c ( +0.7 L  +0.4) LCB  -95.77c P  1.42% WF   2.2 PSV       2 N       2  --  F6 C7
C5  : T  33.64c W  36.01c S  -2.37c ( +0.3 L  +0.1) LCB -316.36c P  0.36% WF   0.7 PSV       0 N       1  --  C5
F4  : T -16.01c W -10.79c S  -5.22c ( -0.9 L  -0.3) LCB -366.01c P  0.16% WF   0.4 PSV       0 N       1  --  F4

2024-06-19 20:41:05-0400: = D7
2024-06-19 20:41:16-0400: Controller: kata-list_time_settings
2024-06-19 20:41:16-0400: = none absolute byoyomi canadian fischer fischer-capped
2024-06-19 20:41:16-0400: Controller: play black e6
2024-06-19 20:41:16-0400: = 
2024-06-19 20:41:16-0400: Controller: genmove white
2024-06-19 20:41:17-0400: MoveNum: 7 HASH: A295A6325E0B4FEBB89F96721DB7517D
   A B C D E F G H J
 9 . . . . . . . . .
 8 . . . . . . . . .
 7 . . . O2. . . . .
 6 . . O X X3. . . .
 5 . . @ . . . X . .
 4 . . . O . . . . .
 3 . . . . X1. . . .
 2 . . . . . . . . .
 1 . . . . . . . . .

koPOSITIONALscoreAREAtaxNONEsui1komi7.5
Time taken: 1.047
Root visits: 9359
New playouts: 1063
NN rows: 524
NN batches: 47
NN avg batch size: 11.1489
PV: C5 E7 D8 C7 E8 F8 C8 D3 C3 C2 B2 B3 C4 B7 G8 F9 B8 E4
Tree:
: T  86.84c W  86.92c S   1.37c ( +1.9 L  +1.3) N    9359  --  C5 E7 D8 C7 E8 F8 C8
---White(^)---
C5  : T  87.12c W  87.20c S   1.38c ( +1.9 L  +1.4) LCB   85.94c P 73.70% WF 11068.3 PSV   11038 N    9111  --  C5 E7 D8 C7 E8 F8 C8 D3
E7  : T  74.17c W  73.43c S   1.61c ( +2.0 L  +1.3) LCB   63.95c P 19.50% WF 174.6 PSV     200 N     210  --  E7 C5 F6 C7 F5 B6 F4 F7
C7  : T  60.94c W  65.20c S  -0.85c ( +0.9 L  +0.3) LCB   33.54c P  3.25% WF  17.3 PSV      18 N      20  --  C7 D3 C4 E7 H5 H4 G4 F4
E4  : T  56.93c W  64.28c S  -0.64c ( +1.0 L  +0.3) LCB   29.78c P  2.52% WF  10.6 PSV      12 N      12  --  E4 C5 F5 G4 F6
D3  : T  29.33c W  31.28c S  -1.95c ( +0.4 L  +0.4) LCB -320.67c P  0.31% WF   0.6 PSV       0 N       1  --  D3
F5  : T  39.32c W  41.54c S  -2.23c ( +0.3 L  +0.5) LCB -310.68c P  0.28% WF   0.8 PSV       0 N       1  --  F5
F6  : T   2.14c W   5.67c S  -3.52c ( -0.3 L  +0.0) LCB -347.86c P  0.13% WF   0.5 PSV       0 N       1  --  F6
D5  : T -26.04c W -20.70c S  -5.33c ( -1.1 L  -0.8) LCB -376.04c P  0.11% WF   0.4 PSV       0 N       1  --  D5
G4  : T  16.87c W  20.37c S  -3.50c ( -0.3 L  -0.1) LCB -333.13c P  0.09% WF   0.7 PSV       0 N       1  --  G4

2024-06-19 20:41:17-0400: = C5
2024-06-19 20:41:17-0400: Controller: kata-list_time_settings
2024-06-19 20:41:17-0400: = none absolute byoyomi canadian fischer fischer-capped
2024-06-19 20:41:17-0400: Controller: play black e7
2024-06-19 20:41:17-0400: = 
2024-06-19 20:41:17-0400: Controller: genmove white
2024-06-19 20:41:19-0400: MoveNum: 9 HASH: 49F3D30F2F7E32516DDBC7F95CF3F225
   A B C D E F G H J
 9 . . . . . . . . .
 8 . . . @ . . . . .
 7 . . . O X3. . . .
 6 . . O X X1. . . .
 5 . . O2. . . X . .
 4 . . . O . . . . .
 3 . . . . X . . . .
 2 . . . . . . . . .
 1 . . . . . . . . .

koPOSITIONALscoreAREAtaxNONEsui1komi7.5
Time taken: 1.031
Root visits: 7610
New playouts: 788
NN rows: 513
NN batches: 47
NN avg batch size: 10.9149
PV: D8 C7 E8 F8 C8 D3 C3 C2 B2 B3 C4 B1 H5 B7 B8 H6 G4 F5 D2 A2
Tree:
: T  86.36c W  86.50c S   1.35c ( +1.8 L  +1.3) N    7610  --  D8 C7 E8 F8 C8 D3 C3
---White(^)---
D8  : T  87.38c W  87.62c S   1.57c ( +1.9 L  +1.4) LCB   85.80c P 58.46% WF 7198.8 PSV    7083 N    5591  --  D8 C7 E8 F8 C8 D3 C3 C2
E4  : T  83.50c W  83.13c S   0.63c ( +1.5 L  +0.9) LCB   81.11c P 26.14% WF 1970.3 PSV     712 N    1880  --  E4 F3 D8 C3 G7 G6 F4 G4
D3  : T  77.26c W  81.01c S   0.40c ( +1.4 L  +0.7) LCB   52.32c P  4.09% WF  56.2 PSV      49 N      49  --  D3 D2 D8 C2 G7 G6
H5  : T  68.55c W  71.63c S   0.20c ( +1.3 L  +0.4) LCB   54.31c P  5.29% WF  32.3 PSV      36 N      36  --  H5 C7 B7 G4 C8 E8
G4  : T  75.35c W  74.32c S  -0.40c ( +1.1 L  +0.2) LCB   58.05c P  3.46% WF  33.8 PSV      35 N      35  --  G4 F4 D8 D3 H5 H4
F5  : T  71.86c W  71.89c S   0.43c ( +1.4 L  +0.6) LCB   52.20c P  2.23% WF  16.8 PSV      18 N      17  --  F5 E4 D3 E2 G6 G4 D8
G6  : T  23.38c W  26.17c S  -2.78c ( -0.0 L  +0.2) LCB -326.62c P  0.19% WF   0.6 PSV       0 N       1  --  G6

2024-06-19 20:41:19-0400: = D8
2024-06-19 20:41:23-0400: Controller: kata-list_time_settings
2024-06-19 20:41:23-0400: = none absolute byoyomi canadian fischer fischer-capped
2024-06-19 20:41:23-0400: Controller: play black c7
2024-06-19 20:41:23-0400: = 
2024-06-19 20:41:23-0400: Controller: genmove white
2024-06-19 20:41:25-0400: MoveNum: 11 HASH: 319634BBC3906C688D8ACB25ECFAF6E9
   A B C D E F G H J
 9 . . . . . . . . .
 8 . . . O2@ . . . .
 7 . . X3O X1. . . .
 6 . . O X X . . . .
 5 . . O . . . X . .
 4 . . . O . . . . .
 3 . . . . X . . . .
 2 . . . . . . . . .
 1 . . . . . . . . .

koPOSITIONALscoreAREAtaxNONEsui1komi7.5
Time taken: 1.063
Root visits: 6385
New playouts: 966
NN rows: 538
NN batches: 49
NN avg batch size: 10.9796
PV: E8 F8 C8 D3 C3 C2 B2 B3 C4 B1 H5 G4 H4 H3 G3 F3 G6 G7 G2 H2 F6 E5 H7 F7
Tree:
: T  83.32c W  84.92c S   1.37c ( +1.8 L  +1.3) N    6385  --  E8 F8 C8 D3 C3 C2 B2
---White(^)---
E8  : T  84.09c W  85.87c S   1.52c ( +1.9 L  +1.4) LCB   81.52c P 23.77% WF 3994.6 PSV    4211 N    3443  --  E8 F8 C8 D3 C3 C2 B2 B3
C8  : T  83.38c W  84.71c S   1.25c ( +1.8 L  +1.2) LCB   80.98c P 39.25% WF 3065.3 PSV    3069 N    2746  --  C8 D3 C3 C2 E4 F3 B2 B3
E4  : T  43.66c W  47.02c S  -1.18c ( +0.6 L  +0.3) LCB   27.58c P 36.53% WF  83.0 PSV     116 N     194  --  E4 C8 G3 F3 F4 G4 G2 D3
G4  : T  14.11c W  16.95c S  -2.83c ( -0.1 L  +0.1) LCB -335.89c P  0.17% WF   0.5 PSV       0 N       1  --  G4

2024-06-19 20:41:25-0400: = E8
2024-06-19 20:41:37-0400: Controller: kata-list_time_settings
2024-06-19 20:41:37-0400: = none absolute byoyomi canadian fischer fischer-capped
2024-06-19 20:41:37-0400: Controller: play black f8
2024-06-19 20:41:37-0400: = 
2024-06-19 20:41:37-0400: Controller: genmove white
2024-06-19 20:41:38-0400: MoveNum: 13 HASH: 6859D27B807FCAAB35F47B50AD420A0C
   A B C D E F G H J
 9 . . . . . . . . .
 8 . . @ O O2X3. . .
 7 . . X1O X . . . .
 6 . . O X X . . . .
 5 . . O . . . X . .
 4 . . . O . . . . .
 3 . . . . X . . . .
 2 . . . . . . . . .
 1 . . . . . . . . .

koPOSITIONALscoreAREAtaxNONEsui1komi7.5
Time taken: 1.047
Root visits: 13360
New playouts: 772
NN rows: 532
NN batches: 48
NN avg batch size: 11.0833
PV: C8 D3 C3 C2 B2 B3 C4 B1 G7 G8 H5 H6 H4 G6 F3 F2 D2
Tree:
: T  89.20c W  89.11c S   1.64c ( +2.1 L  +1.8) N   13360  --  C8 D3 C3 C2 B2 B3 C4
---White(^)---
C8  : T  89.85c W  89.61c S   1.71c ( +2.2 L  +1.8) LCB   88.63c P 22.73% WF 16553.8 PSV   16355 N   12660  --  C8 D3 C3 C2 B2 B3 C4 B1
G8  : T  59.01c W  66.38c S  -1.61c ( +0.8 L  +0.4) LCB   50.89c P 74.69% WF 349.6 PSV     533 N     693  --  G8 G7 F9 F7 C8 C2 H8 E4
E4  : T -79.47c W -62.55c S  -9.17c ( -2.7 L  -2.0) LCB -135.38c P  2.34% WF   1.2 PSV       3 N       4  --  E4 C8 F3 G3
B7  : T  25.56c W  28.89c S  -3.33c ( -0.1 L  -0.2) LCB -324.44c P  0.05% WF   0.6 PSV       0 N       1  --  B7
F7  : T -65.06c W -57.94c S  -7.13c ( -1.7 L  -1.3) LCB -415.06c P  0.05% WF   0.3 PSV       0 N       1  --  F7

2024-06-19 20:41:38-0400: = C8
2024-06-19 20:41:39-0400: Controller: kata-list_time_settings
2024-06-19 20:41:39-0400: = none absolute byoyomi canadian fischer fischer-capped
2024-06-19 20:41:39-0400: Controller: play black d3
2024-06-19 20:41:39-0400: = 
2024-06-19 20:41:39-0400: Controller: genmove white
2024-06-19 20:41:40-0400: MoveNum: 15 HASH: 977C6219A7CDB63C13AEF430C8F12FED
   A B C D E F G H J
 9 . . . . . . . . .
 8 . . O2O O X1. . .
 7 . . X O X . . . .
 6 . . O X X . . . .
 5 . . O . . . X . .
 4 . . . O . . . . .
 3 . . @ X3X . . . .
 2 . . . . . . . . .
 1 . . . . . . . . .

koPOSITIONALscoreAREAtaxNONEsui1komi7.5
Time taken: 1.063
Root visits: 12991
New playouts: 765
NN rows: 517
NN batches: 48
NN avg batch size: 10.7708
PV: C3 C2 B2 B3 C4 B1 G7 G8 H5 H4 G4 H6 F5 G6 H3 B7 B8 J5 D2 A2 F3 E4 E2 E5
Tree:
: T  89.69c W  89.61c S   1.64c ( +2.2 L  +1.9) N   12991  --  C3 C2 B2 B3 C4 B1 G7
---White(^)---
C3  : T  90.53c W  90.23c S   1.73c ( +2.2 L  +1.9) LCB   89.32c P 19.18% WF 16145.0 PSV   15959 N   12064  --  C3 C2 B2 B3 C4 B1 G7 G8
E4  : T  59.18c W  67.57c S  -1.57c ( +0.9 L  +0.3) LCB   47.02c P 41.41% WF 223.6 PSV     285 N     400  --  E4 F3 G8 G7 F9 B3 F7 G6
H5  : T  65.32c W  72.47c S  -0.22c ( +1.4 L  +0.7) LCB   53.17c P 19.73% WF 129.6 PSV     168 N     197  --  H5 H6 G4 F5 G2 F3 H3 J2
G7  : T  70.93c W  73.86c S   0.05c ( +1.5 L  +0.6) LCB   54.70c P 10.29% WF  94.3 PSV     112 N     128  --  G7 G8 H5 H6 G4 F5 G2 H4
G4  : T  85.31c W  86.48c S   0.75c ( +1.8 L  +1.1) LCB   78.92c P  2.71% WF 159.2 PSV     107 N     142  --  G4 B7 B8 F5 C3 C2 F2 H4
G6  : T  70.41c W  75.00c S  -0.28c ( +1.4 L  +0.6) LCB   49.13c P  2.84% WF  26.6 PSV      30 N      35  --  G6 F5 C3 C2 E4 B3 F4 C4
G8  : T  58.06c W  66.39c S  -2.37c ( +0.5 L  +0.0) LCB   23.89c P  1.73% WF   9.8 PSV      11 N      13  --  G8 G7 F9 B4 F7 F6
F5  : T  20.87c W  33.31c S  -3.31c ( +0.1 L  -0.1) LCB  -69.68c P  1.93% WF   4.5 PSV       6 N      10  --  F5 G6 C3 E4 C2 D5 C4
G3  : T   7.93c W  12.44c S  -4.52c ( -0.6 L  -0.5) LCB -342.07c P  0.06% WF   0.5 PSV       0 N       1  --  G3

2024-06-19 20:41:40-0400: = C3
2024-06-19 20:41:41-0400: Controller: kata-list_time_settings
2024-06-19 20:41:41-0400: = none absolute byoyomi canadian fischer fischer-capped
2024-06-19 20:41:41-0400: Controller: play black c2
2024-06-19 20:41:41-0400: = 
2024-06-19 20:41:41-0400: Controller: genmove white
2024-06-19 20:41:42-0400: MoveNum: 17 HASH: 5D6EC3290D32FEEE7A4B074F463D15AE
   A B C D E F G H J
 9 . . . . . . . . .
 8 . . O O O X . . .
 7 . . X O X . . . .
 6 . . O X X . . . .
 5 . . O . . . X . .
 4 . . . O . . . . .
 3 . . O2X1X . . . .
 2 . @ X3. . . . . .
 1 . . . . . . . . .

koPOSITIONALscoreAREAtaxNONEsui1komi7.5
Time taken: 1.031
Root visits: 12145
New playouts: 825
NN rows: 514
NN batches: 47
NN avg batch size: 10.9362
PV: B2 B3 C4 B1 G7 G8 H5 H6 H4 G6 D2 A2 F3 G3 G4 F2 F4 E2 G2
Tree:
: T  90.17c W  90.00c S   1.73c ( +2.3 L  +2.0) N   12145  --  B2 B3 C4 B1 G7 G8 H5
---White(^)---
B2  : T  91.21c W  90.84c S   1.86c ( +2.3 L  +2.0) LCB   89.99c P  8.93% WF 14713.6 PSV   14510 N   10774  --  B2 B3 C4 B1 G7 G8 H5 H6
G7  : T  79.76c W  79.70c S   1.43c ( +2.2 L  +1.5) LCB   70.00c P 19.03% WF 401.3 PSV     337 N     480  --  G7 G8 G4 B7 B8 F4 H5 H4
D2  : T  85.67c W  87.48c S  -0.96c ( +1.2 L  +0.9) LCB   81.38c P  5.22% WF 372.5 PSV     189 N     327  --  D2 E2 B2 D1 G8 G7 F9 F7
E4  : T  45.76c W  57.91c S  -2.06c ( +0.6 L  -0.1) LCB   22.38c P 31.73% WF  91.6 PSV     143 N     192  --  E4 F3 B2 B3 C4 B1 G7 G6
G4  : T  85.68c W  85.88c S   1.02c ( +2.0 L  +1.2) LCB   77.67c P  3.34% WF 124.0 PSV     121 N     118  --  G4 B7 B8 F4 D2 E2
H5  : T  51.60c W  61.73c S  -1.35c ( +0.9 L  +0.3) LCB   32.67c P 23.01% WF  84.9 PSV     118 N     169  --  H5 H6 B2 B3 C4 D2 G8 G7
G6  : T  63.05c W  68.02c S  -1.28c ( +1.0 L  +0.3) LCB   43.42c P  4.26% WF  25.3 PSV      30 N      36  --  G6 F5 E4 B3 F4 C4 B4 G4
F5  : T  50.68c W  53.25c S  -2.79c ( +0.4 L  +0.0) LCB   19.24c P  3.21% WF  18.4 PSV      16 N      40  --  F5 G6 D2 E2 B2 D1 G8
G8  : T  54.30c W  65.92c S  -2.68c ( +0.4 L  +0.1) LCB   -5.55c P  1.12% WF   5.2 PSV       6 N       7  --  G8 G7 F9 B3 F7 G6 E4
G3  : T  22.34c W  26.50c S  -4.16c ( -0.2 L  -0.2) LCB -327.66c P  0.07% WF   0.5 PSV       0 N       1  --  G3

2024-06-19 20:41:42-0400: = B2
2024-06-19 20:41:42-0400: Controller: kata-list_time_settings
2024-06-19 20:41:42-0400: = none absolute byoyomi canadian fischer fischer-capped
2024-06-19 20:41:42-0400: Controller: play black b3
2024-06-19 20:41:42-0400: = 
2024-06-19 20:41:42-0400: Controller: genmove white
2024-06-19 20:41:43-0400: MoveNum: 19 HASH: 6CDCBCC417A7602480F286CB2F7F1977
   A B C D E F G H J
 9 . . . . . . . . .
 8 . . O O O X . . .
 7 . . X O X . . . .
 6 . . O X X . . . .
 5 . . O . . . X . .
 4 . . @ O . . . . .
 3 . X3O X X . . . .
 2 . O2X1. . . . . .
 1 . . . . . . . . .

koPOSITIONALscoreAREAtaxNONEsui1komi7.5
Time taken: 1.031
Root visits: 7564
New playouts: 723
NN rows: 515
NN batches: 49
NN avg batch size: 10.5102
PV: C4 B1 G7 G8 F5 G6 G4 E4 F4 F6 E5 B7 B6 E2 G2
Tree:
: T  91.10c W  90.89c S   1.90c ( +2.5 L  +2.3) N    7564  --  C4 B1 G7 G8 F5 G6 G4
---White(^)---
C4  : T  91.10c W  90.89c S   1.90c ( +2.5 L  +2.3) LCB   89.66c P 99.83% WF 9987.9 PSV    9988 N    7563  --  C4 B1 G7 G8 F5 G6 G4 E4

2024-06-19 20:41:43-0400: = C4
2024-06-19 20:41:48-0400: Controller: kata-list_time_settings
2024-06-19 20:41:48-0400: = none absolute byoyomi canadian fischer fischer-capped
2024-06-19 20:41:48-0400: Controller: play black b1
2024-06-19 20:41:48-0400: = 
2024-06-19 20:41:48-0400: Controller: genmove white
2024-06-19 20:41:49-0400: MoveNum: 21 HASH: 41BB02730B8AF49F8850E3C5FB615143
   A B C D E F G H J
 9 . . . . . . . . .
 8 . . O O O X . . .
 7 . . X O X . @ . .
 6 . . O X X . . . .
 5 . . O . . . X . .
 4 . . O2O . . . . .
 3 . X1O X X . . . .
 2 . O X . . . . . .
 1 . X3. . . . . . .

koPOSITIONALscoreAREAtaxNONEsui1komi7.5
Time taken: 1.032
Root visits: 11835
New playouts: 995
NN rows: 520
NN batches: 46
NN avg batch size: 11.3043
PV: G7 F7 G4 H4 F5 G6 H5 H6 H3 B7 B8 E4 G2 B6 D2 A2 B5 F3 J4 J2 G3 J6
Tree:
: T  88.74c W  88.67c S   1.74c ( +2.5 L  +2.3) N   11835  --  G7 F7 G4 H4 F5 G6 H5
---White(^)---
G7  : T  89.84c W  89.49c S   1.77c ( +2.5 L  +2.4) LCB   88.27c P 27.38% WF 13096.2 PSV   12896 N   10167  --  G7 F7 G4 H4 F5 G6 H5 H6
H5  : T  81.19c W  83.65c S   1.78c ( +2.5 L  +2.1) LCB   74.73c P 18.38% WF 623.4 PSV     463 N     726  --  H5 G4 H4 H3 G3 F3 G2 H2
G4  : T  71.78c W  77.25c S   1.38c ( +2.3 L  +1.9) LCB   62.37c P 25.92% WF 330.6 PSV     322 N     481  --  G4 F5 H5 H6 F2 E2 F3 F4
F5  : T  77.92c W  78.93c S   1.70c ( +2.5 L  +1.9) LCB   65.63c P 15.89% WF 213.5 PSV     242 N     288  --  F5 G6 F4 B7 G8 F7 B8 F3
F4  : T  86.15c W  82.74c S   1.90c ( +2.6 L  +1.8) LCB   73.11c P  3.60% WF  81.8 PSV      85 N     102  --  F4 B7 B8 E4 F5 E5 F6 F7
G6  : T  39.32c W  51.30c S  -2.37c ( +0.6 L  +0.0) LCB    1.83c P  3.59% WF  11.4 PSV      16 N      24  --  G6 F5 G3 H5 D2 A2 E2
G3  : T  11.75c W  28.48c S  -3.70c ( -0.1 L  -0.3) LCB  -45.13c P  2.72% WF   4.8 PSV       7 N      13  --  G3 E4 H5 B7 B6 H4 G4
D2  : T  61.83c W  69.43c S  -1.26c ( +1.1 L  +0.5) LCB   29.91c P  0.76% WF   5.4 PSV       6 N       8  --  D2 A2 G4 F4 G3 H5 E2 E4
E4  : T  45.46c W  56.21c S  -2.29c ( +0.7 L  -0.0) LCB   -6.12c P  1.10% WF   5.9 PSV       5 N      12  --  E4 F3 G7 G6 G8 F7 F4 G4
F3  : T  53.40c W  56.11c S  -2.71c ( +0.6 L  +0.5) LCB -296.60c P  0.22% WF   0.6 PSV       1 N       1  --  F3

2024-06-19 20:41:49-0400: = G7
2024-06-19 20:41:50-0400: Controller: kata-list_time_settings
2024-06-19 20:41:50-0400: = none absolute byoyomi canadian fischer fischer-capped
2024-06-19 20:41:50-0400: Controller: play black g8
2024-06-19 20:41:50-0400: = 
2024-06-19 20:41:50-0400: Controller: genmove white
2024-06-19 20:41:51-0400: MoveNum: 23 HASH: 71D54907C7CEDC22790F2040B7ABC6CA
   A B C D E F G H J
 9 . . . . . . . . .
 8 . . O O O X X3. .
 7 . . X O X . O2. .
 6 . . O X X . . . .
 5 . . O . . @ X . .
 4 . . O O . . . . .
 3 . X O X X . . . .
 2 . O X . . . . . .
 1 . X1. . . . . . .

koPOSITIONALscoreAREAtaxNONEsui1komi7.5
Time taken: 1.031
Root visits: 3915
New playouts: 814
NN rows: 518
NN batches: 47
NN avg batch size: 11.0213
PV: F5 G6 G4 E4 E5 E2 H7 F6 D5 H6 F4 H4 H3
Tree:
: T  91.18c W  90.75c S   1.93c ( +2.6 L  +2.4) N    3915  --  F5 G6 G4 E4 E5 E2 H7
---White(^)---
F5  : T  92.66c W  91.48c S   2.25c ( +2.8 L  +2.6) LCB   89.70c P 17.45% WF 2555.1 PSV    2508 N    1880  --  F5 G6 G4 E4 E5 E2 H7 F6
H5  : T  91.71c W  91.69c S   1.98c ( +2.6 L  +2.4) LCB   88.16c P 14.01% WF 1477.5 PSV     802 N    1077  --  H5 H6 H4 G6 D2 A2 F3 G3
G4  : T  87.53c W  88.66c S   0.62c ( +2.1 L  +1.7) LCB   83.18c P 37.63% WF 659.8 PSV     590 N     595  --  G4 F5 H7 H6 H4 F2 H5 G6
H7  : T  87.41c W  86.76c S   1.87c ( +2.6 L  +2.2) LCB   77.95c P 11.24% WF 166.5 PSV     172 N     169  --  H7 F6 F4 E4 H5 B7 B8 H4
F4  : T  84.73c W  85.25c S   1.87c ( +2.7 L  +2.1) LCB   75.03c P 11.64% WF 145.7 PSV     122 N     164  --  F4 E4 F5 E5 H5 G4 H4 G3
D2  : T  71.72c W  78.60c S  -1.25c ( +1.3 L  +0.5) LCB   44.55c P  1.72% WF   6.2 PSV       7 N       8  --  D2 A2 G4 F4 G3 H5 E2
G3  : T  25.81c W  51.28c S  -2.55c ( +0.6 L  -0.3) LCB  -46.28c P  4.88% WF   5.5 PSV       6 N      12  --  G3 E4 H5 H4 G4 H6 F5
H4  : T  84.90c W  88.72c S   0.89c ( +2.2 L  +1.2) LCB   29.61c P  0.26% WF   5.0 PSV       2 N       4  --  H4 H5 F4
F3  : T  61.52c W  67.44c S  -1.57c ( +1.1 L  +0.3) LCB  -16.46c P  0.62% WF   2.0 PSV       1 N       3  --  F3 E4 D2
E4  : T  55.27c W  58.46c S  -3.20c ( +0.5 L  +0.0) LCB -294.73c P  0.24% WF   0.6 PSV       0 N       1  --  E4

2024-06-19 20:41:51-0400: = F5
2024-06-19 20:42:03-0400: Controller: kata-list_time_settings
2024-06-19 20:42:03-0400: = none absolute byoyomi canadian fischer fischer-capped
2024-06-19 20:42:03-0400: Controller: play black g6
2024-06-19 20:42:03-0400: = 
2024-06-19 20:42:03-0400: Controller: genmove white
2024-06-19 20:42:04-0400: MoveNum: 25 HASH: 941FD8CB1D6B829D099088F1F6C7ED8C
   A B C D E F G H J
 9 . . . . . . . . .
 8 . . O O O X X1. .
 7 . . X O X . O . .
 6 . . O X X . X3. .
 5 . . O . . O2X . .
 4 . . O O . . @ . .
 3 . X O X X . . . .
 2 . O X . . . . . .
 1 . X . . . . . . .

koPOSITIONALscoreAREAtaxNONEsui1komi7.5
Time taken: 1.031
Root visits: 10143
New playouts: 834
NN rows: 501
NN batches: 47
NN avg batch size: 10.6596
PV: G4 F4 D2 A2 F3 E4 E2 E5 G3 D1 F1 H5 H4 H2 G2 H1 J2 C1 H3 B4 E1 B6 B7 B5 E9
Tree:
: T  96.82c W  95.81c S   1.81c ( +2.6 L  +2.7) N   10143  --  G4 F4 D2 A2 F3 E4 E2
---White(^)---
G4  : T  97.02c W  96.06c S   1.69c ( +2.5 L  +2.7) LCB   96.11c P 68.90% WF 20146.1 PSV   20103 N    9360  --  G4 F4 D2 A2 F3 E4 E2 E5
F4  : T  94.78c W  92.29c S   4.10c ( +3.8 L  +3.8) LCB   91.02c P 15.81% WF 890.2 PSV     918 N     659  --  F4 H4 F3 E4 E5 E2 F2 A2
D2  : T  85.05c W  85.17c S   2.45c ( +3.0 L  +2.7) LCB   74.47c P  6.31% WF  89.2 PSV      98 N      86  --  D2 A2 G4 B7 B8 E4 H5 H6
F3  : T  72.32c W  75.05c S  -1.32c ( +1.2 L  +0.5) LCB   47.16c P  2.03% WF  13.8 PSV      15 N      20  --  F3 E4 D2 E2 C1 E5 E1 F1
F6  : T -81.90c W -60.68c S -11.90c ( -4.3 L  -5.2) LCB -152.17c P  5.42% WF   3.2 PSV       5 N      13  --  F6 F4 G4 E5 H5 H6 G3
H7  : T  18.80c W  21.46c S  -4.46c ( -0.4 L  -0.5) LCB -130.81c P  0.66% WF   0.8 PSV       1 N       2  --  H7 F6
G3  : T  10.06c W  14.20c S  -4.14c ( -0.4 L  -1.1) LCB -339.94c P  0.43% WF   0.4 PSV       0 N       1  --  G3
E4  : T -72.04c W -64.95c S  -7.09c ( -1.4 L  -3.8) LCB -422.04c P  0.34% WF   0.3 PSV       0 N       1  --  E4

2024-06-19 20:42:04-0400: = G4
2024-06-19 20:42:05-0400: Controller: kata-list_time_settings
2024-06-19 20:42:05-0400: = none absolute byoyomi canadian fischer fischer-capped
2024-06-19 20:42:05-0400: Controller: play black f4
2024-06-19 20:42:05-0400: = 
2024-06-19 20:42:05-0400: Controller: genmove white
2024-06-19 20:42:06-0400: MoveNum: 27 HASH: D9AD9CFB43CBF15916E463E8B54BE0E9
   A B C D E F G H J
 9 . . . . . . . . .
 8 . . O O O X X . .
 7 . . X O X . O . .
 6 . . O X X . X1. .
 5 . . O . . O X . .
 4 . . O O . X3O2. .
 3 . X O X X . . . .
 2 . O X @ . . . . .
 1 . X . . . . . . .

koPOSITIONALscoreAREAtaxNONEsui1komi7.5
Time taken: 1.047
Root visits: 5451
New playouts: 777
NN rows: 479
NN batches: 45
NN avg batch size: 10.6444
PV: D2 A2 F3 E4 E2 E5 G3 D1 F1 H5 H4 H2 G2 H1 J2 C1 H3 B4 E1 B6 B7 B5 E9 F9 H7
Tree:
: T  98.56c W  96.96c S   1.58c ( +1.8 L  +2.1) N    5451  --  D2 A2 F3 E4 E2 E5 G3
---White(^)---
D2  : T  98.77c W  97.13c S   1.59c ( +1.8 L  +2.1) LCB   97.88c P 67.09% WF 14379.4 PSV   14354 N    5289  --  D2 A2 F3 E4 E2 E5 G3 D1
H7  : T  84.53c W  84.91c S   1.06c ( +1.7 L  +1.5) LCB   63.99c P  7.98% WF  65.0 PSV      71 N      70  --  H7 B7 B8 H6 E5 H4 F6 F7
G3  : T  25.61c W  35.09c S  -2.50c ( -0.1 L  -0.6) LCB   -7.61c P 21.58% WF  21.9 PSV      38 N      78  --  G3 E2 F2 H2 G2 J5 E4 F3
F3  : T  55.79c W  54.01c S  -1.07c ( +0.9 L  +0.7) LCB   -0.54c P  1.36% WF   4.0 PSV       4 N       7  --  F3 E4 D2 E2 C1
H5  : T  -5.49c W  18.87c S  -4.28c ( -0.6 L  -1.3) LCB -219.63c P  1.20% WF   1.9 PSV       1 N       4  --  H5 G3 F6
H4  : T  23.02c W  24.70c S  -1.68c ( +0.4 L  -0.7) LCB -326.98c P  0.48% WF   0.4 PSV       0 N       1  --  H4
F2  : T  18.38c W  21.06c S  -2.68c ( -0.1 L  -0.7) LCB -331.62c P  0.19% WF   0.4 PSV       0 N       1  --  F2

2024-06-19 20:42:06-0400: = D2
2024-06-19 20:42:09-0400: Controller: quit
2024-06-19 20:42:09-0400: Quit requested by controller
2024-06-19 20:42:09-0400: = 
2024-06-19 20:42:09-0400: GPU -1 finishing, processed 41018 rows 3618 batches
2024-06-19 20:42:09-0400: All cleaned up, quitting
