2024-05-31 22:16:49-0400: Running with following config:
allowResignation = true
lagBuffer = 1.0
logAllGTPCommunication = true
logDir = gtp_logs
logSearchInfo = true
logSearchInfoForChosenMove = false
logToStderr = false
maxTime = 0.5
maxTimePondering = 120.0
numSearchThreads = 16
ogsChatToStderr = true
ponderingEnabled = true
resignConsecTurns = 3
resignThreshold = -0.90
rules = tromp-taylor
searchFactorAfterOnePass = 0.50
searchFactorAfterTwoPass = 0.25
searchFactorWhenWinning = 0.40
searchFactorWhenWinningThreshold = 0.95

2024-05-31 22:16:49-0400: GTP Engine starting...
2024-05-31 22:16:49-0400: KataGo v1.14.1
2024-05-31 22:16:49-0400: Using TrompTaylor rules initially, unless GTP/GUI overrides this
2024-05-31 22:16:49-0400: Using 16 CPU thread(s) for search
2024-05-31 22:16:49-0400: nnRandSeed0 = 16068355716516947995
2024-05-31 22:16:49-0400: After dedups: nnModelFile0 = C:/Users/chang/Downloads/kata1-b60c320-s9482697216-d3873382264.bin.gz useFP16 auto useNHWC auto
2024-05-31 22:16:49-0400: Initializing neural net buffer to be size 19 * 19 exactly
2024-05-31 22:16:57-0400: Found OpenCL Platform 0: NVIDIA CUDA (NVIDIA Corporation) (OpenCL 3.0 CUDA 12.4.89)
2024-05-31 22:16:57-0400: Found 1 device(s) on platform 0 with type CPU or GPU or Accelerator
2024-05-31 22:16:57-0400: Found OpenCL Platform 1: Intel(R) OpenCL Graphics (Intel(R) Corporation) (OpenCL 3.0 )
2024-05-31 22:16:57-0400: Found 1 device(s) on platform 1 with type CPU or GPU or Accelerator
2024-05-31 22:16:57-0400: Found OpenCL Device 0: NVIDIA GeForce RTX 4060 Laptop GPU (NVIDIA Corporation) (score 11000300)
2024-05-31 22:16:57-0400: Found OpenCL Device 1: Intel(R) UHD Graphics (Intel(R) Corporation) (score 6000300)
2024-05-31 22:16:57-0400: Creating context for OpenCL Platform: NVIDIA CUDA (NVIDIA Corporation) (OpenCL 3.0 CUDA 12.4.89)
2024-05-31 22:16:58-0400: Using OpenCL Device 0: NVIDIA GeForce RTX 4060 Laptop GPU (NVIDIA Corporation) OpenCL 3.0 CUDA (Extensions: cl_khr_global_int32_base_atomics cl_khr_global_int32_extended_atomics cl_khr_local_int32_base_atomics cl_khr_local_int32_extended_atomics cl_khr_fp64 cl_khr_3d_image_writes cl_khr_byte_addressable_store cl_khr_icd cl_khr_gl_sharing cl_nv_compiler_options cl_nv_device_attribute_query cl_nv_pragma_unroll cl_nv_d3d10_sharing cl_khr_d3d10_sharing cl_nv_d3d11_sharing cl_nv_copy_opts cl_nv_create_buffer cl_khr_int64_base_atomics cl_khr_int64_extended_atomics cl_khr_device_uuid cl_khr_pci_bus_info cl_khr_external_semaphore cl_khr_external_memory cl_khr_external_semaphore_win32 cl_khr_external_memory_win32)
2024-05-31 22:16:58-0400: Loaded tuning parameters from: C:\Users\chang\Downloads\katago-v1.14.1-opencl-windows-x64/KataGoData/opencltuning/tune11_gpuNVIDIAGeForceRTX4060LaptopGPU_x19_y19_c320_mv10.txt
2024-05-31 22:16:58-0400: OpenCL backend thread 0: Model version 10
2024-05-31 22:16:58-0400: OpenCL backend thread 0: Model name: kata1-b60c320-s9482697216-d3873382264
2024-05-31 22:17:09-0400: OpenCL backend thread 0: FP16Storage true FP16Compute false FP16TensorCores true FP16TensorCoresFor1x1 false
2024-05-31 22:17:09-0400: Loaded neural net with nnXLen 19 nnYLen 19
2024-05-31 22:17:09-0400: Initializing board with boardXSize 19 boardYSize 19
2024-05-31 22:17:09-0400: Loaded config C:/Users/chang/Downloads/katago-v1.14.1-opencl-windows-x64/doudoubot.cfg
2024-05-31 22:17:09-0400: Loaded model C:/Users/chang/Downloads/kata1-b60c320-s9482697216-d3873382264.bin.gz
2024-05-31 22:17:09-0400: Model name: kata1-b60c320-s9482697216-d3873382264
2024-05-31 22:17:09-0400: GTP ready, beginning main protocol loop
2024-05-31 22:17:09-0400: Controller: list_commands
2024-05-31 22:17:09-0400: = protocol_version
name
version
known_command
list_commands
quit
boardsize
rectangular_boardsize
clear_board
set_position
komi
get_komi
play
undo
kata-get-rules
kata-set-rule
kata-set-rules
kata-get-param
kata-set-param
kata-list-params
kgs-rules
genmove
genmove_debug
search_debug
clear_cache
showboard
fixed_handicap
place_free_handicap
set_free_handicap
time_settings
kgs-time_settings
time_left
kata-list_time_settings
kata-time_settings
final_score
final_status_list
loadsgf
printsgf
lz-genmove_analyze
kata-genmove_analyze
lz-analyze
kata-analyze
kata-raw-nn
cputime
gomill-cpu_time
kata-benchmark
kata-debug-print-tc
debug_moves
stop
2024-05-31 22:17:09-0400: Controller: boardsize 9
2024-05-31 22:17:10-0400: GPU -1 finishing, processed 0 rows 0 batches
2024-05-31 22:17:10-0400: Cleaned up old neural net and bot
2024-05-31 22:17:10-0400: nnRandSeed0 = 7237763764257640807
2024-05-31 22:17:10-0400: After dedups: nnModelFile0 = C:/Users/chang/Downloads/kata1-b60c320-s9482697216-d3873382264.bin.gz useFP16 auto useNHWC auto
2024-05-31 22:17:10-0400: Initializing neural net buffer to be size 9 * 9 exactly
2024-05-31 22:17:21-0400: Found OpenCL Platform 0: NVIDIA CUDA (NVIDIA Corporation) (OpenCL 3.0 CUDA 12.4.89)
2024-05-31 22:17:21-0400: Found 1 device(s) on platform 0 with type CPU or GPU or Accelerator
2024-05-31 22:17:21-0400: Found OpenCL Platform 1: Intel(R) OpenCL Graphics (Intel(R) Corporation) (OpenCL 3.0 )
2024-05-31 22:17:21-0400: Found 1 device(s) on platform 1 with type CPU or GPU or Accelerator
2024-05-31 22:17:21-0400: Found OpenCL Device 0: NVIDIA GeForce RTX 4060 Laptop GPU (NVIDIA Corporation) (score 11000300)
2024-05-31 22:17:21-0400: Found OpenCL Device 1: Intel(R) UHD Graphics (Intel(R) Corporation) (score 6000300)
2024-05-31 22:17:21-0400: Creating context for OpenCL Platform: NVIDIA CUDA (NVIDIA Corporation) (OpenCL 3.0 CUDA 12.4.89)
2024-05-31 22:17:21-0400: Using OpenCL Device 0: NVIDIA GeForce RTX 4060 Laptop GPU (NVIDIA Corporation) OpenCL 3.0 CUDA (Extensions: cl_khr_global_int32_base_atomics cl_khr_global_int32_extended_atomics cl_khr_local_int32_base_atomics cl_khr_local_int32_extended_atomics cl_khr_fp64 cl_khr_3d_image_writes cl_khr_byte_addressable_store cl_khr_icd cl_khr_gl_sharing cl_nv_compiler_options cl_nv_device_attribute_query cl_nv_pragma_unroll cl_nv_d3d10_sharing cl_khr_d3d10_sharing cl_nv_d3d11_sharing cl_nv_copy_opts cl_nv_create_buffer cl_khr_int64_base_atomics cl_khr_int64_extended_atomics cl_khr_device_uuid cl_khr_pci_bus_info cl_khr_external_semaphore cl_khr_external_memory cl_khr_external_semaphore_win32 cl_khr_external_memory_win32)
2024-05-31 22:17:21-0400: Loaded tuning parameters from: C:\Users\chang\Downloads\katago-v1.14.1-opencl-windows-x64/KataGoData/opencltuning/tune11_gpuNVIDIAGeForceRTX4060LaptopGPU_x19_y19_c320_mv10.txt
2024-05-31 22:17:21-0400: OpenCL backend thread 0: Model version 10
2024-05-31 22:17:21-0400: OpenCL backend thread 0: Model name: kata1-b60c320-s9482697216-d3873382264
2024-05-31 22:17:34-0400: OpenCL backend thread 0: FP16Storage true FP16Compute false FP16TensorCores true FP16TensorCoresFor1x1 false
2024-05-31 22:17:34-0400: Loaded neural net with nnXLen 9 nnYLen 9
2024-05-31 22:17:34-0400: Initializing board with boardXSize 9 boardYSize 9
2024-05-31 22:17:34-0400: = 
2024-05-31 22:17:34-0400: Controller: clear_board
2024-05-31 22:17:34-0400: = 
2024-05-31 22:17:34-0400: Controller: komi 5.5
2024-05-31 22:17:34-0400: = 
2024-05-31 22:17:34-0400: Controller: set_free_handicap h2 b4 d9 e2 c9 f8
2024-05-31 22:17:34-0400: = 
2024-05-31 22:17:34-0400: Controller: genmove white
2024-05-31 22:17:35-0400: MoveNum: 0 HASH: 50D40F329244592CB73E532855003032
   A B C D E F G H J
 9 . . X X . . . . .
 8 . . . . . X . . .
 7 . . . . . . @ . .
 6 . . . . . . . . .
 5 . . . . . . . . .
 4 . X . . . . . . .
 3 . . . . . . . . .
 2 . . . . X . . X .
 1 . . . . . . . . .

koPOSITIONALscoreAREAtaxNONEsui1komi5.5
Time taken: 0.734
Root visits: 17
New playouts: 17
NN rows: 17
NN batches: 3
NN avg batch size: 5.66667
PlayoutDoublingAdvantage: 2.75
PV: G7
Tree:
: T -117.11c W -99.90c S -16.99c (-56.6 L -59.3) N      17  --  G7
---White(^)---
G7  : T -109.20c W -99.96c S  -9.24c (-51.2 L -52.3) LCB -459.20c P 20.45% WF   1.8 PSV       2 N       1  --  G7
F7  : T -113.46c W -99.93c S -13.53c (-53.8 L -55.6) LCB -463.46c P 17.02% WF   2.6 PSV       1 N       1  --  F7
E3  : T -117.64c W -99.89c S -17.75c (-57.6 L -60.5) LCB -467.64c P 13.61% WF   3.1 PSV       1 N       1  --  E3
C4  : T -115.71c W -99.90c S -15.81c (-55.4 L -58.0) LCB -465.71c P 12.57% WF   2.9 PSV       1 N       1  --  C4
G3  : T -115.17c W -99.86c S -15.31c (-55.4 L -58.2) LCB -465.17c P 11.05% WF   2.8 PSV       1 N       1  --  G3
G6  : T -111.97c W -99.95c S -12.02c (-53.5 L -55.2) LCB -461.97c P  8.71% WF   2.1 PSV       1 N       1  --  G6
D3  : T -114.44c W -99.90c S -14.54c (-55.1 L -57.8) LCB -464.44c P  2.39% WF   2.5 PSV       0 N       1  --  D3
C3  : T -118.39c W -99.92c S -18.48c (-57.7 L -60.7) LCB -468.39c P  2.33% WF   2.8 PSV       0 N       1  --  C3
C5  : T -118.57c W -99.90c S -18.67c (-57.5 L -61.0) LCB -468.57c P  1.59% WF   2.5 PSV       0 N       1  --  C5
G4  : T -116.71c W -99.88c S -16.84c (-56.6 L -59.9) LCB -466.71c P  1.03% WF   2.6 PSV       0 N       1  --  G4

2024-05-31 22:17:35-0400: = G7
2024-05-31 22:17:36-0400: Controller: kata-list_time_settings
2024-05-31 22:17:36-0400: = none absolute byoyomi canadian fischer fischer-capped
2024-05-31 22:17:36-0400: Controller: play black h7
2024-05-31 22:17:36-0400: = 
2024-05-31 22:17:36-0400: Controller: genmove white
2024-05-31 22:17:37-0400: MoveNum: 2 HASH: 1775B6FDA21F2FD215EEB6C2D85BA478
   A B C D E F G H J
 9 . . X X . . . . .
 8 . . . . . X @ . .
 7 . . . . . . O1X2.
 6 . . . . . . . . .
 5 . . . . . . . . .
 4 . X . . . . . . .
 3 . . . . . . . . .
 2 . . . . X . . X .
 1 . . . . . . . . .

koPOSITIONALscoreAREAtaxNONEsui1komi5.5
Time taken: 0.547
Root visits: 374
New playouts: 367
NN rows: 352
NN batches: 35
NN avg batch size: 10.0571
PlayoutDoublingAdvantage: 2.75
PV: G8 G6 F7 D7 F6 G5 H8 H6 E8
Tree:
: T -111.80c W -99.97c S -11.79c (-41.4 L -42.1) N     374  --  G8 G6 F7 D7 F6 G5 H8
---White(^)---
G8  : T -110.65c W -99.98c S -10.58c (-40.4 L -41.0) LCB -112.65c P 23.52% WF 639.2 PSV     633 N     260  --  G8 G6 F7 D7 F6 G5 H8 H6
H6  : T -114.35c W -99.97c S -14.41c (-43.2 L -44.0) LCB -118.69c P 34.83% WF 152.5 PSV     115 N      57  --  H6 H8 G3 G5 G6
E3  : T -112.34c W -99.97c S -12.73c (-42.2 L -43.1) LCB -115.74c P 14.46% WF 106.2 PSV      91 N      39  --  E3 G6 C3 D2
C4  : T -115.88c W -99.97c S -15.91c (-44.8 L -45.9) LCB -122.90c P 12.28% WF  34.5 PSV      29 N      12  --  C4 C5 H6 H8
F7  : T -120.81c W -99.93c S -20.27c (-49.1 L -49.8) LCB -285.05c P  3.79% WF   7.8 PSV       4 N       2  --  F7 G8
G6  : T -119.99c W -99.86c S -20.13c (-49.9 L -51.6) LCB -469.99c P  1.33% WF   3.0 PSV       1 N       1  --  G6
C3  : T -120.01c W -99.84c S -20.17c (-49.7 L -51.7) LCB -470.01c P  0.94% WF   2.9 PSV       1 N       1  --  C3
G5  : T -118.65c W -99.91c S -18.74c (-48.0 L -48.9) LCB -468.65c P  0.85% WF   2.9 PSV       1 N       1  --  G5

2024-05-31 22:17:37-0400: = G8
2024-05-31 22:17:39-0400: Controller: kata-list_time_settings
2024-05-31 22:17:39-0400: = none absolute byoyomi canadian fischer fischer-capped
2024-05-31 22:17:39-0400: Controller: play black j8
2024-05-31 22:17:40-0400: = 
2024-05-31 22:17:40-0400: Controller: genmove white
2024-05-31 22:17:40-0400: MoveNum: 4 HASH: F648B9AFC729FE2096DE33D5D6D00314
   A B C D E F G H J
 9 . . X X . . . . .
 8 . . . . . X O2. X3
 7 . . . . . . O X1.
 6 . . . . . . . . .
 5 . . . . . . @ . .
 4 . X . . . . . . .
 3 . . . . . . . . .
 2 . . . . X . . X .
 1 . . . . . . . . .

koPOSITIONALscoreAREAtaxNONEsui1komi5.5
Time taken: 0.578
Root visits: 147
New playouts: 147
NN rows: 147
NN batches: 16
NN avg batch size: 9.1875
PlayoutDoublingAdvantage: 2.75
PV: G5 E5 F7 E7 G3 G2
Tree:
: T -111.90c W -99.97c S -12.05c (-22.0 L -21.8) N     147  --  G5 E5 F7 E7 G3 G2
---White(^)---
G5  : T -109.92c W -99.96c S -10.08c (-20.7 L -20.4) LCB -111.64c P 32.41% WF 284.5 PSV     281 N      92  --  G5 E5 F7 E7 G3 G2
F7  : T -112.11c W -99.98c S -12.19c (-21.8 L -21.5) LCB -113.80c P 19.33% WF  93.0 PSV      51 N      28  --  F7 G5 C7 D7
F6  : T -114.91c W -99.98c S -13.99c (-23.3 L -22.7) LCB -130.14c P  8.16% WF  23.5 PSV      11 N       7  --  F6 D6 G4
D6  : T -118.99c W -99.97c S -18.72c (-27.8 L -27.8) LCB -204.77c P 11.63% WF  10.9 PSV       9 N       3  --  D6 F7
E6  : T -117.92c W -99.97c S -17.88c (-27.6 L -27.3) LCB -193.06c P  9.05% WF  11.0 PSV       8 N       3  --  E6 G6
D7  : T -122.67c W -99.94c S -21.86c (-30.7 L -31.1) LCB -284.10c P  6.56% WF   8.0 PSV       4 N       2  --  D7 F7
F5  : T -118.82c W -99.98c S -18.22c (-28.4 L -28.1) LCB -270.46c P  2.93% WF   7.4 PSV       2 N       2  --  F5 G6
G6  : T -115.64c W -99.99c S -15.66c (-24.1 L -23.5) LCB -465.64c P  1.98% WF   3.4 PSV       2 N       1  --  G6
G4  : T -117.20c W -99.93c S -17.27c (-26.6 L -26.6) LCB -467.20c P  1.57% WF   3.3 PSV       1 N       1  --  G4
E7  : T -115.14c W -99.97c S -15.17c (-24.3 L -23.9) LCB -465.14c P  0.66% WF   3.1 PSV       0 N       1  --  E7

2024-05-31 22:17:40-0400: = G5
2024-05-31 22:17:43-0400: Controller: kata-list_time_settings
2024-05-31 22:17:43-0400: = none absolute byoyomi canadian fischer fischer-capped
2024-05-31 22:17:43-0400: Controller: play black e9
2024-05-31 22:17:43-0400: = 
2024-05-31 22:17:43-0400: Controller: genmove white
2024-05-31 22:17:43-0400: MoveNum: 6 HASH: EB2820962BC7F93B2E1C01EBB8BDC9CF
   A B C D E F G H J
 9 . . X X X3. . . .
 8 . . . . . X O . X1
 7 . . . . . . O X .
 6 . . . . @ . . . .
 5 . . . . . . O2. .
 4 . X . . . . . . .
 3 . . . . . . . . .
 2 . . . . X . . X .
 1 . . . . . . . . .

koPOSITIONALscoreAREAtaxNONEsui1komi5.5
Time taken: 0.593
Root visits: 164
New playouts: 164
NN rows: 162
NN batches: 16
NN avg batch size: 10.125
PlayoutDoublingAdvantage: 2.75
PV: E6 D6 G3 E5
Tree:
: T -108.75c W -99.87c S  -8.96c (-14.5 L -14.4) N     164  --  E6 D6 G3 E5
---White(^)---
E6  : T -106.81c W -99.88c S  -7.31c (-13.5 L -13.5) LCB -108.52c P 10.04% WF  87.9 PSV     294 N      29  --  E6 D6 G3 E5
F3  : T -108.13c W -99.82c S  -8.39c (-14.3 L -14.2) LCB -110.10c P 26.45% WF 122.0 PSV     122 N      45  --  F3 E5 F7 E7
E4  : T -108.25c W -99.86c S  -8.38c (-14.3 L -13.9) LCB -110.80c P 10.23% WF  60.4 PSV      44 N      21  --  E4 D5 G3 G2
G3  : T -109.26c W -99.89c S  -9.53c (-14.7 L -14.7) LCB -112.11c P 15.89% WF  58.9 PSV      44 N      20  --  G3 F4 G4 E6
F7  : T -108.66c W -99.92c S  -8.82c (-14.1 L -13.9) LCB -112.62c P  8.40% WF  53.6 PSV      29 N      16  --  F7 D6 G3 F4 G4
D6  : T -114.07c W -99.87c S -13.51c (-17.5 L -17.3) LCB -134.68c P 14.19% WF  17.2 PSV      14 N       6  --  D6 E6 F4
D5  : T -109.51c W -99.87c S  -9.68c (-15.0 L -15.0) LCB -124.40c P  3.76% WF  21.1 PSV       9 N       7  --  D5 E6 F4
F4  : T -110.48c W -99.92c S -10.11c (-15.2 L -15.0) LCB -153.41c P  3.52% WF  12.9 PSV       6 N       4  --  F4 G3 C5
E5  : T -109.59c W -99.91c S  -9.61c (-14.9 L -14.8) LCB -129.61c P  2.16% WF  19.1 PSV       5 N       6  --  E5 F4 C6
D4  : T -110.68c W -99.87c S -10.56c (-16.0 L -15.5) LCB -259.62c P  0.58% WF   5.6 PSV       1 N       2  --  D4 E5

2024-05-31 22:17:43-0400: = E6
2024-05-31 22:17:46-0400: Controller: kata-list_time_settings
2024-05-31 22:17:46-0400: = none absolute byoyomi canadian fischer fischer-capped
2024-05-31 22:17:46-0400: Controller: play black e8
2024-05-31 22:17:46-0400: = 
2024-05-31 22:17:46-0400: Controller: genmove white
2024-05-31 22:17:47-0400: MoveNum: 8 HASH: ADC1B23E505FBA3925EC75A698FC1D23
   A B C D E F G H J
 9 . . X X X1. . . .
 8 . . . . X3X O . X
 7 . . . . . . O X .
 6 . . @ . O2. . . .
 5 . . . . . . O . .
 4 . X . . . . . . .
 3 . . . . . . . . .
 2 . . . . X . . X .
 1 . . . . . . . . .

koPOSITIONALscoreAREAtaxNONEsui1komi5.5
Time taken: 0.593
Root visits: 159
New playouts: 159
NN rows: 158
NN batches: 16
NN avg batch size: 9.875
PlayoutDoublingAdvantage: 2.75
PV: C6 B6 B7 C5 D7 D5 E7
Tree:
: T -79.58c W -77.44c S  -2.82c ( -5.1 L  -4.5) N     159  --  C6 B6 B7 C5 D7 D5 E7
---White(^)---
C6  : T -67.37c W -66.50c S  -1.28c ( -4.2 L  -3.6) LCB  -90.12c P 63.16% WF  56.5 PSV      54 N     119  --  C6 B6 B7 C5 D7 D5 E7
C5  : T -91.54c W -89.99c S  -3.77c ( -5.6 L  -5.0) LCB -104.55c P 20.93% WF  17.6 PSV       5 N      17  --  C5 F6 G6 B5
F3  : T -99.87c W -96.47c S  -4.08c ( -5.6 L  -5.0) LCB -174.34c P  4.45% WF   3.7 PSV       1 N       3  --  F3 C6 F2
E3  : T -99.92c W -94.93c S  -5.52c ( -6.4 L  -6.1) LCB -151.65c P  4.07% WF   5.4 PSV       0 N       4  --  E3 C6
D7  : T -101.85c W -96.89c S  -6.65c ( -7.0 L  -6.7) LCB -256.79c P  3.63% WF   2.9 PSV       0 N       2  --  D7 B7
G3  : T -104.72c W -98.16c S  -6.92c ( -6.9 L  -6.7) LCB -254.19c P  1.09% WF   2.1 PSV       0 N       2  --  G3 E4
D3  : T -106.75c W -98.85c S  -7.82c ( -7.4 L  -7.4) LCB -257.90c P  0.33% WF   1.1 PSV       0 N       2  --  D3 C6
C7  : T -107.64c W -98.63c S  -9.01c ( -8.4 L  -7.9) LCB -457.64c P  0.94% WF   1.6 PSV       0 N       1  --  C7
B6  : T -106.59c W -98.07c S  -8.53c ( -8.2 L  -7.8) LCB -456.59c P  0.37% WF   0.8 PSV       0 N       1  --  B6
D6  : T -111.38c W -98.80c S -12.58c ( -9.8 L  -9.4) LCB -461.38c P  0.11% WF   0.4 PSV       0 N       1  --  D6

2024-05-31 22:17:47-0400: = C6
2024-05-31 22:17:49-0400: Controller: kata-list_time_settings
2024-05-31 22:17:49-0400: = none absolute byoyomi canadian fischer fischer-capped
2024-05-31 22:17:49-0400: Controller: play black f9
2024-05-31 22:17:49-0400: = 
2024-05-31 22:17:49-0400: Controller: genmove white
2024-05-31 22:17:50-0400: MoveNum: 10 HASH: 697146700DD1A6012BEF706E9C6514E2
   A B C D E F G H J
 9 . . X X X X3. . .
 8 . . . . X1X O . X
 7 . . . . . . O X .
 6 . . O2. O . . . .
 5 . . . . . . O . .
 4 . X . . @ . . . .
 3 . . . . . . . . .
 2 . . . . X . . X .
 1 . . . . . . . . .

koPOSITIONALscoreAREAtaxNONEsui1komi5.5
Time taken: 0.547
Root visits: 152
New playouts: 151
NN rows: 152
NN batches: 15
NN avg batch size: 10.1333
PlayoutDoublingAdvantage: 2.75
PV: E4 B6 B7
Tree:
: T 103.89c W  99.47c S   4.50c (+10.1 L +10.2) N     152  --  E4 B6 B7
---White(^)---
E4  : T 107.92c W  99.68c S   7.84c (+11.8 L +11.8) LCB   99.81c P  5.78% WF  28.2 PSV      47 N      10  --  E4 B6 B7
C5  : T 107.07c W  99.71c S   7.23c (+11.4 L +11.4) LCB   98.63c P  3.52% WF  32.0 PSV      31 N      10  --  C5 C4 B7
D3  : T 105.99c W  99.46c S   6.50c (+11.2 L +11.4) LCB   99.03c P 18.09% WF  27.4 PSV      28 N      11  --  D3 B6 B7 C5
D5  : T 107.29c W  99.61c S   7.29c (+11.5 L +11.8) LCB   98.81c P 12.68% WF  27.3 PSV      27 N      10  --  D5 E4 G6 B7
C4  : T 108.21c W  99.69c S   8.31c (+12.0 L +12.2) LCB   97.88c P  7.22% WF  26.7 PSV      27 N       9  --  C4 C3 D4
B7  : T 103.07c W  99.53c S   3.70c ( +9.6 L  +9.8) LCB   93.59c P 14.45% WF  26.1 PSV      22 N      10  --  B7 G6 F6 H6 F7
D4  : T 103.48c W  99.48c S   4.57c (+10.1 L +10.2) LCB   94.91c P  8.34% WF  24.0 PSV      14 N      10  --  D4 B6 B7 C5 D7
E3  : T 104.91c W  99.62c S   5.35c (+10.5 L +10.7) LCB   95.43c P  3.47% WF  26.0 PSV       8 N       9  --  E3 F4 E4
G3  : T 103.36c W  99.59c S   3.89c ( +9.8 L  +9.8) LCB   93.89c P  4.23% WF  23.9 PSV       7 N       9  --  G3 G6 F6
G6  : T  99.76c W  99.32c S   0.65c ( +8.2 L  +8.2) LCB   86.68c P  5.14% WF  18.7 PSV       4 N       9  --  G6 D7 C4

2024-05-31 22:17:50-0400: = E4
2024-05-31 22:17:52-0400: Controller: kata-list_time_settings
2024-05-31 22:17:52-0400: = none absolute byoyomi canadian fischer fischer-capped
2024-05-31 22:17:52-0400: Controller: play black h3
2024-05-31 22:17:52-0400: = 
2024-05-31 22:17:52-0400: Controller: genmove white
2024-05-31 22:17:53-0400: MoveNum: 12 HASH: 43BF6854380D9DCE7A848A77D0FFCB9D
   A B C D E F G H J
 9 . . X X X X1. . .
 8 . . . . X X O . X
 7 . @ . . . . O X .
 6 . . O . O . . . .
 5 . . . . . . O . .
 4 . X . . O2. . . .
 3 . . . . . . . X3.
 2 . . . . X . . X .
 1 . . . . . . . . .

koPOSITIONALscoreAREAtaxNONEsui1komi5.5
Time taken: 0.531
Root visits: 141
New playouts: 141
NN rows: 142
NN batches: 14
NN avg batch size: 10.1429
PlayoutDoublingAdvantage: 2.625
PV: B7 D5 D3
Tree:
: T 106.29c W  99.81c S   6.51c (+14.8 L +14.9) N     141  --  B7 D5 D3
---White(^)---
B7  : T 109.07c W  99.90c S   8.94c (+15.9 L +15.9) LCB  101.79c P 12.83% WF  35.5 PSV      51 N      11  --  B7 D5 D3
H6  : T 107.70c W  99.72c S   8.62c (+15.9 L +16.0) LCB   99.52c P 31.09% WF  35.4 PSV      35 N      13  --  H6 B6 B7 C5 D7
B6  : T 107.30c W  99.87c S   7.82c (+15.4 L +15.6) LCB   97.39c P 12.78% WF  27.7 PSV      14 N       9  --  B6 D7 C4
D3  : T 110.70c W  99.79c S  10.22c (+16.8 L +16.9) LCB  100.19c P  5.91% WF  27.3 PSV      12 N       9  --  D3 D7 C7
B5  : T 105.19c W  99.85c S   5.65c (+14.3 L +14.5) LCB   96.30c P 11.63% WF  33.1 PSV       9 N      10  --  B5 C4 H6
C3  : T 108.23c W  99.84c S   7.74c (+15.5 L +15.6) LCB   96.95c P  5.15% WF  26.7 PSV       6 N       9  --  C3 H6 G6
F2  : T 104.78c W  99.76c S   5.47c (+14.3 L +14.4) LCB   94.02c P  6.74% WF  25.2 PSV       5 N       9  --  F2 H6 G6 H5
H5  : T 101.39c W  99.68c S   2.15c (+12.6 L +12.8) LCB   87.94c P  4.99% WF  18.8 PSV       2 N       8  --  H5 D7 C7 D6
H4  : T 104.55c W  99.82c S   5.03c (+14.1 L +14.0) LCB   94.62c P  2.28% WF  21.8 PSV       1 N       9  --  H4 H6 G6
C7  : T 104.47c W  99.87c S   4.72c (+13.8 L +13.9) LCB   94.83c P  1.16% WF  23.8 PSV       0 N       9  --  C7 D5 C5 D4 C4

2024-05-31 22:17:53-0400: = B7
2024-05-31 22:17:55-0400: Controller: kata-list_time_settings
2024-05-31 22:17:55-0400: = none absolute byoyomi canadian fischer fischer-capped
2024-05-31 22:17:55-0400: Controller: play black d2
2024-05-31 22:17:55-0400: = 
2024-05-31 22:17:55-0400: Controller: genmove white
2024-05-31 22:17:56-0400: MoveNum: 14 HASH: 020903C05A3EB4DE5E42CF05BA9848C8
   A B C D E F G H J
 9 . . X X X X . . .
 8 . . . . X X O . X
 7 . O2. . . . O X .
 6 . . O . O . . . .
 5 . . . . . . O . .
 4 . X . . O . . . .
 3 . . @ . . . . X1.
 2 . . . X3X . . X .
 1 . . . . . . . . .

koPOSITIONALscoreAREAtaxNONEsui1komi5.5
Time taken: 0.563
Root visits: 146
New playouts: 146
NN rows: 147
NN batches: 15
NN avg batch size: 9.8
PlayoutDoublingAdvantage: 2.5
PV: C3 H5 H6 J6 G6
Tree:
: T 111.62c W  99.94c S  11.66c (+20.8 L +20.6) N     146  --  C3 H5 H6 J6 G6
---White(^)---
C3  : T 116.95c W  99.96c S  16.99c (+23.6 L +23.4) LCB  114.27c P 42.86% WF 116.0 PSV     112 N      28  --  C3 H5 H6 J6 G6
H5  : T 113.98c W  99.93c S  14.20c (+21.7 L +21.4) LCB  110.04c P 14.63% WF  63.1 PSV      21 N      15  --  H5 D5 C5 F6
H6  : T 113.05c W  99.97c S  12.96c (+21.0 L +20.6) LCB  109.79c P 16.20% WF  71.7 PSV      20 N      17  --  H6 C4 F3 F2
H4  : T 109.21c W  99.93c S   9.68c (+19.9 L +19.7) LCB  103.17c P 18.70% WF  39.9 PSV      15 N      12  --  H4 D5 D6 J4
F3  : T 110.68c W  99.92c S  10.75c (+20.6 L +20.4) LCB  101.23c P  3.22% WF  28.3 PSV       3 N      10  --  F3 D5 C3
G3  : T 106.70c W  99.90c S   6.75c (+18.5 L +18.3) LCB   96.62c P  1.12% WF  18.9 PSV       0 N       9  --  G3 D5 C4
G6  : T 107.43c W  99.96c S   7.45c (+18.6 L +18.5) LCB   98.18c P  0.47% WF  22.1 PSV       0 N       9  --  G6 D5 C4
C4  : T 106.35c W  99.94c S   6.29c (+18.2 L +18.2) LCB   92.46c P  0.37% WF  15.8 PSV       0 N       8  --  C4 H6 G6
F2  : T 105.25c W  99.92c S   5.46c (+17.9 L +17.7) LCB   89.13c P  0.12% WF  13.2 PSV       0 N       7  --  F2 D5 C3
D4  : T 103.54c W  99.93c S   4.12c (+17.2 L +17.2) LCB   83.09c P  0.12% WF   9.8 PSV       0 N       6  --  D4 H6 G6

2024-05-31 22:17:56-0400: = C3
2024-05-31 22:17:59-0400: Controller: kata-list_time_settings
2024-05-31 22:17:59-0400: = none absolute byoyomi canadian fischer fischer-capped
2024-05-31 22:17:59-0400: Controller: play black c4
2024-05-31 22:17:59-0400: = 
2024-05-31 22:17:59-0400: Controller: genmove white
2024-05-31 22:17:59-0400: MoveNum: 16 HASH: 7758047E00B62D02800EC9E910C9C2BB
   A B C D E F G H J
 9 . . X X X X . . .
 8 . . . . X X O . X
 7 . O . . . . O X .
 6 . . O . O . . . .
 5 . . . . . . O . .
 4 . X X3. O . . . .
 3 . . O2@ . . . X .
 2 . . . X1X . . X .
 1 . . . . . . . . .

koPOSITIONALscoreAREAtaxNONEsui1komi5.5
Time taken: 0.313
Root visits: 74
New playouts: 74
NN rows: 75
NN batches: 9
NN avg batch size: 8.33333
PlayoutDoublingAdvantage: 2.375
PV: D3 D5 E5 H5
Tree:
: T 108.14c W  99.94c S   8.29c (+21.6 L +21.3) N      74  --  D3 D5 E5 H5
---White(^)---
D3  : T 116.49c W  99.95c S  16.42c (+25.8 L +25.5) LCB  111.93c P 69.70% WF  63.3 PSV      61 N      16  --  D3 D5 E5 H5
H5  : T 105.75c W  99.95c S   6.06c (+20.4 L +20.0) LCB   76.48c P  6.91% WF  14.7 PSV       2 N       5  --  H5 D4 F3
H4  : T 106.66c W  99.95c S   6.44c (+20.6 L +20.3) LCB   77.45c P  6.63% WF  15.8 PSV       2 N       5  --  H4 D4 G3
F3  : T 108.40c W  99.94c S   8.52c (+21.8 L +21.4) LCB   78.49c P  6.26% WF  14.1 PSV       2 N       5  --  F3 D4 H4
H6  : T 102.45c W  99.97c S   2.81c (+19.1 L +18.8) LCB   73.65c P  5.11% WF  15.0 PSV       1 N       5  --  H6 D4 F3
G3  : T 106.28c W  99.93c S   6.18c (+20.6 L +20.0) LCB   60.20c P  1.36% WF  10.1 PSV       0 N       4  --  G3 D5 D6
D4  : T 104.59c W  99.94c S   4.52c (+19.8 L +19.5) LCB   59.74c P  1.01% WF   9.3 PSV       0 N       4  --  D4 H5 H6
F2  : T 104.27c W  99.87c S   3.63c (+19.3 L +18.9) LCB   57.71c P  0.27% WF   7.3 PSV       0 N       4  --  F2 D5
G6  : T 101.07c W  99.96c S   1.20c (+18.4 L +18.1) LCB   53.58c P  0.27% WF   8.0 PSV       0 N       4  --  G6 D4 H4
G4  : T 105.02c W  99.89c S   4.85c (+19.9 L +19.8) LCB   56.40c P  0.25% WF   8.8 PSV       0 N       4  --  G4 H6

2024-05-31 22:17:59-0400: = D3
2024-05-31 22:18:02-0400: Controller: kata-list_time_settings
2024-05-31 22:18:02-0400: = none absolute byoyomi canadian fischer fischer-capped
2024-05-31 22:18:02-0400: Controller: play black j5
2024-05-31 22:18:02-0400: = 
2024-05-31 22:18:02-0400: Controller: genmove white
2024-05-31 22:18:02-0400: MoveNum: 18 HASH: A2E182B30C5BB6BE049EEAD7EC9CFF86
   A B C D E F G H J
 9 . . X X X X . . .
 8 . . . . X X O . X
 7 . O . . . . O X .
 6 . . O . O . . @ .
 5 . . . . . . O . X3
 4 . X X1. O . . . .
 3 . . O O2. . . X .
 2 . . . X X . . X .
 1 . . . . . . . . .

koPOSITIONALscoreAREAtaxNONEsui1komi5.5
Time taken: 0.266
Root visits: 54
New playouts: 54
NN rows: 55
NN batches: 8
NN avg batch size: 6.875
PlayoutDoublingAdvantage: 2.25
PV: H6 J6 C2
Tree:
: T 114.64c W  99.96c S  14.47c (+29.6 L +29.2) N      54  --  H6 J6 C2
---White(^)---
H6  : T 118.91c W  99.98c S  18.81c (+31.7 L +31.1) LCB  104.38c P 51.92% WF  33.5 PSV      33 N       7  --  H6 J6 C2
C2  : T 110.29c W  99.94c S  10.23c (+28.1 L +28.5) LCB   61.97c P 24.22% WF   8.8 PSV       8 N       4  --  C2 G9 H6
H5  : T 118.21c W  99.97c S  18.07c (+31.5 L +31.0) LCB   74.30c P  6.49% WF  18.4 PSV       3 N       4  --  H5 D5
F3  : T 114.42c W  99.98c S  14.52c (+29.6 L +29.3) LCB   66.93c P  4.98% WF  12.6 PSV       2 N       4  --  F3 H6 G6
H8  : T 116.95c W  99.95c S  17.09c (+30.8 L +30.3) LCB   71.60c P  4.29% WF  17.1 PSV       2 N       4  --  H8 F4
E3  : T 106.71c W  99.97c S   7.00c (+25.8 L +25.6) LCB   61.33c P  0.30% WF   7.2 PSV       0 N       4  --  E3 H6 H8
H9  : T 111.36c W  99.91c S  10.96c (+27.8 L +27.5) LCB   65.47c P  0.23% WF  10.2 PSV       0 N       4  --  H9 D5
G6  : T 113.33c W  99.97c S  13.47c (+28.8 L +28.8) LCB   31.96c P  1.96% WF   9.0 PSV       0 N       3  --  G6 D7
G3  : T 117.85c W  99.94c S  17.02c (+30.9 L +30.6) LCB   43.86c P  1.31% WF  12.2 PSV       0 N       3  --  G3 G2
H4  : T 115.38c W  99.98c S  15.37c (+29.9 L +29.2) LCB   35.03c P  1.22% WF  10.8 PSV       0 N       3  --  H4 H6

2024-05-31 22:18:02-0400: = H6
2024-05-31 22:18:05-0400: Controller: kata-list_time_settings
2024-05-31 22:18:05-0400: = none absolute byoyomi canadian fischer fischer-capped
2024-05-31 22:18:05-0400: Controller: play black e1
2024-05-31 22:18:05-0400: = 
2024-05-31 22:18:05-0400: Controller: genmove white
2024-05-31 22:18:05-0400: MoveNum: 20 HASH: 4224BE0F8687E8642E6C11CD9EF657B4
   A B C D E F G H J
 9 . . X X X X . . .
 8 . . . . X X O . X
 7 . O . . . . O X .
 6 . . O . O . . O2.
 5 . . . . . . O . X1
 4 . X X . O . . @ .
 3 . . O O . . . X .
 2 . . . X X . . X .
 1 . . . . X3. . . .

koPOSITIONALscoreAREAtaxNONEsui1komi5.5
Time taken: 0.281
Root visits: 63
New playouts: 63
NN rows: 64
NN batches: 8
NN avg batch size: 8
PlayoutDoublingAdvantage: 2.125
PV: H4 J4 J6
Tree:
: T 118.07c W  99.96c S  18.06c (+38.2 L +37.8) N      63  --  H4 J4 J6
---White(^)---
H4  : T 123.92c W  99.96c S  23.36c (+41.6 L +40.9) LCB  104.17c P 29.27% WF  32.6 PSV      34 N       6  --  H4 J4 J6
J6  : T 122.42c W  99.94c S  22.39c (+41.5 L +41.4) LCB   94.16c P 23.68% WF  24.0 PSV      21 N       5  --  J6 F4
C2  : T 119.53c W  99.96c S  19.54c (+38.4 L +38.1) LCB   91.57c P 23.47% WF  24.9 PSV      15 N       5  --  C2 J6 H8
F3  : T 116.02c W  99.98c S  16.03c (+36.9 L +36.3) LCB   72.27c P 14.48% WF  15.4 PSV       7 N       4  --  F3 C2 B3
G3  : T 119.92c W  99.97c S  19.56c (+38.8 L +38.4) LCB   76.41c P  3.61% WF  17.1 PSV       2 N       4  --  G3 C2
E3  : T 112.15c W  99.97c S  12.22c (+34.8 L +34.4) LCB   68.13c P  1.66% WF  10.2 PSV       0 N       4  --  E3 C2 B3
J4  : T 117.28c W  99.96c S  17.33c (+37.6 L +36.9) LCB   73.35c P  0.51% WF  13.9 PSV       0 N       4  --  J4 F4
H5  : T 120.81c W  99.94c S  20.80c (+40.0 L +40.0) LCB   77.48c P  0.45% WF  18.0 PSV       0 N       4  --  H5 H4
B3  : T 115.47c W  99.96c S  15.57c (+36.3 L +36.0) LCB   72.21c P  0.41% WF  13.3 PSV       0 N       4  --  B3 J6
B2  : T 114.93c W  99.96c S  15.20c (+36.3 L +36.2) LCB   71.18c P  0.34% WF  12.5 PSV       0 N       4  --  B2 J6 F3

2024-05-31 22:18:05-0400: = H4
2024-05-31 22:18:08-0400: Controller: kata-list_time_settings
2024-05-31 22:18:08-0400: = none absolute byoyomi canadian fischer fischer-capped
2024-05-31 22:18:08-0400: Controller: play black b8
2024-05-31 22:18:08-0400: = 
2024-05-31 22:18:08-0400: Controller: genmove white
2024-05-31 22:18:08-0400: MoveNum: 22 HASH: B79D58387DBA94D34450497F541DEFA1
   A B C D E F G H J
 9 . . X X X X . . .
 8 . X3. . X X O . X
 7 . O . . . . O X .
 6 . . O . O . . O .
 5 . . . . . . O . X
 4 . X X . O . . O2.
 3 . @ O O . . . X .
 2 . . . X X . . X .
 1 . . . . X1. . . .

koPOSITIONALscoreAREAtaxNONEsui1komi5.5
Time taken: 0.312
Root visits: 65
New playouts: 65
NN rows: 67
NN batches: 9
NN avg batch size: 7.44444
PlayoutDoublingAdvantage: 2
PV: B3 D7 A8 D6
Tree:
: T 113.10c W  99.94c S  11.80c (+39.2 L +39.3) N      65  --  B3 D7 A8 D6
---White(^)---
B3  : T 119.76c W  99.94c S  19.24c (+43.0 L +43.1) LCB  106.14c P 59.29% WF  41.9 PSV      41 N      10  --  B3 D7 A8 D6
D7  : T 114.59c W  99.96c S  14.67c (+39.9 L +39.6) LCB   85.72c P  6.21% WF  20.6 PSV       2 N       5  --  D7 C2
D5  : T 115.23c W  99.94c S  14.88c (+40.2 L +39.9) LCB   86.38c P  4.31% WF  19.6 PSV       2 N       5  --  D5 C7 B6
C7  : T 114.36c W  99.95c S  14.72c (+40.0 L +39.7) LCB   69.97c P  3.86% WF  16.1 PSV       1 N       4  --  C7 F4
C5  : T 117.94c W  99.95c S  17.73c (+41.8 L +41.8) LCB   74.58c P  3.14% WF  18.1 PSV       1 N       4  --  C5 J4
C2  : T  89.38c W  99.93c S  -7.30c (+25.2 L +25.3) LCB   -1.35c P  6.83% WF   7.9 PSV       1 N       3  --  C2 D7 D6
F3  : T  97.73c W  99.99c S  -0.59c (+32.0 L +31.9) LCB   19.13c P  6.42% WF   6.6 PSV       1 N       3  --  F3 D7 B3
D4  : T 106.68c W  99.93c S   6.56c (+36.2 L +37.0) LCB   61.60c P  3.09% WF   8.1 PSV       0 N       4  --  D4 D7 C7
B5  : T 116.65c W  99.94c S  14.29c (+40.7 L +41.2) LCB   60.82c P  0.72% WF  12.3 PSV       0 N       4  --  B5 B3 C2
D6  : T 114.45c W  99.96c S  14.51c (+39.9 L +39.6) LCB   70.01c P  0.67% WF  15.6 PSV       0 N       4  --  D6 C7

2024-05-31 22:18:08-0400: = B3
2024-05-31 22:18:11-0400: Controller: kata-list_time_settings
2024-05-31 22:18:11-0400: = none absolute byoyomi canadian fischer fischer-capped
2024-05-31 22:18:11-0400: Controller: play black g2
2024-05-31 22:18:11-0400: = 
2024-05-31 22:18:11-0400: Controller: genmove white
2024-05-31 22:18:12-0400: MoveNum: 24 HASH: D75EC9D8497714859EDB4E7E904829AD
   A B C D E F G H J
 9 . . X X X X . . .
 8 . X1. . X X O . X
 7 . O . . . . O X .
 6 . . O . O . . O .
 5 . . . . . . O . X
 4 . X X . O . . O @
 3 . O2O O . . . X .
 2 . . . X X . X3X .
 1 . . . . X . . . .

koPOSITIONALscoreAREAtaxNONEsui1komi5.5
Time taken: 0.281
Root visits: 65
New playouts: 65
NN rows: 66
NN batches: 8
NN avg batch size: 8.25
PlayoutDoublingAdvantage: 1.875
PV: J4 F4 F5
Tree:
: T 118.43c W  99.94c S  18.42c (+46.0 L +46.1) N      65  --  J4 F4 F5
---White(^)---
J4  : T 123.21c W  99.93c S  23.03c (+49.0 L +49.2) LCB  102.73c P 52.70% WF  32.7 PSV      32 N       6  --  J4 F4 F5
F3  : T 119.90c W  99.96c S  19.76c (+46.9 L +46.5) LCB   99.16c P 24.68% WF  27.6 PSV      11 N       6  --  F3 J4 J6
C2  : T 118.86c W  99.92c S  18.97c (+46.3 L +46.9) LCB   75.17c P 11.08% WF  17.9 PSV       4 N       4  --  C2 J4
E3  : T 120.60c W  99.95c S  20.45c (+47.3 L +47.7) LCB   75.97c P  1.51% WF  19.6 PSV       0 N       4  --  E3 D7
D4  : T 117.87c W  99.95c S  17.85c (+45.4 L +45.3) LCB   74.63c P  1.50% WF  17.3 PSV       0 N       4  --  D4 C7
J3  : T 119.08c W  99.93c S  19.08c (+46.4 L +46.4) LCB   75.95c P  0.86% WF  17.9 PSV       0 N       4  --  J3 J4
F4  : T 118.54c W  99.95c S  18.74c (+45.9 L +45.9) LCB   75.52c P  0.56% WF  19.6 PSV       0 N       4  --  F4 C2
C7  : T 112.45c W  99.97c S  12.59c (+42.9 L +42.8) LCB   69.00c P  0.54% WF  11.5 PSV       0 N       4  --  C7 F4
H5  : T 117.56c W  99.91c S  17.70c (+45.5 L +45.8) LCB   74.30c P  0.53% WF  18.1 PSV       0 N       4  --  H5 F4
J6  : T 117.70c W  99.96c S  17.61c (+45.2 L +44.9) LCB   74.68c P  0.52% WF  18.5 PSV       0 N       4  --  J6 F4 F5

2024-05-31 22:18:12-0400: = J4
2024-05-31 22:18:14-0400: Controller: kata-list_time_settings
2024-05-31 22:18:14-0400: = none absolute byoyomi canadian fischer fischer-capped
2024-05-31 22:18:14-0400: Controller: play black f4
2024-05-31 22:18:15-0400: = 
2024-05-31 22:18:15-0400: Controller: genmove white
2024-05-31 22:18:15-0400: MoveNum: 26 HASH: DA2BAC2EEC092207DD8BA732DE924563
   A B C D E F G H J
 9 . . X X X X . . .
 8 . X . . X X O . X
 7 . O . . . . O X .
 6 . . O . O . . O .
 5 . . . . . @ O . X
 4 . X X . O X3. O O2
 3 . O O O . . . X .
 2 . . . X X . X1X .
 1 . . . . X . . . .

koPOSITIONALscoreAREAtaxNONEsui1komi5.5
Time taken: 0.344
Root visits: 70
New playouts: 70
NN rows: 80
NN batches: 10
NN avg batch size: 8
PlayoutDoublingAdvantage: 1.75
PV: F5 E3 D4
Tree:
: T 117.58c W  99.94c S  17.33c (+45.7 L +45.8) N      70  --  F5 E3 D4
---White(^)---
F5  : T 121.36c W  99.95c S  21.18c (+47.4 L +47.4) LCB  109.86c P 45.06% WF  44.5 PSV      44 N       8  --  F5 E3 D4
F3  : T 120.81c W  99.94c S  20.71c (+47.6 L +47.5) LCB  101.15c P 27.92% WF  27.0 PSV      25 N       6  --  F3 E3 D4
E3  : T 120.17c W  99.92c S  19.81c (+47.4 L +48.3) LCB   86.69c P 11.41% WF  19.8 PSV       9 N       5  --  E3 D7
G4  : T 119.59c W  99.94c S  19.76c (+47.2 L +47.9) LCB   87.74c P  3.84% WF  20.1 PSV       3 N       5  --  G4 D7
D4  : T 118.81c W  99.97c S  18.40c (+45.8 L +45.4) LCB   74.75c P  5.43% WF  18.7 PSV       3 N       4  --  D4 F5 F6
E5  : T 117.81c W  99.96c S  17.44c (+45.3 L +45.0) LCB   89.69c P  2.60% WF  22.2 PSV       1 N       5  --  E5 E3 D4
C2  : T 112.53c W  99.85c S  13.17c (+44.1 L +45.0) LCB   61.45c P  2.08% WF   8.1 PSV       0 N       4  --  C2 D7
D5  : T 114.86c W  99.95c S  14.06c (+43.7 L +43.3) LCB   71.41c P  0.26% WF  13.4 PSV       0 N       4  --  D5 E3 D4
F6  : T 113.49c W  99.88c S  13.37c (+43.8 L +44.3) LCB   67.07c P  0.15% WF  10.0 PSV       0 N       4  --  F6 B2
B2  : T 112.18c W  99.86c S  11.95c (+43.3 L +43.5) LCB   64.96c P  0.11% WF   6.8 PSV       0 N       4  --  B2 D5 D6

2024-05-31 22:18:15-0400: = F5
2024-05-31 22:18:18-0400: Controller: kata-list_time_settings
2024-05-31 22:18:18-0400: = none absolute byoyomi canadian fischer fischer-capped
2024-05-31 22:18:18-0400: Controller: play black h5
2024-05-31 22:18:18-0400: = 
2024-05-31 22:18:18-0400: Controller: genmove white
2024-05-31 22:18:18-0400: MoveNum: 28 HASH: 22AAC3E4AD7731CBDEB47F11751351C7
   A B C D E F G H J
 9 . . X X X X . . .
 8 . X . . X X O . X
 7 . O . . . . O X .
 6 . . O . O . . O .
 5 . . . . . O2O X3X
 4 . X X . O X1. O O
 3 . O O O . @ . X .
 2 . . . X X . X X .
 1 . . . . X . . . .

koPOSITIONALscoreAREAtaxNONEsui1komi5.5
Time taken: 0.297
Root visits: 59
New playouts: 59
NN rows: 61
NN batches: 9
NN avg batch size: 6.77778
PlayoutDoublingAdvantage: 1.625
PV: F3 E3 D4
Tree:
: T 119.54c W  99.94c S  19.55c (+48.9 L +48.7) N      59  --  F3 E3 D4
---White(^)---
F3  : T 124.13c W  99.95c S  23.74c (+51.5 L +50.9) LCB  112.51c P 61.02% WF  45.3 PSV      44 N       8  --  F3 E3 D4
G4  : T 123.32c W  99.92c S  23.08c (+51.1 L +51.2) LCB   95.22c P 20.18% WF  27.9 PSV      13 N       5  --  G4 C2 B2
E3  : T 121.21c W  99.96c S  21.47c (+49.8 L +49.7) LCB   78.31c P  7.07% WF  21.1 PSV       4 N       4  --  E3 C2
C2  : T 119.88c W  99.93c S  20.06c (+49.1 L +48.9) LCB   76.15c P  7.05% WF  20.1 PSV       3 N       4  --  C2 G4
D4  : T 118.43c W  99.94c S  18.41c (+47.9 L +47.7) LCB   74.75c P  0.90% WF  16.7 PSV       0 N       4  --  D4 C7
C1  : T 117.32c W  99.94c S  17.67c (+47.6 L +47.5) LCB   74.01c P  0.64% WF  15.1 PSV       0 N       4  --  C1 E3
J6  : T 120.01c W  99.97c S  20.20c (+49.0 L +49.4) LCB   76.44c P  0.31% WF  21.2 PSV       0 N       4  --  J6 B2
J3  : T 116.73c W  99.94c S  16.80c (+47.4 L +47.4) LCB   72.59c P  0.28% WF  13.6 PSV       0 N       4  --  J3 B2
A2  : T 114.37c W  99.94c S  13.88c (+45.9 L +45.5) LCB   71.02c P  0.10% WF  12.3 PSV       0 N       4  --  A2 G4 J6
B2  : T 116.84c W  99.95c S  16.72c (+47.1 L +46.9) LCB   40.67c P  0.33% WF  11.0 PSV       0 N       3  --  B2 E3

2024-05-31 22:18:18-0400: = F3
2024-05-31 22:18:21-0400: Controller: kata-list_time_settings
2024-05-31 22:18:21-0400: = none absolute byoyomi canadian fischer fischer-capped
2024-05-31 22:18:21-0400: Controller: play black d5
2024-05-31 22:18:21-0400: = 
2024-05-31 22:18:21-0400: Controller: genmove white
2024-05-31 22:18:21-0400: MoveNum: 30 HASH: 864B435A0EA55268B6741216CE872F6D
   A B C D E F G H J
 9 . . X X X X . . .
 8 . X . . X X O . X
 7 . O . . . . O X .
 6 . . O @ O . . O .
 5 . . . X3. O O X1X
 4 . X X . O X . O O
 3 . O O O . O2. X .
 2 . . . X X . X X .
 1 . . . . X . . . .

koPOSITIONALscoreAREAtaxNONEsui1komi5.5
Time taken: 0.343
Root visits: 63
New playouts: 63
NN rows: 80
NN batches: 10
NN avg batch size: 8
PlayoutDoublingAdvantage: 1.5
PV: D6 E3 D4
Tree:
: T 119.40c W  99.94c S  18.76c (+51.1 L +51.1) N      63  --  D6 E3 D4
---White(^)---
D6  : T 121.17c W  99.95c S  20.84c (+51.8 L +51.5) LCB  106.24c P 19.43% WF  35.1 PSV      50 N       7  --  D6 E3 D4
C7  : T 122.08c W  99.96c S  22.10c (+52.4 L +52.0) LCB   93.64c P 18.01% WF  27.7 PSV      28 N       5  --  C7 C2 B2
D7  : T 120.87c W  99.96c S  20.63c (+51.5 L +51.2) LCB   91.79c P 32.64% WF  26.7 PSV      27 N       5  --  D7 E3 D4
D4  : T 121.81c W  99.94c S  21.83c (+52.7 L +53.1) LCB   71.89c P 10.00% WF  19.3 PSV      20 N       4  --  D4 D7
B5  : T 120.69c W  99.94c S  20.51c (+51.8 L +51.9) LCB   77.16c P  7.42% WF  19.9 PSV      12 N       4  --  B5 D7
A8  : T 120.43c W  99.94c S  20.56c (+51.8 L +51.9) LCB   76.91c P  2.68% WF  20.5 PSV       4 N       4  --  A8 C2
F2  : T 114.57c W  99.97c S  13.01c (+49.1 L +50.3) LCB   59.95c P  3.27% WF   6.7 PSV       2 N       4  --  F2 D7 D6
A6  : T 118.38c W  99.93c S  17.65c (+50.2 L +50.4) LCB   71.86c P  1.89% WF  14.7 PSV       1 N       4  --  A6 D7 D6
C8  : T 114.05c W  99.88c S  14.50c (+48.9 L +49.5) LCB   64.27c P  1.26% WF   9.3 PSV       0 N       4  --  C8 D7 A8
B6  : T 118.16c W  99.92c S  17.53c (+50.3 L +50.2) LCB   62.46c P  0.92% WF  13.1 PSV       0 N       4  --  B6 D7 D6

2024-05-31 22:18:21-0400: = D6
2024-05-31 22:18:24-0400: Controller: kata-list_time_settings
2024-05-31 22:18:24-0400: = none absolute byoyomi canadian fischer fischer-capped
2024-05-31 22:18:24-0400: Controller: play black b9
2024-05-31 22:18:24-0400: = 
2024-05-31 22:18:24-0400: Controller: genmove white
2024-05-31 22:18:25-0400: MoveNum: 32 HASH: DE99DC5CB8D62FBC0C1EFA8B4D52F2CB
   A B C D E F G H J
 9 . X3X X X X . . .
 8 . X . . X X O . X
 7 . O . . . . O X .
 6 . . O O2O . . O .
 5 . . . X1. O O X X
 4 . X X . O X . O O
 3 . O O O . O . X .
 2 . . . X X @ X X .
 1 . . . . X . . . .

koPOSITIONALscoreAREAtaxNONEsui1komi5.5
Time taken: 0.297
Root visits: 45
New playouts: 45
NN rows: 50
NN batches: 8
NN avg batch size: 6.25
PlayoutDoublingAdvantage: 1.375
PV: F2 E3 C2
Tree:
: T 112.91c W  99.95c S  16.23c (+62.9 L +63.5) N      45  --  F2 E3 C2
---White(^)---
F2  : T 132.64c W  99.92c S  32.92c (+80.4 L +82.8) LCB  104.11c P 74.64% WF  30.2 PSV      28 N       5  --  F2 E3 C2
C2  : T 110.83c W  99.96c S  10.75c (+57.6 L +58.2) LCB   -0.91c P 13.22% WF   9.8 PSV       2 N       3  --  C2 F2
G4  : T 104.08c W  99.95c S   4.39c (+54.9 L +54.7) LCB   18.62c P  3.38% WF   5.0 PSV       0 N       3  --  G4 C2
E3  : T 105.28c W  99.96c S   5.75c (+55.5 L +55.0) LCB   24.01c P  1.20% WF   4.5 PSV       0 N       3  --  E3 C2
C1  : T 105.32c W  99.97c S   5.71c (+55.4 L +55.2) LCB    6.13c P  1.17% WF   4.1 PSV       0 N       3  --  C1 C2
B2  : T 105.74c W  99.98c S   5.94c (+55.4 L +55.9) LCB  -20.24c P  0.84% WF   4.1 PSV       0 N       3  --  B2 F2
D4  : T 103.92c W  99.97c S   4.02c (+54.8 L +54.4) LCB   21.33c P  0.71% WF   5.0 PSV       0 N       3  --  D4 C2
J3  : T 103.96c W  99.88c S   4.55c (+54.8 L +54.5) LCB   13.13c P  0.59% WF   4.4 PSV       0 N       3  --  J3 E3
B5  : T  99.39c W  99.98c S  -0.24c (+52.9 L +52.4) LCB  -62.89c P  0.70% WF   2.8 PSV       0 N       2  --  B5 C2
D7  : T  97.29c W  99.95c S  -1.63c (+51.9 L +51.6) LCB  -60.70c P  0.25% WF   2.5 PSV       0 N       2  --  D7 E3

2024-05-31 22:18:25-0400: = F2
2024-05-31 22:18:28-0400: Controller: quit
2024-05-31 22:18:28-0400: Quit requested by controller
2024-05-31 22:18:28-0400: = 
2024-05-31 22:18:29-0400: GPU -1 finishing, processed 16595 rows 1473 batches
2024-05-31 22:18:29-0400: All cleaned up, quitting
