2024-06-19 20:37:21-0400: Running with following config:
allowResignation = true
lagBuffer = 1.0
logAllGTPCommunication = true
logDir = gtp_logs
logSearchInfo = true
logSearchInfoForChosenMove = false
logToStderr = false
maxTime = 1.0
maxTimePondering = 120.0
numSearchThreads = 16
ogsChatToStderr = true
ponderingEnabled = true
resignConsecTurns = 3
resignThreshold = -0.90
rules = tromp-taylor
searchFactorAfterOnePass = 0.50
searchFactorAfterTwoPass = 0.25
searchFactorWhenWinning = 0.40
searchFactorWhenWinningThreshold = 0.95

2024-06-19 20:37:21-0400: GTP Engine starting...
2024-06-19 20:37:21-0400: KataGo v1.14.1
2024-06-19 20:37:21-0400: Using TrompTaylor rules initially, unless GTP/GUI overrides this
2024-06-19 20:37:21-0400: Using 16 CPU thread(s) for search
2024-06-19 20:37:22-0400: nnRandSeed0 = 5550974785098655968
2024-06-19 20:37:22-0400: After dedups: nnModelFile0 = C:\Users\chang\Downloads\kata1-b28c512nbt-s7168446720-d4316919285.bin.gz useFP16 auto useNHWC auto
2024-06-19 20:37:22-0400: Initializing neural net buffer to be size 19 * 19 exactly
2024-06-19 20:37:28-0400: Found OpenCL Platform 0: NVIDIA CUDA (NVIDIA Corporation) (OpenCL 3.0 CUDA 12.5.51)
2024-06-19 20:37:28-0400: Found 1 device(s) on platform 0 with type CPU or GPU or Accelerator
2024-06-19 20:37:28-0400: Found OpenCL Platform 1: Intel(R) OpenCL Graphics (Intel(R) Corporation) (OpenCL 3.0 )
2024-06-19 20:37:28-0400: Found 1 device(s) on platform 1 with type CPU or GPU or Accelerator
2024-06-19 20:37:28-0400: Found OpenCL Device 0: NVIDIA GeForce RTX 4060 Laptop GPU (NVIDIA Corporation) (score 11000300)
2024-06-19 20:37:28-0400: Found OpenCL Device 1: Intel(R) UHD Graphics (Intel(R) Corporation) (score 6000300)
2024-06-19 20:37:28-0400: Creating context for OpenCL Platform: NVIDIA CUDA (NVIDIA Corporation) (OpenCL 3.0 CUDA 12.5.51)
2024-06-19 20:37:28-0400: Using OpenCL Device 0: NVIDIA GeForce RTX 4060 Laptop GPU (NVIDIA Corporation) OpenCL 3.0 CUDA (Extensions: cl_khr_global_int32_base_atomics cl_khr_global_int32_extended_atomics cl_khr_local_int32_base_atomics cl_khr_local_int32_extended_atomics cl_khr_fp64 cl_khr_3d_image_writes cl_khr_byte_addressable_store cl_khr_icd cl_khr_gl_sharing cl_nv_compiler_options cl_nv_device_attribute_query cl_nv_pragma_unroll cl_nv_d3d10_sharing cl_khr_d3d10_sharing cl_nv_d3d11_sharing cl_nv_copy_opts cl_nv_create_buffer cl_khr_int64_base_atomics cl_khr_int64_extended_atomics cl_khr_device_uuid cl_khr_pci_bus_info cl_khr_external_semaphore cl_khr_external_memory cl_khr_external_semaphore_win32 cl_khr_external_memory_win32)
2024-06-19 20:37:28-0400: Loaded tuning parameters from: C:\Users\chang\Downloads\katago-v1.14.1-opencl-windows-x64/KataGoData/opencltuning/tune11_gpuNVIDIAGeForceRTX4060LaptopGPU_x19_y19_c512_mv15.txt
2024-06-19 20:37:28-0400: OpenCL backend thread 0: Model version 15
2024-06-19 20:37:28-0400: OpenCL backend thread 0: Model name: kata1-b28c512nbt-s7168446720-d4316919285
2024-06-19 20:37:36-0400: OpenCL backend thread 0: FP16Storage true FP16Compute false FP16TensorCores true FP16TensorCoresFor1x1 false
2024-06-19 20:37:36-0400: Loaded neural net with nnXLen 19 nnYLen 19
2024-06-19 20:37:36-0400: Initializing board with boardXSize 19 boardYSize 19
2024-06-19 20:37:36-0400: Loaded config C:/Users/chang/Downloads/katago-v1.14.1-opencl-windows-x64/default_gtp.cfg
2024-06-19 20:37:36-0400: Loaded model C:\Users\chang\Downloads\kata1-b28c512nbt-s7168446720-d4316919285.bin.gz
2024-06-19 20:37:36-0400: Model name: kata1-b28c512nbt-s7168446720-d4316919285
2024-06-19 20:37:36-0400: GTP ready, beginning main protocol loop
2024-06-19 20:37:36-0400: Controller: list_commands
2024-06-19 20:37:36-0400: = protocol_version
name
version
known_command
list_commands
quit
boardsize
rectangular_boardsize
clear_board
set_position
komi
get_komi
play
undo
kata-get-rules
kata-set-rule
kata-set-rules
kata-get-param
kata-set-param
kata-list-params
kgs-rules
genmove
genmove_debug
search_debug
clear_cache
showboard
fixed_handicap
place_free_handicap
set_free_handicap
time_settings
kgs-time_settings
time_left
kata-list_time_settings
kata-time_settings
final_score
final_status_list
loadsgf
printsgf
lz-genmove_analyze
kata-genmove_analyze
lz-analyze
kata-analyze
kata-raw-nn
cputime
gomill-cpu_time
kata-benchmark
kata-debug-print-tc
debug_moves
stop
2024-06-19 20:37:36-0400: Controller: boardsize 9
2024-06-19 20:37:36-0400: GPU -1 finishing, processed 0 rows 0 batches
2024-06-19 20:37:36-0400: Cleaned up old neural net and bot
2024-06-19 20:37:36-0400: nnRandSeed0 = 5233633357266817896
2024-06-19 20:37:36-0400: After dedups: nnModelFile0 = C:\Users\chang\Downloads\kata1-b28c512nbt-s7168446720-d4316919285.bin.gz useFP16 auto useNHWC auto
2024-06-19 20:37:36-0400: Initializing neural net buffer to be size 9 * 9 exactly
2024-06-19 20:37:44-0400: Found OpenCL Platform 0: NVIDIA CUDA (NVIDIA Corporation) (OpenCL 3.0 CUDA 12.5.51)
2024-06-19 20:37:44-0400: Found 1 device(s) on platform 0 with type CPU or GPU or Accelerator
2024-06-19 20:37:44-0400: Found OpenCL Platform 1: Intel(R) OpenCL Graphics (Intel(R) Corporation) (OpenCL 3.0 )
2024-06-19 20:37:44-0400: Found 1 device(s) on platform 1 with type CPU or GPU or Accelerator
2024-06-19 20:37:44-0400: Found OpenCL Device 0: NVIDIA GeForce RTX 4060 Laptop GPU (NVIDIA Corporation) (score 11000300)
2024-06-19 20:37:44-0400: Found OpenCL Device 1: Intel(R) UHD Graphics (Intel(R) Corporation) (score 6000300)
2024-06-19 20:37:44-0400: Creating context for OpenCL Platform: NVIDIA CUDA (NVIDIA Corporation) (OpenCL 3.0 CUDA 12.5.51)
2024-06-19 20:37:45-0400: Using OpenCL Device 0: NVIDIA GeForce RTX 4060 Laptop GPU (NVIDIA Corporation) OpenCL 3.0 CUDA (Extensions: cl_khr_global_int32_base_atomics cl_khr_global_int32_extended_atomics cl_khr_local_int32_base_atomics cl_khr_local_int32_extended_atomics cl_khr_fp64 cl_khr_3d_image_writes cl_khr_byte_addressable_store cl_khr_icd cl_khr_gl_sharing cl_nv_compiler_options cl_nv_device_attribute_query cl_nv_pragma_unroll cl_nv_d3d10_sharing cl_khr_d3d10_sharing cl_nv_d3d11_sharing cl_nv_copy_opts cl_nv_create_buffer cl_khr_int64_base_atomics cl_khr_int64_extended_atomics cl_khr_device_uuid cl_khr_pci_bus_info cl_khr_external_semaphore cl_khr_external_memory cl_khr_external_semaphore_win32 cl_khr_external_memory_win32)
2024-06-19 20:37:45-0400: Loaded tuning parameters from: C:\Users\chang\Downloads\katago-v1.14.1-opencl-windows-x64/KataGoData/opencltuning/tune11_gpuNVIDIAGeForceRTX4060LaptopGPU_x19_y19_c512_mv15.txt
2024-06-19 20:37:45-0400: OpenCL backend thread 0: Model version 15
2024-06-19 20:37:45-0400: OpenCL backend thread 0: Model name: kata1-b28c512nbt-s7168446720-d4316919285
2024-06-19 20:37:53-0400: OpenCL backend thread 0: FP16Storage true FP16Compute false FP16TensorCores true FP16TensorCoresFor1x1 false
2024-06-19 20:37:53-0400: Loaded neural net with nnXLen 9 nnYLen 9
2024-06-19 20:37:53-0400: Initializing board with boardXSize 9 boardYSize 9
2024-06-19 20:37:53-0400: = 
2024-06-19 20:37:53-0400: Controller: clear_board
2024-06-19 20:37:53-0400: = 
2024-06-19 20:37:53-0400: Controller: komi 7.5
2024-06-19 20:37:53-0400: = 
2024-06-19 20:37:53-0400: Controller: play black g6
2024-06-19 20:37:53-0400: = 
2024-06-19 20:37:53-0400: Controller: genmove white
2024-06-19 20:37:54-0400: MoveNum: 1 HASH: 957A17C2995481AEF49324BDCA039975
   A B C D E F G H J
 9 . . . . . . . . .
 8 . . . . . . . . .
 7 . . . . . . . . .
 6 . . . . . . X1. .
 5 . . . . . . . . .
 4 . . . @ . . . . .
 3 . . . . . . . . .
 2 . . . . . . . . .
 1 . . . . . . . . .

koPOSITIONALscoreAREAtaxNONEsui1komi7.5
Time taken: 1.313
Root visits: 570
New playouts: 570
NN rows: 555
NN batches: 46
NN avg batch size: 12.0652
PV: D4 E4 D5 D3 C3 E3 E6 F6 C2 E7 D7 E8 D8 C4 B4 C5 C6 D2 F2 E1
Tree:
: T  87.39c W  88.79c S  -0.67c ( +2.1 L  +1.2) N     570  --  D4 E4 D5 D3 C3 E3 E6
---White(^)---
D4  : T  90.53c W  91.41c S  -0.31c ( +2.2 L  +1.4) LCB   88.22c P 71.94% WF 524.9 PSV     513 N     296  --  D4 E4 D5 D3 C3 E3 E6 F6
D5  : T  86.58c W  88.32c S  -1.13c ( +1.8 L  +1.1) LCB   84.12c P  5.38% WF  72.5 PSV      14 N      38  --  D5 F3 F4 E4 E5 F5 G4 D4
D6  : T  87.52c W  88.41c S  -0.54c ( +2.1 L  +1.2) LCB   84.24c P  4.31% WF  93.6 PSV      13 N      54  --  D6 D4 F5 F6 E5 E3 G5 G3
F5  : T  83.43c W  86.05c S  -1.52c ( +1.7 L  +0.8) LCB   78.47c P  5.14% WF  44.2 PSV       8 N      27  --  F5 F6 D5 D7 D3 D2 C3 G4
E5  : T  85.71c W  87.06c S  -0.88c ( +1.9 L  +0.8) LCB   81.82c P  1.91% WF  58.9 PSV       4 N      34  --  E5 C5 F4 D3 F7
E4  : T  83.15c W  85.64c S  -1.44c ( +1.7 L  +0.8) LCB   75.67c P  2.87% WF  35.6 PSV       4 N      20  --  E4 D6 C4 C5 B5 B6 D5
E6  : T  84.01c W  86.49c S  -1.39c ( +1.7 L  +0.8) LCB   77.73c P  1.88% WF  43.6 PSV       3 N      28  --  E6 F4 E4 F3 C6 B6 C7 D3
C4  : T  84.01c W  85.51c S  -0.73c ( +2.0 L  +1.1) LCB   77.62c P  1.57% WF  36.8 PSV       2 N      24  --  C4 D4 D5 E5 E6 D6 C5
C5  : T  78.17c W  81.56c S  -1.20c ( +1.8 L  +0.9) LCB   62.29c P  1.12% WF  20.8 PSV       1 N      14  --  C5 D5 D4 E4 E3 C4 D3 C6
D3  : T  73.87c W  79.57c S  -1.48c ( +1.6 L  +0.8) LCB   45.54c P  0.58% WF  12.2 PSV       0 N       9  --  D3 C5 E4 D6 E6

2024-06-19 20:37:54-0400: = D4
2024-06-19 20:37:54-0400: Controller: kata-list_time_settings
2024-06-19 20:37:54-0400: = none absolute byoyomi canadian fischer fischer-capped
2024-06-19 20:37:54-0400: Controller: play black c5
2024-06-19 20:37:54-0400: = 
2024-06-19 20:37:54-0400: Controller: genmove white
2024-06-19 20:37:55-0400: MoveNum: 3 HASH: 9151EDEA71A5854F0D872ADD56DE8632
   A B C D E F G H J
 9 . . . . . . . . .
 8 . . . . . . . . .
 7 . . . . . . . . .
 6 . . . . . . X1. .
 5 . . X3. . @ . . .
 4 . . . O2. . . . .
 3 . . . . . . . . .
 2 . . . . . . . . .
 1 . . . . . . . . .

koPOSITIONALscoreAREAtaxNONEsui1komi7.5
Time taken: 1.078
Root visits: 572
New playouts: 555
NN rows: 561
NN batches: 50
NN avg batch size: 11.22
PV: F5 G5 G4 C4 F6 F7 E7 G8
Tree:
: T  91.77c W  91.15c S   1.65c ( +2.2 L  +1.5) N     572  --  F5 G5 G4 C4 F6 F7 E7
---White(^)---
F5  : T  94.48c W  93.45c S   1.69c ( +2.2 L  +1.6) LCB   91.70c P  7.32% WF 341.9 PSV     971 N     159  --  F5 G5 G4 C4 F6 F7 E7 G8
D5  : T  92.35c W  91.34c S   1.81c ( +2.3 L  +1.6) LCB   89.16c P 68.81% WF 404.3 PSV     404 N     236  --  D5 D6 E6 C4 E7 C7 C3 E5
C4  : T  85.99c W  87.83c S   1.61c ( +2.2 L  +1.3) LCB   76.59c P 16.70% WF  64.9 PSV      33 N      43  --  C4 D5 E5 E6 F5 F6 G5 B4
E6  : T  86.57c W  87.13c S   0.92c ( +1.9 L  +1.1) LCB   77.39c P  2.90% WF  33.5 PSV       6 N      20  --  E6 C4 F4 D3 E3 E5 F5
F4  : T  92.43c W  91.93c S   1.74c ( +2.2 L  +1.4) LCB   85.36c P  0.76% WF 101.7 PSV       4 N      56  --  F4 E5 D5 D6 E4 C6 G5 F5
D6  : T  72.85c W  75.75c S   0.06c ( +1.5 L  +0.9) LCB  -87.58c P  1.31% WF   2.2 PSV       1 N       2  --  D6 D5
F6  : T  77.28c W  78.38c S  -0.04c ( +1.4 L  +0.7) LCB  -77.91c P  1.04% WF   2.9 PSV       1 N       2  --  F6 F5
F7  : T  75.99c W  83.28c S   0.77c ( +1.8 L  +0.9) LCB   39.36c P  0.18% WF   7.3 PSV       0 N      10  --  F7 D5 E5 E4 F5 E3
G4  : T  76.48c W  76.65c S  -0.17c ( +1.4 L  +1.3) LCB -273.52c P  0.22% WF   1.4 PSV       0 N       1  --  G4
E7  : T  78.29c W  78.95c S  -0.67c ( +1.2 L  +1.2) LCB -271.71c P  0.19% WF   1.6 PSV       0 N       1  --  E7

2024-06-19 20:37:55-0400: = F5
2024-06-19 20:38:13-0400: Controller: kata-list_time_settings
2024-06-19 20:38:13-0400: = none absolute byoyomi canadian fischer fischer-capped
2024-06-19 20:38:13-0400: Controller: play black d5
2024-06-19 20:38:13-0400: = 
2024-06-19 20:38:13-0400: Controller: genmove white
2024-06-19 20:38:14-0400: MoveNum: 5 HASH: B4C02E650615C34C083D0D2FE53D0AE5
   A B C D E F G H J
 9 . . . . . . . . .
 8 . . . . . . . . .
 7 . . . . . . . . .
 6 . . . . . . X . .
 5 . . X1X3@ O2. . .
 4 . . . O . . . . .
 3 . . . . . . . . .
 2 . . . . . . . . .
 1 . . . . . . . . .

koPOSITIONALscoreAREAtaxNONEsui1komi7.5
Time taken: 1.046
Root visits: 2380
New playouts: 648
NN rows: 495
NN batches: 46
NN avg batch size: 10.7609
PV: E5 C4 D3 G5 F7 G3 C7 C3 F3 G7 C2 B2 G2 E7 F8 F6 E8 E6 G8
Tree:
: T  93.04c W  91.55c S   1.51c ( +1.9 L  +1.6) N    2380  --  E5 C4 D3 G5 F7 G3 C7
---White(^)---
E5  : T  93.06c W  91.57c S   1.51c ( +1.9 L  +1.6) LCB   91.64c P 98.56% WF 3564.8 PSV    3565 N    2376  --  E5 C4 D3 G5 F7 G3 C7 C3
F6  : T  83.27c W  84.04c S   0.49c ( +1.5 L  +0.8) LCB  -72.45c P  0.80% WF   3.6 PSV       3 N       2  --  F6 E4
C4  : T  55.82c W  56.27c S  -0.45c ( +1.1 L  +0.9) LCB -294.18c P  0.23% WF   0.8 PSV       0 N       1  --  C4

2024-06-19 20:38:14-0400: = E5
2024-06-19 20:38:21-0400: Controller: kata-list_time_settings
2024-06-19 20:38:21-0400: = none absolute byoyomi canadian fischer fischer-capped
2024-06-19 20:38:21-0400: Controller: play black c4
2024-06-19 20:38:21-0400: = 
2024-06-19 20:38:21-0400: Controller: genmove white
2024-06-19 20:38:22-0400: MoveNum: 7 HASH: 31691FFBE14CDBF3DF8CD93AEA138942
   A B C D E F G H J
 9 . . . . . . . . .
 8 . . . . . . . . .
 7 . . . . . . . . .
 6 . . . . . . X . .
 5 . . X X1O2O @ . .
 4 . . X3O . . . . .
 3 . . . . . . . . .
 2 . . . . . . . . .
 1 . . . . . . . . .

koPOSITIONALscoreAREAtaxNONEsui1komi7.5
Time taken: 1.031
Root visits: 8274
New playouts: 733
NN rows: 513
NN batches: 49
NN avg batch size: 10.4694
PV: G5 D3 E7 E8 D7 H5 H4 F7 F6 G7 D8 H6 G3 B7 E2 D2 F8 G8 E9 J8 D1 E3 F2 C1 E1
Tree:
: T  95.89c W  94.38c S   1.73c ( +2.2 L  +2.1) N    8274  --  G5 D3 E7 E8 D7 H5 H4
---White(^)---
G5  : T  96.51c W  94.82c S   1.88c ( +2.2 L  +2.2) LCB   95.69c P 77.78% WF 11171.8 PSV   11057 N    6031  --  G5 D3 E7 E8 D7 H5 H4 F7
D3  : T  94.17c W  93.30c S   1.28c ( +2.0 L  +1.7) LCB   92.74c P  6.32% WF 2742.5 PSV     240 N    1909  --  D3 G5 F7 G3 C7 D7 D8 B7
E7  : T  85.94c W  86.08c S   0.06c ( +1.5 L  +1.0) LCB   78.38c P 12.38% WF 150.2 PSV     132 N     270  --  E7 G5 D3 G3 C7 C3 F3 F7
F7  : T  86.15c W  84.96c S   0.40c ( +1.6 L  +1.0) LCB   77.20c P  3.10% WF  74.0 PSV      33 N      62  --  F7 D3 G4 H4 H5 D7 E7 H3
D6  : T  75.36c W  77.08c S  -1.72c ( +0.7 L  +0.7) LCB -274.64c P  0.18% WF   1.6 PSV       1 N       1  --  D6

2024-06-19 20:38:22-0400: = G5
2024-06-19 20:38:23-0400: Controller: kata-list_time_settings
2024-06-19 20:38:23-0400: = none absolute byoyomi canadian fischer fischer-capped
2024-06-19 20:38:23-0400: Controller: play black d3
2024-06-19 20:38:23-0400: = 
2024-06-19 20:38:23-0400: Controller: genmove white
2024-06-19 20:38:24-0400: MoveNum: 9 HASH: 0A77E79A17C8A2486D2E6CA76B4504C9
   A B C D E F G H J
 9 . . . . . . . . .
 8 . . . . . . . . .
 7 . . . . @ . . . .
 6 . . . . . . X . .
 5 . . X X O O O2. .
 4 . . X1O . . . . .
 3 . . . X3. . . . .
 2 . . . . . . . . .
 1 . . . . . . . . .

koPOSITIONALscoreAREAtaxNONEsui1komi7.5
Time taken: 1.047
Root visits: 6910
New playouts: 917
NN rows: 520
NN batches: 47
NN avg batch size: 11.0638
PV: E7 E8 D7 H5 H4 F7 F6 G7 D8 H6 G3 B7 F8 G8 E9 J8 E2 D2 D1 E3 F2 C1 E1 C2 B8
Tree:
: T  96.43c W  95.05c S   1.55c ( +2.0 L  +2.1) N    6910  --  E7 E8 D7 H5 H4 F7 F6
---White(^)---
E7  : T  96.60c W  95.20c S   1.57c ( +2.0 L  +2.1) LCB   95.85c P 82.84% WF 12652.0 PSV   12632 N    6701  --  E7 E8 D7 H5 H4 F7 F6 G7
F7  : T  86.36c W  86.53c S   0.45c ( +1.6 L  +1.1) LCB   80.04c P 12.68% WF 134.9 PSV     128 N     121  --  F7 E8 F8 G3 F3 F2 G2 H2
E8  : T  90.19c W  89.10c S   0.64c ( +1.7 L  +1.3) LCB   83.28c P  4.11% WF 112.2 PSV      63 N      85  --  E8 H5 H4 H6 G3 F7 E7 F8
D6  : T  41.95c W  45.35c S  -3.41c ( -0.1 L  +0.1) LCB -308.05c P  0.13% WF   0.8 PSV       0 N       1  --  D6
F8  : T  43.61c W  46.76c S  -3.16c ( +0.0 L  +0.1) LCB -306.39c P  0.12% WF   0.8 PSV       0 N       1  --  F8

2024-06-19 20:38:24-0400: = E7
2024-06-19 20:38:25-0400: Controller: kata-list_time_settings
2024-06-19 20:38:25-0400: = none absolute byoyomi canadian fischer fischer-capped
2024-06-19 20:38:25-0400: Controller: play black e8
2024-06-19 20:38:25-0400: = 
2024-06-19 20:38:25-0400: Controller: genmove white
2024-06-19 20:38:26-0400: MoveNum: 11 HASH: 203C6C3DF562EEC1A6E1323F2537EAE7
   A B C D E F G H J
 9 . . . . . . . . .
 8 . . . . X3. . . .
 7 . . . @ O2. . . .
 6 . . . . . . X . .
 5 . . X X O O O . .
 4 . . X O . . . . .
 3 . . . X1. . . . .
 2 . . . . . . . . .
 1 . . . . . . . . .

koPOSITIONALscoreAREAtaxNONEsui1komi7.5
Time taken: 1.047
Root visits: 6286
New playouts: 1087
NN rows: 519
NN batches: 48
NN avg batch size: 10.8125
PV: D7 H5 H4 F7 F6 G7 D8 H6 G3 B7 E2 D2 F8 G8 E9 J8 D1 E3 F2 C1 E1 C2 B8 C7 C8
Tree:
: T  96.69c W  95.29c S   1.55c ( +1.9 L  +2.0) N    6286  --  D7 H5 H4 F7 F6 G7 D8
---White(^)---
D7  : T  97.30c W  95.84c S   1.61c ( +2.0 L  +2.1) LCB   96.60c P  2.98% WF 11700.0 PSV   11619 N    5723  --  D7 H5 H4 F7 F6 G7 D8 H6
F7  : T  88.46c W  87.19c S   0.79c ( +1.6 L  +1.4) LCB   84.75c P 19.95% WF 282.4 PSV     242 N     277  --  F7 D7 D8 F8 G8 C8 D6 C7
D8  : T  86.86c W  86.21c S   0.64c ( +1.6 L  +1.4) LCB   81.44c P 16.17% WF 173.4 PSV     166 N     175  --  D8 F8 F7 D7 G8 C8 D6 C7
F8  : T -41.78c W -23.89c S  -7.32c ( -2.6 L  -2.6) LCB  -79.85c P 49.93% WF  15.4 PSV      38 N      72  --  F8 D7 D8 E6 E9 F6 C7 H5
D6  : T  63.25c W  69.75c S  -1.64c ( +0.7 L  +0.3) LCB   44.64c P 10.79% WF  27.7 PSV      34 N      38  --  D6 D8 C6 F7 G8 H6 F8 H8

2024-06-19 20:38:26-0400: = D7
2024-06-19 20:38:27-0400: Controller: kata-list_time_settings
2024-06-19 20:38:27-0400: = none absolute byoyomi canadian fischer fischer-capped
2024-06-19 20:38:27-0400: Controller: play black f7
2024-06-19 20:38:27-0400: = 
2024-06-19 20:38:27-0400: Controller: genmove white
2024-06-19 20:38:28-0400: MoveNum: 13 HASH: 93DB914B9EDB9CCAF64D458603378E8F
   A B C D E F G H J
 9 . . . . . . . . .
 8 . . . . X1. . . .
 7 . . . O2O X3. . .
 6 . . . . . @ X . .
 5 . . X X O O O . .
 4 . . X O . . . . .
 3 . . . X . . . . .
 2 . . . . . . . . .
 1 . . . . . . . . .

koPOSITIONALscoreAREAtaxNONEsui1komi7.5
Time taken: 1.063
Root visits: 3946
New playouts: 705
NN rows: 544
NN batches: 49
NN avg batch size: 11.102
PV: F6 G7 D8 H5 H4 H6 G3 B7 E2 E3 F8 G8 E9 J8 F2 D2 B8 C7 C8 A8 D1
Tree:
: T  97.47c W  96.13c S   1.60c ( +1.9 L  +2.0) N    3946  --  F6 G7 D8 H5 H4 H6 G3
---White(^)---
F6  : T  97.53c W  96.19c S   1.60c ( +1.9 L  +2.0) LCB   96.76c P 91.47% WF 8168.9 PSV    8166 N    3925  --  F6 G7 D8 H5 H4 H6 G3 B7
D8  : T  56.44c W  58.87c S  -1.69c ( +0.6 L  +0.2) LCB   24.85c P  7.92% WF  11.2 PSV      13 N      19  --  D8 H5 F6 H6 G7 F8 G8 G4
H6  : T -42.89c W -36.70c S  -6.19c ( -1.2 L  -0.5) LCB -392.89c P  0.40% WF   0.3 PSV       0 N       1  --  H6

2024-06-19 20:38:28-0400: = F6
2024-06-19 20:38:29-0400: Controller: kata-list_time_settings
2024-06-19 20:38:29-0400: = none absolute byoyomi canadian fischer fischer-capped
2024-06-19 20:38:29-0400: Controller: play black g7
2024-06-19 20:38:29-0400: = 
2024-06-19 20:38:29-0400: Controller: genmove white
2024-06-19 20:38:30-0400: MoveNum: 15 HASH: B24D97320EF71853D6E2EBC69A2AC1A9
   A B C D E F G H J
 9 . . . . . . . . .
 8 . . . @ X . . . .
 7 . . . O O X1X3. .
 6 . . . . . O2X . .
 5 . . X X O O O . .
 4 . . X O . . . . .
 3 . . . X . . . . .
 2 . . . . . . . . .
 1 . . . . . . . . .

koPOSITIONALscoreAREAtaxNONEsui1komi7.5
Time taken: 1.047
Root visits: 4095
New playouts: 703
NN rows: 521
NN batches: 46
NN avg batch size: 11.3261
PV: D8 H5 H4 J6 F3 E2 F8 G8 E9 J8 B6 F2 H2 B5 B7 E4 G3 E3 G2 A5
Tree:
: T  97.13c W  95.94c S   1.48c ( +1.9 L  +2.0) N    4095  --  D8 H5 H4 J6 F3 E2 F8
---White(^)---
D8  : T  97.16c W  95.96c S   1.48c ( +1.9 L  +2.0) LCB   96.37c P 98.93% WF 8502.0 PSV    8501 N    4091  --  D8 H5 H4 J6 F3 E2 F8 G8
H5  : T -102.58c W -92.92c S  -9.66c ( -2.6 L  -3.8) LCB -452.58c P  0.41% WF   0.5 PSV       0 N       1  --  H5
E2  : T  41.73c W  45.04c S  -3.31c ( -0.0 L  +0.3) LCB -308.27c P  0.31% WF   0.6 PSV       0 N       1  --  E2
E3  : T -47.06c W -40.97c S  -6.09c ( -1.1 L  -0.9) LCB -397.06c P  0.23% WF   0.3 PSV       0 N       1  --  E3

2024-06-19 20:38:30-0400: = D8
2024-06-19 20:38:31-0400: Controller: kata-list_time_settings
2024-06-19 20:38:31-0400: = none absolute byoyomi canadian fischer fischer-capped
2024-06-19 20:38:31-0400: Controller: play black h5
2024-06-19 20:38:31-0400: = 
2024-06-19 20:38:31-0400: Controller: genmove white
2024-06-19 20:38:32-0400: MoveNum: 17 HASH: CA8EEC4CA9EC6888AD7698637A9F3ED2
   A B C D E F G H J
 9 . . . . . . . . .
 8 . . . O2X . . . .
 7 . . . O O X X1. .
 6 . . . . . O X . .
 5 . . X X O O O X3.
 4 . . X O . . . @ .
 3 . . . X . . . . .
 2 . . . . . . . . .
 1 . . . . . . . . .

koPOSITIONALscoreAREAtaxNONEsui1komi7.5
Time taken: 1.047
Root visits: 5263
New playouts: 704
NN rows: 530
NN batches: 49
NN avg batch size: 10.8163
PV: H4 H6 G3 F9 B6 F2 E4 E2 B5 B4
Tree:
: T  97.13c W  95.82c S   1.62c ( +2.0 L  +2.1) N    5263  --  H4 H6 G3 F9 B6 F2 E4
---White(^)---
H4  : T  97.13c W  95.82c S   1.62c ( +2.0 L  +2.1) LCB   96.40c P 99.90% WF 10770.2 PSV   10770 N    5262  --  H4 H6 G3 F9 B6 F2 E4 E2

2024-06-19 20:38:32-0400: = H4
2024-06-19 20:38:33-0400: Controller: kata-list_time_settings
2024-06-19 20:38:33-0400: = none absolute byoyomi canadian fischer fischer-capped
2024-06-19 20:38:33-0400: Controller: play black h6
2024-06-19 20:38:33-0400: = 
2024-06-19 20:38:33-0400: Controller: genmove white
2024-06-19 20:38:34-0400: MoveNum: 19 HASH: 43B0C056D6E2D5A1B73F69914D5081E7
   A B C D E F G H J
 9 . . . . . . . . .
 8 . . . O X . . . .
 7 . . . O O X X . .
 6 . . . . . O X X3.
 5 . . X X O O O X1.
 4 . . X O . . . O2.
 3 . . . X . . @ . .
 2 . . . . . . . . .
 1 . . . . . . . . .

koPOSITIONALscoreAREAtaxNONEsui1komi7.5
Time taken: 0.969
Root visits: 4078
New playouts: 815
NN rows: 465
NN batches: 45
NN avg batch size: 10.3333
PV: G3 F9 B6 F2 E4 E2 H8 G8 D9 E9 A5
Tree:
: T  97.33c W  96.00c S   1.61c ( +2.2 L  +2.3) N    4078  --  G3 F9 B6 F2 E4 E2 H8
---White(^)---
G3  : T  97.79c W  96.42c S   1.64c ( +2.2 L  +2.3) LCB   97.03c P 48.15% WF 7789.0 PSV    7752 N    3594  --  G3 F9 B6 F2 E4 E2 H8 G8
F3  : T  92.80c W  92.13c S   0.85c ( +1.9 L  +1.8) LCB   88.87c P 24.71% WF 344.3 PSV     332 N     241  --  F3 E2 F8 G8 E9 D6 F2 B7
E2  : T  92.96c W  91.66c S   2.22c ( +2.5 L  +2.2) LCB   86.40c P 12.94% WF 225.2 PSV     179 N     165  --  E2 H3 G4 J4 G2 B7 F8 G8
E3  : T  84.32c W  83.68c S   0.34c ( +1.7 L  +1.2) LCB   74.78c P  9.02% WF  55.7 PSV      47 N      58  --  E3 E2 F2 D2 F8 G8 E9 G3
E4  : T  82.03c W  85.26c S   0.85c ( +1.9 L  +1.1) LCB   69.33c P  4.09% WF  16.6 PSV      18 N      15  --  E4 E2 G3 B7 H8 F8 B8
F8  : T  82.04c W  83.38c S  -1.09c ( +1.1 L  +0.5) LCB    7.62c P  0.65% WF   3.2 PSV       2 N       3  --  F8 H3
B6  : T  34.99c W  38.27c S  -3.28c ( +0.1 L  +0.3) LCB -315.01c P  0.15% WF   0.6 PSV       0 N       1  --  B6

2024-06-19 20:38:34-0400: = G3
2024-06-19 20:38:41-0400: Controller: kata-list_time_settings
2024-06-19 20:38:41-0400: = none absolute byoyomi canadian fischer fischer-capped
2024-06-19 20:38:41-0400: Controller: play black b7
2024-06-19 20:38:41-0400: = 
2024-06-19 20:38:41-0400: Controller: genmove white
2024-06-19 20:38:42-0400: MoveNum: 21 HASH: 45F2B071723BEB661EA075C7DF65797A
   A B C D E F G H J
 9 . . . . . . . . .
 8 . . . O X @ . . .
 7 . X3. O O X X . .
 6 . . . . . O X X1.
 5 . . X X O O O X .
 4 . . X O . . . O .
 3 . . . X . . O2. .
 2 . . . . . . . . .
 1 . . . . . . . . .

koPOSITIONALscoreAREAtaxNONEsui1komi7.5
Time taken: 0.938
Root visits: 8872
New playouts: 574
NN rows: 459
NN batches: 42
NN avg batch size: 10.9286
PV: F8 G8 E9 D6 E2 D2 B8 C7 C8 E4 G2 E6 E3 A8 D1 F4 G4 C1 E1 C2 H8 H9 J8 J5 J7
Tree:
: T  95.61c W  94.80c S   1.94c ( +2.4 L  +2.6) N    8872  --  F8 G8 E9 D6 E2 D2 B8
---White(^)---
F8  : T  96.55c W  95.50c S   2.24c ( +2.5 L  +2.7) LCB   95.00c P 22.74% WF 8026.3 PSV    7898 N    3888  --  F8 G8 E9 D6 E2 D2 B8 C7
E2  : T  95.72c W  95.00c S   1.74c ( +2.3 L  +2.5) LCB   94.46c P 31.16% WF 7232.9 PSV    3938 N    3857  --  E2 D2 F8 G8 E9 D6 B8 C7
H8  : T  89.43c W  89.55c S   1.16c ( +2.1 L  +2.0) LCB   87.32c P 33.32% WF 1054.7 PSV     729 N     947  --  H8 F8 D9 H7 E9 J8 H9 F9
E9  : T  87.50c W  88.03c S   1.96c ( +2.5 L  +2.3) LCB   80.04c P  8.43% WF 146.5 PSV     147 N     131  --  E9 F8 H8 F9 H9 J8 E2 D2
B8  : T  86.66c W  87.38c S   0.43c ( +1.8 L  +1.5) LCB   78.22c P  3.01% WF  48.5 PSV      48 N      41  --  B8 F2 H8 F8 E9 F9 H9 J8
D2  : T  36.57c W  47.24c S  -1.40c ( +0.9 L  +0.7) LCB  -44.36c P  0.64% WF   1.4 PSV       1 N       3  --  D2 E2 H8
E4  : T  69.18c W  69.89c S  -0.71c ( +1.3 L  +0.6) LCB -280.82c P  0.27% WF   0.7 PSV       1 N       1  --  E4
B6  : T  61.86c W  63.86c S  -1.99c ( +0.8 L  +0.9) LCB -288.14c P  0.13% WF   0.7 PSV       0 N       1  --  B6
F2  : T  44.38c W  48.40c S  -4.02c ( +0.0 L  +0.2) LCB -305.62c P  0.07% WF   0.6 PSV       0 N       1  --  F2
E3  : T  30.24c W  34.08c S  -3.85c ( +0.1 L  +0.2) LCB -319.76c P  0.07% WF   0.4 PSV       0 N       1  --  E3

2024-06-19 20:38:42-0400: = F8
2024-06-19 20:38:44-0400: Controller: kata-list_time_settings
2024-06-19 20:38:44-0400: = none absolute byoyomi canadian fischer fischer-capped
2024-06-19 20:38:44-0400: Controller: play black g8
2024-06-19 20:38:44-0400: = 
2024-06-19 20:38:44-0400: Controller: genmove white
2024-06-19 20:38:45-0400: MoveNum: 23 HASH: 6A6B88BCAAD52F37DDFFFA9CF77FB972
   A B C D E F G H J
 9 . . . . @ . . . .
 8 . . . O X O2X3. .
 7 . X1. O O X X . .
 6 . . . . . O X X .
 5 . . X X O O O X .
 4 . . X O . . . O .
 3 . . . X . . O . .
 2 . . . . . . . . .
 1 . . . . . . . . .

koPOSITIONALscoreAREAtaxNONEsui1komi7.5
Time taken: 1.031
Root visits: 6496
New playouts: 796
NN rows: 515
NN batches: 46
NN avg batch size: 11.1957
PV: E9 D6 E2 D2 B8 C7 C8 E4 E6 J8 A7 F4 G4 A6 A8 B6 F3 E3 F2
Tree:
: T  95.95c W  95.12c S   1.96c ( +2.7 L  +2.9) N    6496  --  E9 D6 E2 D2 B8 C7 C8
---White(^)---
E9  : T  96.06c W  95.21c S   1.97c ( +2.7 L  +2.9) LCB   94.74c P 80.99% WF 12788.2 PSV   12776 N    6468  --  E9 D6 E2 D2 B8 C7 C8 E4
E2  : T -48.56c W -20.60c S  -9.14c ( -2.3 L  -2.5) LCB -136.45c P 18.14% WF   8.7 PSV      19 N      22  --  E2 F9 C2 D2 D1 E3 F2 B2
D2  : T  28.74c W  33.45c S  -4.71c ( +0.1 L  +0.3) LCB -321.26c P  0.32% WF   0.4 PSV       0 N       1  --  D2
B6  : T  35.62c W  40.04c S  -4.42c ( +0.2 L  +0.4) LCB -314.38c P  0.13% WF   0.5 PSV       0 N       1  --  B6
E4  : T -11.30c W  -4.26c S  -7.04c ( -0.8 L  -0.5) LCB -361.30c P  0.13% WF   0.4 PSV       0 N       1  --  E4
B8  : T  -1.65c W   4.70c S  -6.35c ( -0.6 L  -0.2) LCB -351.65c P  0.07% WF   0.4 PSV       0 N       1  --  B8
E3  : T   6.17c W  12.06c S  -5.88c ( -0.4 L  -0.1) LCB -343.83c P  0.07% WF   0.4 PSV       0 N       1  --  E3

2024-06-19 20:38:45-0400: = E9
2024-06-19 20:38:47-0400: Controller: quit
2024-06-19 20:38:47-0400: Quit requested by controller
2024-06-19 20:38:47-0400: = 
2024-06-19 20:38:47-0400: GPU -1 finishing, processed 27510 rows 2447 batches
2024-06-19 20:38:47-0400: All cleaned up, quitting
