2024-05-23 11:54:00+0800: Running with following config:
allowResignation = true
lagBuffer = 1.0
logAllGTPCommunication = true
logDir = gtp_logs
logSearchInfo = true
logSearchInfoForChosenMove = false
logToStderr = false
maxTime = 3.0
maxTimePondering = 120.0
numSearchThreads = 16
ogsChatToStderr = true
ponderingEnabled = true
resignConsecTurns = 3
resignThreshold = -0.90
rules = tromp-taylor
searchFactorAfterOnePass = 0.50
searchFactorAfterTwoPass = 0.25
searchFactorWhenWinning = 0.40
searchFactorWhenWinningThreshold = 0.95

2024-05-23 11:54:00+0800: GTP Engine starting...
2024-05-23 11:54:00+0800: KataGo v1.14.1
2024-05-23 11:54:00+0800: Using TrompTaylor rules initially, unless GTP/GUI overrides this
2024-05-23 11:54:00+0800: Using 16 CPU thread(s) for search
2024-05-23 11:54:00+0800: nnRandSeed0 = 9259451128933120624
2024-05-23 11:54:00+0800: After dedups: nnModelFile0 = C:\Users\chang\Downloads\KaTrain\KaTrain\katrain\models/kata1-b18c384nbt-s6582191360-d3422816034.bin.gz useFP16 auto useNHWC auto
2024-05-23 11:54:00+0800: Initializing neural net buffer to be size 19 * 19 exactly
2024-05-23 11:54:02+0800: Found OpenCL Platform 0: NVIDIA CUDA (NVIDIA Corporation) (OpenCL 3.0 CUDA 12.4.89)
2024-05-23 11:54:02+0800: Found 1 device(s) on platform 0 with type CPU or GPU or Accelerator
2024-05-23 11:54:02+0800: Found OpenCL Platform 1: Intel(R) OpenCL Graphics (Intel(R) Corporation) (OpenCL 3.0 )
2024-05-23 11:54:02+0800: Found 1 device(s) on platform 1 with type CPU or GPU or Accelerator
2024-05-23 11:54:02+0800: Found OpenCL Device 0: NVIDIA GeForce RTX 4060 Laptop GPU (NVIDIA Corporation) (score 11000300)
2024-05-23 11:54:02+0800: Found OpenCL Device 1: Intel(R) UHD Graphics (Intel(R) Corporation) (score 6000300)
2024-05-23 11:54:02+0800: Creating context for OpenCL Platform: NVIDIA CUDA (NVIDIA Corporation) (OpenCL 3.0 CUDA 12.4.89)
2024-05-23 11:54:03+0800: Using OpenCL Device 0: NVIDIA GeForce RTX 4060 Laptop GPU (NVIDIA Corporation) OpenCL 3.0 CUDA (Extensions: cl_khr_global_int32_base_atomics cl_khr_global_int32_extended_atomics cl_khr_local_int32_base_atomics cl_khr_local_int32_extended_atomics cl_khr_fp64 cl_khr_3d_image_writes cl_khr_byte_addressable_store cl_khr_icd cl_khr_gl_sharing cl_nv_compiler_options cl_nv_device_attribute_query cl_nv_pragma_unroll cl_nv_d3d10_sharing cl_khr_d3d10_sharing cl_nv_d3d11_sharing cl_nv_copy_opts cl_nv_create_buffer cl_khr_int64_base_atomics cl_khr_int64_extended_atomics cl_khr_device_uuid cl_khr_pci_bus_info cl_khr_external_semaphore cl_khr_external_memory cl_khr_external_semaphore_win32 cl_khr_external_memory_win32)
2024-05-23 11:54:03+0800: Loaded tuning parameters from: C:\Users\chang\Downloads\katago-v1.14.1-opencl-windows-x64/KataGoData/opencltuning/tune11_gpuNVIDIAGeForceRTX4060LaptopGPU_x19_y19_c384_mv14.txt
2024-05-23 11:54:03+0800: OpenCL backend thread 0: Model version 14
2024-05-23 11:54:03+0800: OpenCL backend thread 0: Model name: kata1-b18c384nbt-s6582191360-d3422816034
2024-05-23 11:54:05+0800: OpenCL backend thread 0: FP16Storage true FP16Compute false FP16TensorCores true FP16TensorCoresFor1x1 false
2024-05-23 11:54:05+0800: Loaded neural net with nnXLen 19 nnYLen 19
2024-05-23 11:54:05+0800: Initializing board with boardXSize 19 boardYSize 19
2024-05-23 11:54:05+0800: Loaded config C:/Users/chang/Downloads/katago-v1.14.1-opencl-windows-x64/default_gtp.cfg
2024-05-23 11:54:05+0800: Loaded model C:\Users\chang\Downloads\KaTrain\KaTrain\katrain\models/kata1-b18c384nbt-s6582191360-d3422816034.bin.gz
2024-05-23 11:54:05+0800: Model name: kata1-b18c384nbt-s6582191360-d3422816034
2024-05-23 11:54:05+0800: GTP ready, beginning main protocol loop
2024-05-23 11:54:05+0800: Controller: list_commands
2024-05-23 11:54:05+0800: = protocol_version
name
version
known_command
list_commands
quit
boardsize
rectangular_boardsize
clear_board
set_position
komi
get_komi
play
undo
kata-get-rules
kata-set-rule
kata-set-rules
kata-get-param
kata-set-param
kata-list-params
kgs-rules
genmove
genmove_debug
search_debug
clear_cache
showboard
fixed_handicap
place_free_handicap
set_free_handicap
time_settings
kgs-time_settings
time_left
kata-list_time_settings
kata-time_settings
final_score
final_status_list
loadsgf
printsgf
lz-genmove_analyze
kata-genmove_analyze
lz-analyze
kata-analyze
kata-raw-nn
cputime
gomill-cpu_time
kata-benchmark
kata-debug-print-tc
debug_moves
stop
2024-05-23 11:54:05+0800: Controller: boardsize 19
2024-05-23 11:54:05+0800: = 
2024-05-23 11:54:05+0800: Controller: clear_board
2024-05-23 11:54:05+0800: = 
2024-05-23 11:54:05+0800: Controller: komi 6.5
2024-05-23 11:54:05+0800: = 
2024-05-23 11:54:05+0800: Controller: genmove black
2024-05-23 11:54:08+0800: MoveNum: 0 HASH: CDCBC1F514D7E680FACD226074256633
   A B C D E F G H J K L M N O P Q R S T
19 . . . . . . . . . . . . . . . . . . .
18 . . . . . . . . . . . . . . . . . . .
17 . . . . . . . . . . . . . . . . . . .
16 . . . . . . . . . . . . . . . . @ . .
15 . . . . . . . . . . . . . . . . . . .
14 . . . . . . . . . . . . . . . . . . .
13 . . . . . . . . . . . . . . . . . . .
12 . . . . . . . . . . . . . . . . . . .
11 . . . . . . . . . . . . . . . . . . .
10 . . . . . . . . . . . . . . . . . . .
 9 . . . . . . . . . . . . . . . . . . .
 8 . . . . . . . . . . . . . . . . . . .
 7 . . . . . . . . . . . . . . . . . . .
 6 . . . . . . . . . . . . . . . . . . .
 5 . . . . . . . . . . . . . . . . . . .
 4 . . . . . . . . . . . . . . . . . . .
 3 . . . . . . . . . . . . . . . . . . .
 2 . . . . . . . . . . . . . . . . . . .
 1 . . . . . . . . . . . . . . . . . . .

koPOSITIONALscoreAREAtaxNONEsui1komi6.5
Time taken: 3
Root visits: 1406
New playouts: 1406
NN rows: 1252
NN batches: 135
NN avg batch size: 9.27407
PV: Q16 D4 C3 D3 C4 D5 B6 D16 Q4 R17 Q17 R16 Q15 S14 F17 O3
Tree:
: T  13.27c W  13.09c S   0.28c ( +0.7 L  +0.5) N    1406  --  Q16 D4 C3 D3 C4 D5 B6
---Black(^)---
Q16 : T  13.95c W  13.67c S   0.35c ( +0.8 L  +0.5) LCB   13.56c P 10.22% WF 2495.9 PSV    2486 N     854  --  Q16 D4 C3 D3 C4 D5 B6 D16
R16 : T  13.96c W  13.84c S   0.30c ( +0.7 L  +0.5) LCB   13.34c P  4.45% WF 1135.2 PSV    1133 N     392  --  R16 Q4 R3 Q3 R4 Q5 S6 P17
Q15 : T  11.40c W  11.06c S   0.13c ( +0.5 L  +0.3) LCB    9.75c P  1.82% WF 125.3 PSV      22 N      45  --  Q15 D16 Q4 D4 Q17 R3 R4 Q3
R15 : T  10.95c W  10.77c S   0.13c ( +0.5 L  +0.4) LCB    8.65c P  0.58% WF  93.0 PSV       6 N      34  --  R15 D16 Q17 D3 Q4 R3
R17 : T  10.45c W  10.45c S   0.08c ( +0.5 L  +0.3) LCB    7.68c P  0.48% WF  70.6 PSV       4 N      26  --  R17 D4 C16 R4 C3
R14 : T  -0.05c W   2.07c S  -0.65c ( -0.3 L  -0.0) LCB  -74.25c P  0.02% WF   6.2 PSV       0 N       3  --  R14 R16 Q16
Q10 : T   0.57c W   1.13c S  -0.56c ( -0.2 L  -0.1) LCB -148.44c P  0.02% WF   4.2 PSV       0 N       2  --  Q10 Q4
Q11 : T  -1.48c W  -0.70c S  -0.78c ( -0.4 L  -0.2) LCB -351.48c P  0.02% WF   2.0 PSV       0 N       1  --  Q11
Q14 : T  -4.22c W  -3.26c S  -0.96c ( -0.6 L  -0.3) LCB -354.22c P  0.02% WF   2.0 PSV       0 N       1  --  Q14
Q13 : T  -5.83c W  -4.76c S  -1.08c ( -0.7 L  -0.4) LCB -355.83c P  0.02% WF   1.9 PSV       0 N       1  --  Q13

2024-05-23 11:54:08+0800: = R16
2024-05-23 11:54:13+0800: Controller: quit
2024-05-23 11:54:13+0800: Quit requested by controller
2024-05-23 11:54:13+0800: = 
2024-05-23 11:54:13+0800: GPU -1 finishing, processed 3654 rows 355 batches
2024-05-23 11:54:13+0800: All cleaned up, quitting
