2024-06-19 16:23:07-0400: Running with following config:
allowResignation = true
lagBuffer = 1.0
logAllGTPCommunication = true
logDir = gtp_logs
logSearchInfo = true
logSearchInfoForChosenMove = false
logToStderr = false
maxTime = 1.0
maxTimePondering = 120.0
numSearchThreads = 16
ogsChatToStderr = true
ponderingEnabled = true
resignConsecTurns = 3
resignThreshold = -0.90
rules = tromp-taylor
searchFactorAfterOnePass = 0.50
searchFactorAfterTwoPass = 0.25
searchFactorWhenWinning = 0.40
searchFactorWhenWinningThreshold = 0.95

2024-06-19 16:23:07-0400: GTP Engine starting...
2024-06-19 16:23:07-0400: KataGo v1.14.1
2024-06-19 16:23:07-0400: Using TrompTaylor rules initially, unless GTP/GUI overrides this
2024-06-19 16:23:07-0400: Using 16 CPU thread(s) for search
2024-06-19 16:23:07-0400: nnRandSeed0 = 12436553905914092697
2024-06-19 16:23:07-0400: After dedups: nnModelFile0 = C:\Users\chang\Downloads\kata1-b28c512nbt-s7168446720-d4316919285.bin.gz useFP16 auto useNHWC auto
2024-06-19 16:23:07-0400: Initializing neural net buffer to be size 19 * 19 exactly
2024-06-19 16:23:14-0400: Found OpenCL Platform 0: Intel(R) OpenCL Graphics (Intel(R) Corporation) (OpenCL 3.0 )
2024-06-19 16:23:14-0400: Found 1 device(s) on platform 0 with type CPU or GPU or Accelerator
2024-06-19 16:23:14-0400: Found OpenCL Platform 1: NVIDIA CUDA (NVIDIA Corporation) (OpenCL 3.0 CUDA 12.5.51)
2024-06-19 16:23:14-0400: Found 1 device(s) on platform 1 with type CPU or GPU or Accelerator
2024-06-19 16:23:14-0400: Found OpenCL Device 0: Intel(R) UHD Graphics (Intel(R) Corporation) (score 6000300)
2024-06-19 16:23:14-0400: Found OpenCL Device 1: NVIDIA GeForce RTX 4060 Laptop GPU (NVIDIA Corporation) (score 11000300)
2024-06-19 16:23:14-0400: Creating context for OpenCL Platform: NVIDIA CUDA (NVIDIA Corporation) (OpenCL 3.0 CUDA 12.5.51)
2024-06-19 16:23:14-0400: Using OpenCL Device 1: NVIDIA GeForce RTX 4060 Laptop GPU (NVIDIA Corporation) OpenCL 3.0 CUDA (Extensions: cl_khr_global_int32_base_atomics cl_khr_global_int32_extended_atomics cl_khr_local_int32_base_atomics cl_khr_local_int32_extended_atomics cl_khr_fp64 cl_khr_3d_image_writes cl_khr_byte_addressable_store cl_khr_icd cl_khr_gl_sharing cl_nv_compiler_options cl_nv_device_attribute_query cl_nv_pragma_unroll cl_nv_d3d10_sharing cl_khr_d3d10_sharing cl_nv_d3d11_sharing cl_nv_copy_opts cl_nv_create_buffer cl_khr_int64_base_atomics cl_khr_int64_extended_atomics cl_khr_device_uuid cl_khr_pci_bus_info cl_khr_external_semaphore cl_khr_external_memory cl_khr_external_semaphore_win32 cl_khr_external_memory_win32)
2024-06-19 16:23:14-0400: Loaded tuning parameters from: C:\Users\chang\Downloads\katago-v1.14.1-opencl-windows-x64/KataGoData/opencltuning/tune11_gpuNVIDIAGeForceRTX4060LaptopGPU_x19_y19_c512_mv15.txt
2024-06-19 16:23:14-0400: OpenCL backend thread 0: Model version 15
2024-06-19 16:23:14-0400: OpenCL backend thread 0: Model name: kata1-b28c512nbt-s7168446720-d4316919285
2024-06-19 16:23:22-0400: OpenCL backend thread 0: FP16Storage true FP16Compute false FP16TensorCores true FP16TensorCoresFor1x1 false
2024-06-19 16:23:22-0400: Loaded neural net with nnXLen 19 nnYLen 19
2024-06-19 16:23:22-0400: Initializing board with boardXSize 19 boardYSize 19
2024-06-19 16:23:22-0400: Loaded config C:/Users/chang/Downloads/katago-v1.14.1-opencl-windows-x64/default_gtp.cfg
2024-06-19 16:23:22-0400: Loaded model C:\Users\chang\Downloads\kata1-b28c512nbt-s7168446720-d4316919285.bin.gz
2024-06-19 16:23:22-0400: Model name: kata1-b28c512nbt-s7168446720-d4316919285
2024-06-19 16:23:22-0400: GTP ready, beginning main protocol loop
2024-06-19 16:23:22-0400: Controller: list_commands
2024-06-19 16:23:22-0400: = protocol_version
name
version
known_command
list_commands
quit
boardsize
rectangular_boardsize
clear_board
set_position
komi
get_komi
play
undo
kata-get-rules
kata-set-rule
kata-set-rules
kata-get-param
kata-set-param
kata-list-params
kgs-rules
genmove
genmove_debug
search_debug
clear_cache
showboard
fixed_handicap
place_free_handicap
set_free_handicap
time_settings
kgs-time_settings
time_left
kata-list_time_settings
kata-time_settings
final_score
final_status_list
loadsgf
printsgf
lz-genmove_analyze
kata-genmove_analyze
lz-analyze
kata-analyze
kata-raw-nn
cputime
gomill-cpu_time
kata-benchmark
kata-debug-print-tc
debug_moves
stop
2024-06-19 16:23:22-0400: Controller: boardsize 9
2024-06-19 16:23:22-0400: GPU -1 finishing, processed 0 rows 0 batches
2024-06-19 16:23:22-0400: Cleaned up old neural net and bot
2024-06-19 16:23:22-0400: nnRandSeed0 = 16371839289972152980
2024-06-19 16:23:22-0400: After dedups: nnModelFile0 = C:\Users\chang\Downloads\kata1-b28c512nbt-s7168446720-d4316919285.bin.gz useFP16 auto useNHWC auto
2024-06-19 16:23:22-0400: Initializing neural net buffer to be size 9 * 9 exactly
2024-06-19 16:23:29-0400: Found OpenCL Platform 0: Intel(R) OpenCL Graphics (Intel(R) Corporation) (OpenCL 3.0 )
2024-06-19 16:23:29-0400: Found 1 device(s) on platform 0 with type CPU or GPU or Accelerator
2024-06-19 16:23:29-0400: Found OpenCL Platform 1: NVIDIA CUDA (NVIDIA Corporation) (OpenCL 3.0 CUDA 12.5.51)
2024-06-19 16:23:29-0400: Found 1 device(s) on platform 1 with type CPU or GPU or Accelerator
2024-06-19 16:23:29-0400: Found OpenCL Device 0: Intel(R) UHD Graphics (Intel(R) Corporation) (score 6000300)
2024-06-19 16:23:29-0400: Found OpenCL Device 1: NVIDIA GeForce RTX 4060 Laptop GPU (NVIDIA Corporation) (score 11000300)
2024-06-19 16:23:29-0400: Creating context for OpenCL Platform: NVIDIA CUDA (NVIDIA Corporation) (OpenCL 3.0 CUDA 12.5.51)
2024-06-19 16:23:30-0400: Using OpenCL Device 1: NVIDIA GeForce RTX 4060 Laptop GPU (NVIDIA Corporation) OpenCL 3.0 CUDA (Extensions: cl_khr_global_int32_base_atomics cl_khr_global_int32_extended_atomics cl_khr_local_int32_base_atomics cl_khr_local_int32_extended_atomics cl_khr_fp64 cl_khr_3d_image_writes cl_khr_byte_addressable_store cl_khr_icd cl_khr_gl_sharing cl_nv_compiler_options cl_nv_device_attribute_query cl_nv_pragma_unroll cl_nv_d3d10_sharing cl_khr_d3d10_sharing cl_nv_d3d11_sharing cl_nv_copy_opts cl_nv_create_buffer cl_khr_int64_base_atomics cl_khr_int64_extended_atomics cl_khr_device_uuid cl_khr_pci_bus_info cl_khr_external_semaphore cl_khr_external_memory cl_khr_external_semaphore_win32 cl_khr_external_memory_win32)
2024-06-19 16:23:30-0400: Loaded tuning parameters from: C:\Users\chang\Downloads\katago-v1.14.1-opencl-windows-x64/KataGoData/opencltuning/tune11_gpuNVIDIAGeForceRTX4060LaptopGPU_x19_y19_c512_mv15.txt
2024-06-19 16:23:30-0400: OpenCL backend thread 0: Model version 15
2024-06-19 16:23:30-0400: OpenCL backend thread 0: Model name: kata1-b28c512nbt-s7168446720-d4316919285
2024-06-19 16:23:38-0400: OpenCL backend thread 0: FP16Storage true FP16Compute false FP16TensorCores true FP16TensorCoresFor1x1 false
2024-06-19 16:23:38-0400: Loaded neural net with nnXLen 9 nnYLen 9
2024-06-19 16:23:38-0400: Initializing board with boardXSize 9 boardYSize 9
2024-06-19 16:23:38-0400: = 
2024-06-19 16:23:38-0400: Controller: clear_board
2024-06-19 16:23:38-0400: = 
2024-06-19 16:23:38-0400: Controller: komi 7.5
2024-06-19 16:23:38-0400: = 
2024-06-19 16:23:38-0400: Controller: play black g6
2024-06-19 16:23:38-0400: = 
2024-06-19 16:23:38-0400: Controller: genmove white
2024-06-19 16:23:39-0400: MoveNum: 1 HASH: 957A17C2995481AEF49324BDCA039975
   A B C D E F G H J
 9 . . . . . . . . .
 8 . . . . . . . . .
 7 . . . . . . . . .
 6 . . . . . . X1. .
 5 . . . . . . . . .
 4 . . . @ . . . . .
 3 . . . . . . . . .
 2 . . . . . . . . .
 1 . . . . . . . . .

koPOSITIONALscoreAREAtaxNONEsui1komi7.5
Time taken: 1.344
Root visits: 537
New playouts: 537
NN rows: 531
NN batches: 50
NN avg batch size: 10.62
PV: D4 C6 D6 D7 C7 B7 C8 D5 E6 C5 E5 E4 F4 E3
Tree:
: T  87.02c W  88.33c S  -0.68c ( +2.0 L  +1.1) N     537  --  D4 C6 D6 D7 C7 B7 C8
---White(^)---
D4  : T  89.93c W  90.77c S  -0.43c ( +2.1 L  +1.3) LCB   87.46c P 75.61% WF 487.8 PSV     477 N     269  --  D4 C6 D6 D7 C7 B7 C8 D5
D6  : T  87.82c W  88.21c S  -0.34c ( +2.1 L  +1.2) LCB   82.96c P  3.48% WF  66.7 PSV      11 N      37  --  D6 D4 F5 F6 E5 E3 E7
D5  : T  85.13c W  87.53c S  -1.24c ( +1.7 L  +1.0) LCB   80.57c P  4.78% WF  71.0 PSV      10 N      41  --  D5 F3 F5 G5 F4 G4 E3 F2
E4  : T  84.83c W  86.50c S  -1.18c ( +1.7 L  +0.9) LCB   80.44c P  4.09% WF  62.9 PSV       8 N      38  --  E4 D6 C4 C5 B5 B4 D5
F5  : T  85.15c W  86.92c S  -1.22c ( +1.7 L  +0.8) LCB   80.57c P  3.37% WF  53.1 PSV       7 N      32  --  F5 F6 D5 D7 D3 E3 G5
C4  : T  85.29c W  86.29c S  -0.50c ( +2.0 L  +1.1) LCB   77.72c P  1.05% WF  55.4 PSV       2 N      37  --  C4 D4 D5 E5 E6 D6 C5 E7
E6  : T  84.98c W  86.79c S  -0.97c ( +1.8 L  +1.0) LCB   77.18c P  1.24% WF  37.4 PSV       2 N      24  --  E6 F4 E4 F3 C6 B6 C7
E5  : T  82.11c W  84.66c S  -1.18c ( +1.7 L  +0.7) LCB   71.72c P  1.81% WF  28.7 PSV       2 N      16  --  E5 C5 F4 E7 D6
C5  : T  75.60c W  80.37c S  -1.10c ( +1.8 L  +0.8) LCB   54.45c P  1.08% WF  15.8 PSV       1 N      10  --  C5 D4 C4 D3
D3  : T  76.55c W  80.78c S  -1.07c ( +1.8 L  +0.8) LCB   54.51c P  0.47% WF  13.1 PSV       0 N      11  --  D3 C5 E4 D6 E6

2024-06-19 16:23:39-0400: = D4
2024-06-19 16:23:39-0400: Controller: kata-list_time_settings
2024-06-19 16:23:39-0400: = none absolute byoyomi canadian fischer fischer-capped
2024-06-19 16:23:39-0400: Controller: play black d5
2024-06-19 16:23:39-0400: = 
2024-06-19 16:23:39-0400: Controller: genmove white
2024-06-19 16:23:41-0400: MoveNum: 3 HASH: 7FB2D498999D87B5AFBCDDAB51B844E5
   A B C D E F G H J
 9 . . . . . . . . .
 8 . . . . . . . . .
 7 . . . . . . . . .
 6 . . . . . . X1. .
 5 . . . X3. . . . .
 4 . . . O2@ . . . .
 3 . . . . . . . . .
 2 . . . . . . . . .
 1 . . . . . . . . .

koPOSITIONALscoreAREAtaxNONEsui1komi7.5
Time taken: 1.047
Root visits: 651
New playouts: 601
NN rows: 561
NN batches: 48
NN avg batch size: 11.6875
PV: E4 C4 F6 G5 C5 C6 B5 D6 C3 B6 F5
Tree:
: T  91.13c W  90.06c S   1.73c ( +2.5 L  +1.8) N     651  --  E4 C4 F6 G5 C5 C6 B5
---White(^)---
E4  : T  92.99c W  91.40c S   1.97c ( +2.6 L  +1.9) LCB   90.35c P 81.43% WF 774.9 PSV     765 N     468  --  E4 C4 F6 G5 C5 C6 B5 D6
E5  : T  89.12c W  88.91c S   1.41c ( +2.3 L  +1.4) LCB   81.81c P  5.15% WF  96.0 PSV      17 N      62  --  E5 E6 D6 C5 F6 E7 F5 F7
C4  : T  86.18c W  86.45c S   0.97c ( +2.1 L  +1.3) LCB   78.49c P  5.29% WF  79.9 PSV      12 N      49  --  C4 E5 C5 E4 D6 D3 C3 D2
C5  : T  78.94c W  83.93c S   0.05c ( +1.7 L  +0.8) LCB   64.41c P  7.39% WF  30.5 PSV       9 N      24  --  C5 E4 E3 C4 D3 C6 B5 D6
F5  : T  75.67c W  77.34c S  -1.67c ( +0.9 L  +0.7) LCB -274.33c P  0.39% WF   1.6 PSV       0 N       1  --  F5
F4  : T  31.36c W  34.81c S  -3.45c ( +0.2 L  +0.2) LCB -318.64c P  0.08% WF   0.6 PSV       0 N       1  --  F4
D6  : T  32.32c W  36.49c S  -4.17c ( -0.3 L  -0.2) LCB -317.68c P  0.04% WF   0.7 PSV       0 N       1  --  D6
D7  : T  15.29c W  19.51c S  -4.21c ( -0.5 L  -0.4) LCB -334.71c P  0.03% WF   0.5 PSV       0 N       1  --  D7
F7  : T -19.49c W -12.88c S  -6.60c ( -1.5 L  -0.9) LCB -369.49c P  0.03% WF   0.4 PSV       0 N       1  --  F7
E7  : T -11.98c W  -5.71c S  -6.27c ( -1.3 L  -0.8) LCB -361.98c P  0.02% WF   0.3 PSV       0 N       1  --  E7

2024-06-19 16:23:41-0400: = E4
2024-06-19 16:23:43-0400: Controller: kata-list_time_settings
2024-06-19 16:23:43-0400: = none absolute byoyomi canadian fischer fischer-capped
2024-06-19 16:23:43-0400: Controller: play black c4
2024-06-19 16:23:43-0400: = 
2024-06-19 16:23:43-0400: Controller: genmove white
2024-06-19 16:23:44-0400: MoveNum: 5 HASH: 8DAC4DD6372E378D432F4B6F09711687
   A B C D E F G H J
 9 . . . . . . . . .
 8 . . . . . . . . .
 7 . . . . . . . . .
 6 . . . . . @ X . .
 5 . . . X1. . . . .
 4 . . X3O O2. . . .
 3 . . . . . . . . .
 2 . . . . . . . . .
 1 . . . . . . . . .

koPOSITIONALscoreAREAtaxNONEsui1komi7.5
Time taken: 1.078
Root visits: 1316
New playouts: 585
NN rows: 554
NN batches: 50
NN avg batch size: 11.08
PV: F6 C3 D6 G7 E5 B6 H5 G5 G4 F4 G3 E2 H6 E8 C5 B5
Tree:
: T  92.23c W  91.80c S   1.38c ( +2.5 L  +2.0) N    1316  --  F6 C3 D6 G7 E5 B6 H5
---White(^)---
F6  : T  92.97c W  92.49c S   1.53c ( +2.5 L  +2.0) LCB   90.91c P 39.52% WF 1935.1 PSV    1923 N    1176  --  F6 C3 D6 G7 E5 B6 H5 G5
E5  : T  86.28c W  85.53c S  -0.38c ( +1.7 L  +1.1) LCB   80.45c P 36.49% WF 126.9 PSV     135 N     108  --  E5 D6 E6 C3 D7 C7 C8 B6
C3  : T  69.88c W  74.31c S  -0.06c ( +1.8 L  +1.0) LCB   48.63c P 22.40% WF  29.4 PSV      33 N      30  --  C3 C5 G4 E5 E8 D7 H7 G7
C5  : T  54.13c W  55.58c S  -1.45c ( +1.1 L  +0.8) LCB -295.87c P  0.98% WF   0.9 PSV       0 N       1  --  C5

2024-06-19 16:23:44-0400: = F6
2024-06-19 16:23:47-0400: Controller: kata-list_time_settings
2024-06-19 16:23:47-0400: = none absolute byoyomi canadian fischer fischer-capped
2024-06-19 16:23:47-0400: Controller: play black f7
2024-06-19 16:23:47-0400: = 
2024-06-19 16:23:47-0400: Controller: genmove white
2024-06-19 16:23:48-0400: MoveNum: 7 HASH: 5380A752A666F86995D15B3EE2627DAF
   A B C D E F G H J
 9 . . . . . . . . .
 8 . . . . . . . . .
 7 . . . . . X3. . .
 6 . . . . @ O2X . .
 5 . . . X . . . . .
 4 . . X1O O . . . .
 3 . . . . . . . . .
 2 . . . . . . . . .
 1 . . . . . . . . .

koPOSITIONALscoreAREAtaxNONEsui1komi7.5
Time taken: 1.031
Root visits: 2028
New playouts: 761
NN rows: 536
NN batches: 48
NN avg batch size: 11.1667
PV: E6 C3 C6 G5 G7 H7 C5 D7 D6 E2
Tree:
: T  93.31c W  92.15c S   1.83c ( +2.2 L  +1.8) N    2028  --  E6 C3 C6 G5 G7 H7 C5
---White(^)---
E6  : T  93.57c W  92.31c S   1.84c ( +2.3 L  +1.8) LCB   92.17c P 83.58% WF 3133.5 PSV    3129 N    1945  --  E6 C3 C6 G5 G7 H7 C5 D7
E7  : T  90.15c W  90.87c S   2.05c ( +2.3 L  +1.8) LCB   79.04c P  2.25% WF  94.9 PSV      21 N      64  --  E7 E6 F5 D7 C3 G5 G4 H4
C3  : T  64.10c W  70.73c S  -2.45c ( +0.5 L  +0.1) LCB   39.72c P  4.86% WF   6.9 PSV       7 N       9  --  C3 F5 C5 D6 B4 F4 C7
F5  : T  59.54c W  67.49c S  -1.00c ( +1.0 L  +0.5) LCB    6.68c P  3.93% WF   3.9 PSV       4 N       4  --  F5 E7 C5
E5  : T  39.23c W  51.48c S  -2.20c ( +0.5 L  +0.2) LCB  -19.76c P  4.47% WF   2.7 PSV       3 N       4  --  E5 D6 E6
C5  : T  73.08c W  74.24c S  -1.17c ( +1.0 L  +0.7) LCB -276.92c P  0.65% WF   1.2 PSV       1 N       1  --  C5

2024-06-19 16:23:48-0400: = E6
2024-06-19 16:23:49-0400: Controller: kata-list_time_settings
2024-06-19 16:23:49-0400: = none absolute byoyomi canadian fischer fischer-capped
2024-06-19 16:23:49-0400: Controller: play black c3
2024-06-19 16:23:49-0400: = 
2024-06-19 16:23:49-0400: Controller: genmove white
2024-06-19 16:23:50-0400: MoveNum: 9 HASH: 30CFC630154D0DC2CF2CFEF9CDF3B7CE
   A B C D E F G H J
 9 . . . . . . . . .
 8 . . . . . . . . .
 7 . . . . . X1. . .
 6 . . @ . O2O X . .
 5 . . . X . . . . .
 4 . . X O O . . . .
 3 . . X3. . . . . .
 2 . . . . . . . . .
 1 . . . . . . . . .

koPOSITIONALscoreAREAtaxNONEsui1komi7.5
Time taken: 1.047
Root visits: 1883
New playouts: 1079
NN rows: 535
NN batches: 49
NN avg batch size: 10.9184
PV: C6 G5 G7 H7 C5 E2 G8 H8 F2 E3 F4 F3 G4
Tree:
: T  95.79c W  93.93c S   2.13c ( +2.4 L  +2.1) N    1883  --  C6 G5 G7 H7 C5 E2 G8
---White(^)---
C6  : T  96.78c W  94.67c S   2.22c ( +2.4 L  +2.2) LCB   94.87c P 17.77% WF 1496.9 PSV    1482 N     830  --  C6 G5 G7 H7 C5 E2 G8 H8
G7  : T  96.77c W  94.51c S   2.59c ( +2.6 L  +2.3) LCB   94.48c P  8.02% WF 1332.1 PSV     654 N     726  --  G7 G5 C6 H7 C5 E2 G8 H8
G5  : T  88.25c W  89.09c S   0.03c ( +1.6 L  +1.2) LCB   83.64c P 37.95% WF 178.6 PSV     179 N     150  --  G5 H5 G7 H6 C6 D6 D7 C5
G4  : T  91.19c W  90.86c S   0.75c ( +1.8 L  +1.4) LCB   86.77c P 22.84% WF 195.6 PSV     160 N     136  --  G4 G5 C6 H4 C5 F4 D2 E7
E7  : T  84.63c W  85.60c S  -0.31c ( +1.4 L  +0.8) LCB   74.64c P 11.72% WF  40.7 PSV      39 N      35  --  E7 G5 C6 F4 F3 G3 F5 G4
F4  : T  87.30c W  87.86c S  -0.38c ( +1.4 L  +0.6) LCB    9.89c P  0.73% WF   4.5 PSV       3 N       3  --  F4 H5
C7  : T  66.99c W  69.11c S  -2.12c ( +0.6 L  +0.9) LCB -283.01c P  0.27% WF   1.0 PSV       0 N       1  --  C7
D6  : T  80.74c W  78.40c S  -1.63c ( +0.8 L  +1.0) LCB -269.26c P  0.26% WF   1.5 PSV       0 N       1  --  D6

2024-06-19 16:23:50-0400: = C6
2024-06-19 16:23:57-0400: Controller: kata-list_time_settings
2024-06-19 16:23:57-0400: = none absolute byoyomi canadian fischer fischer-capped
2024-06-19 16:23:57-0400: Controller: play black g5
2024-06-19 16:23:57-0400: = 
2024-06-19 16:23:57-0400: Controller: genmove white
2024-06-19 16:23:58-0400: MoveNum: 11 HASH: CCEC293FC4D8F3EC8192349F1CB283D6
   A B C D E F G H J
 9 . . . . . . . . .
 8 . . . . . . . . .
 7 . . . . . X @ . .
 6 . . O2. O O X . .
 5 . . . X . . X3. .
 4 . . X O O . . . .
 3 . . X1. . . . . .
 2 . . . . . . . . .
 1 . . . . . . . . .

koPOSITIONALscoreAREAtaxNONEsui1komi7.5
Time taken: 1.031
Root visits: 5418
New playouts: 655
NN rows: 533
NN batches: 45
NN avg batch size: 11.8444
PV: G7 F8 C5 E2 H7 H8 F2 D7 D6 F3
Tree:
: T  96.32c W  94.71c S   1.90c ( +2.4 L  +2.3) N    5418  --  G7 F8 C5 E2 H7 H8 F2
---White(^)---
G7  : T  97.29c W  95.30c S   2.27c ( +2.6 L  +2.4) LCB   96.32c P 16.67% WF 6781.2 PSV    6687 N    3503  --  G7 F8 C5 E2 H7 H8 F2 D7
F4  : T  95.40c W  94.35c S   1.29c ( +2.2 L  +2.1) LCB   94.07c P 26.65% WF 2173.5 PSV    1121 N    1352  --  F4 E2 F2 B6 G7 G8 H7 E8
G4  : T  94.10c W  93.25c S   0.92c ( +2.1 L  +1.8) LCB   90.78c P 11.26% WF 334.6 PSV     293 N     219  --  G4 E2 G7 E7 D7 G8 H7 H8
C5  : T  88.63c W  89.80c S   0.06c ( +1.7 L  +1.4) LCB   84.41c P 26.16% WF 311.9 PSV     262 N     255  --  C5 E2 G7 G8 H7 H8 G4 G2
E7  : T  76.51c W  77.34c S  -1.01c ( +1.3 L  +0.6) LCB   64.43c P 17.26% WF  62.7 PSV      73 N      82  --  E7 F4 F3 E5 F5 G4 C5 E3
D6  : T  68.15c W  68.75c S  -1.47c ( +1.0 L  +0.4) LCB  -17.23c P  0.99% WF   3.9 PSV       2 N       4  --  D6 E2 G7
D2  : T  26.57c W  30.28c S  -3.70c ( +0.1 L  +0.4) LCB -323.43c P  0.71% WF   0.4 PSV       0 N       1  --  D2
F3  : T  66.36c W  68.84c S  -2.47c ( +0.5 L  +0.7) LCB -283.64c P  0.14% WF   0.9 PSV       0 N       1  --  F3

2024-06-19 16:23:58-0400: = G7
2024-06-19 16:24:01-0400: Controller: kata-list_time_settings
2024-06-19 16:24:01-0400: = none absolute byoyomi canadian fischer fischer-capped
2024-06-19 16:24:01-0400: Controller: play black f8
2024-06-19 16:24:01-0400: = 
2024-06-19 16:24:01-0400: Controller: genmove white
2024-06-19 16:24:02-0400: MoveNum: 13 HASH: 89DFB515C38D9BB7FAFEDADE2A3E9DFA
   A B C D E F G H J
 9 . . . . . . . . .
 8 . . . . . X3. . .
 7 . . . . . X O2. .
 6 . . O . O O X . .
 5 . . @ X . . X1. .
 4 . . X O O . . . .
 3 . . X . . . . . .
 2 . . . . . . . . .
 1 . . . . . . . . .

koPOSITIONALscoreAREAtaxNONEsui1komi7.5
Time taken: 1.032
Root visits: 2433
New playouts: 833
NN rows: 541
NN batches: 46
NN avg batch size: 11.7609
PV: C5 E2 H7 H6 G4 H4 F2 E3 F4 D7 D6 C7 H3 H8 J4
Tree:
: T  96.31c W  94.64c S   2.02c ( +2.7 L  +2.5) N    2433  --  C5 E2 H7 H6 G4 H4 F2
---White(^)---
C5  : T  97.18c W  95.11c S   2.37c ( +2.8 L  +2.7) LCB   95.80c P 12.30% WF 2437.2 PSV    2412 N    1354  --  C5 E2 H7 H6 G4 H4 F2 E3
E7  : T  97.63c W  96.00c S   1.77c ( +2.6 L  +2.4) LCB   95.41c P  9.98% WF 615.3 PSV     609 N     333  --  E7 G8 G4 H4 H7 H8 C5 E2
H7  : T  93.52c W  92.60c S   1.91c ( +2.6 L  +2.4) LCB   88.87c P 35.59% WF 409.4 PSV     424 N     280  --  H7 F4 E7 C7 E8 B6 E2 G2
G4  : T  94.75c W  93.75c S   1.24c ( +2.4 L  +1.9) LCB   92.06c P 17.10% WF 293.9 PSV     300 N     193  --  G4 H7 D2 B6 C7 C5 B7 D6
F4  : T  94.51c W  93.40c S   1.31c ( +2.4 L  +2.0) LCB   91.06c P  5.46% WF 298.1 PSV      89 N     195  --  F4 H7 D2 B6 B7 B5 E7 E8
G8  : T  88.42c W  89.91c S  -0.17c ( +1.8 L  +1.3) LCB   82.86c P 15.78% WF  83.7 PSV      83 N      68  --  G8 H8 D2 B6 B7 D6 C5
D2  : T  79.57c W  79.04c S   0.02c ( +1.8 L  +1.0) LCB   33.85c P  1.60% WF   3.6 PSV       4 N       4  --  D2 D6 D7 C5
H8  : T  81.40c W  82.59c S   0.66c ( +2.1 L  +1.2) LCB   27.26c P  1.23% WF   4.5 PSV       3 N       4  --  H8 F4 C5
E2  : T  77.94c W  78.81c S  -0.87c ( +1.4 L  +1.4) LCB -272.06c P  0.25% WF   0.9 PSV       0 N       1  --  E2

2024-06-19 16:24:02-0400: = C5
2024-06-19 16:24:09-0400: Controller: kata-list_time_settings
2024-06-19 16:24:09-0400: = none absolute byoyomi canadian fischer fischer-capped
2024-06-19 16:24:09-0400: Controller: play black d7
2024-06-19 16:24:09-0400: = 
2024-06-19 16:24:09-0400: Controller: genmove white
2024-06-19 16:24:10-0400: MoveNum: 15 HASH: DD35650C3E886EA88781F19F5130B998
   A B C D E F G H J
 9 . . . . . . . . .
 8 . . . . . X1. . .
 7 . . . X3. X O . .
 6 . . O @ O O X . .
 5 . . O2X . . X . .
 4 . . X O O . . . .
 3 . . X . . . . . .
 2 . . . . . . . . .
 1 . . . . . . . . .

koPOSITIONALscoreAREAtaxNONEsui1komi7.5
Time taken: 1.062
Root visits: 4872
New playouts: 1009
NN rows: 530
NN batches: 48
NN avg batch size: 11.0417
PV: D6 C7 E2 G3 B7 B8 G4 H4 F3 G2 F4 H3 C8 D8 A8 D2
Tree:
: T  95.56c W  94.20c S   2.13c ( +2.9 L  +2.8) N    4872  --  D6 C7 E2 G3 B7 B8 G4
---White(^)---
D6  : T  95.67c W  94.30c S   2.15c ( +2.9 L  +2.8) LCB   94.79c P 84.05% WF 8426.6 PSV    8420 N    4837  --  D6 C7 E2 G3 B7 B8 G4 H4
E7  : T  46.30c W  50.33c S  -2.33c ( +0.8 L  +0.4) LCB  -10.06c P 11.72% WF  14.4 PSV      20 N      25  --  E7 D6 E8 D8 F4 G8 C7 C8
D8  : T  43.71c W  45.49c S  -1.70c ( +1.0 L  +0.2) LCB   -0.02c P  3.67% WF   4.3 PSV       6 N       8  --  D8 D6 C7 E7 D2 C2
C7  : T  37.87c W  41.06c S  -3.19c ( +0.5 L  +0.3) LCB -312.13c P  0.45% WF   0.5 PSV       0 N       1  --  C7

2024-06-19 16:24:10-0400: = D6
2024-06-19 16:24:11-0400: Controller: kata-list_time_settings
2024-06-19 16:24:11-0400: = none absolute byoyomi canadian fischer fischer-capped
2024-06-19 16:24:11-0400: Controller: play black c7
2024-06-19 16:24:11-0400: = 
2024-06-19 16:24:11-0400: Controller: genmove white
2024-06-19 16:24:12-0400: MoveNum: 17 HASH: E1BFB957738AC1D029E7F8FC434CD8A1
   A B C D E F G H J
 9 . . . . . . . . .
 8 . . . . . X . . .
 7 . . X3X1. X O . .
 6 . . O O2O O X . .
 5 . . O X . . X . .
 4 . . X O O . . . .
 3 . . X . . . . . .
 2 . . . . @ . . . .
 1 . . . . . . . . .

koPOSITIONALscoreAREAtaxNONEsui1komi7.5
Time taken: 1.094
Root visits: 5468
New playouts: 709
NN rows: 548
NN batches: 49
NN avg batch size: 11.1837
PV: F2 G3 G2 F3 D2 E3 D3 E2 E1 H2 H1 H3
Tree:
: T  95.07c W  93.97c S   2.06c ( +2.8 L  +2.7) N    5468  --  F2 G3 G2 F3 D2 E3 D3
---White(^)---
F2  : T  96.57c W  95.41c S   1.99c ( +2.7 L  +2.7) LCB   94.85c P 14.49% WF 2192.6 PSV    5999 N    1137  --  F2 G3 G2 F3 D2 E3 D3 E2
E2  : T  95.58c W  94.30c S   1.78c ( +2.6 L  +2.6) LCB   94.22c P 26.25% WF 3368.8 PSV    3345 N    1965  --  E2 F3 F2 G2 E3 G3 B7 B8
F3  : T  94.16c W  92.69c S   2.73c ( +3.1 L  +2.9) LCB   92.48c P 25.35% WF 1988.7 PSV    1091 N    1308  --  F3 E2 H7 H6 F2 C2 B7 B8
G4  : T  93.96c W  93.36c S   1.98c ( +2.7 L  +2.7) LCB   91.19c P 24.30% WF 1428.6 PSV     956 N     898  --  G4 H4 E2 G3 B7 B8 F3 G2
G3  : T  87.41c W  90.57c S   1.02c ( +2.3 L  +1.9) LCB   80.94c P  4.28% WF 146.5 PSV      44 N     115  --  G3 E2 H7 H8 G4 H6 F5 H4
E7  : T  92.79c W  93.59c S   1.34c ( +2.5 L  +2.2) LCB   86.15c P  1.40% WF  47.8 PSV      36 N      28  --  E7 E8 G4 H4 G3 E2 H7 H8
B7  : T  66.44c W  70.99c S   0.07c ( +1.9 L  +1.6) LCB    8.49c P  2.21% WF   7.1 PSV       6 N       9  --  B7 E2 H7 F4 E7 E8
F4  : T  90.59c W  90.44c S   0.15c ( +2.0 L  +1.8) LCB -259.41c P  0.12% WF   2.0 PSV       2 N       1  --  F4
D2  : T  70.15c W  72.61c S  -2.46c ( +1.0 L  +0.9) LCB -279.85c P  0.42% WF   1.0 PSV       1 N       1  --  D2
C8  : T  78.75c W  79.65c S  -0.89c ( +1.5 L  +1.2) LCB -271.25c P  0.19% WF   1.0 PSV       1 N       1  --  C8

2024-06-19 16:24:12-0400: = E2
2024-06-19 16:24:17-0400: Controller: kata-list_time_settings
2024-06-19 16:24:17-0400: = none absolute byoyomi canadian fischer fischer-capped
2024-06-19 16:24:17-0400: Controller: play black g3
2024-06-19 16:24:17-0400: = 
2024-06-19 16:24:17-0400: Controller: genmove white
2024-06-19 16:24:18-0400: MoveNum: 19 HASH: 7216CC2297BB0A4DF8EF5BB066A6966D
   A B C D E F G H J
 9 . . . . . . . . .
 8 . . . . . X . . .
 7 . . X1X @ X O . .
 6 . . O O O O X . .
 5 . . O X . . X . .
 4 . . X O O . . . .
 3 . . X . . . X3. .
 2 . . . . O2. . . .
 1 . . . . . . . . .

koPOSITIONALscoreAREAtaxNONEsui1komi7.5
Time taken: 1.031
Root visits: 6840
New playouts: 1346
NN rows: 523
NN batches: 46
NN avg batch size: 11.3696
PV: E7 E8 B7 D2 G8 B8 F4 G4 A8 B6 C8 A7 D8 B7 E9 B5 F2 G2 H6 C9 F9 H5
Tree:
: T  95.57c W  94.52c S   1.88c ( +2.5 L  +2.6) N    6840  --  E7 E8 B7 D2 G8 B8 F4
---White(^)---
E7  : T  96.35c W  94.93c S   2.19c ( +2.7 L  +2.7) LCB   94.73c P  6.52% WF 3084.0 PSV    7635 N    1745  --  E7 E8 B7 D2 G8 B8 F4 G4
B7  : T  95.78c W  94.70c S   1.93c ( +2.6 L  +2.6) LCB   94.58c P 35.81% WF 6306.5 PSV    6291 N    3573  --  B7 D2 E7 E8 G8 B8 F4 G4
G4  : T  94.61c W  93.47c S   2.03c ( +2.6 L  +2.7) LCB   92.05c P 23.61% WF 1382.5 PSV    1405 N     868  --  G4 H4 B7 D2 D3 B8 F4 H2
B6  : T  95.26c W  95.34c S   1.03c ( +2.2 L  +2.4) LCB   89.72c P  5.41% WF 503.5 PSV     507 N     232  --  B6 B7 G2 F3 F2 B4 D2 A6
G2  : T  86.66c W  87.81c S   0.14c ( +1.8 L  +1.4) LCB   80.75c P 22.06% WF 234.5 PSV     258 N     190  --  G2 F3 F2 D2 D3 D1 B1 H2
F4  : T  95.27c W  95.05c S   0.59c ( +2.0 L  +2.0) LCB   91.11c P  3.68% WF 201.7 PSV     203 N     115  --  F4 G4 B7 B8 B6 F2 F3 G2
F3  : T  95.46c W  95.33c S   0.04c ( +1.8 L  +1.8) LCB   92.40c P  1.26% WF 192.0 PSV     147 N     108  --  F3 G2 G4 H4 F4 B7 H3 H5
H6  : T  85.56c W  85.65c S   1.24c ( +2.3 L  +1.5) LCB   43.21c P  0.42% WF   6.0 PSV       4 N       5  --  H6 B7 H5
B5  : T  86.89c W  89.88c S  -2.98c ( +0.7 L  +1.3) LCB -263.11c P  0.11% WF   1.8 PSV       1 N       1  --  B5
C8  : T  18.57c W  23.45c S  -4.88c ( -0.3 L  -0.2) LCB -331.43c P  0.59% WF   0.4 PSV       0 N       1  --  C8

2024-06-19 16:24:18-0400: = E7
2024-06-19 16:24:27-0400: Controller: kata-list_time_settings
2024-06-19 16:24:27-0400: = none absolute byoyomi canadian fischer fischer-capped
2024-06-19 16:24:27-0400: Controller: play black e8
2024-06-19 16:24:27-0400: = 
2024-06-19 16:24:27-0400: Controller: genmove white
2024-06-19 16:24:28-0400: MoveNum: 21 HASH: 585D4785751146C43320052828D47843
   A B C D E F G H J
 9 . . . . . . . . .
 8 . . . . X3X . . .
 7 . @ X X O2X O . .
 6 . . O O O O X . .
 5 . . O X . . X . .
 4 . . X O O . . . .
 3 . . X . . . X1. .
 2 . . . . O . . . .
 1 . . . . . . . . .

koPOSITIONALscoreAREAtaxNONEsui1komi7.5
Time taken: 1.047
Root visits: 8668
New playouts: 619
NN rows: 518
NN batches: 46
NN avg batch size: 11.2609
PV: B7 D2 D3 B8 C8 D8 A8 B9 F4 G4 B5 F2 F1 F3 E3 B4 C2 G1
Tree:
: T  95.14c W  94.27c S   1.85c ( +2.4 L  +2.6) N    8668  --  B7 D2 D3 B8 C8 D8 A8
---White(^)---
B7  : T  95.42c W  94.59c S   1.84c ( +2.4 L  +2.6) LCB   94.30c P 70.44% WF 14446.1 PSV   14405 N    7815  --  B7 D2 D3 B8 C8 D8 A8 B9
G4  : T  93.14c W  90.74c S   2.78c ( +2.9 L  +2.8) LCB   89.12c P  9.35% WF 622.7 PSV     510 N     499  --  G4 H4 B7 B8 B6 F2 A8 D2
B6  : T  92.60c W  93.48c S   0.92c ( +2.1 L  +2.0) LCB   84.72c P  4.17% WF 180.4 PSV     186 N     104  --  B6 B7 A7 A8 A6 F2 F3 G2
F4  : T  92.45c W  89.60c S   2.13c ( +2.6 L  +2.5) LCB   78.86c P  3.92% WF 121.0 PSV     125 N     100  --  F4 G4 B7 B8 B6 F2 F3 G2
C8  : T  70.88c W  73.16c S   0.15c ( +1.7 L  +1.3) LCB   53.55c P  7.45% WF  42.0 PSV      49 N      60  --  C8 B7 B6 D2 B8 D8 A7 B2
F3  : T  93.32c W  93.40c S  -0.40c ( +1.6 L  +1.4) LCB   85.46c P  0.76% WF  56.2 PSV      43 N      36  --  F3 B7 G2 B4 G4 H7
G2  : T  79.40c W  80.68c S  -0.70c ( +1.4 L  +0.9) LCB   65.87c P  3.27% WF  48.4 PSV      32 N      50  --  G2 F3 F2 D2 D3 B2 D1 B4
H6  : T  61.39c W  63.53c S  -2.15c ( +0.7 L  +0.5) LCB -288.61c P  0.22% WF   0.8 PSV       1 N       1  --  H6
F2  : T  31.68c W  35.95c S  -4.27c ( -0.1 L  +0.0) LCB -318.32c P  0.18% WF   0.5 PSV       0 N       1  --  F2
D8  : T  -2.41c W   2.88c S  -5.29c ( -0.7 L  -0.7) LCB -352.41c P  0.13% WF   0.4 PSV       0 N       1  --  D8

2024-06-19 16:24:28-0400: = B7
2024-06-19 16:24:29-0400: Controller: kata-list_time_settings
2024-06-19 16:24:29-0400: = none absolute byoyomi canadian fischer fischer-capped
2024-06-19 16:24:29-0400: Controller: play black d2
2024-06-19 16:24:29-0400: = 
2024-06-19 16:24:29-0400: Controller: genmove white
2024-06-19 16:24:30-0400: MoveNum: 23 HASH: 19EB2C1117226FD417E6405A42B3FB16
   A B C D E F G H J
 9 . . . . . . . . .
 8 . . . . X1X . . .
 7 . O2X X O X O . .
 6 . . O O O O X . .
 5 . . O X . . X . .
 4 . . X O O . . . .
 3 . . X @ . . X . .
 2 . . . X3O . . . .
 1 . . . . . . . . .

koPOSITIONALscoreAREAtaxNONEsui1komi7.5
Time taken: 1.063
Root visits: 8343
New playouts: 630
NN rows: 519
NN batches: 47
NN avg batch size: 11.0426
PV: D3 B8 C8 D8 A8 B9 F4 G4 B5 F2 F1 F3 E3 B4 C2 G1
Tree:
: T  94.97c W  94.16c S   1.75c ( +2.3 L  +2.4) N    8343  --  D3 B8 C8 D8 A8 B9 F4
---White(^)---
D3  : T  96.28c W  95.05c S   1.35c ( +2.1 L  +2.2) LCB   94.56c P 27.46% WF 4361.9 PSV   18813 N    2244  --  D3 B8 C8 D8 A8 B9 F4 G4
G8  : T  95.07c W  94.58c S   1.76c ( +2.3 L  +2.5) LCB   93.58c P 21.52% WF 8743.6 PSV    8752 N    4697  --  G8 B8 F4 H2 A8 B6 C8 A7
G4  : T  94.58c W  91.06c S   4.07c ( +3.3 L  +3.3) LCB   89.10c P 11.22% WF 573.8 PSV     579 N     434  --  G4 H4 G8 B8 F4 H6 G2 B2
F4  : T  90.68c W  90.05c S   2.07c ( +2.4 L  +2.5) LCB   86.21c P 19.23% WF 501.4 PSV     530 N     405  --  F4 H2 G8 H8 B2 B8 F3 F2
B8  : T  90.77c W  90.56c S   1.92c ( +2.4 L  +2.4) LCB   84.93c P  6.79% WF 561.9 PSV     240 N     447  --  B8 F2 E1 B2 D1 D3 H8 G8
F3  : T  76.69c W  76.61c S   1.71c ( +2.3 L  +1.9) LCB   46.98c P  6.16% WF  48.1 PSV      54 N      54  --  F3 G2 B2 B8 C8 D8 A8 B6
G2  : T  78.39c W  79.38c S  -0.60c ( +1.3 L  +0.9) LCB   66.64c P  2.50% WF  20.3 PSV      23 N      23  --  G2 F3 E3 B2 H7 G8 H3
B5  : T  79.82c W  81.16c S   0.34c ( +1.7 L  +1.2) LCB   56.10c P  1.90% WF  17.3 PSV      19 N      21  --  B5 B2 H7 G8 G2
H7  : T  66.15c W  68.15c S   0.16c ( +1.6 L  +1.2) LCB    6.00c P  2.10% WF   9.3 PSV      11 N      12  --  H7 B8 G4 H4 F4 H2 F2
B4  : T  61.85c W  63.32c S  -1.46c ( +1.0 L  +1.0) LCB -288.15c P  0.23% WF   0.7 PSV       1 N       1  --  B4

2024-06-19 16:24:30-0400: = D3
2024-06-19 16:24:35-0400: Controller: kata-list_time_settings
2024-06-19 16:24:35-0400: = none absolute byoyomi canadian fischer fischer-capped
2024-06-19 16:24:35-0400: Controller: play black b8
2024-06-19 16:24:35-0400: = 
2024-06-19 16:24:35-0400: Controller: genmove white
2024-06-19 16:24:36-0400: MoveNum: 25 HASH: 6479B713D7CB180FF2B5BC13536D25B6
   A B C D E F G H J
 9 . . . . . . . . .
 8 . X3@ . X X . . .
 7 . O X X O X O . .
 6 . . O O O O X . .
 5 . . O X . . X . .
 4 . . X O O . . . .
 3 . . X O2. . X . .
 2 . . . X1O . . . .
 1 . . . . . . . . .

koPOSITIONALscoreAREAtaxNONEsui1komi7.5
Time taken: 1.016
Root visits: 5121
New playouts: 688
NN rows: 521
NN batches: 48
NN avg batch size: 10.8542
PV: C8 D8 A8 C9 F3 G2 G4 H4 F4 B4 B5 B2 H3 H5 D1 C2 H2 A4 H7 H8 G1
Tree:
: T  96.05c W  95.03c S   1.45c ( +1.9 L  +2.1) N    5121  --  C8 D8 A8 C9 F3 G2 G4
---White(^)---
C8  : T  96.53c W  95.55c S   1.45c ( +1.9 L  +2.1) LCB   95.30c P 42.86% WF 9563.7 PSV    9519 N    4785  --  C8 D8 A8 C9 F3 G2 G4 H4
G4  : T  85.54c W  80.47c S   2.58c ( +2.5 L  +2.3) LCB   73.53c P 22.08% WF 161.6 PSV     181 N     206  --  G4 F4 F3 F5 E5 F2 E3 H4
G2  : T  26.81c W  35.44c S  -1.53c ( +0.6 L  +0.3) LCB   -1.29c P 24.30% WF  27.0 PSV      39 N      76  --  G2 F3 F2 B4 G8 B2 A8 C8
B6  : T  60.02c W  55.93c S   0.02c ( +1.4 L  +0.9) LCB   26.60c P  7.20% WF  17.6 PSV      22 N      39  --  B6 F2 A8 E1 G8 D8 H6 H8
F4  : T  61.41c W  62.55c S  -1.26c ( +0.8 L  +0.3) LCB   12.22c P  1.37% WF   3.2 PSV       4 N       6  --  F4 G4 C8 D8 A8 B6
F2  : T  47.71c W  51.87c S  -1.94c ( +0.5 L  +0.4) LCB  -11.27c P  1.18% WF   2.3 PSV       2 N       4  --  F2 B4 B5 A7
F3  : T  66.60c W  69.26c S  -2.66c ( +0.3 L  +0.4) LCB -283.40c P  0.30% WF   0.8 PSV       1 N       1  --  F3
A8  : T -24.01c W -18.74c S  -4.51c ( -0.7 L  -1.3) LCB -175.38c P  0.28% WF   0.4 PSV       0 N       2  --  A8 B6
B5  : T  50.02c W  52.53c S  -2.51c ( +0.3 L  +0.5) LCB -299.98c P  0.18% WF   0.6 PSV       0 N       1  --  B5

2024-06-19 16:24:36-0400: = C8
2024-06-19 16:24:37-0400: Controller: kata-list_time_settings
2024-06-19 16:24:37-0400: = none absolute byoyomi canadian fischer fischer-capped
2024-06-19 16:24:37-0400: Controller: play black d8
2024-06-19 16:24:38-0400: = 
2024-06-19 16:24:38-0400: Controller: genmove white
2024-06-19 16:24:39-0400: MoveNum: 27 HASH: 0DE4A879B4070713760962A48AEF31F1
   A B C D E F G H J
 9 . . . . . . . . .
 8 @ X1O2X3X X . . .
 7 . O X X O X O . .
 6 . . O O O O X . .
 5 . . O X . . X . .
 4 . . X O O . . . .
 3 . . X O . . X . .
 2 . . . X O . . . .
 1 . . . . . . . . .

koPOSITIONALscoreAREAtaxNONEsui1komi7.5
Time taken: 1.047
Root visits: 6419
New playouts: 698
NN rows: 509
NN batches: 52
NN avg batch size: 9.78846
PV: A8 B9 F3 G2 B5 F2 F1 G1 E1 B4 C2 F4 E3 F5 E5 A5 B3
Tree:
: T  96.85c W  95.68c S   1.53c ( +1.9 L  +2.1) N    6419  --  A8 B9 F3 G2 B5 F2 F1
---White(^)---
A8  : T  96.88c W  95.71c S   1.53c ( +1.9 L  +2.1) LCB   95.81c P 95.37% WF 13106.1 PSV   13105 N    6404  --  A8 B9 F3 G2 B5 F2 F1 G1
F4  : T  58.19c W  54.16c S  -0.13c ( +1.3 L  +0.9) LCB   22.86c P  1.41% WF   3.7 PSV       4 N       9  --  F4 G4 A8 B6 B9 B5 G8
G4  : T -52.49c W -46.55c S  -5.95c ( -1.1 L  -1.4) LCB -402.49c P  1.25% WF   0.3 PSV       1 N       1  --  G4
F3  : T  -7.84c W  -2.73c S  -5.11c ( -0.9 L  -0.5) LCB -357.84c P  0.93% WF   0.3 PSV       1 N       1  --  F3
G2  : T  -0.04c W   4.42c S  -4.46c ( -0.5 L  +0.0) LCB -350.04c P  0.58% WF   0.3 PSV       0 N       1  --  G2
F2  : T -33.61c W -28.09c S  -5.52c ( -1.1 L  -0.7) LCB -383.61c P  0.25% WF   0.3 PSV       0 N       1  --  F2
B6  : T -94.95c W -86.17c S  -8.78c ( -2.1 L  -1.8) LCB -444.95c P  0.09% WF   0.5 PSV       0 N       1  --  B6

2024-06-19 16:24:39-0400: = A8
2024-06-19 16:24:40-0400: Controller: quit
2024-06-19 16:24:40-0400: Quit requested by controller
2024-06-19 16:24:40-0400: = 
2024-06-19 16:24:40-0400: GPU -1 finishing, processed 31904 rows 2801 batches
2024-06-19 16:24:41-0400: All cleaned up, quitting
