2024-06-09 12:45:06-0400: Running with following config:
allowResignation = true
lagBuffer = 1.0
logAllGTPCommunication = true
logDir = gtp_logs
logSearchInfo = true
logSearchInfoForChosenMove = false
logToStderr = false
maxTime = 1.0
maxTimePondering = 120.0
numSearchThreads = 16
ogsChatToStderr = true
ponderingEnabled = true
resignConsecTurns = 3
resignThreshold = -0.90
rules = tromp-taylor
searchFactorAfterOnePass = 0.50
searchFactorAfterTwoPass = 0.25
searchFactorWhenWinning = 0.40
searchFactorWhenWinningThreshold = 0.95

2024-06-09 12:45:06-0400: GTP Engine starting...
2024-06-09 12:45:06-0400: KataGo v1.14.1
2024-06-09 12:45:06-0400: Using TrompTaylor rules initially, unless GTP/GUI overrides this
2024-06-09 12:45:06-0400: Using 16 CPU thread(s) for search
2024-06-09 12:45:06-0400: nnRandSeed0 = 4758506080551905591
2024-06-09 12:45:06-0400: After dedups: nnModelFile0 = C:/Users/chang/Downloads/kata1-b28c512nbt-s7168446720-d4316919285.bin.gz useFP16 auto useNHWC auto
2024-06-09 12:45:06-0400: Initializing neural net buffer to be size 19 * 19 exactly
2024-06-09 12:45:13-0400: Cuda backend thread 0: Found GPU NVIDIA GeForce RTX 4060 Laptop GPU memory 8585216000 compute capability major 8 minor 9
2024-06-09 12:45:13-0400: Cuda backend thread 0: Model version 15 useFP16 = true useNHWC = true
2024-06-09 12:45:13-0400: Cuda backend thread 0: Model name: kata1-b28c512nbt-s7168446720-d4316919285
2024-06-09 12:45:16-0400: Loaded neural net with nnXLen 19 nnYLen 19
2024-06-09 12:45:16-0400: Initializing board with boardXSize 19 boardYSize 19
2024-06-09 12:45:16-0400: Loaded config C:\Users\chang\Downloads\katago-v1.14.1-cuda12.1-cudnn8.9.7-windows-x64/俱乐部AI.cfg
2024-06-09 12:45:16-0400: Loaded model C:/Users/chang/Downloads/kata1-b28c512nbt-s7168446720-d4316919285.bin.gz
2024-06-09 12:45:16-0400: Model name: kata1-b28c512nbt-s7168446720-d4316919285
2024-06-09 12:45:16-0400: GTP ready, beginning main protocol loop
2024-06-09 12:45:16-0400: Controller: list_commands
2024-06-09 12:45:16-0400: = protocol_version
name
version
known_command
list_commands
quit
boardsize
rectangular_boardsize
clear_board
set_position
komi
get_komi
play
undo
kata-get-rules
kata-set-rule
kata-set-rules
kata-get-param
kata-set-param
kata-list-params
kgs-rules
genmove
genmove_debug
search_debug
clear_cache
showboard
fixed_handicap
place_free_handicap
set_free_handicap
time_settings
kgs-time_settings
time_left
kata-list_time_settings
kata-time_settings
final_score
final_status_list
loadsgf
printsgf
lz-genmove_analyze
kata-genmove_analyze
lz-analyze
kata-analyze
kata-raw-nn
cputime
gomill-cpu_time
kata-benchmark
kata-debug-print-tc
debug_moves
stop
2024-06-09 12:45:16-0400: Controller: boardsize 9
2024-06-09 12:45:16-0400: GPU -1 finishing, processed 0 rows 0 batches
2024-06-09 12:45:16-0400: Cleaned up old neural net and bot
2024-06-09 12:45:16-0400: nnRandSeed0 = 2687982937273764773
2024-06-09 12:45:16-0400: After dedups: nnModelFile0 = C:/Users/chang/Downloads/kata1-b28c512nbt-s7168446720-d4316919285.bin.gz useFP16 auto useNHWC auto
2024-06-09 12:45:16-0400: Initializing neural net buffer to be size 9 * 9 exactly
2024-06-09 12:45:24-0400: Cuda backend thread 0: Found GPU NVIDIA GeForce RTX 4060 Laptop GPU memory 8585216000 compute capability major 8 minor 9
2024-06-09 12:45:24-0400: Cuda backend thread 0: Model version 15 useFP16 = true useNHWC = true
2024-06-09 12:45:24-0400: Cuda backend thread 0: Model name: kata1-b28c512nbt-s7168446720-d4316919285
2024-06-09 12:45:26-0400: Loaded neural net with nnXLen 9 nnYLen 9
2024-06-09 12:45:26-0400: Initializing board with boardXSize 9 boardYSize 9
2024-06-09 12:45:26-0400: = 
2024-06-09 12:45:26-0400: Controller: clear_board
2024-06-09 12:45:26-0400: = 
2024-06-09 12:45:26-0400: Controller: komi 7.5
2024-06-09 12:45:26-0400: = 
2024-06-09 12:45:26-0400: Controller: play black g5
2024-06-09 12:45:26-0400: = 
2024-06-09 12:45:26-0400: Controller: genmove white
2024-06-09 12:45:27-0400: MoveNum: 1 HASH: E88DE61907BF739F46D3DC7DEC9D01AA
   A B C D E F G H J
 9 . . . . . . . . .
 8 . . . . . . . . .
 7 . . . . . . . . .
 6 . . . . . . . . .
 5 . . . . . . X1. .
 4 . . . @ . . . . .
 3 . . . . . . . . .
 2 . . . . . . . . .
 1 . . . . . . . . .

koPOSITIONALscoreAREAtaxNONEsui1komi7.5
Time taken: 1.234
Root visits: 542
New playouts: 542
NN rows: 484
NN batches: 40
NN avg batch size: 12.1
PV: D4 D6 C6 D7 D5 C7 F4 G4 F5 G3 F7 G6 E7 C5 B4 E6
Tree:
: T  85.76c W  86.77c S  -0.36c ( +2.0 L  +1.1) N     542  --  D4 D6 C6 D7 D5 C7 F4
---White(^)---
D4  : T  88.88c W  89.40c S  -0.51c ( +2.0 L  +1.2) LCB   85.50c P  6.23% WF 132.5 PSV     530 N      72  --  D4 D6 C6 D7 D5 C7 F4 G4
D5  : T  87.07c W  87.58c S  -0.18c ( +2.1 L  +1.2) LCB   84.90c P 60.55% WF 365.4 PSV     362 N     234  --  D5 E5 E6 D6 E7 E4 C6 D4
E4  : T  84.68c W  86.72c S  -0.03c ( +2.2 L  +1.2) LCB   79.80c P  8.41% WF 145.4 PSV      26 N      92  --  E4 E5 D5 D4 E3 E6 C4 D6
C4  : T  86.84c W  86.94c S  -0.43c ( +2.0 L  +1.1) LCB   81.82c P  1.79% WF  99.5 PSV       9 N      54  --  C4 D5 D4 E5 C5 C6 B6 C7
E5  : T  82.58c W  84.20c S  -1.41c ( +1.5 L  +0.5) LCB   76.44c P  1.75% WF  38.5 PSV       3 N      22  --  E5 C6 D7 F7
C5  : T  78.14c W  82.82c S  -0.47c ( +2.0 L  +1.0) LCB   65.51c P  1.49% WF  22.9 PSV       2 N      14  --  C5 D5 D6 C4 C6 D4 F6
F5  : T  76.31c W  78.50c S  -1.23c ( +1.6 L  +0.8) LCB   60.30c P  0.86% WF  13.0 PSV       1 N       8  --  F5 F6 G4 G6 E5
F4  : T  64.80c W  72.98c S  -1.68c ( +1.4 L  +0.7) LCB   12.86c P  0.32% WF   5.3 PSV       0 N       4  --  F4 F5 E4
E3  : T  75.27c W  76.83c S  -1.57c ( +1.5 L  +0.5) LCB   29.79c P  0.27% WF   5.9 PSV       0 N       4  --  E3 D6 C4
D3  : T  64.86c W  71.24c S  -1.97c ( +1.2 L  +0.5) LCB  -86.26c P  0.55% WF   3.1 PSV       0 N       2  --  D3 D6

2024-06-09 12:45:27-0400: = D4
2024-06-09 12:45:48-0400: Controller: kata-list_time_settings
2024-06-09 12:45:48-0400: = none absolute byoyomi canadian fischer fischer-capped
2024-06-09 12:45:48-0400: Controller: play black d6
2024-06-09 12:45:48-0400: = 
2024-06-09 12:45:48-0400: Controller: genmove white
2024-06-09 12:45:49-0400: MoveNum: 3 HASH: 24762EA395EF6E7E7F1DBD492D363189
   A B C D E F G H J
 9 . . . . . . . . .
 8 . . . . . . . . .
 7 . . . . . . . . .
 6 . . @ X3. . . . .
 5 . . . . . . X1. .
 4 . . . O2. . . . .
 3 . . . . . . . . .
 2 . . . . . . . . .
 1 . . . . . . . . .

koPOSITIONALscoreAREAtaxNONEsui1komi7.5
Time taken: 1.078
Root visits: 12691
New playouts: 578
NN rows: 465
NN batches: 41
NN avg batch size: 11.3415
PV: C6 C5 D5 C7 B6 E6 B7 F3 C8 E5 G6 D7 H5 G4 F7 C4 D3 C3 C2 D2 E2 B2 D1 B5 B3
Tree:
: T  80.40c W  81.22c S   1.28c ( +1.8 L  +1.3) N   12691  --  C6 C5 D5 C7 B6 E6 B7
---White(^)---
C6  : T  80.52c W  81.41c S   1.31c ( +1.8 L  +1.3) LCB   78.94c P 81.09% WF 13222.8 PSV   13207 N   12023  --  C6 C5 D5 C7 B6 E6 B7 F3
F4  : T  75.83c W  76.38c S   1.06c ( +1.7 L  +0.8) LCB   70.79c P  8.16% WF 307.6 PSV     314 N     287  --  F4 G4 F3 F6 E8 E7 F8 D8
F3  : T  82.63c W  81.07c S   0.70c ( +1.5 L  +0.7) LCB   78.12c P  4.86% WF 295.3 PSV     291 N     247  --  F3 C4 C3 E4 D3 D5 E8 F7
G3  : T  76.23c W  76.60c S   0.93c ( +1.6 L  +0.9) LCB   69.85c P  4.07% WF 113.8 PSV     118 N     109  --  G3 C4 C3 C5 F7 E8 E7 D7
E3  : T  73.24c W  71.47c S   0.00c ( +1.2 L  +0.5) LCB   57.33c P  0.51% WF  13.1 PSV      13 N      10  --  E3 F6 E8 D7 G3
F5  : T  70.96c W  73.63c S  -0.01c ( +1.2 L  +0.5) LCB   31.58c P  0.20% WF   7.9 PSV       4 N       6  --  F5 F6 G4 E5
F7  : T  56.58c W  60.89c S  -0.97c ( +0.7 L  +0.2) LCB  -95.39c P  0.35% WF   2.5 PSV       3 N       2  --  F7 F6
E7  : T  49.76c W  59.05c S  -1.24c ( +0.6 L  +0.3) LCB -107.02c P  0.13% WF   2.5 PSV       0 N       2  --  E7 E6
G7  : T  30.06c W  32.25c S  -2.19c ( +0.1 L  +0.1) LCB -319.94c P  0.22% WF   0.9 PSV       0 N       1  --  G7
D7  : T  46.32c W  47.78c S  -1.47c ( +0.5 L  +0.5) LCB -303.68c P  0.12% WF   1.0 PSV       0 N       1  --  D7

2024-06-09 12:45:49-0400: = C6
2024-06-09 12:45:51-0400: Controller: kata-list_time_settings
2024-06-09 12:45:51-0400: = none absolute byoyomi canadian fischer fischer-capped
2024-06-09 12:45:51-0400: Controller: play black c5
2024-06-09 12:45:51-0400: = 
2024-06-09 12:45:51-0400: Controller: genmove white
2024-06-09 12:45:52-0400: MoveNum: 5 HASH: 8B1A5B469FBC782754FDF7DA2F00F808
   A B C D E F G H J
 9 . . . . . . . . .
 8 . . . . . . . . .
 7 . . . . . . . . .
 6 . . O2X1. . . . .
 5 . . X3@ . . X . .
 4 . . . O . . . . .
 3 . . . . . . . . .
 2 . . . . . . . . .
 1 . . . . . . . . .

koPOSITIONALscoreAREAtaxNONEsui1komi7.5
Time taken: 1.047
Root visits: 11505
New playouts: 628
NN rows: 447
NN batches: 41
NN avg batch size: 10.9024
PV: D5 C7 B6 E6 B7 F3 C8 E5 G6 D7 H5 G4 F7 C4 D3 C3 C2 D2 E2 B2 D1 B5 B3 A3 B1
Tree:
: T  78.62c W  79.64c S   1.25c ( +1.7 L  +1.3) N   11505  --  D5 C7 B6 E6 B7 F3 C8
---White(^)---
D5  : T  78.63c W  79.64c S   1.25c ( +1.7 L  +1.3) LCB   76.91c P 99.82% WF 11779.6 PSV   11780 N   11504  --  D5 C7 B6 E6 B7 F3 C8 E5

2024-06-09 12:45:52-0400: = D5
2024-06-09 12:45:54-0400: Controller: kata-list_time_settings
2024-06-09 12:45:54-0400: = none absolute byoyomi canadian fischer fischer-capped
2024-06-09 12:45:54-0400: Controller: play black c7
2024-06-09 12:45:54-0400: = 
2024-06-09 12:45:54-0400: Controller: genmove white
2024-06-09 12:45:55-0400: MoveNum: 7 HASH: A6ABAFB968353C4BC7C911E38F5A30E9
   A B C D E F G H J
 9 . . . . . . . . .
 8 . . . . . . . . .
 7 . . X3. . . . . .
 6 . @ O X . . . . .
 5 . . X1O2. . X . .
 4 . . . O . . . . .
 3 . . . . . . . . .
 2 . . . . . . . . .
 1 . . . . . . . . .

koPOSITIONALscoreAREAtaxNONEsui1komi7.5
Time taken: 1.094
Root visits: 13549
New playouts: 645
NN rows: 478
NN batches: 45
NN avg batch size: 10.6222
PV: B6 E6 B7 F3 C8 E5 G6 D7 E3 F4 H5 H4 F8 E8 F7 B8 H6 B4
Tree:
: T  76.76c W  78.10c S   1.28c ( +1.7 L  +1.3) N   13549  --  B6 E6 B7 F3 C8 E5 G6
---White(^)---
B6  : T  76.76c W  78.11c S   1.28c ( +1.7 L  +1.3) LCB   75.12c P 99.73% WF 13171.2 PSV   13171 N   13546  --  B6 E6 B7 F3 C8 E5 G6 D7
F5  : T -65.58c W -58.02c S  -7.56c ( -2.0 L  -0.9) LCB -415.58c P  0.08% WF   0.3 PSV       0 N       1  --  F5
E6  : T -82.14c W -73.42c S  -8.71c ( -2.6 L  -1.7) LCB -432.14c P  0.07% WF   0.3 PSV       0 N       1  --  E6

2024-06-09 12:45:55-0400: = B6
2024-06-09 12:45:56-0400: Controller: kata-list_time_settings
2024-06-09 12:45:56-0400: = none absolute byoyomi canadian fischer fischer-capped
2024-06-09 12:45:56-0400: Controller: play black e6
2024-06-09 12:45:56-0400: = 
2024-06-09 12:45:56-0400: Controller: genmove white
2024-06-09 12:45:57-0400: MoveNum: 9 HASH: CB3BC7D535CC173CB20D22EA39B1073D
   A B C D E F G H J
 9 . . . . . . . . .
 8 . . . . . . . . .
 7 . @ X1. . . . . .
 6 . O2O X X3. . . .
 5 . . X O . . X . .
 4 . . . O . . . . .
 3 . . . . . . . . .
 2 . . . . . . . . .
 1 . . . . . . . . .

koPOSITIONALscoreAREAtaxNONEsui1komi7.5
Time taken: 1.047
Root visits: 13033
New playouts: 636
NN rows: 467
NN batches: 43
NN avg batch size: 10.8605
PV: B7 F3 C8 E5 G6 D7 H5 G4 F7 C4 D3 C3 C2 D2 E2 B2 D1 B5 B3 A3 B1 B4 D8 B8 A8
Tree:
: T  75.14c W  76.67c S   1.29c ( +1.7 L  +1.3) N   13033  --  B7 F3 C8 E5 G6 D7 H5
---White(^)---
B7  : T  75.17c W  76.68c S   1.29c ( +1.7 L  +1.3) LCB   73.40c P 98.16% WF 12062.5 PSV   12061 N   13007  --  B7 F3 C8 E5 G6 D7 H5 G4
F4  : T  60.52c W  71.43c S   0.00c ( +1.2 L  +0.5) LCB   22.02c P  1.48% WF  21.1 PSV      21 N      24  --  F4 B5 F5 F6 G6 G7 B4 B7
H5  : T  28.97c W  31.08c S  -2.12c ( +0.2 L  +0.2) LCB -321.03c P  0.09% WF   0.8 PSV       0 N       1  --  H5

2024-06-09 12:45:57-0400: = B7
2024-06-09 12:45:58-0400: Controller: kata-list_time_settings
2024-06-09 12:45:58-0400: = none absolute byoyomi canadian fischer fischer-capped
2024-06-09 12:45:58-0400: Controller: play black f3
2024-06-09 12:45:58-0400: = 
2024-06-09 12:45:58-0400: Controller: genmove white
2024-06-09 12:45:59-0400: MoveNum: 11 HASH: 80C9139D3C6C48BAB71E67D29A3FDDAA
   A B C D E F G H J
 9 . . . . . . . . .
 8 . . @ . . . . . .
 7 . O2X . . . . . .
 6 . O O X X1. . . .
 5 . . X O . . X . .
 4 . . . O . . . . .
 3 . . . . . X3. . .
 2 . . . . . . . . .
 1 . . . . . . . . .

koPOSITIONALscoreAREAtaxNONEsui1komi7.5
Time taken: 1.094
Root visits: 14065
New playouts: 788
NN rows: 490
NN batches: 45
NN avg batch size: 10.8889
PV: C8 E5 G6 D7 H5 G4 F7 C4 D3 C3 C2 D2 E2 B2 D1 B5 B3 A3 B1 B4 D8 B8 A8 B9 C9
Tree:
: T  75.05c W  76.64c S   1.33c ( +1.8 L  +1.3) N   14065  --  C8 E5 G6 D7 H5 G4 F7
---White(^)---
C8  : T  75.57c W  76.93c S   1.34c ( +1.8 L  +1.3) LCB   73.69c P 66.33% WF 11208.0 PSV   11140 N   12161  --  C8 E5 G6 D7 H5 G4 F7 C4
E3  : T  72.88c W  76.28c S   1.67c ( +1.9 L  +1.4) LCB   67.36c P 13.94% WF 945.7 PSV     843 N    1098  --  E3 B8 F4 G4 C8 D7 D8 E8
F4  : T  70.70c W  74.31c S   0.87c ( +1.6 L  +1.1) LCB   63.19c P  6.58% WF 291.0 PSV     262 N     354  --  F4 G4 E3 B8 C8 D7 D8 E8
H5  : T  72.74c W  72.38c S   1.46c ( +1.9 L  +1.1) LCB   63.93c P  2.49% WF 183.5 PSV     145 N     203  --  H5 G6 H6 C4 C3 D3 B4 G8
E2  : T  72.19c W  75.99c S   0.26c ( +1.3 L  +0.7) LCB   61.37c P  2.43% WF 151.0 PSV     126 N     150  --  E2 F2 C8 D7 E3 D8 F4 G4
G6  : T  57.58c W  56.21c S  -0.39c ( +1.0 L  +0.5) LCB   42.92c P  2.57% WF  30.6 PSV      33 N      40  --  G6 F5 H5 H4 C8 D7 G8 B8
G4  : T  62.08c W  68.48c S   0.16c ( +1.3 L  +0.5) LCB   36.10c P  1.23% WF  21.1 PSV      20 N      24  --  G4 E5 H5 C4 D3
D3  : T  28.26c W  45.44c S  -1.55c ( +0.5 L  +0.0) LCB   -9.48c P  3.49% WF  13.5 PSV      18 N      24  --  D3 D8 C8 D7 G4 F4 H5
D7  : T  70.92c W  70.99c S  -0.35c ( +1.0 L  +0.4) LCB   43.50c P  0.14% WF   6.0 PSV       5 N       6  --  D7 C8 F4 G4 F6
G7  : T  21.39c W  27.09c S  -2.07c ( +0.2 L  +0.0) LCB -128.87c P  0.49% WF   1.3 PSV       2 N       2  --  G7 E5

2024-06-09 12:45:59-0400: = C8
2024-06-09 12:46:11-0400: Controller: kata-list_time_settings
2024-06-09 12:46:11-0400: = none absolute byoyomi canadian fischer fischer-capped
2024-06-09 12:46:11-0400: Controller: play black e5
2024-06-09 12:46:11-0400: = 
2024-06-09 12:46:11-0400: Controller: genmove white
2024-06-09 12:46:12-0400: MoveNum: 13 HASH: 2B92BE971DDAA68E6ABED1013849733C
   A B C D E F G H J
 9 . . . . . . . . .
 8 . . O2. . . . . .
 7 . O X . . . . . .
 6 . O O X X . . . .
 5 . . X O X3. X . .
 4 . . . O . . . . .
 3 . . . @ . X1. . .
 2 . . . . . . . . .
 1 . . . . . . . . .

koPOSITIONALscoreAREAtaxNONEsui1komi7.5
Time taken: 1.079
Root visits: 20603
New playouts: 2002
NN rows: 419
NN batches: 40
NN avg batch size: 10.475
PV: D3 D7 H5 G4 F8 E8 H7 H4 D8 B8 B9 A8 A7 D9 A9 F7 G8 H9 G6 E9 G7 J5 J6 H6 E2
Tree:
: T  77.31c W  78.23c S   1.48c ( +2.1 L  +1.6) N   20603  --  D3 D7 H5 G4 F8 E8 H7
---White(^)---
D3  : T  78.89c W  79.46c S   1.81c ( +2.2 L  +1.7) LCB   77.34c P 53.23% WF 14537.7 PSV   14153 N   15538  --  D3 D7 H5 G4 F8 E8 H7 H4
E4  : T  70.47c W  74.22c S  -1.38c ( +0.9 L  +0.6) LCB   61.32c P 23.12% WF 1249.6 PSV     791 N    1370  --  E4 F4 E2 E3 D3 F2 D2 D7
E3  : T  61.16c W  70.64c S  -0.24c ( +1.3 L  +0.9) LCB   44.35c P 14.75% WF 215.7 PSV     257 N     499  --  E3 C3 F2 B5 C4 B4 D2 C2
D2  : T  58.21c W  60.18c S  -0.45c ( +1.2 L  +0.7) LCB   49.05c P  3.96% WF  59.8 PSV      59 N     102  --  D2 D7 H5 G6 G2 F2 G3 G4
G6  : T  72.51c W  73.12c S   0.90c ( +1.8 L  +1.4) LCB   69.54c P  1.16% WF 1637.7 PSV      50 N    2837  --  G6 D7 H5 G4 F7 C4 D3 C3
E8  : T  70.72c W  72.57c S   1.10c ( +1.9 L  +1.6) LCB   50.08c P  0.83% WF 148.3 PSV      29 N     189  --  E8 D3 C4 C3 E4 B4 F4 G4
H5  : T  59.03c W  62.42c S  -1.20c ( +0.9 L  +0.3) LCB   34.22c P  1.06% WF  31.9 PSV      16 N      51  --  H5 D3 C4 G6 C3 E8 F2 E2
C4  : T  48.50c W  43.31c S  -2.64c ( +0.3 L  -0.2) LCB  -40.03c P  0.32% WF   2.7 PSV       3 N       4  --  C4 E8 H5
E2  : T -79.74c W -69.04c S  -9.07c ( -2.5 L  -2.3) LCB -116.49c P  1.08% WF   2.2 PSV       2 N       9  --  E2 D3 C4 C3 E3 E4
C3  : T  37.44c W  40.03c S  -2.59c ( +0.2 L  -0.1) LCB -312.56c P  0.21% WF   0.6 PSV       1 N       1  --  C3

2024-06-09 12:46:12-0400: = D3
2024-06-09 12:46:15-0400: Controller: kata-list_time_settings
2024-06-09 12:46:15-0400: = none absolute byoyomi canadian fischer fischer-capped
2024-06-09 12:46:15-0400: Controller: play black d7
2024-06-09 12:46:15-0400: = 
2024-06-09 12:46:15-0400: Controller: genmove white
2024-06-09 12:46:16-0400: MoveNum: 15 HASH: D4CD50E8837E7BD56B3A10263CA27D28
   A B C D E F G H J
 9 . . . . . . . . .
 8 . . O . . . . . .
 7 . O X X3. . . . .
 6 . O O X X . . . .
 5 . . X O X1. X @ .
 4 . . . O . . . . .
 3 . . . O2. X . . .
 2 . . . . . . . . .
 1 . . . . . . . . .

koPOSITIONALscoreAREAtaxNONEsui1komi7.5
Time taken: 1.079
Root visits: 20365
New playouts: 886
NN rows: 452
NN batches: 43
NN avg batch size: 10.5116
PV: H5 G4 F8 E8 H7 H4 D8 B8 B9 A8 A7 D9 A9 F7 G8 H9 G6 E9 G7 J5 J6 H6 E2 F2 H5
Tree:
: T  80.91c W  81.22c S   1.58c ( +2.2 L  +1.7) N   20365  --  H5 G4 F8 E8 H7 H4 D8
---White(^)---
H5  : T  81.12c W  81.42c S   1.60c ( +2.2 L  +1.7) LCB   79.79c P 80.39% WF 19332.9 PSV   19300 N   20067  --  H5 G4 F8 E8 H7 H4 D8 B8
G3  : T  81.93c W  78.51c S   2.26c ( +2.6 L  +2.3) LCB   67.94c P  1.53% WF  68.3 PSV      69 N      79  --  G3 E3 H5 H6 G4 G6 J5 F2
G6  : T  57.03c W  60.26c S  -1.63c ( +0.8 L  +0.4) LCB   38.10c P  4.59% WF  51.0 PSV      57 N      94  --  G6 B8 A8 H5 B9 D8 D9 E2
F2  : T  33.52c W  38.49c S  -2.12c ( +0.5 L  +0.2) LCB   13.98c P  5.37% WF  25.0 PSV      34 N      60  --  F2 E2 H5 G3 G6 B8 A8 G7
E2  : T  21.35c W  35.05c S  -4.05c ( +0.0 L  -0.3) LCB  -42.45c P  3.06% WF  12.5 PSV      15 N      28  --  E2 F2 F1 B8 A8 G1 E1 D8
D8  : T  -2.13c W   5.90c S  -4.49c ( -0.6 L  -0.4) LCB  -55.59c P  2.39% WF   5.7 PSV       8 N      15  --  D8 E8 F2 E2 F4 G3 D2 B8
G4  : T  19.05c W  34.32c S  -2.94c ( +0.2 L  -0.1) LCB  -21.09c P  1.56% WF   5.3 PSV       7 N      12  --  G4 G3 H5 G6 F4 E4 H3 D2
F4  : T  58.86c W  62.95c S  -2.50c ( +0.5 L  +0.2) LCB  -18.74c P  0.23% WF   2.0 PSV       3 N       3  --  F4 E4 F2
B8  : T  19.97c W  31.04c S  -4.08c ( -0.3 L  -0.4) LCB -156.45c P  0.35% WF   1.1 PSV       1 N       2  --  B8 E2
H7  : T  32.99c W  35.59c S  -2.60c ( +0.3 L  -0.0) LCB -317.01c P  0.17% WF   0.7 PSV       1 N       1  --  H7

2024-06-09 12:46:16-0400: = H5
2024-06-09 12:46:17-0400: Controller: kata-list_time_settings
2024-06-09 12:46:17-0400: = none absolute byoyomi canadian fischer fischer-capped
2024-06-09 12:46:17-0400: Controller: play black g4
2024-06-09 12:46:17-0400: = 
2024-06-09 12:46:17-0400: Controller: genmove white
2024-06-09 12:46:18-0400: MoveNum: 17 HASH: 679F28E5F1E3AFA2D4E51C39F5CEEE42
   A B C D E F G H J
 9 . . . . . . . . .
 8 . . O . . @ . . .
 7 . O X X1. . . . .
 6 . O O X X . . . .
 5 . . X O X . X O2.
 4 . . . O . . X3. .
 3 . . . O . X . . .
 2 . . . . . . . . .
 1 . . . . . . . . .

koPOSITIONALscoreAREAtaxNONEsui1komi7.5
Time taken: 1.062
Root visits: 13996
New playouts: 871
NN rows: 449
NN batches: 44
NN avg batch size: 10.2045
PV: F8 E8 H7 H4 D8 B8 B9 A8 A7 B3 B5 D9 A9 F7 G8 H9 G6 G7 F6 E7 H8 E9 H6 J5 J6
Tree:
: T  81.48c W  81.39c S   1.76c ( +2.4 L  +1.9) N   13996  --  F8 E8 H7 H4 D8 B8 B9
---White(^)---
F8  : T  83.11c W  82.61c S   1.95c ( +2.5 L  +2.0) LCB   81.46c P 21.40% WF 12335.2 PSV   12079 N   12432  --  F8 E8 H7 H4 D8 B8 B9 A8
E2  : T  64.64c W  69.55c S  -0.42c ( +1.5 L  +1.1) LCB   55.58c P 14.91% WF 320.9 PSV     195 N     519  --  E2 F2 G8 B8 A8 H7 H6 G7
G8  : T  58.34c W  63.74c S  -0.99c ( +1.2 L  +0.9) LCB   48.02c P 13.56% WF 250.7 PSV     133 N     472  --  G8 B8 A8 H7 D9 E9 E8 D8
G6  : T  54.79c W  60.92c S  -2.09c ( +0.7 L  +0.1) LCB   37.51c P  8.40% WF  57.0 PSV      72 N     101  --  G6 G8 E2 B8 A8 F2 F1 G1
G7  : T  56.36c W  65.81c S  -1.99c ( +0.8 L  +0.3) LCB   38.88c P  6.46% WF  47.6 PSV      58 N      84  --  G7 H6 G6 H7 E2 B8 A8 D9
F2  : T  52.16c W  59.20c S  -1.89c ( +0.7 L  +0.2) LCB   32.04c P  4.18% WF  30.4 PSV      33 N      58  --  F2 B8 G2 B5 A8 B9 C9 A6
D8  : T  27.10c W  30.35c S  -2.98c ( +0.2 L  -0.1) LCB   -5.62c P  6.50% WF  19.3 PSV      28 N      45  --  D8 E8 F8 B8 B9 A8 A7 E9
F7  : T  50.68c W  59.30c S  -1.36c ( +1.0 L  +0.1) LCB   12.03c P  3.80% WF  22.7 PSV      28 N      35  --  F7 E8 F2 G2 E2
B8  : T -35.72c W -15.56c S  -7.34c ( -2.1 L  -2.8) LCB  -78.34c P 13.20% WF  12.2 PSV      27 N      54  --  B8 D8 F2 E2 H7 G8 G2 E3
H7  : T  76.86c W  78.60c S   0.60c ( +1.9 L  +1.1) LCB   65.10c P  0.64% WF 101.4 PSV      23 N     118  --  H7 G8 F8 G7 E2 B8 A8 F2

2024-06-09 12:46:18-0400: = F8
2024-06-09 12:46:23-0400: Controller: kata-list_time_settings
2024-06-09 12:46:23-0400: = none absolute byoyomi canadian fischer fischer-capped
2024-06-09 12:46:23-0400: Controller: play black e8
2024-06-09 12:46:23-0400: = 
2024-06-09 12:46:23-0400: Controller: genmove white
2024-06-09 12:46:24-0400: MoveNum: 19 HASH: E675EFFFBC59558B0A69C8C984F2C3B6
   A B C D E F G H J
 9 . . . . . . . . .
 8 . . O . X3O2. . .
 7 . O X X . . . @ .
 6 . O O X X . . . .
 5 . . X O X . X O .
 4 . . . O . . X1. .
 3 . . . O . X . . .
 2 . . . . . . . . .
 1 . . . . . . . . .

koPOSITIONALscoreAREAtaxNONEsui1komi7.5
Time taken: 1.047
Root visits: 15599
New playouts: 7645
NN rows: 461
NN batches: 43
NN avg batch size: 10.7209
PV: H7 B8 A8 H4 G6 F7 G8 J8 B9 D8 F2 E2 F6 J5 E3 E4 G3 F4 D2 G2 D9 E9 F1 G1 E1
Tree:
: T  77.45c W  79.61c S   0.67c ( +2.0 L  +1.5) N   15599  --  H7 B8 A8 H4 G6 F7 G8
---White(^)---
H7  : T  78.37c W  80.44c S   0.70c ( +2.1 L  +1.5) LCB   76.67c P 17.90% WF 13211.3 PSV   13058 N   14831  --  H7 B8 A8 H4 G6 F7 G8 J8
F2  : T  72.40c W  73.80c S   1.69c ( +2.5 L  +1.6) LCB   64.62c P  5.20% WF 220.8 PSV     228 N     279  --  F2 B8 A8 E2 H7 H4 G6 F7
G6  : T  24.76c W  35.96c S  -2.13c ( +0.6 L  -0.2) LCB    8.71c P 25.95% WF  76.6 PSV     133 N     227  --  G6 B8 A8 H7 E4 F4 H6 G8
F7  : T -25.36c W -10.45c S  -7.10c ( -1.5 L  -1.6) LCB  -66.95c P 32.83% WF  37.0 PSV      87 N     128  --  F7 G6 D8 B8 B9 A8 A7 D9
D8  : T  14.75c W  18.32c S  -3.62c ( -0.1 L  -0.3) LCB  -17.61c P 10.21% WF  26.3 PSV      44 N      71  --  D8 B8 B9 A8 A7 B3 B4 B5
G7  : T  19.79c W  22.84c S  -3.22c ( +0.3 L  +0.0) LCB  -24.61c P  2.16% WF   7.1 PSV      10 N      20  --  G7 B8 A8 H6 G6
G2  : T  14.92c W  29.12c S  -0.18c ( +1.6 L  +0.4) LCB  -47.21c P  2.08% WF   6.3 PSV       9 N      18  --  G2 F2 H7 B8 A8 H4 F7
E2  : T  -5.59c W   4.35c S  -3.90c ( -0.0 L  -0.5) LCB  -90.92c P  2.56% WF   6.7 PSV       8 N      17  --  E2 B8 A8 F2 B9 D8 E4 F4
H4  : T  37.75c W  46.81c S  -1.98c ( +0.8 L  +0.2) LCB  -45.72c P  0.26% WF   1.1 PSV       1 N       2  --  H4 H3 G6 H7 H6
F9  : T -22.39c W -16.79c S  -5.60c ( -0.7 L  -0.6) LCB -372.39c P  0.24% WF   0.3 PSV       0 N       1  --  F9

2024-06-09 12:46:24-0400: = H7
2024-06-09 12:46:27-0400: Controller: kata-list_time_settings
2024-06-09 12:46:27-0400: = none absolute byoyomi canadian fischer fischer-capped
2024-06-09 12:46:27-0400: Controller: play black b8
2024-06-09 12:46:28-0400: = 
2024-06-09 12:46:28-0400: Controller: genmove white
2024-06-09 12:46:29-0400: MoveNum: 21 HASH: E901B3E0DE5BBE9C70B0AA25B68A8CFF
   A B C D E F G H J
 9 . . . . . . . . .
 8 @ X3O . X1O . . .
 7 . O X X . . . O2.
 6 . O O X X . . . .
 5 . . X O X . X O .
 4 . . . O . . X . .
 3 . . . O . X . . .
 2 . . . . . . . . .
 1 . . . . . . . . .

koPOSITIONALscoreAREAtaxNONEsui1komi7.5
Time taken: 1.063
Root visits: 11626
New playouts: 536
NN rows: 423
NN batches: 41
NN avg batch size: 10.3171
PV: A8 H4 G6 F7 G8 J8 F6 J5 B9 E9 F2 E2 E3 E4 G3 F4 E1 G2 D2 G1 J6 J4 D8 F1 D9
Tree:
: T  81.51c W  83.59c S   2.32c ( +4.3 L  +3.5) N   11626  --  A8 H4 G6 F7 G8 J8 F6
---White(^)---
A8  : T  81.71c W  83.77c S   2.33c ( +4.4 L  +3.5) LCB   79.46c P 81.95% WF 12310.9 PSV   12295 N   11550  --  A8 H4 G6 F7 G8 J8 F6 J5
H4  : T -34.93c W -19.81c S  -8.26c ( -1.1 L  -1.0) LCB  -86.67c P  5.96% WF   6.5 PSV      13 N      29  --  H4 B5 A8 B9 C9 A6 A9 B8
G8  : T -51.88c W -37.80c S  -8.92c ( -1.5 L  -1.4) LCB -131.95c P  4.15% WF   3.7 PSV       7 N      13  --  G8 B5 B4 A6 E2 H4
G6  : T -63.31c W -51.88c S -11.15c ( -2.7 L  -2.0) LCB -138.92c P  3.74% WF   3.3 PSV       6 N      11  --  G6 B5 A8 B9 C9 B3 B2
B9  : T -12.16c W  -2.13c S  -6.34c ( -0.1 L  -0.5) LCB  -83.33c P  2.00% WF   3.0 PSV       5 N      10  --  B9 G8 H8 G7 G6 F7
F7  : T -11.86c W   3.42c S  -7.92c ( -0.7 L  -0.8) LCB -122.04c P  0.96% WF   1.4 PSV       2 N       4  --  F7 B5 B4
E2  : T   4.61c W  18.36c S  -6.56c ( -0.2 L  -0.4) LCB -117.19c P  0.50% WF   1.2 PSV       1 N       3  --  E2 B5 A8
C9  : T -33.25c W -25.14c S  -8.11c ( -0.9 L  -1.1) LCB -383.25c P  0.17% WF   0.3 PSV       0 N       1  --  C9
G2  : T -18.54c W -10.77c S  -7.77c ( -0.9 L  -1.0) LCB -368.54c P  0.17% WF   0.4 PSV       0 N       1  --  G2
G7  : T  -6.20c W  -0.02c S  -6.17c ( -0.0 L  -0.8) LCB -356.20c P  0.15% WF   0.3 PSV       0 N       1  --  G7

2024-06-09 12:46:29-0400: = A8
2024-06-09 12:46:36-0400: Controller: kata-list_time_settings
2024-06-09 12:46:36-0400: = none absolute byoyomi canadian fischer fischer-capped
2024-06-09 12:46:36-0400: Controller: play black h4
2024-06-09 12:46:36-0400: = 
2024-06-09 12:46:36-0400: Controller: genmove white
2024-06-09 12:46:37-0400: MoveNum: 23 HASH: 1E6EE09BC937AE8EF97EB1D95D06B68E
   A B C D E F G H J
 9 . . . . . . . . .
 8 O2X1O . X O . . .
 7 . O X X . . . O .
 6 . O O X X . @ . .
 5 . . X O X . X O .
 4 . . . O . . X X3.
 3 . . . O . X . . .
 2 . . . . . . . . .
 1 . . . . . . . . .

koPOSITIONALscoreAREAtaxNONEsui1komi7.5
Time taken: 1.047
Root visits: 15433
New playouts: 668
NN rows: 453
NN batches: 44
NN avg batch size: 10.2955
PV: G6 F7 G8 J8 B9 D8 F6 J5 F2 E3 E2 G2 D2 F1 E4 F5 F4 G3 E1 G1 D9 E9
Tree:
: T  88.76c W  89.92c S   1.65c ( +2.9 L  +2.4) N   15433  --  G6 F7 G8 J8 B9 D8 F6
---White(^)---
G6  : T  90.00c W  90.91c S   1.72c ( +2.9 L  +2.4) LCB   88.50c P 22.89% WF 20372.7 PSV   19996 N   12784  --  G6 F7 G8 J8 B9 D8 F6 J5
B9  : T  83.99c W  86.48c S   1.59c ( +2.9 L  +2.3) LCB   80.83c P  2.84% WF 1745.1 PSV     138 N    1709  --  B9 D8 G6 F7 G8 J8 F6 J5
E2  : T  69.78c W  73.80c S  -0.67c ( +1.8 L  +1.3) LCB   59.88c P  7.85% WF 134.5 PSV     118 N     200  --  E2 D8 B9 F2 E4 F5 D9 E9
F7  : T -31.39c W -15.63c S  -7.71c ( -1.5 L  -1.5) LCB  -57.85c P 31.23% WF  34.1 PSV      79 N     180  --  F7 G6 D8 B9 E7 B5 B4 A6
H8  : T  61.04c W  68.54c S   0.12c ( +2.1 L  +1.4) LCB   42.35c P  4.66% WF 114.1 PSV      49 N     209  --  H8 J5 F7 B9 C9 G6 G7 G9
G8  : T -27.46c W  -5.56c S  -7.95c ( -1.5 L  -1.7) LCB  -74.20c P  9.43% WF  14.0 PSV      24 N      59  --  G8 H6 F7 G6 D8 B9 E7 B5
E4  : T  74.37c W  79.11c S  -1.95c ( +1.3 L  +0.8) LCB   63.53c P  1.20% WF  98.9 PSV      23 N     117  --  E4 D8 B9 F5 E2 F2 D9 E9
H9  : T  -3.59c W   7.37c S  -5.37c ( -0.3 L  -0.3) LCB  -40.92c P  6.74% WF  12.3 PSV      22 N      51  --  H9 J8 F7 G6 D8 B9 E7 B5
F2  : T  52.12c W  61.12c S  -1.40c ( +1.4 L  +0.9) LCB   30.89c P  2.17% WF  32.1 PSV      17 N      70  --  F2 E2 G6 F7 G8 J5 J6 H6
F9  : T  -7.40c W  13.17c S  -6.51c ( -0.9 L  -1.5) LCB  -61.08c P  5.43% WF  11.4 PSV      17 N      41  --  F9 H6 G6 J5 F6 H8 J8 G7

2024-06-09 12:46:37-0400: = G6
2024-06-09 12:46:41-0400: Controller: kata-list_time_settings
2024-06-09 12:46:41-0400: = none absolute byoyomi canadian fischer fischer-capped
2024-06-09 12:46:41-0400: Controller: play black f7
2024-06-09 12:46:41-0400: = 
2024-06-09 12:46:41-0400: Controller: genmove white
2024-06-09 12:46:42-0400: MoveNum: 25 HASH: DD119BE51BFC77C3CD9E773F4392E77C
   A B C D E F G H J
 9 . . . . . . . . .
 8 O X O . X O @ . .
 7 . O X X . X3. O .
 6 . O O X X . O2. .
 5 . . X O X . X O .
 4 . . . O . . X X1.
 3 . . . O . X . . .
 2 . . . . . . . . .
 1 . . . . . . . . .

koPOSITIONALscoreAREAtaxNONEsui1komi7.5
Time taken: 1.063
Root visits: 15099
New playouts: 779
NN rows: 470
NN batches: 43
NN avg batch size: 10.9302
PV: G8 J8 B9 E9 E4 F4 F9 J5 J6 H6 E2 F2 H5 B4 B2 H6 F1 G1 H5 C2 C3 H6 E1 G2 H5
Tree:
: T  90.57c W  90.94c S   1.70c ( +2.7 L  +2.2) N   15099  --  G8 J8 B9 E9 E4 F4 F9
---White(^)---
G8  : T  90.87c W  91.21c S   1.72c ( +2.7 L  +2.2) LCB   89.61c P 46.45% WF 23219.2 PSV   23137 N   14716  --  G8 J8 B9 E9 E4 F4 F9 J5
G7  : T -37.12c W -17.80c S  -5.85c ( -1.1 L  -1.5) LCB  -60.89c P 41.58% WF  32.9 PSV      93 N     173  --  G7 F9 G8 J8 E4 F4 E2 F2
E2  : T  71.65c W  71.76c S   1.25c ( +2.4 L  +1.9) LCB   56.18c P  5.94% WF  74.0 PSV      86 N     116  --  E2 D8 G2 F2 F1 C9 J4 J3
E4  : T  69.36c W  74.33c S  -0.99c ( +1.4 L  +0.9) LCB   46.79c P  2.14% WF  23.6 PSV      27 N      33  --  E4 F5 G8 J8 E2 F2 B9 D8
F2  : T  52.88c W  59.07c S  -0.94c ( +1.4 L  +0.7) LCB   28.04c P  2.17% WF  12.3 PSV      16 N      27  --  F2 E2 G8 J5 J6 H6 D2 G2
B9  : T  81.91c W  82.89c S  -0.78c ( +1.5 L  +1.0) LCB   61.10c P  0.55% WF  15.1 PSV      16 N      16  --  B9 D8 G8 J8 F6 J5 F2 G2
H8  : T  70.45c W  69.29c S  -0.37c ( +1.7 L  +1.1) LCB   32.83c P  0.89% WF  11.8 PSV      12 N      15  --  H8 J5 G7 F9 G9 G8 E2
H9  : T  -8.19c W  -4.54c S  -3.65c ( +0.1 L  -0.5) LCB -358.19c P  0.09% WF   0.3 PSV       0 N       1  --  H9
G2  : T -21.48c W -17.28c S  -4.21c ( -0.4 L  -1.0) LCB -371.48c P  0.05% WF   0.3 PSV       0 N       1  --  G2

2024-06-09 12:46:42-0400: = G8
2024-06-09 12:46:42-0400: Controller: kata-list_time_settings
2024-06-09 12:46:42-0400: = none absolute byoyomi canadian fischer fischer-capped
2024-06-09 12:46:42-0400: Controller: play black j8
2024-06-09 12:46:42-0400: = 
2024-06-09 12:46:42-0400: Controller: genmove white
2024-06-09 12:46:44-0400: MoveNum: 27 HASH: 3C2C94B77ECAA6314EAEF2284D194010
   A B C D E F G H J
 9 . @ . . . . . . .
 8 O X O . X O O2. X3
 7 . O X X . X1. O .
 6 . O O X X . O . .
 5 . . X O X . X O .
 4 . . . O . . X X .
 3 . . . O . X . . .
 2 . . . . . . . . .
 1 . . . . . . . . .

koPOSITIONALscoreAREAtaxNONEsui1komi7.5
Time taken: 1.094
Root visits: 15333
New playouts: 581
NN rows: 463
NN batches: 43
NN avg batch size: 10.7674
PV: B9 E9 E4 F5 E2 F2 F1 G1 E1 G2 F9 J5 J6 H6 D8 E3 D2
Tree:
: T  91.01c W  91.19c S   1.76c ( +2.7 L  +2.3) N   15333  --  B9 E9 E4 F5 E2 F2 F1
---White(^)---
B9  : T  92.74c W  92.77c S   2.04c ( +2.8 L  +2.4) LCB   91.29c P 19.05% WF 17147.9 PSV   16589 N    9578  --  B9 E9 E4 F5 E2 F2 F1 G1
F6  : T  89.70c W  89.98c S   1.36c ( +2.5 L  +2.0) LCB   87.60c P 12.99% WF 5549.2 PSV    1107 N    3853  --  F6 J5 B9 C3 J6 H6 C2 D8
E4  : T  69.90c W  74.17c S  -2.26c ( +1.0 L  +0.6) LCB   64.70c P 34.63% WF 585.5 PSV     428 N    1033  --  E4 F5 E2 F2 B9 D8 F1 G1
F9  : T  82.14c W  77.12c S   1.85c ( +2.7 L  +2.2) LCB   66.17c P  8.60% WF 172.2 PSV     190 N     238  --  F9 H9 B9 D8 F2 G2 E2 F1
F2  : T  73.69c W  74.97c S  -0.11c ( +1.8 L  +1.1) LCB   63.66c P 10.75% WF 343.3 PSV     159 N     501  --  F2 E2 F6 J5 E3 E4 G3 F4
E2  : T  65.71c W  66.80c S   1.15c ( +2.4 L  +1.8) LCB   50.02c P  3.78% WF  32.9 PSV      39 N      58  --  E2 D8 B9 F2 E4 F5 F1 G1
J5  : T  16.13c W  22.76c S  -2.29c ( +0.6 L  -0.2) LCB  -22.22c P  6.07% WF  13.4 PSV      22 N      48  --  J5 G7 F2 E2 F6 E7 E3 D2
J4  : T  29.84c W  29.44c S  -1.12c ( +1.2 L  +0.1) LCB  -16.98c P  2.01% WF   5.9 PSV       9 N      17  --  J4 J3 J5 H6 J6 J7 H6 F9
D8  : T -108.49c W -91.34c S -15.14c ( -6.2 L  -7.5) LCB -258.44c P  1.12% WF   0.9 PSV       1 N       2  --  D8 B9
H8  : T -65.02c W -37.41c S  -5.90c ( -0.7 L  -0.4) LCB -247.66c P  0.61% WF   0.7 PSV       1 N       2  --  H8 J5

2024-06-09 12:46:44-0400: = B9
2024-06-09 12:46:46-0400: Controller: kata-list_time_settings
2024-06-09 12:46:46-0400: = none absolute byoyomi canadian fischer fischer-capped
2024-06-09 12:46:46-0400: Controller: play black d8
2024-06-09 12:46:46-0400: = 
2024-06-09 12:46:46-0400: Controller: genmove white
2024-06-09 12:46:47-0400: MoveNum: 29 HASH: 13664FC0FF3B95EDACBA3556025D5643
   A B C D E F G H J
 9 . O2. . . . . . .
 8 O . O X3X O O . X1
 7 . O X X . X . O .
 6 . O O X X @ O . .
 5 . . X O X . X O .
 4 . . . O . . X X .
 3 . . . O . X . . .
 2 . . . . . . . . .
 1 . . . . . . . . .

koPOSITIONALscoreAREAtaxNONEsui1komi7.5
Time taken: 1.063
Root visits: 9284
New playouts: 935
NN rows: 526
NN batches: 46
NN avg batch size: 11.4348
PV: F6 J4 F2 G2 E2 F1 E1 G1 E4 F5 E3 F4 D9 E9 C9 J5
Tree:
: T  93.36c W  94.02c S   1.35c ( +2.5 L  +2.2) N    9284  --  F6 J4 F2 G2 E2 F1 E1
---White(^)---
F6  : T  94.25c W  95.20c S   0.97c ( +2.3 L  +2.0) LCB   92.94c P 19.67% WF 16762.1 PSV   16548 N    7218  --  F6 J4 F2 G2 E2 F1 E1 G1
F2  : T  90.47c W  87.48c S   5.22c ( +5.2 L  +4.2) LCB   85.41c P 25.89% WF 1381.4 PSV    1368 N    1122  --  F2 E2 F6 J5 E3 E4 G3 F4
F9  : T  86.95c W  84.60c S   2.16c ( +2.9 L  +2.1) LCB   76.30c P  8.88% WF 186.8 PSV     201 N     229  --  F9 J5 J6 H6 D9 E9 H5 C3
E4  : T  69.78c W  74.36c S  -2.42c ( +0.9 L  +0.6) LCB   60.85c P 22.09% WF 244.8 PSV     190 N     419  --  E4 F5 E2 F2 F1 G1 E1 G2
J5  : T  72.01c W  71.58c S   2.10c ( +2.9 L  +2.1) LCB   54.06c P 12.79% WF 101.1 PSV     121 N     183  --  J5 G7 F6 E7 F2 E2 E3 D2
E2  : T  69.86c W  72.59c S  -0.25c ( +1.7 L  +1.3) LCB   57.01c P  5.27% WF  37.7 PSV      45 N      61  --  E2 F2 E4 F5 F1 G1 E1 G2
J4  : T  58.88c W  53.14c S   1.05c ( +2.4 L  +1.2) LCB   23.87c P  2.73% WF  13.5 PSV      16 N      34  --  J4 J3 J5 H6 J6 H2 H8 G7
D9  : T  57.90c W  58.80c S  -1.98c ( +1.0 L  +0.2) LCB   28.51c P  1.36% WF   5.9 PSV       7 N      12  --  D9 E9 E4 F5 E2 F2 F1 G1
H3  : T -63.67c W -41.40c S  -5.89c ( -0.8 L  -1.0) LCB -235.02c P  0.68% WF   0.6 PSV       0 N       2  --  H3 J5
H8  : T  13.93c W  16.94c S  -3.01c ( +0.6 L  -0.2) LCB -336.07c P  0.27% WF   0.4 PSV       0 N       1  --  H8

2024-06-09 12:46:47-0400: = F6
2024-06-09 12:47:00-0400: Controller: kata-list_time_settings
2024-06-09 12:47:00-0400: = none absolute byoyomi canadian fischer fischer-capped
2024-06-09 12:47:00-0400: Controller: play black j5
2024-06-09 12:47:00-0400: = 
2024-06-09 12:47:00-0400: Controller: genmove white
2024-06-09 12:47:01-0400: MoveNum: 31 HASH: AB7F36B8A165E77FD1E0784DF5B85C92
   A B C D E F G H J
 9 . O . . . . . . .
 8 O . O X1X O O . X
 7 . O X X . X . O .
 6 . O O X X O2O . .
 5 . . X O X . X O X3
 4 . . . O . . X X .
 3 . . . O . X . . .
 2 . . . . . @ . . .
 1 . . . . . . . . .

koPOSITIONALscoreAREAtaxNONEsui1komi7.5
Time taken: 1.078
Root visits: 10370
New playouts: 1527
NN rows: 458
NN batches: 45
NN avg batch size: 10.1778
PV: F2 G2 E2 F1 E4 F5 E1 G1 F4 B5 B4 G3 E3 B3 C4
Tree:
: T  96.89c W  96.97c S   1.20c ( +1.7 L  +1.4) N   10370  --  F2 G2 E2 F1 E4 F5 E1
---White(^)---
F2  : T  97.19c W  97.25c S   1.21c ( +1.7 L  +1.4) LCB   96.44c P 32.03% WF 30066.3 PSV   29950 N    9946  --  F2 G2 E2 F1 E4 F5 E1 G1
J6  : T  56.63c W  60.71c S  -1.55c ( +0.5 L  -0.2) LCB   43.56c P 41.16% WF 148.2 PSV     236 N     343  --  J6 J4 F2 E2 E3 E4 G3 F4
D9  : T  73.95c W  73.78c S  -0.82c ( +0.8 L  +0.5) LCB   41.64c P  2.67% WF  23.1 PSV      26 N      32  --  D9 E9 F2 E2 E3 E4 G3 F4
E4  : T -92.67c W -86.06c S  -6.36c ( -1.1 L  -1.1) LCB -118.87c P 15.23% WF   6.6 PSV      18 N      17  --  E4 F5 E2 F2 F1 G1 E1 G2
E2  : T -69.47c W -60.68c S  -5.46c ( -0.8 L  -0.9) LCB -145.70c P  5.16% WF   3.3 PSV       7 N      11  --  E2 F2 E4 F5 F1 G1 E1 G2
E3  : T  -4.29c W  -2.61c S  -3.85c ( -0.5 L  -0.6) LCB  -38.02c P  3.03% WF   4.2 PSV       6 N      17  --  E3 E4 F2 G2 D9 E9 F1 C9
F9  : T -56.56c W -50.40c S  -6.16c ( -1.2 L  -0.7) LCB -406.56c P  0.33% WF   0.3 PSV       0 N       1  --  F9
F1  : T -78.25c W -72.47c S  -5.78c ( -1.3 L  -1.3) LCB -428.25c P  0.17% WF   0.4 PSV       0 N       1  --  F1
F5  : T -81.92c W -75.77c S  -6.15c ( -1.4 L  -1.5) LCB -431.96c P  0.09% WF   0.3 PSV       0 N       1  --  F5

2024-06-09 12:47:01-0400: = F2
2024-06-09 12:47:05-0400: Controller: quit
2024-06-09 12:47:05-0400: Quit requested by controller
2024-06-09 12:47:05-0400: = 
2024-06-09 12:47:05-0400: GPU -1 finishing, processed 44715 rows 3999 batches
2024-06-09 12:47:05-0400: All cleaned up, quitting
