2024-06-26 20:18:26-0400: Running with following config:
allowResignation = true
lagBuffer = 1.0
logAllGTPCommunication = true
logDir = gtp_logs
logSearchInfo = true
logSearchInfoForChosenMove = false
logToStderr = false
maxTime = 1.0
maxTimePondering = 120.0
numSearchThreads = 32
ogsChatToStderr = true
ponderingEnabled = true
resignConsecTurns = 3
resignThreshold = -0.90
rules = tromp-taylor
searchFactorAfterOnePass = 0.50
searchFactorAfterTwoPass = 0.25
searchFactorWhenWinning = 0.40
searchFactorWhenWinningThreshold = 0.95

2024-06-26 20:18:26-0400: GTP Engine starting...
2024-06-26 20:18:26-0400: KataGo v1.14.1
2024-06-26 20:18:26-0400: Using TrompTaylor rules initially, unless GTP/GUI overrides this
2024-06-26 20:18:26-0400: Using 32 CPU thread(s) for search
2024-06-26 20:18:26-0400: nnRandSeed0 = 11826601150383852251
2024-06-26 20:18:26-0400: After dedups: nnModelFile0 = C:/Users/chang/Downloads/kata1-b18c384nbt-s9937771520-d4300882049.bin.gz useFP16 auto useNHWC auto
2024-06-26 20:18:26-0400: Initializing neural net buffer to be size 19 * 19 exactly
2024-06-26 20:18:28-0400: Found OpenCL Platform 0: NVIDIA CUDA (NVIDIA Corporation) (OpenCL 3.0 CUDA 12.5.51)
2024-06-26 20:18:28-0400: Found 1 device(s) on platform 0 with type CPU or GPU or Accelerator
2024-06-26 20:18:28-0400: Found OpenCL Platform 1: Intel(R) OpenCL Graphics (Intel(R) Corporation) (OpenCL 3.0 )
2024-06-26 20:18:28-0400: Found 1 device(s) on platform 1 with type CPU or GPU or Accelerator
2024-06-26 20:18:28-0400: Found OpenCL Device 0: NVIDIA GeForce RTX 4060 Laptop GPU (NVIDIA Corporation) (score 11000300)
2024-06-26 20:18:28-0400: Found OpenCL Device 1: Intel(R) UHD Graphics (Intel(R) Corporation) (score 6000300)
2024-06-26 20:18:28-0400: Creating context for OpenCL Platform: NVIDIA CUDA (NVIDIA Corporation) (OpenCL 3.0 CUDA 12.5.51)
2024-06-26 20:18:28-0400: Using OpenCL Device 0: NVIDIA GeForce RTX 4060 Laptop GPU (NVIDIA Corporation) OpenCL 3.0 CUDA (Extensions: cl_khr_global_int32_base_atomics cl_khr_global_int32_extended_atomics cl_khr_local_int32_base_atomics cl_khr_local_int32_extended_atomics cl_khr_fp64 cl_khr_3d_image_writes cl_khr_byte_addressable_store cl_khr_icd cl_khr_gl_sharing cl_nv_compiler_options cl_nv_device_attribute_query cl_nv_pragma_unroll cl_nv_d3d10_sharing cl_khr_d3d10_sharing cl_nv_d3d11_sharing cl_nv_copy_opts cl_nv_create_buffer cl_khr_int64_base_atomics cl_khr_int64_extended_atomics cl_khr_device_uuid cl_khr_pci_bus_info cl_khr_external_semaphore cl_khr_external_memory cl_khr_external_semaphore_win32 cl_khr_external_memory_win32)
2024-06-26 20:18:28-0400: Loaded tuning parameters from: C:\Users\chang\Downloads\katago-v1.14.1-opencl-windows-x64/KataGoData/opencltuning/tune11_gpuNVIDIAGeForceRTX4060LaptopGPU_x19_y19_c384_mv14.txt
2024-06-26 20:18:28-0400: OpenCL backend thread 0: Model version 14
2024-06-26 20:18:28-0400: OpenCL backend thread 0: Model name: kata1-b18c384nbt-s9937771520-d4300882049
2024-06-26 20:18:30-0400: OpenCL backend thread 0: FP16Storage true FP16Compute false FP16TensorCores true FP16TensorCoresFor1x1 false
2024-06-26 20:18:30-0400: Loaded neural net with nnXLen 19 nnYLen 19
2024-06-26 20:18:30-0400: Initializing board with boardXSize 19 boardYSize 19
2024-06-26 20:18:30-0400: Loaded config C:\Users\chang\Downloads\katago-v1.14.1-cuda12.1-cudnn8.9.7-windows-x64/default_gtp.cfg
2024-06-26 20:18:30-0400: Loaded model C:/Users/chang/Downloads/kata1-b18c384nbt-s9937771520-d4300882049.bin.gz
2024-06-26 20:18:30-0400: Model name: kata1-b18c384nbt-s9937771520-d4300882049
2024-06-26 20:18:30-0400: GTP ready, beginning main protocol loop
2024-06-26 20:18:30-0400: Controller: list_commands
2024-06-26 20:18:30-0400: = protocol_version
name
version
known_command
list_commands
quit
boardsize
rectangular_boardsize
clear_board
set_position
komi
get_komi
play
undo
kata-get-rules
kata-set-rule
kata-set-rules
kata-get-param
kata-set-param
kata-list-params
kgs-rules
genmove
genmove_debug
search_debug
clear_cache
showboard
fixed_handicap
place_free_handicap
set_free_handicap
time_settings
kgs-time_settings
time_left
kata-list_time_settings
kata-time_settings
final_score
final_status_list
loadsgf
printsgf
lz-genmove_analyze
kata-genmove_analyze
lz-analyze
kata-analyze
kata-raw-nn
cputime
gomill-cpu_time
kata-benchmark
kata-debug-print-tc
debug_moves
stop
2024-06-26 20:18:30-0400: Controller: boardsize 9
2024-06-26 20:18:30-0400: GPU -1 finishing, processed 0 rows 0 batches
2024-06-26 20:18:30-0400: Cleaned up old neural net and bot
2024-06-26 20:18:30-0400: nnRandSeed0 = 7488907540860810731
2024-06-26 20:18:30-0400: After dedups: nnModelFile0 = C:/Users/chang/Downloads/kata1-b18c384nbt-s9937771520-d4300882049.bin.gz useFP16 auto useNHWC auto
2024-06-26 20:18:30-0400: Initializing neural net buffer to be size 9 * 9 exactly
2024-06-26 20:18:32-0400: Found OpenCL Platform 0: NVIDIA CUDA (NVIDIA Corporation) (OpenCL 3.0 CUDA 12.5.51)
2024-06-26 20:18:32-0400: Found 1 device(s) on platform 0 with type CPU or GPU or Accelerator
2024-06-26 20:18:32-0400: Found OpenCL Platform 1: Intel(R) OpenCL Graphics (Intel(R) Corporation) (OpenCL 3.0 )
2024-06-26 20:18:32-0400: Found 1 device(s) on platform 1 with type CPU or GPU or Accelerator
2024-06-26 20:18:32-0400: Found OpenCL Device 0: NVIDIA GeForce RTX 4060 Laptop GPU (NVIDIA Corporation) (score 11000300)
2024-06-26 20:18:32-0400: Found OpenCL Device 1: Intel(R) UHD Graphics (Intel(R) Corporation) (score 6000300)
2024-06-26 20:18:32-0400: Creating context for OpenCL Platform: NVIDIA CUDA (NVIDIA Corporation) (OpenCL 3.0 CUDA 12.5.51)
2024-06-26 20:18:32-0400: Using OpenCL Device 0: NVIDIA GeForce RTX 4060 Laptop GPU (NVIDIA Corporation) OpenCL 3.0 CUDA (Extensions: cl_khr_global_int32_base_atomics cl_khr_global_int32_extended_atomics cl_khr_local_int32_base_atomics cl_khr_local_int32_extended_atomics cl_khr_fp64 cl_khr_3d_image_writes cl_khr_byte_addressable_store cl_khr_icd cl_khr_gl_sharing cl_nv_compiler_options cl_nv_device_attribute_query cl_nv_pragma_unroll cl_nv_d3d10_sharing cl_khr_d3d10_sharing cl_nv_d3d11_sharing cl_nv_copy_opts cl_nv_create_buffer cl_khr_int64_base_atomics cl_khr_int64_extended_atomics cl_khr_device_uuid cl_khr_pci_bus_info cl_khr_external_semaphore cl_khr_external_memory cl_khr_external_semaphore_win32 cl_khr_external_memory_win32)
2024-06-26 20:18:32-0400: Loaded tuning parameters from: C:\Users\chang\Downloads\katago-v1.14.1-opencl-windows-x64/KataGoData/opencltuning/tune11_gpuNVIDIAGeForceRTX4060LaptopGPU_x19_y19_c384_mv14.txt
2024-06-26 20:18:32-0400: OpenCL backend thread 0: Model version 14
2024-06-26 20:18:32-0400: OpenCL backend thread 0: Model name: kata1-b18c384nbt-s9937771520-d4300882049
2024-06-26 20:18:34-0400: OpenCL backend thread 0: FP16Storage true FP16Compute false FP16TensorCores true FP16TensorCoresFor1x1 false
2024-06-26 20:18:34-0400: Loaded neural net with nnXLen 9 nnYLen 9
2024-06-26 20:18:34-0400: Initializing board with boardXSize 9 boardYSize 9
2024-06-26 20:18:34-0400: = 
2024-06-26 20:18:34-0400: Controller: clear_board
2024-06-26 20:18:34-0400: = 
2024-06-26 20:18:34-0400: Controller: komi 5.5
2024-06-26 20:18:34-0400: = 
2024-06-26 20:18:34-0400: Controller: play black f5
2024-06-26 20:18:34-0400: = 
2024-06-26 20:18:34-0400: Controller: genmove white
2024-06-26 20:18:35-0400: MoveNum: 1 HASH: B6E678001D5D2B091AC58DA9758153CB
   A B C D E F G H J
 9 . . . . . . . . .
 8 . . . . . . . . .
 7 . . . . . . . . .
 6 . . . . . . . . .
 5 . . . @ . X1. . .
 4 . . . . . . . . .
 3 . . . . . . . . .
 2 . . . . . . . . .
 1 . . . . . . . . .

koPOSITIONALscoreAREAtaxNONEsui1komi5.5
Time taken: 1.281
Root visits: 665
New playouts: 665
NN rows: 659
NN batches: 27
NN avg batch size: 24.4074
PV: D5 E7 D3 C6 C5 F3 F7 E6 G6 G5 F8 B6 E2 B4 B5 A5 B3
Tree:
: T -35.13c W -34.01c S  -1.85c ( -1.0 L  -0.7) N     665  --  D5 E7 D3 C6 C5 F3 F7
---White(^)---
D5  : T -33.39c W -32.49c S  -1.74c ( -1.0 L  -0.7) LCB  -39.55c P 96.24% WF 427.1 PSV     424 N     592  --  D5 E7 D3 C6 C5 F3 F7 E6
C5  : T -63.43c W -59.37c S  -3.25c ( -1.7 L  -0.9) LCB  -78.62c P  0.27% WF   3.1 PSV       0 N       8  --  C5 D5 D4 C6 B5
D4  : T -73.61c W -64.15c S  -3.61c ( -1.9 L  -1.0) LCB -108.17c P  0.23% WF   2.1 PSV       0 N       7  --  D4 D5 E4 E5 F4
F3  : T -67.20c W -63.34c S  -3.36c ( -1.8 L  -0.9) LCB  -94.11c P  0.43% WF   3.7 PSV       0 N       6  --  F3 D5 D3 C3
C4  : T -66.43c W -60.46c S  -3.37c ( -1.8 L  -0.9) LCB  -96.49c P  0.34% WF   3.0 PSV       0 N       5  --  C4 D5 C5 D7 E3
G3  : T -74.27c W -71.44c S  -4.23c ( -2.2 L  -1.3) LCB -149.47c P  0.30% WF   2.3 PSV       0 N       3  --  G3 D6
D3  : T -75.79c W -68.33c S  -3.77c ( -2.0 L  -1.0) LCB -152.00c P  0.27% WF   2.2 PSV       0 N       3  --  D3 D4 C3
E3  : T -80.84c W -73.64c S  -4.42c ( -2.4 L  -1.3) LCB -230.36c P  0.05% WF   0.5 PSV       0 N       2  --  E3 D4
E4  : T -77.79c W -74.58c S  -4.15c ( -2.2 L  -1.2) LCB -230.13c P  0.02% WF   0.3 PSV       0 N       2  --  E4 F4
C3  : T -88.12c W -82.51c S  -5.61c ( -2.9 L  -1.5) LCB -438.12c P  0.06% WF   0.5 PSV       0 N       1  --  C3

2024-06-26 20:18:35-0400: = D5
2024-06-26 20:18:37-0400: Controller: kata-list_time_settings
2024-06-26 20:18:37-0400: = none absolute byoyomi canadian fischer fischer-capped
2024-06-26 20:18:37-0400: Controller: play black e7
2024-06-26 20:18:37-0400: = 
2024-06-26 20:18:37-0400: Controller: genmove white
2024-06-26 20:18:38-0400: MoveNum: 3 HASH: 7E5D952041AA7B324FAE19AF4E53E777
   A B C D E F G H J
 9 . . . . . . . . .
 8 . . . . . . . . .
 7 . . . . X3. . . .
 6 . . . . . . . . .
 5 . . . O2. X1. . .
 4 . . . . . . . . .
 3 . . . @ . . . . .
 2 . . . . . . . . .
 1 . . . . . . . . .

koPOSITIONALscoreAREAtaxNONEsui1komi5.5
Time taken: 1.063
Root visits: 3584
New playouts: 1788
NN rows: 662
NN batches: 28
NN avg batch size: 23.6429
PV: D3 C6 C5 F3 F7 E6 G6 B6 B5 E2 E8 D8 D2 G5 F8 A5 A4 A6 B3 H5 H6 H8 J5 F6
Tree:
: T -33.30c W -32.21c S  -0.92c ( -1.2 L  -0.9) N    3584  --  D3 C6 C5 F3 F7 E6 G6
---White(^)---
D3  : T -32.31c W -31.29c S  -0.88c ( -1.1 L  -0.9) LCB  -35.81c P 67.72% WF 2188.5 PSV    2171 N    3446  --  D3 C6 C5 F3 F7 E6 G6 B6
C7  : T -51.01c W -49.16c S  -1.49c ( -1.4 L  -1.0) LCB  -60.63c P 22.61% WF  80.4 PSV      89 N     101  --  C7 C3 C4 D3 H5 C8 B8 G4
D7  : T -53.80c W -49.31c S  -1.43c ( -1.4 L  -0.8) LCB  -71.42c P  4.24% WF  14.4 PSV      14 N      17  --  D7 D8 C7 E6 G4 F4 G3 C4
E3  : T -49.17c W -45.45c S  -1.35c ( -1.3 L  -0.8) LCB  -78.04c P  1.31% WF   8.7 PSV       5 N       9  --  E3 F3 F2 E4 G3 F4
C6  : T -63.62c W -54.48c S  -1.91c ( -1.6 L  -1.0) LCB -142.86c P  1.51% WF   3.7 PSV       3 N       3  --  C6 E3 G7
H5  : T -51.46c W -51.31c S  -1.84c ( -1.6 L  -0.9) LCB -105.28c P  0.62% WF   5.1 PSV       2 N       4  --  H5 C6 C5
G7  : T -69.01c W -66.01c S  -3.00c ( -2.2 L  -1.1) LCB -419.01c P  0.57% WF   1.1 PSV       1 N       1  --  G7
E6  : T -60.76c W -58.77c S  -2.00c ( -1.7 L  -1.5) LCB -410.76c P  0.48% WF   0.9 PSV       1 N       1  --  E6
G3  : T -77.06c W -73.49c S  -3.57c ( -2.4 L  -1.3) LCB -427.06c P  0.33% WF   1.0 PSV       0 N       1  --  G3

2024-06-26 20:18:38-0400: = D3
2024-06-26 20:18:40-0400: Controller: kata-list_time_settings
2024-06-26 20:18:40-0400: = none absolute byoyomi canadian fischer fischer-capped
2024-06-26 20:18:40-0400: Controller: play black c6
2024-06-26 20:18:40-0400: = 
2024-06-26 20:18:40-0400: Controller: genmove white
2024-06-26 20:18:41-0400: MoveNum: 5 HASH: BAC5151BCD4F03B97F6928BCB72F3F41
   A B C D E F G H J
 9 . . . . . . . . .
 8 . . . . . . . . .
 7 . . . . X1. . . .
 6 . . X3. . . . . .
 5 . . @ O . X . . .
 4 . . . . . . . . .
 3 . . . O2. . . . .
 2 . . . . . . . . .
 1 . . . . . . . . .

koPOSITIONALscoreAREAtaxNONEsui1komi5.5
Time taken: 1.078
Root visits: 7956
New playouts: 1623
NN rows: 706
NN batches: 31
NN avg batch size: 22.7742
PV: C5 F3 F7 E6 G6 G5 F8 B6 B5 E8 H5 H4 H6 H8 H9 E2 D2 A5 A4 A6 B2 J5 J6 J4 G8
Tree:
: T -23.82c W -24.53c S  -0.45c ( -1.0 L  -0.8) N    7956  --  C5 F3 F7 E6 G6 G5 F8
---White(^)---
C5  : T -23.70c W -24.42c S  -0.45c ( -1.0 L  -0.8) LCB  -26.32c P 97.55% WF 4654.6 PSV    4653 N    7944  --  C5 F3 F7 E6 G6 G5 F8 B6
H5  : T -52.39c W -52.56c S  -1.22c ( -1.4 L  -0.9) LCB  -84.40c P  1.12% WF   5.5 PSV       5 N       5  --  H5 G5 C5
D6  : T -48.78c W -47.27c S  -1.45c ( -1.5 L  -1.1) LCB -198.74c P  0.26% WF   2.1 PSV       1 N       2  --  D6 D7
G3  : T -89.84c W -85.68c S  -4.16c ( -2.7 L  -1.6) LCB -439.84c P  0.22% WF   1.4 PSV       0 N       1  --  G3
F7  : T -80.41c W -76.78c S  -3.63c ( -2.5 L  -1.7) LCB -430.41c P  0.21% WF   1.2 PSV       0 N       1  --  F7
G7  : T -80.32c W -76.75c S  -3.57c ( -2.6 L  -1.3) LCB -430.32c P  0.18% WF   1.2 PSV       0 N       1  --  G7
F3  : T -86.48c W -82.51c S  -3.97c ( -2.7 L  -1.6) LCB -436.48c P  0.10% WF   1.3 PSV       0 N       1  --  F3

2024-06-26 20:18:41-0400: = C5
2024-06-26 20:18:43-0400: Controller: kata-list_time_settings
2024-06-26 20:18:43-0400: = none absolute byoyomi canadian fischer fischer-capped
2024-06-26 20:18:43-0400: Controller: play black f3
2024-06-26 20:18:43-0400: = 
2024-06-26 20:18:43-0400: Controller: genmove white
2024-06-26 20:18:44-0400: MoveNum: 7 HASH: D7DD7A4F289389FD750CF8E8BDB2D5BA
   A B C D E F G H J
 9 . . . . . . . . .
 8 . . . . . . . . .
 7 . . . . X @ . . .
 6 . . X1. . . . . .
 5 . . O2O . X . . .
 4 . . . . . . . . .
 3 . . . O . X3. . .
 2 . . . . . . . . .
 1 . . . . . . . . .

koPOSITIONALscoreAREAtaxNONEsui1komi5.5
Time taken: 1.031
Root visits: 12123
New playouts: 1738
NN rows: 688
NN batches: 28
NN avg batch size: 24.5714
PV: F7 E6 G6 G5 F8 B6 B5 E8 H5 E2 D2 H4 H6 H8 H9 A5 A4 A6 B2 J5 G8 E4 J6 J4 E9
Tree:
: T -23.58c W -23.27c S  -0.82c ( -1.1 L  -1.0) N   12123  --  F7 E6 G6 G5 F8 B6 B5
---White(^)---
F7  : T -22.43c W -21.97c S  -0.84c ( -1.1 L  -1.0) LCB  -24.85c P 44.96% WF 6366.1 PSV    6268 N   11044  --  F7 E6 G6 G5 F8 B6 B5 E8
B6  : T -38.72c W -38.87c S  -0.28c ( -0.9 L  -0.7) LCB  -46.47c P 39.27% WF 366.9 PSV     450 N     717  --  B6 G6 H6 H5 D7 D8 C8 E2
C7  : T -29.37c W -33.08c S  -0.77c ( -1.1 L  -1.0) LCB  -39.08c P 12.76% WF 190.6 PSV     203 N     338  --  C7 D7 C8 D6 B6 B5 B7 E5
G7  : T -43.52c W -47.86c S  -1.15c ( -1.3 L  -0.8) LCB  -65.44c P  1.21% WF  10.4 PSV      12 N      12  --  G7 H6 E8 D8 E6 D7 F6 G6
H5  : T -60.87c W -61.32c S  -1.79c ( -1.6 L  -1.1) LCB -137.98c P  0.58% WF   3.2 PSV       3 N       3  --  H5 G7
G4  : T -52.34c W -51.07c S  -2.13c ( -1.7 L  -1.3) LCB -163.08c P  0.34% WF   3.2 PSV       2 N       3  --  G4 F4 H6
D6  : T -65.55c W -56.13c S  -2.34c ( -1.8 L  -1.1) LCB -243.22c P  0.30% WF   1.8 PSV       1 N       2  --  D6 D7
F6  : T -61.17c W -58.50c S  -2.67c ( -2.0 L  -1.4) LCB -411.17c P  0.16% WF   1.0 PSV       0 N       1  --  F6
H6  : T -76.36c W -73.14c S  -3.22c ( -2.3 L  -1.4) LCB -426.36c P  0.06% WF   1.0 PSV       0 N       1  --  H6
E6  : T -71.62c W -68.53c S  -3.08c ( -2.2 L  -1.6) LCB -421.62c P  0.06% WF   0.9 PSV       0 N       1  --  E6

2024-06-26 20:18:44-0400: = F7
2024-06-26 20:18:46-0400: Controller: kata-list_time_settings
2024-06-26 20:18:46-0400: = none absolute byoyomi canadian fischer fischer-capped
2024-06-26 20:18:46-0400: Controller: play black e6
2024-06-26 20:18:46-0400: = 
2024-06-26 20:18:46-0400: Controller: genmove white
2024-06-26 20:18:47-0400: MoveNum: 9 HASH: E8662BE7F0A3C15BB155A194481B02CA
   A B C D E F G H J
 9 . . . . . . . . .
 8 . . . . . . . . .
 7 . . . . X O2. . .
 6 . . X . X3. @ . .
 5 . . O O . X . . .
 4 . . . . . . . . .
 3 . . . O . X1. . .
 2 . . . . . . . . .
 1 . . . . . . . . .

koPOSITIONALscoreAREAtaxNONEsui1komi5.5
Time taken: 1.046
Root visits: 16218
New playouts: 988
NN rows: 719
NN batches: 31
NN avg batch size: 23.1935
PV: G6 G5 F8 B6 B5 E8 H6 H8 H5 E2 D2 H4 H9 A5 A4 A6 B2 J5 G8 F6 G4 G3 J8 E4 E9
Tree:
: T -39.37c W -36.68c S  -1.16c ( -1.6 L  -1.5) N   16218  --  G6 G5 F8 B6 B5 E8 H6
---White(^)---
G6  : T -39.25c W -36.58c S  -1.15c ( -1.6 L  -1.5) LCB  -41.16c P 95.68% WF 9249.3 PSV    9244 N   16184  --  G6 G5 F8 B6 B5 E8 H6 H8
G4  : T -76.89c W -72.64c S  -2.48c ( -2.2 L  -1.8) LCB -100.80c P  1.29% WF   9.3 PSV       9 N      13  --  G4 G5 F4 E4 G3 E5 E3
D6  : T -77.00c W -73.08c S  -2.27c ( -2.2 L  -1.5) LCB -103.23c P  0.99% WF   5.8 PSV       6 N       7  --  D6 D7 G6 G5
H6  : T -64.18c W -56.86c S  -1.52c ( -1.8 L  -1.4) LCB -108.49c P  0.49% WF   7.6 PSV       5 N       8  --  H6 G7 G4 G3 G8
H5  : T -98.70c W -92.02c S  -6.68c ( -4.2 L  -4.3) LCB -448.70c P  0.35% WF   1.1 PSV       1 N       1  --  H5
C7  : T -93.28c W -88.90c S  -4.38c ( -3.2 L  -2.3) LCB -443.28c P  0.28% WF   1.4 PSV       1 N       1  --  C7
E8  : T -80.17c W -77.22c S  -2.95c ( -2.5 L  -2.2) LCB -430.17c P  0.23% WF   0.9 PSV       1 N       1  --  E8
H7  : T -93.39c W -88.91c S  -4.47c ( -3.2 L  -2.3) LCB -443.39c P  0.23% WF   1.2 PSV       1 N       1  --  H7
G5  : T -93.96c W -88.61c S  -5.35c ( -3.7 L  -4.1) LCB -443.96c P  0.20% WF   0.9 PSV       0 N       1  --  G5

2024-06-26 20:18:47-0400: = G6
2024-06-26 20:18:49-0400: Controller: kata-list_time_settings
2024-06-26 20:18:49-0400: = none absolute byoyomi canadian fischer fischer-capped
2024-06-26 20:18:49-0400: Controller: play black g5
2024-06-26 20:18:49-0400: = 
2024-06-26 20:18:49-0400: Controller: genmove white
2024-06-26 20:18:50-0400: MoveNum: 11 HASH: 5D56843B16FCEED59F4427FF8FCAA605
   A B C D E F G H J
 9 . . . . . . . . .
 8 . . . . . @ . . .
 7 . . . . X O . . .
 6 . . X . X1. O2. .
 5 . . O O . X X3. .
 4 . . . . . . . . .
 3 . . . O . X . . .
 2 . . . . . . . . .
 1 . . . . . . . . .

koPOSITIONALscoreAREAtaxNONEsui1komi5.5
Time taken: 1.094
Root visits: 15866
New playouts: 1561
NN rows: 719
NN batches: 30
NN avg batch size: 23.9667
PV: F8 B6 B5 E8 H6 H8 H5 E2 D2 H4 H9 A5 A4 A6 B2 J5 G8 F6 G4 G3 J8 E4 E9 D9 F9
Tree:
: T -42.25c W -39.57c S  -1.23c ( -1.8 L  -1.6) N   15866  --  F8 B6 B5 E8 H6 H8 H5
---White(^)---
F8  : T -41.89c W -38.96c S  -1.09c ( -1.7 L  -1.6) LCB  -44.26c P 66.67% WF 6856.8 PSV    6828 N   12120  --  F8 B6 B5 E8 H6 H8 H5 E2
H5  : T -42.53c W -40.60c S  -2.25c ( -2.5 L  -2.2) LCB  -47.31c P 15.43% WF 1189.2 PSV    1198 N    2055  --  H5 B6 E2 C2 F2 B4 G3 H4
G8  : T -40.49c W -38.98c S  -0.63c ( -1.5 L  -1.3) LCB  -49.71c P  0.99% WF 711.3 PSV     210 N    1217  --  G8 B6 E2 B4 B5 A5 B3 A3
H6  : T -50.35c W -47.87c S  -0.75c ( -1.5 L  -1.2) LCB  -60.00c P  8.41% WF 204.0 PSV     208 N     342  --  H6 B6 B5 E2 D2 A5 A4 A6
H7  : T -54.52c W -51.41c S  -1.12c ( -1.7 L  -1.3) LCB  -74.34c P  3.45% WF  60.3 PSV      62 N      95  --  H7 B6 E2 B4 B5 A5 B3 A3
E8  : T -79.98c W -74.86c S  -3.44c ( -2.9 L  -2.6) LCB  -96.97c P  4.75% WF  24.6 PSV      32 N      35  --  E8 B6 H5 B5 B4 B3 F2 E2
D6  : T -92.92c W -88.93c S  -3.99c ( -2.9 L  -2.5) LCB -442.92c P  0.07% WF   1.1 PSV       0 N       1  --  D6

2024-06-26 20:18:50-0400: = F8
2024-06-26 20:18:52-0400: Controller: kata-list_time_settings
2024-06-26 20:18:52-0400: = none absolute byoyomi canadian fischer fischer-capped
2024-06-26 20:18:52-0400: Controller: play black b6
2024-06-26 20:18:52-0400: = 
2024-06-26 20:18:52-0400: Controller: genmove white
2024-06-26 20:18:54-0400: MoveNum: 13 HASH: 5B915CB98BBE0760FE28120AA8887F26
   A B C D E F G H J
 9 . . . . . . . . .
 8 . . . . . O2. . .
 7 . . . . X O . . .
 6 . X3X . X . O . .
 5 . @ O O . X X1. .
 4 . . . . . . . . .
 3 . . . O . X . . .
 2 . . . . . . . . .
 1 . . . . . . . . .

koPOSITIONALscoreAREAtaxNONEsui1komi5.5
Time taken: 1.047
Root visits: 19614
New playouts: 1723
NN rows: 694
NN batches: 31
NN avg batch size: 22.3871
PV: B5 E8 H5 E2 D2 H4 H6 A5 A4 A6 B3 D1 G4 C2 D6 C7 B2 H3 E5 F6 H8 C3 C4 C1
Tree:
: T -39.24c W -36.66c S  -1.35c ( -1.8 L  -1.7) N   19614  --  B5 E8 H5 E2 D2 H4 H6
---White(^)---
B5  : T -37.22c W -34.56c S  -1.25c ( -1.8 L  -1.6) LCB  -39.41c P 26.78% WF 9580.7 PSV   11252 N   16306  --  B5 E8 H5 E2 D2 H4 H6 A5
E2  : T -51.61c W -49.61c S  -1.86c ( -2.0 L  -1.8) LCB  -55.86c P 68.23% WF 1463.4 PSV    1494 N    3275  --  E2 B4 B5 A5 B3 A3 B2 C4
E8  : T -86.49c W -82.12c S  -7.29c ( -5.2 L  -5.3) LCB -121.33c P  3.27% WF  15.9 PSV      21 N      23  --  E8 B5 B4 B3 F2 E2
H5  : T -101.04c W -89.24c S  -7.38c ( -5.4 L  -4.6) LCB -138.22c P  1.17% WF   4.0 PSV       6 N       5  --  H5 E2 D2 B4
D6  : T -84.61c W -82.03c S  -2.58c ( -2.4 L  -2.9) LCB -434.61c P  0.17% WF   0.8 PSV       1 N       1  --  D6
D2  : T -105.94c W -97.88c S  -8.06c ( -4.9 L  -3.8) LCB -455.94c P  0.06% WF   2.3 PSV       0 N       1  --  D2
C8  : T -95.19c W -90.25c S  -4.95c ( -3.7 L  -2.9) LCB -445.19c P  0.05% WF   1.0 PSV       0 N       1  --  C8
H6  : T -110.32c W -97.97c S -12.35c ( -8.2 L  -8.4) LCB -460.32c P  0.04% WF   1.5 PSV       0 N       1  --  H6

2024-06-26 20:18:54-0400: = B5
2024-06-26 20:18:56-0400: Controller: kata-list_time_settings
2024-06-26 20:18:56-0400: = none absolute byoyomi canadian fischer fischer-capped
2024-06-26 20:18:56-0400: Controller: play black e2
2024-06-26 20:18:56-0400: = 
2024-06-26 20:18:56-0400: Controller: genmove white
2024-06-26 20:18:57-0400: MoveNum: 15 HASH: 47FB1AFF4D752152FF325C0F50023F53
   A B C D E F G H J
 9 . . . . . . . . .
 8 . . . . @ O . . .
 7 . . . . X O . . .
 6 . X1X . X . O . .
 5 . O2O O . X X . .
 4 . . . . . . . . .
 3 . . . O . X . . .
 2 . . . . X3. . . .
 1 . . . . . . . . .

koPOSITIONALscoreAREAtaxNONEsui1komi5.5
Time taken: 1.062
Root visits: 2874
New playouts: 2005
NN rows: 709
NN batches: 30
NN avg batch size: 23.6333
PV: E8 H6 H7 F6 G7 D8 D2 A5 A4 A6 B2 J5 D9 C8 H9 C9 E3 F2 E4 E9 J7 D1 C1
Tree:
: T -33.81c W -29.04c S  -4.43c ( -2.8 L  -3.0) N    2874  --  E8 H6 H7 F6 G7 D8 D2
---White(^)---
E8  : T -30.51c W -26.02c S  -4.47c ( -2.9 L  -3.1) LCB  -41.30c P 32.50% WF 1348.3 PSV    1295 N    2416  --  E8 H6 H7 F6 G7 D8 D2 A5
D2  : T -54.28c W -47.69c S  -4.18c ( -2.4 L  -2.4) LCB  -65.31c P 61.72% WF 194.2 PSV     245 N     450  --  D2 A5 A4 A6 B3 E8 H5 H4
D6  : T -103.18c W -93.62c S  -6.30c ( -2.9 L  -2.4) LCB -165.10c P  4.48% WF   5.0 PSV       6 N       4  --  D6 D7 E8
F6  : T -92.28c W -87.46c S  -4.81c ( -2.6 L  -2.4) LCB -442.28c P  0.49% WF   0.9 PSV       0 N       1  --  F6
C8  : T -77.33c W -73.07c S  -4.26c ( -2.3 L  -2.1) LCB -427.33c P  0.29% WF   0.7 PSV       0 N       1  --  C8
C7  : T -93.04c W -87.90c S  -5.14c ( -2.6 L  -2.7) LCB -443.04c P  0.14% WF   0.8 PSV       0 N       1  --  C7

2024-06-26 20:18:57-0400: = E8
2024-06-26 20:18:59-0400: Controller: kata-list_time_settings
2024-06-26 20:18:59-0400: = none absolute byoyomi canadian fischer fischer-capped
2024-06-26 20:18:59-0400: Controller: play black d8
2024-06-26 20:18:59-0400: = 
2024-06-26 20:18:59-0400: Controller: genmove white
2024-06-26 20:19:00-0400: MoveNum: 17 HASH: 53987479E7000A6C44C8BB77ECCD632E
   A B C D E F G H J
 9 . . . . . . . . .
 8 . . . X3O2O . . .
 7 . . . . X O . . .
 6 . X X . X . O . .
 5 . O O O . X X . .
 4 . . . . . . . . .
 3 . . . O . X . . .
 2 . . . @ X1. . . .
 1 . . . . . . . . .

koPOSITIONALscoreAREAtaxNONEsui1komi5.5
Time taken: 1.046
Root visits: 8658
New playouts: 2588
NN rows: 710
NN batches: 31
NN avg batch size: 22.9032
PV: D2 H6 H7 F6 G7 A5 A4 A6 B2 J5 D9 C8 H9 C9 D6 D7 E4 F4 E3 E9 J7 F1 D1
Tree:
: T -57.92c W -54.86c S  -3.12c ( -4.2 L  -4.4) N    8658  --  D2 H6 H7 F6 G7 A5 A4
---White(^)---
D2  : T -57.60c W -54.57c S  -3.12c ( -4.2 L  -4.4) LCB  -63.47c P 90.61% WF 4673.3 PSV    4663 N    8571  --  D2 H6 H7 F6 G7 A5 A4 A6
F6  : T -84.85c W -77.24c S  -4.28c ( -4.8 L  -4.2) LCB -108.49c P  6.51% WF  37.3 PSV      45 N      67  --  F6 C2 D6 D7 B8 E5 C7 H6
C8  : T -87.28c W -82.92c S   1.01c ( -2.1 L  -1.3) LCB -116.83c P  1.18% WF   6.6 PSV       7 N       8  --  C8 D7 D2 A5 A4 A6 B2
C7  : T -80.94c W -83.72c S   0.45c ( -2.3 L  -1.4) LCB -131.04c P  0.69% WF   5.3 PSV       5 N       6  --  C7 D6 D2 A5
D7  : T -94.88c W -91.14c S   0.58c ( -2.3 L  -2.3) LCB -257.91c P  0.39% WF   1.9 PSV       2 N       2  --  D7 D6
D6  : T -81.97c W -83.32c S   1.36c ( -1.9 L  -4.0) LCB -431.97c P  0.12% WF   0.8 PSV       0 N       1  --  D6
C2  : T -90.03c W -90.99c S   0.95c ( -2.1 L  -1.4) LCB -440.03c P  0.09% WF   1.3 PSV       0 N       1  --  C2
E3  : T -94.78c W -94.53c S  -0.24c ( -2.6 L  -2.2) LCB -444.78c P  0.07% WF   1.5 PSV       0 N       1  --  E3

2024-06-26 20:19:00-0400: = D2
2024-06-26 20:19:02-0400: Controller: kata-list_time_settings
2024-06-26 20:19:02-0400: = none absolute byoyomi canadian fischer fischer-capped
2024-06-26 20:19:02-0400: Controller: play black a5
2024-06-26 20:19:02-0400: = 
2024-06-26 20:19:02-0400: Controller: genmove white
2024-06-26 20:19:03-0400: MoveNum: 19 HASH: 5E6407166522C994796CC17D727658EB
   A B C D E F G H J
 9 . . . . . . . . .
 8 . . . X1O O . . .
 7 . . . . X O . . .
 6 . X X . X . O . .
 5 X3O O O . X X . .
 4 . . . . . . . . .
 3 . . . O @ X . . .
 2 . . . O2X . . . .
 1 . . . . . . . . .

koPOSITIONALscoreAREAtaxNONEsui1komi5.5
Time taken: 1.046
Root visits: 15804
New playouts: 5704
NN rows: 679
NN batches: 29
NN avg batch size: 23.4138
PV: E3 H6 H7 F2 A4 A6 B4 J5 C8 D7 D9 F6 G7 H8 J8 J7 J6 D1 C2 J7 C7 D6 J6 C1 H5
Tree:
: T -71.72c W -68.34c S  -4.05c ( -6.0 L  -6.2) N   15804  --  E3 H6 H7 F2 A4 A6 B4
---White(^)---
E3  : T -66.29c W -60.57c S  -6.43c ( -7.8 L  -8.0) LCB  -72.37c P 10.67% WF 5981.0 PSV   33186 N    8198  --  E3 H6 H7 F2 A4 A6 B4 J5
A4  : T -76.99c W -76.00c S  -1.19c ( -4.2 L  -4.4) LCB  -80.57c P 85.38% WF 5925.8 PSV    6519 N    7514  --  A4 H6 H7 F6 G7 A6 B2 J5
C8  : T -86.41c W -76.86c S  -3.39c ( -5.5 L  -5.6) LCB -112.74c P  1.34% WF  24.8 PSV      27 N      35  --  C8 D7 A4 A6 B2 H6 H7 F6
F6  : T -84.23c W -82.99c S  -2.10c ( -4.8 L  -4.2) LCB -100.65c P  0.60% WF  21.7 PSV      18 N      26  --  F6 B4 E5 B8 H5 H4
F2  : T -87.00c W -82.99c S   1.20c ( -3.0 L  -3.1) LCB -107.19c P  0.67% WF  14.0 PSV      15 N      17  --  F2 E3 A4 A6 B2 H6 H7 J5
D7  : T -89.07c W -89.07c S   3.74c ( -2.1 L  -2.2) LCB -199.03c P  0.22% WF   3.3 PSV       4 N       3  --  D7 D6 A4
C7  : T -93.33c W -92.87c S   1.47c ( -3.0 L  -2.6) LCB -181.31c P  0.20% WF   3.6 PSV       3 N       3  --  C7 D7 C8
D6  : T -90.74c W -91.63c S   3.55c ( -2.2 L  -2.4) LCB -269.43c P  0.14% WF   2.3 PSV       2 N       2  --  D6 D7
B3  : T -90.73c W -93.67c S   2.94c ( -2.4 L  -1.6) LCB -440.73c P  0.12% WF   1.7 PSV       2 N       1  --  B3
H5  : T -107.81c W -97.04c S -10.77c ( -9.2 L -12.3) LCB -457.81c P  0.17% WF   1.2 PSV       1 N       1  --  H5

2024-06-26 20:19:03-0400: = E3
2024-06-26 20:19:05-0400: Controller: kata-list_time_settings
2024-06-26 20:19:05-0400: = none absolute byoyomi canadian fischer fischer-capped
2024-06-26 20:19:05-0400: Controller: play black f2
2024-06-26 20:19:05-0400: = 
2024-06-26 20:19:05-0400: Controller: genmove white
2024-06-26 20:19:06-0400: MoveNum: 21 HASH: D528402BA57C5353BFC0EB5FC989B380
   A B C D E F G H J
 9 . . . . . . . . .
 8 . . . X O O . . .
 7 . . . . X O . . .
 6 . X X . X . O . .
 5 X1O O O . X X . .
 4 @ . . . . . . . .
 3 . . . O O2X . . .
 2 . . . O X X3. . .
 1 . . . . . . . . .

koPOSITIONALscoreAREAtaxNONEsui1komi5.5
Time taken: 1.046
Root visits: 9766
New playouts: 1601
NN rows: 683
NN batches: 30
NN avg batch size: 22.7667
PV: A4 A6 B2 H6 H7 J5 D9 C8 H8 F6 G7 C9 E4 E9 J7 D1 D6 D7 C1 E1 F4 G4 J6 H5 F9
Tree:
: T -84.30c W -84.01c S  -2.67c ( -6.3 L  -6.6) N    9766  --  A4 A6 B2 H6 H7 J5 D9
---White(^)---
A4  : T -84.23c W -83.96c S  -2.68c ( -6.4 L  -6.6) LCB  -87.39c P 96.49% WF 10727.2 PSV   10724 N    9703  --  A4 A6 B2 H6 H7 J5 D9 C8
C8  : T -90.31c W -82.64c S  -2.10c ( -6.0 L  -6.0) LCB -114.65c P  0.75% WF  23.5 PSV      23 N      30  --  C8 D7 A4 A6 B2 H6 H7 F6
D7  : T -95.83c W -96.03c S   5.24c ( -2.9 L  -3.1) LCB -115.37c P  0.53% WF  10.5 PSV      10 N       7  --  D7 D6 A4 A6 B2
F6  : T -102.62c W -97.34c S  -5.52c ( -8.0 L  -9.2) LCB -126.33c P  0.59% WF   7.4 PSV       7 N       6  --  F6 A3 D6
D6  : T -94.23c W -96.73c S   6.11c ( -2.5 L  -2.9) LCB -126.17c P  0.31% WF   6.3 PSV       6 N       4  --  D6 D7 A4 A6 B2 H6
C7  : T -95.09c W -95.79c S   6.02c ( -2.5 L  -2.1) LCB -187.02c P  0.27% WF   4.7 PSV       5 N       3  --  C7 D7 A4
F4  : T -104.02c W -98.83c S  -4.23c ( -6.9 L  -7.5) LCB -257.26c P  0.34% WF   3.4 PSV       4 N       2  --  F4 H6
B4  : T -86.97c W -89.21c S   6.50c ( -2.2 L  -1.8) LCB -120.01c P  0.07% WF   4.6 PSV       3 N       5  --  B4 H6 H7 F6
B3  : T -100.84c W -93.06c S   5.55c ( -2.6 L  -2.3) LCB -253.50c P  0.07% WF   2.3 PSV       1 N       2  --  B3 H6
H5  : T -113.19c W -98.04c S -15.15c (-13.1 L -16.4) LCB -463.19c P  0.16% WF   1.5 PSV       1 N       1  --  H5

2024-06-26 20:19:06-0400: = A4
2024-06-26 20:19:08-0400: Controller: kata-list_time_settings
2024-06-26 20:19:08-0400: = none absolute byoyomi canadian fischer fischer-capped
2024-06-26 20:19:08-0400: Controller: play black h6
2024-06-26 20:19:08-0400: = 
2024-06-26 20:19:08-0400: Controller: genmove white
2024-06-26 20:19:09-0400: MoveNum: 23 HASH: ECBBB4579B7C3C71C86B7DCCDC0B0E4C
   A B C D E F G H J
 9 . . . . . . . . .
 8 . . . X O O . . .
 7 . . . . X O . @ .
 6 . X X . X . O X3.
 5 X O O O . X X . .
 4 O2. . . . . . . .
 3 . . . O O X . . .
 2 . . . O X X1. . .
 1 . . . . . . . . .

koPOSITIONALscoreAREAtaxNONEsui1komi5.5
Time taken: 1.031
Root visits: 9716
New playouts: 6344
NN rows: 698
NN batches: 30
NN avg batch size: 23.2667
PV: H7 A6 B2 F6 G7 J5 D9 C8 H9 C9 E4 E9 J7 D1 C1 E1 D6 D7 J6 H5 F4 G4 F9 E5 B4
Tree:
: T -88.82c W -92.07c S   1.23c ( -3.8 L  -4.0) N    9716  --  H7 A6 B2 F6 G7 J5 D9
---White(^)---
H7  : T -88.74c W -92.18c S   1.41c ( -3.7 L  -3.9) LCB  -90.54c P 92.79% WF 15058.3 PSV   15048 N    9345  --  H7 A6 B2 F6 G7 J5 D9 C8
C8  : T -89.90c W -84.20c S  -7.01c ( -8.7 L  -9.3) LCB  -98.88c P  2.67% WF 252.7 PSV     245 N     309  --  C8 D7 H7 A6 B2 F6 G7 J5
D7  : T -98.75c W -96.66c S   2.26c ( -3.7 L  -3.9) LCB -109.03c P  3.97% WF  82.3 PSV      84 N      49  --  D7 D6 H7 A6 B3 F6 G7 H5
D6  : T -92.51c W -92.82c S   3.36c ( -3.1 L  -3.1) LCB -144.98c P  0.13% WF   9.8 PSV       5 N       7  --  D6 D7 H7 H5
C7  : T -94.45c W -96.51c S   3.00c ( -3.3 L  -3.2) LCB -130.45c P  0.14% WF   6.3 PSV       4 N       5  --  C7 H7 D7

2024-06-26 20:19:09-0400: = H7
2024-06-26 20:19:11-0400: Controller: kata-list_time_settings
2024-06-26 20:19:11-0400: = none absolute byoyomi canadian fischer fischer-capped
2024-06-26 20:19:11-0400: Controller: play black a6
2024-06-26 20:19:11-0400: = 
2024-06-26 20:19:11-0400: Controller: genmove white
2024-06-26 20:19:12-0400: MoveNum: 25 HASH: FE2D57D59C7BFC2F1D07A01AFF86DDB5
   A B C D E F G H J
 9 . . . . . . . . .
 8 . . . X O O . . .
 7 . . . . X O . O2.
 6 X3X X . X . O X1.
 5 X O O O . X X . .
 4 O . . . . . . . .
 3 . . . O O X . . .
 2 . @ . O X X . . .
 1 . . . . . . . . .

koPOSITIONALscoreAREAtaxNONEsui1komi5.5
Time taken: 1.031
Root visits: 13062
New playouts: 4109
NN rows: 691
NN batches: 31
NN avg batch size: 22.2903
PV: B2 F6 G7 H5 D9 C8 H9 C9 E4 E9 J7 D1 F4 G4 G3 G2 C1 E1 D6 D7 J6 J5 F9 B4 A3
Tree:
: T -95.80c W -95.32c S  -1.30c ( -3.0 L  -3.1) N   13062  --  B2 F6 G7 H5 D9 C8 H9
---White(^)---
B2  : T -95.39c W -96.26c S   0.84c ( -2.1 L  -2.2) LCB  -96.87c P 75.79% WF 23742.3 PSV   23565 N   10588  --  B2 F6 G7 H5 D9 C8 H9 C9
B3  : T -99.37c W -89.34c S -11.03c ( -9.7 L -10.0) LCB -106.09c P 21.99% WF 2340.3 PSV    1442 N    1703  --  B3 H5 F6 D6 H8 D1 C1 E1
B4  : T -96.30c W -85.28c S -10.86c ( -9.5 L  -9.9) LCB -109.14c P  0.64% WF 792.3 PSV     153 N     682  --  B4 H5 F6 D6 E5 C8 H8 D1
D6  : T -106.78c W -98.26c S  -4.04c ( -4.2 L  -4.6) LCB -125.55c P  0.41% WF  14.4 PSV       9 N       8  --  D6 D7 B2 F6 G7 H5 H9 E4
C7  : T -100.35c W -97.47c S  -2.79c ( -3.6 L  -4.2) LCB -136.34c P  0.16% WF   7.5 PSV       8 N       5  --  C7 D7 C8 C9
C8  : T -106.91c W -90.46c S -13.60c (-11.1 L -12.3) LCB -143.26c P  0.32% WF  24.5 PSV       7 N      24  --  C8 B4 C4 A3
D7  : T -105.84c W -97.47c S  -3.77c ( -4.0 L  -4.2) LCB -113.51c P  0.27% WF  13.1 PSV       6 N       7  --  D7 D6 B3 F6 G7 H5 C8 C7
H5  : T -108.18c W -88.30c S -17.29c (-13.2 L -13.6) LCB -154.27c P  0.11% WF  37.9 PSV       2 N      39  --  H5 B4 B3 A3 A2 A4 B1
F6  : T -108.64c W -98.55c S  -9.77c ( -7.4 L  -9.7) LCB -192.15c P  0.08% WF   4.5 PSV       1 N       3  --  F6 B4 B3
A3  : T -109.95c W -92.25c S  -0.10c ( -2.5 L  -2.0) LCB -276.17c P  0.05% WF   1.8 PSV       0 N       2  --  A3 F6

2024-06-26 20:19:12-0400: = B2
2024-06-26 20:19:14-0400: Controller: kata-list_time_settings
2024-06-26 20:19:14-0400: = none absolute byoyomi canadian fischer fischer-capped
2024-06-26 20:19:14-0400: Controller: play black f6
2024-06-26 20:19:14-0400: = 
2024-06-26 20:19:14-0400: Controller: genmove white
2024-06-26 20:19:16-0400: MoveNum: 27 HASH: 0868E787940461FD09BD68B24BF3A490
   A B C D E F G H J
 9 . . . . . . . . .
 8 . . . X O O . . .
 7 . . . . X O @ O .
 6 X1X X . X X3O X .
 5 X O O O . X X . .
 4 O . . . . . . . .
 3 . . . O O X . . .
 2 . O2. O X X . . .
 1 . . . . . . . . .

koPOSITIONALscoreAREAtaxNONEsui1komi5.5
Time taken: 1.047
Root visits: 12448
New playouts: 1990
NN rows: 681
NN batches: 27
NN avg batch size: 25.2222
PV: G7 H5 D9 C8 H9 C9 E4 E9 J7 D1 F4 G4 G3 G2 C1 E1 H3 H2 D6 D7 J6 B4 A3 E5 C2
Tree:
: T -99.95c W -97.92c S  -1.46c ( -1.8 L  -1.8) N   12448  --  G7 H5 D9 C8 H9 C9 E4
---White(^)---
G7  : T -99.91c W -97.92c S  -1.41c ( -1.8 L  -1.8) LCB -100.46c P 93.10% WF 34601.0 PSV   34591 N   12359  --  G7 H5 D9 C8 H9 C9 E4 E9
C8  : T -113.47c W -95.11c S -14.20c ( -8.9 L  -9.6) LCB -133.05c P  4.35% WF  62.8 PSV      68 N      48  --  C8 G7 D7 D6 C7 B4 A3
D7  : T -108.40c W -98.25c S  -5.61c ( -3.4 L  -3.6) LCB -115.60c P  1.07% WF  25.5 PSV      26 N      12  --  D7 D6 G7 H5 D9 C8 H9 C9
D6  : T -104.47c W -96.64c S  -5.24c ( -3.4 L  -3.6) LCB -113.36c P  0.58% WF  32.3 PSV      25 N      21  --  D6 D7 G7 H5 H9 B4 A3
C7  : T -115.42c W -99.12c S -15.02c ( -7.9 L  -9.2) LCB -271.93c P  0.22% WF   3.6 PSV       2 N       2  --  C7 G7
D9  : T -112.49c W -98.37c S -14.12c ( -8.7 L -18.4) LCB -462.49c P  0.10% WF   1.4 PSV       1 N       1  --  D9
G8  : T -117.69c W -99.37c S -18.32c (-11.4 L -12.5) LCB -467.69c P  0.07% WF   3.2 PSV       0 N       1  --  G8
H8  : T -116.37c W -99.23c S -17.14c ( -9.4 L -11.9) LCB -466.37c P  0.06% WF   2.6 PSV       0 N       1  --  H8
H9  : T -122.62c W -99.38c S -23.24c (-14.1 L -15.8) LCB -472.62c P  0.05% WF   4.0 PSV       0 N       1  --  H9
B8  : T -119.62c W -99.10c S -20.53c (-12.4 L -16.8) LCB -469.62c P  0.05% WF   2.7 PSV       0 N       1  --  B8

2024-06-26 20:19:16-0400: = G7
2024-06-26 20:19:18-0400: Controller: kata-list_time_settings
2024-06-26 20:19:18-0400: = none absolute byoyomi canadian fischer fischer-capped
2024-06-26 20:19:18-0400: Controller: play black j5
2024-06-26 20:19:18-0400: = 
2024-06-26 20:19:18-0400: Controller: genmove white
2024-06-26 20:19:19-0400: MoveNum: 29 HASH: 0221FBA84FD1AEFDE48E3777105798ED
   A B C D E F G H J
 9 . . . @ . . . . .
 8 . . . X O O . . .
 7 . . . . X O O2O .
 6 X X X . X X1O X .
 5 X O O O . X X . X3
 4 O . . . . . . . .
 3 . . . O O X . . .
 2 . O . O X X . . .
 1 . . . . . . . . .

koPOSITIONALscoreAREAtaxNONEsui1komi5.5
Time taken: 1.046
Root visits: 5685
New playouts: 1751
NN rows: 677
NN batches: 28
NN avg batch size: 24.1786
PV: D9 C8 H9 C9 E4 E9 J7 D1 J6 H5 D6 D7 C1 E1 F4 G4 F9 B4 A3 E5 B3 D9 C4 C7
Tree:
: T -98.88c W -96.59c S  -1.41c ( -2.0 L  -2.0) N    5685  --  D9 C8 H9 C9 E4 E9 J7
---White(^)---
D9  : T -98.37c W -97.01c S  -0.56c ( -1.6 L  -1.6) LCB  -99.30c P 43.55% WF 10297.5 PSV   10230 N    4324  --  D9 C8 H9 C9 E4 E9 J7 D1
F4  : T -97.19c W -93.46c S  -1.22c ( -1.9 L  -2.0) LCB -100.29c P  0.92% WF 1064.3 PSV    1049 N     665  --  F4 G4 D9 C8 H9 C9 E4 E9
H9  : T -104.46c W -98.77c S  -1.29c ( -1.9 L  -2.2) LCB -109.04c P 20.00% WF 362.0 PSV     383 N     154  --  H9 E9 F9 D9 E4 D1 D6 D7
C8  : T -106.20c W -90.58c S -13.62c ( -9.7 L -10.2) LCB -116.02c P 14.44% WF 404.5 PSV     219 N     377  --  C8 B4 D9 D7 C4 A3 E4 H8
H8  : T -102.28c W -98.35c S  -1.72c ( -2.0 L  -2.3) LCB -108.56c P  7.01% WF 192.5 PSV     200 N      84  --  H8 D9 E4 E9 F9 F4 D6
D7  : T -108.07c W -99.28c S  -5.80c ( -3.6 L  -3.9) LCB -114.27c P 10.76% WF 124.6 PSV     133 N      48  --  D7 D6 D9 C8 H9 E4 D4 C9
D6  : T -106.87c W -99.40c S  -3.48c ( -2.6 L  -2.9) LCB -124.89c P  1.27% WF  19.5 PSV      17 N       7  --  D6 D7 H9 E4 D4
H4  : T -101.85c W -93.67c S  -2.33c ( -2.3 L  -2.7) LCB -114.77c P  0.41% WF  13.8 PSV      13 N      11  --  H4 H5 D9 C8 H9 C9 E4
H5  : T -100.39c W -95.95c S  -1.24c ( -1.9 L  -2.0) LCB -117.88c P  0.17% WF   9.4 PSV       8 N       6  --  H5 H4 D9 C8 H9 C9 E4 E9
C7  : T -105.74c W -98.56c S  -3.28c ( -2.6 L  -3.0) LCB -198.83c P  0.37% WF   6.4 PSV       5 N       3  --  C7 D7 H9

2024-06-26 20:19:19-0400: = D9
2024-06-26 20:19:21-0400: Controller: kata-list_time_settings
2024-06-26 20:19:21-0400: = none absolute byoyomi canadian fischer fischer-capped
2024-06-26 20:19:21-0400: Controller: play black c8
2024-06-26 20:19:21-0400: = 
2024-06-26 20:19:21-0400: Controller: genmove white
2024-06-26 20:19:22-0400: MoveNum: 31 HASH: 5A6CCB2CF7A8A5B478C98B7573A4A85D
   A B C D E F G H J
 9 . . . O2. . . @ .
 8 . . X3X O O . . .
 7 . . . . X O O O .
 6 X X X . X X O X .
 5 X O O O . X X . X1
 4 O . . . . . . . .
 3 . . . O O X . . .
 2 . O . O X X . . .
 1 . . . . . . . . .

koPOSITIONALscoreAREAtaxNONEsui1komi5.5
Time taken: 1.078
Root visits: 11129
New playouts: 2685
NN rows: 685
NN batches: 32
NN avg batch size: 21.4062
PV: H9 E4 C9 B4 A3 D4 C4 B9 E9 B8 E5 F4 C3 D6 J7 D1 C1 E1 J6 H5 B3 C7 C2
Tree:
: T -99.45c W -97.50c S  -1.18c ( -1.5 L  -1.5) N   11129  --  H9 E4 C9 B4 A3 D4 C4
---White(^)---
H9  : T -99.30c W -97.67c S  -0.88c ( -1.4 L  -1.3) LCB  -99.96c P 54.61% WF 22883.5 PSV   22835 N    8069  --  H9 E4 C9 B4 A3 D4 C4 B9
H8  : T -99.45c W -96.63c S  -2.12c ( -1.9 L  -1.9) LCB -101.50c P 25.61% WF 5755.6 PSV    4018 N    2700  --  H8 C9 E4 E9 J7 D1 F4 G4
D6  : T -102.18c W -98.65c S  -1.21c ( -1.5 L  -1.6) LCB -104.14c P 13.84% WF 814.9 PSV     839 N     292  --  D6 D7 H9 E4 D4 C9 J7 E5
H5  : T -103.14c W -97.21c S  -0.12c ( -1.2 L  -1.4) LCB -109.63c P  0.86% WF  38.1 PSV      35 N      20  --  H5 H4 H9 C9 E4 E9 J7 D1
H4  : T -102.98c W -97.86c S  -0.68c ( -1.4 L  -1.7) LCB -110.16c P  0.78% WF  37.1 PSV      32 N      19  --  H4 H5 H9 C9 D6 D7 E4
J7  : T -120.57c W -99.63c S -18.64c (-11.9 L -12.1) LCB -137.47c P  2.62% WF  22.3 PSV      24 N      10  --  J7 H8 H9 G9 J8 J9
J8  : T -105.47c W -99.54c S  -4.26c ( -2.6 L  -2.6) LCB -130.69c P  0.50% WF  16.9 PSV      15 N       6  --  J8 E4 D4
F4  : T -105.16c W -96.45c S  -6.97c ( -4.0 L  -4.5) LCB -138.83c P  0.17% WF   6.5 PSV       5 N       5  --  F4 E4 H4
D7  : T -105.92c W -99.21c S  -6.20c ( -3.3 L  -3.8) LCB -228.78c P  0.14% WF   7.3 PSV       4 N       3  --  D7 D6 H9
C9  : T -115.31c W -98.55c S -16.76c (-12.2 L -18.7) LCB -465.31c P  0.17% WF   1.6 PSV       2 N       1  --  C9

2024-06-26 20:19:22-0400: = H9
2024-06-26 20:19:24-0400: Controller: kata-list_time_settings
2024-06-26 20:19:24-0400: = none absolute byoyomi canadian fischer fischer-capped
2024-06-26 20:19:24-0400: Controller: play black e4
2024-06-26 20:19:24-0400: = 
2024-06-26 20:19:24-0400: Controller: genmove white
2024-06-26 20:19:25-0400: MoveNum: 33 HASH: 71683D9E309C04B3F02753650CC91D3E
   A B C D E F G H J
 9 . . @ O . . . O2.
 8 . . X1X O O . . .
 7 . . . . X O O O .
 6 X X X . X X O X .
 5 X O O O . X X . X
 4 O . . . X3. . . .
 3 . . . O O X . . .
 2 . O . O X X . . .
 1 . . . . . . . . .

koPOSITIONALscoreAREAtaxNONEsui1komi5.5
Time taken: 1.015
Root visits: 13638
New playouts: 2731
NN rows: 668
NN batches: 29
NN avg batch size: 23.0345
PV: C9 B4 A3 D4 C4 B9 E9 B8 H5 H4 E5 F4 E1 F1 D1 D6 B3 J7 J8 J6 H8
Tree:
: T -100.80c W -98.97c S  -1.25c ( -1.4 L  -1.2) N   13638  --  C9 B4 A3 D4 C4 B9 E9
---White(^)---
C9  : T -100.64c W -98.98c S  -1.22c ( -1.4 L  -1.2) LCB -100.98c P 59.71% WF 44572.9 PSV   44461 N   12338  --  C9 B4 A3 D4 C4 B9 E9 B8
D4  : T -102.31c W -99.08c S  -1.56c ( -1.5 L  -1.5) LCB -103.20c P 27.83% WF 2942.4 PSV    3030 N     930  --  D4 C9 E9 D6 J7 D1 C1 E1
D6  : T -103.15c W -98.73c S  -1.92c ( -1.6 L  -1.7) LCB -106.63c P  7.97% WF 611.3 PSV     630 N     209  --  D6 D7 D4 C9 J7 E5 J6 H5
H5  : T -101.22c W -97.53c S  -0.76c ( -1.2 L  -1.2) LCB -104.42c P  0.96% WF 222.8 PSV     217 N      97  --  H5 H4 D4 C9 E9 D6 J7
E1  : T -105.06c W -96.73c S  -1.01c ( -1.3 L  -1.5) LCB -115.26c P  1.18% WF  56.3 PSV      55 N      31  --  E1 F1 C9 B9 E9
D7  : T -106.96c W -98.34c S  -6.52c ( -3.2 L  -3.5) LCB -135.99c P  0.56% WF  24.9 PSV      18 N      10  --  D7 D6 C9 D1 C1
H4  : T -104.96c W -96.40c S  -1.21c ( -1.4 L  -1.6) LCB -133.16c P  0.38% WF  16.9 PSV      17 N       9  --  H4 H5 C9
J7  : T -104.67c W -99.53c S  -5.13c ( -2.7 L  -2.9) LCB -454.67c P  0.09% WF   4.0 PSV       4 N       1  --  J7
E5  : T -113.52c W -98.39c S  -2.13c ( -1.7 L  -1.8) LCB -147.96c P  0.20% WF  10.9 PSV       3 N       5  --  E5 C9 D4 F4 J7 D6 J6 H5
F4  : T -119.77c W -98.37c S  -3.94c ( -2.3 L  -2.7) LCB -184.37c P  0.19% WF   7.7 PSV       2 N       4  --  F4 B4 A3

2024-06-26 20:19:25-0400: = C9
2024-06-26 20:19:27-0400: Controller: kata-list_time_settings
2024-06-26 20:19:27-0400: = none absolute byoyomi canadian fischer fischer-capped
2024-06-26 20:19:27-0400: Controller: play black b9
2024-06-26 20:19:27-0400: = 
2024-06-26 20:19:27-0400: Controller: genmove white
2024-06-26 20:19:28-0400: MoveNum: 35 HASH: D5848E2E660F8EDB7D2ABC7AF242A9E9
   A B C D E F G H J
 9 . X3O2O @ . . O .
 8 . . X X O O . . .
 7 . . . . X O O O .
 6 X X X . X X O X .
 5 X O O O . X X . X
 4 O . . . X1. . . .
 3 . . . O O X . . .
 2 . O . O X X . . .
 1 . . . . . . . . .

koPOSITIONALscoreAREAtaxNONEsui1komi5.5
Time taken: 1.047
Root visits: 11410
New playouts: 1964
NN rows: 685
NN batches: 30
NN avg batch size: 22.8333
PV: E9 B4 A3 D4 C4 B8 E1 F1 D1 D6 H4 E5 B3 H5 J7 J6 C2 G4 H8
Tree:
: T -100.90c W -99.14c S  -1.31c ( -1.4 L  -1.3) N   11410  --  E9 B4 A3 D4 C4 B8 E1
---White(^)---
E9  : T -100.98c W -99.22c S  -1.35c ( -1.5 L  -1.2) LCB -101.33c P 93.27% WF 37719.5 PSV   37781 N    9667  --  E9 B4 A3 D4 C4 B8 E1 F1
H5  : T -100.26c W -98.63c S  -0.99c ( -1.3 L  -1.3) LCB -101.29c P  3.22% WF 5120.7 PSV    3398 N    1707  --  H5 B4 A3 D4 C4 H4 E9 B8
H4  : T -108.93c W -95.33c S  -1.32c ( -1.5 L  -1.4) LCB -136.94c P  1.17% WF  22.2 PSV      24 N      16  --  H4 B4 A3 D4 C4 H5
D6  : T -111.08c W -96.92c S -10.57c ( -7.0 L  -8.0) LCB -139.81c P  1.12% WF  23.1 PSV      20 N      14  --  D6 B4 D7 E9
D4  : T -106.12c W -99.68c S  -6.21c ( -3.1 L  -3.5) LCB -189.57c P  0.22% WF  10.9 PSV       7 N       3  --  D4 E9 F9
J7  : T -107.83c W -99.24c S  -8.58c ( -3.9 L  -4.4) LCB -457.83c P  0.16% WF   4.1 PSV       4 N       1  --  J7
E1  : T -109.03c W -99.29c S  -9.74c ( -4.7 L  -6.3) LCB -459.03c P  0.16% WF   3.0 PSV       3 N       1  --  E1

2024-06-26 20:19:28-0400: = E9
2024-06-26 20:19:30-0400: Controller: kata-list_time_settings
2024-06-26 20:19:30-0400: = none absolute byoyomi canadian fischer fischer-capped
2024-06-26 20:19:30-0400: Controller: play black b4
2024-06-26 20:19:30-0400: = 
2024-06-26 20:19:30-0400: Controller: genmove white
2024-06-26 20:19:31-0400: MoveNum: 37 HASH: 6B025FD94C04551DED39F48550F3A12E
   A B C D E F G H J
 9 . X1O O O2. . O .
 8 . . X X O O . . .
 7 . . . . X O O O .
 6 X X X . X X O X .
 5 X O O O . X X . X
 4 O X3. . X . . . .
 3 @ . . O O X . . .
 2 . O . O X X . . .
 1 . . . . . . . . .

koPOSITIONALscoreAREAtaxNONEsui1komi5.5
Time taken: 1.047
Root visits: 16481
New playouts: 2034
NN rows: 673
NN batches: 30
NN avg batch size: 22.4333
PV: A3 D4 C4 B8 H5 H4 D1 D6 J7 E1 B3 J6 E5 F4 pass pass
Tree:
: T -101.03c W -99.35c S  -1.36c ( -1.5 L  -1.3) N   16481  --  A3 D4 C4 B8 H5 H4 D1
---White(^)---
A3  : T -101.02c W -99.36c S  -1.33c ( -1.5 L  -1.3) LCB -102.38c P 98.85% WF 67462.9 PSV   67460 N   16475  --  A3 D4 C4 B8 H5 H4 D1 D6
D6  : T -129.82c W -98.46c S -31.35c (-32.2 L -36.6) LCB -479.82c P  0.45% WF   5.1 PSV       4 N       1  --  D6
B8  : T -130.99c W -99.65c S -31.34c (-27.3 L -27.6) LCB -480.99c P  0.14% WF   6.0 PSV       1 N       1  --  B8
D7  : T -122.31c W -96.60c S -25.71c (-24.6 L -32.6) LCB -472.31c P  0.10% WF   2.3 PSV       1 N       1  --  D7
H5  : T -127.73c W -99.13c S -28.61c (-20.4 L -21.0) LCB -477.85c P  0.06% WF   5.8 PSV       0 N       1  --  H5
H4  : T -128.25c W -99.52c S -28.73c (-20.6 L -21.0) LCB -478.39c P  0.06% WF   5.7 PSV       0 N       1  --  H4

2024-06-26 20:19:31-0400: = A3
2024-06-26 20:19:33-0400: Controller: kata-list_time_settings
2024-06-26 20:19:33-0400: = none absolute byoyomi canadian fischer fischer-capped
2024-06-26 20:19:33-0400: Controller: play black d4
2024-06-26 20:19:33-0400: = 
2024-06-26 20:19:33-0400: Controller: genmove white
2024-06-26 20:19:34-0400: MoveNum: 39 HASH: 977DEC7CA5DB47897DFCACC108E9D98C
   A B C D E F G H J
 9 . X O O O . . O .
 8 . . X X O O . . .
 7 . . . . X O O O .
 6 X X X . X X O X .
 5 X O O O . X X . X
 4 O X1@ X3X . . . .
 3 O2. . O O X . . .
 2 . O . O X X . . .
 1 . . . . . . . . .

koPOSITIONALscoreAREAtaxNONEsui1komi5.5
Time taken: 1.078
Root visits: 24171
New playouts: 2789
NN rows: 686
NN batches: 29
NN avg batch size: 23.6552
PV: C4 B8 D1 D6 H5 H4 J7 E1 B3 J6 E5 F4 H8 J4
Tree:
: T -101.11c W -99.47c S  -1.37c ( -1.5 L  -1.3) N   24171  --  C4 B8 D1 D6 H5 H4 J7
---White(^)---
C4  : T -101.10c W -99.47c S  -1.35c ( -1.5 L  -1.3) LCB -101.27c P 98.97% WF 102681.0 PSV  102677 N   24164  --  C4 B8 D1 D6 H5 H4 J7 E1
H4  : T -127.85c W -98.82c S -29.02c (-21.1 L -21.6) LCB -478.01c P  0.21% WF   5.6 PSV       2 N       1  --  H4
H5  : T -127.96c W -98.76c S -29.20c (-21.5 L -22.0) LCB -478.13c P  0.14% WF   5.5 PSV       1 N       1  --  H5
B8  : T -131.85c W -99.33c S -32.51c (-32.2 L -33.0) LCB -481.94c P  0.09% WF   6.1 PSV       0 N       1  --  B8
E1  : T -132.89c W -99.63c S -33.26c (-35.9 L -37.1) LCB -482.89c P  0.06% WF   6.3 PSV       0 N       1  --  E1
F4  : T -125.01c W -99.38c S -25.62c (-19.5 L -24.0) LCB -475.33c P  0.04% WF   3.8 PSV       0 N       1  --  F4
D1  : T -124.05c W -99.31c S -24.74c (-14.4 L -14.6) LCB -474.05c P  0.04% WF   5.0 PSV       0 N       1  --  D1

2024-06-26 20:19:34-0400: = C4
2024-06-26 20:19:36-0400: Controller: kata-list_time_settings
2024-06-26 20:19:36-0400: = none absolute byoyomi canadian fischer fischer-capped
2024-06-26 20:19:36-0400: Controller: play black b8
2024-06-26 20:19:37-0400: = 
2024-06-26 20:19:37-0400: Controller: genmove white
2024-06-26 20:19:38-0400: MoveNum: 41 HASH: 974BFFD6F878EE2638DD9C2B3F97F674
   A B C D E F G H J
 9 . X O O O . . O .
 8 . X3X X O O . . .
 7 . . . . X O O O .
 6 X X X . X X O X .
 5 X O O O . X X . X
 4 O X O2X1X . . . .
 3 O . . O O X . . .
 2 . O . O X X . . .
 1 . . . @ . . . . .

koPOSITIONALscoreAREAtaxNONEsui1komi5.5
Time taken: 1.031
Root visits: 32643
New playouts: 4896
NN rows: 672
NN batches: 30
NN avg batch size: 22.4
PV: D1 D6 H5 H4 C3 E1 E5 F4 J7 J6 B3 H5 pass
Tree:
: T -101.17c W -99.56c S  -1.38c ( -1.6 L  -1.3) N   32643  --  D1 D6 H5 H4 C3 E1 E5
---White(^)---
D1  : T -101.12c W -99.68c S  -1.24c ( -1.5 L  -1.2) LCB -101.31c P 20.35% WF 36848.5 PSV   54530 N    8034  --  D1 D6 H5 H4 C3 E1 E5 F4
E1  : T -101.11c W -99.57c S  -1.31c ( -1.5 L  -1.3) LCB -101.41c P 19.24% WF 35600.1 PSV   35537 N    7912  --  E1 F1 D1 D6 J7 E5 B3 J6
E5  : T -101.15c W -99.54c S  -1.48c ( -1.6 L  -1.3) LCB -101.47c P 14.48% WF 24824.1 PSV   22928 N    5723  --  E5 F4 E1 F1 D1 D6 B3 J7
J7  : T -101.51c W -99.61c S  -1.76c ( -1.7 L  -1.4) LCB -101.96c P 23.59% WF 16190.3 PSV   14558 N    3492  --  J7 D1 C1 E1 E5 F4 B3 D6
D6  : T -101.09c W -99.39c S  -1.36c ( -1.5 L  -1.3) LCB -101.62c P  5.99% WF 11088.9 PSV   11071 N    2767  --  D6 D7 D1 E5 C3 E1 J7 J6
B3  : T -101.28c W -99.45c S  -1.38c ( -1.6 L  -1.3) LCB -101.62c P  6.31% WF 6352.0 PSV    6368 N    1562  --  B3 E5 D1 J7 J8 J6 E1 F1
C3  : T -101.23c W -99.47c S  -1.45c ( -1.6 L  -1.3) LCB -101.61c P  3.93% WF 4677.1 PSV    4598 N    1136  --  C3 D1 C1 E1 E5 F4 J7 J6
H5  : T -100.93c W -99.40c S  -1.16c ( -1.5 L  -1.3) LCB -101.69c P  2.92% WF 6617.2 PSV    3411 N    1669  --  H5 H4 E5 F4 E1 F1 D1 D6
H4  : T -101.04c W -98.83c S  -1.23c ( -1.5 L  -1.6) LCB -104.11c P  1.03% WF 875.3 PSV     356 N     291  --  H4 H5 C3 D1 C1 E1 D6 D7
J8  : T -105.04c W -99.18c S  -3.48c ( -2.2 L  -2.3) LCB -116.53c P  0.50% WF  33.3 PSV      33 N      12  --  J8 D1 C1 E1 C3

2024-06-26 20:19:38-0400: = D1
2024-06-26 20:19:40-0400: Controller: kata-list_time_settings
2024-06-26 20:19:40-0400: = none absolute byoyomi canadian fischer fischer-capped
2024-06-26 20:19:40-0400: Controller: play black d6
2024-06-26 20:19:40-0400: = 
2024-06-26 20:19:40-0400: Controller: genmove white
2024-06-26 20:19:41-0400: MoveNum: 43 HASH: 467F00F6DA6E8A55384B31BDFE1EFAC3
   A B C D E F G H J
 9 . X O O O . . O .
 8 . X1X X O O . . .
 7 . . . . X O O O @
 6 X X X X3X X O X .
 5 X O O O . X X . X
 4 O X O X X . . . .
 3 O . . O O X . . .
 2 . O . O X X . . .
 1 . . . O2. . . . .

koPOSITIONALscoreAREAtaxNONEsui1komi5.5
Time taken: 1.047
Root visits: 18978
New playouts: 6634
NN rows: 696
NN batches: 30
NN avg batch size: 23.2
PV: J7 E5 B3 E1 J6 H5 H8 F4 C2 D7 pass
Tree:
: T -101.33c W -99.76c S  -1.40c ( -1.5 L  -1.3) N   18978  --  J7 E5 B3 E1 J6 H5 H8
---White(^)---
J7  : T -101.28c W -99.84c S  -1.30c ( -1.5 L  -1.2) LCB -101.43c P 20.35% WF 25620.1 PSV   49895 N    5168  --  J7 E5 B3 E1 J6 H5 H8 F4
E1  : T -101.35c W -99.75c S  -1.46c ( -1.6 L  -1.3) LCB -101.62c P 24.62% WF 23335.2 PSV   22523 N    4879  --  E1 F1 J7 E5 B3 J6 H8 F4
B3  : T -101.36c W -99.77c S  -1.40c ( -1.5 L  -1.2) LCB -101.62c P 23.66% WF 20809.0 PSV   20834 N    4295  --  B3 J7 J8 J6 H5 H4 E5 F4
C3  : T -101.36c W -99.68c S  -1.50c ( -1.6 L  -1.3) LCB -101.77c P 14.88% WF 12735.4 PSV   12748 N    2758  --  C3 E5 J7 J6 J4 H5 E1 F1
H5  : T -101.01c W -99.72c S  -1.10c ( -1.4 L  -1.2) LCB -102.87c P  4.96% WF 6872.0 PSV     844 N    1487  --  H5 H4 C3 J7 J8 J6 E5 F4
H4  : T -101.98c W -99.52c S  -2.22c ( -1.8 L  -1.6) LCB -104.22c P  3.47% WF 605.8 PSV     372 N     151  --  H4 E5 B3 H5 J7 J6 E1 F1
J4  : T -101.27c W -99.20c S  -1.68c ( -1.6 L  -1.6) LCB -103.95c P  1.97% WF 319.4 PSV     287 N      96  --  J4 E5 B3 E1 J7 H5 J6 F4
J8  : T -101.84c W -99.58c S  -1.94c ( -1.7 L  -1.5) LCB -104.15c P  2.00% WF 274.5 PSV     213 N      71  --  J8 E1 B3 J6 E5 F4 J7 C7
G4  : T -103.32c W -98.70c S  -4.85c ( -2.7 L  -2.8) LCB -116.39c P  0.95% WF  67.2 PSV      63 N      23  --  G4 E5 C3 E1 J7 J6 B3
pss : T -105.77c W -99.78c S  -5.56c ( -2.9 L  -3.0) LCB -123.59c P  0.48% WF  28.0 PSV      24 N       7  --  pass E1 B3

2024-06-26 20:19:41-0400: = J7
2024-06-26 20:19:43-0400: Controller: kata-list_time_settings
2024-06-26 20:19:43-0400: = none absolute byoyomi canadian fischer fischer-capped
2024-06-26 20:19:43-0400: Controller: play black e1
2024-06-26 20:19:43-0400: = 
2024-06-26 20:19:43-0400: Controller: genmove white
2024-06-26 20:19:44-0400: MoveNum: 45 HASH: 63D79D5D2C2AD57EDDE440A87E14672F
   A B C D E F G H J
 9 . X O O O . . O .
 8 . X X X O O . . .
 7 . . . . X O O O O2
 6 X X X X1X X O X @
 5 X O O O . X X . X
 4 O X O X X . . . .
 3 O . . O O X . . .
 2 . O . O X X . . .
 1 . . . O X3. . . .

koPOSITIONALscoreAREAtaxNONEsui1komi5.5
Time taken: 1.046
Root visits: 6953
New playouts: 2804
NN rows: 722
NN batches: 31
NN avg batch size: 23.2903
PV: J6 E5 B3 H5 H2 C7 H8 H1
Tree:
: T -101.41c W -99.87c S  -1.38c ( -1.5 L  -1.2) N    6953  --  J6 E5 B3 H5 H2 C7 H8
---White(^)---
J6  : T -101.38c W -99.89c S  -1.34c ( -1.5 L  -1.2) LCB -101.53c P 36.48% WF 14666.4 PSV   20871 N    2845  --  J6 E5 B3 H5 H2 C7 H8 H1
B3  : T -101.54c W -99.91c S  -1.48c ( -1.6 L  -1.2) LCB -101.80c P 29.20% WF 8600.8 PSV    7359 N    1597  --  B3 E5 J6 H5 H2 C7 H8 H1
C3  : T -101.45c W -99.88c S  -1.40c ( -1.5 L  -1.2) LCB -101.69c P 21.87% WF 8220.8 PSV    6894 N    1602  --  C3 E5 J6 H5 H2 J2 B3 F4
H5  : T -101.09c W -99.73c S  -1.17c ( -1.5 L  -1.2) LCB -103.31c P  3.68% WF 2327.1 PSV     263 N     497  --  H5 E5 B3 H4 J6 H5 H8 F4
H4  : T -101.50c W -99.78c S  -1.46c ( -1.5 L  -1.2) LCB -104.14c P  1.98% WF 463.3 PSV     115 N      99  --  H4 E5 C3 H5 J6 J4 H8
J4  : T -100.93c W -99.77c S  -0.98c ( -1.4 L  -1.1) LCB -102.82c P  0.45% WF 1269.5 PSV      36 N     269  --  J4 E5 B3 H5 J6 F4 C2
pss : T -105.71c W -99.85c S  -5.55c ( -2.9 L  -2.7) LCB -122.22c P  1.30% WF  33.2 PSV      30 N       7  --  pass J6 C3
G4  : T -101.03c W -96.59c S  -3.32c ( -2.2 L  -2.0) LCB -125.15c P  0.36% WF  32.0 PSV      29 N      14  --  G4 J6 F4 E5 G3 G2 H2
H8  : T -105.44c W -99.83c S  -5.36c ( -2.8 L  -2.5) LCB -118.98c P  1.10% WF  34.7 PSV      27 N       7  --  H8 J6 B3
A2  : T -104.55c W -99.75c S  -4.71c ( -2.6 L  -2.2) LCB -138.31c P  0.71% WF  23.9 PSV      22 N       5  --  A2 J6 B3

2024-06-26 20:19:44-0400: = J6
2024-06-26 20:19:46-0400: Controller: kata-list_time_settings
2024-06-26 20:19:46-0400: = none absolute byoyomi canadian fischer fischer-capped
2024-06-26 20:19:46-0400: Controller: play black h5
2024-06-26 20:19:46-0400: = 
2024-06-26 20:19:46-0400: Controller: genmove white
2024-06-26 20:19:47-0400: MoveNum: 47 HASH: 9CC668F2B83002DC6AB96ED7FDC3FEE0
   A B C D E F G H J
 9 . X O O O . . O .
 8 . X X X O O . . .
 7 . . . . X O O O O
 6 X X X X X X O X O2
 5 X O O O . X X X3X
 4 O X O X X . . . .
 3 O @ . O O X . . .
 2 . O . O X X . . .
 1 . . . O X1. . . .

koPOSITIONALscoreAREAtaxNONEsui1komi5.5
Time taken: 1.031
Root visits: 7520
New playouts: 5261
NN rows: 653
NN batches: 28
NN avg batch size: 23.3214
PV: B3 E5 H1 C7 C3 H2
Tree:
: T -101.40c W -99.90c S  -1.42c ( -1.5 L  -1.2) N    7520  --  B3 E5 H1 C7 C3 H2
---White(^)---
B3  : T -101.35c W -99.93c S  -1.36c ( -1.5 L  -1.2) LCB -101.47c P 21.12% WF 15241.9 PSV   15223 N    2844  --  B3 E5 H1 C7 C3 H2
C3  : T -101.43c W -99.93c S  -1.44c ( -1.5 L  -1.2) LCB -101.59c P 12.13% WF 8044.0 PSV    5831 N    1525  --  C3 E5 H2 C7 B3 F4 H8 J2
C2  : T -101.53c W -99.90c S  -1.54c ( -1.5 L  -1.3) LCB -101.79c P  8.70% WF 3575.0 PSV    2956 N     646  --  C2 E5 B3 F4 H8 C7 pass pass
H8  : T -101.69c W -99.91c S  -1.68c ( -1.6 L  -1.3) LCB -102.05c P 12.69% WF 3186.3 PSV    2900 N     587  --  H8 E5 B3 F4 C3 C7 pass pass
A2  : T -101.73c W -99.86c S  -1.73c ( -1.6 L  -1.2) LCB -102.21c P 11.49% WF 2732.7 PSV    2409 N     555  --  A2 E5 B3 F4 H8 C7 B4
H3  : T -100.59c W -99.81c S  -0.73c ( -1.3 L  -1.0) LCB -102.49c P  1.54% WF 461.7 PSV     180 N      96  --  H3 E5 B3 J3 H8 H4 C2
H2  : T -100.94c W -99.86c S  -0.94c ( -1.3 L  -1.1) LCB -102.69c P  2.03% WF 1441.4 PSV     175 N     302  --  H2 E5 B3 C7 H8 F4 pass
H1  : T -100.66c W -99.79c S  -0.80c ( -1.3 L  -1.0) LCB -102.62c P  1.01% WF 553.7 PSV     109 N     112  --  H1 E5 B3 J1 C3 H2
J2  : T -100.85c W -99.81c S  -0.94c ( -1.3 L  -1.0) LCB -102.93c P  0.98% WF 431.6 PSV      90 N      86  --  J2 E5 B3 J1 C2
G2  : T -100.75c W -99.82c S  -0.87c ( -1.3 L  -1.0) LCB -102.76c P  0.89% WF 389.9 PSV      88 N      78  --  G2 E5 B3 G1 H8 F1

2024-06-26 20:19:47-0400: = B3
2024-06-26 20:19:49-0400: Controller: kata-list_time_settings
2024-06-26 20:19:49-0400: = none absolute byoyomi canadian fischer fischer-capped
2024-06-26 20:19:49-0400: Controller: play black e5
2024-06-26 20:19:49-0400: = 
2024-06-26 20:19:49-0400: Controller: genmove white
2024-06-26 20:19:50-0400: MoveNum: 49 HASH: E5DB898CFF00EDAD834F964DBCB2E26D
   A B C D E F G H J
 9 . X O O O . . O .
 8 . X X X O O . . .
 7 . . . . X O O O O
 6 X X X X X X O X O
 5 X O O O X3X X X1X
 4 O . O X X . . . .
 3 O O2. O O X . . .
 2 . O @ O X X . . .
 1 . . . O X . . . .

koPOSITIONALscoreAREAtaxNONEsui1komi5.5
Time taken: 1.046
Root visits: 9034
New playouts: 2565
NN rows: 673
NN batches: 41
NN avg batch size: 16.4146
PV: C2 C7 H8 F4 pass pass
Tree:
: T -101.37c W -99.96c S  -1.35c ( -1.5 L  -1.2) N    9034  --  C2 C7 H8 F4 pass pass
---White(^)---
C2  : T -101.28c W -99.97c S  -1.28c ( -1.4 L  -1.2) LCB -101.38c P 12.36% WF 8724.9 PSV   28119 N    1469  --  C2 C7 H8 F4 pass pass
H8  : T -101.31c W -99.98c S  -1.32c ( -1.5 L  -1.3) LCB -101.40c P 12.99% WF 8490.3 PSV    7733 N    1424  --  H8 C7 C2 F4 pass pass
C3  : T -101.36c W -99.97c S  -1.35c ( -1.5 L  -1.3) LCB -101.48c P 14.61% WF 7511.3 PSV    7139 N    1277  --  C3 C7 H8 F4 pass pass
pss : T -101.50c W -99.98c S  -1.50c ( -1.5 L  -1.3) LCB -101.61c P 19.48% WF 5953.4 PSV    5970 N     938  --  pass pass
B4  : T -101.45c W -99.97c S  -1.47c ( -1.5 L  -1.3) LCB -101.59c P 14.13% WF 4700.5 PSV    4709 N     800  --  B4 C7 C2 F4 H8 pass pass
H2  : T -101.36c W -99.94c S  -1.27c ( -1.4 L  -1.1) LCB -103.13c P  2.30% WF 2062.0 PSV     153 N     417  --  H2 C7 H8 F4 pass
H3  : T -101.30c W -99.94c S  -1.20c ( -1.4 L  -1.1) LCB -103.08c P  1.63% WF 2009.6 PSV     111 N     403  --  H3 C7 H8 F4 C2 J3 pass
J2  : T -101.31c W -99.93c S  -1.25c ( -1.4 L  -1.1) LCB -103.10c P  1.36% WF 1942.8 PSV      92 N     388  --  J2 C7 C2 F4 pass J1
H1  : T -101.36c W -99.93c S  -1.26c ( -1.4 L  -1.1) LCB -103.14c P  1.35% WF 2156.8 PSV      89 N     427  --  H1 B7 H3 J3 C3
J3  : T -101.05c W -99.94c S  -1.10c ( -1.4 L  -1.0) LCB -103.05c P  1.04% WF 887.5 PSV      82 N     180  --  J3 C7 C2 H3 H8

2024-06-26 20:19:50-0400: = C2
2024-06-26 20:19:53-0400: Controller: kata-list_time_settings
2024-06-26 20:19:53-0400: = none absolute byoyomi canadian fischer fischer-capped
2024-06-26 20:19:53-0400: Controller: play black c7
2024-06-26 20:19:53-0400: = 
2024-06-26 20:19:53-0400: Controller: genmove white
2024-06-26 20:19:54-0400: MoveNum: 51 HASH: 657E6735247F1FD4B57739A2101251AE
   A B C D E F G H J
 9 . X O O O . . O .
 8 . X X X O O . @ .
 7 . . X3. X O O O O
 6 X X X X X X O X O
 5 X O O O X1X X X X
 4 O . O X X . . . .
 3 O O . O O X . . .
 2 . O O2O X X . . .
 1 . . . O X . . . .

koPOSITIONALscoreAREAtaxNONEsui1komi5.5
Time taken: 1.031
Root visits: 3261
New playouts: 1980
NN rows: 673
NN batches: 53
NN avg batch size: 12.6981
PV: H8 F4 pass pass
Tree:
: T -101.37c W -99.98c S  -1.36c ( -1.5 L  -1.3) N    3261  --  H8 F4 pass pass
---White(^)---
H8  : T -101.29c W -99.98c S  -1.28c ( -1.5 L  -1.3) LCB -101.36c P 37.01% WF 11261.8 PSV   22720 N    1789  --  H8 F4 pass pass
pss : T -101.45c W -99.98c S  -1.45c ( -1.5 L  -1.4) LCB -101.55c P 30.03% WF 5920.2 PSV    5302 N     891  --  pass pass
H2  : T -101.20c W -99.96c S  -1.22c ( -1.5 L  -1.1) LCB -103.28c P  2.83% WF 412.7 PSV     110 N      83  --  H2 F4 H8 J2 pass H1 pass
J2  : T -101.10c W -99.95c S  -1.09c ( -1.4 L  -1.0) LCB -103.17c P  2.07% WF 371.4 PSV      85 N      73  --  J2 F4 H8 J1 pass J3 pass
H3  : T -101.19c W -99.97c S  -1.16c ( -1.4 L  -1.1) LCB -103.17c P  2.11% WF 506.6 PSV      82 N     100  --  H3 J3 H8 F4 pass H4 pass
H1  : T -101.28c W -99.96c S  -1.24c ( -1.5 L  -1.1) LCB -103.45c P  1.86% WF 278.6 PSV      69 N      55  --  H1 F4 H8 J1 pass G1 pass H2
G1  : T -101.35c W -99.96c S  -1.29c ( -1.5 L  -1.1) LCB -103.73c P  1.45% WF 227.0 PSV      51 N      44  --  G1 F4 H8 G2 pass F1 pass
G2  : T -101.33c W -99.97c S  -1.30c ( -1.5 L  -1.1) LCB -103.52c P  1.28% WF 253.4 PSV      46 N      49  --  G2 F4 H8 G3 pass H2 pass G1
J3  : T -101.93c W -99.95c S  -1.78c ( -1.6 L  -1.1) LCB -105.52c P  1.54% WF  90.4 PSV      41 N      17  --  J3 F4 pass J4 pass
G3  : T -101.83c W -99.96c S  -1.58c ( -1.6 L  -1.1) LCB -111.13c P  1.23% WF  41.7 PSV      34 N       8  --  G3 G4 H8

2024-06-26 20:19:54-0400: = H8
2024-06-26 20:19:56-0400: Controller: kata-list_time_settings
2024-06-26 20:19:56-0400: = none absolute byoyomi canadian fischer fischer-capped
2024-06-26 20:19:56-0400: Controller: play black pass
2024-06-26 20:19:56-0400: = 
2024-06-26 20:19:56-0400: Controller: genmove white
2024-06-26 20:19:56-0400: MoveNum: 53 HASH: 87705F0B89EEBFB475073E5332DE59D9
   A B C D E F G H J
 9 . X O O O . . O .
 8 . X X X O O . O2.
 7 . . X1. X O O O O
 6 X X X X X X O X O
 5 X O O O X X X X X
 4 O . O X X . . . .
 3 O O . O O X . . .
 2 . O O O X X . . .
 1 . . . O X . . . .

koPOSITIONALscoreAREAtaxNONEsui1komi5.5
Time taken: 0.515
Root visits: 5184
New playouts: 5184
NN rows: 172
NN batches: 41
NN avg batch size: 4.19512
PV: pass pass
Tree:
: T -102.50c W -99.99c S  -2.53c ( -1.5 L  -1.3) N    5184  --  pass pass
---White(^)---
pss : T -102.53c W -99.99c S  -2.55c ( -1.5 L  -1.4) LCB -102.56c P 57.17% WF 30853.8 PSV   30864 N    4561  --  pass pass
H2  : T -102.00c W -99.96c S  -2.17c ( -1.4 L  -1.1) LCB -103.78c P  9.48% WF 966.0 PSV     717 N     196  --  H2 F4 pass G2 pass H1 pass G1
H3  : T -102.09c W -99.97c S  -2.22c ( -1.4 L  -1.1) LCB -103.98c P  3.62% WF 448.9 PSV     253 N      88  --  H3 F4 pass J3 pass H4 pass G3
J2  : T -102.17c W -99.96c S  -2.27c ( -1.4 L  -1.0) LCB -104.15c P  3.79% WF 300.4 PSV     251 N      59  --  J2 F4 pass H2 pass J1 pass H1
H1  : T -102.11c W -99.96c S  -2.07c ( -1.3 L  -1.0) LCB -104.24c P  2.83% WF 199.7 PSV     194 N      39  --  H1 F4 pass J1 pass G1 pass G2
G1  : T -102.35c W -99.96c S  -2.56c ( -1.5 L  -1.1) LCB -104.83c P  2.15% WF 163.5 PSV     125 N      31  --  G1 F4 pass F1 pass G2 pass H1
J3  : T -102.54c W -99.97c S  -2.54c ( -1.5 L  -1.1) LCB -105.22c P  2.01% WF 108.9 PSV     104 N      21  --  J3 F4 pass J4 pass H3 pass J2
G3  : T -102.36c W -99.97c S  -2.42c ( -1.4 L  -1.1) LCB -105.73c P  1.43% WF  88.4 PSV      83 N      17  --  G3 F4 pass G2 pass G4 pass H3
G2  : T -102.34c W -99.97c S  -2.38c ( -1.4 L  -1.0) LCB -106.17c P  1.29% WF  78.5 PSV      75 N      15  --  G2 F4 pass G1 pass G3 pass H2
J1  : T -102.52c W -99.97c S  -2.63c ( -1.5 L  -1.1) LCB -106.73c P  1.20% WF  65.1 PSV      63 N      12  --  J1 F4 pass H1 pass J2 pass J1

2024-06-26 20:19:56-0400: = pass
2024-06-26 20:19:59-0400: Controller: quit
2024-06-26 20:19:59-0400: Quit requested by controller
2024-06-26 20:19:59-0400: = 
2024-06-26 20:19:59-0400: GPU -1 finishing, processed 57863 rows 2565 batches
2024-06-26 20:19:59-0400: All cleaned up, quitting
