2024-05-26 15:38:01-0400: Running with following config:
allowResignation = true
lagBuffer = 1.0
logAllGTPCommunication = true
logDir = gtp_logs
logSearchInfo = true
logSearchInfoForChosenMove = false
logToStderr = false
maxTime = 0.5
maxTimePondering = 120.0
numSearchThreads = 16
ogsChatToStderr = true
ponderingEnabled = true
resignConsecTurns = 3
resignThreshold = -0.90
rules = tromp-taylor
searchFactorAfterOnePass = 0.50
searchFactorAfterTwoPass = 0.25
searchFactorWhenWinning = 0.40
searchFactorWhenWinningThreshold = 0.95

2024-05-26 15:38:01-0400: GTP Engine starting...
2024-05-26 15:38:01-0400: KataGo v1.14.1
2024-05-26 15:38:01-0400: Using TrompTaylor rules initially, unless GTP/GUI overrides this
2024-05-26 15:38:01-0400: Using 16 CPU thread(s) for search
2024-05-26 15:38:01-0400: nnRandSeed0 = 11235064631125690122
2024-05-26 15:38:01-0400: After dedups: nnModelFile0 = C:/Users/chang/Downloads/kata1-b60c320-s9482697216-d3873382264.bin.gz useFP16 auto useNHWC auto
2024-05-26 15:38:01-0400: Initializing neural net buffer to be size 19 * 19 exactly
2024-05-26 15:38:10-0400: Found OpenCL Platform 0: NVIDIA CUDA (NVIDIA Corporation) (OpenCL 3.0 CUDA 12.4.89)
2024-05-26 15:38:10-0400: Found 1 device(s) on platform 0 with type CPU or GPU or Accelerator
2024-05-26 15:38:10-0400: Found OpenCL Platform 1: Intel(R) OpenCL Graphics (Intel(R) Corporation) (OpenCL 3.0 )
2024-05-26 15:38:10-0400: Found 1 device(s) on platform 1 with type CPU or GPU or Accelerator
2024-05-26 15:38:10-0400: Found OpenCL Device 0: NVIDIA GeForce RTX 4060 Laptop GPU (NVIDIA Corporation) (score 11000300)
2024-05-26 15:38:10-0400: Found OpenCL Device 1: Intel(R) UHD Graphics (Intel(R) Corporation) (score 6000300)
2024-05-26 15:38:10-0400: Creating context for OpenCL Platform: NVIDIA CUDA (NVIDIA Corporation) (OpenCL 3.0 CUDA 12.4.89)
2024-05-26 15:38:10-0400: Using OpenCL Device 0: NVIDIA GeForce RTX 4060 Laptop GPU (NVIDIA Corporation) OpenCL 3.0 CUDA (Extensions: cl_khr_global_int32_base_atomics cl_khr_global_int32_extended_atomics cl_khr_local_int32_base_atomics cl_khr_local_int32_extended_atomics cl_khr_fp64 cl_khr_3d_image_writes cl_khr_byte_addressable_store cl_khr_icd cl_khr_gl_sharing cl_nv_compiler_options cl_nv_device_attribute_query cl_nv_pragma_unroll cl_nv_d3d10_sharing cl_khr_d3d10_sharing cl_nv_d3d11_sharing cl_nv_copy_opts cl_nv_create_buffer cl_khr_int64_base_atomics cl_khr_int64_extended_atomics cl_khr_device_uuid cl_khr_pci_bus_info cl_khr_external_semaphore cl_khr_external_memory cl_khr_external_semaphore_win32 cl_khr_external_memory_win32)
2024-05-26 15:38:10-0400: Loaded tuning parameters from: C:\Users\chang\Downloads\katago-v1.14.1-opencl-windows-x64/KataGoData/opencltuning/tune11_gpuNVIDIAGeForceRTX4060LaptopGPU_x19_y19_c320_mv10.txt
2024-05-26 15:38:11-0400: OpenCL backend thread 0: Model version 10
2024-05-26 15:38:11-0400: OpenCL backend thread 0: Model name: kata1-b60c320-s9482697216-d3873382264
2024-05-26 15:38:23-0400: OpenCL backend thread 0: FP16Storage true FP16Compute false FP16TensorCores true FP16TensorCoresFor1x1 false
2024-05-26 15:38:23-0400: Loaded neural net with nnXLen 19 nnYLen 19
2024-05-26 15:38:23-0400: Initializing board with boardXSize 19 boardYSize 19
2024-05-26 15:38:23-0400: Loaded config C:/Users/chang/Downloads/katago-v1.14.1-opencl-windows-x64/doudoubot.cfg
2024-05-26 15:38:23-0400: Loaded model C:/Users/chang/Downloads/kata1-b60c320-s9482697216-d3873382264.bin.gz
2024-05-26 15:38:23-0400: Model name: kata1-b60c320-s9482697216-d3873382264
2024-05-26 15:38:23-0400: GTP ready, beginning main protocol loop
2024-05-26 15:38:23-0400: Controller: list_commands
2024-05-26 15:38:23-0400: = protocol_version
name
version
known_command
list_commands
quit
boardsize
rectangular_boardsize
clear_board
set_position
komi
get_komi
play
undo
kata-get-rules
kata-set-rule
kata-set-rules
kata-get-param
kata-set-param
kata-list-params
kgs-rules
genmove
genmove_debug
search_debug
clear_cache
showboard
fixed_handicap
place_free_handicap
set_free_handicap
time_settings
kgs-time_settings
time_left
kata-list_time_settings
kata-time_settings
final_score
final_status_list
loadsgf
printsgf
lz-genmove_analyze
kata-genmove_analyze
lz-analyze
kata-analyze
kata-raw-nn
cputime
gomill-cpu_time
kata-benchmark
kata-debug-print-tc
debug_moves
stop
2024-05-26 15:38:23-0400: Controller: boardsize 9
2024-05-26 15:38:23-0400: GPU -1 finishing, processed 0 rows 0 batches
2024-05-26 15:38:23-0400: Cleaned up old neural net and bot
2024-05-26 15:38:23-0400: nnRandSeed0 = 17928635939552660980
2024-05-26 15:38:23-0400: After dedups: nnModelFile0 = C:/Users/chang/Downloads/kata1-b60c320-s9482697216-d3873382264.bin.gz useFP16 auto useNHWC auto
2024-05-26 15:38:23-0400: Initializing neural net buffer to be size 9 * 9 exactly
2024-05-26 15:38:37-0400: Found OpenCL Platform 0: NVIDIA CUDA (NVIDIA Corporation) (OpenCL 3.0 CUDA 12.4.89)
2024-05-26 15:38:37-0400: Found 1 device(s) on platform 0 with type CPU or GPU or Accelerator
2024-05-26 15:38:37-0400: Found OpenCL Platform 1: Intel(R) OpenCL Graphics (Intel(R) Corporation) (OpenCL 3.0 )
2024-05-26 15:38:37-0400: Found 1 device(s) on platform 1 with type CPU or GPU or Accelerator
2024-05-26 15:38:37-0400: Found OpenCL Device 0: NVIDIA GeForce RTX 4060 Laptop GPU (NVIDIA Corporation) (score 11000300)
2024-05-26 15:38:37-0400: Found OpenCL Device 1: Intel(R) UHD Graphics (Intel(R) Corporation) (score 6000300)
2024-05-26 15:38:37-0400: Creating context for OpenCL Platform: NVIDIA CUDA (NVIDIA Corporation) (OpenCL 3.0 CUDA 12.4.89)
2024-05-26 15:38:37-0400: Using OpenCL Device 0: NVIDIA GeForce RTX 4060 Laptop GPU (NVIDIA Corporation) OpenCL 3.0 CUDA (Extensions: cl_khr_global_int32_base_atomics cl_khr_global_int32_extended_atomics cl_khr_local_int32_base_atomics cl_khr_local_int32_extended_atomics cl_khr_fp64 cl_khr_3d_image_writes cl_khr_byte_addressable_store cl_khr_icd cl_khr_gl_sharing cl_nv_compiler_options cl_nv_device_attribute_query cl_nv_pragma_unroll cl_nv_d3d10_sharing cl_khr_d3d10_sharing cl_nv_d3d11_sharing cl_nv_copy_opts cl_nv_create_buffer cl_khr_int64_base_atomics cl_khr_int64_extended_atomics cl_khr_device_uuid cl_khr_pci_bus_info cl_khr_external_semaphore cl_khr_external_memory cl_khr_external_semaphore_win32 cl_khr_external_memory_win32)
2024-05-26 15:38:37-0400: Loaded tuning parameters from: C:\Users\chang\Downloads\katago-v1.14.1-opencl-windows-x64/KataGoData/opencltuning/tune11_gpuNVIDIAGeForceRTX4060LaptopGPU_x19_y19_c320_mv10.txt
2024-05-26 15:38:37-0400: OpenCL backend thread 0: Model version 10
2024-05-26 15:38:37-0400: OpenCL backend thread 0: Model name: kata1-b60c320-s9482697216-d3873382264
2024-05-26 15:38:49-0400: OpenCL backend thread 0: FP16Storage true FP16Compute false FP16TensorCores true FP16TensorCoresFor1x1 false
2024-05-26 15:38:49-0400: Loaded neural net with nnXLen 9 nnYLen 9
2024-05-26 15:38:49-0400: Initializing board with boardXSize 9 boardYSize 9
2024-05-26 15:38:49-0400: = 
2024-05-26 15:38:49-0400: Controller: clear_board
2024-05-26 15:38:49-0400: = 
2024-05-26 15:38:49-0400: Controller: komi 7.5
2024-05-26 15:38:49-0400: = 
2024-05-26 15:38:49-0400: Controller: genmove black
2024-05-26 15:38:50-0400: MoveNum: 0 HASH: 9F0B2D702FC8448C75410E097F089AEB
   A B C D E F G H J
 9 . . . . . . . . .
 8 . . . . . . . . .
 7 . . . . . . . . .
 6 . . . . . . . . .
 5 . . . . . @ . . .
 4 . . . . . . . . .
 3 . . . . . . . . .
 2 . . . . . . . . .
 1 . . . . . . . . .

koPOSITIONALscoreAREAtaxNONEsui1komi7.5
Time taken: 0.609
Root visits: 17
New playouts: 17
NN rows: 17
NN batches: 3
NN avg batch size: 5.66667
PV: E5
Tree:
: T -101.04c W -95.05c S  -6.26c ( -4.2 L  -4.0) N      17  --  E5
---Black(^)---
E5  : T -91.31c W -90.68c S  -0.63c ( -1.6 L  -1.0) LCB -441.31c P 16.34% WF   2.2 PSV       3 N       1  --  E5
F5  : T -91.91c W -91.51c S  -0.40c ( -1.5 L  -1.0) LCB -441.91c P 17.75% WF   2.3 PSV       2 N       1  --  F5
G5  : T -93.09c W -92.32c S  -0.78c ( -1.7 L  -1.1) LCB -443.09c P  1.61% WF   2.2 PSV       0 N       1  --  G5
F6  : T -93.26c W -93.42c S   0.16c ( -1.3 L  -0.9) LCB -443.26c P  0.89% WF   2.3 PSV       0 N       1  --  F6
G6  : T -92.76c W -92.26c S  -0.49c ( -1.6 L  -1.0) LCB -442.76c P  0.65% WF   2.6 PSV       0 N       1  --  G6
G7  : T -97.72c W -94.94c S  -2.78c ( -2.5 L  -2.2) LCB -447.72c P  0.16% WF   1.7 PSV       0 N       1  --  G7
H5  : T -99.63c W -95.66c S  -3.96c ( -3.0 L  -2.9) LCB -449.63c P  0.05% WF   1.3 PSV       0 N       1  --  H5
H6  : T -102.92c W -97.08c S  -5.84c ( -3.8 L  -3.8) LCB -452.92c P  0.02% WF   1.3 PSV       0 N       1  --  H6
H7  : T -106.23c W -98.53c S  -7.70c ( -4.5 L  -4.8) LCB -456.23c P  0.01% WF   1.1 PSV       0 N       1  --  H7
J6  : T -115.28c W -99.68c S -15.60c ( -8.5 L  -9.0) LCB -465.28c P  0.01% WF   0.9 PSV       0 N       1  --  J6

2024-05-26 15:38:50-0400: = F5
2024-05-26 15:39:02-0400: Controller: kata-list_time_settings
2024-05-26 15:39:02-0400: = none absolute byoyomi canadian fischer fischer-capped
2024-05-26 15:39:02-0400: Controller: play white d5
2024-05-26 15:39:02-0400: = 
2024-05-26 15:39:02-0400: Controller: genmove black
2024-05-26 15:39:02-0400: MoveNum: 2 HASH: 8CCBD4818C66C9D6E0464ECFDA815CE1
   A B C D E F G H J
 9 . . . . . . . . .
 8 . . . . . . . . .
 7 . . @ . . . . . .
 6 . . . . . . . . .
 5 . . . O2. X1. . .
 4 . . . . . . . . .
 3 . . . . . . . . .
 2 . . . . . . . . .
 1 . . . . . . . . .

koPOSITIONALscoreAREAtaxNONEsui1komi7.5
Time taken: 0.578
Root visits: 684
New playouts: 128
NN rows: 121
NN batches: 12
NN avg batch size: 10.0833
PV: C7 D7 D8 F6 E7 D6 F3 E6 E8 D3 G6 G7 H6
Tree:
: T -85.51c W -84.88c S  -1.47c ( -2.2 L  -1.4) N     684  --  C7 D7 D8 F6 E7 D6 F3
---Black(^)---
C7  : T -83.26c W -83.00c S  -1.45c ( -2.2 L  -1.5) LCB  -87.09c P  8.62% WF 637.5 PSV     625 N     461  --  C7 D7 D8 F6 E7 D6 F3 E6
E7  : T -88.27c W -87.25c S  -1.37c ( -2.2 L  -1.2) LCB  -90.89c P 30.05% WF 275.2 PSV     120 N     173  --  E7 D3 C6 C5 F3 B6 D6 B7
F7  : T -88.93c W -88.33c S  -1.48c ( -2.2 L  -1.3) LCB  -93.96c P  1.37% WF  39.8 PSV       4 N      22  --  F7 D3 F3 D7 B5 C5 C7 C6
E6  : T -90.66c W -89.00c S  -1.36c ( -2.2 L  -1.3) LCB -119.15c P  1.80% WF  10.2 PSV       4 N       5  --  E6 D6 E3
D7  : T -93.26c W -90.27c S  -1.83c ( -2.4 L  -1.5) LCB -122.07c P  0.49% WF   9.8 PSV       1 N       5  --  D7 E6 G7
E5  : T -97.29c W -94.01c S  -3.07c ( -2.9 L  -1.8) LCB -112.09c P  0.38% WF  14.4 PSV       0 N       7  --  E5 D4 D6 C6
D6  : T -93.83c W -91.50c S  -1.94c ( -2.4 L  -1.4) LCB -113.59c P  0.36% WF  13.2 PSV       0 N       6  --  D6 C6 D7 C7 C5
B5  : T -97.66c W -93.64c S  -3.12c ( -3.0 L  -2.0) LCB -247.68c P  0.24% WF   4.1 PSV       0 N       2  --  B5 D7
C5  : T -100.13c W -94.92c S  -3.46c ( -3.1 L  -1.9) LCB -253.13c P  0.15% WF   4.8 PSV       0 N       2  --  C5 C6

2024-05-26 15:39:02-0400: = C7
2024-05-26 15:39:05-0400: Controller: kata-list_time_settings
2024-05-26 15:39:05-0400: = none absolute byoyomi canadian fischer fischer-capped
2024-05-26 15:39:05-0400: Controller: play white d7
2024-05-26 15:39:05-0400: = 
2024-05-26 15:39:05-0400: Controller: genmove black
2024-05-26 15:39:05-0400: MoveNum: 4 HASH: 29796E429D8EDCBEF03E8ED0B90B913E
   A B C D E F G H J
 9 . . . . . . . . .
 8 . . . @ . . . . .
 7 . . X2O3. . . . .
 6 . . . . . . . . .
 5 . . . O1. X . . .
 4 . . . . . . . . .
 3 . . . . . . . . .
 2 . . . . . . . . .
 1 . . . . . . . . .

koPOSITIONALscoreAREAtaxNONEsui1komi7.5
Time taken: 0.703
Root visits: 1239
New playouts: 349
NN rows: 126
NN batches: 15
NN avg batch size: 8.4
PV: E7 D8 D6 E6 C6 E5 E8 F6 F3 E2
Tree:
: T -82.81c W -82.60c S  -1.53c ( -2.3 L  -1.7) N    1239  --  E7 D8 D6 E6 C6 E5 E8
---Black(^)---
E7  : T -77.46c W -78.61c S  -1.11c ( -2.2 L  -1.5) LCB  -83.28c P 20.06% WF 455.6 PSV    3787 N     365  --  E7 D8 D6 E6 C6 E5 E8 F6
D8  : T -84.68c W -83.98c S  -1.65c ( -2.4 L  -1.7) LCB  -88.00c P 62.40% WF 1042.8 PSV    1064 N     858  --  D8 E7 E8 G6 G5 H6 E5 F7
D4  : T -98.90c W -95.21c S  -4.56c ( -3.6 L  -2.9) LCB -120.39c P  6.35% WF  11.9 PSV      13 N       6  --  D4 C4 E4 C6
C4  : T -99.46c W -95.08c S  -4.14c ( -3.5 L  -2.7) LCB -174.43c P  3.61% WF   5.5 PSV       6 N       3  --  C4 D4
F7  : T -99.48c W -95.20c S  -4.27c ( -3.4 L  -3.2) LCB -449.48c P  1.45% WF   2.1 PSV       3 N       1  --  F7
E3  : T -96.15c W -94.03c S  -2.12c ( -2.6 L  -1.7) LCB -446.15c P  0.97% WF   2.1 PSV       2 N       1  --  E3
C6  : T -94.21c W -92.27c S  -1.94c ( -2.5 L  -1.7) LCB -444.21c P  0.94% WF   1.6 PSV       2 N       1  --  C6
F3  : T -97.25c W -94.75c S  -2.49c ( -2.7 L  -2.3) LCB -447.25c P  0.77% WF   1.9 PSV       1 N       1  --  F3
E4  : T -98.75c W -94.99c S  -3.76c ( -3.2 L  -2.6) LCB -448.75c P  0.68% WF   2.1 PSV       1 N       1  --  E4
D6  : T -98.14c W -93.72c S  -4.42c ( -3.4 L  -2.2) LCB -448.14c P  0.66% WF   2.6 PSV       1 N       1  --  D6

2024-05-26 15:39:05-0400: = D8
2024-05-26 15:39:08-0400: Controller: kata-list_time_settings
2024-05-26 15:39:08-0400: = none absolute byoyomi canadian fischer fischer-capped
2024-05-26 15:39:08-0400: Controller: play white f6
2024-05-26 15:39:08-0400: = 
2024-05-26 15:39:08-0400: Controller: genmove black
2024-05-26 15:39:08-0400: MoveNum: 6 HASH: 93B61F79F6CA848A18BF2542DEB11926
   A B C D E F G H J
 9 . . . . . . . . .
 8 . . . X2. . . . .
 7 . . X O1@ . . . .
 6 . . . . . O3. . .
 5 . . . O . X . . .
 4 . . . . . . . . .
 3 . . . . . . . . .
 2 . . . . . . . . .
 1 . . . . . . . . .

koPOSITIONALscoreAREAtaxNONEsui1komi7.5
Time taken: 0.562
Root visits: 469
New playouts: 161
NN rows: 122
NN batches: 13
NN avg batch size: 9.38462
PV: E7 D6 F3 E6 E8 D3 G6 G7 H6 F7 B5 B6 C6 C5 B7
Tree:
: T -79.79c W -79.69c S  -1.19c ( -2.0 L  -1.3) N     469  --  E7 D6 F3 E6 E8 D3 G6
---Black(^)---
E7  : T -74.66c W -75.64c S  -0.57c ( -1.7 L  -1.1) LCB  -80.84c P 17.84% WF 371.5 PSV     358 N     324  --  E7 D6 F3 E6 E8 D3 G6 G7
G6  : T -92.49c W -89.10c S  -2.81c ( -2.7 L  -2.0) LCB -101.56c P 25.67% WF  51.8 PSV      26 N      38  --  G6 F7 D6 E6 C6 E5 F4 C5
G5  : T -91.37c W -89.44c S  -2.10c ( -2.4 L  -1.6) LCB  -96.66c P 21.31% WF  44.8 PSV      23 N      31  --  G5 E6 E8 E3 F2
E6  : T -96.93c W -92.20c S  -3.70c ( -3.1 L  -2.6) LCB -109.43c P 20.18% WF  17.0 PSV      16 N      12  --  E6 D6 E7 E5 F7 F4 G6
D6  : T -83.67c W -82.71c S  -1.92c ( -2.3 L  -1.6) LCB  -98.56c P  3.83% WF  57.5 PSV       7 N      54  --  D6 E5 E6 F4 G5 G4 H4 H3
F3  : T -92.39c W -92.62c S  -2.80c ( -2.7 L  -1.9) LCB -114.22c P  6.59% WF   9.2 PSV       6 N       6  --  F3 G5 G4 E5
G4  : T -97.94c W -94.04c S  -3.91c ( -3.2 L  -2.6) LCB -447.94c P  0.88% WF   1.8 PSV       0 N       1  --  G4
E4  : T -98.10c W -94.58c S  -3.52c ( -3.0 L  -2.4) LCB -448.10c P  0.86% WF   1.8 PSV       0 N       1  --  E4
F4  : T -96.76c W -93.05c S  -3.71c ( -3.1 L  -2.7) LCB -446.76c P  0.86% WF   1.6 PSV       0 N       1  --  F4

2024-05-26 15:39:08-0400: = E7
2024-05-26 15:39:11-0400: Controller: kata-list_time_settings
2024-05-26 15:39:11-0400: = none absolute byoyomi canadian fischer fischer-capped
2024-05-26 15:39:11-0400: Controller: play white e6
2024-05-26 15:39:11-0400: = 
2024-05-26 15:39:11-0400: Controller: genmove black
2024-05-26 15:39:12-0400: MoveNum: 8 HASH: D461E8CB11AED00F3FDF0E37724C3FD1
   A B C D E F G H J
 9 . . . . . . . . .
 8 . . . X . . . . .
 7 . . X O X2. . . .
 6 . . . @ O3O1. . .
 5 . . . O . X . . .
 4 . . . . . . . . .
 3 . . . . . . . . .
 2 . . . . . . . . .
 1 . . . . . . . . .

koPOSITIONALscoreAREAtaxNONEsui1komi7.5
Time taken: 0.641
Root visits: 451
New playouts: 170
NN rows: 148
NN batches: 15
NN avg batch size: 9.86667
PV: D6 E5 E3 D3 F4 D2 C5 C4 G6 F7 B5 E8
Tree:
: T -77.03c W -76.03c S  -1.09c ( -1.6 L  -1.0) N     451  --  D6 E5 E3 D3 F4 D2 C5
---Black(^)---
D6  : T -75.14c W -74.23c S  -0.83c ( -1.5 L  -0.9) LCB  -80.77c P 52.66% WF 397.0 PSV     392 N     379  --  D6 E5 E3 D3 F4 D2 C5 C4
F3  : T -82.06c W -81.41c S  -1.74c ( -1.9 L  -1.2) LCB  -91.64c P 25.89% WF  67.7 PSV      48 N      60  --  F3 F7 D6 C6 D7 E5 C5 C4
E3  : T -96.86c W -93.21c S  -3.87c ( -2.8 L  -2.0) LCB -113.64c P 13.90% WF  11.3 PSV      10 N       7  --  E3 D6 F8 B7
G5  : T -101.53c W -96.56c S  -4.97c ( -3.2 L  -2.6) LCB -451.53c P  2.66% WF   2.0 PSV       1 N       1  --  G5
D3  : T -100.90c W -95.26c S  -5.65c ( -3.6 L  -3.2) LCB -450.90c P  2.05% WF   1.6 PSV       1 N       1  --  D3
G6  : T -99.50c W -95.12c S  -4.38c ( -3.0 L  -2.3) LCB -449.50c P  0.75% WF   1.5 PSV       0 N       1  --  G6
F7  : T -97.94c W -93.53c S  -4.41c ( -2.9 L  -3.2) LCB -447.94c P  0.52% WF   1.8 PSV       0 N       1  --  F7

2024-05-26 15:39:12-0400: = D6
2024-05-26 15:39:14-0400: Controller: kata-list_time_settings
2024-05-26 15:39:14-0400: = none absolute byoyomi canadian fischer fischer-capped
2024-05-26 15:39:14-0400: Controller: play white c6
2024-05-26 15:39:14-0400: = 
2024-05-26 15:39:14-0400: Controller: genmove black
2024-05-26 15:39:15-0400: MoveNum: 10 HASH: 01F34D0116066C8DAD2ACEB041DCD320
   A B C D E F G H J
 9 . . . . . . . . .
 8 . . . X . . . . .
 7 . . X . X . . . .
 6 . @ O3X2O1O . . .
 5 . . . O . X . . .
 4 . . . . . . . . .
 3 . . . . . . . . .
 2 . . . . . . . . .
 1 . . . . . . . . .

koPOSITIONALscoreAREAtaxNONEsui1komi7.5
Time taken: 0.578
Root visits: 638
New playouts: 136
NN rows: 119
NN batches: 12
NN avg batch size: 9.91667
PV: B6 D7 F3 F7 D6 C5 G5 D7 B8 E8 B5 C3 B4 H6 H5 E2 F2 H7
Tree:
: T -81.22c W -78.57c S  -1.44c ( -1.6 L  -1.2) N     638  --  B6 D7 F3 F7 D6 C5 G5
---Black(^)---
B6  : T -79.57c W -77.05c S  -1.15c ( -1.5 L  -1.1) LCB  -84.67c P 48.68% WF 601.7 PSV     596 N     575  --  B6 D7 F3 F7 D6 C5 G5 D7
F3  : T -90.72c W -87.81c S  -2.64c ( -2.2 L  -1.5) LCB -102.64c P 27.71% WF  49.9 PSV      49 N      41  --  F3 F7 D7 E5 C5 C4 B6 G5
E3  : T -92.32c W -89.95c S  -3.55c ( -2.6 L  -1.9) LCB -108.58c P  9.88% WF  15.3 PSV      15 N      11  --  E3 F7 D7 E5 F4
G5  : T -98.82c W -93.77c S  -4.82c ( -3.1 L  -2.3) LCB -248.87c P  2.76% WF   3.5 PSV       3 N       2  --  G5 D7
F7  : T -105.49c W -96.86c S  -6.72c ( -3.9 L  -4.1) LCB -265.23c P  3.36% WF   4.2 PSV       2 N       2  --  F7 G6
C5  : T -98.65c W -93.26c S  -5.39c ( -3.4 L  -5.3) LCB -448.65c P  1.89% WF   1.6 PSV       2 N       1  --  C5
D7  : T -99.98c W -94.27c S  -5.70c ( -3.4 L  -3.6) LCB -449.98c P  1.47% WF   1.7 PSV       1 N       1  --  D7
D3  : T -98.67c W -93.76c S  -4.91c ( -3.2 L  -2.4) LCB -448.67c P  1.14% WF   1.5 PSV       1 N       1  --  D3
G6  : T -99.70c W -92.72c S  -4.79c ( -3.2 L  -2.6) LCB -259.22c P  0.78% WF   2.7 PSV       0 N       2  --  G6 F7
E5  : T -101.78c W -94.62c S  -7.16c ( -4.3 L  -4.9) LCB -451.78c P  0.47% WF   1.7 PSV       0 N       1  --  E5

2024-05-26 15:39:15-0400: = B6
2024-05-26 15:39:17-0400: Controller: kata-list_time_settings
2024-05-26 15:39:17-0400: = none absolute byoyomi canadian fischer fischer-capped
2024-05-26 15:39:17-0400: Controller: play white d7
2024-05-26 15:39:17-0400: = 
2024-05-26 15:39:17-0400: Controller: genmove black
2024-05-26 15:39:18-0400: MoveNum: 12 HASH: 2B41F78E6984AFCD7E6BFF787E882DD2
   A B C D E F G H J
 9 . . . . . . . . .
 8 . . . X . . . . .
 7 . . X O3X . . . .
 6 . X2O1. O O . . .
 5 . . . O . X . . .
 4 . . . . . . . . .
 3 . . . . . @ . . .
 2 . . . . . . . . .
 1 . . . . . . . . .

koPOSITIONALscoreAREAtaxNONEsui1komi7.5
Time taken: 0.594
Root visits: 1499
New playouts: 210
NN rows: 131
NN batches: 13
NN avg batch size: 10.0769
PV: F3 F7 D6 C5 D7 E5 D3 G5 F8 G8 G9 G3 G2 H2 G4 H3 F4 H4 G6
Tree:
: T -71.27c W -71.77c S  -0.89c ( -1.4 L  -1.0) N    1499  --  F3 F7 D6 C5 D7 E5 D3
---Black(^)---
F3  : T -68.11c W -69.45c S  -0.51c ( -1.2 L  -0.8) LCB  -72.66c P 53.02% WF 1081.3 PSV    1051 N    1236  --  F3 F7 D6 C5 D7 E5 D3 G5
G5  : T -86.84c W -83.90c S  -3.00c ( -2.3 L  -1.7) LCB -101.14c P 19.44% WF  41.4 PSV      42 N      40  --  G5 D6 B8 E3 E4 D3 B5 G6
E3  : T -80.09c W -77.71c S  -1.86c ( -1.8 L  -1.3) LCB  -90.50c P  8.34% WF 144.0 PSV      26 N     157  --  E3 F7 D6 C5 D7 E5 F4 B5
G6  : T -92.88c W -88.55c S  -3.41c ( -2.4 L  -1.8) LCB -103.22c P 10.38% WF  48.6 PSV      17 N      43  --  G6 F7 D6 C5 F3 D7 B8 E8
E4  : T -83.35c W -80.26c S  -2.07c ( -1.9 L  -1.1) LCB -101.62c P  3.34% WF  11.6 PSV       8 N      10  --  E4 F7 D6 C5 G5 D7
G4  : T -82.56c W -79.81c S  -1.65c ( -1.7 L  -1.0) LCB -131.06c P  1.17% WF   4.3 PSV       3 N       4  --  G4 D6 B8
G3  : T -92.00c W -87.85c S  -2.29c ( -2.0 L  -1.3) LCB -169.41c P  0.72% WF   3.6 PSV       1 N       3  --  G3 D6 B8
F7  : T -101.77c W -94.06c S  -5.12c ( -3.2 L  -3.0) LCB -285.21c P  1.19% WF   2.9 PSV       1 N       2  --  F7 G6
D3  : T -88.35c W -84.56c S  -2.79c ( -2.2 L  -1.4) LCB -242.05c P  0.58% WF   2.4 PSV       1 N       2  --  D3 D6
B5  : T -100.77c W -95.03c S  -5.74c ( -3.4 L  -3.1) LCB -450.77c P  0.33% WF   1.7 PSV       0 N       1  --  B5

2024-05-26 15:39:18-0400: = F3
2024-05-26 15:39:20-0400: Controller: kata-list_time_settings
2024-05-26 15:39:20-0400: = none absolute byoyomi canadian fischer fischer-capped
2024-05-26 15:39:20-0400: Controller: play white f7
2024-05-26 15:39:21-0400: = 
2024-05-26 15:39:21-0400: Controller: genmove black
2024-05-26 15:39:21-0400: MoveNum: 14 HASH: 098DAECA32248EF4AD5C26E42EDA7DD0
   A B C D E F G H J
 9 . . . . . . . . .
 8 . . . X . . . . .
 7 . . X O1X O3. . .
 6 . X O @ O O . . .
 5 . . . O . X . . .
 4 . . . . . . . . .
 3 . . . . . X2. . .
 2 . . . . . . . . .
 1 . . . . . . . . .

koPOSITIONALscoreAREAtaxNONEsui1komi7.5
Time taken: 0.578
Root visits: 1625
New playouts: 193
NN rows: 116
NN batches: 13
NN avg batch size: 8.92308
PV: D6 C5 D7 E5 D3 G5 F8 G8 G9 G3 G2 H2 H3 G4 E2 G1 F2 H1 G7 B3 B2 C2
Tree:
: T -66.77c W -68.51c S  -0.84c ( -1.2 L  -0.9) N    1625  --  D6 C5 D7 E5 D3 G5 F8
---Black(^)---
D6  : T -66.40c W -68.21c S  -0.79c ( -1.2 L  -0.8) LCB  -70.49c P 91.02% WF 1267.1 PSV    1265 N    1617  --  D6 C5 D7 E5 D3 G5 F8 G8
G5  : T -104.25c W -97.40c S  -5.79c ( -3.1 L  -3.2) LCB -270.29c P  2.73% WF   3.7 PSV       3 N       2  --  G5 E8
E8  : T -100.13c W -96.99c S  -5.27c ( -3.0 L  -2.5) LCB -249.09c P  2.58% WF   3.4 PSV       3 N       2  --  E8 G5
B5  : T -103.57c W -96.50c S  -7.06c ( -3.6 L  -3.6) LCB -453.57c P  1.06% WF   2.0 PSV       1 N       1  --  B5
C4  : T -102.45c W -96.08c S  -6.37c ( -3.4 L  -2.9) LCB -452.45c P  0.77% WF   1.7 PSV       0 N       1  --  C4
D3  : T -102.81c W -95.96c S  -6.86c ( -3.4 L  -4.6) LCB -452.81c P  0.67% WF   2.1 PSV       0 N       1  --  D3

2024-05-26 15:39:21-0400: = D6
2024-05-26 15:39:24-0400: Controller: kata-list_time_settings
2024-05-26 15:39:24-0400: = none absolute byoyomi canadian fischer fischer-capped
2024-05-26 15:39:24-0400: Controller: play white c5
2024-05-26 15:39:24-0400: = 
2024-05-26 15:39:24-0400: Controller: genmove black
2024-05-26 15:39:24-0400: MoveNum: 16 HASH: 4E4A1BFA70D734153829F89A8A0826B6
   A B C D E F G H J
 9 . . . . . . . . .
 8 . . . X . . . . .
 7 . . X @ X O1. . .
 6 . X O X2O O . . .
 5 . . O3O . X . . .
 4 . . . . . . . . .
 3 . . . . . X . . .
 2 . . . . . . . . .
 1 . . . . . . . . .

koPOSITIONALscoreAREAtaxNONEsui1komi7.5
Time taken: 0.609
Root visits: 2759
New playouts: 252
NN rows: 133
NN batches: 13
NN avg batch size: 10.2308
PV: D7 E5 D3 G5 F8 G8 G9 H3 B3 H9 F9 H7 G2 B7 B8 C3 C2 H2
Tree:
: T -66.50c W -68.50c S  -0.97c ( -1.3 L  -1.1) N    2759  --  D7 E5 D3 G5 F8 G8 G9
---Black(^)---
D7  : T -62.88c W -65.60c S  -0.82c ( -1.3 L  -1.0) LCB  -66.71c P 21.95% WF 1793.4 PSV    1726 N    2416  --  D7 E5 D3 G5 F8 G8 G9 H3
G5  : T -82.63c W -81.42c S  -1.42c ( -1.5 L  -1.2) LCB  -89.58c P 22.56% WF 222.6 PSV      78 N     261  --  G5 D7 B8 E8 B5 C3 B4 H6
B5  : T -96.47c W -92.54c S  -3.45c ( -2.3 L  -1.7) LCB -104.08c P 21.99% WF  37.3 PSV      45 N      31  --  B5 D7 B8 G5 G4 H5 H4 D3
C3  : T -95.28c W -92.01c S  -2.78c ( -2.0 L  -1.6) LCB -105.21c P 11.62% WF  22.0 PSV      25 N      18  --  C3 D7 B8 E8 B5 G5 G4 H5
B8  : T -93.14c W -90.68c S  -2.13c ( -1.8 L  -1.3) LCB -111.58c P  8.21% WF  15.9 PSV      18 N      13  --  B8 G5 G4 H5 C3 H3 B5
D3  : T -96.85c W -91.93c S  -2.78c ( -2.0 L  -1.6) LCB -108.46c P  8.72% WF  14.7 PSV      17 N      12  --  D3 D7 B8 E8 B5 G5
H5  : T -93.15c W -87.95c S  -1.89c ( -1.7 L  -1.1) LCB -168.58c P  1.40% WF   3.3 PSV       3 N       3  --  H5 D7 B8
E8  : T -97.17c W -93.75c S  -3.80c ( -2.6 L  -2.0) LCB -246.57c P  1.53% WF   2.9 PSV       3 N       2  --  E8 B5
E5  : T -96.61c W -93.62c S  -3.00c ( -2.2 L  -4.5) LCB -446.61c P  0.80% WF   1.6 PSV       1 N       1  --  E5
G6  : T -97.58c W -94.04c S  -3.54c ( -2.4 L  -1.8) LCB -447.58c P  0.56% WF   1.4 PSV       1 N       1  --  G6

2024-05-26 15:39:24-0400: = D7
2024-05-26 15:39:27-0400: Controller: kata-list_time_settings
2024-05-26 15:39:27-0400: = none absolute byoyomi canadian fischer fischer-capped
2024-05-26 15:39:27-0400: Controller: play white e5
2024-05-26 15:39:27-0400: = 
2024-05-26 15:39:27-0400: Controller: genmove black
2024-05-26 15:39:27-0400: MoveNum: 18 HASH: A8DB7CC9C1368E6AE26A4A879F0B5F84
   A B C D E F G H J
 9 . . . . . . . . .
 8 . . . X . . . . .
 7 . . X X2X O . . .
 6 . X O X O O . . .
 5 . . O1O O3X . . .
 4 . . . . . . . . .
 3 . . . @ . X . . .
 2 . . . . . . . . .
 1 . . . . . . . . .

koPOSITIONALscoreAREAtaxNONEsui1komi7.5
Time taken: 0.609
Root visits: 3267
New playouts: 143
NN rows: 127
NN batches: 13
NN avg batch size: 9.76923
PV: D3 G5 F8 G8 G9 H9 F9 G3 G2 H3 F4 B7 B8 H2 H8 C3 C2 E2 F2 D2
Tree:
: T -67.55c W -69.56c S  -1.16c ( -1.6 L  -1.3) N    3267  --  D3 G5 F8 G8 G9 H9 F9
---Black(^)---
D3  : T -65.33c W -67.67c S  -1.03c ( -1.5 L  -1.3) LCB  -69.00c P 27.64% WF 2158.9 PSV    2109 N    2979  --  D3 G5 F8 G8 G9 H9 F9 G3
G5  : T -87.03c W -85.46c S  -2.19c ( -2.0 L  -1.6) LCB  -95.25c P 49.09% WF 142.1 PSV     172 N     159  --  G5 B5 F8 E2 F2 G8 D2 F9
B5  : T -81.69c W -82.73c S  -2.06c ( -2.0 L  -1.4) LCB  -91.77c P 17.39% WF  99.4 PSV      79 N     112  --  B5 E2 G5 F2 E3 D3 G2 G6
C3  : T -87.75c W -86.33c S  -1.94c ( -1.9 L  -1.5) LCB -108.27c P  2.48% WF   7.0 PSV       8 N       7  --  C3 B5 G5
F8  : T -101.64c W -96.35c S  -4.48c ( -2.9 L  -2.6) LCB -251.27c P  1.70% WF   3.2 PSV       3 N       2  --  F8 E2
E2  : T -101.99c W -96.46c S  -3.99c ( -2.6 L  -2.7) LCB -260.13c P  0.73% WF   3.3 PSV       1 N       2  --  E2 G4
D2  : T -99.03c W -95.77c S  -2.74c ( -2.1 L  -1.8) LCB -173.22c P  0.30% WF   4.6 PSV       0 N       3  --  D2 G5 G4
E3  : T -99.14c W -94.93c S  -4.21c ( -2.7 L  -3.3) LCB -449.14c P  0.15% WF   1.8 PSV       0 N       1  --  E3
C2  : T -97.75c W -94.50c S  -3.26c ( -2.4 L  -2.3) LCB -447.75c P  0.05% WF   1.5 PSV       0 N       1  --  C2

2024-05-26 15:39:27-0400: = D3
2024-05-26 15:39:30-0400: Controller: kata-list_time_settings
2024-05-26 15:39:30-0400: = none absolute byoyomi canadian fischer fischer-capped
2024-05-26 15:39:30-0400: Controller: play white g5
2024-05-26 15:39:30-0400: = 
2024-05-26 15:39:30-0400: Controller: genmove black
2024-05-26 15:39:30-0400: MoveNum: 20 HASH: 93C584A837B2F7D150C8FF1A1E5DD20F
   A B C D E F G H J
 9 . . . . . . . . .
 8 . . . X . @ . . .
 7 . . X X X O . . .
 6 . X O X O O . . .
 5 . . O O O1X O3. .
 4 . . . . . . . . .
 3 . . . X2. X . . .
 2 . . . . . . . . .
 1 . . . . . . . . .

koPOSITIONALscoreAREAtaxNONEsui1komi7.5
Time taken: 0.61
Root visits: 3617
New playouts: 162
NN rows: 113
NN batches: 14
NN avg batch size: 8.07143
PV: F8 G8 G9 H3 B3 H9 F9 G2 G3 H2 G4 H4 G7 E2
Tree:
: T -68.90c W -70.05c S  -1.35c ( -1.8 L  -1.6) N    3617  --  F8 G8 G9 H3 B3 H9 F9
---Black(^)---
F8  : T -66.78c W -68.18c S  -1.22c ( -1.8 L  -1.6) LCB  -70.14c P 25.45% WF 2451.5 PSV    2399 N    3451  --  F8 G8 G9 H3 B3 H9 F9 G2
G4  : T -93.18c W -92.82c S  -2.41c ( -2.2 L  -1.7) LCB  -98.41c P 43.71% WF 109.5 PSV     138 N     102  --  G4 C3 C2 F8 B5 F4
H4  : T -103.26c W -96.80c S  -6.07c ( -3.7 L  -3.5) LCB -108.96c P 16.38% WF  45.4 PSV      37 N      33  --  H4 G3 G2 G4 H3 H2
B5  : T -98.86c W -94.86c S  -2.97c ( -2.4 L  -1.9) LCB -109.13c P  6.80% WF  15.6 PSV      17 N      12  --  B5 C3 H4 G3 G4
H3  : T -90.59c W -91.36c S  -2.09c ( -2.0 L  -1.6) LCB -114.94c P  4.81% WF  14.2 PSV      16 N      12  --  H3 C3 C2 F8 B3 B5
G3  : T -92.93c W -93.26c S  -2.52c ( -2.2 L  -1.9) LCB -174.10c P  1.61% WF   3.9 PSV       5 N       3  --  G3 C3
C3  : T -96.88c W -94.85c S  -2.03c ( -2.0 L  -2.1) LCB -446.88c P  0.38% WF   1.3 PSV       1 N       1  --  C3
B3  : T -94.94c W -94.00c S  -1.50c ( -1.8 L  -1.7) LCB -249.27c P  0.31% WF   2.9 PSV       0 N       2  --  B3 G3

2024-05-26 15:39:30-0400: = F8
2024-05-26 15:39:33-0400: Controller: kata-list_time_settings
2024-05-26 15:39:33-0400: = none absolute byoyomi canadian fischer fischer-capped
2024-05-26 15:39:33-0400: Controller: play white g8
2024-05-26 15:39:33-0400: = 
2024-05-26 15:39:33-0400: Controller: genmove black
2024-05-26 15:39:34-0400: MoveNum: 22 HASH: 837EC9B45215F98A2BF4917CDC059A58
   A B C D E F G H J
 9 . . . . . . @ . .
 8 . . . X . X2O3. .
 7 . . X X X O . . .
 6 . X O X O O . . .
 5 . . O O O X O1. .
 4 . . . . . . . . .
 3 . . . X . X . . .
 2 . . . . . . . . .
 1 . . . . . . . . .

koPOSITIONALscoreAREAtaxNONEsui1komi7.5
Time taken: 0.594
Root visits: 4063
New playouts: 178
NN rows: 124
NN batches: 13
NN avg batch size: 9.53846
PV: G9 H9 F9 H3 B3 G2 H7 B4 G3 H2 F2 H6 C4 B5 G7 F1 E1
Tree:
: T -73.51c W -73.55c S  -1.48c ( -2.0 L  -1.9) N    4063  --  G9 H9 F9 H3 B3 G2 H7
---Black(^)---
G9  : T -71.94c W -71.99c S  -1.48c ( -2.1 L  -1.9) LCB  -75.03c P 34.98% WF 2756.6 PSV    2715 N    3803  --  G9 H9 F9 H3 B3 G2 H7 B4
G4  : T -86.04c W -87.36c S  -0.59c ( -1.6 L  -1.2) LCB  -90.82c P 32.29% WF 169.1 PSV     191 N     179  --  G4 C3 C2 F4 H3 H4 G3 B2
H4  : T -100.59c W -95.53c S  -5.09c ( -3.5 L  -3.2) LCB -108.29c P 19.45% WF  46.8 PSV      58 N      35  --  H4 G3 G4 F4 E4 F2 F5 B7
H3  : T -86.38c W -87.93c S  -0.52c ( -1.6 L  -1.1) LCB -101.40c P  4.17% WF  22.7 PSV      24 N      22  --  H3 C3 C2 B2 B3 C4
B3  : T -93.32c W -91.88c S  -0.04c ( -1.4 L  -1.1) LCB -104.39c P  3.08% WF  11.5 PSV      12 N      10  --  B3 G3 G2 F4 E3
B5  : T -97.07c W -94.81c S  -2.44c ( -2.3 L  -2.1) LCB -119.87c P  3.73% WF  11.7 PSV      12 N       8  --  B5 C3 B4 C4
C3  : T -94.98c W -93.18c S  -1.10c ( -1.8 L  -1.4) LCB -172.04c P  1.16% WF   3.6 PSV       4 N       3  --  C3 B5
E2  : T -98.71c W -96.12c S  -2.59c ( -2.3 L  -2.7) LCB -448.71c P  0.37% WF   2.0 PSV       1 N       1  --  E2
G3  : T -95.25c W -93.30c S  -1.95c ( -2.2 L  -2.2) LCB -445.25c P  0.33% WF   1.5 PSV       1 N       1  --  G3

2024-05-26 15:39:34-0400: = G9
2024-05-26 15:39:36-0400: Controller: kata-list_time_settings
2024-05-26 15:39:36-0400: = none absolute byoyomi canadian fischer fischer-capped
2024-05-26 15:39:36-0400: Controller: play white h9
2024-05-26 15:39:36-0400: = 
2024-05-26 15:39:36-0400: Controller: genmove black
2024-05-26 15:39:37-0400: MoveNum: 24 HASH: 92295F910A1B77AB71C9B56F666DD0D4
   A B C D E F G H J
 9 . . . . . @ X2O3.
 8 . . . X . X O1. .
 7 . . X X X O . . .
 6 . X O X O O . . .
 5 . . O O O X O . .
 4 . . . . . . . . .
 3 . . . X . X . . .
 2 . . . . . . . . .
 1 . . . . . . . . .

koPOSITIONALscoreAREAtaxNONEsui1komi7.5
Time taken: 0.625
Root visits: 3512
New playouts: 156
NN rows: 108
NN batches: 15
NN avg batch size: 7.2
PV: F9 H3 C3 B5 G7 G2 F2 H6 H7 A2 B2 A3 B3 A4 G3 H2
Tree:
: T -76.82c W -76.05c S  -1.51c ( -2.3 L  -2.1) N    3512  --  F9 H3 C3 B5 G7 G2 F2
---Black(^)---
F9  : T -76.46c W -75.70c S  -1.51c ( -2.3 L  -2.1) LCB  -79.49c P 87.57% WF 2616.2 PSV    2611 N    3478  --  F9 H3 C3 B5 G7 G2 F2 H6
G4  : T -95.90c W -95.56c S  -1.58c ( -2.2 L  -1.8) LCB -102.79c P  3.93% WF  17.3 PSV      13 N      12  --  G4 C3 C2 F9
C3  : T -91.08c W -91.48c S   0.33c ( -1.5 L  -1.3) LCB -103.07c P  2.36% WF   9.8 PSV      10 N       9  --  C3 G3 G2 F2
B5  : T -100.11c W -96.93c S  -3.44c ( -2.9 L  -2.6) LCB -124.48c P  2.84% WF   9.7 PSV       8 N       6  --  B5 C3 B4 E2
B3  : T -100.15c W -97.54c S  -1.95c ( -2.3 L  -2.5) LCB -180.67c P  2.29% WF   5.7 PSV       6 N       3  --  B3 F9
H3  : T -96.93c W -94.56c S  -2.37c ( -2.5 L  -2.8) LCB -446.93c P  0.26% WF   1.9 PSV       0 N       1  --  H3
G3  : T -96.24c W -94.17c S  -2.07c ( -2.4 L  -3.0) LCB -446.24c P  0.21% WF   1.8 PSV       0 N       1  --  G3
H4  : T -98.13c W -94.99c S  -3.14c ( -2.8 L  -3.1) LCB -448.13c P  0.11% WF   1.9 PSV       0 N       1  --  H4

2024-05-26 15:39:37-0400: = F9
2024-05-26 15:39:39-0400: Controller: kata-list_time_settings
2024-05-26 15:39:39-0400: = none absolute byoyomi canadian fischer fischer-capped
2024-05-26 15:39:39-0400: Controller: play white h3
2024-05-26 15:39:39-0400: = 
2024-05-26 15:39:39-0400: Controller: genmove black
2024-05-26 15:39:40-0400: MoveNum: 26 HASH: 1A8609A154C765994BBC15DC145ED47A
   A B C D E F G H J
 9 . . . . . X2X O1.
 8 . . . X . X O . .
 7 . . X X X O . . .
 6 . X O X O O . . .
 5 . . O O O X O . .
 4 . . . . . . . . .
 3 . . @ X . X . O3.
 2 . . . . . . . . .
 1 . . . . . . . . .

koPOSITIONALscoreAREAtaxNONEsui1komi7.5
Time taken: 0.657
Root visits: 3486
New playouts: 216
NN rows: 141
NN batches: 16
NN avg batch size: 8.8125
PV: C3 B5 G7 G2 F2 H6 H7 A2 B3 A3 B2 A4 D2 B7 B8
Tree:
: T -82.17c W -80.94c S  -1.50c ( -2.3 L  -2.1) N    3486  --  C3 B5 G7 G2 F2 H6 H7
---Black(^)---
C3  : T -80.53c W -80.66c S  -0.03c ( -1.6 L  -1.3) LCB  -83.28c P  8.45% WF 1303.8 PSV    1803 N    1555  --  C3 B5 G7 G2 F2 H6 H7 A2
B3  : T -81.36c W -79.22c S  -2.21c ( -2.6 L  -2.6) LCB  -85.28c P 32.89% WF 966.2 PSV     961 N    1249  --  B3 G2 F2 B4 C4 B7 B8 B5
H2  : T -85.23c W -81.28c S  -4.09c ( -3.5 L  -3.6) LCB  -93.53c P 28.54% WF 428.1 PSV     375 N     517  --  H2 E2 E3 G3 G2 C2 C3 D2
G3  : T -89.58c W -91.50c S   0.43c ( -1.4 L  -1.3) LCB  -95.50c P 11.47% WF  80.4 PSV      81 N      69  --  G3 H2 B3 H7 B5 C4 C3 E2
G2  : T -86.83c W -87.51c S  -0.53c ( -1.8 L  -1.6) LCB  -99.63c P  4.17% WF  42.1 PSV      41 N      44  --  G2 C3 C2 E2 E3 B3 B2 A2
G7  : T -92.44c W -91.17c S  -3.46c ( -3.2 L  -2.8) LCB -102.87c P  7.42% WF  39.4 PSV      40 N      37  --  G7 C3 C2 E2 E3 B3
B5  : T -100.19c W -97.54c S  -2.96c ( -2.7 L  -2.6) LCB -118.04c P  3.86% WF  11.4 PSV      12 N       7  --  B5 C3 C2 B4 B3
H8  : T -101.23c W -96.24c S  -5.67c ( -4.3 L  -3.8) LCB -181.34c P  1.16% WF   4.0 PSV       3 N       3  --  H8 E2
B4  : T -99.68c W -96.68c S  -3.01c ( -2.7 L  -2.7) LCB -449.68c P  0.45% WF   1.9 PSV       1 N       1  --  B4
G4  : T -97.73c W -94.99c S  -2.74c ( -2.6 L  -3.0) LCB -447.73c P  0.26% WF   1.8 PSV       1 N       1  --  G4

2024-05-26 15:39:40-0400: = C3
2024-05-26 15:39:43-0400: Controller: kata-list_time_settings
2024-05-26 15:39:43-0400: = none absolute byoyomi canadian fischer fischer-capped
2024-05-26 15:39:43-0400: Controller: play white b5
2024-05-26 15:39:43-0400: = 
2024-05-26 15:39:43-0400: Controller: genmove black
2024-05-26 15:39:43-0400: MoveNum: 28 HASH: 94A7CF9D3B9E7B0C3D6ED99BA540E292
   A B C D E F G H J
 9 . . . . . X X O .
 8 . . . X . X O . .
 7 . . X X X O @ . .
 6 . X O X O O . . .
 5 . O3O O O X O . .
 4 . . . . . . . . .
 3 . . X2X . X . O1.
 2 . . . . . . . . .
 1 . . . . . . . . .

koPOSITIONALscoreAREAtaxNONEsui1komi7.5
Time taken: 0.688
Root visits: 2817
New playouts: 290
NN rows: 134
NN batches: 15
NN avg batch size: 8.93333
PV: G7 H6 H7 G2 F2 A2 B2 A3 B3 B4 D2 B7 B8 A6
Tree:
: T -88.01c W -86.45c S  -1.19c ( -1.6 L  -1.4) N    2817  --  G7 H6 H7 G2 F2 A2 B2
---Black(^)---
G7  : T -86.78c W -85.16c S  -1.06c ( -1.5 L  -1.3) LCB  -88.64c P 27.78% WF 2163.1 PSV    2137 N    2297  --  G7 H6 H7 G2 F2 A2 B2 A3
H2  : T -93.13c W -93.16c S  -0.27c ( -1.2 L  -1.2) LCB  -99.67c P 29.17% WF 205.4 PSV     214 N     150  --  H2 G3 G2 F4 E3 H7 J3 B3
G3  : T -89.86c W -87.56c S  -2.65c ( -2.3 L  -1.9) LCB  -94.22c P 14.33% WF 198.0 PSV     197 N     213  --  G3 H2 G7 H6 H7 F1 E2 A2
G2  : T -90.01c W -90.35c S  -0.01c ( -1.1 L  -0.9) LCB  -96.48c P  6.92% WF 107.7 PSV      91 N      93  --  G2 H7 H2 B7 B8 A6 A8 B3
H8  : T -98.76c W -95.05c S  -3.39c ( -2.5 L  -2.2) LCB -105.18c P 18.65% WF  68.8 PSV      76 N      53  --  H8 G2 F2 G7 H7 H6 B4
H7  : T -104.20c W -97.86c S  -5.03c ( -3.4 L  -3.0) LCB -179.83c P  0.45% WF   4.2 PSV       1 N       3  --  H7 G2 F2
F4  : T -107.72c W -97.76c S  -8.14c ( -4.7 L  -5.6) LCB -278.62c P  0.73% WF   3.4 PSV       1 N       2  --  F4 G2
B4  : T -104.25c W -98.49c S  -5.76c ( -3.3 L  -3.3) LCB -454.25c P  0.41% WF   2.2 PSV       1 N       1  --  B4
G4  : T -102.67c W -96.92c S  -4.38c ( -2.8 L  -3.4) LCB -258.35c P  0.26% WF   3.6 PSV       0 N       2  --  G4 H4
F2  : T -105.46c W -98.05c S  -7.40c ( -3.7 L  -4.0) LCB -455.46c P  0.36% WF   2.5 PSV       0 N       1  --  F2

2024-05-26 15:39:43-0400: = G7
2024-05-26 15:39:46-0400: Controller: kata-list_time_settings
2024-05-26 15:39:46-0400: = none absolute byoyomi canadian fischer fischer-capped
2024-05-26 15:39:46-0400: Controller: play white g2
2024-05-26 15:39:46-0400: = 
2024-05-26 15:39:46-0400: Controller: genmove black
2024-05-26 15:39:46-0400: MoveNum: 30 HASH: 3681E7185D309D90F45B9554FD5DA59E
   A B C D E F G H J
 9 . . . . . X X O .
 8 . . . X . X O . .
 7 . . X X X O X2. .
 6 . X O X O O . . .
 5 . O1O O O X O . .
 4 . . . . . . . . .
 3 . . X X . X . O .
 2 . . . . . @ O3. .
 1 . . . . . . . . .

koPOSITIONALscoreAREAtaxNONEsui1komi7.5
Time taken: 0.578
Root visits: 2447
New playouts: 311
NN rows: 120
NN batches: 13
NN avg batch size: 9.23077
PV: F2 H6 H7 A2 B2 A3 B3 B4 D2 G6 H8 B7 B8 A6 G3 H2 A8
Tree:
: T -91.14c W -89.32c S  -1.62c ( -2.4 L  -2.3) N    2447  --  F2 H6 H7 A2 B2 A3 B3
---Black(^)---
F2  : T -91.01c W -89.43c S  -1.38c ( -2.3 L  -2.2) LCB  -92.75c P 78.96% WF 2214.0 PSV    2213 N    2034  --  F2 H6 H7 A2 B2 A3 B3 B4
G3  : T -91.03c W -88.32c S  -2.47c ( -2.8 L  -2.7) LCB  -95.22c P 13.53% WF 409.0 PSV     375 N     401  --  G3 H2 F2 H6 H7 A2 B2 B4
B4  : T -107.30c W -98.77c S  -5.10c ( -3.6 L  -3.5) LCB -182.32c P  2.18% WF   6.2 PSV       5 N       3  --  B4 B7 F2
G4  : T -102.53c W -96.17c S  -5.27c ( -4.5 L  -5.0) LCB -251.69c P  0.89% WF   2.3 PSV       3 N       2  --  G4 H4
H4  : T -103.72c W -96.00c S  -5.57c ( -4.5 L  -5.6) LCB -266.09c P  0.85% WF   2.4 PSV       2 N       2  --  H4 G4
B2  : T -107.43c W -97.93c S  -9.50c ( -5.2 L  -6.3) LCB -457.43c P  1.06% WF   2.4 PSV       2 N       1  --  B2
E2  : T -108.28c W -99.20c S  -9.09c ( -6.3 L  -6.1) LCB -458.28c P  0.56% WF   1.9 PSV       1 N       1  --  E2
H6  : T -115.80c W -98.19c S -17.62c (-11.5 L -16.1) LCB -465.80c P  0.52% WF   2.2 PSV       0 N       1  --  H6
H8  : T -120.20c W -99.11c S -21.09c (-15.4 L -18.0) LCB -470.20c P  0.32% WF   2.2 PSV       0 N       1  --  H8

2024-05-26 15:39:46-0400: = F2
2024-05-26 15:39:49-0400: Controller: kata-list_time_settings
2024-05-26 15:39:49-0400: = none absolute byoyomi canadian fischer fischer-capped
2024-05-26 15:39:49-0400: Controller: play white h6
2024-05-26 15:39:49-0400: = 
2024-05-26 15:39:49-0400: Controller: genmove black
2024-05-26 15:39:50-0400: MoveNum: 32 HASH: CDB97D1E4319E73CC1E07DE9B0B2B5C0
   A B C D E F G H J
 9 . . . . . X X O .
 8 . . . X . X O . .
 7 . . X X X O X @ .
 6 . X O X O O . O3.
 5 . O O O O X O . .
 4 . . . . . . . . .
 3 . . X X . X . O .
 2 . . . . . X2O1. .
 1 . . . . . . . . .

koPOSITIONALscoreAREAtaxNONEsui1komi7.5
Time taken: 0.64
Root visits: 4523
New playouts: 512
NN rows: 137
NN batches: 14
NN avg batch size: 9.78571
PV: H7 A2 B2 B4 B3 A3 D2 B7 B8 A6 G3 H2 A8 G6 H8 E4 E3
Tree:
: T -94.22c W -92.34c S  -1.47c ( -2.1 L  -2.1) N    4523  --  H7 A2 B2 B4 B3 A3 D2
---Black(^)---
H7  : T -93.63c W -92.00c S  -1.39c ( -2.0 L  -2.1) LCB  -94.63c P 35.10% WF 4010.4 PSV    4095 N    3297  --  H7 A2 B2 B4 B3 A3 D2 B7
H8  : T -96.83c W -94.37c S  -1.29c ( -1.9 L  -1.8) LCB  -98.71c P 47.79% WF 810.2 PSV     840 N     598  --  H8 A2 B2 A4 E4 H7 B3 A3
G3  : T -94.38c W -91.91c S  -2.06c ( -2.4 L  -2.4) LCB  -96.66c P 14.42% WF 731.9 PSV     719 N     614  --  G3 H2 H7 A2 B2 B4 D2 B3
G4  : T -100.34c W -95.01c S  -1.20c ( -1.9 L  -1.7) LCB -114.91c P  1.45% WF  12.8 PSV      13 N      10  --  G4 H4 H7 A2 B3 A3 B2 A4
B4  : T -105.27c W -98.77c S  -5.12c ( -3.2 L  -3.6) LCB -318.22c P  0.23% WF   5.4 PSV       1 N       2  --  B4 H8
J8  : T -101.02c W -98.57c S  -2.44c ( -2.3 L  -2.3) LCB -451.02c P  0.15% WF   1.9 PSV       1 N       1  --  J8

2024-05-26 15:39:50-0400: = H7
2024-05-26 15:39:52-0400: Controller: kata-list_time_settings
2024-05-26 15:39:52-0400: = none absolute byoyomi canadian fischer fischer-capped
2024-05-26 15:39:52-0400: Controller: play white a2
2024-05-26 15:39:52-0400: = 
2024-05-26 15:39:52-0400: Controller: genmove black
2024-05-26 15:39:53-0400: MoveNum: 34 HASH: 94261E09DE7A03305931E5C9E2912955
   A B C D E F G H J
 9 . . . . . X X O .
 8 . . . X . X O . .
 7 . . X X X O X X2.
 6 . X O X O O . O1.
 5 . O O O O X O . .
 4 . . . . . . . . .
 3 . . X X . X . O .
 2 O3@ . . . X O . .
 1 . . . . . . . . .

koPOSITIONALscoreAREAtaxNONEsui1komi7.5
Time taken: 0.594
Root visits: 5852
New playouts: 404
NN rows: 115
NN batches: 14
NN avg batch size: 8.21429
PV: B2 B4 B3 A3 D2 F4 G3 H2 E4 B7 B8 A6 G4 H4 A8 D4
Tree:
: T -94.87c W -93.12c S  -1.49c ( -2.0 L  -2.0) N    5852  --  B2 B4 B3 A3 D2 F4 G3
---Black(^)---
B2  : T -94.72c W -93.31c S  -1.10c ( -1.8 L  -1.8) LCB  -95.66c P 33.72% WF 3640.0 PSV    4070 N    2822  --  B2 B4 B3 A3 D2 F4 G3 H2
B3  : T -94.77c W -92.86c S  -1.57c ( -2.0 L  -2.1) LCB  -96.05c P 46.55% WF 2685.7 PSV    2685 N    2122  --  B3 A3 B2 B4 D2 F4 G3 H2
G3  : T -95.08c W -93.00c S  -2.00c ( -2.2 L  -2.3) LCB  -96.73c P 11.19% WF 1093.7 PSV     806 N     870  --  G3 H2 B2 B4 B3 A3 D2 F4
A4  : T -114.52c W -95.60c S -17.20c (-13.5 L -17.4) LCB -139.49c P  4.85% WF  18.8 PSV      18 N      15  --  A4 B3 B4 C4 B2
G4  : T -101.97c W -94.83c S  -2.26c ( -2.3 L  -2.2) LCB -110.11c P  1.67% WF  15.4 PSV      16 N      13  --  G4 H4 B3 A3 B2 A4 G3 H2
B4  : T -102.24c W -95.93c S  -6.15c ( -4.3 L  -4.0) LCB -165.68c P  0.53% WF   4.9 PSV       5 N       4  --  B4 A4 B2
H4  : T -99.89c W -94.95c S  -3.77c ( -3.0 L  -3.3) LCB -185.87c P  0.16% WF   3.7 PSV       2 N       3  --  H4 G4 B2
G6  : T -114.37c W -97.65c S -15.99c (-11.2 L -14.8) LCB -464.37c P  0.36% WF   2.2 PSV       1 N       1  --  G6
H2  : T -100.88c W -95.79c S  -5.09c ( -3.8 L  -8.6) LCB -450.88c P  0.17% WF   1.1 PSV       1 N       1  --  H2

2024-05-26 15:39:53-0400: = B2
2024-05-26 15:39:55-0400: Controller: kata-list_time_settings
2024-05-26 15:39:55-0400: = none absolute byoyomi canadian fischer fischer-capped
2024-05-26 15:39:55-0400: Controller: play white a3
2024-05-26 15:39:55-0400: = 
2024-05-26 15:39:55-0400: Controller: genmove black
2024-05-26 15:39:56-0400: MoveNum: 36 HASH: 4CCE56772F0B0974692081E9845BB523
   A B C D E F G H J
 9 . . . . . X X O .
 8 . . . X . X O . .
 7 . . X X X O X X .
 6 . X O X O O . O .
 5 . O O O O X O . .
 4 . . . . . . . . .
 3 O3@ X X . X . O .
 2 O1X2. . . X O . .
 1 . . . . . . . . .

koPOSITIONALscoreAREAtaxNONEsui1komi7.5
Time taken: 0.562
Root visits: 2855
New playouts: 328
NN rows: 109
NN batches: 13
NN avg batch size: 8.38462
PV: B3 B4 D2 F4 G3 H2 C1 B7 B8 A6 G4 H4 A8 J6 J7
Tree:
: T -95.49c W -94.04c S  -1.49c ( -1.8 L  -1.8) N    2855  --  B3 B4 D2 F4 G3 H2 C1
---Black(^)---
B3  : T -95.32c W -93.92c S  -1.38c ( -1.7 L  -1.7) LCB  -96.45c P 50.27% WF 2294.2 PSV    2293 N    1719  --  B3 B4 D2 F4 G3 H2 C1 B7
G3  : T -94.95c W -93.79c S  -1.32c ( -1.7 L  -1.7) LCB  -97.19c P 12.51% WF 1113.4 PSV     887 N     824  --  G3 H2 B3 B4 D2 F4 C1 B7
D2  : T -95.58c W -95.02c S   0.48c ( -1.0 L  -0.9) LCB  -97.77c P 13.53% WF 334.4 PSV     336 N     230  --  D2 G6 H8 B7 B8 A6 B3 B4
A4  : T -101.67c W -95.51c S  -6.58c ( -4.9 L  -5.1) LCB -108.88c P 10.75% WF  66.2 PSV      68 N      45  --  A4 B4 G3 H2 B3 A5 D2 F4
G4  : T -99.06c W -95.26c S  -1.77c ( -1.9 L  -1.9) LCB -104.19c P  1.55% WF  18.2 PSV      15 N      14  --  G4 H4 B3 A4 G3 H2 D2 F1
E4  : T -116.22c W -98.38c S -14.22c (-10.9 L -12.5) LCB -137.14c P  5.26% WF  10.2 PSV      11 N       7  --  E4 E2 G4 H4
B4  : T -98.46c W -94.92c S  -3.24c ( -2.6 L  -2.4) LCB -144.59c P  0.47% WF   7.1 PSV       5 N       5  --  B4 A4 D2 F4
F1  : T -125.46c W -98.77c S -23.65c (-19.6 L -21.6) LCB -310.34c P  1.56% WF   4.0 PSV       2 N       2  --  F1 E4
J6  : T -104.85c W -90.42c S -10.19c ( -8.0 L -10.1) LCB -257.80c P  0.52% WF   1.9 PSV       2 N       2  --  J6 G6
G6  : T -108.27c W -97.64c S -10.63c ( -6.9 L -11.5) LCB -458.27c P  0.70% WF   1.6 PSV       2 N       1  --  G6

2024-05-26 15:39:56-0400: = resign
2024-05-26 15:39:58-0400: Controller: quit
2024-05-26 15:39:58-0400: Quit requested by controller
2024-05-26 15:39:58-0400: = 
2024-05-26 15:39:58-0400: GPU -1 finishing, processed 15915 rows 1562 batches
2024-05-26 15:39:58-0400: All cleaned up, quitting
