2024-05-23 11:24:39+0800: Running with following config:
allowResignation = true
lagBuffer = 1.0
logAllGTPCommunication = true
logDir = gtp_logs
logSearchInfo = true
logSearchInfoForChosenMove = false
logToStderr = false
maxTime = 0.5
maxTimePondering = 120.0
numSearchThreads = 16
ogsChatToStderr = true
ponderingEnabled = true
resignConsecTurns = 3
resignThreshold = -0.90
rules = tromp-taylor
searchFactorAfterOnePass = 0.50
searchFactorAfterTwoPass = 0.25
searchFactorWhenWinning = 0.40
searchFactorWhenWinningThreshold = 0.95

2024-05-23 11:24:39+0800: Loading model and initializing benchmark...
2024-05-23 11:24:39+0800: Testing with default positions for board size: 19
2024-05-23 11:24:39+0800: nnRandSeed0 = 9554411988002362534
2024-05-23 11:24:39+0800: After dedups: nnModelFile0 = C:\Users\chang\Downloads\kata1-b28c512nbt-s6797380608-d4265362003.bin.gz useFP16 auto useNHWC auto
2024-05-23 11:24:39+0800: Initializing neural net buffer to be size 19 * 19 exactly
2024-05-23 11:24:44+0800: Found OpenCL Platform 0: NVIDIA CUDA (NVIDIA Corporation) (OpenCL 3.0 CUDA 12.4.89)
2024-05-23 11:24:44+0800: Found 1 device(s) on platform 0 with type CPU or GPU or Accelerator
2024-05-23 11:24:44+0800: Found OpenCL Platform 1: Intel(R) OpenCL Graphics (Intel(R) Corporation) (OpenCL 3.0 )
2024-05-23 11:24:44+0800: Found 1 device(s) on platform 1 with type CPU or GPU or Accelerator
2024-05-23 11:24:44+0800: Found OpenCL Device 0: NVIDIA GeForce RTX 4060 Laptop GPU (NVIDIA Corporation) (score 11000300)
2024-05-23 11:24:44+0800: Found OpenCL Device 1: Intel(R) UHD Graphics (Intel(R) Corporation) (score 6000300)
2024-05-23 11:24:44+0800: Creating context for OpenCL Platform: NVIDIA CUDA (NVIDIA Corporation) (OpenCL 3.0 CUDA 12.4.89)
2024-05-23 11:24:44+0800: Using OpenCL Device 0: NVIDIA GeForce RTX 4060 Laptop GPU (NVIDIA Corporation) OpenCL 3.0 CUDA (Extensions: cl_khr_global_int32_base_atomics cl_khr_global_int32_extended_atomics cl_khr_local_int32_base_atomics cl_khr_local_int32_extended_atomics cl_khr_fp64 cl_khr_3d_image_writes cl_khr_byte_addressable_store cl_khr_icd cl_khr_gl_sharing cl_nv_compiler_options cl_nv_device_attribute_query cl_nv_pragma_unroll cl_nv_d3d10_sharing cl_khr_d3d10_sharing cl_nv_d3d11_sharing cl_nv_copy_opts cl_nv_create_buffer cl_khr_int64_base_atomics cl_khr_int64_extended_atomics cl_khr_device_uuid cl_khr_pci_bus_info cl_khr_external_semaphore cl_khr_external_memory cl_khr_external_semaphore_win32 cl_khr_external_memory_win32)
2024-05-23 11:24:44+0800: Loaded tuning parameters from: C:\Users\chang\Downloads\katago-v1.14.1-opencl-windows-x64/KataGoData/opencltuning/tune11_gpuNVIDIAGeForceRTX4060LaptopGPU_x19_y19_c512_mv15.txt
2024-05-23 11:24:45+0800: OpenCL backend thread 0: Model version 15
2024-05-23 11:24:45+0800: OpenCL backend thread 0: Model name: kata1-b28c512nbt-s6797380608-d4265362003
2024-05-23 11:24:53+0800: OpenCL backend thread 0: FP16Storage true FP16Compute false FP16TensorCores true FP16TensorCoresFor1x1 false
2024-05-23 11:24:54+0800: Loaded config C:\Users\chang\Downloads\katago-v1.14.1-opencl-windows-x64/doudoubot.cfg
2024-05-23 11:24:54+0800: Loaded model C:\Users\chang\Downloads\kata1-b28c512nbt-s6797380608-d4265362003.bin.gz
2024-05-23 11:24:54+0800: GPU -1 finishing, processed 5 rows 5 batches
2024-05-23 11:24:54+0800: nnRandSeed0 = 7241539519792867950
2024-05-23 11:24:54+0800: After dedups: nnModelFile0 = C:\Users\chang\Downloads\kata1-b28c512nbt-s6797380608-d4265362003.bin.gz useFP16 auto useNHWC auto
2024-05-23 11:24:54+0800: Initializing neural net buffer to be size 19 * 19 exactly
2024-05-23 11:25:04+0800: Found OpenCL Platform 0: NVIDIA CUDA (NVIDIA Corporation) (OpenCL 3.0 CUDA 12.4.89)
2024-05-23 11:25:04+0800: Found 1 device(s) on platform 0 with type CPU or GPU or Accelerator
2024-05-23 11:25:04+0800: Found OpenCL Platform 1: Intel(R) OpenCL Graphics (Intel(R) Corporation) (OpenCL 3.0 )
2024-05-23 11:25:04+0800: Found 1 device(s) on platform 1 with type CPU or GPU or Accelerator
2024-05-23 11:25:04+0800: Found OpenCL Device 0: NVIDIA GeForce RTX 4060 Laptop GPU (NVIDIA Corporation) (score 11000300)
2024-05-23 11:25:04+0800: Found OpenCL Device 1: Intel(R) UHD Graphics (Intel(R) Corporation) (score 6000300)
2024-05-23 11:25:04+0800: Creating context for OpenCL Platform: NVIDIA CUDA (NVIDIA Corporation) (OpenCL 3.0 CUDA 12.4.89)
2024-05-23 11:25:04+0800: Using OpenCL Device 0: NVIDIA GeForce RTX 4060 Laptop GPU (NVIDIA Corporation) OpenCL 3.0 CUDA (Extensions: cl_khr_global_int32_base_atomics cl_khr_global_int32_extended_atomics cl_khr_local_int32_base_atomics cl_khr_local_int32_extended_atomics cl_khr_fp64 cl_khr_3d_image_writes cl_khr_byte_addressable_store cl_khr_icd cl_khr_gl_sharing cl_nv_compiler_options cl_nv_device_attribute_query cl_nv_pragma_unroll cl_nv_d3d10_sharing cl_khr_d3d10_sharing cl_nv_d3d11_sharing cl_nv_copy_opts cl_nv_create_buffer cl_khr_int64_base_atomics cl_khr_int64_extended_atomics cl_khr_device_uuid cl_khr_pci_bus_info cl_khr_external_semaphore cl_khr_external_memory cl_khr_external_semaphore_win32 cl_khr_external_memory_win32)
2024-05-23 11:25:04+0800: Loaded tuning parameters from: C:\Users\chang\Downloads\katago-v1.14.1-opencl-windows-x64/KataGoData/opencltuning/tune11_gpuNVIDIAGeForceRTX4060LaptopGPU_x19_y19_c512_mv15.txt
2024-05-23 11:25:04+0800: OpenCL backend thread 0: Model version 15
2024-05-23 11:25:04+0800: OpenCL backend thread 0: Model name: kata1-b28c512nbt-s6797380608-d4265362003
2024-05-23 11:25:12+0800: OpenCL backend thread 0: FP16Storage true FP16Compute false FP16TensorCores true FP16TensorCoresFor1x1 false
2024-05-23 11:25:24+0800: GPU -1 finishing, processed 923 rows 268 batches
