2024-06-06 20:49:24-0400: Running with following config:
allowResignation = true
lagBuffer = 1.0
logAllGTPCommunication = true
logDir = gtp_logs
logSearchInfo = true
logSearchInfoForChosenMove = false
logToStderr = false
maxTimePondering = 120.0
maxVisits = 30000
numSearchThreads = 16
ogsChatToStderr = true
ponderingEnabled = true
resignConsecTurns = 3
resignThreshold = -0.90
rules = tromp-taylor
searchFactorAfterOnePass = 0.50
searchFactorAfterTwoPass = 0.25
searchFactorWhenWinning = 0.40
searchFactorWhenWinningThreshold = 0.95

2024-06-06 20:49:24-0400: GTP Engine starting...
2024-06-06 20:49:24-0400: KataGo v1.14.1
2024-06-06 20:49:24-0400: Using TrompTaylor rules initially, unless GTP/GUI overrides this
2024-06-06 20:49:24-0400: Using 16 CPU thread(s) for search
2024-06-06 20:49:24-0400: nnRandSeed0 = 3503826962181601721
2024-06-06 20:49:24-0400: After dedups: nnModelFile0 = C:\Users\chang\Downloads/kata1-b18c384nbt-s9937771520-d4300882049.bin.gz useFP16 auto useNHWC auto
2024-06-06 20:49:24-0400: Initializing neural net buffer to be size 19 * 19 exactly
2024-06-06 20:49:26-0400: Found OpenCL Platform 0: NVIDIA CUDA (NVIDIA Corporation) (OpenCL 3.0 CUDA 12.4.89)
2024-06-06 20:49:26-0400: Found 1 device(s) on platform 0 with type CPU or GPU or Accelerator
2024-06-06 20:49:26-0400: Found OpenCL Platform 1: Intel(R) OpenCL Graphics (Intel(R) Corporation) (OpenCL 3.0 )
2024-06-06 20:49:26-0400: Found 1 device(s) on platform 1 with type CPU or GPU or Accelerator
2024-06-06 20:49:26-0400: Found OpenCL Device 0: NVIDIA GeForce RTX 4060 Laptop GPU (NVIDIA Corporation) (score 11000300)
2024-06-06 20:49:26-0400: Found OpenCL Device 1: Intel(R) UHD Graphics (Intel(R) Corporation) (score 6000300)
2024-06-06 20:49:26-0400: Creating context for OpenCL Platform: NVIDIA CUDA (NVIDIA Corporation) (OpenCL 3.0 CUDA 12.4.89)
2024-06-06 20:49:26-0400: Using OpenCL Device 0: NVIDIA GeForce RTX 4060 Laptop GPU (NVIDIA Corporation) OpenCL 3.0 CUDA (Extensions: cl_khr_global_int32_base_atomics cl_khr_global_int32_extended_atomics cl_khr_local_int32_base_atomics cl_khr_local_int32_extended_atomics cl_khr_fp64 cl_khr_3d_image_writes cl_khr_byte_addressable_store cl_khr_icd cl_khr_gl_sharing cl_nv_compiler_options cl_nv_device_attribute_query cl_nv_pragma_unroll cl_nv_d3d10_sharing cl_khr_d3d10_sharing cl_nv_d3d11_sharing cl_nv_copy_opts cl_nv_create_buffer cl_khr_int64_base_atomics cl_khr_int64_extended_atomics cl_khr_device_uuid cl_khr_pci_bus_info cl_khr_external_semaphore cl_khr_external_memory cl_khr_external_semaphore_win32 cl_khr_external_memory_win32)
2024-06-06 20:49:26-0400: Loaded tuning parameters from: C:\Users\chang\Downloads\katago-v1.14.1-opencl-windows-x64/KataGoData/opencltuning/tune11_gpuNVIDIAGeForceRTX4060LaptopGPU_x19_y19_c384_mv14.txt
2024-06-06 20:49:26-0400: OpenCL backend thread 0: Model version 14
2024-06-06 20:49:26-0400: OpenCL backend thread 0: Model name: kata1-b18c384nbt-s9937771520-d4300882049
2024-06-06 20:49:28-0400: OpenCL backend thread 0: FP16Storage true FP16Compute false FP16TensorCores true FP16TensorCoresFor1x1 false
2024-06-06 20:49:28-0400: Loaded neural net with nnXLen 19 nnYLen 19
2024-06-06 20:49:28-0400: Initializing board with boardXSize 19 boardYSize 19
2024-06-06 20:49:28-0400: Loaded config C:\Users\chang\Downloads\katago-v1.14.1-opencl-windows-x64\default_gtp.cfg
2024-06-06 20:49:28-0400: Loaded model C:\Users\chang\Downloads/kata1-b18c384nbt-s9937771520-d4300882049.bin.gz
2024-06-06 20:49:28-0400: Model name: kata1-b18c384nbt-s9937771520-d4300882049
2024-06-06 20:49:28-0400: GTP ready, beginning main protocol loop
2024-06-06 20:49:28-0400: Controller: name
2024-06-06 20:49:28-0400: = KataGo
2024-06-06 20:49:28-0400: Controller: version
2024-06-06 20:49:28-0400: = 1.14.1
2024-06-06 20:49:28-0400: Controller: stop
2024-06-06 20:49:28-0400: = 
2024-06-06 20:49:28-0400: Controller: clear_board
2024-06-06 20:49:28-0400: = 
2024-06-06 20:49:28-0400: Controller: list_commands
2024-06-06 20:49:28-0400: = protocol_version
name
version
known_command
list_commands
quit
boardsize
rectangular_boardsize
clear_board
set_position
komi
get_komi
play
undo
kata-get-rules
kata-set-rule
kata-set-rules
kata-get-param
kata-set-param
kata-list-params
kgs-rules
genmove
genmove_debug
search_debug
clear_cache
showboard
fixed_handicap
place_free_handicap
set_free_handicap
time_settings
kgs-time_settings
time_left
kata-list_time_settings
kata-time_settings
final_score
final_status_list
loadsgf
printsgf
lz-genmove_analyze
kata-genmove_analyze
lz-analyze
kata-analyze
kata-raw-nn
cputime
gomill-cpu_time
kata-benchmark
kata-debug-print-tc
debug_moves
stop
2024-06-06 20:49:28-0400: Controller: komi 6.5
2024-06-06 20:49:28-0400: = 
2024-06-06 20:49:28-0400: Controller: boardsize 19
2024-06-06 20:49:28-0400: = 
2024-06-06 20:49:28-0400: Controller: kata-get-param playoutDoublingAdvantage
2024-06-06 20:49:28-0400: = 0
2024-06-06 20:49:28-0400: Controller: kata-get-param analysisWideRootNoise
2024-06-06 20:49:28-0400: = 0.04
2024-06-06 20:49:28-0400: Controller: kata-get-rules
2024-06-06 20:49:28-0400: = {"friendlyPassOk":false,"hasButton":false,"ko":"POSITIONAL","scoring":"AREA","suicide":true,"tax":"NONE","whiteHandicapBonus":"0"}
2024-06-06 20:49:28-0400: Controller: kata-set-param analysisWideRootNoise 0
2024-06-06 20:49:28-0400: = 
2024-06-06 20:49:28-0400: Controller: clear_cache
2024-06-06 20:49:28-0400: = 
2024-06-06 20:49:29-0400: Controller: play B Q16
2024-06-06 20:49:29-0400: = 
2024-06-06 20:49:29-0400: Controller: kata-analyze 10
2024-06-06 20:49:29-0400: = 
2024-06-06 20:49:30-0400: Controller: play W D16
2024-06-06 20:49:30-0400: = 
2024-06-06 20:49:30-0400: Controller: kata-analyze 10
2024-06-06 20:49:30-0400: = 
2024-06-06 20:49:31-0400: Controller: play B D4
2024-06-06 20:49:31-0400: = 
2024-06-06 20:49:31-0400: Controller: kata-analyze 10
2024-06-06 20:49:31-0400: = 
2024-06-06 20:49:32-0400: Controller: play W Q4
2024-06-06 20:49:32-0400: = 
2024-06-06 20:49:32-0400: Controller: kata-analyze 10
2024-06-06 20:49:32-0400: = 
2024-06-06 20:49:33-0400: Controller: play B R3
2024-06-06 20:49:33-0400: = 
2024-06-06 20:49:33-0400: Controller: kata-analyze 10
2024-06-06 20:49:33-0400: = 
2024-06-06 20:49:34-0400: Controller: play W Q3
2024-06-06 20:49:34-0400: = 
2024-06-06 20:49:34-0400: Controller: kata-analyze 10
2024-06-06 20:49:34-0400: = 
2024-06-06 20:49:35-0400: Controller: play B R4
2024-06-06 20:49:35-0400: = 
2024-06-06 20:49:35-0400: Controller: kata-analyze 10
2024-06-06 20:49:35-0400: = 
2024-06-06 20:49:37-0400: Controller: play W R6
2024-06-06 20:49:37-0400: = 
2024-06-06 20:49:37-0400: Controller: kata-analyze 10
2024-06-06 20:49:37-0400: = 
2024-06-06 20:49:38-0400: Controller: play B R5
2024-06-06 20:49:38-0400: = 
2024-06-06 20:49:38-0400: Controller: kata-analyze 10
2024-06-06 20:49:38-0400: = 
2024-06-06 20:49:39-0400: Controller: play W Q5
2024-06-06 20:49:39-0400: = 
2024-06-06 20:49:39-0400: Controller: kata-analyze 10
2024-06-06 20:49:39-0400: = 
2024-06-06 20:49:40-0400: Controller: play B S6
2024-06-06 20:49:40-0400: = 
2024-06-06 20:49:40-0400: Controller: kata-analyze 10
2024-06-06 20:49:40-0400: = 
2024-06-06 20:49:41-0400: Controller: play W R17
2024-06-06 20:49:41-0400: = 
2024-06-06 20:49:41-0400: Controller: kata-analyze 10
2024-06-06 20:49:41-0400: = 
2024-06-06 20:49:42-0400: Controller: play B Q17
2024-06-06 20:49:42-0400: = 
2024-06-06 20:49:42-0400: Controller: kata-analyze 10
2024-06-06 20:49:42-0400: = 
2024-06-06 20:49:43-0400: Controller: play W R16
2024-06-06 20:49:43-0400: = 
2024-06-06 20:49:43-0400: Controller: kata-analyze 10
2024-06-06 20:49:43-0400: = 
2024-06-06 20:49:44-0400: Controller: play B R14
2024-06-06 20:49:44-0400: = 
2024-06-06 20:49:44-0400: Controller: kata-analyze 10
2024-06-06 20:49:44-0400: = 
2024-06-06 20:49:45-0400: Controller: play W R15
2024-06-06 20:49:45-0400: = 
2024-06-06 20:49:45-0400: Controller: kata-analyze 10
2024-06-06 20:49:45-0400: = 
2024-06-06 20:49:46-0400: Controller: play B Q15
2024-06-06 20:49:46-0400: = 
2024-06-06 20:49:46-0400: Controller: kata-analyze 10
2024-06-06 20:49:46-0400: = 
2024-06-06 20:49:47-0400: Controller: play W S14
2024-06-06 20:49:47-0400: = 
2024-06-06 20:49:47-0400: Controller: kata-analyze 10
2024-06-06 20:49:47-0400: = 
2024-06-06 20:49:48-0400: Controller: play B F17
2024-06-06 20:49:48-0400: = 
2024-06-06 20:49:48-0400: Controller: kata-analyze 10
2024-06-06 20:49:48-0400: = 
2024-06-06 20:49:49-0400: Controller: stop
2024-06-06 20:49:49-0400: = 
2024-06-06 20:49:49-0400: Controller: kata-analyze W 10
2024-06-06 20:49:49-0400: = 
2024-06-06 20:49:50-0400: Controller: play W D14
2024-06-06 20:49:50-0400: = 
2024-06-06 20:49:50-0400: Controller: kata-analyze 10
2024-06-06 20:49:50-0400: = 
2024-06-06 20:49:51-0400: Controller: play B M4
2024-06-06 20:49:51-0400: = 
2024-06-06 20:49:51-0400: Controller: kata-analyze 10
2024-06-06 20:49:51-0400: = 
2024-06-06 20:49:52-0400: Controller: play W N6
2024-06-06 20:49:52-0400: = 
2024-06-06 20:49:52-0400: Controller: kata-analyze 10
2024-06-06 20:49:52-0400: = 
2024-06-06 20:49:53-0400: Controller: play B R7
2024-06-06 20:49:53-0400: = 
2024-06-06 20:49:53-0400: Controller: kata-analyze 10
2024-06-06 20:49:53-0400: = 
2024-06-06 20:49:54-0400: Controller: play W Q6
2024-06-06 20:49:54-0400: = 
2024-06-06 20:49:54-0400: Controller: kata-analyze 10
2024-06-06 20:49:54-0400: = 
2024-06-06 20:49:55-0400: Controller: play B R2
2024-06-06 20:49:55-0400: = 
2024-06-06 20:49:55-0400: Controller: kata-analyze 10
2024-06-06 20:49:55-0400: = 
2024-06-06 20:49:56-0400: Controller: play W D3
2024-06-06 20:49:56-0400: = 
2024-06-06 20:49:57-0400: Controller: kata-analyze 10
2024-06-06 20:49:57-0400: = 
2024-06-06 20:49:58-0400: Controller: play B C3
2024-06-06 20:49:58-0400: = 
2024-06-06 20:49:58-0400: Controller: kata-analyze 10
2024-06-06 20:49:58-0400: = 
2024-06-06 20:49:59-0400: Controller: play W E3
2024-06-06 20:49:59-0400: = 
2024-06-06 20:49:59-0400: Controller: kata-analyze 10
2024-06-06 20:49:59-0400: = 
2024-06-06 20:50:00-0400: Controller: play B C2
2024-06-06 20:50:00-0400: = 
2024-06-06 20:50:00-0400: Controller: kata-analyze 10
2024-06-06 20:50:00-0400: = 
2024-06-06 20:50:01-0400: Controller: play W J3
2024-06-06 20:50:01-0400: = 
2024-06-06 20:50:01-0400: Controller: kata-analyze 10
2024-06-06 20:50:01-0400: = 
2024-06-06 20:50:02-0400: Controller: play B K4
2024-06-06 20:50:02-0400: = 
2024-06-06 20:50:02-0400: Controller: kata-analyze 10
2024-06-06 20:50:02-0400: = 
2024-06-06 20:50:03-0400: Controller: play W L2
2024-06-06 20:50:03-0400: = 
2024-06-06 20:50:03-0400: Controller: kata-analyze 10
2024-06-06 20:50:03-0400: = 
2024-06-06 20:50:04-0400: Controller: play B E4
2024-06-06 20:50:04-0400: = 
2024-06-06 20:50:04-0400: Controller: kata-analyze 10
2024-06-06 20:50:04-0400: = 
2024-06-06 20:50:05-0400: Controller: play W F4
2024-06-06 20:50:05-0400: = 
2024-06-06 20:50:05-0400: Controller: kata-analyze 10
2024-06-06 20:50:05-0400: = 
2024-06-06 20:50:06-0400: Controller: play B F3
2024-06-06 20:50:06-0400: = 
2024-06-06 20:50:06-0400: Controller: kata-analyze 10
2024-06-06 20:50:06-0400: = 
2024-06-06 20:50:07-0400: Controller: play W G3
2024-06-06 20:50:07-0400: = 
2024-06-06 20:50:07-0400: Controller: kata-analyze 10
2024-06-06 20:50:07-0400: = 
2024-06-06 20:50:08-0400: Controller: play B F2
2024-06-06 20:50:08-0400: = 
2024-06-06 20:50:08-0400: Controller: kata-analyze 10
2024-06-06 20:50:08-0400: = 
2024-06-06 20:50:09-0400: Controller: play W G2
2024-06-06 20:50:09-0400: = 
2024-06-06 20:50:09-0400: Controller: kata-analyze 10
2024-06-06 20:50:09-0400: = 
2024-06-06 20:50:11-0400: Controller: play B E2
2024-06-06 20:50:11-0400: = 
2024-06-06 20:50:11-0400: Controller: kata-analyze 10
2024-06-06 20:50:11-0400: = 
2024-06-06 20:50:12-0400: Controller: play W M16
2024-06-06 20:50:12-0400: = 
2024-06-06 20:50:12-0400: Controller: kata-analyze 10
2024-06-06 20:50:12-0400: = 
2024-06-06 20:50:13-0400: Controller: play B M2
2024-06-06 20:50:13-0400: = 
2024-06-06 20:50:13-0400: Controller: kata-analyze 10
2024-06-06 20:50:13-0400: = 
2024-06-06 20:50:14-0400: Controller: play W Q14
2024-06-06 20:50:14-0400: = 
2024-06-06 20:50:14-0400: Controller: kata-analyze 10
2024-06-06 20:50:14-0400: = 
2024-06-06 20:50:15-0400: Controller: play B R13
2024-06-06 20:50:15-0400: = 
2024-06-06 20:50:15-0400: Controller: kata-analyze 10
2024-06-06 20:50:15-0400: = 
2024-06-06 20:50:16-0400: Controller: play W P14
2024-06-06 20:50:16-0400: = 
2024-06-06 20:50:16-0400: Controller: kata-analyze 10
2024-06-06 20:50:16-0400: = 
2024-06-06 20:50:17-0400: Controller: play B K2
2024-06-06 20:50:17-0400: = 
2024-06-06 20:50:17-0400: Controller: kata-analyze 10
2024-06-06 20:50:17-0400: = 
2024-06-06 20:50:18-0400: Controller: play W S13
2024-06-06 20:50:18-0400: = 
2024-06-06 20:50:18-0400: Controller: kata-analyze 10
2024-06-06 20:50:18-0400: = 
2024-06-06 20:50:19-0400: Controller: play B R18
2024-06-06 20:50:19-0400: = 
2024-06-06 20:50:19-0400: Controller: kata-analyze 10
2024-06-06 20:50:19-0400: = 
2024-06-06 20:50:20-0400: Controller: play W S18
2024-06-06 20:50:20-0400: = 
2024-06-06 20:50:20-0400: Controller: kata-analyze 10
2024-06-06 20:50:20-0400: = 
2024-06-06 20:50:21-0400: Controller: play B P18
2024-06-06 20:50:21-0400: = 
2024-06-06 20:50:21-0400: Controller: kata-analyze 10
2024-06-06 20:50:21-0400: = 
2024-06-06 20:50:22-0400: Controller: play W O17
2024-06-06 20:50:22-0400: = 
2024-06-06 20:50:22-0400: Controller: kata-analyze 10
2024-06-06 20:50:22-0400: = 
2024-06-06 20:50:23-0400: Controller: play B O16
2024-06-06 20:50:23-0400: = 
2024-06-06 20:50:23-0400: Controller: kata-analyze 10
2024-06-06 20:50:23-0400: = 
2024-06-06 20:50:24-0400: Controller: play W N17
2024-06-06 20:50:24-0400: = 
2024-06-06 20:50:24-0400: Controller: kata-analyze 10
2024-06-06 20:50:24-0400: = 
2024-06-06 20:50:25-0400: Controller: play B O14
2024-06-06 20:50:25-0400: = 
2024-06-06 20:50:25-0400: Controller: kata-analyze 10
2024-06-06 20:50:25-0400: = 
2024-06-06 20:50:27-0400: Controller: play W P15
2024-06-06 20:50:27-0400: = 
2024-06-06 20:50:27-0400: Controller: kata-analyze 10
2024-06-06 20:50:27-0400: = 
2024-06-06 20:50:28-0400: Controller: play B P16
2024-06-06 20:50:28-0400: = 
2024-06-06 20:50:28-0400: Controller: kata-analyze 10
2024-06-06 20:50:28-0400: = 
2024-06-06 20:50:29-0400: Controller: play W M14
2024-06-06 20:50:29-0400: = 
2024-06-06 20:50:29-0400: Controller: kata-analyze 10
2024-06-06 20:50:29-0400: = 
2024-06-06 20:50:30-0400: Controller: play B O15
2024-06-06 20:50:30-0400: = 
2024-06-06 20:50:30-0400: Controller: kata-analyze 10
2024-06-06 20:50:30-0400: = 
2024-06-06 20:50:31-0400: Controller: play W R12
2024-06-06 20:50:31-0400: = 
2024-06-06 20:50:31-0400: Controller: kata-analyze 10
2024-06-06 20:50:31-0400: = 
2024-06-06 20:50:32-0400: Controller: play B L17
2024-06-06 20:50:32-0400: = 
2024-06-06 20:50:32-0400: Controller: kata-analyze 10
2024-06-06 20:50:32-0400: = 
2024-06-06 20:50:33-0400: Controller: play W M12
2024-06-06 20:50:33-0400: = 
2024-06-06 20:50:33-0400: Controller: kata-analyze 10
2024-06-06 20:50:33-0400: = 
2024-06-06 20:50:34-0400: Controller: play B S19
2024-06-06 20:50:34-0400: = 
2024-06-06 20:50:34-0400: Controller: kata-analyze 10
2024-06-06 20:50:34-0400: = 
2024-06-06 20:50:35-0400: Controller: play W T18
2024-06-06 20:50:35-0400: = 
2024-06-06 20:50:35-0400: Controller: kata-analyze 10
2024-06-06 20:50:35-0400: = 
2024-06-06 20:50:36-0400: Controller: play B M13
2024-06-06 20:50:36-0400: = 
2024-06-06 20:50:36-0400: Controller: kata-analyze 10
2024-06-06 20:50:36-0400: = 
2024-06-06 20:50:37-0400: Controller: play W L13
2024-06-06 20:50:37-0400: = 
2024-06-06 20:50:37-0400: Controller: kata-analyze 10
2024-06-06 20:50:37-0400: = 
2024-06-06 20:50:38-0400: Controller: play B N13
2024-06-06 20:50:38-0400: = 
2024-06-06 20:50:38-0400: Controller: kata-analyze 10
2024-06-06 20:50:38-0400: = 
2024-06-06 20:50:40-0400: Controller: play W K16
2024-06-06 20:50:40-0400: = 
2024-06-06 20:50:40-0400: Controller: kata-analyze 10
2024-06-06 20:50:40-0400: = 
2024-06-06 20:50:41-0400: Controller: play B K17
2024-06-06 20:50:41-0400: = 
2024-06-06 20:50:41-0400: Controller: kata-analyze 10
2024-06-06 20:50:41-0400: = 
2024-06-06 20:50:42-0400: Controller: play W H17
2024-06-06 20:50:42-0400: = 
2024-06-06 20:50:42-0400: Controller: kata-analyze 10
2024-06-06 20:50:42-0400: = 
2024-06-06 20:50:43-0400: Controller: play B J16
2024-06-06 20:50:43-0400: = 
2024-06-06 20:50:43-0400: Controller: kata-analyze 10
2024-06-06 20:50:43-0400: = 
2024-06-06 20:50:44-0400: Controller: play W H16
2024-06-06 20:50:44-0400: = 
2024-06-06 20:50:44-0400: Controller: kata-analyze 10
2024-06-06 20:50:44-0400: = 
2024-06-06 20:50:45-0400: Controller: play B K15
2024-06-06 20:50:45-0400: = 
2024-06-06 20:50:45-0400: Controller: kata-analyze 10
2024-06-06 20:50:45-0400: = 
2024-06-06 20:50:46-0400: Controller: play W L16
2024-06-06 20:50:46-0400: = 
2024-06-06 20:50:46-0400: Controller: kata-analyze 10
2024-06-06 20:50:46-0400: = 
2024-06-06 20:50:47-0400: Controller: play B J17
2024-06-06 20:50:47-0400: = 
2024-06-06 20:50:47-0400: Controller: kata-analyze 10
2024-06-06 20:50:47-0400: = 
2024-06-06 20:50:48-0400: Controller: play W J15
2024-06-06 20:50:48-0400: = 
2024-06-06 20:50:48-0400: Controller: kata-analyze 10
2024-06-06 20:50:48-0400: = 
2024-06-06 20:50:49-0400: Controller: play B H15
2024-06-06 20:50:49-0400: = 
2024-06-06 20:50:49-0400: Controller: kata-analyze 10
2024-06-06 20:50:49-0400: = 
2024-06-06 20:50:50-0400: Controller: play W J14
2024-06-06 20:50:50-0400: = 
2024-06-06 20:50:50-0400: Controller: kata-analyze 10
2024-06-06 20:50:50-0400: = 
2024-06-06 20:50:51-0400: Controller: play B H18
2024-06-06 20:50:51-0400: = 
2024-06-06 20:50:51-0400: Controller: kata-analyze 10
2024-06-06 20:50:51-0400: = 
2024-06-06 20:50:52-0400: Controller: play W G15
2024-06-06 20:50:52-0400: = 
2024-06-06 20:50:52-0400: Controller: kata-analyze 10
2024-06-06 20:50:52-0400: = 
2024-06-06 20:50:53-0400: Controller: play B M17
2024-06-06 20:50:53-0400: = 
2024-06-06 20:50:53-0400: Controller: kata-analyze 10
2024-06-06 20:50:53-0400: = 
2024-06-06 20:50:55-0400: Controller: play W N16
2024-06-06 20:50:55-0400: = 
2024-06-06 20:50:55-0400: Controller: kata-analyze 10
2024-06-06 20:50:55-0400: = 
2024-06-06 20:50:56-0400: Controller: play B N18
2024-06-06 20:50:56-0400: = 
2024-06-06 20:50:56-0400: Controller: kata-analyze 10
2024-06-06 20:50:56-0400: = 
2024-06-06 20:50:57-0400: Controller: play W G18
2024-06-06 20:50:57-0400: = 
2024-06-06 20:50:57-0400: Controller: kata-analyze 10
2024-06-06 20:50:57-0400: = 
2024-06-06 20:50:58-0400: Controller: play B G17
2024-06-06 20:50:58-0400: = 
2024-06-06 20:50:58-0400: Controller: kata-analyze 10
2024-06-06 20:50:58-0400: = 
2024-06-06 20:50:59-0400: Controller: play W H14
2024-06-06 20:50:59-0400: = 
2024-06-06 20:50:59-0400: Controller: kata-analyze 10
2024-06-06 20:50:59-0400: = 
2024-06-06 20:51:00-0400: Controller: play B J18
2024-06-06 20:51:00-0400: = 
2024-06-06 20:51:00-0400: Controller: kata-analyze 10
2024-06-06 20:51:00-0400: = 
2024-06-06 20:51:01-0400: Controller: play W C9
2024-06-06 20:51:01-0400: = 
2024-06-06 20:51:01-0400: Controller: kata-analyze 10
2024-06-06 20:51:01-0400: = 
2024-06-06 20:51:02-0400: Controller: play B L12
2024-06-06 20:51:02-0400: = 
2024-06-06 20:51:02-0400: Controller: kata-analyze 10
2024-06-06 20:51:02-0400: = 
2024-06-06 20:51:03-0400: Controller: play W K12
2024-06-06 20:51:03-0400: = 
2024-06-06 20:51:03-0400: Controller: kata-analyze 10
2024-06-06 20:51:03-0400: = 
2024-06-06 20:51:04-0400: Controller: play B L11
2024-06-06 20:51:04-0400: = 
2024-06-06 20:51:04-0400: Controller: kata-analyze 10
2024-06-06 20:51:04-0400: = 
2024-06-06 20:51:05-0400: Controller: play W K11
2024-06-06 20:51:05-0400: = 
2024-06-06 20:51:05-0400: Controller: kata-analyze 10
2024-06-06 20:51:05-0400: = 
2024-06-06 20:51:06-0400: Controller: play B F5
2024-06-06 20:51:06-0400: = 
2024-06-06 20:51:06-0400: Controller: kata-analyze 10
2024-06-06 20:51:06-0400: = 
2024-06-06 20:51:07-0400: Controller: play W L10
2024-06-06 20:51:07-0400: = 
2024-06-06 20:51:07-0400: Controller: kata-analyze 10
2024-06-06 20:51:07-0400: = 
2024-06-06 20:51:08-0400: Controller: play B J6
2024-06-06 20:51:08-0400: = 
2024-06-06 20:51:08-0400: Controller: kata-analyze 10
2024-06-06 20:51:08-0400: = 
2024-06-06 20:51:09-0400: Controller: play W E8
2024-06-06 20:51:09-0400: = 
2024-06-06 20:51:09-0400: Controller: kata-analyze 10
2024-06-06 20:51:09-0400: = 
2024-06-06 20:51:10-0400: Controller: play B D17
2024-06-06 20:51:10-0400: = 
2024-06-06 20:51:10-0400: Controller: kata-analyze 10
2024-06-06 20:51:10-0400: = 
2024-06-06 20:51:12-0400: Controller: play W C17
2024-06-06 20:51:12-0400: = 
2024-06-06 20:51:12-0400: Controller: kata-analyze 10
2024-06-06 20:51:12-0400: = 
2024-06-06 20:51:13-0400: Controller: play B C18
2024-06-06 20:51:13-0400: = 
2024-06-06 20:51:13-0400: Controller: kata-analyze 10
2024-06-06 20:51:13-0400: = 
2024-06-06 20:51:14-0400: Controller: play W J5
2024-06-06 20:51:14-0400: = 
2024-06-06 20:51:14-0400: Controller: kata-analyze 10
2024-06-06 20:51:14-0400: = 
2024-06-06 20:51:15-0400: Controller: play B K5
2024-06-06 20:51:15-0400: = 
2024-06-06 20:51:15-0400: Controller: kata-analyze 10
2024-06-06 20:51:15-0400: = 
2024-06-06 20:51:16-0400: Controller: play W H6
2024-06-06 20:51:16-0400: = 
2024-06-06 20:51:16-0400: Controller: kata-analyze 10
2024-06-06 20:51:16-0400: = 
2024-06-06 20:51:17-0400: Controller: play B J7
2024-06-06 20:51:17-0400: = 
2024-06-06 20:51:17-0400: Controller: kata-analyze 10
2024-06-06 20:51:17-0400: = 
2024-06-06 20:51:18-0400: Controller: play W H7
2024-06-06 20:51:18-0400: = 
2024-06-06 20:51:18-0400: Controller: kata-analyze 10
2024-06-06 20:51:18-0400: = 
2024-06-06 20:51:19-0400: Controller: play B H8
2024-06-06 20:51:19-0400: = 
2024-06-06 20:51:19-0400: Controller: kata-analyze 10
2024-06-06 20:51:19-0400: = 
2024-06-06 20:51:20-0400: Controller: play W F6
2024-06-06 20:51:20-0400: = 
2024-06-06 20:51:20-0400: Controller: kata-analyze 10
2024-06-06 20:51:20-0400: = 
2024-06-06 20:51:21-0400: Controller: play B J8
2024-06-06 20:51:21-0400: = 
2024-06-06 20:51:21-0400: Controller: kata-analyze 10
2024-06-06 20:51:21-0400: = 
2024-06-06 20:51:22-0400: Controller: play W M11
2024-06-06 20:51:22-0400: = 
2024-06-06 20:51:22-0400: Controller: kata-analyze 10
2024-06-06 20:51:22-0400: = 
2024-06-06 20:51:23-0400: Controller: play B Q7
2024-06-06 20:51:23-0400: = 
2024-06-06 20:51:23-0400: Controller: kata-analyze 10
2024-06-06 20:51:23-0400: = 
2024-06-06 20:51:24-0400: Controller: play W P7
2024-06-06 20:51:24-0400: = 
2024-06-06 20:51:24-0400: Controller: kata-analyze 10
2024-06-06 20:51:24-0400: = 
2024-06-06 20:51:25-0400: Controller: play B P8
2024-06-06 20:51:25-0400: = 
2024-06-06 20:51:25-0400: Controller: kata-analyze 10
2024-06-06 20:51:25-0400: = 
2024-06-06 20:51:26-0400: Controller: play W O7
2024-06-06 20:51:26-0400: = 
2024-06-06 20:51:26-0400: Controller: kata-analyze 10
2024-06-06 20:51:27-0400: = 
2024-06-06 20:51:28-0400: Controller: play B D8
2024-06-06 20:51:28-0400: = 
2024-06-06 20:51:28-0400: Controller: kata-analyze 10
2024-06-06 20:51:28-0400: = 
2024-06-06 20:51:29-0400: Controller: play W D7
2024-06-06 20:51:29-0400: = 
2024-06-06 20:51:29-0400: Controller: kata-analyze 10
2024-06-06 20:51:29-0400: = 
2024-06-06 20:51:30-0400: Controller: play B E6
2024-06-06 20:51:30-0400: = 
2024-06-06 20:51:30-0400: Controller: kata-analyze 10
2024-06-06 20:51:30-0400: = 
2024-06-06 20:51:31-0400: Controller: play W F7
2024-06-06 20:51:31-0400: = 
2024-06-06 20:51:31-0400: Controller: kata-analyze 10
2024-06-06 20:51:31-0400: = 
2024-06-06 20:51:32-0400: Controller: play B C16
2024-06-06 20:51:32-0400: = 
2024-06-06 20:51:32-0400: Controller: kata-analyze 10
2024-06-06 20:51:32-0400: = 
2024-06-06 20:51:33-0400: Controller: play W B17
2024-06-06 20:51:33-0400: = 
2024-06-06 20:51:33-0400: Controller: kata-analyze 10
2024-06-06 20:51:33-0400: = 
2024-06-06 20:51:34-0400: Controller: play B H4
2024-06-06 20:51:34-0400: = 
2024-06-06 20:51:34-0400: Controller: kata-analyze 10
2024-06-06 20:51:34-0400: = 
2024-06-06 20:51:35-0400: Controller: play W N2
2024-06-06 20:51:35-0400: = 
2024-06-06 20:51:35-0400: Controller: kata-analyze 10
2024-06-06 20:51:35-0400: = 
2024-06-06 20:51:36-0400: Controller: play B L3
2024-06-06 20:51:36-0400: = 
2024-06-06 20:51:36-0400: Controller: kata-analyze 10
2024-06-06 20:51:36-0400: = 
2024-06-06 20:51:37-0400: Controller: play W H5
2024-06-06 20:51:37-0400: = 
2024-06-06 20:51:37-0400: Controller: kata-analyze 10
2024-06-06 20:51:37-0400: = 
2024-06-06 20:51:38-0400: Controller: play B J4
2024-06-06 20:51:38-0400: = 
2024-06-06 20:51:38-0400: Controller: kata-analyze 10
2024-06-06 20:51:38-0400: = 
2024-06-06 20:51:39-0400: Controller: play W L6
2024-06-06 20:51:39-0400: = 
2024-06-06 20:51:39-0400: Controller: kata-analyze 10
2024-06-06 20:51:39-0400: = 
2024-06-06 20:51:40-0400: Controller: play B D9
2024-06-06 20:51:40-0400: = 
2024-06-06 20:51:40-0400: Controller: kata-analyze 10
2024-06-06 20:51:40-0400: = 
2024-06-06 20:51:41-0400: Controller: play W C8
2024-06-06 20:51:41-0400: = 
2024-06-06 20:51:41-0400: Controller: kata-analyze 10
2024-06-06 20:51:41-0400: = 
2024-06-06 20:51:42-0400: Controller: play B E7
2024-06-06 20:51:42-0400: = 
2024-06-06 20:51:42-0400: Controller: kata-analyze 10
2024-06-06 20:51:42-0400: = 
2024-06-06 20:51:43-0400: Controller: play W D6
2024-06-06 20:51:43-0400: = 
2024-06-06 20:51:43-0400: Controller: kata-analyze 10
2024-06-06 20:51:44-0400: = 
2024-06-06 20:51:45-0400: Controller: play B E5
2024-06-06 20:51:45-0400: = 
2024-06-06 20:51:45-0400: Controller: kata-analyze 10
2024-06-06 20:51:45-0400: = 
2024-06-06 20:51:46-0400: Controller: play W F9
2024-06-06 20:51:46-0400: = 
2024-06-06 20:51:46-0400: Controller: kata-analyze 10
2024-06-06 20:51:46-0400: = 
2024-06-06 20:51:47-0400: Controller: play B E9
2024-06-06 20:51:47-0400: = 
2024-06-06 20:51:47-0400: Controller: kata-analyze 10
2024-06-06 20:51:47-0400: = 
2024-06-06 20:51:48-0400: Controller: play W F8
2024-06-06 20:51:48-0400: = 
2024-06-06 20:51:48-0400: Controller: kata-analyze 10
2024-06-06 20:51:48-0400: = 
2024-06-06 20:51:49-0400: Controller: play B F10
2024-06-06 20:51:49-0400: = 
2024-06-06 20:51:49-0400: Controller: kata-analyze 10
2024-06-06 20:51:49-0400: = 
2024-06-06 20:51:50-0400: Controller: play W C10
2024-06-06 20:51:50-0400: = 
2024-06-06 20:51:50-0400: Controller: kata-analyze 10
2024-06-06 20:51:50-0400: = 
2024-06-06 20:51:51-0400: Controller: play B D15
2024-06-06 20:51:51-0400: = 
2024-06-06 20:51:51-0400: Controller: kata-analyze 10
2024-06-06 20:51:51-0400: = 
2024-06-06 20:51:52-0400: Controller: play W E16
2024-06-06 20:51:52-0400: = 
2024-06-06 20:51:52-0400: Controller: kata-analyze 10
2024-06-06 20:51:52-0400: = 
2024-06-06 20:51:53-0400: Controller: play B D11
2024-06-06 20:51:53-0400: = 
2024-06-06 20:51:53-0400: Controller: kata-analyze 10
2024-06-06 20:51:53-0400: = 
2024-06-06 20:51:54-0400: Controller: play W G10
2024-06-06 20:51:54-0400: = 
2024-06-06 20:51:54-0400: Controller: kata-analyze 10
2024-06-06 20:51:54-0400: = 
2024-06-06 20:51:55-0400: Controller: play B F11
2024-06-06 20:51:55-0400: = 
2024-06-06 20:51:55-0400: Controller: kata-analyze 10
2024-06-06 20:51:55-0400: = 
2024-06-06 20:51:56-0400: Controller: play W H9
2024-06-06 20:51:56-0400: = 
2024-06-06 20:51:56-0400: Controller: kata-analyze 10
2024-06-06 20:51:56-0400: = 
2024-06-06 20:51:57-0400: Controller: play B C11
2024-06-06 20:51:57-0400: = 
2024-06-06 20:51:57-0400: Controller: kata-analyze 10
2024-06-06 20:51:58-0400: = 
2024-06-06 20:51:59-0400: Controller: play W E17
2024-06-06 20:51:59-0400: = 
2024-06-06 20:51:59-0400: Controller: kata-analyze 10
2024-06-06 20:51:59-0400: = 
2024-06-06 20:52:00-0400: Controller: play B B11
2024-06-06 20:52:00-0400: = 
2024-06-06 20:52:00-0400: Controller: kata-analyze 10
2024-06-06 20:52:00-0400: = 
2024-06-06 20:52:01-0400: Controller: play W O18
2024-06-06 20:52:01-0400: = 
2024-06-06 20:52:01-0400: Controller: kata-analyze 10
2024-06-06 20:52:01-0400: = 
2024-06-06 20:52:02-0400: Controller: play B O19
2024-06-06 20:52:02-0400: = 
2024-06-06 20:52:02-0400: Controller: kata-analyze 10
2024-06-06 20:52:02-0400: = 
2024-06-06 20:52:03-0400: Controller: play W F18
2024-06-06 20:52:03-0400: = 
2024-06-06 20:52:03-0400: Controller: kata-analyze 10
2024-06-06 20:52:03-0400: = 
2024-06-06 20:52:04-0400: Controller: play B L18
2024-06-06 20:52:04-0400: = 
2024-06-06 20:52:04-0400: Controller: kata-analyze 10
2024-06-06 20:52:04-0400: = 
2024-06-06 20:52:05-0400: Controller: play W C5
2024-06-06 20:52:05-0400: = 
2024-06-06 20:52:05-0400: Controller: kata-analyze 10
2024-06-06 20:52:05-0400: = 
2024-06-06 20:52:06-0400: Controller: play B B6
2024-06-06 20:52:06-0400: = 
2024-06-06 20:52:06-0400: Controller: kata-analyze 10
2024-06-06 20:52:06-0400: = 
2024-06-06 20:52:07-0400: Controller: play W B5
2024-06-06 20:52:07-0400: = 
2024-06-06 20:52:07-0400: Controller: kata-analyze 10
2024-06-06 20:52:07-0400: = 
2024-06-06 20:52:08-0400: Controller: play B B4
2024-06-06 20:52:08-0400: = 
2024-06-06 20:52:08-0400: Controller: kata-analyze 10
2024-06-06 20:52:08-0400: = 
2024-06-06 20:52:09-0400: Controller: play W A6
2024-06-06 20:52:09-0400: = 
2024-06-06 20:52:09-0400: Controller: kata-analyze 10
2024-06-06 20:52:09-0400: = 
2024-06-06 20:52:10-0400: Controller: play B B10
2024-06-06 20:52:10-0400: = 
2024-06-06 20:52:10-0400: Controller: kata-analyze 10
2024-06-06 20:52:10-0400: = 
2024-06-06 20:52:11-0400: Controller: play W B7
2024-06-06 20:52:11-0400: = 
2024-06-06 20:52:11-0400: Controller: kata-analyze 10
2024-06-06 20:52:11-0400: = 
2024-06-06 20:52:12-0400: Controller: play B A8
2024-06-06 20:52:12-0400: = 
2024-06-06 20:52:12-0400: Controller: kata-analyze 10
2024-06-06 20:52:12-0400: = 
2024-06-06 20:52:14-0400: Controller: play W B8
2024-06-06 20:52:14-0400: = 
2024-06-06 20:52:14-0400: Controller: kata-analyze 10
2024-06-06 20:52:14-0400: = 
2024-06-06 20:52:15-0400: Controller: play B C6
2024-06-06 20:52:15-0400: = 
2024-06-06 20:52:15-0400: Controller: kata-analyze 10
2024-06-06 20:52:15-0400: = 
2024-06-06 20:52:16-0400: Controller: play W D10
2024-06-06 20:52:16-0400: = 
2024-06-06 20:52:16-0400: Controller: kata-analyze 10
2024-06-06 20:52:16-0400: = 
2024-06-06 20:52:17-0400: Controller: play B E10
2024-06-06 20:52:17-0400: = 
2024-06-06 20:52:17-0400: Controller: kata-analyze 10
2024-06-06 20:52:17-0400: = 
2024-06-06 20:52:18-0400: Controller: play W A9
2024-06-06 20:52:18-0400: = 
2024-06-06 20:52:18-0400: Controller: kata-analyze 10
2024-06-06 20:52:18-0400: = 
2024-06-06 20:52:19-0400: Controller: play B B9
2024-06-06 20:52:19-0400: = 
2024-06-06 20:52:19-0400: Controller: kata-analyze 10
2024-06-06 20:52:19-0400: = 
2024-06-06 20:52:20-0400: Controller: play W B13
2024-06-06 20:52:20-0400: = 
2024-06-06 20:52:20-0400: Controller: kata-analyze 10
2024-06-06 20:52:20-0400: = 
2024-06-06 20:52:21-0400: Controller: play B F13
2024-06-06 20:52:21-0400: = 
2024-06-06 20:52:21-0400: Controller: kata-analyze 10
2024-06-06 20:52:21-0400: = 
2024-06-06 20:52:22-0400: Controller: play W F12
2024-06-06 20:52:22-0400: = 
2024-06-06 20:52:22-0400: Controller: kata-analyze 10
2024-06-06 20:52:22-0400: = 
2024-06-06 20:52:23-0400: Controller: play B G12
2024-06-06 20:52:23-0400: = 
2024-06-06 20:52:23-0400: Controller: kata-analyze 10
2024-06-06 20:52:23-0400: = 
2024-06-06 20:52:24-0400: Controller: play W E12
2024-06-06 20:52:24-0400: = 
2024-06-06 20:52:24-0400: Controller: kata-analyze 10
2024-06-06 20:52:24-0400: = 
2024-06-06 20:52:25-0400: Controller: play B G11
2024-06-06 20:52:25-0400: = 
2024-06-06 20:52:25-0400: Controller: kata-analyze 10
2024-06-06 20:52:25-0400: = 
2024-06-06 20:52:26-0400: Controller: play W H11
2024-06-06 20:52:26-0400: = 
2024-06-06 20:52:26-0400: Controller: kata-analyze 10
2024-06-06 20:52:26-0400: = 
2024-06-06 20:52:28-0400: Controller: play B E11
2024-06-06 20:52:28-0400: = 
2024-06-06 20:52:28-0400: Controller: kata-analyze 10
2024-06-06 20:52:28-0400: = 
2024-06-06 20:52:29-0400: Controller: play W E13
2024-06-06 20:52:29-0400: = 
2024-06-06 20:52:29-0400: Controller: kata-analyze 10
2024-06-06 20:52:29-0400: = 
2024-06-06 20:52:30-0400: Controller: play B G13
2024-06-06 20:52:30-0400: = 
2024-06-06 20:52:30-0400: Controller: kata-analyze 10
2024-06-06 20:52:30-0400: = 
2024-06-06 20:52:31-0400: Controller: play W A4
2024-06-06 20:52:31-0400: = 
2024-06-06 20:52:31-0400: Controller: kata-analyze 10
2024-06-06 20:52:31-0400: = 
2024-06-06 20:52:32-0400: Controller: play B A3
2024-06-06 20:52:32-0400: = 
2024-06-06 20:52:32-0400: Controller: kata-analyze 10
2024-06-06 20:52:32-0400: = 
2024-06-06 20:52:33-0400: Controller: play W F14
2024-06-06 20:52:33-0400: = 
2024-06-06 20:52:33-0400: Controller: kata-analyze 10
2024-06-06 20:52:33-0400: = 
2024-06-06 20:52:34-0400: Controller: play B K6
2024-06-06 20:52:34-0400: = 
2024-06-06 20:52:34-0400: Controller: kata-analyze 10
2024-06-06 20:52:34-0400: = 
2024-06-06 20:52:35-0400: Controller: play W B12
2024-06-06 20:52:35-0400: = 
2024-06-06 20:52:35-0400: Controller: kata-analyze 10
2024-06-06 20:52:35-0400: = 
2024-06-06 20:52:36-0400: Controller: play B A5
2024-06-06 20:52:36-0400: = 
2024-06-06 20:52:36-0400: Controller: kata-analyze 10
2024-06-06 20:52:36-0400: = 
2024-06-06 20:52:37-0400: Controller: play W Q8
2024-06-06 20:52:37-0400: = 
2024-06-06 20:52:37-0400: Controller: kata-analyze 10
2024-06-06 20:52:37-0400: = 
2024-06-06 20:52:38-0400: Controller: play B R8
2024-06-06 20:52:38-0400: = 
2024-06-06 20:52:38-0400: Controller: kata-analyze 10
2024-06-06 20:52:38-0400: = 
2024-06-06 20:52:39-0400: Controller: play W A4
2024-06-06 20:52:39-0400: = 
2024-06-06 20:52:39-0400: Controller: kata-analyze 10
2024-06-06 20:52:39-0400: = 
2024-06-06 20:52:40-0400: Controller: play B A10
2024-06-06 20:52:40-0400: = 
2024-06-06 20:52:40-0400: Controller: kata-analyze 10
2024-06-06 20:52:40-0400: = 
2024-06-06 20:52:41-0400: Controller: play W C7
2024-06-06 20:52:41-0400: = 
2024-06-06 20:52:41-0400: Controller: kata-analyze 10
2024-06-06 20:52:41-0400: = 
2024-06-06 20:52:42-0400: Controller: play B A5
2024-06-06 20:52:42-0400: = 
2024-06-06 20:52:42-0400: Controller: kata-analyze 10
2024-06-06 20:52:42-0400: = 
2024-06-06 20:52:44-0400: Controller: play W K19
2024-06-06 20:52:44-0400: = 
2024-06-06 20:52:44-0400: Controller: kata-analyze 10
2024-06-06 20:52:44-0400: = 
2024-06-06 20:52:45-0400: Controller: play B Q9
2024-06-06 20:52:45-0400: = 
2024-06-06 20:52:45-0400: Controller: kata-analyze 10
2024-06-06 20:52:45-0400: = 
2024-06-06 20:52:46-0400: Controller: play W A4
2024-06-06 20:52:46-0400: = 
2024-06-06 20:52:46-0400: Controller: kata-analyze 10
2024-06-06 20:52:46-0400: = 
2024-06-06 20:52:47-0400: Controller: play B A9
2024-06-06 20:52:47-0400: = 
2024-06-06 20:52:47-0400: Controller: kata-analyze 10
2024-06-06 20:52:47-0400: = 
2024-06-06 20:52:48-0400: Controller: play W H13
2024-06-06 20:52:48-0400: = 
2024-06-06 20:52:48-0400: Controller: kata-analyze 10
2024-06-06 20:52:48-0400: = 
2024-06-06 20:52:49-0400: Controller: play B A5
2024-06-06 20:52:49-0400: = 
2024-06-06 20:52:49-0400: Controller: kata-analyze 10
2024-06-06 20:52:49-0400: = 
2024-06-06 20:52:50-0400: Controller: play W H19
2024-06-06 20:52:50-0400: = 
2024-06-06 20:52:50-0400: Controller: kata-analyze 10
2024-06-06 20:52:50-0400: = 
2024-06-06 20:52:51-0400: Controller: play B J19
2024-06-06 20:52:51-0400: = 
2024-06-06 20:52:51-0400: Controller: kata-analyze 10
2024-06-06 20:52:51-0400: = 
2024-06-06 20:52:52-0400: Controller: play W A4
2024-06-06 20:52:52-0400: = 
2024-06-06 20:52:52-0400: Controller: kata-analyze 10
2024-06-06 20:52:52-0400: = 
2024-06-06 20:52:53-0400: Controller: play B A7
2024-06-06 20:52:53-0400: = 
2024-06-06 20:52:53-0400: Controller: kata-analyze 10
2024-06-06 20:52:53-0400: = 
2024-06-06 20:52:54-0400: Controller: play W H12
2024-06-06 20:52:54-0400: = 
2024-06-06 20:52:54-0400: Controller: kata-analyze 10
2024-06-06 20:52:54-0400: = 
2024-06-06 20:52:55-0400: Controller: play B A5
2024-06-06 20:52:55-0400: = 
2024-06-06 20:52:55-0400: Controller: kata-analyze 10
2024-06-06 20:52:55-0400: = 
2024-06-06 20:52:56-0400: Controller: play W M19
2024-06-06 20:52:56-0400: = 
2024-06-06 20:52:56-0400: Controller: kata-analyze 10
2024-06-06 20:52:56-0400: = 
2024-06-06 20:52:58-0400: Controller: play B N19
2024-06-06 20:52:58-0400: = 
2024-06-06 20:52:58-0400: Controller: kata-analyze 10
2024-06-06 20:52:58-0400: = 
2024-06-06 20:52:59-0400: Controller: play W A4
2024-06-06 20:52:59-0400: = 
2024-06-06 20:52:59-0400: Controller: kata-analyze 10
2024-06-06 20:52:59-0400: = 
2024-06-06 20:53:00-0400: Controller: play B E18
2024-06-06 20:53:00-0400: = 
2024-06-06 20:53:00-0400: Controller: kata-analyze 10
2024-06-06 20:53:00-0400: = 
2024-06-06 20:53:01-0400: Controller: play W D12
2024-06-06 20:53:01-0400: = 
2024-06-06 20:53:01-0400: Controller: kata-analyze 10
2024-06-06 20:53:01-0400: = 
2024-06-06 20:53:02-0400: Controller: play B B6
2024-06-06 20:53:02-0400: = 
2024-06-06 20:53:02-0400: Controller: kata-analyze 10
2024-06-06 20:53:02-0400: = 
2024-06-06 20:53:03-0400: Controller: play W C6
2024-06-06 20:53:03-0400: = 
2024-06-06 20:53:03-0400: Controller: kata-analyze 10
2024-06-06 20:53:03-0400: = 
2024-06-06 20:53:04-0400: Controller: play B D18
2024-06-06 20:53:04-0400: = 
2024-06-06 20:53:04-0400: Controller: kata-analyze 10
2024-06-06 20:53:04-0400: = 
2024-06-06 20:53:05-0400: Controller: play W C12
2024-06-06 20:53:05-0400: = 
2024-06-06 20:53:05-0400: Controller: kata-analyze 10
2024-06-06 20:53:05-0400: = 
2024-06-06 20:53:06-0400: Controller: play B A5
2024-06-06 20:53:06-0400: = 
2024-06-06 20:53:06-0400: Controller: kata-analyze 10
2024-06-06 20:53:06-0400: = 
2024-06-06 20:53:07-0400: Controller: play W G14
2024-06-06 20:53:07-0400: = 
2024-06-06 20:53:07-0400: Controller: kata-analyze 10
2024-06-06 20:53:07-0400: = 
2024-06-06 20:53:08-0400: Controller: play B B6
2024-06-06 20:53:08-0400: = 
2024-06-06 20:53:08-0400: Controller: kata-analyze 10
2024-06-06 20:53:08-0400: = 
2024-06-06 20:53:09-0400: Controller: play W A11
2024-06-06 20:53:09-0400: = 
2024-06-06 20:53:09-0400: Controller: kata-analyze 10
2024-06-06 20:53:09-0400: = 
2024-06-06 20:53:10-0400: Controller: play B A12
2024-06-06 20:53:10-0400: = 
2024-06-06 20:53:10-0400: Controller: kata-analyze 10
2024-06-06 20:53:10-0400: = 
2024-06-06 20:53:11-0400: Controller: play W A6
2024-06-06 20:53:11-0400: = 
2024-06-06 20:53:11-0400: Controller: kata-analyze 10
2024-06-06 20:53:11-0400: = 
2024-06-06 20:53:12-0400: Controller: play B F16
2024-06-06 20:53:12-0400: = 
2024-06-06 20:53:12-0400: Controller: kata-analyze 10
2024-06-06 20:53:12-0400: = 
2024-06-06 20:53:13-0400: Controller: play W A11
2024-06-06 20:53:13-0400: = 
2024-06-06 20:53:13-0400: Controller: kata-analyze 10
2024-06-06 20:53:13-0400: = 
2024-06-06 20:53:14-0400: Controller: play B E15
2024-06-06 20:53:14-0400: = 
2024-06-06 20:53:14-0400: Controller: kata-analyze 10
2024-06-06 20:53:15-0400: = 
2024-06-06 20:53:16-0400: Controller: play W N4
2024-06-06 20:53:16-0400: = 
2024-06-06 20:53:16-0400: Controller: kata-analyze 10
2024-06-06 20:53:16-0400: = 
2024-06-06 20:53:17-0400: Controller: play B B15
2024-06-06 20:53:17-0400: = 
2024-06-06 20:53:17-0400: Controller: kata-analyze 10
2024-06-06 20:53:17-0400: = 
2024-06-06 20:53:18-0400: Controller: play W R10
2024-06-06 20:53:18-0400: = 
2024-06-06 20:53:18-0400: Controller: kata-analyze 10
2024-06-06 20:53:18-0400: = 
2024-06-06 20:53:19-0400: Controller: play B Q13
2024-06-06 20:53:19-0400: = 
2024-06-06 20:53:19-0400: Controller: kata-analyze 10
2024-06-06 20:53:19-0400: = 
2024-06-06 20:53:20-0400: Controller: play W P13
2024-06-06 20:53:20-0400: = 
2024-06-06 20:53:20-0400: Controller: kata-analyze 10
2024-06-06 20:53:20-0400: = 
2024-06-06 20:53:21-0400: Controller: play B Q12
2024-06-06 20:53:21-0400: = 
2024-06-06 20:53:21-0400: Controller: kata-analyze 10
2024-06-06 20:53:21-0400: = 
2024-06-06 20:53:22-0400: Controller: play W O12
2024-06-06 20:53:22-0400: = 
2024-06-06 20:53:22-0400: Controller: kata-analyze 10
2024-06-06 20:53:22-0400: = 
2024-06-06 20:53:23-0400: Controller: play B Q11
2024-06-06 20:53:23-0400: = 
2024-06-06 20:53:23-0400: Controller: kata-analyze 10
2024-06-06 20:53:23-0400: = 
2024-06-06 20:53:24-0400: Controller: play W Q10
2024-06-06 20:53:24-0400: = 
2024-06-06 20:53:24-0400: Controller: kata-analyze 10
2024-06-06 20:53:24-0400: = 
2024-06-06 20:53:25-0400: Controller: play B R11
2024-06-06 20:53:25-0400: = 
2024-06-06 20:53:25-0400: Controller: kata-analyze 10
2024-06-06 20:53:25-0400: = 
2024-06-06 20:53:26-0400: Controller: play W P10
2024-06-06 20:53:26-0400: = 
2024-06-06 20:53:26-0400: Controller: kata-analyze 10
2024-06-06 20:53:26-0400: = 
2024-06-06 20:53:27-0400: Controller: play B S10
2024-06-06 20:53:27-0400: = 
2024-06-06 20:53:27-0400: Controller: kata-analyze 10
2024-06-06 20:53:27-0400: = 
2024-06-06 20:53:28-0400: Controller: play W S9
2024-06-06 20:53:28-0400: = 
2024-06-06 20:53:28-0400: Controller: kata-analyze 10
2024-06-06 20:53:28-0400: = 
2024-06-06 20:53:30-0400: Controller: play B S12
2024-06-06 20:53:30-0400: = 
2024-06-06 20:53:30-0400: Controller: kata-analyze 10
2024-06-06 20:53:30-0400: = 
2024-06-06 20:53:31-0400: Controller: play W T10
2024-06-06 20:53:31-0400: = 
2024-06-06 20:53:31-0400: Controller: kata-analyze 10
2024-06-06 20:53:31-0400: = 
2024-06-06 20:53:32-0400: Controller: play B T13
2024-06-06 20:53:32-0400: = 
2024-06-06 20:53:32-0400: Controller: kata-analyze 10
2024-06-06 20:53:32-0400: = 
2024-06-06 20:53:33-0400: Controller: play W T15
2024-06-06 20:53:33-0400: = 
2024-06-06 20:53:33-0400: Controller: kata-analyze 10
2024-06-06 20:53:33-0400: = 
2024-06-06 20:53:34-0400: Controller: play B S16
2024-06-06 20:53:34-0400: = 
2024-06-06 20:53:34-0400: Controller: kata-analyze 10
2024-06-06 20:53:34-0400: = 
2024-06-06 20:53:35-0400: Controller: play W S17
2024-06-06 20:53:35-0400: = 
2024-06-06 20:53:35-0400: Controller: kata-analyze 10
2024-06-06 20:53:35-0400: = 
2024-06-06 20:53:36-0400: Controller: play B S11
2024-06-06 20:53:36-0400: = 
2024-06-06 20:53:36-0400: Controller: kata-analyze 10
2024-06-06 20:53:36-0400: = 
2024-06-06 20:53:37-0400: Controller: play W R9
2024-06-06 20:53:37-0400: = 
2024-06-06 20:53:37-0400: Controller: kata-analyze 10
2024-06-06 20:53:37-0400: = 
2024-06-06 20:53:38-0400: Controller: play B T16
2024-06-06 20:53:38-0400: = 
2024-06-06 20:53:38-0400: Controller: kata-analyze 10
2024-06-06 20:53:38-0400: = 
2024-06-06 20:53:39-0400: Controller: play W T12
2024-06-06 20:53:39-0400: = 
2024-06-06 20:53:39-0400: Controller: kata-analyze 10
2024-06-06 20:53:39-0400: = 
2024-06-06 20:53:40-0400: Controller: play B O11
2024-06-06 20:53:40-0400: = 
2024-06-06 20:53:40-0400: Controller: kata-analyze 10
2024-06-06 20:53:40-0400: = 
2024-06-06 20:53:41-0400: Controller: play W N12
2024-06-06 20:53:41-0400: = 
2024-06-06 20:53:41-0400: Controller: kata-analyze 10
2024-06-06 20:53:41-0400: = 
2024-06-06 20:53:42-0400: Controller: play B O10
2024-06-06 20:53:42-0400: = 
2024-06-06 20:53:42-0400: Controller: kata-analyze 10
2024-06-06 20:53:42-0400: = 
2024-06-06 20:53:44-0400: Controller: play W O9
2024-06-06 20:53:44-0400: = 
2024-06-06 20:53:44-0400: Controller: kata-analyze 10
2024-06-06 20:53:44-0400: = 
2024-06-06 20:53:45-0400: Controller: play B T11
2024-06-06 20:53:45-0400: = 
2024-06-06 20:53:45-0400: Controller: kata-analyze 10
2024-06-06 20:53:45-0400: = 
2024-06-06 20:53:46-0400: Controller: play W T9
2024-06-06 20:53:46-0400: = 
2024-06-06 20:53:46-0400: Controller: kata-analyze 10
2024-06-06 20:53:46-0400: = 
2024-06-06 20:53:47-0400: Controller: play B P11
2024-06-06 20:53:47-0400: = 
2024-06-06 20:53:47-0400: Controller: kata-analyze 10
2024-06-06 20:53:47-0400: = 
2024-06-06 20:53:48-0400: Controller: play W N10
2024-06-06 20:53:48-0400: = 
2024-06-06 20:53:48-0400: Controller: kata-analyze 10
2024-06-06 20:53:48-0400: = 
2024-06-06 20:53:49-0400: Controller: play B N3
2024-06-06 20:53:49-0400: = 
2024-06-06 20:53:49-0400: Controller: kata-analyze 10
2024-06-06 20:53:49-0400: = 
2024-06-06 20:53:50-0400: Controller: play W O3
2024-06-06 20:53:50-0400: = 
2024-06-06 20:53:50-0400: Controller: kata-analyze 10
2024-06-06 20:53:50-0400: = 
2024-06-06 20:53:51-0400: Controller: play B M3
2024-06-06 20:53:51-0400: = 
2024-06-06 20:53:51-0400: Controller: kata-analyze 10
2024-06-06 20:53:51-0400: = 
2024-06-06 20:53:52-0400: Controller: play W N14
2024-06-06 20:53:52-0400: = 
2024-06-06 20:53:52-0400: Controller: kata-analyze 10
2024-06-06 20:53:52-0400: = 
2024-06-06 20:53:53-0400: Controller: play B O13
2024-06-06 20:53:53-0400: = 
2024-06-06 20:53:53-0400: Controller: kata-analyze 10
2024-06-06 20:53:53-0400: = 
2024-06-06 20:53:54-0400: Controller: play W P12
2024-06-06 20:53:54-0400: = 
2024-06-06 20:53:54-0400: Controller: kata-analyze 10
2024-06-06 20:53:54-0400: = 
2024-06-06 20:53:55-0400: Controller: play B N15
2024-06-06 20:53:55-0400: = 
2024-06-06 20:53:55-0400: Controller: kata-analyze 10
2024-06-06 20:53:55-0400: = 
2024-06-06 20:53:56-0400: Controller: play W L14
2024-06-06 20:53:56-0400: = 
2024-06-06 20:53:56-0400: Controller: kata-analyze 10
2024-06-06 20:53:56-0400: = 
2024-06-06 20:53:57-0400: Controller: play B P17
2024-06-06 20:53:57-0400: = 
2024-06-06 20:53:57-0400: Controller: kata-analyze 10
2024-06-06 20:53:57-0400: = 
2024-06-06 20:53:58-0400: Controller: play W P9
2024-06-06 20:53:58-0400: = 
2024-06-06 20:53:58-0400: Controller: kata-analyze 10
2024-06-06 20:53:58-0400: = 
2024-06-06 20:53:59-0400: Controller: play B S7
2024-06-06 20:54:00-0400: = 
2024-06-06 20:54:00-0400: Controller: kata-analyze 10
2024-06-06 20:54:00-0400: = 
2024-06-06 20:54:01-0400: Controller: play W S15
2024-06-06 20:54:01-0400: = 
2024-06-06 20:54:01-0400: Controller: kata-analyze 10
2024-06-06 20:54:01-0400: = 
2024-06-06 20:54:02-0400: Controller: play B R19
2024-06-06 20:54:02-0400: = 
2024-06-06 20:54:02-0400: Controller: kata-analyze 10
2024-06-06 20:54:02-0400: = 
2024-06-06 20:54:03-0400: Controller: play W N5
2024-06-06 20:54:03-0400: = 
2024-06-06 20:54:03-0400: Controller: kata-analyze 10
2024-06-06 20:54:03-0400: = 
2024-06-06 20:54:04-0400: Controller: play B P2
2024-06-06 20:54:04-0400: = 
2024-06-06 20:54:04-0400: Controller: kata-analyze 10
2024-06-06 20:54:04-0400: = 
2024-06-06 20:54:05-0400: Controller: play W T14
2024-06-06 20:54:05-0400: = 
2024-06-06 20:54:05-0400: Controller: kata-analyze 10
2024-06-06 20:54:05-0400: = 
2024-06-06 20:54:06-0400: Controller: play B T19
2024-06-06 20:54:06-0400: = 
2024-06-06 20:54:06-0400: Controller: kata-analyze 10
2024-06-06 20:54:06-0400: = 
2024-06-06 20:54:07-0400: Controller: play W T12
2024-06-06 20:54:07-0400: = 
2024-06-06 20:54:07-0400: Controller: kata-analyze 10
2024-06-06 20:54:07-0400: = 
2024-06-06 20:54:08-0400: Controller: play B O8
2024-06-06 20:54:08-0400: = 
2024-06-06 20:54:08-0400: Controller: kata-analyze 10
2024-06-06 20:54:08-0400: = 
2024-06-06 20:54:09-0400: Controller: play W N11
2024-06-06 20:54:09-0400: = 
2024-06-06 20:54:09-0400: Controller: kata-analyze 10
2024-06-06 20:54:09-0400: = 
2024-06-06 20:54:10-0400: Controller: play B T13
2024-06-06 20:54:10-0400: = 
2024-06-06 20:54:10-0400: Controller: kata-analyze 10
2024-06-06 20:54:10-0400: = 
2024-06-06 20:54:11-0400: Controller: play W T17
2024-06-06 20:54:11-0400: = 
2024-06-06 20:54:11-0400: Controller: kata-analyze 10
2024-06-06 20:54:11-0400: = 
2024-06-06 20:54:12-0400: Controller: stop
2024-06-06 20:54:12-0400: = 
2024-06-06 20:55:37-0400: Controller: boardsize 19
2024-06-06 20:55:37-0400: = 
2024-06-06 20:55:37-0400: Controller: komi 6.5
2024-06-06 20:55:37-0400: = 
2024-06-06 20:55:37-0400: Controller: stop
2024-06-06 20:55:37-0400: = 
2024-06-06 20:55:37-0400: Controller: clear_board
2024-06-06 20:55:37-0400: = 
2024-06-06 20:55:53-0400: Controller: kata-set-param analysisWideRootNoise 0
2024-06-06 20:55:53-0400: = 
2024-06-06 20:55:53-0400: Controller: clear_cache
2024-06-06 20:55:53-0400: = 
2024-06-06 20:55:54-0400: Controller: play B Q16
2024-06-06 20:55:54-0400: = 
2024-06-06 20:55:54-0400: Controller: kata-analyze 10
2024-06-06 20:55:54-0400: = 
2024-06-06 20:55:55-0400: Controller: play W D4
2024-06-06 20:55:55-0400: = 
2024-06-06 20:55:55-0400: Controller: kata-analyze 10
2024-06-06 20:55:55-0400: = 
2024-06-06 20:55:57-0400: Controller: play B Q4
2024-06-06 20:55:57-0400: = 
2024-06-06 20:55:57-0400: Controller: kata-analyze 10
2024-06-06 20:55:57-0400: = 
2024-06-06 20:55:58-0400: Controller: play W D16
2024-06-06 20:55:58-0400: = 
2024-06-06 20:55:58-0400: Controller: kata-analyze 10
2024-06-06 20:55:58-0400: = 
2024-06-06 20:55:59-0400: Controller: play B C17
2024-06-06 20:55:59-0400: = 
2024-06-06 20:55:59-0400: Controller: kata-analyze 10
2024-06-06 20:55:59-0400: = 
2024-06-06 20:56:00-0400: Controller: play W D17
2024-06-06 20:56:00-0400: = 
2024-06-06 20:56:00-0400: Controller: kata-analyze 10
2024-06-06 20:56:00-0400: = 
2024-06-06 20:56:01-0400: Controller: play B C16
2024-06-06 20:56:01-0400: = 
2024-06-06 20:56:01-0400: Controller: kata-analyze 10
2024-06-06 20:56:01-0400: = 
2024-06-06 20:56:02-0400: Controller: play W D15
2024-06-06 20:56:02-0400: = 
2024-06-06 20:56:02-0400: Controller: kata-analyze 10
2024-06-06 20:56:02-0400: = 
2024-06-06 20:56:03-0400: Controller: play B B14
2024-06-06 20:56:03-0400: = 
2024-06-06 20:56:03-0400: Controller: kata-analyze 10
2024-06-06 20:56:03-0400: = 
2024-06-06 20:56:04-0400: Controller: play W R3
2024-06-06 20:56:04-0400: = 
2024-06-06 20:56:04-0400: Controller: kata-analyze 10
2024-06-06 20:56:04-0400: = 
2024-06-06 20:56:05-0400: Controller: play B R4
2024-06-06 20:56:05-0400: = 
2024-06-06 20:56:05-0400: Controller: kata-analyze 10
2024-06-06 20:56:05-0400: = 
2024-06-06 20:56:06-0400: Controller: play W Q3
2024-06-06 20:56:06-0400: = 
2024-06-06 20:56:06-0400: Controller: kata-analyze 10
2024-06-06 20:56:06-0400: = 
2024-06-06 20:56:07-0400: Controller: play B O3
2024-06-06 20:56:07-0400: = 
2024-06-06 20:56:07-0400: Controller: kata-analyze 10
2024-06-06 20:56:07-0400: = 
2024-06-06 20:56:08-0400: Controller: play W O2
2024-06-06 20:56:08-0400: = 
2024-06-06 20:56:08-0400: Controller: kata-analyze 10
2024-06-06 20:56:08-0400: = 
2024-06-06 20:56:09-0400: Controller: play B N2
2024-06-06 20:56:09-0400: = 
2024-06-06 20:56:09-0400: Controller: kata-analyze 10
2024-06-06 20:56:09-0400: = 
2024-06-06 20:56:10-0400: Controller: play W P3
2024-06-06 20:56:10-0400: = 
2024-06-06 20:56:10-0400: Controller: kata-analyze 10
2024-06-06 20:56:10-0400: = 
2024-06-06 20:56:11-0400: Controller: play B O4
2024-06-06 20:56:11-0400: = 
2024-06-06 20:56:11-0400: Controller: kata-analyze 10
2024-06-06 20:56:11-0400: = 
2024-06-06 20:56:12-0400: Controller: play W P4
2024-06-06 20:56:12-0400: = 
2024-06-06 20:56:12-0400: Controller: kata-analyze 10
2024-06-06 20:56:12-0400: = 
2024-06-06 20:56:13-0400: Controller: play B P5
2024-06-06 20:56:13-0400: = 
2024-06-06 20:56:13-0400: Controller: kata-analyze 10
2024-06-06 20:56:14-0400: = 
2024-06-06 20:56:14-0400: Controller: kata-analyze W 10
2024-06-06 20:56:14-0400: = 
2024-06-06 20:56:15-0400: Controller: play W Q5
2024-06-06 20:56:15-0400: = 
2024-06-06 20:56:15-0400: Controller: kata-analyze 10
2024-06-06 20:56:15-0400: = 
2024-06-06 20:56:16-0400: Controller: play B S5
2024-06-06 20:56:16-0400: = 
2024-06-06 20:56:16-0400: Controller: kata-analyze 10
2024-06-06 20:56:16-0400: = 
2024-06-06 20:56:17-0400: Controller: play W Q6
2024-06-06 20:56:17-0400: = 
2024-06-06 20:56:17-0400: Controller: kata-analyze 10
2024-06-06 20:56:17-0400: = 
2024-06-06 20:56:18-0400: Controller: play B P6
2024-06-06 20:56:18-0400: = 
2024-06-06 20:56:18-0400: Controller: kata-analyze 10
2024-06-06 20:56:18-0400: = 
2024-06-06 20:56:19-0400: Controller: play W P7
2024-06-06 20:56:19-0400: = 
2024-06-06 20:56:19-0400: Controller: kata-analyze 10
2024-06-06 20:56:19-0400: = 
2024-06-06 20:56:20-0400: Controller: play B O7
2024-06-06 20:56:20-0400: = 
2024-06-06 20:56:20-0400: Controller: kata-analyze 10
2024-06-06 20:56:20-0400: = 
2024-06-06 20:56:21-0400: Controller: play W R7
2024-06-06 20:56:21-0400: = 
2024-06-06 20:56:21-0400: Controller: kata-analyze 10
2024-06-06 20:56:21-0400: = 
2024-06-06 20:56:22-0400: Controller: play B P8
2024-06-06 20:56:22-0400: = 
2024-06-06 20:56:22-0400: Controller: kata-analyze 10
2024-06-06 20:56:22-0400: = 
2024-06-06 20:56:23-0400: Controller: play W Q7
2024-06-06 20:56:23-0400: = 
2024-06-06 20:56:23-0400: Controller: kata-analyze 10
2024-06-06 20:56:23-0400: = 
2024-06-06 20:56:25-0400: Controller: play B S3
2024-06-06 20:56:25-0400: = 
2024-06-06 20:56:25-0400: Controller: kata-analyze 10
2024-06-06 20:56:25-0400: = 
2024-06-06 20:56:26-0400: Controller: play W P2
2024-06-06 20:56:26-0400: = 
2024-06-06 20:56:26-0400: Controller: kata-analyze 10
2024-06-06 20:56:26-0400: = 
2024-06-06 20:56:27-0400: Controller: play B R9
2024-06-06 20:56:27-0400: = 
2024-06-06 20:56:27-0400: Controller: kata-analyze 10
2024-06-06 20:56:27-0400: = 
2024-06-06 20:56:28-0400: Controller: play W O8
2024-06-06 20:56:28-0400: = 
2024-06-06 20:56:28-0400: Controller: kata-analyze 10
2024-06-06 20:56:28-0400: = 
2024-06-06 20:56:29-0400: Controller: play B O6
2024-06-06 20:56:29-0400: = 
2024-06-06 20:56:29-0400: Controller: kata-analyze 10
2024-06-06 20:56:29-0400: = 
2024-06-06 20:56:30-0400: Controller: play W S2
2024-06-06 20:56:30-0400: = 
2024-06-06 20:56:30-0400: Controller: kata-analyze 10
2024-06-06 20:56:30-0400: = 
2024-06-06 20:56:31-0400: Controller: play B T2
2024-06-06 20:56:31-0400: = 
2024-06-06 20:56:31-0400: Controller: kata-analyze 10
2024-06-06 20:56:31-0400: = 
2024-06-06 20:56:32-0400: Controller: play W R2
2024-06-06 20:56:32-0400: = 
2024-06-06 20:56:32-0400: Controller: kata-analyze 10
2024-06-06 20:56:32-0400: = 
2024-06-06 20:56:33-0400: Controller: play B S6
2024-06-06 20:56:33-0400: = 
2024-06-06 20:56:33-0400: Controller: kata-analyze 10
2024-06-06 20:56:33-0400: = 
2024-06-06 20:56:34-0400: Controller: play W Q9
2024-06-06 20:56:34-0400: = 
2024-06-06 20:56:34-0400: Controller: kata-analyze 10
2024-06-06 20:56:34-0400: = 
2024-06-06 20:56:35-0400: Controller: play B S7
2024-06-06 20:56:35-0400: = 
2024-06-06 20:56:35-0400: Controller: kata-analyze 10
2024-06-06 20:56:35-0400: = 
2024-06-06 20:56:36-0400: Controller: play W N3
2024-06-06 20:56:36-0400: = 
2024-06-06 20:56:36-0400: Controller: kata-analyze 10
2024-06-06 20:56:36-0400: = 
2024-06-06 20:56:37-0400: Controller: play B Q8
2024-06-06 20:56:37-0400: = 
2024-06-06 20:56:37-0400: Controller: kata-analyze 10
2024-06-06 20:56:37-0400: = 
2024-06-06 20:56:38-0400: Controller: play W R8
2024-06-06 20:56:38-0400: = 
2024-06-06 20:56:38-0400: Controller: kata-analyze 10
2024-06-06 20:56:38-0400: = 
2024-06-06 20:56:39-0400: Controller: play B P9
2024-06-06 20:56:39-0400: = 
2024-06-06 20:56:39-0400: Controller: kata-analyze 10
2024-06-06 20:56:39-0400: = 
2024-06-06 20:56:40-0400: Controller: play W Q10
2024-06-06 20:56:40-0400: = 
2024-06-06 20:56:40-0400: Controller: kata-analyze 10
2024-06-06 20:56:40-0400: = 
2024-06-06 20:56:41-0400: Controller: play B P10
2024-06-06 20:56:41-0400: = 
2024-06-06 20:56:41-0400: Controller: kata-analyze 10
2024-06-06 20:56:41-0400: = 
2024-06-06 20:56:43-0400: Controller: play W S9
2024-06-06 20:56:43-0400: = 
2024-06-06 20:56:43-0400: Controller: kata-analyze 10
2024-06-06 20:56:43-0400: = 
2024-06-06 20:56:44-0400: Controller: play B R10
2024-06-06 20:56:44-0400: = 
2024-06-06 20:56:44-0400: Controller: kata-analyze 10
2024-06-06 20:56:44-0400: = 
2024-06-06 20:56:45-0400: Controller: play W Q11
2024-06-06 20:56:45-0400: = 
2024-06-06 20:56:45-0400: Controller: kata-analyze 10
2024-06-06 20:56:45-0400: = 
2024-06-06 20:56:46-0400: Controller: play B S10
2024-06-06 20:56:46-0400: = 
2024-06-06 20:56:46-0400: Controller: kata-analyze 10
2024-06-06 20:56:46-0400: = 
2024-06-06 20:56:47-0400: Controller: play W S8
2024-06-06 20:56:47-0400: = 
2024-06-06 20:56:47-0400: Controller: kata-analyze 10
2024-06-06 20:56:47-0400: = 
2024-06-06 20:56:48-0400: Controller: play B T9
2024-06-06 20:56:48-0400: = 
2024-06-06 20:56:48-0400: Controller: kata-analyze 10
2024-06-06 20:56:48-0400: = 
2024-06-06 20:56:49-0400: Controller: play W P11
2024-06-06 20:56:49-0400: = 
2024-06-06 20:56:49-0400: Controller: kata-analyze 10
2024-06-06 20:56:49-0400: = 
2024-06-06 20:56:50-0400: Controller: play B N8
2024-06-06 20:56:50-0400: = 
2024-06-06 20:56:50-0400: Controller: kata-analyze 10
2024-06-06 20:56:50-0400: = 
2024-06-06 20:56:51-0400: Controller: play W S11
2024-06-06 20:56:51-0400: = 
2024-06-06 20:56:51-0400: Controller: kata-analyze 10
2024-06-06 20:56:51-0400: = 
2024-06-06 20:56:52-0400: Controller: play B T8
2024-06-06 20:56:52-0400: = 
2024-06-06 20:56:52-0400: Controller: kata-analyze 10
2024-06-06 20:56:52-0400: = 
2024-06-06 20:56:53-0400: Controller: play W R11
2024-06-06 20:56:53-0400: = 
2024-06-06 20:56:53-0400: Controller: kata-analyze 10
2024-06-06 20:56:53-0400: = 
2024-06-06 20:56:54-0400: Controller: play B T10
2024-06-06 20:56:54-0400: = 
2024-06-06 20:56:54-0400: Controller: kata-analyze 10
2024-06-06 20:56:54-0400: = 
2024-06-06 20:56:55-0400: Controller: play W N4
2024-06-06 20:56:55-0400: = 
2024-06-06 20:56:55-0400: Controller: kata-analyze 10
2024-06-06 20:56:55-0400: = 
2024-06-06 20:56:56-0400: Controller: play B R15
2024-06-06 20:56:56-0400: = 
2024-06-06 20:56:56-0400: Controller: kata-analyze 10
2024-06-06 20:56:56-0400: = 
2024-06-06 20:56:57-0400: Controller: play W O17
2024-06-06 20:56:57-0400: = 
2024-06-06 20:56:58-0400: Controller: kata-analyze 10
2024-06-06 20:56:58-0400: = 
2024-06-06 20:56:59-0400: Controller: play B P18
2024-06-06 20:56:59-0400: = 
2024-06-06 20:56:59-0400: Controller: kata-analyze 10
2024-06-06 20:56:59-0400: = 
2024-06-06 20:57:00-0400: Controller: play W P15
2024-06-06 20:57:00-0400: = 
2024-06-06 20:57:00-0400: Controller: kata-analyze 10
2024-06-06 20:57:00-0400: = 
2024-06-06 20:57:01-0400: Controller: play B C3
2024-06-06 20:57:01-0400: = 
2024-06-06 20:57:01-0400: Controller: kata-analyze 10
2024-06-06 20:57:01-0400: = 
2024-06-06 20:57:02-0400: Controller: play W C4
2024-06-06 20:57:02-0400: = 
2024-06-06 20:57:02-0400: Controller: kata-analyze 10
2024-06-06 20:57:02-0400: = 
2024-06-06 20:57:03-0400: Controller: play B D3
2024-06-06 20:57:03-0400: = 
2024-06-06 20:57:03-0400: Controller: kata-analyze 10
2024-06-06 20:57:03-0400: = 
2024-06-06 20:57:04-0400: Controller: play W E4
2024-06-06 20:57:04-0400: = 
2024-06-06 20:57:04-0400: Controller: kata-analyze 10
2024-06-06 20:57:04-0400: = 
2024-06-06 20:57:05-0400: Controller: play B E3
2024-06-06 20:57:05-0400: = 
2024-06-06 20:57:05-0400: Controller: kata-analyze 10
2024-06-06 20:57:05-0400: = 
2024-06-06 20:57:06-0400: Controller: play W F3
2024-06-06 20:57:06-0400: = 
2024-06-06 20:57:06-0400: Controller: kata-analyze 10
2024-06-06 20:57:06-0400: = 
2024-06-06 20:57:07-0400: Controller: play B F2
2024-06-06 20:57:07-0400: = 
2024-06-06 20:57:07-0400: Controller: kata-analyze 10
2024-06-06 20:57:07-0400: = 
2024-06-06 20:57:08-0400: Controller: play W O18
2024-06-06 20:57:08-0400: = 
2024-06-06 20:57:08-0400: Controller: kata-analyze 10
2024-06-06 20:57:08-0400: = 
2024-06-06 20:57:09-0400: Controller: play B J16
2024-06-06 20:57:09-0400: = 
2024-06-06 20:57:09-0400: Controller: kata-analyze 10
2024-06-06 20:57:09-0400: = 
2024-06-06 20:57:10-0400: Controller: play W L17
2024-06-06 20:57:10-0400: = 
2024-06-06 20:57:10-0400: Controller: kata-analyze 10
2024-06-06 20:57:10-0400: = 
2024-06-06 20:57:11-0400: Controller: play B P16
2024-06-06 20:57:11-0400: = 
2024-06-06 20:57:11-0400: Controller: kata-analyze 10
2024-06-06 20:57:11-0400: = 
2024-06-06 20:57:12-0400: Controller: play W O16
2024-06-06 20:57:12-0400: = 
2024-06-06 20:57:12-0400: Controller: kata-analyze 10
2024-06-06 20:57:13-0400: = 
2024-06-06 20:57:14-0400: Controller: play B C18
2024-06-06 20:57:14-0400: = 
2024-06-06 20:57:14-0400: Controller: kata-analyze 10
2024-06-06 20:57:14-0400: = 
2024-06-06 20:57:15-0400: Controller: play W S14
2024-06-06 20:57:15-0400: = 
2024-06-06 20:57:15-0400: Controller: kata-analyze 10
2024-06-06 20:57:15-0400: = 
2024-06-06 20:57:16-0400: Controller: play B R18
2024-06-06 20:57:16-0400: = 
2024-06-06 20:57:16-0400: Controller: kata-analyze 10
2024-06-06 20:57:16-0400: = 
2024-06-06 20:57:17-0400: Controller: play W G16
2024-06-06 20:57:17-0400: = 
2024-06-06 20:57:17-0400: Controller: kata-analyze 10
2024-06-06 20:57:17-0400: = 
2024-06-06 20:57:18-0400: Controller: play B J14
2024-06-06 20:57:18-0400: = 
2024-06-06 20:57:18-0400: Controller: kata-analyze 10
2024-06-06 20:57:18-0400: = 
2024-06-06 20:57:19-0400: Controller: play W C13
2024-06-06 20:57:19-0400: = 
2024-06-06 20:57:19-0400: Controller: kata-analyze 10
2024-06-06 20:57:19-0400: = 
2024-06-06 20:57:20-0400: Controller: play B C14
2024-06-06 20:57:20-0400: = 
2024-06-06 20:57:20-0400: Controller: kata-analyze 10
2024-06-06 20:57:20-0400: = 
2024-06-06 20:57:21-0400: Controller: play W D14
2024-06-06 20:57:21-0400: = 
2024-06-06 20:57:21-0400: Controller: kata-analyze 10
2024-06-06 20:57:21-0400: = 
2024-06-06 20:57:22-0400: Controller: play B D13
2024-06-06 20:57:22-0400: = 
2024-06-06 20:57:22-0400: Controller: kata-analyze 10
2024-06-06 20:57:22-0400: = 
2024-06-06 20:57:23-0400: Controller: play W C12
2024-06-06 20:57:23-0400: = 
2024-06-06 20:57:23-0400: Controller: kata-analyze 10
2024-06-06 20:57:23-0400: = 
2024-06-06 20:57:24-0400: Controller: play B E13
2024-06-06 20:57:24-0400: = 
2024-06-06 20:57:24-0400: Controller: kata-analyze 10
2024-06-06 20:57:24-0400: = 
2024-06-06 20:57:25-0400: Controller: play W D11
2024-06-06 20:57:25-0400: = 
2024-06-06 20:57:25-0400: Controller: kata-analyze 10
2024-06-06 20:57:25-0400: = 
2024-06-06 20:57:26-0400: Controller: play B G13
2024-06-06 20:57:26-0400: = 
2024-06-06 20:57:26-0400: Controller: kata-analyze 10
2024-06-06 20:57:26-0400: = 
2024-06-06 20:57:27-0400: Controller: play W F13
2024-06-06 20:57:27-0400: = 
2024-06-06 20:57:27-0400: Controller: kata-analyze 10
2024-06-06 20:57:27-0400: = 
2024-06-06 20:57:28-0400: Controller: play B F14
2024-06-06 20:57:28-0400: = 
2024-06-06 20:57:28-0400: Controller: kata-analyze 10
2024-06-06 20:57:28-0400: = 
2024-06-06 20:57:30-0400: Controller: play W F12
2024-06-06 20:57:30-0400: = 
2024-06-06 20:57:30-0400: Controller: kata-analyze 10
2024-06-06 20:57:30-0400: = 
2024-06-06 20:57:32-0400: Controller: play B E11
2024-06-06 20:57:32-0400: = 
2024-06-06 20:57:32-0400: Controller: kata-analyze 10
2024-06-06 20:57:32-0400: = 
2024-06-06 20:57:33-0400: Controller: play W G14
2024-06-06 20:57:33-0400: = 
2024-06-06 20:57:33-0400: Controller: kata-analyze 10
2024-06-06 20:57:33-0400: = 
2024-06-06 20:57:34-0400: Controller: play B E12
2024-06-06 20:57:34-0400: = 
2024-06-06 20:57:34-0400: Controller: kata-analyze 10
2024-06-06 20:57:34-0400: = 
2024-06-06 20:57:35-0400: Controller: play W F15
2024-06-06 20:57:35-0400: = 
2024-06-06 20:57:35-0400: Controller: kata-analyze 10
2024-06-06 20:57:35-0400: = 
2024-06-06 20:57:36-0400: Controller: play B E14
2024-06-06 20:57:36-0400: = 
2024-06-06 20:57:36-0400: Controller: kata-analyze 10
2024-06-06 20:57:36-0400: = 
2024-06-06 20:57:37-0400: Controller: play W H13
2024-06-06 20:57:37-0400: = 
2024-06-06 20:57:37-0400: Controller: kata-analyze 10
2024-06-06 20:57:37-0400: = 
2024-06-06 20:57:38-0400: Controller: play B G12
2024-06-06 20:57:38-0400: = 
2024-06-06 20:57:38-0400: Controller: kata-analyze 10
2024-06-06 20:57:38-0400: = 
2024-06-06 20:57:39-0400: Controller: play W H14
2024-06-06 20:57:39-0400: = 
2024-06-06 20:57:39-0400: Controller: kata-analyze 10
2024-06-06 20:57:39-0400: = 
2024-06-06 20:57:40-0400: Controller: play B D9
2024-06-06 20:57:40-0400: = 
2024-06-06 20:57:40-0400: Controller: kata-analyze 10
2024-06-06 20:57:40-0400: = 
2024-06-06 20:57:41-0400: Controller: play W C9
2024-06-06 20:57:41-0400: = 
2024-06-06 20:57:41-0400: Controller: kata-analyze 10
2024-06-06 20:57:41-0400: = 
2024-06-06 20:57:42-0400: Controller: play B C8
2024-06-06 20:57:42-0400: = 
2024-06-06 20:57:42-0400: Controller: kata-analyze 10
2024-06-06 20:57:42-0400: = 
2024-06-06 20:57:43-0400: Controller: play W D8
2024-06-06 20:57:43-0400: = 
2024-06-06 20:57:43-0400: Controller: kata-analyze 10
2024-06-06 20:57:43-0400: = 
2024-06-06 20:57:45-0400: Controller: play B E9
2024-06-06 20:57:45-0400: = 
2024-06-06 20:57:45-0400: Controller: kata-analyze 10
2024-06-06 20:57:45-0400: = 
2024-06-06 20:57:46-0400: Controller: play W C10
2024-06-06 20:57:46-0400: = 
2024-06-06 20:57:46-0400: Controller: kata-analyze 10
2024-06-06 20:57:46-0400: = 
2024-06-06 20:57:47-0400: Controller: play B F17
2024-06-06 20:57:47-0400: = 
2024-06-06 20:57:47-0400: Controller: kata-analyze 10
2024-06-06 20:57:47-0400: = 
2024-06-06 20:57:48-0400: Controller: play W G17
2024-06-06 20:57:48-0400: = 
2024-06-06 20:57:48-0400: Controller: kata-analyze 10
2024-06-06 20:57:48-0400: = 
2024-06-06 20:57:49-0400: Controller: play B D7
2024-06-06 20:57:49-0400: = 
2024-06-06 20:57:49-0400: Controller: kata-analyze 10
2024-06-06 20:57:49-0400: = 
2024-06-06 20:57:50-0400: Controller: play W B8
2024-06-06 20:57:50-0400: = 
2024-06-06 20:57:50-0400: Controller: kata-analyze 10
2024-06-06 20:57:50-0400: = 
2024-06-06 20:57:51-0400: Controller: play B E8
2024-06-06 20:57:51-0400: = 
2024-06-06 20:57:51-0400: Controller: kata-analyze 10
2024-06-06 20:57:51-0400: = 
2024-06-06 20:57:52-0400: Controller: play W B7
2024-06-06 20:57:52-0400: = 
2024-06-06 20:57:52-0400: Controller: kata-analyze 10
2024-06-06 20:57:52-0400: = 
2024-06-06 20:57:53-0400: Controller: play B K17
2024-06-06 20:57:53-0400: = 
2024-06-06 20:57:53-0400: Controller: kata-analyze 10
2024-06-06 20:57:53-0400: = 
2024-06-06 20:57:54-0400: Controller: play W L18
2024-06-06 20:57:54-0400: = 
2024-06-06 20:57:54-0400: Controller: kata-analyze 10
2024-06-06 20:57:54-0400: = 
2024-06-06 20:57:55-0400: Controller: play B E18
2024-06-06 20:57:55-0400: = 
2024-06-06 20:57:55-0400: Controller: kata-analyze 10
2024-06-06 20:57:55-0400: = 
2024-06-06 20:57:56-0400: Controller: play W F16
2024-06-06 20:57:56-0400: = 
2024-06-06 20:57:56-0400: Controller: kata-analyze 10
2024-06-06 20:57:56-0400: = 
2024-06-06 20:57:57-0400: Controller: play B M12
2024-06-06 20:57:57-0400: = 
2024-06-06 20:57:57-0400: Controller: kata-analyze 10
2024-06-06 20:57:57-0400: = 
2024-06-06 20:57:58-0400: Controller: play W D18
2024-06-06 20:57:58-0400: = 
2024-06-06 20:57:58-0400: Controller: kata-analyze 10
2024-06-06 20:57:58-0400: = 
2024-06-06 20:57:59-0400: Controller: play B D19
2024-06-06 20:57:59-0400: = 
2024-06-06 20:57:59-0400: Controller: kata-analyze 10
2024-06-06 20:57:59-0400: = 
2024-06-06 20:58:01-0400: Controller: play W K13
2024-06-06 20:58:01-0400: = 
2024-06-06 20:58:01-0400: Controller: kata-analyze 10
2024-06-06 20:58:01-0400: = 
2024-06-06 20:58:02-0400: Controller: play B R14
2024-06-06 20:58:02-0400: = 
2024-06-06 20:58:02-0400: Controller: kata-analyze 10
2024-06-06 20:58:02-0400: = 
2024-06-06 20:58:03-0400: Controller: play W N11
2024-06-06 20:58:03-0400: = 
2024-06-06 20:58:03-0400: Controller: kata-analyze 10
2024-06-06 20:58:03-0400: = 
2024-06-06 20:58:04-0400: Controller: play B O9
2024-06-06 20:58:04-0400: = 
2024-06-06 20:58:04-0400: Controller: kata-analyze 10
2024-06-06 20:58:04-0400: = 
2024-06-06 20:58:05-0400: Controller: play W N12
2024-06-06 20:58:05-0400: = 
2024-06-06 20:58:05-0400: Controller: kata-analyze 10
2024-06-06 20:58:05-0400: = 
2024-06-06 20:58:06-0400: Controller: play B O14
2024-06-06 20:58:06-0400: = 
2024-06-06 20:58:06-0400: Controller: kata-analyze 10
2024-06-06 20:58:06-0400: = 
2024-06-06 20:58:07-0400: Controller: play W P14
2024-06-06 20:58:07-0400: = 
2024-06-06 20:58:07-0400: Controller: kata-analyze 10
2024-06-06 20:58:07-0400: = 
2024-06-06 20:58:08-0400: Controller: play B M14
2024-06-06 20:58:08-0400: = 
2024-06-06 20:58:08-0400: Controller: kata-analyze 10
2024-06-06 20:58:08-0400: = 
2024-06-06 20:58:09-0400: Controller: play W H12
2024-06-06 20:58:09-0400: = 
2024-06-06 20:58:09-0400: Controller: kata-analyze 10
2024-06-06 20:58:09-0400: = 
2024-06-06 20:58:10-0400: Controller: play B F11
2024-06-06 20:58:10-0400: = 
2024-06-06 20:58:10-0400: Controller: kata-analyze 10
2024-06-06 20:58:10-0400: = 
2024-06-06 20:58:11-0400: Controller: play W L11
2024-06-06 20:58:11-0400: = 
2024-06-06 20:58:11-0400: Controller: kata-analyze 10
2024-06-06 20:58:11-0400: = 
2024-06-06 20:58:12-0400: Controller: play B O15
2024-06-06 20:58:12-0400: = 
2024-06-06 20:58:12-0400: Controller: kata-analyze 10
2024-06-06 20:58:12-0400: = 
2024-06-06 20:58:13-0400: Controller: play W O13
2024-06-06 20:58:13-0400: = 
2024-06-06 20:58:13-0400: Controller: kata-analyze 10
2024-06-06 20:58:13-0400: = 
2024-06-06 20:58:14-0400: Controller: play B L16
2024-06-06 20:58:14-0400: = 
2024-06-06 20:58:14-0400: Controller: kata-analyze 10
2024-06-06 20:58:14-0400: = 
2024-06-06 20:58:15-0400: Controller: play W M15
2024-06-06 20:58:15-0400: = 
2024-06-06 20:58:15-0400: Controller: kata-analyze 10
2024-06-06 20:58:15-0400: = 
2024-06-06 20:58:17-0400: Controller: play B M16
2024-06-06 20:58:17-0400: = 
2024-06-06 20:58:17-0400: Controller: kata-analyze 10
2024-06-06 20:58:17-0400: = 
2024-06-06 20:58:18-0400: Controller: play W N16
2024-06-06 20:58:18-0400: = 
2024-06-06 20:58:18-0400: Controller: kata-analyze 10
2024-06-06 20:58:18-0400: = 
2024-06-06 20:58:19-0400: Controller: play B G18
2024-06-06 20:58:19-0400: = 
2024-06-06 20:58:19-0400: Controller: kata-analyze 10
2024-06-06 20:58:19-0400: = 
2024-06-06 20:58:20-0400: Controller: play W H18
2024-06-06 20:58:20-0400: = 
2024-06-06 20:58:20-0400: Controller: kata-analyze 10
2024-06-06 20:58:20-0400: = 
2024-06-06 20:58:21-0400: Controller: play B K12
2024-06-06 20:58:21-0400: = 
2024-06-06 20:58:21-0400: Controller: kata-analyze 10
2024-06-06 20:58:21-0400: = 
2024-06-06 20:58:22-0400: Controller: play W L12
2024-06-06 20:58:22-0400: = 
2024-06-06 20:58:22-0400: Controller: kata-analyze 10
2024-06-06 20:58:22-0400: = 
2024-06-06 20:58:23-0400: Controller: play B M17
2024-06-06 20:58:23-0400: = 
2024-06-06 20:58:23-0400: Controller: kata-analyze 10
2024-06-06 20:58:23-0400: = 
2024-06-06 20:58:24-0400: Controller: play W M18
2024-06-06 20:58:24-0400: = 
2024-06-06 20:58:24-0400: Controller: kata-analyze 10
2024-06-06 20:58:24-0400: = 
2024-06-06 20:58:25-0400: Controller: play B H17
2024-06-06 20:58:25-0400: = 
2024-06-06 20:58:25-0400: Controller: kata-analyze 10
2024-06-06 20:58:25-0400: = 
2024-06-06 20:58:26-0400: Controller: play W G19
2024-06-06 20:58:26-0400: = 
2024-06-06 20:58:26-0400: Controller: kata-analyze 10
2024-06-06 20:58:26-0400: = 
2024-06-06 20:58:27-0400: Controller: play B L13
2024-06-06 20:58:27-0400: = 
2024-06-06 20:58:27-0400: Controller: kata-analyze 10
2024-06-06 20:58:27-0400: = 
2024-06-06 20:58:28-0400: Controller: play W K14
2024-06-06 20:58:28-0400: = 
2024-06-06 20:58:28-0400: Controller: kata-analyze 10
2024-06-06 20:58:28-0400: = 
2024-06-06 20:58:29-0400: Controller: play B K11
2024-06-06 20:58:29-0400: = 
2024-06-06 20:58:29-0400: Controller: kata-analyze 10
2024-06-06 20:58:29-0400: = 
2024-06-06 20:58:30-0400: Controller: play W L10
2024-06-06 20:58:30-0400: = 
2024-06-06 20:58:30-0400: Controller: kata-analyze 10
2024-06-06 20:58:30-0400: = 
2024-06-06 20:58:31-0400: Controller: play B F18
2024-06-06 20:58:31-0400: = 
2024-06-06 20:58:31-0400: Controller: kata-analyze 10
2024-06-06 20:58:31-0400: = 
2024-06-06 20:58:32-0400: Controller: play W J18
2024-06-06 20:58:32-0400: = 
2024-06-06 20:58:32-0400: Controller: kata-analyze 10
2024-06-06 20:58:32-0400: = 
2024-06-06 20:58:34-0400: Controller: stop
2024-06-06 20:58:34-0400: = 
