2024-06-26 20:20:40-0400: Running with following config:
allowResignation = true
lagBuffer = 1.0
logAllGTPCommunication = true
logDir = gtp_logs
logSearchInfo = true
logSearchInfoForChosenMove = false
logToStderr = false
maxTime = 0.5
maxTimePondering = 60.0
numSearchThreads = 16
ogsChatToStderr = true
ponderingEnabled = true
resignConsecTurns = 3
resignThreshold = -0.90
rules = tromp-taylor
searchFactorAfterOnePass = 0.50
searchFactorAfterTwoPass = 0.25
searchFactorWhenWinning = 0.40
searchFactorWhenWinningThreshold = 0.95

2024-06-26 20:20:40-0400: GTP Engine starting...
2024-06-26 20:20:40-0400: KataGo v1.14.1
2024-06-26 20:20:40-0400: Using TrompTaylor rules initially, unless GTP/GUI overrides this
2024-06-26 20:20:40-0400: Using 16 CPU thread(s) for search
2024-06-26 20:20:40-0400: nnRandSeed0 = 12479409807249713479
2024-06-26 20:20:40-0400: After dedups: nnModelFile0 = C:\Users\chang\Downloads\kata1-b18c384nbt-s9937771520-d4300882049.bin.gz useFP16 auto useNHWC auto
2024-06-26 20:20:40-0400: Initializing neural net buffer to be size 19 * 19 exactly
2024-06-26 20:20:44-0400: Found OpenCL Platform 0: NVIDIA CUDA (NVIDIA Corporation) (OpenCL 3.0 CUDA 12.5.51)
2024-06-26 20:20:44-0400: Found 1 device(s) on platform 0 with type CPU or GPU or Accelerator
2024-06-26 20:20:44-0400: Found OpenCL Platform 1: Intel(R) OpenCL Graphics (Intel(R) Corporation) (OpenCL 3.0 )
2024-06-26 20:20:44-0400: Found 1 device(s) on platform 1 with type CPU or GPU or Accelerator
2024-06-26 20:20:44-0400: Found OpenCL Device 0: NVIDIA GeForce RTX 4060 Laptop GPU (NVIDIA Corporation) (score 11000300)
2024-06-26 20:20:44-0400: Found OpenCL Device 1: Intel(R) UHD Graphics (Intel(R) Corporation) (score 6000300)
2024-06-26 20:20:44-0400: Creating context for OpenCL Platform: NVIDIA CUDA (NVIDIA Corporation) (OpenCL 3.0 CUDA 12.5.51)
2024-06-26 20:20:44-0400: Using OpenCL Device 0: NVIDIA GeForce RTX 4060 Laptop GPU (NVIDIA Corporation) OpenCL 3.0 CUDA (Extensions: cl_khr_global_int32_base_atomics cl_khr_global_int32_extended_atomics cl_khr_local_int32_base_atomics cl_khr_local_int32_extended_atomics cl_khr_fp64 cl_khr_3d_image_writes cl_khr_byte_addressable_store cl_khr_icd cl_khr_gl_sharing cl_nv_compiler_options cl_nv_device_attribute_query cl_nv_pragma_unroll cl_nv_d3d10_sharing cl_khr_d3d10_sharing cl_nv_d3d11_sharing cl_nv_copy_opts cl_nv_create_buffer cl_khr_int64_base_atomics cl_khr_int64_extended_atomics cl_khr_device_uuid cl_khr_pci_bus_info cl_khr_external_semaphore cl_khr_external_memory cl_khr_external_semaphore_win32 cl_khr_external_memory_win32)
2024-06-26 20:20:44-0400: Loaded tuning parameters from: C:\Users\chang\Downloads\katago-v1.14.1-opencl-windows-x64/KataGoData/opencltuning/tune11_gpuNVIDIAGeForceRTX4060LaptopGPU_x19_y19_c384_mv14.txt
2024-06-26 20:20:44-0400: OpenCL backend thread 0: Model version 14
2024-06-26 20:20:44-0400: OpenCL backend thread 0: Model name: kata1-b18c384nbt-s9937771520-d4300882049
2024-06-26 20:20:46-0400: OpenCL backend thread 0: FP16Storage true FP16Compute false FP16TensorCores true FP16TensorCoresFor1x1 false
2024-06-26 20:20:46-0400: Loaded neural net with nnXLen 19 nnYLen 19
2024-06-26 20:20:46-0400: Initializing board with boardXSize 19 boardYSize 19
2024-06-26 20:20:46-0400: Loaded config C:/Users/chang/Downloads/katago-v1.14.1-opencl-windows-x64/lizgoban.cfg
2024-06-26 20:20:46-0400: Loaded model C:\Users\chang\Downloads\kata1-b18c384nbt-s9937771520-d4300882049.bin.gz
2024-06-26 20:20:46-0400: Model name: kata1-b18c384nbt-s9937771520-d4300882049
2024-06-26 20:20:46-0400: GTP ready, beginning main protocol loop
2024-06-26 20:20:46-0400: Controller: list_commands
2024-06-26 20:20:46-0400: = protocol_version
name
version
known_command
list_commands
quit
boardsize
rectangular_boardsize
clear_board
set_position
komi
get_komi
play
undo
kata-get-rules
kata-set-rule
kata-set-rules
kata-get-param
kata-set-param
kata-list-params
kgs-rules
genmove
genmove_debug
search_debug
clear_cache
showboard
fixed_handicap
place_free_handicap
set_free_handicap
time_settings
kgs-time_settings
time_left
kata-list_time_settings
kata-time_settings
final_score
final_status_list
loadsgf
printsgf
lz-genmove_analyze
kata-genmove_analyze
lz-analyze
kata-analyze
kata-raw-nn
cputime
gomill-cpu_time
kata-benchmark
kata-debug-print-tc
debug_moves
stop
2024-06-26 20:20:46-0400: Controller: boardsize 9
2024-06-26 20:20:46-0400: GPU -1 finishing, processed 0 rows 0 batches
2024-06-26 20:20:46-0400: Cleaned up old neural net and bot
2024-06-26 20:20:46-0400: nnRandSeed0 = 7454608473461294493
2024-06-26 20:20:46-0400: After dedups: nnModelFile0 = C:\Users\chang\Downloads\kata1-b18c384nbt-s9937771520-d4300882049.bin.gz useFP16 auto useNHWC auto
2024-06-26 20:20:46-0400: Initializing neural net buffer to be size 9 * 9 exactly
2024-06-26 20:20:48-0400: Found OpenCL Platform 0: NVIDIA CUDA (NVIDIA Corporation) (OpenCL 3.0 CUDA 12.5.51)
2024-06-26 20:20:48-0400: Found 1 device(s) on platform 0 with type CPU or GPU or Accelerator
2024-06-26 20:20:48-0400: Found OpenCL Platform 1: Intel(R) OpenCL Graphics (Intel(R) Corporation) (OpenCL 3.0 )
2024-06-26 20:20:48-0400: Found 1 device(s) on platform 1 with type CPU or GPU or Accelerator
2024-06-26 20:20:48-0400: Found OpenCL Device 0: NVIDIA GeForce RTX 4060 Laptop GPU (NVIDIA Corporation) (score 11000300)
2024-06-26 20:20:48-0400: Found OpenCL Device 1: Intel(R) UHD Graphics (Intel(R) Corporation) (score 6000300)
2024-06-26 20:20:48-0400: Creating context for OpenCL Platform: NVIDIA CUDA (NVIDIA Corporation) (OpenCL 3.0 CUDA 12.5.51)
2024-06-26 20:20:48-0400: Using OpenCL Device 0: NVIDIA GeForce RTX 4060 Laptop GPU (NVIDIA Corporation) OpenCL 3.0 CUDA (Extensions: cl_khr_global_int32_base_atomics cl_khr_global_int32_extended_atomics cl_khr_local_int32_base_atomics cl_khr_local_int32_extended_atomics cl_khr_fp64 cl_khr_3d_image_writes cl_khr_byte_addressable_store cl_khr_icd cl_khr_gl_sharing cl_nv_compiler_options cl_nv_device_attribute_query cl_nv_pragma_unroll cl_nv_d3d10_sharing cl_khr_d3d10_sharing cl_nv_d3d11_sharing cl_nv_copy_opts cl_nv_create_buffer cl_khr_int64_base_atomics cl_khr_int64_extended_atomics cl_khr_device_uuid cl_khr_pci_bus_info cl_khr_external_semaphore cl_khr_external_memory cl_khr_external_semaphore_win32 cl_khr_external_memory_win32)
2024-06-26 20:20:48-0400: Loaded tuning parameters from: C:\Users\chang\Downloads\katago-v1.14.1-opencl-windows-x64/KataGoData/opencltuning/tune11_gpuNVIDIAGeForceRTX4060LaptopGPU_x19_y19_c384_mv14.txt
2024-06-26 20:20:48-0400: OpenCL backend thread 0: Model version 14
2024-06-26 20:20:48-0400: OpenCL backend thread 0: Model name: kata1-b18c384nbt-s9937771520-d4300882049
2024-06-26 20:20:50-0400: OpenCL backend thread 0: FP16Storage true FP16Compute false FP16TensorCores true FP16TensorCoresFor1x1 false
2024-06-26 20:20:50-0400: Loaded neural net with nnXLen 9 nnYLen 9
2024-06-26 20:20:50-0400: Initializing board with boardXSize 9 boardYSize 9
2024-06-26 20:20:50-0400: = 
2024-06-26 20:20:50-0400: Controller: clear_board
2024-06-26 20:20:50-0400: = 
2024-06-26 20:20:50-0400: Controller: komi 5.5
2024-06-26 20:20:50-0400: = 
2024-06-26 20:20:50-0400: Controller: genmove black
2024-06-26 20:20:50-0400: MoveNum: 0 HASH: 9F0B2D702FC8448C75410E097F089AEB
   A B C D E F G H J
 9 . . . . . . . . .
 8 . . . . . . . . .
 7 . . . . . . . . .
 6 . . . . . . . . .
 5 . . . . @ . . . .
 4 . . . . . . . . .
 3 . . . . . . . . .
 2 . . . . . . . . .
 1 . . . . . . . . .

koPOSITIONALscoreAREAtaxNONEsui1komi5.5
Time taken: 0.5
Root visits: 481
New playouts: 481
NN rows: 479
NN batches: 44
NN avg batch size: 10.8864
PV: E5 D7 C5 F3 F7 G4 D3 C6 B5 E8 H5 D4
Tree:
: T  38.33c W  38.76c S   0.40c ( +1.2 L  +0.7) N     481  --  E5 D7 C5 F3 F7 G4 D3
---Black(^)---
E5  : T  39.85c W  39.96c S   0.48c ( +1.2 L  +0.8) LCB   35.56c P 41.01% WF 482.1 PSV     478 N     378  --  E5 D7 C5 F3 F7 G4 D3 C6
F6  : T  31.96c W  32.22c S  -0.14c ( +0.9 L  +0.7) LCB   18.72c P 10.51% WF  42.4 PSV      19 N      43  --  F6 D4 D5 C4 F4 E5 E6 F5
F5  : T  32.68c W  37.29c S   0.23c ( +1.1 L  +0.7) LCB   18.69c P  3.05% WF  40.1 PSV       6 N      35  --  F5 D5 E7 C7 E3 G7 G6 H6
G6  : T  -7.72c W  -5.23c S  -1.38c ( +0.3 L  +0.3) LCB  -44.19c P  0.08% WF   1.5 PSV       0 N       6  --  G6 D4 E4 D5
G5  : T   4.85c W   3.13c S  -0.97c ( +0.5 L  +0.3) LCB  -35.86c P  0.25% WF   3.7 PSV       0 N       5  --  G5 D5 E5 E4
G7  : T -48.12c W -45.23c S  -2.87c ( -0.4 L  -0.3) LCB -124.41c P  0.01% WF   0.1 PSV       0 N       3  --  G7 D4
pss : T -121.28c W -99.49c S -21.79c (-10.1 L  -9.9) LCB -471.28c P  0.00% WF   0.0 PSV       0 N       1  --  pass
H5  : T -74.44c W -69.22c S  -5.21c ( -1.4 L  -0.5) LCB -424.44c P  0.00% WF   0.0 PSV       0 N       1  --  H5
H7  : T -104.16c W -93.54c S -10.62c ( -3.7 L  -2.7) LCB -454.16c P  0.00% WF   0.0 PSV       0 N       1  --  H7
H6  : T -88.31c W -81.55c S  -6.76c ( -2.2 L  -1.1) LCB -438.31c P  0.00% WF   0.0 PSV       0 N       1  --  H6

2024-06-26 20:20:50-0400: = E5
2024-06-26 20:21:00-0400: Controller: kata-list_time_settings
2024-06-26 20:21:00-0400: = none absolute byoyomi canadian fischer fischer-capped
2024-06-26 20:21:00-0400: Controller: play white c4
2024-06-26 20:21:00-0400: = 
2024-06-26 20:21:00-0400: Controller: genmove black
2024-06-26 20:21:01-0400: MoveNum: 2 HASH: F7069936C90FDACA9D646F794E566E96
   A B C D E F G H J
 9 . . . . . . . . .
 8 . . . . . . . . .
 7 . . . . . . . . .
 6 . . . . . . . . .
 5 . . . . X1. . . .
 4 . . O2. . . . . .
 3 . . . @ . . . . .
 2 . . . . . . . . .
 1 . . . . . . . . .

koPOSITIONALscoreAREAtaxNONEsui1komi5.5
Time taken: 0.579
Root visits: 10627
New playouts: 335
NN rows: 273
NN batches: 27
NN avg batch size: 10.1111
PV: D3 F3 C3 G4 D7 F6 F7 B3 B2 C6 C8 B8 G6 C7 H5 H4 D8 B4 D4 F5 E6 B9 E2 F2 H2
Tree:
: T  32.34c W  34.14c S   0.80c ( +1.2 L  +1.0) N   10627  --  D3 F3 C3 G4 D7 F6 F7
---Black(^)---
D3  : T  33.41c W  35.53c S   0.93c ( +1.3 L  +1.1) LCB   30.70c P 34.23% WF 5316.3 PSV    5763 N    8089  --  D3 F3 C3 G4 D7 F6 F7 B3
E3  : T  29.73c W  30.48c S   0.43c ( +1.0 L  +0.8) LCB   26.19c P 57.82% WF 1677.7 PSV    1755 N    2464  --  E3 C6 F7 G6 G4 F4 G3 E4
C6  : T  15.68c W  21.52c S  -0.14c ( +0.8 L  +0.4) LCB   -3.50c P  2.46% WF  24.6 PSV      26 N      28  --  C6 D3 G6 E7 F4 G7 H7 H6
D7  : T  16.53c W  19.56c S   0.09c ( +0.9 L  +0.6) LCB   -9.88c P  1.42% WF  14.4 PSV      15 N      12  --  D7 G5 D3 C6 C7 B5
F7  : T  16.52c W  17.31c S   0.04c ( +0.9 L  +0.6) LCB   -3.10c P  0.69% WF   8.1 PSV       7 N       8  --  F7 D3 E3 E2 F2
F3  : T  18.37c W  16.04c S   0.14c ( +0.9 L  +0.6) LCB   -4.86c P  0.51% WF   7.0 PSV       6 N       6  --  F3 C6 F7 D3
D4  : T   7.21c W  11.65c S  -0.54c ( +0.6 L  +0.3) LCB  -41.49c P  0.64% WF   3.4 PSV       4 N       4  --  D4 C3 D3
G6  : T   0.91c W   7.17c S  -0.94c ( +0.4 L  +0.3) LCB  -77.08c P  0.53% WF   2.8 PSV       3 N       3  --  G6 D6 E3
D6  : T   8.94c W  15.58c S  -0.30c ( +0.7 L  +0.4) LCB  -31.03c P  0.34% WF   6.5 PSV       2 N       6  --  D6 E3 G4 G7
C5  : T   5.14c W  14.21c S  -0.63c ( +0.5 L  +0.3) LCB  -74.07c P  0.42% WF   2.6 PSV       2 N       3  --  C5 B5 B6

2024-06-26 20:21:01-0400: = D3
2024-06-26 20:21:03-0400: Controller: kata-list_time_settings
2024-06-26 20:21:03-0400: = none absolute byoyomi canadian fischer fischer-capped
2024-06-26 20:21:03-0400: Controller: play white c6
2024-06-26 20:21:03-0400: = 
2024-06-26 20:21:03-0400: Controller: genmove black
2024-06-26 20:21:04-0400: MoveNum: 4 HASH: 8F31962C927C267C55B20F8676CA7D25
   A B C D E F G H J
 9 . . . . . . . . .
 8 . . . . . . . . .
 7 . . . . . . . . .
 6 . . O3. . . @ . .
 5 . . . . X . . . .
 4 . . O1. . . . . .
 3 . . . X2. . . . .
 2 . . . . . . . . .
 1 . . . . . . . . .

koPOSITIONALscoreAREAtaxNONEsui1komi5.5
Time taken: 0.547
Root visits: 3228
New playouts: 302
NN rows: 255
NN batches: 26
NN avg batch size: 9.80769
PV: G6 G3 D7 C7 F2 F3 E2 H5 G5 H6 H7 G7 F7 G8 H8 F6 H4 G4 F5 H3 C3
Tree:
: T  44.45c W  43.53c S   1.23c ( +1.9 L  +1.7) N    3228  --  G6 G3 D7 C7 F2 F3 E2
---Black(^)---
G6  : T  45.04c W  43.93c S   1.28c ( +1.9 L  +1.7) LCB   40.54c P 87.29% WF 2052.9 PSV    2045 N    3159  --  G6 G3 D7 C7 F2 F3 E2 H5
C3  : T  24.19c W  27.22c S  -0.53c ( +1.0 L  +0.6) LCB    2.59c P  7.11% WF  26.2 PSV      26 N      29  --  C3 G4 D7 C7 E8 D6 E6 D8
G5  : T  28.51c W  33.80c S  -0.48c ( +1.0 L  +0.7) LCB   11.59c P  2.85% WF  24.1 PSV      12 N      29  --  G5 E7 C3 G7 H7 F3 D6 D7
D6  : T  14.48c W  22.70c S  -1.14c ( +0.7 L  +0.4) LCB  -37.93c P  0.86% WF   3.2 PSV       2 N       4  --  D6 C7 C3
D7  : T  18.43c W  34.55c S  -0.27c ( +1.1 L  +0.7) LCB  -39.05c P  0.69% WF   3.8 PSV       2 N       3  --  D7 G5 C7 B5
G4  : T  -3.43c W  17.56c S  -1.23c ( +0.7 L  +0.4) LCB -179.25c P  0.58% WF   1.9 PSV       1 N       2  --  G4 E7
E7  : T  14.98c W  16.23c S  -1.26c ( +0.7 L  +0.5) LCB -335.02c P  0.20% WF   1.1 PSV       0 N       1  --  E7

2024-06-26 20:21:04-0400: = G6
2024-06-26 20:21:06-0400: Controller: kata-list_time_settings
2024-06-26 20:21:06-0400: = none absolute byoyomi canadian fischer fischer-capped
2024-06-26 20:21:06-0400: Controller: play white g3
2024-06-26 20:21:06-0400: = 
2024-06-26 20:21:06-0400: Controller: genmove black
2024-06-26 20:21:07-0400: MoveNum: 6 HASH: 1E947970554B64E0FC48D0E0CFF356CE
   A B C D E F G H J
 9 . . . . . . . . .
 8 . . . . . . . . .
 7 . . . . . . . . .
 6 . . O1. . . X2. .
 5 . . . . X . . . .
 4 . . O . . . . . .
 3 . . @ X . . O3. .
 2 . . . . . . . . .
 1 . . . . . . . . .

koPOSITIONALscoreAREAtaxNONEsui1komi5.5
Time taken: 0.547
Root visits: 3601
New playouts: 378
NN rows: 232
NN batches: 24
NN avg batch size: 9.66667
PV: C3 H5 G5 D7 H4 H3 G4 E2 B5 F7 G7 E3 C5 G8 B7 E8 D2 D4 E4 D5 B4 D6 E1 F1 D1
Tree:
: T  42.49c W  41.39c S   1.20c ( +1.6 L  +1.4) N    3601  --  C3 H5 G5 D7 H4 H3 G4
---Black(^)---
C3  : T  46.28c W  44.60c S   1.22c ( +1.6 L  +1.4) LCB   41.75c P 71.79% WF 1539.7 PSV    1467 N    2263  --  C3 H5 G5 D7 H4 H3 G4 E2
D7  : T  35.31c W  35.20c S   1.24c ( +1.7 L  +1.4) LCB   28.36c P 19.54% WF 688.7 PSV     115 N    1291  --  D7 C7 H4 G4 H5 F6 E6 C3
F2  : T  25.30c W  28.23c S  -0.36c ( +0.9 L  +0.6) LCB   -0.78c P  3.32% WF  14.5 PSV      11 N      18  --  F2 C3 D7 F5 F4 F6
H5  : T   3.55c W  12.68c S  -1.04c ( +0.5 L  +0.3) LCB  -27.01c P  2.64% WF  10.4 PSV       5 N      21  --  H5 D4 E4 E3 E2 F3 C3 F2
H4  : T -12.53c W   0.64c S  -1.49c ( +0.3 L  +0.1) LCB -100.66c P  1.46% WF   2.8 PSV       2 N       4  --  H4 G4 G5 H3
E2  : T  16.38c W  16.95c S  -0.58c ( +0.8 L  +0.4) LCB -333.62c P  0.49% WF   0.9 PSV       1 N       1  --  E2
D5  : T  -4.93c W  -2.94c S  -1.99c ( +0.1 L  +0.2) LCB -354.93c P  0.18% WF   1.0 PSV       0 N       1  --  D5
D6  : T   2.27c W   4.48c S  -2.22c ( +0.1 L  -0.2) LCB -347.73c P  0.17% WF   0.8 PSV       0 N       1  --  D6

2024-06-26 20:21:07-0400: = C3
2024-06-26 20:21:10-0400: Controller: kata-list_time_settings
2024-06-26 20:21:10-0400: = none absolute byoyomi canadian fischer fischer-capped
2024-06-26 20:21:10-0400: Controller: play white h5
2024-06-26 20:21:10-0400: = 
2024-06-26 20:21:10-0400: Controller: genmove black
2024-06-26 20:21:10-0400: MoveNum: 8 HASH: FADC933017DDC69B6B3CB952CFC3A6DB
   A B C D E F G H J
 9 . . . . . . . . .
 8 . . . . . . . . .
 7 . . . . . . . . .
 6 . . O . . . X . .
 5 . . . . X . @ O3.
 4 . . O . . . . . .
 3 . . X2X . . O1. .
 2 . . . . . . . . .
 1 . . . . . . . . .

koPOSITIONALscoreAREAtaxNONEsui1komi5.5
Time taken: 0.562
Root visits: 4573
New playouts: 926
NN rows: 253
NN batches: 27
NN avg batch size: 9.37037
PV: G5 D7 H4 H3 G4 E2 B5 F7 G7 E3 C5 G8 E8 F8 C8 D8 C7 D5 D4 D6 B6 E4 E6 E7 H8
Tree:
: T  36.77c W  36.94c S   1.04c ( +1.7 L  +1.5) N    4573  --  G5 D7 H4 H3 G4 E2 B5
---Black(^)---
G5  : T  37.01c W  37.16c S   1.05c ( +1.7 L  +1.5) LCB   33.50c P 93.57% WF 2668.7 PSV    2666 N    4554  --  G5 D7 H4 H3 G4 E2 B5 F7
D7  : T  -6.56c W   1.89c S  -1.34c ( +0.5 L  +0.3) LCB  -27.87c P  3.13% WF   5.7 PSV       7 N       9  --  D7 C7 D8 C8 G5 H6 H7 H4
F2  : T -12.92c W -14.26c S  -1.98c ( +0.1 L  +0.2) LCB  -59.36c P  1.37% WF   3.7 PSV       2 N       4  --  F2 H6 G7 G2
C7  : T -12.01c W -10.16c S  -1.85c ( +0.2 L  +0.1) LCB -362.01c P  0.49% WF   0.6 PSV       1 N       1  --  C7
E7  : T   1.62c W   3.23c S  -1.61c ( +0.3 L  +0.4) LCB -348.38c P  0.37% WF   0.9 PSV       1 N       1  --  E7
H6  : T  -4.30c W  -3.66c S  -0.64c ( +0.8 L  +0.8) LCB -354.30c P  0.37% WF   0.9 PSV       0 N       1  --  H6
F3  : T -17.81c W -15.77c S  -2.04c ( +0.1 L  +0.4) LCB -367.81c P  0.19% WF   0.8 PSV       0 N       1  --  F3
C8  : T -64.21c W -58.69c S  -5.52c ( -1.5 L  -2.3) LCB -414.21c P  0.13% WF   0.5 PSV       0 N       1  --  C8

2024-06-26 20:21:10-0400: = G5
2024-06-26 20:21:13-0400: Controller: kata-list_time_settings
2024-06-26 20:21:13-0400: = none absolute byoyomi canadian fischer fischer-capped
2024-06-26 20:21:13-0400: Controller: play white d7
2024-06-26 20:21:13-0400: = 
2024-06-26 20:21:13-0400: Controller: genmove black
2024-06-26 20:21:13-0400: MoveNum: 10 HASH: 3F74BAE448F0425321618E663086378E
   A B C D E F G H J
 9 . . . . . . . . .
 8 . . . . . . . . .
 7 . . . O3. . . . .
 6 . . O . . . X . .
 5 . . . . X . X2O1.
 4 . . O . . . . @ .
 3 . . X X . . O . .
 2 . . . . . . . . .
 1 . . . . . . . . .

koPOSITIONALscoreAREAtaxNONEsui1komi5.5
Time taken: 0.547
Root visits: 5795
New playouts: 843
NN rows: 277
NN batches: 26
NN avg batch size: 10.6538
PV: H4 H3 G4 E2 B5 F7 G7 E3 C5 G8 E8 F8 C8 D5 D4 D6 B6 B7 B8 E4 E6 E7 H8 A6 B4
Tree:
: T  39.59c W  39.41c S   1.74c ( +2.6 L  +2.6) N    5795  --  H4 H3 G4 E2 B5 F7 G7
---Black(^)---
H4  : T  39.75c W  39.55c S   1.75c ( +2.6 L  +2.6) LCB   36.30c P 94.96% WF 2921.4 PSV    2919 N    5772  --  H4 H3 G4 E2 B5 F7 G7 E3
B5  : T  10.94c W  13.90c S  -1.83c ( +0.7 L  +0.5) LCB  -31.30c P  2.75% WF  10.9 PSV      10 N      17  --  B5 D4 C5 D5 B4
E8  : T  -9.28c W -11.76c S  -2.53c ( +0.4 L  +0.4) LCB -197.29c P  0.91% WF   1.7 PSV       2 N       2  --  E8 D4
F2  : T   6.15c W   8.22c S  -2.07c ( +0.7 L  +0.5) LCB -343.85c P  0.53% WF   0.8 PSV       1 N       1  --  F2
D6  : T -18.22c W -14.81c S  -3.41c ( -0.2 L  +0.3) LCB -368.22c P  0.32% WF   0.7 PSV       0 N       1  --  D6
H2  : T -14.79c W -12.00c S  -2.80c ( +0.2 L  +0.4) LCB -364.79c P  0.23% WF   0.7 PSV       0 N       1  --  H2

2024-06-26 20:21:13-0400: = H4
2024-06-26 20:21:16-0400: Controller: kata-list_time_settings
2024-06-26 20:21:16-0400: = none absolute byoyomi canadian fischer fischer-capped
2024-06-26 20:21:16-0400: Controller: play white h3
2024-06-26 20:21:16-0400: = 
2024-06-26 20:21:16-0400: Controller: genmove black
2024-06-26 20:21:17-0400: MoveNum: 12 HASH: 7F66179B0D9D3081434E6054722CCFDF
   A B C D E F G H J
 9 . . . . . . . . .
 8 . . . . . . . . .
 7 . . . O1. . . . .
 6 . . O . . . X . .
 5 . . . . X . X O .
 4 . . O . . . @ X2.
 3 . . X X . . O O3.
 2 . . . . . . . . .
 1 . . . . . . . . .

koPOSITIONALscoreAREAtaxNONEsui1komi5.5
Time taken: 0.578
Root visits: 9528
New playouts: 279
NN rows: 274
NN batches: 28
NN avg batch size: 9.78571
PV: G4 E2 B5 F7 G7 E3 C5 G8 E8 F8 C8 F6 E4 B7 B8 B6 D6 C7 D8 E7 A8 E9 H8 F9 H2
Tree:
: T  44.14c W  43.47c S   1.71c ( +3.1 L  +3.2) N    9528  --  G4 E2 B5 F7 G7 E3 C5
---Black(^)---
G4  : T  44.14c W  43.47c S   1.71c ( +3.1 L  +3.2) LCB   41.47c P 99.65% WF 4895.1 PSV    4895 N    9526  --  G4 E2 B5 F7 G7 E3 C5 G8
B5  : T -42.76c W -35.81c S  -6.95c ( -0.8 L  -0.4) LCB -392.76c P  0.08% WF   0.7 PSV       0 N       1  --  B5

2024-06-26 20:21:17-0400: = G4
2024-06-26 20:21:19-0400: Controller: kata-list_time_settings
2024-06-26 20:21:19-0400: = none absolute byoyomi canadian fischer fischer-capped
2024-06-26 20:21:19-0400: Controller: play white e2
2024-06-26 20:21:19-0400: = 
2024-06-26 20:21:19-0400: Controller: genmove black
2024-06-26 20:21:20-0400: MoveNum: 14 HASH: 889BCFF0CF2FAEDDFAA25FAAAEE74F3D
   A B C D E F G H J
 9 . . . . . . . . .
 8 . . . . . . . . .
 7 . . . O . . . . .
 6 . . O . . . X . .
 5 . @ . . X . X O .
 4 . . O . . . X2X .
 3 . . X X . . O O1.
 2 . . . . O3. . . .
 1 . . . . . . . . .

koPOSITIONALscoreAREAtaxNONEsui1komi5.5
Time taken: 0.578
Root visits: 14829
New playouts: 312
NN rows: 274
NN batches: 28
NN avg batch size: 9.78571
PV: B5 F7 G7 E3 C5 G8 E8 F8 C8 F6 E4 B7 B8 B6 D6 C7 D8 E7 A8 E9 H8 H9 D9 B9 F9
Tree:
: T  44.62c W  44.07c S   1.84c ( +3.1 L  +3.1) N   14829  --  B5 F7 G7 E3 C5 G8 E8
---Black(^)---
B5  : T  44.88c W  44.25c S   1.86c ( +3.1 L  +3.1) LCB   42.65c P 87.33% WF 7736.9 PSV    7724 N   14762  --  B5 F7 G7 E3 C5 G8 E8 F8
E8  : T -35.85c W -17.05c S  -4.64c ( -0.1 L  -0.1) LCB  -67.31c P  4.15% WF   7.7 PSV      12 N      18  --  E8 E7 F8 E3 D4 B4 C8 D8
D2  : T -44.27c W -24.47c S  -5.06c ( -0.2 L  -0.2) LCB  -99.10c P  4.64% WF   7.4 PSV      12 N      17  --  D2 E3 D4 H1 E8 E7 F8 B4
B4  : T  -7.11c W   5.80c S  -3.50c ( +0.4 L  +0.4) LCB  -48.20c P  1.05% WF   3.5 PSV       4 N       6  --  B4 E3 D2 F7 G7
F3  : T -23.05c W   3.40c S  -3.48c ( +0.4 L  +0.3) LCB  -81.24c P  1.09% WF   5.0 PSV       3 N      13  --  F3 E3 F2 E4 D2 F1 G1 E1
H2  : T  28.40c W  36.41c S  -1.87c ( +1.2 L  +0.9) LCB  -46.02c P  0.22% WF   5.0 PSV       2 N       7  --  H2 E3 D4 J2
D4  : T -36.54c W -21.74c S  -5.09c ( -0.1 L  -0.1) LCB -119.63c P  0.89% WF   1.5 PSV       2 N       3  --  D4 F3 E8
E3  : T  -7.93c W  12.50c S  -4.37c ( +0.3 L  +0.2) LCB -170.04c P  0.45% WF   1.3 PSV       2 N       2  --  E3 F2

2024-06-26 20:21:20-0400: = B5
2024-06-26 20:21:22-0400: Controller: kata-list_time_settings
2024-06-26 20:21:22-0400: = none absolute byoyomi canadian fischer fischer-capped
2024-06-26 20:21:22-0400: Controller: play white e3
2024-06-26 20:21:22-0400: = 
2024-06-26 20:21:22-0400: Controller: genmove black
2024-06-26 20:21:23-0400: MoveNum: 16 HASH: AD2EC5E39B0E5547D5FEDE07B463DE35
   A B C D E F G H J
 9 . . . . . . . . .
 8 . . . . . . . . .
 7 . . . O . . . . .
 6 . . O . . . X . .
 5 . X2@ . X . X O .
 4 . . O . . . X X .
 3 . . X X O3. O O .
 2 . . . . O1. . . .
 1 . . . . . . . . .

koPOSITIONALscoreAREAtaxNONEsui1komi5.5
Time taken: 0.547
Root visits: 9430
New playouts: 279
NN rows: 252
NN batches: 26
NN avg batch size: 9.69231
PV: C5 F7 G7 G8 E8 F8 C8 D8 C7 B8 B6 C9 D6 E6 H8 H9 J8 B7 C6 A7 D2 E4 F6 E7 D4
Tree:
: T  30.53c W  31.86c S   1.21c ( +2.3 L  +2.3) N    9430  --  C5 F7 G7 G8 E8 F8 C8
---Black(^)---
C5  : T  30.68c W  32.01c S   1.22c ( +2.3 L  +2.3) LCB   27.16c P 95.29% WF 4601.0 PSV    4597 N    9414  --  C5 F7 G7 G8 E8 F8 C8 D8
E8  : T -74.20c W -68.57c S  -6.80c ( -1.5 L  -1.0) LCB -107.88c P  2.58% WF   3.8 PSV       4 N      10  --  E8 D4 B4 B3 B2 C2 A3 D2
D4  : T -55.49c W -54.63c S  -4.65c ( -0.6 L  -0.5) LCB -211.35c P  1.28% WF   1.5 PSV       2 N       2  --  D4 F7
E4  : T -87.01c W -79.53c S  -7.48c ( -1.8 L  -1.0) LCB -437.01c P  0.40% WF   0.7 PSV       0 N       1  --  E4
D2  : T -82.87c W -75.46c S  -7.41c ( -1.7 L  -1.5) LCB -432.87c P  0.15% WF   0.6 PSV       0 N       1  --  D2
F3  : T -53.35c W -48.29c S  -5.06c ( -0.8 L  -1.2) LCB -403.35c P  0.12% WF   0.4 PSV       0 N       1  --  F3

2024-06-26 20:21:23-0400: = C5
2024-06-26 20:21:25-0400: Controller: kata-list_time_settings
2024-06-26 20:21:25-0400: = none absolute byoyomi canadian fischer fischer-capped
2024-06-26 20:21:25-0400: Controller: play white f7
2024-06-26 20:21:25-0400: = 
2024-06-26 20:21:25-0400: Controller: genmove black
2024-06-26 20:21:26-0400: MoveNum: 18 HASH: DFC396EC6A7AEE0020CC83A57BD81ADA
   A B C D E F G H J
 9 . . . . . . . . .
 8 . . . . . . . . .
 7 . . . O . O3@ . .
 6 . . O . . . X . .
 5 . X X2. X . X O .
 4 . . O . . . X X .
 3 . . X X O1. O O .
 2 . . . . O . . . .
 1 . . . . . . . . .

koPOSITIONALscoreAREAtaxNONEsui1komi5.5
Time taken: 0.562
Root visits: 11014
New playouts: 355
NN rows: 258
NN batches: 26
NN avg batch size: 9.92308
PV: G7 G8 B7 E8 C8 C7 B8 B6 A6 D4 E4 D5 B4 D6 H8 H9 J8
Tree:
: T  25.15c W  26.22c S   1.06c ( +1.9 L  +1.9) N   11014  --  G7 G8 B7 E8 C8 C7 B8
---Black(^)---
G7  : T  26.28c W  26.71c S   1.36c ( +2.1 L  +2.1) LCB   22.30c P 59.89% WF 3936.3 PSV    3883 N    8067  --  G7 G8 B7 E8 C8 C7 B8 B6
D2  : T  24.23c W  26.87c S   0.40c ( +1.5 L  +1.5) LCB   16.65c P 24.50% WF 1357.4 PSV    1009 N    2615  --  D2 E4 D4 G7 H7 H8 J8 J4
E8  : T   7.95c W  11.60c S  -1.65c ( +0.3 L  +0.2) LCB   -9.33c P  7.73% WF  86.9 PSV      81 N     252  --  E8 E7 G7 F8 B7 B6 A6 B8
B7  : T  -9.15c W  -5.07c S  -2.42c ( +0.2 L  +0.1) LCB  -32.02c P  4.84% WF  22.6 PSV      28 N      50  --  B7 B6 A6 G7 H7 H8 J8 H6
E4  : T -57.58c W -44.34c S  -5.38c ( -1.1 L  -1.2) LCB  -87.72c P  1.50% WF   8.3 PSV       3 N      22  --  E4 B6 D2 F3 H2 J2 G2 H1
H2  : T -53.10c W -49.56c S  -4.97c ( -1.1 L  -0.7) LCB -158.09c P  0.93% WF   1.6 PSV       2 N       3  --  H2 D4 E4
F3  : T -33.13c W -29.62c S  -3.34c ( -0.3 L  -0.3) LCB -235.46c P  0.19% WF   1.0 PSV       0 N       2  --  F3 F2 E8 F8 B7 B6 A6 D5
D6  : T -59.05c W -54.20c S  -4.85c ( -0.8 L  -0.4) LCB -409.05c P  0.13% WF   0.6 PSV       0 N       1  --  D6
G8  : T -49.18c W -45.15c S  -4.03c ( -0.4 L  -0.3) LCB -399.18c P  0.09% WF   0.6 PSV       0 N       1  --  G8

2024-06-26 20:21:26-0400: = G7
2024-06-26 20:21:29-0400: Controller: kata-list_time_settings
2024-06-26 20:21:29-0400: = none absolute byoyomi canadian fischer fischer-capped
2024-06-26 20:21:29-0400: Controller: play white g8
2024-06-26 20:21:29-0400: = 
2024-06-26 20:21:29-0400: Controller: genmove black
2024-06-26 20:21:29-0400: MoveNum: 20 HASH: 198D24F41D2FB10B905ABF1CBA50352B
   A B C D E F G H J
 9 . . . . . . . . .
 8 . . . . . . O3. .
 7 . . . O . O1X2. .
 6 . . O . . . X . .
 5 . X X . X . X O .
 4 . . O . . . X X .
 3 . . X X O . O O .
 2 . . . @ O . . . .
 1 . . . . . . . . .

koPOSITIONALscoreAREAtaxNONEsui1komi5.5
Time taken: 0.531
Root visits: 9475
New playouts: 342
NN rows: 242
NN batches: 25
NN avg batch size: 9.68
PV: D2 H8 E4 F3 E8 E7 B7 B6 C7 D5 D4 D6 D8 F8 A6 B4 A5 C8 B8 C9 B9 A7 A8 A4
Tree:
: T  22.41c W  23.70c S   1.07c ( +2.1 L  +2.2) N    9475  --  D2 H8 E4 F3 E8 E7 B7
---Black(^)---
D2  : T  30.88c W  30.29c S   2.12c ( +2.8 L  +3.2) LCB   17.37c P 21.86% WF 910.3 PSV    3129 N    1575  --  D2 H8 E4 F3 E8 E7 B7 B6
E8  : T  21.36c W  22.29c S   1.51c ( +2.4 L  +2.5) LCB   15.79c P 28.99% WF 2099.9 PSV    2120 N    4646  --  E8 F8 C8 D8 C7 B8 B6 C9
B7  : T  19.88c W  22.66c S  -0.71c ( +1.2 L  +1.1) LCB   12.15c P 22.27% WF 1010.3 PSV    1039 N    2901  --  B7 B6 A6 B8 D2 C7 H1 E4
H8  : T   5.27c W  12.73c S  -1.54c ( +0.8 L  +0.7) LCB   -7.54c P 20.31% WF 127.3 PSV     150 N     317  --  H8 E8 D2 B6 E4 F3 A6 A7
E4  : T -30.69c W -15.83c S  -4.01c ( -0.3 L  -0.4) LCB  -74.11c P  4.06% WF   9.4 PSV      13 N      24  --  E4 B6 D2 F3 H2 J2 G2 H1
H2  : T -17.71c W  -6.26c S  -3.03c ( +0.1 L  +0.2) LCB  -92.21c P  0.71% WF   2.6 PSV       3 N       5  --  H2 D4 D5
F3  : T -38.96c W -18.30c S  -3.47c ( -0.0 L  +0.0) LCB  -99.09c P  0.82% WF   1.7 PSV       2 N       3  --  F3 F2 E8 F8 B7
B6  : T -37.38c W -32.63c S  -4.75c ( -0.6 L  -0.1) LCB -387.38c P  0.40% WF   0.6 PSV       1 N       1  --  B6
C8  : T -12.73c W  -9.36c S  -3.37c ( -0.1 L  +0.1) LCB -362.73c P  0.35% WF   0.6 PSV       1 N       1  --  C8
D6  : T -53.90c W -48.56c S  -5.34c ( -0.6 L  -0.4) LCB -403.90c P  0.12% WF   0.6 PSV       0 N       1  --  D6

2024-06-26 20:21:29-0400: = D2
2024-06-26 20:21:32-0400: Controller: kata-list_time_settings
2024-06-26 20:21:32-0400: = none absolute byoyomi canadian fischer fischer-capped
2024-06-26 20:21:32-0400: Controller: play white h8
2024-06-26 20:21:32-0400: = 
2024-06-26 20:21:32-0400: Controller: genmove black
2024-06-26 20:21:32-0400: MoveNum: 22 HASH: 852FF8DE824822E701366E188E7E96AB
   A B C D E F G H J
 9 . . . . . . . . .
 8 . . . . . . O1O3.
 7 . . . O . O X . .
 6 . . O . . . X . .
 5 . X X . X . X O .
 4 . . O . @ . X X .
 3 . . X X O . O O .
 2 . . . X2O . . . .
 1 . . . . . . . . .

koPOSITIONALscoreAREAtaxNONEsui1komi5.5
Time taken: 0.531
Root visits: 3509
New playouts: 273
NN rows: 235
NN batches: 25
NN avg batch size: 9.4
PV: E4 F3 E8 E7 B7 B6 C7 D5 D6 E6 D8 F8 D4 D6 A6 C8 B8 B4 A5 C9 B9 A7 A8 A4
Tree:
: T -29.27c W -24.42c S  -0.41c ( -0.7 L  -0.6) N    3509  --  E4 F3 E8 E7 B7 B6 C7
---Black(^)---
E4  : T -30.17c W -25.07c S  -0.61c ( -0.8 L  -0.7) LCB  -43.98c P 34.43% WF 1258.6 PSV    1249 N    2238  --  E4 F3 E8 E7 B7 B6 C7 D5
C8  : T   5.50c W   3.95c S   2.60c ( +1.1 L  +1.1) LCB  -15.36c P  8.34% WF 200.1 PSV     173 N     342  --  C8 B6 E8 E7 D8 F8 D4 J4
E8  : T -30.14c W -24.67c S  -0.50c ( -0.8 L  -0.4) LCB  -50.82c P  4.17% WF 223.1 PSV     152 N     441  --  E8 E7 E4 F3 B7 B6 C7 D5
F2  : T -41.44c W -34.77c S  -0.11c ( -0.6 L  -0.4) LCB  -65.89c P  8.63% WF 100.3 PSV      79 N     196  --  F2 F1 H2 J4 G1 F3 E1 J2
F6  : T -42.61c W -35.45c S  -1.29c ( -1.2 L  -1.1) LCB  -77.37c P  4.53% WF  36.8 PSV      38 N      84  --  F6 E7 F2 F1 H2 J4 J2 J3
F3  : T -67.80c W -55.75c S  -3.73c ( -2.5 L  -2.7) LCB  -94.57c P 10.54% WF  27.8 PSV      35 N      64  --  F3 F2 E4 H2 G1 H1 E1 G2
B7  : T -63.56c W -54.30c S  -5.44c ( -3.4 L  -3.7) LCB -113.71c P  9.13% WF  26.2 PSV      33 N      47  --  B7 D4 D5 E4 B4 C8 F2 F1
H2  : T -66.33c W -55.06c S  -4.60c ( -2.9 L  -3.5) LCB -104.13c P  6.74% WF  17.8 PSV      23 N      37  --  H2 J2 G2 F2 H1 E4 D4 F4
E1  : T -81.05c W -68.62c S  -6.81c ( -4.0 L  -4.2) LCB -134.36c P  7.34% WF  14.6 PSV      18 N      27  --  E1 F1 E4 F3 B7 C8 B8
D6  : T -63.27c W -59.07c S  -0.89c ( -0.9 L  -0.6) LCB  -88.29c P  2.81% WF   8.2 PSV      10 N      15  --  D6 E6 D5 J4 C7 C8 B7 B8

2024-06-26 20:21:32-0400: = E4
2024-06-26 20:21:35-0400: Controller: kata-list_time_settings
2024-06-26 20:21:35-0400: = none absolute byoyomi canadian fischer fischer-capped
2024-06-26 20:21:35-0400: Controller: play white f3
2024-06-26 20:21:35-0400: = 
2024-06-26 20:21:35-0400: Controller: genmove black
2024-06-26 20:21:35-0400: MoveNum: 24 HASH: E78AA9C9A1FB7018C869F54962267333
   A B C D E F G H J
 9 . . . . . . . . .
 8 . . . . @ . O O1.
 7 . . . O . O X . .
 6 . . O . . . X . .
 5 . X X . X . X O .
 4 . . O . X2. X X .
 3 . . X X O O3O O .
 2 . . . X O . . . .
 1 . . . . . . . . .

koPOSITIONALscoreAREAtaxNONEsui1komi5.5
Time taken: 0.532
Root visits: 3971
New playouts: 375
NN rows: 259
NN batches: 26
NN avg batch size: 9.96154
PV: E8 E7 B7 B6 B8 D8 A6 H7 D6 C7 C9 D9 H6 H1 C8 E6 D5 F4 F5 D1 C1 E1 J7 J8 J6
Tree:
: T -53.44c W -49.08c S  -0.69c ( -1.0 L  -1.1) N    3971  --  E8 E7 B7 B6 B8 D8 A6
---Black(^)---
E8  : T -49.30c W -45.98c S  -0.36c ( -0.8 L  -0.9) LCB  -60.73c P  8.00% WF 1563.4 PSV    1935 N    2298  --  E8 E7 B7 B6 B8 D8 A6 H7
B7  : T -59.73c W -54.68c S  -1.09c ( -1.2 L  -1.3) LCB  -67.53c P 62.83% WF 703.3 PSV     762 N    1223  --  B7 B6 E8 D6 C8 D8 A6 D5
G2  : T -53.21c W -45.04c S  -0.33c ( -0.8 L  -0.8) LCB  -69.15c P  9.48% WF 186.4 PSV     187 N     367  --  G2 H2 J3 J2 F1 H1 E1 F2
H2  : T -99.75c W -87.88c S  -8.63c ( -4.5 L  -5.0) LCB -114.84c P 17.71% WF  44.0 PSV      48 N      57  --  H2 J4 G2 H6 H7 J7 J2 J3
G1  : T -54.74c W -42.84c S   0.75c ( -0.4 L  -0.3) LCB -113.05c P  0.29% WF   9.4 PSV       6 N      17  --  G1 G2 B7 B6 A6 C8
B6  : T -89.60c W -67.65c S  -2.64c ( -1.8 L  -1.5) LCB -164.16c P  0.94% WF   2.3 PSV       3 N       5  --  B6 B7 H2 J4
C8  : T -72.12c W -65.10c S  -2.20c ( -1.7 L  -1.5) LCB -230.37c P  0.29% WF   1.2 PSV       1 N       2  --  C8 B6
H7  : T -69.43c W -68.28c S  -1.15c ( -1.2 L  -1.3) LCB -419.43c P  0.17% WF   0.6 PSV       1 N       1  --  H7

2024-06-26 20:21:35-0400: = E8
2024-06-26 20:21:38-0400: Controller: kata-list_time_settings
2024-06-26 20:21:38-0400: = none absolute byoyomi canadian fischer fischer-capped
2024-06-26 20:21:38-0400: Controller: play white e7
2024-06-26 20:21:38-0400: = 
2024-06-26 20:21:38-0400: Controller: genmove black
2024-06-26 20:21:39-0400: MoveNum: 26 HASH: CDC1226E43513C9103A6ABD12C549D1D
   A B C D E F G H J
 9 . . . . . . . . .
 8 . . . . X2. O O .
 7 . . . O O3O X . .
 6 . . O . . . X . .
 5 . X X . X . X O .
 4 . . O . X . X X .
 3 . . X X O O1O O .
 2 . . . X O . @ . .
 1 . . . . . . . . .

koPOSITIONALscoreAREAtaxNONEsui1komi5.5
Time taken: 0.578
Root visits: 4799
New playouts: 360
NN rows: 259
NN batches: 29
NN avg batch size: 8.93103
PV: G2 H2 J3 J2 F1 H1 E1 G1 B7 B6 B8 B4 D5 A5 D8 F8 C7 D6 B3 H7 H6 A3 A2 A4
Tree:
: T -50.76c W -48.04c S  -1.06c ( -1.3 L  -1.3) N    4799  --  G2 H2 J3 J2 F1 H1 E1
---Black(^)---
G2  : T -40.75c W -38.09c S  -1.65c ( -1.7 L  -1.7) LCB  -53.23c P  4.20% WF 1055.4 PSV    6022 N    1837  --  G2 H2 J3 J2 F1 H1 E1 G1
B7  : T -54.44c W -52.12c S  -0.34c ( -0.9 L  -1.0) LCB  -63.58c P 71.54% WF 1919.5 PSV    1992 N    2873  --  B7 B6 B8 D8 D6 C7 A6 H7
C8  : T -106.22c W -90.32c S -11.35c ( -6.2 L  -6.4) LCB -126.10c P 14.20% WF  40.8 PSV      42 N      51  --  C8 B7 B8 B6 D8 F8 A8 B9
H2  : T -101.95c W -86.51c S  -9.52c ( -5.3 L  -5.5) LCB -127.04c P  8.53% WF  22.2 PSV      27 N      30  --  H2 J4 H7 G2 C8 B7 D8 F8
B8  : T -91.34c W -84.52c S  -2.91c ( -2.0 L  -1.8) LCB -272.84c P  0.66% WF   1.6 PSV       2 N       2  --  B8 B6
G1  : T -81.44c W -79.94c S  -1.51c ( -1.4 L  -1.3) LCB -431.44c P  0.22% WF   0.7 PSV       1 N       1  --  G1
J4  : T -67.14c W -66.63c S  -0.51c ( -0.9 L  -1.1) LCB -417.14c P  0.16% WF   0.6 PSV       1 N       1  --  J4
J3  : T -67.33c W -45.69c S   0.91c ( -0.4 L  -0.7) LCB -218.44c P  0.11% WF   0.9 PSV       0 N       2  --  J3 J2
H1  : T -70.92c W -70.27c S  -0.64c ( -1.0 L  -1.3) LCB -420.92c P  0.11% WF   0.6 PSV       0 N       1  --  H1

2024-06-26 20:21:39-0400: = G2
2024-06-26 20:21:41-0400: Controller: kata-list_time_settings
2024-06-26 20:21:41-0400: = none absolute byoyomi canadian fischer fischer-capped
2024-06-26 20:21:41-0400: Controller: play white h2
2024-06-26 20:21:41-0400: = 
2024-06-26 20:21:41-0400: Controller: genmove black
2024-06-26 20:21:42-0400: MoveNum: 28 HASH: CA2D5001C910797692EBBE745F4E60AD
   A B C D E F G H J
 9 . . . . . . . . .
 8 . . . . X . O O .
 7 . . . O O1O X . .
 6 . . O . . . X . .
 5 . X X . X . X O .
 4 . . O . X . X X .
 3 . . X X O O O O @
 2 . . . X O . X2O3.
 1 . . . . . . . . .

koPOSITIONALscoreAREAtaxNONEsui1komi5.5
Time taken: 0.532
Root visits: 4627
New playouts: 923
NN rows: 239
NN batches: 27
NN avg batch size: 8.85185
PV: J3 J2 F1 H1 B7 D5 D4 B6 B8 A6 C7 D6 D8 F8 B4 B9 C9 A8 E9 A7 A9 H6 H7 B9 E1
Tree:
: T -32.85c W -34.25c S  -0.54c ( -1.2 L  -1.2) N    4627  --  J3 J2 F1 H1 B7 D5 D4
---Black(^)---
J3  : T -30.84c W -32.76c S  -0.29c ( -1.1 L  -1.0) LCB  -39.47c P 78.90% WF 2175.0 PSV    2124 N    4077  --  J3 J2 F1 H1 B7 D5 D4 B6
B7  : T -47.44c W -44.48c S  -2.51c ( -2.4 L  -2.5) LCB  -70.45c P 15.45% WF 248.9 PSV     113 N     526  --  B7 B6 C7 D5 D6 E6 D4 D8
F1  : T -71.95c W -76.33c S  -0.02c ( -1.0 L  -1.1) LCB -114.71c P  2.80% WF   8.3 PSV       9 N      14  --  F1 F2 J3 E1 J2 G1
C8  : T -105.81c W -85.70c S  -7.12c ( -4.2 L  -4.1) LCB -162.11c P  1.67% WF   3.2 PSV       3 N       5  --  C8 B7 B8 B6
B8  : T -96.01c W -90.25c S  -4.15c ( -2.7 L  -2.9) LCB -261.96c P  0.62% WF   1.5 PSV       1 N       2  --  B8 B6
B6  : T -93.50c W -88.99c S  -4.51c ( -2.7 L  -4.0) LCB -443.50c P  0.13% WF   0.7 PSV       0 N       1  --  B6
H1  : T -92.37c W -90.16c S  -2.21c ( -1.8 L  -2.0) LCB -442.37c P  0.12% WF   0.8 PSV       0 N       1  --  H1

2024-06-26 20:21:42-0400: = J3
2024-06-26 20:21:44-0400: Controller: kata-list_time_settings
2024-06-26 20:21:44-0400: = none absolute byoyomi canadian fischer fischer-capped
2024-06-26 20:21:44-0400: Controller: play white j2
2024-06-26 20:21:44-0400: = 
2024-06-26 20:21:44-0400: Controller: genmove black
2024-06-26 20:21:45-0400: MoveNum: 30 HASH: 6C42043311200B9D4FCB4EAFB89E1942
   A B C D E F G H J
 9 . . . . . . . . .
 8 . . . . X . O O .
 7 . @ . O O O X . .
 6 . . O . . . X . .
 5 . X X . X . X O .
 4 . . O . X . X X .
 3 . . X X O O O O X2
 2 . . . X O . X O1O3
 1 . . . . . . . . .

koPOSITIONALscoreAREAtaxNONEsui1komi5.5
Time taken: 0.562
Root visits: 7861
New playouts: 733
NN rows: 253
NN batches: 26
NN avg batch size: 9.73077
PV: F1 H1 B7 D5 D4 B6 E1 G1 D1 F2 B8 A6 D8 F8 C7
Tree:
: T -53.05c W -51.87c S  -1.23c ( -2.1 L  -2.2) N    7861  --  F1 H1 B7 D5 D4 B6 E1
---Black(^)---
F1  : T -52.57c W -51.35c S  -1.05c ( -2.1 L  -2.1) LCB  -62.16c P 36.73% WF 2163.8 PSV    2704 N    3579  --  F1 H1 B7 D5 D4 B6 E1 G1
B7  : T -54.33c W -52.83c S  -1.63c ( -2.3 L  -2.5) LCB  -63.61c P 43.44% WF 2113.9 PSV    2150 N    3796  --  B7 B6 F1 D5 D4 H1 E1 G1
H1  : T -44.20c W -46.32c S   0.55c ( -1.2 L  -0.9) LCB  -66.06c P 13.92% WF 292.9 PSV     274 N     464  --  H1 F1 B7 D5 D4 B6 B8 D8
C8  : T -107.36c W -90.65c S -10.83c ( -6.6 L  -6.7) LCB -138.65c P  4.02% WF  11.3 PSV      16 N      13  --  C8 B7 D8 F8 B8 B6
B8  : T -107.06c W -93.88c S  -8.67c ( -5.4 L  -5.5) LCB -141.29c P  1.16% WF   4.0 PSV       4 N       4  --  B8 B7 C8 B6 D8
B6  : T -84.59c W -83.04c S  -1.55c ( -2.1 L  -3.1) LCB -434.59c P  0.16% WF   0.6 PSV       1 N       1  --  B6
E1  : T -88.49c W -88.71c S   0.22c ( -1.5 L  -1.7) LCB -438.49c P  0.11% WF   0.7 PSV       0 N       1  --  E1
G1  : T -98.28c W -95.01c S  -3.27c ( -2.8 L  -3.4) LCB -448.28c P  0.08% WF   1.0 PSV       0 N       1  --  G1
D1  : T -97.06c W -94.71c S  -2.35c ( -2.4 L  -2.7) LCB -447.06c P  0.07% WF   0.9 PSV       0 N       1  --  D1

2024-06-26 20:21:45-0400: = B7
2024-06-26 20:21:47-0400: Controller: kata-list_time_settings
2024-06-26 20:21:47-0400: = none absolute byoyomi canadian fischer fischer-capped
2024-06-26 20:21:47-0400: Controller: play white b6
2024-06-26 20:21:47-0400: = 
2024-06-26 20:21:47-0400: Controller: genmove black
2024-06-26 20:21:48-0400: MoveNum: 32 HASH: F5DB9AB2435EB516DC1FC27DEA828B39
   A B C D E F G H J
 9 . . . . . . . . .
 8 . @ . . X . O O .
 7 . X2. O O O X . .
 6 . O3O . . . X . .
 5 . X X . X . X O .
 4 . . O . X . X X .
 3 . . X X O O O O X
 2 . . . X O . X O O1
 1 . . . . . . . . .

koPOSITIONALscoreAREAtaxNONEsui1komi5.5
Time taken: 0.562
Root visits: 5218
New playouts: 300
NN rows: 252
NN batches: 26
NN avg batch size: 9.69231
PV: B8 A5 D8 B4 D5 C7 C8 B3 B2 A2 D4 F8 F1 F4 F5 H1 E1 G1 B1 A6 B9 H7
Tree:
: T -73.63c W -70.53c S  -2.30c ( -3.4 L  -3.6) N    5218  --  B8 A5 D8 B4 D5 C7 C8
---Black(^)---
B8  : T -70.81c W -68.79c S  -2.32c ( -3.7 L  -3.9) LCB  -79.17c P  8.91% WF 854.2 PSV    2385 N    1265  --  B8 A5 D8 B4 D5 C7 C8 B3
F1  : T -70.56c W -68.13c S  -1.32c ( -2.9 L  -3.0) LCB  -81.55c P 11.77% WF 1825.9 PSV    1754 N    2267  --  F1 D5 D4 H1 B8 A6 C7 D6
C7  : T -81.71c W -74.05c S  -5.59c ( -5.2 L  -5.7) LCB  -99.77c P 39.70% WF 518.7 PSV     575 N     583  --  C7 D5 D6 E6 D8 F8 D4 D6
H1  : T -72.44c W -67.98c S  -2.54c ( -3.5 L  -3.5) LCB  -89.04c P  8.27% WF 517.7 PSV     482 N     703  --  H1 F1 C7 D5 D8 F8 A6 D6
A6  : T -83.33c W -86.54c S   1.62c ( -1.7 L  -1.7) LCB  -92.80c P 17.21% WF 251.4 PSV     222 N     268  --  A6 D5 D4 C8 B8 D6 H7 J8
C8  : T -95.16c W -84.52c S  -8.27c ( -7.1 L  -8.0) LCB -109.30c P 12.94% WF  88.0 PSV      90 N     128  --  C8 B4 D5 A5 D8 F8 A7 A6
D8  : T -109.61c W -98.15c S -11.46c ( -6.8 L  -7.7) LCB -459.61c P  0.49% WF   1.6 PSV       2 N       1  --  D8
D1  : T -103.69c W -97.59c S  -6.10c ( -4.7 L  -5.1) LCB -453.69c P  0.19% WF   1.4 PSV       1 N       1  --  D1
E1  : T -99.23c W -96.02c S  -3.20c ( -3.5 L  -3.7) LCB -449.23c P  0.13% WF   1.0 PSV       0 N       1  --  E1

2024-06-26 20:21:48-0400: = B8
2024-06-26 20:21:51-0400: Controller: kata-list_time_settings
2024-06-26 20:21:51-0400: = none absolute byoyomi canadian fischer fischer-capped
2024-06-26 20:21:51-0400: Controller: play white d8
2024-06-26 20:21:51-0400: = 
2024-06-26 20:21:51-0400: Controller: genmove black
2024-06-26 20:21:51-0400: MoveNum: 34 HASH: 55F5B480D6F3DD5DB6FDFB3AEE7CA426
   A B C D E F G H J
 9 . . . . . . . . .
 8 . X2. O3X . O O .
 7 . X . O O O X . .
 6 . O1O @ . . X . .
 5 . X X . X . X O .
 4 . . O . X . X X .
 3 . . X X O O O O X
 2 . . . X O . X O O
 1 . . . . . . . . .

koPOSITIONALscoreAREAtaxNONEsui1komi5.5
Time taken: 0.531
Root visits: 416
New playouts: 356
NN rows: 250
NN batches: 27
NN avg batch size: 9.25926
PV: D6 C7 A6 H7 H6 F1 B9 D9 D1 J4 J7 J8
Tree:
: T -67.69c W -70.72c S  -0.46c ( -0.4 L  -0.6) N     416  --  D6 C7 A6 H7 H6 F1 B9
---Black(^)---
D6  : T -65.14c W -69.21c S  -0.03c ( -0.2 L  -0.5) LCB  -82.11c P 28.48% WF 164.9 PSV     181 N     250  --  D6 C7 A6 H7 H6 F1 B9 D9
A6  : T -71.17c W -72.73c S  -1.02c ( -0.6 L  -0.8) LCB  -88.89c P 67.06% WF 106.2 PSV     110 N     163  --  A6 H7 D6 J4 H6 C7 J6 F1
H1  : T -98.49c W -92.17c S  -6.32c ( -2.7 L  -4.4) LCB -448.49c P  2.38% WF   0.8 PSV       1 N       1  --  H1
F1  : T -99.76c W -94.05c S  -5.72c ( -2.4 L  -2.6) LCB -449.76c P  1.68% WF   0.9 PSV       0 N       1  --  F1

2024-06-26 20:21:51-0400: = D6
2024-06-26 20:21:54-0400: Controller: kata-list_time_settings
2024-06-26 20:21:54-0400: = none absolute byoyomi canadian fischer fischer-capped
2024-06-26 20:21:54-0400: Controller: play white c7
2024-06-26 20:21:54-0400: = 
2024-06-26 20:21:54-0400: Controller: genmove black
2024-06-26 20:21:54-0400: MoveNum: 36 HASH: F5B362A17EB55E72EC9D3F9296B64A4D
   A B C D E F G H J
 9 . . . . . . . . .
 8 . X . O1X . O O .
 7 . X O3O O O X . .
 6 @ O O X2. . X . .
 5 . X X . X . X O .
 4 . . O . X . X X .
 3 . . X X O O O O X
 2 . . . X O . X O O
 1 . . . . . . . . .

koPOSITIONALscoreAREAtaxNONEsui1komi5.5
Time taken: 0.531
Root visits: 2971
New playouts: 518
NN rows: 230
NN batches: 25
NN avg batch size: 9.2
PV: A6 H7 H6 F1 H1 J4 C9 J6 J5 F4 F5 H5 D9 F8 J5 A7 A8 H5
Tree:
: T -89.12c W -87.69c S  -0.33c ( -0.4 L  -0.8) N    2971  --  A6 H7 H6 F1 H1 J4 C9
---Black(^)---
A6  : T -88.85c W -87.54c S  -0.16c ( -0.3 L  -0.7) LCB  -92.32c P 85.90% WF 3642.5 PSV    3636 N    2932  --  A6 H7 H6 F1 H1 J4 C9 J6
H1  : T -106.64c W -96.38c S  -9.66c ( -4.3 L  -4.8) LCB -124.57c P  8.98% WF  36.2 PSV      41 N      23  --  H1 A5 A4 A6 F1 B4 D4
F1  : T -105.30c W -97.27c S  -7.79c ( -3.4 L  -3.7) LCB -115.66c P  4.44% WF  21.7 PSV      21 N      14  --  F1 A5 A4 A6 E1 B4
E1  : T -101.27c W -95.40c S  -5.87c ( -2.5 L  -3.0) LCB -451.27c P  0.15% WF   1.0 PSV       0 N       1  --  E1

2024-06-26 20:21:54-0400: = A6
2024-06-26 20:21:57-0400: Controller: kata-list_time_settings
2024-06-26 20:21:57-0400: = none absolute byoyomi canadian fischer fischer-capped
2024-06-26 20:21:57-0400: Controller: play white h7
2024-06-26 20:21:57-0400: = 
2024-06-26 20:21:57-0400: Controller: genmove black
2024-06-26 20:21:57-0400: MoveNum: 38 HASH: E725812379B29E2C39F1E244B53B99B4
   A B C D E F G H J
 9 . . . . . . . . .
 8 . X . O X . O O .
 7 . X O1O O O X O3.
 6 X2O O X . . X @ .
 5 . X X . X . X O .
 4 . . O . X . X X .
 3 . . X X O O O O X
 2 . . . X O . X O O
 1 . . . . . . . . .

koPOSITIONALscoreAREAtaxNONEsui1komi5.5
Time taken: 0.546
Root visits: 5837
New playouts: 831
NN rows: 262
NN batches: 24
NN avg batch size: 10.9167
PV: H6 F1 H1 G1 C9 D9 C8 E6 D5 F4 F5 D1 C1 E1 J4 J6 B4 F8 F6 J7
Tree:
: T -93.97c W -92.57c S  -0.29c ( -0.4 L  -0.8) N    5837  --  H6 F1 H1 G1 C9 D9 C8
---Black(^)---
H6  : T -93.03c W -92.29c S   0.58c ( -0.1 L  -0.5) LCB  -95.58c P 29.46% WF 4776.9 PSV    4710 N    2655  --  H6 F1 H1 G1 C9 D9 C8 E6
C9  : T -93.14c W -92.08c S  -0.17c ( -0.4 L  -0.7) LCB  -97.01c P 24.56% WF 2735.7 PSV    2708 N    1531  --  C9 D9 H6 F1 C8 E6 D5 F4
C8  : T -93.50c W -91.78c S   0.22c ( -0.2 L  -0.6) LCB  -97.45c P 11.71% WF 1066.0 PSV    1063 N     642  --  C8 D9 H6 F1 C9 E6 D5 F4
B9  : T -95.56c W -93.13c S  -0.09c ( -0.3 L  -0.7) LCB  -99.82c P  8.89% WF 333.3 PSV     340 N     223  --  B9 H6 J4 F1 D9 F8 E9 F9
H1  : T -97.16c W -94.15c S  -3.13c ( -1.4 L  -1.9) LCB -102.26c P  9.27% WF 675.5 PSV     271 N     430  --  H1 J4 H6 J6 J5 F4 F5 H5
F1  : T -102.33c W -96.48c S  -5.27c ( -2.2 L  -2.7) LCB -106.47c P 12.62% WF 513.3 PSV     182 N     291  --  F1 D1 E1 C1 B1 F2 C2
J4  : T -97.05c W -97.16c S  -1.12c ( -0.7 L  -1.0) LCB -105.97c P  2.22% WF  63.7 PSV      66 N      27  --  J4 F1 B9 D9 H6 E6 D5 F4
D9  : T -95.46c W -92.57c S  -3.10c ( -1.4 L  -1.7) LCB -110.07c P  0.71% WF  46.5 PSV      31 N      37  --  D9 C9 B9 C8 H1 F1 G1 J4

2024-06-26 20:21:57-0400: = H6
2024-06-26 20:22:00-0400: Controller: kata-list_time_settings
2024-06-26 20:22:00-0400: = none absolute byoyomi canadian fischer fischer-capped
2024-06-26 20:22:00-0400: Controller: play white f1
2024-06-26 20:22:00-0400: = 
2024-06-26 20:22:00-0400: Controller: genmove black
2024-06-26 20:22:01-0400: MoveNum: 40 HASH: 9FFEB57F90C3546898DAF273FBFC0BB6
   A B C D E F G H J
 9 . . @ . . . . . .
 8 . X . O X . O O .
 7 . X O O O O X O1.
 6 X O O X . . X X2.
 5 . X X . X . X O .
 4 . . O . X . X X .
 3 . . X X O O O O X
 2 . . . X O . X O O
 1 . . . . . O3. . .

koPOSITIONALscoreAREAtaxNONEsui1komi5.5
Time taken: 0.594
Root visits: 5230
New playouts: 412
NN rows: 253
NN batches: 29
NN avg batch size: 8.72414
PV: C9 D9 D1 B9 C8 A8 A9 E6 A7 D5 D4 F4 F5 J6 D6 J4 J5 J7 J3 D5 J4 D6 E1 F2
Tree:
: T -95.48c W -94.12c S  -0.28c ( -0.3 L  -0.6) N    5230  --  C9 D9 D1 B9 C8 A8 A9
---Black(^)---
C9  : T -94.79c W -93.54c S  -0.60c ( -0.4 L  -0.7) LCB  -97.58c P 30.25% WF 5025.4 PSV    4967 N    2503  --  C9 D9 D1 B9 C8 A8 A9 E6
B9  : T -96.48c W -94.68c S  -0.62c ( -0.4 L  -0.7) LCB  -99.99c P 34.09% WF 2020.8 PSV    1918 N     935  --  B9 D9 H1 G1 J4 E6 D5 J6
H1  : T -94.98c W -93.99c S   0.42c ( -0.0 L  -0.4) LCB  -98.26c P  9.59% WF 1924.7 PSV    1301 N     882  --  H1 G1 C9 D9 C8 E6 D5 F4
C8  : T -96.71c W -95.38c S   0.20c ( -0.1 L  -0.4) LCB  -99.57c P 21.40% WF 1800.1 PSV    1102 N     746  --  C8 D9 C9 E6 D5 F4 F5 D1
J7  : T -95.83c W -92.78c S   0.59c ( +0.0 L  -0.4) LCB  -99.83c P  2.86% WF 231.9 PSV     214 N     147  --  J7 J8 C9 D9 C8 E6 D5 F4
D9  : T -99.85c W -97.41c S  -1.97c ( -0.8 L  -1.3) LCB -116.47c P  0.60% WF  21.8 PSV      14 N      10  --  D9 C9 C8 E9 B9
G1  : T -100.12c W -95.93c S   0.12c ( -0.1 L  -0.6) LCB -134.72c P  0.38% WF   9.0 PSV       8 N       5  --  G1 H1 C9 D9
D1  : T -106.02c W -99.68c S  -6.35c ( -2.3 L  -2.5) LCB -456.02c P  0.18% WF   4.2 PSV       2 N       1  --  D1

2024-06-26 20:22:01-0400: = C9
2024-06-26 20:22:03-0400: Controller: kata-list_time_settings
2024-06-26 20:22:03-0400: = none absolute byoyomi canadian fischer fischer-capped
2024-06-26 20:22:03-0400: Controller: play white d9
2024-06-26 20:22:03-0400: = 
2024-06-26 20:22:03-0400: Controller: genmove black
2024-06-26 20:22:04-0400: MoveNum: 42 HASH: 8425D1C8C10C5FD7744600CB9D848C3E
   A B C D E F G H J
 9 . . X2O3. . . . .
 8 . X . O X . O O .
 7 . X O O O O X O .
 6 X O O X . . X X .
 5 . X X . X . X O .
 4 . . O . X . X X .
 3 . . X X O O O O X
 2 . . . X O . X O O
 1 . . . @ . O1. . .

koPOSITIONALscoreAREAtaxNONEsui1komi5.5
Time taken: 0.547
Root visits: 5256
New playouts: 434
NN rows: 239
NN batches: 25
NN avg batch size: 9.56
PV: D1 B9 C8 A8 A9 E6 A7 F4 F5 D5 D4 J6 J4 J7 E1 G1 D6 J5
Tree:
: T -95.75c W -94.94c S  -0.26c ( -0.3 L  -0.7) N    5256  --  D1 B9 C8 A8 A9 E6 A7
---Black(^)---
D1  : T -94.58c W -93.40c S  -1.49c ( -0.8 L  -1.2) LCB  -97.85c P  2.17% WF 4409.8 PSV   11298 N    2163  --  D1 B9 C8 A8 A9 E6 A7 F4
C8  : T -97.09c W -96.66c S   0.31c ( -0.1 L  -0.5) LCB  -98.92c P 79.43% WF 5465.0 PSV    5605 N    1801  --  C8 E6 D5 F4 F5 D1 C1 E1
H1  : T -94.53c W -94.01c S   0.75c ( +0.0 L  -0.4) LCB  -99.10c P  8.24% WF 2226.0 PSV    2182 N     940  --  H1 G1 C8 E6 D5 F4 F5 D1
J7  : T -96.10c W -94.20c S   0.89c ( +0.1 L  -0.3) LCB -102.15c P  7.74% WF 745.2 PSV     747 N     322  --  J7 J8 C8 J4 J5 E6 D5 F4
G1  : T -96.06c W -93.51c S   1.05c ( +0.1 L  -0.4) LCB -121.76c P  0.21% WF  22.9 PSV      23 N      14  --  G1 H1 C8 J4 J7
E6  : T -103.74c W -96.18c S  -6.83c ( -3.0 L  -3.8) LCB -124.87c P  0.49% WF   7.8 PSV       9 N       6  --  E6 B9 C8 A8 A9
J4  : T -110.45c W -98.81c S -12.62c ( -5.7 L  -6.4) LCB -160.21c P  0.88% WF   8.6 PSV       9 N       4  --  J4 B9 C8 A8
F8  : T -104.13c W -96.32c S  -8.26c ( -3.6 L  -4.7) LCB -181.92c P  0.18% WF   4.1 PSV       2 N       3  --  F8 B9 C8
J6  : T -113.19c W -98.08c S  -6.94c ( -2.8 L  -3.4) LCB -297.13c P  0.09% WF   3.8 PSV       0 N       2  --  J6 B9

2024-06-26 20:22:04-0400: = resign
2024-06-26 20:22:06-0400: Controller: quit
2024-06-26 20:22:06-0400: Quit requested by controller
2024-06-26 20:22:06-0400: = 
2024-06-26 20:22:06-0400: GPU -1 finishing, processed 42191 rows 3991 batches
2024-06-26 20:22:06-0400: All cleaned up, quitting
