2024-05-22 16:06:33+0800: Running with following config:
allowResignation = true
lagBuffer = 1.0
logAllGTPCommunication = true
logDir = gtp_logs
logSearchInfo = true
logSearchInfoForChosenMove = false
logToStderr = false
maxTime = 0.5
maxTimePondering = 60.0
numSearchThreads = 16
ogsChatToStderr = true
ponderingEnabled = true
resignConsecTurns = 3
resignThreshold = -0.90
rules = tromp-taylor
searchFactorAfterOnePass = 0.50
searchFactorAfterTwoPass = 0.25
searchFactorWhenWinning = 0.40
searchFactorWhenWinningThreshold = 0.95

2024-05-22 16:06:33+0800: GTP Engine starting...
2024-05-22 16:06:33+0800: KataGo v1.14.1
2024-05-22 16:06:33+0800: Using TrompTaylor rules initially, unless GTP/GUI overrides this
2024-05-22 16:06:33+0800: Using 16 CPU thread(s) for search
2024-05-22 16:06:33+0800: nnRandSeed0 = 13019768597779624514
2024-05-22 16:06:33+0800: After dedups: nnModelFile0 = C:\Users\chang\Downloads\KaTrain\KaTrain\katrain\models/kata1-b18c384nbt-s6582191360-d3422816034.bin.gz useFP16 auto useNHWC auto
2024-05-22 16:06:33+0800: Initializing neural net buffer to be size 19 * 19 exactly
2024-05-22 16:06:35+0800: Found OpenCL Platform 0: NVIDIA CUDA (NVIDIA Corporation) (OpenCL 3.0 CUDA 12.4.89)
2024-05-22 16:06:35+0800: Found 1 device(s) on platform 0 with type CPU or GPU or Accelerator
2024-05-22 16:06:35+0800: Found OpenCL Platform 1: Intel(R) OpenCL Graphics (Intel(R) Corporation) (OpenCL 3.0 )
2024-05-22 16:06:35+0800: Found 1 device(s) on platform 1 with type CPU or GPU or Accelerator
2024-05-22 16:06:35+0800: Found OpenCL Device 0: NVIDIA GeForce RTX 4060 Laptop GPU (NVIDIA Corporation) (score 11000300)
2024-05-22 16:06:35+0800: Found OpenCL Device 1: Intel(R) UHD Graphics (Intel(R) Corporation) (score 6000300)
2024-05-22 16:06:35+0800: Creating context for OpenCL Platform: NVIDIA CUDA (NVIDIA Corporation) (OpenCL 3.0 CUDA 12.4.89)
2024-05-22 16:06:35+0800: Using OpenCL Device 0: NVIDIA GeForce RTX 4060 Laptop GPU (NVIDIA Corporation) OpenCL 3.0 CUDA (Extensions: cl_khr_global_int32_base_atomics cl_khr_global_int32_extended_atomics cl_khr_local_int32_base_atomics cl_khr_local_int32_extended_atomics cl_khr_fp64 cl_khr_3d_image_writes cl_khr_byte_addressable_store cl_khr_icd cl_khr_gl_sharing cl_nv_compiler_options cl_nv_device_attribute_query cl_nv_pragma_unroll cl_nv_d3d10_sharing cl_khr_d3d10_sharing cl_nv_d3d11_sharing cl_nv_copy_opts cl_nv_create_buffer cl_khr_int64_base_atomics cl_khr_int64_extended_atomics cl_khr_device_uuid cl_khr_pci_bus_info cl_khr_external_semaphore cl_khr_external_memory cl_khr_external_semaphore_win32 cl_khr_external_memory_win32)
2024-05-22 16:06:35+0800: Loaded tuning parameters from: C:\Users\chang\Downloads\katago-v1.14.1-opencl-windows-x64/KataGoData/opencltuning/tune11_gpuNVIDIAGeForceRTX4060LaptopGPU_x19_y19_c384_mv14.txt
2024-05-22 16:06:35+0800: OpenCL backend thread 0: Model version 14
2024-05-22 16:06:35+0800: OpenCL backend thread 0: Model name: kata1-b18c384nbt-s6582191360-d3422816034
2024-05-22 16:06:37+0800: OpenCL backend thread 0: FP16Storage true FP16Compute false FP16TensorCores true FP16TensorCoresFor1x1 false
2024-05-22 16:06:37+0800: Loaded neural net with nnXLen 19 nnYLen 19
2024-05-22 16:06:37+0800: Initializing board with boardXSize 19 boardYSize 19
2024-05-22 16:06:37+0800: Loaded config C:/Users/chang/Downloads/katago-v1.14.1-opencl-windows-x64/lizgoban.cfg
2024-05-22 16:06:37+0800: Loaded model C:\Users\chang\Downloads\KaTrain\KaTrain\katrain\models/kata1-b18c384nbt-s6582191360-d3422816034.bin.gz
2024-05-22 16:06:37+0800: Model name: kata1-b18c384nbt-s6582191360-d3422816034
2024-05-22 16:06:37+0800: GTP ready, beginning main protocol loop
2024-05-22 16:06:37+0800: Controller: list_commands
2024-05-22 16:06:37+0800: = protocol_version
name
version
known_command
list_commands
quit
boardsize
rectangular_boardsize
clear_board
set_position
komi
get_komi
play
undo
kata-get-rules
kata-set-rule
kata-set-rules
kata-get-param
kata-set-param
kata-list-params
kgs-rules
genmove
genmove_debug
search_debug
clear_cache
showboard
fixed_handicap
place_free_handicap
set_free_handicap
time_settings
kgs-time_settings
time_left
kata-list_time_settings
kata-time_settings
final_score
final_status_list
loadsgf
printsgf
lz-genmove_analyze
kata-genmove_analyze
lz-analyze
kata-analyze
kata-raw-nn
cputime
gomill-cpu_time
kata-benchmark
kata-debug-print-tc
debug_moves
stop
2024-05-22 16:06:37+0800: Controller: boardsize 13
2024-05-22 16:06:37+0800: GPU -1 finishing, processed 0 rows 0 batches
2024-05-22 16:06:37+0800: Cleaned up old neural net and bot
2024-05-22 16:06:37+0800: nnRandSeed0 = 10328036849700133342
2024-05-22 16:06:37+0800: After dedups: nnModelFile0 = C:\Users\chang\Downloads\KaTrain\KaTrain\katrain\models/kata1-b18c384nbt-s6582191360-d3422816034.bin.gz useFP16 auto useNHWC auto
2024-05-22 16:06:37+0800: Initializing neural net buffer to be size 13 * 13 exactly
2024-05-22 16:06:38+0800: Found OpenCL Platform 0: NVIDIA CUDA (NVIDIA Corporation) (OpenCL 3.0 CUDA 12.4.89)
2024-05-22 16:06:38+0800: Found 1 device(s) on platform 0 with type CPU or GPU or Accelerator
2024-05-22 16:06:38+0800: Found OpenCL Platform 1: Intel(R) OpenCL Graphics (Intel(R) Corporation) (OpenCL 3.0 )
2024-05-22 16:06:38+0800: Found 1 device(s) on platform 1 with type CPU or GPU or Accelerator
2024-05-22 16:06:38+0800: Found OpenCL Device 0: NVIDIA GeForce RTX 4060 Laptop GPU (NVIDIA Corporation) (score 11000300)
2024-05-22 16:06:38+0800: Found OpenCL Device 1: Intel(R) UHD Graphics (Intel(R) Corporation) (score 6000300)
2024-05-22 16:06:38+0800: Creating context for OpenCL Platform: NVIDIA CUDA (NVIDIA Corporation) (OpenCL 3.0 CUDA 12.4.89)
2024-05-22 16:06:39+0800: Using OpenCL Device 0: NVIDIA GeForce RTX 4060 Laptop GPU (NVIDIA Corporation) OpenCL 3.0 CUDA (Extensions: cl_khr_global_int32_base_atomics cl_khr_global_int32_extended_atomics cl_khr_local_int32_base_atomics cl_khr_local_int32_extended_atomics cl_khr_fp64 cl_khr_3d_image_writes cl_khr_byte_addressable_store cl_khr_icd cl_khr_gl_sharing cl_nv_compiler_options cl_nv_device_attribute_query cl_nv_pragma_unroll cl_nv_d3d10_sharing cl_khr_d3d10_sharing cl_nv_d3d11_sharing cl_nv_copy_opts cl_nv_create_buffer cl_khr_int64_base_atomics cl_khr_int64_extended_atomics cl_khr_device_uuid cl_khr_pci_bus_info cl_khr_external_semaphore cl_khr_external_memory cl_khr_external_semaphore_win32 cl_khr_external_memory_win32)
2024-05-22 16:06:39+0800: Loaded tuning parameters from: C:\Users\chang\Downloads\katago-v1.14.1-opencl-windows-x64/KataGoData/opencltuning/tune11_gpuNVIDIAGeForceRTX4060LaptopGPU_x19_y19_c384_mv14.txt
2024-05-22 16:06:39+0800: OpenCL backend thread 0: Model version 14
2024-05-22 16:06:39+0800: OpenCL backend thread 0: Model name: kata1-b18c384nbt-s6582191360-d3422816034
2024-05-22 16:06:40+0800: OpenCL backend thread 0: FP16Storage true FP16Compute false FP16TensorCores true FP16TensorCoresFor1x1 false
2024-05-22 16:06:40+0800: Loaded neural net with nnXLen 13 nnYLen 13
2024-05-22 16:06:40+0800: Initializing board with boardXSize 13 boardYSize 13
2024-05-22 16:06:40+0800: = 
2024-05-22 16:06:40+0800: Controller: clear_board
2024-05-22 16:06:40+0800: = 
2024-05-22 16:06:40+0800: Controller: komi 6.5
2024-05-22 16:06:40+0800: = 
2024-05-22 16:06:40+0800: Controller: genmove black
2024-05-22 16:06:41+0800: MoveNum: 0 HASH: 6D7B9BD0653F4FE761D8EA5338E563E0
   A B C D E F G H J K L M N
13 . . . . . . . . . . . . .
12 . . . . . . . . . . . . .
11 . . . . . . . . . . . . .
10 . . . . . . . . . @ . . .
 9 . . . . . . . . . . . . .
 8 . . . . . . . . . . . . .
 7 . . . . . . . . . . . . .
 6 . . . . . . . . . . . . .
 5 . . . . . . . . . . . . .
 4 . . . . . . . . . . . . .
 3 . . . . . . . . . . . . .
 2 . . . . . . . . . . . . .
 1 . . . . . . . . . . . . .

koPOSITIONALscoreAREAtaxNONEsui1komi6.5
Time taken: 0.515
Root visits: 310
New playouts: 310
NN rows: 291
NN batches: 27
NN avg batch size: 10.7778
PV: K10 K3 D11 D4 K4 L4 L5 J4 K5 L3 C6 D10
Tree:
: T  18.61c W  18.62c S  -0.34c ( +0.5 L  +0.2) N     310  --  K10 K3 D11 D4 K4 L4 L5
---Black(^)---
K10 : T  20.58c W  20.57c S  -0.18c ( +0.6 L  +0.3) LCB   19.26c P 20.80% WF 388.4 PSV     384 N     166  --  K10 K3 D11 D4 K4 L4 L5 J4
L10 : T  18.78c W  18.47c S  -0.38c ( +0.5 L  +0.2) LCB   17.41c P  1.78% WF 159.5 PSV       8 N      71  --  L10 K4 D4 D11 C9 K10 L11
L11 : T   8.07c W   9.22c S  -1.08c ( -0.0 L  -0.0) LCB    4.60c P  0.31% WF  22.7 PSV       0 N      16  --  L11 K4 D10 D4 L6
L9  : T   6.53c W   6.44c S  -1.26c ( -0.1 L  -0.2) LCB   -5.27c P  0.11% WF   9.4 PSV       0 N       8  --  L9 K4 D10 D3 K11
K9  : T   3.63c W   4.74c S  -1.45c ( -0.3 L  -0.3) LCB  -11.01c P  0.04% WF   6.1 PSV       0 N       7  --  K9 D10 K3
L8  : T   2.19c W   3.60c S  -1.47c ( -0.3 L  -0.3) LCB  -17.85c P  0.02% WF   4.4 PSV       0 N       6  --  L8 K11 K3 K4
K8  : T  -5.09c W  -3.21c S  -2.06c ( -0.7 L  -0.6) LCB  -33.97c P  0.01% WF   2.3 PSV       0 N       5  --  K8 D10 K3
L7  : T  -7.71c W  -5.39c S  -2.14c ( -0.7 L  -0.7) LCB  -50.86c P  0.01% WF   1.6 PSV       0 N       4  --  L7 K11 K3
K7  : T -11.42c W -10.03c S  -2.52c ( -1.0 L  -0.8) LCB  -85.90c P  0.01% WF   0.8 PSV       0 N       3  --  K7 K3 K11
J9  : T -19.63c W -16.65c S  -2.98c ( -1.3 L  -1.1) LCB -168.99c P  0.00% WF   0.4 PSV       0 N       2  --  J9 K4

2024-05-22 16:06:41+0800: = K10
2024-05-22 16:06:43+0800: Controller: kata-list_time_settings
2024-05-22 16:06:43+0800: = none absolute byoyomi canadian fischer fischer-capped
2024-05-22 16:06:43+0800: Controller: play white d4
2024-05-22 16:06:43+0800: = 
2024-05-22 16:06:43+0800: Controller: genmove black
2024-05-22 16:06:44+0800: MoveNum: 2 HASH: 767056A7FDF60FF0B8687FB717BE712A
   A B C D E F G H J K L M N
13 . . . . . . . . . . . . .
12 . . . . . . . . . . . . .
11 . . . . . . . . . . . . .
10 . . . . . . . . . X1. . .
 9 . . . . . . . . . . . . .
 8 . . . . . . . . . . . . .
 7 . . . . . . . . . . . . .
 6 . . . . . . . . . . . . .
 5 . . . . . . . . . . . . .
 4 . . . O2. . . . . . @ . .
 3 . . . . . . . . . . . . .
 2 . . . . . . . . . . . . .
 1 . . . . . . . . . . . . .

koPOSITIONALscoreAREAtaxNONEsui1komi6.5
Time taken: 0.531
Root visits: 1581
New playouts: 449
NN rows: 406
NN batches: 37
NN avg batch size: 10.973
PV: L4 D10 F3 G11 J4 L3 K3 F4 G4 F5 E3 D3
Tree:
: T  21.53c W  21.07c S   0.31c ( +0.6 L  +0.3) N    1581  --  L4 D10 F3 G11 J4 L3 K3
---Black(^)---
L4  : T  21.91c W  21.29c S   0.34c ( +0.7 L  +0.3) LCB   20.93c P 40.64% WF 2714.7 PSV    2705 N    1412  --  L4 D10 F3 G11 J4 L3 K3 F4
C3  : T  18.30c W  19.34c S   0.08c ( +0.5 L  +0.2) LCB   15.72c P 11.58% WF 274.0 PSV      89 N     155  --  C3 C4 C10 D3 K3 E10 D11 C8
K3  : T  18.24c W  17.63c S   0.08c ( +0.5 L  +0.2) LCB    3.33c P  1.58% WF  16.8 PSV      12 N       7  --  K3 D11 D9 C9
K4  : T  15.90c W  17.03c S   0.10c ( +0.5 L  +0.2) LCB   -5.12c P  1.95% WF  13.8 PSV       9 N       6  --  K4 C10 F3 F11 D10

2024-05-22 16:06:44+0800: = L4
2024-05-22 16:06:46+0800: Controller: kata-list_time_settings
2024-05-22 16:06:46+0800: = none absolute byoyomi canadian fischer fischer-capped
2024-05-22 16:06:46+0800: Controller: play white d10
2024-05-22 16:06:46+0800: = 
2024-05-22 16:06:46+0800: Controller: genmove black
2024-05-22 16:06:47+0800: MoveNum: 4 HASH: 61EB3371E51BD3B004804F28B9D48B4A
   A B C D E F G H J K L M N
13 . . . . . . . . . . . . .
12 . . . . . . . . . . . . .
11 . . . . . . . . . . . . .
10 . . . O3. . . . . X . . .
 9 . . . . . . . . . . . . .
 8 . . . . . . . . . . . . .
 7 . . . . . . . . . . . . .
 6 . . . . . . . . . . . . .
 5 . . . . . . . . . . . . .
 4 . . . O1. . . . . . X2. .
 3 . . . . . @ . . . . . . .
 2 . . . . . . . . . . . . .
 1 . . . . . . . . . . . . .

koPOSITIONALscoreAREAtaxNONEsui1komi6.5
Time taken: 0.531
Root visits: 3240
New playouts: 425
NN rows: 404
NN batches: 37
NN avg batch size: 10.9189
PV: F3 J4 F5 L3 M3 K3 M5 J7 D5 C5 D6 C6 C3 D3 C4 C2 B2 D2 C8 B5 B3 B1 C7 B4 J6
Tree:
: T  20.26c W  19.99c S   0.26c ( +0.6 L  +0.3) N    3240  --  F3 J4 F5 L3 M3 K3 M5
---Black(^)---
F3  : T  20.49c W  20.19c S   0.28c ( +0.6 L  +0.3) LCB   19.53c P 78.33% WF 5128.8 PSV    5123 N    3140  --  F3 J4 F5 L3 M3 K3 M5 J7
J4  : T  17.41c W  17.95c S   0.18c ( +0.6 L  +0.3) LCB   11.27c P  2.47% WF  42.7 PSV      35 N      19  --  J4 G3 G11 E11 C4
H3  : T  14.23c W  15.61c S   0.14c ( +0.5 L  +0.3) LCB    4.98c P  2.84% WF  22.2 PSV      22 N      10  --  H3 G11 H10 L10 L9
C3  : T  14.79c W  16.03c S  -0.21c ( +0.3 L  +0.1) LCB    3.29c P  2.30% WF  19.9 PSV      20 N       9  --  C3 K4 C4 L3 L5
H11 : T  16.80c W  17.04c S   0.07c ( +0.5 L  +0.3) LCB    2.60c P  1.51% WF  19.6 PSV      19 N       9  --  H11 J3 K5 F4
C10 : T  17.48c W  16.41c S  -0.18c ( +0.3 L  +0.1) LCB    5.43c P  1.23% WF  20.3 PSV      18 N       9  --  C10 K4 K3 J3
F11 : T  13.63c W  14.17c S  -0.33c ( +0.2 L  +0.1) LCB    1.73c P  2.08% WF  20.1 PSV      15 N       9  --  F11 L11 L10 K11 J11
G11 : T  15.60c W  15.82c S  -0.09c ( +0.4 L  +0.2) LCB  -12.85c P  1.16% WF  11.4 PSV      11 N       5  --  G11 K4 L3 K6
D3  : T  14.83c W  15.97c S  -0.23c ( +0.3 L  +0.1) LCB   -8.00c P  1.04% WF  13.1 PSV       9 N       6  --  D3 K4 C3
G3  : T  17.27c W  17.55c S  -0.01c ( +0.4 L  +0.2) LCB    2.25c P  0.62% WF  15.1 PSV       8 N       7  --  G3 K4 K3 L10 L9

2024-05-22 16:06:47+0800: = F3
2024-05-22 16:06:50+0800: Controller: kata-list_time_settings
2024-05-22 16:06:50+0800: = none absolute byoyomi canadian fischer fischer-capped
2024-05-22 16:06:50+0800: Controller: play white f4
2024-05-22 16:06:50+0800: = 
2024-05-22 16:06:50+0800: Controller: genmove black
2024-05-22 16:06:51+0800: MoveNum: 6 HASH: D4377CD3C012F920632887E575FD9654
   A B C D E F G H J K L M N
13 . . . . . . . . . . . . .
12 . . . . . . . . . . . . .
11 . . . . . . . . . . . . .
10 . . . O1. . . . . X . . .
 9 . . . . . . . . . . . . .
 8 . . . . . . . . . . . . .
 7 . . . . . . . . . . . . .
 6 . . . . . . . . . . . . .
 5 . . . . . . . . . . . . .
 4 . . . O . O3@ . . . X . .
 3 . . . . . X2. . . . . . .
 2 . . . . . . . . . . . . .
 1 . . . . . . . . . . . . .

koPOSITIONALscoreAREAtaxNONEsui1komi6.5
Time taken: 0.531
Root visits: 412
New playouts: 396
NN rows: 397
NN batches: 38
NN avg batch size: 10.4474
PV: G4 F5 E3 D3 H3 K4 E4 C6 E5 L5
Tree:
: T  27.12c W  26.54c S   0.77c ( +0.8 L  +0.4) N     412  --  G4 F5 E3 D3 H3 K4 E4
---Black(^)---
G4  : T  29.16c W  28.35c S   0.89c ( +0.8 L  +0.5) LCB   26.58c P 94.62% WF 614.4 PSV     609 N     328  --  G4 F5 E3 D3 H3 K4 E4 C6
E3  : T  20.69c W  21.02c S   0.44c ( +0.5 L  +0.3) LCB   13.96c P  1.38% WF  24.2 PSV       1 N      16  --  E3 E4 D3 C4 G4 K4 L5 K5
E4  : T  13.41c W  15.85c S   0.18c ( +0.4 L  +0.1) LCB   -4.94c P  1.22% WF  14.7 PSV       1 N       9  --  E4 E3 E5 G3 F2 D3 G2 H3
C10 : T  16.18c W  17.00c S   0.08c ( +0.3 L  +0.1) LCB    3.61c P  0.85% WF  14.3 PSV       0 N      10  --  C10 C11 G4 F5 C9
C3  : T  12.94c W  14.28c S  -0.01c ( +0.2 L  +0.1) LCB   -7.71c P  0.27% WF   6.4 PSV       0 N       6  --  C3 K4 L5 E3
G3  : T  10.74c W  12.09c S  -0.25c ( +0.1 L  -0.1) LCB -139.54c P  0.33% WF   4.0 PSV       0 N       2  --  G3 K4
C4  : T   1.36c W   4.80c S  -0.69c ( -0.2 L  -0.3) LCB -149.46c P  0.08% WF   1.4 PSV       0 N       2  --  C4 E3
C11 : T   7.70c W   8.27c S  -0.57c ( -0.1 L  -0.1) LCB -342.30c P  0.21% WF   1.9 PSV       0 N       1  --  C11
D11 : T  -4.38c W  -3.18c S  -1.20c ( -0.5 L  -0.3) LCB -354.38c P  0.13% WF   1.5 PSV       0 N       1  --  D11
E10 : T  -0.62c W   0.59c S  -1.20c ( -0.6 L  -0.4) LCB -350.62c P  0.07% WF   1.0 PSV       0 N       1  --  E10

2024-05-22 16:06:51+0800: = G4
2024-05-22 16:06:54+0800: Controller: quit
2024-05-22 16:06:54+0800: Quit requested by controller
2024-05-22 16:06:54+0800: = 
2024-05-22 16:06:54+0800: GPU -1 finishing, processed 11085 rows 981 batches
2024-05-22 16:06:55+0800: All cleaned up, quitting
