2024-06-21 21:50:53-0400: Running with following config:
allowResignation = true
lagBuffer = 1.0
logAllGTPCommunication = true
logDir = gtp_logs
logSearchInfo = true
logSearchInfoForChosenMove = false
logToStderr = false
maxTime = 1.0
maxTimePondering = 120.0
numSearchThreads = 12
ogsChatToStderr = true
ponderingEnabled = true
resignConsecTurns = 3
resignThreshold = -0.90
rules = tromp-taylor
searchFactorAfterOnePass = 0.50
searchFactorAfterTwoPass = 0.25
searchFactorWhenWinning = 0.40
searchFactorWhenWinningThreshold = 0.95

2024-06-21 21:50:53-0400: GTP Engine starting...
2024-06-21 21:50:53-0400: KataGo v1.14.1
2024-06-21 21:50:53-0400: Using TrompTaylor rules initially, unless GTP/GUI overrides this
2024-06-21 21:50:53-0400: Using 12 CPU thread(s) for search
2024-06-21 21:50:53-0400: nnRandSeed0 = 7483245436068804703
2024-06-21 21:50:53-0400: After dedups: nnModelFile0 = C:/Users/chang/Downloads/kata1-b60c320-s9482697216-d3873382264.bin.gz useFP16 auto useNHWC auto
2024-06-21 21:50:53-0400: Initializing neural net buffer to be size 19 * 19 exactly
2024-06-21 21:51:02-0400: Cuda backend thread 0: Found GPU NVIDIA GeForce RTX 4060 Laptop GPU memory 8585216000 compute capability major 8 minor 9
2024-06-21 21:51:02-0400: Cuda backend thread 0: Model version 10 useFP16 = true useNHWC = true
2024-06-21 21:51:02-0400: Cuda backend thread 0: Model name: kata1-b60c320-s9482697216-d3873382264
2024-06-21 21:51:05-0400: Loaded neural net with nnXLen 19 nnYLen 19
2024-06-21 21:51:05-0400: Initializing board with boardXSize 19 boardYSize 19
2024-06-21 21:51:05-0400: Loaded config C:\Users\chang\Downloads\katago-v1.14.1-opencl-windows-x64/golaxy_9d.cfg
2024-06-21 21:51:05-0400: Loaded model C:/Users/chang/Downloads/kata1-b60c320-s9482697216-d3873382264.bin.gz
2024-06-21 21:51:05-0400: Model name: kata1-b60c320-s9482697216-d3873382264
2024-06-21 21:51:05-0400: GTP ready, beginning main protocol loop
2024-06-21 21:51:05-0400: Controller: list_commands
2024-06-21 21:51:05-0400: = protocol_version
name
version
known_command
list_commands
quit
boardsize
rectangular_boardsize
clear_board
set_position
komi
get_komi
play
undo
kata-get-rules
kata-set-rule
kata-set-rules
kata-get-param
kata-set-param
kata-list-params
kgs-rules
genmove
genmove_debug
search_debug
clear_cache
showboard
fixed_handicap
place_free_handicap
set_free_handicap
time_settings
kgs-time_settings
time_left
kata-list_time_settings
kata-time_settings
final_score
final_status_list
loadsgf
printsgf
lz-genmove_analyze
kata-genmove_analyze
lz-analyze
kata-analyze
kata-raw-nn
cputime
gomill-cpu_time
kata-benchmark
kata-debug-print-tc
debug_moves
stop
2024-06-21 21:51:05-0400: Controller: boardsize 13
2024-06-21 21:51:06-0400: GPU -1 finishing, processed 0 rows 0 batches
2024-06-21 21:51:06-0400: Cleaned up old neural net and bot
2024-06-21 21:51:06-0400: nnRandSeed0 = 7625060934811423756
2024-06-21 21:51:06-0400: After dedups: nnModelFile0 = C:/Users/chang/Downloads/kata1-b60c320-s9482697216-d3873382264.bin.gz useFP16 auto useNHWC auto
2024-06-21 21:51:06-0400: Initializing neural net buffer to be size 13 * 13 exactly
2024-06-21 21:51:18-0400: Cuda backend thread 0: Found GPU NVIDIA GeForce RTX 4060 Laptop GPU memory 8585216000 compute capability major 8 minor 9
2024-06-21 21:51:18-0400: Cuda backend thread 0: Model version 10 useFP16 = true useNHWC = true
2024-06-21 21:51:18-0400: Cuda backend thread 0: Model name: kata1-b60c320-s9482697216-d3873382264
2024-06-21 21:51:21-0400: Loaded neural net with nnXLen 13 nnYLen 13
2024-06-21 21:51:21-0400: Initializing board with boardXSize 13 boardYSize 13
2024-06-21 21:51:21-0400: = 
2024-06-21 21:51:21-0400: Controller: clear_board
2024-06-21 21:51:21-0400: = 
2024-06-21 21:51:21-0400: Controller: komi 7.5
2024-06-21 21:51:21-0400: = 
2024-06-21 21:51:21-0400: Controller: play black k10
2024-06-21 21:51:21-0400: = 
2024-06-21 21:51:21-0400: Controller: genmove white
2024-06-21 21:51:22-0400: MoveNum: 1 HASH: 48C82C867219252AAC25E04A62D884C1
   A B C D E F G H J K L M N
13 . . . . . . . . . . . . .
12 . . . . . . . . . . . . .
11 . . . . . . . . . . . . .
10 . . . . . . . . . X1. . .
 9 . . . . . . . . . . . . .
 8 . . . . . . . . . . . . .
 7 . . . . . . . . . . . . .
 6 . . . . . . . . . . . . .
 5 . . . . . . . . . . . . .
 4 . . . @ . . . . . . . . .
 3 . . . . . . . . . . . . .
 2 . . . . . . . . . . . . .
 1 . . . . . . . . . . . . .

koPOSITIONALscoreAREAtaxNONEsui1komi7.5
Time taken: 1.235
Root visits: 499
New playouts: 499
NN rows: 461
NN batches: 52
NN avg batch size: 8.86538
PV: D4 D11 L4 D8 K8 K4 K3 L5 K5 J4 L6
Tree:
: T  48.03c W  46.76c S   1.13c ( +1.5 L  +0.9) N     499  --  D4 D11 L4 D8 K8 K4 K3
---White(^)---
D4  : T  49.37c W  48.05c S   1.23c ( +1.6 L  +1.0) LCB   48.06c P 61.60% WF 539.8 PSV     535 N     276  --  D4 D11 L4 D8 K8 K4 K3 L5
C10 : T  47.78c W  46.22c S   1.13c ( +1.6 L  +0.9) LCB   45.51c P  9.05% WF 156.1 PSV      37 N      80  --  C10 L4 D4 F3 K4 K3 J3 K5
D10 : T  48.79c W  47.52c S   1.13c ( +1.5 L  +0.9) LCB   46.88c P  3.90% WF 119.7 PSV      24 N      60  --  D10 L4 D3 H3 K4 K3 L3
D11 : T  45.90c W  44.82c S   0.94c ( +1.4 L  +0.8) LCB   43.45c P  4.91% WF  64.4 PSV      12 N      36  --  D11 D3 D4 C3 K4 C9
C4  : T  41.25c W  40.65c S   0.69c ( +1.3 L  +0.7) LCB   36.96c P  0.47% WF  21.4 PSV       0 N      16  --  C4 D4 D3 E3 D5
C3  : T  36.50c W  35.74c S   0.34c ( +1.0 L  +0.6) LCB   24.67c P  0.30% WF   9.8 PSV       0 N       8  --  C3 D11 K4 C8
L11 : T  34.84c W  35.61c S   0.02c ( +0.8 L  +0.4) LCB    3.84c P  0.32% WF   7.3 PSV       0 N       5  --  L11 L10 L4
C11 : T  31.10c W  32.98c S   0.24c ( +1.0 L  +0.6) LCB -118.09c P  0.36% WF   3.5 PSV       0 N       2  --  C11 L4
K11 : T  30.53c W  30.47c S   0.07c ( +0.8 L  +0.3) LCB -319.47c P  0.04% WF   1.1 PSV       0 N       1  --  K11
D5  : T  26.74c W  27.14c S  -0.40c ( +0.5 L  +0.1) LCB -323.26c P  0.03% WF   0.9 PSV       0 N       1  --  D5

2024-06-21 21:51:22-0400: = D4
2024-06-21 21:51:23-0400: Controller: kata-list_time_settings
2024-06-21 21:51:23-0400: = none absolute byoyomi canadian fischer fischer-capped
2024-06-21 21:51:23-0400: Controller: play black k4
2024-06-21 21:51:23-0400: = 
2024-06-21 21:51:23-0400: Controller: genmove white
2024-06-21 21:51:25-0400: MoveNum: 3 HASH: A4E01A6D6FE0C1722BC6F3340C9F85AB
   A B C D E F G H J K L M N
13 . . . . . . . . . . . . .
12 . . . . . . . . . . . . .
11 . . . . . . . . . . . . .
10 . . @ . . . . . . X1. . .
 9 . . . . . . . . . . . . .
 8 . . . . . . . . . . . . .
 7 . . . . . . . . . . . . .
 6 . . . . . . . . . . . . .
 5 . . . . . . . . . . . . .
 4 . . . O2. . . . . X3. . .
 3 . . . . . . . . . . . . .
 2 . . . . . . . . . . . . .
 1 . . . . . . . . . . . . .

koPOSITIONALscoreAREAtaxNONEsui1komi7.5
Time taken: 1.062
Root visits: 474
New playouts: 451
NN rows: 460
NN batches: 54
NN avg batch size: 8.51852
PV: C10 F3 E10 G11 D6 L5 L11 L10 K11 J11 J12 H12 J10
Tree:
: T  51.62c W  50.71c S   0.91c ( +1.7 L  +1.1) N     474  --  C10 F3 E10 G11 D6 L5 L11
---White(^)---
C10 : T  52.99c W  51.92c S   0.98c ( +1.8 L  +1.1) LCB   51.14c P 68.89% WF 627.5 PSV     623 N     334  --  C10 F3 E10 G11 D6 L5 L11 L10
D10 : T  52.88c W  51.86c S   1.05c ( +1.8 L  +1.1) LCB   50.18c P 13.17% WF 160.7 PSV     111 N      84  --  D10 C4 C3 C5 D3 C8 C9 D8
D11 : T  45.63c W  45.59c S   0.50c ( +1.5 L  +0.9) LCB   41.01c P 15.41% WF  48.1 PSV      24 N      27  --  D11 C4 C3 C5 D3 C9 C7 B7
C11 : T  38.45c W  39.47c S   0.14c ( +1.2 L  +0.7) LCB   18.01c P  0.58% WF   9.7 PSV       0 N       6  --  C11 G3 H11 D10
L11 : T  35.21c W  37.30c S  -0.22c ( +1.0 L  +0.6) LCB   -8.49c P  0.40% WF   6.6 PSV       0 N       4  --  L11 L10 K11 J10
C9  : T  37.15c W  37.22c S  -0.07c ( +1.1 L  +0.6) LCB -312.85c P  0.19% WF   1.8 PSV       0 N       1  --  C9
L3  : T  36.32c W  36.37c S  -0.05c ( +1.1 L  +0.6) LCB -313.68c P  0.13% WF   1.8 PSV       0 N       1  --  L3
H11 : T  14.94c W  16.43c S  -1.49c ( +0.1 L  -0.1) LCB -335.06c P  0.10% WF   1.6 PSV       0 N       1  --  H11
L10 : T  27.21c W  28.01c S  -0.80c ( +0.6 L  +0.2) LCB -322.79c P  0.09% WF   1.5 PSV       0 N       1  --  L10
L4  : T  35.54c W  35.61c S  -0.06c ( +1.1 L  +0.6) LCB -314.46c P  0.08% WF   1.5 PSV       0 N       1  --  L4

2024-06-21 21:51:25-0400: = C10
2024-06-21 21:51:26-0400: Controller: kata-list_time_settings
2024-06-21 21:51:26-0400: = none absolute byoyomi canadian fischer fischer-capped
2024-06-21 21:51:26-0400: Controller: play black f3
2024-06-21 21:51:26-0400: = 
2024-06-21 21:51:26-0400: Controller: genmove white
2024-06-21 21:51:28-0400: MoveNum: 5 HASH: 59B098D7AD3CB9ABF39DDEE4F3B42221
   A B C D E F G H J K L M N
13 . . . . . . . . . . . . .
12 . . . . . . . . . . . . .
11 . . . . @ . . . . . . . .
10 . . O2. . . . . . X . . .
 9 . . . . . . . . . . . . .
 8 . . . . . . . . . . . . .
 7 . . . . . . . . . . . . .
 6 . . . . . . . . . . . . .
 5 . . . . . . . . . . . . .
 4 . . . O . . . . . X1. . .
 3 . . . . . X3. . . . . . .
 2 . . . . . . . . . . . . .
 1 . . . . . . . . . . . . .

koPOSITIONALscoreAREAtaxNONEsui1komi7.5
Time taken: 1.063
Root visits: 1487
New playouts: 476
NN rows: 442
NN batches: 52
NN avg batch size: 8.5
PV: E11 D6 L4 L5 L3 M5 K3 J4 H2 G4 K11 J10
Tree:
: T  50.28c W  49.83c S   0.81c ( +1.6 L  +1.0) N    1487  --  E11 D6 L4 L5 L3 M5 K3
---White(^)---
E11 : T  52.33c W  51.17c S   1.02c ( +1.8 L  +1.1) LCB   50.62c P 15.19% WF 856.5 PSV    4187 N     489  --  E11 D6 L4 L5 L3 M5 K3 J4
E10 : T  49.86c W  49.91c S   0.67c ( +1.5 L  +1.0) LCB   48.21c P 42.57% WF 1148.2 PSV    1156 N     702  --  E10 G11 D6 L4 L11 L10 K11 M11
L3  : T  49.52c W  48.67c S   0.82c ( +1.6 L  +1.0) LCB   45.43c P  7.41% WF 184.1 PSV     153 N     106  --  L3 L4 K3 J3 J2 H3 H2 M4
F11 : T  46.99c W  46.40c S   0.68c ( +1.6 L  +0.9) LCB   44.14c P 15.09% WF 146.7 PSV     113 N      85  --  F11 C6 L4 L3 L5 K3 L8 L9
F10 : T  47.55c W  48.18c S   0.79c ( +1.6 L  +1.0) LCB   43.35c P  9.70% WF 109.7 PSV      84 N      63  --  F10 C6 F4 G4 F5 C3 C4 D3
D6  : T  43.66c W  43.57c S   0.41c ( +1.4 L  +0.8) LCB   26.14c P  2.98% WF  12.2 PSV      12 N       7  --  D6 D10 D11 E11 D9 E10
H11 : T  46.05c W  45.27c S   0.70c ( +1.6 L  +0.9) LCB   40.94c P  1.40% WF  41.6 PSV       8 N      22  --  H11 D10 D11 C9 E10 D9
L11 : T  48.72c W  48.88c S   0.84c ( +1.7 L  +1.0) LCB   18.73c P  0.56% WF   9.9 PSV       7 N       5  --  L11 L10 K11 J10
F4  : T  47.40c W  47.59c S   0.78c ( +1.6 L  +0.9) LCB  -27.14c P  0.25% WF   5.9 PSV       2 N       3  --  F4 G4
H3  : T  43.68c W  43.93c S   0.56c ( +1.5 L  +0.8) LCB -105.54c P  0.68% WF   4.1 PSV       2 N       2  --  H3 E11

2024-06-21 21:51:28-0400: = E11
2024-06-21 21:51:29-0400: Controller: kata-list_time_settings
2024-06-21 21:51:29-0400: = none absolute byoyomi canadian fischer fischer-capped
2024-06-21 21:51:29-0400: Controller: play black f10
2024-06-21 21:51:29-0400: = 
2024-06-21 21:51:29-0400: Controller: genmove white
2024-06-21 21:51:30-0400: MoveNum: 7 HASH: F594BC38BD36FCE3FF17059312A79F2E
   A B C D E F G H J K L M N
13 . . . . . . . . . . . . .
12 . . . . . . . . . . . . .
11 . . . . O2. . . . . . . .
10 . . O . @ X3. . . X . . .
 9 . . . . . . . . . . . . .
 8 . . . . . . . . . . . . .
 7 . . . . . . . . . . . . .
 6 . . . . . . . . . . . . .
 5 . . . . . . . . . . . . .
 4 . . . O . . . . . X . . .
 3 . . . . . X1. . . . . . .
 2 . . . . . . . . . . . . .
 1 . . . . . . . . . . . . .

koPOSITIONALscoreAREAtaxNONEsui1komi7.5
Time taken: 1.047
Root visits: 543
New playouts: 498
NN rows: 422
NN batches: 51
NN avg batch size: 8.27451
PV: E10 C6 D6 D7 E6 C4 C3 C5 D3 C9 D9 C8
Tree:
: T  51.31c W  50.83c S   0.77c ( +1.7 L  +1.1) N     543  --  E10 C6 D6 D7 E6 C4 C3
---White(^)---
E10 : T  52.34c W  51.61c S   0.84c ( +1.8 L  +1.1) LCB   50.22c P 53.82% WF 640.1 PSV     635 N     383  --  E10 C6 D6 D7 E6 C4 C3 C5
L4  : T  53.16c W  52.45c S   0.87c ( +1.8 L  +1.1) LCB   48.10c P  5.99% WF 114.5 PSV     114 N      65  --  L4 L3 L5 M3 M9 L9 M10 L7
L3  : T  43.47c W  45.67c S   0.38c ( +1.5 L  +0.9) LCB   33.02c P 18.14% WF  36.8 PSV      26 N      23  --  L3 L4 K3 J3 J2 H3 H2 M4
F11 : T  47.08c W  46.89c S   0.46c ( +1.5 L  +0.9) LCB   42.78c P  8.03% WF  47.8 PSV      18 N      28  --  F11 C9 D10 C6 C5 D6 F4
H3  : T  45.46c W  45.48c S   0.40c ( +1.5 L  +0.9) LCB   38.82c P  7.40% WF  23.2 PSV      13 N      13  --  H3 F11 L11 L10
L10 : T  46.91c W  47.66c S   0.59c ( +1.6 L  +1.0) LCB   38.53c P  2.44% WF  29.7 PSV       5 N      17  --  L10 L9 L11 M9 K11 J10
F4  : T  47.23c W  48.31c S   0.59c ( +1.6 L  +1.0) LCB   38.11c P  1.26% WF  17.8 PSV       2 N      10  --  F4 G4 F5 C3 E3 G3 D2
D6  : T  43.06c W  44.28c S   0.14c ( +1.3 L  +0.8) LCB  -31.03c P  0.63% WF   5.4 PSV       0 N       3  --  D6 F11 E10

2024-06-21 21:51:30-0400: = E10
2024-06-21 21:51:32-0400: Controller: kata-list_time_settings
2024-06-21 21:51:32-0400: = none absolute byoyomi canadian fischer fischer-capped
2024-06-21 21:51:32-0400: Controller: play black f8
2024-06-21 21:51:32-0400: = 
2024-06-21 21:51:32-0400: Controller: genmove white
2024-06-21 21:51:33-0400: MoveNum: 9 HASH: D0C289C7E6A1BA74BB6E9FCE7A586CED
   A B C D E F G H J K L M N
13 . . . . . . . . . . . . .
12 . . . . . . . . . . . . .
11 . . . . O . . . . . . . .
10 . . O . O2X1. . . X . . .
 9 . . . . . . . . . . . . .
 8 . . . . . X3. . . . . . .
 7 . . . . . . . . . . . . .
 6 . . . . . . . . . . . . .
 5 . . . . . . . . . . . . .
 4 . . . O . @ . . . X . . .
 3 . . . . . X . . . . . . .
 2 . . . . . . . . . . . . .
 1 . . . . . . . . . . . . .

koPOSITIONALscoreAREAtaxNONEsui1komi7.5
Time taken: 1.047
Root visits: 1129
New playouts: 465
NN rows: 427
NN batches: 55
NN avg batch size: 7.76364
PV: F4 G4 F5 E3 D3 D2 C2 E4 E5 D5 G3 G2 H3 H2 J3 C5 E2 F2 D1 J2 K3 L3 K2 L2 H5
Tree:
: T  49.21c W  48.52c S   0.80c ( +1.6 L  +1.0) N    1129  --  F4 G4 F5 E3 D3 D2 C2
---White(^)---
F4  : T  53.66c W  51.64c S   1.29c ( +1.9 L  +1.3) LCB   48.43c P  2.93% WF 215.0 PSV    1220 N     154  --  F4 G4 F5 E3 D3 D2 C2 E4
H3  : T  50.19c W  49.23c S   0.86c ( +1.6 L  +1.1) LCB   47.69c P 30.40% WF 821.6 PSV     814 N     542  --  H3 C9 L3 B10 C11 L4 K3 J4
D6  : T  48.55c W  47.79c S   0.56c ( +1.4 L  +0.9) LCB   45.83c P 13.69% WF 309.9 PSV     140 N     190  --  D6 L5 G5 H3 L3 K3 M5 M6
L4  : T  47.27c W  47.09c S   0.66c ( +1.5 L  +0.9) LCB   42.97c P 10.59% WF 238.9 PSV      73 N     156  --  L4 L3 L5 M3 M10 L7 L9 C9
L3  : T  35.49c W  40.98c S   0.18c ( +1.2 L  +0.8) LCB   24.05c P 25.40% WF  43.6 PSV      44 N      31  --  L3 L4 K3 J3 J2 H3 H2 M4
F9  : T  38.65c W  40.15c S   0.15c ( +1.2 L  +0.7) LCB   30.44c P  6.85% WF  17.0 PSV      14 N      12  --  F9 G9 E9 C6 C5 E5 G8
C6  : T  40.96c W  42.10c S   0.07c ( +1.1 L  +0.7) LCB   28.12c P  4.32% WF  12.8 PSV      11 N       8  --  C6 L5 J3 K3 F4 G4
L10 : T  45.74c W  46.48c S   0.60c ( +1.5 L  +0.9) LCB   38.40c P  1.93% WF  52.9 PSV       9 N      33  --  L10 L9 M9 K9 L3 L4 K3
H11 : T  39.06c W  39.15c S   0.28c ( +1.3 L  +0.8) LCB -110.08c P  0.80% WF   3.5 PSV       1 N       2  --  H11 C9

2024-06-21 21:51:33-0400: = F4
2024-06-21 21:51:35-0400: Controller: kata-list_time_settings
2024-06-21 21:51:35-0400: = none absolute byoyomi canadian fischer fischer-capped
2024-06-21 21:51:35-0400: Controller: play black e4
2024-06-21 21:51:35-0400: = 
2024-06-21 21:51:35-0400: Controller: genmove white
2024-06-21 21:51:36-0400: MoveNum: 11 HASH: FBF1DC5D63B835D9DB16368309D0ACC3
   A B C D E F G H J K L M N
13 . . . . . . . . . . . . .
12 . . . . . . . . . . . . .
11 . . . . O . . . . . . . .
10 . . O . O X . . . X . . .
 9 . . . . . . . . . . . . .
 8 . . . . . X1. . . . . . .
 7 . . . . . . . . . . . . .
 6 . . . . . . . . . . . . .
 5 . . . . @ . . . . . . . .
 4 . . . O X3O2. . . X . . .
 3 . . . . . X . . . . . . .
 2 . . . . . . . . . . . . .
 1 . . . . . . . . . . . . .

koPOSITIONALscoreAREAtaxNONEsui1komi7.5
Time taken: 1.094
Root visits: 550
New playouts: 458
NN rows: 424
NN batches: 55
NN avg batch size: 7.70909
PV: E5 E3 D5 G4 F5 C2 C3 B3 G3 H4 D2 D3 C4 E2 B2 D1 L4 L3 K3 J3
Tree:
: T  50.83c W  50.05c S   0.57c ( +1.7 L  +1.1) N     550  --  E5 E3 D5 G4 F5 C2 C3
---White(^)---
E5  : T  51.78c W  50.86c S   0.64c ( +1.8 L  +1.1) LCB   48.53c P 51.10% WF 683.8 PSV     679 N     475  --  E5 E3 D5 G4 F5 C2 C3 B3
E3  : T  45.33c W  45.49c S   0.23c ( +1.5 L  +0.9) LCB   37.93c P 45.33% WF  94.5 PSV      99 N      70  --  E3 E5 D3 F2 D5 E6 D6 G4
L4  : T  30.75c W  31.86c S  -1.11c ( +0.6 L  +0.5) LCB -319.25c P  1.29% WF   1.4 PSV       1 N       1  --  L4
D3  : T  12.84c W  14.67c S  -1.83c ( +0.1 L  -0.1) LCB -337.16c P  1.50% WF   1.2 PSV       0 N       1  --  D3
D5  : T  18.68c W  20.35c S  -1.67c ( +0.2 L  -0.0) LCB -331.32c P  0.17% WF   1.2 PSV       0 N       1  --  D5
K3  : T  29.29c W  30.35c S  -1.06c ( +0.7 L  +0.4) LCB -320.71c P  0.15% WF   1.3 PSV       0 N       1  --  K3

2024-06-21 21:51:36-0400: = E5
2024-06-21 21:51:38-0400: Controller: kata-list_time_settings
2024-06-21 21:51:38-0400: = none absolute byoyomi canadian fischer fischer-capped
2024-06-21 21:51:38-0400: Controller: play black e3
2024-06-21 21:51:38-0400: = 
2024-06-21 21:51:38-0400: Controller: genmove white
2024-06-21 21:51:39-0400: MoveNum: 13 HASH: 8BE9C0A538241A885DB6FB61666201A3
   A B C D E F G H J K L M N
13 . . . . . . . . . . . . .
12 . . . . . . . . . . . . .
11 . . . . O . . . . . . . .
10 . . O . O X . . . X . . .
 9 . . . . . . . . . . . . .
 8 . . . . . X . . . . . . .
 7 . . . . . . . . . . . . .
 6 . . . . . . . . . . . . .
 5 . . . @ O2. . . . . . . .
 4 . . . O X1O . . . X . . .
 3 . . . . X3X . . . . . . .
 2 . . . . . . . . . . . . .
 1 . . . . . . . . . . . . .

koPOSITIONALscoreAREAtaxNONEsui1komi7.5
Time taken: 1.094
Root visits: 1691
New playouts: 422
NN rows: 384
NN batches: 53
NN avg batch size: 7.24528
PV: D5 G4 F5 C2 C3 B3 G3 H4 D2 D3 C4 E2 B2 D1 L4 L3 K3 K5 M3 L2 L5 M2 K6 J6 L7
Tree:
: T  57.57c W  55.99c S   1.05c ( +2.0 L  +1.3) N    1691  --  D5 G4 F5 C2 C3 B3 G3
---White(^)---
D5  : T  57.70c W  56.10c S   1.06c ( +2.0 L  +1.3) LCB   55.71c P 92.04% WF 2288.1 PSV    2287 N    1684  --  D5 G4 F5 C2 C3 B3 G3 H4
D3  : T   9.18c W  17.12c S  -1.31c ( +0.4 L  +0.2) LCB -142.03c P  2.87% WF   2.1 PSV       2 N       2  --  D3 D5
D6  : T  23.31c W  25.93c S  -1.41c ( +0.4 L  +0.3) LCB -125.71c P  2.24% WF   2.7 PSV       2 N       2  --  D6 D3
F5  : T  23.49c W  27.64c S  -0.80c ( +0.8 L  +0.5) LCB -128.01c P  2.03% WF   2.3 PSV       2 N       2  --  F5 D5

2024-06-21 21:51:39-0400: = D5
2024-06-21 21:51:40-0400: Controller: kata-list_time_settings
2024-06-21 21:51:40-0400: = none absolute byoyomi canadian fischer fischer-capped
2024-06-21 21:51:40-0400: Controller: play black g4
2024-06-21 21:51:40-0400: = 
2024-06-21 21:51:40-0400: Controller: genmove white
2024-06-21 21:51:41-0400: MoveNum: 15 HASH: A53F001A293C4144260AFC2072CA15A9
   A B C D E F G H J K L M N
13 . . . . . . . . . . . . .
12 . . . . . . . . . . . . .
11 . . . . O . . . . . . . .
10 . . O . O X . . . X . . .
 9 . . . . . . . . . . . . .
 8 . . . . . X . . . . . . .
 7 . . . . . . . . . . . . .
 6 . . . . . . . . . . . . .
 5 . . . O2O @ . . . . . . .
 4 . . . O X O X3. . X . . .
 3 . . . . X1X . . . . . . .
 2 . . . . . . . . . . . . .
 1 . . . . . . . . . . . . .

koPOSITIONALscoreAREAtaxNONEsui1komi7.5
Time taken: 1.063
Root visits: 2373
New playouts: 599
NN rows: 422
NN batches: 55
NN avg batch size: 7.67273
PV: F5 C2 C3 B3 G3 H4 D2 D3 C4 E2 B2 D1 L4 L3 K5 J4 M3 M4 L5 M2 M9 L8 M8 L7 L11
Tree:
: T  56.48c W  55.29c S   0.96c ( +2.0 L  +1.3) N    2373  --  F5 C2 C3 B3 G3 H4 D2
---White(^)---
F5  : T  56.99c W  55.75c S   1.00c ( +2.0 L  +1.3) LCB   55.25c P 81.50% WF 2957.9 PSV    2946 N    2284  --  F5 C2 C3 B3 G3 H4 D2 D3
L4  : T  45.87c W  45.70c S   0.14c ( +1.4 L  +0.9) LCB   38.44c P 10.98% WF  92.4 PSV      47 N      71  --  L4 L5 F5 C2 G3 G2 H3 H4
D3  : T  34.81c W  35.26c S  -0.72c ( +0.9 L  +0.6) LCB   23.00c P  4.95% WF  17.4 PSV      11 N      14  --  D3 F5 L4 L5 M5 M4 L3 M3
L3  : T  18.53c W  25.65c S  -1.04c ( +0.7 L  +0.4) LCB -131.60c P  1.44% WF   2.5 PSV       1 N       2  --  L3 L4
L10 : T  21.83c W  23.12c S  -1.29c ( +0.5 L  +0.2) LCB -328.17c P  0.39% WF   1.4 PSV       0 N       1  --  L10

2024-06-21 21:51:41-0400: = F5
2024-06-21 21:51:42-0400: Controller: kata-list_time_settings
2024-06-21 21:51:42-0400: = none absolute byoyomi canadian fischer fischer-capped
2024-06-21 21:51:42-0400: Controller: play black c2
2024-06-21 21:51:42-0400: = 
2024-06-21 21:51:42-0400: Controller: genmove white
2024-06-21 21:51:43-0400: MoveNum: 17 HASH: EAE3D684B25C079EB7F7D462E39320B8
   A B C D E F G H J K L M N
13 . . . . . . . . . . . . .
12 . . . . . . . . . . . . .
11 . . . . O . . . . . . . .
10 . . O . O X . . . X . . .
 9 . . . . . . . . . . . . .
 8 . . . . . X . . . . . . .
 7 . . . . . . . . . . . . .
 6 . . . . . . . . . . . . .
 5 . . . O O O2. . . . . . .
 4 . . . O X O X1. . X . . .
 3 . . @ . X X . . . . . . .
 2 . . X3. . . . . . . . . .
 1 . . . . . . . . . . . . .

koPOSITIONALscoreAREAtaxNONEsui1komi7.5
Time taken: 1.063
Root visits: 3403
New playouts: 937
NN rows: 413
NN batches: 51
NN avg batch size: 8.09804
PV: C3 B3 G3 H4 D2 D3 C4 E2 B2 D1 L4 L3 K5 J4 M3 M4 L5 M2 M9 L10 M5 N3 M10 M11 L8
Tree:
: T  56.43c W  55.41c S   0.97c ( +2.0 L  +1.2) N    3403  --  C3 B3 G3 H4 D2 D3 C4
---White(^)---
C3  : T  57.41c W  56.26c S   1.01c ( +2.0 L  +1.2) LCB   55.86c P 48.72% WF 3681.3 PSV    3650 N    2938  --  C3 B3 G3 H4 D2 D3 C4 E2
G3  : T  54.38c W  53.84c S   1.11c ( +2.1 L  +1.4) LCB   49.24c P 13.16% WF 334.4 PSV     235 N     293  --  G3 H4 L4 L3 K3 J3 K2 L2
H6  : T  43.19c W  44.29c S   0.00c ( +1.3 L  +0.8) LCB   37.31c P 12.92% WF  57.1 PSV      60 N      42  --  H6 F11 F9 G9 E9 H8 C3 H3
L4  : T  40.56c W  41.30c S  -0.11c ( +1.3 L  +0.8) LCB   28.96c P 11.09% WF  40.2 PSV      44 N      35  --  L4 L5 K3 J3 L3 M5
H10 : T  48.83c W  48.63c S   0.48c ( +1.7 L  +1.0) LCB   39.77c P  3.16% WF  43.0 PSV      23 N      29  --  H10 F11 F9 G9 E9 H9 G10 G12
L3  : T  42.50c W  42.38c S  -0.17c ( +1.2 L  +0.8) LCB   31.26c P  2.48% WF  53.0 PSV      11 N      47  --  L3 L4 G3 G2 H3 H2 J3 K3
L6  : T  44.92c W  44.97c S   0.10c ( +1.4 L  +0.8) LCB   20.40c P  1.46% WF   9.3 PSV       7 N       6  --  L6 L5 C3
H7  : T  36.03c W  38.52c S  -0.30c ( +1.1 L  +0.7) LCB  -39.50c P  1.31% WF   4.6 PSV       4 N       3  --  H7 F11 C3
H11 : T  40.55c W  40.95c S   0.10c ( +1.4 L  +0.8) LCB -108.96c P  0.86% WF   3.0 PSV       3 N       2  --  H11 H10
L10 : T  42.63c W  41.08c S   0.17c ( +1.4 L  +0.8) LCB -106.46c P  0.61% WF   3.2 PSV       2 N       2  --  L10 L9

2024-06-21 21:51:43-0400: = C3
2024-06-21 21:51:44-0400: Controller: kata-list_time_settings
2024-06-21 21:51:44-0400: = none absolute byoyomi canadian fischer fischer-capped
2024-06-21 21:51:44-0400: Controller: play black b3
2024-06-21 21:51:44-0400: = 
2024-06-21 21:51:44-0400: Controller: genmove white
2024-06-21 21:51:45-0400: MoveNum: 19 HASH: 247341ECF4AED7C369911592F832A54D
   A B C D E F G H J K L M N
13 . . . . . . . . . . . . .
12 . . . . . . . . . . . . .
11 . . . . O . . . . . . . .
10 . . O . O X . . . X . . .
 9 . . . . . . . . . . . . .
 8 . . . . . X . . . . . . .
 7 . . . . . . . . . . . . .
 6 . . . . . . . . . . . . .
 5 . . . O O O . . . . . . .
 4 . . . O X O X . . X . . .
 3 . X3O2. X X @ . . . . . .
 2 . . X1. . . . . . . . . .
 1 . . . . . . . . . . . . .

koPOSITIONALscoreAREAtaxNONEsui1komi7.5
Time taken: 1.079
Root visits: 4076
New playouts: 1100
NN rows: 365
NN batches: 51
NN avg batch size: 7.15686
PV: G3 H4 L4 L3 D2 D3 C4 E2 K5 J4 B2 D1 M3 M4 L5 M2 M9 L8 M5 N3 M8 L7 L10
Tree:
: T  57.23c W  56.10c S   0.98c ( +2.0 L  +1.2) N    4076  --  G3 H4 L4 L3 D2 D3 C4
---White(^)---
G3  : T  58.27c W  57.01c S   1.05c ( +2.0 L  +1.2) LCB   57.01c P 31.68% WF 4712.7 PSV    4673 N    3864  --  G3 H4 L4 L3 D2 D3 C4 E2
B2  : T  40.56c W  42.52c S  -0.07c ( +1.3 L  +0.8) LCB   32.99c P 25.28% WF  96.7 PSV     111 N      85  --  B2 B1 G3 H4 A2 D2 B4 C11
L4  : T  41.30c W  42.30c S  -0.03c ( +1.3 L  +0.8) LCB   26.12c P  7.44% WF  30.5 PSV      34 N      28  --  L4 L5 G3 G2 H3 H4 H2 L3
D2  : T   4.17c W  10.80c S  -2.09c ( -0.1 L  -0.1) LCB  -20.33c P 17.92% WF  18.0 PSV      26 N      28  --  D2 D3 C4 B2 G3 H3 G2 E2
H6  : T  43.04c W  42.46c S  -0.15c ( +1.2 L  +0.8) LCB   34.46c P  3.64% WF  16.9 PSV      18 N      12  --  H6 H4 L4 L5
L3  : T  33.70c W  33.63c S  -0.54c ( +1.0 L  +0.6) LCB   17.20c P  4.71% WF  12.7 PSV      15 N      13  --  L3 L4 G3 H3 G2 D3
H11 : T  37.44c W  37.27c S  -0.23c ( +1.2 L  +0.8) LCB   16.36c P  2.92% WF  10.5 PSV      10 N       8  --  H11 H10 J10 J9
H10 : T  38.12c W  39.26c S  -0.24c ( +1.2 L  +0.7) LCB   26.34c P  1.86% WF  26.8 PSV       7 N      22  --  H10 F11 F9 G9 E9 H9 G10 G12
B4  : T  19.14c W  20.71c S  -1.63c ( +0.3 L  +0.1) LCB -129.93c P  1.02% WF   2.6 PSV       2 N       2  --  B4 D3
K3  : T  11.78c W  13.40c S  -1.62c ( +0.3 L  -0.1) LCB -338.22c P  0.66% WF   0.9 PSV       1 N       1  --  K3

2024-06-21 21:51:45-0400: = G3
2024-06-21 21:51:46-0400: Controller: kata-list_time_settings
2024-06-21 21:51:46-0400: = none absolute byoyomi canadian fischer fischer-capped
2024-06-21 21:51:46-0400: Controller: play black h4
2024-06-21 21:51:47-0400: = 
2024-06-21 21:51:47-0400: Controller: genmove white
2024-06-21 21:51:48-0400: MoveNum: 21 HASH: 4C45D83C30A0A470F42F655EC002000E
   A B C D E F G H J K L M N
13 . . . . . . . . . . . . .
12 . . . . . . . . . . . . .
11 . . . . O . . . . . . . .
10 . . O . O X . . . X . . .
 9 . . . . . . . . . . . . .
 8 . . . . . X . . . . . . .
 7 . . . . . . . . . . . . .
 6 . . . . . . . . . . . . .
 5 . . . O O O . . . . . . .
 4 . . . O X O X X3. X . . .
 3 . X1O . X X O2. . . . . .
 2 . . X @ . . . . . . . . .
 1 . . . . . . . . . . . . .

koPOSITIONALscoreAREAtaxNONEsui1komi7.5
Time taken: 1.078
Root visits: 5853
New playouts: 603
NN rows: 407
NN batches: 54
NN avg batch size: 7.53704
PV: D2 D3 C4 D1 B2 E2 L4 L3 K5 J4 M3 M4 L5 M2 M9 L10 M5 N3 M10 M11 L8 F11 F9 G9 E9
Tree:
: T  59.91c W  58.60c S   1.01c ( +2.0 L  +1.3) N    5853  --  D2 D3 C4 D1 B2 E2 L4
---White(^)---
D2  : T  61.15c W  59.77c S   1.07c ( +2.1 L  +1.3) LCB   59.74c P 32.53% WF 4057.4 PSV    3991 N    3256  --  D2 D3 C4 D1 B2 E2 L4 L3
L4  : T  60.03c W  58.63c S   1.05c ( +2.1 L  +1.3) LCB   58.66c P 17.85% WF 2781.3 PSV     933 N    2338  --  L4 L3 D2 D3 C4 D1 K5 J4
B2  : T  34.10c W  35.63c S  -0.68c ( +1.0 L  +0.7) LCB   27.73c P 33.11% WF 149.2 PSV     121 N     166  --  B2 B1 A2 D2 B4 L5 H10 C11
K3  : T  53.12c W  52.11c S   0.73c ( +1.9 L  +1.2) LCB   45.20c P  2.64% WF  58.9 PSV      30 N      55  --  K3 L3 L4 K5 D2 D3 C4 E2
G2  : T  21.62c W  21.24c S  -1.14c ( +0.6 L  +0.3) LCB  -12.91c P  5.21% WF  10.3 PSV      13 N      16  --  G2 D3 C4 B2 F2 E2 J3
L3  : T  36.71c W  36.04c S  -0.57c ( +1.0 L  +0.7) LCB   24.36c P  2.10% WF  11.3 PSV       8 N      12  --  L3 L4 G2 D3 C4 H3 B2 D2
D3  : T -11.29c W  -5.92c S  -3.17c ( -0.7 L  -0.6) LCB  -67.31c P  3.79% WF   3.8 PSV       5 N       5  --  D3 D2 B4 B2
H10 : T  23.37c W  27.17c S  -0.90c ( +0.8 L  +0.4) LCB -125.62c P  1.00% WF   2.4 PSV       2 N       2  --  H10 F11
H11 : T  22.89c W  23.71c S  -0.82c ( +0.8 L  +0.4) LCB -327.11c P  0.40% WF   1.2 PSV       1 N       1  --  H11
B4  : T -18.30c W -15.21c S  -3.09c ( -0.6 L  -1.5) LCB -368.30c P  0.64% WF   0.6 PSV       0 N       1  --  B4

2024-06-21 21:51:48-0400: = D2
2024-06-21 21:51:49-0400: Controller: kata-list_time_settings
2024-06-21 21:51:49-0400: = none absolute byoyomi canadian fischer fischer-capped
2024-06-21 21:51:49-0400: Controller: play black d3
2024-06-21 21:51:49-0400: = 
2024-06-21 21:51:49-0400: Controller: genmove white
2024-06-21 21:51:50-0400: MoveNum: 23 HASH: 2D459B1B597AE7DC2FFF239E915B6591
   A B C D E F G H J K L M N
13 . . . . . . . . . . . . .
12 . . . . . . . . . . . . .
11 . . . . O . . . . . . . .
10 . . O . O X . . . X . . .
 9 . . . . . . . . . . . . .
 8 . . . . . X . . . . . . .
 7 . . . . . . . . . . . . .
 6 . . . . . . . . . . . . .
 5 . . . O O O . . . . . . .
 4 . . @ O X O X X1. X . . .
 3 . X O X3X X O . . . . . .
 2 . . X O2. . . . . . . . .
 1 . . . . . . . . . . . . .

koPOSITIONALscoreAREAtaxNONEsui1komi7.5
Time taken: 1.078
Root visits: 4757
New playouts: 625
NN rows: 414
NN batches: 55
NN avg batch size: 7.52727
PV: C4 E2 B2 D1 L4 L3 K5 J4 M3 M4 L5 M2 M9 L10 M5 N3 L8 M10 G12 C9 D9 C8 B10 H7 J8
Tree:
: T  59.60c W  58.68c S   0.96c ( +2.0 L  +1.2) N    4757  --  C4 E2 B2 D1 L4 L3 K5
---White(^)---
C4  : T  59.60c W  58.68c S   0.96c ( +2.0 L  +1.2) LCB   58.43c P 99.93% WF 5677.8 PSV    5678 N    4756  --  C4 E2 B2 D1 L4 L3 K5 J4

2024-06-21 21:51:50-0400: = C4
2024-06-21 21:51:50-0400: Controller: kata-list_time_settings
2024-06-21 21:51:50-0400: = none absolute byoyomi canadian fischer fischer-capped
2024-06-21 21:51:50-0400: Controller: play black e2
2024-06-21 21:51:51-0400: = 
2024-06-21 21:51:51-0400: Controller: genmove white
2024-06-21 21:51:52-0400: MoveNum: 25 HASH: 5C37B4F64959D3821E65FCC2A5001482
   A B C D E F G H J K L M N
13 . . . . . . . . . . . . .
12 . . . . . . . . . . . . .
11 . . . . O . . . . . . . .
10 . . O . O X . . . X . . .
 9 . . . . . . . . . . . . .
 8 . . . . . X . . . . . . .
 7 . . . . . . . . . . . . .
 6 . . . . . . . . . . . . .
 5 . . . O O O . . . . . . .
 4 . . O2O X O X X . X . . .
 3 . X O X1X X O . . . . . .
 2 . @ X O X3. . . . . . . .
 1 . . . . . . . . . . . . .

koPOSITIONALscoreAREAtaxNONEsui1komi7.5
Time taken: 1.078
Root visits: 4206
New playouts: 513
NN rows: 420
NN batches: 55
NN avg batch size: 7.63636
PV: B2 D1 L4 L3 K5 J4 M3 M4 L5 M2 M9 L10 M5 N3 L8 M10 G12 C9 D9 C8 B10 H7 M7 D8 B1
Tree:
: T  58.09c W  57.47c S   0.92c ( +1.9 L  +1.1) N    4206  --  B2 D1 L4 L3 K5 J4 M3
---White(^)---
B2  : T  58.28c W  57.64c S   0.93c ( +1.9 L  +1.1) LCB   56.89c P 85.89% WF 4886.8 PSV    4880 N    4173  --  B2 D1 L4 L3 K5 J4 M3 M4
L4  : T  28.71c W  30.99c S  -0.98c ( +0.7 L  +0.4) LCB   13.92c P 13.12% WF  28.1 PSV      33 N      29  --  L4 B2 K3 K5 L5 L3 M3 L2
L3  : T  14.24c W  15.76c S  -1.51c ( +0.3 L  -0.0) LCB -335.76c P  0.20% WF   0.9 PSV       0 N       1  --  L3
K3  : T   6.68c W   8.14c S  -1.46c ( +0.4 L  -0.3) LCB -343.32c P  0.15% WF   0.8 PSV       0 N       1  --  K3
J3  : T  11.61c W  13.28c S  -1.67c ( +0.2 L  -0.1) LCB -338.39c P  0.12% WF   0.9 PSV       0 N       1  --  J3

2024-06-21 21:51:52-0400: = B2
2024-06-21 21:51:53-0400: Controller: kata-list_time_settings
2024-06-21 21:51:53-0400: = none absolute byoyomi canadian fischer fischer-capped
2024-06-21 21:51:53-0400: Controller: play black d1
2024-06-21 21:51:53-0400: = 
2024-06-21 21:51:53-0400: Controller: genmove white
2024-06-21 21:51:54-0400: MoveNum: 27 HASH: 5F4E7B921AB2BE4B6B7BD2B877273BA1
   A B C D E F G H J K L M N
13 . . . . . . . . . . . . .
12 . . . . . . . . . . . . .
11 . . . . O . . . . . . . .
10 . . O . O X . . . X . . .
 9 . . . . . . . . . . . . .
 8 . . . . . X . . . . . . .
 7 . . . . . . . . . . . . .
 6 . . . . . . . . . . . . .
 5 . . . O O O . . . . . . .
 4 . . O O X O X X . X @ . .
 3 . X O X X X O . . . . . .
 2 . O2X . X1. . . . . . . .
 1 . . . X3. . . . . . . . .

koPOSITIONALscoreAREAtaxNONEsui1komi7.5
Time taken: 1.062
Root visits: 5280
New playouts: 425
NN rows: 358
NN batches: 52
NN avg batch size: 6.88462
PV: L4 L3 K5 J4 M3 M4 L5 M2 M9 L10 M5 N3 L8 M10 G12 C9 D9 C8 B10 H7 M7 D8 B1 A2 B4
Tree:
: T  57.73c W  57.14c S   0.97c ( +1.9 L  +1.1) N    5280  --  L4 L3 K5 J4 M3 M4 L5
---White(^)---
L4  : T  58.39c W  57.79c S   1.01c ( +2.0 L  +1.2) LCB   57.11c P 62.51% WF 5786.6 PSV    5759 N    5061  --  L4 L3 K5 J4 M3 M4 L5 M2
H10 : T  34.74c W  35.54c S  -0.55c ( +0.9 L  +0.5) LCB   24.00c P 14.30% WF  45.2 PSV      53 N      40  --  H10 C11 C9 F11 E12 F12 L4
L10 : T  51.79c W  50.69c S   0.42c ( +1.6 L  +0.8) LCB   43.63c P  2.73% WF  78.1 PSV      33 N      64  --  L10 L9 M9 L11 M10 K9 L4 L5
H11 : T  47.39c W  47.19c S   0.27c ( +1.5 L  +0.8) LCB   38.80c P  4.41% WF  54.5 PSV      33 N      44  --  H11 H10 L4 L3 K3 K5 M3 L2
M9  : T  42.99c W  42.42c S  -0.18c ( +1.2 L  +0.7) LCB   33.64c P  3.56% WF  26.0 PSV      19 N      22  --  M9 L8 L4 L3 K3 K5
H12 : T  50.77c W  49.20c S   0.44c ( +1.6 L  +0.9) LCB   36.99c P  1.68% WF  18.0 PSV      17 N      13  --  H12 C9 D8 B10
B1  : T  32.98c W  32.99c S  -0.79c ( +0.8 L  +0.5) LCB   19.23c P  4.09% WF  11.8 PSV      14 N      10  --  B1 F11 L4 L3 K3
G11 : T  23.83c W  24.27c S  -1.31c ( +0.4 L  +0.2) LCB    2.75c P  3.18% WF   9.2 PSV       8 N       8  --  G11 G10 H11 H10 L4 L3
L8  : T  40.36c W  39.80c S  -0.18c ( +1.2 L  +0.7) LCB   16.40c P  0.56% WF   8.2 PSV       2 N       6  --  L8 M5 H10
H6  : T  21.52c W  22.58c S  -1.06c ( +0.6 L  +0.4) LCB -328.48c P  0.62% WF   1.4 PSV       1 N       1  --  H6

2024-06-21 21:51:54-0400: = L4
2024-06-21 21:51:55-0400: Controller: kata-list_time_settings
2024-06-21 21:51:55-0400: = none absolute byoyomi canadian fischer fischer-capped
2024-06-21 21:51:55-0400: Controller: play black l3
2024-06-21 21:51:55-0400: = 
2024-06-21 21:51:55-0400: Controller: genmove white
2024-06-21 21:51:56-0400: MoveNum: 29 HASH: 8CEC42FE7161E5BD307B4ADAE4AA8A80
   A B C D E F G H J K L M N
13 . . . . . . . . . . . . .
12 . . . . . . . . . . . . .
11 . . . . O . . . . . . . .
10 . . O . O X . . . X . . .
 9 . . . . . . . . . . . . .
 8 . . . . . X . . . . . . .
 7 . . . . . . . . . . . . .
 6 . . . . . . . . . . . . .
 5 . . . O O O . . . @ . . .
 4 . . O O X O X X . X O2. .
 3 . X O X X X O . . . X3. .
 2 . O X . X . . . . . . . .
 1 . . . X1. . . . . . . . .

koPOSITIONALscoreAREAtaxNONEsui1komi7.5
Time taken: 1.078
Root visits: 5384
New playouts: 523
NN rows: 395
NN batches: 53
NN avg batch size: 7.45283
PV: K5 J4 M3 M4 L5 M2 M9 L8 M5 N3 M8 L7 L11 L10 M10 K11 L12 M7 J8 K8 G6 K12 K13 H6 H7
Tree:
: T  57.06c W  56.70c S   0.93c ( +1.9 L  +1.1) N    5384  --  K5 J4 M3 M4 L5 M2 M9
---White(^)---
K5  : T  57.95c W  57.49c S   0.98c ( +1.9 L  +1.1) LCB   56.58c P 56.17% WF 5085.7 PSV    5031 N    4567  --  K5 J4 M3 M4 L5 M2 M9 L8
K3  : T  53.21c W  53.17c S   0.83c ( +1.8 L  +1.1) LCB   48.47c P 24.44% WF 486.1 PSV     393 N     428  --  K3 K5 M3 L2 L5 M2 K6 J6
L5  : T  51.76c W  52.15c S   0.49c ( +1.6 L  +0.9) LCB   47.29c P 12.41% WF 398.5 PSV     159 N     364  --  L5 M3 K5 J4 M10 L8 M8 L10
M9  : T  38.55c W  40.34c S  -0.44c ( +1.0 L  +0.5) LCB   25.06c P  2.64% WF  10.3 PSV      12 N       9  --  M9 L5 L11 K11 L12 L8
L10 : T  38.23c W  36.09c S  -0.36c ( +1.1 L  +0.6) LCB   -5.93c P  1.23% WF   4.7 PSV       5 N       4  --  L10 L9 K3
M3  : T  38.88c W  42.05c S  -0.31c ( +1.1 L  +0.7) LCB   15.17c P  0.98% WF   7.5 PSV       4 N       6  --  M3 L5 M4 K3 M5
H10 : T  19.92c W  20.72c S  -0.80c ( +0.8 L  +0.2) LCB -330.08c P  0.51% WF   1.1 PSV       1 N       1  --  H10
H11 : T  35.14c W  34.94c S   0.20c ( +1.4 L  +0.7) LCB -314.86c P  0.31% WF   1.2 PSV       1 N       1  --  H11
L9  : T  28.33c W  28.95c S  -0.62c ( +0.9 L  +0.4) LCB -321.67c P  0.33% WF   1.1 PSV       0 N       1  --  L9
M4  : T  22.31c W  22.84c S  -0.53c ( +1.0 L  +0.3) LCB -327.69c P  0.28% WF   0.9 PSV       0 N       1  --  M4

2024-06-21 21:51:56-0400: = K5
2024-06-21 21:51:58-0400: Controller: kata-list_time_settings
2024-06-21 21:51:58-0400: = none absolute byoyomi canadian fischer fischer-capped
2024-06-21 21:51:58-0400: Controller: play black j4
2024-06-21 21:51:58-0400: = 
2024-06-21 21:51:58-0400: Controller: genmove white
2024-06-21 21:51:59-0400: MoveNum: 31 HASH: 120870BB192F533B795EA2C72B23E458
   A B C D E F G H J K L M N
13 . . . . . . . . . . . . .
12 . . . . . . . . . . . . .
11 . . . . O . . . . . . . .
10 . . O . O X . . . X . . .
 9 . . . . . . . . . . . . .
 8 . . . . . X . . . . . . .
 7 . . . . . . . . . . . . .
 6 . . . . . . . . . . . . .
 5 . . . O O O . . . O2. . .
 4 . . O O X O X X X3X O . .
 3 . X O X X X O . . . X1@ .
 2 . O X . X . . . . . . . .
 1 . . . X . . . . . . . . .

koPOSITIONALscoreAREAtaxNONEsui1komi7.5
Time taken: 1.063
Root visits: 5438
New playouts: 402
NN rows: 354
NN batches: 52
NN avg batch size: 6.80769
PV: M3 M4 L5 M2 M9 L8 M5 N3 M8 L7 L11 L10 M10 K11 L9 K9 K8 C9 D8 B10 C11 C8 D7 B11 B12
Tree:
: T  56.69c W  56.37c S   0.96c ( +1.9 L  +1.1) N    5438  --  M3 M4 L5 M2 M9 L8 M5
---White(^)---
M3  : T  57.47c W  57.07c S   1.01c ( +1.9 L  +1.2) LCB   56.07c P 45.63% WF 5418.9 PSV    5384 N    5057  --  M3 M4 L5 M2 M9 L8 M5 N3
M9  : T  48.97c W  50.07c S   0.43c ( +1.6 L  +0.9) LCB   41.74c P 16.44% WF 166.1 PSV     168 N     156  --  M9 L8 M8 L7 M7 L10 L5 M3
L5  : T  53.58c W  53.89c S   0.64c ( +1.7 L  +1.0) LCB   47.21c P  4.46% WF  97.9 PSV      90 N      89  --  L5 M3 M10 L8 M8 L10 M9 L7
M10 : T  45.10c W  44.72c S   0.06c ( +1.3 L  +0.7) LCB   37.17c P  7.75% WF  54.7 PSV      56 N      49  --  M10 L8 K11 J11 L11 K9 J12
H10 : T  32.99c W  33.57c S  -0.42c ( +1.0 L  +0.5) LCB   20.45c P 12.10% WF  38.0 PSV      45 N      35  --  H10 C11 D9 F11 E12 L9 M3
L10 : T  49.50c W  47.30c S   0.29c ( +1.5 L  +0.8) LCB   38.11c P  2.01% WF  21.1 PSV      21 N      19  --  L10 L9 M9 K9 M3 M4 L5
L8  : T  36.38c W  37.17c S  -0.46c ( +1.0 L  +0.5) LCB   17.10c P  2.52% WF  11.3 PSV      10 N      10  --  L8 L9 M3 M4 L5 M2
M5  : T  36.85c W  41.61c S  -0.24c ( +1.1 L  +0.5) LCB  -15.16c P  1.35% WF   5.3 PSV       6 N       5  --  M5 L6 L7
H6  : T  26.83c W  27.29c S  -1.12c ( +0.6 L  +0.3) LCB  -20.67c P  1.97% WF   4.5 PSV       5 N       4  --  H6 F11 M3
H11 : T  36.00c W  37.42c S  -0.18c ( +1.2 L  +0.6) LCB -113.16c P  0.80% WF   2.5 PSV       3 N       2  --  H11 H10

2024-06-21 21:51:59-0400: = M3
2024-06-21 21:52:01-0400: Controller: kata-list_time_settings
2024-06-21 21:52:01-0400: = none absolute byoyomi canadian fischer fischer-capped
2024-06-21 21:52:01-0400: Controller: play black l5
2024-06-21 21:52:01-0400: = 
2024-06-21 21:52:01-0400: Controller: genmove white
2024-06-21 21:52:02-0400: MoveNum: 33 HASH: 4EFA04348CC944187B6DDFF96525F63A
   A B C D E F G H J K L M N
13 . . . . . . . . . . . . .
12 . . . . . . . . . . . . .
11 . . . . O . . . . . . . .
10 . . O . O X . . . X . . .
 9 . . . . . . . . . . . . .
 8 . . . . . X . . . . . . .
 7 . . . . . . . . . . . . .
 6 . . . . . . . . . . . . .
 5 . . . O O O . . . O X3. .
 4 . . O O X O X X X1X O @ .
 3 . X O X X X O . . . X O2.
 2 . O X . X . . . . . . . .
 1 . . . X . . . . . . . . .

koPOSITIONALscoreAREAtaxNONEsui1komi7.5
Time taken: 1.032
Root visits: 794
New playouts: 460
NN rows: 406
NN batches: 52
NN avg batch size: 7.80769
PV: M4 M5 L2 K2 L10 K11 M8 K6 L11 B4 B5 A2 F9 G9 E9 G7 E8
Tree:
: T  71.35c W  67.80c S   1.87c ( +3.1 L  +2.2) N     794  --  M4 M5 L2 K2 L10 K11 M8
---White(^)---
M4  : T  71.37c W  67.82c S   1.88c ( +3.1 L  +2.2) LCB   67.50c P 99.44% WF 852.6 PSV     853 N     793  --  M4 M5 L2 K2 L10 K11 M8 K6

2024-06-21 21:52:02-0400: = M4
2024-06-21 21:52:03-0400: Controller: kata-list_time_settings
2024-06-21 21:52:03-0400: = none absolute byoyomi canadian fischer fischer-capped
2024-06-21 21:52:03-0400: Controller: play black m5
2024-06-21 21:52:03-0400: = 
2024-06-21 21:52:03-0400: Controller: genmove white
2024-06-21 21:52:04-0400: MoveNum: 35 HASH: 18BBDEC90143E14974807A7215DCD308
   A B C D E F G H J K L M N
13 . . . . . . . . . . . . .
12 . . . . . . . . . . . . .
11 . . . . O . . . . . . . .
10 . . O . O X . . . X . . .
 9 . . . . . . . . . . . . .
 8 . . . . . X . . . . . . .
 7 . . . . . . . . . . . . .
 6 . . . . . . . . . . . . .
 5 . . . O O O . . . O X1X3.
 4 . . O O X O X X X X O O2.
 3 . X O X X X O . . . X O .
 2 . O X . X . . . . . @ . .
 1 . . . X . . . . . . . . .

koPOSITIONALscoreAREAtaxNONEsui1komi7.5
Time taken: 1.031
Root visits: 1744
New playouts: 508
NN rows: 383
NN batches: 52
NN avg batch size: 7.36538
PV: L2 B10 K6 L7 J2 K3 K2 G2 C9 M2 N2 M1 L1 N4 N1 J1 H2 H1 H6 H3
Tree:
: T  68.56c W  66.24c S   1.33c ( +2.9 L  +2.0) N    1744  --  L2 B10 K6 L7 J2 K3 K2
---White(^)---
L2  : T  68.96c W  66.65c S   1.37c ( +2.9 L  +2.0) LCB   66.65c P 82.47% WF 1827.0 PSV    1824 N    1705  --  L2 B10 K6 L7 J2 K3 K2 G2
L10 : T  56.59c W  52.21c S   0.16c ( +2.1 L  +1.4) LCB   39.76c P  8.53% WF  30.5 PSV      24 N      31  --  L10 K6 L11 K11 M8
K6  : T   8.30c W  10.96c S  -2.66c ( +0.3 L  -0.1) LCB -341.70c P  1.83% WF   0.7 PSV       1 N       1  --  K6
L9  : T  17.45c W  19.79c S  -2.34c ( +0.5 L  +0.2) LCB -332.55c P  1.48% WF   1.0 PSV       1 N       1  --  L9
K9  : T  -0.05c W   3.23c S  -3.28c ( -0.2 L  -0.4) LCB -350.05c P  1.55% WF   0.7 PSV       0 N       1  --  K9
K3  : T   4.29c W   6.63c S  -2.34c ( +0.5 L  -0.7) LCB -345.71c P  1.46% WF   0.5 PSV       0 N       1  --  K3
K11 : T   1.53c W   4.79c S  -3.27c ( -0.1 L  -0.2) LCB -348.47c P  1.01% WF   0.9 PSV       0 N       1  --  K11
J10 : T -12.12c W  -8.02c S  -4.11c ( -0.8 L  -0.5) LCB -362.12c P  0.41% WF   0.8 PSV       0 N       1  --  J10
N5  : T -21.15c W -17.64c S  -3.51c ( -0.2 L  -1.7) LCB -371.15c P  0.13% WF   0.4 PSV       0 N       1  --  N5

2024-06-21 21:52:04-0400: = L2
2024-06-21 21:52:05-0400: Controller: kata-list_time_settings
2024-06-21 21:52:05-0400: = none absolute byoyomi canadian fischer fischer-capped
2024-06-21 21:52:05-0400: Controller: play black k2
2024-06-21 21:52:05-0400: = 
2024-06-21 21:52:05-0400: Controller: genmove white
2024-06-21 21:52:06-0400: MoveNum: 37 HASH: 32C970BED0CB7CD55C924EBC79246CE2
   A B C D E F G H J K L M N
13 . . . . . . . . . . . . .
12 . . . . . . . . . . . . .
11 . . . . O . . . . . . . .
10 . . O . O X . . . X @ . .
 9 . . . . . . . . . . . . .
 8 . . . . . X . . . . . . .
 7 . . . . . . . . . . . . .
 6 . . . . . . . . . . . . .
 5 . . . O O O . . . O X X1.
 4 . . O O X O X X X X O O .
 3 . X O X X X O . . . X O .
 2 . O X . X . . . . X3O2. .
 1 . . . X . . . . . . . . .

koPOSITIONALscoreAREAtaxNONEsui1komi7.5
Time taken: 1.047
Root visits: 1474
New playouts: 493
NN rows: 402
NN batches: 52
NN avg batch size: 7.73077
PV: L10 L7 M7 L9 L8 M9 K7 K6 K9 J9 K8 L11 J10 K11 H9 J11 H10 F11 H7
Tree:
: T  66.65c W  65.03c S   1.26c ( +2.9 L  +2.0) N    1474  --  L10 L7 M7 L9 L8 M9 K7
---White(^)---
L10 : T  68.07c W  66.35c S   1.37c ( +3.0 L  +2.0) LCB   65.18c P 31.05% WF 1452.8 PSV    1443 N    1425  --  L10 L7 M7 L9 L8 M9 K7 K6
L9  : T  21.48c W  25.27c S  -1.96c ( +0.8 L  +0.3) LCB   -3.80c P 14.63% WF  10.1 PSV      12 N      12  --  L9 K6 L10 K11 L11 M8 G12
K9  : T  20.08c W  16.98c S  -2.43c ( +0.4 L  +0.1) LCB    4.37c P 12.18% WF   7.4 PSV      10 N       9  --  K9 K6 J10 K11 J11 J9
M7  : T -45.79c W -37.80c S  -6.14c ( -2.0 L  -2.1) LCB  -91.78c P 13.14% WF   2.8 PSV       4 N       7  --  M7 K6 K3 J2
K3  : T  25.15c W  28.25c S  -2.00c ( +0.8 L  +0.3) LCB  -51.68c P  3.72% WF   2.4 PSV       3 N       3  --  K3 J2 L10
N2  : T  -4.45c W  -2.29c S  -3.82c ( -0.3 L  -0.6) LCB -155.03c P  4.43% WF   1.4 PSV       2 N       2  --  N2 K6
M8  : T   0.40c W  11.26c S  -2.92c ( +0.2 L  -0.1) LCB -151.92c P  3.95% WF   1.5 PSV       2 N       2  --  M8 K6
N5  : T -23.81c W -19.71c S  -4.10c ( -0.7 L  -1.9) LCB -373.81c P  3.17% WF   0.5 PSV       1 N       1  --  N5
K6  : T -37.21c W -32.30c S  -4.91c ( -1.3 L  -2.3) LCB -387.21c P  2.40% WF   0.5 PSV       0 N       1  --  K6
B1  : T -11.50c W  -7.20c S  -4.29c ( -0.7 L  -0.7) LCB -361.50c P  1.71% WF   0.7 PSV       0 N       1  --  B1

2024-06-21 21:52:06-0400: = L10
2024-06-21 21:52:07-0400: Controller: kata-list_time_settings
2024-06-21 21:52:07-0400: = none absolute byoyomi canadian fischer fischer-capped
2024-06-21 21:52:07-0400: Controller: play black l11
2024-06-21 21:52:07-0400: = 
2024-06-21 21:52:07-0400: Controller: genmove white
2024-06-21 21:52:08-0400: MoveNum: 39 HASH: 7E01D25B6AFCBAB8D8D7FD3D2077E07E
   A B C D E F G H J K L M N
13 . . . . . . . . . . . . .
12 . . . . . . . . . . . . .
11 . . . . O . . . . . X3. .
10 . . O . O X . . . X O2. .
 9 . . . . . . . . . . @ . .
 8 . . . . . X . . . . . . .
 7 . . . . . . . . . . . . .
 6 . . . . . . . . . . . . .
 5 . . . O O O . . . O X X .
 4 . . O O X O X X X X O O .
 3 . X O X X X O . . . X O .
 2 . O X . X . . . . X1O . .
 1 . . . X . . . . . . . . .

koPOSITIONALscoreAREAtaxNONEsui1komi7.5
Time taken: 1.063
Root visits: 729
New playouts: 451
NN rows: 403
NN batches: 52
NN avg batch size: 7.75
PV: L9 K9 M11 M12 K3 J2 K6 L7 K11 L12 L8 K7
Tree:
: T  65.58c W  65.53c S   1.21c ( +3.3 L  +2.3) N     729  --  L9 K9 M11 M12 K3 J2 K6
---White(^)---
L9  : T  67.12c W  66.92c S   1.33c ( +3.4 L  +2.4) LCB   63.04c P 44.89% WF 645.5 PSV     641 N     706  --  L9 K9 M11 M12 K3 J2 K6 L7
K9  : T   4.43c W  10.10c S  -3.63c ( +0.1 L  -0.1) LCB  -19.46c P 17.69% WF   4.6 PSV       6 N       6  --  K9 K6 M11 K11 M9
K11 : T   7.39c W  15.85c S  -3.40c ( +0.3 L  +0.1) LCB  -28.13c P 15.27% WF   4.1 PSV       5 N       6  --  K11 L9 M10 J11 K12
K6  : T -15.21c W  -4.49c S  -4.25c ( -0.4 L  -0.7) LCB  -93.46c P  9.37% WF   1.7 PSV       2 N       3  --  K6 L7 K9
K3  : T  10.40c W  14.01c S  -3.62c ( +0.2 L  +0.1) LCB -339.60c P  3.52% WF   0.7 PSV       1 N       1  --  K3
M10 : T  -0.08c W   3.72c S  -3.80c ( -0.1 L  -0.1) LCB -350.08c P  1.70% WF   0.8 PSV       0 N       1  --  M10
M9  : T  19.34c W  22.21c S  -2.87c ( +0.6 L  +0.3) LCB -330.66c P  1.54% WF   0.9 PSV       0 N       1  --  M9
L6  : T  12.65c W  15.59c S  -2.95c ( +0.5 L  -0.2) LCB -337.35c P  1.53% WF   0.6 PSV       0 N       1  --  L6
M7  : T -65.51c W -59.74c S  -5.77c ( -1.2 L  -4.4) LCB -415.51c P  1.41% WF   0.4 PSV       0 N       1  --  M7
N5  : T -38.67c W -33.49c S  -5.17c ( -1.1 L  -2.7) LCB -388.67c P  1.06% WF   0.4 PSV       0 N       1  --  N5

2024-06-21 21:52:08-0400: = L9
2024-06-21 21:52:09-0400: Controller: kata-list_time_settings
2024-06-21 21:52:09-0400: = none absolute byoyomi canadian fischer fischer-capped
2024-06-21 21:52:09-0400: Controller: play black k6
2024-06-21 21:52:09-0400: = 
2024-06-21 21:52:09-0400: Controller: genmove white
2024-06-21 21:52:10-0400: MoveNum: 41 HASH: 38199C32641D5CEDFAE91B609ECB867A
   A B C D E F G H J K L M N
13 . . . . . . . . . . . . .
12 . . . . . . . . . . . . .
11 . . . . O . . . . @ X1. .
10 . . O . O X . . . X O . .
 9 . . . . . . . . . . O2. .
 8 . . . . . X . . . . . . .
 7 . . . . . . . . . . . . .
 6 . . . . . . . . . X3. . .
 5 . . . O O O . . . O X X .
 4 . . O O X O X X X X O O .
 3 . X O X X X O . . . X O .
 2 . O X . X . . . . X O . .
 1 . . . X . . . . . . . . .

koPOSITIONALscoreAREAtaxNONEsui1komi7.5
Time taken: 1.063
Root visits: 705
New playouts: 469
NN rows: 414
NN batches: 53
NN avg batch size: 7.81132
PV: K11 M11 K12 K9 L8 K8 L7 K7 M10 C9 D9 C8 B10 D8 E8 E7 E9 G7 B1 C1
Tree:
: T  75.68c W  72.74c S   1.92c ( +3.5 L  +2.5) N     705  --  K11 M11 K12 K9 L8 K8 L7
---White(^)---
K11 : T  76.30c W  73.30c S   1.98c ( +3.5 L  +2.6) LCB   72.60c P 78.14% WF 712.4 PSV     710 N     687  --  K11 M11 K12 K9 L8 K8 L7 K7
M6  : T  51.17c W  50.50c S  -0.58c ( +1.9 L  +1.0) LCB   35.75c P 17.27% WF  12.5 PSV      13 N      15  --  M6 L6 M7 L8 L7 N5
K3  : T  33.02c W  34.82c S  -1.80c ( +1.1 L  +0.6) LCB -316.98c P  3.42% WF   0.9 PSV       1 N       1  --  K3
M7  : T -85.52c W -76.92c S  -8.60c ( -3.1 L  -5.3) LCB -435.52c P  0.67% WF   0.5 PSV       0 N       1  --  M7

2024-06-21 21:52:10-0400: = K11
2024-06-21 21:52:11-0400: Controller: kata-list_time_settings
2024-06-21 21:52:11-0400: = none absolute byoyomi canadian fischer fischer-capped
2024-06-21 21:52:11-0400: Controller: play black m11
2024-06-21 21:52:11-0400: = 
2024-06-21 21:52:11-0400: Controller: genmove white
2024-06-21 21:52:13-0400: MoveNum: 43 HASH: AA1CE58E894E8C2CAAB9AB027FEF439D
   A B C D E F G H J K L M N
13 . . . . . . . . . . . . .
12 . . . . . . . . . @ . . .
11 . . . . O . . . . O2X X3.
10 . . O . O X . . . X O . .
 9 . . . . . . . . . . O . .
 8 . . . . . X . . . . . . .
 7 . . . . . . . . . . . . .
 6 . . . . . . . . . X1. . .
 5 . . . O O O . . . O X X .
 4 . . O O X O X X X X O O .
 3 . X O X X X O . . . X O .
 2 . O X . X . . . . X O . .
 1 . . . X . . . . . . . . .

koPOSITIONALscoreAREAtaxNONEsui1komi7.5
Time taken: 1.047
Root visits: 1222
New playouts: 517
NN rows: 431
NN batches: 50
NN avg batch size: 8.62
PV: K12 K9 L8 K8 L7 K7 M10 C9 D9 C8 B10 J11 J12 H11 M12 D8 E8 E7 E9 F7 B1 C1 B4 C6 N4
Tree:
: T  79.08c W  76.44c S   1.93c ( +3.9 L  +3.1) N    1222  --  K12 K9 L8 K8 L7 K7 M10
---White(^)---
K12 : T  80.50c W  77.77c S   2.09c ( +4.0 L  +3.2) LCB   77.29c P 45.19% WF 1158.5 PSV    1147 N    1131  --  K12 K9 L8 K8 L7 K7 M10 C9
J11 : T  63.96c W  61.89c S   0.19c ( +2.8 L  +1.7) LCB   54.91c P 38.55% WF  63.1 PSV      72 N      69  --  J11 J10 M6 N5 H10 K8 H9 K9
M6  : T  46.35c W  48.03c S  -1.33c ( +1.8 L  +0.9) LCB   30.87c P  5.59% WF   9.4 PSV       5 N      12  --  M6 L6 J11 K8 M10 L8
L12 : T  35.14c W  32.57c S  -2.00c ( +1.3 L  +0.5) LCB  -11.77c P  6.24% WF   3.2 PSV       4 N       4  --  L12 K9 L8
K3  : T  31.79c W  32.34c S  -2.36c ( +1.0 L  +0.6) LCB -118.36c P  1.55% WF   1.3 PSV       1 N       2  --  K3 J2
J12 : T  23.49c W  26.56c S  -3.06c ( +0.7 L  +0.3) LCB -326.51c P  2.26% WF   0.9 PSV       1 N       1  --  J12
J5  : T  -0.40c W   3.82c S  -4.23c ( -0.3 L  -0.2) LCB -350.40c P  0.13% WF   0.6 PSV       0 N       1  --  J5
K9  : T   1.81c W   5.52c S  -3.70c ( +0.2 L  -0.5) LCB -348.19c P  0.05% WF   0.6 PSV       0 N       1  --  K9

2024-06-21 21:52:13-0400: = K12
2024-06-21 21:52:14-0400: Controller: kata-list_time_settings
2024-06-21 21:52:14-0400: = none absolute byoyomi canadian fischer fischer-capped
2024-06-21 21:52:14-0400: Controller: play black k9
2024-06-21 21:52:14-0400: = 
2024-06-21 21:52:14-0400: Controller: genmove white
2024-06-21 21:52:15-0400: MoveNum: 45 HASH: AABC4FF584181547756B12C278DCDFAA
   A B C D E F G H J K L M N
13 . . . . . . . . . . . . .
12 . . . . . . . . . O2. . .
11 . . . . O . . . . O X X1.
10 . . O . O X . . . X O . .
 9 . . . . . . . . . X3O . .
 8 . . . . . X . . . . @ . .
 7 . . . . . . . . . . . . .
 6 . . . . . . . . . X . . .
 5 . . . O O O . . . O X X .
 4 . . O O X O X X X X O O .
 3 . X O X X X O . . . X O .
 2 . O X . X . . . . X O . .
 1 . . . X . . . . . . . . .

koPOSITIONALscoreAREAtaxNONEsui1komi7.5
Time taken: 1.046
Root visits: 2602
New playouts: 968
NN rows: 410
NN batches: 54
NN avg batch size: 7.59259
PV: L8 K8 L7 K7 M10 J11 J12 C9 D9 C8 B10 D8 E8 E7 E9 H11 M12 F7 B1 C1 B4 B6 F9 G9 G10
Tree:
: T  75.57c W  74.45c S   1.66c ( +3.5 L  +2.9) N    2602  --  L8 K8 L7 K7 M10 J11 J12
---White(^)---
L8  : T  76.50c W  75.26c S   1.74c ( +3.6 L  +3.0) LCB   74.30c P 46.34% WF 2292.4 PSV    2274 N    2516  --  L8 K8 L7 K7 M10 J11 J12 C9
K8  : T  24.83c W  29.81c S  -2.14c ( +1.1 L  +0.6) LCB    7.17c P 43.10% WF  31.3 PSV      46 N      70  --  K8 H10 M6 L6 M7 L8 L7 M9
M8  : T  28.45c W  33.39c S  -2.23c ( +1.1 L  +0.6) LCB   -9.94c P  7.33% WF   6.7 PSV       8 N      10  --  M8 M10 K8 J8
K3  : T  19.78c W  22.65c S  -2.87c ( +0.6 L  +0.3) LCB -330.22c P  1.22% WF   0.7 PSV       1 N       1  --  K3
L7  : T  24.98c W  27.62c S  -2.64c ( +0.8 L  +0.4) LCB -325.02c P  1.09% WF   0.8 PSV       1 N       1  --  L7
M10 : T  16.13c W  23.50c S  -2.87c ( +0.7 L  +0.1) LCB -137.69c P  0.41% WF   1.2 PSV       0 N       2  --  M10 L8
M6  : T -62.31c W -56.82c S  -5.49c ( -1.1 L  -5.0) LCB -412.31c P  0.36% WF   0.3 PSV       0 N       1  --  M6

2024-06-21 21:52:15-0400: = L8
2024-06-21 21:52:16-0400: Controller: kata-list_time_settings
2024-06-21 21:52:16-0400: = none absolute byoyomi canadian fischer fischer-capped
2024-06-21 21:52:16-0400: Controller: play black k8
2024-06-21 21:52:16-0400: = 
2024-06-21 21:52:16-0400: Controller: genmove white
2024-06-21 21:52:17-0400: MoveNum: 47 HASH: C8656F022EC172B5BAC7543D75FEE300
   A B C D E F G H J K L M N
13 . . . . . . . . . . . . .
12 . . . . . . . . . O . . .
11 . . . . O . . . . O X X .
10 . . O . O X . . . X O . .
 9 . . . . . . . . . X1O . .
 8 . . . . . X . . . X3O2. .
 7 . . . . . . . . . . @ . .
 6 . . . . . . . . . X . . .
 5 . . . O O O . . . O X X .
 4 . . O O X O X X X X O O .
 3 . X O X X X O . . . X O .
 2 . O X . X . . . . X O . .
 1 . . . X . . . . . . . . .

koPOSITIONALscoreAREAtaxNONEsui1komi7.5
Time taken: 1.062
Root visits: 4395
New playouts: 1416
NN rows: 423
NN batches: 54
NN avg batch size: 7.83333
PV: L7 K7 M10 J11 J12 C9 D9 C8 B10 D8 E8 E7 E9 H11 M12 F7 B1 C1 B4 B6 F9 G9 G10 H9 C6
Tree:
: T  76.32c W  74.77c S   1.78c ( +3.4 L  +2.9) N    4395  --  L7 K7 M10 J11 J12 C9 D9
---White(^)---
L7  : T  76.80c W  75.25c S   1.82c ( +3.4 L  +2.9) LCB   75.16c P 68.76% WF 3705.1 PSV    3693 N    4265  --  L7 K7 M10 J11 J12 C9 D9 C8
M10 : T  63.23c W  60.82c S   0.51c ( +2.6 L  +1.8) LCB   52.67c P 16.99% WF  75.6 PSV      85 N     104  --  M10 J11 J12 L7 M7 M8 N8 N10
M6  : T  37.27c W  33.92c S  -2.17c ( +1.0 L  +0.3) LCB   -2.98c P  4.29% WF   5.4 PSV       7 N       9  --  M6 L6 L7 K7 M7 N5
K3  : T  26.84c W  29.44c S  -2.25c ( +0.9 L  +0.3) LCB   -7.76c P  2.34% WF   4.3 PSV       3 N       7  --  K3 J2 L7 K7 M10 D8
K7  : T -13.60c W   6.80c S  -3.40c ( +0.1 L  -0.3) LCB  -66.31c P  4.27% WF   2.1 PSV       3 N       5  --  K7 L7 J7 J11 J12
M7  : T -32.80c W -26.35c S  -5.18c ( -1.1 L  -2.2) LCB -117.02c P  2.88% WF   1.2 PSV       2 N       3  --  M7 M10 M9
N5  : T -64.75c W -59.61c S  -5.14c ( -1.0 L  -5.0) LCB -414.75c P  0.18% WF   0.3 PSV       0 N       1  --  N5

2024-06-21 21:52:17-0400: = L7
2024-06-21 21:52:18-0400: Controller: kata-list_time_settings
2024-06-21 21:52:18-0400: = none absolute byoyomi canadian fischer fischer-capped
2024-06-21 21:52:18-0400: Controller: play black k7
2024-06-21 21:52:18-0400: = 
2024-06-21 21:52:18-0400: Controller: genmove white
2024-06-21 21:52:19-0400: MoveNum: 49 HASH: F6876A825E115CA1362CD76F4D645FED
   A B C D E F G H J K L M N
13 . . . . . . . . . . . . .
12 . . . . . . . . . O . . .
11 . . . . O . . . . O X X .
10 . . O . O X . . . X O @ .
 9 . . . . . . . . . X O . .
 8 . . . . . X . . . X1O . .
 7 . . . . . . . . . X3O2. .
 6 . . . . . . . . . X . . .
 5 . . . O O O . . . O X X .
 4 . . O O X O X X X X O O .
 3 . X O X X X O . . . X O .
 2 . O X . X . . . . X O . .
 1 . . . X . . . . . . . . .

koPOSITIONALscoreAREAtaxNONEsui1komi7.5
Time taken: 1.032
Root visits: 5111
New playouts: 500
NN rows: 422
NN batches: 53
NN avg batch size: 7.96226
PV: M10 J11 J12 C9 D9 C8 B10 D8 E8 E7 E9 H11 M12 F7 B1 C1 B4 B6 C6 C7 F9 G9 G10 H9 D6
Tree:
: T  77.66c W  76.21c S   1.80c ( +3.5 L  +3.0) N    5111  --  M10 J11 J12 C9 D9 C8 B10
---White(^)---
M10 : T  78.14c W  76.66c S   1.85c ( +3.6 L  +3.0) LCB   76.60c P 74.10% WF 4368.5 PSV    4356 N    5015  --  M10 J11 J12 C9 D9 C8 B10 D8
K3  : T  60.53c W  58.76c S  -0.81c ( +2.0 L  +1.4) LCB   41.30c P  4.30% WF  18.0 PSV      19 N      22  --  K3 J2 M10 L12 H11 M7 M8 L6
M12 : T  33.16c W  34.35c S  -2.93c ( +0.7 L  +0.3) LCB   11.00c P  8.17% WF  14.0 PSV      15 N      27  --  M12 M10 M9 M7 L12 D8 B1 C1
L6  : T  51.21c W  51.71c S  -1.17c ( +1.7 L  +1.0) LCB   30.74c P  3.34% WF  13.5 PSV      10 N      21  --  L6 M6 M7 J5 M10 L12 H11 N10
L12 : T  19.98c W  21.87c S  -3.47c ( +0.4 L  +0.0) LCB   -5.00c P  4.78% WF   5.5 PSV       7 N      11  --  L12 M10 M9 M7 M12 D8 B1 C1
M6  : T  13.81c W  17.83c S  -3.47c ( +0.3 L  -0.1) LCB  -34.51c P  4.03% WF   3.6 PSV       5 N       7  --  M6 L6 M7 M10 M9
N5  : T   7.68c W   6.23c S  -4.18c ( -0.2 L  -0.6) LCB  -78.51c P  0.17% WF   1.2 PSV       0 N       3  --  N5 M7
M7  : T -22.63c W -18.52c S  -5.07c ( -0.9 L  -1.7) LCB -172.23c P  0.71% WF   0.8 PSV       0 N       2  --  M7 M10
J2  : T  -5.35c W  -1.24c S  -4.12c ( -0.2 L  -0.7) LCB -355.35c P  0.11% WF   0.4 PSV       0 N       1  --  J2
N7  : T -34.93c W -29.10c S  -5.83c ( -1.3 L  -2.2) LCB -384.93c P  0.10% WF   0.4 PSV       0 N       1  --  N7

2024-06-21 21:52:19-0400: = M10
2024-06-21 21:52:21-0400: Controller: kata-list_time_settings
2024-06-21 21:52:21-0400: = none absolute byoyomi canadian fischer fischer-capped
2024-06-21 21:52:21-0400: Controller: play black j11
2024-06-21 21:52:21-0400: = 
2024-06-21 21:52:21-0400: Controller: genmove white
2024-06-21 21:52:22-0400: MoveNum: 51 HASH: 7D2FC5E9ED48BD923DCDB815B0F14FDC
   A B C D E F G H J K L M N
13 . . . . . . . . . . . . .
12 . . . . . . . . @ O . . .
11 . . . . O . . . X3O X X .
10 . . O . O X . . . X O O2.
 9 . . . . . . . . . X O . .
 8 . . . . . X . . . X O . .
 7 . . . . . . . . . X1O . .
 6 . . . . . . . . . X . . .
 5 . . . O O O . . . O X X .
 4 . . O O X O X X X X O O .
 3 . X O X X X O . . . X O .
 2 . O X . X . . . . X O . .
 1 . . . X . . . . . . . . .

koPOSITIONALscoreAREAtaxNONEsui1komi7.5
Time taken: 1.078
Root visits: 2571
New playouts: 883
NN rows: 416
NN batches: 53
NN avg batch size: 7.84906
PV: J12 C9 D9 C8 B10 D8 E8 E7 E9 H11 M12 F7 B1 C1 B4 B6 C6 C7 F9 G9 G10 H9 D6
Tree:
: T  77.14c W  75.65c S   1.87c ( +3.5 L  +3.1) N    2571  --  J12 C9 D9 C8 B10 D8 E8
---White(^)---
J12 : T  77.52c W  76.07c S   1.91c ( +3.6 L  +3.1) LCB   75.25c P 78.40% WF 2116.8 PSV    2111 N    2442  --  J12 C9 D9 C8 B10 D8 E8 E7
M12 : T  69.45c W  67.04c S   1.06c ( +3.0 L  +2.2) LCB   58.28c P 18.23% WF  86.1 PSV      92 N     123  --  M12 C9 D9 C8 B10 D8 E8 E7
M6  : T  28.74c W  31.77c S  -3.02c ( +0.6 L  +0.2) LCB -321.26c P  1.07% WF   0.6 PSV       1 N       1  --  M6
L6  : T  50.70c W  51.53c S  -0.83c ( +1.9 L  +1.0) LCB -299.30c P  0.66% WF   0.7 PSV       1 N       1  --  L6
L12 : T  37.50c W  39.81c S  -2.31c ( +1.0 L  +0.6) LCB -312.50c P  0.66% WF   0.6 PSV       0 N       1  --  L12
K3  : T -26.63c W -21.68c S  -4.94c ( -0.5 L  -1.7) LCB -376.63c P  0.53% WF   0.3 PSV       0 N       1  --  K3
N5  : T   7.76c W  11.64c S  -3.88c ( +0.1 L  -0.2) LCB -342.24c P  0.27% WF   0.5 PSV       0 N       1  --  N5

2024-06-21 21:52:22-0400: = J12
2024-06-21 21:52:23-0400: Controller: kata-list_time_settings
2024-06-21 21:52:23-0400: = none absolute byoyomi canadian fischer fischer-capped
2024-06-21 21:52:23-0400: Controller: play black h11
2024-06-21 21:52:23-0400: = 
2024-06-21 21:52:23-0400: Controller: genmove white
2024-06-21 21:52:24-0400: MoveNum: 53 HASH: B770ACF267BD544E79D17ADAE4783CCF
   A B C D E F G H J K L M N
13 . . . . . . . . . . . . .
12 . . . . . . . . O2O . @ .
11 . . . . O . . X3X1O X X .
10 . . O . O X . . . X O O .
 9 . . . . . . . . . X O . .
 8 . . . . . X . . . X O . .
 7 . . . . . . . . . X O . .
 6 . . . . . . . . . X . . .
 5 . . . O O O . . . O X X .
 4 . . O O X O X X X X O O .
 3 . X O X X X O . . . X O .
 2 . O X . X . . . . X O . .
 1 . . . X . . . . . . . . .

koPOSITIONALscoreAREAtaxNONEsui1komi7.5
Time taken: 1.032
Root visits: 1810
New playouts: 472
NN rows: 408
NN batches: 51
NN avg batch size: 8
PV: M12 B10 C9 B9 B11 C8 E8 C11 C12 B6 B4 E7 D7 D8
Tree:
: T  78.99c W  77.24c S   1.84c ( +3.7 L  +3.2) N    1810  --  M12 B10 C9 B9 B11 C8 E8
---White(^)---
M12 : T  80.26c W  78.27c S   1.96c ( +3.8 L  +3.3) LCB   77.31c P 48.07% WF 1491.7 PSV    1480 N    1688  --  M12 B10 C9 B9 B11 C8 E8 C11
H12 : T  67.30c W  68.87c S   0.41c ( +2.8 L  +2.0) LCB   55.32c P 16.72% WF  51.6 PSV      50 N      65  --  H12 D8 B1 C1 E9 E8 B4 G12
F11 : T  49.12c W  52.91c S  -1.09c ( +1.9 L  +1.2) LCB   29.57c P 14.72% WF  17.8 PSV      19 N      28  --  F11 C9 D9 C8 B10 D8
F12 : T  51.32c W  51.77c S  -1.76c ( +1.5 L  +0.7) LCB    5.58c P  2.73% WF   2.9 PSV       3 N       4  --  F12 C9
M6  : T  40.98c W  48.27c S  -1.91c ( +1.5 L  +0.8) LCB  -15.56c P  2.75% WF   3.7 PSV       2 N       6  --  M6 L6 M12 M7 M8
F9  : T  34.53c W  33.07c S  -2.29c ( +1.2 L  +0.4) LCB  -41.60c P  3.07% WF   1.7 PSV       2 N       3  --  F9 E9
E9  : T -22.35c W  -6.02c S  -4.45c ( -0.3 L  -1.5) LCB  -79.42c P  2.73% WF   1.3 PSV       1 N       4  --  E9 L12 H12 G12
L6  : T  21.39c W  33.00c S  -2.78c ( +0.9 L  +0.5) LCB -137.49c P  2.46% WF   1.1 PSV       1 N       2  --  L6 M6
B1  : T  26.55c W  26.39c S  -2.41c ( +1.1 L  +0.2) LCB -122.81c P  2.42% WF   0.8 PSV       1 N       2  --  B1 L12
N4  : T -36.23c W -31.56c S  -4.67c ( -0.3 L  -3.1) LCB -386.23c P  0.98% WF   0.3 PSV       0 N       1  --  N4

2024-06-21 21:52:24-0400: = M12
2024-06-21 21:52:25-0400: Controller: kata-list_time_settings
2024-06-21 21:52:25-0400: = none absolute byoyomi canadian fischer fischer-capped
2024-06-21 21:52:25-0400: Controller: play black c9
2024-06-21 21:52:25-0400: = 
2024-06-21 21:52:25-0400: Controller: genmove white
2024-06-21 21:52:26-0400: MoveNum: 55 HASH: EB6706C9896CCAC0513C752A7004D8E1
   A B C D E F G H J K L M N
13 . . . . . . . . . . . . .
12 . . . . . . . . O O . O2.
11 . . . . O . . X1X O X X .
10 . . O . O X . . . X O O .
 9 . . X3@ . . . . . X O . .
 8 . . . . . X . . . X O . .
 7 . . . . . . . . . X O . .
 6 . . . . . . . . . X . . .
 5 . . . O O O . . . O X X .
 4 . . O O X O X X X X O O .
 3 . X O X X X O . . . X O .
 2 . O X . X . . . . X O . .
 1 . . . X . . . . . . . . .

koPOSITIONALscoreAREAtaxNONEsui1komi7.5
Time taken: 1.047
Root visits: 886
New playouts: 453
NN rows: 403
NN batches: 52
NN avg batch size: 7.75
PV: D9 C8 B10 E7 B1 C1 B4 B6 N4 L1 K3 J2 M1 N2
Tree:
: T  81.52c W  79.08c S   2.19c ( +4.0 L  +3.7) N     886  --  D9 C8 B10 E7 B1 C1 B4
---White(^)---
D9  : T  83.70c W  80.89c S   2.39c ( +4.1 L  +3.9) LCB   79.08c P 32.45% WF 703.0 PSV     694 N     784  --  D9 C8 B10 E7 B1 C1 B4 B6
D8  : T  58.28c W  59.55c S   0.84c ( +3.1 L  +2.5) LCB   38.24c P 23.84% WF  23.0 PSV      24 N      41  --  D8 B10 C11 C8 B6 B11 B12 D7
B1  : T  47.52c W  48.24c S  -0.81c ( +2.1 L  +1.3) LCB   16.33c P 16.68% WF  11.2 PSV      11 N      20  --  B1 B10 C11 B11 E8 D8 E9
B9  : T  72.50c W  73.16c S  -0.09c ( +2.6 L  +1.8) LCB   56.85c P  4.50% WF  13.5 PSV       9 N      18  --  B9 B8 B10 B4 B5 A2 D8 D7
K3  : T  56.21c W  56.35c S   0.08c ( +2.7 L  +1.8) LCB    8.78c P  4.94% WF   3.9 PSV       4 N       7  --  K3 J2 D9 C8 B10
C8  : T  20.24c W  34.13c S  -2.42c ( +1.2 L  +0.3) LCB  -64.49c P  6.08% WF   1.5 PSV       2 N       3  --  C8 D9 B9
B10 : T  47.34c W  55.08c S  -1.83c ( +1.6 L  +0.9) LCB  -30.86c P  3.54% WF   1.9 PSV       2 N       3  --  B10 E9 B1
E8  : T  45.22c W  48.94c S  -1.16c ( +1.9 L  +1.2) LCB  -31.01c P  2.14% WF   1.8 PSV       1 N       3  --  E8 B10 C11
N4  : T  48.10c W  48.51c S  -0.41c ( +2.3 L  +1.5) LCB -301.90c P  1.52% WF   0.6 PSV       1 N       1  --  N4
J2  : T  48.89c W  63.59c S   0.38c ( +2.8 L  +1.6) LCB -106.43c P  0.78% WF   1.3 PSV       0 N       2  --  J2 K3

2024-06-21 21:52:26-0400: = D9
2024-06-21 21:52:28-0400: Controller: kata-list_time_settings
2024-06-21 21:52:28-0400: = none absolute byoyomi canadian fischer fischer-capped
2024-06-21 21:52:28-0400: Controller: play black c8
2024-06-21 21:52:28-0400: = 
2024-06-21 21:52:28-0400: Controller: genmove white
2024-06-21 21:52:29-0400: MoveNum: 57 HASH: 89820AE35F3EB8003B1FA80A578985C4
   A B C D E F G H J K L M N
13 . . . . . . . . . . . . .
12 . . . . . . . . O O . O .
11 . . . . O . . X X O X X .
10 . @ O . O X . . . X O O .
 9 . . X1O2. . . . . X O . .
 8 . . X3. . X . . . X O . .
 7 . . . . . . . . . X O . .
 6 . . . . . . . . . X . . .
 5 . . . O O O . . . O X X .
 4 . . O O X O X X X X O O .
 3 . X O X X X O . . . X O .
 2 . O X . X . . . . X O . .
 1 . . . X . . . . . . . . .

koPOSITIONALscoreAREAtaxNONEsui1komi7.5
Time taken: 1.078
Root visits: 1906
New playouts: 438
NN rows: 405
NN batches: 53
NN avg batch size: 7.64151
PV: B10 D8 E8 E7 E9 D7 B1 C1 B4 F9 K3 J2 N4 M1 N5 M6
Tree:
: T  82.50c W  80.01c S   2.21c ( +4.4 L  +4.3) N    1906  --  B10 D8 E8 E7 E9 D7 B1
---White(^)---
B10 : T  83.71c W  81.08c S   2.33c ( +4.5 L  +4.4) LCB   80.44c P 47.34% WF 1595.7 PSV    1582 N    1782  --  B10 D8 E8 E7 E9 D7 B1 C1
D8  : T  51.70c W  51.77c S  -0.53c ( +2.7 L  +2.2) LCB   33.19c P 30.32% WF  34.9 PSV      43 N      75  --  D8 B10 C11 B11 B12 B5 B4 A12
E7  : T  36.21c W  39.62c S  -1.39c ( +2.1 L  +1.5) LCB   -3.94c P 11.29% WF   8.9 PSV      11 N      21  --  E7 B10 C11 B11 B12 A12 C12 B6
B9  : T  67.17c W  67.72c S  -1.15c ( +2.4 L  +1.6) LCB   45.08c P  3.75% WF   9.1 PSV       9 N      14  --  B9 B8 B10 D8 E8 E7 E9 F7
B1  : T  28.33c W  35.36c S  -2.93c ( +1.2 L  +0.8) LCB    1.41c P  4.78% WF   3.0 PSV       4 N       6  --  B1 B10 C11 B11 G2
K3  : T  59.46c W  53.65c S  -0.95c ( +2.4 L  +1.7) LCB  -30.62c P  1.16% WF   1.6 PSV       2 N       3  --  K3 J2 B10
E8  : T  -4.94c W   0.06c S  -5.01c ( -0.1 L  -0.4) LCB -354.94c P  0.36% WF   0.4 PSV       0 N       1  --  E8
J2  : T  40.52c W  41.72c S  -1.21c ( +2.2 L  +1.2) LCB -309.48c P  0.22% WF   0.5 PSV       0 N       1  --  J2
N4  : T  56.50c W  56.62c S  -0.12c ( +3.0 L  +1.9) LCB -293.50c P  0.21% WF   0.5 PSV       0 N       1  --  N4
B11 : T  31.20c W  34.53c S  -3.34c ( +1.1 L  +0.3) LCB -318.80c P  0.13% WF   0.5 PSV       0 N       1  --  B11

2024-06-21 21:52:29-0400: = B10
2024-06-21 21:52:30-0400: Controller: kata-list_time_settings
2024-06-21 21:52:30-0400: = none absolute byoyomi canadian fischer fischer-capped
2024-06-21 21:52:30-0400: Controller: play black d8
2024-06-21 21:52:30-0400: = 
2024-06-21 21:52:30-0400: Controller: genmove white
2024-06-21 21:52:31-0400: MoveNum: 59 HASH: D0D18C1E7CFE46E695C30A57CF809AF9
   A B C D E F G H J K L M N
13 . . . . . . . . . . . . .
12 . . . . . . . . O O . O .
11 . . . . O . . X X O X X .
10 . O2O . O X . . . X O O .
 9 . . X O . . . . . X O . .
 8 . . X1X3@ X . . . X O . .
 7 . . . . . . . . . X O . .
 6 . . . . . . . . . X . . .
 5 . . . O O O . . . O X X .
 4 . . O O X O X X X X O O .
 3 . X O X X X O . . . X O .
 2 . O X . X . . . . X O . .
 1 . . . X . . . . . . . . .

koPOSITIONALscoreAREAtaxNONEsui1komi7.5
Time taken: 1.047
Root visits: 2130
New playouts: 637
NN rows: 397
NN batches: 53
NN avg batch size: 7.49057
PV: E8 E7 E9 F7 B1 C1 B4 B6 C6 D6 F9 G9 G10 H10 F11 H12 G6 G7
Tree:
: T  87.48c W  84.75c S   2.18c ( +4.3 L  +4.2) N    2130  --  E8 E7 E9 F7 B1 C1 B4
---White(^)---
E8  : T  88.11c W  85.39c S   2.22c ( +4.3 L  +4.2) LCB   85.24c P 71.08% WF 1990.0 PSV    1980 N    1996  --  E8 E7 E9 F7 B1 C1 B4 B6
B1  : T  74.97c W  71.81c S   1.46c ( +3.9 L  +3.7) LCB   63.24c P 26.02% WF  88.1 PSV      89 N     129  --  B1 E9 N4 L1 K3 A2 B4 J2
E9  : T  59.44c W  68.42c S  -1.36c ( +2.2 L  +1.3) LCB -104.23c P  1.02% WF   1.3 PSV       1 N       2  --  E9 E8
F9  : T -68.62c W -61.58c S  -7.05c ( -1.7 L  -4.8) LCB -418.62c P  1.20% WF   0.3 PSV       0 N       1  --  F9
J2  : T -73.42c W -66.51c S  -6.91c ( -1.5 L  -5.2) LCB -423.42c P  0.28% WF   0.3 PSV       0 N       1  --  J2

2024-06-21 21:52:31-0400: = E8
2024-06-21 21:52:32-0400: Controller: kata-list_time_settings
2024-06-21 21:52:32-0400: = none absolute byoyomi canadian fischer fischer-capped
2024-06-21 21:52:32-0400: Controller: play black e7
2024-06-21 21:52:32-0400: = 
2024-06-21 21:52:32-0400: Controller: genmove white
2024-06-21 21:52:33-0400: MoveNum: 61 HASH: 0CF989E99B5E9FF127DDE1C97BEFD145
   A B C D E F G H J K L M N
13 . . . . . . . . . . . . .
12 . . . . . . . . O O . O .
11 . . . . O . . X X O X X .
10 . O O . O X . . . X O O .
 9 . . X O @ . . . . X O . .
 8 . . X X1O2X . . . X O . .
 7 . . . . X3. . . . X O . .
 6 . . . . . . . . . X . . .
 5 . . . O O O . . . O X X .
 4 . . O O X O X X X X O O .
 3 . X O X X X O . . . X O .
 2 . O X . X . . . . X O . .
 1 . . . X . . . . . . . . .

koPOSITIONALscoreAREAtaxNONEsui1komi7.5
Time taken: 1.063
Root visits: 3057
New playouts: 534
NN rows: 419
NN batches: 55
NN avg batch size: 7.61818
PV: E9 F7 B1 C1 B4 B6 C6 D6 F9 G9 G10 H10 B7 C7 B5 C5 F1 F2
Tree:
: T  88.97c W  86.57c S   2.06c ( +4.1 L  +4.1) N    3057  --  E9 F7 B1 C1 B4 B6 C6
---White(^)---
E9  : T  88.98c W  86.58c S   2.06c ( +4.1 L  +4.1) LCB   86.81c P 98.06% WF 3181.2 PSV    3181 N    3055  --  E9 F7 B1 C1 B4 B6 C6 D6
B1  : T -44.96c W -38.48c S  -6.48c ( -1.2 L  -2.0) LCB -394.96c P  1.77% WF   0.3 PSV       0 N       1  --  B1

2024-06-21 21:52:33-0400: = E9
2024-06-21 21:52:34-0400: Controller: kata-list_time_settings
2024-06-21 21:52:34-0400: = none absolute byoyomi canadian fischer fischer-capped
2024-06-21 21:52:34-0400: Controller: play black b6
2024-06-21 21:52:34-0400: = 
2024-06-21 21:52:34-0400: Controller: genmove white
2024-06-21 21:52:35-0400: MoveNum: 63 HASH: D6EF8D86AA9F93BD0636786986054DB3
   A B C D E F G H J K L M N
13 . . . . . . . . . . . . .
12 . . . . . . . . O O . O .
11 . . . . O . . X X O X X .
10 . O O . O X . . . X O O .
 9 . . X O O2. . . . X O . .
 8 . . X X O X . . . X O . .
 7 . . . . X1. . . . X O . .
 6 . X3. . . . . . . X . . .
 5 . . . O O O . . . O X X .
 4 . @ O O X O X X X X O O .
 3 . X O X X X O . . . X O .
 2 . O X . X . . . . X O . .
 1 . . . X . . . . . . . . .

koPOSITIONALscoreAREAtaxNONEsui1komi7.5
Time taken: 1.047
Root visits: 1535
New playouts: 1148
NN rows: 396
NN batches: 51
NN avg batch size: 7.76471
PV: B4 F7 B1 C1 C6 D6 F9 G9 G10 H10 B7 C7 B5 C5 F1 F2
Tree:
: T  90.11c W  86.73c S   2.34c ( +4.6 L  +4.5) N    1535  --  B4 F7 B1 C1 C6 D6 F9
---White(^)---
B4  : T  91.29c W  87.76c S   2.48c ( +4.6 L  +4.6) LCB   88.55c P 34.57% WF 1530.7 PSV    1519 N    1417  --  B4 F7 B1 C1 C6 D6 F9 G9
C6  : T  75.93c W  76.05c S   0.23c ( +3.3 L  +3.0) LCB   61.90c P 14.52% WF  32.8 PSV      34 N      48  --  C6 B4 B5 A5 B7 C5 K3 B5
B1  : T  49.14c W  47.11c S  -1.77c ( +2.0 L  +2.6) LCB   22.98c P 19.53% WF  13.1 PSV      17 N      33  --  B1 B4 C1 G2 B5 A5 C5 A2
F7  : T  36.79c W  37.18c S  -3.21c ( +1.2 L  +1.1) LCB    4.98c P 16.95% WF   8.1 PSV      11 N      20  --  F7 B4 B5 A5 C6 C5 K3 C7
B5  : T  15.54c W  25.45c S  -4.15c ( +0.7 L  +0.3) LCB  -27.32c P  7.14% WF   2.8 PSV       3 N       8  --  B5 G7 C6 D7 B1
D7  : T  57.24c W  61.53c S  -1.79c ( +2.1 L  +1.7) LCB   36.21c P  3.64% WF   3.1 PSV       3 N       6  --  D7 D6 F7 C7
A3  : T  42.97c W  45.76c S  -2.78c ( +1.5 L  +1.2) LCB -307.03c P  1.31% WF   0.5 PSV       1 N       1  --  A3
K3  : T   3.06c W  -1.79c S  -5.49c ( -0.4 L  -0.3) LCB -346.94c P  1.82% WF   0.4 PSV       0 N       1  --  K3

2024-06-21 21:52:35-0400: = B4
2024-06-21 21:52:36-0400: Controller: kata-list_time_settings
2024-06-21 21:52:36-0400: = none absolute byoyomi canadian fischer fischer-capped
2024-06-21 21:52:36-0400: Controller: play black g7
2024-06-21 21:52:36-0400: = 
2024-06-21 21:52:36-0400: Controller: genmove white
2024-06-21 21:52:37-0400: MoveNum: 65 HASH: BF0F55218E4A1F96DB961C7C76EB497A
   A B C D E F G H J K L M N
13 . . . . . . . . . . . . .
12 . . . . . . . . O O . O .
11 . . . . O . . X X O X X .
10 . O O . O X . . . X O O .
 9 . . X O O . . . . X O . .
 8 . . X X O X . . . X O . .
 7 . . . . X . X3. . X O . .
 6 . X1. . . . . . . X . . .
 5 . . . O O O . . . O X X .
 4 . O2O O X O X X X X O O .
 3 . X O X X X O . . . X O .
 2 . O X . X . . . . X O . .
 1 . @ . X . . . . . . . . .

koPOSITIONALscoreAREAtaxNONEsui1komi7.5
Time taken: 1.063
Root visits: 1799
New playouts: 658
NN rows: 430
NN batches: 52
NN avg batch size: 8.26923
PV: B1 C1 N4 L1 K3 J2 N5 M6 N6 M7 N7 M8 N8 N9 M9 L6 N10
Tree:
: T  94.80c W  89.82c S   3.33c ( +5.6 L  +5.7) N    1799  --  B1 C1 N4 L1 K3 J2 N5
---White(^)---
B1  : T  95.13c W  89.42c S   3.95c ( +6.0 L  +6.1) LCB   91.89c P 76.31% WF 1412.7 PSV    1407 N    1242  --  B1 C1 N4 L1 K3 J2 N5 M6
C6  : T  94.20c W  90.78c S   2.00c ( +4.8 L  +4.6) LCB   90.74c P 20.95% WF 659.4 PSV     277 N     554  --  C6 C7 B1 C1 F9 G9 G10 H10
G6  : T  21.75c W  25.19c S  -3.45c ( +1.4 L  +0.2) LCB -328.25c P  1.11% WF   0.4 PSV       0 N       1  --  G6
J2  : T  -5.55c W  -0.92c S  -4.63c ( +0.6 L  -0.6) LCB -355.55c P  0.91% WF   0.3 PSV       0 N       1  --  J2

2024-06-21 21:52:37-0400: = B1
2024-06-21 21:52:39-0400: Controller: kata-list_time_settings
2024-06-21 21:52:39-0400: = none absolute byoyomi canadian fischer fischer-capped
2024-06-21 21:52:39-0400: Controller: play black c1
2024-06-21 21:52:39-0400: = 
2024-06-21 21:52:39-0400: Controller: genmove white
2024-06-21 21:52:40-0400: MoveNum: 67 HASH: 928536B26DC289FAF4417A1AABD801AD
   A B C D E F G H J K L M N
13 . . . . . . . . . . . . .
12 . . . . . . . . O O . O .
11 . . . . O . . X X O X X .
10 . O O . O X . . . X O O .
 9 . . X O O . . . . X O . .
 8 . . X X O X . . . X O . .
 7 . . . . X . X1. . X O . .
 6 . X . . . . . . . X . . .
 5 . . . O O O . . . O X X .
 4 . O O O X O X X X X O O @
 3 . X O X X X O . . . X O .
 2 . O X . X . . . . X O . .
 1 . O2X3X . . . . . . . . .

koPOSITIONALscoreAREAtaxNONEsui1komi7.5
Time taken: 1.047
Root visits: 2263
New playouts: 522
NN rows: 406
NN batches: 52
NN avg batch size: 7.80769
PV: N4 L1 K3 J2 N5 M6 M1 N2 N6 M7 N7 M8 N8 N9
Tree:
: T  97.89c W  90.80c S   4.94c ( +8.0 L  +8.5) N    2263  --  N4 L1 K3 J2 N5 M6 M1
---White(^)---
N4  : T 101.59c W  92.03c S   7.13c ( +9.4 L +10.0) LCB   98.33c P  8.81% WF 1794.9 PSV    1712 N    1321  --  N4 L1 K3 J2 N5 M6 M1 N2
C6  : T  91.50c W  89.85c S   0.35c ( +5.2 L  +5.2) LCB   87.96c P 40.13% WF 818.4 PSV     222 N     769  --  C6 C7 F9 G9 G10 H10 G6 D7
K3  : T 102.90c W  89.00c S   8.59c (+10.5 L +11.4) LCB   90.13c P  6.08% WF  86.4 PSV      84 N      77  --  K3 J2 N4 N2 N5 M6 N6 M7
F9  : T  82.87c W  83.37c S  -2.64c ( +3.4 L  +3.1) LCB   70.83c P 10.75% WF  33.8 PSV      32 N      39  --  F9 G9 C6 C7 G10 H10 G6 D7
G2  : T  53.56c W  54.32c S  -4.54c ( +2.0 L  +1.7) LCB   13.44c P  8.51% WF   7.8 PSV      10 N      17  --  G2 H2 C6 D7 N4 N2
F1  : T  57.63c W  64.21c S  -1.51c ( +3.9 L  +3.4) LCB   20.62c P  5.68% WF   6.1 PSV       7 N      13  --  F1 F2 C6 D7 J2 K3
J2  : T  16.29c W  27.09c S  -4.34c ( +1.8 L  +1.4) LCB  -14.76c P  5.53% WF   2.2 PSV       3 N       7  --  J2 K3 F1 F2 G2 H3
G6  : T   0.28c W   7.37c S  -7.74c ( +0.1 L  -0.1) LCB  -51.73c P  6.12% WF   2.0 PSV       3 N       6  --  G6 D7 A4 F11 F12
M6  : T  64.78c W  66.50c S  -5.44c ( +1.8 L  +1.4) LCB   19.00c P  1.27% WF   2.9 PSV       1 N       5  --  M6 A3 A4
L6  : T  34.52c W  42.90c S  -6.20c ( +1.0 L  +1.0) LCB  -49.12c P  2.24% WF   1.7 PSV       1 N       4  --  L6 M6 M7

2024-06-21 21:52:40-0400: = N4
2024-06-21 21:52:41-0400: Controller: kata-list_time_settings
2024-06-21 21:52:41-0400: = none absolute byoyomi canadian fischer fischer-capped
2024-06-21 21:52:41-0400: Controller: play black n2
2024-06-21 21:52:41-0400: = 
2024-06-21 21:52:41-0400: Controller: genmove white
2024-06-21 21:52:42-0400: MoveNum: 69 HASH: 349CEFEFA5A9A6585F4FFB165F8F08B3
   A B C D E F G H J K L M N
13 . . . . . . . . . . . . .
12 . . . . . . . . O O . O .
11 . . . . O . . X X O X X .
10 . O O . O X . . . X O O .
 9 . . X O O . . . . X O . .
 8 . . X X O X . . . X O . .
 7 . . . . X . X . . X O . .
 6 . X . . . . . . . X . . .
 5 . . . O O O . . . O X X @
 4 . O O O X O X X X X O O O2
 3 . X O X X X O . . . X O .
 2 . O X . X . . . . X O . X3
 1 . O X1X . . . . . . . . .

koPOSITIONALscoreAREAtaxNONEsui1komi7.5
Time taken: 1.078
Root visits: 961
New playouts: 687
NN rows: 408
NN batches: 55
NN avg batch size: 7.41818
PV: N5 M6 K3 J2 N6 M7 N7 M8 N8 N9 M9 L6 N10 N11 N9 M2 L1
Tree:
: T 105.79c W  96.12c S   7.38c (+12.5 L +13.2) N     961  --  N5 M6 K3 J2 N6 M7 N7
---White(^)---
N5  : T 106.53c W  96.74c S   7.70c (+12.7 L +13.5) LCB  104.01c P 32.67% WF 1093.9 PSV    1090 N     628  --  N5 M6 K3 J2 N6 M7 N7 M8
K3  : T 107.18c W  96.52c S   8.02c (+12.7 L +13.5) LCB  103.36c P 13.77% WF 509.2 PSV     506 N     278  --  K3 J2 N5 M6 N6 M7 N7 M8
M6  : T  78.50c W  85.15c S  -8.46c ( +2.9 L  +3.2) LCB   65.73c P  9.82% WF  21.2 PSV      10 N      25  --  M6 N5 L6 J5 C6 D6 B7
C6  : T  82.34c W  85.97c S  -5.53c ( +4.5 L  +4.5) LCB   57.92c P  8.40% WF   9.4 PSV      10 N      10  --  C6 C7 M6 B5 A4
L6  : T   2.36c W  20.59c S -11.75c ( +0.4 L  +0.5) LCB  -80.40c P 21.29% WF   3.3 PSV       6 N       9  --  L6 M6 M7 N6 F9 G9
F9  : T  27.99c W  32.59c S -11.06c ( +0.6 L  +0.8) LCB  -72.96c P  6.49% WF   1.2 PSV       2 N       3  --  F9 G9
G6  : T -31.98c W -18.76c S -13.22c ( -0.9 L  -0.7) LCB -381.98c P  1.66% WF   0.4 PSV       0 N       1  --  G6
N6  : T  -3.02c W   9.36c S -12.38c ( -0.0 L  +0.2) LCB -353.02c P  1.55% WF   0.4 PSV       0 N       1  --  N6
G2  : T   2.39c W  13.49c S -11.10c ( +0.2 L  +0.9) LCB -347.61c P  1.00% WF   0.3 PSV       0 N       1  --  G2
G10 : T   5.33c W  16.23c S -10.90c ( +0.1 L  +0.2) LCB -344.67c P  0.95% WF   0.4 PSV       0 N       1  --  G10

2024-06-21 21:52:42-0400: = N5
2024-06-21 21:52:43-0400: Controller: kata-list_time_settings
2024-06-21 21:52:43-0400: = none absolute byoyomi canadian fischer fischer-capped
2024-06-21 21:52:43-0400: Controller: play black m6
2024-06-21 21:52:43-0400: = 
2024-06-21 21:52:43-0400: Controller: genmove white
2024-06-21 21:52:44-0400: MoveNum: 71 HASH: 6AF231FD475A8A6C6BE5BDD3E1A2DD5C
   A B C D E F G H J K L M N
13 . . . . . . . . . . . . .
12 . . . . . . . . O O . O .
11 . . . . O . . X X O X X .
10 . O O . O X . . . X O O .
 9 . . X O O . . . . X O . .
 8 . . X X O X . . . X O . .
 7 . . . . X . X . . X O . .
 6 . X . . . . . . . X . X3.
 5 . . . O O O . . . O X X O2
 4 . O O O X O X X X X O O O
 3 . X O X X X O . . @ X O .
 2 . O X . X . . . . X O . X1
 1 . O X X . . . . . . . . .

koPOSITIONALscoreAREAtaxNONEsui1komi7.5
Time taken: 1.031
Root visits: 1482
New playouts: 602
NN rows: 430
NN batches: 54
NN avg batch size: 7.96296
PV: K3 E12 F12 J3 J2 F11 D12 L3 F1
Tree:
: T 104.77c W  97.24c S   6.24c (+12.3 L +13.0) N    1482  --  K3 E12 F12 J3 J2 F11 D12
---White(^)---
K3  : T 105.97c W  97.73c S   7.03c (+12.7 L +13.4) LCB  103.94c P 15.19% WF 2271.6 PSV    2832 N    1056  --  K3 E12 F12 J3 J2 F11 D12 L3
N6  : T 100.85c W  95.94c S   3.44c (+10.6 L +11.4) LCB   97.89c P 75.25% WF 581.3 PSV     607 N     409  --  N6 M7 K3 J3 J2 L3 C6 C7
C6  : T  75.98c W  73.01c S  -2.31c ( +6.9 L  +7.8) LCB   48.66c P  4.65% WF   5.6 PSV       6 N      11  --  C6 C7 N6 M7 N7 M8
M7  : T -74.58c W -58.90c S -15.68c ( -2.0 L  -1.7) LCB -424.58c P  1.45% WF   0.4 PSV       0 N       1  --  M7
G2  : T -13.90c W  -2.73c S -11.16c ( -0.3 L  +0.1) LCB -363.90c P  0.79% WF   0.3 PSV       0 N       1  --  G2
F9  : T -60.36c W -45.34c S -15.01c ( -2.0 L  -1.6) LCB -410.36c P  0.73% WF   0.3 PSV       0 N       1  --  F9
F1  : T   9.03c W  18.49c S  -9.46c ( +1.6 L  +1.0) LCB -340.97c P  0.46% WF   0.3 PSV       0 N       1  --  F1
L6  : T -101.69c W -84.04c S -17.66c ( -3.9 L  -3.4) LCB -451.69c P  0.25% WF   0.5 PSV       0 N       1  --  L6

2024-06-21 21:52:44-0400: = K3
2024-06-21 21:52:46-0400: Controller: kata-list_time_settings
2024-06-21 21:52:46-0400: = none absolute byoyomi canadian fischer fischer-capped
2024-06-21 21:52:46-0400: Controller: play black a3
2024-06-21 21:52:46-0400: = 
2024-06-21 21:52:46-0400: Controller: genmove white
2024-06-21 21:52:47-0400: MoveNum: 73 HASH: A03BC284C38E6762C356097E3B4FF29B
   A B C D E F G H J K L M N
13 . . . . . . . . . . . . .
12 . . . . . . . . O O . O .
11 . . . . O . . X X O X X .
10 . O O . O X . . . X O O .
 9 . . X O O . . . . X O . .
 8 . . X X O X . . . X O . .
 7 . . . . X . X . . X O . .
 6 . X . . . . . . . X . X1.
 5 . . . O O O . . . O X X O
 4 @ O O O X O X X X X O O O
 3 X3X O X X X O . . O2. O .
 2 . O X . X . . . . X O . X
 1 . O X X . . . . . . . . .

koPOSITIONALscoreAREAtaxNONEsui1komi7.5
Time taken: 1.031
Root visits: 791
New playouts: 704
NN rows: 426
NN batches: 53
NN avg batch size: 8.03774
PV: A4 J2 N6 C6 A2 M7 N7 M8 N8 L6 N9 F11 F12 G12 E12
Tree:
: T 102.85c W  97.81c S   4.87c (+13.3 L +14.0) N     791  --  A4 J2 N6 C6 A2 M7 N7
---White(^)---
A4  : T 103.33c W  98.23c S   4.99c (+13.4 L +14.1) LCB  100.69c P 47.99% WF 1460.0 PSV    1454 N     620  --  A4 J2 N6 C6 A2 M7 N7 M8
C6  : T 100.47c W  95.73c S   4.35c (+13.1 L +13.8) LCB   92.84c P 41.93% WF 246.7 PSV     253 N     167  --  C6 J2 D7 A2 M7 N6
J2  : T -84.99c W -67.12c S -17.87c ( -2.4 L  -2.2) LCB -434.99c P  7.22% WF   0.3 PSV       1 N       1  --  J2
F1  : T  -8.19c W   5.55c S -13.73c ( -0.3 L  +0.0) LCB -358.19c P  1.04% WF   0.2 PSV       0 N       1  --  F1
F6  : T  13.69c W  23.72c S -10.03c ( +2.2 L  +1.5) LCB -336.31c P  0.35% WF   0.3 PSV       0 N       1  --  F6

2024-06-21 21:52:47-0400: = A4
2024-06-21 21:52:48-0400: Controller: kata-list_time_settings
2024-06-21 21:52:48-0400: = none absolute byoyomi canadian fischer fischer-capped
2024-06-21 21:52:48-0400: Controller: play black a2
2024-06-21 21:52:48-0400: = 
2024-06-21 21:52:48-0400: Controller: genmove white
2024-06-21 21:52:49-0400: MoveNum: 75 HASH: EA803EBCE81AA2F4266C069F0CFB1959
   A B C D E F G H J K L M N
13 . . . . . . . . . . . . .
12 . . . . . . . . O O . O .
11 . . . . O . . X X O X X .
10 . O O . O X . . . X O O .
 9 . . X O O . . . . X O . .
 8 . . X X O X . . . X O . .
 7 . . . . X . X . . X O . .
 6 . X . . . . . . . X . X .
 5 . . . O O O . . . O X X O
 4 O2O O O X O X X X X O O O
 3 X1X O X X X O . . O . O .
 2 X3O X . X . . . . X O . X
 1 @ O X X . . . . . . . . .

koPOSITIONALscoreAREAtaxNONEsui1komi7.5
Time taken: 0.922
Root visits: 671
New playouts: 461
NN rows: 331
NN batches: 44
NN avg batch size: 7.52273
PV: C6 J2 D7 M7 M8 L6 F9
Tree:
: T 103.21c W  98.06c S   5.09c (+13.7 L +14.3) N     671  --  C6 J2 D7 M7 M8 L6 F9
---White(^)---
C6  : T 104.93c W  98.08c S   5.25c (+13.9 L +14.6) LCB   99.50c P 10.99% WF 234.6 PSV    1439 N     113  --  C6 J2 D7 M7 M8 L6 F9
A1  : T 102.99c W  98.12c S   5.08c (+13.6 L +14.3) LCB   99.42c P 84.22% WF 1380.4 PSV    1384 N     553  --  A1 J2 N6 M7 N7 C6 A8 A7
B7  : T  14.69c W  26.02c S -11.34c ( +1.7 L  +2.5) LCB -335.31c P  1.56% WF   0.3 PSV       0 N       1  --  B7
J2  : T  35.58c W  46.21c S -10.63c ( +2.6 L  +2.5) LCB -314.42c P  1.44% WF   0.4 PSV       0 N       1  --  J2
D6  : T  29.61c W  38.95c S  -9.34c ( +3.3 L  +2.2) LCB -320.39c P  0.80% WF   0.3 PSV       0 N       1  --  D6
F6  : T  48.51c W  55.22c S  -6.71c ( +5.1 L  +5.7) LCB -301.49c P  0.53% WF   0.4 PSV       0 N       1  --  F6

2024-06-21 21:52:49-0400: = A1
2024-06-21 21:52:50-0400: Controller: kata-list_time_settings
2024-06-21 21:52:50-0400: = none absolute byoyomi canadian fischer fischer-capped
2024-06-21 21:52:50-0400: Controller: play black a3
2024-06-21 21:52:50-0400: = 
2024-06-21 21:52:50-0400: Controller: genmove white
2024-06-21 21:52:51-0400: MoveNum: 77 HASH: C15C166D77BDB6EACA95974E43B52A07
   A B C D E F G H J K L M N
13 . . . . . . . . . . . . .
12 . . . . . . . . O O . O .
11 . . . . O . . X X O X X .
10 . O O . O X . . . X O O .
 9 . . X O O . . . . X O . .
 8 . . X X O X . . . X O . .
 7 . . . . X . X . . X O . .
 6 . X . . . . . . . X . X .
 5 . . . O O O . . . O X X O
 4 O O O O X O X X X X O O O
 3 X3. O X X X O . . O . O .
 2 .1O X . X . . . @ X O . X
 1 O2O X X . . . . . . . . .

koPOSITIONALscoreAREAtaxNONEsui1komi7.5
Time taken: 0.797
Root visits: 329
New playouts: 288
NN rows: 252
NN batches: 38
NN avg batch size: 6.63158
PV: J2 J3 K1 H2 C6 D6 E6 D7
Tree:
: T 114.70c W  98.22c S  14.29c (+29.2 L +29.6) N     329  --  J2 J3 K1 H2 C6 D6 E6
---White(^)---
J2  : T 117.78c W  98.58c S  16.64c (+31.0 L +31.4) LCB  114.39c P 51.28% WF 640.5 PSV     624 N     258  --  J2 J3 K1 H2 C6 D6 E6 D7
C6  : T 100.75c W  98.53c S   2.08c (+19.8 L +20.2) LCB   91.18c P 30.00% WF 103.9 PSV      29 N      48  --  C6 J2 N6 M7 N7 D6 B7 M8
F1  : T  95.09c W  95.38c S   2.38c (+19.9 L +22.3) LCB   72.38c P  5.10% WF   6.8 PSV       3 N       7  --  F1 F2 J2 H2
G2  : T  68.98c W  77.09c S -10.03c ( +9.7 L +13.1) LCB  -80.19c P  5.44% WF   1.0 PSV       1 N       2  --  G2 H2
D6  : T  70.58c W  78.33c S  -7.75c (+12.2 L +13.0) LCB -279.42c P  3.82% WF   0.5 PSV       1 N       1  --  D6
B7  : T   4.09c W  22.43c S -18.34c ( +1.4 L  +2.2) LCB -345.91c P  3.89% WF   0.2 PSV       0 N       1  --  B7
F6  : T  70.51c W  77.36c S  -6.85c (+12.6 L +14.4) LCB -279.49c P  0.16% WF   0.5 PSV       0 N       1  --  F6
J3  : T -10.15c W   7.25c S -17.40c ( +1.0 L  +2.6) LCB -360.15c P  0.08% WF   0.3 PSV       0 N       1  --  J3
F7  : T  83.02c W  89.08c S  -6.07c (+13.7 L +15.0) LCB -266.98c P  0.03% WF   0.5 PSV       0 N       1  --  F7
D7  : T -65.34c W -43.74c S -21.60c ( -2.4 L  -2.5) LCB -415.34c P  0.03% WF   0.2 PSV       0 N       1  --  D7

2024-06-21 21:52:51-0400: = J2
2024-06-21 21:52:53-0400: Controller: kata-list_time_settings
2024-06-21 21:52:53-0400: = none absolute byoyomi canadian fischer fischer-capped
2024-06-21 21:52:53-0400: Controller: play black j3
2024-06-21 21:52:53-0400: = 
2024-06-21 21:52:53-0400: Controller: genmove white
2024-06-21 21:52:54-0400: MoveNum: 79 HASH: 916DE07EDAD7B3C11378F49F559BBFFD
   A B C D E F G H J K L M N
13 . . . . . . . . . . . . .
12 . . . . . . . . O O . O .
11 . . . . O . . X X O X X .
10 . O O . O X . . . X O O .
 9 . . X O O . . . . X O . .
 8 . . X X O X . . . X O . .
 7 . . . . X . X . . X O . .
 6 . X . . . . . . . X . X .
 5 . . . O O O . . . O X X O
 4 O O O O X O X X X X O O O
 3 X1. O X X X O . X3O . O .
 2 . O X . X . . . O2X O . X
 1 O O X X . . . . . @ . . .

koPOSITIONALscoreAREAtaxNONEsui1komi7.5
Time taken: 0.719
Root visits: 826
New playouts: 298
NN rows: 266
NN batches: 36
NN avg batch size: 7.38889
PV: K1 H2 C6 C7 B7 B8 B5 F11 H1
Tree:
: T 113.98c W  99.12c S  13.41c (+31.2 L +31.5) N     826  --  K1 H2 C6 C7 B7 B8 B5
---White(^)---
K1  : T 114.92c W  99.21c S  14.25c (+31.8 L +32.1) LCB  113.15c P 33.07% WF 2051.6 PSV    2037 N     700  --  K1 H2 C6 C7 B7 B8 B5 F11
C6  : T 108.20c W  99.39c S   8.24c (+27.4 L +27.6) LCB  101.75c P 18.76% WF 100.4 PSV      79 N      43  --  C6 L3 D7 K3 M7 N6
F1  : T 109.54c W  99.51c S   9.31c (+28.0 L +28.2) LCB  105.71c P 11.48% WF  94.4 PSV      59 N      42  --  F1 L3 G2 H2 E1 F11
G2  : T 104.72c W  97.83c S   4.22c (+24.6 L +25.3) LCB   92.19c P 11.11% WF  34.2 PSV      31 N      21  --  G2 L3 F1 H2 E1 F11
D6  : T  89.69c W  91.57c S  -2.57c (+19.3 L +20.4) LCB   42.73c P 15.16% WF  17.5 PSV      17 N      14  --  D6 D7 C6 L3 F1
B7  : T  49.24c W  74.33c S -13.22c ( +9.8 L +10.4) LCB  -48.98c P  5.47% WF   1.5 PSV       2 N       3  --  B7 C6 A6
H2  : T  82.15c W  93.72c S -11.56c (+12.4 L +14.3) LCB -267.85c P  2.33% WF   1.2 PSV       2 N       1  --  H2
F9  : T  52.02c W  70.36c S -18.34c ( +4.2 L  +4.1) LCB -297.98c P  1.19% WF   0.6 PSV       0 N       1  --  F9

2024-06-21 21:52:54-0400: = K1
2024-06-21 21:52:56-0400: Controller: kata-list_time_settings
2024-06-21 21:52:56-0400: = none absolute byoyomi canadian fischer fischer-capped
2024-06-21 21:52:56-0400: Controller: play black c7
2024-06-21 21:52:56-0400: = 
2024-06-21 21:52:56-0400: Controller: genmove white
2024-06-21 21:52:57-0400: MoveNum: 81 HASH: D4A39F3CAF277C098FE27A770C72DFF2
   A B C D E F G H J K L M N
13 . . . . . . . . . . . . .
12 . . . . . . . . O O . O .
11 . . . . O . . X X O X X .
10 . O O . O X . . . X O O .
 9 . . X O O . . . . X O . .
 8 . . X X O X . . . X O . .
 7 . . X3. X . X . . X O . .
 6 . X . . . . . . . X . X .
 5 . . . O O O . . . O X X O
 4 O O O O X O X X X X O O O
 3 X . O X X X O . X1O . O .
 2 . O X . X . . . O . O . X
 1 O O X X . @ . . . O2. . .

koPOSITIONALscoreAREAtaxNONEsui1komi7.5
Time taken: 0.703
Root visits: 298
New playouts: 275
NN rows: 260
NN batches: 35
NN avg batch size: 7.42857
PV: F1 G2 E1 F11 F12 H3
Tree:
: T 116.43c W  98.79c S  16.65c (+39.0 L +39.5) N     298  --  F1 G2 E1 F11 F12 H3
---White(^)---
F1  : T 119.30c W  99.52c S  18.89c (+40.6 L +41.0) LCB  115.72c P 27.69% WF 570.2 PSV     629 N     163  --  F1 G2 E1 F11 F12 H3
G2  : T 113.12c W  99.33c S  13.58c (+36.4 L +37.0) LCB  108.19c P 61.07% WF 250.2 PSV     168 N     113  --  G2 F1 F2 H2 G1 H3 E1 E12
F9  : T  30.54c W  53.29c S -22.75c ( +1.7 L  +1.1) LCB -319.46c P  2.47% WF   0.5 PSV       0 N       1  --  F9
G10 : T  -7.51c W  15.83c S -23.34c ( +0.4 L  +0.2) LCB -357.51c P  2.20% WF   0.4 PSV       0 N       1  --  G10
J5  : T  -2.66c W  18.77c S -21.42c ( +2.0 L  +1.6) LCB -352.66c P  1.11% WF   0.3 PSV       0 N       1  --  J5
A7  : T   4.34c W  27.13c S -22.78c ( +1.4 L  +1.5) LCB -345.66c P  1.09% WF   0.3 PSV       0 N       1  --  A7
C6  : T  11.86c W  26.83c S -14.98c ( +8.6 L +10.6) LCB -338.14c P  0.64% WF   0.2 PSV       0 N       1  --  C6
E6  : T  44.63c W  64.33c S -19.70c ( +4.8 L  +5.3) LCB -305.37c P  0.53% WF   0.5 PSV       0 N       1  --  E6
D6  : T  23.82c W  35.17c S -11.35c (+11.3 L +11.2) LCB -326.18c P  0.52% WF   0.3 PSV       0 N       1  --  D6
H2  : T -63.98c W -39.77c S -24.21c ( -1.1 L  -1.3) LCB -413.98c P  0.50% WF   0.3 PSV       0 N       1  --  H2

2024-06-21 21:52:57-0400: = F1
2024-06-21 21:52:59-0400: Controller: kata-list_time_settings
2024-06-21 21:52:59-0400: = none absolute byoyomi canadian fischer fischer-capped
2024-06-21 21:52:59-0400: Controller: play black a2
2024-06-21 21:52:59-0400: = 
2024-06-21 21:52:59-0400: Controller: genmove white
2024-06-21 21:53:00-0400: MoveNum: 83 HASH: FBBC5FDF5CA8C9FC0FDCF58E1C3EBD08
   A B C D E F G H J K L M N
13 . . . . . . . . . . . . .
12 . . . . . . . . O O . O .
11 . . . . O . . X X O X X .
10 . O O . O X . . . X O O .
 9 . . X O O . . . . X O . .
 8 . . X X O X . . . X O . .
 7 . . X1. X . X . . X O . .
 6 . X . . . . . . . X . X .
 5 . . . O O O . . . O X X O
 4 O O O O X O X X X X O O O
 3 X . O X X X O . X O . O .
 2 X3O X . X . . . O . O . X
 1 O O X X @ O2. . . O . . .

koPOSITIONALscoreAREAtaxNONEsui1komi7.5
Time taken: 0.657
Root visits: 365
New playouts: 300
NN rows: 271
NN batches: 34
NN avg batch size: 7.97059
PV: E1 B3 F2 B1 D2 F11 F12 G12 E12 M7 M8 B9
Tree:
: T 118.46c W  99.88c S  17.81c (+40.8 L +40.6) N     365  --  E1 B3 F2 B1 D2 F11 F12
---White(^)---
E1  : T 119.44c W  99.93c S  19.11c (+41.6 L +41.3) LCB  118.18c P 40.94% WF 1203.6 PSV    1192 N     249  --  E1 B3 F2 B1 D2 F11 F12 G12
B3  : T 116.98c W  99.86c S  16.75c (+39.7 L +39.6) LCB  115.16c P 30.80% WF 440.9 PSV     190 N     108  --  B3 G2 E1 F11 D2 H3 F12 G12
G2  : T  75.22c W  97.43c S -22.43c ( +4.1 L  +4.3) LCB   36.69c P 23.37% WF   9.3 PSV      10 N       5  --  G2 B3 G10
G10 : T  58.05c W  81.42c S -23.38c ( +2.1 L  +2.0) LCB -291.95c P  1.33% WF   1.0 PSV       0 N       1  --  G10
F9  : T  68.30c W  90.17c S -21.87c ( +4.6 L  +4.4) LCB -281.70c P  1.19% WF   1.2 PSV       0 N       1  --  F9

2024-06-21 21:53:00-0400: = E1
2024-06-21 21:53:01-0400: Controller: kata-list_time_settings
2024-06-21 21:53:01-0400: = none absolute byoyomi canadian fischer fischer-capped
2024-06-21 21:53:01-0400: Controller: play black b3
2024-06-21 21:53:02-0400: = 
2024-06-21 21:53:02-0400: Controller: genmove white
2024-06-21 21:53:02-0400: MoveNum: 85 HASH: 04C5B18CDCF50344C6125C2E3EEA5F54
   A B C D E F G H J K L M N
13 . . . . . . . . . . . . .
12 . . . . . . . . O O . O .
11 . . . . O . . X X O X X .
10 . O O . O X . . . X O O .
 9 . . X O O . . . . X O . .
 8 . . X X O X . . . X O . .
 7 . . X . X . X . . X O . .
 6 . X . . . . . . . X . X .
 5 . . . O O O . . . O X X O
 4 O O O O X O X X X X O O O
 3 X X3O X X X O . X O . O .
 2 X1. X . X @ . . O . O . X
 1 . . X X O2O . . . O . . .

koPOSITIONALscoreAREAtaxNONEsui1komi7.5
Time taken: 0.609
Root visits: 1421
New playouts: 301
NN rows: 221
NN batches: 30
NN avg batch size: 7.36667
PV: F2 B1 D2 F11 F12 G12 E12 M7 M8 B9 A9 N8
Tree:
: T 118.79c W  99.91c S  18.60c (+40.7 L +40.3) N    1421  --  F2 B1 D2 F11 F12 G12 E12
---White(^)---
F2  : T 118.87c W  99.93c S  18.74c (+40.7 L +40.4) LCB  118.32c P 89.83% WF 7345.1 PSV    7343 N    1407  --  F2 B1 D2 F11 F12 G12 E12 M7
F6  : T  91.77c W  94.79c S  -6.32c (+21.2 L +23.9) LCB   53.93c P  4.70% WF   7.4 PSV       8 N       6  --  F6 G2 F7 B9
D6  : T  87.43c W  95.72c S  -8.50c (+20.5 L +23.6) LCB   25.93c P  3.36% WF   4.4 PSV       5 N       4  --  D6 G2 D7
F7  : T  72.69c W  90.56c S -17.87c (+10.5 L +10.5) LCB -277.31c P  0.75% WF   1.1 PSV       0 N       1  --  F7
D7  : T  75.38c W  86.97c S -11.60c (+17.0 L +17.3) LCB -274.62c P  0.63% WF   0.8 PSV       0 N       1  --  D7
G2  : T  74.55c W  97.50c S -22.95c ( +3.4 L  +3.4) LCB -275.45c P  0.20% WF   2.3 PSV       0 N       1  --  G2

2024-06-21 21:53:02-0400: = F2
2024-06-21 21:53:05-0400: Controller: quit
2024-06-21 21:53:05-0400: Quit requested by controller
2024-06-21 21:53:05-0400: = 
2024-06-21 21:53:05-0400: GPU -1 finishing, processed 40490 rows 5165 batches
2024-06-21 21:53:05-0400: All cleaned up, quitting
