2024-05-21 18:08:21+0800: Running with following config:
allowResignation = true
lagBuffer = 1.0
logAllGTPCommunication = true
logDir = gtp_logs
logSearchInfo = true
logSearchInfoForChosenMove = false
logToStderr = false
maxTime = 0.5
maxTimePondering = 60.0
numSearchThreads = 16
ogsChatToStderr = true
ponderingEnabled = true
resignConsecTurns = 3
resignThreshold = -0.90
rules = tromp-taylor
searchFactorAfterOnePass = 0.50
searchFactorAfterTwoPass = 0.25
searchFactorWhenWinning = 0.40
searchFactorWhenWinningThreshold = 0.95

2024-05-21 18:08:21+0800: GTP Engine starting...
2024-05-21 18:08:21+0800: KataGo v1.14.1
2024-05-21 18:08:21+0800: Using TrompTaylor rules initially, unless GTP/GUI overrides this
2024-05-21 18:08:21+0800: Using 16 CPU thread(s) for search
2024-05-21 18:08:21+0800: nnRandSeed0 = 17157722058351180241
2024-05-21 18:08:21+0800: After dedups: nnModelFile0 = C:\Users\chang\Downloads\KaTrain\KaTrain\katrain\models/kata1-b18c384nbt-s6582191360-d3422816034.bin.gz useFP16 auto useNHWC auto
2024-05-21 18:08:21+0800: Initializing neural net buffer to be size 19 * 19 exactly
2024-05-21 18:08:23+0800: Found OpenCL Platform 0: NVIDIA CUDA (NVIDIA Corporation) (OpenCL 3.0 CUDA 12.4.89)
2024-05-21 18:08:23+0800: Found 1 device(s) on platform 0 with type CPU or GPU or Accelerator
2024-05-21 18:08:23+0800: Found OpenCL Platform 1: Intel(R) OpenCL Graphics (Intel(R) Corporation) (OpenCL 3.0 )
2024-05-21 18:08:23+0800: Found 1 device(s) on platform 1 with type CPU or GPU or Accelerator
2024-05-21 18:08:23+0800: Found OpenCL Device 0: NVIDIA GeForce RTX 4060 Laptop GPU (NVIDIA Corporation) (score 11000300)
2024-05-21 18:08:23+0800: Found OpenCL Device 1: Intel(R) UHD Graphics (Intel(R) Corporation) (score 6000300)
2024-05-21 18:08:23+0800: Creating context for OpenCL Platform: NVIDIA CUDA (NVIDIA Corporation) (OpenCL 3.0 CUDA 12.4.89)
2024-05-21 18:08:24+0800: Using OpenCL Device 0: NVIDIA GeForce RTX 4060 Laptop GPU (NVIDIA Corporation) OpenCL 3.0 CUDA (Extensions: cl_khr_global_int32_base_atomics cl_khr_global_int32_extended_atomics cl_khr_local_int32_base_atomics cl_khr_local_int32_extended_atomics cl_khr_fp64 cl_khr_3d_image_writes cl_khr_byte_addressable_store cl_khr_icd cl_khr_gl_sharing cl_nv_compiler_options cl_nv_device_attribute_query cl_nv_pragma_unroll cl_nv_d3d10_sharing cl_khr_d3d10_sharing cl_nv_d3d11_sharing cl_nv_copy_opts cl_nv_create_buffer cl_khr_int64_base_atomics cl_khr_int64_extended_atomics cl_khr_device_uuid cl_khr_pci_bus_info cl_khr_external_semaphore cl_khr_external_memory cl_khr_external_semaphore_win32 cl_khr_external_memory_win32)
2024-05-21 18:08:24+0800: Loaded tuning parameters from: C:\Users\chang\Downloads\katago-v1.14.1-opencl-windows-x64/KataGoData/opencltuning/tune11_gpuNVIDIAGeForceRTX4060LaptopGPU_x19_y19_c384_mv14.txt
2024-05-21 18:08:24+0800: OpenCL backend thread 0: Model version 14
2024-05-21 18:08:24+0800: OpenCL backend thread 0: Model name: kata1-b18c384nbt-s6582191360-d3422816034
2024-05-21 18:08:25+0800: OpenCL backend thread 0: FP16Storage true FP16Compute false FP16TensorCores true FP16TensorCoresFor1x1 false
2024-05-21 18:08:25+0800: Loaded neural net with nnXLen 19 nnYLen 19
2024-05-21 18:08:25+0800: Initializing board with boardXSize 19 boardYSize 19
2024-05-21 18:08:25+0800: Loaded config C:/Users/chang/Downloads/katago-v1.14.1-opencl-windows-x64/lizgoban.cfg
2024-05-21 18:08:25+0800: Loaded model C:\Users\chang\Downloads\KaTrain\KaTrain\katrain\models/kata1-b18c384nbt-s6582191360-d3422816034.bin.gz
2024-05-21 18:08:25+0800: Model name: kata1-b18c384nbt-s6582191360-d3422816034
2024-05-21 18:08:25+0800: GTP ready, beginning main protocol loop
2024-05-21 18:08:25+0800: Controller: list_commands
2024-05-21 18:08:25+0800: = protocol_version
name
version
known_command
list_commands
quit
boardsize
rectangular_boardsize
clear_board
set_position
komi
get_komi
play
undo
kata-get-rules
kata-set-rule
kata-set-rules
kata-get-param
kata-set-param
kata-list-params
kgs-rules
genmove
genmove_debug
search_debug
clear_cache
showboard
fixed_handicap
place_free_handicap
set_free_handicap
time_settings
kgs-time_settings
time_left
kata-list_time_settings
kata-time_settings
final_score
final_status_list
loadsgf
printsgf
lz-genmove_analyze
kata-genmove_analyze
lz-analyze
kata-analyze
kata-raw-nn
cputime
gomill-cpu_time
kata-benchmark
kata-debug-print-tc
debug_moves
stop
2024-05-21 18:08:25+0800: Controller: boardsize 13
2024-05-21 18:08:26+0800: GPU -1 finishing, processed 0 rows 0 batches
2024-05-21 18:08:26+0800: Cleaned up old neural net and bot
2024-05-21 18:08:26+0800: nnRandSeed0 = 17577630220414353362
2024-05-21 18:08:26+0800: After dedups: nnModelFile0 = C:\Users\chang\Downloads\KaTrain\KaTrain\katrain\models/kata1-b18c384nbt-s6582191360-d3422816034.bin.gz useFP16 auto useNHWC auto
2024-05-21 18:08:26+0800: Initializing neural net buffer to be size 13 * 13 exactly
2024-05-21 18:08:27+0800: Found OpenCL Platform 0: NVIDIA CUDA (NVIDIA Corporation) (OpenCL 3.0 CUDA 12.4.89)
2024-05-21 18:08:27+0800: Found 1 device(s) on platform 0 with type CPU or GPU or Accelerator
2024-05-21 18:08:27+0800: Found OpenCL Platform 1: Intel(R) OpenCL Graphics (Intel(R) Corporation) (OpenCL 3.0 )
2024-05-21 18:08:27+0800: Found 1 device(s) on platform 1 with type CPU or GPU or Accelerator
2024-05-21 18:08:27+0800: Found OpenCL Device 0: NVIDIA GeForce RTX 4060 Laptop GPU (NVIDIA Corporation) (score 11000300)
2024-05-21 18:08:27+0800: Found OpenCL Device 1: Intel(R) UHD Graphics (Intel(R) Corporation) (score 6000300)
2024-05-21 18:08:27+0800: Creating context for OpenCL Platform: NVIDIA CUDA (NVIDIA Corporation) (OpenCL 3.0 CUDA 12.4.89)
2024-05-21 18:08:28+0800: Using OpenCL Device 0: NVIDIA GeForce RTX 4060 Laptop GPU (NVIDIA Corporation) OpenCL 3.0 CUDA (Extensions: cl_khr_global_int32_base_atomics cl_khr_global_int32_extended_atomics cl_khr_local_int32_base_atomics cl_khr_local_int32_extended_atomics cl_khr_fp64 cl_khr_3d_image_writes cl_khr_byte_addressable_store cl_khr_icd cl_khr_gl_sharing cl_nv_compiler_options cl_nv_device_attribute_query cl_nv_pragma_unroll cl_nv_d3d10_sharing cl_khr_d3d10_sharing cl_nv_d3d11_sharing cl_nv_copy_opts cl_nv_create_buffer cl_khr_int64_base_atomics cl_khr_int64_extended_atomics cl_khr_device_uuid cl_khr_pci_bus_info cl_khr_external_semaphore cl_khr_external_memory cl_khr_external_semaphore_win32 cl_khr_external_memory_win32)
2024-05-21 18:08:28+0800: Loaded tuning parameters from: C:\Users\chang\Downloads\katago-v1.14.1-opencl-windows-x64/KataGoData/opencltuning/tune11_gpuNVIDIAGeForceRTX4060LaptopGPU_x19_y19_c384_mv14.txt
2024-05-21 18:08:28+0800: OpenCL backend thread 0: Model version 14
2024-05-21 18:08:28+0800: OpenCL backend thread 0: Model name: kata1-b18c384nbt-s6582191360-d3422816034
2024-05-21 18:08:29+0800: OpenCL backend thread 0: FP16Storage true FP16Compute false FP16TensorCores true FP16TensorCoresFor1x1 false
2024-05-21 18:08:29+0800: Loaded neural net with nnXLen 13 nnYLen 13
2024-05-21 18:08:29+0800: Initializing board with boardXSize 13 boardYSize 13
2024-05-21 18:08:29+0800: = 
2024-05-21 18:08:29+0800: Controller: clear_board
2024-05-21 18:08:29+0800: = 
2024-05-21 18:08:29+0800: Controller: komi 7.5
2024-05-21 18:08:29+0800: = 
2024-05-21 18:08:29+0800: Controller: play black k10
2024-05-21 18:08:29+0800: = 
2024-05-21 18:08:29+0800: Controller: genmove white
2024-05-21 18:08:30+0800: MoveNum: 1 HASH: 48C82C867219252AAC25E04A62D884C1
   A B C D E F G H J K L M N
13 . . . . . . . . . . . . .
12 . . . . . . . . . . . . .
11 . . . . . . . . . . . . .
10 . . . . . . . . . X1. . .
 9 . . . . . . . . . . . . .
 8 . . . . . . . . . . . . .
 7 . . . . . . . . . . . . .
 6 . . . . . . . . . . . . .
 5 . . . . . . . . . . . . .
 4 . . . @ . . . . . . . . .
 3 . . . . . . . . . . . . .
 2 . . . . . . . . . . . . .
 1 . . . . . . . . . . . . .

koPOSITIONALscoreAREAtaxNONEsui1komi7.5
Time taken: 0.625
Root visits: 424
New playouts: 424
NN rows: 397
NN batches: 38
NN avg batch size: 10.4474
PV: D4 L4 D11 H3 C9 F4 K4 K3 H11 H10
Tree:
: T  44.54c W  44.22c S   0.72c ( +1.5 L  +0.9) N     424  --  D4 L4 D11 H3 C9 F4 K4
---White(^)---
D4  : T  46.45c W  46.08c S   0.88c ( +1.6 L  +0.9) LCB   45.12c P 57.52% WF 486.5 PSV     480 N     212  --  D4 L4 D11 H3 C9 F4 K4 K3
C10 : T  44.09c W  43.45c S   0.63c ( +1.4 L  +0.9) LCB   41.43c P  8.61% WF 147.3 PSV      28 N      69  --  C10 D10 D11 L4 D4 E11 D9 E10
D11 : T  43.05c W  42.75c S   0.63c ( +1.4 L  +0.8) LCB   39.79c P  5.82% WF  77.7 PSV      15 N      35  --  D11 D3 L4 C9 D4 C4
D10 : T  44.28c W  44.11c S   0.67c ( +1.5 L  +0.7) LCB   42.09c P  3.85% WF  99.8 PSV      13 N      44  --  D10 D4 K4 C11 D11 C10 C8 B8
C11 : T  36.36c W  36.44c S   0.06c ( +1.0 L  +0.5) LCB   27.67c P  0.47% WF  15.8 PSV       0 N      10  --  C11 L4 D4 F3 K4
C3  : T  36.49c W  36.84c S   0.05c ( +1.0 L  +0.6) LCB   28.23c P  0.28% WF  14.3 PSV       0 N      10  --  C3 L4 D10 H3
L11 : T  31.80c W  34.15c S  -0.04c ( +1.0 L  +0.5) LCB    1.79c P  0.71% WF   9.1 PSV       0 N       5  --  L11 K11 L10 K9
C4  : T  26.20c W  27.16c S  -0.96c ( +0.3 L  -0.1) LCB -323.80c P  0.73% WF   2.0 PSV       0 N       1  --  C4
K11 : T  26.47c W  26.89c S  -0.42c ( +0.7 L  +0.3) LCB -323.53c P  0.04% WF   1.1 PSV       0 N       1  --  K11
C9  : T  21.82c W  22.79c S  -0.96c ( +0.3 L  +0.2) LCB -328.18c P  0.03% WF   0.9 PSV       0 N       1  --  C9

2024-05-21 18:08:30+0800: = D4
2024-05-21 18:08:34+0800: Controller: kata-list_time_settings
2024-05-21 18:08:34+0800: = none absolute byoyomi canadian fischer fischer-capped
2024-05-21 18:08:34+0800: Controller: play black k4
2024-05-21 18:08:34+0800: = 
2024-05-21 18:08:34+0800: Controller: genmove white
2024-05-21 18:08:34+0800: MoveNum: 3 HASH: A4E01A6D6FE0C1722BC6F3340C9F85AB
   A B C D E F G H J K L M N
13 . . . . . . . . . . . . .
12 . . . . . . . . . . . . .
11 . . . . . . . . . . . . .
10 . . @ . . . . . . X1. . .
 9 . . . . . . . . . . . . .
 8 . . . . . . . . . . . . .
 7 . . . . . . . . . . . . .
 6 . . . . . . . . . . . . .
 5 . . . . . . . . . . . . .
 4 . . . O2. . . . . X3. . .
 3 . . . . . . . . . . . . .
 2 . . . . . . . . . . . . .
 1 . . . . . . . . . . . . .

koPOSITIONALscoreAREAtaxNONEsui1komi7.5
Time taken: 0.532
Root visits: 440
New playouts: 418
NN rows: 423
NN batches: 39
NN avg batch size: 10.8462
PV: C10 F3 E10 H11 L3 L4 K3 J3
Tree:
: T  47.84c W  47.15c S   0.89c ( +1.6 L  +0.9) N     440  --  C10 F3 E10 H11 L3 L4 K3
---White(^)---
C10 : T  49.96c W  48.90c S   1.06c ( +1.7 L  +1.0) LCB   48.43c P 64.21% WF 622.1 PSV     613 N     283  --  C10 F3 E10 H11 L3 L4 K3 J3
D11 : T  44.06c W  44.23c S   0.60c ( +1.4 L  +0.8) LCB   40.25c P 23.71% WF  85.7 PSV      45 N      40  --  D11 C4 C3 C5 B3 D9 C10 D5
D10 : T  48.09c W  47.75c S   0.90c ( +1.6 L  +0.9) LCB   45.19c P  8.19% WF 126.0 PSV      34 N      55  --  D10 C10 C11 C9 D11 C6 B5 B6
L11 : T  44.51c W  44.42c S   0.56c ( +1.4 L  +0.7) LCB   40.01c P  1.19% WF  36.3 PSV       2 N      19  --  L11 L10 K11 J10 J11 H11 H12 M11
C11 : T  35.92c W  36.87c S   0.10c ( +1.0 L  +0.6) LCB   19.62c P  0.79% WF  13.9 PSV       0 N       7  --  C11 C4 C3 C5 B3
C9  : T  36.98c W  36.97c S  -0.02c ( +1.0 L  +0.5) LCB   17.15c P  0.26% WF   8.8 PSV       0 N       7  --  C9 C11 L11 K11 L10
L3  : T  25.00c W  28.77c S  -0.62c ( +0.6 L  +0.0) LCB -124.82c P  0.28% WF   4.0 PSV       0 N       2  --  L3 L4
L4  : T  35.23c W  35.78c S  -0.46c ( +0.7 L  +0.2) LCB -113.72c P  0.07% WF   2.4 PSV       0 N       2  --  L4 L3
D9  : T  28.29c W  29.20c S  -0.91c ( +0.3 L  -0.3) LCB -321.71c P  0.19% WF   2.0 PSV       0 N       1  --  D9
H3  : T  25.29c W  26.06c S  -0.76c ( +0.4 L  +0.0) LCB -324.71c P  0.08% WF   1.4 PSV       0 N       1  --  H3

2024-05-21 18:08:34+0800: = C10
2024-05-21 18:08:37+0800: Controller: kata-list_time_settings
2024-05-21 18:08:37+0800: = none absolute byoyomi canadian fischer fischer-capped
2024-05-21 18:08:37+0800: Controller: play black f3
2024-05-21 18:08:37+0800: = 
2024-05-21 18:08:37+0800: Controller: genmove white
2024-05-21 18:08:38+0800: MoveNum: 5 HASH: 59B098D7AD3CB9ABF39DDEE4F3B42221
   A B C D E F G H J K L M N
13 . . . . . . . . . . . . .
12 . . . . . . . . . . . . .
11 . . . . . . . . . . . . .
10 . . O2. @ . . . . X . . .
 9 . . . . . . . . . . . . .
 8 . . . . . . . . . . . . .
 7 . . . . . . . . . . . . .
 6 . . . . . . . . . . . . .
 5 . . . . . . . . . . . . .
 4 . . . O . . . . . X1. . .
 3 . . . . . X3. . . . . . .
 2 . . . . . . . . . . . . .
 1 . . . . . . . . . . . . .

koPOSITIONALscoreAREAtaxNONEsui1komi7.5
Time taken: 0.532
Root visits: 3071
New playouts: 415
NN rows: 399
NN batches: 39
NN avg batch size: 10.2308
PV: E10 G11 D6 L4 M10 L11 L8 M6 H10 H11 J10 J11 K9 J8 M11
Tree:
: T  43.77c W  43.73c S   0.67c ( +1.5 L  +1.0) N    3071  --  E10 G11 D6 L4 M10 L11 L8
---White(^)---
E10 : T  44.48c W  44.82c S   0.69c ( +1.5 L  +0.9) LCB   42.86c P 23.03% WF 1483.9 PSV    3906 N     859  --  E10 G11 D6 L4 M10 L11 L8 M6
E11 : T  43.39c W  43.15c S   0.67c ( +1.4 L  +1.0) LCB   41.18c P 34.14% WF 1662.3 PSV    1672 N    1039  --  E11 C9 D10 C4 C3 C5 D2 C7
F11 : T  43.62c W  42.84c S   0.68c ( +1.5 L  +1.0) LCB   41.79c P 19.00% WF 865.8 PSV     868 N     509  --  F11 C6 B5 E5 D5 D6 E6 D10
F10 : T  44.16c W  44.19c S   0.79c ( +1.5 L  +1.0) LCB   40.95c P  3.47% WF 393.6 PSV     393 N     222  --  F10 C6 C5 D6 F4 G4 F5 E3
L3  : T  43.69c W  44.31c S   0.63c ( +1.4 L  +0.9) LCB   40.00c P  5.75% WF 297.3 PSV     298 N     168  --  L3 L4 K3 J3 J2 H3 H2 M4
D6  : T  43.61c W  44.12c S   0.58c ( +1.4 L  +0.9) LCB   37.76c P  1.85% WF 128.0 PSV     111 N      77  --  D6 D10 D11 E11 E10 D9 F11 E12
H11 : T  42.09c W  42.42c S   0.60c ( +1.4 L  +0.9) LCB   38.56c P  4.55% WF 110.7 PSV     106 N      53  --  H11 E10 D8 C11 B11 D11 F9 C9
F4  : T  43.69c W  43.74c S   0.66c ( +1.4 L  +0.9) LCB   39.81c P  1.15% WF  97.3 PSV      75 N      46  --  F4 D10 D11 G4 F5 E3 D3 D2
L11 : T  43.34c W  44.06c S   0.68c ( +1.5 L  +1.0) LCB   38.29c P  1.50% WF  76.5 PSV      71 N      37  --  L11 L10 K11 J10 J11 H11 H12 C6
C6  : T  43.66c W  44.40c S   0.60c ( +1.4 L  +0.9) LCB   37.57c P  0.95% WF  47.5 PSV      48 N      32  --  C6 D10 D11 E11 E10 D9 F11 E12

2024-05-21 18:08:38+0800: = E10
2024-05-21 18:09:06+0800: Controller: kata-list_time_settings
2024-05-21 18:09:06+0800: = none absolute byoyomi canadian fischer fischer-capped
2024-05-21 18:09:06+0800: Controller: play black g10
2024-05-21 18:09:06+0800: = 
2024-05-21 18:09:06+0800: Controller: genmove white
2024-05-21 18:09:06+0800: MoveNum: 7 HASH: FD5185561FFA1F571D66BA51140AB2EC
   A B C D E F G H J K L M N
13 . . . . . . . . . . . . .
12 . . . . . . . . . . . . .
11 . . . . . . . . . . . . .
10 . . O . O2. X3. . X . . .
 9 . . . . . . . . . . . . .
 8 . . . . . . . . . . . . .
 7 . . . . . . . . . . . . .
 6 . . . . . . . . . . . . .
 5 . . . . . . . . . . . . .
 4 . . . O . . . . . X @ . .
 3 . . . . . X1. . . . . . .
 2 . . . . . . . . . . . . .
 1 . . . . . . . . . . . . .

koPOSITIONALscoreAREAtaxNONEsui1komi7.5
Time taken: 0.515
Root visits: 408
New playouts: 404
NN rows: 405
NN batches: 36
NN avg batch size: 11.25
PV: L4 L3 L5 K3 M9 L9 M10 L7 L8 K8 M8
Tree:
: T  57.44c W  56.65c S   0.90c ( +2.0 L  +1.3) N     408  --  L4 L3 L5 K3 M9 L9 M10
---White(^)---
L4  : T  62.20c W  60.01c S   1.18c ( +2.2 L  +1.4) LCB   58.04c P  6.75% WF 139.3 PSV     418 N      69  --  L4 L3 L5 K3 M9 L9 M10 L7
D6  : T  59.21c W  58.49c S   0.99c ( +2.1 L  +1.3) LCB   55.63c P 36.27% WF 194.5 PSV     192 N     104  --  D6 L4 L11 L10 K11 J10 H12 E5
F4  : T  58.21c W  57.02c S   0.97c ( +2.1 L  +1.3) LCB   54.21c P 17.27% WF 108.2 PSV      65 N      60  --  F4 E4 E3 E5 G3 F2 D3 G2
H3  : T  57.22c W  56.52c S   0.95c ( +2.1 L  +1.3) LCB   51.58c P 15.21% WF  90.5 PSV      44 N      47  --  H3 C3 C4 D3 E4 F4 L3 L4
L3  : T  50.74c W  51.99c S   0.49c ( +1.8 L  +1.1) LCB   43.73c P 17.32% WF  51.1 PSV      20 N      29  --  L3 L4 K3 J3 J2 H3 H2 M4
L10 : T  58.54c W  57.25c S   0.85c ( +2.0 L  +1.2) LCB   54.17c P  1.53% WF  66.4 PSV       6 N      32  --  L10 L11 L9 M11 M4 L7 M6 C6
C5  : T  51.65c W  51.48c S   0.53c ( +1.8 L  +1.1) LCB   45.24c P  0.38% WF  17.9 PSV       0 N      13  --  C5 E5 E4 F4 F5
L11 : T  50.00c W  52.49c S   0.58c ( +1.8 L  +1.2) LCB   41.64c P  0.58% WF  15.4 PSV       0 N      11  --  L11 L10 K11 H11 L3 L4 K3 J3
F6  : T  49.02c W  49.75c S   0.37c ( +1.7 L  +1.0) LCB   38.06c P  0.25% WF  12.8 PSV       0 N      11  --  F6 C3 C4 D3 E4 B3 L4
C6  : T  49.12c W  48.54c S   0.33c ( +1.6 L  +1.0) LCB   33.95c P  0.76% WF  11.2 PSV       0 N       7  --  C6 L4 M10 L10

2024-05-21 18:09:06+0800: = L4
2024-05-21 18:09:10+0800: Controller: kata-list_time_settings
2024-05-21 18:09:10+0800: = none absolute byoyomi canadian fischer fischer-capped
2024-05-21 18:09:10+0800: Controller: play black l5
2024-05-21 18:09:10+0800: = 
2024-05-21 18:09:10+0800: Controller: genmove white
2024-05-21 18:09:11+0800: MoveNum: 9 HASH: BD48FD013308B0F3EF6F83B4FBA764C9
   A B C D E F G H J K L M N
13 . . . . . . . . . . . . .
12 . . . . . . . . . . . . .
11 . . . . . . . . . . . . .
10 . . O . O . X1. . X . . .
 9 . . . . . . . . . . . . .
 8 . . . . . . . . . . . . .
 7 . . . . . . . . . . . . .
 6 . . . . . . . . . . . . .
 5 . . . . . . . . . . X3. .
 4 . . . O . . . . . X O2. .
 3 . . . . . X . . . . @ . .
 2 . . . . . . . . . . . . .
 1 . . . . . . . . . . . . .

koPOSITIONALscoreAREAtaxNONEsui1komi7.5
Time taken: 0.516
Root visits: 484
New playouts: 451
NN rows: 405
NN batches: 39
NN avg batch size: 10.3846
PV: L3 M5 K3 J4 H2 G4 D6 F8 L11 L10 K11 H11 F9 G9 E8 M10 F7 G8 J12 H12 M11
Tree:
: T  64.79c W  63.66c S   0.99c ( +2.4 L  +1.7) N     484  --  L3 M5 K3 J4 H2 G4 D6
---White(^)---
L3  : T  66.25c W  65.06c S   1.11c ( +2.5 L  +1.7) LCB   64.09c P 78.86% WF 688.1 PSV     683 N     400  --  L3 M5 K3 J4 H2 G4 D6 F8
L11 : T  59.76c W  58.33c S   0.52c ( +2.1 L  +1.4) LCB   54.50c P 17.14% WF  71.5 PSV      32 N      42  --  L11 L10 L3 M5 K3 J4 H2 C9
K3  : T  49.77c W  51.73c S   0.14c ( +1.9 L  +1.2) LCB   18.38c P  1.43% WF   8.6 PSV       1 N       5  --  K3 L3 M4 J3
M5  : T  49.95c W  49.96c S  -0.00c ( +1.8 L  +0.9) LCB -300.05c P  1.13% WF   2.0 PSV       0 N       1  --  M5
L10 : T  43.87c W  44.58c S  -0.71c ( +1.3 L  +0.6) LCB -306.13c P  0.54% WF   1.7 PSV       0 N       1  --  L10
K11 : T  41.53c W  42.32c S  -0.79c ( +1.2 L  +0.7) LCB -308.47c P  0.18% WF   1.6 PSV       0 N       1  --  K11
K5  : T  29.40c W  30.86c S  -1.45c ( +0.8 L  +0.5) LCB -320.60c P  0.09% WF   1.2 PSV       0 N       1  --  K5
F4  : T  44.66c W  45.23c S  -0.57c ( +1.4 L  +0.8) LCB -305.34c P  0.08% WF   1.4 PSV       0 N       1  --  F4
E3  : T  42.43c W  43.13c S  -0.70c ( +1.3 L  +0.6) LCB -307.57c P  0.06% WF   1.1 PSV       0 N       1  --  E3
J11 : T  25.17c W  27.01c S  -1.84c ( +0.6 L  +0.3) LCB -324.83c P  0.06% WF   0.8 PSV       0 N       1  --  J11

2024-05-21 18:09:11+0800: = L3
2024-05-21 18:09:14+0800: Controller: kata-list_time_settings
2024-05-21 18:09:14+0800: = none absolute byoyomi canadian fischer fischer-capped
2024-05-21 18:09:14+0800: Controller: play black j5
2024-05-21 18:09:14+0800: = 
2024-05-21 18:09:14+0800: Controller: genmove white
2024-05-21 18:09:14+0800: MoveNum: 11 HASH: D03536FE3E3E5C92961959A1AAE3CE9E
   A B C D E F G H J K L M N
13 . . . . . . . . . . . . .
12 . . . . . . . . . . . . .
11 . . . . . . . . . . . . .
10 . . O . O . X . . X . . .
 9 . . . . . . . . . . . . .
 8 . . . . . . . . . . . . .
 7 . . . . . . . . . . . . .
 6 . . . . . . . . . . . . .
 5 . . . . . . . . X3. X1@ .
 4 . . . O . . . . . X O . .
 3 . . . . . X . . . . O2. .
 2 . . . . . . . . . . . . .
 1 . . . . . . . . . . . . .

koPOSITIONALscoreAREAtaxNONEsui1komi7.5
Time taken: 0.515
Root visits: 409
New playouts: 409
NN rows: 391
NN batches: 41
NN avg batch size: 9.53659
PV: M5 C9 D9 C8 B10 D11 E11 D8 D10 C3
Tree:
: T 103.76c W  98.24c S   5.45c ( +9.7 L  +8.9) N     409  --  M5 C9 D9 C8 B10 D11 E11
---White(^)---
M5  : T 104.57c W  98.83c S   5.67c ( +9.8 L  +9.1) LCB  103.94c P 99.27% WF 905.7 PSV     904 N     314  --  M5 C9 D9 C8 B10 D11 E11 D8
L10 : T  90.55c W  90.27c S  -0.19c ( +6.1 L  +4.9) LCB   70.72c P  0.04% WF   5.5 PSV       0 N       7  --  L10 M5 L11 K11 K9
L11 : T  87.72c W  88.57c S  -1.07c ( +5.5 L  +4.1) LCB   65.07c P  0.06% WF   3.5 PSV       0 N       5  --  L11 M5 K11 L10
K3  : T  79.11c W  83.96c S  -2.14c ( +4.7 L  +3.4) LCB   31.50c P  0.11% WF   2.7 PSV       0 N       4  --  K3 M5 H3
K11 : T  82.00c W  84.99c S  -2.04c ( +4.8 L  +3.5) LCB    5.35c P  0.09% WF   2.2 PSV       0 N       3  --  K11 M5 L11 L10
J10 : T  69.58c W  73.33c S  -3.75c ( +3.7 L  +2.4) LCB -280.42c P  0.02% WF   0.5 PSV       0 N       1  --  J10
J11 : T  60.95c W  65.74c S  -4.79c ( +3.0 L  +1.9) LCB -289.05c P  0.02% WF   0.4 PSV       0 N       1  --  J11
H2  : T  76.64c W  80.00c S  -3.35c ( +3.9 L  +2.5) LCB -273.36c P  0.02% WF   0.5 PSV       0 N       1  --  H2
J2  : T  52.03c W  58.05c S  -6.01c ( +2.1 L  +1.1) LCB -297.97c P  0.02% WF   0.3 PSV       0 N       1  --  J2
H10 : T  38.83c W  45.61c S  -6.77c ( +1.7 L  +0.8) LCB -311.17c P  0.01% WF   0.2 PSV       0 N       1  --  H10

2024-05-21 18:09:14+0800: = M5
2024-05-21 18:09:18+0800: Controller: kata-list_time_settings
2024-05-21 18:09:18+0800: = none absolute byoyomi canadian fischer fischer-capped
2024-05-21 18:09:18+0800: Controller: play black f8
2024-05-21 18:09:18+0800: = 
2024-05-21 18:09:18+0800: Controller: genmove white
2024-05-21 18:09:18+0800: MoveNum: 13 HASH: 5227CE09AC153B69E10FDE5C2DFDC618
   A B C D E F G H J K L M N
13 . . . . . . . . . . . . .
12 . . . . . . . . . . . . .
11 . . . . . . . . . . . . .
10 . . O . O . X . . X . . .
 9 . . . . . . . . . . . . .
 8 . . . . . X3. . . . . . .
 7 . . . . . . . . . . . . .
 6 . . . . . . . . . . @ . .
 5 . . . . . . . . X1. X O2.
 4 . . . O . . . . . X O . .
 3 . . . . . X . . . . O . .
 2 . . . . . . . . . . . . .
 1 . . . . . . . . . . . . .

koPOSITIONALscoreAREAtaxNONEsui1komi7.5
Time taken: 0.515
Root visits: 407
New playouts: 407
NN rows: 399
NN batches: 37
NN avg batch size: 10.7838
PV: L6 C9 D9 C8 E7 B10 C11 C6 C5 D6
Tree:
: T 103.66c W  99.20c S   4.49c (+10.8 L +10.2) N     407  --  L6 C9 D9 C8 E7 B10 C11
---White(^)---
L6  : T 105.00c W  99.32c S   5.70c (+11.6 L +11.1) LCB  104.29c P 66.16% WF 373.7 PSV     369 N     101  --  L6 C9 D9 C8 E7 B10 C11 C6
E3  : T 103.28c W  99.17c S   4.19c (+10.6 L +10.0) LCB  101.67c P  2.89% WF  92.7 PSV       9 N      31  --  E3 L6 M6 M7 L7 M8 K7 N6
C6  : T 103.63c W  99.24c S   4.43c (+10.8 L +10.0) LCB  102.24c P  2.74% WF  91.6 PSV       9 N      30  --  C6 L6 M6 M7 L7 M8 K7 K3
F4  : T 103.39c W  99.22c S   4.17c (+10.6 L  +9.9) LCB  102.05c P  1.27% WF  78.0 PSV       4 N      26  --  F4 L6 M6 M7 L7 M8 K7 J7
D6  : T 103.76c W  99.25c S   4.49c (+10.8 L +10.1) LCB  102.25c P  1.19% WF  80.9 PSV       4 N      26  --  D6 L6 M6 M7 L7 M8 J2
C7  : T 103.07c W  99.19c S   3.88c (+10.4 L  +9.6) LCB  101.21c P  1.49% WF  71.8 PSV       4 N      25  --  C7 L6 M6 M7 L7 M8 K7
D7  : T 103.29c W  99.23c S   4.07c (+10.5 L  +9.8) LCB  101.76c P  1.09% WF  79.4 PSV       3 N      27  --  D7 L6 M6 M7 L7 M8 K7
G11 : T 102.86c W  99.20c S   3.79c (+10.3 L  +9.7) LCB  101.20c P  1.09% WF  69.1 PSV       3 N      23  --  G11 H11 F11 D9 H12
C5  : T 102.83c W  99.03c S   3.80c (+10.4 L  +9.7) LCB  100.91c P  0.90% WF  70.4 PSV       2 N      24  --  C5 L6 M6 M7 L7 M8 K7 K3
K11 : T 102.93c W  99.01c S   3.93c (+10.5 L  +9.9) LCB  100.94c P  1.00% WF  60.8 PSV       2 N      20  --  K11 C9 D9 C8 E7 B10 C11

2024-05-21 18:09:18+0800: = L6
2024-05-21 18:09:22+0800: Controller: kata-list_time_settings
2024-05-21 18:09:22+0800: = none absolute byoyomi canadian fischer fischer-capped
2024-05-21 18:09:22+0800: Controller: play black k5
2024-05-21 18:09:22+0800: = 
2024-05-21 18:09:22+0800: Controller: genmove white
2024-05-21 18:09:23+0800: MoveNum: 15 HASH: 99E135EE7D52235820F5C0CAB6B1A3E3
   A B C D E F G H J K L M N
13 . . . . . . . . . . . . .
12 . . . . . . . . . . . . .
11 . . . . . . . . . . . . .
10 . . O . O . X . . X . . .
 9 . . . . . . . . . . . . .
 8 . . . . . X1. . . . . . .
 7 . . . . . . . . . . . @ .
 6 . . . . . . . . . . O2. .
 5 . . . . . . . . X X3X O .
 4 . . . O . . . . . X O . .
 3 . . . . . X . . . . O . .
 2 . . . . . . . . . . . . .
 1 . . . . . . . . . . . . .

koPOSITIONALscoreAREAtaxNONEsui1komi7.5
Time taken: 0.515
Root visits: 397
New playouts: 393
NN rows: 396
NN batches: 38
NN avg batch size: 10.4211
PV: M7 C9 D9 C8 E7 B10 C11 C6 C5
Tree:
: T 104.30c W  99.15c S   5.22c (+12.8 L +12.2) N     397  --  M7 C9 D9 C8 E7 B10 C11
---White(^)---
M7  : T 106.03c W  99.46c S   6.56c (+13.6 L +13.0) LCB  105.34c P 35.23% WF 365.7 PSV     387 N      91  --  M7 C9 D9 C8 E7 B10 C11 C6
K3  : T 104.76c W  99.48c S   5.40c (+12.9 L +12.3) LCB  103.85c P 18.86% WF 195.8 PSV      98 N      51  --  K3 C9 D9 C8 E7 B10 C11 C6
E3  : T 103.33c W  98.94c S   4.48c (+12.4 L +11.8) LCB  101.04c P 16.38% WF  92.7 PSV      55 N      31  --  E3 M4 M6 M3 L2 M2 J3 H2
C6  : T 102.00c W  98.57c S   3.61c (+11.8 L +11.1) LCB   98.17c P  4.35% WF  60.5 PSV      10 N      23  --  C6 M4 M6 M3 L2 M2 J3 H2
J2  : T 104.66c W  99.33c S   5.34c (+12.9 L +12.4) LCB  103.23c P  1.91% WF  95.1 PSV       9 N      26  --  J2 C9 D9 C8 E7
F4  : T 104.26c W  99.09c S   5.20c (+12.8 L +12.2) LCB  102.22c P  1.82% WF  81.1 PSV       7 N      27  --  F4 M4 M6 M3 K3 M2
E2  : T 104.13c W  98.99c S   5.24c (+12.9 L +12.3) LCB  102.61c P  0.90% WF  80.7 PSV       3 N      27  --  E2 M4 M7 M3 L2 M2 J3
D7  : T 103.32c W  98.86c S   4.50c (+12.4 L +11.7) LCB  100.26c P  0.92% WF  58.0 PSV       3 N      22  --  D7 M4 M6 M3 L2 M2 J3 H2
D6  : T 102.42c W  98.46c S   4.26c (+12.2 L +11.6) LCB   97.16c P  1.20% WF  37.4 PSV       3 N      15  --  D6 M4 M6 M3 L2 M2 J3
C7  : T 102.17c W  98.86c S   3.59c (+11.8 L +11.1) LCB   97.00c P  1.08% WF  36.7 PSV       2 N      14  --  C7 M4 M6 M3 L2 M2

2024-05-21 18:09:23+0800: = M7
2024-05-21 18:09:27+0800: Controller: kata-list_time_settings
2024-05-21 18:09:27+0800: = none absolute byoyomi canadian fischer fischer-capped
2024-05-21 18:09:27+0800: Controller: play black k7
2024-05-21 18:09:27+0800: = 
2024-05-21 18:09:27+0800: Controller: genmove white
2024-05-21 18:09:28+0800: MoveNum: 17 HASH: 92439B486913460D4A3FD0DABCF2AE28
   A B C D E F G H J K L M N
13 . . . . . . . . . . . . .
12 . . . . . . . . . . . . .
11 . . . . . . . . . . . . .
10 . . O . O . X . . X . . .
 9 . . . . . . . . . . . . .
 8 . . . . . X . . . . . . .
 7 . . . . . . . . . X3. O2.
 6 . . @ . . . . . . . O . .
 5 . . . . . . . . X X1X O .
 4 . . . O . . . . . X O . .
 3 . . . . . X . . . . O . .
 2 . . . . . . . . . . . . .
 1 . . . . . . . . . . . . .

koPOSITIONALscoreAREAtaxNONEsui1komi7.5
Time taken: 0.328
Root visits: 245
New playouts: 245
NN rows: 244
NN batches: 26
NN avg batch size: 9.38462
PV: C6 C3 D3 D2 C4 B2 B3
Tree:
: T 107.26c W  99.67c S   7.57c (+15.5 L +14.9) N     245  --  C6 C3 D3 D2 C4 B2 B3
---White(^)---
C6  : T 108.08c W  99.73c S   8.30c (+15.9 L +15.3) LCB  106.79c P 20.21% WF 111.5 PSV     181 N      25  --  C6 C3 D3 D2 C4 B2 B3
E3  : T 108.01c W  99.66c S   8.41c (+16.1 L +15.5) LCB  106.61c P 42.35% WF 150.0 PSV     149 N      35  --  E3 C9 D9 C8 B10 D8 C5
G11 : T 107.07c W  99.64c S   7.44c (+15.5 L +14.9) LCB  104.75c P  4.42% WF  72.9 PSV      12 N      18  --  G11 C9 D9 C8 C6
C7  : T 107.20c W  99.76c S   7.36c (+15.3 L +14.6) LCB  104.26c P  3.87% WF  68.3 PSV      10 N      16  --  C7 C3 C4 D3 E4 B4
D7  : T 107.63c W  99.69c S   7.94c (+15.7 L +15.1) LCB  105.16c P  2.34% WF  75.7 PSV       7 N      18  --  D7 C3 C4 D3 E4
D6  : T 107.59c W  99.67c S   7.91c (+15.7 L +15.2) LCB  104.69c P  2.38% WF  67.8 PSV       7 N      16  --  D6 D8 C8 C7
F4  : T 106.19c W  99.68c S   6.50c (+14.8 L +14.2) LCB  102.67c P  2.95% WF  59.0 PSV       6 N      15  --  F4 C3 C4 D3 D8
C5  : T 107.36c W  99.65c S   7.62c (+15.5 L +15.0) LCB  104.16c P  2.27% WF  64.4 PSV       6 N      15  --  C5 D2 D8 F11
F11 : T 107.21c W  99.65c S   7.45c (+15.4 L +14.8) LCB  103.94c P  0.95% WF  61.5 PSV       2 N      15  --  F11 C9 D9 C8 B10
D8  : T 107.62c W  99.70c S   7.95c (+15.7 L +15.1) LCB  104.42c P  0.84% WF  64.5 PSV       2 N      15  --  D8 C6 D6 C7

2024-05-21 18:09:28+0800: = C6
2024-05-21 18:09:38+0800: Controller: kata-list_time_settings
2024-05-21 18:09:38+0800: = none absolute byoyomi canadian fischer fischer-capped
2024-05-21 18:09:38+0800: Controller: play black c3
2024-05-21 18:09:38+0800: = 
2024-05-21 18:09:38+0800: Controller: genmove white
2024-05-21 18:09:38+0800: MoveNum: 19 HASH: 3E2CBC601B1626B456A9D2395F3976EE
   A B C D E F G H J K L M N
13 . . . . . . . . . . . . .
12 . . . . . . . . . . . . .
11 . . . . . . . . . . . . .
10 . . O . O . X . . X . . .
 9 . . . . . . . . . . . . .
 8 . . . . . X . . . . . . .
 7 . . . . . . . . . X1. O .
 6 . . O2. . . . . . . O . .
 5 . . . . . . . . X X X O .
 4 . . . O . . . . . X O . .
 3 . . X3@ . X . . . . O . .
 2 . . . . . . . . . . . . .
 1 . . . . . . . . . . . . .

koPOSITIONALscoreAREAtaxNONEsui1komi7.5
Time taken: 0.328
Root visits: 1989
New playouts: 256
NN rows: 80
NN batches: 10
NN avg batch size: 8
PV: D3 D9 C2 D10 D11 C11 C12 B11 B12 B10 F11 G11 E9 B8
Tree:
: T 107.15c W  99.62c S   7.55c (+15.3 L +15.0) N    1989  --  D3 D9 C2 D10 D11 C11 C12
---White(^)---
D3  : T 107.36c W  99.62c S   7.76c (+15.5 L +15.1) LCB  107.09c P 67.29% WF 6900.0 PSV    6889 N    1807  --  D3 D9 C2 D10 D11 C11 C12 B11
G11 : T 105.26c W  99.64c S   5.72c (+14.2 L +13.7) LCB  104.42c P  9.01% WF 172.6 PSV     148 N      47  --  G11 C4 C5 D5 E4 E5
E2  : T 105.67c W  99.56c S   6.08c (+14.5 L +14.1) LCB  104.30c P  2.24% WF 190.8 PSV      44 N      54  --  E2 C4 D5 B6 B7 B5 C8
F11 : T 105.38c W  99.71c S   5.77c (+14.2 L +13.6) LCB   99.39c P  1.45% WF  41.9 PSV      25 N      11  --  F11 C4 C5 D5 D7
C4  : T 104.67c W  99.61c S   5.17c (+13.8 L +13.4) LCB  101.67c P  1.80% WF  62.8 PSV      23 N      16  --  C4 D3 E4 D8 E3
K11 : T 104.87c W  99.65c S   5.39c (+14.0 L +13.3) LCB   76.87c P  1.09% WF  19.3 PSV      15 N       5  --  K11 C4 C5
J11 : T 105.08c W  99.65c S   5.58c (+14.2 L +13.6) LCB   77.21c P  0.95% WF  19.4 PSV      14 N       5  --  J11 C4 C5
E8  : T 104.04c W  99.67c S   4.50c (+13.4 L +12.9) LCB   29.95c P  0.82% WF  12.3 PSV       9 N       3  --  E8 D3
L11 : T 105.02c W  99.58c S   5.64c (+14.1 L +13.4) LCB   31.04c P  0.63% WF  12.1 PSV       9 N       3  --  L11 C4
L10 : T 104.18c W  99.60c S   4.67c (+13.5 L +12.8) LCB   30.22c P  0.73% WF  11.8 PSV       8 N       3  --  L10 C4

2024-05-21 18:09:38+0800: = D3
2024-05-21 18:09:41+0800: Controller: kata-list_time_settings
2024-05-21 18:09:41+0800: = none absolute byoyomi canadian fischer fischer-capped
2024-05-21 18:09:41+0800: Controller: play black b3
2024-05-21 18:09:41+0800: = 
2024-05-21 18:09:41+0800: Controller: genmove white
2024-05-21 18:09:42+0800: MoveNum: 21 HASH: 660019CDD99A6600C4C2B9C8D9722FD3
   A B C D E F G H J K L M N
13 . . . . . . . . . . . . .
12 . . . . . . . . . . . . .
11 . . . . . . . . . . . . .
10 . . O . O . X . . X . . .
 9 . . . . . . . . . . . . .
 8 . . . . . X . . . . . . .
 7 . . . . . . . . . X . O .
 6 . . O . . . . . . . O . .
 5 . @ . . . . . . X X X O .
 4 . . . O . . . . . X O . .
 3 . X3X1O2. X . . . . O . .
 2 . . . . . . . . . . . . .
 1 . . . . . . . . . . . . .

koPOSITIONALscoreAREAtaxNONEsui1komi7.5
Time taken: 0.344
Root visits: 36
New playouts: 36
NN rows: 36
NN batches: 6
NN avg batch size: 6
PV: D2 B5
Tree:
: T 107.25c W  99.80c S   7.46c (+20.1 L +19.5) N      36  --  D2 B5
---White(^)---
D2  : T 110.41c W  99.74c S  10.78c (+22.4 L +22.0) LCB   36.21c P 26.91% WF  13.7 PSV      14 N       3  --  D2 B5
C2  : T 111.07c W  99.79c S  11.22c (+22.7 L +22.2) LCB   36.01c P 35.68% WF  14.2 PSV      14 N       3  --  C2 D9
B5  : T 108.89c W  99.78c S   9.03c (+21.0 L +20.5) LCB   34.81c P 25.28% WF  13.6 PSV       8 N       3  --  B5 D2
C4  : T 107.02c W  99.86c S   7.31c (+19.9 L +19.3) LCB  -42.03c P  2.22% WF   7.8 PSV       0 N       2  --  C4 D2
E2  : T 107.66c W  99.83c S   8.30c (+20.7 L +20.3) LCB  -41.28c P  1.41% WF   7.6 PSV       0 N       2  --  E2 B5
G11 : T 105.81c W  99.79c S   5.94c (+19.1 L +18.5) LCB  -43.93c P  0.30% WF   7.0 PSV       0 N       2  --  G11 B5
F11 : T 105.33c W  99.78c S   5.63c (+18.9 L +18.2) LCB  -44.67c P  0.27% WF   6.7 PSV       0 N       2  --  F11 B5
E7  : T 105.44c W  99.86c S   5.69c (+18.8 L +18.3) LCB  -43.84c P  0.24% WF   7.4 PSV       0 N       2  --  E7 D2
K11 : T 105.80c W  99.79c S   5.87c (+19.1 L +18.4) LCB  -44.34c P  0.22% WF   7.4 PSV       0 N       2  --  K11 B5
F4  : T 106.73c W  99.87c S   6.95c (+19.7 L +19.1) LCB  -42.68c P  0.21% WF   8.4 PSV       0 N       2  --  F4 B5

2024-05-21 18:09:42+0800: = B5
2024-05-21 18:09:46+0800: Controller: kata-list_time_settings
2024-05-21 18:09:46+0800: = none absolute byoyomi canadian fischer fischer-capped
2024-05-21 18:09:46+0800: Controller: play black b2
2024-05-21 18:09:46+0800: = 
2024-05-21 18:09:46+0800: Controller: genmove white
2024-05-21 18:09:47+0800: MoveNum: 23 HASH: 99FE54DEFC4896FB715B183580DDCBE8
   A B C D E F G H J K L M N
13 . . . . . . . . . . . . .
12 . . . . . . . . . . . . .
11 . . . . . . . . . . . . .
10 . . O . O . X . . X . . .
 9 . . . . . . . . . . . . .
 8 . . . . . X . . . . . . .
 7 . . . . . . . . . X . O .
 6 . . O . . . . . . . O . .
 5 . O2. . . . . . X X X O .
 4 . . . O . . . . . X O . .
 3 . X1X O . X . . . . O . .
 2 . X3. @ . . . . . . . . .
 1 . . . . . . . . . . . . .

koPOSITIONALscoreAREAtaxNONEsui1komi7.5
Time taken: 0.39
Root visits: 45
New playouts: 45
NN rows: 45
NN batches: 6
NN avg batch size: 7.5
PV: D2 D5 F4
Tree:
: T 106.05c W  99.89c S   6.01c (+24.7 L +24.2) N      45  --  D2 D5 F4
---White(^)---
D2  : T 114.58c W  99.97c S  14.56c (+30.7 L +30.1) LCB   95.07c P 95.43% WF  35.0 PSV      34 N       6  --  D2 D5 F4
E2  : T 105.94c W  99.89c S   5.99c (+24.6 L +24.3) LCB   32.10c P  0.45% WF   7.8 PSV       0 N       3  --  E2 D5
D1  : T 106.00c W  99.83c S   5.90c (+24.6 L +24.3) LCB   32.13c P  0.22% WF   8.5 PSV       0 N       3  --  D1 D2
E3  : T 104.27c W  99.85c S   4.23c (+23.5 L +22.9) LCB   30.17c P  0.19% WF   8.4 PSV       0 N       3  --  E3 D2
G11 : T 102.61c W  99.89c S   2.62c (+22.4 L +21.8) LCB   28.26c P  0.13% WF   7.4 PSV       0 N       3  --  G11 D2
H10 : T 102.60c W  99.84c S   2.35c (+22.2 L +21.6) LCB   28.43c P  0.11% WF   8.0 PSV       0 N       3  --  H10 D2
G9  : T 101.59c W  99.85c S   1.52c (+21.7 L +21.0) LCB   27.31c P  0.10% WF   8.1 PSV       0 N       3  --  G9 D5
F2  : T 106.50c W  99.83c S   6.17c (+24.8 L +24.5) LCB   31.31c P  0.10% WF  11.5 PSV       0 N       3  --  F2 D2
K11 : T 102.22c W  99.88c S   2.06c (+22.0 L +21.3) LCB   28.05c P  0.10% WF   9.0 PSV       0 N       3  --  K11 D2
H11 : T 102.02c W  99.86c S   1.98c (+22.0 L +21.4) LCB   27.93c P  0.10% WF   8.7 PSV       0 N       3  --  H11 D2

2024-05-21 18:09:47+0800: = D2
2024-05-21 18:09:51+0800: Controller: kata-list_time_settings
2024-05-21 18:09:51+0800: = none absolute byoyomi canadian fischer fischer-capped
2024-05-21 18:09:51+0800: Controller: play black c1
2024-05-21 18:09:51+0800: = 
2024-05-21 18:09:51+0800: Controller: genmove white
2024-05-21 18:09:51+0800: MoveNum: 25 HASH: 6ACC0608DB191CC3BC3ACE5F211ADD2A
   A B C D E F G H J K L M N
13 . . . . . . . . . . . . .
12 . . . . . . . . . . . . .
11 . . . . . . @ . . . . . .
10 . . O . O . X . . X . . .
 9 . . . . . . . . . . . . .
 8 . . . . . X . . . . . . .
 7 . . . . . . . . . X . O .
 6 . . O . . . . . . . O . .
 5 . O . . . . . . X X X O .
 4 . . . O . . . . . X O . .
 3 . X X O . X . . . . O . .
 2 . X1. O2. . . . . . . . .
 1 . . X3. . . . . . . . . .

koPOSITIONALscoreAREAtaxNONEsui1komi7.5
Time taken: 0.328
Root visits: 52
New playouts: 52
NN rows: 52
NN batches: 7
NN avg batch size: 7.42857
PV: G11 H11
Tree:
: T 114.99c W  99.99c S  15.04c (+36.5 L +35.9) N      52  --  G11 H11
---White(^)---
G11 : T 115.89c W  99.99c S  15.90c (+37.3 L +36.7) LCB   88.15c P 23.11% WF  30.5 PSV      39 N       5  --  G11 H11
J2  : T 115.04c W  99.99c S  15.14c (+36.6 L +36.1) LCB   72.24c P 23.63% WF  23.3 PSV      24 N       4  --  J2 D5
F4  : T 115.01c W  99.99c S  15.17c (+36.7 L +36.1) LCB   72.17c P  9.28% WF  24.0 PSV      10 N       4  --  F4 G2
E6  : T 115.49c W 100.00c S  15.53c (+36.7 L +36.1) LCB   41.50c P  8.75% WF  18.2 PSV      10 N       3  --  E6 F2
E7  : T 115.10c W  99.99c S  15.09c (+36.4 L +35.8) LCB   41.11c P  3.61% WF  17.6 PSV       4 N       3  --  E7 D9
F5  : T 115.38c W  99.99c S  15.44c (+36.9 L +36.2) LCB   41.42c P  3.39% WF  18.2 PSV       4 N       3  --  F5 K3
F11 : T 114.84c W  99.99c S  15.11c (+36.3 L +35.7) LCB   40.88c P  2.94% WF  17.4 PSV       3 N       3  --  F11 G11
D8  : T 115.52c W  99.99c S  15.59c (+36.4 L +35.9) LCB   41.56c P  2.71% WF  18.0 PSV       3 N       3  --  D8 F11
F9  : T 114.87c W  99.99c S  14.86c (+36.5 L +35.9) LCB   40.85c P  2.36% WF  17.3 PSV       2 N       3  --  F9 D5
J11 : T 114.80c W  99.99c S  14.69c (+36.4 L +35.8) LCB   40.32c P  1.96% WF  17.6 PSV       2 N       3  --  J11 G12

2024-05-21 18:09:51+0800: = G11
2024-05-21 18:09:54+0800: Controller: kata-list_time_settings
2024-05-21 18:09:54+0800: = none absolute byoyomi canadian fischer fischer-capped
2024-05-21 18:09:54+0800: Controller: play black a1
2024-05-21 18:09:54+0800: = 
2024-05-21 18:09:54+0800: Controller: genmove white
2024-05-21 18:09:54+0800: MoveNum: 27 HASH: 66FC8D837CE24EFDE0661A6564C53DB4
   A B C D E F G H J K L M N
13 . . . . . . . . . . . . .
12 . . . . . . . . . . . . .
11 . . . . . . O2. . . . . .
10 . . O . O . X @ . X . . .
 9 . . . . . . . . . . . . .
 8 . . . . . X . . . . . . .
 7 . . . . . . . . . X . O .
 6 . . O . . . . . . . O . .
 5 . O . . . . . . X X X O .
 4 . . . O . . . . . X O . .
 3 . X X O . X . . . . O . .
 2 . X . O . . . . . . . . .
 1 X3. X1. . . . . . . . . .

koPOSITIONALscoreAREAtaxNONEsui1komi7.5
Time taken: 0.297
Root visits: 42
New playouts: 42
NN rows: 42
NN batches: 6
NN avg batch size: 7
PV: H10 D5 E5
Tree:
: T 115.86c W 100.00c S  15.87c (+44.5 L +43.7) N      42  --  H10 D5 E5
---White(^)---
H10 : T 117.81c W 100.00c S  17.84c (+46.7 L +45.9) LCB   89.94c P 52.56% WF  32.0 PSV      32 N       5  --  H10 D5 E5
E5  : T 116.38c W 100.00c S  16.32c (+44.6 L +44.0) LCB   42.13c P 15.11% WF  18.5 PSV       8 N       3  --  E5 H11
H11 : T 117.13c W 100.00c S  17.40c (+46.0 L +45.1) LCB   43.25c P  7.28% WF  18.9 PSV       4 N       3  --  H11 D5
E6  : T 116.93c W 100.00c S  16.91c (+45.2 L +44.4) LCB   42.78c P  6.16% WF  18.6 PSV       3 N       3  --  E6 H11
F4  : T 115.21c W 100.00c S  15.19c (+43.9 L +43.2) LCB   40.78c P  3.09% WF  16.6 PSV       1 N       3  --  F4 H11
E7  : T 115.68c W 100.00c S  15.55c (+44.0 L +43.3) LCB   41.06c P  2.36% WF  17.0 PSV       1 N       3  --  E7 D9
J11 : T 116.30c W 100.00c S  16.35c (+45.0 L +44.3) LCB   42.06c P  1.39% WF  18.2 PSV       0 N       3  --  J11 D5
F11 : T 115.40c W 100.00c S  15.46c (+43.9 L +43.2) LCB   41.47c P  0.39% WF  16.7 PSV       0 N       3  --  F11 D5
F5  : T 114.98c W 100.00c S  14.99c (+43.6 L +42.9) LCB  -35.24c P  1.52% WF  10.8 PSV       0 N       2  --  F5 H11
J2  : T 113.81c W 100.00c S  13.80c (+42.6 L +41.9) LCB  -36.88c P  0.70% WF   9.6 PSV       0 N       2  --  J2 D5

2024-05-21 18:09:54+0800: = H10
2024-05-21 18:09:58+0800: Controller: kata-list_time_settings
2024-05-21 18:09:58+0800: = none absolute byoyomi canadian fischer fischer-capped
2024-05-21 18:09:58+0800: Controller: play black c2
2024-05-21 18:09:58+0800: = 
2024-05-21 18:09:58+0800: Controller: genmove white
2024-05-21 18:09:58+0800: MoveNum: 29 HASH: 27ADB2691EA9C5A83169A81FE3CFBD3F
   A B C D E F G H J K L M N
13 . . . . . . . . . . . . .
12 . . . . . . . . . . . . .
11 . . . . . . O . . . . . .
10 . . O . O . X O2. X . . .
 9 . . . . . . @ . . . . . .
 8 . . . . . X . . . . . . .
 7 . . . . . . . . . X . O .
 6 . . O . . . . . . . O . .
 5 . O . . . . . . X X X O .
 4 . . . O . . . . . X O . .
 3 . X X O . X . . . . O . .
 2 . X X3O . . . . . . . . .
 1 X1. X . . . . . . . . . .

koPOSITIONALscoreAREAtaxNONEsui1komi7.5
Time taken: 0.344
Root visits: 42
New playouts: 42
NN rows: 42
NN batches: 6
NN avg batch size: 7
PV: G9 D5
Tree:
: T 116.25c W 100.00c S  16.30c (+48.7 L +47.9) N      42  --  G9 D5
---White(^)---
G9  : T 118.54c W 100.00c S  18.59c (+50.9 L +49.9) LCB   75.75c P 52.86% WF  27.0 PSV      27 N       4  --  G9 D5
F5  : T 116.24c W 100.00c S  16.46c (+48.7 L +48.1) LCB   42.30c P  9.45% WF  17.6 PSV       4 N       3  --  F5 G9
F4  : T 116.14c W 100.00c S  16.34c (+48.6 L +47.9) LCB   42.17c P  6.50% WF  18.0 PSV       2 N       3  --  F4 G9
E6  : T 117.08c W 100.00c S  17.24c (+49.4 L +48.6) LCB   43.16c P  5.60% WF  19.1 PSV       2 N       3  --  E6 F10
H7  : T 116.73c W 100.00c S  16.50c (+48.9 L +48.3) LCB   42.07c P  3.27% WF  18.4 PSV       1 N       3  --  H7 F10
H8  : T 117.06c W 100.00c S  16.91c (+49.5 L +48.8) LCB   42.68c P  2.64% WF  19.2 PSV       1 N       3  --  H8 D9
E5  : T 116.87c W 100.00c S  16.99c (+49.2 L +48.3) LCB   42.83c P  2.04% WF  19.1 PSV       0 N       3  --  E5 G9
E7  : T 115.61c W 100.00c S  15.72c (+47.9 L +47.1) LCB   41.69c P  0.79% WF  17.6 PSV       0 N       3  --  E7 D9
J2  : T 115.25c W 100.00c S  15.10c (+47.5 L +46.5) LCB  -34.89c P  1.60% WF  10.8 PSV       0 N       2  --  J2 D5
A3  : T 112.18c W 100.00c S  12.68c (+45.2 L +44.4) LCB  -36.79c P  1.39% WF   8.9 PSV       0 N       2  --  A3 D5

2024-05-21 18:09:58+0800: = G9
2024-05-21 18:10:01+0800: Controller: kata-list_time_settings
2024-05-21 18:10:01+0800: = none absolute byoyomi canadian fischer fischer-capped
2024-05-21 18:10:01+0800: Controller: play black a3
2024-05-21 18:10:01+0800: = 
2024-05-21 18:10:01+0800: Controller: genmove white
2024-05-21 18:10:02+0800: MoveNum: 31 HASH: 340409580009FE5C936030736F306523
   A B C D E F G H J K L M N
13 . . . . . . . . . . . . .
12 . . . . . . . . . . . . .
11 . . . . . . O . . . . . .
10 . . O . O . X O . X . . .
 9 . . . . . . O2. . . . . .
 8 . . . . . X . . . . . . .
 7 . . . . . . . @ . X . O .
 6 . . O . . . . . . . O . .
 5 . O . . . . . . X X X O .
 4 . . . O . . . . . X O . .
 3 X3X X O . X . . . . O . .
 2 . X X1O . . . . . . . . .
 1 X . X . . . . . . . . . .

koPOSITIONALscoreAREAtaxNONEsui1komi7.5
Time taken: 0.266
Root visits: 45
New playouts: 45
NN rows: 45
NN batches: 6
NN avg batch size: 7.5
PV: H7 K6
Tree:
: T 116.69c W 100.00c S  16.66c (+56.4 L +55.3) N      45  --  H7 K6
---White(^)---
H7  : T 118.49c W 100.00c S  18.53c (+58.1 L +57.1) LCB   75.71c P 45.05% WF  26.8 PSV      34 N       4  --  H7 K6
K6  : T 120.13c W 100.00c S  19.81c (+60.7 L +59.9) LCB   46.22c P 36.36% WF  19.9 PSV      20 N       3  --  K6 J6 J7
J2  : T 116.49c W 100.00c S  16.69c (+56.5 L +55.4) LCB   42.62c P  3.85% WF  16.8 PSV       1 N       3  --  J2 F5
G7  : T 116.46c W 100.00c S  16.50c (+55.8 L +54.8) LCB   42.62c P  2.53% WF  17.1 PSV       1 N       3  --  G7 K3
H6  : T 116.79c W 100.00c S  16.44c (+55.8 L +54.7) LCB   73.91c P  0.40% WF  24.7 PSV       0 N       4  --  H6 H7 G7
G5  : T 116.18c W 100.00c S  16.23c (+56.0 L +55.0) LCB   42.29c P  1.78% WF  17.1 PSV       0 N       3  --  G5 H8
J8  : T 116.23c W 100.00c S  16.20c (+56.0 L +55.1) LCB   42.28c P  1.08% WF  17.5 PSV       0 N       3  --  J8 F5
L9  : T 116.38c W 100.00c S  16.49c (+56.6 L +55.5) LCB   42.56c P  0.94% WF  18.2 PSV       0 N       3  --  L9 L10
F6  : T 115.93c W 100.00c S  15.94c (+55.4 L +54.4) LCB   42.09c P  0.79% WF  17.5 PSV       0 N       3  --  F6 K3
H8  : T 116.01c W 100.00c S  15.94c (+55.8 L +54.9) LCB   42.02c P  0.40% WF  17.5 PSV       0 N       3  --  H8 K3

2024-05-21 18:10:02+0800: = H7
2024-05-21 18:10:06+0800: Controller: kata-list_time_settings
2024-05-21 18:10:06+0800: = none absolute byoyomi canadian fischer fischer-capped
2024-05-21 18:10:06+0800: Controller: play black g6
2024-05-21 18:10:06+0800: = 
2024-05-21 18:10:06+0800: Controller: genmove white
2024-05-21 18:10:07+0800: MoveNum: 33 HASH: 1C9D6D423C71A84D361CC842577DAAD5
   A B C D E F G H J K L M N
13 . . . . . . . . . . . . .
12 . . . . . . . . . . . . .
11 . . . . . . O . . . . . .
10 . . O . O . X O . X . . .
 9 . . . . . . O . . . . . .
 8 . . . . . X . . . . . . .
 7 . . . . . . . O2. X . O .
 6 . . O . . . X3. . @ O . .
 5 . O . . . . . . X X X O .
 4 . . . O . . . . . X O . .
 3 X1X X O . X . . . . O . .
 2 . X X O . . . . . . . . .
 1 X . X . . . . . . . . . .

koPOSITIONALscoreAREAtaxNONEsui1komi7.5
Time taken: 0.422
Root visits: 53
New playouts: 35
NN rows: 49
NN batches: 7
NN avg batch size: 7
PV: K6 L11 K12
Tree:
: T 116.30c W 100.00c S  16.32c (+58.0 L +57.1) N      53  --  K6 L11 K12
---White(^)---
K6  : T 119.55c W 100.00c S  19.36c (+62.0 L +61.1) LCB  111.90c P 77.07% WF  66.7 PSV      65 N      10  --  K6 L11 K12
G7  : T 116.49c W 100.00c S  16.53c (+57.3 L +56.4) LCB   42.43c P 10.13% WF  18.8 PSV       6 N       3  --  G7 K6
H6  : T 118.13c W 100.00c S  18.16c (+60.3 L +59.7) LCB   44.26c P  6.62% WF  18.3 PSV       4 N       3  --  H6 H5
J2  : T 115.52c W 100.00c S  15.70c (+57.2 L +56.3) LCB   72.66c P  0.43% WF  20.3 PSV       0 N       4  --  J2 H8
F5  : T 114.53c W 100.00c S  14.34c (+55.6 L +55.0) LCB   71.46c P  0.16% WF  19.7 PSV       0 N       4  --  F5 L7
G4  : T 115.72c W 100.00c S  15.69c (+57.4 L +56.5) LCB   41.25c P  0.75% WF  14.8 PSV       0 N       3  --  G4 H8
L9  : T 116.31c W 100.00c S  16.58c (+58.1 L +57.2) LCB   42.35c P  0.32% WF  17.0 PSV       0 N       3  --  L9 L10
F4  : T 114.40c W 100.00c S  14.23c (+55.7 L +54.7) LCB   40.13c P  0.24% WF  13.8 PSV       0 N       3  --  F4 G4
L11 : T 113.52c W 100.00c S  13.72c (+54.9 L +53.8) LCB   39.44c P  0.23% WF  13.4 PSV       0 N       3  --  L11 K6
K12 : T 114.19c W 100.00c S  14.18c (+55.4 L +54.2) LCB   40.06c P  0.21% WF  15.2 PSV       0 N       3  --  K12 K6

2024-05-21 18:10:07+0800: = K6
2024-05-21 18:10:11+0800: Controller: kata-list_time_settings
2024-05-21 18:10:11+0800: = none absolute byoyomi canadian fischer fischer-capped
2024-05-21 18:10:11+0800: Controller: play black j6
2024-05-21 18:10:11+0800: = 
2024-05-21 18:10:11+0800: Controller: genmove white
2024-05-21 18:10:11+0800: MoveNum: 35 HASH: ECBC515CD20FB4E64E7F4F669B867559
   A B C D E F G H J K L M N
13 . . . . . . . . . . . . .
12 . . . . . . . . . . . . .
11 . . . . . . O . . . . . .
10 . . O . O . X O . X . . .
 9 . . . . . . O . . . . . .
 8 . . . . . X . . . . . . .
 7 . . . . . . . O @ X . O .
 6 . . O . . . X1. X3O2O . .
 5 . O . . . . . . X X X O .
 4 . . . O . . . . . X O . .
 3 X X X O . X . . . . O . .
 2 . X X O . . . . . . . . .
 1 X . X . . . . . . . . . .

koPOSITIONALscoreAREAtaxNONEsui1komi7.5
Time taken: 0.391
Root visits: 67
New playouts: 34
NN rows: 49
NN batches: 7
NN avg batch size: 7
PV: J7 G7 H8 L11
Tree:
: T 116.38c W 100.00c S  16.36c (+61.9 L +61.0) N      67  --  J7 G7 H8 L11
---White(^)---
J7  : T 117.66c W 100.00c S  17.58c (+63.2 L +62.4) LCB  116.30c P 96.89% WF 305.1 PSV     303 N      48  --  J7 G7 H8 L11
H6  : T 110.58c W 100.00c S  10.05c (+55.1 L +54.2) LCB   66.55c P  0.30% WF  12.7 PSV       0 N       4  --  H6 J7 H5
G7  : T 108.35c W 100.00c S   8.19c (+53.3 L +52.2) LCB   33.62c P  0.23% WF   9.0 PSV       0 N       3  --  G7 J7 F6
L9  : T 111.06c W 100.00c S  11.14c (+56.4 L +55.5) LCB   36.71c P  0.13% WF  10.4 PSV       0 N       3  --  L9 J7
F6  : T 109.27c W 100.00c S   8.97c (+54.3 L +53.4) LCB  -40.13c P  0.08% WF   5.6 PSV       0 N       2  --  F6 G7
J2  : T 106.94c W 100.00c S   7.41c (+52.7 L +51.7) LCB  -43.39c P  0.07% WF   5.4 PSV       0 N       2  --  J2 J7
G5  : T 106.10c W 100.00c S   6.10c (+51.6 L +50.0) LCB -243.90c P  0.10% WF   2.4 PSV       0 N       1  --  G5
F4  : T 105.99c W 100.00c S   5.99c (+51.5 L +49.9) LCB -244.01c P  0.08% WF   2.4 PSV       0 N       1  --  F4
F5  : T 104.75c W 100.00c S   4.75c (+50.4 L +48.8) LCB -245.25c P  0.08% WF   2.2 PSV       0 N       1  --  F5
G4  : T 106.21c W 100.00c S   6.21c (+51.7 L +50.0) LCB -243.79c P  0.08% WF   2.4 PSV       0 N       1  --  G4

2024-05-21 18:10:11+0800: = J7
2024-05-21 18:10:21+0800: Controller: kata-list_time_settings
2024-05-21 18:10:21+0800: = none absolute byoyomi canadian fischer fischer-capped
2024-05-21 18:10:21+0800: Controller: play black k8
2024-05-21 18:10:21+0800: = 
2024-05-21 18:10:21+0800: Controller: genmove white
2024-05-21 18:10:22+0800: MoveNum: 37 HASH: 66448CBD93958D177617A0BEFB784CF7
   A B C D E F G H J K L M N
13 . . . . . . . . . . . . .
12 . . . . . . . . . . . . .
11 . . . . . . O . . . . . .
10 . . O . O . X O . X . . .
 9 . . . . . . O . . . . . .
 8 . . . . . X . . . X3. . .
 7 . . . . . . @ O O2X . O .
 6 . . O . . . X . X1O O . .
 5 . O . . . . . . X X X O .
 4 . . . O . . . . . X O . .
 3 X X X O . X . . . . O . .
 2 . X X O . . . . . . . . .
 1 X . X . . . . . . . . . .

koPOSITIONALscoreAREAtaxNONEsui1komi7.5
Time taken: 0.328
Root visits: 33
New playouts: 33
NN rows: 33
NN batches: 5
NN avg batch size: 6.6
PV: G7 K3
Tree:
: T 114.58c W 100.00c S  14.44c (+67.8 L +67.1) N      33  --  G7 K3
---White(^)---
G7  : T 117.53c W 100.00c S  17.94c (+71.4 L +70.7) LCB   43.68c P 60.30% WF  19.8 PSV      20 N       3  --  G7 K3
H6  : T 116.24c W 100.00c S  16.81c (+70.6 L +70.1) LCB  -32.89c P 24.16% WF  11.9 PSV       7 N       2  --  H6 H5
J9  : T 114.43c W 100.00c S  14.80c (+68.1 L +67.1) LCB  -34.52c P  3.59% WF  10.6 PSV       1 N       2  --  J9 L11
L11 : T 115.22c W 100.00c S  15.22c (+68.4 L +67.8) LCB   40.96c P  1.76% WF  15.8 PSV       0 N       3  --  L11 K11
J2  : T 113.11c W 100.00c S  13.21c (+66.5 L +65.9) LCB  -36.49c P  3.22% WF   7.9 PSV       0 N       2  --  J2 H8
G4  : T 114.09c W 100.00c S  13.55c (+67.0 L +66.3) LCB  -39.42c P  1.41% WF   8.3 PSV       0 N       2  --  G4 H8
G5  : T 115.63c W 100.00c S  15.20c (+68.7 L +68.1) LCB  -36.52c P  0.39% WF  10.4 PSV       0 N       2  --  G5 H8
K3  : T 112.54c W 100.00c S  12.34c (+65.5 L +64.8) LCB  -40.60c P  0.37% WF   7.1 PSV       0 N       2  --  K3 H8
M10 : T 113.25c W 100.00c S  12.95c (+65.8 L +65.1) LCB  -37.01c P  0.34% WF   8.0 PSV       0 N       2  --  M10 H8
K12 : T 115.12c W 100.00c S  14.74c (+67.6 L +66.9) LCB  -34.24c P  0.32% WF  10.0 PSV       0 N       2  --  K12 H8

2024-05-21 18:10:22+0800: = G7
2024-05-21 18:10:32+0800: Controller: kata-list_time_settings
2024-05-21 18:10:32+0800: = none absolute byoyomi canadian fischer fischer-capped
2024-05-21 18:10:32+0800: Controller: play black pass
2024-05-21 18:10:32+0800: = 
2024-05-21 18:10:32+0800: Controller: genmove white
2024-05-21 18:10:32+0800: MoveNum: 39 HASH: A8457E6F5FF4EDDC2C76169167024A87
   A B C D E F G H J K L M N
13 . . . . . . . . . . . . .
12 . . . . . . . . . . . . .
11 . . . . . . O . . . . . .
10 . . O . O . X O . X . . .
 9 . . . . . . O . . . . . .
 8 . . . . . X . . . X1. . .
 7 . . . . . . O2O O X . O .
 6 . . O . . . X . X O O . .
 5 . O . . . . . . X X X O .
 4 . . . O . . . . . X O . .
 3 X X X O . X . . . . O . .
 2 . X X O . . . . @ . . . .
 1 X . X . . . . . . . . . .

koPOSITIONALscoreAREAtaxNONEsui1komi7.5
Time taken: 0.266
Root visits: 18
New playouts: 18
NN rows: 18
NN batches: 4
NN avg batch size: 4.5
PV: J2 J12
Tree:
: T 112.25c W 100.00c S  12.24c (+88.2 L +87.2) N      18  --  J2 J12
---White(^)---
J2  : T 116.59c W 100.00c S  16.69c (+92.4 L +91.9) LCB  -32.57c P 60.44% WF  13.7 PSV      13 N       2  --  J2 J12
H6  : T 113.63c W 100.00c S  13.63c (+89.4 L +88.6) LCB -236.37c P 10.09% WF   5.2 PSV       2 N       1  --  H6
G4  : T 113.39c W 100.00c S  13.39c (+89.2 L +88.2) LCB -236.61c P  8.49% WF   5.2 PSV       1 N       1  --  G4
H2  : T 112.07c W 100.00c S  12.07c (+87.8 L +86.8) LCB -237.93c P  6.39% WF   5.1 PSV       1 N       1  --  H2
L11 : T 110.26c W 100.00c S  10.26c (+85.9 L +84.6) LCB -239.74c P  3.85% WF   4.7 PSV       0 N       1  --  L11
K3  : T 114.39c W 100.00c S  14.39c (+89.8 L +88.8) LCB -235.61c P  2.74% WF   5.9 PSV       0 N       1  --  K3
F2  : T 108.56c W 100.00c S   8.56c (+84.5 L +83.3) LCB -241.44c P  1.67% WF   3.2 PSV       0 N       1  --  F2
J3  : T 111.03c W 100.00c S  11.03c (+86.8 L +85.8) LCB -238.97c P  1.25% WF   4.1 PSV       0 N       1  --  J3
H3  : T 110.45c W 100.00c S  10.45c (+86.3 L +85.2) LCB -239.55c P  0.48% WF   4.2 PSV       0 N       1  --  H3
G2  : T 109.09c W 100.00c S   9.09c (+85.0 L +83.9) LCB -240.91c P  0.37% WF   3.1 PSV       0 N       1  --  G2

2024-05-21 18:10:32+0800: = J2
2024-05-21 18:10:36+0800: Controller: kata-list_time_settings
2024-05-21 18:10:36+0800: = none absolute byoyomi canadian fischer fischer-capped
2024-05-21 18:10:36+0800: Controller: play black k2
2024-05-21 18:10:36+0800: = 
2024-05-21 18:10:36+0800: Controller: genmove white
2024-05-21 18:10:37+0800: MoveNum: 41 HASH: EAB4BA53ADB3D7BB01E01C9F69BA8879
   A B C D E F G H J K L M N
13 . . . . . . . . . . . . .
12 . . . . . . . . . . . . .
11 . . . . . . O . . . . . .
10 . . O . O . X O . X . . .
 9 . . . . . . O . . . . . .
 8 . . . . . X . . . X . . .
 7 . . . . . . O O O X . O .
 6 . . O . . . X . X O O . .
 5 . O . . . . . . X X X O .
 4 . . . O . . . . . X O . .
 3 X X X O . X . . . @ O . .
 2 . X X O . . . . O2X3. . .
 1 X . X . . . . . . . . . .

koPOSITIONALscoreAREAtaxNONEsui1komi7.5
Time taken: 0.344
Root visits: 33
New playouts: 33
NN rows: 33
NN batches: 5
NN avg batch size: 6.6
PV: K3 J12
Tree:
: T 104.87c W 100.00c S   4.44c (+86.2 L +85.6) N      33  --  K3 J12
---White(^)---
K3  : T 113.33c W 100.00c S  13.34c (+96.0 L +95.9) LCB   70.39c P 96.95% WF  26.2 PSV      25 N       4  --  K3 J12
F2  : T 104.44c W 100.00c S   3.83c (+85.3 L +84.3) LCB  -44.52c P  0.33% WF   4.7 PSV       0 N       2  --  F2 K3
G2  : T 105.46c W 100.00c S   4.41c (+86.1 L +85.3) LCB  -44.35c P  0.29% WF   5.5 PSV       0 N       2  --  G2 K3
G4  : T 103.06c W 100.00c S   2.60c (+84.0 L +83.3) LCB  -46.33c P  0.16% WF   5.8 PSV       0 N       2  --  G4 K3
H6  : T 103.29c W 100.00c S   2.79c (+84.3 L +83.8) LCB  -47.53c P  0.16% WF   6.1 PSV       0 N       2  --  H6 K3
H2  : T 102.73c W 100.00c S   2.27c (+83.3 L +82.4) LCB  -46.31c P  0.15% WF   6.4 PSV       0 N       2  --  H2 K3
L2  : T 106.92c W 100.00c S   7.01c (+89.4 L +88.7) LCB  -42.02c P  0.14% WF   9.4 PSV       0 N       2  --  L2 K3
G3  : T 102.46c W 100.00c S   2.10c (+83.3 L +82.4) LCB  -46.52c P  0.11% WF   6.6 PSV       0 N       2  --  G3 K3
H3  : T 102.25c W 100.00c S   1.47c (+82.5 L +81.6) LCB  -46.87c P  0.11% WF   7.1 PSV       0 N       2  --  H3 K3
L11 : T  97.29c W 100.00c S  -2.97c (+78.5 L +78.0) LCB  -52.25c P  0.10% WF   6.4 PSV       0 N       2  --  L11 K3

2024-05-21 18:10:37+0800: = K3
2024-05-21 18:10:39+0800: Controller: kata-list_time_settings
2024-05-21 18:10:39+0800: = none absolute byoyomi canadian fischer fischer-capped
2024-05-21 18:10:39+0800: Controller: play black j3
2024-05-21 18:10:39+0800: = 
2024-05-21 18:10:39+0800: Controller: genmove white
2024-05-21 18:10:40+0800: MoveNum: 43 HASH: 3DE1D5DAB5B54EBF2288ABEA88DF7F6D
   A B C D E F G H J K L M N
13 . . . . . . . . . . . . .
12 . . . . . . . . . . . . .
11 . . . . . . O . . . . . .
10 . . O . O . X O . X . . .
 9 . . . . . . O . . . . . .
 8 . . . . . X . . . X . . .
 7 . . . . . . O O O X . O .
 6 . . O . . . X . X O O . .
 5 . O . . . . . . X X X O .
 4 . . . O . . . . . X O . .
 3 X X X O . X . @ X3O2O . .
 2 . X X O . . . . O X1. . .
 1 X . X . . . . . . . . . .

koPOSITIONALscoreAREAtaxNONEsui1komi7.5
Time taken: 0.391
Root visits: 49
New playouts: 25
NN rows: 37
NN batches: 5
NN avg batch size: 7.4
PV: H3 L11 L9
Tree:
: T 117.47c W 100.00c S  16.95c (+95.6 L +95.3) N      49  --  H3 L11 L9
---White(^)---
H3  : T 119.30c W 100.00c S  18.83c (+97.2 L +96.8) LCB  116.57c P 65.09% WF 126.5 PSV     125 N      19  --  H3 L11 L9
H2  : T 118.31c W 100.00c S  18.25c (+96.7 L +96.6) LCB  114.22c P 32.40% WF  94.0 PSV      49 N      14  --  H2 J12 M10 H11
H6  : T 113.04c W 100.00c S  12.19c (+91.0 L +90.4) LCB   38.67c P  0.70% WF  10.2 PSV       0 N       3  --  H6 H2 H5
H5  : T 113.35c W 100.00c S  13.00c (+91.9 L +91.7) LCB  -41.79c P  0.07% WF   6.7 PSV       0 N       2  --  H5 H2
H4  : T 105.64c W 100.00c S   5.64c (+83.9 L +82.8) LCB -244.36c P  0.10% WF   1.7 PSV       0 N       1  --  H4
L11 : T 107.48c W 100.00c S   7.48c (+86.0 L +84.6) LCB -242.52c P  0.10% WF   2.2 PSV       0 N       1  --  L11
G2  : T 103.81c W 100.00c S   3.81c (+81.7 L +80.7) LCB -246.19c P  0.08% WF   1.6 PSV       0 N       1  --  G2
J1  : T 105.10c W 100.00c S   5.10c (+83.4 L +82.1) LCB -244.90c P  0.07% WF   1.8 PSV       0 N       1  --  J1
G4  : T 103.31c W 100.00c S   3.31c (+81.0 L +79.9) LCB -246.69c P  0.06% WF   1.6 PSV       0 N       1  --  G4
K12 : T 104.79c W 100.00c S   4.79c (+83.2 L +81.8) LCB -245.21c P  0.06% WF   1.9 PSV       0 N       1  --  K12

2024-05-21 18:10:40+0800: = H3
2024-05-21 18:10:42+0800: Controller: kata-list_time_settings
2024-05-21 18:10:42+0800: = none absolute byoyomi canadian fischer fischer-capped
2024-05-21 18:10:42+0800: Controller: play black h2
2024-05-21 18:10:42+0800: = 
2024-05-21 18:10:42+0800: Controller: genmove white
2024-05-21 18:10:43+0800: MoveNum: 45 HASH: BBFA3A78B09AE35B1D0DF6AF610379F7
   A B C D E F G H J K L M N
13 . . . . . . . . . . . . .
12 . . . . . . . . . . . . .
11 . . . . . . O . . . . . .
10 . . O . O . X O . X . . .
 9 . . . . . . O . . . . . .
 8 . . . . . X . . . X . . .
 7 . . . . . . O O O X . O .
 6 . . O . . . X . X O O . .
 5 . O . . . . . . X X X O .
 4 . . . O . . . @ . X O . .
 3 X X X O . X . O2X1O O . .
 2 . X X O . . . X3O X . . .
 1 X . X . . . . . . . . . .

koPOSITIONALscoreAREAtaxNONEsui1komi7.5
Time taken: 0.296
Root visits: 18
New playouts: 18
NN rows: 18
NN batches: 4
NN avg batch size: 4.5
PV: H4 J1
Tree:
: T 101.07c W 100.00c S   0.93c (+83.9 L +82.9) N      18  --  H4 J1
---White(^)---
H4  : T 103.75c W 100.00c S   3.88c (+88.0 L +87.7) LCB  -49.74c P  0.26% WF   3.7 PSV      13 N       2  --  H4 J1
J4  : T 117.56c W 100.00c S  17.56c (+101.2 L +100.1) LCB -232.44c P 97.69% WF   6.5 PSV       7 N       1  --  J4
H6  : T 104.50c W 100.00c S   4.50c (+88.8 L +88.0) LCB -245.50c P  0.21% WF   2.7 PSV       4 N       1  --  H6
J1  : T  93.77c W 100.00c S  -6.23c (+76.8 L +75.7) LCB -256.23c P  0.23% WF   1.7 PSV       0 N       1  --  J1
G3  : T  98.22c W 100.00c S  -1.78c (+80.8 L +80.0) LCB -251.78c P  0.12% WF   2.5 PSV       0 N       1  --  G3
G2  : T  97.15c W 100.00c S  -2.85c (+79.5 L +78.6) LCB -252.85c P  0.12% WF   2.8 PSV       0 N       1  --  G2
H5  : T 103.32c W 100.00c S   3.32c (+87.2 L +86.6) LCB -246.68c P  0.10% WF   3.1 PSV       0 N       1  --  H5
G4  : T  95.56c W 100.00c S  -4.44c (+77.0 L +75.9) LCB -254.44c P  0.07% WF   2.9 PSV       0 N       1  --  G4
F2  : T  95.77c W 100.00c S  -4.23c (+77.0 L +76.1) LCB -254.23c P  0.07% WF   3.0 PSV       0 N       1  --  F2
L11 : T  94.65c W 100.00c S  -5.35c (+76.8 L +75.4) LCB -255.35c P  0.06% WF   3.3 PSV       0 N       1  --  L11

2024-05-21 18:10:43+0800: = H4
2024-05-21 18:10:45+0800: Controller: kata-list_time_settings
2024-05-21 18:10:45+0800: = none absolute byoyomi canadian fischer fischer-capped
2024-05-21 18:10:45+0800: Controller: play black j1
2024-05-21 18:10:45+0800: = 
2024-05-21 18:10:45+0800: Controller: genmove white
2024-05-21 18:10:46+0800: MoveNum: 47 HASH: ED7A74E4B670502F44B1A62CAF05301E
   A B C D E F G H J K L M N
13 . . . . . . . . . . . . .
12 . . . . . . . . . . . . .
11 . . . . . . O . . . . . .
10 . . O . O . X O . X . . .
 9 . . . . . . O . . . . . .
 8 . . . . . X . . . X . . .
 7 . . . . . . O O O X . O .
 6 . . O . . . X @ X O O . .
 5 . O . . . . . . X X X O .
 4 . . . O . . . O2. X O . .
 3 X X X O . X . O X O O . .
 2 . X X O . . . X1. X . . .
 1 X . X . . . . . X3. . . .

koPOSITIONALscoreAREAtaxNONEsui1komi7.5
Time taken: 0.406
Root visits: 358
New playouts: 32
NN rows: 35
NN batches: 6
NN avg batch size: 5.83333
PV: H6 J11 M10 M9 L11 L10 M11 K12
Tree:
: T 117.95c W 100.00c S  17.49c (+88.2 L +88.0) N     358  --  H6 J11 M10 M9 L11 L10 M11
---White(^)---
H6  : T 119.21c W 100.00c S  18.90c (+89.4 L +89.2) LCB  118.51c P 73.64% WF 1724.8 PSV    1710 N     276  --  H6 J11 M10 M9 L11 L10 M11 K12
F2  : T 114.52c W 100.00c S  14.20c (+85.4 L +85.2) LCB  110.13c P  9.77% WF  73.4 PSV      35 N      17  --  F2 G2 H6 E2
G5  : T 113.82c W 100.00c S  13.54c (+84.3 L +83.8) LCB  108.54c P  3.61% WF  56.5 PSV      11 N      12  --  G5 J4 L2 H6
J4  : T 104.29c W 100.00c S   4.63c (+74.9 L +74.6) LCB   83.94c P  9.24% WF  25.0 PSV      11 N       6  --  J4 G5 J2 M6
F4  : T 113.27c W 100.00c S  12.84c (+83.7 L +83.4) LCB  104.08c P  1.19% WF  42.5 PSV       3 N       9  --  F4 J4 L2
G3  : T 111.63c W 100.00c S  10.81c (+81.6 L +81.2) LCB   99.95c P  0.34% WF  25.3 PSV       0 N       8  --  G3 G2 H6
G4  : T 111.00c W 100.00c S  11.02c (+81.8 L +81.7) LCB   90.90c P  0.12% WF  18.3 PSV       0 N       6  --  G4 M2
G2  : T 104.86c W 100.00c S   5.24c (+75.3 L +75.3) LCB   74.11c P  0.49% WF  18.5 PSV       0 N       5  --  G2 G5 F2
L11 : T 101.70c W 100.00c S   1.62c (+72.2 L +71.4) LCB   57.86c P  0.14% WF   9.4 PSV       0 N       4  --  L11 G5 J4
F6  : T 108.32c W 100.00c S   7.47c (+77.9 L +77.6) LCB   63.66c P  0.08% WF   9.4 PSV       0 N       4  --  F6 G5 G4

2024-05-21 18:10:46+0800: = H6
2024-05-21 18:10:49+0800: Controller: kata-list_time_settings
2024-05-21 18:10:49+0800: = none absolute byoyomi canadian fischer fischer-capped
2024-05-21 18:10:49+0800: Controller: play black h5
2024-05-21 18:10:49+0800: = 
2024-05-21 18:10:49+0800: Controller: genmove white
2024-05-21 18:10:49+0800: MoveNum: 49 HASH: D71EC54E0EBBD5EF9E08BDD00E3610AF
   A B C D E F G H J K L M N
13 . . . . . . . . . . . . .
12 . . . . . . . . . . . . .
11 . . . . . . O . . . . . .
10 . . O . O . X O . X . . .
 9 . . . . . . O . . . . . .
 8 . . . . . X . . . X . . .
 7 . . . . . . O O O X . O .
 6 . . O . . . X O2X O O . .
 5 . O . . . . @ X3X X X O .
 4 . . . O . . . O . X O . .
 3 X X X O . X . O X O O . .
 2 . X X O . . . X . X . . .
 1 X . X . . . . . X1. . . .

koPOSITIONALscoreAREAtaxNONEsui1komi7.5
Time taken: 0.312
Root visits: 33
New playouts: 33
NN rows: 33
NN batches: 5
NN avg batch size: 6.6
PV: G5 K12
Tree:
: T  97.36c W 100.00c S  -3.06c (+75.2 L +74.8) N      33  --  G5 K12
---White(^)---
G5  : T 113.73c W 100.00c S  14.04c (+94.8 L +95.0) LCB   70.84c P 98.13% WF  25.5 PSV      24 N       4  --  G5 K12
J4  : T  92.17c W 100.00c S  -8.01c (+69.2 L +69.0) LCB  -57.21c P  0.31% WF   3.2 PSV       0 N       2  --  J4 G5
G4  : T 101.35c W 100.00c S   1.24c (+81.6 L +81.4) LCB  -50.07c P  0.16% WF   4.7 PSV       0 N       2  --  G4 G5
F5  : T  91.07c W 100.00c S  -8.75c (+68.2 L +67.9) LCB  -58.92c P  0.08% WF   3.6 PSV       0 N       2  --  F5 G5
F4  : T  95.79c W 100.00c S  -4.16c (+73.1 L +72.8) LCB  -53.20c P  0.08% WF   4.3 PSV       0 N       2  --  F4 G4
G3  : T  91.40c W 100.00c S  -8.45c (+66.3 L +65.8) LCB  -59.74c P  0.06% WF   4.6 PSV       0 N       2  --  G3 G5
F6  : T  93.83c W 100.00c S  -6.10c (+71.6 L +71.1) LCB  -56.95c P  0.05% WF   5.8 PSV       0 N       2  --  F6 G5
G2  : T  89.80c W 100.00c S  -9.40c (+64.6 L +64.3) LCB  -64.13c P  0.05% WF   4.8 PSV       0 N       2  --  G2 G5
L11 : T  88.61c W 100.00c S -11.26c (+65.8 L +65.3) LCB  -60.72c P  0.04% WF   5.6 PSV       0 N       2  --  L11 G5
M11 : T  87.96c W 100.00c S -11.99c (+64.3 L +63.9) LCB  -61.30c P  0.04% WF   6.1 PSV       0 N       2  --  M11 G5

2024-05-21 18:10:49+0800: = G5
2024-05-21 18:10:52+0800: Controller: kata-list_time_settings
2024-05-21 18:10:52+0800: = none absolute byoyomi canadian fischer fischer-capped
2024-05-21 18:10:52+0800: Controller: play black j4
2024-05-21 18:10:52+0800: = 
2024-05-21 18:10:52+0800: Controller: genmove white
2024-05-21 18:10:52+0800: MoveNum: 51 HASH: E1974030E8A27BBD376DC0E6ACB7C303
   A B C D E F G H J K L M N
13 . . . . . . . . . . . . .
12 . . . . . . . . . . . . .
11 . . . . . . O . . . . . .
10 . . O . O . X O . X . . .
 9 . . . . . . O . . . . . .
 8 . . . . . X . . . X . . .
 7 . . . . . . O O O X . O .
 6 . . O . . . X O X O O . .
 5 . O . . . . O2X1X X X O .
 4 . . . O . . . O X3X O . .
 3 X X X O . X . O X O O . .
 2 . X X O . . . X @ X . . .
 1 X . X . . . . . X . . . .

koPOSITIONALscoreAREAtaxNONEsui1komi7.5
Time taken: 0.282
Root visits: 18
New playouts: 18
NN rows: 18
NN batches: 4
NN avg batch size: 4.5
PV: J2 L11
Tree:
: T 104.84c W 100.00c S   4.50c (+91.9 L +91.2) N      18  --  J2 L11
---White(^)---
J2  : T 117.44c W 100.00c S  19.35c (+106.9 L +106.7) LCB  -31.69c P 96.35% WF  14.1 PSV      13 N       2  --  J2 L11
F2  : T 101.01c W 100.00c S   1.01c (+87.4 L +87.0) LCB -248.99c P  0.53% WF   1.3 PSV       0 N       1  --  F2
L11 : T  99.68c W 100.00c S  -0.32c (+87.4 L +85.7) LCB -250.32c P  0.42% WF   1.9 PSV       0 N       1  --  L11
G2  : T 100.83c W 100.00c S   0.83c (+87.4 L +87.1) LCB -249.17c P  0.30% WF   1.6 PSV       0 N       1  --  G2
G4  : T  99.61c W 100.00c S  -0.39c (+85.8 L +85.2) LCB -250.39c P  0.18% WF   1.9 PSV       0 N       1  --  G4
E2  : T  94.21c W 100.00c S  -5.79c (+76.1 L +75.3) LCB -255.79c P  0.17% WF   1.7 PSV       0 N       1  --  E2
M10 : T  98.79c W 100.00c S  -1.21c (+86.3 L +84.5) LCB -251.21c P  0.15% WF   2.6 PSV       0 N       1  --  M10
L2  : T 102.49c W 100.00c S   2.49c (+89.6 L +89.1) LCB -247.51c P  0.13% WF   2.4 PSV       0 N       1  --  L2
M9  : T  98.85c W 100.00c S  -1.15c (+86.2 L +84.5) LCB -251.15c P  0.12% WF   2.9 PSV       0 N       1  --  M9
G3  : T  99.84c W 100.00c S  -0.16c (+86.3 L +86.1) LCB -250.16c P  0.11% WF   2.5 PSV       0 N       1  --  G3

2024-05-21 18:10:52+0800: = J2
2024-05-21 18:10:55+0800: Controller: kata-list_time_settings
2024-05-21 18:10:55+0800: = none absolute byoyomi canadian fischer fischer-capped
2024-05-21 18:10:55+0800: Controller: play black j3
2024-05-21 18:10:55+0800: = 
2024-05-21 18:10:55+0800: Controller: genmove white
2024-05-21 18:10:55+0800: MoveNum: 53 HASH: D8141EFD9DD930C07440F7FAE31323FE
   A B C D E F G H J K L M N
13 . . . . . . . . . . . . .
12 . . . . . . . . . . . . .
11 . . . . . . O . . . @ . .
10 . . O . O . X O . X . . .
 9 . . . . . . O . . . . . .
 8 . . . . . X . . . X . . .
 7 . . . . . . O O O X . O .
 6 . . O . . . X O . O O . .
 5 . O . . . . O . . . . O .
 4 . . . O . . . O .1. O . .
 3 X X X O . X . O X3O O . .
 2 . X X O . . . X .2X . . .
 1 X . X . . . . . X . . . .

koPOSITIONALscoreAREAtaxNONEsui1komi7.5
Time taken: 0.312
Root visits: 24
New playouts: 21
NN rows: 22
NN batches: 3
NN avg batch size: 7.33333
PV: L11 F2
Tree:
: T 116.27c W 100.00c S  16.50c (+113.8 L +113.3) N      24  --  L11 F2
---White(^)---
L11 : T 117.00c W 100.00c S  17.12c (+113.9 L +114.7) LCB   42.73c P 41.75% WF  20.1 PSV      20 N       3  --  L11 F2
K12 : T 116.70c W 100.00c S  17.09c (+113.7 L +114.5) LCB   42.60c P 15.47% WF  20.1 PSV       7 N       3  --  K12 F2
M10 : T 117.39c W 100.00c S  17.82c (+114.9 L +114.9) LCB  -32.79c P 10.16% WF  13.3 PSV       5 N       2  --  M10 E2
D1  : T 113.50c W 100.00c S  15.07c (+112.5 L +112.7) LCB  -35.92c P  7.59% WF  12.1 PSV       2 N       2  --  D1 L11
M11 : T 115.48c W 100.00c S  15.98c (+112.8 L +112.8) LCB  -34.06c P  5.41% WF  12.5 PSV       2 N       2  --  M11 F2
F2  : T 118.83c W 100.00c S  18.83c (+116.2 L +114.6) LCB -231.17c P  4.67% WF   6.3 PSV       2 N       1  --  F2
L12 : T 118.13c W 100.00c S  18.13c (+115.4 L +113.0) LCB -231.87c P  3.23% WF   6.3 PSV       1 N       1  --  L12
M12 : T 115.62c W 100.00c S  15.62c (+113.8 L +111.7) LCB -234.38c P  2.35% WF   5.2 PSV       1 N       1  --  M12
E1  : T 116.75c W 100.00c S  16.75c (+114.5 L +112.8) LCB -233.25c P  1.76% WF   5.7 PSV       0 N       1  --  E1
M9  : T 115.52c W 100.00c S  15.52c (+112.9 L +110.4) LCB -234.48c P  1.63% WF   5.5 PSV       0 N       1  --  M9

2024-05-21 18:10:55+0800: = L11
2024-05-21 18:10:59+0800: Controller: kata-list_time_settings
2024-05-21 18:10:59+0800: = none absolute byoyomi canadian fischer fischer-capped
2024-05-21 18:10:59+0800: Controller: play black g2
2024-05-21 18:10:59+0800: = 
2024-05-21 18:10:59+0800: Controller: genmove white
2024-05-21 18:10:59+0800: MoveNum: 55 HASH: 4BB47163C10215A66E34C7E2607BA3E2
   A B C D E F G H J K L M N
13 . . . . . . . . . . . . .
12 . . . . . . . . . . . . .
11 . . . . . . O . . . O2. .
10 . . O . O . X O . X . . .
 9 . . . . . . O . . . . . .
 8 . . . . . X . . . X . . .
 7 . . . . . . O O O X . O .
 6 . . O . . . X O . O O . .
 5 . O . . . . O . . . . O .
 4 . . . O . . . O . . O . .
 3 X X X O . X . O X1O O . .
 2 . X X O @ . X3X . X . . .
 1 X . X . . . . . X . . . .

koPOSITIONALscoreAREAtaxNONEsui1komi7.5
Time taken: 0.375
Root visits: 33
New playouts: 32
NN rows: 33
NN batches: 5
NN avg batch size: 6.6
PV: E2 L2
Tree:
: T 101.54c W 100.00c S   1.86c (+124.2 L +124.1) N      33  --  E2 L2
---White(^)---
E2  : T 122.32c W 100.00c S  22.17c (+144.1 L +145.6) LCB   79.35c P 76.64% WF  32.1 PSV      29 N       4  --  E2 L2
E1  : T  94.27c W 100.00c S  -5.39c (+116.1 L +117.2) LCB   18.30c P 13.32% WF  11.5 PSV       2 N       3  --  E1 L2
G1  : T  96.30c W 100.00c S  -3.78c (+117.1 L +117.5) LCB  -53.10c P  2.53% WF   5.5 PSV       0 N       2  --  G1 E2
F1  : T  89.41c W 100.00c S -11.01c (+109.5 L +109.4) LCB  -59.60c P  2.11% WF   4.8 PSV       0 N       2  --  F1 E2
D1  : T  89.46c W 100.00c S  -9.57c (+112.8 L +112.5) LCB  -60.18c P  1.84% WF   5.0 PSV       0 N       2  --  D1 L2
L2  : T  93.46c W 100.00c S  -5.23c (+118.9 L +118.9) LCB  -56.37c P  1.83% WF   6.6 PSV       0 N       2  --  L2 D1
L1  : T  93.13c W 100.00c S  -4.80c (+118.8 L +119.0) LCB  -57.82c P  0.51% WF   5.9 PSV       0 N       2  --  L1 D1
M2  : T 106.56c W 100.00c S   5.10c (+127.9 L +128.0) LCB  -44.17c P  0.12% WF  11.1 PSV       0 N       2  --  M2 E2
E3  : T  88.22c W 100.00c S -11.66c (+111.5 L +111.2) LCB  -60.74c P  0.05% WF   4.8 PSV       0 N       2  --  E3 F2
F2  : T  88.16c W 100.00c S -11.84c (+109.5 L +106.6) LCB -261.84c P  0.13% WF   2.4 PSV       0 N       1  --  F2

2024-05-21 18:10:59+0800: = E2
2024-05-21 18:11:04+0800: Controller: kata-list_time_settings
2024-05-21 18:11:04+0800: = none absolute byoyomi canadian fischer fischer-capped
2024-05-21 18:11:04+0800: Controller: play black a5
2024-05-21 18:11:04+0800: = 
2024-05-21 18:11:04+0800: Controller: genmove white
2024-05-21 18:11:04+0800: MoveNum: 57 HASH: 112493283B2A0BB494AA2E067855D6EA
   A B C D E F G H J K L M N
13 . . . . . . . . . . . . .
12 . . . . . . . . . . . . .
11 . . . . . . O . . . O . .
10 . . O . O . X O . X . . .
 9 . . . . . . O . . . . . .
 8 . . . . . X . . . X . . .
 7 . . . . . . O O O X . O .
 6 @ . O . . . X O . O O . .
 5 X3O . . . . O . . . . O .
 4 . . . O . . . O . . O . .
 3 X X X O . X . O X O O . .
 2 . X X O O2. X1X . X . . .
 1 X . X . . . . . X . . . .

koPOSITIONALscoreAREAtaxNONEsui1komi7.5
Time taken: 0.297
Root visits: 69
New playouts: 27
NN rows: 18
NN batches: 4
NN avg batch size: 4.5
PV: A6 L2 M2 F2 L1 C4 C5
Tree:
: T 120.96c W 100.00c S  20.41c (+144.1 L +144.7) N      69  --  A6 L2 M2 F2 L1 C4 C5
---White(^)---
A6  : T 121.87c W 100.00c S  21.15c (+144.9 L +145.7) LCB  120.02c P 71.36% WF 389.8 PSV     387 N      51  --  A6 L2 M2 F2 L1 C4 C5
B6  : T 118.54c W 100.00c S  18.63c (+142.1 L +142.3) LCB  111.75c P 15.68% WF  80.8 PSV      27 N      11  --  B6 C4 D5
B4  : T 116.20c W 100.00c S  15.93c (+140.7 L +140.6) LCB  -33.84c P  5.33% WF  14.0 PSV       6 N       2  --  B4 C4
B7  : T 118.47c W 100.00c S  17.72c (+141.0 L +141.0) LCB  -31.03c P  3.37% WF  14.8 PSV       5 N       2  --  B7 C4
A7  : T 115.90c W 100.00c S  15.90c (+139.3 L +136.7) LCB -234.10c P  1.10% WF   7.7 PSV       1 N       1  --  A7
B8  : T 117.52c W 100.00c S  17.52c (+140.3 L +137.7) LCB -232.48c P  0.70% WF   7.6 PSV       1 N       1  --  B8

2024-05-21 18:11:04+0800: = A6
2024-05-21 18:11:07+0800: Controller: kata-list_time_settings
2024-05-21 18:11:07+0800: = none absolute byoyomi canadian fischer fischer-capped
2024-05-21 18:11:07+0800: Controller: play black a4
2024-05-21 18:11:07+0800: = 
2024-05-21 18:11:07+0800: Controller: genmove white
2024-05-21 18:11:07+0800: MoveNum: 59 HASH: 1EC46AAAC3FFF982B79BC7E0C6FF264C
   A B C D E F G H J K L M N
13 . . . . . . . . . . . . .
12 . . . . . . . . . . . . .
11 . . . . . . O . . . O . .
10 . . O . O . X O . X . . .
 9 . . . . . . O . . . . . .
 8 . . . . . X . . . X . . .
 7 . . . . . . O O O X . O .
 6 O2. O . . . X O . O O . .
 5 X1O . . . . O . . . . O .
 4 X3. @ O . . . O . . O . .
 3 X X X O . X . O X O O . .
 2 . X X O O . X X . X . . .
 1 X . X . . . . . X . . . .

koPOSITIONALscoreAREAtaxNONEsui1komi7.5
Time taken: 0.375
Root visits: 35
New playouts: 35
NN rows: 33
NN batches: 5
NN avg batch size: 6.6
PV: C4 L2
Tree:
: T 115.67c W 100.00c S  15.02c (+145.6 L +145.7) N      35  --  C4 L2
---White(^)---
C4  : T 119.21c W 100.00c S  18.65c (+148.9 L +150.6) LCB   90.55c P 57.88% WF  37.7 PSV      37 N       5  --  C4 L2
D1  : T 117.62c W 100.00c S  16.84c (+147.0 L +146.9) LCB  -31.79c P 10.99% WF  15.0 PSV       6 N       2  --  D1 C4
C5  : T 118.11c W 100.00c S  16.89c (+147.1 L +148.1) LCB   43.57c P  4.32% WF  22.2 PSV       2 N       3  --  C5 D1
D5  : T 117.09c W 100.00c S  14.84c (+145.1 L +145.0) LCB  -32.80c P  3.30% WF  14.7 PSV       1 N       2  --  D5 C4
L2  : T 115.60c W 100.00c S  14.21c (+144.8 L +144.6) LCB  -33.85c P  2.28% WF  13.5 PSV       1 N       2  --  L2 C4
K11 : T 115.23c W 100.00c S  15.80c (+146.0 L +145.7) LCB  -35.15c P  2.18% WF  13.1 PSV       1 N       2  --  K11 C4
E1  : T 115.88c W 100.00c S  14.44c (+145.2 L +145.1) LCB  -33.87c P  1.61% WF  13.8 PSV       0 N       2  --  E1 C4
G1  : T 114.12c W 100.00c S  12.77c (+143.9 L +143.7) LCB  -35.59c P  1.49% WF  12.8 PSV       0 N       2  --  G1 C4
E5  : T 115.02c W 100.00c S  14.32c (+144.8 L +144.7) LCB  -34.86c P  0.93% WF  14.1 PSV       0 N       2  --  E5 D1
K12 : T 114.67c W 100.00c S  14.60c (+145.1 L +144.8) LCB  -35.56c P  0.80% WF  13.5 PSV       0 N       2  --  K12 C4

2024-05-21 18:11:07+0800: = C4
2024-05-21 18:11:11+0800: Controller: kata-list_time_settings
2024-05-21 18:11:11+0800: = none absolute byoyomi canadian fischer fischer-capped
2024-05-21 18:11:11+0800: Controller: play black d1
2024-05-21 18:11:11+0800: = 
2024-05-21 18:11:11+0800: Controller: genmove white
2024-05-21 18:11:11+0800: MoveNum: 61 HASH: 8A8F0C78950D00026A99A7E30ACF2414
   A B C D E F G H J K L M N
13 . . . . . . . . . . . . .
12 . . . . . . . . . . . . .
11 . . . . . . O . . . O . .
10 . . O . O . X O . X . . .
 9 . . . . . . O . . . . . .
 8 . . . . . X . . . X . . .
 7 . . . . . . O O O X . O .
 6 O . O . . . X O . O O . .
 5 X O . . . . O . . . . O .
 4 X1. O2O . . . O . . O . .
 3 X X X O . X . O X O O . .
 2 . X X O O . X X . X . . .
 1 X . X X3@ . . . X . . . .

koPOSITIONALscoreAREAtaxNONEsui1komi7.5
Time taken: 0.375
Root visits: 328
New playouts: 36
NN rows: 34
NN batches: 6
NN avg batch size: 5.66667
PV: E1 B4 K11 L2 M2 L1
Tree:
: T 121.64c W 100.00c S  20.44c (+146.9 L +147.4) N     328  --  E1 B4 K11 L2 M2 L1
---White(^)---
E1  : T 122.26c W 100.00c S  20.94c (+147.5 L +148.0) LCB  120.69c P 65.43% WF 1867.4 PSV    1856 N     247  --  E1 B4 K11 L2 M2 L1
F2  : T 120.23c W 100.00c S  19.81c (+145.6 L +146.2) LCB  118.14c P 17.87% WF 318.6 PSV     150 N      43  --  F2 E1 F1 G1 L2 B4
F1  : T 120.28c W 100.00c S  19.90c (+145.8 L +146.4) LCB  117.65c P 15.59% WF 252.3 PSV     133 N      34  --  F1 E1 F2 G1 L2 B4
G1  : T  92.00c W 100.00c S  -8.00c (+119.0 L +116.4) LCB -258.00c P  0.13% WF   5.6 PSV       0 N       1  --  G1
L2  : T  90.10c W 100.00c S  -9.90c (+119.6 L +116.7) LCB -259.90c P  0.10% WF   4.5 PSV       0 N       1  --  L2
G3  : T  87.67c W 100.00c S -12.33c (+115.3 L +112.3) LCB -262.33c P  0.04% WF   2.2 PSV       0 N       1  --  G3

2024-05-21 18:11:11+0800: = E1
2024-05-21 18:11:21+0800: Controller: kata-list_time_settings
2024-05-21 18:11:21+0800: = none absolute byoyomi canadian fischer fischer-capped
2024-05-21 18:11:21+0800: Controller: play black l2
2024-05-21 18:11:21+0800: = 
2024-05-21 18:11:21+0800: Controller: genmove white
2024-05-21 18:11:22+0800: MoveNum: 63 HASH: 53D9604C4E05FC0E3E125726B98D495A
   A B C D E F G H J K L M N
13 . . . . . . . . . . . . .
12 . . . . . . . . . . . . .
11 . . . . . . O . . . O . .
10 . . O . O . X O . X . . .
 9 . . . . . . O . . . . . .
 8 . . . . . X . . . X . . .
 7 . . . . . . O O O X . O .
 6 O . O . . . X O . O O . .
 5 X O . . . . O . . . . O .
 4 X . O O . . . O . . O . .
 3 X X X O . X . O X O O . .
 2 . X X O O . X X . X X3@ .
 1 X . X X1O2. . . X . . . .

koPOSITIONALscoreAREAtaxNONEsui1komi7.5
Time taken: 1.078
Root visits: 301
New playouts: 46
NN rows: 58
NN batches: 7
NN avg batch size: 8.28571
PV: M2 M1 M3 K11 L12 K12
Tree:
: T 121.83c W 100.00c S  20.84c (+147.5 L +148.0) N     301  --  M2 M1 M3 K11 L12 K12
---White(^)---
M2  : T 122.14c W 100.00c S  21.60c (+147.9 L +148.3) LCB  121.30c P 96.12% WF 2276.5 PSV    2273 N     297  --  M2 M1 M3 K11 L12 K12
N2  : T  86.40c W 100.00c S -13.60c (+105.6 L +103.3) LCB -263.60c P  1.29% WF   6.4 PSV       0 N       1  --  N2
M3  : T  85.21c W 100.00c S -14.79c (+108.7 L +105.7) LCB -264.80c P  0.43% WF   6.6 PSV       0 N       1  --  M3
G1  : T  88.14c W 100.00c S -11.86c (+109.0 L +106.8) LCB -261.86c P  0.37% WF   6.2 PSV       0 N       1  --  G1

2024-05-21 18:11:22+0800: = M2
2024-05-21 18:11:27+0800: Controller: kata-list_time_settings
2024-05-21 18:11:27+0800: = none absolute byoyomi canadian fischer fischer-capped
2024-05-21 18:11:27+0800: Controller: play black l1
2024-05-21 18:11:27+0800: = 
2024-05-21 18:11:27+0800: Controller: genmove white
2024-05-21 18:11:27+0800: MoveNum: 65 HASH: 3CB76C08A5D2FEBA754AB0A6D9B7E6B6
   A B C D E F G H J K L M N
13 . . . . . . . . . . . . .
12 . . . . . . . . . . . . .
11 . . . . . . O . . . O . .
10 . . O . O . X O . X . . .
 9 . . . . . . O . . . . . .
 8 . . . . . X . . . X . . .
 7 . . . . . . O O O X . O .
 6 O . O . . . X O . O O . .
 5 X O . . . . O . . . . O .
 4 X . O O . . . O . . O . .
 3 X X X O . X . O X O O . .
 2 . X X O O . X X . X X1O2.
 1 X . X X O . @ . X . X3. .

koPOSITIONALscoreAREAtaxNONEsui1komi7.5
Time taken: 0.563
Root visits: 106
New playouts: 39
NN rows: 32
NN batches: 5
NN avg batch size: 6.4
PV: G1 B4 K11 pass F2
Tree:
: T 121.62c W 100.00c S  21.05c (+147.8 L +148.3) N     106  --  G1 B4 K11 pass F2
---White(^)---
G1  : T 121.63c W 100.00c S  21.05c (+147.8 L +148.3) LCB  119.90c P 98.00% WF 796.9 PSV     797 N     105  --  G1 B4 K11 pass F2

2024-05-21 18:11:27+0800: = G1
2024-05-21 18:11:30+0800: Controller: kata-list_time_settings
2024-05-21 18:11:30+0800: = none absolute byoyomi canadian fischer fischer-capped
2024-05-21 18:11:30+0800: Controller: play black f2
2024-05-21 18:11:30+0800: = 
2024-05-21 18:11:30+0800: Controller: genmove white
2024-05-21 18:11:31+0800: MoveNum: 67 HASH: 5D01C1B9DB7D55E3186F92F01F8BA2BC
   A B C D E F G H J K L M N
13 . . . . . . . . . . . . .
12 . . . . . . . . . . . . .
11 . . . . . . O . . . O . .
10 . . O . O . X O . X . . .
 9 . . . . . . O . . . . . .
 8 . . . . . X . . . X . . .
 7 . . . . . . O O O X . O .
 6 O . O . . . X O . O O . .
 5 X O . . . . O . . . . O .
 4 X . O O . . . O . . O . .
 3 X X X O . X . O X O O . .
 2 . X X O O X3X X . X X O .
 1 X . X X O @ O2. X . X1. .

koPOSITIONALscoreAREAtaxNONEsui1komi7.5
Time taken: 0.438
Root visits: 76
New playouts: 50
NN rows: 65
NN batches: 8
NN avg batch size: 8.125
PV: F1 K11 M10 L12
Tree:
: T 122.44c W 100.00c S  20.75c (+145.4 L +145.4) N      76  --  F1 K11 M10 L12
---White(^)---
F1  : T 123.95c W 100.00c S  23.58c (+146.9 L +146.9) LCB  122.47c P 98.37% WF 429.6 PSV     427 N      55  --  F1 K11 M10 L12
J4  : T  88.44c W 100.00c S -11.56c (+109.6 L +108.0) LCB -261.56c P  0.15% WF   1.7 PSV       0 N       1  --  J4
F4  : T  87.30c W 100.00c S -12.70c (+112.2 L +109.4) LCB -262.70c P  0.15% WF   1.7 PSV       0 N       1  --  F4
M1  : T  87.62c W 100.00c S -12.38c (+112.7 L +110.0) LCB -262.38c P  0.12% WF   1.5 PSV       0 N       1  --  M1
B4  : T  87.09c W 100.00c S -12.91c (+110.3 L +107.5) LCB -262.91c P  0.09% WF   1.3 PSV       0 N       1  --  B4
M3  : T  86.64c W 100.00c S -13.36c (+109.4 L +106.5) LCB -263.36c P  0.05% WF   1.0 PSV       0 N       1  --  M3
E4  : T  86.77c W 100.00c S -13.23c (+110.6 L +107.8) LCB -263.31c P  0.05% WF   1.0 PSV       0 N       1  --  E4
K11 : T  87.76c W 100.00c S -12.24c (+112.8 L +110.0) LCB -262.24c P  0.04% WF   0.9 PSV       0 N       1  --  K11
N2  : T  86.70c W 100.00c S -13.30c (+109.2 L +106.3) LCB -263.30c P  0.03% WF   0.8 PSV       0 N       1  --  N2
E3  : T  86.50c W 100.00c S -13.50c (+109.2 L +106.5) LCB -263.50c P  0.02% WF   0.8 PSV       0 N       1  --  E3

2024-05-21 18:11:31+0800: = F1
2024-05-21 18:11:36+0800: Controller: kata-list_time_settings
2024-05-21 18:11:36+0800: = none absolute byoyomi canadian fischer fischer-capped
2024-05-21 18:11:36+0800: Controller: play black pass
2024-05-21 18:11:36+0800: = 
2024-05-21 18:11:36+0800: Controller: genmove white
2024-05-21 18:11:36+0800: MoveNum: 69 HASH: 07F61274D7AFBC28EEF001390C9727A5
   A B C D E F G H J K L M N
13 . . . . . . . . . . . . .
12 . . . . . . . . . . . . .
11 . . . . . . O . . . O . .
10 . . O . O . X O . X . . .
 9 . . . . . . O . . . . . .
 8 . . . . . X . . . X . . .
 7 . . . . . . O O O X . O .
 6 O . O . . . X O . O O . .
 5 X O . . . . O . . . . O .
 4 X @ O O . . . O . . O . .
 3 X X X O . X . O X O O . .
 2 . X X O O X1X X . X X O .
 1 X . X X O O2O . X . X . .

koPOSITIONALscoreAREAtaxNONEsui1komi7.5
Time taken: 0.203
Root visits: 27
New playouts: 27
NN rows: 18
NN batches: 4
NN avg batch size: 4.5
PV: B4 K11
Tree:
: T 116.08c W 100.00c S  15.96c (+147.2 L +145.8) N      27  --  B4 K11
---White(^)---
B4  : T 121.15c W 100.00c S  20.71c (+151.5 L +153.0) LCB   93.15c P 35.71% WF  38.5 PSV      47 N       5  --  B4 K11
K11 : T 117.05c W 100.00c S  16.73c (+147.4 L +147.2) LCB   89.12c P 14.36% WF  36.4 PSV      38 N       5  --  K11 B4 B6 pass
L10 : T 115.71c W 100.00c S  15.28c (+146.5 L +144.8) LCB   72.87c P  6.55% WF  28.5 PSV      10 N       4  --  L10 B4 B6
K12 : T 113.77c W 100.00c S  13.77c (+145.4 L +142.1) LCB -236.66c P  4.17% WF   7.8 PSV       4 N       1  --  K12
J12 : T 114.09c W 100.00c S  14.09c (+145.6 L +142.3) LCB -236.20c P  2.72% WF   7.8 PSV       2 N       1  --  J12
F10 : T 113.93c W 100.00c S  13.93c (+145.5 L +142.6) LCB -236.07c P  2.51% WF   7.8 PSV       2 N       1  --  F10
L12 : T 113.39c W 100.00c S  13.39c (+145.2 L +141.9) LCB -236.77c P  2.26% WF   7.8 PSV       2 N       1  --  L12
G12 : T 113.76c W 100.00c S  13.76c (+145.4 L +142.1) LCB -236.52c P  2.01% WF   7.8 PSV       2 N       1  --  G12
H11 : T 112.64c W 100.00c S  12.64c (+144.7 L +141.4) LCB -237.36c P  1.95% WF   7.7 PSV       1 N       1  --  H11
H12 : T 114.20c W 100.00c S  14.20c (+145.7 L +142.4) LCB -236.07c P  1.57% WF   7.7 PSV       1 N       1  --  H12

2024-05-21 18:11:36+0800: = B4
2024-05-21 18:11:41+0800: Controller: kata-list_time_settings
2024-05-21 18:11:41+0800: = none absolute byoyomi canadian fischer fischer-capped
2024-05-21 18:11:41+0800: Controller: play black pass
2024-05-21 18:11:41+0800: = 
2024-05-21 18:11:41+0800: Controller: genmove white
2024-05-21 18:11:41+0800: MoveNum: 71 HASH: 48A580158F1DC371E9A535C4ADD83BC1
   A B C D E F G H J K L M N
13 . . . . . . . . . . . . .
12 . . . . . . . . . . . . .
11 . . . . . . O . . @ O . .
10 . . O . O . X O . X . . .
 9 . . . . . . O . . . . . .
 8 . . . . . X . . . X . . .
 7 . . . . . . O O O X . O .
 6 O . O . . . X O . O O . .
 5 X O . . . . O . . . . O .
 4 X O2O O . . . O . . O . .
 3 X X X O . X . O X O O . .
 2 . X X O O X X X . X X O .
 1 X . X X O O O . X . X . .

koPOSITIONALscoreAREAtaxNONEsui1komi7.5
Time taken: 0.281
Root visits: 121
New playouts: 121
NN rows: 17
NN batches: 3
NN avg batch size: 5.66667
PV: K11 pass F4 pass
Tree:
: T 120.20c W 100.00c S  20.18c (+150.2 L +149.7) N     121  --  K11 pass F4 pass
---White(^)---
K11 : T 120.59c W 100.00c S  20.54c (+150.2 L +149.4) LCB  118.40c P 17.79% WF 162.5 PSV     162 N      21  --  K11 pass F4 pass
L10 : T 119.71c W 100.00c S  19.80c (+149.8 L +148.5) LCB  115.07c P 10.67% WF 100.2 PSV      56 N      13  --  L10 pass B6
M3  : T 120.44c W 100.00c S  20.16c (+150.5 L +152.0) LCB   92.33c P  6.18% WF  37.0 PSV      38 N       5  --  M3 K11
F10 : T 119.85c W 100.00c S  20.19c (+150.3 L +150.6) LCB  105.30c P  5.62% WF  52.5 PSV      31 N       7  --  F10 pass L10
H11 : T 120.89c W 100.00c S  20.72c (+150.6 L +150.6) LCB  116.52c P  2.41% WF  99.6 PSV      29 N      13  --  H11 pass K11 pass
J4  : T 120.25c W 100.00c S  20.20c (+150.5 L +150.5) LCB  113.79c P  4.07% WF  84.1 PSV      29 N      11  --  J4 K11 K12
F4  : T 120.58c W 100.00c S  20.62c (+150.8 L +150.9) LCB  117.12c P  2.55% WF 129.9 PSV      23 N      17  --  F4 pass K11 pass
B6  : T 120.08c W 100.00c S  19.96c (+150.3 L +151.5) LCB  105.58c P  3.28% WF  52.1 PSV      21 N       7  --  B6 K11 M10
D10 : T 119.95c W 100.00c S  19.81c (+149.9 L +150.4) LCB   45.75c P  2.03% WF  22.2 PSV      12 N       3  --  D10 K11
J10 : T 120.16c W 100.00c S  20.14c (+150.0 L +150.4) LCB   46.12c P  1.55% WF  22.5 PSV      10 N       3  --  J10 K11

2024-05-21 18:11:41+0800: = K11
2024-05-21 18:11:46+0800: Controller: kata-list_time_settings
2024-05-21 18:11:46+0800: = none absolute byoyomi canadian fischer fischer-capped
2024-05-21 18:11:46+0800: Controller: play black pass
2024-05-21 18:11:47+0800: = 
2024-05-21 18:11:47+0800: Controller: genmove white
2024-05-21 18:11:47+0800: MoveNum: 73 HASH: 108A915879C7CE2E4D0220510B785A29
   A B C D E F G H J K L M N
13 . . . . . . . . . . . . .
12 . . . . . . . . . . . . .
11 . . . . . . O . . O2O . .
10 . . O . O . X O . X . . .
 9 . . . . . . O . . . . . .
 8 . . . . . X . . . X . . .
 7 . . . . . . O O O X . O .
 6 O . O . . . X O . O O . .
 5 X O . . . . O . . . . O .
 4 X O O O . . . O @ . O . .
 3 X X X O . X . O X O O . .
 2 . X X O O X X X . X X O .
 1 X . X X O O O . X . X . .

koPOSITIONALscoreAREAtaxNONEsui1komi7.5
Time taken: 0.172
Root visits: 226
New playouts: 226
NN rows: 18
NN batches: 4
NN avg batch size: 4.5
PV: J4 pass J2 pass H1
Tree:
: T 123.91c W 100.00c S  23.93c (+150.1 L +149.4) N     226  --  J4 pass J2 pass H1
---White(^)---
J4  : T 124.74c W 100.00c S  24.69c (+150.9 L +150.8) LCB  123.77c P  7.10% WF 266.6 PSV     364 N      34  --  J4 pass J2 pass H1
M3  : T 124.50c W 100.00c S  24.49c (+150.5 L +149.9) LCB  123.26c P  7.96% WF 243.0 PSV     190 N      31  --  M3 pass B6 pass F10
B6  : T 124.10c W 100.00c S  24.06c (+150.1 L +149.5) LCB  122.66c P 10.38% WF 194.8 PSV     155 N      25  --  B6 pass M3 pass F10
M1  : T 124.35c W 100.00c S  24.40c (+150.4 L +149.2) LCB  122.31c P  4.49% WF 157.1 PSV      88 N      20  --  M1 pass J4 pass J2
F6  : T 124.03c W 100.00c S  24.13c (+150.5 L +150.0) LCB  119.24c P  4.28% WF  93.1 PSV      60 N      12  --  F6 pass F4
F4  : T 123.57c W 100.00c S  23.62c (+149.8 L +148.5) LCB  116.42c P  5.19% WF  77.5 PSV      51 N      10  --  F4 pass F6
H1  : T 124.30c W 100.00c S  24.26c (+150.6 L +150.1) LCB  121.24c P  2.70% WF 124.7 PSV      50 N      16  --  H1 pass J4
F10 : T 121.88c W 100.00c S  22.08c (+148.8 L +148.0) LCB  109.45c P  7.83% WF  61.0 PSV      37 N       8  --  F10 pass J4 pass
D10 : T 124.15c W 100.00c S  24.04c (+150.3 L +149.2) LCB  113.22c P  2.19% WF  62.2 PSV      34 N       8  --  D10 pass B6
G3  : T 124.06c W 100.00c S  23.97c (+150.2 L +148.9) LCB  104.68c P  1.42% WF  46.8 PSV      20 N       6  --  G3 pass F4

2024-05-21 18:11:47+0800: = J4
2024-05-21 18:11:52+0800: Controller: quit
2024-05-21 18:11:52+0800: Quit requested by controller
2024-05-21 18:11:52+0800: = 
2024-05-21 18:11:52+0800: GPU -1 finishing, processed 74252 rows 7218 batches
2024-05-21 18:11:53+0800: All cleaned up, quitting
