2024-05-18 20:55:48+0800: Running with following config:
allowResignation = true
lagBuffer = 1.0
logAllGTPCommunication = true
logDir = gtp_logs
logSearchInfo = true
logSearchInfoForChosenMove = false
logToStderr = false
maxTime = 3.0
maxTimePondering = 120.0
numSearchThreads = 16
ogsChatToStderr = true
ponderingEnabled = true
resignConsecTurns = 3
resignThreshold = -0.90
rules = tromp-taylor
searchFactorAfterOnePass = 0.50
searchFactorAfterTwoPass = 0.25
searchFactorWhenWinning = 0.40
searchFactorWhenWinningThreshold = 0.95

2024-05-18 20:55:48+0800: GTP Engine starting...
2024-05-18 20:55:48+0800: KataGo v1.14.1
2024-05-18 20:55:48+0800: Using TrompTaylor rules initially, unless GTP/GUI overrides this
2024-05-18 20:55:48+0800: Using 16 CPU thread(s) for search
2024-05-18 20:55:49+0800: nnRandSeed0 = 2832170045308249103
2024-05-18 20:55:49+0800: After dedups: nnModelFile0 = C:\Users\chang\Downloads\KaTrain\KaTrain\katrain\models/kata1-b18c384nbt-s6582191360-d3422816034.bin.gz useFP16 auto useNHWC auto
2024-05-18 20:55:49+0800: Initializing neural net buffer to be size 19 * 19 exactly
2024-05-18 20:55:50+0800: Found OpenCL Platform 0: NVIDIA CUDA (NVIDIA Corporation) (OpenCL 3.0 CUDA 12.4.89)
2024-05-18 20:55:50+0800: Found 1 device(s) on platform 0 with type CPU or GPU or Accelerator
2024-05-18 20:55:50+0800: Found OpenCL Platform 1: Intel(R) OpenCL Graphics (Intel(R) Corporation) (OpenCL 3.0 )
2024-05-18 20:55:50+0800: Found 1 device(s) on platform 1 with type CPU or GPU or Accelerator
2024-05-18 20:55:50+0800: Found OpenCL Device 0: NVIDIA GeForce RTX 4060 Laptop GPU (NVIDIA Corporation) (score 11000300)
2024-05-18 20:55:50+0800: Found OpenCL Device 1: Intel(R) UHD Graphics (Intel(R) Corporation) (score 6000300)
2024-05-18 20:55:50+0800: Creating context for OpenCL Platform: NVIDIA CUDA (NVIDIA Corporation) (OpenCL 3.0 CUDA 12.4.89)
2024-05-18 20:55:50+0800: Using OpenCL Device 0: NVIDIA GeForce RTX 4060 Laptop GPU (NVIDIA Corporation) OpenCL 3.0 CUDA (Extensions: cl_khr_global_int32_base_atomics cl_khr_global_int32_extended_atomics cl_khr_local_int32_base_atomics cl_khr_local_int32_extended_atomics cl_khr_fp64 cl_khr_3d_image_writes cl_khr_byte_addressable_store cl_khr_icd cl_khr_gl_sharing cl_nv_compiler_options cl_nv_device_attribute_query cl_nv_pragma_unroll cl_nv_d3d10_sharing cl_khr_d3d10_sharing cl_nv_d3d11_sharing cl_nv_copy_opts cl_nv_create_buffer cl_khr_int64_base_atomics cl_khr_int64_extended_atomics cl_khr_device_uuid cl_khr_pci_bus_info cl_khr_external_semaphore cl_khr_external_memory cl_khr_external_semaphore_win32 cl_khr_external_memory_win32)
2024-05-18 20:55:50+0800: Loaded tuning parameters from: C:\Users\chang\Downloads\katago-v1.14.1-opencl-windows-x64/KataGoData/opencltuning/tune11_gpuNVIDIAGeForceRTX4060LaptopGPU_x19_y19_c384_mv14.txt
2024-05-18 20:55:50+0800: OpenCL backend thread 0: Model version 14
2024-05-18 20:55:50+0800: OpenCL backend thread 0: Model name: kata1-b18c384nbt-s6582191360-d3422816034
2024-05-18 20:55:51+0800: OpenCL backend thread 0: FP16Storage true FP16Compute false FP16TensorCores true FP16TensorCoresFor1x1 false
2024-05-18 20:55:51+0800: Loaded neural net with nnXLen 19 nnYLen 19
2024-05-18 20:55:51+0800: Initializing board with boardXSize 19 boardYSize 19
2024-05-18 20:55:51+0800: Loaded config C:/Users/chang/Downloads/katago-v1.14.1-opencl-windows-x64/default_gtp.cfg
2024-05-18 20:55:51+0800: Loaded model C:\Users\chang\Downloads\KaTrain\KaTrain\katrain\models/kata1-b18c384nbt-s6582191360-d3422816034.bin.gz
2024-05-18 20:55:51+0800: Model name: kata1-b18c384nbt-s6582191360-d3422816034
2024-05-18 20:55:51+0800: GTP ready, beginning main protocol loop
2024-05-18 20:55:51+0800: Controller: list_commands
2024-05-18 20:55:51+0800: = protocol_version
name
version
known_command
list_commands
quit
boardsize
rectangular_boardsize
clear_board
set_position
komi
get_komi
play
undo
kata-get-rules
kata-set-rule
kata-set-rules
kata-get-param
kata-set-param
kata-list-params
kgs-rules
genmove
genmove_debug
search_debug
clear_cache
showboard
fixed_handicap
place_free_handicap
set_free_handicap
time_settings
kgs-time_settings
time_left
kata-list_time_settings
kata-time_settings
final_score
final_status_list
loadsgf
printsgf
lz-genmove_analyze
kata-genmove_analyze
lz-analyze
kata-analyze
kata-raw-nn
cputime
gomill-cpu_time
kata-benchmark
kata-debug-print-tc
debug_moves
stop
2024-05-18 20:55:51+0800: Controller: boardsize 9
2024-05-18 20:55:51+0800: GPU -1 finishing, processed 0 rows 0 batches
2024-05-18 20:55:51+0800: Cleaned up old neural net and bot
2024-05-18 20:55:51+0800: nnRandSeed0 = 14433506426507708941
2024-05-18 20:55:51+0800: After dedups: nnModelFile0 = C:\Users\chang\Downloads\KaTrain\KaTrain\katrain\models/kata1-b18c384nbt-s6582191360-d3422816034.bin.gz useFP16 auto useNHWC auto
2024-05-18 20:55:51+0800: Initializing neural net buffer to be size 9 * 9 exactly
2024-05-18 20:55:53+0800: Found OpenCL Platform 0: NVIDIA CUDA (NVIDIA Corporation) (OpenCL 3.0 CUDA 12.4.89)
2024-05-18 20:55:53+0800: Found 1 device(s) on platform 0 with type CPU or GPU or Accelerator
2024-05-18 20:55:53+0800: Found OpenCL Platform 1: Intel(R) OpenCL Graphics (Intel(R) Corporation) (OpenCL 3.0 )
2024-05-18 20:55:53+0800: Found 1 device(s) on platform 1 with type CPU or GPU or Accelerator
2024-05-18 20:55:53+0800: Found OpenCL Device 0: NVIDIA GeForce RTX 4060 Laptop GPU (NVIDIA Corporation) (score 11000300)
2024-05-18 20:55:53+0800: Found OpenCL Device 1: Intel(R) UHD Graphics (Intel(R) Corporation) (score 6000300)
2024-05-18 20:55:53+0800: Creating context for OpenCL Platform: NVIDIA CUDA (NVIDIA Corporation) (OpenCL 3.0 CUDA 12.4.89)
2024-05-18 20:55:53+0800: Using OpenCL Device 0: NVIDIA GeForce RTX 4060 Laptop GPU (NVIDIA Corporation) OpenCL 3.0 CUDA (Extensions: cl_khr_global_int32_base_atomics cl_khr_global_int32_extended_atomics cl_khr_local_int32_base_atomics cl_khr_local_int32_extended_atomics cl_khr_fp64 cl_khr_3d_image_writes cl_khr_byte_addressable_store cl_khr_icd cl_khr_gl_sharing cl_nv_compiler_options cl_nv_device_attribute_query cl_nv_pragma_unroll cl_nv_d3d10_sharing cl_khr_d3d10_sharing cl_nv_d3d11_sharing cl_nv_copy_opts cl_nv_create_buffer cl_khr_int64_base_atomics cl_khr_int64_extended_atomics cl_khr_device_uuid cl_khr_pci_bus_info cl_khr_external_semaphore cl_khr_external_memory cl_khr_external_semaphore_win32 cl_khr_external_memory_win32)
2024-05-18 20:55:53+0800: Loaded tuning parameters from: C:\Users\chang\Downloads\katago-v1.14.1-opencl-windows-x64/KataGoData/opencltuning/tune11_gpuNVIDIAGeForceRTX4060LaptopGPU_x19_y19_c384_mv14.txt
2024-05-18 20:55:53+0800: OpenCL backend thread 0: Model version 14
2024-05-18 20:55:53+0800: OpenCL backend thread 0: Model name: kata1-b18c384nbt-s6582191360-d3422816034
2024-05-18 20:55:54+0800: OpenCL backend thread 0: FP16Storage true FP16Compute false FP16TensorCores true FP16TensorCoresFor1x1 false
2024-05-18 20:55:54+0800: Loaded neural net with nnXLen 9 nnYLen 9
2024-05-18 20:55:54+0800: Initializing board with boardXSize 9 boardYSize 9
2024-05-18 20:55:54+0800: = 
2024-05-18 20:55:54+0800: Controller: clear_board
2024-05-18 20:55:54+0800: = 
2024-05-18 20:55:54+0800: Controller: komi -2.5
2024-05-18 20:55:54+0800: = 
2024-05-18 20:55:54+0800: Controller: set_free_handicap e5 g5 c5
2024-05-18 20:55:54+0800: = 
2024-05-18 20:55:54+0800: Controller: genmove white
2024-05-18 20:55:57+0800: MoveNum: 0 HASH: 6BA8818E509B0BD35E1FCFA211F250EF
   A B C D E F G H J
 9 . . . . . . . . .
 8 . . . . . . . . .
 7 . . . . . . . . .
 6 . . . . . . . . .
 5 . . X . X . X . .
 4 . . . . . . . . .
 3 . . . . @ . . . .
 2 . . . . . . . . .
 1 . . . . . . . . .

koPOSITIONALscoreAREAtaxNONEsui1komi-2.5
Time taken: 3
Root visits: 4155
New playouts: 4155
NN rows: 3778
NN batches: 309
NN avg batch size: 12.2265
PlayoutDoublingAdvantage: 2.75
PV: E3 C3 G3 F7 E7 E8 C2 B2 D3 C4
Tree:
: T -120.24c W -99.99c S -20.09c (-33.4 L -33.6) N    4155  --  E3 C3 G3 F7 E7 E8 C2
---White(^)---
E3  : T -120.16c W -99.99c S -20.03c (-33.3 L -33.6) LCB -120.38c P 21.00% WF 29142.8 PSV   29123 N    3943  --  E3 C3 G3 F7 E7 E8 C2 B2
D3  : T -121.33c W -100.00c S -20.90c (-34.0 L -34.3) LCB -123.30c P  5.24% WF 458.9 PSV     449 N      61  --  D3 F3 F4 E4 E7 C7
D4  : T -121.15c W -99.99c S -20.70c (-33.7 L -33.9) LCB -122.97c P  3.70% WF 435.3 PSV     372 N      58  --  D4 F3 E3 E4
E2  : T -120.86c W -100.00c S -20.19c (-33.6 L -34.0) LCB -122.86c P  1.49% WF 255.6 PSV     206 N      34  --  E2 F3 C3 C7
B5  : T -121.96c W -100.00c S -21.69c (-34.5 L -34.8) LCB -124.62c P  1.83% WF 173.7 PSV     103 N      23  --  B5 C6 C4 D4
C4  : T -121.83c W -100.00c S -21.92c (-34.5 L -34.9) LCB -128.07c P  1.01% WF  98.8 PSV      61 N      13  --  C4 D4 F6 G6
C3  : T -122.56c W -100.00c S -22.35c (-35.2 L -35.8) LCB -133.95c P  1.05% WF  60.6 PSV      45 N       8  --  C3 E3 F4
B4  : T -124.19c W -100.00c S -24.24c (-36.2 L -36.5) LCB -273.30c P  0.43% WF  15.3 PSV      11 N       2  --  B4 D3
E4  : T -123.69c W -100.00c S -23.81c (-35.9 L -36.3) LCB -273.07c P  0.37% WF  15.4 PSV      10 N       2  --  E4 F4
D2  : T -124.05c W -100.00c S -24.10c (-36.1 L -36.3) LCB -273.19c P  0.37% WF  15.3 PSV       9 N       2  --  D2 E3

2024-05-18 20:55:57+0800: = E3
2024-05-18 20:56:01+0800: Controller: kata-list_time_settings
2024-05-18 20:56:01+0800: = none absolute byoyomi canadian fischer fischer-capped
2024-05-18 20:56:01+0800: Controller: play black g3
2024-05-18 20:56:01+0800: = 
2024-05-18 20:56:01+0800: Controller: genmove white
2024-05-18 20:56:05+0800: MoveNum: 2 HASH: B11306F58EC3F5EFBB9D2865A5013D0B
   A B C D E F G H J
 9 . . . . . . . . .
 8 . . . . . . . . .
 7 . . . . . . . . .
 6 . . . . . . . . .
 5 . . X . X . X . .
 4 . . . . . . . . .
 3 . . @ . O1. X2. .
 2 . . . . . . . . .
 1 . . . . . . . . .

koPOSITIONALscoreAREAtaxNONEsui1komi-2.5
Time taken: 3.015
Root visits: 13784
New playouts: 5281
NN rows: 3972
NN batches: 324
NN avg batch size: 12.2593
PlayoutDoublingAdvantage: 2.75
PV: C3 C4 G2 B3 F6 F5 D7 E8 G7 D8 C7 E7 E6 D6 H8 G6
Tree:
: T -119.31c W -99.99c S -19.08c (-33.6 L -33.9) N   13784  --  C3 C4 G2 B3 F6 F5 D7
---White(^)---
C3  : T -119.14c W -99.99c S -18.91c (-33.5 L -33.8) LCB -119.31c P 23.53% WF 73666.6 PSV   73475 N   10221  --  C3 C4 G2 B3 F6 F5 D7 E8
D7  : T -119.20c W -99.99c S -18.98c (-33.5 L -33.8) LCB -119.48c P 11.92% WF 19914.2 PSV   19926 N    2774  --  D7 C3 G7 G6 C2 B2 F7 C7
E7  : T -121.98c W -100.00c S -21.87c (-35.1 L -35.3) LCB -122.85c P 19.95% WF 1564.2 PSV    1631 N     217  --  E7 C3 D6 C6 C7 G7 B7
F4  : T -121.92c W -100.00c S -21.54c (-35.1 L -35.3) LCB -123.34c P  9.07% WF 728.8 PSV     756 N     100  --  F4 F5 C3 B4 B3 C7 C8
G2  : T -121.02c W -99.99c S -20.66c (-34.5 L -34.9) LCB -122.55c P  4.85% WF 605.5 PSV     591 N      82  --  G2 C3 F7 D7 D8
F7  : T -120.80c W -99.99c S -20.47c (-34.3 L -34.5) LCB -122.31c P  4.10% WF 565.3 PSV     564 N      77  --  F7 D7 C3 B4 D8 C8
F6  : T -121.37c W -99.99c S -21.19c (-34.9 L -35.1) LCB -123.06c P  4.68% WF 480.3 PSV     483 N      65  --  F6 D7 F5 F4 E4 D4
D6  : T -120.28c W -99.99c S -20.22c (-34.3 L -34.7) LCB -122.10c P  2.39% WF 467.7 PSV     469 N      63  --  D6 D5 F7 E7 G2
B3  : T -121.66c W -100.00c S -21.29c (-34.8 L -35.1) LCB -123.41c P  3.19% WF 289.7 PSV     292 N      39  --  B3 C3 C2 B4
B4  : T -121.65c W -99.99c S -21.32c (-35.0 L -35.4) LCB -123.55c P  2.33% WF 223.0 PSV     214 N      30  --  B4 B5 F7 E8

2024-05-18 20:56:05+0800: = C3
2024-05-18 20:56:07+0800: Controller: kata-list_time_settings
2024-05-18 20:56:07+0800: = none absolute byoyomi canadian fischer fischer-capped
2024-05-18 20:56:07+0800: Controller: play black c7
2024-05-18 20:56:07+0800: = 
2024-05-18 20:56:07+0800: Controller: genmove white
2024-05-18 20:56:10+0800: MoveNum: 4 HASH: FDFCEB1DA5FD520106474074B4BFB68A
   A B C D E F G H J
 9 . . . . . . . . .
 8 . . . . . . . . .
 7 . . X3@ . . . . .
 6 . . . . . . . . .
 5 . . X . X . X . .
 4 . . . . . . . . .
 3 . . O2. O . X1. .
 2 . . . . . . . . .
 1 . . . . . . . . .

koPOSITIONALscoreAREAtaxNONEsui1komi-2.5
Time taken: 3
Root visits: 5438
New playouts: 4407
NN rows: 3546
NN batches: 304
NN avg batch size: 11.6645
PlayoutDoublingAdvantage: 2.75
PV: D7 D6 G2 H2 E7 G7 G8 F8 F3 G4 B4 B5
Tree:
: T -119.51c W -99.99c S -19.31c (-33.5 L -33.9) N    5438  --  D7 D6 G2 H2 E7 G7 G8
---White(^)---
D7  : T -119.34c W -99.99c S -19.12c (-33.4 L -33.8) LCB -119.66c P 34.15% WF 23423.1 PSV   23363 N    3309  --  D7 D6 G2 H2 E7 G7 G8 F8
G7  : T -119.43c W -99.99c S -19.29c (-33.5 L -33.8) LCB -120.02c P 12.62% WF 6188.9 PSV    5929 N     860  --  G7 F8 E6 D6 G2 H2 F2
G2  : T -119.44c W -99.99c S -19.25c (-33.4 L -33.7) LCB -120.03c P 11.29% WF 5364.1 PSV    5113 N     750  --  G2 H2 D7 D6 E7 G7 G8 F8
F4  : T -120.28c W -99.99c S -20.34c (-34.1 L -34.3) LCB -121.42c P 10.68% WF 1289.2 PSV    1258 N     178  --  F4 F5 D7 E8 D8 C4
G6  : T -120.15c W -100.00c S -20.08c (-34.0 L -34.2) LCB -121.47c P  5.65% WF 870.1 PSV     753 N     120  --  G6 F6 F4 G4 G7 E8 F5 E2
F7  : T -120.73c W -100.00c S -20.38c (-33.9 L -34.0) LCB -122.13c P  6.73% WF 601.4 PSV     565 N      83  --  F7 H7 G2 F3 F2
B4  : T -121.60c W -99.98c S -21.25c (-35.1 L -35.2) LCB -124.29c P  3.81% WF 204.8 PSV     206 N      28  --  B4 E2 F2 D2 F3
D6  : T -121.14c W -99.99c S -20.64c (-34.4 L -34.7) LCB -124.77c P  2.16% WF 182.6 PSV     144 N      25  --  D6 D5 D7 B4
B5  : T -121.29c W -100.00c S -21.37c (-34.8 L -34.9) LCB -126.57c P  1.41% WF  95.5 PSV      87 N      13  --  B5 B6 G7
C8  : T -120.90c W -100.00c S -21.00c (-34.3 L -34.7) LCB -125.37c P  0.95% WF  96.8 PSV      72 N      13  --  C8 D7 F7

2024-05-18 20:56:10+0800: = D7
2024-05-18 20:56:13+0800: Controller: kata-list_time_settings
2024-05-18 20:56:13+0800: = none absolute byoyomi canadian fischer fischer-capped
2024-05-18 20:56:13+0800: Controller: play black e7
2024-05-18 20:56:13+0800: = 
2024-05-18 20:56:13+0800: Controller: genmove white
2024-05-18 20:56:16+0800: MoveNum: 6 HASH: BD4448011F6B533ED060F2544CBD0708
   A B C D E F G H J
 9 . . . . . . . . .
 8 . . . . . . . . .
 7 . . X1O2X3. . . .
 6 . . . . . . . . .
 5 . . X . X . X . .
 4 . . . . . . . . .
 3 . . O . O . X . .
 2 . . . . . . @ . .
 1 . . . . . . . . .

koPOSITIONALscoreAREAtaxNONEsui1komi-2.5
Time taken: 3.032
Root visits: 4539
New playouts: 4469
NN rows: 3667
NN batches: 306
NN avg batch size: 11.9837
PlayoutDoublingAdvantage: 2.75
PV: G2 D2 E8 D6 F3 G4 C4 H2 D8
Tree:
: T -118.71c W -99.98c S -18.47c (-31.6 L -32.0) N    4539  --  G2 D2 E8 D6 F3 G4 C4
---White(^)---
G2  : T -118.39c W -99.98c S -18.15c (-31.3 L -31.8) LCB -118.72c P 17.88% WF 23836.1 PSV   23713 N    3562  --  G2 D2 E8 D6 F3 G4 C4 H2
D6  : T -119.46c W -99.99c S -19.19c (-32.1 L -32.5) LCB -120.10c P 42.63% WF 4313.4 PSV    4327 N     635  --  D6 D5 G2 B4 F3 H4 E8 F7
F4  : T -119.91c W -99.98c S -19.67c (-32.5 L -32.8) LCB -121.35c P 16.63% WF 1209.3 PSV    1213 N     177  --  F4 G4 D6 E6 E8 D5 C8 C6
G6  : T -119.58c W -99.99c S -19.64c (-32.2 L -32.6) LCB -121.69c P  5.86% WF 514.5 PSV     522 N      72  --  G6 F6 D6 D5 E8 F8
E8  : T -120.40c W -100.00c S -20.31c (-32.7 L -33.1) LCB -124.60c P  2.90% WF 177.3 PSV     162 N      25  --  E8 D6 F4 G4 F7 D8
B4  : T -120.47c W -99.99c S -20.67c (-33.0 L -33.3) LCB -123.89c P  2.38% WF 129.9 PSV     128 N      18  --  B4 B5 E8 F7
F3  : T -120.37c W -99.99c S -20.41c (-32.9 L -33.2) LCB -127.41c P  1.31% WF  85.2 PSV      74 N      12  --  F3 G2 F4 F5
B5  : T -123.27c W -100.00c S -23.06c (-33.8 L -33.8) LCB -166.09c P  1.09% WF  29.1 PSV      25 N       4  --  B5 B6
H5  : T -123.32c W -100.00c S -22.76c (-33.8 L -34.0) LCB -166.19c P  1.06% WF  29.4 PSV      24 N       4  --  H5 H4
F2  : T -123.25c W -100.00c S -23.45c (-34.3 L -34.3) LCB -197.06c P  0.94% WF  22.2 PSV      22 N       3  --  F2 B3

2024-05-18 20:56:16+0800: = G2
2024-05-18 20:56:20+0800: Controller: kata-list_time_settings
2024-05-18 20:56:20+0800: = none absolute byoyomi canadian fischer fischer-capped
2024-05-18 20:56:20+0800: Controller: play black h3
2024-05-18 20:56:20+0800: = 
2024-05-18 20:56:20+0800: Controller: genmove white
2024-05-18 20:56:23+0800: MoveNum: 8 HASH: 17E396F0E8292C7971BEB50C8C984152
   A B C D E F G H J
 9 . . . . . . . . .
 8 . . . . . . . . .
 7 . . X O X1. . . .
 6 . . . @ . . . . .
 5 . . X . X . X . .
 4 . . . . . . . . .
 3 . . O . O . X X3.
 2 . . . . . . O2. .
 1 . . . . . . . . .

koPOSITIONALscoreAREAtaxNONEsui1komi-2.5
Time taken: 3.032
Root visits: 4025
New playouts: 4023
NN rows: 3446
NN batches: 295
NN avg batch size: 11.6814
PlayoutDoublingAdvantage: 2.75
PV: D6 D5 E8 E6 B4 D8 H2 D2 D3 F2
Tree:
: T -118.63c W -99.92c S -18.35c (-30.2 L -30.8) N    4025  --  D6 D5 E8 E6 B4 D8 H2
---White(^)---
D6  : T -118.41c W -99.91c S -18.13c (-30.1 L -30.8) LCB -118.90c P 52.83% WF 22328.8 PSV   22277 N    3698  --  D6 D5 E8 E6 B4 D8 H2 D2
G6  : T -119.65c W -99.99c S -19.55c (-30.4 L -30.9) LCB -120.86c P 13.36% WF 1051.0 PSV    1044 N     151  --  G6 F8 F3 H2 D6 D8
E8  : T -120.51c W -99.99c S -20.55c (-31.1 L -31.6) LCB -123.75c P  7.42% WF 364.6 PSV     370 N      54  --  E8 D6 G6 F2 F7 D8
B4  : T -121.62c W -100.00c S -21.50c (-31.3 L -31.5) LCB -123.41c P  8.18% WF 283.3 PSV     279 N      41  --  B4 B5 E8 F7 H2 C4
F3  : T -121.59c W -99.99c S -21.30c (-31.6 L -31.9) LCB -124.86c P  4.08% WF 147.8 PSV     140 N      21  --  F3 B3 D6 C4
H2  : T -121.14c W -99.99c S -20.75c (-31.0 L -31.3) LCB -124.91c P  2.90% WF 126.1 PSV     114 N      18  --  H2 B3 D6 C4
B5  : T -122.62c W -100.00c S -22.59c (-32.0 L -32.0) LCB -142.07c P  1.55% WF  42.3 PSV      41 N       6  --  B5 B6 B4
B6  : T -123.98c W -100.00c S -24.02c (-33.2 L -33.0) LCB -166.92c P  1.45% WF  28.4 PSV      29 N       4  --  B6 B5
H5  : T -122.54c W -100.00c S -22.80c (-32.5 L -32.5) LCB -196.36c P  0.72% WF  21.9 PSV      19 N       3  --  H5 F3
F4  : T -122.96c W -100.00c S -22.61c (-32.2 L -32.4) LCB -271.90c P  0.63% WF  14.5 PSV      15 N       2  --  F4 F5

2024-05-18 20:56:23+0800: = D6
2024-05-18 20:56:28+0800: Controller: kata-list_time_settings
2024-05-18 20:56:28+0800: = none absolute byoyomi canadian fischer fischer-capped
2024-05-18 20:56:28+0800: Controller: play black d5
2024-05-18 20:56:28+0800: = 
2024-05-18 20:56:28+0800: Controller: genmove white
2024-05-18 20:56:31+0800: MoveNum: 10 HASH: F6DF7A24D810F82C42983CC7D63A43AF
   A B C D E F G H J
 9 . . . . . . . . .
 8 . . . . @ . . . .
 7 . . X O X . . . .
 6 . . . O2. . . . .
 5 . . X X3X . X . .
 4 . . . . . . . . .
 3 . . O . O . X X1.
 2 . . . . . . O . .
 1 . . . . . . . . .

koPOSITIONALscoreAREAtaxNONEsui1komi-2.5
Time taken: 3
Root visits: 13717
New playouts: 3859
NN rows: 3389
NN batches: 299
NN avg batch size: 11.3344
PlayoutDoublingAdvantage: 2.75
PV: E8 E6 B4 B6 F2 H2 F4 G7 H1 G4 C4 F3 E4
Tree:
: T -118.11c W -99.93c S -17.64c (-30.9 L -31.5) N   13717  --  E8 E6 B4 B6 F2 H2 F4
---White(^)---
E8  : T -117.93c W -99.93c S -17.43c (-30.8 L -31.4) LCB -118.16c P 34.59% WF 73022.5 PSV   72803 N   12092  --  E8 E6 B4 B6 F2 H2 F4 G7
E6  : T -118.59c W -99.93c S -18.17c (-31.6 L -32.3) LCB -120.21c P  9.75% WF 3102.2 PSV    3100 N     535  --  E6 F6 F7 E8 D8 F8 G7 G8
C6  : T -120.57c W -99.95c S -20.50c (-33.1 L -33.6) LCB -122.28c P 22.90% WF 2043.3 PSV    2070 N     321  --  C6 B6 B7 B4 A6 B5 D8 D2
G6  : T -118.38c W -99.98c S -18.26c (-31.1 L -31.6) LCB -119.56c P  4.14% WF 1813.0 PSV    1825 N     272  --  G6 F6 G7 E8 F3 H2 H5 H4
B4  : T -119.99c W -99.99c S -19.76c (-31.6 L -32.0) LCB -121.28c P  7.30% WF 815.7 PSV     838 N     123  --  B4 B5 G6 G7 F6 E6 F3
C8  : T -119.81c W -99.97c S -19.57c (-31.9 L -32.6) LCB -121.56c P  6.66% WF 820.9 PSV     834 N     127  --  C8 B7 B4 B5 F7 E6 G6
F3  : T -119.10c W -99.98c S -18.88c (-31.6 L -32.1) LCB -120.55c P  4.31% WF 836.6 PSV     832 N     124  --  F3 B3 B2 B4 G6 F6
H2  : T -119.87c W -99.99c S -19.45c (-31.7 L -32.2) LCB -122.12c P  2.02% WF 251.8 PSV     245 N      37  --  H2 B4 F3 D2 D3
D8  : T -120.09c W -99.96c S -20.07c (-32.5 L -33.4) LCB -123.85c P  2.02% WF 221.6 PSV     221 N      32  --  D8 C6 E6 F6 F7 G7
B6  : T -122.06c W -100.00c S -21.89c (-32.8 L -32.8) LCB -127.25c P  1.51% WF  88.4 PSV      89 N      13  --  B6 C6 B5 B7 H2

2024-05-18 20:56:31+0800: = E8
2024-05-18 20:56:33+0800: Controller: kata-list_time_settings
2024-05-18 20:56:33+0800: = none absolute byoyomi canadian fischer fischer-capped
2024-05-18 20:56:33+0800: Controller: play black f7
2024-05-18 20:56:33+0800: = 
2024-05-18 20:56:33+0800: Controller: genmove white
2024-05-18 20:56:36+0800: MoveNum: 12 HASH: 865F8F1D886944C2C71D607CE65CFCE2
   A B C D E F G H J
 9 . . . . . . . . .
 8 . . . . O2@ . . .
 7 . . X O X X3. . .
 6 . . . O . . . . .
 5 . . X X1X . X . .
 4 . . . . . . . . .
 3 . . O . O . X X .
 2 . . . . . . O . .
 1 . . . . . . . . .

koPOSITIONALscoreAREAtaxNONEsui1komi-2.5
Time taken: 3.016
Root visits: 4596
New playouts: 4295
NN rows: 3594
NN batches: 298
NN avg batch size: 12.0604
PlayoutDoublingAdvantage: 2.75
PV: F8 B4 G7 H7 E6 F6 G6 F5 H6 D2 D3 B2 B3 A3 H5 D8 H2
Tree:
: T -118.81c W -99.90c S -18.43c (-30.4 L -31.1) N    4596  --  F8 B4 G7 H7 E6 F6 G6
---White(^)---
F8  : T -118.64c W -99.92c S -18.17c (-30.4 L -31.0) LCB -119.22c P 31.84% WF 14641.8 PSV   16599 N    2531  --  F8 B4 G7 H7 E6 F6 G6 F5
C6  : T -118.78c W -99.88c S -18.52c (-30.4 L -31.1) LCB -119.45c P 42.48% WF 10413.1 PSV   10426 N    1847  --  C6 B6 B7 B4 C8 D2 D3 B3
B7  : T -119.71c W -99.93c S -19.46c (-31.1 L -31.7) LCB -121.62c P 10.28% WF 928.4 PSV     941 N     153  --  B7 B4 C6 B2 C2 F2 B5 A5
G6  : T -123.83c W -99.98c S -23.27c (-33.7 L -34.1) LCB -133.66c P  2.94% WF  63.2 PSV      66 N       9  --  G6 B4 C8
C8  : T -121.96c W -99.97c S -21.62c (-32.4 L -32.7) LCB -133.59c P  1.71% WF  71.0 PSV      59 N      11  --  C8 B7 B4 B5 H2
B6  : T -123.08c W -99.98c S -22.41c (-32.7 L -33.2) LCB -138.61c P  1.89% WF  47.4 PSV      49 N       7  --  B6 C6 B7 B5
B4  : T -122.99c W -100.00c S -22.96c (-32.3 L -32.6) LCB -142.71c P  1.48% WF  41.9 PSV      40 N       6  --  B4 B5 B7
B5  : T -123.09c W -100.00c S -22.81c (-32.3 L -32.4) LCB -142.92c P  1.25% WF  40.5 PSV      33 N       6  --  B5 C6 B4
H2  : T -123.06c W -100.00c S -22.95c (-32.4 L -32.3) LCB -142.96c P  1.18% WF  41.0 PSV      31 N       6  --  H2 B4 B3
G7  : T -122.82c W -99.97c S -22.34c (-32.6 L -32.8) LCB -151.05c P  0.80% WF  34.5 PSV      22 N       5  --  G7 F8 C6 B6

2024-05-18 20:56:36+0800: = F8
2024-05-18 20:56:42+0800: Controller: kata-list_time_settings
2024-05-18 20:56:42+0800: = none absolute byoyomi canadian fischer fischer-capped
2024-05-18 20:56:42+0800: Controller: play black g8
2024-05-18 20:56:42+0800: = 
2024-05-18 20:56:42+0800: Controller: genmove white
2024-05-18 20:56:45+0800: MoveNum: 14 HASH: A9C6B7D0508780930442EF27CE463CEA
   A B C D E F G H J
 9 . . . . . . . . .
 8 . . . . O O2X3@ .
 7 . . X O X X1. . .
 6 . . . O . . . . .
 5 . . X X X . X . .
 4 . . . . . . . . .
 3 . . O . O . X X .
 2 . . . . . . O . .
 1 . . . . . . . . .

koPOSITIONALscoreAREAtaxNONEsui1komi-2.5
Time taken: 3
Root visits: 16162
New playouts: 6366
NN rows: 3464
NN batches: 297
NN avg batch size: 11.6633
PlayoutDoublingAdvantage: 2.75
PV: H8 G7 B7 B4 C6 B6 C8 B2 E6 F6 F4 F3 A6 B5 E4 F5 F2 H2 G9
Tree:
: T -119.50c W -99.91c S -18.90c (-32.7 L -33.4) N   16162  --  H8 G7 B7 B4 C6 B6 C8
---White(^)---
H8  : T -119.23c W -99.89c S -18.72c (-32.3 L -33.1) LCB -119.57c P  4.17% WF 31141.6 PSV   73161 N    5319  --  H8 G7 B7 B4 C6 B6 C8 B2
G7  : T -119.42c W -99.92c S -18.71c (-32.7 L -33.4) LCB -119.83c P 25.02% WF 34761.1 PSV   34708 N    5763  --  G7 H7 F5 F4 H8 G6 C6 B6
G9  : T -119.48c W -99.94c S -18.90c (-32.9 L -33.5) LCB -120.30c P  8.67% WF 9306.5 PSV    9313 N    1535  --  G9 H8 G7 H7 G6 E6 B6 C6
C6  : T -120.65c W -99.85c S -20.18c (-33.8 L -34.5) LCB -121.40c P 36.40% WF 7211.2 PSV    7397 N    1233  --  C6 B6 B7 B4 C8 B2 H2 F3
B7  : T -119.80c W -99.91c S -19.21c (-33.1 L -33.7) LCB -120.41c P 14.05% WF 6982.2 PSV    6963 N    1159  --  B7 B4 H8 G7 C6 B6 C8 B2
B4  : T -119.32c W -99.96c S -18.76c (-32.2 L -32.6) LCB -120.45c P  0.92% WF 2592.5 PSV    2384 N     413  --  B4 B5 F2 H2 B7 C8 A5 A6
G6  : T -119.45c W -99.96c S -18.94c (-32.7 L -33.3) LCB -121.09c P  1.22% WF 1642.4 PSV    1450 N     259  --  G6 G7 B7 B4 C6 B6 H2 C8
H7  : T -119.39c W -99.94c S -18.74c (-32.8 L -33.3) LCB -121.62c P  0.78% WF 1490.6 PSV    1263 N     243  --  H7 G7 B7 B4 C6 B6 A6 B5
B6  : T -121.07c W -99.97c S -20.79c (-33.8 L -34.0) LCB -123.51c P  3.30% WF 508.2 PSV     517 N      79  --  B6 C6 B5 B7 B4 D2
H6  : T -119.48c W -99.96c S -18.77c (-32.8 L -33.4) LCB -122.41c P  0.27% WF 396.8 PSV     294 N      62  --  H6 C8 D8 B4 G7 H8

2024-05-18 20:56:45+0800: = H8
2024-05-18 20:56:49+0800: Controller: kata-list_time_settings
2024-05-18 20:56:49+0800: = none absolute byoyomi canadian fischer fischer-capped
2024-05-18 20:56:49+0800: Controller: play black g7
2024-05-18 20:56:49+0800: = 
2024-05-18 20:56:49+0800: Controller: genmove white
2024-05-18 20:56:52+0800: MoveNum: 16 HASH: B5BB7CD8E091AA5E1B00C43ED4547EEF
   A B C D E F G H J
 9 . . . . . . . . .
 8 . . . . O O X1O2.
 7 . . X O X X X3. .
 6 . . @ O . . . . .
 5 . . X X X . X . .
 4 . . . . . . . . .
 3 . . O . O . X X .
 2 . . . . . . O . .
 1 . . . . . . . . .

koPOSITIONALscoreAREAtaxNONEsui1komi-2.5
Time taken: 3.015
Root visits: 22822
New playouts: 9269
NN rows: 3394
NN batches: 292
NN avg batch size: 11.6233
PlayoutDoublingAdvantage: 2.75
PV: C6 B6 B7 B4 C8 D2 D3 B3 G9 H7 A6 B5 H9 J8 E6 F6 A5 C2 A4 A3 A7 J7 F9
Tree:
: T -119.97c W -99.87c S -19.47c (-32.9 L -33.5) N   22822  --  C6 B6 B7 B4 C8 D2 D3
---White(^)---
C6  : T -119.90c W -99.86c S -19.42c (-32.8 L -33.4) LCB -120.10c P 56.97% WF 88806.3 PSV   88709 N   15263  --  C6 B6 B7 B4 C8 D2 D3 B3
B7  : T -119.93c W -99.88c S -19.40c (-32.9 L -33.5) LCB -120.15c P 20.08% WF 40831.8 PSV   27750 N    6953  --  B7 B4 C6 B6 C8 D2 D3 B3
B6  : T -121.39c W -99.97c S -20.97c (-34.0 L -34.2) LCB -122.99c P  8.18% WF 1620.0 PSV    1640 N     256  --  B6 C6 B5 B4 C4 B7 H2 D2
B5  : T -121.39c W -99.99c S -21.08c (-33.6 L -33.9) LCB -122.58c P  5.59% WF 1112.7 PSV    1123 N     172  --  B5 C6 B4 F2 F3 E2 D2 H2
B4  : T -121.81c W -99.99c S -21.48c (-34.0 L -34.3) LCB -123.55c P  3.18% WF 512.1 PSV     511 N      78  --  B4 B5 F2 H2 B7 C8
C8  : T -122.33c W -99.98c S -21.86c (-34.6 L -34.9) LCB -125.89c P  1.72% WF 224.9 PSV     222 N      36  --  C8 B7 B4 B5 H2 D2 D3
H2  : T -122.12c W -99.99c S -21.71c (-34.2 L -34.5) LCB -125.06c P  1.42% WF 198.7 PSV     199 N      30  --  H2 B4 B3 D2 D3
F3  : T -124.75c W -100.00c S -23.90c (-35.5 L -35.5) LCB -152.75c P  0.41% WF  35.0 PSV      27 N       5  --  F3 B4 B3
B3  : T -123.78c W -100.00c S -23.52c (-34.8 L -35.0) LCB -151.70c P  0.31% WF  35.0 PSV      26 N       5  --  B3 B5 H2
B8  : T -123.43c W -100.00c S -23.22c (-34.9 L -35.0) LCB -197.51c P  0.20% WF  20.7 PSV      18 N       3  --  B8 B7

2024-05-18 20:56:52+0800: = C6
2024-05-18 20:57:06+0800: Controller: kata-list_time_settings
2024-05-18 20:57:06+0800: = none absolute byoyomi canadian fischer fischer-capped
2024-05-18 20:57:06+0800: Controller: play black c8
2024-05-18 20:57:06+0800: = 
2024-05-18 20:57:06+0800: Controller: genmove white
2024-05-18 20:57:09+0800: MoveNum: 18 HASH: 936237E734730B0BC8601E03BA35AB38
   A B C D E F G H J
 9 . . . . . . . . .
 8 . . X3. O O X O .
 7 . . X O X X X1. .
 6 . @ O2O . . . . .
 5 . . X X X . X . .
 4 . . . . . . . . .
 3 . . O . O . X X .
 2 . . . . . . O . .
 1 . . . . . . . . .

koPOSITIONALscoreAREAtaxNONEsui1komi-2.5
Time taken: 3.031
Root visits: 5593
New playouts: 5281
NN rows: 3491
NN batches: 302
NN avg batch size: 11.5596
PlayoutDoublingAdvantage: 2.75
PV: B6 B4 B3 D8 A4 C4 A6 F2 E2 F3 B8 B7 A7 B9 A8 F9 E4 E1 D1
Tree:
: T -118.05c W -99.91c S -16.90c (-29.0 L -29.4) N    5593  --  B6 B4 B3 D8 A4 C4 A6
---White(^)---
B6  : T -117.69c W -99.90c S -16.54c (-28.8 L -29.2) LCB -118.07c P 16.29% WF 25137.8 PSV   24989 N    4916  --  B6 B4 B3 D8 A4 C4 A6 F2
B5  : T -119.57c W -99.93c S -18.43c (-30.1 L -30.6) LCB -120.87c P 41.40% WF 2689.5 PSV    2736 N     500  --  B5 B4 B6 B3 C4 C2 D2 B2
B7  : T -122.56c W -99.94c S -22.05c (-31.6 L -32.0) LCB -124.77c P 36.71% WF 901.8 PSV     961 N     160  --  B7 B4 B5 A5 B6 C4 D8 B2
D8  : T -125.51c W -99.99c S -24.80c (-33.3 L -33.6) LCB -134.05c P  3.40% WF  62.7 PSV      55 N      10  --  D8 B6 B5 B7 B4
B4  : T -121.10c W -99.96c S -20.96c (-30.2 L -31.0) LCB -271.08c P  0.27% WF  11.9 PSV      10 N       2  --  B4 B5
B8  : T -124.29c W -99.95c S -24.34c (-32.8 L -34.6) LCB -474.29c P  0.42% WF   7.0 PSV       8 N       1  --  B8
A6  : T -127.11c W -99.84c S -27.27c (-36.7 L -38.5) LCB -477.11c P  0.13% WF   7.2 PSV       1 N       1  --  A6
H2  : T -124.98c W -99.99c S -25.43c (-33.4 L -34.3) LCB -474.98c P  0.10% WF   7.0 PSV       1 N       1  --  H2
F3  : T -126.92c W -99.99c S -26.43c (-34.5 L -35.2) LCB -476.92c P  0.08% WF   7.1 PSV       1 N       1  --  F3

2024-05-18 20:57:09+0800: = B6
2024-05-18 20:57:13+0800: Controller: kata-list_time_settings
2024-05-18 20:57:13+0800: = none absolute byoyomi canadian fischer fischer-capped
2024-05-18 20:57:13+0800: Controller: play black d8
2024-05-18 20:57:13+0800: = 
2024-05-18 20:57:13+0800: Controller: genmove white
2024-05-18 20:57:16+0800: MoveNum: 20 HASH: F24788DB55905AF9CD1F526FB05764E7
   A B C D E F G H J
 9 . . . . . . . . .
 8 . . X1X3O O X O .
 7 . . X O X X X . .
 6 . O2O O . . . . .
 5 . @ X X X . X . .
 4 . . . . . . . . .
 3 . . O . O . X X .
 2 . . . . . . O . .
 1 . . . . . . . . .

koPOSITIONALscoreAREAtaxNONEsui1komi-2.5
Time taken: 3.016
Root visits: 4872
New playouts: 4756
NN rows: 3536
NN batches: 299
NN avg batch size: 11.8261
PlayoutDoublingAdvantage: 2.75
PV: B5 F2 E2 F3 B8 C2 B4 D2 D3 E1 B2 B1 E6 F6 A2 D1 B7 E9
Tree:
: T -117.61c W -99.98c S -17.23c (-24.2 L -24.4) N    4872  --  B5 F2 E2 F3 B8 C2 B4
---White(^)---
B5  : T -117.54c W -99.98c S -17.16c (-24.2 L -24.3) LCB -117.81c P 85.39% WF 25690.4 PSV   25677 N    4828  --  B5 F2 E2 F3 B8 C2 B4 D2
B4  : T -122.47c W -99.98c S -22.08c (-27.8 L -28.0) LCB -125.32c P  9.08% WF 185.7 PSV     182 N      32  --  B4 B5 A5 F2 B8 D2
B8  : T -131.24c W -100.00c S -31.29c (-40.0 L -39.9) LCB -280.22c P  1.37% WF  14.4 PSV      10 N       2  --  B8 B4
A4  : T -124.76c W -99.98c S -24.77c (-30.6 L -31.9) LCB -474.76c P  0.49% WF   7.0 PSV       6 N       1  --  A4
B7  : T -131.01c W -99.99c S -31.03c (-39.5 L -40.3) LCB -481.01c P  0.78% WF   7.4 PSV       5 N       1  --  B7
B3  : T -129.19c W -100.00c S -29.20c (-34.8 L -34.9) LCB -479.19c P  0.36% WF   7.3 PSV       3 N       1  --  B3
D9  : T -131.53c W -99.99c S -31.54c (-40.9 L -41.8) LCB -481.53c P  0.26% WF   7.4 PSV       1 N       1  --  D9
A5  : T -131.54c W -100.00c S -31.54c (-41.1 L -41.5) LCB -481.54c P  0.22% WF   7.4 PSV       1 N       1  --  A5
C9  : T -131.42c W -99.99c S -31.43c (-40.6 L -41.3) LCB -481.42c P  0.19% WF   7.4 PSV       1 N       1  --  C9
F3  : T -129.14c W -99.99c S -29.15c (-35.2 L -35.6) LCB -479.14c P  0.13% WF   7.2 PSV       1 N       1  --  F3

2024-05-18 20:57:16+0800: = B5
2024-05-18 20:57:18+0800: Controller: kata-list_time_settings
2024-05-18 20:57:18+0800: = none absolute byoyomi canadian fischer fischer-capped
2024-05-18 20:57:18+0800: Controller: play black f2
2024-05-18 20:57:18+0800: = 
2024-05-18 20:57:18+0800: Controller: genmove white
2024-05-18 20:57:21+0800: MoveNum: 22 HASH: 1EDFB1F23247035AD8ACAAD23E3879D1
   A B C D E F G H J
 9 . . . . . . . . .
 8 . . X X1O O X O .
 7 . . X O X X X . .
 6 . O O O . . . . .
 5 . O2X X X . X . .
 4 . . . . . . . . .
 3 . . O . O . X X .
 2 . . . . @ X3O . .
 1 . . . . . . . . .

koPOSITIONALscoreAREAtaxNONEsui1komi-2.5
Time taken: 3.016
Root visits: 17896
New playouts: 8728
NN rows: 3372
NN batches: 287
NN avg batch size: 11.7491
PlayoutDoublingAdvantage: 2.75
PV: E2 F3 B8 C2 B3 D2 D3 E1 D1 C1 B7 F9 B1 D1 B2 F1 C9 E9 E6 F6 E4 F4 C4 F5 B9
Tree:
: T -116.13c W -99.99c S -15.74c (-24.2 L -24.4) N   17896  --  E2 F3 B8 C2 B3 D2 D3
---White(^)---
E2  : T -115.87c W -99.99c S -15.63c (-24.0 L -24.1) LCB -116.06c P 48.80% WF 46120.2 PSV   45806 N    8594  --  E2 F3 B8 C2 B3 D2 D3 E1
B8  : T -116.24c W -99.98c S -15.73c (-24.3 L -24.6) LCB -116.50c P 12.63% WF 30563.5 PSV    4936 N    5911  --  B8 D2 D3 B4 C4 E2 B7 C2
B7  : T -116.26c W -99.98c S -15.75c (-24.3 L -24.6) LCB -116.55c P  8.10% WF 16777.9 PSV    3085 N    3200  --  B7 D2 D3 E2 B8 B4 C4 C2
F3  : T -122.79c W -99.97c S -22.49c (-29.6 L -30.1) LCB -124.81c P 25.92% WF 809.1 PSV     885 N     152  --  F3 D2 D3 E2 C2 B4 C4 B7
E6  : T -118.78c W -99.97c S -18.56c (-25.8 L -26.4) LCB -123.18c P  0.88% WF  75.7 PSV      68 N      13  --  E6 F6 B7 B8 E2
C4  : T -120.02c W -100.00c S -20.03c (-26.0 L -26.1) LCB -128.84c P  0.82% WF  55.1 PSV      45 N       9  --  C4 E2 B7
D2  : T -121.37c W -100.00c S -21.57c (-26.9 L -27.1) LCB -270.32c P  0.32% WF  13.0 PSV      13 N       2  --  D2 B7
B4  : T -123.75c W -100.00c S -22.70c (-28.5 L -28.6) LCB -473.78c P  0.20% WF   6.3 PSV       6 N       1  --  B4 D2
D9  : T -123.75c W -99.99c S -23.76c (-29.3 L -30.1) LCB -473.75c P  0.19% WF   6.6 PSV       5 N       1  --  D9
F1  : T -123.81c W -99.94c S -23.87c (-29.8 L -30.7) LCB -473.81c P  0.17% WF   6.7 PSV       5 N       1  --  F1

2024-05-18 20:57:21+0800: = E2
2024-05-18 20:57:23+0800: Controller: kata-list_time_settings
2024-05-18 20:57:23+0800: = none absolute byoyomi canadian fischer fischer-capped
2024-05-18 20:57:23+0800: Controller: play black g1
2024-05-18 20:57:23+0800: = 
2024-05-18 20:57:23+0800: Controller: genmove white
2024-05-18 20:57:26+0800: MoveNum: 24 HASH: EDCCB602CEECE9BF773E0AE31073B3DB
   A B C D E F G H J
 9 . . . . . . . . .
 8 . @ X X O O X O .
 7 . . X O X X X . .
 6 . O O O . . . . .
 5 . O X X X . X . .
 4 . . . . . . . . .
 3 . . O . O . X X .
 2 . . . . O2X1O . .
 1 . . . . . . X3. .

koPOSITIONALscoreAREAtaxNONEsui1komi-2.5
Time taken: 3.015
Root visits: 5019
New playouts: 5015
NN rows: 3441
NN batches: 293
NN avg batch size: 11.744
PlayoutDoublingAdvantage: 2.75
PV: B8 C4 B4 D3 C2 B7 E6 F5 F6 G6 A7 B9 A8 F9
Tree:
: T -115.17c W -99.97c S -14.90c (-21.0 L -21.1) N    5019  --  B8 C4 B4 D3 C2 B7 E6
---White(^)---
B8  : T -115.08c W -99.98c S -14.81c (-20.9 L -21.0) LCB -115.39c P 47.98% WF 14330.3 PSV   14315 N    3050  --  B8 C4 B4 D3 C2 B7 E6 F5
F3  : T -115.13c W -99.97c S -14.87c (-21.0 L -21.2) LCB -115.55c P 32.90% WF 8424.0 PSV    8427 N    1803  --  F3 H2 B8 C4 B4 D3 D2 B3
B7  : T -116.42c W -99.99c S -16.14c (-21.5 L -21.7) LCB -117.61c P  8.55% WF 493.6 PSV     497 N      98  --  B7 B8 F3 H2 A8 C2 C4 E1
E6  : T -117.18c W -99.93c S -17.09c (-22.3 L -22.7) LCB -121.03c P  3.32% WF 133.7 PSV     132 N      28  --  E6 F6 B7 B8 A8 C2
A8  : T -116.70c W -99.99c S -16.63c (-21.6 L -21.8) LCB -118.75c P  2.15% WF 111.3 PSV     107 N      21  --  A8 C2 C4 D2
A7  : T -117.36c W -100.00c S -17.56c (-22.0 L -22.2) LCB -128.60c P  1.15% WF  44.1 PSV      42 N       8  --  A7 B8 F3
H1  : T -118.92c W -99.98c S -18.24c (-22.3 L -22.6) LCB -267.99c P  0.55% WF  11.5 PSV      12 N       2  --  H1 H2
H2  : T -121.94c W -99.97c S -21.77c (-24.6 L -25.1) LCB -271.72c P  0.59% WF  11.6 PSV       7 N       2  --  H2 F3
F5  : T -119.88c W -99.96c S -19.92c (-23.6 L -24.3) LCB -469.88c P  0.28% WF   5.7 PSV       5 N       1  --  F5
F6  : T -122.57c W -99.92c S -22.64c (-25.1 L -25.9) LCB -472.57c P  0.23% WF   6.1 PSV       2 N       1  --  F6

2024-05-18 20:57:26+0800: = B8
2024-05-18 20:57:34+0800: Controller: kata-list_time_settings
2024-05-18 20:57:34+0800: = none absolute byoyomi canadian fischer fischer-capped
2024-05-18 20:57:34+0800: Controller: play black c4
2024-05-18 20:57:34+0800: = 
2024-05-18 20:57:34+0800: Controller: genmove white
2024-05-18 20:57:37+0800: MoveNum: 26 HASH: B875DDF50F03CE3849EE752F56ACC50E
   A B C D E F G H J
 9 . . . . . . . . .
 8 . O2X X O O X O .
 7 . . X O X X X . .
 6 . O O O . . . . .
 5 . O X X X . X . .
 4 . @ X3. . . . . .
 3 . . O . O . X X .
 2 . . . . O X O . .
 1 . . . . . . X1. .

koPOSITIONALscoreAREAtaxNONEsui1komi-2.5
Time taken: 3.016
Root visits: 33250
New playouts: 11687
NN rows: 3259
NN batches: 289
NN avg batch size: 11.2768
PlayoutDoublingAdvantage: 2.75
PV: B4 D3 D2 B3 C2 B7 E6 F6 A7 F9 A6 B9 A8 F3 E4 E1 D1 F1 B2
Tree:
: T -114.74c W -99.96c S -14.44c (-20.9 L -21.0) N   33250  --  B4 D3 D2 B3 C2 B7 E6
---White(^)---
B4  : T -114.70c W -99.96c S -14.42c (-20.9 L -20.9) LCB -114.79c P 83.70% WF 157172.3 PSV  157121 N   33163  --  B4 D3 D2 B3 C2 B7 E6 F6
E6  : T -127.05c W -99.84c S -27.44c (-36.4 L -37.4) LCB -132.10c P  5.19% WF 134.2 PSV     138 N      23  --  E6 B4 F5 F6 C9
B7  : T -127.77c W -99.94c S -27.85c (-33.4 L -33.9) LCB -134.03c P  4.31% WF 112.7 PSV     108 N      19  --  B7 B4 C9 F9 B3
B3  : T -123.76c W -99.94c S -23.00c (-28.4 L -28.9) LCB -130.46c P  2.05% WF  85.8 PSV      72 N      17  --  B3 B4 A4 A5 A6
C9  : T -127.56c W -99.91c S -27.07c (-34.0 L -34.8) LCB -140.93c P  1.37% WF  41.7 PSV      34 N       7  --  C9 B4 B7 F9 B3
D9  : T -127.97c W -99.81c S -27.89c (-33.2 L -34.1) LCB -160.66c P  0.85% WF  26.4 PSV      21 N       4  --  D9 B4 G9
A4  : T -124.17c W -99.95c S -23.53c (-28.0 L -28.3) LCB -275.20c P  0.28% WF  11.7 PSV       9 N       2  --  A4 D3
F5  : T -129.86c W -99.80c S -30.06c (-39.4 L -41.5) LCB -479.86c P  0.30% WF   7.2 PSV       6 N       1  --  F5
G9  : T -129.26c W -99.75c S -29.51c (-37.9 L -40.6) LCB -479.26c P  0.19% WF   7.0 PSV       4 N       1  --  G9
F6  : T -130.52c W -99.68c S -30.84c (-42.9 L -45.6) LCB -480.52c P  0.19% WF   7.1 PSV       4 N       1  --  F6

2024-05-18 20:57:37+0800: = B4
2024-05-18 20:57:41+0800: Controller: kata-list_time_settings
2024-05-18 20:57:41+0800: = none absolute byoyomi canadian fischer fischer-capped
2024-05-18 20:57:41+0800: Controller: play black f4
2024-05-18 20:57:41+0800: = 
2024-05-18 20:57:41+0800: Controller: genmove white
2024-05-18 20:57:44+0800: MoveNum: 28 HASH: F2B6DB4C87936CB5CFE96D9CC6614DCE
   A B C D E F G H J
 9 . . . . . . . . .
 8 . O X X O O X O .
 7 . @ X O X X X . .
 6 . O O O . . . . .
 5 . O X X X . X . .
 4 . O2X1. . X3. . .
 3 . . O . O . X X .
 2 . . . . O X O . .
 1 . . . . . . X . .

koPOSITIONALscoreAREAtaxNONEsui1komi-2.5
Time taken: 3
Root visits: 8903
New playouts: 8902
NN rows: 3417
NN batches: 288
NN avg batch size: 11.8646
PlayoutDoublingAdvantage: 2.75
PV: B7 E9 C9 F9 E6 D2 D3 E1 C1 D1 F3 F1 C2 H2 F6 G6 B9 D9
Tree:
: T -113.32c W -99.96c S -13.15c (-16.1 L -16.4) N    8903  --  B7 E9 C9 F9 E6 D2 D3
---White(^)---
B7  : T -113.24c W -99.96c S -13.06c (-16.1 L -16.4) LCB -113.45c P 54.97% WF 29025.1 PSV   29002 N    6328  --  B7 E9 C9 F9 E6 D2 D3 E1
C9  : T -113.21c W -99.96c S -13.06c (-16.1 L -16.4) LCB -113.46c P 17.00% WF 10200.5 PSV   10121 N    2224  --  C9 E9 B7 F9 E6 D2 D3 E1
F3  : T -114.24c W -99.97c S -14.26c (-16.7 L -16.9) LCB -115.10c P 10.92% WF 1162.7 PSV    1177 N     264  --  F3 H2 B7 F9 C9 E9 D3 E1
E6  : T -119.16c W -99.99c S -19.14c (-19.2 L -19.6) LCB -120.95c P  8.71% WF 187.3 PSV     191 N      40  --  E6 B7 A7 B9 F6
H1  : T -115.22c W -99.98c S -15.26c (-17.0 L -17.3) LCB -117.75c P  1.58% WF  88.8 PSV      89 N      19  --  H1 H2 B7 F9 C9 E9
H2  : T -118.21c W -99.98c S -18.09c (-18.5 L -18.7) LCB -133.46c P  1.52% WF  34.0 PSV      34 N       7  --  H2 F3 B7 D3
D9  : T -118.17c W -99.99c S -18.05c (-18.3 L -18.6) LCB -161.17c P  0.84% WF  20.8 PSV      22 N       4  --  D9 F9
B9  : T -120.76c W -99.99c S -20.28c (-19.9 L -20.1) LCB -194.63c P  0.65% WF  15.4 PSV      11 N       3  --  B9 B7 A7
F6  : T -119.93c W -99.98c S -20.02c (-19.6 L -20.2) LCB -269.02c P  0.44% WF  10.2 PSV       8 N       2  --  F6 B7
D3  : T -120.11c W -100.00c S -20.19c (-19.6 L -19.9) LCB -269.05c P  0.37% WF  11.2 PSV       7 N       2  --  D3 B7

2024-05-18 20:57:44+0800: = B7
2024-05-18 20:57:46+0800: Controller: kata-list_time_settings
2024-05-18 20:57:46+0800: = none absolute byoyomi canadian fischer fischer-capped
2024-05-18 20:57:46+0800: Controller: play black e9
2024-05-18 20:57:46+0800: = 
2024-05-18 20:57:46+0800: Controller: genmove white
2024-05-18 20:57:49+0800: MoveNum: 30 HASH: 18401EE86FAD3D0205A901552F979ED6
   A B C D E F G H J
 9 . . . . X3. . . .
 8 . O X X O O X O .
 7 . O2X O X X X . .
 6 . O O O @ . . . .
 5 . O X X X . X . .
 4 . O X . . X1. . .
 3 . . O . O . X X .
 2 . . . . O X O . .
 1 . . . . . . X . .

koPOSITIONALscoreAREAtaxNONEsui1komi-2.5
Time taken: 3.016
Root visits: 14615
New playouts: 9745
NN rows: 3362
NN batches: 284
NN avg batch size: 11.838
PlayoutDoublingAdvantage: 2.75
PV: E6 B9 F6 G6 F3 H2 F5 E4 E1 D3 D2 B3 D4 G4 B2 D3 A3 D4 A8 F9 A9 C9 F1 G2
Tree:
: T -112.76c W -99.97c S -12.44c (-16.4 L -16.7) N   14615  --  E6 B9 F6 G6 F3 H2 F5
---White(^)---
E6  : T -112.65c W -99.97c S -12.21c (-16.4 L -16.6) LCB -112.85c P 31.76% WF 31808.7 PSV   58284 N    6954  --  E6 B9 F6 G6 F3 H2 F5 E4
C9  : T -112.81c W -99.96c S -12.60c (-16.3 L -16.7) LCB -113.02c P 44.16% WF 26279.4 PSV   24289 N    5443  --  C9 F9 E6 D2 D3 E1 C1 D1
F3  : T -112.73c W -99.97c S -12.59c (-16.5 L -16.7) LCB -113.10c P 11.85% WF 9171.1 PSV    8353 N    2039  --  F3 H2 C9 F9 D3 E1 D1 F1
D3  : T -114.84c W -100.00c S -14.77c (-17.0 L -17.2) LCB -115.68c P  3.69% WF 295.4 PSV     298 N      57  --  D3 B9 E6 F6 F3 H2 E1 E4
B9  : T -113.62c W -99.99c S -13.93c (-16.8 L -16.9) LCB -115.19c P  1.36% WF 228.9 PSV     224 N      49  --  B9 D2 D1 C1 E1 D3 C2
H1  : T -115.90c W -99.96c S -15.41c (-18.7 L -19.0) LCB -125.27c P  1.16% WF  59.2 PSV      57 N      12  --  H1 H2 C9 F9 E6
E1  : T -115.60c W -99.99c S -15.57c (-17.6 L -17.6) LCB -119.41c P  0.91% WF  55.5 PSV      55 N      12  --  E1 B9 E6 D3 D2 D4 F3 C2
D4  : T -115.81c W -99.99c S -15.89c (-17.7 L -17.8) LCB -125.00c P  0.69% WF  38.9 PSV      39 N       8  --  D4 B9 E6 E4 D3 F6
E4  : T -115.63c W -100.00c S -15.38c (-17.5 L -17.7) LCB -126.84c P  0.62% WF  36.1 PSV      37 N       8  --  E4 D2 D3
H2  : T -116.44c W -99.98c S -16.18c (-17.9 L -18.1) LCB -128.66c P  0.91% WF  37.7 PSV      35 N       8  --  H2 F3 C9 F9 E1

2024-05-18 20:57:49+0800: = E6
2024-05-18 20:57:51+0800: Controller: kata-list_time_settings
2024-05-18 20:57:51+0800: = none absolute byoyomi canadian fischer fischer-capped
2024-05-18 20:57:51+0800: Controller: play black f6
2024-05-18 20:57:51+0800: = 
2024-05-18 20:57:51+0800: Controller: genmove white
2024-05-18 20:57:54+0800: MoveNum: 32 HASH: 2F9E7A8B0D4D948A2D40B217D2F89A1D
   A B C D E F G H J
 9 . . @ . X1. . . .
 8 . O X X O O X O .
 7 . O X O X X X . .
 6 . O O O O2X3. . .
 5 . O X X X . X . .
 4 . O X . . X . . .
 3 . . O . O . X X .
 2 . . . . O X O . .
 1 . . . . . . X . .

koPOSITIONALscoreAREAtaxNONEsui1komi-2.5
Time taken: 3.016
Root visits: 7459
New playouts: 6642
NN rows: 3389
NN batches: 286
NN avg batch size: 11.8497
PlayoutDoublingAdvantage: 2.75
PV: C9 F9 E4 E1 D1 F1 F3 H2 D2 D4 D3 F5 B9 D9 B3 J8
Tree:
: T -112.92c W -99.98c S -12.68c (-16.4 L -16.7) N    7459  --  C9 F9 E4 E1 D1 F1 F3
---White(^)---
C9  : T -112.95c W -99.98c S -12.69c (-16.4 L -16.7) LCB -113.21c P 52.44% WF 20095.0 PSV   20123 N    4094  --  C9 F9 E4 E1 D1 F1 F3 H2
E4  : T -112.85c W -99.97c S -12.59c (-16.3 L -16.5) LCB -113.21c P 10.36% WF 6286.9 PSV    5859 N    1364  --  E4 E1 C9 F9 D1 F1 F3 H2
F3  : T -113.09c W -99.97c S -12.89c (-16.6 L -16.8) LCB -113.75c P 14.54% WF 3820.2 PSV    3834 N     802  --  F3 H2 C9 F9 D2 E1 D1 F1
H1  : T -112.21c W -99.97c S -12.10c (-16.1 L -16.4) LCB -113.31c P  1.90% WF 4431.0 PSV    3154 N     919  --  H1 H2 C9 F9 D3 E1 D1 F1
D3  : T -114.20c W -100.00c S -14.05c (-16.6 L -16.9) LCB -114.84c P  5.09% WF 410.4 PSV     409 N      77  --  D3 B9 E1 F1 F3 H2 E4 F9
E1  : T -114.45c W -99.98c S -14.44c (-17.1 L -17.2) LCB -116.04c P  4.27% WF 296.2 PSV     297 N      65  --  E1 D3 D2 C2 B3 D4 C9 F9
B9  : T -113.94c W -99.98c S -13.94c (-16.7 L -16.9) LCB -115.23c P  2.73% WF 273.0 PSV     263 N      60  --  B9 D2 D1 D3 C2 D4 E1 F3
D4  : T -114.16c W -99.97c S -13.91c (-16.9 L -17.1) LCB -116.20c P  2.12% WF 186.2 PSV     175 N      41  --  D4 E4 C9 F9 D3 E1 D1
H2  : T -115.54c W -99.97c S -15.10c (-17.4 L -17.6) LCB -120.20c P  1.92% WF  65.3 PSV      63 N      15  --  H2 F3 C9 F9 E1 D3
C2  : T -116.67c W -100.00c S -16.63c (-17.8 L -17.8) LCB -159.79c P  0.70% WF  21.2 PSV      21 N       4  --  C2 B9 E4

2024-05-18 20:57:54+0800: = C9
2024-05-18 20:57:56+0800: Controller: kata-list_time_settings
2024-05-18 20:57:56+0800: = none absolute byoyomi canadian fischer fischer-capped
2024-05-18 20:57:56+0800: Controller: play black f9
2024-05-18 20:57:56+0800: = 
2024-05-18 20:57:56+0800: Controller: genmove white
2024-05-18 20:57:59+0800: MoveNum: 34 HASH: B4A80B6332619D8C5FCB9699E729464E
   A B C D E F G H J
 9 . . O2. X X3. . .
 8 . O X X . . X O .
 7 . O X O X X X . .
 6 . O O O O X1. . .
 5 . O X X X . X . .
 4 . O X . @ X . . .
 3 . . O . O . X X .
 2 . . . . O X O . .
 1 . . . . . . X . .

koPOSITIONALscoreAREAtaxNONEsui1komi-2.5
Time taken: 3
Root visits: 16242
New playouts: 7491
NN rows: 3417
NN batches: 283
NN avg batch size: 12.0742
PlayoutDoublingAdvantage: 2.75
PV: E4 E1 D1 F1 D2 D4 F3 H2 B9 D9 D3 F5 B3 H9 pass H1
Tree:
: T -112.74c W -99.98c S -12.48c (-16.4 L -16.8) N   16242  --  E4 E1 D1 F1 D2 D4 F3
---White(^)---
E4  : T -112.67c W -99.98c S -12.32c (-16.5 L -16.9) LCB -112.85c P 36.19% WF 44210.3 PSV   47909 N    8710  --  E4 E1 D1 F1 D2 D4 F3 H2
D3  : T -112.99c W -99.99c S -12.88c (-16.4 L -16.8) LCB -113.21c P 28.08% WF 11954.4 PSV   11978 N    2226  --  D3 E1 D1 F1 E4 D9 F3 H2
E1  : T -112.73c W -99.99c S -12.57c (-16.4 L -16.8) LCB -113.03c P 10.46% WF 9707.1 PSV    9505 N    1814  --  E1 D3 E4 D4 D2 F5 C2 F1
F3  : T -112.98c W -99.98c S -12.77c (-16.6 L -16.9) LCB -113.39c P 15.76% WF 6936.1 PSV    6936 N    1383  --  F3 H2 D2 E4 E1 F1 D3 D9
D2  : T -112.54c W -99.99c S -12.47c (-16.2 L -16.5) LCB -112.78c P  1.20% WF 5333.6 PSV    5316 N    1047  --  D2 E4 E1 F1 F3 H2 D3 D9
H1  : T -112.29c W -99.98c S -12.22c (-16.3 L -16.7) LCB -113.49c P  1.03% WF 4283.1 PSV     535 N     858  --  H1 H2 D3 E1 D1 F1 E4 D9
C2  : T -112.68c W -99.97c S -12.46c (-16.4 L -16.7) LCB -114.76c P  1.00% WF 477.3 PSV     232 N      92  --  C2 E4 F3 H2 E1 D3 D2 D9
D4  : T -114.67c W -99.99c S -14.24c (-17.1 L -17.4) LCB -116.79c P  1.37% WF 139.0 PSV     133 N      30  --  D4 E4 D3 E1 F3 H2 D1
B9  : T -113.96c W -99.99c S -14.07c (-17.0 L -17.2) LCB -116.38c P  0.66% WF 109.7 PSV      96 N      24  --  B9 D2 D1 E1 F1
H2  : T -115.66c W -99.98c S -15.30c (-17.7 L -17.9) LCB -122.19c P  1.07% WF  54.4 PSV      55 N      12  --  H2 F3 E1 D3 D2

2024-05-18 20:57:59+0800: = E4
2024-05-18 20:58:03+0800: Controller: kata-list_time_settings
2024-05-18 20:58:03+0800: = none absolute byoyomi canadian fischer fischer-capped
2024-05-18 20:58:03+0800: Controller: play black f3
2024-05-18 20:58:03+0800: = 
2024-05-18 20:58:03+0800: Controller: genmove white
2024-05-18 20:58:06+0800: MoveNum: 36 HASH: 1C7C7BCDD2B3F02FC9B09D40D45E2020
   A B C D E F G H J
 9 . . O . X X1. . .
 8 . O X X . . X O .
 7 . O X O X X X . .
 6 . O O O O X . . .
 5 . O X X X . X . .
 4 . O X . O2X . . .
 3 . . O . O X3X X .
 2 . . . . O X O . .
 1 . . . . @ . X . .

koPOSITIONALscoreAREAtaxNONEsui1komi-2.5
Time taken: 3.015
Root visits: 7833
New playouts: 7805
NN rows: 3448
NN batches: 291
NN avg batch size: 11.8488
PlayoutDoublingAdvantage: 2.75
PV: E1 F1 D3 F5 D4 E8 B9 D9 pass H7 pass
Tree:
: T -111.70c W -99.98c S -11.60c (-14.3 L -14.9) N    7833  --  E1 F1 D3 F5 D4 E8 B9
---White(^)---
E1  : T -111.57c W -99.98c S -11.47c (-14.2 L -14.8) LCB -111.69c P 52.88% WF 41306.0 PSV   41233 N    7591  --  E1 F1 D3 F5 D4 E8 B9 D9
D4  : T -116.00c W -99.98c S -15.71c (-16.2 L -16.5) LCB -116.50c P 39.98% WF 1039.4 PSV    1103 N     207  --  D4 E1 F5 C1 B2 B1 E5 A2
D1  : T -114.31c W -99.98c S -14.29c (-15.4 L -15.6) LCB -122.14c P  1.21% WF  44.9 PSV      45 N      10  --  D1 F5 E1
D2  : T -116.02c W -99.99c S -15.83c (-16.0 L -16.6) LCB -134.78c P  0.93% WF  27.0 PSV      25 N       5  --  D2 E1 D4 F5 D1 D9 B9 H2
C2  : T -115.61c W -100.00c S -15.42c (-15.7 L -16.4) LCB -159.07c P  0.72% WF  22.4 PSV      18 N       4  --  C2 D9
D3  : T -118.36c W -100.00c S -18.06c (-17.1 L -17.4) LCB -192.17c P  0.83% WF  16.7 PSV      15 N       3  --  D3 D9
H1  : T -117.82c W -99.91c S -17.34c (-17.0 L -17.5) LCB -192.54c P  0.50% WF  12.9 PSV       9 N       3  --  H1 C2
C1  : T -116.62c W -99.99c S -16.71c (-16.4 L -16.7) LCB -266.26c P  0.43% WF  10.7 PSV       9 N       2  --  C1 E1
E8  : T -119.73c W -99.95c S -19.30c (-18.0 L -18.4) LCB -269.89c P  0.52% WF   9.9 PSV       7 N       2  --  E8 D9
B9  : T -117.16c W -99.98c S -17.06c (-16.8 L -17.2) LCB -266.56c P  0.35% WF   9.2 PSV       7 N       2  --  B9 D2

2024-05-18 20:58:06+0800: = E1
2024-05-18 20:58:10+0800: Controller: kata-list_time_settings
2024-05-18 20:58:10+0800: = none absolute byoyomi canadian fischer fischer-capped
2024-05-18 20:58:10+0800: Controller: play black f1
2024-05-18 20:58:11+0800: = 
2024-05-18 20:58:11+0800: Controller: genmove white
2024-05-18 20:58:14+0800: MoveNum: 38 HASH: 0F24FF7F6F1E5B1A7957264AE266584E
   A B C D E F G H J
 9 . . O . X X . . .
 8 . O X X . . X O .
 7 . O X O X X X . .
 6 . O O O O X . . .
 5 . O X X X . X . .
 4 . O X . O X . . .
 3 . . O @ O X1X X .
 2 . . . . O X O . .
 1 . . . . O2X3X . .

koPOSITIONALscoreAREAtaxNONEsui1komi-2.5
Time taken: 3.032
Root visits: 18688
New playouts: 12284
NN rows: 3356
NN batches: 287
NN avg batch size: 11.6934
PlayoutDoublingAdvantage: 2.75
PV: D3 F5 D4 D9 B9 H9 pass J8 pass H7 pass H2
Tree:
: T -111.79c W -99.99c S -11.78c (-14.3 L -15.0) N   18688  --  D3 F5 D4 D9 B9 H9 pass
---White(^)---
D3  : T -111.66c W -99.99c S -11.67c (-14.2 L -15.0) LCB -111.73c P 15.96% WF 49571.5 PSV  150681 N    8724  --  D3 F5 D4 D9 B9 H9 pass J8
D4  : T -111.78c W -99.99c S -11.76c (-14.3 L -14.9) LCB -111.85c P 33.81% WF 38233.5 PSV   36451 N    6791  --  D4 F5 B3 D9 B9 H7 pass J8
B9  : T -112.05c W -99.98c S -12.03c (-14.4 L -15.1) LCB -112.16c P 36.36% WF 16653.6 PSV   16280 N    3001  --  B9 D4 D3 F5 D9 E8 pass H2
E8  : T -112.72c W -99.95c S -12.74c (-14.8 L -15.2) LCB -115.58c P  2.12% WF 213.0 PSV     205 N      46  --  E8 D9 D4 F5 B9 H9 pass
B3  : T -116.30c W -99.99c S -15.99c (-16.1 L -16.7) LCB -121.43c P  1.76% WF  73.6 PSV      76 N      13  --  B3 D4 D3 F5 B9 D9 pass J8
pss : T -114.90c W -99.99c S -14.78c (-15.6 L -15.9) LCB -118.63c P  1.11% WF  77.8 PSV      68 N      15  --  pass D4 D3 F5 B9
C2  : T -114.54c W -99.99c S -14.44c (-15.4 L -15.9) LCB -123.02c P  1.11% WF  56.5 PSV      57 N      10  --  C2 D4 B9 D9 D3
B2  : T -114.56c W -99.99c S -14.13c (-15.2 L -15.9) LCB -127.10c P  0.79% WF  45.2 PSV      40 N       8  --  B2 D4 B9 D9
C1  : T -114.71c W -99.99c S -14.22c (-15.3 L -15.9) LCB -128.72c P  0.78% WF  39.0 PSV      38 N       7  --  C1 D4 D3 F5
D2  : T -113.88c W -99.99c S -13.82c (-15.1 L -15.6) LCB -131.34c P  0.53% WF  33.4 PSV      34 N       6  --  D2 D4 B9 F5

2024-05-18 20:58:14+0800: = D3
2024-05-18 20:58:16+0800: Controller: kata-list_time_settings
2024-05-18 20:58:16+0800: = none absolute byoyomi canadian fischer fischer-capped
2024-05-18 20:58:16+0800: Controller: play black f5
2024-05-18 20:58:16+0800: = 
2024-05-18 20:58:16+0800: Controller: genmove white
2024-05-18 20:58:19+0800: MoveNum: 40 HASH: 948CA0F58293D38510844967429CA3D6
   A B C D E F G H J
 9 . . O . X X . . .
 8 . O X X . . X O .
 7 . O X O X X X . .
 6 . O O O O X . . .
 5 . O X X X X3X . .
 4 . O X @ O X . . .
 3 . . O O2O X X X .
 2 . . . . O X O . .
 1 . . . . O X1X . .

koPOSITIONALscoreAREAtaxNONEsui1komi-2.5
Time taken: 3
Root visits: 21535
New playouts: 12895
NN rows: 3240
NN batches: 286
NN avg batch size: 11.3287
PlayoutDoublingAdvantage: 2.75
PV: D4 D9 B9 H7 A2 J8 B3 H9 pass H2 B2 pass pass
Tree:
: T -111.91c W -99.98c S -11.89c (-14.4 L -15.2) N   21535  --  D4 D9 B9 H7 A2 J8 B3
---White(^)---
D4  : T -111.84c W -99.98c S -11.82c (-14.4 L -15.1) LCB -111.88c P 42.95% WF 94215.6 PSV  169550 N   16263  --  D4 D9 B9 H7 A2 J8 B3 H9
B9  : T -112.07c W -99.98c S -12.01c (-14.5 L -15.2) LCB -112.18c P 44.28% WF 29532.9 PSV   29303 N    5156  --  B9 D9 D4 H7 A2 J8 B3 H9
E8  : T -115.61c W -99.99c S -15.57c (-16.0 L -16.7) LCB -119.45c P  2.18% WF  99.6 PSV     101 N      18  --  E8 D9 B9 D4 pass H2
B3  : T -116.58c W -99.99c S -16.35c (-16.3 L -17.0) LCB -118.39c P  1.88% WF  88.4 PSV      87 N      15  --  B3 D9 B9 D4 pass H9 pass
C2  : T -116.75c W -100.00c S -16.24c (-16.3 L -16.7) LCB -131.06c P  0.79% WF  35.2 PSV      30 N       6  --  C2 D9 B9 D4 pass
B2  : T -116.25c W -100.00c S -16.01c (-16.2 L -16.8) LCB -147.29c P  0.45% WF  23.7 PSV      18 N       4  --  B2 D9 B9 D4 pass
D1  : T -115.98c W -99.99c S -15.70c (-16.0 L -16.7) LCB -190.94c P  0.30% WF  17.7 PSV      13 N       3  --  D1 D9
pss : T -115.31c W -100.00c S -15.47c (-15.9 L -16.7) LCB -189.56c P  0.22% WF  17.8 PSV      13 N       3  --  pass D9
C1  : T -115.27c W -99.99c S -15.33c (-15.9 L -16.4) LCB -265.43c P  0.24% WF  11.7 PSV      12 N       2  --  C1 D4
A8  : T -116.21c W -99.99c S -16.00c (-16.2 L -16.7) LCB -160.10c P  0.27% WF  23.5 PSV      11 N       4  --  A8 D4 B9

2024-05-18 20:58:19+0800: = D4
2024-05-18 20:58:21+0800: Controller: kata-list_time_settings
2024-05-18 20:58:21+0800: = none absolute byoyomi canadian fischer fischer-capped
2024-05-18 20:58:21+0800: Controller: play black d9
2024-05-18 20:58:21+0800: = 
2024-05-18 20:58:21+0800: Controller: genmove white
2024-05-18 20:58:24+0800: MoveNum: 42 HASH: FC1FB2D9F97A9F2CE8457CC0C2618BC6
   A B C D E F G H J
 9 . @ O X3X X . . .
 8 . O X X . . X O .
 7 . O X O X X X . .
 6 . O O O O X . . .
 5 . O X X X X1X . .
 4 . O X O2O X . . .
 3 . . O O O X X X .
 2 . . . . O X O . .
 1 . . . . O X X . .

koPOSITIONALscoreAREAtaxNONEsui1komi-2.5
Time taken: 3.031
Root visits: 31650
New playouts: 14130
NN rows: 3369
NN batches: 289
NN avg batch size: 11.6574
PlayoutDoublingAdvantage: 2.75
PV: B9 H7 C1 H2 pass H9 pass G9 pass
Tree:
: T -111.88c W -99.98c S -11.89c (-14.5 L -15.2) N   31650  --  B9 H7 C1 H2 pass H9 pass
---White(^)---
B9  : T -111.85c W -99.98c S -11.87c (-14.5 L -15.2) LCB -111.89c P 87.80% WF 185214.4 PSV  185192 N   31570  --  B9 H7 C1 H2 pass H9 pass G9
A9  : T -120.51c W -99.99c S -20.25c (-18.7 L -19.2) LCB -123.65c P  3.25% WF  93.0 PSV      98 N      17  --  A9 B9 A8 C9 pass H9
A8  : T -120.02c W -100.00c S -19.92c (-18.4 L -18.7) LCB -124.39c P  2.27% WF  69.9 PSV      72 N      12  --  A8 B9 A9 C9 pass H9
B3  : T -120.94c W -100.00c S -20.95c (-19.1 L -19.5) LCB -132.01c P  1.46% WF  47.6 PSV      45 N       8  --  B3 B9 A9 A8 A7
C2  : T -114.46c W -100.00c S -15.27c (-16.2 L -16.7) LCB -128.78c P  0.31% WF  29.7 PSV      24 N       7  --  C2 B2 B9 H2 B3 H9
A7  : T -120.25c W -99.99c S -20.44c (-18.7 L -19.0) LCB -270.05c P  0.41% WF  12.1 PSV      12 N       2  --  A7 B9
H7  : T -122.28c W -99.98c S -22.29c (-20.1 L -19.9) LCB -472.86c P  0.23% WF   6.0 PSV       5 N       1  --  H7
H6  : T -122.59c W -99.98c S -22.61c (-20.4 L -20.3) LCB -473.14c P  0.19% WF   5.9 PSV       4 N       1  --  H6
B2  : T -121.54c W -99.99c S -21.55c (-19.5 L -19.3) LCB -472.12c P  0.18% WF   6.2 PSV       4 N       1  --  B2
J9  : T -122.19c W -99.99c S -22.20c (-20.0 L -19.9) LCB -472.76c P  0.16% WF   6.0 PSV       4 N       1  --  J9

2024-05-18 20:58:24+0800: = B9
2024-05-18 20:58:26+0800: Controller: kata-list_time_settings
2024-05-18 20:58:26+0800: = none absolute byoyomi canadian fischer fischer-capped
2024-05-18 20:58:26+0800: Controller: play black pass
2024-05-18 20:58:26+0800: = 
2024-05-18 20:58:26+0800: Controller: genmove white
2024-05-18 20:58:28+0800: MoveNum: 44 HASH: 79A87C2281956A31FE498240F0F1FCC1
   A B C D E F G H J
 9 . O2O X1X X . . .
 8 . O X X . . X O .
 7 . O X O X X X . .
 6 . O O O O X . . .
 5 . O X X X X X . .
 4 . O X O O X . . .
 3 . . O O O X X X .
 2 . . . . O X O . .
 1 . . . . O X X . .

koPOSITIONALscoreAREAtaxNONEsui1komi-2.5
Time taken: 1.516
Root visits: 9199
New playouts: 9199
NN rows: 1660
NN batches: 147
NN avg batch size: 11.2925
PlayoutDoublingAdvantage: 2.75
PV: pass H7 A2 J8 B3 H9 pass
Tree:
: T -113.19c W -99.98c S -13.28c (-14.5 L -15.3) N    9199  --  pass H7 A2 J8 B3 H9 pass
---White(^)---
pss : T -113.17c W -99.98c S -13.27c (-14.5 L -15.2) LCB -113.24c P 32.41% WF 33355.4 PSV   33342 N    5677  --  pass H7 A2 J8 B3 H9 pass
B3  : T -113.20c W -99.98c S -13.25c (-14.5 L -15.3) LCB -113.30c P 21.38% WF 16020.6 PSV   16030 N    2747  --  B3 H7 pass J8 pass H9 pass H2
A9  : T -113.03c W -99.99c S -13.17c (-14.4 L -15.1) LCB -114.59c P  2.08% WF 230.6 PSV     229 N      40  --  A9 H2 pass H9 pass G9 pass
D1  : T -113.21c W -99.99c S -13.23c (-14.4 L -15.1) LCB -114.85c P  2.02% WF 203.1 PSV     196 N      35  --  D1 H2 pass J8 pass H9 pass
A6  : T -113.13c W -99.99c S -13.23c (-14.4 L -15.2) LCB -114.84c P  1.85% WF 190.5 PSV     190 N      33  --  A6 H9 pass J8 pass H2 pass
A8  : T -113.09c W -99.99c S -13.11c (-14.4 L -15.1) LCB -114.82c P  1.81% WF 190.4 PSV     189 N      33  --  A8 H9 pass J8 pass H7 pass
A1  : T -113.06c W -99.98c S -13.15c (-14.4 L -15.2) LCB -114.64c P  1.64% WF 184.7 PSV     184 N      32  --  A1 H9 pass J8 pass H7
A4  : T -113.23c W -99.99c S -13.29c (-14.5 L -15.2) LCB -114.94c P  1.86% WF 180.0 PSV     178 N      31  --  A4 H2 pass J8 pass H7
A7  : T -113.21c W -99.99c S -13.25c (-14.5 L -15.2) LCB -115.01c P  1.81% WF 178.8 PSV     174 N      31  --  A7 H2 pass J8 pass H7 pass
A5  : T -113.28c W -99.99c S -13.35c (-14.5 L -15.2) LCB -114.98c P  1.86% WF 180.0 PSV     172 N      31  --  A5 H2 pass J8 pass H7

2024-05-18 20:58:28+0800: = pass
2024-05-18 20:58:30+0800: Controller: quit
2024-05-18 20:58:30+0800: Quit requested by controller
2024-05-18 20:58:30+0800: = 
2024-05-18 20:58:30+0800: GPU -1 finishing, processed 177448 rows 15282 batches
2024-05-18 20:58:30+0800: All cleaned up, quitting
