2024-05-19 17:24:59+0800: Running with following config:
allowResignation = true
lagBuffer = 1.0
logAllGTPCommunication = true
logDir = gtp_logs
logSearchInfo = true
logSearchInfoForChosenMove = false
logToStderr = false
maxTimePondering = 60.0
maxVisits = 500
nnMaxBatchSize = 16
numSearchThreads = 16
ogsChatToStderr = true
ponderingEnabled = true
resignConsecTurns = 3
resignThreshold = -0.90
rules = tromp-taylor
searchFactorAfterOnePass = 0.50
searchFactorAfterTwoPass = 0.25
searchFactorWhenWinning = 0.40
searchFactorWhenWinningThreshold = 0.95
trtDeviceToUseThread0 = 0
trtDeviceToUseThread1 = 1

2024-05-19 17:24:59+0800: GTP Engine starting...
2024-05-19 17:24:59+0800: KataGo v1.14.1
2024-05-19 17:24:59+0800: Using TrompTaylor rules initially, unless GTP/GUI overrides this
2024-05-19 17:24:59+0800: Using 16 CPU thread(s) for search
2024-05-19 17:24:59+0800: nnRandSeed0 = 4402912421119253910
2024-05-19 17:24:59+0800: After dedups: nnModelFile0 = C:\Users\chang\Downloads\katago-v1.14.1-trt8.6.1-cuda12.1-windows-x64\default_model.bin.gz useFP16 auto useNHWC auto
2024-05-19 17:24:59+0800: Initializing neural net buffer to be size 19 * 19 exactly
