2024-06-13 17:53:08-0400: Running with following config:
allowResignation = true
lagBuffer = 1.0
logAllGTPCommunication = true
logDir = gtp_logs
logSearchInfo = true
logSearchInfoForChosenMove = false
logToStderr = false
maxTime = 1.0
maxTimePondering = 120.0
numSearchThreads = 16
ogsChatToStderr = true
ponderingEnabled = true
resignConsecTurns = 3
resignThreshold = -0.90
rules = tromp-taylor
searchFactorAfterOnePass = 0.50
searchFactorAfterTwoPass = 0.25
searchFactorWhenWinning = 0.40
searchFactorWhenWinningThreshold = 0.95

2024-06-13 17:53:08-0400: GTP Engine starting...
2024-06-13 17:53:08-0400: KataGo v1.14.1
2024-06-13 17:53:08-0400: Using TrompTaylor rules initially, unless GTP/GUI overrides this
2024-06-13 17:53:08-0400: Using 16 CPU thread(s) for search
2024-06-13 17:53:08-0400: nnRandSeed0 = 12535305111384582179
2024-06-13 17:53:08-0400: After dedups: nnModelFile0 = C:/Users/chang/Downloads/kata1-b28c512nbt-s7168446720-d4316919285.bin.gz useFP16 auto useNHWC auto
2024-06-13 17:53:08-0400: Initializing neural net buffer to be size 19 * 19 exactly
2024-06-13 17:53:14-0400: Cuda backend thread 0: Found GPU NVIDIA GeForce RTX 4060 Laptop GPU memory 8585216000 compute capability major 8 minor 9
2024-06-13 17:53:14-0400: Cuda backend thread 0: Model version 15 useFP16 = true useNHWC = true
2024-06-13 17:53:14-0400: Cuda backend thread 0: Model name: kata1-b28c512nbt-s7168446720-d4316919285
2024-06-13 17:53:18-0400: Loaded neural net with nnXLen 19 nnYLen 19
2024-06-13 17:53:18-0400: Initializing board with boardXSize 19 boardYSize 19
2024-06-13 17:53:18-0400: Loaded config C:\Users\chang\Downloads\katago-v1.14.1-cuda12.1-cudnn8.9.7-windows-x64/俱乐部AI.cfg
2024-06-13 17:53:18-0400: Loaded model C:/Users/chang/Downloads/kata1-b28c512nbt-s7168446720-d4316919285.bin.gz
2024-06-13 17:53:18-0400: Model name: kata1-b28c512nbt-s7168446720-d4316919285
2024-06-13 17:53:18-0400: GTP ready, beginning main protocol loop
2024-06-13 17:53:18-0400: Controller: list_commands
2024-06-13 17:53:18-0400: = protocol_version
name
version
known_command
list_commands
quit
boardsize
rectangular_boardsize
clear_board
set_position
komi
get_komi
play
undo
kata-get-rules
kata-set-rule
kata-set-rules
kata-get-param
kata-set-param
kata-list-params
kgs-rules
genmove
genmove_debug
search_debug
clear_cache
showboard
fixed_handicap
place_free_handicap
set_free_handicap
time_settings
kgs-time_settings
time_left
kata-list_time_settings
kata-time_settings
final_score
final_status_list
loadsgf
printsgf
lz-genmove_analyze
kata-genmove_analyze
lz-analyze
kata-analyze
kata-raw-nn
cputime
gomill-cpu_time
kata-benchmark
kata-debug-print-tc
debug_moves
stop
2024-06-13 17:53:18-0400: Controller: boardsize 9
2024-06-13 17:53:18-0400: GPU -1 finishing, processed 0 rows 0 batches
2024-06-13 17:53:18-0400: Cleaned up old neural net and bot
2024-06-13 17:53:18-0400: nnRandSeed0 = 17413338446522965568
2024-06-13 17:53:18-0400: After dedups: nnModelFile0 = C:/Users/chang/Downloads/kata1-b28c512nbt-s7168446720-d4316919285.bin.gz useFP16 auto useNHWC auto
2024-06-13 17:53:18-0400: Initializing neural net buffer to be size 9 * 9 exactly
2024-06-13 17:53:27-0400: Cuda backend thread 0: Found GPU NVIDIA GeForce RTX 4060 Laptop GPU memory 8585216000 compute capability major 8 minor 9
2024-06-13 17:53:27-0400: Cuda backend thread 0: Model version 15 useFP16 = true useNHWC = true
2024-06-13 17:53:27-0400: Cuda backend thread 0: Model name: kata1-b28c512nbt-s7168446720-d4316919285
2024-06-13 17:53:29-0400: Loaded neural net with nnXLen 9 nnYLen 9
2024-06-13 17:53:29-0400: Initializing board with boardXSize 9 boardYSize 9
2024-06-13 17:53:29-0400: = 
2024-06-13 17:53:29-0400: Controller: clear_board
2024-06-13 17:53:29-0400: = 
2024-06-13 17:53:29-0400: Controller: komi 7.5
2024-06-13 17:53:29-0400: = 
2024-06-13 17:53:29-0400: Controller: play black e5
2024-06-13 17:53:29-0400: = 
2024-06-13 17:53:29-0400: Controller: genmove white
2024-06-13 17:53:31-0400: MoveNum: 1 HASH: 38E71B648B5DE3A43B414F57C285AD76
   A B C D E F G H J
 9 . . . . . . . . .
 8 . . . . . . . . .
 7 . . . . . . . . .
 6 . . . . . . . . .
 5 . . @ . X1. . . .
 4 . . . . . . . . .
 3 . . . . . . . . .
 2 . . . . . . . . .
 1 . . . . . . . . .

koPOSITIONALscoreAREAtaxNONEsui1komi7.5
Time taken: 1.453
Root visits: 278
New playouts: 278
NN rows: 266
NN batches: 25
NN avg batch size: 10.64
PV: C5 D3 G4 G6 F3 C6 B6 C7 D5 E6 E4 D4
Tree:
: T  81.38c W  81.23c S  -0.10c ( +1.9 L  +1.0) N     278  --  C5 D3 G4 G6 F3 C6 B6
---White(^)---
C5  : T  82.55c W  82.41c S  -0.08c ( +1.9 L  +1.0) LCB   79.24c P  6.27% WF 242.9 PSV     241 N     143  --  C5 D3 G4 G6 F3 C6 B6 C7
C4  : T  82.44c W  81.71c S   0.13c ( +2.0 L  +1.1) LCB   79.11c P  9.33% WF 135.3 PSV     135 N      87  --  C4 E3 C6 F7 G5 D6 G3 C7
C3  : T  72.42c W  74.19c S  -1.08c ( +1.4 L  +0.6) LCB   66.02c P  0.56% WF  31.4 PSV       0 N      27  --  C3 C5 F3 G6 G4 G5 C6
D4  : T  31.01c W  37.67c S  -3.26c ( +0.3 L  +0.1) LCB  -16.31c P  0.02% WF   0.9 PSV       0 N       4  --  D4 D5 C4
B5  : T  27.55c W  34.44c S  -3.44c ( +0.2 L  -0.2) LCB  -47.97c P  0.01% WF   0.4 PSV       0 N       3  --  B5 C6 G6
B4  : T  11.14c W  13.92c S  -4.22c ( -0.2 L  -0.4) LCB  -63.36c P  0.00% WF   0.1 PSV       0 N       3  --  B4 C5
D5  : T -28.96c W -19.50c S  -6.30c ( -1.2 L  -1.0) LCB -185.11c P  0.01% WF   0.4 PSV       0 N       2  --  D5 D6
pss : T -124.89c W -99.67c S -25.22c (-12.9 L -11.1) LCB -474.89c P  0.00% WF   0.1 PSV       0 N       1  --  pass
B3  : T -46.50c W -38.75c S  -7.75c ( -1.8 L  -0.9) LCB -396.50c P  0.00% WF   0.0 PSV       0 N       1  --  B3
B2  : T -103.30c W -90.61c S -12.69c ( -4.1 L  -2.6) LCB -453.30c P  0.00% WF   0.0 PSV       0 N       1  --  B2

2024-06-13 17:53:31-0400: = C5
2024-06-13 17:53:49-0400: Controller: kata-list_time_settings
2024-06-13 17:53:49-0400: = none absolute byoyomi canadian fischer fischer-capped
2024-06-13 17:53:49-0400: Controller: play black d7
2024-06-13 17:53:49-0400: = 
2024-06-13 17:53:49-0400: Controller: genmove white
2024-06-13 17:53:50-0400: MoveNum: 3 HASH: 6C0DCB7D765816BB463E6416B98B8914
   A B C D E F G H J
 9 . . . . . . . . .
 8 . . . . . . . . .
 7 . . . X3. . . . .
 6 . . . . . . . . .
 5 . . O2. X1. . . .
 4 . . . . . . @ . .
 3 . . . . . . . . .
 2 . . . . . . . . .
 1 . . . . . . . . .

koPOSITIONALscoreAREAtaxNONEsui1komi7.5
Time taken: 1.125
Root visits: 7799
New playouts: 410
NN rows: 343
NN batches: 29
NN avg batch size: 11.8276
PV: G4 G6 F6 F5 G5 G7 F3 C4 C7 E2 F2 B5 D8 C6 D6 D5 E7 F8 B6 E3 E8 H6 H5 H3 H2
Tree:
: T  81.26c W  80.65c S   1.50c ( +2.2 L  +1.6) N    7799  --  G4 G6 F6 F5 G5 G7 F3
---White(^)---
G4  : T  82.43c W  81.56c S   1.56c ( +2.2 L  +1.6) LCB   80.96c P 52.32% WF 6933.9 PSV    6824 N    6436  --  G4 G6 F6 F5 G5 G7 F3 C4
G5  : T  78.29c W  78.66c S   0.72c ( +1.8 L  +0.9) LCB   74.71c P 15.54% WF 637.9 PSV     399 N     582  --  G5 D3 G7 G4 H4 D5 C7 C8
G6  : T  72.70c W  73.49c S   2.05c ( +2.5 L  +1.8) LCB   65.90c P 18.90% WF 535.3 PSV     232 N     677  --  G6 G4 F7 C4 B4 C3 D5 E4
C3  : T  68.36c W  71.42c S  -0.27c ( +1.3 L  +0.5) LCB   60.88c P  9.22% WF  75.9 PSV      80 N      69  --  C3 D4 D3 C4 B4 E3 E2 B3
D3  : T  61.96c W  67.37c S  -0.25c ( +1.3 L  +0.6) LCB   44.80c P  3.00% WF  27.7 PSV      18 N      25  --  D3 G4 F3 C4 D4 D5 C6 C7
C7  : T  73.94c W  74.18c S   0.41c ( +1.7 L  +0.6) LCB   44.10c P  0.16% WF   7.4 PSV       2 N       5  --  C7 D6 C6 G4
F3  : T  71.04c W  75.92c S  -0.17c ( +1.4 L  +0.3) LCB  -11.14c P  0.15% WF   4.9 PSV       1 N       3  --  F3 E3
G3  : T  62.13c W  63.70c S  -1.57c ( +0.8 L  +0.6) LCB -287.87c P  0.19% WF   1.3 PSV       1 N       1  --  G3

2024-06-13 17:53:50-0400: = G4
2024-06-13 17:53:51-0400: Controller: kata-list_time_settings
2024-06-13 17:53:51-0400: = none absolute byoyomi canadian fischer fischer-capped
2024-06-13 17:53:51-0400: Controller: play black c4
2024-06-13 17:53:51-0400: = 
2024-06-13 17:53:51-0400: Controller: genmove white
2024-06-13 17:53:52-0400: MoveNum: 5 HASH: 2A2E8A3328DA97339E96CEB4148FA569
   A B C D E F G H J
 9 . . . . . . . . .
 8 . . . . . . . . .
 7 . . . X1. . . . .
 6 . . . . . . @ . .
 5 . . O . X . . . .
 4 . . X3. . . O2. .
 3 . . . . . . . . .
 2 . . . . . . . . .
 1 . . . . . . . . .

koPOSITIONALscoreAREAtaxNONEsui1komi7.5
Time taken: 1.125
Root visits: 728
New playouts: 615
NN rows: 387
NN batches: 32
NN avg batch size: 12.0938
PV: G6 D4 E3 F4 G3 F7 G7 D2
Tree:
: T  79.41c W  79.72c S   1.14c ( +1.8 L  +1.0) N     728  --  G6 D4 E3 F4 G3 F7 G7
---White(^)---
G6  : T  81.58c W  82.15c S   0.90c ( +1.7 L  +0.9) LCB   76.34c P 23.65% WF 300.2 PSV     386 N     242  --  G6 D4 E3 F4 G3 F7 G7 D2
F3  : T  80.80c W  80.16c S   1.60c ( +2.0 L  +1.3) LCB   76.04c P  4.92% WF 353.9 PSV     350 N     307  --  F3 G6 F6 F5 G5 G7 C7 E2
B4  : T  70.99c W  73.30c S   0.66c ( +1.6 L  +0.7) LCB   63.26c P 45.90% WF  81.2 PSV      87 N      74  --  B4 C3 C7 C8 D6 E6 D8 E7
F6  : T  79.56c W  79.51c S   0.81c ( +1.6 L  +0.8) LCB   69.61c P  9.08% WF  64.6 PSV      65 N      53  --  F6 F3 G3 D5 E7 E8 F8 D8
C7  : T  76.44c W  77.61c S   0.89c ( +1.7 L  +0.8) LCB   67.63c P  3.48% WF  44.3 PSV      16 N      33  --  C7 G6 F2 F3 G3 E2
D4  : T  59.19c W  64.15c S   0.06c ( +1.3 L  +0.6) LCB   -7.05c P  6.23% WF   8.8 PSV       6 N       9  --  D4 D5 C3 B4 D3 B3 B2
G7  : T  61.27c W  66.87c S  -0.41c ( +1.1 L  +0.6) LCB   26.71c P  4.66% WF   5.8 PSV       5 N       5  --  G7 D4 C7 D8 E3
E3  : T  74.52c W  74.77c S   0.11c ( +1.3 L  +0.5) LCB  -76.96c P  0.30% WF   2.9 PSV       1 N       2  --  E3 F3
C3  : T  44.58c W  55.34c S  -0.92c ( +0.8 L  +0.7) LCB -124.12c P  1.42% WF   1.7 PSV       0 N       2  --  C3 D4

2024-06-13 17:53:52-0400: = G6
2024-06-13 17:54:05-0400: Controller: kata-list_time_settings
2024-06-13 17:54:05-0400: = none absolute byoyomi canadian fischer fischer-capped
2024-06-13 17:54:05-0400: Controller: play black d4
2024-06-13 17:54:06-0400: = 
2024-06-13 17:54:06-0400: Controller: genmove white
2024-06-13 17:54:07-0400: MoveNum: 7 HASH: 2D01FF5EF8D65F6114F85694AE1B0922
   A B C D E F G H J
 9 . . . . . . . . .
 8 . . . . . . . . .
 7 . . @ X . . . . .
 6 . . . . . . O2. .
 5 . . O . X . . . .
 4 . . X1X3. . O . .
 3 . . . . . . . . .
 2 . . . . . . . . .
 1 . . . . . . . . .

koPOSITIONALscoreAREAtaxNONEsui1komi7.5
Time taken: 1.125
Root visits: 6051
New playouts: 425
NN rows: 407
NN batches: 31
NN avg batch size: 13.129
PV: C7 G3 D6 E6 D8 E7 H3 B6 B7 H5 F3 B5 E8 F8 G8 F7 F9
Tree:
: T  81.39c W  81.54c S   1.19c ( +1.6 L  +1.0) N    6051  --  C7 G3 D6 E6 D8 E7 H3
---White(^)---
C7  : T  81.83c W  81.82c S   1.19c ( +1.6 L  +1.0) LCB   80.11c P 65.29% WF 5571.6 PSV    5547 N    5376  --  C7 G3 D6 E6 D8 E7 H3 B6
E3  : T  79.77c W  80.47c S   1.33c ( +1.7 L  +1.0) LCB   75.59c P 17.94% WF 565.1 PSV     579 N     555  --  E3 F4 G3 F7 C7 C8 D8 E8
F7  : T  65.82c W  72.49c S   0.32c ( +1.2 L  +0.6) LCB   48.65c P 11.89% WF  67.9 PSV      75 N      78  --  F7 F6 G7 G3 F3 F4 H4 E3
B4  : T  72.39c W  74.31c S   0.49c ( +1.3 L  +0.5) LCB   61.01c P  3.35% WF  34.2 PSV      34 N      34  --  B4 B3 C7 D8 F7 F6 G7 D6
D8  : T  52.38c W  60.31c S  -0.81c ( +0.7 L  +0.5) LCB -102.45c P  0.40% WF   2.0 PSV       1 N       2  --  D8 E8
F3  : T  53.61c W  61.95c S  -1.08c ( +0.7 L  +0.4) LCB  -99.97c P  0.32% WF   2.1 PSV       1 N       2  --  F3 F7
E7  : T  42.94c W  56.51c S  -1.44c ( +0.4 L  +0.2) LCB -124.95c P  0.23% WF   1.7 PSV       0 N       2  --  E7 F7
C8  : T  55.97c W  57.27c S  -1.30c ( +0.5 L  +0.4) LCB -294.03c P  0.19% WF   1.0 PSV       0 N       1  --  C8

2024-06-13 17:54:07-0400: = C7
2024-06-13 17:54:07-0400: Controller: kata-list_time_settings
2024-06-13 17:54:07-0400: = none absolute byoyomi canadian fischer fischer-capped
2024-06-13 17:54:07-0400: Controller: play black d8
2024-06-13 17:54:07-0400: = 
2024-06-13 17:54:07-0400: Controller: genmove white
2024-06-13 17:54:08-0400: MoveNum: 9 HASH: 0474CE1A3F6F4C2ACF9286D30D3C23B9
   A B C D E F G H J
 9 . . . . . . . . .
 8 . . . X3. . . . .
 7 . . O2X . @ . . .
 6 . . . . . . O . .
 5 . . O . X . . . .
 4 . . X X1. . O . .
 3 . . . . . . . . .
 2 . . . . . . . . .
 1 . . . . . . . . .

koPOSITIONALscoreAREAtaxNONEsui1komi7.5
Time taken: 1.078
Root visits: 3992
New playouts: 623
NN rows: 410
NN batches: 31
NN avg batch size: 13.2258
PV: F7 G5 F5 E6 C8 B5 F3 E2 E8 D9 E3 D3 F6 E9 E7
Tree:
: T  82.81c W  82.57c S   1.19c ( +1.5 L  +0.9) N    3992  --  F7 G5 F5 E6 C8 B5 F3
---White(^)---
F7  : T  84.20c W  83.87c S   1.16c ( +1.5 L  +0.9) LCB   82.11c P 20.04% WF 3634.5 PSV    3574 N    3354  --  F7 G5 F5 E6 C8 B5 F3 E2
E3  : T  74.07c W  74.20c S   1.59c ( +1.7 L  +1.0) LCB   68.67c P 57.78% WF 407.7 PSV     445 N     483  --  E3 G7 C2 F4 F3 G3 H4 G2
B4  : T  74.94c W  75.93c S   0.92c ( +1.4 L  +0.7) LCB   66.05c P 13.44% WF 116.2 PSV     112 N     132  --  B4 B3 F7 G5 H5 F5 D6 E6
C8  : T  30.40c W  38.55c S  -1.18c ( +0.4 L  -0.4) LCB  -53.64c P  5.47% WF   6.7 PSV       8 N      14  --  C8 B5 B6 B4 D6 F7 E7 E8
C2  : T  34.57c W  39.27c S  -0.78c ( +0.6 L  +0.1) LCB  -76.00c P  1.20% WF   2.9 PSV       1 N       4  --  C2 D2 E2
F3  : T  58.88c W  60.98c S  -0.25c ( +0.9 L  +0.3) LCB  -90.62c P  0.45% WF   1.8 PSV       1 N       2  --  F3 G7
D6  : T  17.41c W  19.20c S  -1.79c ( +0.1 L  +0.1) LCB -332.59c P  0.61% WF   0.5 PSV       0 N       1  --  D6
B5  : T   1.99c W   5.35c S  -3.36c ( -0.5 L  -0.2) LCB -348.01c P  0.61% WF   0.5 PSV       0 N       1  --  B5

2024-06-13 17:54:08-0400: = F7
2024-06-13 17:54:15-0400: Controller: kata-list_time_settings
2024-06-13 17:54:15-0400: = none absolute byoyomi canadian fischer fischer-capped
2024-06-13 17:54:15-0400: Controller: play black g3
2024-06-13 17:54:15-0400: = 
2024-06-13 17:54:15-0400: Controller: genmove white
2024-06-13 17:54:16-0400: MoveNum: 11 HASH: B71024B4B2A1180EFE56A93DA5A67BDF
   A B C D E F G H J
 9 . . . . . . . . .
 8 . . . X1. . . . .
 7 . . O X . O2. . .
 6 . . . . . . O . .
 5 . . O . X . . . .
 4 . . X X . @ O . .
 3 . . . . . . X3. .
 2 . . . . . . . . .
 1 . . . . . . . . .

koPOSITIONALscoreAREAtaxNONEsui1komi7.5
Time taken: 1.125
Root visits: 2140
New playouts: 1579
NN rows: 374
NN batches: 30
NN avg batch size: 12.4667
PV: F4 F3 B5 D6 C8 E4 B4 B3 A3 B2 C9 H7 F8 H4 H5
Tree:
: T  72.36c W  74.28c S   1.09c ( +1.4 L  +0.9) N    2140  --  F4 F3 B5 D6 C8 E4 B4
---White(^)---
F4  : T  73.15c W  74.76c S   1.23c ( +1.4 L  +1.0) LCB   68.01c P 34.39% WF 994.9 PSV     987 N    1096  --  F4 F3 B5 D6 C8 E4 B4 B3
B4  : T  70.54c W  72.82c S   1.04c ( +1.4 L  +0.9) LCB   63.06c P 32.75% WF 387.6 PSV     396 N     451  --  B4 B3 F4 F3 B5 D6 C8 E4
C8  : T  73.03c W  74.64c S   0.98c ( +1.3 L  +0.9) LCB   65.36c P  8.22% WF 366.9 PSV     223 N     410  --  C8 D6 F4 F3 B5 E4 B4 B3
F3  : T  72.41c W  75.81c S   0.66c ( +1.2 L  +0.7) LCB   62.05c P 15.83% WF 154.6 PSV     155 N     167  --  F3 F4 H4 E3 D6 E6 C8 G7
D6  : T  17.33c W  30.17c S  -1.21c ( +0.3 L  -0.3) LCB  -30.26c P  7.62% WF   5.6 PSV       8 N      13  --  D6 E6 F4 F3 E7 C8 B8 B6
B6  : T  51.13c W  51.64c S  -0.51c ( +0.7 L  +0.8) LCB -298.87c P  0.48% WF   0.8 PSV       1 N       1  --  B6
E3  : T  -3.97c W  -1.45c S  -2.52c ( -0.3 L  -0.3) LCB -353.97c P  0.10% WF   0.4 PSV       0 N       1  --  E3

2024-06-13 17:54:16-0400: = F4
2024-06-13 17:54:28-0400: Controller: kata-list_time_settings
2024-06-13 17:54:28-0400: = none absolute byoyomi canadian fischer fischer-capped
2024-06-13 17:54:28-0400: Controller: play black f3
2024-06-13 17:54:28-0400: = 
2024-06-13 17:54:28-0400: Controller: genmove white
2024-06-13 17:54:30-0400: MoveNum: 13 HASH: 1B2264F78FDD7E610323FA7A3AE7FA77
   A B C D E F G H J
 9 . . . . . . . . .
 8 . . . X . . . . .
 7 . . O X . O . . .
 6 . . . . . . O . .
 5 . . O . X . . . .
 4 . @ X X . O2O . .
 3 . . . . . X3X1. .
 2 . . . . . . . . .
 1 . . . . . . . . .

koPOSITIONALscoreAREAtaxNONEsui1komi7.5
Time taken: 1.172
Root visits: 12739
New playouts: 3150
NN rows: 338
NN batches: 27
NN avg batch size: 12.5185
PV: E4 E3 D5 E6 B4 B3 B6 D6 A3 C3 C8 B8 B7 G5 H4 C9 B2 C2 A8 G8 F8
Tree:
: T  71.64c W  70.83c S   2.58c ( +4.7 L  +4.2) N   12739  --  E4 E3 D5 E6 B4 B3 B6
---White(^)---
E4  : T  72.76c W  69.78c S   4.16c ( +5.8 L  +5.3) LCB   69.01c P 14.90% WF 4617.2 PSV    4784 N    6001  --  E4 E3 D5 E6 B4 B3 B6 D6
B4  : T  72.08c W  70.07c S   3.59c ( +5.4 L  +5.0) LCB   67.51c P 28.60% WF 3085.6 PSV    3077 N    4032  --  B4 B3 E4 E3 D5 E6 B6 D6
C8  : T  69.68c W  75.11c S  -4.16c ( +1.4 L  +1.0) LCB   65.69c P 23.17% WF 1079.2 PSV    1114 N    1298  --  C8 D6 B5 E4 B4 B3 A3 B2
B5  : T  71.23c W  75.95c S  -3.80c ( +1.5 L  +1.1) LCB   67.27c P  7.64% WF 1039.0 PSV     851 N    1201  --  B5 D6 C8 E4 B4 B3 A3 B2
E3  : T  46.20c W  54.49c S  -4.05c ( +1.2 L  +0.6) LCB   25.01c P  6.00% WF  45.9 PSV      57 N      85  --  E3 E4 H3 H2 H4 E2 D6 E6
B6  : T  51.46c W  63.48c S  -3.88c ( +1.3 L  +0.8) LCB   16.72c P  2.80% WF  30.8 PSV      34 N      43  --  B6 D6 B4 B3 A3 A2 E4 E3
D6  : T -39.19c W -17.97c S  -9.03c ( -1.8 L  -2.0) LCB  -70.94c P 13.80% WF  15.2 PSV      32 N      57  --  D6 E6 C8 D5 C6 E7 E3 E2
H3  : T  41.45c W  50.57c S  -4.80c ( +0.8 L  +0.4) LCB   16.61c P  1.27% WF   8.6 PSV      10 N      14  --  H3 D5 E3 E2 D3 H2
E6  : T -43.48c W -18.59c S  -9.34c ( -0.9 L  -0.8) LCB -115.01c P  1.63% WF   2.1 PSV       3 N       6  --  E6 D6 E4 E3 D5 C6 B5 B4
C6  : T   9.35c W  15.82c S  -6.47c ( -0.1 L  -0.1) LCB -340.65c P  0.05% WF   0.4 PSV       0 N       1  --  C6

2024-06-13 17:54:30-0400: = B4
2024-06-13 17:54:35-0400: Controller: kata-list_time_settings
2024-06-13 17:54:35-0400: = none absolute byoyomi canadian fischer fischer-capped
2024-06-13 17:54:35-0400: Controller: play black b3
2024-06-13 17:54:35-0400: = 
2024-06-13 17:54:35-0400: Controller: genmove white
2024-06-13 17:54:36-0400: MoveNum: 15 HASH: 313AC8D74AC9FAD006BB6EABE86079C0
   A B C D E F G H J
 9 . . . . . . . . .
 8 . . . X . . . . .
 7 . . O X . O . . .
 6 . . . . . . O . .
 5 . @ O . X . . . .
 4 . O2X X . O O . .
 3 . X3. . . X1X . .
 2 . . . . . . . . .
 1 . . . . . . . . .

koPOSITIONALscoreAREAtaxNONEsui1komi7.5
Time taken: 1.125
Root visits: 7667
New playouts: 633
NN rows: 387
NN batches: 30
NN avg batch size: 12.9
PV: B5 D6 C8 E4 A3 A2 C3 B2 A4 C2 C9 H7 H3 H5 H4 H6 G7 G8 F8 G9 G2 F2
Tree:
: T  67.94c W  68.55c S   2.23c ( +4.2 L  +3.9) N    7667  --  B5 D6 C8 E4 A3 A2 C3
---White(^)---
B5  : T  70.25c W  74.51c S  -2.33c ( +1.8 L  +1.4) LCB   65.68c P  1.99% WF 550.9 PSV    7113 N     642  --  B5 D6 C8 E4 A3 A2 C3 B2
E4  : T  67.26c W  64.51c S   5.03c ( +6.4 L  +6.0) LCB   62.03c P 62.31% WF 3166.5 PSV    3201 N    4464  --  E4 E3 D5 E6 B6 D6 A3 C3
C8  : T  68.87c W  73.40c S  -2.65c ( +1.7 L  +1.4) LCB   65.14c P 29.63% WF 2093.1 PSV    2064 N    2503  --  C8 D6 B5 E4 A3 A2 C3 B2
B6  : T  57.14c W  66.07c S  -3.17c ( +1.4 L  +0.9) LCB   21.39c P  2.05% WF  27.2 PSV      28 N      33  --  B6 D6 A3 A2 E4 E3 D5 A4
D6  : T -52.91c W -30.84c S -10.23c ( -2.7 L  -2.9) LCB -106.65c P  2.74% WF   5.7 PSV       4 N      19  --  D6 E6 C8 D5 C6 E7 B5 H3
E3  : T  25.27c W  37.47c S  -5.09c ( +0.5 L  +0.4) LCB -126.96c P  0.47% WF   1.0 PSV       1 N       2  --  E3 E4
C3  : T  33.85c W  40.21c S  -6.36c ( +0.2 L  +0.3) LCB -316.15c P  0.25% WF   0.5 PSV       1 N       1  --  C3
E6  : T  -6.49c W   0.69c S  -7.18c ( -0.2 L  -0.7) LCB -356.49c P  0.38% WF   0.3 PSV       0 N       1  --  E6
H3  : T  -6.06c W   1.38c S  -7.44c ( -0.6 L  -0.5) LCB -356.06c P  0.11% WF   0.5 PSV       0 N       1  --  H3

2024-06-13 17:54:36-0400: = B5
2024-06-13 17:54:45-0400: Controller: kata-list_time_settings
2024-06-13 17:54:45-0400: = none absolute byoyomi canadian fischer fischer-capped
2024-06-13 17:54:45-0400: Controller: play black d6
2024-06-13 17:54:45-0400: = 
2024-06-13 17:54:45-0400: Controller: genmove white
2024-06-13 17:54:46-0400: MoveNum: 17 HASH: 850CBA8B350331EB340A46EB53545194
   A B C D E F G H J
 9 . . . . . . . . .
 8 . . @ X . . . . .
 7 . . O X . O . . .
 6 . . . X3. . O . .
 5 . O2O . X . . . .
 4 . O X X . O O . .
 3 . X1. . . X X . .
 2 . . . . . . . . .
 1 . . . . . . . . .

koPOSITIONALscoreAREAtaxNONEsui1komi7.5
Time taken: 1.156
Root visits: 5341
New playouts: 1080
NN rows: 381
NN batches: 30
NN avg batch size: 12.7
PV: C8 E4 C3 H4 H5 C2 A3 B2 C9 J3 F5 H7 H6 E7 F6 C6 B6 F9 G8 G9 H9 D9 F8 E9 H8
Tree:
: T  81.52c W  80.64c S   1.02c ( +1.5 L  +1.4) N    5341  --  C8 E4 C3 H4 H5 C2 A3
---White(^)---
C8  : T  82.14c W  81.20c S   1.04c ( +1.5 L  +1.4) LCB   79.91c P 75.43% WF 4937.2 PSV    4910 N    5159  --  C8 E4 C3 H4 H5 C2 A3 B2
E4  : T  49.55c W  50.39c S   0.15c ( +1.1 L  +0.7) LCB   33.77c P 12.94% WF  66.1 PSV      42 N     148  --  E4 E3 C8 D5 C3 C2 A3 H7
C3  : T   3.10c W  17.26c S  -2.41c ( -0.2 L  -0.3) LCB  -49.92c P  3.61% WF   3.4 PSV       5 N       9  --  C3 D3 C8 F6 C9
B2  : T  46.97c W  53.12c S   0.55c ( +1.3 L  +0.3) LCB  -14.93c P  1.85% WF   4.6 PSV       5 N       9  --  B2 C2 C8 B8 B7 C9
B7  : T   5.53c W  23.00c S  -2.50c ( -0.3 L  -0.5) LCB  -73.24c P  1.79% WF   1.9 PSV       2 N       5  --  B7 C8 E4 E3
B8  : T  -3.55c W  25.26c S  -2.18c ( -0.1 L  -0.2) LCB  -84.93c P  2.24% WF   1.6 PSV       2 N       4  --  B8 C8 B7 E4
C6  : T -20.67c W -16.55c S  -4.12c ( -1.1 L  -1.2) LCB -370.67c P  1.07% WF   0.4 PSV       1 N       1  --  C6
A3  : T  26.92c W  28.25c S  -1.33c ( +0.3 L  -0.1) LCB -323.08c P  0.79% WF   0.5 PSV       1 N       1  --  A3
C2  : T  57.94c W  68.21c S   1.63c ( +1.9 L  +1.2) LCB  -28.03c P  0.14% WF   2.0 PSV       0 N       3  --  C2 D2 E4
E3  : T -105.27c W -91.69c S -13.58c ( -5.4 L  -7.0) LCB -455.27c P  0.10% WF   0.6 PSV       0 N       1  --  E3

2024-06-13 17:54:46-0400: = C8
2024-06-13 17:54:48-0400: Controller: kata-list_time_settings
2024-06-13 17:54:48-0400: = none absolute byoyomi canadian fischer fischer-capped
2024-06-13 17:54:48-0400: Controller: play black h4
2024-06-13 17:54:48-0400: = 
2024-06-13 17:54:48-0400: Controller: genmove white
2024-06-13 17:54:50-0400: MoveNum: 19 HASH: 0E130AF20FFDCD128CDFE23D3A7B92F8
   A B C D E F G H J
 9 . . . . . . . . .
 8 . . O2X . . . . .
 7 . . O X . O . . .
 6 . . . X1. . O . .
 5 . O O . X . . @ .
 4 . O X X . O O X3.
 3 . X . . . X X . .
 2 . . . . . . . . .
 1 . . . . . . . . .

koPOSITIONALscoreAREAtaxNONEsui1komi7.5
Time taken: 1.156
Root visits: 2100
New playouts: 1098
NN rows: 398
NN batches: 31
NN avg batch size: 12.8387
PV: H5 B8 B7 C9 A3 C2 B2 C3 D5 F6 E4
Tree:
: T  82.22c W  81.09c S   2.18c ( +2.0 L  +2.0) N    2100  --  H5 B8 B7 C9 A3 C2 B2
---White(^)---
H5  : T  82.85c W  81.68c S   2.23c ( +2.0 L  +2.0) LCB   78.88c P 69.00% WF 1903.6 PSV    1896 N    2017  --  H5 B8 B7 C9 A3 C2 B2 C3
C3  : T  74.27c W  70.52c S   1.18c ( +1.6 L  +1.1) LCB   53.59c P  3.26% WF  19.9 PSV      18 N      31  --  C3 E4 E8 D9 H5 C2 A3 D3
E4  : T  61.97c W  62.44c S   0.49c ( +1.2 L  +0.9) LCB   39.11c P  6.39% WF  15.0 PSV      16 N      27  --  E4 E3 H5 F6 G5 D5 C3 H8
D5  : T -37.05c W -11.87c S  -4.75c ( -2.2 L  -3.3) LCB -105.75c P 12.43% WF   4.2 PSV       6 N      16  --  D5 F6 E4 E3 G5 G7 H7 G8
D9  : T -14.06c W -13.06c S  -3.82c ( -0.7 L  -0.6) LCB  -99.47c P  3.88% WF   1.2 PSV       2 N       4  --  D9 E9 C9 H5
E8  : T  15.48c W  16.56c S  -2.49c ( -0.2 L  -0.2) LCB  -69.37c P  2.77% WF   1.2 PSV       2 N       3  --  E8 G5
B2  : T -11.34c W  -7.87c S  -3.47c ( -0.8 L  -0.8) LCB -361.34c P  2.00% WF   0.4 PSV       1 N       1  --  B2

2024-06-13 17:54:50-0400: = H5
2024-06-13 17:54:56-0400: Controller: kata-list_time_settings
2024-06-13 17:54:56-0400: = none absolute byoyomi canadian fischer fischer-capped
2024-06-13 17:54:56-0400: Controller: play black b8
2024-06-13 17:54:56-0400: = 
2024-06-13 17:54:56-0400: Controller: genmove white
2024-06-13 17:54:57-0400: MoveNum: 21 HASH: F382A63BCB19EC622ADA42999658D9F5
   A B C D E F G H J
 9 . . . . . . . . .
 8 . X3O X . . . . .
 7 . @ O X . O . . .
 6 . . . X . . O . .
 5 . O O . X . . O2.
 4 . O X X . O O X1.
 3 . X . . . X X . .
 2 . . . . . . . . .
 1 . . . . . . . . .

koPOSITIONALscoreAREAtaxNONEsui1komi7.5
Time taken: 1.141
Root visits: 8916
New playouts: 1158
NN rows: 385
NN batches: 30
NN avg batch size: 12.8333
PV: B7 C9 A8 B9 D5 F6 E4 E3 G5 G7 H7 G8 F8 H8 J8 C6 B6 E6 E9 D9 B2 C2 A3 C3 G9
Tree:
: T  57.61c W  55.57c S   5.10c ( +8.7 L  +8.7) N    8916  --  B7 C9 A8 B9 D5 F6 E4
---White(^)---
B7  : T  64.41c W  60.07c S   6.26c ( +9.6 L  +9.6) LCB   56.93c P 76.27% WF 4206.2 PSV    3739 N    5998  --  B7 C9 A8 B9 D5 F6 E4 E3
E4  : T  19.10c W  29.88c S  -1.20c ( +3.8 L  +3.7) LCB   12.12c P  8.97% WF 502.7 PSV      44 N    2002  --  E4 E3 B7 C9 A3 C3 A8 F6
A3  : T  32.36c W  39.06c S   0.46c ( +5.1 L  +5.0) LCB   19.78c P  1.88% WF 176.4 PSV      12 N     665  --  A3 C3 E4 E3 B7 C9 A8 F6
C3  : T  11.59c W  29.62c S  -3.87c ( +2.0 L  +1.6) LCB  -10.61c P  3.00% WF  35.1 PSV      12 N     104  --  C3 D3 B7 C9 D5 F6 E4 E3
B2  : T   6.90c W  22.10c S  -5.78c ( +0.8 L  +0.4) LCB  -15.81c P  2.16% WF  36.0 PSV       8 N     120  --  B2 C3 B7 C9 E4 E3 D5 F6
C6  : T -105.12c W -65.63c S -19.88c ( -7.9 L  -7.7) LCB -181.63c P  6.32% WF   4.2 PSV       8 N      10  --  C6 C9 E4 E3 D5 F6 G5 G7
C2  : T  27.93c W  55.57c S  -7.53c ( +0.8 L  +0.4) LCB  -80.80c P  0.39% WF   3.0 PSV       2 N       5  --  C2 C3 B7 C9 E4 E3 D5 F6
B9  : T -95.13c W -71.31c S -15.53c ( -2.2 L  -2.1) LCB -142.18c P  0.45% WF   2.8 PSV       0 N       8  --  B9 C6 B7 B6 E3 E4 H3
D9  : T -58.93c W -47.09c S -11.83c ( -1.0 L  -2.6) LCB -408.93c P  0.20% WF   0.3 PSV       0 N       1  --  D9
C9  : T -111.03c W -92.34c S -18.70c ( -4.9 L  -9.4) LCB -461.03c P  0.12% WF   0.7 PSV       0 N       1  --  C9

2024-06-13 17:54:57-0400: = B7
2024-06-13 17:55:04-0400: Controller: kata-list_time_settings
2024-06-13 17:55:04-0400: = none absolute byoyomi canadian fischer fischer-capped
2024-06-13 17:55:04-0400: Controller: play black e4
2024-06-13 17:55:04-0400: = 
2024-06-13 17:55:04-0400: Controller: genmove white
2024-06-13 17:55:05-0400: MoveNum: 23 HASH: C0F690E300341A3C0A6882BFFA95CE6A
   A B C D E F G H J
 9 . . . . . . . . .
 8 . X1O X . . . . .
 7 . O2O X . O . . .
 6 . . . X . . O . .
 5 . O O . X . . O .
 4 . O X X X3O O X .
 3 @ X . . . X X . .
 2 . . . . . . . . .
 1 . . . . . . . . .

koPOSITIONALscoreAREAtaxNONEsui1komi7.5
Time taken: 1.125
Root visits: 998
New playouts: 449
NN rows: 396
NN batches: 32
NN avg batch size: 12.375
PV: A3 B2 C9 J3 F8 E9 H8 C6 B6 F6 G5 F9 G9 J5
Tree:
: T  92.70c W  92.77c S   0.78c ( +1.2 L  +1.3) N     998  --  A3 B2 C9 J3 F8 E9 H8
---White(^)---
A3  : T  93.68c W  93.47c S   0.97c ( +1.3 L  +1.3) LCB   90.76c P 32.62% WF 1000.5 PSV     992 N     577  --  A3 B2 C9 J3 F8 E9 H8 C6
C3  : T  92.81c W  93.06c S   0.66c ( +1.2 L  +1.3) LCB   88.60c P 29.21% WF 602.7 PSV     483 N     352  --  C3 C2 A3 B2 C9 H3 F8 E9
C9  : T  50.00c W  56.20c S  -1.89c ( +0.2 L  +0.3) LCB    6.61c P 22.40% WF  12.2 PSV      15 N      25  --  C9 C6 C3 C2 B6 A4
B9  : T  86.14c W  87.46c S  -0.79c ( +0.7 L  +0.5) LCB   66.47c P  4.25% WF  22.5 PSV      15 N      16  --  B9 J3 F8 H7
A8  : T  81.77c W  84.04c S  -1.02c ( +0.6 L  +0.3) LCB   62.17c P  4.76% WF  13.4 PSV      11 N      12  --  A8 J3 F8 F6 G5 H7
B2  : T  83.86c W  85.46c S  -0.28c ( +0.8 L  +0.7) LCB   58.81c P  3.09% WF  10.4 PSV       8 N       9  --  B2 A3 C9 J3 F8
D9  : T  64.15c W  69.76c S  -1.07c ( +0.5 L  +0.8) LCB  -86.24c P  3.48% WF   5.4 PSV       3 N       6  --  D9 E9 C9 F8 H3

2024-06-13 17:55:05-0400: = A3
2024-06-13 17:55:14-0400: Controller: kata-list_time_settings
2024-06-13 17:55:14-0400: = none absolute byoyomi canadian fischer fischer-capped
2024-06-13 17:55:14-0400: Controller: play black b2
2024-06-13 17:55:14-0400: = 
2024-06-13 17:55:14-0400: Controller: genmove white
2024-06-13 17:55:15-0400: MoveNum: 25 HASH: 181ED89DF14510783A79E69F9C5F521C
   A B C D E F G H J
 9 . . @ . . . . . .
 8 . X O X . . . . .
 7 . O O X . O . . .
 6 . . . X . . O . .
 5 . O O . X . . O .
 4 . O X X X1O O X .
 3 O2X . . . X X . .
 2 . X3. . . . . . .
 1 . . . . . . . . .

koPOSITIONALscoreAREAtaxNONEsui1komi7.5
Time taken: 1.125
Root visits: 6056
New playouts: 636
NN rows: 339
NN batches: 28
NN avg batch size: 12.1071
PV: C9 H7 G7 C6 B6 A4 E8 D9
Tree:
: T  96.11c W  95.14c S   1.12c ( +1.2 L  +1.3) N    6056  --  C9 H7 G7 C6 B6 A4 E8
---White(^)---
C9  : T  96.36c W  95.54c S   0.91c ( +1.1 L  +1.2) LCB   95.20c P 54.73% WF 10732.2 PSV   10694 N    4643  --  C9 H7 G7 C6 B6 A4 E8 D9
B9  : T  95.73c W  94.17c S   2.12c ( +1.6 L  +1.7) LCB   91.58c P 12.95% WF 1406.9 PSV    1373 N     735  --  B9 J3 H7 F6 G5 F8 G8 E7
A8  : T  94.42c W  92.65c S   1.85c ( +1.5 L  +1.5) LCB   89.28c P 25.08% WF 899.8 PSV     922 N     586  --  A8 J3 F5 H7 H6 G8 F8 F9
C3  : T  96.31c W  94.90c S   1.44c ( +1.3 L  +1.3) LCB   90.92c P  1.00% WF 143.3 PSV      87 N      73  --  C3 C2 C9 C6 B6 A4 E8 D9
D9  : T  27.09c W  32.97c S  -1.59c ( +0.2 L  +0.5) LCB  -86.51c P  5.86% WF   9.8 PSV      12 N      17  --  D9 E9 C9 F8 H3 H2 J4 C6
C2  : T  73.18c W  72.60c S   0.58c ( +1.0 L  +1.1) LCB -277.27c P  0.27% WF   0.7 PSV       1 N       1  --  C2

2024-06-13 17:55:15-0400: = C9
2024-06-13 17:55:19-0400: Controller: kata-list_time_settings
2024-06-13 17:55:19-0400: = none absolute byoyomi canadian fischer fischer-capped
2024-06-13 17:55:19-0400: Controller: play black c6
2024-06-13 17:55:19-0400: = 
2024-06-13 17:55:19-0400: Controller: genmove white
2024-06-13 17:55:20-0400: MoveNum: 27 HASH: B9EBFACF69E8719EFC5F10BFAF287711
   A B C D E F G H J
 9 . . O2. . . . . .
 8 . X O X . . . . .
 7 . O O X . O . . .
 6 . @ X3X . . O . .
 5 . O O . X . . O .
 4 . O X X X O O X .
 3 O X . . . X X . .
 2 . X1. . . . . . .
 1 . . . . . . . . .

koPOSITIONALscoreAREAtaxNONEsui1komi7.5
Time taken: 1.094
Root visits: 2734
New playouts: 588
NN rows: 362
NN batches: 29
NN avg batch size: 12.4828
PV: B6 A4 F8 E9 A8 H3 H8 F6 G5 F9 G9 A2 J4 J3 J5
Tree:
: T  97.88c W  96.76c S   0.87c ( +1.0 L  +1.1) N    2734  --  B6 A4 F8 E9 A8 H3 H8
---White(^)---
B6  : T  97.89c W  96.78c S   0.87c ( +1.0 L  +1.1) LCB   96.82c P 99.16% WF 7275.7 PSV    7275 N    2732  --  B6 A4 F8 E9 A8 H3 H8 F6
E8  : T -108.06c W -97.28c S -10.79c ( -3.4 L  -5.1) LCB -458.06c P  0.46% WF   0.7 PSV       0 N       1  --  E8

2024-06-13 17:55:20-0400: = B6
2024-06-13 17:55:23-0400: Controller: quit
2024-06-13 17:55:23-0400: Quit requested by controller
2024-06-13 17:55:23-0400: = 
2024-06-13 17:55:23-0400: GPU -1 finishing, processed 40730 rows 3090 batches
2024-06-13 17:55:23-0400: All cleaned up, quitting
