2024-06-10 18:03:11-0400: Running with following config:
allowResignation = true
lagBuffer = 1.0
logAllGTPCommunication = true
logDir = gtp_logs
logSearchInfo = true
logSearchInfoForChosenMove = false
logToStderr = false
maxTime = 1.0
maxTimePondering = 120.0
numSearchThreads = 32
ogsChatToStderr = true
ponderingEnabled = true
resignConsecTurns = 3
resignThreshold = -0.90
rules = tromp-taylor
searchFactorAfterOnePass = 0.50
searchFactorAfterTwoPass = 0.25
searchFactorWhenWinning = 0.40
searchFactorWhenWinningThreshold = 0.95

2024-06-10 18:03:11-0400: GTP Engine starting...
2024-06-10 18:03:11-0400: KataGo v1.14.1
2024-06-10 18:03:11-0400: Using TrompTaylor rules initially, unless GTP/GUI overrides this
2024-06-10 18:03:11-0400: Using 32 CPU thread(s) for search
2024-06-10 18:03:12-0400: nnRandSeed0 = 7791271071557778748
2024-06-10 18:03:12-0400: After dedups: nnModelFile0 = C:/Users/chang/Downloads/kata1-b18c384nbt-s9937771520-d4300882049.bin.gz useFP16 auto useNHWC auto
2024-06-10 18:03:12-0400: Initializing neural net buffer to be size 19 * 19 exactly
2024-06-10 18:03:15-0400: Found OpenCL Platform 0: NVIDIA CUDA (NVIDIA Corporation) (OpenCL 3.0 CUDA 12.5.51)
2024-06-10 18:03:15-0400: Found 1 device(s) on platform 0 with type CPU or GPU or Accelerator
2024-06-10 18:03:15-0400: Found OpenCL Platform 1: Intel(R) OpenCL Graphics (Intel(R) Corporation) (OpenCL 3.0 )
2024-06-10 18:03:15-0400: Found 1 device(s) on platform 1 with type CPU or GPU or Accelerator
2024-06-10 18:03:15-0400: Found OpenCL Device 0: NVIDIA GeForce RTX 4060 Laptop GPU (NVIDIA Corporation) (score 11000300)
2024-06-10 18:03:15-0400: Found OpenCL Device 1: Intel(R) UHD Graphics (Intel(R) Corporation) (score 6000300)
2024-06-10 18:03:15-0400: Creating context for OpenCL Platform: NVIDIA CUDA (NVIDIA Corporation) (OpenCL 3.0 CUDA 12.5.51)
2024-06-10 18:03:15-0400: Using OpenCL Device 0: NVIDIA GeForce RTX 4060 Laptop GPU (NVIDIA Corporation) OpenCL 3.0 CUDA (Extensions: cl_khr_global_int32_base_atomics cl_khr_global_int32_extended_atomics cl_khr_local_int32_base_atomics cl_khr_local_int32_extended_atomics cl_khr_fp64 cl_khr_3d_image_writes cl_khr_byte_addressable_store cl_khr_icd cl_khr_gl_sharing cl_nv_compiler_options cl_nv_device_attribute_query cl_nv_pragma_unroll cl_nv_d3d10_sharing cl_khr_d3d10_sharing cl_nv_d3d11_sharing cl_nv_copy_opts cl_nv_create_buffer cl_khr_int64_base_atomics cl_khr_int64_extended_atomics cl_khr_device_uuid cl_khr_pci_bus_info cl_khr_external_semaphore cl_khr_external_memory cl_khr_external_semaphore_win32 cl_khr_external_memory_win32)
2024-06-10 18:03:15-0400: Loaded tuning parameters from: C:\Users\chang\Downloads\katago-v1.14.1-opencl-windows-x64/KataGoData/opencltuning/tune11_gpuNVIDIAGeForceRTX4060LaptopGPU_x19_y19_c384_mv14.txt
2024-06-10 18:03:15-0400: OpenCL backend thread 0: Model version 14
2024-06-10 18:03:15-0400: OpenCL backend thread 0: Model name: kata1-b18c384nbt-s9937771520-d4300882049
2024-06-10 18:03:17-0400: OpenCL backend thread 0: FP16Storage true FP16Compute false FP16TensorCores true FP16TensorCoresFor1x1 false
2024-06-10 18:03:17-0400: Loaded neural net with nnXLen 19 nnYLen 19
2024-06-10 18:03:17-0400: Initializing board with boardXSize 19 boardYSize 19
2024-06-10 18:03:17-0400: Loaded config C:\Users\chang\Downloads\katago-v1.14.1-cuda12.1-cudnn8.9.7-windows-x64/default_gtp.cfg
2024-06-10 18:03:17-0400: Loaded model C:/Users/chang/Downloads/kata1-b18c384nbt-s9937771520-d4300882049.bin.gz
2024-06-10 18:03:17-0400: Model name: kata1-b18c384nbt-s9937771520-d4300882049
2024-06-10 18:03:17-0400: GTP ready, beginning main protocol loop
2024-06-10 18:03:17-0400: Controller: list_commands
2024-06-10 18:03:17-0400: = protocol_version
name
version
known_command
list_commands
quit
boardsize
rectangular_boardsize
clear_board
set_position
komi
get_komi
play
undo
kata-get-rules
kata-set-rule
kata-set-rules
kata-get-param
kata-set-param
kata-list-params
kgs-rules
genmove
genmove_debug
search_debug
clear_cache
showboard
fixed_handicap
place_free_handicap
set_free_handicap
time_settings
kgs-time_settings
time_left
kata-list_time_settings
kata-time_settings
final_score
final_status_list
loadsgf
printsgf
lz-genmove_analyze
kata-genmove_analyze
lz-analyze
kata-analyze
kata-raw-nn
cputime
gomill-cpu_time
kata-benchmark
kata-debug-print-tc
debug_moves
stop
2024-06-10 18:03:17-0400: Controller: boardsize 9
2024-06-10 18:03:17-0400: GPU -1 finishing, processed 0 rows 0 batches
2024-06-10 18:03:17-0400: Cleaned up old neural net and bot
2024-06-10 18:03:17-0400: nnRandSeed0 = 9023388247164265464
2024-06-10 18:03:17-0400: After dedups: nnModelFile0 = C:/Users/chang/Downloads/kata1-b18c384nbt-s9937771520-d4300882049.bin.gz useFP16 auto useNHWC auto
2024-06-10 18:03:17-0400: Initializing neural net buffer to be size 9 * 9 exactly
2024-06-10 18:03:19-0400: Found OpenCL Platform 0: NVIDIA CUDA (NVIDIA Corporation) (OpenCL 3.0 CUDA 12.5.51)
2024-06-10 18:03:19-0400: Found 1 device(s) on platform 0 with type CPU or GPU or Accelerator
2024-06-10 18:03:19-0400: Found OpenCL Platform 1: Intel(R) OpenCL Graphics (Intel(R) Corporation) (OpenCL 3.0 )
2024-06-10 18:03:19-0400: Found 1 device(s) on platform 1 with type CPU or GPU or Accelerator
2024-06-10 18:03:19-0400: Found OpenCL Device 0: NVIDIA GeForce RTX 4060 Laptop GPU (NVIDIA Corporation) (score 11000300)
2024-06-10 18:03:19-0400: Found OpenCL Device 1: Intel(R) UHD Graphics (Intel(R) Corporation) (score 6000300)
2024-06-10 18:03:19-0400: Creating context for OpenCL Platform: NVIDIA CUDA (NVIDIA Corporation) (OpenCL 3.0 CUDA 12.5.51)
2024-06-10 18:03:19-0400: Using OpenCL Device 0: NVIDIA GeForce RTX 4060 Laptop GPU (NVIDIA Corporation) OpenCL 3.0 CUDA (Extensions: cl_khr_global_int32_base_atomics cl_khr_global_int32_extended_atomics cl_khr_local_int32_base_atomics cl_khr_local_int32_extended_atomics cl_khr_fp64 cl_khr_3d_image_writes cl_khr_byte_addressable_store cl_khr_icd cl_khr_gl_sharing cl_nv_compiler_options cl_nv_device_attribute_query cl_nv_pragma_unroll cl_nv_d3d10_sharing cl_khr_d3d10_sharing cl_nv_d3d11_sharing cl_nv_copy_opts cl_nv_create_buffer cl_khr_int64_base_atomics cl_khr_int64_extended_atomics cl_khr_device_uuid cl_khr_pci_bus_info cl_khr_external_semaphore cl_khr_external_memory cl_khr_external_semaphore_win32 cl_khr_external_memory_win32)
2024-06-10 18:03:19-0400: Loaded tuning parameters from: C:\Users\chang\Downloads\katago-v1.14.1-opencl-windows-x64/KataGoData/opencltuning/tune11_gpuNVIDIAGeForceRTX4060LaptopGPU_x19_y19_c384_mv14.txt
2024-06-10 18:03:19-0400: OpenCL backend thread 0: Model version 14
2024-06-10 18:03:19-0400: OpenCL backend thread 0: Model name: kata1-b18c384nbt-s9937771520-d4300882049
2024-06-10 18:03:21-0400: OpenCL backend thread 0: FP16Storage true FP16Compute false FP16TensorCores true FP16TensorCoresFor1x1 false
2024-06-10 18:03:21-0400: Loaded neural net with nnXLen 9 nnYLen 9
2024-06-10 18:03:21-0400: Initializing board with boardXSize 9 boardYSize 9
2024-06-10 18:03:21-0400: = 
2024-06-10 18:03:21-0400: Controller: clear_board
2024-06-10 18:03:21-0400: = 
2024-06-10 18:03:21-0400: Controller: komi 5.5
2024-06-10 18:03:21-0400: = 
2024-06-10 18:03:21-0400: Controller: set_free_handicap d6 f4
2024-06-10 18:03:21-0400: = 
2024-06-10 18:03:21-0400: Controller: genmove white
2024-06-10 18:03:22-0400: MoveNum: 0 HASH: 56A1F937B1FEE8252EAA39C538A13476
   A B C D E F G H J
 9 . . . . . . . . .
 8 . . . . . . . . .
 7 . . . . . . . . .
 6 . . . X . . . . .
 5 . . . . @ . . . .
 4 . . . . . X . . .
 3 . . . . . . . . .
 2 . . . . . . . . .
 1 . . . . . . . . .

koPOSITIONALscoreAREAtaxNONEsui1komi5.5
Time taken: 1.031
Root visits: 1583
New playouts: 1583
NN rows: 1224
NN batches: 50
NN avg batch size: 24.48
PlayoutDoublingAdvantage: 2
PV: E5 F6 E6 E7 F5 G5 E4 G7 G4 F3 D7 C7
Tree:
: T -105.49c W -99.60c S  -5.83c (-11.6 L -11.2) N    1583  --  E5 F6 E6 E7 F5 G5 E4
---White(^)---
E5  : T -105.01c W -99.59c S  -5.36c (-11.4 L -11.0) LCB -105.64c P 32.76% WF 5398.0 PSV    5383 N    1512  --  E5 F6 E6 E7 F5 G5 E4 G7
C3  : T -109.46c W -99.75c S -10.01c (-13.4 L -12.9) LCB -111.53c P 11.31% WF 100.2 PSV     104 N      21  --  C3 G7 E5 D4
C4  : T -109.57c W -99.87c S -10.05c (-13.5 L -12.6) LCB -116.92c P  5.16% WF  45.4 PSV      46 N      10  --  C4 D3 C3
D4  : T -109.85c W -99.85c S -10.39c (-13.6 L -12.6) LCB -137.84c P  1.07% WF  21.6 PSV       9 N       5  --  D4 F6 C6
C5  : T -113.25c W -99.95c S -13.33c (-15.1 L -13.8) LCB -188.95c P  0.86% WF  14.1 PSV       4 N       3  --  C5 C6
C7  : T -116.06c W -99.95c S -16.05c (-16.4 L -15.2) LCB -192.83c P  0.73% WF  14.9 PSV       2 N       3  --  C7 C6
C6  : T -113.09c W -99.94c S -13.13c (-14.9 L -13.9) LCB -187.78c P  0.45% WF  14.1 PSV       2 N       3  --  C6 C5
B5  : T -116.82c W -99.93c S -16.88c (-16.9 L -16.1) LCB -266.16c P  0.44% WF  10.7 PSV       1 N       2  --  B5 C4
B6  : T -115.11c W -99.92c S -15.20c (-16.1 L -15.4) LCB -264.27c P  0.38% WF  10.9 PSV       1 N       2  --  B6 C3
B4  : T -115.41c W -99.91c S -15.50c (-16.2 L -15.2) LCB -264.98c P  0.34% WF  10.7 PSV       1 N       2  --  B4 C3

2024-06-10 18:03:22-0400: = E5
2024-06-10 18:03:24-0400: Controller: kata-list_time_settings
2024-06-10 18:03:24-0400: = none absolute byoyomi canadian fischer fischer-capped
2024-06-10 18:03:24-0400: Controller: play black g6
2024-06-10 18:03:24-0400: = 
2024-06-10 18:03:24-0400: Controller: genmove white
2024-06-10 18:03:25-0400: MoveNum: 2 HASH: F75B4033F73FAD3972E88CC636317276
   A B C D E F G H J
 9 . . . . . . . . .
 8 . . . . . . . . .
 7 . . . . . . . . .
 6 . . . X @ . X2. .
 5 . . . . O1. . . .
 4 . . . . . X . . .
 3 . . . . . . . . .
 2 . . . . . . . . .
 1 . . . . . . . . .

koPOSITIONALscoreAREAtaxNONEsui1komi5.5
Time taken: 1.016
Root visits: 2453
New playouts: 1810
NN rows: 1388
NN batches: 55
NN avg batch size: 25.2364
PlayoutDoublingAdvantage: 2
PV: E6 C5 D4 C4 C3 D7 E7 B3 D3
Tree:
: T -107.29c W -99.58c S  -7.64c (-11.3 L -10.9) N    2453  --  E6 C5 D4 C4 C3 D7 E7
---White(^)---
E6  : T -107.02c W -99.57c S  -7.41c (-11.2 L -10.7) LCB -107.50c P 49.51% WF 6281.5 PSV    6263 N    1752  --  E6 C5 D4 C4 C3 D7 E7 B3
E4  : T -107.35c W -99.60c S  -7.76c (-11.3 L -10.9) LCB -108.12c P 22.70% WF 1863.5 PSV    1621 N     505  --  E4 F3 E6 C5 G7 H7 G5 H5
D5  : T -108.23c W -99.60c S  -8.21c (-11.6 L -11.1) LCB -109.54c P 16.96% WF 594.8 PSV     552 N     167  --  D5 E7 E6 D7 G5 F5 F6 F7
F6  : T -112.17c W -99.76c S -11.20c (-13.1 L -12.2) LCB -261.19c P  0.88% WF   8.8 PSV       8 N       2  --  F6 F7
F5  : T -111.48c W -99.72c S -10.37c (-12.6 L -11.9) LCB -260.99c P  0.64% WF   8.5 PSV       6 N       2  --  F5 G5
D4  : T -113.39c W -99.78c S -12.86c (-13.6 L -12.8) LCB -263.66c P  0.74% WF   8.8 PSV       5 N       2  --  D4 E7
C4  : T -115.36c W -99.81c S -14.37c (-14.5 L -13.4) LCB -264.39c P  0.69% WF   9.5 PSV       4 N       2  --  C4 D5
F7  : T -112.96c W -99.62c S -13.34c (-13.7 L -13.8) LCB -462.96c P  0.48% WF   5.0 PSV       4 N       1  --  F7
D3  : T -112.29c W -99.72c S -12.58c (-13.3 L -13.1) LCB -462.29c P  0.47% WF   5.0 PSV       4 N       1  --  D3
G4  : T -111.57c W -99.59c S -11.98c (-13.0 L -13.1) LCB -461.57c P  0.47% WF   5.0 PSV       4 N       1  --  G4

2024-06-10 18:03:25-0400: = E6
2024-06-10 18:03:27-0400: Controller: kata-list_time_settings
2024-06-10 18:03:27-0400: = none absolute byoyomi canadian fischer fischer-capped
2024-06-10 18:03:27-0400: Controller: play black c7
2024-06-10 18:03:27-0400: = 
2024-06-10 18:03:27-0400: Controller: genmove white
2024-06-10 18:03:28-0400: MoveNum: 4 HASH: 5586AE5EBB25EDEB93D7D58C014428DC
   A B C D E F G H J
 9 . . . . . . . . .
 8 . . . . . . . . .
 7 . . X3. . . . . .
 6 . . . X O2. X1. .
 5 . . . . O . . . .
 4 . . . . @ X . . .
 3 . . . . . . . . .
 2 . . . . . . . . .
 1 . . . . . . . . .

koPOSITIONALscoreAREAtaxNONEsui1komi5.5
Time taken: 1.015
Root visits: 1566
New playouts: 1553
NN rows: 1366
NN batches: 54
NN avg batch size: 25.2963
PlayoutDoublingAdvantage: 2
PV: E4 F3 G7 E7 F7 F6 E8 D7 E3 H7 H8
Tree:
: T -104.36c W -99.11c S  -5.40c ( -9.2 L  -8.9) N    1566  --  E4 F3 G7 E7 F7 F6 E8
---White(^)---
E4  : T -103.80c W -99.23c S  -4.85c ( -8.9 L  -8.7) LCB -104.97c P 17.73% WF 880.1 PSV    2483 N     289  --  E4 F3 G7 E7 F7 F6 E8 D7
G5  : T -104.09c W -99.18c S  -5.11c ( -9.0 L  -8.8) LCB -105.01c P 30.04% WF 2331.8 PSV    2325 N     790  --  G5 F5 F6 G7 H5 G4 E4 H4
D5  : T -104.69c W -98.78c S  -6.00c ( -9.5 L  -9.3) LCB -106.53c P 27.37% WF 1076.7 PSV     955 N     395  --  D5 E7 F7 F6 E8 D7 G7 C5
G7  : T -105.91c W -99.47c S  -6.41c ( -9.6 L  -9.3) LCB -108.06c P 14.16% WF 246.2 PSV     231 N      75  --  G7 D3 G5 D4 G4 G3
E8  : T -109.94c W -99.54c S  -9.87c (-11.1 L -10.8) LCB -184.10c P  2.15% WF  13.1 PSV      12 N       3  --  E8 C4 E4
E7  : T -110.03c W -99.58c S  -9.99c (-11.2 L -10.9) LCB -184.08c P  1.96% WF  12.6 PSV      11 N       3  --  E7 C4 C5
F7  : T -111.54c W -99.66c S -10.44c (-11.4 L -10.9) LCB -260.60c P  0.70% WF   8.6 PSV       3 N       2  --  F7 C4
D3  : T -107.94c W -99.49c S  -8.45c (-10.4 L -10.6) LCB -457.94c P  0.46% WF   3.8 PSV       3 N       1  --  D3
C4  : T -108.03c W -99.36c S  -8.67c (-10.5 L -10.9) LCB -458.03c P  0.40% WF   3.8 PSV       3 N       1  --  C4
G4  : T -107.38c W -99.41c S  -7.97c (-10.2 L -10.6) LCB -457.38c P  0.33% WF   4.2 PSV       3 N       1  --  G4

2024-06-10 18:03:28-0400: = E4
2024-06-10 18:03:30-0400: Controller: kata-list_time_settings
2024-06-10 18:03:30-0400: = none absolute byoyomi canadian fischer fischer-capped
2024-06-10 18:03:30-0400: Controller: play black e7
2024-06-10 18:03:30-0400: = 
2024-06-10 18:03:30-0400: Controller: genmove white
2024-06-10 18:03:31-0400: MoveNum: 6 HASH: 7B2CC499CF5E77B6DA8D5F8A79EA0711
   A B C D E F G H J
 9 . . . . . . . . .
 8 . . . . . . . . .
 7 . . X1. X3. . . .
 6 . . . X O . X . .
 5 . . . . O . @ . .
 4 . . . . O2X . . .
 3 . . . . . . . . .
 2 . . . . . . . . .
 1 . . . . . . . . .

koPOSITIONALscoreAREAtaxNONEsui1komi5.5
Time taken: 1.016
Root visits: 3340
New playouts: 1975
NN rows: 1368
NN batches: 57
NN avg batch size: 24
PlayoutDoublingAdvantage: 2
PV: G5 F7 F3 C4 C5 D5 C3 B3 D3 F5
Tree:
: T -105.35c W -98.78c S  -6.40c ( -9.8 L  -9.5) N    3340  --  G5 F7 F3 C4 C5 D5 C3
---White(^)---
G5  : T -104.93c W -99.42c S  -5.44c ( -9.0 L  -8.7) LCB -105.75c P 28.79% WF 2525.9 PSV    8698 N     913  --  G5 F7 F3 C4 C5 D5 C3 B3
F7  : T -105.31c W -98.36c S  -6.73c (-10.1 L -10.0) LCB -106.10c P 44.84% WF 4940.8 PSV    4942 N    2163  --  F7 F6 E8 D7 G7 F3 C4 E3
F3  : T -106.52c W -99.36c S  -6.94c ( -9.8 L  -9.4) LCB -108.51c P 20.97% WF 725.8 PSV     736 N     248  --  F3 F6 C5 G3 F5 G4 G5 H5
C4  : T -108.97c W -99.41c S  -9.08c (-11.0 L -10.8) LCB -155.00c P  0.66% WF  12.1 PSV       9 N       4  --  C4 F3 F7
C5  : T -110.26c W -99.41c S -10.50c (-11.9 L -12.1) LCB -184.64c P  0.63% WF   9.3 PSV       7 N       3  --  C5 F3 F7
G4  : T -110.81c W -99.63c S -10.43c (-11.7 L -11.2) LCB -259.81c P  0.44% WF   7.2 PSV       4 N       2  --  G4 F3
F5  : T -112.14c W -99.61c S -11.72c (-12.2 L -11.6) LCB -262.52c P  0.44% WF   7.6 PSV       3 N       2  --  F5 G5
E3  : T -113.76c W -99.56c S -14.20c (-12.8 L -13.2) LCB -463.76c P  0.41% WF   4.6 PSV       2 N       1  --  E3
F6  : T -110.06c W -99.53c S -10.53c (-11.3 L -11.6) LCB -460.06c P  0.24% WF   3.7 PSV       2 N       1  --  F6
F2  : T -115.78c W -99.63c S -16.16c (-14.0 L -14.1) LCB -465.78c P  0.22% WF   5.0 PSV       1 N       1  --  F2

2024-06-10 18:03:31-0400: = G5
2024-06-10 18:03:34-0400: Controller: kata-list_time_settings
2024-06-10 18:03:34-0400: = none absolute byoyomi canadian fischer fischer-capped
2024-06-10 18:03:34-0400: Controller: play black f5
2024-06-10 18:03:34-0400: = 
2024-06-10 18:03:34-0400: Controller: genmove white
2024-06-10 18:03:35-0400: MoveNum: 8 HASH: 9A4D42F4A9DE5403B251115A887DFF50
   A B C D E F G H J
 9 . . . . . . . . .
 8 . . . . . . . . .
 7 . . X . X1. . . .
 6 . . . X O @ X . .
 5 . . . . O X3O2. .
 4 . . . . O X . . .
 3 . . . . . . . . .
 2 . . . . . . . . .
 1 . . . . . . . . .

koPOSITIONALscoreAREAtaxNONEsui1komi5.5
Time taken: 1.015
Root visits: 1765
New playouts: 1629
NN rows: 1354
NN batches: 57
NN avg batch size: 23.7544
PlayoutDoublingAdvantage: 2
PV: F6 G4 F7 C4 E8 C3 E2 H7 F3 H3
Tree:
: T -100.46c W -98.16c S  -2.70c ( -6.7 L  -6.5) N    1765  --  F6 G4 F7 C4 E8 C3 E2
---White(^)---
F6  : T -100.16c W -98.14c S  -2.33c ( -6.5 L  -6.3) LCB -101.58c P 92.81% WF 3929.1 PSV    3924 N    1755  --  F6 G4 F7 C4 E8 C3 E2 H7
F3  : T -121.50c W -99.57c S -21.93c (-16.7 L -17.1) LCB -471.50c P  1.75% WF   5.1 PSV       3 N       1  --  F3
F7  : T -122.58c W -99.60c S -22.98c (-18.6 L -19.0) LCB -472.58c P  0.90% WF   5.3 PSV       1 N       1  --  F7
G3  : T -125.17c W -99.73c S -25.45c (-20.1 L -20.4) LCB -475.17c P  0.52% WF   5.4 PSV       0 N       1  --  G3
E3  : T -124.60c W -99.57c S -25.02c (-19.3 L -19.4) LCB -474.60c P  0.43% WF   5.6 PSV       0 N       1  --  E3
G4  : T -128.10c W -99.60c S -28.49c (-25.3 L -25.9) LCB -478.10c P  0.37% WF   5.9 PSV       0 N       1  --  G4
C5  : T -124.90c W -99.53c S -25.37c (-19.8 L -20.2) LCB -474.90c P  0.36% WF   5.7 PSV       0 N       1  --  C5
D7  : T -125.40c W -99.69c S -25.71c (-20.5 L -20.7) LCB -475.40c P  0.31% WF   5.4 PSV       0 N       1  --  D7
C4  : T -124.90c W -99.64c S -25.26c (-19.4 L -19.9) LCB -474.90c P  0.28% WF   5.6 PSV       0 N       1  --  C4
D8  : T -122.57c W -99.66c S -22.91c (-18.2 L -18.7) LCB -472.57c P  0.26% WF   5.0 PSV       0 N       1  --  D8

2024-06-10 18:03:35-0400: = F6
2024-06-10 18:03:37-0400: Controller: kata-list_time_settings
2024-06-10 18:03:37-0400: = none absolute byoyomi canadian fischer fischer-capped
2024-06-10 18:03:37-0400: Controller: play black g4
2024-06-10 18:03:37-0400: = 
2024-06-10 18:03:37-0400: Controller: genmove white
2024-06-10 18:03:38-0400: MoveNum: 10 HASH: C4BCF2878DFD3FF1B7122F8DF75CCE7B
   A B C D E F G H J
 9 . . . . . . . . .
 8 . . . . . . . . .
 7 . . X . X @ . . .
 6 . . . X O O2X . .
 5 . . . . O X1O . .
 4 . . . . O X X3. .
 3 . . . . . . . . .
 2 . . . . . . . . .
 1 . . . . . . . . .

koPOSITIONALscoreAREAtaxNONEsui1komi5.5
Time taken: 1.031
Root visits: 2339
New playouts: 1580
NN rows: 1344
NN batches: 54
NN avg batch size: 24.8889
PlayoutDoublingAdvantage: 2
PV: F7 C4 E8 C3 E2 H7 C8 D7 B7 B6 H5 H4 G8
Tree:
: T -103.25c W -98.78c S  -4.54c ( -6.4 L  -6.1) N    2339  --  F7 C4 E8 C3 E2 H7 C8
---White(^)---
F7  : T -103.00c W -98.75c S  -4.33c ( -6.3 L  -6.0) LCB -103.60c P 65.53% WF 5730.8 PSV    5719 N    2194  --  F7 C4 E8 C3 E2 H7 C8 D7
H5  : T -106.43c W -99.03c S  -7.30c ( -7.7 L  -7.4) LCB -109.59c P 19.42% WF 230.5 PSV     227 N      85  --  H5 H6 F7 C4 C3 B3 F3 H4
F3  : T -105.54c W -99.34c S  -6.03c ( -7.0 L  -6.9) LCB -108.44c P  7.44% WF 116.6 PSV     112 N      40  --  F3 G3 F7 C4 E8 E3
G7  : T -105.51c W -99.31c S  -6.19c ( -7.3 L  -7.2) LCB -114.55c P  1.65% WF  29.9 PSV      25 N      10  --  G7 H5 H6 E3
H6  : T -109.97c W -99.49c S -10.79c ( -9.6 L  -9.5) LCB -152.90c P  2.08% WF  13.1 PSV      12 N       4  --  H6 G7 F7
E3  : T -114.74c W -99.42c S -13.45c (-10.9 L -10.4) LCB -267.07c P  0.75% WF   5.1 PSV       2 N       2  --  E3 F7
H4  : T -116.70c W -99.49c S -17.21c (-12.8 L -13.3) LCB -466.70c P  0.37% WF   4.0 PSV       1 N       1  --  H4
H3  : T -118.69c W -99.50c S -19.19c (-14.2 L -15.1) LCB -468.69c P  0.26% WF   4.1 PSV       0 N       1  --  H3
F2  : T -117.50c W -99.21c S -18.29c (-13.5 L -14.3) LCB -467.50c P  0.25% WF   4.1 PSV       0 N       1  --  F2

2024-06-10 18:03:38-0400: = F7
2024-06-10 18:03:40-0400: Controller: kata-list_time_settings
2024-06-10 18:03:40-0400: = none absolute byoyomi canadian fischer fischer-capped
2024-06-10 18:03:40-0400: Controller: play black c5
2024-06-10 18:03:40-0400: = 
2024-06-10 18:03:40-0400: Controller: genmove white
2024-06-10 18:03:41-0400: MoveNum: 12 HASH: B651A1887C8984B64220722F38E70A94
   A B C D E F G H J
 9 . . . . . . . . .
 8 . . . . . . . . .
 7 . . X . X O2. . .
 6 . . . X O O X . .
 5 . . X3. O X O . .
 4 . . . . O X X1. .
 3 . . . . @ . . . .
 2 . . . . . . . . .
 1 . . . . . . . . .

koPOSITIONALscoreAREAtaxNONEsui1komi5.5
Time taken: 1.016
Root visits: 1916
New playouts: 1749
NN rows: 1383
NN batches: 57
NN avg batch size: 24.2632
PlayoutDoublingAdvantage: 2
PV: E3 G2 B4 C4 C3 E8 H5 H6 H4 H3 F3 G3 B5
Tree:
: T -100.48c W -98.18c S  -2.77c ( -4.7 L  -4.5) N    1916  --  E3 G2 B4 C4 C3 E8 H5
---White(^)---
E3  : T -99.56c W -97.96c S  -2.07c ( -4.4 L  -4.3) LCB -100.91c P  8.02% WF 3494.0 PSV    3463 N    1514  --  E3 G2 B4 C4 C3 E8 H5 H6
E8  : T -101.72c W -98.55c S  -3.61c ( -5.1 L  -4.8) LCB -103.05c P 23.48% WF 440.5 PSV     450 N     179  --  E8 C3 C2 D3 E3 H5 D2 F2
C3  : T -103.08c W -98.68c S  -4.83c ( -5.7 L  -5.3) LCB -105.03c P 10.09% WF 129.7 PSV     133 N      56  --  C3 E3 E8 E2 C4 B5
D3  : T -103.49c W -99.31c S  -4.85c ( -5.6 L  -5.3) LCB -105.97c P  9.65% WF 115.6 PSV     115 N      41  --  D3 E8 F3 G3 H5
C4  : T -107.49c W -99.16c S  -8.17c ( -7.1 L  -6.7) LCB -111.09c P 13.23% WF  77.8 PSV      79 N      29  --  C4 B4 C3 E8 F3
F3  : T -104.67c W -99.28c S  -5.44c ( -5.9 L  -5.5) LCB -107.86c P  8.59% WF  79.8 PSV      79 N      27  --  F3 G3 H5 H6 G2
F2  : T -105.96c W -99.36c S  -6.64c ( -6.4 L  -6.1) LCB -109.95c P  6.25% WF  55.9 PSV      46 N      18  --  F2 H5 C3 E8 F3 B3
B4  : T -102.07c W -98.92c S  -4.32c ( -5.4 L  -5.2) LCB -106.62c P  2.39% WF  40.5 PSV      42 N      16  --  B4 C4 E3 F2 C3
H5  : T -104.78c W -99.30c S  -5.58c ( -5.9 L  -5.9) LCB -116.18c P  2.75% WF  24.3 PSV      24 N       8  --  H5 H6 F3 H4
G2  : T -106.64c W -99.18c S  -7.11c ( -6.6 L  -6.6) LCB -120.33c P  3.13% WF  20.6 PSV      20 N       7  --  G2 H5 E8

2024-06-10 18:03:41-0400: = E3
2024-06-10 18:03:43-0400: Controller: kata-list_time_settings
2024-06-10 18:03:43-0400: = none absolute byoyomi canadian fischer fischer-capped
2024-06-10 18:03:43-0400: Controller: play black h5
2024-06-10 18:03:43-0400: = 
2024-06-10 18:03:43-0400: Controller: genmove white
2024-06-10 18:03:44-0400: MoveNum: 14 HASH: 561CD97854888EECC0B222730F2F903C
   A B C D E F G H J
 9 . . . . . . . . .
 8 . . . . . . . . .
 7 . . X . X O . . .
 6 . . . X O O X . .
 5 . . X1. O X . X3.
 4 . @ . . O X X . .
 3 . . . . O2. . . .
 2 . . . . . . . . .
 1 . . . . . . . . .

koPOSITIONALscoreAREAtaxNONEsui1komi5.5
Time taken: 1.032
Root visits: 5565
New playouts: 2977
NN rows: 1305
NN batches: 53
NN avg batch size: 24.6226
PlayoutDoublingAdvantage: 2
PV: B4 E8 G2 H2 F2 B5 C4 A4 H3 G3 H1 G8 G7
Tree:
: T -101.30c W -98.39c S  -3.37c ( -4.3 L  -4.2) N    5565  --  B4 E8 G2 H2 F2 B5 C4
---White(^)---
B4  : T -101.06c W -98.36c S  -3.14c ( -4.2 L  -4.1) LCB -101.61c P 62.65% WF 12808.1 PSV   12780 N    5396  --  B4 E8 G2 H2 F2 B5 C4 A4
G2  : T -107.12c W -98.50c S  -8.86c ( -6.8 L  -6.6) LCB -111.15c P 14.48% WF 196.7 PSV     206 N      86  --  G2 G8 B4 C4 C3 F8
C3  : T -107.62c W -99.43c S  -8.60c ( -6.4 L  -6.1) LCB -111.48c P 15.01% WF 190.0 PSV     198 N      62  --  C3 E8 G2 H2 F2 B4 F8 H8
E8  : T -109.97c W -99.56c S -10.44c ( -7.3 L  -7.1) LCB -124.95c P  2.68% WF  26.0 PSV      26 N       7  --  E8 C3 H7 F2
C4  : T -112.72c W -99.56c S -12.15c ( -8.1 L  -7.7) LCB -261.71c P  0.91% WF   7.2 PSV       6 N       2  --  C4 B4
H7  : T -109.55c W -99.53c S -11.39c ( -7.8 L  -7.4) LCB -258.61c P  0.52% WF   7.3 PSV       5 N       2  --  H7 F2
B3  : T -111.36c W -99.46c S -11.90c ( -7.7 L  -7.9) LCB -461.36c P  0.54% WF   4.2 PSV       4 N       1  --  B3
F2  : T -113.94c W -99.28c S -14.66c ( -9.2 L  -9.5) LCB -463.94c P  0.39% WF   3.8 PSV       2 N       1  --  F2
G7  : T -111.45c W -99.45c S -12.00c ( -7.9 L  -8.1) LCB -461.45c P  0.30% WF   3.8 PSV       2 N       1  --  G7
F3  : T -111.73c W -99.46c S -12.26c ( -8.0 L  -8.2) LCB -461.73c P  0.29% WF   3.6 PSV       2 N       1  --  F3

2024-06-10 18:03:44-0400: = B4
2024-06-10 18:03:46-0400: Controller: kata-list_time_settings
2024-06-10 18:03:46-0400: = none absolute byoyomi canadian fischer fischer-capped
2024-06-10 18:03:46-0400: Controller: play black b5
2024-06-10 18:03:46-0400: = 
2024-06-10 18:03:46-0400: Controller: genmove white
2024-06-10 18:03:47-0400: MoveNum: 16 HASH: 23220DDDCE4C730DD3AC767E4C6BF960
   A B C D E F G H J
 9 . . . . . . . . .
 8 . . . . @ . . . .
 7 . . X . X O . . .
 6 . . . X O O X . .
 5 . X3X . O X . X1.
 4 . O2. . O X X . .
 3 . . . . O . . . .
 2 . . . . . . . . .
 1 . . . . . . . . .

koPOSITIONALscoreAREAtaxNONEsui1komi5.5
Time taken: 1.031
Root visits: 3613
New playouts: 2717
NN rows: 1336
NN batches: 55
NN avg batch size: 24.2909
PlayoutDoublingAdvantage: 2
PV: E8 C4 C3 B3 H7 F2 B2 A4 C8 D7 D8 G7 G8 H6 E2 C2 G2 H2
Tree:
: T -98.34c W -97.10c S  -2.04c ( -3.7 L  -3.6) N    3613  --  E8 C4 C3 B3 H7 F2 B2
---White(^)---
E8  : T -97.40c W -96.87c S  -1.43c ( -3.5 L  -3.4) LCB  -98.37c P 18.37% WF 5392.2 PSV    5317 N    2651  --  E8 C4 C3 B3 H7 F2 B2 A4
C4  : T -101.08c W -97.90c S  -3.61c ( -4.2 L  -4.1) LCB -103.86c P 45.12% WF 998.8 PSV     810 N     463  --  C4 E8 G2 H2 F2 A4 H3 G3
G2  : T -100.44c W -97.47c S  -3.69c ( -4.3 L  -4.1) LCB -102.80c P 32.45% WF 1009.2 PSV     698 N     487  --  G2 G8 G7 H7 H8 J8 C4 F8
C3  : T -104.64c W -99.43c S  -3.65c ( -4.3 L  -4.0) LCB -253.74c P  0.63% WF   5.7 PSV       5 N       2  --  C3 E8
F2  : T -106.54c W -99.43c S  -6.05c ( -5.3 L  -4.8) LCB -255.84c P  0.57% WF   6.6 PSV       4 N       2  --  F2 G2
F3  : T -103.58c W -99.47c S  -4.11c ( -4.4 L  -4.7) LCB -453.58c P  0.27% WF   3.5 PSV       3 N       1  --  F3
B3  : T -104.19c W -99.44c S  -4.23c ( -4.5 L  -4.4) LCB -253.45c P  0.29% WF   5.9 PSV       2 N       2  --  B3 E8
H7  : T -107.97c W -99.39c S  -4.94c ( -4.8 L  -5.1) LCB -457.97c P  0.40% WF   3.2 PSV       2 N       1  --  H7
H2  : T -106.17c W -99.25c S  -6.91c ( -5.6 L  -6.1) LCB -456.17c P  0.31% WF   3.2 PSV       2 N       1  --  H2
G7  : T -105.44c W -99.47c S  -5.97c ( -5.2 L  -5.5) LCB -455.44c P  0.25% WF   3.6 PSV       2 N       1  --  G7

2024-06-10 18:03:47-0400: = E8
2024-06-10 18:03:50-0400: Controller: kata-list_time_settings
2024-06-10 18:03:50-0400: = none absolute byoyomi canadian fischer fischer-capped
2024-06-10 18:03:50-0400: Controller: play black c4
2024-06-10 18:03:50-0400: = 
2024-06-10 18:03:50-0400: Controller: genmove white
2024-06-10 18:03:51-0400: MoveNum: 18 HASH: 7C49550795D296B2756BF39E8268EE68
   A B C D E F G H J
 9 . . . . . . . . .
 8 . . . . O2. . . .
 7 . . X . X O . . .
 6 . . . X O O X . .
 5 . X1X . O X . X .
 4 . O X3. O X X . .
 3 . . @ . O . . . .
 2 . . . . . . . . .
 1 . . . . . . . . .

koPOSITIONALscoreAREAtaxNONEsui1komi5.5
Time taken: 1.016
Root visits: 12728
New playouts: 3379
NN rows: 1311
NN batches: 53
NN avg batch size: 24.7358
PlayoutDoublingAdvantage: 2
PV: C3 B3 H7 G2 B2 A4 H6 F2 H3 E2 D2 D8 D7 C8 H2 H1 A2 E9 F9
Tree:
: T -100.13c W -97.04c S  -3.41c ( -4.1 L  -4.1) N   12728  --  C3 B3 H7 G2 B2 A4 H6
---White(^)---
C3  : T -99.86c W -96.93c S  -3.24c ( -4.1 L  -4.0) LCB -100.42c P 53.17% WF 22825.2 PSV   22738 N   11276  --  C3 B3 H7 G2 B2 A4 H6 F2
H7  : T -101.17c W -97.33c S  -4.18c ( -4.4 L  -4.4) LCB -102.60c P 15.51% WF 1623.9 PSV    1585 N     979  --  H7 F2 C3 B3 B2 A4 C8 D7
G2  : T -103.43c W -98.51c S  -5.10c ( -4.8 L  -4.7) LCB -104.88c P 21.62% WF 925.0 PSV     959 N     397  --  G2 H2 C3 B3 G3 H3 H7 H6
C8  : T -105.33c W -99.27c S  -6.43c ( -5.3 L  -5.0) LCB -107.29c P  3.89% WF 112.1 PSV     117 N      39  --  C8 D7 H7 F2 D8 E2
F2  : T -108.49c W -99.33c S  -9.18c ( -6.5 L  -6.3) LCB -114.82c P  1.62% WF  32.4 PSV      31 N      11  --  F2 D2 H7 H3 C8
B2  : T -105.32c W -98.29c S  -6.87c ( -5.7 L  -5.5) LCB -121.62c P  0.59% WF  20.1 PSV      17 N       9  --  B2 C2 C3 D3 B3
D7  : T -109.84c W -99.67c S  -9.96c ( -6.8 L  -6.3) LCB -184.53c P  0.47% WF  10.2 PSV       8 N       3  --  D7 D2
C2  : T -108.75c W -99.47c S  -8.75c ( -6.3 L  -6.2) LCB -258.09c P  0.39% WF   7.0 PSV       7 N       2  --  C2 F2
F3  : T -110.71c W -99.52c S -10.69c ( -7.1 L  -6.7) LCB -261.81c P  0.38% WF   6.5 PSV       5 N       2  --  F3 D2
H2  : T -110.65c W -99.42c S -11.23c ( -7.5 L  -8.0) LCB -460.65c P  0.26% WF   3.4 PSV       4 N       1  --  H2

2024-06-10 18:03:51-0400: = C3
2024-06-10 18:03:53-0400: Controller: kata-list_time_settings
2024-06-10 18:03:53-0400: = none absolute byoyomi canadian fischer fischer-capped
2024-06-10 18:03:53-0400: Controller: play black f2
2024-06-10 18:03:53-0400: = 
2024-06-10 18:03:53-0400: Controller: genmove white
2024-06-10 18:03:54-0400: MoveNum: 20 HASH: 938DC8F54953C313101253F8B443DEFC
   A B C D E F G H J
 9 . . . . . . . . .
 8 . . . . O . . . .
 7 . . X . X O . . .
 6 . . . X O O X . .
 5 . X X . O X . X .
 4 . O X1. O X X . .
 3 . @ O2. O . . . .
 2 . . . . . X3. . .
 1 . . . . . . . . .

koPOSITIONALscoreAREAtaxNONEsui1komi5.5
Time taken: 1.016
Root visits: 4255
New playouts: 2826
NN rows: 1339
NN batches: 54
NN avg batch size: 24.7963
PlayoutDoublingAdvantage: 2
PV: B3 D8 E2 G8 D7 C8 G7 H7 G2 F3 F1 H2 H8 J8 H3 H1
Tree:
: T -99.77c W -97.19c S  -2.75c ( -3.4 L  -3.3) N    4255  --  B3 D8 E2 G8 D7 C8 G7
---White(^)---
B3  : T -99.42c W -97.11c S  -2.41c ( -3.2 L  -3.2) LCB -100.43c P 51.78% WF 6782.2 PSV    6757 N    3274  --  B3 D8 E2 G8 D7 C8 G7 H7
F3  : T -99.69c W -97.18c S  -2.81c ( -3.4 L  -3.4) LCB -101.81c P 12.44% WF 1590.4 PSV    1149 N     761  --  F3 G3 B3 D8 E2 D7 G2 H2
C8  : T -104.88c W -98.29c S  -7.30c ( -5.3 L  -5.1) LCB -108.34c P 19.45% WF 260.0 PSV     265 N     119  --  C8 D3 E2 C2 H7 D7 D8 B8
H7  : T -103.05c W -97.06c S  -5.93c ( -4.7 L  -4.7) LCB -108.91c P  4.46% WF  87.2 PSV      87 N      55  --  H7 B3 B2 A4 C8 D8 D7 D9
E2  : T -104.90c W -99.08c S  -6.10c ( -4.6 L  -4.3) LCB -108.14c P  6.35% WF  85.0 PSV      86 N      30  --  E2 B3 B2 A4 H7 D8 H6 G2
A3  : T -108.34c W -99.17c S  -9.12c ( -6.5 L  -6.3) LCB -152.47c P  0.94% WF   9.2 PSV       8 N       4  --  A3 D3 D2
D7  : T -110.61c W -99.62c S -11.03c ( -6.8 L  -6.2) LCB -186.61c P  1.27% WF   9.3 PSV       8 N       3  --  D7 C8
G2  : T -108.04c W -99.31c S  -9.06c ( -6.1 L  -6.1) LCB -186.26c P  0.95% WF   8.6 PSV       8 N       3  --  G2 F3 E2
B2  : T -106.84c W -99.31c S  -7.42c ( -5.2 L  -4.8) LCB -184.06c P  0.81% WF   9.5 PSV       8 N       3  --  B2 D8
H2  : T -111.91c W -99.06c S -11.88c ( -7.2 L  -7.8) LCB -461.91c P  0.19% WF   2.9 PSV       1 N       1  --  H2

2024-06-10 18:03:54-0400: = B3
2024-06-10 18:03:56-0400: Controller: kata-list_time_settings
2024-06-10 18:03:56-0400: = none absolute byoyomi canadian fischer fischer-capped
2024-06-10 18:03:56-0400: Controller: play black c8
2024-06-10 18:03:56-0400: = 
2024-06-10 18:03:56-0400: Controller: genmove white
2024-06-10 18:03:57-0400: MoveNum: 22 HASH: 8E92309C59D4BEF708A1A77BD15D0DE3
   A B C D E F G H J
 9 . . . . . . . . .
 8 . . X3. O . . . .
 7 . . X . X O . . .
 6 . . . X O O X . .
 5 @ X X . O X . X .
 4 . O X . O X X . .
 3 . O2O . O . . . .
 2 . . . . . X1. . .
 1 . . . . . . . . .

koPOSITIONALscoreAREAtaxNONEsui1komi5.5
Time taken: 1.031
Root visits: 5990
New playouts: 5839
NN rows: 1338
NN batches: 55
NN avg batch size: 24.3273
PlayoutDoublingAdvantage: 2
PV: A5 A6 A4 B6 H7 E2 D2 G7 G8 H6 F3 G3 J8 D8 D7 E9 F9 D9 E7 D5 E1
Tree:
: T -99.01c W -97.53c S  -1.53c ( -1.8 L  -1.9) N    5990  --  A5 A6 A4 B6 H7 E2 D2
---White(^)---
A5  : T -98.81c W -97.35c S  -1.53c ( -1.8 L  -1.9) LCB  -99.77c P 30.56% WF 5402.0 PSV    6478 N    2454  --  A5 A6 A4 B6 H7 E2 D2 G7
H7  : T -99.08c W -97.69c S  -1.41c ( -1.7 L  -1.9) LCB  -99.97c P 40.10% WF 4715.6 PSV    4726 N    2031  --  H7 E2 D2 G7 G8 H6 A5 A6
F3  : T -99.04c W -97.56c S  -1.54c ( -1.8 L  -1.9) LCB -100.01c P 24.21% WF 3332.8 PSV    3051 N    1483  --  F3 G3 A5 A6 A4 B6 H7 E2
D9  : T -106.16c W -99.03c S  -6.65c ( -3.8 L  -3.6) LCB -117.65c P  1.91% WF  26.0 PSV      24 N       9  --  D9 D8 H7 F8
E2  : T -104.46c W -99.26c S  -5.52c ( -3.2 L  -3.4) LCB -149.39c P  0.75% WF  13.4 PSV      12 N       4  --  E2 G8 G2
G2  : T -108.71c W -98.91c S  -9.80c ( -4.9 L  -5.5) LCB -458.71c P  0.34% WF   3.4 PSV       3 N       1  --  G2
A7  : T -105.34c W -98.62c S  -6.72c ( -3.8 L  -4.5) LCB -455.66c P  0.24% WF   2.5 PSV       3 N       1  --  A7
C9  : T -115.30c W -99.30c S -10.51c ( -5.6 L  -5.4) LCB -264.79c P  0.37% WF   5.5 PSV       2 N       2  --  C9 D8
A4  : T -114.90c W -99.32c S -15.57c ( -7.5 L  -8.0) LCB -464.90c P  0.21% WF   4.0 PSV       1 N       1  --  A4
B6  : T -105.18c W -98.78c S  -6.40c ( -3.6 L  -4.4) LCB -455.54c P  0.14% WF   2.6 PSV       1 N       1  --  B6

2024-06-10 18:03:57-0400: = A5
2024-06-10 18:03:59-0400: Controller: kata-list_time_settings
2024-06-10 18:03:59-0400: = none absolute byoyomi canadian fischer fischer-capped
2024-06-10 18:03:59-0400: Controller: play black a6
2024-06-10 18:03:59-0400: = 
2024-06-10 18:03:59-0400: Controller: genmove white
2024-06-10 18:04:00-0400: MoveNum: 24 HASH: D5EE3A0EFE007C5E15D12A556F4CA29F
   A B C D E F G H J
 9 . . . . . . . . .
 8 . . X1. O . . . .
 7 . . X . X O . . .
 6 X3. . X O O X . .
 5 O2X X . O X . X .
 4 @ O X . O X X . .
 3 . O O . O . . . .
 2 . . . . . X . . .
 1 . . . . . . . . .

koPOSITIONALscoreAREAtaxNONEsui1komi5.5
Time taken: 1.015
Root visits: 25923
New playouts: 9934
NN rows: 1283
NN batches: 53
NN avg batch size: 24.2075
PlayoutDoublingAdvantage: 2
PV: A4 B6 H7 E2 F3 G3 D2 G7 G8 H6 H8 D8 E9 D7 E1 G2 D9 C9 J6 J5 J7 D4 D3
Tree:
: T -99.53c W -98.01c S  -1.48c ( -1.7 L  -1.9) N   25923  --  A4 B6 H7 E2 F3 G3 D2
---White(^)---
A4  : T -99.49c W -98.03c S  -1.39c ( -1.7 L  -1.8) LCB  -99.87c P 48.04% WF 32275.1 PSV   32250 N   13153  --  A4 B6 H7 E2 F3 G3 D2 G7
F3  : T -99.48c W -98.01c S  -1.44c ( -1.7 L  -1.8) LCB  -99.93c P 23.21% WF 17475.0 PSV   16061 N    7174  --  F3 G3 A4 B6 H7 E2 D2 G7
H7  : T -99.63c W -97.97c S  -1.70c ( -1.8 L  -1.9) LCB -100.08c P 25.75% WF 13329.4 PSV   12857 N    5553  --  H7 E2 F3 G3 D2 G7 G8 H6
E2  : T -102.47c W -98.50c S  -4.78c ( -2.9 L  -2.9) LCB -111.64c P  0.60% WF  50.3 PSV      48 N      20  --  E2 G8 A4 B6 G2 H2 F3 G3
D9  : T -108.37c W -98.53c S  -8.71c ( -4.7 L  -4.5) LCB -125.16c P  0.57% WF  18.2 PSV      16 N       8  --  D9 D8 H7 F8
G2  : T -110.36c W -99.23c S -10.76c ( -5.3 L  -5.6) LCB -186.69c P  0.32% WF   9.6 PSV       7 N       3  --  G2 F3 E2
C9  : T -113.00c W -99.28c S -12.07c ( -6.3 L  -6.2) LCB -262.14c P  0.24% WF   5.6 PSV       4 N       2  --  C9 D8
H2  : T -111.78c W -98.87c S -12.91c ( -6.2 L  -6.9) LCB -462.08c P  0.17% WF   3.2 PSV       3 N       1  --  H2
A7  : T -109.31c W -99.13c S -10.19c ( -5.1 L  -5.5) LCB -459.37c P  0.12% WF   3.0 PSV       3 N       1  --  A7
B6  : T -111.93c W -99.20c S -12.72c ( -6.2 L  -6.5) LCB -462.30c P  0.07% WF   3.4 PSV       1 N       1  --  B6

2024-06-10 18:04:00-0400: = A4
2024-06-10 18:04:03-0400: Controller: kata-list_time_settings
2024-06-10 18:04:03-0400: = none absolute byoyomi canadian fischer fischer-capped
2024-06-10 18:04:03-0400: Controller: play black b7
2024-06-10 18:04:03-0400: = 
2024-06-10 18:04:03-0400: Controller: genmove white
2024-06-10 18:04:04-0400: MoveNum: 26 HASH: C2BB306E8EB0FB5A70BCECC6A2402483
   A B C D E F G H J
 9 . . . . . . . . .
 8 . . X . O . . . .
 7 . X3X . X O . . .
 6 X1. . X O O X . .
 5 O X X . O X . X .
 4 O2O X . O X X . .
 3 . O O . O @ . . .
 2 . . . . . X . . .
 1 . . . . . . . . .

koPOSITIONALscoreAREAtaxNONEsui1komi5.5
Time taken: 1.016
Root visits: 9223
New playouts: 7687
NN rows: 1301
NN batches: 55
NN avg batch size: 23.6545
PlayoutDoublingAdvantage: 2
PV: F3 G3 H7 E2 D2 H6 G7 D7 E1 G2 J6 J5 J7 D9 E9
Tree:
: T -98.64c W -97.47c S  -1.18c ( -1.4 L  -1.5) N    9223  --  F3 G3 H7 E2 D2 H6 G7
---White(^)---
F3  : T -98.54c W -97.46c S  -1.11c ( -1.3 L  -1.5) LCB  -99.24c P 48.37% WF 11282.4 PSV   11260 N    4980  --  F3 G3 H7 E2 D2 H6 G7 D7
H7  : T -98.72c W -97.47c S  -1.22c ( -1.4 L  -1.5) LCB  -99.36c P 47.55% WF 9433.3 PSV    8399 N    4213  --  H7 E2 F3 G3 D2 H6 G7 D7
B6  : T -102.25c W -98.64c S  -3.43c ( -2.2 L  -2.3) LCB -109.68c P  0.84% WF  25.4 PSV      24 N      10  --  B6 C6 F3 G3 H7 E2
A7  : T -102.90c W -99.19c S  -3.76c ( -2.3 L  -2.1) LCB -115.76c P  0.87% WF  22.3 PSV      20 N       8  --  A7 A8 H7 E2
E2  : T -103.79c W -98.91c S  -5.18c ( -2.8 L  -2.8) LCB -126.80c P  0.74% WF  16.3 PSV      17 N       6  --  E2 G8 G2 F3
G2  : T -109.00c W -98.95c S -10.05c ( -4.7 L  -5.3) LCB -459.00c P  0.27% WF   2.9 PSV       3 N       1  --  G2
A8  : T -112.64c W -98.74c S -13.90c ( -6.8 L  -8.3) LCB -463.30c P  0.25% WF   2.4 PSV       2 N       1  --  A8
H8  : T -109.17c W -99.48c S  -9.69c ( -4.4 L  -4.8) LCB -459.17c P  0.13% WF   4.3 PSV       1 N       1  --  H8
D7  : T -116.62c W -99.41c S -17.21c ( -7.9 L  -8.3) LCB -466.62c P  0.12% WF   4.7 PSV       0 N       1  --  D7
H2  : T -112.17c W -98.99c S -13.18c ( -6.2 L  -6.7) LCB -462.17c P  0.08% WF   3.1 PSV       0 N       1  --  H2

2024-06-10 18:04:04-0400: = F3
2024-06-10 18:04:06-0400: Controller: kata-list_time_settings
2024-06-10 18:04:06-0400: = none absolute byoyomi canadian fischer fischer-capped
2024-06-10 18:04:06-0400: Controller: play black g3
2024-06-10 18:04:06-0400: = 
2024-06-10 18:04:06-0400: Controller: genmove white
2024-06-10 18:04:07-0400: MoveNum: 28 HASH: 49303003B9E075607EB104FB79930477
   A B C D E F G H J
 9 . . . . . . . . .
 8 . . X . O . . . .
 7 . X1X . X O . @ .
 6 X . . X O O X . .
 5 O X X . O X . X .
 4 O O X . O X X . .
 3 . O O . O O2X3. .
 2 . . . . . X . . .
 1 . . . . . . . . .

koPOSITIONALscoreAREAtaxNONEsui1komi5.5
Time taken: 1.031
Root visits: 14964
New playouts: 4144
NN rows: 1335
NN batches: 57
NN avg batch size: 23.4211
PlayoutDoublingAdvantage: 2
PV: H7 E2 D2 H6 G8 D8 D9 G2 E1 J6 D7 C9 E9 E7 D4
Tree:
: T -98.99c W -97.65c S  -1.19c ( -1.4 L  -1.5) N   14964  --  H7 E2 D2 H6 G8 D8 D9
---White(^)---
H7  : T -98.92c W -97.65c S  -1.14c ( -1.3 L  -1.5) LCB  -99.27c P 75.97% WF 30946.6 PSV   30910 N   13193  --  H7 E2 D2 H6 G8 D8 D9 G2
G2  : T -99.40c W -97.61c S  -1.51c ( -1.5 L  -1.6) LCB -100.29c P 20.10% WF 3940.9 PSV    3853 N    1728  --  G2 H2 H7 E2 D2 D8 E9 H6
B6  : T -101.58c W -98.62c S  -2.95c ( -2.0 L  -2.0) LCB -105.80c P  0.99% WF  51.1 PSV      50 N      21  --  B6 C6 H7 E2 D2 G7 G8
A7  : T -102.00c W -99.07c S  -2.95c ( -2.0 L  -2.0) LCB -109.58c P  0.75% WF  29.7 PSV      29 N      11  --  A7 A8 H7 E2 D2
E2  : T -106.98c W -99.68c S  -7.09c ( -3.4 L  -3.4) LCB -136.78c P  0.89% WF  17.0 PSV      18 N       5  --  E2 G8 G7 H7
H8  : T -107.59c W -99.61c S  -7.98c ( -3.7 L  -4.1) LCB -457.59c P  0.14% WF   4.3 PSV       2 N       1  --  H8
F1  : T -106.63c W -99.48c S  -7.15c ( -3.5 L  -4.0) LCB -456.63c P  0.12% WF   3.3 PSV       2 N       1  --  F1
A8  : T -115.13c W -98.91c S -16.23c ( -7.9 L  -9.1) LCB -465.78c P  0.15% WF   3.1 PSV       1 N       1  --  A8
D7  : T -117.23c W -99.41c S -17.81c ( -8.2 L  -8.4) LCB -467.23c P  0.11% WF   4.8 PSV       1 N       1  --  D7
H2  : T -108.41c W -99.18c S  -9.23c ( -4.3 L  -5.0) LCB -458.77c P  0.07% WF   2.5 PSV       1 N       1  --  H2

2024-06-10 18:04:07-0400: = H7
2024-06-10 18:04:09-0400: Controller: kata-list_time_settings
2024-06-10 18:04:09-0400: = none absolute byoyomi canadian fischer fischer-capped
2024-06-10 18:04:09-0400: Controller: play black g7
2024-06-10 18:04:09-0400: = 
2024-06-10 18:04:09-0400: Controller: genmove white
2024-06-10 18:04:10-0400: MoveNum: 30 HASH: 77E00ED2D994841B385E5A3BC898ED54
   A B C D E F G H J
 9 . . . . . . . . .
 8 . . X . O . @ . .
 7 . X X . X O X3O2.
 6 X . . X O O X . .
 5 O X X . O X . X .
 4 O O X . O X X . .
 3 . O O . O O X1. .
 2 . . . . . X . . .
 1 . . . . . . . . .

koPOSITIONALscoreAREAtaxNONEsui1komi5.5
Time taken: 1.015
Root visits: 11879
New playouts: 8673
NN rows: 1306
NN batches: 54
NN avg batch size: 24.1852
PlayoutDoublingAdvantage: 2
PV: G8 E2 D2 H6 J8 D7 D9 C9 E1 G2 D4 D8 E9 F1 D1 J6 J7
Tree:
: T -98.89c W -97.50c S  -1.22c ( -1.3 L  -1.4) N   11879  --  G8 E2 D2 H6 J8 D7 D9
---White(^)---
G8  : T -98.85c W -97.50c S  -1.18c ( -1.3 L  -1.4) LCB  -99.40c P 79.31% WF 26951.4 PSV   26943 N   10978  --  G8 E2 D2 H6 J8 D7 D9 C9
G2  : T -98.95c W -97.45c S  -1.20c ( -1.3 L  -1.4) LCB -101.27c P 16.04% WF 2067.3 PSV    2011 N     866  --  G2 H2 G8 E2 D2 H6 J8 D7
B6  : T -106.93c W -97.75c S  -9.07c ( -4.6 L  -4.6) LCB -120.09c P  1.97% WF  40.7 PSV      39 N      20  --  B6 G8 A7 F8 D7 D8 A6
A7  : T -109.35c W -99.18c S -10.06c ( -5.0 L  -4.9) LCB -122.66c P  1.58% WF  23.4 PSV      24 N      10  --  A7 G8 B6 F8 D7 D8 A6
H2  : T -108.16c W -98.98c S  -9.18c ( -4.3 L  -4.9) LCB -459.11c P  0.17% WF   2.4 PSV       2 N       1  --  H2
A8  : T -120.14c W -98.96c S -21.17c (-11.3 L -12.9) LCB -470.63c P  0.11% WF   4.0 PSV       0 N       1  --  A8
H8  : T -124.12c W -99.37c S -24.76c (-14.2 L -14.4) LCB -474.12c P  0.07% WF   5.4 PSV       0 N       1  --  H8
E2  : T -115.28c W -99.27c S -16.01c ( -7.3 L  -7.5) LCB -465.28c P  0.06% WF   4.2 PSV       0 N       1  --  E2

2024-06-10 18:04:10-0400: = G8
2024-06-10 18:04:12-0400: Controller: kata-list_time_settings
2024-06-10 18:04:12-0400: = none absolute byoyomi canadian fischer fischer-capped
2024-06-10 18:04:12-0400: Controller: play black e2
2024-06-10 18:04:12-0400: = 
2024-06-10 18:04:12-0400: Controller: genmove white
2024-06-10 18:04:13-0400: MoveNum: 32 HASH: 0B9818F783577AD0F24711FA6FE4A94A
   A B C D E F G H J
 9 . . . . . . . . .
 8 . . X . O . O2. .
 7 . X X . X O X1O .
 6 X . . X O O X . .
 5 O X X . O X . X .
 4 O O X . O X X . .
 3 . O O . O O X . .
 2 . . . @ X3X . . .
 1 . . . . . . . . .

koPOSITIONALscoreAREAtaxNONEsui1komi5.5
Time taken: 1.031
Root visits: 21446
New playouts: 3205
NN rows: 1300
NN batches: 57
NN avg batch size: 22.807
PlayoutDoublingAdvantage: 2
PV: D2 H6 J8 D8 D9 C9 E9 D7 B6 C6 G2 H2 E1 G1 J6 J5 D4 J7 A8 H8
Tree:
: T -99.72c W -97.76c S  -1.28c ( -1.4 L  -1.5) N   21446  --  D2 H6 J8 D8 D9 C9 E9
---White(^)---
D2  : T -99.66c W -97.76c S  -1.21c ( -1.4 L  -1.5) LCB -100.00c P 87.36% WF 54097.5 PSV   54073 N   21281  --  D2 H6 J8 D8 D9 C9 E9 D7
G2  : T -102.68c W -98.09c S  -4.18c ( -2.6 L  -2.6) LCB -106.85c P  2.83% WF 186.5 PSV     176 N      77  --  G2 H2 D2 H6 J8 D7 D9 J6
H6  : T -110.35c W -98.54c S -10.45c ( -5.3 L  -5.3) LCB -117.86c P  5.81% WF 125.0 PSV     138 N      52  --  H6 D2 C2 D3 A2 G5 D8
B6  : T -112.88c W -97.45c S -15.08c (-10.4 L -10.8) LCB -133.26c P  1.86% WF  36.4 PSV      35 N      17  --  B6 D2 D3 C6
A7  : T -113.16c W -98.11c S -14.31c ( -9.6 L -10.0) LCB -131.40c P  1.18% WF  28.7 PSV      21 N      13  --  A7 D2 B6 D3 C2
H2  : T -106.25c W -99.13c S  -6.50c ( -3.3 L  -3.5) LCB -218.08c P  0.26% WF   7.4 PSV       8 N       3  --  H2 G2 D2
A8  : T -114.56c W -99.15c S -15.42c ( -8.2 L  -9.6) LCB -465.17c P  0.11% WF   2.9 PSV       1 N       1  --  A8
D7  : T -114.08c W -99.29c S -14.79c ( -6.9 L  -7.3) LCB -464.08c P  0.06% WF   4.0 PSV       1 N       1  --  D7

2024-06-10 18:04:13-0400: = D2
2024-06-10 18:04:15-0400: Controller: kata-list_time_settings
2024-06-10 18:04:15-0400: = none absolute byoyomi canadian fischer fischer-capped
2024-06-10 18:04:15-0400: Controller: play black h6
2024-06-10 18:04:16-0400: = 
2024-06-10 18:04:16-0400: Controller: genmove white
2024-06-10 18:04:17-0400: MoveNum: 34 HASH: 04F2E8E9CD22E532DE4BF5783B053D8B
   A B C D E F G H J
 9 . . . . . . . . .
 8 . . X . O . O . @
 7 . X X . X O X O .
 6 X . . X O O X X3.
 5 O X X . O X . X .
 4 O O X . O X X . .
 3 . O O . O O X . .
 2 . . . O2X1X . . .
 1 . . . . . . . . .

koPOSITIONALscoreAREAtaxNONEsui1komi5.5
Time taken: 1.031
Root visits: 34438
New playouts: 3367
NN rows: 1321
NN batches: 54
NN avg batch size: 24.463
PlayoutDoublingAdvantage: 2
PV: J8 D8 E9 D7 D9 G2 B6 C6 E1 F1 D1 D4
Tree:
: T -99.33c W -97.84c S  -1.26c ( -1.4 L  -1.5) N   34438  --  J8 D8 E9 D7 D9 G2 B6
---White(^)---
J8  : T -99.17c W -97.69c S  -1.30c ( -1.4 L  -1.5) LCB  -99.49c P 41.35% WF 56722.4 PSV   56514 N   22345  --  J8 D8 E9 D7 D9 G2 B6 C6
E1  : T -99.39c W -97.94c S  -1.31c ( -1.4 L  -1.5) LCB -100.07c P 17.99% WF 13632.5 PSV   13327 N    5273  --  E1 G2 J8 D7 D9 C9 D4 D8
H8  : T -99.64c W -98.31c S  -0.79c ( -1.3 L  -1.4) LCB -100.30c P 19.96% WF 9644.1 PSV    9729 N    3505  --  H8 D8 D9 G2 E1 C9 E9 F1
J7  : T -100.75c W -98.67c S  -1.80c ( -1.6 L  -1.7) LCB -102.00c P 11.27% WF 2154.7 PSV    2182 N     788  --  J7 D8 D9 G2 E1 C9 E9 F1
G2  : T -99.41c W -97.93c S  -1.21c ( -1.4 L  -1.5) LCB -101.39c P  6.09% WF 6318.8 PSV    1226 N    2447  --  G2 H2 J8 D7 B6 C6 E1 G1
B6  : T -101.25c W -98.73c S  -2.09c ( -1.7 L  -1.8) LCB -104.58c P  0.68% WF  97.3 PSV      69 N      35  --  B6 C6 E1 G2 J7 D8
A7  : T -101.72c W -99.13c S  -2.43c ( -1.8 L  -2.1) LCB -107.87c P  0.52% WF  44.9 PSV      44 N      13  --  A7 A8 E1 G2 H8
A8  : T -104.08c W -98.18c S  -5.77c ( -3.0 L  -3.1) LCB -115.49c P  0.46% WF  26.8 PSV      25 N      12  --  A8 H8 D7 D5
H9  : T -106.02c W -99.76c S  -6.57c ( -3.2 L  -3.1) LCB -159.49c P  0.26% WF  14.2 PSV      11 N       4  --  H9 D8 E9
C9  : T -111.63c W -99.59c S -11.69c ( -5.3 L  -4.9) LCB -275.20c P  0.22% WF   7.0 PSV       6 N       2  --  C9 D8

2024-06-10 18:04:17-0400: = J8
2024-06-10 18:04:19-0400: Controller: kata-list_time_settings
2024-06-10 18:04:19-0400: = none absolute byoyomi canadian fischer fischer-capped
2024-06-10 18:04:19-0400: Controller: play black d8
2024-06-10 18:04:19-0400: = 
2024-06-10 18:04:19-0400: Controller: genmove white
2024-06-10 18:04:20-0400: MoveNum: 36 HASH: E0542B5FF370E36DAA6E48B976E6DEC8
   A B C D E F G H J
 9 . . . . @ . . . .
 8 . . X X3O . O . O2
 7 . X X . X O X O .
 6 X . . X O O X X1.
 5 O X X . O X . X .
 4 O O X . O X X . .
 3 . O O . O O X . .
 2 . . . O X X . . .
 1 . . . . . . . . .

koPOSITIONALscoreAREAtaxNONEsui1komi5.5
Time taken: 1.031
Root visits: 25856
New playouts: 4519
NN rows: 1302
NN batches: 54
NN avg batch size: 24.1111
PlayoutDoublingAdvantage: 2
PV: E9 D9 G2 H2 D1 J6 E1 G1 D7 D4 D3 E7
Tree:
: T -99.26c W -97.78c S  -1.38c ( -1.5 L  -1.6) N   25856  --  E9 D9 G2 H2 D1 J6 E1
---White(^)---
E9  : T -98.99c W -97.70c S  -1.26c ( -1.5 L  -1.6) LCB  -99.50c P 19.29% WF 23008.8 PSV   35168 N    9120  --  E9 D9 G2 H2 D1 J6 E1 G1
D9  : T -99.12c W -97.73c S  -1.27c ( -1.5 L  -1.6) LCB  -99.62c P 32.97% WF 24855.7 PSV   24799 N    9630  --  D9 C9 E9 D7 G2 H2 E1 G1
D7  : T -100.21c W -98.08c S  -2.18c ( -1.8 L  -1.9) LCB -101.47c P 18.68% WF 3835.2 PSV    3839 N    1546  --  D7 E9 F9 D9 E7 J6 E1 G1
G2  : T -99.42c W -97.91c S  -1.34c ( -1.5 L  -1.6) LCB -100.99c P 17.72% WF 13601.9 PSV    3335 N    5162  --  G2 H2 D9 C9 E9 D7 E1 G1
E1  : T -101.63c W -97.89c S  -3.23c ( -2.2 L  -2.3) LCB -103.98c P  6.59% WF 794.1 PSV     697 N     317  --  E1 E9 G2 F8 H9 H2 F1 J6
D5  : T -104.54c W -99.25c S  -4.11c ( -2.5 L  -2.6) LCB -113.77c P  0.76% WF  44.5 PSV      40 N      16  --  D5 E9 D7 F9 F8 C6 G9
J6  : T -108.13c W -99.47c S  -6.01c ( -3.2 L  -3.2) LCB -123.24c P  0.88% WF  29.5 PSV      28 N      10  --  J6 E9 D7 F9
A7  : T -103.09c W -99.39c S  -3.64c ( -2.3 L  -2.3) LCB -127.60c P  0.33% WF  18.8 PSV      18 N       6  --  A7 E9 D7
A8  : T -106.93c W -98.66c S  -4.54c ( -2.7 L  -2.8) LCB -126.50c P  0.50% WF  20.0 PSV      16 N       9  --  A8 E9 D7 F9
B6  : T -103.91c W -98.90c S  -4.73c ( -2.7 L  -2.8) LCB -122.41c P  0.28% WF  17.4 PSV      14 N       6  --  B6 E9 D7

2024-06-10 18:04:20-0400: = E9
2024-06-10 18:04:22-0400: Controller: kata-list_time_settings
2024-06-10 18:04:22-0400: = none absolute byoyomi canadian fischer fischer-capped
2024-06-10 18:04:22-0400: Controller: play black j6
2024-06-10 18:04:22-0400: = 
2024-06-10 18:04:22-0400: Controller: genmove white
2024-06-10 18:04:23-0400: MoveNum: 38 HASH: BE550593205AABF8D3DC61F35D201C9B
   A B C D E F G H J
 9 . . . . O2. . . .
 8 . . X X1O . O . O
 7 . X X @ X O X O .
 6 X . . X O O X X X3
 5 O X X . O X . X .
 4 O O X . O X X . .
 3 . O O . O O X . .
 2 . . . O X X . . .
 1 . . . . . . . . .

koPOSITIONALscoreAREAtaxNONEsui1komi5.5
Time taken: 1.016
Root visits: 4798
New playouts: 4033
NN rows: 1325
NN batches: 55
NN avg batch size: 24.0909
PlayoutDoublingAdvantage: 2
PV: D7 G2 D9 C9 D4 E7 A8 B8 D7 D5 E1 E7 B6 C6 D7 D1 C1 E7 F1 G1 D7
Tree:
: T -98.12c W -96.55c S  -1.41c ( -1.4 L  -1.6) N    4798  --  D7 G2 D9 C9 D4 E7 A8
---White(^)---
D7  : T -98.01c W -96.35c S  -1.41c ( -1.4 L  -1.6) LCB  -99.69c P 25.89% WF 4310.3 PSV    4939 N    2108  --  D7 G2 D9 C9 D4 E7 A8 B8
G2  : T -97.76c W -96.31c S  -1.38c ( -1.4 L  -1.6) LCB -100.39c P 32.63% WF 3141.5 PSV    3125 N    1521  --  G2 H2 D7 G1 D9 C9 D5 E7
D9  : T -99.03c W -97.53c S  -1.41c ( -1.4 L  -1.5) LCB -101.32c P 20.16% WF 1289.0 PSV    1291 N     517  --  D9 J7 H8 D4 D3 D7 E1 G1
E1  : T -99.85c W -97.88c S  -1.85c ( -1.5 L  -1.7) LCB -102.15c P 14.44% WF 623.9 PSV     619 N     255  --  E1 G2 D9 J7 H8 F1 D1 D4
A8  : T -96.58c W -95.42c S  -0.90c ( -1.2 L  -1.6) LCB -101.22c P  1.59% WF 636.9 PSV     553 N     356  --  A8 B8 G2 H2 D7 J7 D5 C6
D1  : T -101.52c W -99.15c S  -2.49c ( -1.7 L  -1.9) LCB -104.69c P  1.73% WF  43.9 PSV      44 N      16  --  D1 D7 D9 J7 H8
D4  : T -100.77c W -98.76c S  -1.50c ( -1.4 L  -1.6) LCB -105.03c P  1.27% WF  40.6 PSV      39 N      15  --  D4 D7 E1 G2 D9 C9 F1 G1
D5  : T -102.74c W -99.54c S  -3.36c ( -2.0 L  -2.3) LCB -189.34c P  0.57% WF  11.2 PSV      11 N       3  --  D5 D7 D9
J7  : T -101.42c W -99.48c S  -1.75c ( -1.5 L  -1.5) LCB -188.44c P  0.35% WF   8.7 PSV       9 N       3  --  J7 G2
B6  : T -103.12c W -98.50c S  -2.69c ( -1.8 L  -2.0) LCB -281.44c P  0.27% WF   5.0 PSV       4 N       2  --  B6 C6

2024-06-10 18:04:23-0400: = D7
2024-06-10 18:04:25-0400: Controller: kata-list_time_settings
2024-06-10 18:04:25-0400: = none absolute byoyomi canadian fischer fischer-capped
2024-06-10 18:04:25-0400: Controller: play black g2
2024-06-10 18:04:25-0400: = 
2024-06-10 18:04:25-0400: Controller: genmove white
2024-06-10 18:04:26-0400: MoveNum: 40 HASH: 2E4DA05F93863F1D698FE27E28DCC284
   A B C D E F G H J
 9 . . . . O . . . .
 8 . . X X O . O . O
 7 . X X O2. O X O .
 6 X . . X O O X X X1
 5 O X X . O X . X .
 4 O O X @ O X X . .
 3 . O O . O O X . .
 2 . . . O X X X3. .
 1 . . . . . . . . .

koPOSITIONALscoreAREAtaxNONEsui1komi5.5
Time taken: 1.047
Root visits: 12757
New playouts: 3785
NN rows: 1344
NN batches: 55
NN avg batch size: 24.4364
PlayoutDoublingAdvantage: 2
PV: D4 D9 D5 E7 A8 B8 D7 C6 D1 J7 H8 E1 E7 A7 D3 A9 F8
Tree:
: T -99.64c W -97.80c S  -1.41c ( -1.6 L  -1.7) N   12757  --  D4 D9 D5 E7 A8 B8 D7
---White(^)---
D4  : T -99.26c W -97.48c S  -1.33c ( -1.6 L  -1.7) LCB -100.33c P  9.43% WF 11564.1 PSV   15150 N    4407  --  D4 D9 D5 E7 A8 B8 D7 C6
D9  : T -99.72c W -97.89c S  -1.28c ( -1.6 L  -1.7) LCB -100.63c P 32.62% WF 9663.2 PSV    9688 N    3693  --  D9 C9 E1 E7 F1 G1 D1 D4
D5  : T -99.93c W -97.97c S  -1.76c ( -1.7 L  -1.8) LCB -101.26c P 22.81% WF 5617.2 PSV    5653 N    2023  --  D5 E7 A8 D7 D9 B8 E1 F1
E1  : T -100.22c W -98.30c S  -1.46c ( -1.6 L  -1.7) LCB -101.39c P 14.40% WF 2618.3 PSV    2645 N     993  --  E1 D9 D1 E7 J7 D4 D3 D7
D1  : T -100.25c W -98.49c S  -1.53c ( -1.6 L  -1.7) LCB -101.60c P 12.85% WF 2279.2 PSV    2303 N     824  --  D1 D9 E1 E7 J7 D4 D3 D7
A8  : T -98.83c W -97.09c S  -1.22c ( -1.5 L  -1.8) LCB -101.72c P  4.50% WF 1666.0 PSV    1530 N     778  --  A8 B8 D9 C9 D4 E7 J7 D1
E7  : T -102.39c W -99.43c S  -2.92c ( -2.1 L  -2.4) LCB -105.57c P  1.10% WF  69.0 PSV      70 N      22  --  E7 J7 H8 D5 D9
J7  : T -102.25c W -99.60c S  -2.54c ( -2.0 L  -2.3) LCB -112.90c P  0.48% WF  30.9 PSV      32 N       9  --  J7 E7 D9
B6  : T -103.87c W -98.88c S  -3.05c ( -2.1 L  -2.2) LCB -193.34c P  0.22% WF   7.3 PSV       8 N       3  --  B6 A7
A7  : T -102.55c W -99.34c S  -3.19c ( -2.2 L  -2.4) LCB -254.70c P  0.15% WF   6.1 PSV       7 N       2  --  A7 A8

2024-06-10 18:04:26-0400: = D4
2024-06-10 18:04:28-0400: Controller: kata-list_time_settings
2024-06-10 18:04:28-0400: = none absolute byoyomi canadian fischer fischer-capped
2024-06-10 18:04:28-0400: Controller: play black e7
2024-06-10 18:04:28-0400: = 
2024-06-10 18:04:28-0400: Controller: genmove white
2024-06-10 18:04:29-0400: MoveNum: 42 HASH: 4E17A8E83250E5A710700CBF0CE10A99
   A B C D E F G H J
 9 . . . @ O . . . .
 8 . . X X O . O . O
 7 . X X . X3O X O .
 6 X . . X O O X X X
 5 O X X . O X . X .
 4 O O X O2O X X . .
 3 . O O . O O X . .
 2 . . . O X X X1. .
 1 . . . . . . . . .

koPOSITIONALscoreAREAtaxNONEsui1komi5.5
Time taken: 1.031
Root visits: 7500
New playouts: 5145
NN rows: 1361
NN batches: 55
NN avg batch size: 24.7455
PlayoutDoublingAdvantage: 2
PV: D9 C9 D1 J7 H8 D7 E1 F1 D5 B6 D3 G5
Tree:
: T -100.10c W -98.08c S  -1.60c ( -1.6 L  -1.7) N    7500  --  D9 C9 D1 J7 H8 D7 E1
---White(^)---
D9  : T -99.91c W -97.78c S  -1.62c ( -1.6 L  -1.7) LCB -101.04c P 41.42% WF 12187.7 PSV   12152 N    4158  --  D9 C9 D1 J7 H8 D7 E1 F1
E1  : T -100.08c W -98.35c S  -1.32c ( -1.5 L  -1.6) LCB -101.56c P 15.29% WF 3282.7 PSV    3286 N    1084  --  E1 D7 B6 C6 D9 J7 C9 B9
A8  : T -99.94c W -97.65c S  -1.84c ( -1.7 L  -1.8) LCB -101.49c P 10.58% WF 3087.4 PSV    2979 N    1179  --  A8 D9 D5 B8 D7 C6 D1 J7
D1  : T -100.44c W -99.16c S  -1.24c ( -1.5 L  -1.5) LCB -101.75c P 15.41% WF 2444.3 PSV    2358 N     660  --  D1 D9 D7 J7 H8 E7 E1 F1
J7  : T -100.78c W -99.15c S  -1.52c ( -1.6 L  -1.6) LCB -101.98c P  8.74% WF 1057.6 PSV    1020 N     311  --  J7 D7 E1 F1 D1 D5 D9 C9
D5  : T -103.27c W -99.15c S  -3.97c ( -2.4 L  -2.6) LCB -107.10c P  4.45% WF 189.9 PSV     191 N      58  --  D5 D7 D9 J7 H8 D1 C1 E1
B6  : T -101.91c W -99.28c S  -2.40c ( -1.9 L  -2.1) LCB -103.60c P  1.58% WF 107.6 PSV     103 N      32  --  B6 C6 E1 J7 H8 F1 D1 D7
A7  : T -104.74c W -99.55c S  -3.80c ( -2.3 L  -2.5) LCB -150.53c P  0.38% WF  13.6 PSV      11 N       4  --  A7 B6 D9
H8  : T -104.41c W -99.78c S  -4.47c ( -2.5 L  -2.6) LCB -195.04c P  0.29% WF  10.2 PSV       9 N       3  --  H8 D1
C1  : T -105.29c W -99.67c S  -5.62c ( -2.9 L  -3.2) LCB -455.29c P  0.12% WF   5.1 PSV       3 N       1  --  C1

2024-06-10 18:04:29-0400: = D9
2024-06-10 18:04:32-0400: Controller: kata-list_time_settings
2024-06-10 18:04:32-0400: = none absolute byoyomi canadian fischer fischer-capped
2024-06-10 18:04:32-0400: Controller: play black d7
2024-06-10 18:04:32-0400: = 
2024-06-10 18:04:32-0400: Controller: genmove white
2024-06-10 18:04:33-0400: MoveNum: 44 HASH: F63C13B0E695BCC725A85F38ED3F7C0B
   A B C D E F G H J
 9 . . @ O2O . . . .
 8 . . X X O . O . O
 7 . X X X3X1O X O .
 6 X . . X O O X X X
 5 O X X . O X . X .
 4 O O X O O X X . .
 3 . O O . O O X . .
 2 . . . O X X X . .
 1 . . . . . . . . .

koPOSITIONALscoreAREAtaxNONEsui1komi5.5
Time taken: 1.032
Root visits: 7050
New playouts: 5419
NN rows: 1294
NN batches: 57
NN avg batch size: 22.7018
PlayoutDoublingAdvantage: 2
PV: C9 B9 A9 A8 E1 J7 H8 F1 D1 D5 D3 A7 pass G5
Tree:
: T -101.18c W -99.27c S  -1.64c ( -1.4 L  -1.4) N    7050  --  C9 B9 A9 A8 E1 J7 H8
---White(^)---
C9  : T -101.37c W -99.58c S  -1.56c ( -1.4 L  -1.3) LCB -101.73c P 28.57% WF 8835.6 PSV   15445 N    2073  --  C9 B9 A9 A8 E1 J7 H8 F1
E1  : T -101.26c W -99.28c S  -1.71c ( -1.4 L  -1.4) LCB -101.82c P 29.84% WF 12273.9 PSV   12296 N    3036  --  E1 C9 A7 B6 F1 G1 D1 J7
A8  : T -100.11c W -98.40c S  -1.38c ( -1.3 L  -1.3) LCB -103.59c P 12.57% WF 3453.9 PSV    3206 N     886  --  A8 C9 B6 C6 A7 B8 B6 F8
B6  : T -100.86c W -99.21c S  -1.26c ( -1.3 L  -1.3) LCB -103.07c P  9.83% WF 1453.3 PSV    1393 N     372  --  B6 C6 C9 B9 A9 A8 E1 F1
J7  : T -101.32c W -99.21c S  -1.84c ( -1.5 L  -1.5) LCB -102.88c P  4.37% WF 1342.4 PSV    1345 N     344  --  J7 C9 E1 F1 D1 D5 D3 B6
D1  : T -101.30c W -99.45c S  -1.57c ( -1.4 L  -1.3) LCB -103.30c P  4.42% WF 669.2 PSV     642 N     163  --  D1 C9 J7 D5 E1 F1 D3 B6
A7  : T -100.80c W -99.40c S  -1.06c ( -1.2 L  -1.2) LCB -103.27c P  2.89% WF 390.4 PSV     362 N      96  --  A7 B6 E1 J7 C9 B9 H8 F1
D5  : T -104.63c W -99.31c S  -4.88c ( -2.5 L  -2.7) LCB -107.89c P  3.55% WF 136.5 PSV     138 N      39  --  D5 J7 H8 D1 C1 E1 C9 B9
B9  : T -104.97c W -99.21c S  -5.42c ( -2.7 L  -3.1) LCB -121.75c P  0.85% WF  27.2 PSV      24 N       9  --  B9 C9 A8 B8
H8  : T -104.23c W -99.80c S  -4.12c ( -2.2 L  -2.6) LCB -135.54c P  0.49% WF  21.3 PSV      21 N       5  --  H8 D1 C9

2024-06-10 18:04:33-0400: = C9
2024-06-10 18:04:35-0400: Controller: kata-list_time_settings
2024-06-10 18:04:35-0400: = none absolute byoyomi canadian fischer fischer-capped
2024-06-10 18:04:35-0400: Controller: play black b9
2024-06-10 18:04:35-0400: = 
2024-06-10 18:04:35-0400: Controller: genmove white
2024-06-10 18:04:36-0400: MoveNum: 46 HASH: 52D0A000B00636AFA8A5B02713B4C8DC
   A B C D E F G H J
 9 . X3O2O O . . . .
 8 . . X X O . O . O
 7 . X X X1X O X O .
 6 X . . X O O X X X
 5 O X X . O X . X .
 4 O O X O O X X . .
 3 . O O . O O X . .
 2 . . . O X X X . .
 1 . . . . @ . . . .

koPOSITIONALscoreAREAtaxNONEsui1komi5.5
Time taken: 1.015
Root visits: 19117
New playouts: 5955
NN rows: 1270
NN batches: 54
NN avg batch size: 23.5185
PlayoutDoublingAdvantage: 2
PV: E1 J7 H8 F1 D1 F9 F8 D5 G9 B6 D3 B8 pass G5 pass pass
Tree:
: T -101.12c W -99.69c S  -1.36c ( -1.5 L  -1.4) N   19117  --  E1 J7 H8 F1 D1 F9 F8
---White(^)---
E1  : T -101.18c W -99.78c S  -1.34c ( -1.5 L  -1.4) LCB -101.29c P 58.23% WF 55415.8 PSV   55520 N   11496  --  E1 J7 H8 F1 D1 F9 F8 D5
J7  : T -101.18c W -99.48c S  -1.66c ( -1.6 L  -1.4) LCB -101.38c P  7.41% WF 6661.3 PSV    6668 N    1635  --  J7 D1 C1 E1 D5 A7 D3 B8
B6  : T -100.94c W -99.55c S  -1.29c ( -1.4 L  -1.4) LCB -102.81c P  7.04% WF 7279.1 PSV    1151 N    1663  --  B6 C6 A8 A7 E1 J7 H8 F1
D1  : T -101.16c W -99.64c S  -1.39c ( -1.5 L  -1.4) LCB -103.28c P  5.45% WF 1842.6 PSV     736 N     432  --  D1 J7 H8 E1 D5 B6 D3 G5
A7  : T -100.86c W -99.56c S  -1.18c ( -1.4 L  -1.3) LCB -103.07c P  4.35% WF 4915.0 PSV     705 N    1092  --  A7 B6 E1 F1 D1 J7 H8 D5
A9  : T -100.83c W -99.58c S  -1.11c ( -1.4 L  -1.3) LCB -102.95c P  3.92% WF 5227.4 PSV     664 N    1158  --  A9 A8 E1 F1 D1 J7 H8 D5
B8  : T -100.82c W -99.48c S  -1.29c ( -1.4 L  -1.4) LCB -103.25c P  3.24% WF 6643.7 PSV     560 N    1482  --  B8 A8 E1 F1 D1 J7 H8 D5
A8  : T -103.66c W -99.06c S  -4.19c ( -2.4 L  -2.7) LCB -107.90c P  3.61% WF 216.0 PSV     200 N      64  --  A8 J7 H8 D1 C1 E1 B6 A7
H8  : T -104.30c W -99.79c S  -4.32c ( -2.4 L  -2.7) LCB -106.43c P  1.70% WF 113.9 PSV     116 N      27  --  H8 D1 C1 E1 D5 J7 D3 B6
D5  : T -104.38c W -99.76c S  -5.08c ( -2.7 L  -2.8) LCB -109.94c P  1.60% WF 110.4 PSV     106 N      28  --  D5 J7 H8 D1 C1 E1 D3 B6

2024-06-10 18:04:36-0400: = E1
2024-06-10 18:04:38-0400: Controller: kata-list_time_settings
2024-06-10 18:04:38-0400: = none absolute byoyomi canadian fischer fischer-capped
2024-06-10 18:04:38-0400: Controller: play black j7
2024-06-10 18:04:38-0400: = 
2024-06-10 18:04:38-0400: Controller: genmove white
2024-06-10 18:04:39-0400: MoveNum: 48 HASH: BBAD4F9EB88F11ED168B38EC413F3503
   A B C D E F G H J
 9 . X1O O O . . . .
 8 . . X X O . O @ O
 7 . X X X X O X O X3
 6 X . . X O O X X X
 5 O X X . O X . X .
 4 O O X O O X X . .
 3 . O O . O O X . .
 2 . . . O X X X . .
 1 . . . . O2. . . .

koPOSITIONALscoreAREAtaxNONEsui1komi5.5
Time taken: 1.032
Root visits: 13640
New playouts: 3324
NN rows: 1313
NN batches: 57
NN avg batch size: 23.0351
PlayoutDoublingAdvantage: 2
PV: H8 F1 D1 D5 C2 A7 D3 B8 F8 G5 pass pass
Tree:
: T -101.18c W -99.78c S  -1.34c ( -1.5 L  -1.4) N   13640  --  H8 F1 D1 D5 C2 A7 D3
---White(^)---
H8  : T -101.14c W -99.80c S  -1.27c ( -1.4 L  -1.4) LCB -101.33c P 65.05% WF 57508.5 PSV   57488 N   11106  --  H8 F1 D1 D5 C2 A7 D3 B8
B6  : T -101.16c W -99.59c S  -1.51c ( -1.5 L  -1.4) LCB -103.19c P 11.14% WF 4840.5 PSV    1341 N    1065  --  B6 C6 H8 F1 D1 D5 C2 A7
A7  : T -101.14c W -99.72c S  -1.31c ( -1.4 L  -1.4) LCB -103.18c P  6.16% WF 2346.1 PSV     739 N     506  --  A7 A8 H8 F1 D1 D5 C2 B6
A9  : T -101.13c W -99.80c S  -1.25c ( -1.4 L  -1.4) LCB -102.84c P  4.94% WF 2138.2 PSV     596 N     456  --  A9 A8 H8 F1 D1 D5 C2 B6
B8  : T -101.17c W -99.77c S  -1.34c ( -1.5 L  -1.4) LCB -103.31c P  4.45% WF 1955.9 PSV     518 N     415  --  B8 A8 H8 F1 D1 D5 C2 B6
H9  : T -107.24c W -98.82c S  -7.76c ( -4.0 L  -3.9) LCB -114.82c P  4.42% WF 114.6 PSV     121 N      53  --  H9 H8 B6 C6 H7 D1 C1 H8
A8  : T -113.65c W -96.66c S -16.00c ( -8.9 L  -9.4) LCB -136.75c P  1.60% WF  23.8 PSV      24 N      12  --  A8 H8 B6 A7 H9 J9
F8  : T -112.42c W -99.56c S -12.66c ( -5.7 L  -5.8) LCB -300.50c P  0.33% WF   6.4 PSV       5 N       2  --  F8 H8
D5  : T -113.19c W -98.97c S -14.22c ( -6.9 L  -7.6) LCB -463.19c P  0.22% WF   3.1 PSV       3 N       1  --  D5
F1  : T -112.50c W -99.10c S -13.39c ( -6.4 L  -7.0) LCB -463.07c P  0.21% WF   3.5 PSV       3 N       1  --  F1

2024-06-10 18:04:39-0400: = H8
2024-06-10 18:04:41-0400: Controller: kata-list_time_settings
2024-06-10 18:04:41-0400: = none absolute byoyomi canadian fischer fischer-capped
2024-06-10 18:04:41-0400: Controller: play black f1
2024-06-10 18:04:41-0400: = 
2024-06-10 18:04:41-0400: Controller: genmove white
2024-06-10 18:04:42-0400: MoveNum: 50 HASH: 43EF4C836348A06A1DEAC4BCA4EE2F24
   A B C D E F G H J
 9 . X O O O . . . .
 8 . . X X O . O O2O
 7 . X X X X O X O X1
 6 X . . X O O X X X
 5 O X X . O X . X .
 4 O O X O O X X . .
 3 . O O . O O X . .
 2 . . . O X X X . .
 1 . . . @ O X3. . .

koPOSITIONALscoreAREAtaxNONEsui1komi5.5
Time taken: 1.031
Root visits: 21336
New playouts: 3329
NN rows: 1339
NN batches: 57
NN avg batch size: 23.4912
PlayoutDoublingAdvantage: 2
PV: D1 D5 C2 A2 B2 B6 A1 B8
Tree:
: T -101.21c W -99.85c S  -1.31c ( -1.4 L  -1.4) N   21336  --  D1 D5 C2 A2 B2 B6 A1
---White(^)---
D1  : T -101.18c W -99.86c S  -1.27c ( -1.4 L  -1.3) LCB -101.29c P 63.83% WF 95517.1 PSV   95472 N   18012  --  D1 D5 C2 A2 B2 B6 A1 B8
B6  : T -101.18c W -99.77c S  -1.36c ( -1.5 L  -1.4) LCB -103.21c P  6.82% WF 6940.2 PSV    1040 N    1365  --  B6 C6 D1 D5 C2 A7 D3 B8
C1  : T -102.29c W -99.59c S  -2.58c ( -1.9 L  -1.8) LCB -104.60c P  9.24% WF 936.2 PSV     867 N     238  --  C1 D1 B6 C6 E1 F8 F9 D1
A7  : T -101.30c W -99.86c S  -1.37c ( -1.5 L  -1.4) LCB -102.99c P  4.13% WF 2583.6 PSV     568 N     527  --  A7 B6 D1 D5 D3 A8 pass G5
A9  : T -101.22c W -99.86c S  -1.30c ( -1.4 L  -1.4) LCB -102.88c P  3.75% WF 2798.3 PSV     547 N     574  --  A9 A8 D1 D5 C2 B6 D3 G5
B8  : T -101.28c W -99.88c S  -1.34c ( -1.4 L  -1.4) LCB -102.93c P  3.56% WF 2445.0 PSV     506 N     490  --  B8 A8 D1 D5 C2 B6 D3 G5
A8  : T -103.77c W -99.21c S  -4.39c ( -2.5 L  -2.7) LCB -107.21c P  2.34% WF 231.6 PSV     141 N      64  --  A8 D1 B6 A7 C1 E1 D5 C6
D5  : T -106.25c W -99.77c S  -6.29c ( -3.1 L  -3.2) LCB -108.74c P  1.50% WF  76.1 PSV      71 N      18  --  D5 D1 C1 E1 D3 B6
F8  : T -106.44c W -99.93c S  -6.49c ( -3.1 L  -3.3) LCB -116.71c P  0.76% WF  36.8 PSV      35 N       9  --  F8 D1 C1 E1 D5 C6
C2  : T -106.69c W -99.93c S  -6.42c ( -3.1 L  -3.4) LCB -122.94c P  0.62% WF  30.4 PSV      27 N       7  --  C2 D1 C1 E1 D5 B6

2024-06-10 18:04:42-0400: = D1
2024-06-10 18:04:45-0400: Controller: kata-list_time_settings
2024-06-10 18:04:45-0400: = none absolute byoyomi canadian fischer fischer-capped
2024-06-10 18:04:45-0400: Controller: play black f9
2024-06-10 18:04:45-0400: = 
2024-06-10 18:04:45-0400: Controller: genmove white
2024-06-10 18:04:46-0400: MoveNum: 52 HASH: 31D7009A6C22D778F84549253EBECCB7
   A B C D E F G H J
 9 . X O O O X3. . .
 8 . . X X O @ O O O
 7 . X X X X O X O X
 6 X . . X O O X X X
 5 O X X . O X . X .
 4 O O X O O X X . .
 3 . O O . O O X . .
 2 . . . O X X X . .
 1 . . . O2O X1. . .

koPOSITIONALscoreAREAtaxNONEsui1komi5.5
Time taken: 1.031
Root visits: 4728
New playouts: 3088
NN rows: 1328
NN batches: 56
NN avg batch size: 23.7143
PlayoutDoublingAdvantage: 2
PV: F8 D5 G9 B8 D3 B6 pass G5 pass pass
Tree:
: T -101.34c W -99.88c S  -1.43c ( -1.5 L  -1.4) N    4728  --  F8 D5 G9 B8 D3 B6 pass
---White(^)---
F8  : T -101.31c W -99.88c S  -1.36c ( -1.5 L  -1.4) LCB -101.48c P 97.95% WF 25208.1 PSV   25204 N    4722  --  F8 D5 G9 B8 D3 B6 pass G5
G9  : T -131.07c W -99.28c S -31.79c (-28.9 L -28.2) LCB -481.07c P  0.26% WF   6.4 PSV       0 N       1  --  G9
B8  : T -129.79c W -98.89c S -30.90c (-26.3 L -25.8) LCB -479.95c P  0.23% WF   5.8 PSV       0 N       1  --  B8
A7  : T -128.49c W -98.96c S -29.53c (-22.3 L -22.1) LCB -478.70c P  0.21% WF   5.8 PSV       0 N       1  --  A7
B6  : T -128.49c W -98.95c S -29.54c (-22.3 L -22.1) LCB -478.70c P  0.19% WF   5.7 PSV       0 N       1  --  B6
A9  : T -129.55c W -98.91c S -30.64c (-25.7 L -25.5) LCB -479.72c P  0.19% WF   5.8 PSV       0 N       1  --  A9

2024-06-10 18:04:46-0400: = F8
2024-06-10 18:04:48-0400: Controller: kata-list_time_settings
2024-06-10 18:04:48-0400: = none absolute byoyomi canadian fischer fischer-capped
2024-06-10 18:04:48-0400: Controller: play black d5
2024-06-10 18:04:48-0400: = 
2024-06-10 18:04:48-0400: Controller: genmove white
2024-06-10 18:04:49-0400: MoveNum: 54 HASH: 89BF8BCA6B2155AC5146307A10680CC1
   A B C D E F G H J
 9 . X O O O X1@ . .
 8 . . X X O O2O O O
 7 . X X X X O X O X
 6 X . . X O O X X X
 5 O X X X3O X . X .
 4 O O X O O X X . .
 3 . O O . O O X . .
 2 . . . O X X X . .
 1 . . . O O X . . .

koPOSITIONALscoreAREAtaxNONEsui1komi5.5
Time taken: 1.031
Root visits: 18121
New playouts: 5115
NN rows: 1305
NN batches: 54
NN avg batch size: 24.1667
PlayoutDoublingAdvantage: 2
PV: G9 B6 D3 pass pass
Tree:
: T -101.26c W -99.90c S  -1.32c ( -1.5 L  -1.3) N   18121  --  G9 B6 D3 pass pass
---White(^)---
G9  : T -101.23c W -99.92c S  -1.27c ( -1.4 L  -1.4) LCB -101.26c P 27.88% WF 33628.4 PSV  113489 N    6086  --  G9 B6 D3 pass pass
D3  : T -101.31c W -99.92c S  -1.35c ( -1.5 L  -1.4) LCB -101.36c P 30.71% WF 25551.3 PSV   25526 N    4761  --  D3 B6 G9 pass pass
C2  : T -101.33c W -99.93c S  -1.39c ( -1.5 L  -1.4) LCB -101.37c P 13.50% WF 10357.8 PSV   10372 N    1874  --  C2 A2 G9 B6 D3 H4
H1  : T -101.30c W -99.82c S  -1.50c ( -1.5 L  -1.3) LCB -104.00c P  1.88% WF 1161.3 PSV     207 N     241  --  H1 B6 D3 B8 G9 J1
J2  : T -101.45c W -99.89c S  -1.53c ( -1.5 L  -1.3) LCB -103.14c P  1.79% WF 777.0 PSV     183 N     163  --  J2 B6 D3 H2 G9 J3
H3  : T -101.06c W -99.78c S  -1.26c ( -1.4 L  -1.3) LCB -103.47c P  1.40% WF 3203.6 PSV     178 N     653  --  H3 H4 G9 J3 D3 A7
A8  : T -101.04c W -99.77c S  -1.20c ( -1.4 L  -1.3) LCB -103.14c P  1.24% WF 8150.7 PSV     160 N    1511  --  A8 A7 C2 B8 G9 A9 D3 H4
B6  : T -101.31c W -99.93c S  -1.34c ( -1.5 L  -1.4) LCB -103.10c P  1.42% WF 1062.7 PSV     156 N     204  --  B6 A7 G9 B8 D3 C6 pass G5
H9  : T -101.12c W -99.92c S  -1.18c ( -1.4 L  -1.3) LCB -102.77c P  1.26% WF 2010.1 PSV     154 N     397  --  H9 B8 G9 A7 D3 G5 pass pass
H2  : T -101.35c W -99.91c S  -1.42c ( -1.5 L  -1.3) LCB -103.08c P  1.43% WF 815.4 PSV     152 N     166  --  H2 H3 G9 B6 D3 H1

2024-06-10 18:04:49-0400: = G9
2024-06-10 18:04:51-0400: Controller: kata-list_time_settings
2024-06-10 18:04:51-0400: = none absolute byoyomi canadian fischer fischer-capped
2024-06-10 18:04:51-0400: Controller: play black j2
2024-06-10 18:04:51-0400: = 
2024-06-10 18:04:51-0400: Controller: genmove white
2024-06-10 18:04:52-0400: MoveNum: 56 HASH: AA0D60D41CDD4A31B6D8E5568C13181F
   A B C D E F G H J
 9 . X O O O . O2. .
 8 . . X X O O O O O
 7 . X X X X O X O X
 6 X . . X O O X X X
 5 O X X X1O X . X .
 4 O O X O O X X . .
 3 . O O . O O X . .
 2 . . @ O X X X . X3
 1 . . . O O X . . .

koPOSITIONALscoreAREAtaxNONEsui1komi5.5
Time taken: 1
Root visits: 2974
New playouts: 2948
NN rows: 1257
NN batches: 69
NN avg batch size: 18.2174
PlayoutDoublingAdvantage: 2
PV: C2 B8 pass B6 D3 pass pass
Tree:
: T -101.43c W -99.95c S  -1.30c ( -1.4 L  -1.4) N    2974  --  C2 B8 pass B6 D3 pass pass
---White(^)---
C2  : T -101.28c W -99.95c S  -1.23c ( -1.4 L  -1.4) LCB -101.34c P 14.61% WF 6866.3 PSV   34221 N    1216  --  C2 B8 pass B6 D3 pass pass
pss : T -101.37c W -99.96c S  -1.35c ( -1.4 L  -1.4) LCB -101.43c P 16.52% WF 5813.7 PSV    4495 N     925  --  pass pass
D3  : T -101.85c W -99.95c S  -1.34c ( -1.4 L  -1.4) LCB -101.96c P 40.54% WF 3683.9 PSV    3411 N     630  --  D3 pass pass
H3  : T -101.00c W -99.92c S  -1.15c ( -1.4 L  -1.2) LCB -105.44c P  1.86% WF  83.7 PSV      77 N      16  --  H3 H2 C2
A8  : T -100.95c W -99.55c S  -1.32c ( -1.4 L  -1.3) LCB -109.25c P  1.27% WF  59.3 PSV      55 N      12  --  A8 A7 D3 B8
A9  : T -101.07c W -99.86c S  -1.03c ( -1.3 L  -1.4) LCB -108.60c P  1.27% WF  52.6 PSV      50 N      10  --  A9 B8 D3 A8 pass B6
H1  : T -101.38c W -99.92c S  -1.35c ( -1.4 L  -1.2) LCB -108.95c P  1.46% WF  55.4 PSV      48 N      11  --  H1 H2 D3
J1  : T -101.25c W -99.93c S  -1.30c ( -1.4 L  -1.2) LCB -110.09c P  1.35% WF  51.6 PSV      48 N      10  --  J1 H1 D3 B6 pass
J3  : T -101.45c W -99.93c S  -1.46c ( -1.5 L  -1.2) LCB -110.25c P  1.46% WF  51.0 PSV      46 N      10  --  J3 H3 D3
J9  : T -101.34c W -99.94c S  -1.42c ( -1.4 L  -1.3) LCB -110.09c P  1.34% WF  50.7 PSV      45 N      10  --  J9 B6 D3

2024-06-10 18:04:52-0400: = C2
2024-06-10 18:04:54-0400: Controller: kata-list_time_settings
2024-06-10 18:04:54-0400: = none absolute byoyomi canadian fischer fischer-capped
2024-06-10 18:04:54-0400: Controller: play black pass
2024-06-10 18:04:54-0400: = 
2024-06-10 18:04:54-0400: Controller: genmove white
2024-06-10 18:04:55-0400: MoveNum: 58 HASH: 3D34D613A1101EFBE9576FE62FE96C17
   A B C D E F G H J
 9 . X O O O . O . .
 8 . . X X O O O O O
 7 . X X X X O X O X
 6 X . . X O O X X X
 5 O X X X O X . X .
 4 O O X O O X X . .
 3 . O O @ O O X . .
 2 . . O2O X X X . X1
 1 . . . O O X . . .

koPOSITIONALscoreAREAtaxNONEsui1komi5.5
Time taken: 0.516
Root visits: 2804
New playouts: 2804
NN rows: 560
NN batches: 39
NN avg batch size: 14.359
PlayoutDoublingAdvantage: 2
PV: D3 B6 pass pass
Tree:
: T -101.38c W -99.94c S  -1.31c ( -1.4 L  -1.3) N    2804  --  D3 B6 pass pass
---White(^)---
D3  : T -101.36c W -99.94c S  -1.28c ( -1.4 L  -1.3) LCB -101.42c P 52.60% WF 11071.4 PSV   11067 N    1990  --  D3 B6 pass pass
pss : T -101.45c W -99.96c S  -1.39c ( -1.4 L  -1.4) LCB -101.54c P 17.40% WF 3700.2 PSV    2719 N     613  --  pass pass
H3  : T -101.09c W -99.91c S  -1.14c ( -1.3 L  -1.2) LCB -105.90c P  1.95% WF  75.2 PSV      69 N      15  --  H3 H2 D3 J3
H1  : T -101.29c W -99.92c S  -1.28c ( -1.4 L  -1.2) LCB -107.90c P  1.71% WF  60.2 PSV      53 N      12  --  H1 A7 D3
J1  : T -101.31c W -99.94c S  -1.29c ( -1.4 L  -1.2) LCB -110.09c P  1.56% WF  51.8 PSV      48 N      10  --  J1 H1 D3
J3  : T -101.49c W -99.93c S  -1.47c ( -1.4 L  -1.2) LCB -110.29c P  1.58% WF  49.9 PSV      44 N      10  --  J3 B6 D3
A9  : T -101.12c W -99.88c S  -0.95c ( -1.3 L  -1.4) LCB -108.21c P  1.29% WF  51.8 PSV      44 N      10  --  A9 A8 D3 B6 pass G5 pass
B6  : T -101.04c W -99.84c S  -1.04c ( -1.3 L  -1.4) LCB -108.37c P  1.20% WF  51.7 PSV      44 N      10  --  B6 C6 D3 A7 pass B8 pass pass
C6  : T -101.51c W -99.95c S  -1.43c ( -1.4 L  -1.3) LCB -106.63c P  1.56% WF  48.6 PSV      43 N       9  --  C6 B6 D3 B8 pass pass
A2  : T -101.24c W -99.92c S  -1.24c ( -1.4 L  -1.1) LCB -111.61c P  1.29% WF  45.2 PSV      42 N       9  --  A2 A7 D3

2024-06-10 18:04:55-0400: = D3
2024-06-10 18:04:57-0400: Controller: kata-list_time_settings
2024-06-10 18:04:57-0400: = none absolute byoyomi canadian fischer fischer-capped
2024-06-10 18:04:57-0400: Controller: play black g5
2024-06-10 18:04:57-0400: = 
2024-06-10 18:04:57-0400: Controller: genmove white
2024-06-10 18:04:58-0400: MoveNum: 60 HASH: F8F71780567FCEF2DC92511F160FC5EE
   A B C D E F G H J
 9 . X O O O . O . .
 8 . . X X O O O O O
 7 . X X X X O X O X
 6 X . . X O O X X X
 5 O X X X O X X3X .
 4 O O X O O X X . .
 3 . O O O2O O X . .
 2 . . O O X X X . X
 1 . . . O O X . . .

koPOSITIONALscoreAREAtaxNONEsui1komi5.5
Time taken: 1.015
Root visits: 4968
New playouts: 4164
NN rows: 1024
NN batches: 86
NN avg batch size: 11.907
PlayoutDoublingAdvantage: 2
PV: pass pass
Tree:
: T -101.36c W -99.90c S  -1.37c ( -1.4 L  -1.4) N    4968  --  pass pass
---White(^)---
pss : T -101.45c W -99.94c S  -1.44c ( -1.4 L  -1.4) LCB -101.52c P 44.16% WF 24795.2 PSV   24822 N    4041  --  pass pass
A8  : T -100.17c W -99.03c S  -0.65c ( -1.2 L  -1.2) LCB -106.16c P  3.31% WF 927.1 PSV     902 N     183  --  A8 A7 pass B8 pass pass
H1  : T -100.91c W -99.74c S  -1.07c ( -1.3 L  -1.3) LCB -103.71c P  4.71% WF 413.7 PSV     395 N      85  --  H1 H2 pass G1 pass J1
H3  : T -100.87c W -99.66c S  -1.13c ( -1.3 L  -1.3) LCB -105.76c P  4.01% WF 397.6 PSV     348 N      83  --  H3 H2 pass B8 pass A7 pass J3
J4  : T -101.28c W -99.90c S  -1.29c ( -1.4 L  -1.3) LCB -103.23c P  3.55% WF 234.0 PSV     228 N      49  --  J4 B8 pass J3
J1  : T -101.00c W -99.92c S  -1.01c ( -1.3 L  -1.3) LCB -103.03c P  2.66% WF 220.2 PSV     208 N      43  --  J1 B6 pass B8 pass H1 pass pass
J3  : T -101.09c W -99.89c S  -1.15c ( -1.3 L  -1.4) LCB -103.15c P  2.82% WF 223.9 PSV     206 N      46  --  J3 H3 pass J4
H2  : T -100.63c W -99.52c S  -1.08c ( -1.3 L  -1.3) LCB -107.18c P  1.75% WF 215.5 PSV     190 N      46  --  H2 H3 pass B6 pass H1 pass pass
C6  : T -101.38c W -99.94c S  -1.32c ( -1.4 L  -1.4) LCB -103.35c P  2.97% WF 184.7 PSV     179 N      32  --  C6 A7 pass B6 pass pass
A2  : T -101.26c W -99.95c S  -1.23c ( -1.4 L  -1.4) LCB -103.22c P  2.64% WF 176.6 PSV     171 N      32  --  A2 B8 A3 B6 pass pass

2024-06-10 18:04:58-0400: = pass
2024-06-10 18:05:01-0400: Controller: kata-list_time_settings
2024-06-10 18:05:01-0400: = none absolute byoyomi canadian fischer fischer-capped
2024-06-10 18:05:01-0400: Controller: play black pass
2024-06-10 18:05:01-0400: = 
2024-06-10 18:05:01-0400: Controller: genmove white
2024-06-10 18:05:01-0400: MoveNum: 62 HASH: F8F71780567FCEF2DC92511F160FC5EE
   A B C D E F G H J
 9 . X O O O . O . .
 8 . . X X O O O O O
 7 . X X X X O X O X
 6 X . . X O O X X X
 5 O X X X O X X1X .
 4 O O X O O X X . .
 3 . O O O O O X . .
 2 . . O O X X X . X
 1 . . . O O X . . .

koPOSITIONALscoreAREAtaxNONEsui1komi5.5
Time taken: 0.5
Root visits: 6206
New playouts: 6206
NN rows: 98
NN batches: 48
NN avg batch size: 2.04167
PlayoutDoublingAdvantage: 2
PV: pass pass
Tree:
: T -101.36c W -99.91c S  -1.36c ( -1.4 L  -1.4) N    6206  --  pass pass
---White(^)---
pss : T -101.43c W -99.94c S  -1.42c ( -1.4 L  -1.4) LCB -101.49c P 46.51% WF 32494.8 PSV   32524 N    5199  --  pass pass
A8  : T -100.19c W -99.05c S  -0.66c ( -1.2 L  -1.2) LCB -106.06c P  2.83% WF 937.9 PSV     836 N     186  --  A8 A7 pass B8 pass pass
H1  : T -100.84c W -99.68c S  -1.01c ( -1.3 L  -1.3) LCB -103.83c P  3.94% WF 412.7 PSV     398 N      85  --  H1 H2 pass B6 pass J1 pass G1
H3  : T -100.80c W -99.65c S  -1.01c ( -1.3 L  -1.3) LCB -105.66c P  3.51% WF 386.4 PSV     369 N      80  --  H3 H2 pass J3 pass pass
J4  : T -101.26c W -99.90c S  -1.22c ( -1.4 L  -1.4) LCB -103.17c P  3.80% WF 289.3 PSV     281 N      60  --  J4 B6 pass J3
J1  : T -100.93c W -99.92c S  -0.89c ( -1.3 L  -1.3) LCB -102.98c P  2.69% WF 263.2 PSV     252 N      51  --  J1 B6 pass B8 pass H2 pass H1
J3  : T -101.12c W -99.88c S  -1.14c ( -1.3 L  -1.4) LCB -103.18c P  2.73% WF 232.3 PSV     222 N      48  --  J3 H3 pass B6 pass J4 pass
C6  : T -101.40c W -99.94c S  -1.31c ( -1.4 L  -1.4) LCB -103.28c P  3.13% WF 216.7 PSV     212 N      38  --  C6 B8 pass B6 pass pass
H2  : T -100.65c W -99.52c S  -1.11c ( -1.3 L  -1.3) LCB -107.23c P  1.61% WF 216.1 PSV     196 N      46  --  H2 H3 pass B6 pass H1 pass pass
A7  : T -101.31c W -99.90c S  -1.22c ( -1.4 L  -1.4) LCB -103.41c P  2.69% WF 200.0 PSV     192 N      36  --  A7 A8 pass B8 pass B6 pass pass

2024-06-10 18:05:01-0400: = pass
2024-06-10 18:05:01-0400: Controller: quit
2024-06-10 18:05:01-0400: Quit requested by controller
2024-06-10 18:05:01-0400: = 
2024-06-10 18:05:01-0400: GPU -1 finishing, processed 128657 rows 5476 batches
2024-06-10 18:05:01-0400: All cleaned up, quitting
