2024-06-22 20:57:26-0400: Running with following config:
allowResignation = true
lagBuffer = 1.0
logAllGTPCommunication = true
logDir = gtp_logs
logSearchInfo = true
logSearchInfoForChosenMove = false
logToStderr = false
maxTime = 1.0
maxTimePondering = 120.0
numSearchThreads = 16
ogsChatToStderr = true
ponderingEnabled = true
resignConsecTurns = 3
resignThreshold = -0.90
rules = tromp-taylor
searchFactorAfterOnePass = 0.50
searchFactorAfterTwoPass = 0.25
searchFactorWhenWinning = 0.40
searchFactorWhenWinningThreshold = 0.95

2024-06-22 20:57:26-0400: GTP Engine starting...
2024-06-22 20:57:26-0400: KataGo v1.14.1
2024-06-22 20:57:26-0400: Using TrompTaylor rules initially, unless GTP/GUI overrides this
2024-06-22 20:57:26-0400: Using 16 CPU thread(s) for search
2024-06-22 20:57:26-0400: nnRandSeed0 = 2440011729587009584
2024-06-22 20:57:26-0400: After dedups: nnModelFile0 = C:\Users\chang\Downloads/kata1-b18c384nbt-s9937771520-d4300882049.bin.gz useFP16 auto useNHWC auto
2024-06-22 20:57:26-0400: Initializing neural net buffer to be size 19 * 19 exactly
2024-06-22 20:57:28-0400: Found OpenCL Platform 0: NVIDIA CUDA (NVIDIA Corporation) (OpenCL 3.0 CUDA 12.5.51)
2024-06-22 20:57:28-0400: Found 1 device(s) on platform 0 with type CPU or GPU or Accelerator
2024-06-22 20:57:28-0400: Found OpenCL Platform 1: Intel(R) OpenCL Graphics (Intel(R) Corporation) (OpenCL 3.0 )
2024-06-22 20:57:28-0400: Found 1 device(s) on platform 1 with type CPU or GPU or Accelerator
2024-06-22 20:57:28-0400: Found OpenCL Device 0: NVIDIA GeForce RTX 4060 Laptop GPU (NVIDIA Corporation) (score 11000300)
2024-06-22 20:57:28-0400: Found OpenCL Device 1: Intel(R) UHD Graphics (Intel(R) Corporation) (score 6000300)
2024-06-22 20:57:28-0400: Creating context for OpenCL Platform: NVIDIA CUDA (NVIDIA Corporation) (OpenCL 3.0 CUDA 12.5.51)
2024-06-22 20:57:28-0400: Using OpenCL Device 0: NVIDIA GeForce RTX 4060 Laptop GPU (NVIDIA Corporation) OpenCL 3.0 CUDA (Extensions: cl_khr_global_int32_base_atomics cl_khr_global_int32_extended_atomics cl_khr_local_int32_base_atomics cl_khr_local_int32_extended_atomics cl_khr_fp64 cl_khr_3d_image_writes cl_khr_byte_addressable_store cl_khr_icd cl_khr_gl_sharing cl_nv_compiler_options cl_nv_device_attribute_query cl_nv_pragma_unroll cl_nv_d3d10_sharing cl_khr_d3d10_sharing cl_nv_d3d11_sharing cl_nv_copy_opts cl_nv_create_buffer cl_khr_int64_base_atomics cl_khr_int64_extended_atomics cl_khr_device_uuid cl_khr_pci_bus_info cl_khr_external_semaphore cl_khr_external_memory cl_khr_external_semaphore_win32 cl_khr_external_memory_win32)
2024-06-22 20:57:28-0400: Loaded tuning parameters from: C:\Users\chang\Downloads\katago-v1.14.1-opencl-windows-x64/KataGoData/opencltuning/tune11_gpuNVIDIAGeForceRTX4060LaptopGPU_x19_y19_c384_mv14.txt
2024-06-22 20:57:29-0400: OpenCL backend thread 0: Model version 14
2024-06-22 20:57:29-0400: OpenCL backend thread 0: Model name: kata1-b18c384nbt-s9937771520-d4300882049
2024-06-22 20:57:31-0400: OpenCL backend thread 0: FP16Storage true FP16Compute false FP16TensorCores true FP16TensorCoresFor1x1 false
2024-06-22 20:57:31-0400: Loaded neural net with nnXLen 19 nnYLen 19
2024-06-22 20:57:31-0400: Initializing board with boardXSize 19 boardYSize 19
2024-06-22 20:57:31-0400: Loaded config C:\Users\chang\Downloads\katago-v1.14.1-opencl-windows-x64\default_gtp.cfg
2024-06-22 20:57:31-0400: Loaded model C:\Users\chang\Downloads/kata1-b18c384nbt-s9937771520-d4300882049.bin.gz
2024-06-22 20:57:31-0400: Model name: kata1-b18c384nbt-s9937771520-d4300882049
2024-06-22 20:57:31-0400: GTP ready, beginning main protocol loop
2024-06-22 20:57:31-0400: Controller: name
2024-06-22 20:57:31-0400: = KataGo
2024-06-22 20:57:31-0400: Controller: version
2024-06-22 20:57:31-0400: = 1.14.1
2024-06-22 20:57:31-0400: Controller: list_commands
2024-06-22 20:57:31-0400: = protocol_version
name
version
known_command
list_commands
quit
boardsize
rectangular_boardsize
clear_board
set_position
komi
get_komi
play
undo
kata-get-rules
kata-set-rule
kata-set-rules
kata-get-param
kata-set-param
kata-list-params
kgs-rules
genmove
genmove_debug
search_debug
clear_cache
showboard
fixed_handicap
place_free_handicap
set_free_handicap
time_settings
kgs-time_settings
time_left
kata-list_time_settings
kata-time_settings
final_score
final_status_list
loadsgf
printsgf
lz-genmove_analyze
kata-genmove_analyze
lz-analyze
kata-analyze
kata-raw-nn
cputime
gomill-cpu_time
kata-benchmark
kata-debug-print-tc
debug_moves
stop
2024-06-22 20:57:31-0400: Controller: komi 7.5
2024-06-22 20:57:31-0400: = 
2024-06-22 20:57:31-0400: Controller: boardsize 19
2024-06-22 20:57:31-0400: = 
2024-06-22 20:57:31-0400: Controller: kata-get-param playoutDoublingAdvantage
2024-06-22 20:57:31-0400: = 0
2024-06-22 20:57:31-0400: Controller: kata-get-param analysisWideRootNoise
2024-06-22 20:57:31-0400: = 0.04
2024-06-22 20:57:31-0400: Controller: kata-get-rules
2024-06-22 20:57:31-0400: = {"friendlyPassOk":false,"hasButton":false,"ko":"POSITIONAL","scoring":"AREA","suicide":true,"tax":"NONE","whiteHandicapBonus":"0"}
2024-06-22 20:57:31-0400: Controller: clear_board
2024-06-22 20:57:31-0400: = 
2024-06-22 20:57:31-0400: Controller: time_settings 0 2 1
2024-06-22 20:57:31-0400: = 
2024-06-22 20:57:31-0400: Controller: kata-analyze B 10
2024-06-22 20:57:31-0400: = 
2024-06-22 20:57:49-0400: Controller: clear_board
2024-06-22 20:57:49-0400: = 
2024-06-22 20:57:49-0400: Controller: kata-analyze B 10
2024-06-22 20:57:49-0400: = 
2024-06-22 20:57:49-0400: Controller: komi 7.5
2024-06-22 20:57:49-0400: = 
2024-06-22 20:57:49-0400: Controller: kata-analyze B 10
2024-06-22 20:57:49-0400: = 
2024-06-22 20:57:49-0400: Controller: play B D17
2024-06-22 20:57:49-0400: = 
2024-06-22 20:57:49-0400: Controller: kata-analyze W 10
2024-06-22 20:57:49-0400: = 
2024-06-22 20:57:49-0400: Controller: play B E17
2024-06-22 20:57:49-0400: = 
2024-06-22 20:57:49-0400: Controller: play W F17
2024-06-22 20:57:49-0400: = 
2024-06-22 20:57:49-0400: Controller: play B M17
2024-06-22 20:57:49-0400: = 
2024-06-22 20:57:49-0400: Controller: play B Q17
2024-06-22 20:57:49-0400: = 
2024-06-22 20:57:49-0400: Controller: play B C16
2024-06-22 20:57:49-0400: = 
2024-06-22 20:57:49-0400: Controller: play W E16
2024-06-22 20:57:49-0400: = 
2024-06-22 20:57:49-0400: Controller: play W F16
2024-06-22 20:57:49-0400: = 
2024-06-22 20:57:49-0400: Controller: play W K16
2024-06-22 20:57:49-0400: = 
2024-06-22 20:57:49-0400: Controller: play B C14
2024-06-22 20:57:49-0400: = 
2024-06-22 20:57:49-0400: Controller: play B R14
2024-06-22 20:57:49-0400: = 
2024-06-22 20:57:49-0400: Controller: play W J10
2024-06-22 20:57:49-0400: = 
2024-06-22 20:57:49-0400: Controller: play W D9
2024-06-22 20:57:49-0400: = 
2024-06-22 20:57:49-0400: Controller: play W E9
2024-06-22 20:57:49-0400: = 
2024-06-22 20:57:49-0400: Controller: play B F9
2024-06-22 20:57:49-0400: = 
2024-06-22 20:57:49-0400: Controller: play W K9
2024-06-22 20:57:49-0400: = 
2024-06-22 20:57:49-0400: Controller: play B M9
2024-06-22 20:57:49-0400: = 
2024-06-22 20:57:49-0400: Controller: play W N9
2024-06-22 20:57:49-0400: = 
2024-06-22 20:57:49-0400: Controller: play W D8
2024-06-22 20:57:49-0400: = 
2024-06-22 20:57:49-0400: Controller: play B E8
2024-06-22 20:57:49-0400: = 
2024-06-22 20:57:49-0400: Controller: play B G8
2024-06-22 20:57:49-0400: = 
2024-06-22 20:57:49-0400: Controller: play B M8
2024-06-22 20:57:49-0400: = 
2024-06-22 20:57:49-0400: Controller: play W P8
2024-06-22 20:57:49-0400: = 
2024-06-22 20:57:49-0400: Controller: play W B7
2024-06-22 20:57:49-0400: = 
2024-06-22 20:57:49-0400: Controller: play W E7
2024-06-22 20:57:49-0400: = 
2024-06-22 20:57:49-0400: Controller: play B F7
2024-06-22 20:57:49-0400: = 
2024-06-22 20:57:49-0400: Controller: play W L7
2024-06-22 20:57:49-0400: = 
2024-06-22 20:57:49-0400: Controller: play B M7
2024-06-22 20:57:49-0400: = 
2024-06-22 20:57:49-0400: Controller: play B O7
2024-06-22 20:57:49-0400: = 
2024-06-22 20:57:49-0400: Controller: play W P7
2024-06-22 20:57:49-0400: = 
2024-06-22 20:57:49-0400: Controller: play B B6
2024-06-22 20:57:49-0400: = 
2024-06-22 20:57:49-0400: Controller: play W C6
2024-06-22 20:57:49-0400: = 
2024-06-22 20:57:49-0400: Controller: play W D6
2024-06-22 20:57:49-0400: = 
2024-06-22 20:57:49-0400: Controller: play W E6
2024-06-22 20:57:49-0400: = 
2024-06-22 20:57:49-0400: Controller: play W F6
2024-06-22 20:57:49-0400: = 
2024-06-22 20:57:49-0400: Controller: play B G6
2024-06-22 20:57:49-0400: = 
2024-06-22 20:57:49-0400: Controller: play B H6
2024-06-22 20:57:49-0400: = 
2024-06-22 20:57:49-0400: Controller: play W J6
2024-06-22 20:57:49-0400: = 
2024-06-22 20:57:49-0400: Controller: play W K6
2024-06-22 20:57:49-0400: = 
2024-06-22 20:57:49-0400: Controller: play W L6
2024-06-22 20:57:49-0400: = 
2024-06-22 20:57:49-0400: Controller: play B M6
2024-06-22 20:57:49-0400: = 
2024-06-22 20:57:49-0400: Controller: play B O6
2024-06-22 20:57:49-0400: = 
2024-06-22 20:57:49-0400: Controller: play W P6
2024-06-22 20:57:49-0400: = 
2024-06-22 20:57:49-0400: Controller: play B B5
2024-06-22 20:57:49-0400: = 
2024-06-22 20:57:49-0400: Controller: play B C5
2024-06-22 20:57:49-0400: = 
2024-06-22 20:57:49-0400: Controller: play B D5
2024-06-22 20:57:49-0400: = 
2024-06-22 20:57:49-0400: Controller: play W E5
2024-06-22 20:57:49-0400: = 
2024-06-22 20:57:49-0400: Controller: play W F5
2024-06-22 20:57:49-0400: = 
2024-06-22 20:57:49-0400: Controller: play B G5
2024-06-22 20:57:49-0400: = 
2024-06-22 20:57:49-0400: Controller: play W J5
2024-06-22 20:57:49-0400: = 
2024-06-22 20:57:49-0400: Controller: play B K5
2024-06-22 20:57:49-0400: = 
2024-06-22 20:57:49-0400: Controller: play W L5
2024-06-22 20:57:49-0400: = 
2024-06-22 20:57:49-0400: Controller: play B O5
2024-06-22 20:57:49-0400: = 
2024-06-22 20:57:49-0400: Controller: play B P5
2024-06-22 20:57:49-0400: = 
2024-06-22 20:57:49-0400: Controller: play W Q5
2024-06-22 20:57:49-0400: = 
2024-06-22 20:57:49-0400: Controller: play B C4
2024-06-22 20:57:49-0400: = 
2024-06-22 20:57:49-0400: Controller: play W D4
2024-06-22 20:57:49-0400: = 
2024-06-22 20:57:49-0400: Controller: play B E4
2024-06-22 20:57:49-0400: = 
2024-06-22 20:57:49-0400: Controller: play B F4
2024-06-22 20:57:49-0400: = 
2024-06-22 20:57:49-0400: Controller: play B G4
2024-06-22 20:57:50-0400: = 
2024-06-22 20:57:50-0400: Controller: play B H4
2024-06-22 20:57:50-0400: = 
2024-06-22 20:57:50-0400: Controller: play B J4
2024-06-22 20:57:50-0400: = 
2024-06-22 20:57:50-0400: Controller: play B K4
2024-06-22 20:57:50-0400: = 
2024-06-22 20:57:50-0400: Controller: play W M4
2024-06-22 20:57:50-0400: = 
2024-06-22 20:57:50-0400: Controller: play W R4
2024-06-22 20:57:50-0400: = 
2024-06-22 20:57:50-0400: Controller: play B C3
2024-06-22 20:57:50-0400: = 
2024-06-22 20:57:50-0400: Controller: play W D3
2024-06-22 20:57:50-0400: = 
2024-06-22 20:57:50-0400: Controller: play W F3
2024-06-22 20:57:50-0400: = 
2024-06-22 20:57:50-0400: Controller: play W G3
2024-06-22 20:57:50-0400: = 
2024-06-22 20:57:50-0400: Controller: play W H3
2024-06-22 20:57:50-0400: = 
2024-06-22 20:57:50-0400: Controller: play W J3
2024-06-22 20:57:50-0400: = 
2024-06-22 20:57:50-0400: Controller: play B K3
2024-06-22 20:57:50-0400: = 
2024-06-22 20:57:50-0400: Controller: play B L3
2024-06-22 20:57:50-0400: = 
2024-06-22 20:57:50-0400: Controller: play W N3
2024-06-22 20:57:50-0400: = 
2024-06-22 20:57:50-0400: Controller: play B P3
2024-06-22 20:57:50-0400: = 
2024-06-22 20:57:50-0400: Controller: play W Q3
2024-06-22 20:57:50-0400: = 
2024-06-22 20:57:50-0400: Controller: play B C2
2024-06-22 20:57:50-0400: = 
2024-06-22 20:57:50-0400: Controller: play W D2
2024-06-22 20:57:50-0400: = 
2024-06-22 20:57:50-0400: Controller: play W E2
2024-06-22 20:57:50-0400: = 
2024-06-22 20:57:50-0400: Controller: play W K2
2024-06-22 20:57:50-0400: = 
2024-06-22 20:57:50-0400: Controller: play B L2
2024-06-22 20:57:50-0400: = 
2024-06-22 20:57:50-0400: Controller: play B N2
2024-06-22 20:57:50-0400: = 
2024-06-22 20:57:50-0400: Controller: play B O2
2024-06-22 20:57:50-0400: = 
2024-06-22 20:57:50-0400: Controller: play B Q2
2024-06-22 20:57:50-0400: = 
2024-06-22 20:57:50-0400: Controller: play W R2
2024-06-22 20:57:50-0400: = 
2024-06-22 20:57:50-0400: Controller: play B D1
2024-06-22 20:57:50-0400: = 
2024-06-22 20:57:50-0400: Controller: play W J1
2024-06-22 20:57:50-0400: = 
2024-06-22 20:57:50-0400: Controller: play W N8
2024-06-22 20:57:50-0400: = 
2024-06-22 20:57:50-0400: Controller: undo
2024-06-22 20:57:50-0400: = 
2024-06-22 20:57:50-0400: Controller: kata-analyze W 10
2024-06-22 20:57:50-0400: = 
2024-06-22 20:57:50-0400: Controller: play W N8
2024-06-22 20:57:50-0400: = 
2024-06-22 20:57:50-0400: Controller: kata-analyze B 10
2024-06-22 20:57:50-0400: = 
2024-06-22 20:58:00-0400: Controller: play B G10
2024-06-22 20:58:00-0400: = 
2024-06-22 20:58:00-0400: Controller: kata-analyze W 10
2024-06-22 20:58:00-0400: = 
2024-06-22 20:58:06-0400: Controller: play W M10
2024-06-22 20:58:06-0400: = 
2024-06-22 20:58:06-0400: Controller: kata-analyze B 10
2024-06-22 20:58:06-0400: = 
2024-06-22 20:58:11-0400: Controller: play B N10
2024-06-22 20:58:11-0400: = 
2024-06-22 20:58:11-0400: Controller: kata-analyze W 10
2024-06-22 20:58:11-0400: = 
2024-06-22 20:58:18-0400: Controller: play W M11
2024-06-22 20:58:18-0400: = 
2024-06-22 20:58:18-0400: Controller: kata-analyze B 10
2024-06-22 20:58:18-0400: = 
2024-06-22 20:58:25-0400: Controller: play B O10
2024-06-22 20:58:25-0400: = 
2024-06-22 20:58:25-0400: Controller: kata-analyze W 10
2024-06-22 20:58:25-0400: = 
2024-06-22 20:58:35-0400: Controller: play W P10
2024-06-22 20:58:35-0400: = 
2024-06-22 20:58:35-0400: Controller: kata-analyze B 10
2024-06-22 20:58:35-0400: = 
2024-06-22 20:58:43-0400: Controller: play B P11
2024-06-22 20:58:43-0400: = 
2024-06-22 20:58:43-0400: Controller: kata-analyze W 10
2024-06-22 20:58:43-0400: = 
2024-06-22 20:58:45-0400: Controller: play W Q10
2024-06-22 20:58:45-0400: = 
2024-06-22 20:58:45-0400: Controller: kata-analyze B 10
2024-06-22 20:58:45-0400: = 
2024-06-22 20:58:47-0400: Controller: play B N12
2024-06-22 20:58:47-0400: = 
2024-06-22 20:58:47-0400: Controller: kata-analyze W 10
2024-06-22 20:58:47-0400: = 
2024-06-22 20:58:51-0400: Controller: play W Q11
2024-06-22 20:58:51-0400: = 
2024-06-22 20:58:51-0400: Controller: kata-analyze B 10
2024-06-22 20:58:51-0400: = 
2024-06-22 20:59:06-0400: Controller: play B M12
2024-06-22 20:59:06-0400: = 
2024-06-22 20:59:06-0400: Controller: kata-analyze W 10
2024-06-22 20:59:06-0400: = 
2024-06-22 20:59:10-0400: Controller: play W K12
2024-06-22 20:59:10-0400: = 
2024-06-22 20:59:10-0400: Controller: kata-analyze B 10
2024-06-22 20:59:10-0400: = 
2024-06-22 20:59:41-0400: Controller: play B E10
2024-06-22 20:59:41-0400: = 
2024-06-22 20:59:41-0400: Controller: kata-analyze W 10
2024-06-22 20:59:41-0400: = 
2024-06-22 20:59:42-0400: Controller: play W D10
2024-06-22 20:59:42-0400: = 
2024-06-22 20:59:42-0400: Controller: kata-analyze B 10
2024-06-22 20:59:42-0400: = 
2024-06-22 20:59:47-0400: Controller: play B D11
2024-06-22 20:59:47-0400: = 
2024-06-22 20:59:47-0400: Controller: kata-analyze W 10
2024-06-22 20:59:47-0400: = 
2024-06-22 20:59:54-0400: Controller: play W C11
2024-06-22 20:59:54-0400: = 
2024-06-22 20:59:54-0400: Controller: kata-analyze B 10
2024-06-22 20:59:54-0400: = 
2024-06-22 20:59:59-0400: Controller: play B E11
2024-06-22 20:59:59-0400: = 
2024-06-22 20:59:59-0400: Controller: kata-analyze W 10
2024-06-22 20:59:59-0400: = 
2024-06-22 21:00:13-0400: Controller: play W C12
2024-06-22 21:00:13-0400: = 
2024-06-22 21:00:13-0400: Controller: kata-analyze B 10
2024-06-22 21:00:13-0400: = 
2024-06-22 21:00:26-0400: Controller: play B B8
2024-06-22 21:00:26-0400: = 
2024-06-22 21:00:26-0400: Controller: kata-analyze W 10
2024-06-22 21:00:26-0400: = 
2024-06-22 21:00:34-0400: Controller: play W F8
2024-06-22 21:00:34-0400: = 
2024-06-22 21:00:34-0400: Controller: kata-analyze B 10
2024-06-22 21:00:34-0400: = 
2024-06-22 21:01:01-0400: Controller: play B K8
2024-06-22 21:01:01-0400: = 
2024-06-22 21:01:01-0400: Controller: kata-analyze W 10
2024-06-22 21:01:01-0400: = 
2024-06-22 21:01:03-0400: Controller: play W J8
2024-06-22 21:01:03-0400: = 
2024-06-22 21:01:03-0400: Controller: kata-analyze B 10
2024-06-22 21:01:03-0400: = 
2024-06-22 21:01:08-0400: Controller: play B E8
2024-06-22 21:01:08-0400: = 
2024-06-22 21:01:08-0400: Controller: kata-analyze W 10
2024-06-22 21:01:08-0400: = 
