2024-06-21 16:28:26-0400: Running with following config:
allowResignation = true
lagBuffer = 1.0
logAllGTPCommunication = true
logDir = gtp_logs
logSearchInfo = true
logSearchInfoForChosenMove = false
logToStderr = false
maxTime = 1.0
maxTimePondering = 120.0
numSearchThreads = 16
ogsChatToStderr = true
ponderingEnabled = true
resignConsecTurns = 3
resignThreshold = -0.90
rules = tromp-taylor
searchFactorAfterOnePass = 0.50
searchFactorAfterTwoPass = 0.25
searchFactorWhenWinning = 0.40
searchFactorWhenWinningThreshold = 0.95

2024-06-21 16:28:26-0400: Loading model and initializing benchmark...
2024-06-21 16:28:26-0400: Testing with default positions for board size: 19
2024-06-21 16:28:26-0400: nnRandSeed0 = 5949616416651654367
2024-06-21 16:28:26-0400: After dedups: nnModelFile0 = C:\Users\chang\Downloads\kata1-b60c320-s9482697216-d3873382264.bin.gz useFP16 auto useNHWC auto
2024-06-21 16:28:26-0400: Initializing neural net buffer to be size 19 * 19 exactly
2024-06-21 16:28:36-0400: Cuda backend thread 0: Found GPU NVIDIA GeForce RTX 4060 Laptop GPU memory 8585216000 compute capability major 8 minor 9
2024-06-21 16:28:36-0400: Cuda backend thread 0: Model version 10 useFP16 = true useNHWC = true
2024-06-21 16:28:36-0400: Cuda backend thread 0: Model name: kata1-b60c320-s9482697216-d3873382264
2024-06-21 16:28:42-0400: Loaded config C:\Users\chang\Downloads\katago-v1.14.1-opencl-windows-x64/golaxy_9d.cfg
2024-06-21 16:28:42-0400: Loaded model C:\Users\chang\Downloads\kata1-b60c320-s9482697216-d3873382264.bin.gz
2024-06-21 16:28:42-0400: GPU -1 finishing, processed 5 rows 5 batches
2024-06-21 16:28:42-0400: nnRandSeed0 = 3651104534067884229
2024-06-21 16:28:42-0400: After dedups: nnModelFile0 = C:\Users\chang\Downloads\kata1-b60c320-s9482697216-d3873382264.bin.gz useFP16 auto useNHWC auto
2024-06-21 16:28:42-0400: Initializing neural net buffer to be size 19 * 19 exactly
2024-06-21 16:28:54-0400: Cuda backend thread 0: Found GPU NVIDIA GeForce RTX 4060 Laptop GPU memory 8585216000 compute capability major 8 minor 9
2024-06-21 16:28:54-0400: Cuda backend thread 0: Model version 10 useFP16 = true useNHWC = true
2024-06-21 16:28:54-0400: Cuda backend thread 0: Model name: kata1-b60c320-s9482697216-d3873382264
2024-06-21 16:29:07-0400: GPU -1 finishing, processed 1084 rows 225 batches
