2024-06-24 16:49:04-0400: Running with following config:
allowResignation = true
lagBuffer = 1.0
logAllGTPCommunication = true
logDir = gtp_logs
logSearchInfo = true
logSearchInfoForChosenMove = false
logToStderr = false
maxTime = 0.5
maxTimePondering = 60.0
numSearchThreads = 16
ogsChatToStderr = true
ponderingEnabled = true
resignConsecTurns = 3
resignThreshold = -0.90
rules = tromp-taylor
searchFactorAfterOnePass = 0.50
searchFactorAfterTwoPass = 0.25
searchFactorWhenWinning = 0.40
searchFactorWhenWinningThreshold = 0.95

2024-06-24 16:49:04-0400: GTP Engine starting...
2024-06-24 16:49:04-0400: KataGo v1.14.1
2024-06-24 16:49:04-0400: Using TrompTaylor rules initially, unless GTP/GUI overrides this
2024-06-24 16:49:04-0400: Using 16 CPU thread(s) for search
2024-06-24 16:49:04-0400: nnRandSeed0 = 15633847096509966424
2024-06-24 16:49:04-0400: After dedups: nnModelFile0 = C:\Users\chang\Downloads\kata1-b18c384nbt-s9937771520-d4300882049.bin.gz useFP16 auto useNHWC auto
2024-06-24 16:49:04-0400: Initializing neural net buffer to be size 19 * 19 exactly
2024-06-24 16:49:07-0400: Found OpenCL Platform 0: NVIDIA CUDA (NVIDIA Corporation) (OpenCL 3.0 CUDA 12.5.51)
2024-06-24 16:49:07-0400: Found 1 device(s) on platform 0 with type CPU or GPU or Accelerator
2024-06-24 16:49:07-0400: Found OpenCL Platform 1: Intel(R) OpenCL Graphics (Intel(R) Corporation) (OpenCL 3.0 )
2024-06-24 16:49:07-0400: Found 1 device(s) on platform 1 with type CPU or GPU or Accelerator
2024-06-24 16:49:07-0400: Found OpenCL Device 0: NVIDIA GeForce RTX 4060 Laptop GPU (NVIDIA Corporation) (score 11000300)
2024-06-24 16:49:07-0400: Found OpenCL Device 1: Intel(R) UHD Graphics (Intel(R) Corporation) (score 6000300)
2024-06-24 16:49:07-0400: Creating context for OpenCL Platform: NVIDIA CUDA (NVIDIA Corporation) (OpenCL 3.0 CUDA 12.5.51)
2024-06-24 16:49:08-0400: Using OpenCL Device 0: NVIDIA GeForce RTX 4060 Laptop GPU (NVIDIA Corporation) OpenCL 3.0 CUDA (Extensions: cl_khr_global_int32_base_atomics cl_khr_global_int32_extended_atomics cl_khr_local_int32_base_atomics cl_khr_local_int32_extended_atomics cl_khr_fp64 cl_khr_3d_image_writes cl_khr_byte_addressable_store cl_khr_icd cl_khr_gl_sharing cl_nv_compiler_options cl_nv_device_attribute_query cl_nv_pragma_unroll cl_nv_d3d10_sharing cl_khr_d3d10_sharing cl_nv_d3d11_sharing cl_nv_copy_opts cl_nv_create_buffer cl_khr_int64_base_atomics cl_khr_int64_extended_atomics cl_khr_device_uuid cl_khr_pci_bus_info cl_khr_external_semaphore cl_khr_external_memory cl_khr_external_semaphore_win32 cl_khr_external_memory_win32)
2024-06-24 16:49:08-0400: Loaded tuning parameters from: C:\Users\chang\Downloads\katago-v1.14.1-opencl-windows-x64/KataGoData/opencltuning/tune11_gpuNVIDIAGeForceRTX4060LaptopGPU_x19_y19_c384_mv14.txt
2024-06-24 16:49:08-0400: OpenCL backend thread 0: Model version 14
2024-06-24 16:49:08-0400: OpenCL backend thread 0: Model name: kata1-b18c384nbt-s9937771520-d4300882049
2024-06-24 16:49:09-0400: OpenCL backend thread 0: FP16Storage true FP16Compute false FP16TensorCores true FP16TensorCoresFor1x1 false
2024-06-24 16:49:09-0400: Loaded neural net with nnXLen 19 nnYLen 19
2024-06-24 16:49:09-0400: Initializing board with boardXSize 19 boardYSize 19
2024-06-24 16:49:09-0400: Loaded config C:/Users/chang/Downloads/katago-v1.14.1-opencl-windows-x64/lizgoban.cfg
2024-06-24 16:49:09-0400: Loaded model C:\Users\chang\Downloads\kata1-b18c384nbt-s9937771520-d4300882049.bin.gz
2024-06-24 16:49:09-0400: Model name: kata1-b18c384nbt-s9937771520-d4300882049
2024-06-24 16:49:09-0400: GTP ready, beginning main protocol loop
2024-06-24 16:49:09-0400: Controller: list_commands
2024-06-24 16:49:09-0400: = protocol_version
name
version
known_command
list_commands
quit
boardsize
rectangular_boardsize
clear_board
set_position
komi
get_komi
play
undo
kata-get-rules
kata-set-rule
kata-set-rules
kata-get-param
kata-set-param
kata-list-params
kgs-rules
genmove
genmove_debug
search_debug
clear_cache
showboard
fixed_handicap
place_free_handicap
set_free_handicap
time_settings
kgs-time_settings
time_left
kata-list_time_settings
kata-time_settings
final_score
final_status_list
loadsgf
printsgf
lz-genmove_analyze
kata-genmove_analyze
lz-analyze
kata-analyze
kata-raw-nn
cputime
gomill-cpu_time
kata-benchmark
kata-debug-print-tc
debug_moves
stop
2024-06-24 16:49:09-0400: Controller: boardsize 9
2024-06-24 16:49:09-0400: GPU -1 finishing, processed 0 rows 0 batches
2024-06-24 16:49:09-0400: Cleaned up old neural net and bot
2024-06-24 16:49:09-0400: nnRandSeed0 = 13513142055516628490
2024-06-24 16:49:09-0400: After dedups: nnModelFile0 = C:\Users\chang\Downloads\kata1-b18c384nbt-s9937771520-d4300882049.bin.gz useFP16 auto useNHWC auto
2024-06-24 16:49:09-0400: Initializing neural net buffer to be size 9 * 9 exactly
2024-06-24 16:49:11-0400: Found OpenCL Platform 0: NVIDIA CUDA (NVIDIA Corporation) (OpenCL 3.0 CUDA 12.5.51)
2024-06-24 16:49:11-0400: Found 1 device(s) on platform 0 with type CPU or GPU or Accelerator
2024-06-24 16:49:11-0400: Found OpenCL Platform 1: Intel(R) OpenCL Graphics (Intel(R) Corporation) (OpenCL 3.0 )
2024-06-24 16:49:11-0400: Found 1 device(s) on platform 1 with type CPU or GPU or Accelerator
2024-06-24 16:49:11-0400: Found OpenCL Device 0: NVIDIA GeForce RTX 4060 Laptop GPU (NVIDIA Corporation) (score 11000300)
2024-06-24 16:49:11-0400: Found OpenCL Device 1: Intel(R) UHD Graphics (Intel(R) Corporation) (score 6000300)
2024-06-24 16:49:11-0400: Creating context for OpenCL Platform: NVIDIA CUDA (NVIDIA Corporation) (OpenCL 3.0 CUDA 12.5.51)
2024-06-24 16:49:12-0400: Using OpenCL Device 0: NVIDIA GeForce RTX 4060 Laptop GPU (NVIDIA Corporation) OpenCL 3.0 CUDA (Extensions: cl_khr_global_int32_base_atomics cl_khr_global_int32_extended_atomics cl_khr_local_int32_base_atomics cl_khr_local_int32_extended_atomics cl_khr_fp64 cl_khr_3d_image_writes cl_khr_byte_addressable_store cl_khr_icd cl_khr_gl_sharing cl_nv_compiler_options cl_nv_device_attribute_query cl_nv_pragma_unroll cl_nv_d3d10_sharing cl_khr_d3d10_sharing cl_nv_d3d11_sharing cl_nv_copy_opts cl_nv_create_buffer cl_khr_int64_base_atomics cl_khr_int64_extended_atomics cl_khr_device_uuid cl_khr_pci_bus_info cl_khr_external_semaphore cl_khr_external_memory cl_khr_external_semaphore_win32 cl_khr_external_memory_win32)
2024-06-24 16:49:12-0400: Loaded tuning parameters from: C:\Users\chang\Downloads\katago-v1.14.1-opencl-windows-x64/KataGoData/opencltuning/tune11_gpuNVIDIAGeForceRTX4060LaptopGPU_x19_y19_c384_mv14.txt
2024-06-24 16:49:12-0400: OpenCL backend thread 0: Model version 14
2024-06-24 16:49:12-0400: OpenCL backend thread 0: Model name: kata1-b18c384nbt-s9937771520-d4300882049
2024-06-24 16:49:15-0400: OpenCL backend thread 0: FP16Storage true FP16Compute false FP16TensorCores true FP16TensorCoresFor1x1 false
2024-06-24 16:49:15-0400: Loaded neural net with nnXLen 9 nnYLen 9
2024-06-24 16:49:15-0400: Initializing board with boardXSize 9 boardYSize 9
2024-06-24 16:49:15-0400: = 
2024-06-24 16:49:15-0400: Controller: clear_board
2024-06-24 16:49:15-0400: = 
2024-06-24 16:49:15-0400: Controller: komi 1.5
2024-06-24 16:49:15-0400: = 
2024-06-24 16:49:15-0400: Controller: set_free_handicap d7 g7 g3
2024-06-24 16:49:15-0400: = 
2024-06-24 16:49:15-0400: Controller: genmove white
2024-06-24 16:49:15-0400: MoveNum: 0 HASH: C922D2E1FCF8C4673F9A2F86CE8D1664
   A B C D E F G H J
 9 . . . . . . . . .
 8 . . . . . . . . .
 7 . . . X . . X . .
 6 . . . . . . . . .
 5 . . . . . . . . .
 4 . . . @ . . . . .
 3 . . . . . . X . .
 2 . . . . . . . . .
 1 . . . . . . . . .

koPOSITIONALscoreAREAtaxNONEsui1komi1.5
Time taken: 0.515
Root visits: 397
New playouts: 397
NN rows: 379
NN batches: 35
NN avg batch size: 10.8286
PlayoutDoublingAdvantage: 2.75
PV: D4 F4 C6 D6 C5 D2 C7
Tree:
: T -113.31c W -99.97c S -13.16c (-26.1 L -25.9) N     397  --  D4 F4 C6 D6 C5 D2 C7
---White(^)---
D4  : T -112.69c W -99.97c S -12.45c (-25.7 L -25.5) LCB -113.53c P 33.31% WF 1619.4 PSV    1611 N     303  --  D4 F4 C6 D6 C5 D2 C7
F4  : T -114.25c W -99.97c S -14.33c (-26.9 L -26.7) LCB -117.60c P 12.16% WF 131.6 PSV     119 N      23  --  F4 D4 F3 G4 F5 G6
D6  : T -115.10c W -99.97c S -14.86c (-27.0 L -27.0) LCB -118.44c P 15.74% WF 109.3 PSV     107 N      19  --  D6 D5 E6 C6
D5  : T -114.34c W -99.98c S -14.69c (-27.1 L -26.8) LCB -118.25c P  7.23% WF  79.8 PSV      68 N      14  --  D5 D3 F5 E4
C4  : T -115.13c W -99.99c S -15.42c (-27.1 L -27.1) LCB -121.19c P  8.88% WF  63.2 PSV      60 N      11  --  C4 D3 D4
E4  : T -114.92c W -99.97c S -15.36c (-27.3 L -26.9) LCB -134.70c P  3.94% WF  35.0 PSV      28 N       6  --  E4 C4 E6
C5  : T -116.24c W -99.99c S -16.47c (-27.9 L -27.5) LCB -159.87c P  4.69% WF  23.0 PSV      22 N       4  --  C5 D4 D5
D3  : T -116.77c W -99.99c S -16.76c (-27.9 L -27.4) LCB -266.64c P  2.22% WF  11.7 PSV       9 N       2  --  D3 D4
E3  : T -117.71c W -99.99c S -17.71c (-28.6 L -28.3) LCB -267.02c P  1.55% WF  12.2 PSV       5 N       2  --  E3 D4
C6  : T -117.21c W -99.98c S -17.17c (-28.3 L -27.8) LCB -266.50c P  1.13% WF  11.9 PSV       4 N       2  --  C6 D4

2024-06-24 16:49:15-0400: = D4
2024-06-24 16:49:21-0400: Controller: kata-list_time_settings
2024-06-24 16:49:21-0400: = none absolute byoyomi canadian fischer fischer-capped
2024-06-24 16:49:21-0400: Controller: play black d2
2024-06-24 16:49:21-0400: = 
2024-06-24 16:49:21-0400: Controller: genmove white
2024-06-24 16:49:22-0400: MoveNum: 2 HASH: 976C9D5ED54E2C6EC15EA5920450C40C
   A B C D E F G H J
 9 . . . . . . . . .
 8 . . . . . . . . .
 7 . . . X . . X . .
 6 . . . . . . . . .
 5 . . . . . . . . .
 4 . . . O1. . . . .
 3 . . . . @ . X . .
 2 . . . X2. . . . .
 1 . . . . . . . . .

koPOSITIONALscoreAREAtaxNONEsui1komi1.5
Time taken: 0.531
Root visits: 903
New playouts: 680
NN rows: 554
NN batches: 48
NN avg batch size: 11.5417
PlayoutDoublingAdvantage: 2.75
PV: E3 E2 F3 F2 G4 H3 D6 E6 E7 C6 D5 C7 F6 E8 F7 F8
Tree:
: T -114.96c W -99.92c S -14.82c (-25.9 L -25.7) N     903  --  E3 E2 F3 F2 G4 H3 D6
---White(^)---
E3  : T -114.32c W -99.91c S -14.22c (-25.7 L -25.5) LCB -115.18c P 13.54% WF 3244.4 PSV    3223 N     645  --  E3 E2 F3 F2 G4 H3 D6 E6
D6  : T -115.49c W -99.94c S -15.32c (-26.0 L -25.7) LCB -117.04c P 20.26% WF 578.4 PSV     534 N     109  --  D6 C7 E3 E2 F3 F2 G4 H3
F5  : T -115.32c W -99.95c S -15.48c (-26.3 L -25.9) LCB -117.45c P  4.48% WF 152.9 PSV     136 N      26  --  F5 C6 C5 E3
F4  : T -116.34c W -99.97c S -16.01c (-26.6 L -26.3) LCB -118.76c P  8.29% WF 137.9 PSV     132 N      24  --  F4 E3 D6 C7 C6
C7  : T -117.99c W -99.94c S -17.88c (-27.7 L -27.2) LCB -121.64c P 13.93% WF 125.7 PSV     126 N      22  --  C7 D6 C6 C5 D5 C4
F6  : T -117.95c W -99.94c S -17.12c (-27.1 L -26.6) LCB -122.62c P 12.05% WF 114.4 PSV     110 N      19  --  F6 E5 F7 D5
C6  : T -116.74c W -99.95c S -16.15c (-26.4 L -26.3) LCB -119.95c P  5.71% WF  88.2 PSV      76 N      15  --  C6 D6 G6 F6
C5  : T -116.36c W -99.97c S -16.84c (-26.6 L -26.0) LCB -125.41c P  3.76% WF  51.4 PSV      53 N       9  --  C5 E3 C2
F3  : T -117.00c W -99.96c S -16.92c (-26.9 L -26.5) LCB -136.66c P  3.02% WF  35.7 PSV      37 N       6  --  F3 E3 D6
D3  : T -116.66c W -99.98c S -16.60c (-26.8 L -26.9) LCB -136.72c P  2.25% WF  36.1 PSV      31 N       6  --  D3 E2 C6

2024-06-24 16:49:22-0400: = E3
2024-06-24 16:49:26-0400: Controller: kata-list_time_settings
2024-06-24 16:49:26-0400: = none absolute byoyomi canadian fischer fischer-capped
2024-06-24 16:49:26-0400: Controller: play black c3
2024-06-24 16:49:26-0400: = 
2024-06-24 16:49:26-0400: Controller: genmove white
2024-06-24 16:49:26-0400: MoveNum: 4 HASH: 7E9925761D9EF19F6493BB4A80DE04B9
   A B C D E F G H J
 9 . . . . . . . . .
 8 . . . . . . . . .
 7 . . . X . . X . .
 6 . . . @ . . . . .
 5 . . . . . . . . .
 4 . . . O . . . . .
 3 . . X3. O2. X . .
 2 . . . X1. . . . .
 1 . . . . . . . . .

koPOSITIONALscoreAREAtaxNONEsui1komi1.5
Time taken: 0.515
Root visits: 624
New playouts: 599
NN rows: 558
NN batches: 48
NN avg batch size: 11.625
PlayoutDoublingAdvantage: 2.75
PV: C6 E2 F3 G4 C7 C4
Tree:
: T -114.44c W -99.88c S -14.23c (-24.5 L -24.2) N     624  --  C6 E2 F3 G4 C7 C4
---White(^)---
C6  : T -113.90c W -99.90c S -13.66c (-24.2 L -23.7) LCB -115.10c P 11.85% WF 796.0 PSV    1027 N     154  --  C6 E2 F3 G4 C7 C4
D6  : T -114.26c W -99.87c S -14.23c (-24.5 L -24.2) LCB -115.52c P 19.09% WF 791.8 PSV     656 N     154  --  D6 E6 E2 C6 C4 F4
F6  : T -114.25c W -99.86c S -13.93c (-24.5 L -24.0) LCB -115.77c P 10.63% WF 527.2 PSV     370 N     100  --  F6 F7 E2 C4 D6 C6
C4  : T -114.42c W -99.90c S -14.16c (-24.5 L -24.1) LCB -116.27c P 11.40% WF 423.1 PSV     322 N      81  --  C4 E2 F3 F2 G4 H3 C7 C6
G4  : T -114.53c W -99.90c S -14.26c (-24.3 L -24.1) LCB -116.10c P 12.01% WF 365.0 PSV     300 N      69  --  G4 F3 D6 F4 E6 E7
F3  : T -115.98c W -99.88c S -15.69c (-25.4 L -25.1) LCB -119.04c P 11.45% WF 130.5 PSV     117 N      24  --  F3 C4 D6 C6
E2  : T -116.39c W -99.86c S -16.34c (-25.7 L -25.5) LCB -120.24c P  8.36% WF  86.9 PSV      73 N      16  --  E2 C4 G5 D5
E6  : T -115.04c W -99.79c S -15.15c (-25.4 L -25.3) LCB -119.19c P  3.97% WF  91.9 PSV      65 N      16  --  E6 D6 C4 E2
G5  : T -120.17c W -99.96c S -18.58c (-27.1 L -26.6) LCB -269.39c P  3.30% WF  12.3 PSV      12 N       2  --  G5 E2
F5  : T -117.76c W -99.95c S -16.66c (-26.0 L -25.4) LCB -267.89c P  1.79% WF  11.5 PSV      10 N       2  --  F5 E2

2024-06-24 16:49:26-0400: = D6
2024-06-24 16:49:30-0400: Controller: kata-list_time_settings
2024-06-24 16:49:30-0400: = none absolute byoyomi canadian fischer fischer-capped
2024-06-24 16:49:30-0400: Controller: play black c7
2024-06-24 16:49:30-0400: = 
2024-06-24 16:49:30-0400: Controller: genmove white
2024-06-24 16:49:31-0400: MoveNum: 6 HASH: 4213F92D509C5EE7CAF5B22992A26580
   A B C D E F G H J
 9 . . . . . . . . .
 8 . . . . . . . . .
 7 . . X3X . . X . .
 6 . . . O2. @ . . .
 5 . . . . . . . . .
 4 . . . O . . . . .
 3 . . X1. O . X . .
 2 . . . X . . . . .
 1 . . . . . . . . .

koPOSITIONALscoreAREAtaxNONEsui1komi1.5
Time taken: 0.5
Root visits: 733
New playouts: 592
NN rows: 522
NN batches: 45
NN avg batch size: 11.6
PlayoutDoublingAdvantage: 2.75
PV: F6 G6 B5 B4 C4 F7 E2 B3 C6
Tree:
: T -110.79c W -99.81c S -11.07c (-22.2 L -21.9) N     733  --  F6 G6 B5 B4 C4 F7 E2
---White(^)---
F6  : T -109.83c W -99.80c S -10.17c (-21.7 L -21.4) LCB -110.89c P  5.96% WF 2415.3 PSV    2395 N     602  --  F6 G6 B5 B4 C4 F7 E2 B3
E2  : T -113.33c W -99.83c S -13.29c (-23.2 L -22.8) LCB -115.11c P 21.71% WF 235.8 PSV     170 N      58  --  E2 B5 G5 F5 G4 F4 F3 H3
E7  : T -113.84c W -99.78c S -14.27c (-23.9 L -23.8) LCB -117.66c P 13.82% WF  93.9 PSV      94 N      19  --  E7 B5 G5 F6 G4 E6 E2
C6  : T -114.85c W -99.86c S -14.97c (-24.2 L -23.9) LCB -118.99c P 15.30% WF  82.9 PSV      84 N      16  --  C6 E2 F3 G4
G4  : T -114.82c W -99.82c S -14.84c (-24.0 L -24.0) LCB -119.21c P 11.94% WF  71.6 PSV      66 N      14  --  G4 H4 C6 E2
G5  : T -117.59c W -99.91c S -17.78c (-25.7 L -25.3) LCB -132.53c P  9.60% WF  39.6 PSV      34 N       7  --  G5 E2 F3 F2
F3  : T -116.39c W -99.80c S -16.64c (-25.8 L -25.4) LCB -136.53c P  7.44% WF  32.5 PSV      31 N       6  --  F3 G4 B4
E6  : T -115.59c W -99.84c S -15.88c (-25.8 L -25.2) LCB -144.90c P  5.16% WF  24.3 PSV      24 N       5  --  E6 G5 B5
C4  : T -118.97c W -99.94c S -18.93c (-26.4 L -26.1) LCB -269.03c P  2.02% WF  11.6 PSV       6 N       2  --  C4 E2
G6  : T -117.77c W -99.66c S -18.11c (-26.2 L -27.1) LCB -467.77c P  1.97% WF   6.1 PSV       6 N       1  --  G6

2024-06-24 16:49:31-0400: = F6
2024-06-24 16:49:35-0400: Controller: kata-list_time_settings
2024-06-24 16:49:35-0400: = none absolute byoyomi canadian fischer fischer-capped
2024-06-24 16:49:35-0400: Controller: play black f7
2024-06-24 16:49:35-0400: = 
2024-06-24 16:49:35-0400: Controller: genmove white
2024-06-24 16:49:36-0400: MoveNum: 8 HASH: 9C3F13A9C1D491031C0BA27879B10EA8
   A B C D E F G H J
 9 . . . . . . . . .
 8 . . . . . . . . .
 7 . . X1X . X3X . .
 6 . . . O . O2. . .
 5 . . . . . . . . .
 4 . . . O . . . . .
 3 . . X . O . X . .
 2 . . . X @ . . . .
 1 . . . . . . . . .

koPOSITIONALscoreAREAtaxNONEsui1komi1.5
Time taken: 0.516
Root visits: 1360
New playouts: 879
NN rows: 601
NN batches: 51
NN avg batch size: 11.7843
PlayoutDoublingAdvantage: 2.75
PV: E2 B5 H5 F4 G6 E5 E6 D5 C5 C4
Tree:
: T -111.70c W -99.81c S -11.85c (-20.4 L -20.2) N    1360  --  E2 B5 H5 F4 G6 E5 E6
---White(^)---
E2  : T -111.32c W -99.81c S -11.44c (-20.2 L -19.9) LCB -111.94c P 55.60% WF 4940.7 PSV    4929 N    1324  --  E2 B5 H5 F4 G6 E5 E6 D5
F3  : T -119.16c W -99.79c S -19.54c (-25.9 L -25.6) LCB -122.78c P 18.54% WF  83.5 PSV      87 N      15  --  F3 G2 G6
G4  : T -120.41c W -99.91c S -20.64c (-26.3 L -25.5) LCB -140.74c P  7.01% WF  32.2 PSV      28 N       6  --  G4 H4 H5
G6  : T -121.04c W -99.91c S -21.24c (-26.3 L -25.8) LCB -164.06c P  6.69% WF  23.4 PSV      25 N       4  --  G6 E2 F3
F2  : T -121.19c W -99.65c S -20.86c (-29.4 L -29.1) LCB -271.10c P  2.71% WF  11.9 PSV      10 N       2  --  F2 G5
E7  : T -119.62c W -99.41c S -20.22c (-25.8 L -26.8) LCB -469.62c P  1.47% WF   6.2 PSV       6 N       1  --  E7
C4  : T -123.67c W -99.65c S -24.02c (-28.0 L -28.3) LCB -473.67c P  1.14% WF   6.7 PSV       3 N       1  --  C4
G2  : T -121.87c W -99.65c S -22.22c (-27.8 L -28.2) LCB -471.87c P  1.12% WF   6.6 PSV       3 N       1  --  G2
C6  : T -121.29c W -99.75c S -21.54c (-26.0 L -26.3) LCB -471.29c P  1.04% WF   6.4 PSV       3 N       1  --  C6
H5  : T -123.44c W -99.73c S -23.71c (-28.0 L -28.2) LCB -473.44c P  0.75% WF   6.6 PSV       2 N       1  --  H5

2024-06-24 16:49:36-0400: = E2
2024-06-24 16:49:43-0400: Controller: kata-list_time_settings
2024-06-24 16:49:43-0400: = none absolute byoyomi canadian fischer fischer-capped
2024-06-24 16:49:43-0400: Controller: play black g6
2024-06-24 16:49:43-0400: = 
2024-06-24 16:49:43-0400: Controller: genmove white
2024-06-24 16:49:44-0400: MoveNum: 10 HASH: E0A7B44C1C72AFBBDEEB0B4DCE93B9AB
   A B C D E F G H J
 9 . . . . . . . . .
 8 . . . . . . . . .
 7 . . X X . X1X . .
 6 . . . O . O X3. .
 5 . . . . . . . . .
 4 . @ . O . . . . .
 3 . . X . O . X . .
 2 . . . X O2. . . .
 1 . . . . . . . . .

koPOSITIONALscoreAREAtaxNONEsui1komi1.5
Time taken: 0.5
Root visits: 610
New playouts: 556
NN rows: 483
NN batches: 46
NN avg batch size: 10.5
PlayoutDoublingAdvantage: 2.75
PV: B4 F2 E1 B6 B5 F4 C6 B7
Tree:
: T -112.30c W -99.87c S -12.34c (-17.7 L -17.5) N     610  --  B4 F2 E1 B6 B5 F4 C6
---White(^)---
B4  : T -111.97c W -99.87c S -12.02c (-17.5 L -17.3) LCB -112.74c P 59.54% WF 2324.8 PSV    2320 N     579  --  B4 F2 E1 B6 B5 F4 C6 B7
B5  : T -117.51c W -99.90c S -17.44c (-20.5 L -20.2) LCB -120.83c P 22.81% WF  82.6 PSV      83 N      19  --  B5 B4 C6 B2 B7 C4 G2 F4
C4  : T -118.36c W -99.87c S -17.72c (-20.9 L -20.6) LCB -156.11c P  4.66% WF  13.9 PSV      14 N       3  --  C4 B4 B5 B2 A4 B3 C6 B7
G5  : T -116.98c W -99.92c S -16.39c (-19.7 L -19.0) LCB -191.46c P  3.37% WF  14.1 PSV      13 N       3  --  G5 C4
G4  : T -119.05c W -99.94c S -18.02c (-20.6 L -20.2) LCB -268.05c P  2.29% WF  10.1 PSV       6 N       2  --  G4 C4
F5  : T -117.51c W -99.70c S -17.81c (-21.1 L -21.7) LCB -467.51c P  1.39% WF   5.6 PSV       5 N       1  --  F5
C6  : T -117.94c W -99.70c S -18.24c (-21.0 L -21.1) LCB -467.94c P  1.45% WF   5.7 PSV       4 N       1  --  C6
B6  : T -119.54c W -99.44c S -20.10c (-22.9 L -23.8) LCB -469.54c P  0.73% WF   5.8 PSV       1 N       1  --  B6

2024-06-24 16:49:44-0400: = B4
2024-06-24 16:49:52-0400: Controller: kata-list_time_settings
2024-06-24 16:49:52-0400: = none absolute byoyomi canadian fischer fischer-capped
2024-06-24 16:49:52-0400: Controller: play black c6
2024-06-24 16:49:52-0400: = 
2024-06-24 16:49:52-0400: Controller: genmove white
2024-06-24 16:49:52-0400: MoveNum: 12 HASH: F90A8F62D039F86AA381C479576C3CC4
   A B C D E F G H J
 9 . . . . . . . . .
 8 . . . . . . . . .
 7 . . X X . X X . .
 6 . . X3O . O X1. .
 5 . . @ . . . . . .
 4 . O2. O . . . . .
 3 . . X . O . X . .
 2 . . . X O . . . .
 1 . . . . . . . . .

koPOSITIONALscoreAREAtaxNONEsui1komi1.5
Time taken: 0.516
Root visits: 4627
New playouts: 806
NN rows: 526
NN batches: 50
NN avg batch size: 10.52
PlayoutDoublingAdvantage: 2.75
PV: C5 F2 F1 G1 E1 G4 B6 B7 F5 A6 A5 B5 G5 H5 B6 A7 E6 B5 H4 H3 B6
Tree:
: T -111.75c W -99.79c S -11.63c (-18.3 L -18.2) N    4627  --  C5 F2 F1 G1 E1 G4 B6
---White(^)---
C5  : T -111.46c W -99.79c S -11.36c (-18.3 L -18.1) LCB -111.89c P 39.59% WF 11551.4 PSV   11497 N    3303  --  C5 F2 F1 G1 E1 G4 B6 B7
B6  : T -112.22c W -99.83c S -12.11c (-18.4 L -18.3) LCB -112.91c P 24.41% WF 2504.4 PSV    2027 N     653  --  B6 F2 E1 F4 B7 E4 D3 C5
C4  : T -112.10c W -99.75c S -12.01c (-18.4 L -18.3) LCB -113.27c P 17.58% WF 2119.1 PSV    1659 N     555  --  C4 F2 E1 F4 F3 G2 G4 H4
B5  : T -114.37c W -99.85c S -14.21c (-19.7 L -19.5) LCB -115.96c P 15.35% WF 423.2 PSV     422 N     106  --  B5 F2 E1 F4 F3 G2 G4 H4
D5  : T -118.59c W -99.98c S -18.35c (-20.9 L -20.6) LCB -267.57c P  0.66% WF   9.9 PSV       7 N       2  --  D5 B5
G5  : T -115.88c W -99.69c S -13.53c (-18.8 L -19.5) LCB -465.88c P  0.24% WF   4.4 PSV       4 N       1  --  G5
G4  : T -118.90c W -99.89c S -18.45c (-21.3 L -21.2) LCB -269.33c P  0.31% WF   9.6 PSV       3 N       2  --  G4 C4
B3  : T -118.14c W -99.99c S -17.04c (-20.2 L -20.1) LCB -267.16c P  0.27% WF   9.7 PSV       3 N       2  --  B3 F2
H4  : T -115.97c W -99.77c S -16.20c (-20.0 L -20.6) LCB -465.97c P  0.18% WF   5.0 PSV       3 N       1  --  H4
H3  : T -121.04c W -99.89c S -21.16c (-22.9 L -23.6) LCB -471.04c P  0.15% WF   5.7 PSV       1 N       1  --  H3

2024-06-24 16:49:52-0400: = C5
2024-06-24 16:49:56-0400: Controller: kata-list_time_settings
2024-06-24 16:49:56-0400: = none absolute byoyomi canadian fischer fischer-capped
2024-06-24 16:49:56-0400: Controller: play black e6
2024-06-24 16:49:56-0400: = 
2024-06-24 16:49:56-0400: Controller: genmove white
2024-06-24 16:49:57-0400: MoveNum: 14 HASH: 8965E8DAB6751BB1BE8A94CDF80A514D
   A B C D E F G H J
 9 . . . . . . . . .
 8 . . . . . . . . .
 7 . . X X . X X . .
 6 . @ X1O X3O X . .
 5 . . O2. . . . . .
 4 . O . O . . . . .
 3 . . X . O . X . .
 2 . . . X O . . . .
 1 . . . . . . . . .

koPOSITIONALscoreAREAtaxNONEsui1komi1.5
Time taken: 0.515
Root visits: 1093
New playouts: 910
NN rows: 557
NN batches: 50
NN avg batch size: 11.14
PlayoutDoublingAdvantage: 2.75
PV: B6 F2 E1 F4 G2 E4 F3 D3 B3
Tree:
: T -112.63c W -99.82c S -12.48c (-17.0 L -16.9) N    1093  --  B6 F2 E1 F4 G2 E4 F3
---White(^)---
B6  : T -112.28c W -99.81c S -12.12c (-16.8 L -16.7) LCB -113.23c P 39.94% WF 2925.9 PSV    2914 N     772  --  B6 F2 E1 F4 G2 E4 F3 D3
G2  : T -113.50c W -99.85c S -13.46c (-17.5 L -17.3) LCB -115.64c P 36.48% WF 653.4 PSV     662 N     179  --  G2 B6 E5 D5 C4 H2 G4 F2
G4  : T -113.23c W -99.86c S -13.02c (-17.3 L -17.0) LCB -115.42c P 17.52% WF 471.6 PSV     426 N     133  --  G4 F4 F3 G2 F5 H4 E5 D5
F5  : T -116.54c W -99.80c S -15.17c (-18.1 L -17.8) LCB -265.66c P  0.81% WF   9.5 PSV       5 N       2  --  F5 E5
F4  : T -116.65c W -99.83c S -14.95c (-17.8 L -17.4) LCB -265.81c P  0.77% WF   9.4 PSV       5 N       2  --  F4 G4
E5  : T -114.25c W -99.60c S -12.44c (-16.8 L -17.6) LCB -464.25c P  0.37% WF   4.7 PSV       5 N       1  --  E5
H3  : T -118.23c W -99.45c S -18.78c (-20.1 L -20.8) LCB -468.23c P  0.76% WF   5.1 PSV       4 N       1  --  H3
H4  : T -118.60c W -99.69c S -17.42c (-19.4 L -19.0) LCB -267.65c P  0.49% WF   9.0 PSV       2 N       2  --  H4 F3

2024-06-24 16:49:57-0400: = B6
2024-06-24 16:50:01-0400: Controller: kata-list_time_settings
2024-06-24 16:50:01-0400: = none absolute byoyomi canadian fischer fischer-capped
2024-06-24 16:50:01-0400: Controller: play black b7
2024-06-24 16:50:01-0400: = 
2024-06-24 16:50:01-0400: Controller: genmove white
2024-06-24 16:50:01-0400: MoveNum: 16 HASH: 10FC765BE40BA53A2D5E181FAA16C336
   A B C D E F G H J
 9 . . . . . . . . .
 8 . . . . . . . . .
 7 . X3X X . X X . .
 6 . O2X O X1O X . .
 5 . . O . . . . . .
 4 . O . O . . . . .
 3 . . X . O . X . .
 2 . . . X O . @ . .
 1 . . . . . . . . .

koPOSITIONALscoreAREAtaxNONEsui1komi1.5
Time taken: 0.531
Root visits: 1211
New playouts: 771
NN rows: 541
NN batches: 50
NN avg batch size: 10.82
PlayoutDoublingAdvantage: 2.75
PV: G2 A6 E5 D5 B5 H2 G4 H4 F3 H3 F5 D6
Tree:
: T -110.87c W -99.80c S -10.96c (-16.2 L -16.0) N    1211  --  G2 A6 E5 D5 B5 H2 G4
---White(^)---
G2  : T -110.33c W -99.80c S -10.49c (-16.0 L -15.8) LCB -111.50c P 36.85% WF 3688.3 PSV    3666 N    1046  --  G2 A6 E5 D5 B5 H2 G4 H4
G4  : T -113.94c W -99.86c S -13.66c (-17.4 L -17.2) LCB -115.83c P 49.02% WF 483.1 PSV     502 N     134  --  G4 F4 G2 F3 F2 A6 H3 C4
A7  : T -113.66c W -99.85c S -13.41c (-17.1 L -16.8) LCB -119.14c P  4.92% WF  55.5 PSV      54 N      13  --  A7 A8 G4 F4 F3
F5  : T -113.90c W -99.86c S -13.99c (-17.4 L -17.1) LCB -133.76c P  2.30% WF  24.9 PSV      23 N       6  --  F5 E5 G2
H3  : T -118.53c W -99.70c S -18.27c (-20.0 L -20.1) LCB -268.61c P  1.37% WF   8.1 PSV       6 N       2  --  H3 G2
H4  : T -117.09c W -99.74c S -16.63c (-18.5 L -18.1) LCB -266.66c P  0.77% WF   9.0 PSV       4 N       2  --  H4 G4
F4  : T -116.35c W -99.82c S -14.78c (-17.5 L -17.2) LCB -265.65c P  0.55% WF   9.7 PSV       3 N       2  --  F4 G4
E5  : T -113.95c W -99.78c S -15.23c (-17.9 L -17.6) LCB -263.86c P  0.33% WF   9.1 PSV       3 N       2  --  E5 F5
F3  : T -115.37c W -99.39c S -15.98c (-18.3 L -19.0) LCB -465.37c P  0.29% WF   5.0 PSV       2 N       1  --  F3
D5  : T -117.83c W -99.93c S -17.90c (-19.4 L -19.7) LCB -467.83c P  0.32% WF   5.4 PSV       1 N       1  --  D5

2024-06-24 16:50:01-0400: = G2
2024-06-24 16:50:12-0400: Controller: kata-list_time_settings
2024-06-24 16:50:12-0400: = none absolute byoyomi canadian fischer fischer-capped
2024-06-24 16:50:12-0400: Controller: play black h3
2024-06-24 16:50:12-0400: = 
2024-06-24 16:50:12-0400: Controller: genmove white
2024-06-24 16:50:12-0400: MoveNum: 18 HASH: BA5BA8AA1349DA7D8C805F476A33856C
   A B C D E F G H J
 9 . . . . . . . . .
 8 . . . . . . . . .
 7 . X1X X . X X . .
 6 . O X O X O X . .
 5 . . O . . . . . .
 4 . O . O . . . . .
 3 . . X . O . X X3.
 2 . . . X O . O2@ .
 1 . . . . . . . . .

koPOSITIONALscoreAREAtaxNONEsui1komi1.5
Time taken: 0.5
Root visits: 687
New playouts: 676
NN rows: 497
NN batches: 43
NN avg batch size: 11.5581
PlayoutDoublingAdvantage: 2.75
PV: H2 A6 B5 D5 C4 F3 F2 E4 F4 E5 H4 D3
Tree:
: T -110.03c W -99.86c S  -9.77c (-13.5 L -13.3) N     687  --  H2 A6 B5 D5 C4 F3 F2
---White(^)---
H2  : T -109.77c W -99.86c S  -9.51c (-13.4 L -13.2) LCB -110.91c P 64.95% WF 2165.5 PSV    2161 N     606  --  H2 A6 B5 D5 C4 F3 F2 E4
A7  : T -110.84c W -99.86c S -10.79c (-13.9 L -13.6) LCB -112.68c P 24.56% WF 271.1 PSV     274 N      68  --  A7 A8 H2 A6 B5 D5 B3
F4  : T -115.55c W -99.88c S -15.16c (-15.6 L -15.1) LCB -267.16c P  1.66% WF   9.3 PSV       6 N       2  --  F4 A6
G4  : T -115.85c W -99.88c S -14.41c (-15.3 L -14.8) LCB -264.94c P  1.56% WF   8.4 PSV       5 N       2  --  G4 H2
D5  : T -113.40c W -99.75c S -13.64c (-14.9 L -15.3) LCB -463.40c P  0.73% WF   5.1 PSV       4 N       1  --  D5
F5  : T -111.74c W -99.63c S -12.11c (-14.2 L -14.7) LCB -461.74c P  0.47% WF   4.6 PSV       4 N       1  --  F5
F3  : T -117.55c W -99.88c S -16.25c (-16.1 L -15.8) LCB -266.59c P  1.16% WF  10.3 PSV       3 N       2  --  F3 H2
A6  : T -115.65c W -99.76c S -15.89c (-16.0 L -16.3) LCB -465.65c P  0.86% WF   5.5 PSV       3 N       1  --  A6
E5  : T -115.90c W -99.80c S -14.48c (-15.2 L -15.0) LCB -266.10c P  0.71% WF   9.5 PSV       2 N       2  --  E5 F5
B3  : T -115.29c W -99.94c S -15.35c (-15.4 L -16.1) LCB -465.29c P  0.55% WF   5.7 PSV       2 N       1  --  B3

2024-06-24 16:50:12-0400: = H2
2024-06-24 16:50:18-0400: Controller: kata-list_time_settings
2024-06-24 16:50:18-0400: = none absolute byoyomi canadian fischer fischer-capped
2024-06-24 16:50:18-0400: Controller: play black f5
2024-06-24 16:50:18-0400: = 
2024-06-24 16:50:18-0400: Controller: genmove white
2024-06-24 16:50:19-0400: MoveNum: 20 HASH: 9B1F7C2A2F7C6BF1E1A07A473F9DDB35
   A B C D E F G H J
 9 . . . . . . . . .
 8 . . . . . . . . .
 7 . X X X . X X . .
 6 . O X O X . X . .
 5 . . O . . X3. . .
 4 . O . O . . . . .
 3 . . X . O @ X X1.
 2 . . . X O . O O2.
 1 . . . . . . . . .

koPOSITIONALscoreAREAtaxNONEsui1komi1.5
Time taken: 0.516
Root visits: 611
New playouts: 605
NN rows: 524
NN batches: 51
NN avg batch size: 10.2745
PlayoutDoublingAdvantage: 2.75
PV: A7 A8 A6 B3 J2 D1
Tree:
: T -109.24c W -99.65c S  -9.49c (-10.6 L -10.7) N     611  --  A7 A8 A6 B3 J2 D1
---White(^)---
A7  : T -108.99c W -99.72c S  -9.02c (-10.6 L -10.5) LCB -110.70c P 14.05% WF 268.1 PSV    1747 N      85  --  A7 A8 A6 B3 J2 D1
F3  : T -108.82c W -99.60c S  -9.10c (-10.5 L -10.6) LCB -111.32c P 34.29% WF 1243.9 PSV    1238 N     343  --  F3 B2 D3 B3 D1 A6
G4  : T -110.07c W -99.71c S -10.45c (-11.0 L -11.0) LCB -112.76c P 33.57% WF 447.4 PSV     441 N     132  --  G4 A6 B5 F4 F3 H4 J2
J3  : T -110.17c W -99.78c S -10.33c (-11.0 L -10.9) LCB -113.28c P 14.02% WF 151.7 PSV     154 N      45  --  J3 A6 B5 D5 C4 F3
A6  : T -110.99c W -99.72c S -11.27c (-11.1 L -11.8) LCB -460.99c P  0.62% WF   4.7 PSV       5 N       1  --  A6
F4  : T -113.33c W -99.79c S -12.54c (-11.6 L -11.5) LCB -263.30c P  0.59% WF   8.5 PSV       2 N       2  --  F4 G4
H4  : T -113.16c W -99.25c S -13.92c (-12.4 L -13.3) LCB -463.16c P  0.49% WF   4.0 PSV       2 N       1  --  H4
J2  : T -112.98c W -99.96c S -13.02c (-11.7 L -12.4) LCB -462.98c P  0.46% WF   4.9 PSV       2 N       1  --  J2

2024-06-24 16:50:19-0400: = F3
2024-06-24 16:50:22-0400: Controller: kata-list_time_settings
2024-06-24 16:50:22-0400: = none absolute byoyomi canadian fischer fischer-capped
2024-06-24 16:50:22-0400: Controller: play black f4
2024-06-24 16:50:22-0400: = 
2024-06-24 16:50:22-0400: Controller: genmove white
2024-06-24 16:50:22-0400: MoveNum: 22 HASH: D06723338001BF01B06AB8AE99B0E6B1
   A B C D E F G H J
 9 . . . . . . . . .
 8 . . . . . . . . .
 7 . X X X . X X . .
 6 . O X O X . X . .
 5 . . O . . X1. . .
 4 . O . O . X3. . .
 3 . . X . O O2X X @
 2 . . . X O . O O .
 1 . . . . . . . . .

koPOSITIONALscoreAREAtaxNONEsui1komi1.5
Time taken: 0.516
Root visits: 585
New playouts: 576
NN rows: 496
NN batches: 48
NN avg batch size: 10.3333
PlayoutDoublingAdvantage: 2.75
PV: J3 B2 D3 A6 B5 D5 C4 H4
Tree:
: T -106.83c W -99.70c S  -7.17c ( -8.6 L  -8.8) N     585  --  J3 B2 D3 A6 B5 D5 C4
---White(^)---
J3  : T -106.42c W -99.72c S  -6.76c ( -8.4 L  -8.6) LCB -107.73c P 49.46% WF 1435.8 PSV    1430 N     450  --  J3 B2 D3 A6 B5 D5 C4 H4
A7  : T -107.57c W -99.68c S  -7.93c ( -9.0 L  -9.3) LCB -109.63c P 21.62% WF 227.5 PSV     230 N      74  --  A7 A8 J3 A6 B5 D5 D3
H4  : T -108.48c W -99.61c S  -8.83c ( -9.2 L  -9.4) LCB -112.85c P 21.29% WF 186.0 PSV     157 N      55  --  H4 G4 J3 A6 B5 D5 D3
J4  : T -112.91c W -99.55c S -13.36c (-10.9 L -11.6) LCB -462.91c P  1.45% WF   4.2 PSV       4 N       1  --  J4
J2  : T -113.07c W -99.80c S -13.27c (-10.7 L -11.4) LCB -463.07c P  1.17% WF   4.4 PSV       3 N       1  --  J2
H5  : T -111.56c W -99.43c S -12.12c (-10.4 L -11.4) LCB -461.56c P  0.89% WF   3.4 PSV       3 N       1  --  H5
G4  : T -109.58c W -99.68c S  -9.90c ( -9.3 L -10.1) LCB -459.70c P  0.68% WF   4.2 PSV       3 N       1  --  G4
A6  : T -113.33c W -99.79c S -13.54c (-10.9 L -11.7) LCB -463.33c P  0.82% WF   4.7 PSV       2 N       1  --  A6

2024-06-24 16:50:22-0400: = J3
2024-06-24 16:50:25-0400: Controller: kata-list_time_settings
2024-06-24 16:50:25-0400: = none absolute byoyomi canadian fischer fischer-capped
2024-06-24 16:50:25-0400: Controller: play black j4
2024-06-24 16:50:25-0400: = 
2024-06-24 16:50:25-0400: Controller: genmove white
2024-06-24 16:50:25-0400: MoveNum: 24 HASH: CBA638E7337FE8B4B4FD888B2DF14B51
   A B C D E F G H J
 9 . . . . . . . . .
 8 . . . . . . . . .
 7 . X X X . X X . .
 6 . O X O X . X . .
 5 . . O . . X . . .
 4 . O . O . X1. @ X3
 3 . . X . O O X X O2
 2 . . . X O . O O .
 1 . . . . . . . . .

koPOSITIONALscoreAREAtaxNONEsui1komi1.5
Time taken: 0.5
Root visits: 1056
New playouts: 1042
NN rows: 491
NN batches: 49
NN avg batch size: 10.0204
PlayoutDoublingAdvantage: 2.75
PV: H4 A6 B5 J2 G4 D5 B3 H5 J3 H3 E4 G5 G3
Tree:
: T -107.81c W -99.47c S  -8.36c ( -8.4 L  -8.7) N    1056  --  H4 A6 B5 J2 G4 D5 B3
---White(^)---
H4  : T -107.48c W -99.43c S  -8.13c ( -8.4 L  -8.6) LCB -108.99c P 64.16% WF 2817.3 PSV    2809 N     933  --  H4 A6 B5 J2 G4 D5 B3 H5
A7  : T -108.84c W -99.67c S  -8.82c ( -8.5 L  -8.6) LCB -111.18c P 11.92% WF 224.3 PSV     199 N      77  --  A7 A8 H4 J2 G4 A6 B5 D5
J2  : T -112.03c W -99.83c S -11.73c ( -9.9 L -10.0) LCB -116.26c P 20.73% WF 141.5 PSV     141 N      42  --  J2 A6 B5 D5 C4 E4 H4 D3
A6  : T -115.22c W -99.60c S -15.62c (-11.1 L -11.9) LCB -465.22c P  0.54% WF   4.8 PSV       2 N       1  --  A6
D5  : T -114.88c W -99.55c S -15.33c (-11.2 L -12.0) LCB -464.88c P  0.35% WF   4.2 PSV       1 N       1  --  D5
G4  : T -112.96c W -99.26c S -13.69c (-10.2 L -11.1) LCB -462.96c P  0.31% WF   3.8 PSV       1 N       1  --  G4

2024-06-24 16:50:25-0400: = H4
2024-06-24 16:50:30-0400: Controller: kata-list_time_settings
2024-06-24 16:50:30-0400: = none absolute byoyomi canadian fischer fischer-capped
2024-06-24 16:50:30-0400: Controller: play black j2
2024-06-24 16:50:30-0400: = 
2024-06-24 16:50:30-0400: Controller: genmove white
2024-06-24 16:50:30-0400: MoveNum: 26 HASH: B8CC27ECD4AFDE262E033902FF66AD31
   A B C D E F G H J
 9 . . . . . . . . .
 8 . . . . . . . . .
 7 . X X X . X X . .
 6 . O X O X . X . .
 5 . . O . . X . . .
 4 . O . O . X @ O2X1
 3 . . X . O O X X .
 2 . . . X O . O O X3
 1 . . . . . . . . .

koPOSITIONALscoreAREAtaxNONEsui1komi1.5
Time taken: 0.531
Root visits: 5760
New playouts: 1819
NN rows: 501
NN batches: 51
NN avg batch size: 9.82353
PlayoutDoublingAdvantage: 2.75
PV: G4 A6 B5 D5 B3 H5 J3 H3 E4 G5 G3 J3 A5 A7 E5 H1 B2 J5 G1 D6 J1
Tree:
: T -105.74c W -99.73c S  -6.06c ( -7.8 L  -8.1) N    5760  --  G4 A6 B5 D5 B3 H5 J3
---White(^)---
G4  : T -105.63c W -99.74c S  -5.94c ( -7.8 L  -8.1) LCB -105.99c P 75.71% WF 20097.9 PSV   20073 N    5463  --  G4 A6 B5 D5 B3 H5 J3 H3
A7  : T -107.57c W -99.55c S  -7.85c ( -8.7 L  -9.0) LCB -110.08c P 19.55% WF 868.5 PSV     891 N     283  --  A7 G4 B8 D5 C4 E4 C8 D3
A6  : T -115.15c W -99.78c S -15.49c (-11.6 L -11.6) LCB -264.54c P  0.80% WF   8.1 PSV       8 N       2  --  A6 G4
J1  : T -118.73c W -99.70c S -18.96c (-14.0 L -13.7) LCB -203.24c P  0.73% WF  11.7 PSV       5 N       3  --  J1 G4
D5  : T -114.79c W -99.53c S -15.26c (-11.6 L -12.3) LCB -464.80c P  0.36% WF   3.7 PSV       4 N       1  --  D5
J5  : T -117.15c W -99.59c S -17.56c (-12.9 L -13.6) LCB -467.15c P  0.41% WF   4.0 PSV       3 N       1  --  J5
A8  : T -116.30c W -99.49c S -16.82c (-12.6 L -13.3) LCB -466.30c P  0.39% WF   4.0 PSV       3 N       1  --  A8
H5  : T -120.41c W -99.20c S -21.20c (-15.2 L -15.8) LCB -470.41c P  0.27% WF   4.7 PSV       1 N       1  --  H5
B3  : T -116.88c W -99.85c S -17.03c (-12.2 L -12.9) LCB -466.88c P  0.14% WF   4.7 PSV       1 N       1  --  B3
B5  : T -119.05c W -99.63c S -19.42c (-13.6 L -14.3) LCB -469.05c P  0.14% WF   4.9 PSV       1 N       1  --  B5

2024-06-24 16:50:30-0400: = G4
2024-06-24 16:50:42-0400: Controller: kata-list_time_settings
2024-06-24 16:50:42-0400: = none absolute byoyomi canadian fischer fischer-capped
2024-06-24 16:50:42-0400: Controller: play black h5
2024-06-24 16:50:42-0400: = 
2024-06-24 16:50:42-0400: Controller: genmove white
2024-06-24 16:50:43-0400: MoveNum: 28 HASH: C7F7103EB06E4F7E0EF88224B9317B09
   A B C D E F G H J
 9 . . . . . . . . .
 8 . . . . . . . . .
 7 . X X X . X X . .
 6 . O X O X . X . .
 5 . . O . . X . X3.
 4 . O . O . X O2O X
 3 . . X . O O X X @
 2 . . . X O . O O X1
 1 . . . . . . . . .

koPOSITIONALscoreAREAtaxNONEsui1komi1.5
Time taken: 0.531
Root visits: 26386
New playouts: 3765
NN rows: 463
NN batches: 50
NN avg batch size: 9.26
PlayoutDoublingAdvantage: 2.75
PV: J3 A6 B5 D5 B3 H3 A5 B2 D3 J3 G3 A7 G5 H6 E4 E5 H1 J5 J1 C2 C4 pass D1 E7
Tree:
: T -105.49c W -99.82c S  -5.62c ( -7.7 L  -8.0) N   26386  --  J3 A6 B5 D5 B3 H3 A5
---White(^)---
J3  : T -105.44c W -99.82c S  -5.58c ( -7.7 L  -8.0) LCB -105.57c P 84.69% WF 100222.3 PSV  100182 N   26080  --  J3 A6 B5 D5 B3 H3 A5 B2
A7  : T -107.99c W -99.65c S  -7.82c ( -8.6 L  -8.9) LCB -110.01c P  8.71% WF 831.2 PSV     859 N     259  --  A7 G5 B8 D5 C4 E4 C8 D3
A6  : T -115.76c W -99.88c S -15.73c (-11.6 L -11.6) LCB -135.61c P  0.86% WF  24.6 PSV      22 N       6  --  A6 J3 A7
J1  : T -120.88c W -99.85c S -20.70c (-14.6 L -14.4) LCB -165.09c P  0.90% WF  17.2 PSV      15 N       4  --  J1 G5
D5  : T -113.37c W -99.80c S -13.43c (-10.7 L -10.5) LCB -141.17c P  0.46% WF  14.9 PSV      15 N       4  --  D5 A6 J3 B5 B3 H3 G3
A8  : T -117.39c W -99.72c S -16.66c (-12.1 L -12.2) LCB -162.63c P  0.57% WF  15.3 PSV      12 N       4  --  A8 A6 B5
B3  : T -115.46c W -99.92c S -16.14c (-11.6 L -11.8) LCB -265.13c P  0.38% WF   9.4 PSV      10 N       2  --  B3 J3
C4  : T -115.70c W -99.80c S -15.38c (-11.2 L -11.3) LCB -264.65c P  0.31% WF   9.1 PSV       8 N       2  --  C4 J3
J5  : T -121.53c W -99.65c S -21.17c (-15.0 L -14.8) LCB -270.90c P  0.47% WF   9.1 PSV       7 N       2  --  J5 G5
H1  : T -119.05c W -99.89c S -18.91c (-13.3 L -13.2) LCB -192.99c P  0.26% WF  12.3 PSV       5 N       3  --  H1 A6

2024-06-24 16:50:43-0400: = J3
2024-06-24 16:50:47-0400: Controller: kata-list_time_settings
2024-06-24 16:50:47-0400: = none absolute byoyomi canadian fischer fischer-capped
2024-06-24 16:50:47-0400: Controller: play black h3
2024-06-24 16:50:47-0400: = 
2024-06-24 16:50:47-0400: Controller: genmove white
2024-06-24 16:50:48-0400: MoveNum: 30 HASH: 22B7F81C3F657F799CC2A2E99EF28158
   A B C D E F G H J
 9 . . . . . . . . .
 8 . . . . . . . . .
 7 @ X X X . X X . .
 6 . O X O X . X . .
 5 . . O . . X . X1.
 4 . O . O . X O O X
 3 . . X . O O . X3.2
 2 . . . X O . O O X
 1 . . . . . . . . .

koPOSITIONALscoreAREAtaxNONEsui1komi1.5
Time taken: 0.531
Root visits: 1535
New playouts: 963
NN rows: 471
NN batches: 50
NN avg batch size: 9.42
PlayoutDoublingAdvantage: 2.75
PV: A7 A8 A6 B3 D3 A4 B5 D5 C4 C1 E1 B8 G3 J3 G5
Tree:
: T -103.28c W -99.53c S  -4.24c ( -5.7 L  -6.0) N    1535  --  A7 A8 A6 B3 D3 A4 B5
---White(^)---
A7  : T -103.15c W -99.53c S  -4.16c ( -5.7 L  -5.9) LCB -103.83c P 83.34% WF 4167.2 PSV    4164 N    1498  --  A7 A8 A6 B3 D3 A4 B5 D5
A6  : T -106.64c W -99.77c S  -6.83c ( -6.5 L  -6.7) LCB -109.02c P  8.26% WF  77.4 PSV      70 N      25  --  A6 B3 A7 B2 C1
G3  : T -108.88c W -99.85c S  -9.43c ( -7.2 L  -7.2) LCB -188.37c P  1.66% WF  10.6 PSV       9 N       3  --  G3 A6
D5  : T -107.93c W -99.74c S  -8.25c ( -6.8 L  -6.9) LCB -263.53c P  0.92% WF   7.1 PSV       6 N       2  --  D5 A6
J5  : T -111.23c W -99.48c S -10.99c ( -7.9 L  -8.1) LCB -262.04c P  0.99% WF   6.6 PSV       3 N       2  --  J5 A6
B5  : T -108.62c W -99.61c S  -9.01c ( -7.0 L  -7.7) LCB -458.62c P  0.62% WF   4.6 PSV       3 N       1  --  B5
J6  : T -109.92c W -99.34c S -10.57c ( -7.7 L  -8.4) LCB -460.75c P  0.67% WF   3.8 PSV       2 N       1  --  J6
A5  : T -111.08c W -99.88c S -11.20c ( -7.8 L  -8.6) LCB -461.08c P  0.58% WF   4.8 PSV       2 N       1  --  A5
J1  : T -114.42c W -99.55c S -14.87c ( -9.5 L -10.0) LCB -464.42c P  0.52% WF   4.7 PSV       1 N       1  --  J1

2024-06-24 16:50:48-0400: = A7
2024-06-24 16:50:52-0400: Controller: kata-list_time_settings
2024-06-24 16:50:52-0400: = none absolute byoyomi canadian fischer fischer-capped
2024-06-24 16:50:52-0400: Controller: play black a8
2024-06-24 16:50:52-0400: = 
2024-06-24 16:50:52-0400: Controller: genmove white
2024-06-24 16:50:53-0400: MoveNum: 32 HASH: DD770A1098F9085B6C50397BE7AA915B
   A B C D E F G H J
 9 . . . . . . . . .
 8 X3. . . . . . . .
 7 O2X X X . X X . .
 6 @ O X O X . X . .
 5 . . O . . X . X .
 4 . O . O . X O O X
 3 . . X . O O . X1.
 2 . . . X O . O O X
 1 . . . . . . . . .

koPOSITIONALscoreAREAtaxNONEsui1komi1.5
Time taken: 0.531
Root visits: 16011
New playouts: 1516
NN rows: 405
NN batches: 47
NN avg batch size: 8.61702
PlayoutDoublingAdvantage: 2.75
PV: A6 A4 B5 B3 D3 D5 C4 C1 B2 A2 B1 B8 G3 J3 G5 H6 E4 H1 E5 F6 A5
Tree:
: T -102.90c W -99.59c S  -3.92c ( -5.7 L  -5.9) N   16011  --  A6 A4 B5 B3 D3 D5 C4
---White(^)---
A6  : T -102.87c W -99.59c S  -3.90c ( -5.7 L  -5.9) LCB -103.04c P 90.43% WF 47629.0 PSV   47621 N   15954  --  A6 A4 B5 B3 D3 D5 C4 C1
G3  : T -109.57c W -99.68c S  -9.30c ( -8.1 L  -8.2) LCB -115.17c P  1.62% WF  40.5 PSV      39 N      13  --  G3 B3 A6 D1 B1 B2 C1 A3
D5  : T -108.25c W -99.74c S  -8.40c ( -7.5 L  -7.5) LCB -117.95c P  0.95% WF  30.0 PSV      28 N       9  --  D5 B3 D3
B5  : T -108.85c W -99.83c S  -9.13c ( -7.4 L  -7.2) LCB -117.69c P  0.85% WF  25.7 PSV      23 N       8  --  B5 A6 D5 G5
J5  : T -112.54c W -99.53c S -12.24c ( -8.9 L  -9.0) LCB -134.69c P  1.00% WF  19.5 PSV      16 N       6  --  J5 A6 B5 D5
B3  : T -110.13c W -99.87c S -10.33c ( -7.6 L  -7.9) LCB -155.88c P  0.61% WF  17.4 PSV      13 N       4  --  B3 A6 B5
E4  : T -111.11c W -99.80c S -11.31c ( -8.1 L  -8.1) LCB -186.34c P  0.42% WF  11.7 PSV       8 N       3  --  E4 D5
J6  : T -114.43c W -99.66c S -14.05c ( -9.4 L  -9.6) LCB -264.35c P  0.61% WF   7.1 PSV       8 N       2  --  J6 A6
J1  : T -115.37c W -99.67c S -15.17c ( -9.9 L -10.0) LCB -265.35c P  0.59% WF   8.1 PSV       7 N       2  --  J1 A6
C4  : T -112.56c W -99.79c S -13.14c ( -8.8 L  -8.9) LCB -262.53c P  0.39% WF   8.7 PSV       6 N       2  --  C4 A6

2024-06-24 16:50:53-0400: = A6
2024-06-24 16:50:55-0400: Controller: kata-list_time_settings
2024-06-24 16:50:55-0400: = none absolute byoyomi canadian fischer fischer-capped
2024-06-24 16:50:55-0400: Controller: play black b8
2024-06-24 16:50:55-0400: = 
2024-06-24 16:50:55-0400: Controller: genmove white
2024-06-24 16:50:56-0400: MoveNum: 34 HASH: 89B6F8C38B5FC782B70EF688AFFF273A
   A B C D E F G H J
 9 . . . . . . . . .
 8 X1X3. . . . . . .
 7 O X X X . X X . .
 6 O2O X O X . X . .
 5 . . O @ . X . X .
 4 . O . O . X O O X
 3 . . X . O O . X .
 2 . . . X O . O O X
 1 . . . . . . . . .

koPOSITIONALscoreAREAtaxNONEsui1komi1.5
Time taken: 0.531
Root visits: 970
New playouts: 924
NN rows: 549
NN batches: 50
NN avg batch size: 10.98
PlayoutDoublingAdvantage: 2.75
PV: D5 B3 A2 A3 B2 H1 G3 J3 G5 H6 C2
Tree:
: T -101.85c W -99.52c S  -2.59c ( -3.8 L  -4.1) N     970  --  D5 B3 A2 A3 B2 H1 G3
---White(^)---
D5  : T -101.51c W -99.50c S  -2.30c ( -3.7 L  -4.0) LCB -102.17c P 56.33% WF 2437.6 PSV    2432 N     907  --  D5 B3 A2 A3 B2 H1 G3 J3
G3  : T -106.12c W -99.69c S  -6.10c ( -5.2 L  -5.3) LCB -108.18c P 20.16% WF  94.5 PSV      90 N      37  --  G3 B3 J3 D5
E4  : T -106.57c W -99.66c S  -7.04c ( -5.5 L  -5.6) LCB -116.61c P  6.37% WF  26.8 PSV      26 N       9  --  E4 B3 D1
C4  : T -106.83c W -99.76c S  -7.03c ( -5.3 L  -5.6) LCB -124.62c P  5.59% WF  23.1 PSV      22 N       7  --  C4 B3 A4
B3  : T -109.53c W -99.82c S  -8.62c ( -6.1 L  -6.5) LCB -158.39c P  3.43% WF  12.0 PSV       9 N       4  --  B3 D5 E4
D3  : T -106.98c W -99.92c S  -7.13c ( -5.3 L  -5.6) LCB -183.59c P  2.57% WF  11.7 PSV       9 N       3  --  D3 J3
J5  : T -104.47c W -99.22c S  -5.25c ( -4.7 L  -5.7) LCB -455.59c P  0.86% WF   3.7 PSV       4 N       1  --  J5
H1  : T -106.88c W -99.83c S  -7.05c ( -5.3 L  -6.1) LCB -456.88c P  0.75% WF   4.0 PSV       2 N       1  --  H1

2024-06-24 16:50:56-0400: = D5
2024-06-24 16:51:03-0400: Controller: kata-list_time_settings
2024-06-24 16:51:03-0400: = none absolute byoyomi canadian fischer fischer-capped
2024-06-24 16:51:03-0400: Controller: play black j3
2024-06-24 16:51:03-0400: = 
2024-06-24 16:51:03-0400: Controller: genmove white
2024-06-24 16:51:04-0400: MoveNum: 36 HASH: 632066D39BA04A7BE3C27E9B93BF85F6
   A B C D E F G H J
 9 . . . . . . . . .
 8 X X1. . . . . . .
 7 O X X X . X X . .
 6 O O X O X . X . .
 5 . . O O2. X . X .
 4 . O . O . X O O X
 3 . . X . O O @ X X3
 2 . . . X O . O O X
 1 . . . . . . . . .

koPOSITIONALscoreAREAtaxNONEsui1komi1.5
Time taken: 0.531
Root visits: 3444
New playouts: 2272
NN rows: 466
NN batches: 49
NN avg batch size: 9.5102
PlayoutDoublingAdvantage: 2.75
PV: G3 B3 A2 A3 B2 H1 G5 A4 B5 H6 C2 D3 C4 E4 D1 E5 A5 J5 G1 J1 E1 E7
Tree:
: T -102.84c W -99.57c S  -3.54c ( -4.6 L  -4.7) N    3444  --  G3 B3 A2 A3 B2 H1 G5
---White(^)---
G3  : T -102.75c W -99.57c S  -3.46c ( -4.5 L  -4.7) LCB -103.17c P 87.05% WF 9459.1 PSV    9455 N    3402  --  G3 B3 A2 A3 B2 H1 G5 A4
J5  : T -105.31c W -99.52c S  -5.90c ( -5.6 L  -5.7) LCB -108.95c P  3.90% WF  60.0 PSV      59 N      25  --  J5 B3 D3 A4 B5 C1 D1 E1
D3  : T -110.56c W -99.92c S -10.92c ( -6.9 L  -7.6) LCB -184.72c P  2.15% WF  14.8 PSV      16 N       3  --  D3 G3 H1
H1  : T -111.83c W -99.90c S -11.86c ( -7.5 L  -7.6) LCB -163.72c P  1.83% WF  13.5 PSV      11 N       4  --  H1 B3 F1
B3  : T -113.85c W -99.91c S -13.94c ( -8.2 L  -8.9) LCB -463.85c P  1.10% WF   5.2 PSV       5 N       1  --  B3
E4  : T -114.66c W -99.56c S -15.11c ( -9.2 L  -9.6) LCB -464.66c P  0.42% WF   4.4 PSV       2 N       1  --  E4
J1  : T -110.09c W -99.47c S -10.62c ( -7.6 L  -8.2) LCB -460.09c P  0.28% WF   2.7 PSV       2 N       1  --  J1
D1  : T -113.69c W -99.80c S -13.89c ( -8.2 L  -8.8) LCB -463.69c P  0.35% WF   5.0 PSV       1 N       1  --  D1
B2  : T -113.76c W -99.86c S -13.90c ( -8.2 L  -8.9) LCB -463.76c P  0.32% WF   5.0 PSV       1 N       1  --  B2
A2  : T -113.98c W -99.78c S -14.20c ( -8.3 L  -9.0) LCB -463.98c P  0.27% WF   5.0 PSV       1 N       1  --  A2

2024-06-24 16:51:04-0400: = G3
2024-06-24 16:51:10-0400: Controller: kata-list_time_settings
2024-06-24 16:51:10-0400: = none absolute byoyomi canadian fischer fischer-capped
2024-06-24 16:51:10-0400: Controller: play black e4
2024-06-24 16:51:10-0400: = 
2024-06-24 16:51:10-0400: Controller: genmove white
2024-06-24 16:51:10-0400: MoveNum: 38 HASH: F49A0A6571E321079E82D8E88FC592BE
   A B C D E F G H J
 9 . . . . . . . . .
 8 X X . . . . . . .
 7 O X X X . X X . .
 6 O O X O X . X . .
 5 . . O O . X . X .
 4 . O . O X3X O O X
 3 . . X @ O O O2X X1
 2 . . . X O . O O X
 1 . . . . . . . . .

koPOSITIONALscoreAREAtaxNONEsui1komi1.5
Time taken: 0.531
Root visits: 896
New playouts: 864
NN rows: 529
NN batches: 52
NN avg batch size: 10.1731
PlayoutDoublingAdvantage: 2.75
PV: D3 G5 H1 E5 J1 J5 D1 E7 C2
Tree:
: T -102.06c W -99.71c S  -2.19c ( -3.1 L  -3.5) N     896  --  D3 G5 H1 E5 J1 J5 D1
---White(^)---
D3  : T -101.74c W -99.72c S  -1.82c ( -2.9 L  -3.4) LCB -102.26c P 49.20% WF 2830.8 PSV    2823 N     750  --  D3 G5 H1 E5 J1 J5 D1 E7
B3  : T -102.46c W -99.79c S  -2.32c ( -3.1 L  -3.5) LCB -103.67c P  7.68% WF 200.6 PSV     165 N      58  --  B3 H1 G5 H6 E5 F6 D3 J5
G5  : T -107.26c W -99.25c S  -7.75c ( -5.6 L  -6.0) LCB -112.32c P 31.13% WF 123.2 PSV     129 N      59  --  G5 A4 A3 B3 D3 A2 B5 B1
D1  : T -103.78c W -99.75c S  -3.11c ( -3.4 L  -3.7) LCB -111.68c P  2.75% WF  29.5 PSV      27 N      10  --  D1 D3 B3 H1 G5
H1  : T -106.36c W -99.62c S  -5.71c ( -4.7 L  -5.2) LCB -129.16c P  2.23% WF  11.2 PSV      11 N       6  --  H1 A4 A3
B2  : T -103.35c W -99.72c S  -3.44c ( -3.5 L  -4.0) LCB -151.61c P  0.86% WF  12.0 PSV       7 N       4  --  B2 H1 G5
C2  : T -106.10c W -99.67c S  -6.02c ( -4.5 L  -4.9) LCB -163.05c P  1.27% WF  10.3 PSV       6 N       4  --  C2 D3 B2
C1  : T -105.31c W -99.53c S  -5.79c ( -4.3 L  -5.2) LCB -456.38c P  0.66% WF   3.0 PSV       3 N       1  --  C1
J5  : T -105.49c W -99.27c S  -6.22c ( -4.5 L  -5.3) LCB -456.38c P  0.56% WF   2.8 PSV       2 N       1  --  J5
C4  : T -104.86c W -99.70c S  -5.16c ( -4.1 L  -4.7) LCB -454.86c P  0.42% WF   3.6 PSV       2 N       1  --  C4

2024-06-24 16:51:10-0400: = D3
2024-06-24 16:51:19-0400: Controller: kata-list_time_settings
2024-06-24 16:51:19-0400: = none absolute byoyomi canadian fischer fischer-capped
2024-06-24 16:51:19-0400: Controller: play black j5
2024-06-24 16:51:19-0400: = 
2024-06-24 16:51:19-0400: Controller: genmove white
2024-06-24 16:51:19-0400: MoveNum: 40 HASH: 21238CA87D0EBABB1A12FBD67390AF83
   A B C D E F G H J
 9 . . . . . . . . .
 8 X X . . . . . . .
 7 O X X X . X X . .
 6 O O X O X . X . .
 5 . . O O . X @ X X3
 4 . O . O X1X O O X
 3 . . X O2O O O X X
 2 . . . X O . O O X
 1 . . . . . . . . .

koPOSITIONALscoreAREAtaxNONEsui1komi1.5
Time taken: 0.516
Root visits: 1289
New playouts: 1016
NN rows: 445
NN batches: 43
NN avg batch size: 10.3488
PlayoutDoublingAdvantage: 2.75
PV: G5 H1 H6 H7 G1 J6 J1 A4 A3 H1 E5 F6 J1 B3 A2 H1 J7
Tree:
: T -102.01c W -99.53c S  -2.31c ( -2.6 L  -2.9) N    1289  --  G5 H1 H6 H7 G1 J6 J1
---White(^)---
G5  : T -101.95c W -99.50c S  -2.27c ( -2.6 L  -2.9) LCB -102.46c P 80.02% WF 3945.0 PSV    3943 N    1174  --  G5 H1 H6 H7 G1 J6 J1 A4
H1  : T -102.27c W -99.81c S  -2.36c ( -2.6 L  -3.1) LCB -102.86c P  9.85% WF 384.3 PSV     325 N      88  --  H1 G5 J1 E5 H8 G8 D1 H9
E5  : T -103.28c W -99.77c S  -2.77c ( -2.7 L  -3.2) LCB -105.07c P  2.10% WF  40.8 PSV      33 N      11  --  E5 H1 G5 F6 H6 H7 G1 J6
E8  : T -103.26c W -99.61c S  -3.68c ( -3.0 L  -3.4) LCB -182.41c P  0.85% WF  10.0 PSV       8 N       3  --  E8 H1
E7  : T -102.81c W -99.62c S  -3.18c ( -2.9 L  -3.1) LCB -183.10c P  0.76% WF  10.0 PSV       8 N       3  --  E7 H1
J1  : T -104.89c W -99.69c S  -5.08c ( -3.5 L  -4.1) LCB -262.06c P  0.76% WF   6.7 PSV       6 N       2  --  J1 H1
G1  : T -105.06c W -99.83c S  -5.23c ( -3.5 L  -4.4) LCB -455.86c P  0.71% WF   4.9 PSV       5 N       1  --  G1
H6  : T -104.65c W -99.43c S  -5.21c ( -3.5 L  -4.3) LCB -455.37c P  0.54% WF   4.5 PSV       4 N       1  --  H6
B5  : T -104.50c W -99.89c S  -4.37c ( -3.2 L  -4.1) LCB -454.50c P  0.46% WF   5.3 PSV       4 N       1  --  B5
C2  : T -104.36c W -99.77c S  -4.31c ( -3.2 L  -3.9) LCB -454.36c P  0.44% WF   4.9 PSV       4 N       1  --  C2

2024-06-24 16:51:19-0400: = G5
2024-06-24 16:51:24-0400: Controller: kata-list_time_settings
2024-06-24 16:51:24-0400: = none absolute byoyomi canadian fischer fischer-capped
2024-06-24 16:51:24-0400: Controller: play black h6
2024-06-24 16:51:24-0400: = 
2024-06-24 16:51:24-0400: Controller: genmove white
2024-06-24 16:51:24-0400: MoveNum: 42 HASH: 5AFF0460B2D9A7D48E3B8F22CE0775DA
   A B C D E F G H J
 9 . . . . . . . . .
 8 X X . . . . . . .
 7 O X X X . X X . .
 6 O O X O X . X X3.
 5 . . O O . X O2X X1
 4 . O . O X X O O X
 3 . . X O O O O X X
 2 . . . X O . O O X
 1 . . . . . . . @ .

koPOSITIONALscoreAREAtaxNONEsui1komi1.5
Time taken: 0.531
Root visits: 1147
New playouts: 1098
NN rows: 521
NN batches: 48
NN avg batch size: 10.8542
PlayoutDoublingAdvantage: 2.75
PV: H1 F6 D1 J1 E5 E7 C2 pass B3 pass E1
Tree:
: T -101.55c W -99.83c S  -1.61c ( -1.5 L  -1.4) N    1147  --  H1 F6 D1 J1 E5 E7 C2
---White(^)---
H1  : T -101.50c W -99.83c S  -1.52c ( -1.5 L  -1.4) LCB -101.68c P 34.86% WF 2382.7 PSV    5494 N     509  --  H1 F6 D1 J1 E5 E7 C2 pass
E5  : T -101.53c W -99.83c S  -1.63c ( -1.5 L  -1.4) LCB -101.82c P 55.98% WF 3021.1 PSV    3021 N     623  --  E5 F6 H1 J1 H8 E7 C2 J8
B5  : T -103.48c W -99.93c S  -3.17c ( -2.0 L  -2.5) LCB -181.28c P  0.78% WF  12.6 PSV       9 N       3  --  B5 E5
G1  : T -104.43c W -99.74c S  -4.38c ( -2.4 L  -2.9) LCB -186.11c P  1.44% WF  10.3 PSV       8 N       3  --  G1 H1
B3  : T -103.92c W -99.91c S  -3.98c ( -2.3 L  -2.8) LCB -258.13c P  0.50% WF   8.8 PSV       5 N       2  --  B3 H1
E8  : T -106.71c W -99.55c S  -6.97c ( -3.3 L  -4.1) LCB -458.09c P  1.15% WF   4.5 PSV       4 N       1  --  E8
E7  : T -106.22c W -99.61c S  -6.60c ( -3.2 L  -3.8) LCB -457.56c P  1.05% WF   4.8 PSV       4 N       1  --  E7
D1  : T -104.37c W -99.86c S  -4.65c ( -2.5 L  -3.3) LCB -454.37c P  0.52% WF   5.0 PSV       4 N       1  --  D1
C2  : T -104.02c W -99.81c S  -4.33c ( -2.4 L  -3.1) LCB -454.02c P  0.49% WF   5.1 PSV       4 N       1  --  C2
C4  : T -105.12c W -99.80c S  -5.30c ( -2.7 L  -3.5) LCB -455.12c P  0.45% WF   4.9 PSV       3 N       1  --  C4

2024-06-24 16:51:24-0400: = H1
2024-06-24 16:51:28-0400: Controller: kata-list_time_settings
2024-06-24 16:51:28-0400: = none absolute byoyomi canadian fischer fischer-capped
2024-06-24 16:51:28-0400: Controller: play black e5
2024-06-24 16:51:28-0400: = 
2024-06-24 16:51:28-0400: Controller: genmove white
2024-06-24 16:51:29-0400: MoveNum: 44 HASH: C2F60DB84CC052A43F771ED0BA77989E
   A B C D E F G H J
 9 . . . . . . . . .
 8 X X . . . . . . .
 7 O X X X . X X . .
 6 O O X O X . X X1.
 5 . . O O X3X O X X
 4 . O . O X X O O X
 3 . . X O O O O X X
 2 . . . X O . O O X
 1 . . . . . . . O2@

koPOSITIONALscoreAREAtaxNONEsui1komi1.5
Time taken: 0.5
Root visits: 4460
New playouts: 791
NN rows: 495
NN batches: 48
NN avg batch size: 10.3125
PlayoutDoublingAdvantage: 2.75
PV: J1 H7 D1 E7 C2 pass D2
Tree:
: T -101.29c W -99.88c S  -1.40c ( -1.5 L  -1.4) N    4460  --  J1 H7 D1 E7 C2 pass D2
---White(^)---
J1  : T -101.21c W -99.89c S  -1.30c ( -1.5 L  -1.3) LCB -101.26c P 59.00% WF 17608.2 PSV   17595 N    3598  --  J1 H7 D1 E7 C2 pass D2
E8  : T -101.32c W -99.81c S  -1.48c ( -1.5 L  -1.6) LCB -103.51c P 15.28% WF 2146.1 PSV     636 N     443  --  E8 E7 J1 D8 D1 E9 C2 F8
E7  : T -101.28c W -99.78c S  -1.51c ( -1.6 L  -1.4) LCB -103.98c P  8.58% WF 1685.0 PSV     353 N     350  --  E7 E8 J1 E7 D1 pass C2 pass
B3  : T -106.14c W -99.97c S  -5.90c ( -3.0 L  -3.5) LCB -117.95c P  2.33% WF  38.4 PSV      34 N       8  --  B3 J1 B5
B5  : T -106.00c W -99.78c S  -6.07c ( -3.0 L  -3.4) LCB -115.00c P  2.30% WF  35.9 PSV      34 N       8  --  B5 J1 C2 E7
C4  : T -106.28c W -99.97c S  -6.10c ( -3.1 L  -3.5) LCB -119.33c P  2.30% WF  34.2 PSV      33 N       7  --  C4 J1 D1
C2  : T -105.95c W -99.97c S  -5.96c ( -3.0 L  -3.4) LCB -121.04c P  2.02% WF  34.0 PSV      31 N       7  --  C2 J1 D1 E7
D1  : T -105.90c W -99.97c S  -5.82c ( -3.0 L  -3.4) LCB -117.29c P  1.95% WF  28.7 PSV      30 N       6  --  D1 J1 C4
G1  : T -105.57c W -99.93c S  -5.81c ( -3.0 L  -3.2) LCB -258.15c P  0.67% WF   8.9 PSV       8 N       2  --  G1 J1
F1  : T -105.02c W -99.96c S  -4.75c ( -2.6 L  -2.9) LCB -257.13c P  0.44% WF   9.6 PSV       6 N       2  --  F1 J1

2024-06-24 16:51:29-0400: = J1
2024-06-24 16:51:36-0400: Controller: kata-list_time_settings
2024-06-24 16:51:36-0400: = none absolute byoyomi canadian fischer fischer-capped
2024-06-24 16:51:36-0400: Controller: play black pass
2024-06-24 16:51:36-0400: = 
2024-06-24 16:51:36-0400: Controller: genmove white
2024-06-24 16:51:37-0400: MoveNum: 46 HASH: B7202AEBE2500F385700D39B4C50E040
   A B C D E F G H J
 9 . . . . . . . . .
 8 X X . . . . . . .
 7 O X X X . X X . .
 6 O O X O X . X X .
 5 . . O O X1X O X X
 4 . O . O X X O O X
 3 . . X O O O O X X
 2 . . . X O . O O X
 1 . . . @ . . . O O2

koPOSITIONALscoreAREAtaxNONEsui1komi1.5
Time taken: 0.265
Root visits: 1637
New playouts: 1637
NN rows: 226
NN batches: 24
NN avg batch size: 9.41667
PlayoutDoublingAdvantage: 2.75
PV: D1 E7 H8 G8 C2 H7 B3
Tree:
: T -101.50c W -99.89c S  -1.59c ( -1.5 L  -1.3) N    1637  --  D1 E7 H8 G8 C2 H7 B3
---White(^)---
D1  : T -101.35c W -99.88c S  -1.44c ( -1.4 L  -1.2) LCB -101.47c P 21.36% WF 3577.6 PSV    6755 N     725  --  D1 E7 H8 G8 C2 H7 B3
C2  : T -101.66c W -99.89c S  -1.75c ( -1.5 L  -1.3) LCB -101.87c P 21.70% WF 1891.8 PSV    1506 N     383  --  C2 E7 D1 pass B3 pass C4 pass
B3  : T -101.82c W -99.91c S  -1.87c ( -1.6 L  -1.4) LCB -102.03c P 10.41% WF 715.7 PSV     563 N     143  --  B3 F6 D1 E7 C2 pass C4 pass
C4  : T -101.79c W -99.90c S  -1.85c ( -1.6 L  -1.3) LCB -102.02c P  7.88% WF 609.9 PSV     442 N     123  --  C4 F6 D1 E7 C2 pass B3 pass
B5  : T -101.95c W -99.91c S  -1.95c ( -1.6 L  -1.4) LCB -102.19c P  6.84% WF 377.9 PSV     311 N      76  --  B5 E7 D1 pass C2 pass B3
E8  : T -100.57c W -99.86c S  -0.78c ( -1.2 L  -1.4) LCB -104.19c P  2.15% WF  95.2 PSV      79 N      19  --  E8 E7 D1 F8 C2
H8  : T -101.01c W -99.89c S  -1.13c ( -1.3 L  -1.4) LCB -104.95c P  2.53% WF  73.9 PSV      65 N      15  --  H8 E7 C2
J7  : T -101.11c W -99.83c S  -1.30c ( -1.4 L  -1.4) LCB -113.62c P  1.40% WF  38.7 PSV      33 N       8  --  J7 H7 D1
G8  : T -100.88c W -99.88c S  -1.05c ( -1.3 L  -1.3) LCB -113.40c P  1.19% WF  39.0 PSV      33 N       8  --  G8 E7 D1 F8 B3
G9  : T -101.08c W -99.86c S  -1.24c ( -1.4 L  -1.3) LCB -116.90c P  1.24% WF  33.8 PSV      30 N       7  --  G9 F9 D1

2024-06-24 16:51:37-0400: = D1
2024-06-24 16:51:40-0400: Controller: kata-list_time_settings
2024-06-24 16:51:40-0400: = none absolute byoyomi canadian fischer fischer-capped
2024-06-24 16:51:40-0400: Controller: play black pass
2024-06-24 16:51:40-0400: = 
2024-06-24 16:51:40-0400: Controller: genmove white
2024-06-24 16:51:41-0400: MoveNum: 48 HASH: 8A0DB6DA4956AD2FC18043D8904DA54B
   A B C D E F G H J
 9 . . . . . . . . .
 8 X X . . . . . . .
 7 O X X X . X X . .
 6 O O X O X . X X .
 5 . . O O X X O X X
 4 . O . O X X O O X
 3 . . X O O O O X X
 2 . . @ X O . O O X
 1 . . . O2. . . O O

koPOSITIONALscoreAREAtaxNONEsui1komi1.5
Time taken: 0.172
Root visits: 983
New playouts: 983
NN rows: 124
NN batches: 15
NN avg batch size: 8.26667
PlayoutDoublingAdvantage: 2.75
PV: C2 F6 B3 E7 C4 pass pass
Tree:
: T -101.67c W -99.88c S  -1.73c ( -1.4 L  -1.3) N     983  --  C2 F6 B3 E7 C4 pass pass
---White(^)---
C2  : T -101.79c W -99.88c S  -1.83c ( -1.5 L  -1.3) LCB -101.93c P 24.00% WF 1272.7 PSV    1431 N     262  --  C2 F6 B3 E7 C4 pass pass
B3  : T -101.85c W -99.89c S  -1.88c ( -1.5 L  -1.3) LCB -102.06c P 12.49% WF 809.0 PSV     587 N     166  --  B3 F6 C2 E7 C4 pass pass
E1  : T -101.95c W -99.90c S  -1.96c ( -1.5 L  -1.3) LCB -102.16c P 11.60% WF 633.8 PSV     468 N     129  --  E1 E7 C2 pass B3 pass D2
C4  : T -101.90c W -99.90c S  -1.92c ( -1.5 L  -1.3) LCB -102.10c P  8.41% WF 560.3 PSV     363 N     114  --  C4 F6 C2 E7 B3 pass pass
B5  : T -102.09c W -99.92c S  -2.11c ( -1.6 L  -1.4) LCB -102.30c P 10.45% WF 466.1 PSV     345 N      94  --  B5 F6 C2 E7 B3 pass
H8  : T -100.76c W -99.83c S  -0.95c ( -1.2 L  -1.3) LCB -103.71c P  3.21% WF 110.7 PSV      84 N      23  --  H8 E7 B3
E8  : T -100.63c W -99.84c S  -0.86c ( -1.2 L  -1.3) LCB -104.22c P  2.31% WF  92.1 PSV      67 N      19  --  E8 D8 C2 E7
J7  : T -100.66c W -99.78c S  -0.89c ( -1.2 L  -1.3) LCB -106.43c P  1.44% WF  61.0 PSV      41 N      13  --  J7 H7 C2
G8  : T -100.53c W -99.80c S  -0.68c ( -1.1 L  -1.1) LCB -107.96c P  1.19% WF  52.5 PSV      39 N      11  --  G8 E7 C2
G9  : T -100.75c W -99.79c S  -0.90c ( -1.2 L  -1.1) LCB -110.97c P  1.32% WF  42.8 PSV      34 N       9  --  G9 G8 C2

2024-06-24 16:51:41-0400: = C2
2024-06-24 16:51:43-0400: Controller: kata-list_time_settings
2024-06-24 16:51:43-0400: = none absolute byoyomi canadian fischer fischer-capped
2024-06-24 16:51:43-0400: Controller: play black pass
2024-06-24 16:51:43-0400: = 
2024-06-24 16:51:43-0400: Controller: genmove white
2024-06-24 16:51:44-0400: MoveNum: 50 HASH: 6398E409C66DCA69CF131F9D25557AB4
   A B C D E F G H J
 9 . . . . . . . . .
 8 X X . . . . . . .
 7 O X X X . X X . .
 6 O O X O X . X X .
 5 . . O O X X O X X
 4 . O . O X X O O X
 3 . . X O O O O X X
 2 . . O2@ O . O O X
 1 . . . O . . . O O

koPOSITIONALscoreAREAtaxNONEsui1komi1.5
Time taken: 0.141
Root visits: 1020
New playouts: 1020
NN rows: 112
NN batches: 15
NN avg batch size: 7.46667
PlayoutDoublingAdvantage: 2.75
PV: D2 F6 B3 E7 C4 pass B5 pass
Tree:
: T -101.40c W -99.88c S  -1.48c ( -1.4 L  -1.3) N    1020  --  D2 F6 B3 E7 C4 pass B5
---White(^)---
D2  : T -101.24c W -99.91c S  -1.32c ( -1.3 L  -1.2) LCB -101.45c P  7.20% WF 792.1 PSV    3573 N     155  --  D2 F6 B3 E7 C4 pass B5 pass
B3  : T -101.45c W -99.89c S  -1.52c ( -1.4 L  -1.3) LCB -101.61c P 22.81% WF 1298.6 PSV    1299 N     258  --  B3 F6 C4 E7 C3 pass D2
C4  : T -101.46c W -99.90c S  -1.54c ( -1.4 L  -1.3) LCB -101.64c P 13.01% WF 940.0 PSV     712 N     184  --  C4 F6 B3 E7 C3 pass D2
E1  : T -101.67c W -99.91c S  -1.78c ( -1.5 L  -1.4) LCB -101.89c P 14.32% WF 650.3 PSV     555 N     129  --  E1 F6 B3 E7 C4 pass pass
C1  : T -101.72c W -99.90c S  -1.80c ( -1.5 L  -1.3) LCB -102.03c P  8.58% WF 376.3 PSV     311 N      76  --  C1 F6 B3 E7 C4 pass pass
B5  : T -101.72c W -99.91c S  -1.85c ( -1.5 L  -1.4) LCB -101.98c P  6.07% WF 280.9 PSV     222 N      57  --  B5 F6 B3 E7 C4 pass C3
H8  : T -100.98c W -99.82c S  -0.92c ( -1.2 L  -1.1) LCB -108.41c P  2.30% WF  51.5 PSV      40 N      11  --  H8 F6 B3
J7  : T -100.47c W -99.72c S  -0.68c ( -1.1 L  -1.0) LCB -113.09c P  1.17% WF  37.6 PSV      29 N       8  --  J7 E7 H8
C9  : T -100.67c W -99.75c S  -0.77c ( -1.2 L  -1.0) LCB -116.59c P  1.25% WF  33.1 PSV      27 N       7  --  C9 E7 B3
E8  : T -101.29c W -99.76c S  -1.29c ( -1.3 L  -1.3) LCB -117.22c P  1.82% WF  31.9 PSV      26 N       7  --  E8 E7 B3

2024-06-24 16:51:44-0400: = D2
2024-06-24 16:51:46-0400: Controller: kata-list_time_settings
2024-06-24 16:51:46-0400: = none absolute byoyomi canadian fischer fischer-capped
2024-06-24 16:51:46-0400: Controller: play black pass
2024-06-24 16:51:46-0400: = 
2024-06-24 16:51:46-0400: Controller: genmove white
2024-06-24 16:51:46-0400: MoveNum: 52 HASH: DFA24FC213DA04D4706E429B373D054D
   A B C D E F G H J
 9 . . . . . . . . .
 8 X X . . . . . . .
 7 O X X X . X X . .
 6 O O X O X . X X .
 5 . . O O X X O X X
 4 . O @ O X X O O X
 3 . . X O O O O X X
 2 . . O O2O . O O X
 1 . . . O . . . O O

koPOSITIONALscoreAREAtaxNONEsui1komi1.5
Time taken: 0.141
Root visits: 1043
New playouts: 1043
NN rows: 98
NN batches: 13
NN avg batch size: 7.53846
PlayoutDoublingAdvantage: 2.75
PV: C4 F6 B5 E7 B3 pass pass
Tree:
: T -101.40c W -99.89c S  -1.42c ( -1.3 L  -1.3) N    1043  --  C4 F6 B5 E7 B3 pass pass
---White(^)---
C4  : T -101.38c W -99.89c S  -1.40c ( -1.3 L  -1.3) LCB -101.57c P 18.92% WF 1814.3 PSV    4355 N     329  --  C4 F6 B5 E7 B3 pass pass
B3  : T -101.48c W -99.90c S  -1.48c ( -1.3 L  -1.3) LCB -101.74c P 32.40% WF 2004.4 PSV    2006 N     370  --  B3 F6 C4 E7 B5 pass pass
B5  : T -101.55c W -99.90c S  -1.55c ( -1.4 L  -1.3) LCB -102.04c P 13.02% WF 895.3 PSV     705 N     167  --  B5 pass B3 E7 C4 pass pass
H8  : T -101.37c W -99.87c S  -1.21c ( -1.2 L  -1.3) LCB -106.62c P  3.55% WF  61.9 PSV      55 N      13  --  H8 F6 B3 E7 C4 H9
E8  : T -101.51c W -99.81c S  -1.50c ( -1.3 L  -1.4) LCB -114.10c P  2.36% WF  37.0 PSV      34 N       8  --  E8 D8 B3
G9  : T -100.89c W -99.81c S  -1.00c ( -1.2 L  -1.0) LCB -116.76c P  1.51% WF  33.5 PSV      30 N       7  --  G9 E7 B3
H9  : T -100.86c W -99.84c S  -0.92c ( -1.2 L  -1.0) LCB -116.72c P  1.44% WF  33.4 PSV      30 N       7  --  H9 J9 B3
J7  : T -100.99c W -99.82c S  -0.99c ( -1.2 L  -1.1) LCB -113.51c P  1.47% WF  38.0 PSV      28 N       8  --  J7 H7 B3
F9  : T -100.93c W -99.82c S  -1.01c ( -1.2 L  -1.1) LCB -113.45c P  1.42% WF  37.7 PSV      28 N       8  --  F9 E7 B3
C9  : T -101.18c W -99.84c S  -1.16c ( -1.2 L  -1.1) LCB -117.11c P  1.52% WF  34.0 PSV      26 N       7  --  C9 E7 B3

2024-06-24 16:51:46-0400: = C4
2024-06-24 16:51:49-0400: Controller: kata-list_time_settings
2024-06-24 16:51:49-0400: = none absolute byoyomi canadian fischer fischer-capped
2024-06-24 16:51:49-0400: Controller: play black pass
2024-06-24 16:51:49-0400: = 
2024-06-24 16:51:49-0400: Controller: genmove white
2024-06-24 16:51:49-0400: MoveNum: 54 HASH: 1043CD9051883DBAD64B62B5BBEEC6AD
   A B C D E F G H J
 9 . . . . . . . . .
 8 X X . . . . . . .
 7 O X X X . X X . .
 6 O O X O X . X X .
 5 . . O O X X O X X
 4 . O O2O X X O O X
 3 . @ X O O O O X X
 2 . . O O O . O O X
 1 . . . O . . . O O

koPOSITIONALscoreAREAtaxNONEsui1komi1.5
Time taken: 0.125
Root visits: 673
New playouts: 673
NN rows: 56
NN batches: 13
NN avg batch size: 4.30769
PlayoutDoublingAdvantage: 2.75
PV: B3 F6 B5 E7 pass pass
Tree:
: T -101.69c W -99.88c S  -1.69c ( -1.3 L  -1.3) N     673  --  B3 F6 B5 E7 pass pass
---White(^)---
B3  : T -101.79c W -99.91c S  -1.77c ( -1.3 L  -1.4) LCB -101.99c P 44.08% WF 1941.7 PSV    1943 N     330  --  B3 F6 B5 E7 pass pass
B5  : T -101.85c W -99.90c S  -1.78c ( -1.4 L  -1.4) LCB -102.15c P 17.48% WF 942.2 PSV     699 N     166  --  B5 E7 B3 pass pass
H8  : T -101.46c W -99.84c S  -1.35c ( -1.2 L  -1.3) LCB -106.64c P  3.51% WF  60.3 PSV      46 N      13  --  H8 F6 B3 J8 B5 H7
E8  : T -101.64c W -99.80c S  -1.56c ( -1.3 L  -1.5) LCB -111.99c P  2.34% WF  42.0 PSV      28 N       9  --  E8 E7 B3
E9  : T -100.89c W -99.80c S  -1.05c ( -1.1 L  -1.1) LCB -116.72c P  1.40% WF  33.2 PSV      27 N       7  --  E9 E8 B3
J7  : T -101.15c W -99.77c S  -1.23c ( -1.2 L  -1.2) LCB -113.71c P  1.62% WF  37.7 PSV      26 N       8  --  J7 H7 B3
C9  : T -101.14c W -99.74c S  -1.33c ( -1.2 L  -1.1) LCB -117.06c P  1.58% WF  32.5 PSV      25 N       7  --  C9 E7 B3
D9  : T -101.05c W -99.74c S  -1.23c ( -1.2 L  -1.1) LCB -116.98c P  1.48% WF  32.8 PSV      25 N       7  --  D9 E7 B3
F9  : T -101.19c W -99.74c S  -1.34c ( -1.2 L  -1.1) LCB -117.12c P  1.56% WF  32.8 PSV      24 N       7  --  F9 E7 B3
G8  : T -100.97c W -99.74c S  -1.10c ( -1.1 L  -1.0) LCB -116.88c P  1.26% WF  32.3 PSV      23 N       7  --  G8 E7 B3

2024-06-24 16:51:49-0400: = B3
2024-06-24 16:51:52-0400: Controller: kata-list_time_settings
2024-06-24 16:51:52-0400: = none absolute byoyomi canadian fischer fischer-capped
2024-06-24 16:51:52-0400: Controller: play black pass
2024-06-24 16:51:52-0400: = 
2024-06-24 16:51:52-0400: Controller: genmove white
2024-06-24 16:51:52-0400: MoveNum: 56 HASH: 762E8DD1F58C3BFCB2C18DCBE5FB383C
   A B C D E F G H J
 9 . . . . . . . . .
 8 X X . . . . . . .
 7 O X X X . X X . .
 6 O O X O X . X X .
 5 . @ O O X X O X X
 4 . O O O X X O O X
 3 . O2. O O O O X X
 2 . . O O O . O O X
 1 . . . O . . . O O

koPOSITIONALscoreAREAtaxNONEsui1komi1.5
Time taken: 0.125
Root visits: 512
New playouts: 512
NN rows: 30
NN batches: 13
NN avg batch size: 2.30769
PlayoutDoublingAdvantage: 2.75
PV: B5 E7 pass pass
Tree:
: T -101.82c W -99.91c S  -1.75c ( -1.3 L  -1.3) N     512  --  B5 E7 pass pass
---White(^)---
B5  : T -101.90c W -99.92c S  -1.79c ( -1.3 L  -1.4) LCB -102.15c P 40.69% WF 1445.8 PSV    2141 N     247  --  B5 E7 pass pass
pss : T -102.12c W -99.94c S  -2.07c ( -1.4 L  -1.4) LCB -102.35c P 32.64% WF 940.6 PSV     841 N     144  --  pass F6 B5 pass pass
H8  : T -101.71c W -99.88c S  -1.39c ( -1.2 L  -1.3) LCB -106.37c P  4.63% WF  66.2 PSV      48 N      14  --  H8 E7 B5 H9 pass
J7  : T -100.66c W -99.81c S  -0.78c ( -1.0 L  -1.0) LCB -116.56c P  1.08% WF  33.0 PSV      24 N       7  --  J7 H7 B5
G9  : T -100.81c W -99.81c S  -0.88c ( -1.0 L  -1.0) LCB -116.78c P  1.19% WF  33.2 PSV      23 N       7  --  G9 G8 pass
H9  : T -101.18c W -99.86c S  -1.14c ( -1.1 L  -1.0) LCB -113.80c P  1.27% WF  38.1 PSV      18 N       8  --  H9 J9 B5
C9  : T -101.03c W -99.84c S  -0.99c ( -1.1 L  -1.0) LCB -117.01c P  1.10% WF  33.4 PSV      17 N       7  --  C9 C8 pass
E8  : T -101.55c W -99.76c S  -1.48c ( -1.2 L  -1.2) LCB -122.96c P  1.53% WF  27.0 PSV      17 N       6  --  E8 E7 pass
F9  : T -101.10c W -99.83c S  -1.04c ( -1.1 L  -0.9) LCB -117.09c P  1.11% WF  33.2 PSV      16 N       7  --  F9 E7 pass
J8  : T -100.99c W -99.85c S  -1.12c ( -1.1 L  -1.0) LCB -116.94c P  0.98% WF  33.7 PSV      16 N       7  --  J8 E7 B5

2024-06-24 16:51:52-0400: = B5
2024-06-24 16:51:55-0400: Controller: kata-list_time_settings
2024-06-24 16:51:55-0400: = none absolute byoyomi canadian fischer fischer-capped
2024-06-24 16:51:55-0400: Controller: play black pass
2024-06-24 16:51:55-0400: = 
2024-06-24 16:51:55-0400: Controller: genmove white
2024-06-24 16:51:55-0400: MoveNum: 58 HASH: 2E019C9C035636A31666985E435B59D4
   A B C D E F G H J
 9 . . . . . . . . .
 8 X X . . . . . . .
 7 O X X X . X X . .
 6 O O X O X . X X .
 5 . O2O O X X O X X
 4 . O O O X X O O X
 3 . O . O O O O X X
 2 . . O O O . O O X
 1 . . . O . . . O O

koPOSITIONALscoreAREAtaxNONEsui1komi1.5
Time taken: 0.125
Root visits: 628
New playouts: 628
NN rows: 49
NN batches: 11
NN avg batch size: 4.45455
PlayoutDoublingAdvantage: 2.75
PV: pass pass
Tree:
: T -101.79c W -99.91c S  -1.86c ( -1.3 L  -1.3) N     628  --  pass pass
---White(^)---
pss : T -102.00c W -99.93c S  -2.06c ( -1.4 L  -1.4) LCB -102.20c P 53.54% WF 2548.2 PSV    2553 N     423  --  pass pass
H8  : T -101.08c W -99.87c S  -1.31c ( -1.1 L  -1.3) LCB -103.06c P 16.87% WF 393.2 PSV     344 N      81  --  H8 E7 pass H7 pass G8 pass J8
G9  : T -101.66c W -99.87c S  -1.62c ( -1.2 L  -1.2) LCB -112.02c P  2.71% WF  43.3 PSV      36 N       9  --  G9 F9 pass
E8  : T -101.94c W -99.84c S  -1.94c ( -1.3 L  -1.5) LCB -114.59c P  3.05% WF  37.1 PSV      35 N       8  --  E8 F8 pass
F9  : T -101.57c W -99.85c S  -1.60c ( -1.2 L  -1.3) LCB -111.93c P  2.31% WF  43.1 PSV      32 N       9  --  F9 F8 pass
H9  : T -101.81c W -99.87c S  -1.74c ( -1.3 L  -1.2) LCB -112.21c P  2.47% WF  43.1 PSV      30 N       9  --  H9 J9 pass
G8  : T -100.21c W -99.81c S  -0.46c ( -0.9 L  -0.8) LCB -121.20c P  0.69% WF  28.1 PSV      28 N       6  --  G8 F6
F8  : T -100.28c W -99.81c S  -0.51c ( -0.9 L  -0.8) LCB -121.23c P  0.56% WF  28.1 PSV      28 N       6  --  F8 F6
J7  : T -101.67c W -99.87c S  -1.45c ( -1.2 L  -1.2) LCB -114.40c P  2.03% WF  38.0 PSV      26 N       8  --  J7 H7 pass
D9  : T -101.49c W -99.88c S  -1.53c ( -1.2 L  -1.2) LCB -114.18c P  1.69% WF  39.0 PSV      25 N       8  --  D9 E9 pass

2024-06-24 16:51:55-0400: = pass
2024-06-24 16:51:58-0400: Controller: quit
2024-06-24 16:51:58-0400: Quit requested by controller
2024-06-24 16:51:58-0400: = 
2024-06-24 16:51:58-0400: GPU -1 finishing, processed 161384 rows 15309 batches
2024-06-24 16:51:58-0400: All cleaned up, quitting
