2024-06-27 20:06:20-0400: Running with following config:
allowResignation = true
lagBuffer = 1.0
logAllGTPCommunication = true
logDir = gtp_logs
logSearchInfo = true
logSearchInfoForChosenMove = false
logToStderr = false
maxTime = 1.0
maxTimePondering = 120.0
numSearchThreads = 32
ogsChatToStderr = true
ponderingEnabled = true
resignConsecTurns = 3
resignThreshold = -0.90
rules = tromp-taylor
searchFactorAfterOnePass = 0.50
searchFactorAfterTwoPass = 0.25
searchFactorWhenWinning = 0.40
searchFactorWhenWinningThreshold = 0.95

2024-06-27 20:06:20-0400: GTP Engine starting...
2024-06-27 20:06:20-0400: KataGo v1.14.1
2024-06-27 20:06:20-0400: Using TrompTaylor rules initially, unless GTP/GUI overrides this
2024-06-27 20:06:20-0400: Using 32 CPU thread(s) for search
2024-06-27 20:06:20-0400: nnRandSeed0 = 8139338410531325136
2024-06-27 20:06:20-0400: After dedups: nnModelFile0 = C:\Users\chang\Downloads\kata1-b18c384nbt-s9937771520-d4300882049.bin.gz useFP16 auto useNHWC auto
2024-06-27 20:06:20-0400: Initializing neural net buffer to be size 19 * 19 exactly
2024-06-27 20:06:23-0400: Cuda backend thread 0: Found GPU NVIDIA GeForce RTX 4060 Laptop GPU memory 8585216000 compute capability major 8 minor 9
2024-06-27 20:06:23-0400: Cuda backend thread 0: Model version 14 useFP16 = true useNHWC = true
2024-06-27 20:06:23-0400: Cuda backend thread 0: Model name: kata1-b18c384nbt-s9937771520-d4300882049
2024-06-27 20:06:26-0400: Loaded neural net with nnXLen 19 nnYLen 19
2024-06-27 20:06:26-0400: Initializing board with boardXSize 19 boardYSize 19
2024-06-27 20:06:26-0400: Loaded config C:\Users\chang\Downloads\katago-v1.14.1-cuda12.1-cudnn8.9.7-windows-x64\default_gtp.cfg
2024-06-27 20:06:26-0400: Loaded model C:\Users\chang\Downloads\kata1-b18c384nbt-s9937771520-d4300882049.bin.gz
2024-06-27 20:06:26-0400: Model name: kata1-b18c384nbt-s9937771520-d4300882049
2024-06-27 20:06:26-0400: GTP ready, beginning main protocol loop
2024-06-27 20:06:26-0400: Controller: name
2024-06-27 20:06:26-0400: = KataGo
2024-06-27 20:06:26-0400: Controller: version
2024-06-27 20:06:26-0400: = 1.14.1
2024-06-27 20:06:26-0400: Controller: list_commands
2024-06-27 20:06:26-0400: = protocol_version
name
version
known_command
list_commands
quit
boardsize
rectangular_boardsize
clear_board
set_position
komi
get_komi
play
undo
kata-get-rules
kata-set-rule
kata-set-rules
kata-get-param
kata-set-param
kata-list-params
kgs-rules
genmove
genmove_debug
search_debug
clear_cache
showboard
fixed_handicap
place_free_handicap
set_free_handicap
time_settings
kgs-time_settings
time_left
kata-list_time_settings
kata-time_settings
final_score
final_status_list
loadsgf
printsgf
lz-genmove_analyze
kata-genmove_analyze
lz-analyze
kata-analyze
kata-raw-nn
cputime
gomill-cpu_time
kata-benchmark
kata-debug-print-tc
debug_moves
stop
2024-06-27 20:06:26-0400: Controller: komi 7.5
2024-06-27 20:06:26-0400: = 
2024-06-27 20:06:26-0400: Controller: boardsize 19
2024-06-27 20:06:26-0400: = 
2024-06-27 20:06:26-0400: Controller: kata-get-param playoutDoublingAdvantage
2024-06-27 20:06:26-0400: = 0
2024-06-27 20:06:26-0400: Controller: kata-get-param analysisWideRootNoise
2024-06-27 20:06:26-0400: = 0.04
2024-06-27 20:06:26-0400: Controller: kata-get-rules
2024-06-27 20:06:26-0400: = {"friendlyPassOk":false,"hasButton":false,"ko":"POSITIONAL","scoring":"AREA","suicide":true,"tax":"NONE","whiteHandicapBonus":"0"}
2024-06-27 20:06:26-0400: Controller: clear_board
2024-06-27 20:06:26-0400: = 
2024-06-27 20:06:26-0400: Controller: time_settings 0 2 1
2024-06-27 20:06:26-0400: = 
2024-06-27 20:06:26-0400: Controller: kata-analyze B 10
2024-06-27 20:06:26-0400: = 
2024-06-27 20:06:39-0400: Controller: clear_board
2024-06-27 20:06:39-0400: = 
2024-06-27 20:06:39-0400: Controller: kata-analyze B 10
2024-06-27 20:06:39-0400: = 
2024-06-27 20:06:39-0400: Controller: komi 7.5
2024-06-27 20:06:39-0400: = 
2024-06-27 20:06:39-0400: Controller: kata-analyze B 10
2024-06-27 20:06:39-0400: = 
2024-06-27 20:06:39-0400: Controller: play B K19
2024-06-27 20:06:39-0400: = 
2024-06-27 20:06:39-0400: Controller: kata-analyze W 10
2024-06-27 20:06:39-0400: = 
2024-06-27 20:06:39-0400: Controller: play B L19
2024-06-27 20:06:39-0400: = 
2024-06-27 20:06:39-0400: Controller: play W M19
2024-06-27 20:06:39-0400: = 
2024-06-27 20:06:39-0400: Controller: play B O19
2024-06-27 20:06:39-0400: = 
2024-06-27 20:06:39-0400: Controller: play W P19
2024-06-27 20:06:39-0400: = 
2024-06-27 20:06:39-0400: Controller: play W Q19
2024-06-27 20:06:39-0400: = 
2024-06-27 20:06:39-0400: Controller: play W R19
2024-06-27 20:06:39-0400: = 
2024-06-27 20:06:39-0400: Controller: play W S19
2024-06-27 20:06:39-0400: = 
2024-06-27 20:06:39-0400: Controller: play W T19
2024-06-27 20:06:39-0400: = 
2024-06-27 20:06:39-0400: Controller: play B C18
2024-06-27 20:06:39-0400: = 
2024-06-27 20:06:39-0400: Controller: play B E18
2024-06-27 20:06:39-0400: = 
2024-06-27 20:06:39-0400: Controller: play W G18
2024-06-27 20:06:39-0400: = 
2024-06-27 20:06:39-0400: Controller: play B K18
2024-06-27 20:06:39-0400: = 
2024-06-27 20:06:39-0400: Controller: play W L18
2024-06-27 20:06:39-0400: = 
2024-06-27 20:06:39-0400: Controller: play W N18
2024-06-27 20:06:39-0400: = 
2024-06-27 20:06:39-0400: Controller: play B O18
2024-06-27 20:06:39-0400: = 
2024-06-27 20:06:39-0400: Controller: play W P18
2024-06-27 20:06:39-0400: = 
2024-06-27 20:06:39-0400: Controller: play B Q18
2024-06-27 20:06:39-0400: = 
2024-06-27 20:06:39-0400: Controller: play B R18
2024-06-27 20:06:39-0400: = 
2024-06-27 20:06:39-0400: Controller: play W S18
2024-06-27 20:06:39-0400: = 
2024-06-27 20:06:39-0400: Controller: play B T18
2024-06-27 20:06:39-0400: = 
2024-06-27 20:06:39-0400: Controller: play B B17
2024-06-27 20:06:39-0400: = 
2024-06-27 20:06:39-0400: Controller: play B D17
2024-06-27 20:06:39-0400: = 
2024-06-27 20:06:39-0400: Controller: play W E17
2024-06-27 20:06:39-0400: = 
2024-06-27 20:06:39-0400: Controller: play W F17
2024-06-27 20:06:39-0400: = 
2024-06-27 20:06:39-0400: Controller: play W G17
2024-06-27 20:06:39-0400: = 
2024-06-27 20:06:39-0400: Controller: play B H17
2024-06-27 20:06:39-0400: = 
2024-06-27 20:06:39-0400: Controller: play W J17
2024-06-27 20:06:39-0400: = 
2024-06-27 20:06:39-0400: Controller: play B K17
2024-06-27 20:06:39-0400: = 
2024-06-27 20:06:39-0400: Controller: play B L17
2024-06-27 20:06:39-0400: = 
2024-06-27 20:06:39-0400: Controller: play W M17
2024-06-27 20:06:39-0400: = 
2024-06-27 20:06:39-0400: Controller: play B O17
2024-06-27 20:06:39-0400: = 
2024-06-27 20:06:39-0400: Controller: play W P17
2024-06-27 20:06:39-0400: = 
2024-06-27 20:06:39-0400: Controller: play W Q17
2024-06-27 20:06:40-0400: = 
2024-06-27 20:06:40-0400: Controller: play B R17
2024-06-27 20:06:40-0400: = 
2024-06-27 20:06:40-0400: Controller: play B S17
2024-06-27 20:06:40-0400: = 
2024-06-27 20:06:40-0400: Controller: play B B16
2024-06-27 20:06:40-0400: = 
2024-06-27 20:06:40-0400: Controller: play B C16
2024-06-27 20:06:40-0400: = 
2024-06-27 20:06:40-0400: Controller: play W D16
2024-06-27 20:06:40-0400: = 
2024-06-27 20:06:40-0400: Controller: play W E16
2024-06-27 20:06:40-0400: = 
2024-06-27 20:06:40-0400: Controller: play B F16
2024-06-27 20:06:40-0400: = 
2024-06-27 20:06:40-0400: Controller: play W G16
2024-06-27 20:06:40-0400: = 
2024-06-27 20:06:40-0400: Controller: play B H16
2024-06-27 20:06:40-0400: = 
2024-06-27 20:06:40-0400: Controller: play W J16
2024-06-27 20:06:40-0400: = 
2024-06-27 20:06:40-0400: Controller: play B K16
2024-06-27 20:06:40-0400: = 
2024-06-27 20:06:40-0400: Controller: play W N16
2024-06-27 20:06:40-0400: = 
2024-06-27 20:06:40-0400: Controller: play W Q16
2024-06-27 20:06:40-0400: = 
2024-06-27 20:06:40-0400: Controller: play B R16
2024-06-27 20:06:40-0400: = 
2024-06-27 20:06:40-0400: Controller: play B T16
2024-06-27 20:06:40-0400: = 
2024-06-27 20:06:40-0400: Controller: play W B15
2024-06-27 20:06:40-0400: = 
2024-06-27 20:06:40-0400: Controller: play W C15
2024-06-27 20:06:40-0400: = 
2024-06-27 20:06:40-0400: Controller: play B D15
2024-06-27 20:06:40-0400: = 
2024-06-27 20:06:40-0400: Controller: play B E15
2024-06-27 20:06:40-0400: = 
2024-06-27 20:06:40-0400: Controller: play B F15
2024-06-27 20:06:40-0400: = 
2024-06-27 20:06:40-0400: Controller: play B G15
2024-06-27 20:06:40-0400: = 
2024-06-27 20:06:40-0400: Controller: play B H15
2024-06-27 20:06:40-0400: = 
2024-06-27 20:06:40-0400: Controller: play B K15
2024-06-27 20:06:40-0400: = 
2024-06-27 20:06:40-0400: Controller: play B L15
2024-06-27 20:06:40-0400: = 
2024-06-27 20:06:40-0400: Controller: play W M15
2024-06-27 20:06:40-0400: = 
2024-06-27 20:06:40-0400: Controller: play W O15
2024-06-27 20:06:40-0400: = 
2024-06-27 20:06:40-0400: Controller: play W Q15
2024-06-27 20:06:40-0400: = 
2024-06-27 20:06:40-0400: Controller: play W R15
2024-06-27 20:06:40-0400: = 
2024-06-27 20:06:40-0400: Controller: play B S15
2024-06-27 20:06:40-0400: = 
2024-06-27 20:06:40-0400: Controller: play B T15
2024-06-27 20:06:40-0400: = 
2024-06-27 20:06:40-0400: Controller: play W B14
2024-06-27 20:06:40-0400: = 
2024-06-27 20:06:40-0400: Controller: play B C14
2024-06-27 20:06:40-0400: = 
2024-06-27 20:06:40-0400: Controller: play W D14
2024-06-27 20:06:40-0400: = 
2024-06-27 20:06:40-0400: Controller: play B F14
2024-06-27 20:06:40-0400: = 
2024-06-27 20:06:40-0400: Controller: play W G14
2024-06-27 20:06:40-0400: = 
2024-06-27 20:06:40-0400: Controller: play B H14
2024-06-27 20:06:40-0400: = 
2024-06-27 20:06:40-0400: Controller: play B M14
2024-06-27 20:06:40-0400: = 
2024-06-27 20:06:40-0400: Controller: play W N14
2024-06-27 20:06:40-0400: = 
2024-06-27 20:06:40-0400: Controller: play B P14
2024-06-27 20:06:40-0400: = 
2024-06-27 20:06:40-0400: Controller: play W Q14
2024-06-27 20:06:40-0400: = 
2024-06-27 20:06:40-0400: Controller: play B R14
2024-06-27 20:06:40-0400: = 
2024-06-27 20:06:40-0400: Controller: play B S14
2024-06-27 20:06:40-0400: = 
2024-06-27 20:06:40-0400: Controller: play W T14
2024-06-27 20:06:40-0400: = 
2024-06-27 20:06:40-0400: Controller: play W D13
2024-06-27 20:06:40-0400: = 
2024-06-27 20:06:40-0400: Controller: play W F13
2024-06-27 20:06:40-0400: = 
2024-06-27 20:06:40-0400: Controller: play W G13
2024-06-27 20:06:40-0400: = 
2024-06-27 20:06:40-0400: Controller: play B H13
2024-06-27 20:06:40-0400: = 
2024-06-27 20:06:40-0400: Controller: play B M13
2024-06-27 20:06:40-0400: = 
2024-06-27 20:06:40-0400: Controller: play W N13
2024-06-27 20:06:40-0400: = 
2024-06-27 20:06:40-0400: Controller: play B O13
2024-06-27 20:06:40-0400: = 
2024-06-27 20:06:40-0400: Controller: play B Q13
2024-06-27 20:06:41-0400: = 
2024-06-27 20:06:41-0400: Controller: play W R13
2024-06-27 20:06:41-0400: = 
2024-06-27 20:06:41-0400: Controller: play W T13
2024-06-27 20:06:41-0400: = 
2024-06-27 20:06:41-0400: Controller: play W E12
2024-06-27 20:06:41-0400: = 
2024-06-27 20:06:41-0400: Controller: play W F12
2024-06-27 20:06:41-0400: = 
2024-06-27 20:06:41-0400: Controller: play B G12
2024-06-27 20:06:41-0400: = 
2024-06-27 20:06:41-0400: Controller: play B H12
2024-06-27 20:06:41-0400: = 
2024-06-27 20:06:41-0400: Controller: play B K12
2024-06-27 20:06:41-0400: = 
2024-06-27 20:06:41-0400: Controller: play B L12
2024-06-27 20:06:41-0400: = 
2024-06-27 20:06:41-0400: Controller: play W M12
2024-06-27 20:06:41-0400: = 
2024-06-27 20:06:41-0400: Controller: play W N12
2024-06-27 20:06:41-0400: = 
2024-06-27 20:06:41-0400: Controller: play W O12
2024-06-27 20:06:41-0400: = 
2024-06-27 20:06:41-0400: Controller: play B P12
2024-06-27 20:06:41-0400: = 
2024-06-27 20:06:41-0400: Controller: play B Q12
2024-06-27 20:06:41-0400: = 
2024-06-27 20:06:41-0400: Controller: play W R12
2024-06-27 20:06:41-0400: = 
2024-06-27 20:06:41-0400: Controller: play W S12
2024-06-27 20:06:41-0400: = 
2024-06-27 20:06:41-0400: Controller: play W D11
2024-06-27 20:06:41-0400: = 
2024-06-27 20:06:41-0400: Controller: play B E11
2024-06-27 20:06:41-0400: = 
2024-06-27 20:06:41-0400: Controller: play B F11
2024-06-27 20:06:41-0400: = 
2024-06-27 20:06:41-0400: Controller: play B G11
2024-06-27 20:06:41-0400: = 
2024-06-27 20:06:41-0400: Controller: play W L11
2024-06-27 20:06:41-0400: = 
2024-06-27 20:06:41-0400: Controller: play W N11
2024-06-27 20:06:41-0400: = 
2024-06-27 20:06:41-0400: Controller: play B O11
2024-06-27 20:06:41-0400: = 
2024-06-27 20:06:41-0400: Controller: play W P11
2024-06-27 20:06:41-0400: = 
2024-06-27 20:06:41-0400: Controller: play B R11
2024-06-27 20:06:41-0400: = 
2024-06-27 20:06:41-0400: Controller: play W S11
2024-06-27 20:06:41-0400: = 
2024-06-27 20:06:41-0400: Controller: play W D10
2024-06-27 20:06:41-0400: = 
2024-06-27 20:06:41-0400: Controller: play W E10
2024-06-27 20:06:41-0400: = 
2024-06-27 20:06:41-0400: Controller: play W F10
2024-06-27 20:06:41-0400: = 
2024-06-27 20:06:41-0400: Controller: play B G10
2024-06-27 20:06:41-0400: = 
2024-06-27 20:06:41-0400: Controller: play B J10
2024-06-27 20:06:41-0400: = 
2024-06-27 20:06:41-0400: Controller: play W L10
2024-06-27 20:06:41-0400: = 
2024-06-27 20:06:41-0400: Controller: play W M10
2024-06-27 20:06:41-0400: = 
2024-06-27 20:06:41-0400: Controller: play W N10
2024-06-27 20:06:41-0400: = 
2024-06-27 20:06:41-0400: Controller: play B O10
2024-06-27 20:06:41-0400: = 
2024-06-27 20:06:41-0400: Controller: play W P10
2024-06-27 20:06:41-0400: = 
2024-06-27 20:06:41-0400: Controller: play B R10
2024-06-27 20:06:41-0400: = 
2024-06-27 20:06:41-0400: Controller: play W S10
2024-06-27 20:06:41-0400: = 
2024-06-27 20:06:41-0400: Controller: play W A9
2024-06-27 20:06:41-0400: = 
2024-06-27 20:06:41-0400: Controller: play W B9
2024-06-27 20:06:41-0400: = 
2024-06-27 20:06:41-0400: Controller: play W F9
2024-06-27 20:06:41-0400: = 
2024-06-27 20:06:41-0400: Controller: play W G9
2024-06-27 20:06:41-0400: = 
2024-06-27 20:06:41-0400: Controller: play B H9
2024-06-27 20:06:41-0400: = 
2024-06-27 20:06:41-0400: Controller: play B M9
2024-06-27 20:06:41-0400: = 
2024-06-27 20:06:41-0400: Controller: play W N9
2024-06-27 20:06:41-0400: = 
2024-06-27 20:06:41-0400: Controller: play B O9
2024-06-27 20:06:41-0400: = 
2024-06-27 20:06:41-0400: Controller: play W P9
2024-06-27 20:06:41-0400: = 
2024-06-27 20:06:41-0400: Controller: play W R9
2024-06-27 20:06:41-0400: = 
2024-06-27 20:06:41-0400: Controller: play W S9
2024-06-27 20:06:41-0400: = 
2024-06-27 20:06:41-0400: Controller: play B A8
2024-06-27 20:06:41-0400: = 
2024-06-27 20:06:41-0400: Controller: play W B8
2024-06-27 20:06:42-0400: = 
2024-06-27 20:06:42-0400: Controller: play W F8
2024-06-27 20:06:42-0400: = 
2024-06-27 20:06:42-0400: Controller: play W H8
2024-06-27 20:06:42-0400: = 
2024-06-27 20:06:42-0400: Controller: play B J8
2024-06-27 20:06:42-0400: = 
2024-06-27 20:06:42-0400: Controller: play W L8
2024-06-27 20:06:42-0400: = 
2024-06-27 20:06:42-0400: Controller: play B M8
2024-06-27 20:06:42-0400: = 
2024-06-27 20:06:42-0400: Controller: play B N8
2024-06-27 20:06:42-0400: = 
2024-06-27 20:06:42-0400: Controller: play B O8
2024-06-27 20:06:42-0400: = 
2024-06-27 20:06:42-0400: Controller: play W P8
2024-06-27 20:06:42-0400: = 
2024-06-27 20:06:42-0400: Controller: play B R8
2024-06-27 20:06:42-0400: = 
2024-06-27 20:06:42-0400: Controller: play B S8
2024-06-27 20:06:42-0400: = 
2024-06-27 20:06:42-0400: Controller: play B A7
2024-06-27 20:06:42-0400: = 
2024-06-27 20:06:42-0400: Controller: play W B7
2024-06-27 20:06:42-0400: = 
2024-06-27 20:06:42-0400: Controller: play B F7
2024-06-27 20:06:42-0400: = 
2024-06-27 20:06:42-0400: Controller: play W G7
2024-06-27 20:06:42-0400: = 
2024-06-27 20:06:42-0400: Controller: play B H7
2024-06-27 20:06:42-0400: = 
2024-06-27 20:06:42-0400: Controller: play B J7
2024-06-27 20:06:42-0400: = 
2024-06-27 20:06:42-0400: Controller: play B K7
2024-06-27 20:06:42-0400: = 
2024-06-27 20:06:42-0400: Controller: play B L7
2024-06-27 20:06:42-0400: = 
2024-06-27 20:06:42-0400: Controller: play B M7
2024-06-27 20:06:42-0400: = 
2024-06-27 20:06:42-0400: Controller: play W N7
2024-06-27 20:06:42-0400: = 
2024-06-27 20:06:42-0400: Controller: play W O7
2024-06-27 20:06:42-0400: = 
2024-06-27 20:06:42-0400: Controller: play W P7
2024-06-27 20:06:42-0400: = 
2024-06-27 20:06:42-0400: Controller: play B A6
2024-06-27 20:06:42-0400: = 
2024-06-27 20:06:42-0400: Controller: play B B6
2024-06-27 20:06:42-0400: = 
2024-06-27 20:06:42-0400: Controller: play W C6
2024-06-27 20:06:42-0400: = 
2024-06-27 20:06:42-0400: Controller: play W E6
2024-06-27 20:06:42-0400: = 
2024-06-27 20:06:42-0400: Controller: play W F6
2024-06-27 20:06:42-0400: = 
2024-06-27 20:06:42-0400: Controller: play B H6
2024-06-27 20:06:42-0400: = 
2024-06-27 20:06:42-0400: Controller: play W J6
2024-06-27 20:06:42-0400: = 
2024-06-27 20:06:42-0400: Controller: play W K6
2024-06-27 20:06:42-0400: = 
2024-06-27 20:06:42-0400: Controller: play W L6
2024-06-27 20:06:42-0400: = 
2024-06-27 20:06:42-0400: Controller: play W M6
2024-06-27 20:06:42-0400: = 
2024-06-27 20:06:42-0400: Controller: play B N6
2024-06-27 20:06:42-0400: = 
2024-06-27 20:06:42-0400: Controller: play B O6
2024-06-27 20:06:42-0400: = 
2024-06-27 20:06:42-0400: Controller: play W P6
2024-06-27 20:06:42-0400: = 
2024-06-27 20:06:42-0400: Controller: play B R6
2024-06-27 20:06:42-0400: = 
2024-06-27 20:06:42-0400: Controller: play W A5
2024-06-27 20:06:42-0400: = 
2024-06-27 20:06:42-0400: Controller: play B B5
2024-06-27 20:06:42-0400: = 
2024-06-27 20:06:42-0400: Controller: play B D5
2024-06-27 20:06:42-0400: = 
2024-06-27 20:06:42-0400: Controller: play B H5
2024-06-27 20:06:42-0400: = 
2024-06-27 20:06:42-0400: Controller: play B J5
2024-06-27 20:06:42-0400: = 
2024-06-27 20:06:42-0400: Controller: play W K5
2024-06-27 20:06:42-0400: = 
2024-06-27 20:06:42-0400: Controller: play W O5
2024-06-27 20:06:42-0400: = 
2024-06-27 20:06:42-0400: Controller: play B P5
2024-06-27 20:06:42-0400: = 
2024-06-27 20:06:42-0400: Controller: play W Q5
2024-06-27 20:06:42-0400: = 
2024-06-27 20:06:42-0400: Controller: play B R5
2024-06-27 20:06:42-0400: = 
2024-06-27 20:06:42-0400: Controller: play B B4
2024-06-27 20:06:43-0400: = 
2024-06-27 20:06:43-0400: Controller: play B D4
2024-06-27 20:06:43-0400: = 
2024-06-27 20:06:43-0400: Controller: play B F4
2024-06-27 20:06:43-0400: = 
2024-06-27 20:06:43-0400: Controller: play B G4
2024-06-27 20:06:43-0400: = 
2024-06-27 20:06:43-0400: Controller: play B K4
2024-06-27 20:06:43-0400: = 
2024-06-27 20:06:43-0400: Controller: play W L4
2024-06-27 20:06:43-0400: = 
2024-06-27 20:06:43-0400: Controller: play W O4
2024-06-27 20:06:43-0400: = 
2024-06-27 20:06:43-0400: Controller: play B Q4
2024-06-27 20:06:43-0400: = 
2024-06-27 20:06:43-0400: Controller: play B R4
2024-06-27 20:06:43-0400: = 
2024-06-27 20:06:43-0400: Controller: play B F3
2024-06-27 20:06:43-0400: = 
2024-06-27 20:06:43-0400: Controller: play W G3
2024-06-27 20:06:43-0400: = 
2024-06-27 20:06:43-0400: Controller: play B H3
2024-06-27 20:06:43-0400: = 
2024-06-27 20:06:43-0400: Controller: play B J3
2024-06-27 20:06:43-0400: = 
2024-06-27 20:06:43-0400: Controller: play B K3
2024-06-27 20:06:43-0400: = 
2024-06-27 20:06:43-0400: Controller: play W L3
2024-06-27 20:06:43-0400: = 
2024-06-27 20:06:43-0400: Controller: play W O3
2024-06-27 20:06:43-0400: = 
2024-06-27 20:06:43-0400: Controller: play B P3
2024-06-27 20:06:43-0400: = 
2024-06-27 20:06:43-0400: Controller: play B Q3
2024-06-27 20:06:43-0400: = 
2024-06-27 20:06:43-0400: Controller: play W R3
2024-06-27 20:06:43-0400: = 
2024-06-27 20:06:43-0400: Controller: play W S3
2024-06-27 20:06:43-0400: = 
2024-06-27 20:06:43-0400: Controller: play B F2
2024-06-27 20:06:43-0400: = 
2024-06-27 20:06:43-0400: Controller: play W G2
2024-06-27 20:06:43-0400: = 
2024-06-27 20:06:43-0400: Controller: play W H2
2024-06-27 20:06:43-0400: = 
2024-06-27 20:06:43-0400: Controller: play B J2
2024-06-27 20:06:43-0400: = 
2024-06-27 20:06:43-0400: Controller: play W K2
2024-06-27 20:06:43-0400: = 
2024-06-27 20:06:43-0400: Controller: play W L2
2024-06-27 20:06:43-0400: = 
2024-06-27 20:06:43-0400: Controller: play W O2
2024-06-27 20:06:43-0400: = 
2024-06-27 20:06:43-0400: Controller: play W P2
2024-06-27 20:06:43-0400: = 
2024-06-27 20:06:43-0400: Controller: play W Q2
2024-06-27 20:06:43-0400: = 
2024-06-27 20:06:43-0400: Controller: play B R2
2024-06-27 20:06:43-0400: = 
2024-06-27 20:06:43-0400: Controller: play B S2
2024-06-27 20:06:43-0400: = 
2024-06-27 20:06:43-0400: Controller: play B F1
2024-06-27 20:06:43-0400: = 
2024-06-27 20:06:43-0400: Controller: play W G1
2024-06-27 20:06:43-0400: = 
2024-06-27 20:06:43-0400: Controller: play W H1
2024-06-27 20:06:43-0400: = 
2024-06-27 20:06:43-0400: Controller: play W J1
2024-06-27 20:06:43-0400: = 
2024-06-27 20:06:43-0400: Controller: play W K1
2024-06-27 20:06:43-0400: = 
2024-06-27 20:06:43-0400: Controller: play B Q1
2024-06-27 20:06:43-0400: = 
2024-06-27 20:06:43-0400: Controller: play W O16
2024-06-27 20:06:43-0400: = 
2024-06-27 20:06:43-0400: Controller: undo
2024-06-27 20:06:43-0400: = 
2024-06-27 20:06:43-0400: Controller: play W O16
2024-06-27 20:06:43-0400: = 
2024-06-27 20:06:43-0400: Controller: kata-analyze B 10
2024-06-27 20:06:43-0400: = 
2024-06-27 20:06:49-0400: Controller: play B M18
2024-06-27 20:06:49-0400: = 
2024-06-27 20:06:49-0400: Controller: kata-analyze W 10
2024-06-27 20:06:49-0400: = 
2024-06-27 20:06:49-0400: Controller: clear_board
2024-06-27 20:06:49-0400: = 
2024-06-27 20:06:49-0400: Controller: kata-analyze B 10
2024-06-27 20:06:49-0400: = 
2024-06-27 20:06:49-0400: Controller: komi 7.5
2024-06-27 20:06:49-0400: = 
2024-06-27 20:06:49-0400: Controller: play B K19
2024-06-27 20:06:49-0400: = 
2024-06-27 20:06:49-0400: Controller: play B L19
2024-06-27 20:06:49-0400: = 
2024-06-27 20:06:49-0400: Controller: play W M19
2024-06-27 20:06:49-0400: = 
2024-06-27 20:06:49-0400: Controller: play B O19
2024-06-27 20:06:49-0400: = 
2024-06-27 20:06:49-0400: Controller: play W P19
2024-06-27 20:06:49-0400: = 
2024-06-27 20:06:49-0400: Controller: play W Q19
2024-06-27 20:06:49-0400: = 
2024-06-27 20:06:49-0400: Controller: play W R19
2024-06-27 20:06:49-0400: = 
2024-06-27 20:06:49-0400: Controller: play W S19
2024-06-27 20:06:49-0400: = 
2024-06-27 20:06:49-0400: Controller: play W T19
2024-06-27 20:06:49-0400: = 
2024-06-27 20:06:49-0400: Controller: play B C18
2024-06-27 20:06:49-0400: = 
2024-06-27 20:06:49-0400: Controller: play B E18
2024-06-27 20:06:49-0400: = 
2024-06-27 20:06:49-0400: Controller: play W G18
2024-06-27 20:06:49-0400: = 
2024-06-27 20:06:49-0400: Controller: play B K18
2024-06-27 20:06:49-0400: = 
2024-06-27 20:06:49-0400: Controller: play W L18
2024-06-27 20:06:49-0400: = 
2024-06-27 20:06:49-0400: Controller: play W N18
2024-06-27 20:06:49-0400: = 
2024-06-27 20:06:49-0400: Controller: play B O18
2024-06-27 20:06:49-0400: = 
2024-06-27 20:06:49-0400: Controller: play W P18
2024-06-27 20:06:49-0400: = 
2024-06-27 20:06:49-0400: Controller: play B Q18
2024-06-27 20:06:49-0400: = 
2024-06-27 20:06:49-0400: Controller: play B R18
2024-06-27 20:06:49-0400: = 
2024-06-27 20:06:49-0400: Controller: play W S18
2024-06-27 20:06:49-0400: = 
2024-06-27 20:06:49-0400: Controller: play B T18
2024-06-27 20:06:49-0400: = 
2024-06-27 20:06:49-0400: Controller: play B B17
2024-06-27 20:06:49-0400: = 
2024-06-27 20:06:49-0400: Controller: kata-analyze W 10
2024-06-27 20:06:49-0400: = 
2024-06-27 20:06:49-0400: Controller: play B D17
2024-06-27 20:06:49-0400: = 
2024-06-27 20:06:49-0400: Controller: kata-analyze W 10
2024-06-27 20:06:49-0400: = 
2024-06-27 20:06:49-0400: Controller: play W E17
2024-06-27 20:06:49-0400: = 
2024-06-27 20:06:49-0400: Controller: play W F17
2024-06-27 20:06:49-0400: = 
2024-06-27 20:06:49-0400: Controller: kata-analyze B 10
2024-06-27 20:06:49-0400: = 
2024-06-27 20:06:49-0400: Controller: play W G17
2024-06-27 20:06:49-0400: = 
2024-06-27 20:06:49-0400: Controller: play B H17
2024-06-27 20:06:49-0400: = 
2024-06-27 20:06:49-0400: Controller: kata-analyze W 10
2024-06-27 20:06:49-0400: = 
2024-06-27 20:06:49-0400: Controller: play W J17
2024-06-27 20:06:49-0400: = 
2024-06-27 20:06:49-0400: Controller: play B K17
2024-06-27 20:06:49-0400: = 
2024-06-27 20:06:49-0400: Controller: kata-analyze W 10
2024-06-27 20:06:49-0400: = 
2024-06-27 20:06:49-0400: Controller: play B L17
2024-06-27 20:06:49-0400: = 
2024-06-27 20:06:49-0400: Controller: play W M17
2024-06-27 20:06:49-0400: = 
2024-06-27 20:06:49-0400: Controller: play B O17
2024-06-27 20:06:49-0400: = 
2024-06-27 20:06:49-0400: Controller: kata-analyze W 10
2024-06-27 20:06:49-0400: = 
2024-06-27 20:06:49-0400: Controller: play W P17
2024-06-27 20:06:49-0400: = 
2024-06-27 20:06:49-0400: Controller: kata-analyze B 10
2024-06-27 20:06:49-0400: = 
2024-06-27 20:06:49-0400: Controller: play W Q17
2024-06-27 20:06:49-0400: = 
2024-06-27 20:06:49-0400: Controller: play B R17
2024-06-27 20:06:49-0400: = 
2024-06-27 20:06:49-0400: Controller: play B S17
2024-06-27 20:06:49-0400: = 
2024-06-27 20:06:49-0400: Controller: play B B16
2024-06-27 20:06:49-0400: = 
2024-06-27 20:06:49-0400: Controller: play B C16
2024-06-27 20:06:49-0400: = 
2024-06-27 20:06:49-0400: Controller: play W D16
2024-06-27 20:06:49-0400: = 
2024-06-27 20:06:49-0400: Controller: play W E16
2024-06-27 20:06:49-0400: = 
2024-06-27 20:06:49-0400: Controller: play B F16
2024-06-27 20:06:49-0400: = 
2024-06-27 20:06:49-0400: Controller: play W G16
2024-06-27 20:06:49-0400: = 
2024-06-27 20:06:49-0400: Controller: play B H16
2024-06-27 20:06:49-0400: = 
2024-06-27 20:06:49-0400: Controller: play W J16
2024-06-27 20:06:49-0400: = 
2024-06-27 20:06:49-0400: Controller: play B K16
2024-06-27 20:06:49-0400: = 
2024-06-27 20:06:49-0400: Controller: play W N16
2024-06-27 20:06:49-0400: = 
2024-06-27 20:06:49-0400: Controller: play W Q16
2024-06-27 20:06:49-0400: = 
2024-06-27 20:06:49-0400: Controller: play B R16
2024-06-27 20:06:49-0400: = 
2024-06-27 20:06:49-0400: Controller: play B T16
2024-06-27 20:06:49-0400: = 
2024-06-27 20:06:49-0400: Controller: play W B15
2024-06-27 20:06:49-0400: = 
2024-06-27 20:06:49-0400: Controller: play W C15
2024-06-27 20:06:49-0400: = 
2024-06-27 20:06:49-0400: Controller: play B D15
2024-06-27 20:06:49-0400: = 
2024-06-27 20:06:49-0400: Controller: play B E15
2024-06-27 20:06:49-0400: = 
2024-06-27 20:06:49-0400: Controller: play B F15
2024-06-27 20:06:49-0400: = 
2024-06-27 20:06:49-0400: Controller: play B G15
2024-06-27 20:06:49-0400: = 
2024-06-27 20:06:49-0400: Controller: play B H15
2024-06-27 20:06:49-0400: = 
2024-06-27 20:06:49-0400: Controller: play B K15
2024-06-27 20:06:49-0400: = 
2024-06-27 20:06:49-0400: Controller: play B L15
2024-06-27 20:06:49-0400: = 
2024-06-27 20:06:49-0400: Controller: kata-analyze W 10
2024-06-27 20:06:49-0400: = 
2024-06-27 20:06:49-0400: Controller: play W M15
2024-06-27 20:06:49-0400: = 
2024-06-27 20:06:49-0400: Controller: kata-analyze B 10
2024-06-27 20:06:49-0400: = 
2024-06-27 20:06:49-0400: Controller: play W O15
2024-06-27 20:06:49-0400: = 
2024-06-27 20:06:49-0400: Controller: kata-analyze B 10
2024-06-27 20:06:49-0400: = 
2024-06-27 20:06:49-0400: Controller: play W Q15
2024-06-27 20:06:49-0400: = 
2024-06-27 20:06:49-0400: Controller: play W R15
2024-06-27 20:06:49-0400: = 
2024-06-27 20:06:49-0400: Controller: play B S15
2024-06-27 20:06:49-0400: = 
2024-06-27 20:06:49-0400: Controller: play B T15
2024-06-27 20:06:49-0400: = 
2024-06-27 20:06:49-0400: Controller: play W B14
2024-06-27 20:06:49-0400: = 
2024-06-27 20:06:49-0400: Controller: play B C14
2024-06-27 20:06:49-0400: = 
2024-06-27 20:06:49-0400: Controller: play W D14
2024-06-27 20:06:49-0400: = 
2024-06-27 20:06:49-0400: Controller: play B F14
2024-06-27 20:06:49-0400: = 
2024-06-27 20:06:49-0400: Controller: play W G14
2024-06-27 20:06:49-0400: = 
2024-06-27 20:06:49-0400: Controller: play B H14
2024-06-27 20:06:49-0400: = 
2024-06-27 20:06:49-0400: Controller: play B M14
2024-06-27 20:06:49-0400: = 
2024-06-27 20:06:49-0400: Controller: play W N14
2024-06-27 20:06:49-0400: = 
2024-06-27 20:06:49-0400: Controller: play B P14
2024-06-27 20:06:49-0400: = 
2024-06-27 20:06:49-0400: Controller: play W Q14
2024-06-27 20:06:49-0400: = 
2024-06-27 20:06:49-0400: Controller: play B R14
2024-06-27 20:06:49-0400: = 
2024-06-27 20:06:49-0400: Controller: play B S14
2024-06-27 20:06:49-0400: = 
2024-06-27 20:06:49-0400: Controller: play W T14
2024-06-27 20:06:49-0400: = 
2024-06-27 20:06:49-0400: Controller: kata-analyze B 10
2024-06-27 20:06:49-0400: = 
2024-06-27 20:06:49-0400: Controller: play W D13
2024-06-27 20:06:49-0400: = 
2024-06-27 20:06:49-0400: Controller: kata-analyze B 10
2024-06-27 20:06:49-0400: = 
2024-06-27 20:06:49-0400: Controller: play W F13
2024-06-27 20:06:49-0400: = 
2024-06-27 20:06:49-0400: Controller: play W G13
2024-06-27 20:06:49-0400: = 
2024-06-27 20:06:49-0400: Controller: play B H13
2024-06-27 20:06:49-0400: = 
2024-06-27 20:06:49-0400: Controller: play B M13
2024-06-27 20:06:49-0400: = 
2024-06-27 20:06:49-0400: Controller: play W N13
2024-06-27 20:06:49-0400: = 
2024-06-27 20:06:49-0400: Controller: kata-analyze B 10
2024-06-27 20:06:49-0400: = 
2024-06-27 20:06:49-0400: Controller: play B O13
2024-06-27 20:06:49-0400: = 
2024-06-27 20:06:49-0400: Controller: kata-analyze W 10
2024-06-27 20:06:49-0400: = 
2024-06-27 20:06:49-0400: Controller: play B Q13
2024-06-27 20:06:49-0400: = 
2024-06-27 20:06:49-0400: Controller: play W R13
2024-06-27 20:06:49-0400: = 
2024-06-27 20:06:49-0400: Controller: play W T13
2024-06-27 20:06:49-0400: = 
2024-06-27 20:06:49-0400: Controller: play W E12
2024-06-27 20:06:49-0400: = 
2024-06-27 20:06:49-0400: Controller: play W F12
2024-06-27 20:06:49-0400: = 
2024-06-27 20:06:49-0400: Controller: play B G12
2024-06-27 20:06:49-0400: = 
2024-06-27 20:06:49-0400: Controller: play B H12
2024-06-27 20:06:49-0400: = 
2024-06-27 20:06:49-0400: Controller: play B K12
2024-06-27 20:06:49-0400: = 
2024-06-27 20:06:49-0400: Controller: play B L12
2024-06-27 20:06:49-0400: = 
2024-06-27 20:06:49-0400: Controller: play W M12
2024-06-27 20:06:49-0400: = 
2024-06-27 20:06:49-0400: Controller: play W N12
2024-06-27 20:06:49-0400: = 
2024-06-27 20:06:49-0400: Controller: play W O12
2024-06-27 20:06:49-0400: = 
2024-06-27 20:06:49-0400: Controller: play B P12
2024-06-27 20:06:49-0400: = 
2024-06-27 20:06:49-0400: Controller: play B Q12
2024-06-27 20:06:49-0400: = 
2024-06-27 20:06:49-0400: Controller: play W R12
2024-06-27 20:06:49-0400: = 
2024-06-27 20:06:49-0400: Controller: play W S12
2024-06-27 20:06:49-0400: = 
2024-06-27 20:06:49-0400: Controller: play W D11
2024-06-27 20:06:49-0400: = 
2024-06-27 20:06:49-0400: Controller: play B E11
2024-06-27 20:06:49-0400: = 
2024-06-27 20:06:49-0400: Controller: play B F11
2024-06-27 20:06:49-0400: = 
2024-06-27 20:06:49-0400: Controller: play B G11
2024-06-27 20:06:49-0400: = 
2024-06-27 20:06:49-0400: Controller: play W L11
2024-06-27 20:06:49-0400: = 
2024-06-27 20:06:49-0400: Controller: play W N11
2024-06-27 20:06:49-0400: = 
2024-06-27 20:06:49-0400: Controller: play B O11
2024-06-27 20:06:49-0400: = 
2024-06-27 20:06:49-0400: Controller: play W P11
2024-06-27 20:06:49-0400: = 
2024-06-27 20:06:49-0400: Controller: play B R11
2024-06-27 20:06:49-0400: = 
2024-06-27 20:06:49-0400: Controller: kata-analyze W 10
2024-06-27 20:06:49-0400: = 
2024-06-27 20:06:49-0400: Controller: play W S11
2024-06-27 20:06:49-0400: = 
2024-06-27 20:06:49-0400: Controller: kata-analyze B 10
2024-06-27 20:06:49-0400: = 
2024-06-27 20:06:49-0400: Controller: play W D10
2024-06-27 20:06:49-0400: = 
2024-06-27 20:06:49-0400: Controller: kata-analyze B 10
2024-06-27 20:06:49-0400: = 
2024-06-27 20:06:49-0400: Controller: play W E10
2024-06-27 20:06:49-0400: = 
2024-06-27 20:06:49-0400: Controller: kata-analyze B 10
2024-06-27 20:06:49-0400: = 
2024-06-27 20:06:49-0400: Controller: play W F10
2024-06-27 20:06:49-0400: = 
2024-06-27 20:06:49-0400: Controller: kata-analyze B 10
2024-06-27 20:06:49-0400: = 
2024-06-27 20:06:50-0400: Controller: play B G10
2024-06-27 20:06:50-0400: = 
2024-06-27 20:06:50-0400: Controller: kata-analyze W 10
2024-06-27 20:06:50-0400: = 
2024-06-27 20:06:50-0400: Controller: play B J10
2024-06-27 20:06:50-0400: = 
2024-06-27 20:06:50-0400: Controller: play W L10
2024-06-27 20:06:50-0400: = 
2024-06-27 20:06:50-0400: Controller: kata-analyze B 10
2024-06-27 20:06:50-0400: = 
2024-06-27 20:06:50-0400: Controller: play W M10
2024-06-27 20:06:50-0400: = 
2024-06-27 20:06:50-0400: Controller: kata-analyze B 10
2024-06-27 20:06:50-0400: = 
2024-06-27 20:06:50-0400: Controller: play W N10
2024-06-27 20:06:50-0400: = 
2024-06-27 20:06:50-0400: Controller: kata-analyze B 10
2024-06-27 20:06:50-0400: = 
2024-06-27 20:06:50-0400: Controller: play B O10
2024-06-27 20:06:50-0400: = 
2024-06-27 20:06:50-0400: Controller: kata-analyze W 10
2024-06-27 20:06:50-0400: = 
2024-06-27 20:06:50-0400: Controller: play W P10
2024-06-27 20:06:50-0400: = 
2024-06-27 20:06:50-0400: Controller: play B R10
2024-06-27 20:06:50-0400: = 
2024-06-27 20:06:50-0400: Controller: play W S10
2024-06-27 20:06:50-0400: = 
2024-06-27 20:06:50-0400: Controller: play W A9
2024-06-27 20:06:50-0400: = 
2024-06-27 20:06:50-0400: Controller: play W B9
2024-06-27 20:06:50-0400: = 
2024-06-27 20:06:50-0400: Controller: play W F9
2024-06-27 20:06:50-0400: = 
2024-06-27 20:06:50-0400: Controller: play W G9
2024-06-27 20:06:50-0400: = 
2024-06-27 20:06:50-0400: Controller: play B H9
2024-06-27 20:06:50-0400: = 
2024-06-27 20:06:50-0400: Controller: play B M9
2024-06-27 20:06:50-0400: = 
2024-06-27 20:06:50-0400: Controller: play W N9
2024-06-27 20:06:50-0400: = 
2024-06-27 20:06:50-0400: Controller: play B O9
2024-06-27 20:06:50-0400: = 
2024-06-27 20:06:50-0400: Controller: play W P9
2024-06-27 20:06:50-0400: = 
2024-06-27 20:06:50-0400: Controller: play W R9
2024-06-27 20:06:50-0400: = 
2024-06-27 20:06:50-0400: Controller: play W S9
2024-06-27 20:06:50-0400: = 
2024-06-27 20:06:50-0400: Controller: play B A8
2024-06-27 20:06:50-0400: = 
2024-06-27 20:06:50-0400: Controller: play W B8
2024-06-27 20:06:50-0400: = 
2024-06-27 20:06:50-0400: Controller: play W F8
2024-06-27 20:06:50-0400: = 
2024-06-27 20:06:50-0400: Controller: play W H8
2024-06-27 20:06:50-0400: = 
2024-06-27 20:06:50-0400: Controller: play B J8
2024-06-27 20:06:50-0400: = 
2024-06-27 20:06:50-0400: Controller: play W L8
2024-06-27 20:06:50-0400: = 
2024-06-27 20:06:50-0400: Controller: play B M8
2024-06-27 20:06:50-0400: = 
2024-06-27 20:06:50-0400: Controller: play B N8
2024-06-27 20:06:50-0400: = 
2024-06-27 20:06:50-0400: Controller: play B O8
2024-06-27 20:06:50-0400: = 
2024-06-27 20:06:50-0400: Controller: play W P8
2024-06-27 20:06:50-0400: = 
2024-06-27 20:06:50-0400: Controller: play B R8
2024-06-27 20:06:50-0400: = 
2024-06-27 20:06:50-0400: Controller: play B S8
2024-06-27 20:06:50-0400: = 
2024-06-27 20:06:50-0400: Controller: play B A7
2024-06-27 20:06:50-0400: = 
2024-06-27 20:06:50-0400: Controller: play W B7
2024-06-27 20:06:50-0400: = 
2024-06-27 20:06:50-0400: Controller: play B F7
2024-06-27 20:06:50-0400: = 
2024-06-27 20:06:50-0400: Controller: play W G7
2024-06-27 20:06:50-0400: = 
2024-06-27 20:06:50-0400: Controller: kata-analyze B 10
2024-06-27 20:06:50-0400: = 
2024-06-27 20:06:50-0400: Controller: play B H7
2024-06-27 20:06:50-0400: = 
2024-06-27 20:06:50-0400: Controller: kata-analyze W 10
2024-06-27 20:06:50-0400: = 
2024-06-27 20:06:50-0400: Controller: play B J7
2024-06-27 20:06:50-0400: = 
2024-06-27 20:06:50-0400: Controller: play B K7
2024-06-27 20:06:50-0400: = 
2024-06-27 20:06:50-0400: Controller: play B L7
2024-06-27 20:06:50-0400: = 
2024-06-27 20:06:50-0400: Controller: play B M7
2024-06-27 20:06:50-0400: = 
2024-06-27 20:06:50-0400: Controller: play W N7
2024-06-27 20:06:50-0400: = 
2024-06-27 20:06:50-0400: Controller: play W O7
2024-06-27 20:06:50-0400: = 
2024-06-27 20:06:50-0400: Controller: play W P7
2024-06-27 20:06:50-0400: = 
2024-06-27 20:06:50-0400: Controller: play B A6
2024-06-27 20:06:50-0400: = 
2024-06-27 20:06:50-0400: Controller: play B B6
2024-06-27 20:06:50-0400: = 
2024-06-27 20:06:50-0400: Controller: play W C6
2024-06-27 20:06:50-0400: = 
2024-06-27 20:06:50-0400: Controller: play W E6
2024-06-27 20:06:50-0400: = 
2024-06-27 20:06:50-0400: Controller: play W F6
2024-06-27 20:06:50-0400: = 
2024-06-27 20:06:50-0400: Controller: play B H6
2024-06-27 20:06:50-0400: = 
2024-06-27 20:06:50-0400: Controller: play W J6
2024-06-27 20:06:50-0400: = 
2024-06-27 20:06:50-0400: Controller: play W K6
2024-06-27 20:06:50-0400: = 
2024-06-27 20:06:50-0400: Controller: play W L6
2024-06-27 20:06:50-0400: = 
2024-06-27 20:06:50-0400: Controller: play W M6
2024-06-27 20:06:50-0400: = 
2024-06-27 20:06:50-0400: Controller: play B N6
2024-06-27 20:06:50-0400: = 
2024-06-27 20:06:50-0400: Controller: kata-analyze W 10
2024-06-27 20:06:50-0400: = 
2024-06-27 20:06:50-0400: Controller: play B O6
2024-06-27 20:06:50-0400: = 
2024-06-27 20:06:50-0400: Controller: kata-analyze W 10
2024-06-27 20:06:50-0400: = 
2024-06-27 20:06:50-0400: Controller: play W P6
2024-06-27 20:06:50-0400: = 
2024-06-27 20:06:50-0400: Controller: play B R6
2024-06-27 20:06:50-0400: = 
2024-06-27 20:06:50-0400: Controller: play W A5
2024-06-27 20:06:50-0400: = 
2024-06-27 20:06:50-0400: Controller: play B B5
2024-06-27 20:06:50-0400: = 
2024-06-27 20:06:50-0400: Controller: kata-analyze W 10
2024-06-27 20:06:50-0400: = 
2024-06-27 20:06:50-0400: Controller: play B D5
2024-06-27 20:06:50-0400: = 
2024-06-27 20:06:50-0400: Controller: kata-analyze W 10
2024-06-27 20:06:50-0400: = 
2024-06-27 20:06:50-0400: Controller: play B H5
2024-06-27 20:06:50-0400: = 
2024-06-27 20:06:50-0400: Controller: play B J5
2024-06-27 20:06:50-0400: = 
2024-06-27 20:06:50-0400: Controller: kata-analyze W 10
2024-06-27 20:06:50-0400: = 
2024-06-27 20:06:50-0400: Controller: play W K5
2024-06-27 20:06:50-0400: = 
2024-06-27 20:06:50-0400: Controller: kata-analyze B 10
2024-06-27 20:06:50-0400: = 
2024-06-27 20:06:50-0400: Controller: play W O5
2024-06-27 20:06:50-0400: = 
2024-06-27 20:06:50-0400: Controller: kata-analyze B 10
2024-06-27 20:06:50-0400: = 
2024-06-27 20:06:50-0400: Controller: play B P5
2024-06-27 20:06:50-0400: = 
2024-06-27 20:06:50-0400: Controller: play W Q5
2024-06-27 20:06:50-0400: = 
2024-06-27 20:06:50-0400: Controller: play B R5
2024-06-27 20:06:50-0400: = 
2024-06-27 20:06:50-0400: Controller: play B B4
2024-06-27 20:06:50-0400: = 
2024-06-27 20:06:50-0400: Controller: play B D4
2024-06-27 20:06:50-0400: = 
2024-06-27 20:06:50-0400: Controller: play B F4
2024-06-27 20:06:50-0400: = 
2024-06-27 20:06:50-0400: Controller: play B G4
2024-06-27 20:06:50-0400: = 
2024-06-27 20:06:50-0400: Controller: play B K4
2024-06-27 20:06:50-0400: = 
2024-06-27 20:06:50-0400: Controller: play W L4
2024-06-27 20:06:50-0400: = 
2024-06-27 20:06:50-0400: Controller: play W O4
2024-06-27 20:06:50-0400: = 
2024-06-27 20:06:50-0400: Controller: play B Q4
2024-06-27 20:06:50-0400: = 
2024-06-27 20:06:50-0400: Controller: play B R4
2024-06-27 20:06:50-0400: = 
2024-06-27 20:06:50-0400: Controller: play B F3
2024-06-27 20:06:50-0400: = 
2024-06-27 20:06:50-0400: Controller: play W G3
2024-06-27 20:06:50-0400: = 
2024-06-27 20:06:50-0400: Controller: play B H3
2024-06-27 20:06:50-0400: = 
2024-06-27 20:06:50-0400: Controller: play B J3
2024-06-27 20:06:50-0400: = 
2024-06-27 20:06:50-0400: Controller: play B K3
2024-06-27 20:06:50-0400: = 
2024-06-27 20:06:50-0400: Controller: play W L3
2024-06-27 20:06:50-0400: = 
2024-06-27 20:06:50-0400: Controller: play W O3
2024-06-27 20:06:50-0400: = 
2024-06-27 20:06:50-0400: Controller: play B P3
2024-06-27 20:06:50-0400: = 
2024-06-27 20:06:50-0400: Controller: kata-analyze W 10
2024-06-27 20:06:50-0400: = 
2024-06-27 20:06:50-0400: Controller: play B Q3
2024-06-27 20:06:50-0400: = 
2024-06-27 20:06:50-0400: Controller: kata-analyze W 10
2024-06-27 20:06:50-0400: = 
2024-06-27 20:06:50-0400: Controller: play W R3
2024-06-27 20:06:50-0400: = 
2024-06-27 20:06:50-0400: Controller: kata-analyze B 10
2024-06-27 20:06:50-0400: = 
2024-06-27 20:06:50-0400: Controller: play W S3
2024-06-27 20:06:50-0400: = 
2024-06-27 20:06:50-0400: Controller: kata-analyze B 10
2024-06-27 20:06:50-0400: = 
2024-06-27 20:06:50-0400: Controller: play B F2
2024-06-27 20:06:50-0400: = 
2024-06-27 20:06:50-0400: Controller: play W G2
2024-06-27 20:06:50-0400: = 
2024-06-27 20:06:50-0400: Controller: kata-analyze B 10
2024-06-27 20:06:50-0400: = 
2024-06-27 20:06:50-0400: Controller: play W H2
2024-06-27 20:06:50-0400: = 
2024-06-27 20:06:50-0400: Controller: kata-analyze B 10
2024-06-27 20:06:50-0400: = 
2024-06-27 20:06:50-0400: Controller: play B J2
2024-06-27 20:06:50-0400: = 
2024-06-27 20:06:50-0400: Controller: kata-analyze W 10
2024-06-27 20:06:50-0400: = 
2024-06-27 20:06:50-0400: Controller: play W K2
2024-06-27 20:06:50-0400: = 
2024-06-27 20:06:50-0400: Controller: play W L2
2024-06-27 20:06:50-0400: = 
2024-06-27 20:06:50-0400: Controller: play W O2
2024-06-27 20:06:50-0400: = 
2024-06-27 20:06:50-0400: Controller: play W P2
2024-06-27 20:06:50-0400: = 
2024-06-27 20:06:50-0400: Controller: play W Q2
2024-06-27 20:06:50-0400: = 
2024-06-27 20:06:50-0400: Controller: play B R2
2024-06-27 20:06:50-0400: = 
2024-06-27 20:06:50-0400: Controller: play B S2
2024-06-27 20:06:50-0400: = 
2024-06-27 20:06:50-0400: Controller: play B F1
2024-06-27 20:06:50-0400: = 
2024-06-27 20:06:50-0400: Controller: play W G1
2024-06-27 20:06:50-0400: = 
2024-06-27 20:06:50-0400: Controller: play W H1
2024-06-27 20:06:50-0400: = 
2024-06-27 20:06:50-0400: Controller: play W J1
2024-06-27 20:06:50-0400: = 
2024-06-27 20:06:50-0400: Controller: play W K1
2024-06-27 20:06:50-0400: = 
2024-06-27 20:06:50-0400: Controller: play B Q1
2024-06-27 20:06:50-0400: = 
2024-06-27 20:06:50-0400: Controller: play W O16
2024-06-27 20:06:50-0400: = 
2024-06-27 20:06:50-0400: Controller: kata-analyze B 10
2024-06-27 20:06:50-0400: = 
2024-06-27 20:06:50-0400: Controller: undo
2024-06-27 20:06:50-0400: = 
2024-06-27 20:06:50-0400: Controller: kata-analyze W 10
2024-06-27 20:06:50-0400: = 
2024-06-27 20:06:50-0400: Controller: play W O16
2024-06-27 20:06:50-0400: = 
2024-06-27 20:06:50-0400: Controller: kata-analyze B 10
2024-06-27 20:06:50-0400: = 
2024-06-27 20:07:00-0400: Controller: play B M18
2024-06-27 20:07:00-0400: = 
2024-06-27 20:07:00-0400: Controller: kata-analyze W 10
2024-06-27 20:07:00-0400: = 
2024-06-27 20:07:01-0400: Controller: clear_board
2024-06-27 20:07:01-0400: = 
2024-06-27 20:07:01-0400: Controller: kata-analyze B 10
2024-06-27 20:07:01-0400: = 
2024-06-27 20:07:01-0400: Controller: komi 7.5
2024-06-27 20:07:01-0400: = 
2024-06-27 20:07:01-0400: Controller: play B K19
2024-06-27 20:07:01-0400: = 
2024-06-27 20:07:01-0400: Controller: play B L19
2024-06-27 20:07:01-0400: = 
2024-06-27 20:07:01-0400: Controller: play W M19
2024-06-27 20:07:01-0400: = 
2024-06-27 20:07:01-0400: Controller: play B O19
2024-06-27 20:07:01-0400: = 
2024-06-27 20:07:01-0400: Controller: play W P19
2024-06-27 20:07:01-0400: = 
2024-06-27 20:07:01-0400: Controller: play W Q19
2024-06-27 20:07:01-0400: = 
2024-06-27 20:07:01-0400: Controller: play W R19
2024-06-27 20:07:01-0400: = 
2024-06-27 20:07:01-0400: Controller: play W S19
2024-06-27 20:07:01-0400: = 
2024-06-27 20:07:01-0400: Controller: play W T19
2024-06-27 20:07:01-0400: = 
2024-06-27 20:07:01-0400: Controller: play B C18
2024-06-27 20:07:02-0400: = 
2024-06-27 20:07:02-0400: Controller: play B E18
2024-06-27 20:07:02-0400: = 
2024-06-27 20:07:02-0400: Controller: play W G18
2024-06-27 20:07:02-0400: = 
2024-06-27 20:07:02-0400: Controller: play B K18
2024-06-27 20:07:02-0400: = 
2024-06-27 20:07:02-0400: Controller: play W L18
2024-06-27 20:07:02-0400: = 
2024-06-27 20:07:02-0400: Controller: play W N18
2024-06-27 20:07:02-0400: = 
2024-06-27 20:07:02-0400: Controller: play B O18
2024-06-27 20:07:02-0400: = 
2024-06-27 20:07:02-0400: Controller: play W P18
2024-06-27 20:07:02-0400: = 
2024-06-27 20:07:02-0400: Controller: play B Q18
2024-06-27 20:07:02-0400: = 
2024-06-27 20:07:02-0400: Controller: play B R18
2024-06-27 20:07:02-0400: = 
2024-06-27 20:07:02-0400: Controller: play W S18
2024-06-27 20:07:02-0400: = 
2024-06-27 20:07:02-0400: Controller: play B T18
2024-06-27 20:07:02-0400: = 
2024-06-27 20:07:02-0400: Controller: play B B17
2024-06-27 20:07:02-0400: = 
2024-06-27 20:07:02-0400: Controller: play B D17
2024-06-27 20:07:02-0400: = 
2024-06-27 20:07:02-0400: Controller: play W E17
2024-06-27 20:07:02-0400: = 
2024-06-27 20:07:02-0400: Controller: play W F17
2024-06-27 20:07:02-0400: = 
2024-06-27 20:07:02-0400: Controller: play W G17
2024-06-27 20:07:02-0400: = 
2024-06-27 20:07:02-0400: Controller: play B H17
2024-06-27 20:07:02-0400: = 
2024-06-27 20:07:02-0400: Controller: play W J17
2024-06-27 20:07:02-0400: = 
2024-06-27 20:07:02-0400: Controller: play B K17
2024-06-27 20:07:02-0400: = 
2024-06-27 20:07:02-0400: Controller: play B L17
2024-06-27 20:07:02-0400: = 
2024-06-27 20:07:02-0400: Controller: play W M17
2024-06-27 20:07:02-0400: = 
2024-06-27 20:07:02-0400: Controller: play B O17
2024-06-27 20:07:03-0400: = 
2024-06-27 20:07:03-0400: Controller: play W P17
2024-06-27 20:07:03-0400: = 
2024-06-27 20:07:03-0400: Controller: play W Q17
2024-06-27 20:07:03-0400: = 
2024-06-27 20:07:03-0400: Controller: play B R17
2024-06-27 20:07:03-0400: = 
2024-06-27 20:07:03-0400: Controller: play B S17
2024-06-27 20:07:03-0400: = 
2024-06-27 20:07:03-0400: Controller: play B B16
2024-06-27 20:07:03-0400: = 
2024-06-27 20:07:03-0400: Controller: play B C16
2024-06-27 20:07:03-0400: = 
2024-06-27 20:07:03-0400: Controller: play W D16
2024-06-27 20:07:03-0400: = 
2024-06-27 20:07:03-0400: Controller: play W E16
2024-06-27 20:07:03-0400: = 
2024-06-27 20:07:03-0400: Controller: play B F16
2024-06-27 20:07:03-0400: = 
2024-06-27 20:07:03-0400: Controller: play W G16
2024-06-27 20:07:03-0400: = 
2024-06-27 20:07:03-0400: Controller: play B H16
2024-06-27 20:07:03-0400: = 
2024-06-27 20:07:03-0400: Controller: play W J16
2024-06-27 20:07:03-0400: = 
2024-06-27 20:07:03-0400: Controller: play B K16
2024-06-27 20:07:03-0400: = 
2024-06-27 20:07:03-0400: Controller: play W N16
2024-06-27 20:07:03-0400: = 
2024-06-27 20:07:03-0400: Controller: play W Q16
2024-06-27 20:07:03-0400: = 
2024-06-27 20:07:03-0400: Controller: play B R16
2024-06-27 20:07:03-0400: = 
2024-06-27 20:07:03-0400: Controller: play B T16
2024-06-27 20:07:03-0400: = 
2024-06-27 20:07:03-0400: Controller: play W B15
2024-06-27 20:07:03-0400: = 
2024-06-27 20:07:03-0400: Controller: play W C15
2024-06-27 20:07:03-0400: = 
2024-06-27 20:07:03-0400: Controller: play B D15
2024-06-27 20:07:03-0400: = 
2024-06-27 20:07:03-0400: Controller: play B E15
2024-06-27 20:07:03-0400: = 
2024-06-27 20:07:03-0400: Controller: play B F15
2024-06-27 20:07:03-0400: = 
2024-06-27 20:07:03-0400: Controller: play B G15
2024-06-27 20:07:03-0400: = 
2024-06-27 20:07:03-0400: Controller: play B H15
2024-06-27 20:07:03-0400: = 
2024-06-27 20:07:03-0400: Controller: play B K15
2024-06-27 20:07:03-0400: = 
2024-06-27 20:07:03-0400: Controller: play B L15
2024-06-27 20:07:03-0400: = 
2024-06-27 20:07:03-0400: Controller: play W M15
2024-06-27 20:07:03-0400: = 
2024-06-27 20:07:03-0400: Controller: play W O15
2024-06-27 20:07:03-0400: = 
2024-06-27 20:07:03-0400: Controller: play W Q15
2024-06-27 20:07:03-0400: = 
2024-06-27 20:07:03-0400: Controller: play W R15
2024-06-27 20:07:03-0400: = 
2024-06-27 20:07:03-0400: Controller: play B S15
2024-06-27 20:07:03-0400: = 
2024-06-27 20:07:03-0400: Controller: play B T15
2024-06-27 20:07:03-0400: = 
2024-06-27 20:07:03-0400: Controller: play W B14
2024-06-27 20:07:03-0400: = 
2024-06-27 20:07:03-0400: Controller: play B C14
2024-06-27 20:07:03-0400: = 
2024-06-27 20:07:03-0400: Controller: play W D14
2024-06-27 20:07:03-0400: = 
2024-06-27 20:07:03-0400: Controller: play B F14
2024-06-27 20:07:03-0400: = 
2024-06-27 20:07:03-0400: Controller: play W G14
2024-06-27 20:07:03-0400: = 
2024-06-27 20:07:03-0400: Controller: play B H14
2024-06-27 20:07:03-0400: = 
2024-06-27 20:07:03-0400: Controller: play B M14
2024-06-27 20:07:03-0400: = 
2024-06-27 20:07:03-0400: Controller: play W N14
2024-06-27 20:07:03-0400: = 
2024-06-27 20:07:03-0400: Controller: play B P14
2024-06-27 20:07:03-0400: = 
2024-06-27 20:07:03-0400: Controller: play W Q14
2024-06-27 20:07:03-0400: = 
2024-06-27 20:07:03-0400: Controller: play B R14
2024-06-27 20:07:03-0400: = 
2024-06-27 20:07:03-0400: Controller: play B S14
2024-06-27 20:07:03-0400: = 
2024-06-27 20:07:03-0400: Controller: play W T14
2024-06-27 20:07:03-0400: = 
2024-06-27 20:07:03-0400: Controller: play W D13
2024-06-27 20:07:03-0400: = 
2024-06-27 20:07:03-0400: Controller: play W F13
2024-06-27 20:07:03-0400: = 
2024-06-27 20:07:03-0400: Controller: play W G13
2024-06-27 20:07:03-0400: = 
2024-06-27 20:07:03-0400: Controller: play B H13
2024-06-27 20:07:03-0400: = 
2024-06-27 20:07:03-0400: Controller: play B M13
2024-06-27 20:07:03-0400: = 
2024-06-27 20:07:03-0400: Controller: play W N13
2024-06-27 20:07:03-0400: = 
2024-06-27 20:07:03-0400: Controller: play B O13
2024-06-27 20:07:03-0400: = 
2024-06-27 20:07:03-0400: Controller: play B Q13
2024-06-27 20:07:03-0400: = 
2024-06-27 20:07:03-0400: Controller: play W R13
2024-06-27 20:07:03-0400: = 
2024-06-27 20:07:03-0400: Controller: play W T13
2024-06-27 20:07:03-0400: = 
2024-06-27 20:07:03-0400: Controller: play W E12
2024-06-27 20:07:04-0400: = 
2024-06-27 20:07:04-0400: Controller: play W F12
2024-06-27 20:07:04-0400: = 
2024-06-27 20:07:04-0400: Controller: play B G12
2024-06-27 20:07:04-0400: = 
2024-06-27 20:07:04-0400: Controller: play B H12
2024-06-27 20:07:04-0400: = 
2024-06-27 20:07:04-0400: Controller: play B K12
2024-06-27 20:07:04-0400: = 
2024-06-27 20:07:04-0400: Controller: play B L12
2024-06-27 20:07:04-0400: = 
2024-06-27 20:07:04-0400: Controller: play W M12
2024-06-27 20:07:04-0400: = 
2024-06-27 20:07:04-0400: Controller: play W N12
2024-06-27 20:07:04-0400: = 
2024-06-27 20:07:04-0400: Controller: play W O12
2024-06-27 20:07:04-0400: = 
2024-06-27 20:07:04-0400: Controller: play B P12
2024-06-27 20:07:04-0400: = 
2024-06-27 20:07:04-0400: Controller: play B Q12
2024-06-27 20:07:04-0400: = 
2024-06-27 20:07:04-0400: Controller: play W R12
2024-06-27 20:07:04-0400: = 
2024-06-27 20:07:04-0400: Controller: play W S12
2024-06-27 20:07:04-0400: = 
2024-06-27 20:07:04-0400: Controller: play W D11
2024-06-27 20:07:04-0400: = 
2024-06-27 20:07:04-0400: Controller: play B E11
2024-06-27 20:07:04-0400: = 
2024-06-27 20:07:04-0400: Controller: play B F11
2024-06-27 20:07:04-0400: = 
2024-06-27 20:07:04-0400: Controller: play B G11
2024-06-27 20:07:04-0400: = 
2024-06-27 20:07:04-0400: Controller: play W L11
2024-06-27 20:07:04-0400: = 
2024-06-27 20:07:04-0400: Controller: play W N11
2024-06-27 20:07:04-0400: = 
2024-06-27 20:07:04-0400: Controller: play B O11
2024-06-27 20:07:04-0400: = 
2024-06-27 20:07:04-0400: Controller: play W P11
2024-06-27 20:07:04-0400: = 
2024-06-27 20:07:04-0400: Controller: play B R11
2024-06-27 20:07:04-0400: = 
2024-06-27 20:07:04-0400: Controller: play W S11
2024-06-27 20:07:04-0400: = 
2024-06-27 20:07:04-0400: Controller: play W D10
2024-06-27 20:07:04-0400: = 
2024-06-27 20:07:04-0400: Controller: play W E10
2024-06-27 20:07:04-0400: = 
2024-06-27 20:07:04-0400: Controller: play W F10
2024-06-27 20:07:04-0400: = 
2024-06-27 20:07:04-0400: Controller: play B G10
2024-06-27 20:07:04-0400: = 
2024-06-27 20:07:04-0400: Controller: play B J10
2024-06-27 20:07:04-0400: = 
2024-06-27 20:07:04-0400: Controller: play W L10
2024-06-27 20:07:04-0400: = 
2024-06-27 20:07:04-0400: Controller: play W M10
2024-06-27 20:07:04-0400: = 
2024-06-27 20:07:04-0400: Controller: play W N10
2024-06-27 20:07:04-0400: = 
2024-06-27 20:07:04-0400: Controller: play B O10
2024-06-27 20:07:04-0400: = 
2024-06-27 20:07:04-0400: Controller: play W P10
2024-06-27 20:07:04-0400: = 
2024-06-27 20:07:04-0400: Controller: play B R10
2024-06-27 20:07:04-0400: = 
2024-06-27 20:07:04-0400: Controller: play W S10
2024-06-27 20:07:04-0400: = 
2024-06-27 20:07:04-0400: Controller: play W A9
2024-06-27 20:07:04-0400: = 
2024-06-27 20:07:04-0400: Controller: play W B9
2024-06-27 20:07:04-0400: = 
2024-06-27 20:07:04-0400: Controller: play W F9
2024-06-27 20:07:04-0400: = 
2024-06-27 20:07:04-0400: Controller: play W G9
2024-06-27 20:07:04-0400: = 
2024-06-27 20:07:04-0400: Controller: play B H9
2024-06-27 20:07:04-0400: = 
2024-06-27 20:07:04-0400: Controller: play B M9
2024-06-27 20:07:04-0400: = 
2024-06-27 20:07:04-0400: Controller: play W N9
2024-06-27 20:07:04-0400: = 
2024-06-27 20:07:04-0400: Controller: play B O9
2024-06-27 20:07:04-0400: = 
2024-06-27 20:07:04-0400: Controller: play W P9
2024-06-27 20:07:04-0400: = 
2024-06-27 20:07:04-0400: Controller: play W R9
2024-06-27 20:07:04-0400: = 
2024-06-27 20:07:04-0400: Controller: play W S9
2024-06-27 20:07:04-0400: = 
2024-06-27 20:07:04-0400: Controller: play B A8
2024-06-27 20:07:04-0400: = 
2024-06-27 20:07:04-0400: Controller: play W B8
2024-06-27 20:07:04-0400: = 
2024-06-27 20:07:04-0400: Controller: play W F8
2024-06-27 20:07:04-0400: = 
2024-06-27 20:07:04-0400: Controller: play W H8
2024-06-27 20:07:04-0400: = 
2024-06-27 20:07:04-0400: Controller: play B J8
2024-06-27 20:07:04-0400: = 
2024-06-27 20:07:04-0400: Controller: play W L8
2024-06-27 20:07:04-0400: = 
2024-06-27 20:07:04-0400: Controller: play B M8
2024-06-27 20:07:04-0400: = 
2024-06-27 20:07:04-0400: Controller: play B N8
2024-06-27 20:07:04-0400: = 
2024-06-27 20:07:04-0400: Controller: play B O8
2024-06-27 20:07:04-0400: = 
2024-06-27 20:07:04-0400: Controller: play W P8
2024-06-27 20:07:04-0400: = 
2024-06-27 20:07:04-0400: Controller: play B R8
2024-06-27 20:07:04-0400: = 
2024-06-27 20:07:04-0400: Controller: play B S8
2024-06-27 20:07:04-0400: = 
2024-06-27 20:07:04-0400: Controller: play B A7
2024-06-27 20:07:04-0400: = 
2024-06-27 20:07:04-0400: Controller: play W B7
2024-06-27 20:07:04-0400: = 
2024-06-27 20:07:04-0400: Controller: play B F7
2024-06-27 20:07:04-0400: = 
2024-06-27 20:07:04-0400: Controller: play W G7
2024-06-27 20:07:04-0400: = 
2024-06-27 20:07:04-0400: Controller: play B H7
2024-06-27 20:07:04-0400: = 
2024-06-27 20:07:04-0400: Controller: play B J7
2024-06-27 20:07:04-0400: = 
2024-06-27 20:07:04-0400: Controller: play B K7
2024-06-27 20:07:04-0400: = 
2024-06-27 20:07:04-0400: Controller: play B L7
2024-06-27 20:07:04-0400: = 
2024-06-27 20:07:04-0400: Controller: play B M7
2024-06-27 20:07:04-0400: = 
2024-06-27 20:07:04-0400: Controller: play W N7
2024-06-27 20:07:04-0400: = 
2024-06-27 20:07:04-0400: Controller: play W O7
2024-06-27 20:07:04-0400: = 
2024-06-27 20:07:04-0400: Controller: play W P7
2024-06-27 20:07:04-0400: = 
2024-06-27 20:07:04-0400: Controller: play B A6
2024-06-27 20:07:04-0400: = 
2024-06-27 20:07:04-0400: Controller: play B B6
2024-06-27 20:07:04-0400: = 
2024-06-27 20:07:04-0400: Controller: play W C6
2024-06-27 20:07:04-0400: = 
2024-06-27 20:07:04-0400: Controller: play W E6
2024-06-27 20:07:04-0400: = 
2024-06-27 20:07:04-0400: Controller: play W F6
2024-06-27 20:07:04-0400: = 
2024-06-27 20:07:04-0400: Controller: play B H6
2024-06-27 20:07:04-0400: = 
2024-06-27 20:07:04-0400: Controller: play W J6
2024-06-27 20:07:04-0400: = 
2024-06-27 20:07:04-0400: Controller: play W K6
2024-06-27 20:07:04-0400: = 
2024-06-27 20:07:04-0400: Controller: play W L6
2024-06-27 20:07:04-0400: = 
2024-06-27 20:07:04-0400: Controller: play W M6
2024-06-27 20:07:04-0400: = 
2024-06-27 20:07:04-0400: Controller: play B N6
2024-06-27 20:07:04-0400: = 
2024-06-27 20:07:04-0400: Controller: play B O6
2024-06-27 20:07:04-0400: = 
2024-06-27 20:07:04-0400: Controller: play W P6
2024-06-27 20:07:04-0400: = 
2024-06-27 20:07:04-0400: Controller: play B R6
2024-06-27 20:07:04-0400: = 
2024-06-27 20:07:04-0400: Controller: play W A5
2024-06-27 20:07:04-0400: = 
2024-06-27 20:07:04-0400: Controller: play B B5
2024-06-27 20:07:04-0400: = 
2024-06-27 20:07:04-0400: Controller: play B D5
2024-06-27 20:07:04-0400: = 
2024-06-27 20:07:04-0400: Controller: play B H5
2024-06-27 20:07:04-0400: = 
2024-06-27 20:07:04-0400: Controller: play B J5
2024-06-27 20:07:04-0400: = 
2024-06-27 20:07:04-0400: Controller: play W K5
2024-06-27 20:07:04-0400: = 
2024-06-27 20:07:04-0400: Controller: play W O5
2024-06-27 20:07:04-0400: = 
2024-06-27 20:07:04-0400: Controller: play B P5
2024-06-27 20:07:04-0400: = 
2024-06-27 20:07:04-0400: Controller: play W Q5
2024-06-27 20:07:04-0400: = 
2024-06-27 20:07:04-0400: Controller: play B R5
2024-06-27 20:07:04-0400: = 
2024-06-27 20:07:04-0400: Controller: play B B4
2024-06-27 20:07:04-0400: = 
2024-06-27 20:07:04-0400: Controller: play B D4
2024-06-27 20:07:04-0400: = 
2024-06-27 20:07:04-0400: Controller: play B F4
2024-06-27 20:07:04-0400: = 
2024-06-27 20:07:04-0400: Controller: play B G4
2024-06-27 20:07:04-0400: = 
2024-06-27 20:07:04-0400: Controller: play B K4
2024-06-27 20:07:04-0400: = 
2024-06-27 20:07:04-0400: Controller: play W L4
2024-06-27 20:07:04-0400: = 
2024-06-27 20:07:04-0400: Controller: play W O4
2024-06-27 20:07:04-0400: = 
2024-06-27 20:07:04-0400: Controller: play B Q4
2024-06-27 20:07:04-0400: = 
2024-06-27 20:07:04-0400: Controller: play B R4
2024-06-27 20:07:04-0400: = 
2024-06-27 20:07:04-0400: Controller: play B F3
2024-06-27 20:07:04-0400: = 
2024-06-27 20:07:04-0400: Controller: play W G3
2024-06-27 20:07:04-0400: = 
2024-06-27 20:07:04-0400: Controller: play B H3
2024-06-27 20:07:04-0400: = 
2024-06-27 20:07:04-0400: Controller: play B J3
2024-06-27 20:07:04-0400: = 
2024-06-27 20:07:04-0400: Controller: play B K3
2024-06-27 20:07:04-0400: = 
2024-06-27 20:07:04-0400: Controller: play W L3
2024-06-27 20:07:04-0400: = 
2024-06-27 20:07:04-0400: Controller: play W O3
2024-06-27 20:07:04-0400: = 
2024-06-27 20:07:04-0400: Controller: play B P3
2024-06-27 20:07:04-0400: = 
2024-06-27 20:07:04-0400: Controller: play B Q3
2024-06-27 20:07:04-0400: = 
2024-06-27 20:07:04-0400: Controller: play W R3
2024-06-27 20:07:04-0400: = 
2024-06-27 20:07:04-0400: Controller: play W S3
2024-06-27 20:07:04-0400: = 
2024-06-27 20:07:04-0400: Controller: play B F2
2024-06-27 20:07:04-0400: = 
2024-06-27 20:07:04-0400: Controller: play W G2
2024-06-27 20:07:04-0400: = 
2024-06-27 20:07:04-0400: Controller: play W H2
2024-06-27 20:07:04-0400: = 
2024-06-27 20:07:04-0400: Controller: play B J2
2024-06-27 20:07:04-0400: = 
2024-06-27 20:07:04-0400: Controller: play W K2
2024-06-27 20:07:04-0400: = 
2024-06-27 20:07:04-0400: Controller: play W L2
2024-06-27 20:07:04-0400: = 
2024-06-27 20:07:04-0400: Controller: play W O2
2024-06-27 20:07:04-0400: = 
2024-06-27 20:07:04-0400: Controller: play W P2
2024-06-27 20:07:04-0400: = 
2024-06-27 20:07:04-0400: Controller: play W Q2
2024-06-27 20:07:04-0400: = 
2024-06-27 20:07:04-0400: Controller: play B R2
2024-06-27 20:07:04-0400: = 
2024-06-27 20:07:04-0400: Controller: play B S2
2024-06-27 20:07:04-0400: = 
2024-06-27 20:07:04-0400: Controller: play B F1
2024-06-27 20:07:04-0400: = 
2024-06-27 20:07:04-0400: Controller: play W G1
2024-06-27 20:07:04-0400: = 
2024-06-27 20:07:04-0400: Controller: play W H1
2024-06-27 20:07:04-0400: = 
2024-06-27 20:07:04-0400: Controller: play W J1
2024-06-27 20:07:04-0400: = 
2024-06-27 20:07:04-0400: Controller: play W K1
2024-06-27 20:07:04-0400: = 
2024-06-27 20:07:04-0400: Controller: play B Q1
2024-06-27 20:07:04-0400: = 
2024-06-27 20:07:04-0400: Controller: play W O16
2024-06-27 20:07:04-0400: = 
2024-06-27 20:07:04-0400: Controller: undo
2024-06-27 20:07:04-0400: = 
2024-06-27 20:07:04-0400: Controller: play W O16
2024-06-27 20:07:04-0400: = 
2024-06-27 20:07:04-0400: Controller: play B M18
2024-06-27 20:07:04-0400: = 
2024-06-27 20:07:04-0400: Controller: kata-analyze W 10
2024-06-27 20:07:04-0400: = 
2024-06-27 20:07:11-0400: Controller: clear_board
2024-06-27 20:07:11-0400: = 
2024-06-27 20:07:11-0400: Controller: kata-analyze B 10
2024-06-27 20:07:11-0400: = 
2024-06-27 20:07:11-0400: Controller: komi 7.5
2024-06-27 20:07:11-0400: = 
2024-06-27 20:07:11-0400: Controller: play B K19
2024-06-27 20:07:11-0400: = 
2024-06-27 20:07:11-0400: Controller: play B L19
2024-06-27 20:07:11-0400: = 
2024-06-27 20:07:11-0400: Controller: play W M19
2024-06-27 20:07:11-0400: = 
2024-06-27 20:07:11-0400: Controller: play B O19
2024-06-27 20:07:11-0400: = 
2024-06-27 20:07:11-0400: Controller: play W P19
2024-06-27 20:07:11-0400: = 
2024-06-27 20:07:11-0400: Controller: play W Q19
2024-06-27 20:07:11-0400: = 
2024-06-27 20:07:11-0400: Controller: play W R19
2024-06-27 20:07:11-0400: = 
2024-06-27 20:07:11-0400: Controller: play W S19
2024-06-27 20:07:11-0400: = 
2024-06-27 20:07:11-0400: Controller: play W T19
2024-06-27 20:07:11-0400: = 
2024-06-27 20:07:11-0400: Controller: play B C18
2024-06-27 20:07:11-0400: = 
2024-06-27 20:07:11-0400: Controller: play B E18
2024-06-27 20:07:11-0400: = 
2024-06-27 20:07:11-0400: Controller: play W G18
2024-06-27 20:07:11-0400: = 
2024-06-27 20:07:11-0400: Controller: play B K18
2024-06-27 20:07:11-0400: = 
2024-06-27 20:07:11-0400: Controller: play W L18
2024-06-27 20:07:11-0400: = 
2024-06-27 20:07:11-0400: Controller: play W N18
2024-06-27 20:07:11-0400: = 
2024-06-27 20:07:11-0400: Controller: play B O18
2024-06-27 20:07:11-0400: = 
2024-06-27 20:07:11-0400: Controller: play W P18
2024-06-27 20:07:11-0400: = 
2024-06-27 20:07:11-0400: Controller: play B Q18
2024-06-27 20:07:11-0400: = 
2024-06-27 20:07:11-0400: Controller: play B R18
2024-06-27 20:07:11-0400: = 
2024-06-27 20:07:11-0400: Controller: play W S18
2024-06-27 20:07:11-0400: = 
2024-06-27 20:07:11-0400: Controller: play B T18
2024-06-27 20:07:11-0400: = 
2024-06-27 20:07:11-0400: Controller: play B B17
2024-06-27 20:07:11-0400: = 
2024-06-27 20:07:11-0400: Controller: play B D17
2024-06-27 20:07:11-0400: = 
2024-06-27 20:07:11-0400: Controller: play W E17
2024-06-27 20:07:11-0400: = 
2024-06-27 20:07:11-0400: Controller: play W F17
2024-06-27 20:07:11-0400: = 
2024-06-27 20:07:11-0400: Controller: play W G17
2024-06-27 20:07:11-0400: = 
2024-06-27 20:07:11-0400: Controller: play B H17
2024-06-27 20:07:11-0400: = 
2024-06-27 20:07:11-0400: Controller: kata-analyze W 10
2024-06-27 20:07:11-0400: = 
2024-06-27 20:07:11-0400: Controller: play W J17
2024-06-27 20:07:11-0400: = 
2024-06-27 20:07:11-0400: Controller: kata-analyze B 10
2024-06-27 20:07:11-0400: = 
2024-06-27 20:07:11-0400: Controller: play B K17
2024-06-27 20:07:11-0400: = 
2024-06-27 20:07:11-0400: Controller: play B L17
2024-06-27 20:07:11-0400: = 
2024-06-27 20:07:11-0400: Controller: kata-analyze W 10
2024-06-27 20:07:11-0400: = 
2024-06-27 20:07:11-0400: Controller: play W M17
2024-06-27 20:07:11-0400: = 
2024-06-27 20:07:11-0400: Controller: kata-analyze B 10
2024-06-27 20:07:11-0400: = 
2024-06-27 20:07:11-0400: Controller: play B O17
2024-06-27 20:07:11-0400: = 
2024-06-27 20:07:11-0400: Controller: play W P17
2024-06-27 20:07:11-0400: = 
2024-06-27 20:07:11-0400: Controller: kata-analyze B 10
2024-06-27 20:07:11-0400: = 
2024-06-27 20:07:11-0400: Controller: play W Q17
2024-06-27 20:07:11-0400: = 
2024-06-27 20:07:11-0400: Controller: play B R17
2024-06-27 20:07:11-0400: = 
2024-06-27 20:07:11-0400: Controller: kata-analyze W 10
2024-06-27 20:07:11-0400: = 
2024-06-27 20:07:11-0400: Controller: play B S17
2024-06-27 20:07:11-0400: = 
2024-06-27 20:07:11-0400: Controller: play B B16
2024-06-27 20:07:11-0400: = 
2024-06-27 20:07:11-0400: Controller: kata-analyze W 10
2024-06-27 20:07:11-0400: = 
2024-06-27 20:07:11-0400: Controller: play B C16
2024-06-27 20:07:11-0400: = 
2024-06-27 20:07:11-0400: Controller: play W D16
2024-06-27 20:07:11-0400: = 
2024-06-27 20:07:11-0400: Controller: kata-analyze B 10
2024-06-27 20:07:11-0400: = 
2024-06-27 20:07:11-0400: Controller: play W E16
2024-06-27 20:07:11-0400: = 
2024-06-27 20:07:11-0400: Controller: play B F16
2024-06-27 20:07:11-0400: = 
2024-06-27 20:07:11-0400: Controller: play W G16
2024-06-27 20:07:11-0400: = 
2024-06-27 20:07:11-0400: Controller: play B H16
2024-06-27 20:07:11-0400: = 
2024-06-27 20:07:11-0400: Controller: play W J16
2024-06-27 20:07:11-0400: = 
2024-06-27 20:07:11-0400: Controller: kata-analyze B 10
2024-06-27 20:07:11-0400: = 
2024-06-27 20:07:11-0400: Controller: play B K16
2024-06-27 20:07:11-0400: = 
2024-06-27 20:07:11-0400: Controller: kata-analyze W 10
2024-06-27 20:07:11-0400: = 
2024-06-27 20:07:11-0400: Controller: play W N16
2024-06-27 20:07:11-0400: = 
2024-06-27 20:07:11-0400: Controller: kata-analyze B 10
2024-06-27 20:07:11-0400: = 
2024-06-27 20:07:11-0400: Controller: play W Q16
2024-06-27 20:07:11-0400: = 
2024-06-27 20:07:11-0400: Controller: play B R16
2024-06-27 20:07:11-0400: = 
2024-06-27 20:07:11-0400: Controller: kata-analyze W 10
2024-06-27 20:07:11-0400: = 
2024-06-27 20:07:11-0400: Controller: play B T16
2024-06-27 20:07:11-0400: = 
2024-06-27 20:07:11-0400: Controller: play W B15
2024-06-27 20:07:11-0400: = 
2024-06-27 20:07:11-0400: Controller: kata-analyze B 10
2024-06-27 20:07:11-0400: = 
2024-06-27 20:07:11-0400: Controller: play W C15
2024-06-27 20:07:11-0400: = 
2024-06-27 20:07:11-0400: Controller: kata-analyze B 10
2024-06-27 20:07:11-0400: = 
2024-06-27 20:07:11-0400: Controller: play B D15
2024-06-27 20:07:11-0400: = 
2024-06-27 20:07:11-0400: Controller: play B E15
2024-06-27 20:07:11-0400: = 
2024-06-27 20:07:11-0400: Controller: kata-analyze W 10
2024-06-27 20:07:11-0400: = 
2024-06-27 20:07:11-0400: Controller: play B F15
2024-06-27 20:07:11-0400: = 
2024-06-27 20:07:11-0400: Controller: kata-analyze W 10
2024-06-27 20:07:11-0400: = 
2024-06-27 20:07:11-0400: Controller: play B G15
2024-06-27 20:07:11-0400: = 
2024-06-27 20:07:11-0400: Controller: play B H15
2024-06-27 20:07:11-0400: = 
2024-06-27 20:07:11-0400: Controller: play B K15
2024-06-27 20:07:11-0400: = 
2024-06-27 20:07:11-0400: Controller: play B L15
2024-06-27 20:07:11-0400: = 
2024-06-27 20:07:11-0400: Controller: play W M15
2024-06-27 20:07:11-0400: = 
2024-06-27 20:07:11-0400: Controller: kata-analyze B 10
2024-06-27 20:07:11-0400: = 
2024-06-27 20:07:11-0400: Controller: play W O15
2024-06-27 20:07:11-0400: = 
2024-06-27 20:07:11-0400: Controller: kata-analyze B 10
2024-06-27 20:07:11-0400: = 
2024-06-27 20:07:11-0400: Controller: play W Q15
2024-06-27 20:07:11-0400: = 
2024-06-27 20:07:11-0400: Controller: kata-analyze B 10
2024-06-27 20:07:11-0400: = 
2024-06-27 20:07:11-0400: Controller: play W R15
2024-06-27 20:07:11-0400: = 
2024-06-27 20:07:11-0400: Controller: kata-analyze B 10
2024-06-27 20:07:11-0400: = 
2024-06-27 20:07:11-0400: Controller: play B S15
2024-06-27 20:07:11-0400: = 
2024-06-27 20:07:11-0400: Controller: play B T15
2024-06-27 20:07:11-0400: = 
2024-06-27 20:07:11-0400: Controller: kata-analyze W 10
2024-06-27 20:07:11-0400: = 
2024-06-27 20:07:11-0400: Controller: play W B14
2024-06-27 20:07:11-0400: = 
2024-06-27 20:07:11-0400: Controller: kata-analyze B 10
2024-06-27 20:07:11-0400: = 
2024-06-27 20:07:11-0400: Controller: play B C14
2024-06-27 20:07:11-0400: = 
2024-06-27 20:07:11-0400: Controller: kata-analyze W 10
2024-06-27 20:07:11-0400: = 
2024-06-27 20:07:11-0400: Controller: play W D14
2024-06-27 20:07:11-0400: = 
2024-06-27 20:07:11-0400: Controller: play B F14
2024-06-27 20:07:11-0400: = 
2024-06-27 20:07:11-0400: Controller: play W G14
2024-06-27 20:07:11-0400: = 
2024-06-27 20:07:11-0400: Controller: play B H14
2024-06-27 20:07:11-0400: = 
2024-06-27 20:07:11-0400: Controller: play B M14
2024-06-27 20:07:11-0400: = 
2024-06-27 20:07:11-0400: Controller: play W N14
2024-06-27 20:07:11-0400: = 
2024-06-27 20:07:11-0400: Controller: play B P14
2024-06-27 20:07:11-0400: = 
2024-06-27 20:07:11-0400: Controller: play W Q14
2024-06-27 20:07:11-0400: = 
2024-06-27 20:07:11-0400: Controller: play B R14
2024-06-27 20:07:11-0400: = 
2024-06-27 20:07:11-0400: Controller: play B S14
2024-06-27 20:07:11-0400: = 
2024-06-27 20:07:11-0400: Controller: play W T14
2024-06-27 20:07:11-0400: = 
2024-06-27 20:07:11-0400: Controller: play W D13
2024-06-27 20:07:11-0400: = 
2024-06-27 20:07:11-0400: Controller: kata-analyze B 10
2024-06-27 20:07:11-0400: = 
2024-06-27 20:07:11-0400: Controller: play W F13
2024-06-27 20:07:11-0400: = 
2024-06-27 20:07:11-0400: Controller: kata-analyze B 10
2024-06-27 20:07:11-0400: = 
2024-06-27 20:07:11-0400: Controller: play W G13
2024-06-27 20:07:11-0400: = 
2024-06-27 20:07:11-0400: Controller: play B H13
2024-06-27 20:07:11-0400: = 
2024-06-27 20:07:11-0400: Controller: kata-analyze W 10
2024-06-27 20:07:11-0400: = 
2024-06-27 20:07:11-0400: Controller: play B M13
2024-06-27 20:07:11-0400: = 
2024-06-27 20:07:11-0400: Controller: play W N13
2024-06-27 20:07:11-0400: = 
2024-06-27 20:07:11-0400: Controller: play B O13
2024-06-27 20:07:11-0400: = 
2024-06-27 20:07:11-0400: Controller: play B Q13
2024-06-27 20:07:11-0400: = 
2024-06-27 20:07:11-0400: Controller: play W R13
2024-06-27 20:07:11-0400: = 
2024-06-27 20:07:11-0400: Controller: play W T13
2024-06-27 20:07:11-0400: = 
2024-06-27 20:07:11-0400: Controller: play W E12
2024-06-27 20:07:11-0400: = 
2024-06-27 20:07:11-0400: Controller: play W F12
2024-06-27 20:07:11-0400: = 
2024-06-27 20:07:11-0400: Controller: play B G12
2024-06-27 20:07:11-0400: = 
2024-06-27 20:07:11-0400: Controller: play B H12
2024-06-27 20:07:11-0400: = 
2024-06-27 20:07:11-0400: Controller: play B K12
2024-06-27 20:07:11-0400: = 
2024-06-27 20:07:11-0400: Controller: play B L12
2024-06-27 20:07:11-0400: = 
2024-06-27 20:07:11-0400: Controller: play W M12
2024-06-27 20:07:11-0400: = 
2024-06-27 20:07:11-0400: Controller: play W N12
2024-06-27 20:07:11-0400: = 
2024-06-27 20:07:11-0400: Controller: play W O12
2024-06-27 20:07:11-0400: = 
2024-06-27 20:07:11-0400: Controller: play B P12
2024-06-27 20:07:11-0400: = 
2024-06-27 20:07:11-0400: Controller: play B Q12
2024-06-27 20:07:11-0400: = 
2024-06-27 20:07:11-0400: Controller: play W R12
2024-06-27 20:07:11-0400: = 
2024-06-27 20:07:11-0400: Controller: play W S12
2024-06-27 20:07:11-0400: = 
2024-06-27 20:07:11-0400: Controller: play W D11
2024-06-27 20:07:11-0400: = 
2024-06-27 20:07:11-0400: Controller: play B E11
2024-06-27 20:07:11-0400: = 
2024-06-27 20:07:11-0400: Controller: play B F11
2024-06-27 20:07:11-0400: = 
2024-06-27 20:07:11-0400: Controller: play B G11
2024-06-27 20:07:11-0400: = 
2024-06-27 20:07:11-0400: Controller: play W L11
2024-06-27 20:07:11-0400: = 
2024-06-27 20:07:11-0400: Controller: play W N11
2024-06-27 20:07:11-0400: = 
2024-06-27 20:07:11-0400: Controller: play B O11
2024-06-27 20:07:11-0400: = 
2024-06-27 20:07:11-0400: Controller: play W P11
2024-06-27 20:07:11-0400: = 
2024-06-27 20:07:11-0400: Controller: play B R11
2024-06-27 20:07:11-0400: = 
2024-06-27 20:07:11-0400: Controller: play W S11
2024-06-27 20:07:11-0400: = 
2024-06-27 20:07:11-0400: Controller: play W D10
2024-06-27 20:07:11-0400: = 
2024-06-27 20:07:11-0400: Controller: play W E10
2024-06-27 20:07:11-0400: = 
2024-06-27 20:07:11-0400: Controller: play W F10
2024-06-27 20:07:11-0400: = 
2024-06-27 20:07:11-0400: Controller: play B G10
2024-06-27 20:07:11-0400: = 
2024-06-27 20:07:11-0400: Controller: play B J10
2024-06-27 20:07:11-0400: = 
2024-06-27 20:07:11-0400: Controller: play W L10
2024-06-27 20:07:11-0400: = 
2024-06-27 20:07:11-0400: Controller: kata-analyze B 10
2024-06-27 20:07:11-0400: = 
2024-06-27 20:07:11-0400: Controller: play W M10
2024-06-27 20:07:11-0400: = 
2024-06-27 20:07:11-0400: Controller: kata-analyze B 10
2024-06-27 20:07:11-0400: = 
2024-06-27 20:07:11-0400: Controller: play W N10
2024-06-27 20:07:11-0400: = 
2024-06-27 20:07:11-0400: Controller: play B O10
2024-06-27 20:07:11-0400: = 
2024-06-27 20:07:11-0400: Controller: kata-analyze W 10
2024-06-27 20:07:11-0400: = 
2024-06-27 20:07:11-0400: Controller: play W P10
2024-06-27 20:07:11-0400: = 
2024-06-27 20:07:11-0400: Controller: play B R10
2024-06-27 20:07:11-0400: = 
2024-06-27 20:07:11-0400: Controller: kata-analyze W 10
2024-06-27 20:07:11-0400: = 
2024-06-27 20:07:11-0400: Controller: play W S10
2024-06-27 20:07:11-0400: = 
2024-06-27 20:07:11-0400: Controller: play W A9
2024-06-27 20:07:11-0400: = 
2024-06-27 20:07:11-0400: Controller: play W B9
2024-06-27 20:07:11-0400: = 
2024-06-27 20:07:11-0400: Controller: play W F9
2024-06-27 20:07:11-0400: = 
2024-06-27 20:07:11-0400: Controller: play W G9
2024-06-27 20:07:11-0400: = 
2024-06-27 20:07:11-0400: Controller: play B H9
2024-06-27 20:07:11-0400: = 
2024-06-27 20:07:11-0400: Controller: play B M9
2024-06-27 20:07:11-0400: = 
2024-06-27 20:07:11-0400: Controller: play W N9
2024-06-27 20:07:11-0400: = 
2024-06-27 20:07:11-0400: Controller: play B O9
2024-06-27 20:07:11-0400: = 
2024-06-27 20:07:11-0400: Controller: kata-analyze W 10
2024-06-27 20:07:11-0400: = 
2024-06-27 20:07:11-0400: Controller: play W P9
2024-06-27 20:07:11-0400: = 
2024-06-27 20:07:11-0400: Controller: kata-analyze B 10
2024-06-27 20:07:11-0400: = 
2024-06-27 20:07:11-0400: Controller: play W R9
2024-06-27 20:07:11-0400: = 
2024-06-27 20:07:11-0400: Controller: kata-analyze B 10
2024-06-27 20:07:11-0400: = 
2024-06-27 20:07:11-0400: Controller: play W S9
2024-06-27 20:07:11-0400: = 
2024-06-27 20:07:11-0400: Controller: kata-analyze B 10
2024-06-27 20:07:11-0400: = 
2024-06-27 20:07:11-0400: Controller: play B A8
2024-06-27 20:07:11-0400: = 
2024-06-27 20:07:11-0400: Controller: play W B8
2024-06-27 20:07:11-0400: = 
2024-06-27 20:07:11-0400: Controller: kata-analyze B 10
2024-06-27 20:07:11-0400: = 
2024-06-27 20:07:11-0400: Controller: play W F8
2024-06-27 20:07:11-0400: = 
2024-06-27 20:07:11-0400: Controller: play W H8
2024-06-27 20:07:11-0400: = 
2024-06-27 20:07:11-0400: Controller: kata-analyze B 10
2024-06-27 20:07:11-0400: = 
2024-06-27 20:07:11-0400: Controller: play B J8
2024-06-27 20:07:11-0400: = 
2024-06-27 20:07:11-0400: Controller: play W L8
2024-06-27 20:07:11-0400: = 
2024-06-27 20:07:11-0400: Controller: kata-analyze B 10
2024-06-27 20:07:11-0400: = 
2024-06-27 20:07:11-0400: Controller: play B M8
2024-06-27 20:07:11-0400: = 
2024-06-27 20:07:11-0400: Controller: play B N8
2024-06-27 20:07:11-0400: = 
2024-06-27 20:07:11-0400: Controller: kata-analyze W 10
2024-06-27 20:07:11-0400: = 
2024-06-27 20:07:11-0400: Controller: play B O8
2024-06-27 20:07:11-0400: = 
2024-06-27 20:07:11-0400: Controller: kata-analyze W 10
2024-06-27 20:07:11-0400: = 
2024-06-27 20:07:11-0400: Controller: play W P8
2024-06-27 20:07:11-0400: = 
2024-06-27 20:07:11-0400: Controller: kata-analyze B 10
2024-06-27 20:07:11-0400: = 
2024-06-27 20:07:11-0400: Controller: play B R8
2024-06-27 20:07:11-0400: = 
2024-06-27 20:07:11-0400: Controller: kata-analyze W 10
2024-06-27 20:07:11-0400: = 
2024-06-27 20:07:11-0400: Controller: play B S8
2024-06-27 20:07:11-0400: = 
2024-06-27 20:07:11-0400: Controller: play B A7
2024-06-27 20:07:11-0400: = 
2024-06-27 20:07:11-0400: Controller: play W B7
2024-06-27 20:07:11-0400: = 
2024-06-27 20:07:11-0400: Controller: play B F7
2024-06-27 20:07:11-0400: = 
2024-06-27 20:07:11-0400: Controller: play W G7
2024-06-27 20:07:11-0400: = 
2024-06-27 20:07:11-0400: Controller: play B H7
2024-06-27 20:07:11-0400: = 
2024-06-27 20:07:11-0400: Controller: play B J7
2024-06-27 20:07:11-0400: = 
2024-06-27 20:07:11-0400: Controller: play B K7
2024-06-27 20:07:11-0400: = 
2024-06-27 20:07:11-0400: Controller: play B L7
2024-06-27 20:07:11-0400: = 
2024-06-27 20:07:11-0400: Controller: play B M7
2024-06-27 20:07:11-0400: = 
2024-06-27 20:07:11-0400: Controller: play W N7
2024-06-27 20:07:11-0400: = 
2024-06-27 20:07:11-0400: Controller: play W O7
2024-06-27 20:07:11-0400: = 
2024-06-27 20:07:11-0400: Controller: play W P7
2024-06-27 20:07:11-0400: = 
2024-06-27 20:07:11-0400: Controller: play B A6
2024-06-27 20:07:11-0400: = 
2024-06-27 20:07:11-0400: Controller: play B B6
2024-06-27 20:07:11-0400: = 
2024-06-27 20:07:11-0400: Controller: play W C6
2024-06-27 20:07:11-0400: = 
2024-06-27 20:07:11-0400: Controller: play W E6
2024-06-27 20:07:11-0400: = 
2024-06-27 20:07:11-0400: Controller: play W F6
2024-06-27 20:07:11-0400: = 
2024-06-27 20:07:11-0400: Controller: play B H6
2024-06-27 20:07:11-0400: = 
2024-06-27 20:07:11-0400: Controller: play W J6
2024-06-27 20:07:11-0400: = 
2024-06-27 20:07:11-0400: Controller: play W K6
2024-06-27 20:07:11-0400: = 
2024-06-27 20:07:11-0400: Controller: play W L6
2024-06-27 20:07:11-0400: = 
2024-06-27 20:07:11-0400: Controller: play W M6
2024-06-27 20:07:11-0400: = 
2024-06-27 20:07:11-0400: Controller: play B N6
2024-06-27 20:07:11-0400: = 
2024-06-27 20:07:11-0400: Controller: play B O6
2024-06-27 20:07:11-0400: = 
2024-06-27 20:07:11-0400: Controller: play W P6
2024-06-27 20:07:11-0400: = 
2024-06-27 20:07:11-0400: Controller: play B R6
2024-06-27 20:07:11-0400: = 
2024-06-27 20:07:11-0400: Controller: play W A5
2024-06-27 20:07:11-0400: = 
2024-06-27 20:07:11-0400: Controller: play B B5
2024-06-27 20:07:11-0400: = 
2024-06-27 20:07:11-0400: Controller: play B D5
2024-06-27 20:07:11-0400: = 
2024-06-27 20:07:11-0400: Controller: play B H5
2024-06-27 20:07:11-0400: = 
2024-06-27 20:07:11-0400: Controller: play B J5
2024-06-27 20:07:11-0400: = 
2024-06-27 20:07:11-0400: Controller: play W K5
2024-06-27 20:07:11-0400: = 
2024-06-27 20:07:11-0400: Controller: play W O5
2024-06-27 20:07:11-0400: = 
2024-06-27 20:07:11-0400: Controller: play B P5
2024-06-27 20:07:11-0400: = 
2024-06-27 20:07:11-0400: Controller: play W Q5
2024-06-27 20:07:11-0400: = 
2024-06-27 20:07:11-0400: Controller: play B R5
2024-06-27 20:07:11-0400: = 
2024-06-27 20:07:11-0400: Controller: play B B4
2024-06-27 20:07:11-0400: = 
2024-06-27 20:07:11-0400: Controller: play B D4
2024-06-27 20:07:11-0400: = 
2024-06-27 20:07:11-0400: Controller: play B F4
2024-06-27 20:07:11-0400: = 
2024-06-27 20:07:11-0400: Controller: play B G4
2024-06-27 20:07:11-0400: = 
2024-06-27 20:07:11-0400: Controller: kata-analyze W 10
2024-06-27 20:07:11-0400: = 
2024-06-27 20:07:11-0400: Controller: play B K4
2024-06-27 20:07:11-0400: = 
2024-06-27 20:07:11-0400: Controller: kata-analyze W 10
2024-06-27 20:07:11-0400: = 
2024-06-27 20:07:11-0400: Controller: play W L4
2024-06-27 20:07:11-0400: = 
2024-06-27 20:07:11-0400: Controller: kata-analyze B 10
2024-06-27 20:07:11-0400: = 
2024-06-27 20:07:11-0400: Controller: play W O4
2024-06-27 20:07:11-0400: = 
2024-06-27 20:07:11-0400: Controller: kata-analyze B 10
2024-06-27 20:07:11-0400: = 
2024-06-27 20:07:11-0400: Controller: play B Q4
2024-06-27 20:07:11-0400: = 
2024-06-27 20:07:11-0400: Controller: kata-analyze W 10
2024-06-27 20:07:11-0400: = 
2024-06-27 20:07:11-0400: Controller: play B R4
2024-06-27 20:07:11-0400: = 
2024-06-27 20:07:11-0400: Controller: play B F3
2024-06-27 20:07:11-0400: = 
2024-06-27 20:07:11-0400: Controller: play W G3
2024-06-27 20:07:11-0400: = 
2024-06-27 20:07:11-0400: Controller: play B H3
2024-06-27 20:07:11-0400: = 
2024-06-27 20:07:11-0400: Controller: play B J3
2024-06-27 20:07:11-0400: = 
2024-06-27 20:07:11-0400: Controller: play B K3
2024-06-27 20:07:11-0400: = 
2024-06-27 20:07:11-0400: Controller: play W L3
2024-06-27 20:07:11-0400: = 
2024-06-27 20:07:11-0400: Controller: kata-analyze B 10
2024-06-27 20:07:11-0400: = 
2024-06-27 20:07:11-0400: Controller: play W O3
2024-06-27 20:07:11-0400: = 
2024-06-27 20:07:11-0400: Controller: kata-analyze B 10
2024-06-27 20:07:11-0400: = 
2024-06-27 20:07:11-0400: Controller: play B P3
2024-06-27 20:07:11-0400: = 
2024-06-27 20:07:11-0400: Controller: play B Q3
2024-06-27 20:07:11-0400: = 
2024-06-27 20:07:11-0400: Controller: play W R3
2024-06-27 20:07:11-0400: = 
2024-06-27 20:07:11-0400: Controller: play W S3
2024-06-27 20:07:11-0400: = 
2024-06-27 20:07:11-0400: Controller: play B F2
2024-06-27 20:07:11-0400: = 
2024-06-27 20:07:11-0400: Controller: play W G2
2024-06-27 20:07:11-0400: = 
2024-06-27 20:07:11-0400: Controller: kata-analyze B 10
2024-06-27 20:07:11-0400: = 
2024-06-27 20:07:11-0400: Controller: play W H2
2024-06-27 20:07:11-0400: = 
2024-06-27 20:07:11-0400: Controller: kata-analyze B 10
2024-06-27 20:07:11-0400: = 
2024-06-27 20:07:11-0400: Controller: play B J2
2024-06-27 20:07:11-0400: = 
2024-06-27 20:07:11-0400: Controller: kata-analyze W 10
2024-06-27 20:07:11-0400: = 
2024-06-27 20:07:11-0400: Controller: play W K2
2024-06-27 20:07:11-0400: = 
2024-06-27 20:07:11-0400: Controller: play W L2
2024-06-27 20:07:11-0400: = 
2024-06-27 20:07:11-0400: Controller: play W O2
2024-06-27 20:07:11-0400: = 
2024-06-27 20:07:11-0400: Controller: play W P2
2024-06-27 20:07:11-0400: = 
2024-06-27 20:07:11-0400: Controller: kata-analyze B 10
2024-06-27 20:07:11-0400: = 
2024-06-27 20:07:11-0400: Controller: play W Q2
2024-06-27 20:07:11-0400: = 
2024-06-27 20:07:11-0400: Controller: kata-analyze B 10
2024-06-27 20:07:11-0400: = 
2024-06-27 20:07:11-0400: Controller: play B R2
2024-06-27 20:07:11-0400: = 
2024-06-27 20:07:11-0400: Controller: kata-analyze W 10
2024-06-27 20:07:11-0400: = 
2024-06-27 20:07:11-0400: Controller: play B S2
2024-06-27 20:07:11-0400: = 
2024-06-27 20:07:11-0400: Controller: play B F1
2024-06-27 20:07:11-0400: = 
2024-06-27 20:07:11-0400: Controller: kata-analyze W 10
2024-06-27 20:07:11-0400: = 
2024-06-27 20:07:11-0400: Controller: play W G1
2024-06-27 20:07:11-0400: = 
2024-06-27 20:07:11-0400: Controller: kata-analyze B 10
2024-06-27 20:07:11-0400: = 
2024-06-27 20:07:12-0400: Controller: play W H1
2024-06-27 20:07:12-0400: = 
2024-06-27 20:07:12-0400: Controller: play W J1
2024-06-27 20:07:12-0400: = 
2024-06-27 20:07:12-0400: Controller: play W K1
2024-06-27 20:07:12-0400: = 
2024-06-27 20:07:12-0400: Controller: play B Q1
2024-06-27 20:07:12-0400: = 
2024-06-27 20:07:12-0400: Controller: play W O16
2024-06-27 20:07:12-0400: = 
2024-06-27 20:07:12-0400: Controller: undo
2024-06-27 20:07:12-0400: = 
2024-06-27 20:07:12-0400: Controller: kata-analyze W 10
2024-06-27 20:07:12-0400: = 
2024-06-27 20:07:12-0400: Controller: play W O16
2024-06-27 20:07:12-0400: = 
2024-06-27 20:07:12-0400: Controller: kata-analyze B 10
2024-06-27 20:07:12-0400: = 
2024-06-27 20:08:07-0400: Controller: clear_board
2024-06-27 20:08:07-0400: = 
2024-06-27 20:08:07-0400: Controller: kata-analyze B 10
2024-06-27 20:08:07-0400: = 
2024-06-27 20:08:07-0400: Controller: komi 7.5
2024-06-27 20:08:07-0400: = 
2024-06-27 20:08:07-0400: Controller: kata-analyze B 10
2024-06-27 20:08:07-0400: = 
2024-06-27 20:08:07-0400: Controller: play W D16
2024-06-27 20:08:07-0400: = 
2024-06-27 20:08:07-0400: Controller: kata-analyze B 10
2024-06-27 20:08:07-0400: = 
2024-06-27 20:08:07-0400: Controller: play W Q16
2024-06-27 20:08:07-0400: = 
2024-06-27 20:08:07-0400: Controller: play B D4
2024-06-27 20:08:07-0400: = 
2024-06-27 20:08:07-0400: Controller: play B Q4
2024-06-27 20:08:07-0400: = 
2024-06-27 20:08:07-0400: Controller: play B R10
2024-06-27 20:08:07-0400: = 
2024-06-27 20:08:07-0400: Controller: kata-analyze W 10
2024-06-27 20:08:07-0400: = 
2024-06-27 20:08:08-0400: Controller: play B R14
2024-06-27 20:08:08-0400: = 
2024-06-27 20:08:08-0400: Controller: kata-analyze W 10
2024-06-27 20:08:08-0400: = 
2024-06-27 20:08:08-0400: Controller: play W P13
2024-06-27 20:08:08-0400: = 
2024-06-27 20:08:08-0400: Controller: play W R12
2024-06-27 20:08:08-0400: = 
2024-06-27 20:08:08-0400: Controller: play W D10
2024-06-27 20:08:08-0400: = 
2024-06-27 20:08:08-0400: Controller: play W C6
2024-06-27 20:08:08-0400: = 
2024-06-27 20:08:08-0400: Controller: play W E6
2024-06-27 20:08:08-0400: = 
2024-06-27 20:08:08-0400: Controller: play B B4
2024-06-27 20:08:08-0400: = 
2024-06-27 20:08:08-0400: Controller: play B F4
2024-06-27 20:08:08-0400: = 
2024-06-27 20:08:08-0400: Controller: play B J3
2024-06-27 20:08:08-0400: = 
2024-06-27 20:08:08-0400: Controller: play B R17
2024-06-27 20:08:08-0400: = 
2024-06-27 20:08:08-0400: Controller: kata-analyze W 10
2024-06-27 20:08:08-0400: = 
2024-06-27 20:08:09-0400: Controller: clear_board
2024-06-27 20:08:09-0400: = 
2024-06-27 20:08:09-0400: Controller: kata-analyze B 10
2024-06-27 20:08:09-0400: = 
2024-06-27 20:08:09-0400: Controller: komi 7.5
2024-06-27 20:08:09-0400: = 
2024-06-27 20:08:09-0400: Controller: play W D16
2024-06-27 20:08:09-0400: = 
2024-06-27 20:08:09-0400: Controller: play W Q16
2024-06-27 20:08:09-0400: = 
2024-06-27 20:08:09-0400: Controller: play W D10
2024-06-27 20:08:09-0400: = 
2024-06-27 20:08:09-0400: Controller: play B R10
2024-06-27 20:08:09-0400: = 
2024-06-27 20:08:09-0400: Controller: play W C6
2024-06-27 20:08:09-0400: = 
2024-06-27 20:08:09-0400: Controller: play B B4
2024-06-27 20:08:10-0400: = 
2024-06-27 20:08:10-0400: Controller: play B D4
2024-06-27 20:08:10-0400: = 
2024-06-27 20:08:10-0400: Controller: play B F4
2024-06-27 20:08:10-0400: = 
2024-06-27 20:08:10-0400: Controller: play B Q4
2024-06-27 20:08:10-0400: = 
2024-06-27 20:08:10-0400: Controller: play W E6
2024-06-27 20:08:10-0400: = 
2024-06-27 20:08:10-0400: Controller: undo
2024-06-27 20:08:10-0400: = 
2024-06-27 20:08:10-0400: Controller: kata-analyze W 10
2024-06-27 20:08:10-0400: = 
2024-06-27 20:08:10-0400: Controller: play W E6
2024-06-27 20:08:10-0400: = 
2024-06-27 20:08:10-0400: Controller: kata-analyze B 10
2024-06-27 20:08:10-0400: = 
2024-06-27 20:08:12-0400: Controller: clear_board
2024-06-27 20:08:12-0400: = 
2024-06-27 20:08:12-0400: Controller: kata-analyze B 10
2024-06-27 20:08:12-0400: = 
2024-06-27 20:08:12-0400: Controller: komi 7.5
2024-06-27 20:08:12-0400: = 
2024-06-27 20:08:12-0400: Controller: play W D16
2024-06-27 20:08:12-0400: = 
2024-06-27 20:08:12-0400: Controller: play W Q16
2024-06-27 20:08:12-0400: = 
2024-06-27 20:08:12-0400: Controller: play B D4
2024-06-27 20:08:12-0400: = 
2024-06-27 20:08:12-0400: Controller: play B Q4
2024-06-27 20:08:12-0400: = 
2024-06-27 20:08:12-0400: Controller: play B R10
2024-06-27 20:08:12-0400: = 
2024-06-27 20:08:12-0400: Controller: undo
2024-06-27 20:08:12-0400: = 
2024-06-27 20:08:12-0400: Controller: kata-analyze B 10
2024-06-27 20:08:12-0400: = 
2024-06-27 20:08:12-0400: Controller: play B R10
2024-06-27 20:08:12-0400: = 
2024-06-27 20:08:12-0400: Controller: kata-analyze W 10
2024-06-27 20:08:12-0400: = 
2024-06-27 20:08:15-0400: Controller: play W C6
2024-06-27 20:08:15-0400: = 
2024-06-27 20:08:15-0400: Controller: kata-analyze B 10
2024-06-27 20:08:15-0400: = 
2024-06-27 20:08:25-0400: Controller: play B F4
2024-06-27 20:08:25-0400: = 
2024-06-27 20:08:25-0400: Controller: kata-analyze W 10
2024-06-27 20:08:25-0400: = 
2024-06-27 20:08:26-0400: Controller: play W D10
2024-06-27 20:08:26-0400: = 
2024-06-27 20:08:26-0400: Controller: kata-analyze B 10
2024-06-27 20:08:26-0400: = 
2024-06-27 20:08:27-0400: Controller: play B B4
2024-06-27 20:08:27-0400: = 
2024-06-27 20:08:27-0400: Controller: kata-analyze W 10
2024-06-27 20:08:27-0400: = 
2024-06-27 20:08:28-0400: Controller: play W E6
2024-06-27 20:08:28-0400: = 
2024-06-27 20:08:28-0400: Controller: kata-analyze B 10
2024-06-27 20:08:28-0400: = 
2024-06-27 20:08:29-0400: Controller: play B J3
2024-06-27 20:08:29-0400: = 
2024-06-27 20:08:29-0400: Controller: kata-analyze W 10
2024-06-27 20:08:29-0400: = 
2024-06-27 20:08:30-0400: Controller: play W R12
2024-06-27 20:08:30-0400: = 
2024-06-27 20:08:30-0400: Controller: kata-analyze B 10
2024-06-27 20:08:30-0400: = 
2024-06-27 20:08:31-0400: Controller: play B R14
2024-06-27 20:08:31-0400: = 
2024-06-27 20:08:31-0400: Controller: kata-analyze W 10
2024-06-27 20:08:31-0400: = 
2024-06-27 20:08:32-0400: Controller: play W P13
2024-06-27 20:08:32-0400: = 
2024-06-27 20:08:32-0400: Controller: kata-analyze B 10
2024-06-27 20:08:32-0400: = 
2024-06-27 20:08:36-0400: Controller: clear_board
2024-06-27 20:08:36-0400: = 
2024-06-27 20:08:36-0400: Controller: kata-analyze B 10
2024-06-27 20:08:36-0400: = 
2024-06-27 20:08:36-0400: Controller: komi 7.5
2024-06-27 20:08:36-0400: = 
2024-06-27 20:08:36-0400: Controller: play W D16
2024-06-27 20:08:36-0400: = 
2024-06-27 20:08:36-0400: Controller: play W Q16
2024-06-27 20:08:36-0400: = 
2024-06-27 20:08:36-0400: Controller: play W R12
2024-06-27 20:08:36-0400: = 
2024-06-27 20:08:36-0400: Controller: play W D10
2024-06-27 20:08:36-0400: = 
2024-06-27 20:08:36-0400: Controller: play B R10
2024-06-27 20:08:36-0400: = 
2024-06-27 20:08:36-0400: Controller: play W C6
2024-06-27 20:08:36-0400: = 
2024-06-27 20:08:36-0400: Controller: play W E6
2024-06-27 20:08:36-0400: = 
2024-06-27 20:08:36-0400: Controller: play B B4
2024-06-27 20:08:36-0400: = 
2024-06-27 20:08:36-0400: Controller: play B D4
2024-06-27 20:08:36-0400: = 
2024-06-27 20:08:36-0400: Controller: play B F4
2024-06-27 20:08:36-0400: = 
2024-06-27 20:08:36-0400: Controller: play B Q4
2024-06-27 20:08:36-0400: = 
2024-06-27 20:08:36-0400: Controller: play B J3
2024-06-27 20:08:36-0400: = 
2024-06-27 20:08:36-0400: Controller: play B R14
2024-06-27 20:08:36-0400: = 
2024-06-27 20:08:36-0400: Controller: undo
2024-06-27 20:08:36-0400: = 
2024-06-27 20:08:36-0400: Controller: kata-analyze B 10
2024-06-27 20:08:36-0400: = 
2024-06-27 20:08:36-0400: Controller: play B R14
2024-06-27 20:08:36-0400: = 
2024-06-27 20:08:36-0400: Controller: kata-analyze W 10
2024-06-27 20:08:36-0400: = 
2024-06-27 20:08:37-0400: Controller: play W Q14
2024-06-27 20:08:37-0400: = 
2024-06-27 20:08:37-0400: Controller: kata-analyze B 10
2024-06-27 20:08:37-0400: = 
2024-06-27 20:08:54-0400: Controller: play B R15
2024-06-27 20:08:54-0400: = 
2024-06-27 20:08:54-0400: Controller: kata-analyze W 10
2024-06-27 20:08:54-0400: = 
2024-06-27 20:08:54-0400: Controller: play W Q15
2024-06-27 20:08:54-0400: = 
2024-06-27 20:08:54-0400: Controller: kata-analyze B 10
2024-06-27 20:08:54-0400: = 
2024-06-27 20:09:01-0400: Controller: play B R13
2024-06-27 20:09:01-0400: = 
2024-06-27 20:09:01-0400: Controller: kata-analyze W 10
2024-06-27 20:09:01-0400: = 
2024-06-27 20:09:01-0400: Controller: play W Q13
2024-06-27 20:09:01-0400: = 
2024-06-27 20:09:01-0400: Controller: kata-analyze B 10
2024-06-27 20:09:01-0400: = 
2024-06-27 20:09:02-0400: Controller: play B S12
2024-06-27 20:09:02-0400: = 
2024-06-27 20:09:02-0400: Controller: kata-analyze W 10
2024-06-27 20:09:02-0400: = 
2024-06-27 20:09:03-0400: Controller: play W Q12
2024-06-27 20:09:03-0400: = 
2024-06-27 20:09:03-0400: Controller: kata-analyze B 10
2024-06-27 20:09:03-0400: = 
2024-06-27 20:09:12-0400: Controller: play B S11
2024-06-27 20:09:12-0400: = 
2024-06-27 20:09:12-0400: Controller: kata-analyze W 10
2024-06-27 20:09:12-0400: = 
2024-06-27 20:09:28-0400: Controller: play W R16
2024-06-27 20:09:28-0400: = 
2024-06-27 20:09:28-0400: Controller: kata-analyze B 10
2024-06-27 20:09:28-0400: = 
