2024-06-19 20:26:56-0400: Running with following config:
allowResignation = true
lagBuffer = 1.0
logAllGTPCommunication = true
logDir = gtp_logs
logSearchInfo = true
logSearchInfoForChosenMove = false
logToStderr = false
maxTime = 1.0
maxTimePondering = 120.0
numSearchThreads = 16
ogsChatToStderr = true
ponderingEnabled = true
resignConsecTurns = 3
resignThreshold = -0.90
rules = tromp-taylor
searchFactorAfterOnePass = 0.50
searchFactorAfterTwoPass = 0.25
searchFactorWhenWinning = 0.40
searchFactorWhenWinningThreshold = 0.95

2024-06-19 20:26:56-0400: GTP Engine starting...
2024-06-19 20:26:56-0400: KataGo v1.14.1
2024-06-19 20:26:56-0400: Using TrompTaylor rules initially, unless GTP/GUI overrides this
2024-06-19 20:26:56-0400: Using 16 CPU thread(s) for search
2024-06-19 20:26:56-0400: nnRandSeed0 = 3353081064798668387
2024-06-19 20:26:56-0400: After dedups: nnModelFile0 = C:\Users\chang\Downloads\kata1-b28c512nbt-s7168446720-d4316919285.bin.gz useFP16 auto useNHWC auto
2024-06-19 20:26:56-0400: Initializing neural net buffer to be size 19 * 19 exactly
2024-06-19 20:27:03-0400: Found OpenCL Platform 0: NVIDIA CUDA (NVIDIA Corporation) (OpenCL 3.0 CUDA 12.5.51)
2024-06-19 20:27:03-0400: Found 1 device(s) on platform 0 with type CPU or GPU or Accelerator
2024-06-19 20:27:03-0400: Found OpenCL Platform 1: Intel(R) OpenCL Graphics (Intel(R) Corporation) (OpenCL 3.0 )
2024-06-19 20:27:03-0400: Found 1 device(s) on platform 1 with type CPU or GPU or Accelerator
2024-06-19 20:27:03-0400: Found OpenCL Device 0: NVIDIA GeForce RTX 4060 Laptop GPU (NVIDIA Corporation) (score 11000300)
2024-06-19 20:27:03-0400: Found OpenCL Device 1: Intel(R) UHD Graphics (Intel(R) Corporation) (score 6000300)
2024-06-19 20:27:03-0400: Creating context for OpenCL Platform: NVIDIA CUDA (NVIDIA Corporation) (OpenCL 3.0 CUDA 12.5.51)
2024-06-19 20:27:03-0400: Using OpenCL Device 0: NVIDIA GeForce RTX 4060 Laptop GPU (NVIDIA Corporation) OpenCL 3.0 CUDA (Extensions: cl_khr_global_int32_base_atomics cl_khr_global_int32_extended_atomics cl_khr_local_int32_base_atomics cl_khr_local_int32_extended_atomics cl_khr_fp64 cl_khr_3d_image_writes cl_khr_byte_addressable_store cl_khr_icd cl_khr_gl_sharing cl_nv_compiler_options cl_nv_device_attribute_query cl_nv_pragma_unroll cl_nv_d3d10_sharing cl_khr_d3d10_sharing cl_nv_d3d11_sharing cl_nv_copy_opts cl_nv_create_buffer cl_khr_int64_base_atomics cl_khr_int64_extended_atomics cl_khr_device_uuid cl_khr_pci_bus_info cl_khr_external_semaphore cl_khr_external_memory cl_khr_external_semaphore_win32 cl_khr_external_memory_win32)
2024-06-19 20:27:03-0400: Loaded tuning parameters from: C:\Users\chang\Downloads\katago-v1.14.1-opencl-windows-x64/KataGoData/opencltuning/tune11_gpuNVIDIAGeForceRTX4060LaptopGPU_x19_y19_c512_mv15.txt
2024-06-19 20:27:03-0400: OpenCL backend thread 0: Model version 15
2024-06-19 20:27:03-0400: OpenCL backend thread 0: Model name: kata1-b28c512nbt-s7168446720-d4316919285
2024-06-19 20:27:10-0400: OpenCL backend thread 0: FP16Storage true FP16Compute false FP16TensorCores true FP16TensorCoresFor1x1 false
2024-06-19 20:27:10-0400: Loaded neural net with nnXLen 19 nnYLen 19
2024-06-19 20:27:10-0400: Initializing board with boardXSize 19 boardYSize 19
2024-06-19 20:27:10-0400: Loaded config C:/Users/chang/Downloads/katago-v1.14.1-opencl-windows-x64/default_gtp.cfg
2024-06-19 20:27:10-0400: Loaded model C:\Users\chang\Downloads\kata1-b28c512nbt-s7168446720-d4316919285.bin.gz
2024-06-19 20:27:10-0400: Model name: kata1-b28c512nbt-s7168446720-d4316919285
2024-06-19 20:27:10-0400: GTP ready, beginning main protocol loop
2024-06-19 20:27:10-0400: Controller: list_commands
2024-06-19 20:27:10-0400: = protocol_version
name
version
known_command
list_commands
quit
boardsize
rectangular_boardsize
clear_board
set_position
komi
get_komi
play
undo
kata-get-rules
kata-set-rule
kata-set-rules
kata-get-param
kata-set-param
kata-list-params
kgs-rules
genmove
genmove_debug
search_debug
clear_cache
showboard
fixed_handicap
place_free_handicap
set_free_handicap
time_settings
kgs-time_settings
time_left
kata-list_time_settings
kata-time_settings
final_score
final_status_list
loadsgf
printsgf
lz-genmove_analyze
kata-genmove_analyze
lz-analyze
kata-analyze
kata-raw-nn
cputime
gomill-cpu_time
kata-benchmark
kata-debug-print-tc
debug_moves
stop
2024-06-19 20:27:10-0400: Controller: boardsize 9
2024-06-19 20:27:11-0400: GPU -1 finishing, processed 0 rows 0 batches
2024-06-19 20:27:11-0400: Cleaned up old neural net and bot
2024-06-19 20:27:11-0400: nnRandSeed0 = 1094911845536975187
2024-06-19 20:27:11-0400: After dedups: nnModelFile0 = C:\Users\chang\Downloads\kata1-b28c512nbt-s7168446720-d4316919285.bin.gz useFP16 auto useNHWC auto
2024-06-19 20:27:11-0400: Initializing neural net buffer to be size 9 * 9 exactly
2024-06-19 20:27:18-0400: Found OpenCL Platform 0: NVIDIA CUDA (NVIDIA Corporation) (OpenCL 3.0 CUDA 12.5.51)
2024-06-19 20:27:18-0400: Found 1 device(s) on platform 0 with type CPU or GPU or Accelerator
2024-06-19 20:27:18-0400: Found OpenCL Platform 1: Intel(R) OpenCL Graphics (Intel(R) Corporation) (OpenCL 3.0 )
2024-06-19 20:27:18-0400: Found 1 device(s) on platform 1 with type CPU or GPU or Accelerator
2024-06-19 20:27:18-0400: Found OpenCL Device 0: NVIDIA GeForce RTX 4060 Laptop GPU (NVIDIA Corporation) (score 11000300)
2024-06-19 20:27:18-0400: Found OpenCL Device 1: Intel(R) UHD Graphics (Intel(R) Corporation) (score 6000300)
2024-06-19 20:27:18-0400: Creating context for OpenCL Platform: NVIDIA CUDA (NVIDIA Corporation) (OpenCL 3.0 CUDA 12.5.51)
2024-06-19 20:27:19-0400: Using OpenCL Device 0: NVIDIA GeForce RTX 4060 Laptop GPU (NVIDIA Corporation) OpenCL 3.0 CUDA (Extensions: cl_khr_global_int32_base_atomics cl_khr_global_int32_extended_atomics cl_khr_local_int32_base_atomics cl_khr_local_int32_extended_atomics cl_khr_fp64 cl_khr_3d_image_writes cl_khr_byte_addressable_store cl_khr_icd cl_khr_gl_sharing cl_nv_compiler_options cl_nv_device_attribute_query cl_nv_pragma_unroll cl_nv_d3d10_sharing cl_khr_d3d10_sharing cl_nv_d3d11_sharing cl_nv_copy_opts cl_nv_create_buffer cl_khr_int64_base_atomics cl_khr_int64_extended_atomics cl_khr_device_uuid cl_khr_pci_bus_info cl_khr_external_semaphore cl_khr_external_memory cl_khr_external_semaphore_win32 cl_khr_external_memory_win32)
2024-06-19 20:27:19-0400: Loaded tuning parameters from: C:\Users\chang\Downloads\katago-v1.14.1-opencl-windows-x64/KataGoData/opencltuning/tune11_gpuNVIDIAGeForceRTX4060LaptopGPU_x19_y19_c512_mv15.txt
2024-06-19 20:27:20-0400: OpenCL backend thread 0: Model version 15
2024-06-19 20:27:20-0400: OpenCL backend thread 0: Model name: kata1-b28c512nbt-s7168446720-d4316919285
2024-06-19 20:27:28-0400: OpenCL backend thread 0: FP16Storage true FP16Compute false FP16TensorCores true FP16TensorCoresFor1x1 false
2024-06-19 20:27:28-0400: Loaded neural net with nnXLen 9 nnYLen 9
2024-06-19 20:27:28-0400: Initializing board with boardXSize 9 boardYSize 9
2024-06-19 20:27:28-0400: = 
2024-06-19 20:27:28-0400: Controller: clear_board
2024-06-19 20:27:28-0400: = 
2024-06-19 20:27:28-0400: Controller: komi 7.5
2024-06-19 20:27:28-0400: = 
2024-06-19 20:27:28-0400: Controller: play black e5
2024-06-19 20:27:28-0400: = 
2024-06-19 20:27:28-0400: Controller: genmove white
2024-06-19 20:27:29-0400: MoveNum: 1 HASH: 38E71B648B5DE3A43B414F57C285AD76
   A B C D E F G H J
 9 . . . . . . . . .
 8 . . . . . . . . .
 7 . . . . . . . . .
 6 . . . . . . . . .
 5 . . . . X1. . . .
 4 . . @ . . . . . .
 3 . . . . . . . . .
 2 . . . . . . . . .
 1 . . . . . . . . .

koPOSITIONALscoreAREAtaxNONEsui1komi7.5
Time taken: 1.328
Root visits: 604
New playouts: 604
NN rows: 537
NN batches: 47
NN avg batch size: 11.4255
PV: C4 E3 C6 F7 G5 D6 G3 C7 B6 G6 H5 C2 B7 C8 B2 B3 C3 F2 G2 A2 D5 E6 B1 C1
Tree:
: T  78.65c W  79.42c S  -0.14c ( +1.9 L  +1.0) N     604  --  C4 E3 C6 F7 G5 D6 G3
---White(^)---
C4  : T  79.47c W  80.42c S  -0.04c ( +1.9 L  +1.0) LCB   76.81c P  9.26% WF 397.5 PSV     636 N     273  --  C4 E3 C6 F7 G5 D6 G3 C7
C5  : T  79.11c W  79.51c S  -0.12c ( +1.9 L  +0.9) LCB   75.66c P  6.28% WF 407.5 PSV     407 N     285  --  C5 D3 G5 C6 D6 D5 C7 B6
C3  : T  69.95c W  72.91c S  -1.22c ( +1.4 L  +0.6) LCB   59.79c P  0.55% WF  29.1 PSV       1 N      21  --  C3 C5 F3 G6 G4 G5 C6
D4  : T  35.77c W  43.94c S  -2.75c ( +0.6 L  +0.1) LCB   10.72c P  0.02% WF   2.0 PSV       0 N       6  --  D4 D5 F3 C4
B5  : T  30.50c W  34.16c S  -3.33c ( +0.2 L  -0.2) LCB  -13.61c P  0.01% WF   0.8 PSV       0 N       4  --  B5 C4 G4
B4  : T  24.58c W  26.74c S  -3.60c ( +0.1 L  -0.2) LCB  -18.75c P  0.00% WF   0.3 PSV       0 N       4  --  B4 C5 D3
D5  : T -25.88c W -17.63c S  -6.31c ( -1.2 L  -1.1) LCB -190.73c P  0.01% WF   0.8 PSV       0 N       2  --  D5 D4
pss : T -124.89c W -99.67c S -25.22c (-12.9 L -11.1) LCB -474.89c P  0.00% WF   0.1 PSV       0 N       1  --  pass
B3  : T -45.94c W -38.19c S  -7.75c ( -1.8 L  -0.9) LCB -395.94c P  0.00% WF   0.1 PSV       0 N       1  --  B3
B2  : T -103.34c W -90.70c S -12.64c ( -4.0 L  -2.5) LCB -453.34c P  0.00% WF   0.0 PSV       0 N       1  --  B2

2024-06-19 20:27:29-0400: = C4
2024-06-19 20:27:29-0400: Controller: kata-list_time_settings
2024-06-19 20:27:29-0400: = none absolute byoyomi canadian fischer fischer-capped
2024-06-19 20:27:29-0400: Controller: play black d3
2024-06-19 20:27:29-0400: = 
2024-06-19 20:27:29-0400: Controller: genmove white
2024-06-19 20:27:30-0400: MoveNum: 3 HASH: 0494B24A6B9EEF41289E1794341ED27C
   A B C D E F G H J
 9 . . . . . . . . .
 8 . . . . . . . . .
 7 . . . . . . . . .
 6 . . @ . . . . . .
 5 . . . . X1. . . .
 4 . . O2. . . . . .
 3 . . . X3. . . . .
 2 . . . . . . . . .
 1 . . . . . . . . .

koPOSITIONALscoreAREAtaxNONEsui1komi7.5
Time taken: 1.063
Root visits: 555
New playouts: 543
NN rows: 546
NN batches: 48
NN avg batch size: 11.375
PV: C6 G6 G3 D7 C7 F2 F3 E2 H5 G5
Tree:
: T  81.48c W  81.35c S   0.95c ( +1.9 L  +1.1) N     555  --  C6 G6 G3 D7 C7 F2 F3
---White(^)---
C6  : T  82.89c W  82.55c S   1.08c ( +2.0 L  +1.1) LCB   79.59c P 95.03% WF 575.9 PSV     572 N     429  --  C6 G6 G3 D7 C7 F2 F3 E2
F3  : T  77.79c W  77.45c S   0.47c ( +1.7 L  +0.8) LCB   70.20c P  1.33% WF  34.7 PSV       3 N      30  --  F3 D4 G5 C7 C6 D6 G7 E7
C7  : T  69.88c W  72.15c S  -0.15c ( +1.4 L  +0.7) LCB   56.72c P  1.94% WF  15.3 PSV       2 N      12  --  C7 G6 F3 D4 G4 H5 H4 E2
G4  : T  71.05c W  72.41c S   0.10c ( +1.5 L  +0.7) LCB   51.91c P  0.30% WF   8.4 PSV       0 N      10  --  G4 F3 G6 C6 B6 C7
G6  : T  67.97c W  72.72c S  -0.73c ( +1.1 L  +0.5) LCB  -82.30c P  0.30% WF   3.4 PSV       0 N       2  --  G6 C6
D6  : T  60.81c W  68.28c S   0.41c ( +1.7 L  +0.9) LCB  -95.43c P  0.21% WF   2.6 PSV       0 N       2  --  D6 E6
D7  : T  65.33c W  73.92c S  -0.41c ( +1.3 L  +0.6) LCB -101.06c P  0.18% WF   2.5 PSV       0 N       2  --  D7 D6
F7  : T  62.84c W  68.40c S  -0.02c ( +1.4 L  +0.8) LCB  -89.46c P  0.09% WF   1.6 PSV       0 N       2  --  F7 E7
C3  : T  60.63c W  61.42c S  -0.79c ( +1.1 L  +0.8) LCB -289.37c P  0.23% WF   1.3 PSV       0 N       1  --  C3
G5  : T  63.34c W  64.42c S  -1.08c ( +0.9 L  +0.7) LCB -286.66c P  0.16% WF   1.3 PSV       0 N       1  --  G5

2024-06-19 20:27:30-0400: = C6
2024-06-19 20:27:39-0400: Controller: kata-list_time_settings
2024-06-19 20:27:39-0400: = none absolute byoyomi canadian fischer fischer-capped
2024-06-19 20:27:39-0400: Controller: play black c3
2024-06-19 20:27:39-0400: = 
2024-06-19 20:27:39-0400: Controller: genmove white
2024-06-19 20:27:40-0400: MoveNum: 5 HASH: 593F415D0BFF35B687C7D65461742A25
   A B C D E F G H J
 9 . . . . . . . . .
 8 . . . . . . . . .
 7 . . . . . . . . .
 6 . . O2. . . . . .
 5 . . . . X . @ . .
 4 . . O . . . . . .
 3 . . X3X1. . . . .
 2 . . . . . . . . .
 1 . . . . . . . . .

koPOSITIONALscoreAREAtaxNONEsui1komi7.5
Time taken: 1.031
Root visits: 2656
New playouts: 616
NN rows: 529
NN batches: 48
NN avg batch size: 11.0208
PV: G5 G6 H6 F6 G3 C8 B3 H7 B5 H5 F2 D4 H4 J6 H2 B7 D7 D8 E7
Tree:
: T  85.84c W  84.94c S   1.56c ( +2.4 L  +1.6) N    2656  --  G5 G6 H6 F6 G3 C8 B3
---White(^)---
G5  : T  86.21c W  85.18c S   1.62c ( +2.4 L  +1.6) LCB   84.69c P 74.59% WF 2986.9 PSV    2978 N    2369  --  G5 G6 H6 F6 G3 C8 B3 H7
G4  : T  84.61c W  84.19c S   1.21c ( +2.2 L  +1.3) LCB   79.35c P 18.54% WF 292.1 PSV     297 N     219  --  G4 D7 C7 E8 D6 E6 D8 H5
G6  : T  76.27c W  76.86c S   0.82c ( +2.1 L  +1.0) LCB   64.01c P  3.60% WF  31.2 PSV      16 N      28  --  G6 D6 C7 E8 F4 B5 C5 B4
D7  : T  77.76c W  80.39c S   0.67c ( +2.0 L  +1.3) LCB   66.02c P  1.60% WF  45.4 PSV       8 N      37  --  D7 E7 G4 H5 G5 D8 F3 D6
E7  : T  60.75c W  67.15c S  -0.73c ( +1.3 L  +0.8) LCB  -99.49c P  0.79% WF   2.5 PSV       1 N       2  --  E7 G6

2024-06-19 20:27:40-0400: = G5
2024-06-19 20:27:51-0400: Controller: kata-list_time_settings
2024-06-19 20:27:51-0400: = none absolute byoyomi canadian fischer fischer-capped
2024-06-19 20:27:51-0400: Controller: play black g6
2024-06-19 20:27:51-0400: = 
2024-06-19 20:27:51-0400: Controller: genmove white
2024-06-19 20:27:52-0400: MoveNum: 7 HASH: 9BC2A8F2E976BCA4014D31902F6118DA
   A B C D E F G H J
 9 . . . . . . . . .
 8 . . . . . . . . .
 7 . . . . . . . . .
 6 . . O . . . X3@ .
 5 . . . . X . O2. .
 4 . . O . . . . . .
 3 . . X1X . . . . .
 2 . . . . . . . . .
 1 . . . . . . . . .

koPOSITIONALscoreAREAtaxNONEsui1komi7.5
Time taken: 1.047
Root visits: 2214
New playouts: 658
NN rows: 521
NN batches: 47
NN avg batch size: 11.0851
PV: H6 F6 G3 C8 B3 H7 B5 H5 F2 D4 H4 J6 H2 B7 D7 D8 E7 E8
Tree:
: T  86.58c W  85.97c S   1.75c ( +2.7 L  +2.0) N    2214  --  H6 F6 G3 C8 B3 H7 B5
---White(^)---
H6  : T  86.66c W  86.04c S   1.78c ( +2.7 L  +2.1) LCB   84.47c P 96.57% WF 2671.4 PSV    2670 N    2184  --  H6 F6 G3 C8 B3 H7 B5 H5
F6  : T  80.20c W  80.39c S   0.12c ( +1.9 L  +1.0) LCB   72.67c P  2.07% WF  32.5 PSV      13 N      27  --  F6 F5 H6 G7 G4 D6 C7 B5
H5  : T  80.09c W  80.74c S   0.22c ( +1.9 L  +0.9) LCB  -74.00c P  0.38% WF   3.3 PSV       2 N       2  --  H5 D7

2024-06-19 20:27:52-0400: = H6
2024-06-19 20:27:59-0400: Controller: kata-list_time_settings
2024-06-19 20:27:59-0400: = none absolute byoyomi canadian fischer fischer-capped
2024-06-19 20:27:59-0400: Controller: play black f6
2024-06-19 20:27:59-0400: = 
2024-06-19 20:27:59-0400: Controller: genmove white
2024-06-19 20:28:00-0400: MoveNum: 9 HASH: 56D2C8E02E1ADD1D2583FB528F01EDF0
   A B C D E F G H J
 9 . . . . . . . . .
 8 . . . . . . . . .
 7 . . . . . . . . .
 6 . . O . . X3X1O2.
 5 . . . . X . O . .
 4 . . O . . . . . .
 3 . . X X . . @ . .
 2 . . . . . . . . .
 1 . . . . . . . . .

koPOSITIONALscoreAREAtaxNONEsui1komi7.5
Time taken: 1.031
Root visits: 8490
New playouts: 714
NN rows: 522
NN batches: 48
NN avg batch size: 10.875
PV: G3 C8 B5 H7 B3 H5 F2 D4 H4 J6 B2 C2 H2 B7 D7
Tree:
: T  88.16c W  87.43c S   1.83c ( +2.6 L  +2.3) N    8490  --  G3 C8 B5 H7 B3 H5 F2
---White(^)---
G3  : T  88.62c W  87.88c S   1.87c ( +2.7 L  +2.3) LCB   87.40c P 77.90% WF 10090.2 PSV   10029 N    7959  --  G3 C8 B5 H7 B3 H5 F2 D4
F3  : T  79.12c W  78.47c S   1.00c ( +2.3 L  +1.4) LCB   75.38c P 19.39% WF 469.5 PSV     265 N     515  --  F3 C8 D8 C7 B5 D6 B7 B8
H7  : T  67.39c W  67.78c S  -0.34c ( +1.6 L  +0.6) LCB   37.45c P  1.36% WF   8.9 PSV       8 N       9  --  H7 B5 B4
E7  : T  71.77c W  71.66c S  -0.67c ( +1.4 L  +0.7) LCB  -79.34c P  0.38% WF   2.5 PSV       3 N       2  --  E7 G3
D7  : T  76.00c W  77.03c S  -1.04c ( +1.3 L  +1.1) LCB -274.00c P  0.23% WF   1.6 PSV       2 N       1  --  D7
H4  : T  56.64c W  66.76c S  -0.98c ( +1.2 L  +0.8) LCB -112.07c P  0.26% WF   2.4 PSV       1 N       2  --  H4 G3
G2  : T  14.50c W  18.04c S  -3.54c ( -0.3 L  -0.5) LCB -335.50c P  0.10% WF   0.7 PSV       0 N       1  --  G2

2024-06-19 20:28:00-0400: = G3
2024-06-19 20:28:01-0400: Controller: kata-list_time_settings
2024-06-19 20:28:01-0400: = none absolute byoyomi canadian fischer fischer-capped
2024-06-19 20:28:01-0400: Controller: play black c8
2024-06-19 20:28:01-0400: = 
2024-06-19 20:28:01-0400: Controller: genmove white
2024-06-19 20:28:02-0400: MoveNum: 11 HASH: 607A725772B132CBA3E7CCAFAF86BF0B
   A B C D E F G H J
 9 . . . . . . . . .
 8 . . X3. . . . . .
 7 . . . . . . . . .
 6 . . O . . X1X O .
 5 . @ . . X . O . .
 4 . . O . . . . . .
 3 . . X X . . O2. .
 2 . . . . . . . . .
 1 . . . . . . . . .

koPOSITIONALscoreAREAtaxNONEsui1komi7.5
Time taken: 1.031
Root visits: 6723
New playouts: 708
NN rows: 521
NN batches: 46
NN avg batch size: 11.3261
PV: B5 H7 B3 H5 F2 D4 H4 B2 D8 D7 C7 B8 E8 B7 B6
Tree:
: T  88.31c W  88.03c S   1.64c ( +2.4 L  +2.2) N    6723  --  B5 H7 B3 H5 F2 D4 H4
---White(^)---
B5  : T  91.54c W  90.64c S   1.82c ( +2.5 L  +2.2) LCB   89.07c P 10.65% WF 4293.2 PSV    6584 N    2764  --  B5 H7 B3 H5 F2 D4 H4 B2
B3  : T  86.88c W  87.09c S   1.62c ( +2.4 L  +2.2) LCB   84.93c P 49.49% WF 3604.6 PSV    1372 N    3016  --  B3 B5 B4 D4 C5 C7 B6 B2
D7  : T  78.95c W  82.01c S   0.86c ( +2.1 L  +1.5) LCB   71.76c P 21.64% WF 225.6 PSV     232 N     223  --  D7 D8 B3 B2 B5 H7 H5 F2
B8  : T  79.34c W  80.08c S   0.71c ( +2.0 L  +1.3) LCB   67.69c P  8.28% WF 105.5 PSV      91 N     103  --  B8 H7 H5 F3 F2 D8 B3 B2
D8  : T  76.29c W  75.98c S   1.11c ( +2.2 L  +1.7) LCB   70.46c P  5.12% WF 429.7 PSV      45 N     583  --  D8 C7 B5 B7 B3 H7 D6 D7
E7  : T  72.43c W  74.45c S   0.01c ( +1.6 L  +0.9) LCB   57.42c P  3.29% WF  22.1 PSV      23 N      24  --  E7 D6 B5 B7 B3 H7
C7  : T  72.23c W  71.70c S  -0.03c ( +1.6 L  +1.1) LCB   46.83c P  1.09% WF   8.1 PSV       7 N       8  --  C7 D8 E7 E8 B3 B2
H7  : T  15.32c W  17.60c S  -2.28c ( +0.3 L  -0.1) LCB -334.68c P  0.18% WF   0.6 PSV       0 N       1  --  H7

2024-06-19 20:28:02-0400: = B5
2024-06-19 20:28:09-0400: Controller: kata-list_time_settings
2024-06-19 20:28:09-0400: = none absolute byoyomi canadian fischer fischer-capped
2024-06-19 20:28:09-0400: Controller: play black h7
2024-06-19 20:28:09-0400: = 
2024-06-19 20:28:09-0400: Controller: genmove white
2024-06-19 20:28:10-0400: MoveNum: 13 HASH: 12414ACDBC10FACCCA64ACA689FF7951
   A B C D E F G H J
 9 . . . . . . . . .
 8 . . X1. . . . . .
 7 . . . . . . . X3.
 6 . . O . . X X O .
 5 . O2. . X . O . .
 4 . . O . . . . . .
 3 . @ X X . . O . .
 2 . . . . . . . . .
 1 . . . . . . . . .

koPOSITIONALscoreAREAtaxNONEsui1komi7.5
Time taken: 1.031
Root visits: 9801
New playouts: 913
NN rows: 522
NN batches: 48
NN avg batch size: 10.875
PV: B3 B2 H5 A3 E7 E8 E6 F8 B8 B9 C7 D8 F5 E4 B7
Tree:
: T  87.70c W  87.90c S   1.51c ( +2.3 L  +2.2) N    9801  --  B3 B2 H5 A3 E7 E8 E6
---White(^)---
B3  : T  89.52c W  89.91c S   0.87c ( +2.0 L  +1.8) LCB   88.06c P 23.99% WF 9287.7 PSV   10101 N    6293  --  B3 B2 H5 A3 E7 E8 E6 F8
H5  : T  83.03c W  82.69c S   3.01c ( +3.1 L  +3.1) LCB   78.10c P 69.89% WF 3390.3 PSV    2185 N    3460  --  H5 F2 G2 B3 D7 D8 E7 E8
D7  : T  60.16c W  62.44c S   0.47c ( +1.8 L  +0.9) LCB   28.22c P  3.66% WF  23.3 PSV      27 N      33  --  D7 F2 F3 E2 J6 H2 G2 G1
F2  : T  33.44c W  35.66c S  -2.46c ( +0.2 L  -0.2) LCB  -34.84c P  1.67% WF   4.4 PSV       6 N       9  --  F2 B3 D8 D7 C7 B8
H4  : T  65.99c W  66.78c S  -0.80c ( +1.1 L  +0.7) LCB -284.01c P  0.16% WF   1.0 PSV       1 N       1  --  H4
E2  : T  15.51c W  18.96c S  -3.45c ( -0.3 L  -0.2) LCB -334.49c P  0.22% WF   0.6 PSV       0 N       1  --  E2
E3  : T  27.32c W  29.53c S  -2.22c ( +0.2 L  +0.2) LCB -322.68c P  0.09% WF   0.7 PSV       0 N       1  --  E3
D4  : T -10.77c W  -6.38c S  -4.39c ( -0.6 L  -0.8) LCB -360.77c P  0.08% WF   0.4 PSV       0 N       1  --  D4
E7  : T  27.63c W  29.83c S  -2.20c ( +0.4 L  +0.2) LCB -322.37c P  0.06% WF   0.7 PSV       0 N       1  --  E7

2024-06-19 20:28:10-0400: = B3
2024-06-19 20:28:14-0400: Controller: kata-list_time_settings
2024-06-19 20:28:14-0400: = none absolute byoyomi canadian fischer fischer-capped
2024-06-19 20:28:14-0400: Controller: play black b2
2024-06-19 20:28:14-0400: = 
2024-06-19 20:28:14-0400: Controller: genmove white
2024-06-19 20:28:15-0400: MoveNum: 15 HASH: 432C37FE871D275F4BA26A511054A7D1
   A B C D E F G H J
 9 . . . . . . . . .
 8 . . X . . . . . .
 7 . . . . . . . X1.
 6 . . O . . X X O .
 5 . O . . X . O @ .
 4 . . O . . . . . .
 3 . O2X X . . O . .
 2 . X3. . . . . . .
 1 . . . . . . . . .

koPOSITIONALscoreAREAtaxNONEsui1komi7.5
Time taken: 1.032
Root visits: 6640
New playouts: 1220
NN rows: 501
NN batches: 49
NN avg batch size: 10.2245
PV: H5 A3 D8 D7 C7 E8 B8 D9 B4 B9 A6 F2 G2 F3 J7 J8 J6 G8 F1 E1 G1 A4 D5 A8 B7
Tree:
: T  82.50c W  84.02c S   1.16c ( +1.7 L  +1.5) N    6640  --  H5 A3 D8 D7 C7 E8 B8
---White(^)---
H5  : T  83.02c W  84.65c S   1.19c ( +1.8 L  +1.5) LCB   81.13c P 64.44% WF 6377.9 PSV    6334 N    5443  --  H5 A3 D8 D7 C7 E8 B8 D9
A2  : T  80.49c W  81.49c S   0.90c ( +1.6 L  +1.4) LCB   75.25c P 25.95% WF 1151.1 PSV     937 N    1080  --  A2 H5 F2 D4 H4 J6 C2 D2
D7  : T  73.35c W  73.90c S   2.27c ( +2.4 L  +1.6) LCB   60.80c P  6.91% WF  84.2 PSV      89 N     100  --  D7 F2 F3 E2 J6 H2 G2 G1
D8  : T  68.51c W  68.44c S   0.56c ( +1.5 L  +0.6) LCB   35.40c P  0.53% WF   4.5 PSV       4 N       5  --  D8 D7 C7 F2
H4  : T  75.64c W  83.37c S   0.98c ( +1.7 L  +0.8) LCB   -4.35c P  0.26% WF   3.7 PSV       4 N       3  --  H4 J6
F2  : T  46.92c W  55.53c S  -0.64c ( +0.9 L  +0.2) LCB  -20.09c P  1.01% WF   2.7 PSV       3 N       4  --  F2 A3 D8
E7  : T  52.64c W  52.87c S  -0.22c ( +1.1 L  +0.7) LCB -297.36c P  0.35% WF   0.9 PSV       1 N       1  --  E7
E2  : T  24.99c W  27.46c S  -2.47c ( -0.1 L  -0.0) LCB -325.01c P  0.16% WF   0.6 PSV       0 N       1  --  E2
C7  : T  21.30c W  23.58c S  -2.28c ( +0.1 L  -0.1) LCB -328.70c P  0.09% WF   0.6 PSV       0 N       1  --  C7
E3  : T  23.41c W  25.37c S  -1.96c ( +0.1 L  +0.0) LCB -326.59c P  0.08% WF   0.6 PSV       0 N       1  --  E3

2024-06-19 20:28:15-0400: = H5
2024-06-19 20:28:16-0400: Controller: kata-list_time_settings
2024-06-19 20:28:16-0400: = none absolute byoyomi canadian fischer fischer-capped
2024-06-19 20:28:16-0400: Controller: play black a3
2024-06-19 20:28:16-0400: = 
2024-06-19 20:28:16-0400: Controller: genmove white
2024-06-19 20:28:17-0400: MoveNum: 17 HASH: 894C0D83B7335E24085FC91B72667D71
   A B C D E F G H J
 9 . . . . . . . . .
 8 . . X @ . . . . .
 7 . . . . . . . X .
 6 . . O . . X X O .
 5 . O . . X . O O2.
 4 . . O . . . . . .
 3 X3O X X . . O . .
 2 . X1. . . . . . .
 1 . . . . . . . . .

koPOSITIONALscoreAREAtaxNONEsui1komi7.5
Time taken: 1.032
Root visits: 6274
New playouts: 876
NN rows: 512
NN batches: 47
NN avg batch size: 10.8936
PV: D8 D7 C7 E8 B8 D9 B4 B9 A6 F2 G2 F3 G7 G8 J7 H8 F1 E1 G1 A8 B7 A4 D5 F4 G4
Tree:
: T  84.73c W  85.78c S   1.37c ( +1.7 L  +1.6) N    6274  --  D8 D7 C7 E8 B8 D9 B4
---White(^)---
D8  : T  87.85c W  88.64c S   1.22c ( +1.7 L  +1.7) LCB   85.66c P 21.13% WF 4450.0 PSV    4240 N    2987  --  D8 D7 C7 E8 B8 D9 B4 B9
D7  : T  73.40c W  77.23c S   0.27c ( +1.3 L  +1.1) LCB   66.59c P 46.99% WF 705.0 PSV     415 N     926  --  D7 D8 E7 E8 B7 F7 B4 F2
E7  : T  83.29c W  83.86c S   1.98c ( +2.1 L  +1.6) LCB   80.80c P  5.05% WF 2259.8 PSV     129 N    2168  --  E7 E8 B8 B9 E6 F8 A4 B4
B8  : T  61.02c W  64.14c S   1.31c ( +1.8 L  +1.1) LCB   45.58c P 22.04% WF  87.5 PSV     107 N     152  --  B8 B7 C7 B9 A8 D8 E7 A7
B7  : T  72.20c W  76.56c S  -0.56c ( +0.9 L  +0.5) LCB   57.13c P  2.89% WF  26.7 PSV      23 N      24  --  B7 F2 G2 D7 B8 B4 B9 F3
A4  : T  70.16c W  70.97c S   0.61c ( +1.4 L  +0.6) LCB   47.92c P  1.39% WF  13.4 PSV      10 N      15  --  A4 B4 E7 D7 B3 G2 F2
E4  : T  38.96c W  40.57c S  -1.60c ( +0.4 L  -0.0) LCB -311.04c P  0.30% WF   0.5 PSV       0 N       1  --  E4

2024-06-19 20:28:17-0400: = D8
2024-06-19 20:28:26-0400: Controller: kata-list_time_settings
2024-06-19 20:28:26-0400: = none absolute byoyomi canadian fischer fischer-capped
2024-06-19 20:28:26-0400: Controller: play black d7
2024-06-19 20:28:26-0400: = 
2024-06-19 20:28:26-0400: Controller: genmove white
2024-06-19 20:28:27-0400: MoveNum: 19 HASH: ABAF56CC7CD39CEF866ACD3263AD82DA
   A B C D E F G H J
 9 . . . . . . . . .
 8 . . X O2. . . . .
 7 . . @ X3. . . X .
 6 . . O . . X X O .
 5 . O . . X . O O .
 4 . . O . . . . . .
 3 X1O X X . . O . .
 2 . X . . . . . . .
 1 . . . . . . . . .

koPOSITIONALscoreAREAtaxNONEsui1komi7.5
Time taken: 1.078
Root visits: 13053
New playouts: 1152
NN rows: 520
NN batches: 50
NN avg batch size: 10.4
PV: C7 E8 B8 D9 B4 B9 D4 E3 F2 F3 F4 E2 G2 E4 A6 A8 B7 J6 J5 J7 F5 E6 F1
Tree:
: T  93.97c W  93.60c S   1.29c ( +1.7 L  +1.9) N   13053  --  C7 E8 B8 D9 B4 B9 D4
---White(^)---
C7  : T  93.98c W  93.61c S   1.29c ( +1.7 L  +1.9) LCB   93.18c P 98.66% WF 23978.2 PSV   23977 N   13043  --  C7 E8 B8 D9 B4 B9 D4 E3
A4  : T  54.52c W  53.36c S  -0.68c ( +0.8 L  +0.4) LCB   16.82c P  0.79% WF   4.0 PSV       4 N       7  --  A4 B4 C7 E8
B8  : T -61.98c W -56.18c S  -5.80c ( -1.5 L  -2.4) LCB -411.98c P  0.27% WF   0.3 PSV       0 N       1  --  B8
E7  : T -57.31c W -51.80c S  -5.51c ( -1.3 L  -2.2) LCB -407.31c P  0.18% WF   0.3 PSV       0 N       1  --  E7

2024-06-19 20:28:27-0400: = C7
2024-06-19 20:28:27-0400: Controller: kata-list_time_settings
2024-06-19 20:28:27-0400: = none absolute byoyomi canadian fischer fischer-capped
2024-06-19 20:28:27-0400: Controller: play black e8
2024-06-19 20:28:27-0400: = 
2024-06-19 20:28:27-0400: Controller: genmove white
2024-06-19 20:28:28-0400: MoveNum: 21 HASH: 1458C7470CB57CC7C9643C171E9D6C80
   A B C D E F G H J
 9 . . . . . . . . .
 8 . @ X O X3. . . .
 7 . . O2X1. . . X .
 6 . . O . . X X O .
 5 . O . . X . O O .
 4 . . O . . . . . .
 3 X O X X . . O . .
 2 . X . . . . . . .
 1 . . . . . . . . .

koPOSITIONALscoreAREAtaxNONEsui1komi7.5
Time taken: 1.046
Root visits: 13196
New playouts: 986
NN rows: 511
NN batches: 47
NN avg batch size: 10.8723
PV: B8 D9 B4 B9 D4 E3 F2 F3 F4 E2 G2 E4 A6 J7 F5 J6 J5 E6 F1 A4 D5 A8 B7
Tree:
: T  94.62c W  94.12c S   1.23c ( +1.5 L  +1.8) N   13196  --  B8 D9 B4 B9 D4 E3 F2
---White(^)---
B8  : T  94.63c W  94.12c S   1.23c ( +1.5 L  +1.8) LCB   93.89c P 99.17% WF 25765.2 PSV   25765 N   13193  --  B8 D9 B4 B9 D4 E3 F2 F3
D6  : T -22.94c W -19.26c S  -3.68c ( -0.7 L  -1.1) LCB -372.94c P  0.59% WF   0.3 PSV       1 N       1  --  D6
A4  : T -58.53c W -53.01c S  -5.53c ( -1.6 L  -2.7) LCB -408.53c P  0.07% WF   0.3 PSV       0 N       1  --  A4

2024-06-19 20:28:28-0400: = B8
2024-06-19 20:28:29-0400: Controller: kata-list_time_settings
2024-06-19 20:28:29-0400: = none absolute byoyomi canadian fischer fischer-capped
2024-06-19 20:28:29-0400: Controller: play black f2
2024-06-19 20:28:29-0400: = 
2024-06-19 20:28:29-0400: Controller: genmove white
2024-06-19 20:28:30-0400: MoveNum: 23 HASH: DB7436FC4B53973D4C81E551C438A0B2
   A B C D E F G H J
 9 . . . . . . . . .
 8 . O2X O X1. . . .
 7 . . O X . . . X .
 6 . . O . . X X O .
 5 . O . . X . O O .
 4 . . O . . . . . .
 3 X O X X . . O . .
 2 . X . . . X3@ . .
 1 . . . . . . . . .

koPOSITIONALscoreAREAtaxNONEsui1komi7.5
Time taken: 1.031
Root visits: 6628
New playouts: 701
NN rows: 508
NN batches: 48
NN avg batch size: 10.5833
PV: G2 D9 B4 G1 H1 F1 B9 F3 H2 J7 A2 A1 A4 C2 F5
Tree:
: T  94.96c W  94.63c S   1.27c ( +1.7 L  +1.9) N    6628  --  G2 D9 B4 G1 H1 F1 B9
---White(^)---
G2  : T  95.48c W  95.04c S   1.37c ( +1.8 L  +2.0) LCB   94.32c P 61.21% WF 12658.0 PSV   12565 N    6074  --  G2 D9 B4 G1 H1 F1 B9 F3
G7  : T  84.68c W  86.30c S  -0.94c ( +0.9 L  +0.9) LCB   80.37c P 34.23% WF 567.3 PSV     417 N     520  --  G7 D9 B4 B9 A6 H8 G2 G1
J7  : T  80.50c W  85.29c S  -1.11c ( +0.8 L  +0.8) LCB   59.42c P  3.41% WF  33.0 PSV      30 N      27  --  J7 D9 B9 H8 G2 B4 A5 F3
H8  : T  61.62c W  73.57c S  -1.29c ( +0.8 L  +0.7) LCB  -50.23c P  0.53% WF   2.4 PSV       2 N       3  --  H8 D9 B9
G8  : T  75.62c W  77.34c S  -1.72c ( +0.7 L  +1.0) LCB -274.38c P  0.21% WF   0.9 PSV       1 N       1  --  G8
F3  : T  43.86c W  46.90c S  -3.04c ( +0.1 L  +0.2) LCB -306.14c P  0.29% WF   0.5 PSV       0 N       1  --  F3
C9  : T -83.54c W -72.11c S -11.42c ( -5.6 L  -8.6) LCB -433.54c P  0.03% WF   0.3 PSV       0 N       1  --  C9

2024-06-19 20:28:30-0400: = G2
2024-06-19 20:28:36-0400: Controller: kata-list_time_settings
2024-06-19 20:28:36-0400: = none absolute byoyomi canadian fischer fischer-capped
2024-06-19 20:28:36-0400: Controller: play black d9
2024-06-19 20:28:36-0400: = 
2024-06-19 20:28:36-0400: Controller: genmove white
2024-06-19 20:28:37-0400: MoveNum: 25 HASH: A0A9EB02DA8F94AA8479C5B3476A3F44
   A B C D E F G H J
 9 . . . X3. . . . .
 8 . O X . X . . . .
 7 . . O X . . . X .
 6 . . O . . X X O .
 5 . O . . X . O O .
 4 . @ O . . . . . .
 3 X O X X . . O . .
 2 . X . . . X1O2. .
 1 . . . . . . . . .

koPOSITIONALscoreAREAtaxNONEsui1komi7.5
Time taken: 1.031
Root visits: 10872
New playouts: 678
NN rows: 503
NN batches: 50
NN avg batch size: 10.06
PV: B4 B9 D4 E4 F3 E2 A2 A1 E3 C2 D1 C1 F1 D2 A4 A2 A6 J6 J5 A8 G1 E1 B7 J7 F5
Tree:
: T  96.39c W  95.74c S   1.52c ( +1.8 L  +2.0) N   10872  --  B4 B9 D4 E4 F3 E2 A2
---White(^)---
B4  : T  96.91c W  96.21c S   1.61c ( +1.8 L  +2.1) LCB   96.19c P 15.57% WF 23717.2 PSV   23483 N    9814  --  B4 B9 D4 E4 F3 E2 A2 A1
B9  : T  81.96c W  82.84c S  -1.10c ( +0.8 L  +0.9) LCB   77.05c P 83.90% WF 848.4 PSV    1083 N    1053  --  B9 B4 G7 G8 F7 J7 E2 A5
D6  : T  47.80c W  50.08c S  -2.29c ( +0.2 L  +0.2) LCB -302.20c P  0.17% WF   0.6 PSV       0 N       1  --  D6
E4  : T  33.81c W  38.04c S  -4.23c ( -0.4 L  +0.1) LCB -316.19c P  0.08% WF   0.5 PSV       0 N       1  --  E4
A4  : T -90.30c W -84.53c S  -5.77c ( -1.0 L  -3.5) LCB -440.30c P  0.08% WF   0.4 PSV       0 N       1  --  A4
D4  : T   2.23c W   7.19c S  -4.96c ( -0.7 L  -0.3) LCB -347.77c P  0.07% WF   0.4 PSV       0 N       1  --  D4

2024-06-19 20:28:37-0400: = B4
2024-06-19 20:28:38-0400: Controller: kata-list_time_settings
2024-06-19 20:28:38-0400: = none absolute byoyomi canadian fischer fischer-capped
2024-06-19 20:28:38-0400: Controller: play black b9
2024-06-19 20:28:38-0400: = 
2024-06-19 20:28:38-0400: Controller: genmove white
2024-06-19 20:28:39-0400: MoveNum: 27 HASH: BC1D41CED8FA28F5B23813B813692BF1
   A B C D E F G H J
 9 . X3. X1. . . . .
 8 . O X . X . . . .
 7 . . O X . . . X .
 6 . . O . . X X O .
 5 . O . . X . O O .
 4 . O2O @ . . . . .
 3 X O X X . . O . .
 2 . X . . . X O . .
 1 . . . . . . . . .

koPOSITIONALscoreAREAtaxNONEsui1komi7.5
Time taken: 1.031
Root visits: 7708
New playouts: 747
NN rows: 501
NN batches: 47
NN avg batch size: 10.6596
PV: D4 E4 F3 E2 A2 A1 E3 C2 D1 C1 F1 D2 A4 A2 A6 J6 J5 A8 G1 E1 B7 J7 F5 F4 E6
Tree:
: T  97.00c W  96.64c S   1.29c ( +1.7 L  +2.0) N    7708  --  D4 E4 F3 E2 A2 A1 E3
---White(^)---
D4  : T  97.66c W  97.17c S   1.42c ( +1.8 L  +2.0) LCB   97.00c P  1.59% WF 18853.5 PSV   18685 N    6871  --  D4 E4 F3 E2 A2 A1 E3 C2
A6  : T  88.86c W  90.33c S  -1.33c ( +0.8 L  +0.9) LCB   86.55c P 53.01% WF 820.5 PSV     912 N     602  --  A6 G1 H1 F1 J7 H8 H3 A4
B7  : T  57.92c W  63.25c S  -2.44c ( +0.3 L  +0.4) LCB   36.79c P 21.86% WF  59.2 PSV      83 N     111  --  B7 F3 J7 D5 A6 A4 A8 H8
A8  : T  64.90c W  69.59c S  -2.25c ( +0.4 L  +0.5) LCB   42.49c P 16.42% WF  56.8 PSV      76 N      89  --  A8 F3 J7 D5 A6 A4 B7 H8
A7  : T  24.46c W  23.83c S  -2.95c ( -0.1 L  +0.1) LCB  -15.12c P  2.41% WF   8.6 PSV       5 N      21  --  A7 F3 G7 D5 B6 G8 J7 H8
F3  : T -97.59c W -61.16c S -19.66c (-12.5 L -13.3) LCB -203.17c P  4.15% WF   3.9 PSV       3 N      11  --  F3 D4 A7 B6 D6 D5 E7 F8
A2  : T  60.55c W  61.36c S  -2.26c ( +0.3 L  +0.4) LCB  -89.48c P  0.36% WF   1.4 PSV       1 N       2  --  A2 F3

2024-06-19 20:28:39-0400: = D4
2024-06-19 20:28:43-0400: Controller: kata-list_time_settings
2024-06-19 20:28:43-0400: = none absolute byoyomi canadian fischer fischer-capped
2024-06-19 20:28:43-0400: Controller: play black e4
2024-06-19 20:28:43-0400: = 
2024-06-19 20:28:43-0400: Controller: genmove white
2024-06-19 20:28:44-0400: MoveNum: 29 HASH: 9091533D58521FB248881CF8DF1E6D53
   A B C D E F G H J
 9 . X1. X . . . . .
 8 . O X . X . . . .
 7 . . O X . . . X .
 6 . . O . . X X O .
 5 . O . . X . O O .
 4 . O O O2X3. . . .
 3 X O X X . @ O . .
 2 . X . . . X O . .
 1 . . . . . . . . .

koPOSITIONALscoreAREAtaxNONEsui1komi7.5
Time taken: 1.031
Root visits: 4894
New playouts: 698
NN rows: 515
NN batches: 47
NN avg batch size: 10.9574
PV: F3 E2 A2 A1 E3 C2 D1 C1 F1 D2 A4 A2 A6 J6 J5 A8 G1 E1 B7 J7 F5 F4 E6 D6 G7
Tree:
: T  98.26c W  97.54c S   1.18c ( +1.4 L  +1.7) N    4894  --  F3 E2 A2 A1 E3 C2 D1
---White(^)---
F3  : T  98.28c W  97.56c S   1.18c ( +1.4 L  +1.7) LCB   97.66c P 96.36% WF 14586.6 PSV   14586 N    4888  --  F3 E2 A2 A1 E3 C2 D1 C1
A6  : T  -9.32c W  -4.62c S  -4.70c ( -0.7 L  -0.6) LCB -359.32c P  1.30% WF   0.4 PSV       1 N       1  --  A6
B7  : T -19.58c W -14.87c S  -4.70c ( -0.8 L  -0.5) LCB -369.58c P  0.77% WF   0.4 PSV       0 N       1  --  B7
A8  : T -37.56c W -32.31c S  -5.25c ( -1.1 L  -0.6) LCB -387.56c P  0.65% WF   0.4 PSV       0 N       1  --  A8
A2  : T  43.48c W  46.91c S  -3.43c ( -0.3 L  -0.2) LCB -306.52c P  0.52% WF   0.5 PSV       0 N       1  --  A2
A7  : T -79.15c W -72.55c S  -6.60c ( -2.1 L  -1.6) LCB -429.15c P  0.24% WF   0.4 PSV       0 N       1  --  A7

2024-06-19 20:28:44-0400: = F3
2024-06-19 20:28:48-0400: Controller: quit
2024-06-19 20:28:48-0400: Quit requested by controller
2024-06-19 20:28:48-0400: = 
2024-06-19 20:28:48-0400: GPU -1 finishing, processed 40652 rows 3636 batches
2024-06-19 20:28:49-0400: All cleaned up, quitting
