2024-06-26 20:25:10-0400: Running with following config:
allowResignation = true
lagBuffer = 1.0
logAllGTPCommunication = true
logDir = gtp_logs
logSearchInfo = true
logSearchInfoForChosenMove = false
logToStderr = false
maxTime = 1.0
maxTimePondering = 120.0
numSearchThreads = 16
ogsChatToStderr = true
ponderingEnabled = true
resignConsecTurns = 3
resignThreshold = -0.90
rules = tromp-taylor
searchFactorAfterOnePass = 0.50
searchFactorAfterTwoPass = 0.25
searchFactorWhenWinning = 0.40
searchFactorWhenWinningThreshold = 0.95

2024-06-26 20:25:10-0400: GTP Engine starting...
2024-06-26 20:25:10-0400: KataGo v1.14.1
2024-06-26 20:25:10-0400: Using TrompTaylor rules initially, unless GTP/GUI overrides this
2024-06-26 20:25:10-0400: Using 16 CPU thread(s) for search
2024-06-26 20:25:10-0400: nnRandSeed0 = 2847627513700944215
2024-06-26 20:25:10-0400: After dedups: nnModelFile0 = C:/Users/chang/Downloads/kata1-b28c512nbt-s7168446720-d4316919285.bin.gz useFP16 auto useNHWC auto
2024-06-26 20:25:10-0400: Initializing neural net buffer to be size 19 * 19 exactly
2024-06-26 20:25:16-0400: Cuda backend thread 0: Found GPU NVIDIA GeForce RTX 4060 Laptop GPU memory 8585216000 compute capability major 8 minor 9
2024-06-26 20:25:16-0400: Cuda backend thread 0: Model version 15 useFP16 = true useNHWC = true
2024-06-26 20:25:16-0400: Cuda backend thread 0: Model name: kata1-b28c512nbt-s7168446720-d4316919285
2024-06-26 20:25:19-0400: Loaded neural net with nnXLen 19 nnYLen 19
2024-06-26 20:25:19-0400: Initializing board with boardXSize 19 boardYSize 19
2024-06-26 20:25:19-0400: Loaded config C:\Users\chang\Downloads\katago-v1.14.1-cuda12.1-cudnn8.9.7-windows-x64/俱乐部AI.cfg
2024-06-26 20:25:19-0400: Loaded model C:/Users/chang/Downloads/kata1-b28c512nbt-s7168446720-d4316919285.bin.gz
2024-06-26 20:25:19-0400: Model name: kata1-b28c512nbt-s7168446720-d4316919285
2024-06-26 20:25:19-0400: GTP ready, beginning main protocol loop
2024-06-26 20:25:19-0400: Controller: list_commands
2024-06-26 20:25:19-0400: = protocol_version
name
version
known_command
list_commands
quit
boardsize
rectangular_boardsize
clear_board
set_position
komi
get_komi
play
undo
kata-get-rules
kata-set-rule
kata-set-rules
kata-get-param
kata-set-param
kata-list-params
kgs-rules
genmove
genmove_debug
search_debug
clear_cache
showboard
fixed_handicap
place_free_handicap
set_free_handicap
time_settings
kgs-time_settings
time_left
kata-list_time_settings
kata-time_settings
final_score
final_status_list
loadsgf
printsgf
lz-genmove_analyze
kata-genmove_analyze
lz-analyze
kata-analyze
kata-raw-nn
cputime
gomill-cpu_time
kata-benchmark
kata-debug-print-tc
debug_moves
stop
2024-06-26 20:25:19-0400: Controller: boardsize 9
2024-06-26 20:25:19-0400: GPU -1 finishing, processed 0 rows 0 batches
2024-06-26 20:25:19-0400: Cleaned up old neural net and bot
2024-06-26 20:25:19-0400: nnRandSeed0 = 12178026767661633828
2024-06-26 20:25:19-0400: After dedups: nnModelFile0 = C:/Users/chang/Downloads/kata1-b28c512nbt-s7168446720-d4316919285.bin.gz useFP16 auto useNHWC auto
2024-06-26 20:25:19-0400: Initializing neural net buffer to be size 9 * 9 exactly
2024-06-26 20:25:27-0400: Cuda backend thread 0: Found GPU NVIDIA GeForce RTX 4060 Laptop GPU memory 8585216000 compute capability major 8 minor 9
2024-06-26 20:25:27-0400: Cuda backend thread 0: Model version 15 useFP16 = true useNHWC = true
2024-06-26 20:25:27-0400: Cuda backend thread 0: Model name: kata1-b28c512nbt-s7168446720-d4316919285
2024-06-26 20:25:28-0400: Loaded neural net with nnXLen 9 nnYLen 9
2024-06-26 20:25:28-0400: Initializing board with boardXSize 9 boardYSize 9
2024-06-26 20:25:28-0400: = 
2024-06-26 20:25:28-0400: Controller: clear_board
2024-06-26 20:25:28-0400: = 
2024-06-26 20:25:28-0400: Controller: komi 5.5
2024-06-26 20:25:28-0400: = 
2024-06-26 20:25:28-0400: Controller: genmove black
2024-06-26 20:25:29-0400: MoveNum: 0 HASH: 9F0B2D702FC8448C75410E097F089AEB
   A B C D E F G H J
 9 . . . . . . . . .
 8 . . . . . . . . .
 7 . . . . . . . . .
 6 . . . . . . . . .
 5 . . . . @ . . . .
 4 . . . . . . . . .
 3 . . . . . . . . .
 2 . . . . . . . . .
 1 . . . . . . . . .

koPOSITIONALscoreAREAtaxNONEsui1komi5.5
Time taken: 1.015
Root visits: 732
New playouts: 732
NN rows: 720
NN batches: 60
NN avg batch size: 12
PV: E5 C5 G6 G5 F3 G7 H6 F6 F5 F7 H7
Tree:
: T  49.61c W  50.24c S   0.60c ( +1.8 L  +1.0) N     732  --  E5 C5 G6 G5 F3 G7 H6
---Black(^)---
E5  : T  51.26c W  51.16c S   0.64c ( +1.8 L  +1.0) LCB   48.04c P 31.55% WF 588.8 PSV     582 N     510  --  E5 C5 G6 G5 F3 G7 H6 F6
F6  : T  43.69c W  49.42c S   0.66c ( +1.8 L  +1.1) LCB   33.49c P 12.87% WF  61.3 PSV      29 N      63  --  F6 D4 D5 C4 F4 E5 E6 F5
F5  : T  47.83c W  49.12c S   0.55c ( +1.7 L  +1.0) LCB   41.43c P  3.47% WF 137.9 PSV      15 N     134  --  F5 D5 E3 D7 C4 C5 F7 F3
G5  : T  20.96c W  21.40c S  -0.77c ( +1.1 L  +0.7) LCB  -10.45c P  0.31% WF   6.7 PSV       0 N       7  --  G5 D5 E5 E6
G6  : T  -6.16c W   3.33c S  -1.72c ( +0.6 L  +0.4) LCB  -58.54c P  0.08% WF   2.2 PSV       0 N       5  --  G6 D4 E4 D5
G7  : T -36.72c W -33.22c S  -3.49c ( -0.3 L  +0.1) LCB -187.98c P  0.01% WF   0.3 PSV       0 N       2  --  G7 F6
H5  : T -80.96c W -73.94c S  -7.02c ( -2.0 L  -1.1) LCB -430.96c P  0.00% WF   0.1 PSV       0 N       1  --  H5
H6  : T -94.25c W -86.01c S  -8.25c ( -2.4 L  -1.6) LCB -444.25c P  0.00% WF   0.0 PSV       0 N       1  --  H6
H7  : T -103.43c W -93.67c S  -9.76c ( -3.0 L  -2.6) LCB -453.43c P  0.00% WF   0.0 PSV       0 N       1  --  H7
pss : T -123.16c W -99.73c S -23.43c (-12.1 L -11.8) LCB -473.16c P  0.00% WF   0.0 PSV       0 N       1  --  pass

2024-06-26 20:25:29-0400: = E5
2024-06-26 20:25:54-0400: Controller: kata-list_time_settings
2024-06-26 20:25:54-0400: = none absolute byoyomi canadian fischer fischer-capped
2024-06-26 20:25:54-0400: Controller: play white c5
2024-06-26 20:25:54-0400: = 
2024-06-26 20:25:54-0400: Controller: genmove black
2024-06-26 20:25:55-0400: MoveNum: 2 HASH: 21172FF837E42CFA41ED49BC1713B5B8
   A B C D E F G H J
 9 . . . . . . . . .
 8 . . . . . . . . .
 7 . . . . . . . . .
 6 . . . . . . @ . .
 5 . . O2. X1. . . .
 4 . . . . . . . . .
 3 . . . . . . . . .
 2 . . . . . . . . .
 1 . . . . . . . . .

koPOSITIONALscoreAREAtaxNONEsui1komi5.5
Time taken: 1.063
Root visits: 1345
New playouts: 425
NN rows: 385
NN batches: 36
NN avg batch size: 10.6944
PV: G6 G5 F6 F3 C4 B4 D4 C7 G3 G2 G4 F4 H5 E2 B3 C2 H2 H1 H3 B5 C3 B2 A2
Tree:
: T  55.27c W  53.97c S   1.36c ( +2.0 L  +1.3) N    1345  --  G6 G5 F6 F3 C4 B4 D4
---Black(^)---
G6  : T  55.56c W  54.21c S   1.38c ( +2.0 L  +1.3) LCB   51.65c P 49.42% WF 1119.4 PSV    1118 N    1326  --  G6 G5 F6 F3 C4 B4 D4 C7
G5  : T  46.12c W  47.29c S   0.79c ( +1.7 L  +1.0) LCB   20.84c P  1.74% WF   7.7 PSV       5 N       6  --  G5 D3 C6 B6
C6  : T  46.39c W  48.80c S   1.04c ( +1.9 L  +1.1) LCB   22.58c P  0.49% WF   6.9 PSV       1 N       7  --  C6 D6 D5 C7 B6 C4
D7  : T  34.91c W  34.65c S   0.26c ( +1.5 L  +0.9) LCB -315.09c P  0.55% WF   1.4 PSV       0 N       1  --  D7
D6  : T  33.55c W  33.76c S  -0.21c ( +1.2 L  +0.8) LCB -316.45c P  0.26% WF   1.4 PSV       0 N       1  --  D6
F7  : T  30.85c W  30.87c S  -0.01c ( +1.3 L  +0.9) LCB -319.15c P  0.22% WF   1.4 PSV       0 N       1  --  F7
E7  : T  29.20c W  29.38c S  -0.18c ( +1.2 L  +0.8) LCB -320.80c P  0.11% WF   1.3 PSV       0 N       1  --  E7
F6  : T -11.03c W  -8.44c S  -2.59c ( -0.0 L  +0.2) LCB -361.03c P  0.10% WF   1.0 PSV       0 N       1  --  F6

2024-06-26 20:25:55-0400: = G6
2024-06-26 20:25:57-0400: Controller: kata-list_time_settings
2024-06-26 20:25:57-0400: = none absolute byoyomi canadian fischer fischer-capped
2024-06-26 20:25:57-0400: Controller: play white f3
2024-06-26 20:25:57-0400: = 
2024-06-26 20:25:57-0400: Controller: genmove black
2024-06-26 20:25:58-0400: MoveNum: 4 HASH: 45ADFD05392357E55C08ABF85E086C83
   A B C D E F G H J
 9 . . . . . . . . .
 8 . . . . . . . . .
 7 . . . . . . . . .
 6 . . @ . . . X2. .
 5 . . O1. X . . . .
 4 . . . . . . . . .
 3 . . . . . O3. . .
 2 . . . . . . . . .
 1 . . . . . . . . .

koPOSITIONALscoreAREAtaxNONEsui1komi5.5
Time taken: 1.079
Root visits: 687
New playouts: 417
NN rows: 365
NN batches: 33
NN avg batch size: 11.0606
PV: C6 B6 D6 D4 B7 G4 B5 B4 A6 G5 H6 F6 E4 F7 E3 E2 D2 F2 G8 F8 G7 F5
Tree:
: T  56.25c W  55.48c S   1.11c ( +1.7 L  +1.1) N     687  --  C6 B6 D6 D4 B7 G4 B5
---Black(^)---
C6  : T  58.26c W  57.52c S   1.08c ( +1.6 L  +1.1) LCB   51.86c P 47.12% WF 433.1 PSV     426 N     601  --  C6 B6 D6 D4 B7 G4 B5 B4
D4  : T  44.55c W  43.36c S   1.29c ( +1.9 L  +1.2) LCB   36.59c P 48.45% WF  66.0 PSV      67 N      76  --  D4 G4 C4 C7 E2 E3 D2 F6
D3  : T  52.26c W  53.45c S   1.47c ( +1.9 L  +1.2) LCB   25.93c P  1.68% WF   7.6 PSV       4 N       6  --  D3 G4 C6 B6 C7 D5
C4  : T  38.51c W  37.98c S   0.53c ( +1.4 L  +1.0) LCB -311.49c P  1.44% WF   1.3 PSV       1 N       1  --  C4
D5  : T  35.37c W  34.93c S   0.44c ( +1.4 L  +0.9) LCB -314.63c P  0.44% WF   1.2 PSV       0 N       1  --  D5
D6  : T  40.28c W  39.51c S   0.77c ( +1.5 L  +0.8) LCB -309.72c P  0.41% WF   1.4 PSV       0 N       1  --  D6

2024-06-26 20:25:58-0400: = C6
2024-06-26 20:26:00-0400: Controller: kata-list_time_settings
2024-06-26 20:26:00-0400: = none absolute byoyomi canadian fischer fischer-capped
2024-06-26 20:26:00-0400: Controller: play white d4
2024-06-26 20:26:00-0400: = 
2024-06-26 20:26:00-0400: Controller: genmove black
2024-06-26 20:26:02-0400: MoveNum: 6 HASH: 1392DC6F719E13F1C5402A87D138FF92
   A B C D E F G H J
 9 . . . . . . . . .
 8 . . . . . . . . .
 7 . . . . . . . . .
 6 . @ X2. . . X . .
 5 . . O . X . . . .
 4 . . . O3. . . . .
 3 . . . . . O1. . .
 2 . . . . . . . . .
 1 . . . . . . . . .

koPOSITIONALscoreAREAtaxNONEsui1komi5.5
Time taken: 1.156
Root visits: 811
New playouts: 399
NN rows: 338
NN batches: 30
NN avg batch size: 11.2667
PV: B6 G4 G5 G7 H7 F7 H5 H8 J8 C8 D5
Tree:
: T  58.71c W  58.73c S   1.17c ( +1.6 L  +1.1) N     811  --  B6 G4 G5 G7 H7 F7 H5
---Black(^)---
B6  : T  59.74c W  59.48c S   1.19c ( +1.6 L  +1.1) LCB   54.01c P 92.06% WF 596.0 PSV     593 N     789  --  B6 G4 G5 G7 H7 F7 H5 H8
D5  : T  30.47c W  37.25c S   0.40c ( +1.2 L  +0.8) LCB    3.27c P  3.53% WF  10.0 PSV       2 N      12  --  D5 C4 B6 G7 F7 G4 H5 H4
D6  : T  42.11c W  44.32c S   0.79c ( +1.4 L  +0.6) LCB  -32.98c P  1.95% WF   3.9 PSV       2 N       3  --  D6 G7 H5
B5  : T   2.87c W  24.35c S  -0.02c ( +1.0 L  +0.5) LCB -180.38c P  1.34% WF   1.7 PSV       0 N       2  --  B5 D6
E4  : T  16.71c W  30.42c S   0.46c ( +1.3 L  +0.7) LCB -147.20c P  0.44% WF   1.8 PSV       0 N       2  --  E4 E3
G4  : T   2.82c W  23.46c S  -0.30c ( +0.9 L  +0.6) LCB -169.85c P  0.43% WF   1.7 PSV       0 N       2  --  G4 B6

2024-06-26 20:26:02-0400: = B6
2024-06-26 20:26:03-0400: Controller: kata-list_time_settings
2024-06-26 20:26:03-0400: = none absolute byoyomi canadian fischer fischer-capped
2024-06-26 20:26:03-0400: Controller: play white g4
2024-06-26 20:26:04-0400: = 
2024-06-26 20:26:04-0400: Controller: genmove black
2024-06-26 20:26:05-0400: MoveNum: 8 HASH: 0F16142AB9D0BC072B5122DA8699A88C
   A B C D E F G H J
 9 . . . . . . . . .
 8 . . . . . . . . .
 7 . . . . . . . . .
 6 . X2X . . . X . .
 5 . . O . X . @ . .
 4 . . . O1. . O3. .
 3 . . . . . O . . .
 2 . . . . . . . . .
 1 . . . . . . . . .

koPOSITIONALscoreAREAtaxNONEsui1komi5.5
Time taken: 1.109
Root visits: 1818
New playouts: 392
NN rows: 349
NN batches: 31
NN avg batch size: 11.2581
PV: G5 G7 H7 F7 H5 H8 J8 D6 D5 E6 E4 E3 F5 C7 B7
Tree:
: T  55.35c W  54.86c S   1.29c ( +1.7 L  +1.3) N    1818  --  G5 G7 H7 F7 H5 H8 J8
---Black(^)---
G5  : T  59.43c W  59.11c S   1.40c ( +1.7 L  +1.3) LCB   54.30c P 20.91% WF 831.9 PSV     949 N    1136  --  G5 G7 H7 F7 H5 H8 J8 D6
H5  : T  47.04c W  45.61c S   1.18c ( +1.6 L  +1.3) LCB   38.41c P 60.66% WF 339.1 PSV     220 N     569  --  H5 B5 D5 C4 F5 E8 E3 E4
D5  : T  54.11c W  54.70c S   0.81c ( +1.4 L  +1.1) LCB   39.10c P  6.55% WF  61.8 PSV      49 N      87  --  D5 H6 H5 G5 H7 F6 G7 C4
F5  : T  15.68c W  25.41c S  -0.08c ( +1.0 L  +0.8) LCB  -18.79c P 10.49% WF  11.1 PSV      11 N      23  --  F5 H6 E3 E4 F4 G3 D3 C3
F4  : T -29.34c W -27.21c S  -2.14c ( +0.1 L  +0.4) LCB -379.34c P  0.66% WF   0.5 PSV       0 N       1  --  F4
E4  : T  19.64c W  19.52c S   0.12c ( +1.1 L  +0.7) LCB -330.36c P  0.29% WF   0.8 PSV       0 N       1  --  E4

2024-06-26 20:26:05-0400: = G5
2024-06-26 20:26:07-0400: Controller: kata-list_time_settings
2024-06-26 20:26:07-0400: = none absolute byoyomi canadian fischer fischer-capped
2024-06-26 20:26:07-0400: Controller: play white e8
2024-06-26 20:26:07-0400: = 
2024-06-26 20:26:07-0400: Controller: genmove black
2024-06-26 20:26:08-0400: MoveNum: 10 HASH: 09D935B1DD3DF62AB4253EEC6FBAE2FC
   A B C D E F G H J
 9 . . . . . . . . .
 8 . . . . O3. . . .
 7 . . . . . . . . .
 6 . X X . . . X . .
 5 . . O @ X . X2. .
 4 . . . O . . O1. .
 3 . . . . . O . . .
 2 . . . . . . . . .
 1 . . . . . . . . .

koPOSITIONALscoreAREAtaxNONEsui1komi5.5
Time taken: 1.063
Root visits: 786
New playouts: 339
NN rows: 304
NN batches: 30
NN avg batch size: 10.1333
PV: D5 C4 G8 H5 B5 D7 D6 H6 E4 E3 C2 B3
Tree:
: T  65.71c W  65.05c S   1.49c ( +1.7 L  +1.5) N     786  --  D5 C4 G8 H5 B5 D7 D6
---Black(^)---
D5  : T  69.23c W  68.00c S   1.65c ( +1.7 L  +1.5) LCB   61.16c P 32.25% WF 517.6 PSV     506 N     693  --  D5 C4 G8 H5 B5 D7 D6 H6
F7  : T  23.81c W  28.63c S  -0.99c ( +0.6 L  +0.6) LCB   -7.66c P 23.73% WF  14.1 PSV      15 N      35  --  F7 B5 D5 C4 H4 H3 J5 B7
D6  : T  36.67c W  38.12c S   0.29c ( +1.1 L  +0.9) LCB    9.10c P 11.95% WF  13.0 PSV      10 N      23  --  D6 H7 G8 G7 F7 F6 E4 E3
G8  : T  40.06c W  46.22c S   0.58c ( +1.3 L  +0.8) LCB   -7.17c P  5.96% WF   9.6 PSV       5 N      16  --  G8 B5 D5 E4 C4 B4 C3
D7  : T  -1.44c W   9.74c S  -1.11c ( +0.5 L  +0.5) LCB  -49.27c P 14.17% WF   4.7 PSV       5 N       9  --  D7 H7 G7 G8 F8 H4 D5
E4  : T  20.70c W  34.65c S   0.56c ( +1.3 L  +0.8) LCB  -58.57c P  7.14% WF   4.6 PSV       4 N       7  --  E4 E3 D5 C4 D7
H4  : T   0.48c W   7.17c S  -0.35c ( +0.8 L  +0.6) LCB -150.50c P  3.96% WF   1.5 PSV       1 N       2  --  H4 G8

2024-06-26 20:26:08-0400: = D5
2024-06-26 20:26:10-0400: Controller: kata-list_time_settings
2024-06-26 20:26:10-0400: = none absolute byoyomi canadian fischer fischer-capped
2024-06-26 20:26:10-0400: Controller: play white c4
2024-06-26 20:26:10-0400: = 
2024-06-26 20:26:10-0400: Controller: genmove black
2024-06-26 20:26:11-0400: MoveNum: 12 HASH: 0C12DF1284E612DAE6F7BB35A4ED8513
   A B C D E F G H J
 9 . . . . . . . . .
 8 . . . . O1. @ . .
 7 . . . . . . . . .
 6 . X X . . . X . .
 5 . . O X2X . X . .
 4 . . O3O . . O . .
 3 . . . . . O . . .
 2 . . . . . . . . .
 1 . . . . . . . . .

koPOSITIONALscoreAREAtaxNONEsui1komi5.5
Time taken: 1.094
Root visits: 1717
New playouts: 479
NN rows: 292
NN batches: 30
NN avg batch size: 9.73333
PV: G8 D7 H4 H3 F4 G3 B8 B5 J5 E4 F5 D6 C8 A6 A7
Tree:
: T  54.78c W  55.46c S   1.03c ( +1.4 L  +1.3) N    1717  --  G8 D7 H4 H3 F4 G3 B8
---Black(^)---
G8  : T  56.84c W  57.32c S   1.19c ( +1.5 L  +1.3) LCB   49.26c P 53.37% WF 1089.3 PSV    1072 N    1588  --  G8 D7 H4 H3 F4 G3 B8 B5
F7  : T  26.14c W  28.44c S  -1.72c ( +0.1 L  +0.3) LCB   -0.92c P 25.84% WF  39.4 PSV      50 N      94  --  F7 B5 H4 H3 J5 B7 A6 D7
D7  : T -48.64c W -35.75c S  -4.34c ( -1.0 L  -0.3) LCB -100.44c P 10.07% WF   5.9 PSV       6 N      18  --  D7 H7 G7 G8 F8 H4 H5 H9
H4  : T -14.20c W  -3.32c S  -1.43c ( +0.1 L  +0.3) LCB  -61.23c P  7.31% WF   3.9 PSV       6 N       9  --  H4 G8 H8 D7 C8
E4  : T  15.33c W  33.47c S   0.25c ( +1.1 L  +0.7) LCB -106.80c P  1.36% WF   2.0 PSV       2 N       3  --  E4 E3 D7
H5  : T -49.55c W -45.79c S  -3.75c ( -1.0 L  -0.7) LCB -399.55c P  0.59% WF   0.4 PSV       0 N       1  --  H5
H6  : T -40.80c W -37.39c S  -3.41c ( -0.7 L  -0.3) LCB -390.80c P  0.37% WF   0.5 PSV       0 N       1  --  H6
F4  : T   5.38c W   6.14c S  -0.77c ( +0.5 L  +0.3) LCB -344.62c P  0.24% WF   0.6 PSV       0 N       1  --  F4
C8  : T -32.08c W -29.37c S  -2.71c ( -0.3 L  -0.3) LCB -382.08c P  0.23% WF   0.5 PSV       0 N       1  --  C8

2024-06-26 20:26:11-0400: = G8
2024-06-26 20:26:13-0400: Controller: kata-list_time_settings
2024-06-26 20:26:13-0400: = none absolute byoyomi canadian fischer fischer-capped
2024-06-26 20:26:13-0400: Controller: play white d7
2024-06-26 20:26:13-0400: = 
2024-06-26 20:26:13-0400: Controller: genmove black
2024-06-26 20:26:14-0400: MoveNum: 14 HASH: E3E7E6C337D83A1A01930D8689752B76
   A B C D E F G H J
 9 . . . . . . . . .
 8 . . . . O . X2. .
 7 . . . O3. . . . .
 6 . X X . . . X . .
 5 . . O X X . X . .
 4 . . O1O . . O @ .
 3 . . . . . O . . .
 2 . . . . . . . . .
 1 . . . . . . . . .

koPOSITIONALscoreAREAtaxNONEsui1komi5.5
Time taken: 1.14
Root visits: 1847
New playouts: 362
NN rows: 323
NN batches: 33
NN avg batch size: 9.78788
PV: H4 B8 D6 F7 G7 B7 G3 E3 F4 F8 A4 B3 F2 E2 G1 G9 B2 A3
Tree:
: T  67.09c W  66.53c S   1.79c ( +1.9 L  +1.7) N    1847  --  H4 B8 D6 F7 G7 B7 G3
---Black(^)---
H4  : T  72.87c W  71.29c S   2.04c ( +2.0 L  +1.8) LCB   66.56c P  0.17% WF 1251.4 PSV    1171 N    1490  --  H4 B8 D6 F7 G7 B7 G3 E3
D6  : T  -6.05c W   5.91c S  -0.84c ( +0.7 L  +0.6) LCB  -25.32c P 54.85% WF  47.9 PSV      47 N     196  --  D6 B7 C7 B5 H4 A6 G3 F4
C8  : T  -5.94c W   5.48c S  -2.47c ( +0.0 L  +0.0) LCB  -47.03c P 29.21% WF  25.4 PSV      25 N      79  --  C8 B5 H4 E4 G3 D6 E6 C7
E4  : T   8.82c W  22.65c S   0.03c ( +1.1 L  +1.1) LCB  -29.71c P  7.20% WF  25.0 PSV       7 N      67  --  E4 E3 D6 B7 C7 B5 D3 C3
B8  : T   7.30c W  11.65c S  -1.43c ( +0.5 L  +0.5) LCB  -69.07c P  3.18% WF   2.9 PSV       3 N       7  --  B8 H5 H6 B5 H4 H3
B5  : T -47.17c W -44.85c S  -4.50c ( -1.3 L  -0.2) LCB  -97.16c P  4.90% WF   1.3 PSV       2 N       4  --  B5 B8 D6 F7
C7  : T -19.62c W -17.21c S  -2.40c ( +0.1 L  +0.3) LCB -369.62c P  0.30% WF   0.5 PSV       0 N       1  --  C7
F4  : T -52.03c W -48.36c S  -3.67c ( -0.6 L  -0.6) LCB -402.03c P  0.04% WF   0.4 PSV       0 N       1  --  F4
H5  : T -40.65c W -37.39c S  -3.26c ( -0.4 L  -1.0) LCB -390.65c P  0.01% WF   0.1 PSV       0 N       1  --  H5

2024-06-26 20:26:14-0400: = H4
2024-06-26 20:26:16-0400: Controller: kata-list_time_settings
2024-06-26 20:26:16-0400: = none absolute byoyomi canadian fischer fischer-capped
2024-06-26 20:26:16-0400: Controller: play white b8
2024-06-26 20:26:16-0400: = 
2024-06-26 20:26:16-0400: Controller: genmove black
2024-06-26 20:26:17-0400: MoveNum: 16 HASH: 1FD4147B5EEE30F91E176AB30DCBC1FD
   A B C D E F G H J
 9 . . . . . . . . .
 8 . O3. . O . X . .
 7 . . . O1. . . . .
 6 . X X @ . . X . .
 5 . . O X X . X . .
 4 . . O O . . O X2.
 3 . . . . . O . . .
 2 . . . . . . . . .
 1 . . . . . . . . .

koPOSITIONALscoreAREAtaxNONEsui1komi5.5
Time taken: 1.094
Root visits: 1466
New playouts: 455
NN rows: 317
NN batches: 32
NN avg batch size: 9.90625
PV: D6 F7 G7 B7 G3 E3 G2 F2 D2 B2 A4 B3 A7 A8
Tree:
: T  76.33c W  72.61c S   3.82c ( +4.3 L  +4.1) N    1466  --  D6 F7 G7 B7 G3 E3 G2
---Black(^)---
D6  : T  76.57c W  72.82c S   3.84c ( +4.3 L  +4.1) LCB   70.68c P 91.22% WF 1041.6 PSV    1041 N    1459  --  D6 F7 G7 B7 G3 E3 G2 F2
C7  : T -60.29c W -44.84c S  -6.40c ( -0.8 L  -0.5) LCB -147.43c P  5.07% WF   1.0 PSV       1 N       3  --  C7 C8 D6
A8  : T -25.97c W -20.44c S  -5.53c ( -0.2 L  -0.0) LCB -375.97c P  1.76% WF   0.4 PSV       0 N       1  --  A8
C8  : T   1.47c W   5.68c S  -4.21c ( +0.4 L  +0.3) LCB -348.53c P  0.85% WF   0.4 PSV       0 N       1  --  C8
E4  : T -18.19c W -13.24c S  -4.96c ( -0.1 L  -0.3) LCB -368.19c P  0.66% WF   0.4 PSV       0 N       1  --  E4

2024-06-26 20:26:17-0400: = D6
2024-06-26 20:26:19-0400: Controller: kata-list_time_settings
2024-06-26 20:26:19-0400: = none absolute byoyomi canadian fischer fischer-capped
2024-06-26 20:26:19-0400: Controller: play white f7
2024-06-26 20:26:19-0400: = 
2024-06-26 20:26:19-0400: Controller: genmove black
2024-06-26 20:26:20-0400: MoveNum: 18 HASH: A5E975E6D53B92BE2BFF58459F062A76
   A B C D E F G H J
 9 . . . . . . . . .
 8 . O1. . O . X . .
 7 . . . O . O3@ . .
 6 . X X X2. . X . .
 5 . . O X X . X . .
 4 . . O O . . O X .
 3 . . . . . O . . .
 2 . . . . . . . . .
 1 . . . . . . . . .

koPOSITIONALscoreAREAtaxNONEsui1komi5.5
Time taken: 1.079
Root visits: 2317
New playouts: 419
NN rows: 317
NN batches: 30
NN avg batch size: 10.5667
PV: G7 B7 G3 E3 G2 F2 D2 C2 B3 B4 A2 C3 A4 A5 B5 A3 C7 C8 A4 F6 E7 E6 F8 A3 A6
Tree:
: T  75.23c W  73.09c S   3.19c ( +4.7 L  +4.5) N    2317  --  G7 B7 G3 E3 G2 F2 D2
---Black(^)---
G7  : T  78.65c W  75.86c S   3.94c ( +5.1 L  +4.8) LCB   72.61c P 20.09% WF 1394.7 PSV    1353 N    1877  --  G7 B7 G3 E3 G2 F2 D2 C2
G2  : T  48.06c W  54.09c S  -0.32c ( +2.8 L  +2.3) LCB   28.42c P 16.70% WF  34.4 PSV      35 N      66  --  G2 G7 D2 E2 C2 E4 B3 H3
F8  : T  66.92c W  65.04c S  -0.76c ( +2.7 L  +2.6) LCB   55.04c P  6.08% WF 133.6 PSV      32 N     220  --  F8 G7 H7 H8 H9 J8 J7 B7
G3  : T  21.65c W  30.81c S  -1.88c ( +1.9 L  +1.7) LCB   -7.93c P 26.54% WF  21.5 PSV      30 N      57  --  G3 F4 G2 G7 D2 E2 C2 H5
A8  : T  45.29c W  51.88c S  -2.27c ( +1.9 L  +1.2) LCB   15.36c P 14.88% WF  30.1 PSV      29 N      61  --  A8 B7 A7 G7 H7 F8 H8 F6
D2  : T  56.54c W  55.95c S  -1.17c ( +2.4 L  +1.8) LCB   34.36c P  3.09% WF  10.4 PSV       9 N      17  --  D2 E2 G3 G2 F4 E4 F8
C8  : T  -4.76c W   4.73c S  -4.40c ( +0.7 L  +0.8) LCB  -56.20c P  5.47% WF   2.6 PSV       4 N       7  --  C8 C7 B7 G7 H7
E2  : T  40.10c W  35.55c S  -1.74c ( +2.0 L  +1.6) LCB   -1.04c P  2.21% WF   2.9 PSV       3 N       5  --  E2 E3 G3
F4  : T  26.00c W  51.12c S  -0.57c ( +2.7 L  +1.6) LCB  -80.10c P  1.73% WF   1.5 PSV       2 N       3  --  F4 G3 E3
B3  : T  16.14c W  18.82c S  -2.67c ( +1.5 L  +0.9) LCB -333.86c P  1.40% WF   0.6 PSV       1 N       1  --  B3

2024-06-26 20:26:20-0400: = G7
2024-06-26 20:26:22-0400: Controller: kata-list_time_settings
2024-06-26 20:26:22-0400: = none absolute byoyomi canadian fischer fischer-capped
2024-06-26 20:26:22-0400: Controller: play white b7
2024-06-26 20:26:22-0400: = 
2024-06-26 20:26:22-0400: Controller: genmove black
2024-06-26 20:26:23-0400: MoveNum: 20 HASH: 648009509879028F8117E72ADB5D48A6
   A B C D E F G H J
 9 . . . . . . . . .
 8 . O . . O . X . .
 7 . O3. O . O1X2. .
 6 . X X X . . X . .
 5 . . O X X . X . .
 4 . . O O . . O X .
 3 . . . . . O @ . .
 2 . . . . . . . . .
 1 . . . . . . . . .

koPOSITIONALscoreAREAtaxNONEsui1komi5.5
Time taken: 1.125
Root visits: 3039
New playouts: 442
NN rows: 333
NN batches: 34
NN avg batch size: 9.79412
PV: G3 E3 G2 F2 D2 C2 D9 C7 A7 C9 A8 D8 A4 B3 F1 E1 G1 D3
Tree:
: T  80.42c W  77.75c S   3.74c ( +5.8 L  +5.6) N    3039  --  G3 E3 G2 F2 D2 C2 D9
---Black(^)---
G3  : T  81.20c W  78.46c S   3.84c ( +5.9 L  +5.6) LCB   76.50c P 73.30% WF 2286.8 PSV    2275 N    2967  --  G3 E3 G2 F2 D2 C2 D9 C7
D9  : T  29.97c W  32.11c S  -4.56c ( +1.5 L  +1.3) LCB   -4.45c P 13.02% WF  15.3 PSV      20 N      38  --  D9 F8 G3 F4 G2 D2 F2 E2
A7  : T  42.84c W  40.79c S  -0.83c ( +3.4 L  +3.2) LCB    1.67c P  6.48% WF  11.5 PSV      13 N      22  --  A7 A8 G3 E3 G2 F2 D9 F8
G2  : T -37.60c W -21.48c S  -7.18c ( -0.2 L  +0.3) LCB  -95.68c P  5.17% WF   2.9 PSV       3 N       8  --  G2 G3 H3 F2 D9
D2  : T -40.21c W -32.33c S  -7.88c ( -0.2 L  +0.3) LCB -390.21c P  1.01% WF   0.5 PSV       0 N       1  --  D2
C2  : T -70.97c W -61.16c S  -9.81c ( -1.2 L  -0.2) LCB -420.97c P  0.28% WF   0.5 PSV       0 N       1  --  C2
A6  : T -69.52c W -58.85c S -10.68c ( -1.5 L  -0.5) LCB -419.52c P  0.15% WF   0.4 PSV       0 N       1  --  A6

2024-06-26 20:26:23-0400: = G3
2024-06-26 20:26:25-0400: Controller: kata-list_time_settings
2024-06-26 20:26:25-0400: = none absolute byoyomi canadian fischer fischer-capped
2024-06-26 20:26:25-0400: Controller: play white e3
2024-06-26 20:26:25-0400: = 
2024-06-26 20:26:25-0400: Controller: genmove black
2024-06-26 20:26:27-0400: MoveNum: 22 HASH: BE3B8E2B4621FCB3649500ED6FAE2542
   A B C D E F G H J
 9 . . . . . . . . .
 8 . O . . O . X . .
 7 . O1. O . O X . .
 6 . X X X . . X . .
 5 . . O X X . X . .
 4 . . O O . . O X .
 3 . . . . O3O X2. .
 2 . . . . . . @ . .
 1 . . . . . . . . .

koPOSITIONALscoreAREAtaxNONEsui1komi5.5
Time taken: 1.141
Root visits: 3728
New playouts: 422
NN rows: 320
NN batches: 35
NN avg batch size: 9.14286
PV: G2 F2 D2 C2 D9 C7 A7 A8 B5 B4 F1 E1 G1 D3 A4 A3 A5 B3
Tree:
: T  78.46c W  76.94c S   3.21c ( +5.8 L  +5.5) N    3728  --  G2 F2 D2 C2 D9 C7 A7
---Black(^)---
G2  : T  80.06c W  78.08c S   3.64c ( +6.0 L  +5.8) LCB   75.48c P 59.78% WF 2507.8 PSV    2472 N    3267  --  G2 F2 D2 C2 D9 C7 A7 A8
D9  : T  67.52c W  70.09c S  -0.83c ( +3.6 L  +3.3) LCB   55.03c P 17.57% WF 117.9 PSV     116 N     217  --  D9 F8 G2 B3 D1 C2 G9 F2
A7  : T  26.48c W  29.44c S  -3.63c ( +2.2 L  +1.7) LCB   -9.64c P 14.00% WF  17.1 PSV      24 N      45  --  A7 A8 G2 F2 D9 F8 E4 B4
F4  : T  65.85c W  69.38c S  -1.56c ( +3.3 L  +3.0) LCB   51.36c P  3.98% WF 106.7 PSV      23 N     184  --  F4 F8 A4 B3 F2 E2 G1 G9
B5  : T  24.60c W  29.77c S  -6.07c ( +1.2 L  +0.7) LCB  -42.05c P  1.40% WF   2.0 PSV       2 N       5  --  B5 B4 F4
A6  : T -19.27c W   8.69c S  -7.35c ( +0.7 L  +0.6) LCB -168.82c P  1.63% WF   0.7 PSV       1 N       2  --  A6 B3
B3  : T  21.83c W  27.38c S  -5.56c ( +1.3 L  +0.6) LCB -328.17c P  0.46% WF   0.5 PSV       0 N       1  --  B3
A5  : T  12.72c W  18.90c S  -6.18c ( +1.0 L  +0.4) LCB -337.28c P  0.36% WF   0.5 PSV       0 N       1  --  A5
F8  : T  -7.69c W   1.16c S  -8.86c ( +0.3 L  +0.0) LCB -357.69c P  0.21% WF   0.4 PSV       0 N       1  --  F8
C7  : T -73.55c W -62.86c S -10.69c ( -0.6 L  -0.5) LCB -423.55c P  0.16% WF   0.4 PSV       0 N       1  --  C7

2024-06-26 20:26:27-0400: = G2
2024-06-26 20:26:29-0400: Controller: kata-list_time_settings
2024-06-26 20:26:29-0400: = none absolute byoyomi canadian fischer fischer-capped
2024-06-26 20:26:29-0400: Controller: play white f2
2024-06-26 20:26:29-0400: = 
2024-06-26 20:26:29-0400: Controller: genmove black
2024-06-26 20:26:30-0400: MoveNum: 24 HASH: AFEFF607EAEB4C9EA9B030291EEC826A
   A B C D E F G H J
 9 . . . . . . . . .
 8 . O . . O . X . .
 7 . O . O . O X . .
 6 . X X X . . X . .
 5 . . O X X . X . .
 4 . . O O . . O X .
 3 . . . . O1O X . .
 2 . . . @ . O3X2. .
 1 . . . . . . . . .

koPOSITIONALscoreAREAtaxNONEsui1komi5.5
Time taken: 1.078
Root visits: 4432
New playouts: 389
NN rows: 297
NN batches: 30
NN avg batch size: 9.9
PV: D2 C2 D9 C7 A7 A8 B3 B2 A6 A4 B9 F8 F9 E9 E6 C8 C9 E7
Tree:
: T  83.90c W  81.54c S   3.81c ( +6.2 L  +6.0) N    4432  --  D2 C2 D9 C7 A7 A8 B3
---Black(^)---
D2  : T  87.01c W  84.40c S   4.00c ( +6.3 L  +6.1) LCB   83.13c P  7.21% WF 3133.4 PSV    3026 N    3258  --  D2 C2 D9 C7 A7 A8 B3 B2
D9  : T  74.16c W  71.65c S   3.97c ( +6.4 L  +6.1) LCB   66.79c P 25.38% WF 455.3 PSV     220 N     920  --  D9 F8 B3 B4 A4 A5 C7 C8
A4  : T  20.45c W  31.84c S  -8.43c ( +0.8 L  +0.5) LCB  -14.04c P 22.30% WF  23.5 PSV      38 N      75  --  A4 B3 A3 A2 A7 F8 B2 A5
A7  : T  33.03c W  37.31c S  -1.95c ( +3.1 L  +2.5) LCB   -2.22c P 10.35% WF  24.0 PSV      21 N      66  --  A7 A8 D2 C2 B3 B4 A4 A5
B3  : T   6.59c W  14.06c S  -3.43c ( +2.1 L  +1.7) LCB  -37.15c P 12.44% WF  11.6 PSV      17 N      42  --  B3 B4 D2 B2 A6
A3  : T  24.14c W  31.15c S  -8.67c ( +0.8 L  +0.4) LCB  -13.22c P  6.20% WF   7.5 PSV      11 N      23  --  A3 B3 F8 C7 A4 A2 A6 C2
F8  : T  44.91c W  44.47c S  -5.85c ( +1.6 L  +1.0) LCB   17.74c P  2.33% WF   6.7 PSV       6 N      16  --  F8 B5 A6 C8 B3 A4 D2
B5  : T  36.06c W  43.76c S  -6.34c ( +1.3 L  +0.7) LCB  -35.08c P  2.02% WF   3.6 PSV       4 N       8  --  B5 B4 D2 C2 D9
F1  : T  35.42c W  40.84c S  -6.58c ( +1.2 L  +0.5) LCB  -25.59c P  1.09% WF   1.9 PSV       2 N       4  --  F1 E1 G1
A5  : T -45.78c W -14.56c S  -7.82c ( +0.6 L  +0.1) LCB -158.13c P  2.71% WF   0.9 PSV       2 N       3  --  A5 B3 D9

2024-06-26 20:26:30-0400: = D2
2024-06-26 20:26:32-0400: Controller: kata-list_time_settings
2024-06-26 20:26:32-0400: = none absolute byoyomi canadian fischer fischer-capped
2024-06-26 20:26:32-0400: Controller: play white c2
2024-06-26 20:26:32-0400: = 
2024-06-26 20:26:32-0400: Controller: genmove black
2024-06-26 20:26:33-0400: MoveNum: 26 HASH: 467AA4D465D02BD8A7236C6CABF45D95
   A B C D E F G H J
 9 . . . @ . . . . .
 8 . O . . O . X . .
 7 . O . O . O X . .
 6 . X X X . . X . .
 5 . . O X X . X . .
 4 . . O O . . O X .
 3 . . . . O O X . .
 2 . . O3X2. O1X . .
 1 . . . . . . . . .

koPOSITIONALscoreAREAtaxNONEsui1komi5.5
Time taken: 1.125
Root visits: 3998
New playouts: 473
NN rows: 312
NN batches: 32
NN avg batch size: 9.75
PV: D9 C7 A7 A8 B3 B2 B9 F8 A6 A4 F9 E9 F6 C8 E7 G9 C9 E6
Tree:
: T  89.14c W  87.28c S   3.31c ( +5.7 L  +5.5) N    3998  --  D9 C7 A7 A8 B3 B2 B9
---Black(^)---
D9  : T  91.52c W  89.09c S   3.72c ( +5.9 L  +5.7) LCB   88.72c P 16.19% WF 3665.8 PSV    3565 N    3389  --  D9 C7 A7 A8 B3 B2 B9 F8
B3  : T  73.64c W  76.59c S  -0.45c ( +3.8 L  +3.9) LCB   58.74c P 30.12% WF 340.8 PSV     171 N     469  --  B3 B4 A2 B2 A4 A5 B5 A3
A7  : T  13.42c W  23.64c S  -5.59c ( +1.2 L  +0.8) LCB  -31.29c P 11.22% WF  10.2 PSV      14 N      36  --  A7 A8 B5 B4 D9 F8 F9
F1  : T   9.98c W  18.91c S  -7.62c ( +0.7 L  +0.5) LCB  -55.07c P 10.02% WF   7.8 PSV      12 N      24  --  F1 E1 G1 B5 A7 A8 A6 D3
A6  : T   9.12c W  12.72c S  -3.63c ( +2.2 L  +2.6) LCB  -47.45c P  7.96% WF   6.9 PSV      10 N      26  --  A6 B3 D9 F8 C7 C8 D8 E7
B5  : T  41.60c W  47.38c S  -6.73c ( +1.1 L  +0.6) LCB   -5.07c P  3.39% WF   4.9 PSV       7 N      12  --  B5 B4 F1 E1 G1
G1  : T -15.52c W  -1.10c S  -7.30c ( +0.5 L  +0.5) LCB  -80.09c P  7.02% WF   4.6 PSV       6 N      16  --  G1 B5 A7 A8 A6 D3 D9
F8  : T  -0.10c W  11.01c S  -7.64c ( +0.4 L  -0.0) LCB  -76.32c P  4.13% WF   2.8 PSV       4 N       9  --  F8 B5 B3 A6 C3
F6  : T  -5.48c W   8.11c S  -7.48c ( +0.7 L  +0.3) LCB -103.28c P  2.75% WF   1.7 PSV       2 N       5  --  F6 B5 B3
D1  : T -14.99c W   1.31c S  -6.62c ( +0.5 L  +0.6) LCB -170.09c P  1.32% WF   0.7 PSV       1 N       2  --  D1 E1

2024-06-26 20:26:33-0400: = D9
2024-06-26 20:26:35-0400: Controller: kata-list_time_settings
2024-06-26 20:26:35-0400: = none absolute byoyomi canadian fischer fischer-capped
2024-06-26 20:26:35-0400: Controller: play white c7
2024-06-26 20:26:35-0400: = 
2024-06-26 20:26:35-0400: Controller: genmove black
2024-06-26 20:26:36-0400: MoveNum: 28 HASH: 4254A863242FF9BF3C4CFC579268ABCD
   A B C D E F G H J
 9 . . . X2. . . . .
 8 . O . . O . X . .
 7 @ O O3O . O X . .
 6 . X X X . . X . .
 5 . . O X X . X . .
 4 . . O O . . O X .
 3 . . . . O O X . .
 2 . . O1X . O X . .
 1 . . . . . . . . .

koPOSITIONALscoreAREAtaxNONEsui1komi5.5
Time taken: 1.093
Root visits: 3020
New playouts: 771
NN rows: 323
NN batches: 33
NN avg batch size: 9.78788
PV: A7 A8 B3 B2 A6 A4 B9 F8 F9 E9 F6 C8 E7 G9 C9 E6 C3 D3
Tree:
: T  91.46c W  89.01c S   3.52c ( +5.2 L  +5.0) N    3020  --  A7 A8 B3 B2 A6 A4 B9
---Black(^)---
A7  : T  91.89c W  89.17c S   3.76c ( +5.3 L  +5.1) LCB   88.00c P 33.64% WF 1946.2 PSV    1944 N    1857  --  A7 A8 B3 B2 A6 A4 B9 F8
B9  : T  92.60c W  90.29c S   3.42c ( +5.2 L  +5.0) LCB   87.71c P 24.05% WF 1275.3 PSV    1264 N    1026  --  B9 A7 B5 B3 E9 F9 F8 C9
B5  : T  80.13c W  81.60c S  -3.32c ( +2.1 L  +1.6) LCB   66.84c P  4.89% WF  26.9 PSV      29 N      38  --  B5 B4 A7 A8 F1 E1 G1 D3
A6  : T  39.49c W  41.71c S  -2.97c ( +2.1 L  +1.7) LCB   11.28c P 12.80% WF  13.2 PSV      19 N      40  --  A6 B3 B9 C9 C8 D8
B3  : T  44.09c W  48.37c S   0.67c ( +3.7 L  +3.6) LCB   -3.07c P  9.32% WF  11.0 PSV      15 N      29  --  B3 B4 A7 C9 A2 C3 A4 A5
E9  : T  10.52c W  13.30c S  -5.52c ( +0.8 L  +0.4) LCB  -57.32c P  5.82% WF   3.3 PSV       5 N      11  --  E9 B5 B3 A6 C3 B2
F1  : T  33.79c W  38.53c S  -5.97c ( +0.9 L  +0.6) LCB  -10.22c P  1.87% WF   1.4 PSV       2 N       4  --  F1 E1 G1 B5
G1  : T  44.72c W  46.67c S  -6.46c ( +0.9 L  +0.6) LCB  -30.77c P  1.41% WF   1.2 PSV       2 N       3  --  G1 D3 B5
A5  : T  41.69c W  53.79c S  -5.42c ( +1.4 L  +0.8) LCB  -55.67c P  1.25% WF   1.2 PSV       1 N       3  --  A5 B3 A7
C9  : T -66.99c W -53.93c S  -8.28c ( -0.6 L  -0.8) LCB -236.17c P  2.38% WF   0.6 PSV       1 N       2  --  C9 F8

2024-06-26 20:26:36-0400: = A7
2024-06-26 20:26:38-0400: Controller: kata-list_time_settings
2024-06-26 20:26:38-0400: = none absolute byoyomi canadian fischer fischer-capped
2024-06-26 20:26:38-0400: Controller: play white a8
2024-06-26 20:26:38-0400: = 
2024-06-26 20:26:38-0400: Controller: genmove black
2024-06-26 20:26:39-0400: MoveNum: 30 HASH: BD75AA8063050FA27854BCC63455396A
   A B C D E F G H J
 9 . . . X . . . . .
 8 O3O . . O . X . .
 7 X2O O1O . O X . .
 6 . X X X . . X . .
 5 . . O X X . X . .
 4 . . O O . . O X .
 3 . @ . . O O X . .
 2 . . O X . O X . .
 1 . . . . . . . . .

koPOSITIONALscoreAREAtaxNONEsui1komi5.5
Time taken: 1.125
Root visits: 2961
New playouts: 776
NN rows: 361
NN batches: 37
NN avg batch size: 9.75676
PV: B3 B2 A6 A4 B9 F8 F6 C8 C9 G9 F9 E9
Tree:
: T  90.00c W  88.87c S   2.56c ( +6.4 L  +6.3) N    2961  --  B3 B2 A6 A4 B9 F8 F6
---Black(^)---
B3  : T  92.23c W  91.33c S   2.30c ( +6.3 L  +6.2) LCB   88.33c P  6.94% WF 2067.1 PSV    2451 N    1698  --  B3 B2 A6 A4 B9 F8 F6 C8
B9  : T  87.87c W  84.88c S   4.37c ( +7.5 L  +7.3) LCB   81.82c P 46.77% WF 917.1 PSV     840 N     997  --  B9 F8 B3 B2 A6 B4 F9 E9
B5  : T  80.15c W  85.44c S  -5.02c ( +2.9 L  +2.5) LCB   70.70c P 29.76% WF 167.6 PSV     186 N     211  --  B5 B4 F1 E1 G1 F8 E2 D3
A6  : T  43.43c W  49.53c S  -5.85c ( +2.4 L  +2.0) LCB    6.99c P  9.70% WF  12.0 PSV      16 N      33  --  A6 B3 F1 E1 G1 D3 B9
A5  : T  58.13c W  63.21c S  -6.79c ( +2.0 L  +1.2) LCB   26.41c P  2.73% WF   5.5 PSV       6 N      12  --  A5 B3 B9 F8 F9 E9 E6 C8
F1  : T  21.29c W  46.09c S  -9.06c ( +1.1 L  +1.0) LCB -142.74c P  0.68% WF   0.8 PSV       0 N       2  --  F1 E1
E9  : T -64.64c W -52.53c S -12.10c ( +0.1 L  +0.2) LCB -414.64c P  1.07% WF   0.3 PSV       0 N       1  --  E9
B2  : T   8.08c W  16.74c S  -8.66c ( +1.0 L  +0.6) LCB -341.92c P  0.46% WF   0.3 PSV       0 N       1  --  B2
C9  : T -14.86c W  -5.36c S  -9.50c ( +0.7 L  +0.1) LCB -364.86c P  0.38% WF   0.3 PSV       0 N       1  --  C9
G1  : T  41.95c W  51.73c S  -9.78c ( +1.1 L  +0.7) LCB -308.05c P  0.37% WF   0.5 PSV       0 N       1  --  G1

2024-06-26 20:26:39-0400: = B3
2024-06-26 20:26:41-0400: Controller: kata-list_time_settings
2024-06-26 20:26:41-0400: = none absolute byoyomi canadian fischer fischer-capped
2024-06-26 20:26:41-0400: Controller: play white b2
2024-06-26 20:26:41-0400: = 
2024-06-26 20:26:41-0400: Controller: genmove black
2024-06-26 20:26:42-0400: MoveNum: 32 HASH: 8CC7D56D7990916882ED3D425D1735B3
   A B C D E F G H J
 9 . . . X . . . . .
 8 O1O . . O . X . .
 7 X O O O . O X . .
 6 @ X X X . . X . .
 5 . . O X X . X . .
 4 . . O O . . O X .
 3 . X2. . O O X . .
 2 . O3O X . O X . .
 1 . . . . . . . . .

koPOSITIONALscoreAREAtaxNONEsui1komi5.5
Time taken: 1.079
Root visits: 2514
New playouts: 484
NN rows: 303
NN batches: 30
NN avg batch size: 10.1
PV: A6 A4 F8 E9 F1 E1 G1 D3 B9 C8 C9
Tree:
: T  97.08c W  95.02c S   2.82c ( +3.8 L  +3.7) N    2514  --  A6 A4 F8 E9 F1 E1 G1
---Black(^)---
A6  : T  98.23c W  96.67c S   2.14c ( +3.5 L  +3.4) LCB   95.78c P 27.35% WF 1995.7 PSV    1971 N    1031  --  A6 A4 F8 E9 F1 E1 G1 D3
B9  : T  97.11c W  93.67c S   4.35c ( +4.7 L  +4.5) LCB   94.01c P 15.72% WF 1375.8 PSV     486 N    1019  --  B9 F8 E4 F9 E1 D3 F1 B5
B5  : T  94.93c W  93.50c S   1.96c ( +3.5 L  +3.2) LCB   89.22c P 23.58% WF 323.7 PSV     333 N     282  --  B5 B4 B9 F8 E6 F9 A4 C3
F1  : T  93.32c W  95.04c S  -1.81c ( +2.0 L  +1.8) LCB   87.71c P  6.63% WF  94.0 PSV      69 N      69  --  F1 E1 G1 B5 A6 F8 E2 D3
A5  : T  88.59c W  89.48c S  -1.07c ( +2.2 L  +1.9) LCB   80.42c P 11.14% WF  69.6 PSV      64 N      81  --  A5 A4 B4 B5 A6 C3 B9 F8
E9  : T  73.03c W  75.25c S  -3.93c ( +1.2 L  +0.8) LCB   57.50c P  2.78% WF   5.6 PSV       6 N      11  --  E9 B5 A6 C9 F9 D8 F1
A4  : T -27.82c W   1.15c S  -5.38c ( +0.1 L  +0.2) LCB -140.61c P  6.71% WF   1.7 PSV       3 N       6  --  A4 B5 A5 A6 A2 C3
A2  : T -11.44c W  -4.26c S  -4.00c ( +0.7 L  +0.4) LCB -124.94c P  3.94% WF   2.3 PSV       2 N       9  --  A2 B4 A6 A4 B9
F8  : T  74.52c W  84.28c S  -4.43c ( +1.1 L  +1.1) LCB  -86.18c P  0.67% WF   1.2 PSV       1 N       2  --  F8 C9
G1  : T  47.08c W  52.02c S  -4.94c ( +0.8 L  +0.6) LCB -302.92c P  0.50% WF   0.4 PSV       0 N       1  --  G1

2024-06-26 20:26:42-0400: = A6
2024-06-26 20:26:44-0400: Controller: kata-list_time_settings
2024-06-26 20:26:44-0400: = none absolute byoyomi canadian fischer fischer-capped
2024-06-26 20:26:44-0400: Controller: play white a2
2024-06-26 20:26:44-0400: = 
2024-06-26 20:26:44-0400: Controller: genmove black
2024-06-26 20:26:46-0400: MoveNum: 34 HASH: 2D79B1C8A67C0BB49BA97F0025B57E3C
   A B C D E F G H J
 9 . @ . X . . . . .
 8 O O . . O . X . .
 7 X O O O . O X . .
 6 X2X X X . . X . .
 5 . . O X X . X . .
 4 . . O O . . O X .
 3 . X . . O O X . .
 2 O3O1O X . O X . .
 1 . . . . . . . . .

koPOSITIONALscoreAREAtaxNONEsui1komi5.5
Time taken: 1.187
Root visits: 542
New playouts: 381
NN rows: 328
NN batches: 33
NN avg batch size: 9.93939
PV: B9 F8 E4 F9 E1 D3 F1 B5 G9 F4 E6 A5
Tree:
: T  99.35c W  97.69c S   2.04c ( +3.7 L  +3.7) N     542  --  B9 F8 E4 F9 E1 D3 F1
---Black(^)---
B9  : T 101.96c W  97.21c S   4.89c ( +5.1 L  +5.2) LCB   97.58c P 25.34% WF 634.3 PSV     619 N     330  --  B9 F8 E4 F9 E1 D3 F1 B5
F1  : T  96.79c W  98.19c S  -2.41c ( +2.1 L  +2.0) LCB   93.77c P 26.04% WF 205.5 PSV      90 N      87  --  F1 E1 G1 F8 E2 D3 D1 C1
E9  : T  96.99c W  98.90c S  -2.24c ( +2.2 L  +2.2) LCB   94.68c P 24.08% WF 206.4 PSV      86 N      69  --  E9 C9 F9 D8 F1 E1 G1 D3
F8  : T  95.86c W  99.37c S  -3.61c ( +1.8 L  +1.8) LCB   93.21c P 10.80% WF  98.0 PSV      32 N      27  --  F8 C9 F1 E1 G1 D3 B4 B5
G1  : T  92.59c W  93.19c S  -1.95c ( +2.1 L  +1.8) LCB   84.24c P  5.02% WF  17.9 PSV      10 N      18  --  G1 F1 B9 F8 F9 E9 E6
F4  : T  80.72c W  74.74c S  -2.72c ( +1.7 L  +1.3) LCB    1.27c P  2.26% WF   1.7 PSV       2 N       3  --  F4 F8
F9  : T  72.09c W  84.35c S  -4.68c ( +1.2 L  +1.3) LCB -102.74c P  2.55% WF   1.4 PSV       1 N       2  --  F9 E9
E4  : T  77.91c W  81.38c S  -3.47c ( +1.6 L  +1.3) LCB -272.09c P  1.44% WF   0.7 PSV       1 N       1  --  E4
E1  : T  60.65c W  77.32c S   2.69c ( +4.1 L  +2.9) LCB -137.09c P  0.58% WF   1.0 PSV       0 N       2  --  E1 F1
C9  : T -11.46c W  -5.51c S  -5.96c ( +0.5 L  +0.3) LCB -361.46c P  1.03% WF   0.2 PSV       0 N       1  --  C9

2024-06-26 20:26:46-0400: = B9
2024-06-26 20:26:47-0400: Controller: kata-list_time_settings
2024-06-26 20:26:47-0400: = none absolute byoyomi canadian fischer fischer-capped
2024-06-26 20:26:47-0400: Controller: play white f8
2024-06-26 20:26:47-0400: = 
2024-06-26 20:26:47-0400: Controller: genmove black
2024-06-26 20:26:49-0400: MoveNum: 36 HASH: 2CFF494A273520E1BBE66709D2146111
   A B C D E F G H J
 9 . X2. X . . . . .
 8 O O . . O O3X . .
 7 X O O O . O X . .
 6 X X X X . . X . .
 5 . . O X X . X . .
 4 . . O O @ . O X .
 3 . X . . O O X . .
 2 O1O O X . O X . .
 1 . . . . . . . . .

koPOSITIONALscoreAREAtaxNONEsui1komi5.5
Time taken: 1.156
Root visits: 1475
New playouts: 457
NN rows: 336
NN batches: 36
NN avg batch size: 9.33333
PV: E4 C8 E1 D3 F1 B5 C9 G9 H8 F4 E6 F9 A5 A4 H9 C1
Tree:
: T  99.23c W  97.49c S   2.79c ( +4.3 L  +4.3) N    1475  --  E4 C8 E1 D3 F1 B5 C9
---Black(^)---
E4  : T 100.82c W  97.59c S   3.98c ( +4.8 L  +4.9) LCB   97.74c P 10.59% WF 2231.4 PSV    2534 N     970  --  E4 C8 E1 D3 F1 B5 C9 G9
F9  : T  97.13c W  98.25c S   0.40c ( +3.3 L  +3.2) LCB   93.65c P 55.68% WF 921.2 PSV     818 N     338  --  F9 E9 E6 C8 C9 E7 F1 E1
E6  : T  96.15c W  98.99c S  -2.98c ( +2.2 L  +2.2) LCB   93.84c P  7.81% WF 114.4 PSV      92 N      40  --  E6 F9 F1 E1 G1 D3 G9 C8
F6  : T  95.38c W  94.19c S   2.71c ( +4.3 L  +4.3) LCB   76.22c P  8.91% WF 105.7 PSV      90 N      63  --  F6 F9 F1 E1 G1 D3 G9 B5
F4  : T  87.42c W  85.81c S   3.52c ( +4.8 L  +4.9) LCB   55.11c P 10.22% WF  40.9 PSV      43 N      47  --  F4 C8 F1 E1 G1 D3 C9 G9
F1  : T  63.63c W  73.97c S  -3.92c ( +1.7 L  +1.4) LCB  -26.65c P  3.65% WF   6.3 PSV       5 N       8  --  F1 E1 G1 F6 F5 E6
D3  : T  68.70c W  74.98c S  -3.54c ( +1.7 L  +1.2) LCB  -49.19c P  1.48% WF   2.5 PSV       2 N       4  --  D3 E4 F9
E1  : T  68.25c W  70.17c S   0.55c ( +3.3 L  +2.1) LCB  -45.62c P  0.96% WF   1.4 PSV       1 N       3  --  E1 F1 E4
G1  : T  63.73c W  68.95c S  -5.22c ( +1.2 L  +1.1) LCB -286.27c P  0.57% WF   0.5 PSV       0 N       1  --  G1

2024-06-26 20:26:49-0400: = E4
2024-06-26 20:26:51-0400: Controller: kata-list_time_settings
2024-06-26 20:26:51-0400: = none absolute byoyomi canadian fischer fischer-capped
2024-06-26 20:26:51-0400: Controller: play white c8
2024-06-26 20:26:51-0400: = 
2024-06-26 20:26:51-0400: Controller: genmove black
2024-06-26 20:26:52-0400: MoveNum: 38 HASH: 2C266B0C39FE853F7D2EC325DDA7C727
   A B C D E F G H J
 9 . X . X . . . . .
 8 O O O3. O O1X . .
 7 X O O O . O X . .
 6 X X X X . . X . .
 5 . . O X X . X . .
 4 . . O O X2. O X .
 3 . X . . O O X . .
 2 O O O X . O X . .
 1 . . . . @ . . . .

koPOSITIONALscoreAREAtaxNONEsui1komi5.5
Time taken: 1.063
Root visits: 1962
New playouts: 493
NN rows: 311
NN batches: 32
NN avg batch size: 9.71875
PV: E1 D3 F1 B5 C9 G9 H8 E2 E6 E7 D1 A5 H9 F4
Tree:
: T 100.80c W  97.95c S   3.22c ( +4.2 L  +4.3) N    1962  --  E1 D3 F1 B5 C9 G9 H8
---Black(^)---
E1  : T 101.60c W  98.29c S   3.59c ( +4.4 L  +4.4) LCB  100.02c P 33.71% WF 4480.3 PSV    4447 N    1821  --  E1 D3 F1 B5 C9 G9 H8 E2
F1  : T  92.98c W  96.74c S  -3.46c ( +1.9 L  +1.8) LCB   80.86c P 19.88% WF 153.0 PSV     147 N      66  --  F1 E1 D3 C3 G1 E2 F4 D1
D3  : T  87.38c W  92.74c S  -4.20c ( +1.6 L  +1.5) LCB   64.33c P 19.50% WF 106.7 PSV      89 N      51  --  D3 C3 F1 E1 G1 E2 F4 D1
C9  : T -57.11c W -42.19c S  -8.00c ( -0.1 L  +0.0) LCB -122.55c P 20.61% WF   4.2 PSV       8 N      18  --  C9 D3 G1 G9 H9 F9
F4  : T -84.54c W -64.68c S  -9.20c ( -0.4 L  -0.0) LCB -231.73c P  5.45% WF   1.1 PSV       1 N       3  --  F4 D3 C9
G1  : T  51.36c W  58.00c S  -6.64c ( +0.6 L  +0.7) LCB -298.64c P  0.53% WF   0.5 PSV       0 N       1  --  G1
F9  : T  77.08c W  80.97c S  -3.90c ( +1.5 L  +1.4) LCB -272.92c P  0.23% WF   0.6 PSV       0 N       1  --  F9

2024-06-26 20:26:52-0400: = E1
2024-06-26 20:26:54-0400: Controller: kata-list_time_settings
2024-06-26 20:26:54-0400: = none absolute byoyomi canadian fischer fischer-capped
2024-06-26 20:26:54-0400: Controller: play white d3
2024-06-26 20:26:54-0400: = 
2024-06-26 20:26:54-0400: Controller: genmove black
2024-06-26 20:26:55-0400: MoveNum: 40 HASH: 3129EF28E31E12AFD524D127609E312D
   A B C D E F G H J
 9 . X . X . . . . .
 8 O O O1. O O X . .
 7 X O O O . O X . .
 6 X X X X . . X . .
 5 . . O X X . X . .
 4 . . O O X . O X .
 3 . X . O3O O X . .
 2 O O O X . O X . .
 1 . . . . X2@ . . .

koPOSITIONALscoreAREAtaxNONEsui1komi5.5
Time taken: 0.797
Root visits: 2953
New playouts: 452
NN rows: 231
NN batches: 23
NN avg batch size: 10.0435
PV: F1 B5 C9 G9 H8 G1 E6 E7 H1 A5 H9 F4
Tree:
: T 101.52c W  98.22c S   3.53c ( +4.4 L  +4.5) N    2953  --  F1 B5 C9 G9 H8 G1 E6
---Black(^)---
F1  : T 101.56c W  98.25c S   3.54c ( +4.4 L  +4.5) LCB  100.30c P 96.69% WF 7410.7 PSV    7409 N    2939  --  F1 B5 C9 G9 H8 G1 E6 E7
F9  : T  90.06c W  92.02c S  -2.52c ( +2.1 L  +1.7) LCB   73.09c P  1.83% WF  12.2 PSV      12 N      12  --  F9 E9 F1 B5 C9 G9 E6 H8
C9  : T -98.75c W -89.96c S  -8.80c ( -0.1 L  -1.6) LCB -448.75c P  1.42% WF   0.9 PSV       0 N       1  --  C9

2024-06-26 20:26:55-0400: = F1
2024-06-26 20:26:57-0400: Controller: kata-list_time_settings
2024-06-26 20:26:57-0400: = none absolute byoyomi canadian fischer fischer-capped
2024-06-26 20:26:57-0400: Controller: play white b5
2024-06-26 20:26:57-0400: = 
2024-06-26 20:26:57-0400: Controller: genmove black
2024-06-26 20:26:58-0400: MoveNum: 42 HASH: 734AC54663920E17BA923F1301234295
   A B C D E F G H J
 9 . X @ X . . . . .
 8 O O O . O O X . .
 7 X O O O . O X . .
 6 X X X X . . X . .
 5 . O3O X X . X . .
 4 . . O O X . O X .
 3 . X . O1O O X . .
 2 O O O X . O X . .
 1 . . . . X X2. . .

koPOSITIONALscoreAREAtaxNONEsui1komi5.5
Time taken: 0.766
Root visits: 2953
New playouts: 303
NN rows: 239
NN batches: 24
NN avg batch size: 9.95833
PV: C9 G9 H8 G1 E6 E7 H1 A5 H9 F4
Tree:
: T 100.94c W  97.89c S   3.24c ( +4.3 L  +4.3) N    2953  --  C9 G9 H8 G1 E6 E7 H1
---Black(^)---
C9  : T 101.13c W  98.24c S   3.07c ( +4.2 L  +4.2) LCB   99.48c P 64.55% WF 5358.6 PSV    5347 N    1969  --  C9 G9 H8 G1 E6 E7 H1 A5
A5  : T 100.82c W  97.19c S   3.78c ( +4.6 L  +4.6) LCB   97.51c P 26.31% WF 2250.4 PSV    1736 N     930  --  A5 A4 C9 G9 H9 F9 H8 C1
F4  : T  93.75c W  97.20c S  -3.12c ( +2.0 L  +2.0) LCB   83.85c P  4.49% WF  52.9 PSV      52 N      28  --  F4 G9 H9 F9 C9 F6 E6 H8
F9  : T  86.95c W  89.01c S  -2.03c ( +2.3 L  +1.9) LCB   55.91c P  3.68% WF  21.9 PSV      23 N      21  --  F9 E9 C9 G9 H8 F4 E6 E7
A4  : T  83.28c W  85.40c S  -3.67c ( +1.6 L  +1.1) LCB    7.98c P  0.40% WF   2.1 PSV       2 N       3  --  A4 A5 C9
G9  : T  57.95c W  63.92c S  -5.97c ( +0.8 L  +0.8) LCB -292.05c P  0.21% WF   0.4 PSV       0 N       1  --  G9

2024-06-26 20:26:58-0400: = C9
2024-06-26 20:27:00-0400: Controller: kata-list_time_settings
2024-06-26 20:27:00-0400: = none absolute byoyomi canadian fischer fischer-capped
2024-06-26 20:27:00-0400: Controller: play white g9
2024-06-26 20:27:00-0400: = 
2024-06-26 20:27:00-0400: Controller: genmove black
2024-06-26 20:27:01-0400: MoveNum: 44 HASH: 2F3E86D932C42E26E930564EB6EAA32D
   A B C D E F G H J
 9 . X X2X . . O3@ .
 8 O O O . O O X . .
 7 X O O O . O X . .
 6 X X X X . . X . .
 5 . O1O X X . X . .
 4 . . O O X . O X .
 3 . X . O O O X . .
 2 O O O X . O X . .
 1 . . . . X X . . .

koPOSITIONALscoreAREAtaxNONEsui1komi5.5
Time taken: 0.75
Root visits: 3053
New playouts: 322
NN rows: 220
NN batches: 23
NN avg batch size: 9.56522
PV: H9 F9 A5 A4 H8 C1 E2 F4 E6 E7
Tree:
: T 101.30c W  98.14c S   3.27c ( +4.0 L  +4.0) N    3053  --  H9 F9 A5 A4 H8 C1 E2
---Black(^)---
H9  : T 101.57c W  98.30c S   3.16c ( +3.9 L  +3.9) LCB   99.94c P 72.48% WF 5641.6 PSV    5624 N    1918  --  H9 F9 A5 A4 H8 C1 E2 F4
A5  : T 101.41c W  97.78c S   3.54c ( +4.1 L  +4.1) LCB   98.63c P  8.92% WF 1353.0 PSV     614 N     508  --  A5 A4 H9 F9 H8 C1 E2 F4
H8  : T 101.53c W  98.51c S   4.01c ( +4.5 L  +4.5) LCB   98.72c P  5.29% WF 985.5 PSV     396 N     403  --  H8 G1 E6 E7 H1 A5 H9 F4
E6  : T  99.05c W  97.43c S   3.36c ( +4.3 L  +4.2) LCB   89.87c P  4.54% WF 368.1 PSV     117 N     132  --  E6 F9 A5 A4 H8 H9 F4 J8
F4  : T  95.66c W  96.25c S   1.91c ( +3.7 L  +3.5) LCB   82.26c P  5.95% WF  86.8 PSV      81 N      52  --  F4 H8 A5 A4 H7 F6 E6 F5
F9  : T  90.00c W  92.81c S  -3.04c ( +1.8 L  +1.5) LCB   73.76c P  2.14% WF  47.7 PSV      16 N      37  --  F9 E9 H8 F4 E6 E7 A5 H3
A4  : T  54.29c W  58.04c S  -3.76c ( +1.2 L  +0.6) LCB -295.71c P  0.31% WF   0.4 PSV       0 N       1  --  A4
F6  : T -55.03c W -49.56c S  -5.47c ( +0.3 L  -1.2) LCB -405.03c P  0.10% WF   0.2 PSV       0 N       1  --  F6

2024-06-26 20:27:01-0400: = H9
2024-06-26 20:27:03-0400: Controller: kata-list_time_settings
2024-06-26 20:27:03-0400: = none absolute byoyomi canadian fischer fischer-capped
2024-06-26 20:27:03-0400: Controller: play white f9
2024-06-26 20:27:03-0400: = 
2024-06-26 20:27:03-0400: Controller: genmove black
2024-06-26 20:27:04-0400: MoveNum: 46 HASH: F2CD66A46D00694C1B904DCCF4D1DFF8
   A B C D E F G H J
 9 . X X X . O3O1X2.
 8 O O O . O O X . .
 7 X O O O . O X . .
 6 X X X X . . X . .
 5 @ O O X X . X . .
 4 . . O O X . O X .
 3 . X . O O O X . .
 2 O O O X . O X . .
 1 . . . . X X . . .

koPOSITIONALscoreAREAtaxNONEsui1komi5.5
Time taken: 0.829
Root visits: 2460
New playouts: 291
NN rows: 215
NN batches: 24
NN avg batch size: 8.95833
PV: A5 A4 H8 E6 F6 F4 E7 H3 H2 E6 F5 D8 E2 C3 C1
Tree:
: T 101.40c W  98.19c S   3.33c ( +3.9 L  +3.9) N    2460  --  A5 A4 H8 E6 F6 F4 E7
---Black(^)---
A5  : T 101.92c W  98.22c S   3.82c ( +4.0 L  +4.0) LCB  100.27c P 41.24% WF 6389.7 PSV    6347 N    2081  --  A5 A4 H8 E6 F6 F4 E7 H3
H8  : T  98.02c W  97.91c S   0.36c ( +2.9 L  +2.8) LCB   93.35c P 44.15% WF 751.8 PSV     788 N     277  --  H8 F4 F6 A5 C1 E6 E7 H3
H7  : T  98.92c W  98.89c S   0.23c ( +2.8 L  +2.8) LCB   93.60c P  7.15% WF 132.2 PSV     126 N      49  --  H7 F4 E6 E2 D1 C1 G1
J8  : T  98.16c W  98.27c S   0.13c ( +2.8 L  +2.8) LCB   91.35c P  5.63% WF  94.5 PSV      89 N      39  --  J8 F4 E6 E2 D1 C1 G1
F4  : T  91.38c W  93.83c S  -0.81c ( +2.4 L  +2.0) LCB   75.51c P  1.26% WF  11.8 PSV      10 N      11  --  F4 F6 E6 H8 J8 J9 A5
A4  : T  80.83c W  85.22c S  -3.90c ( +1.3 L  +1.4) LCB  -68.37c P  0.36% WF   1.4 PSV       1 N       2  --  A4 A5

2024-06-26 20:27:04-0400: = A5
2024-06-26 20:27:06-0400: Controller: kata-list_time_settings
2024-06-26 20:27:06-0400: = none absolute byoyomi canadian fischer fischer-capped
2024-06-26 20:27:06-0400: Controller: play white a4
2024-06-26 20:27:06-0400: = 
2024-06-26 20:27:06-0400: Controller: genmove black
2024-06-26 20:27:07-0400: MoveNum: 48 HASH: C9C811A99F575A747D9345D72B09CD30
   A B C D E F G H J
 9 . X X X . O1O X .
 8 O O O . O O X @ .
 7 X O O O . O X . .
 6 X X X X . . X . .
 5 X2O O X X . X . .
 4 O3. O O X . O X .
 3 . X . O O O X . .
 2 O O O X . O X . .
 1 . . . . X X . . .

koPOSITIONALscoreAREAtaxNONEsui1komi5.5
Time taken: 0.734
Root visits: 2805
New playouts: 265
NN rows: 209
NN batches: 24
NN avg batch size: 8.70833
PV: H8 E6 F6 F4 E7 H3 H2 E6 F5 D8 E2 C3 C1 B1 G1
Tree:
: T 101.76c W  98.26c S   3.55c ( +4.0 L  +4.0) N    2805  --  H8 E6 F6 F4 E7 H3 H2
---Black(^)---
H8  : T 102.17c W  98.57c S   3.68c ( +4.1 L  +4.0) LCB  100.67c P 64.80% WF 7208.1 PSV    7171 N    2118  --  H8 E6 F6 F4 E7 H3 H2 E6
J8  : T 100.48c W  96.98c S   3.52c ( +4.0 L  +4.1) LCB   92.92c P 11.88% WF 636.4 PSV     459 N     229  --  J8 F6 E6 C1 E2 F4 F5
H7  : T 101.11c W  97.52c S   3.51c ( +4.0 L  +4.1) LCB   95.07c P 10.08% WF 1078.0 PSV     323 N     382  --  H7 F6 E6 C1 E2 F4 F5
F4  : T  86.19c W  90.05c S  -3.75c ( +1.6 L  +1.5) LCB   58.36c P  9.55% WF  73.8 PSV      58 N      52  --  F4 H8 H7 F6 E6 J9 F5 C1
F6  : T  97.61c W  98.81c S  -1.34c ( +2.4 L  +2.3) LCB   93.62c P  2.46% WF  50.9 PSV      46 N      17  --  F6 H8 H7 J9 F4 C1 E2
E6  : T  94.03c W  97.45c S  -3.47c ( +1.7 L  +1.4) LCB   47.68c P  0.60% WF   8.9 PSV       6 N       4  --  E6 H8 H7 J9
B4  : T  78.37c W  81.53c S  -3.16c ( +1.7 L  +1.7) LCB -272.79c P  0.20% WF   0.5 PSV       0 N       1  --  B4
E2  : T  82.91c W  86.87c S  -3.96c ( +1.5 L  +1.4) LCB -267.09c P  0.14% WF   0.7 PSV       0 N       1  --  E2

2024-06-26 20:27:07-0400: = H8
2024-06-26 20:27:09-0400: Controller: kata-list_time_settings
2024-06-26 20:27:09-0400: = none absolute byoyomi canadian fischer fischer-capped
2024-06-26 20:27:09-0400: Controller: play white e6
2024-06-26 20:27:10-0400: = 
2024-06-26 20:27:10-0400: Controller: genmove black
2024-06-26 20:27:10-0400: MoveNum: 50 HASH: E04FB5198F05B7A495D8D9D4BF58D07B
   A B C D E F G H J
 9 . X X X . O O X .
 8 O O O . O O X X2.
 7 X O O O . O X . .
 6 X X X X O3@ X . .
 5 X O O X X . X . .
 4 O1. O O X . O X .
 3 . X . O O O X . .
 2 O O O X . O X . .
 1 . . . . X X . . .

koPOSITIONALscoreAREAtaxNONEsui1komi5.5
Time taken: 0.766
Root visits: 1919
New playouts: 274
NN rows: 211
NN batches: 22
NN avg batch size: 9.59091
PV: F6 F4 E7 H3 H2 E6 F5 G1 D8 E2 E7 J3 J4 E6 H1 D1 E7
Tree:
: T 101.28c W  98.01c S   3.45c ( +4.1 L  +4.0) N    1919  --  F6 F4 E7 H3 H2 E6 F5
---Black(^)---
F6  : T 101.46c W  98.11c S   3.54c ( +4.1 L  +4.0) LCB   99.30c P 81.75% WF 5133.1 PSV    5124 N    1644  --  F6 F4 E7 H3 H2 E6 F5 G1
F5  : T 101.58c W  98.60c S   3.27c ( +4.0 L  +3.9) LCB   97.33c P 12.83% WF 991.6 PSV     884 N     270  --  F5 F4 E2 C3 F6 C1 G1 D1
F4  : T -110.67c W -98.34c S -11.62c ( -1.3 L  -1.3) LCB -186.57c P  5.31% WF   3.4 PSV       2 N       3  --  F4 F6 C1
D8  : T -129.96c W -98.92c S -31.04c (-23.6 L -24.0) LCB -479.96c P  0.04% WF   2.1 PSV       0 N       1  --  D8

2024-06-26 20:27:10-0400: = F6
2024-06-26 20:27:13-0400: Controller: kata-list_time_settings
2024-06-26 20:27:13-0400: = none absolute byoyomi canadian fischer fischer-capped
2024-06-26 20:27:13-0400: Controller: play white f4
2024-06-26 20:27:13-0400: = 
2024-06-26 20:27:13-0400: Controller: genmove black
2024-06-26 20:27:13-0400: MoveNum: 52 HASH: BA0A7CE2A354DB38B805937B3A523A4C
   A B C D E F G H J
 9 . X X X . O O X .
 8 O O O . O O X X .
 7 X O O O @ O X . .
 6 X X X X O1X2X . .
 5 X O O X X . X . .
 4 O . O O X O3O X .
 3 . X . O O O X . .
 2 O O O X . O X . .
 1 . . . . X X . . .

koPOSITIONALscoreAREAtaxNONEsui1komi5.5
Time taken: 0.734
Root visits: 2540
New playouts: 263
NN rows: 181
NN batches: 20
NN avg batch size: 9.05
PV: E7 H3 H2 E6 F5 E2 D1 C1 G1 A3 E7 J3 J2 E6 D8
Tree:
: T 101.69c W  97.91c S   3.61c ( +4.1 L  +4.0) N    2540  --  E7 H3 H2 E6 F5 E2 D1
---Black(^)---
E7  : T 102.29c W  97.98c S   4.04c ( +4.3 L  +4.2) LCB  100.05c P 48.69% WF 5673.8 PSV    5615 N    1794  --  E7 H3 H2 E6 F5 E2 D1 C1
F5  : T 100.09c W  97.72c S   2.42c ( +3.7 L  +3.6) LCB   96.85c P 51.28% WF 2140.0 PSV    1705 N     745  --  F5 C1 E2 C3 D8 H3 H2 J3

2024-06-26 20:27:13-0400: = E7
2024-06-26 20:27:16-0400: Controller: kata-list_time_settings
2024-06-26 20:27:16-0400: = none absolute byoyomi canadian fischer fischer-capped
2024-06-26 20:27:16-0400: Controller: play white h3
2024-06-26 20:27:16-0400: = 
2024-06-26 20:27:16-0400: Controller: genmove black
2024-06-26 20:27:17-0400: MoveNum: 54 HASH: 3A670D48BE80488AD63F0567A2D1BE8D
   A B C D E F G H J
 9 . X X X . O O X .
 8 O O O . O O X X .
 7 X O O O X2O X . .
 6 X X X X . X X . .
 5 X O O X X . X . .
 4 O . O O X O1O X .
 3 . X . O O O X O3.
 2 O O O X . O X @ .
 1 . . . . X X . . .

koPOSITIONALscoreAREAtaxNONEsui1komi5.5
Time taken: 0.765
Root visits: 2794
New playouts: 266
NN rows: 216
NN batches: 23
NN avg batch size: 9.3913
PV: H2 J3 J4 E2 E6 D8 D1 C1 G1 A3 F5
Tree:
: T 101.12c W  97.99c S   3.23c ( +3.8 L  +3.5) N    2794  --  H2 J3 J4 E2 E6 D8 D1
---Black(^)---
H2  : T 101.18c W  98.05c S   3.24c ( +3.8 L  +3.5) LCB   99.34c P 99.35% WF 9609.8 PSV    9606 N    2791  --  H2 J3 J4 E2 E6 D8 D1 C1
E6  : T -118.49c W -99.55c S -18.94c ( -5.5 L  -5.7) LCB -468.49c P  0.44% WF   1.7 PSV       0 N       1  --  E6
D8  : T -118.45c W -99.21c S -19.24c ( -6.4 L  -7.0) LCB -468.45c P  0.12% WF   1.2 PSV       0 N       1  --  D8

2024-06-26 20:27:17-0400: = H2
2024-06-26 20:27:19-0400: Controller: kata-list_time_settings
2024-06-26 20:27:19-0400: = none absolute byoyomi canadian fischer fischer-capped
2024-06-26 20:27:19-0400: Controller: play white e6
2024-06-26 20:27:19-0400: = 
2024-06-26 20:27:19-0400: Controller: genmove black
2024-06-26 20:27:20-0400: MoveNum: 56 HASH: 16A54136A13153581A823C2F81AB2052
   A B C D E F G H J
 9 . X X X . O O X .
 8 O O O . O O X X .
 7 X O O O . O X . .
 6 X X X X O3X X . .
 5 X O O X X @ X . .
 4 O . O O X O O X .
 3 . X . O O O X O1.
 2 O O O X . O X X2.
 1 . . . . X X . . .

koPOSITIONALscoreAREAtaxNONEsui1komi5.5
Time taken: 0.781
Root visits: 3023
New playouts: 534
NN rows: 241
NN batches: 25
NN avg batch size: 9.64
PV: F5 H5 J4 C1 D1 E2 G1 C3 D8 E7 J3 B4
Tree:
: T 101.38c W  98.15c S   3.30c ( +3.8 L  +3.6) N    3023  --  F5 H5 J4 C1 D1 E2 G1
---Black(^)---
F5  : T 101.38c W  98.15c S   3.30c ( +3.8 L  +3.6) LCB   99.76c P 99.95% WF 10338.9 PSV   10339 N    3022  --  F5 H5 J4 C1 D1 E2 G1 C3

2024-06-26 20:27:20-0400: = F5
2024-06-26 20:27:22-0400: Controller: kata-list_time_settings
2024-06-26 20:27:22-0400: = none absolute byoyomi canadian fischer fischer-capped
2024-06-26 20:27:22-0400: Controller: play white h5
2024-06-26 20:27:22-0400: = 
2024-06-26 20:27:22-0400: Controller: genmove black
2024-06-26 20:27:23-0400: MoveNum: 58 HASH: 0D0E297748B18D6C30070FEF9CAC4E67
   A B C D E F G H J
 9 . X X X . O O X .
 8 O O O . O O X X .
 7 X O O O . O X . .
 6 X X X X O1X X . .
 5 X O O X X X2X O3.
 4 O . O O X O O X @
 3 . X . O O O X O .
 2 O O O X . O X X .
 1 . . . . X X . . .

koPOSITIONALscoreAREAtaxNONEsui1komi5.5
Time taken: 0.734
Root visits: 1357
New playouts: 271
NN rows: 215
NN batches: 22
NN avg batch size: 9.77273
PV: J4 C1 D8 E7 E2 C3 G1 D1 H6
Tree:
: T 101.49c W  98.42c S   3.15c ( +3.6 L  +3.3) N    1357  --  J4 C1 D8 E7 E2 C3 G1
---Black(^)---
J4  : T 103.54c W  98.14c S   5.24c ( +4.4 L  +4.2) LCB   99.40c P 14.14% WF 2767.3 PSV    4550 N     865  --  J4 C1 D8 E7 E2 C3 G1 D1
J3  : T  98.74c W  98.79c S   0.11c ( +2.5 L  +2.0) LCB   95.49c P 85.77% WF 2073.4 PSV    1444 N     491  --  J3 E2 E7 D1 E6 D8 G1 A3

2024-06-26 20:27:23-0400: = J4
2024-06-26 20:27:25-0400: Controller: kata-list_time_settings
2024-06-26 20:27:25-0400: = none absolute byoyomi canadian fischer fischer-capped
2024-06-26 20:27:25-0400: Controller: play white j2
2024-06-26 20:27:25-0400: = 
2024-06-26 20:27:25-0400: Controller: genmove black
2024-06-26 20:27:26-0400: MoveNum: 60 HASH: F7267F07E7579FC74DBD50A5BB6D1BAB
   A B C D E F G H J
 9 . X X X . O O X .
 8 O O O . O O X X .
 7 X O O O . O X . .
 6 X X X X O X X . .
 5 X O O X X X X O1.
 4 O . O O X O O X X2
 3 . X . O O O X O @
 2 O O O X . O X X O3
 1 . . . . X X . . .

koPOSITIONALscoreAREAtaxNONEsui1komi5.5
Time taken: 0.75
Root visits: 904
New playouts: 273
NN rows: 211
NN batches: 22
NN avg batch size: 9.59091
PV: J3 E2 D1 C1 G1 C3 D8 E7 J1 A3 H6 B4 J5
Tree:
: T 101.92c W  98.47c S   3.65c ( +3.9 L  +3.5) N     904  --  J3 E2 D1 C1 G1 C3 D8
---Black(^)---
J3  : T 101.95c W  98.49c S   3.65c ( +3.9 L  +3.5) LCB   99.04c P 99.20% WF 3524.5 PSV    3524 N     902  --  J3 E2 D1 C1 G1 C3 D8 E7
H6  : T -97.58c W -87.78c S  -9.80c ( -1.0 L  -0.7) LCB -447.58c P  0.33% WF   0.5 PSV       0 N       1  --  H6

2024-06-26 20:27:26-0400: = J3
2024-06-26 20:27:28-0400: Controller: kata-list_time_settings
2024-06-26 20:27:28-0400: = none absolute byoyomi canadian fischer fischer-capped
2024-06-26 20:27:28-0400: Controller: play white e2
2024-06-26 20:27:28-0400: = 
2024-06-26 20:27:28-0400: Controller: genmove black
2024-06-26 20:27:29-0400: MoveNum: 62 HASH: 96CE56D9F719CC4CE99A25381E7AA0E6
   A B C D E F G H J
 9 . X X X . O O X .
 8 O O O . O O X X .
 7 X O O O . O X . .
 6 X X X X O X X . .
 5 X O O X X X X O .
 4 O . O O X O O X X
 3 . X . O O O X . X2
 2 O O O X O3O X X O1
 1 . . . @ X X . . .

koPOSITIONALscoreAREAtaxNONEsui1komi5.5
Time taken: 0.75
Root visits: 1800
New playouts: 363
NN rows: 245
NN batches: 23
NN avg batch size: 10.6522
PV: D1 C1 G1 C3 D8 E7 H6 A3 J1 pass J5 B4 pass
Tree:
: T 101.94c W  98.76c S   3.18c ( +3.8 L  +3.3) N    1800  --  D1 C1 G1 C3 D8 E7 H6
---Black(^)---
D1  : T 102.88c W  98.70c S   4.07c ( +4.1 L  +3.7) LCB  100.61c P 39.65% WF 6912.5 PSV    6817 N    1427  --  D1 C1 G1 C3 D8 E7 H6 A3
D8  : T  98.14c W  99.16c S  -0.91c ( +2.4 L  +1.8) LCB   94.91c P 32.39% WF 1078.6 PSV     631 N     244  --  D8 D1 E7 J5 J1 E6 B4 E7
E7  : T  97.53c W  99.30c S  -1.36c ( +2.2 L  +1.7) LCB   94.38c P 26.45% WF 478.6 PSV     463 N     120  --  E7 D1 E6 D8 G1 C3 J5 C1
G1  : T  76.75c W  83.16c S  -2.58c ( +1.7 L  +2.0) LCB    6.58c P  1.07% WF   3.9 PSV       4 N       6  --  G1 D1 E7 H6 D8
B4  : T  68.98c W  73.08c S  -4.11c ( +1.2 L  +1.8) LCB -281.30c P  0.13% WF   0.6 PSV       0 N       1  --  B4
E9  : T -112.53c W -97.58c S -14.95c ( -3.4 L  -4.1) LCB -462.53c P  0.09% WF   0.8 PSV       0 N       1  --  E9

2024-06-26 20:27:29-0400: = D1
2024-06-26 20:27:31-0400: Controller: kata-list_time_settings
2024-06-26 20:27:31-0400: = none absolute byoyomi canadian fischer fischer-capped
2024-06-26 20:27:31-0400: Controller: play white c1
2024-06-26 20:27:31-0400: = 
2024-06-26 20:27:31-0400: Controller: genmove black
2024-06-26 20:27:32-0400: MoveNum: 64 HASH: 9E2247A55EF9B8AE5E47F3A51BDFA683
   A B C D E F G H J
 9 . X X X . O O X .
 8 O O O . O O X X .
 7 X O O O . O X . .
 6 X X X X O X X . .
 5 X O O X X X X O .
 4 O . O O X O O X X
 3 . X . O O O X . X
 2 O O O X O1O X X O
 1 . . O3X2X X @ . .

koPOSITIONALscoreAREAtaxNONEsui1komi5.5
Time taken: 0.735
Root visits: 2602
New playouts: 370
NN rows: 238
NN batches: 24
NN avg batch size: 9.91667
PV: G1 C3 D8 E7 H3 A3 J5 B4 H6 pass J1
Tree:
: T 102.68c W  99.22c S   3.53c ( +4.1 L  +3.6) N    2602  --  G1 C3 D8 E7 H3 A3 J5
---Black(^)---
G1  : T 102.80c W  99.33c S   3.54c ( +4.1 L  +3.6) LCB  101.64c P 81.88% WF 13838.9 PSV   13826 N    2581  --  G1 C3 D8 E7 H3 A3 J5 B4
D8  : T -89.21c W -79.25c S -10.59c ( -1.0 L  -1.1) LCB -158.44c P 12.97% WF   4.5 PSV       8 N      16  --  D8 G1 E7 J5 J1 E6 B4 A3
E7  : T -112.73c W -97.80c S -15.12c ( -3.3 L  -4.0) LCB -225.19c P  4.88% WF   2.7 PSV       2 N       3  --  E7 G1 D8
E9  : T -114.89c W -98.68c S -16.21c ( -3.8 L  -4.5) LCB -464.89c P  0.09% WF   1.2 PSV       0 N       1  --  E9

2024-06-26 20:27:32-0400: = G1
2024-06-26 20:27:35-0400: Controller: kata-list_time_settings
2024-06-26 20:27:35-0400: = none absolute byoyomi canadian fischer fischer-capped
2024-06-26 20:27:35-0400: Controller: play white c3
2024-06-26 20:27:35-0400: = 
2024-06-26 20:27:35-0400: Controller: genmove black
2024-06-26 20:27:35-0400: MoveNum: 66 HASH: 40AB689484E4A88C668A9D5B2959945E
   A B C D E F G H J
 9 . X X X . O O X .
 8 O O O @ O O X X .
 7 X O O O . O X . .
 6 X X X X O X X . .
 5 X O O X X X X O .
 4 O . O O X O O X X
 3 . X O3O O O X . X
 2 O O O X O O X X O
 1 . . O1X X X X2. .

koPOSITIONALscoreAREAtaxNONEsui1komi5.5
Time taken: 0.641
Root visits: 4407
New playouts: 578
NN rows: 184
NN batches: 19
NN avg batch size: 9.68421
PV: D8 E7 B1 B4 J1 pass J5 pass
Tree:
: T 103.01c W  99.59c S   3.50c ( +4.0 L  +3.5) N    4407  --  D8 E7 B1 B4 J1 pass J5
---Black(^)---
D8  : T 103.24c W  99.63c S   3.81c ( +4.1 L  +3.6) LCB  102.46c P 38.06% WF 12376.4 PSV   15985 N    2217  --  D8 E7 B1 B4 J1 pass J5 pass
E7  : T 103.06c W  99.67c S   3.41c ( +4.0 L  +3.5) LCB  102.15c P 43.58% WF 12238.9 PSV   10187 N    2111  --  E7 H1 J1 E6 D8 E7 J5 A3
H6  : T  98.01c W  99.71c S  -0.90c ( +2.5 L  +2.0) LCB   94.63c P  2.87% WF  88.7 PSV      77 N      19  --  H6 D8 E7 H1 J1 E6 J5
J5  : T  98.66c W  99.70c S  -0.71c ( +2.6 L  +2.0) LCB   95.44c P  2.55% WF  78.6 PSV      77 N      17  --  J5 D8 E7 J6 J1 E6
J6  : T 100.05c W  99.66c S   0.16c ( +2.9 L  +2.5) LCB   70.42c P  0.77% WF  24.1 PSV      24 N       5  --  J6 D8 E7
J1  : T  62.01c W  71.76c S  -8.74c ( -5.1 L  -5.7) LCB  -89.96c P  5.99% WF  28.2 PSV      22 N       8  --  J1 D8 H6
H1  : T  98.24c W  99.53c S  -1.38c ( +2.4 L  +2.0) LCB   52.02c P  0.75% WF  18.9 PSV      17 N       4  --  H1 D8 E7
J7  : T  98.82c W  99.62c S  -0.37c ( +2.7 L  +2.3) LCB   53.96c P  0.65% WF  19.1 PSV      16 N       4  --  J7 D8 E7
H7  : T  98.72c W  99.44c S  -0.45c ( +2.7 L  +2.3) LCB   53.67c P  0.66% WF  18.3 PSV      15 N       4  --  H7 D8 E7
B4  : T  94.09c W  99.03c S  -0.54c ( +2.7 L  +2.3) LCB   42.93c P  0.74% WF  12.1 PSV      10 N       4  --  B4 D8 E7 H6

2024-06-26 20:27:35-0400: = D8
2024-06-26 20:27:38-0400: Controller: kata-list_time_settings
2024-06-26 20:27:38-0400: = none absolute byoyomi canadian fischer fischer-capped
2024-06-26 20:27:38-0400: Controller: play white e7
2024-06-26 20:27:38-0400: = 
2024-06-26 20:27:38-0400: Controller: genmove black
2024-06-26 20:27:38-0400: MoveNum: 68 HASH: FC6243FCD19117663921E2A1B93CBEB1
   A B C D E F G H J
 9 . X X X . O O X .
 8 O O O X2O O X X .
 7 X O O O O3O X . .
 6 X X X X O X X . .
 5 X O O X X X X O .
 4 O . O O X O O X X
 3 . X O1O O O X @ X
 2 O O O X O O X X O
 1 . . O X X X X . .

koPOSITIONALscoreAREAtaxNONEsui1komi5.5
Time taken: 0.672
Root visits: 5235
New playouts: 1307
NN rows: 198
NN batches: 20
NN avg batch size: 9.9
PV: H3 A3 J1 B4 J5 pass H6 pass pass
Tree:
: T 103.37c W  99.97c S   3.54c ( +3.9 L  +3.4) N    5235  --  H3 A3 J1 B4 J5 pass H6
---Black(^)---
H3  : T 103.50c W  99.96c S   3.67c ( +4.0 L  +3.4) LCB  103.36c P  3.12% WF 2314.6 PSV   42495 N     403  --  H3 A3 J1 B4 J5 pass H6 pass
J1  : T 103.24c W  99.98c S   3.41c ( +3.9 L  +3.4) LCB  103.16c P 30.67% WF 7827.9 PSV    7845 N    1299  --  J1 A3 H6 B4 J5 pass pass
J5  : T 103.30c W  99.97c S   3.48c ( +3.9 L  +3.4) LCB  103.21c P 24.08% WF 6704.8 PSV    6711 N    1125  --  J5 A3 H3 pass J1 B4 H6 pass
H6  : T 103.27c W  99.98c S   3.46c ( +3.9 L  +3.4) LCB  103.17c P 22.73% WF 6330.0 PSV    6266 N    1057  --  H6 H1 J1 A3 J5 B4 H5 pass
H1  : T 103.73c W  99.96c S   3.86c ( +4.0 L  +3.4) LCB  102.02c P  2.45% WF 1092.1 PSV     151 N     185  --  H1 A3 J5 B4 H6 pass H3
J7  : T 103.58c W  99.96c S   3.71c ( +4.0 L  +3.5) LCB  101.81c P  2.45% WF 1015.5 PSV     138 N     175  --  J7 A3 J1 pass J5 B4 H6
J8  : T 103.56c W  99.95c S   3.73c ( +4.0 L  +3.4) LCB  101.77c P  2.17% WF 882.5 PSV     119 N     152  --  J8 A3 J1 pass J5 pass H6 B4
B4  : T 103.31c W  99.91c S   3.50c ( +3.9 L  +3.4) LCB  101.31c P  2.44% WF 512.1 PSV     116 N      90  --  B4 A3 J1 pass J5 pass H6 pass
A1  : T 103.71c W  99.94c S   3.83c ( +4.0 L  +3.4) LCB  101.91c P  1.82% WF 995.5 PSV     111 N     178  --  A1 B4 J1 A3 J5 pass H6 pass
J6  : T 103.46c W  99.96c S   3.68c ( +4.0 L  +3.5) LCB  101.64c P  2.11% WF 932.1 PSV     110 N     159  --  J6 A3 H6 B4 J5 pass H3 pass

2024-06-26 20:27:38-0400: = H3
2024-06-26 20:27:41-0400: Controller: kata-list_time_settings
2024-06-26 20:27:41-0400: = none absolute byoyomi canadian fischer fischer-capped
2024-06-26 20:27:41-0400: Controller: play white a3
2024-06-26 20:27:41-0400: = 
2024-06-26 20:27:41-0400: Controller: genmove black
2024-06-26 20:27:42-0400: MoveNum: 70 HASH: 3376E4C3AA01C64B89D051A5AF101EF2
   A B C D E F G H J
 9 . X X X . O O X .
 8 O O O X O O X X .
 7 X O O O O1O X . .
 6 X X X X O X X . .
 5 X O O X X X X O .
 4 O . O O X O O X X
 3 O3X O O O O X X2X
 2 O O O X O O X X O
 1 . . O X X X X . @

koPOSITIONALscoreAREAtaxNONEsui1komi5.5
Time taken: 0.593
Root visits: 2409
New playouts: 769
NN rows: 194
NN batches: 20
NN avg batch size: 9.7
PV: J1 B4 J5 pass H6 pass H5 pass pass
Tree:
: T 103.31c W  99.96c S   3.48c ( +3.9 L  +3.4) N    2409  --  J1 B4 J5 pass H6 pass H5
---Black(^)---
J1  : T 103.32c W  99.97c S   3.51c ( +3.9 L  +3.4) LCB  103.20c P 30.72% WF 4327.9 PSV    6802 N     719  --  J1 B4 J5 pass H6 pass H5 pass
J5  : T 103.25c W  99.96c S   3.43c ( +3.9 L  +3.4) LCB  103.11c P 27.88% WF 3654.8 PSV    3321 N     609  --  J5 B4 J1 pass H6 pass H5 pass
H6  : T 103.23c W  99.97c S   3.42c ( +3.9 L  +3.4) LCB  103.10c P 25.87% WF 3615.5 PSV    2904 N     603  --  H6 B4 J1 pass J5 pass H5 pass
J7  : T 103.49c W  99.92c S   3.56c ( +3.9 L  +3.4) LCB  101.46c P  2.67% WF 437.0 PSV      81 N      77  --  J7 B4 J1 pass H6 pass J8
H7  : T 103.36c W  99.92c S   3.47c ( +3.9 L  +3.4) LCB  101.24c P  2.36% WF 327.4 PSV      67 N      57  --  H7 B4 J1 pass H6 pass J5 pass
A1  : T 103.58c W  99.89c S   3.67c ( +4.0 L  +3.3) LCB  101.65c P  2.02% WF 480.8 PSV      64 N      87  --  A1 B4 J1 pass H6 pass J5 pass
J8  : T 103.35c W  99.89c S   3.47c ( +3.9 L  +3.4) LCB  101.23c P  2.30% WF 409.3 PSV      64 N      72  --  J8 B4 J1 pass J5 pass H6 pass
J6  : T 103.20c W  99.98c S   3.47c ( +3.9 L  +3.5) LCB  101.26c P  2.39% WF 268.9 PSV      63 N      44  --  J6 B4 J5 pass J1 pass H6 pass
B1  : T 103.69c W  99.91c S   3.77c ( +4.0 L  +3.4) LCB  101.82c P  1.70% WF 594.4 PSV      58 N     106  --  B1 B4 J1 pass J5 pass H6 pass
B4  : T 103.34c W  99.88c S   3.30c ( +3.8 L  +3.3) LCB  100.78c P  2.04% WF 185.9 PSV      56 N      34  --  B4 pass J5 pass J1 pass H6 pass

2024-06-26 20:27:42-0400: = J1
2024-06-26 20:27:44-0400: Controller: kata-list_time_settings
2024-06-26 20:27:44-0400: = none absolute byoyomi canadian fischer fischer-capped
2024-06-26 20:27:44-0400: Controller: play white b4
2024-06-26 20:27:44-0400: = 
2024-06-26 20:27:44-0400: Controller: genmove black
2024-06-26 20:27:45-0400: MoveNum: 72 HASH: 474A94EB48803F4B8D7FA1F77DEA232C
   A B C D E F G H J
 9 . X X X . O O X .
 8 O O O X O O X X .
 7 X O O O O O X . .
 6 X X X X O X X . .
 5 X O O X X X X O @
 4 O O3O O X O O X X
 3 O1. O O O O X X X
 2 O O O X O O X X .
 1 . . O X X X X . X2

koPOSITIONALscoreAREAtaxNONEsui1komi5.5
Time taken: 0.531
Root visits: 2398
New playouts: 438
NN rows: 124
NN batches: 16
NN avg batch size: 7.75
PV: J5 pass J2 pass H6 pass J6 pass pass
Tree:
: T 103.20c W  99.90c S   3.37c ( +3.8 L  +3.4) N    2398  --  J5 pass J2 pass H6 pass J6
---Black(^)---
J5  : T 103.21c W  99.97c S   3.36c ( +3.8 L  +3.4) LCB  103.08c P 41.22% WF 4817.8 PSV    6321 N     771  --  J5 pass J2 pass H6 pass J6 pass
H6  : T 103.18c W  99.97c S   3.33c ( +3.8 L  +3.4) LCB  103.07c P 40.85% WF 5213.4 PSV    5215 N     840  --  H6 pass J9 pass J5 pass J6 pass
H7  : T 103.57c W  99.96c S   3.70c ( +3.9 L  +3.4) LCB  101.73c P  3.13% WF 775.8 PSV     134 N     133  --  H7 pass H6 pass J5 pass pass
J8  : T 103.51c W  99.97c S   3.60c ( +3.9 L  +3.4) LCB  101.66c P  3.08% WF 910.8 PSV     129 N     151  --  J8 pass H6 pass J5 pass pass
J7  : T 103.28c W  99.97c S   3.48c ( +3.8 L  +3.4) LCB  101.45c P  3.33% WF 559.7 PSV     123 N      93  --  J7 pass H6 pass J5 pass pass
A1  : T 103.52c W  99.94c S   3.68c ( +3.9 L  +3.4) LCB  101.68c P  2.63% WF 919.4 PSV     110 N     159  --  A1 pass H6 pass J5 B1 H5 pass
J6  : T 103.37c W  99.98c S   3.52c ( +3.8 L  +3.4) LCB  101.56c P  2.76% WF 643.2 PSV     107 N     106  --  J6 pass J5 pass H6 pass pass
B1  : T 103.39c W  99.94c S   3.57c ( +3.9 L  +3.4) LCB  101.56c P  2.37% WF 826.1 PSV      93 N     142  --  B1 pass J5 pass H6 pass H5 pass
H1  : T -131.78c W -99.34c S -32.44c (-29.3 L -29.3) LCB -481.89c P  0.35% WF   2.5 PSV       0 N       1  --  H1
J2  : T -131.60c W -99.27c S -32.33c (-28.9 L -29.0) LCB -481.71c P  0.18% WF   2.5 PSV       0 N       1  --  J2

2024-06-26 20:27:45-0400: = J5
2024-06-26 20:27:47-0400: Controller: kata-list_time_settings
2024-06-26 20:27:47-0400: = none absolute byoyomi canadian fischer fischer-capped
2024-06-26 20:27:47-0400: Controller: play white pass
2024-06-26 20:27:47-0400: = 
2024-06-26 20:27:47-0400: Controller: genmove black
2024-06-26 20:27:47-0400: MoveNum: 74 HASH: 20B618DC9B7543ED0FB86E442BCC2CA9
   A B C D E F G H J
 9 . X X X . O O X .
 8 O O O X O O X X .
 7 X O O O O O X . .
 6 X X X X O X X @ .
 5 X O O X X X X O X2
 4 O O1O O X O O X X
 3 O . O O O O X X X
 2 O O O X O O X X .
 1 . . O X X X X . X

koPOSITIONALscoreAREAtaxNONEsui1komi5.5
Time taken: 0.281
Root visits: 1330
New playouts: 1330
NN rows: 14
NN batches: 9
NN avg batch size: 1.55556
PV: H6 pass H5 pass pass
Tree:
: T 102.26c W  99.99c S   2.36c ( +3.7 L  +3.4) N    1330  --  H6 pass H5 pass pass
---Black(^)---
H6  : T 102.19c W  99.99c S   2.26c ( +3.6 L  +3.5) LCB  102.11c P 67.97% WF 7805.8 PSV    7812 N    1103  --  H6 pass H5 pass pass
J8  : T 102.66c W  99.97c S   2.81c ( +3.8 L  +3.5) LCB  100.35c P  4.34% WF 184.5 PSV     121 N      29  --  J8 pass H6 pass pass
H7  : T 102.73c W  99.98c S   2.90c ( +3.8 L  +3.5) LCB  100.47c P  4.06% WF 181.4 PSV     118 N      29  --  H7 pass H6 pass pass
J7  : T 102.55c W  99.99c S   2.74c ( +3.8 L  +3.5) LCB   99.64c P  4.01% WF 156.9 PSV     103 N      25  --  J7 pass H6 pass pass
H1  : T 102.98c W  99.91c S   3.20c ( +3.9 L  +3.3) LCB  100.41c P  2.78% WF 181.3 PSV     100 N      32  --  H1 pass H6 pass J6 pass pass
J2  : T 102.89c W  99.91c S   3.07c ( +3.9 L  +3.4) LCB  100.30c P  2.97% WF 163.2 PSV      98 N      28  --  J2 pass H6 pass pass
J9  : T 102.45c W  99.92c S   2.55c ( +3.7 L  +3.3) LCB  100.05c P  3.86% WF 132.4 PSV      94 N      22  --  J9 pass H6 pass J6 pass pass
A1  : T 102.61c W  99.97c S   2.87c ( +3.8 L  +3.5) LCB   99.97c P  3.32% WF 134.6 PSV      89 N      22  --  A1 pass H6 pass H5 pass pass
J6  : T 102.51c W  99.99c S   2.74c ( +3.8 L  +3.5) LCB   99.80c P  3.54% WF 129.1 PSV      89 N      20  --  J6 pass J7 pass pass
B1  : T 102.54c W  99.99c S   2.84c ( +3.8 L  +3.4) LCB   99.82c P  3.01% WF 119.4 PSV      77 N      19  --  B1 pass H6 pass H5 A1 pass pass

2024-06-26 20:27:47-0400: = H6
2024-06-26 20:27:50-0400: Controller: kata-list_time_settings
2024-06-26 20:27:50-0400: = none absolute byoyomi canadian fischer fischer-capped
2024-06-26 20:27:50-0400: Controller: play white pass
2024-06-26 20:27:50-0400: = 
2024-06-26 20:27:50-0400: Controller: genmove black
2024-06-26 20:27:50-0400: MoveNum: 76 HASH: A1A07E38DBA2A303D9C867A07ACB6084
   A B C D E F G H J
 9 . X X X . O O X .
 8 O O O X O O X X .
 7 X O O O O O X . .
 6 X X X X O X X X2.
 5 X O O X X X X @ X
 4 O O O O X O O X X
 3 O . O O O O X X X
 2 O O O X O O X X .
 1 . . O X X X X . X

koPOSITIONALscoreAREAtaxNONEsui1komi5.5
Time taken: 0.171
Root visits: 2004
New playouts: 2004
NN rows: 5
NN batches: 5
NN avg batch size: 1
PV: H5 pass pass
Tree:
: T 102.75c W  99.98c S   2.83c ( +3.6 L  +3.5) N    2004  --  H5 pass pass
---Black(^)---
H5  : T 102.82c W  99.99c S   2.90c ( +3.6 L  +3.5) LCB  102.73c P 26.32% WF 4622.1 PSV   15870 N     633  --  H5 pass pass
J6  : T 102.71c W 100.00c S   2.75c ( +3.6 L  +3.5) LCB  102.65c P 34.46% WF 4839.4 PSV    4843 N     640  --  J6 pass pass
pss : T 102.73c W 100.00c S   2.77c ( +3.6 L  +3.5) LCB  102.66c P 25.54% WF 4597.2 PSV    3789 N     615  --  pass pass
H1  : T 103.49c W  99.98c S   3.69c ( +3.9 L  +3.5) LCB   99.64c P  1.62% WF  99.9 PSV      83 N      16  --  H1 pass pass
J2  : T 103.39c W  99.98c S   3.61c ( +3.8 L  +3.5) LCB   99.39c P  1.65% WF  94.6 PSV      77 N      15  --  J2 pass J6 pass pass
J9  : T 103.24c W  99.99c S   3.41c ( +3.8 L  +3.4) LCB   98.73c P  1.77% WF  90.8 PSV      75 N      14  --  J9 pass J6 pass pass
H7  : T 103.03c W  99.99c S   3.11c ( +3.7 L  +3.5) LCB   96.89c P  2.05% WF  88.4 PSV      75 N      13  --  H7 pass pass
J7  : T 103.00c W  99.99c S   3.06c ( +3.7 L  +3.4) LCB   97.15c P  1.89% WF  87.1 PSV      68 N      13  --  J7 pass pass
J8  : T 102.96c W 100.00c S   3.04c ( +3.6 L  +3.5) LCB   95.09c P  1.84% WF  76.1 PSV      64 N      11  --  J8 pass pass
B1  : T 103.33c W  99.99c S   3.57c ( +3.8 L  +3.4) LCB   97.96c P  1.36% WF  85.2 PSV      61 N      14  --  B1 pass J6 pass

2024-06-26 20:27:50-0400: = H5
2024-06-26 20:27:53-0400: Controller: kata-list_time_settings
2024-06-26 20:27:53-0400: = none absolute byoyomi canadian fischer fischer-capped
2024-06-26 20:27:53-0400: Controller: play white pass
2024-06-26 20:27:53-0400: = 
2024-06-26 20:27:53-0400: Controller: genmove black
2024-06-26 20:27:54-0400: MoveNum: 78 HASH: B69ABA8CF6E52B522BBA3D86252D5CF8
   A B C D E F G H J
 9 . X X X . O O X .
 8 O O O X O O X X .
 7 X O O O O O X . .
 6 X X X X O X X X .
 5 X O O X X X X X2X
 4 O O O O X O O X X
 3 O . O O O O X X X
 2 O O O X O O X X .
 1 . . O X X X X . X

koPOSITIONALscoreAREAtaxNONEsui1komi5.5
Time taken: 0.141
Root visits: 951
New playouts: 951
NN rows: 6
NN batches: 5
NN avg batch size: 1.2
PV: pass pass
Tree:
: T 102.62c W  99.90c S   2.78c ( +3.6 L  +3.5) N     951  --  pass pass
---Black(^)---
pss : T 102.66c W 100.00c S   2.70c ( +3.6 L  +3.5) LCB  102.59c P 61.44% WF 5569.3 PSV    5566 N     738  --  pass pass
H1  : T 103.42c W  99.98c S   3.66c ( +3.9 L  +3.5) LCB  100.89c P  4.28% WF 211.9 PSV     154 N      33  --  H1 pass pass
J2  : T 103.35c W  99.98c S   3.68c ( +3.9 L  +3.4) LCB  100.96c P  4.01% WF 212.5 PSV     138 N      34  --  J2 pass pass
A1  : T 102.89c W  99.99c S   3.08c ( +3.7 L  +3.4) LCB  100.44c P  4.86% WF 174.6 PSV     124 N      26  --  A1 pass pass
J7  : T 102.86c W  99.99c S   2.96c ( +3.6 L  +3.4) LCB   99.68c P  4.56% WF 151.0 PSV     115 N      22  --  J7 pass pass
J9  : T 102.92c W  99.99c S   2.98c ( +3.6 L  +3.4) LCB   99.17c P  4.34% WF 132.9 PSV     113 N      19  --  J9 pass pass
B1  : T 102.89c W  99.99c S   3.09c ( +3.7 L  +3.4) LCB  100.14c P  4.25% WF 132.3 PSV     109 N      20  --  B1 pass pass
J8  : T 102.94c W  99.99c S   3.05c ( +3.7 L  +3.4) LCB   99.42c P  3.79% WF 135.2 PSV     100 N      20  --  J8 pass pass
J6  : T 102.76c W  99.99c S   2.80c ( +3.6 L  +3.5) LCB   98.84c P  4.21% WF 131.4 PSV     100 N      18  --  J6 pass pass
H7  : T 102.76c W 100.00c S   2.81c ( +3.6 L  +3.5) LCB   98.84c P  4.20% WF 131.6 PSV     100 N      18  --  H7 pass pass

2024-06-26 20:27:54-0400: = pass
2024-06-26 20:27:56-0400: Controller: quit
2024-06-26 20:27:56-0400: Quit requested by controller
2024-06-26 20:27:56-0400: = 
2024-06-26 20:27:56-0400: GPU -1 finishing, processed 49895 rows 5046 batches
2024-06-26 20:27:56-0400: All cleaned up, quitting
