2024-05-27 19:17:18-0400: Running with following config:
allowResignation = true
lagBuffer = 1.0
logAllGTPCommunication = true
logDir = gtp_logs
logSearchInfo = true
logSearchInfoForChosenMove = false
logToStderr = false
maxTimePondering = 120.0
maxVisits = 30000
numSearchThreads = 16
ogsChatToStderr = true
ponderingEnabled = true
resignConsecTurns = 3
resignThreshold = -0.90
rules = tromp-taylor
searchFactorAfterOnePass = 0.50
searchFactorAfterTwoPass = 0.25
searchFactorWhenWinning = 0.40
searchFactorWhenWinningThreshold = 0.95

2024-05-27 19:17:18-0400: GTP Engine starting...
2024-05-27 19:17:18-0400: KataGo v1.14.1
2024-05-27 19:17:18-0400: Using TrompTaylor rules initially, unless GTP/GUI overrides this
2024-05-27 19:17:18-0400: Using 16 CPU thread(s) for search
2024-05-27 19:17:18-0400: nnRandSeed0 = 4204334031519508917
2024-05-27 19:17:18-0400: After dedups: nnModelFile0 = C:\Users\chang\Downloads\KaTrain\KaTrain\katrain\models/kata1-b18c384nbt-s6582191360-d3422816034.bin.gz useFP16 auto useNHWC auto
2024-05-27 19:17:18-0400: Initializing neural net buffer to be size 19 * 19 exactly
2024-05-27 19:17:20-0400: Found OpenCL Platform 0: Intel(R) OpenCL Graphics (Intel(R) Corporation) (OpenCL 3.0 )
2024-05-27 19:17:20-0400: Found 1 device(s) on platform 0 with type CPU or GPU or Accelerator
2024-05-27 19:17:20-0400: Found OpenCL Platform 1: NVIDIA CUDA (NVIDIA Corporation) (OpenCL 3.0 CUDA 12.4.89)
2024-05-27 19:17:20-0400: Found 1 device(s) on platform 1 with type CPU or GPU or Accelerator
2024-05-27 19:17:20-0400: Found OpenCL Device 0: Intel(R) UHD Graphics (Intel(R) Corporation) (score 6000300)
2024-05-27 19:17:20-0400: Found OpenCL Device 1: NVIDIA GeForce RTX 4060 Laptop GPU (NVIDIA Corporation) (score 11000300)
2024-05-27 19:17:20-0400: Creating context for OpenCL Platform: NVIDIA CUDA (NVIDIA Corporation) (OpenCL 3.0 CUDA 12.4.89)
2024-05-27 19:17:20-0400: Using OpenCL Device 1: NVIDIA GeForce RTX 4060 Laptop GPU (NVIDIA Corporation) OpenCL 3.0 CUDA (Extensions: cl_khr_global_int32_base_atomics cl_khr_global_int32_extended_atomics cl_khr_local_int32_base_atomics cl_khr_local_int32_extended_atomics cl_khr_fp64 cl_khr_3d_image_writes cl_khr_byte_addressable_store cl_khr_icd cl_khr_gl_sharing cl_nv_compiler_options cl_nv_device_attribute_query cl_nv_pragma_unroll cl_nv_d3d10_sharing cl_khr_d3d10_sharing cl_nv_d3d11_sharing cl_nv_copy_opts cl_nv_create_buffer cl_khr_int64_base_atomics cl_khr_int64_extended_atomics cl_khr_device_uuid cl_khr_pci_bus_info cl_khr_external_semaphore cl_khr_external_memory cl_khr_external_semaphore_win32 cl_khr_external_memory_win32)
2024-05-27 19:17:20-0400: Loaded tuning parameters from: C:\Users\chang\Downloads\katago-v1.14.1-opencl-windows-x64/KataGoData/opencltuning/tune11_gpuNVIDIAGeForceRTX4060LaptopGPU_x19_y19_c384_mv14.txt
2024-05-27 19:17:20-0400: OpenCL backend thread 0: Model version 14
2024-05-27 19:17:20-0400: OpenCL backend thread 0: Model name: kata1-b18c384nbt-s6582191360-d3422816034
2024-05-27 19:17:22-0400: OpenCL backend thread 0: FP16Storage true FP16Compute false FP16TensorCores true FP16TensorCoresFor1x1 false
2024-05-27 19:17:22-0400: Loaded neural net with nnXLen 19 nnYLen 19
2024-05-27 19:17:22-0400: Initializing board with boardXSize 19 boardYSize 19
2024-05-27 19:17:22-0400: Loaded config C:/Users/chang/Downloads/katago-v1.14.1-opencl-windows-x64/default_gtp.cfg
2024-05-27 19:17:22-0400: Loaded model C:\Users\chang\Downloads\KaTrain\KaTrain\katrain\models/kata1-b18c384nbt-s6582191360-d3422816034.bin.gz
2024-05-27 19:17:22-0400: Model name: kata1-b18c384nbt-s6582191360-d3422816034
2024-05-27 19:17:22-0400: GTP ready, beginning main protocol loop
2024-05-27 19:17:22-0400: Controller: list_commands
2024-05-27 19:17:22-0400: = protocol_version
name
version
known_command
list_commands
quit
boardsize
rectangular_boardsize
clear_board
set_position
komi
get_komi
play
undo
kata-get-rules
kata-set-rule
kata-set-rules
kata-get-param
kata-set-param
kata-list-params
kgs-rules
genmove
genmove_debug
search_debug
clear_cache
showboard
fixed_handicap
place_free_handicap
set_free_handicap
time_settings
kgs-time_settings
time_left
kata-list_time_settings
kata-time_settings
final_score
final_status_list
loadsgf
printsgf
lz-genmove_analyze
kata-genmove_analyze
lz-analyze
kata-analyze
kata-raw-nn
cputime
gomill-cpu_time
kata-benchmark
kata-debug-print-tc
debug_moves
stop
2024-05-27 19:17:22-0400: Controller: boardsize 9
2024-05-27 19:17:22-0400: GPU -1 finishing, processed 0 rows 0 batches
2024-05-27 19:17:22-0400: Cleaned up old neural net and bot
2024-05-27 19:17:22-0400: nnRandSeed0 = 14518346108058003851
2024-05-27 19:17:22-0400: After dedups: nnModelFile0 = C:\Users\chang\Downloads\KaTrain\KaTrain\katrain\models/kata1-b18c384nbt-s6582191360-d3422816034.bin.gz useFP16 auto useNHWC auto
2024-05-27 19:17:22-0400: Initializing neural net buffer to be size 9 * 9 exactly
2024-05-27 19:17:24-0400: Found OpenCL Platform 0: Intel(R) OpenCL Graphics (Intel(R) Corporation) (OpenCL 3.0 )
2024-05-27 19:17:24-0400: Found 1 device(s) on platform 0 with type CPU or GPU or Accelerator
2024-05-27 19:17:24-0400: Found OpenCL Platform 1: NVIDIA CUDA (NVIDIA Corporation) (OpenCL 3.0 CUDA 12.4.89)
2024-05-27 19:17:24-0400: Found 1 device(s) on platform 1 with type CPU or GPU or Accelerator
2024-05-27 19:17:24-0400: Found OpenCL Device 0: Intel(R) UHD Graphics (Intel(R) Corporation) (score 6000300)
2024-05-27 19:17:24-0400: Found OpenCL Device 1: NVIDIA GeForce RTX 4060 Laptop GPU (NVIDIA Corporation) (score 11000300)
2024-05-27 19:17:24-0400: Creating context for OpenCL Platform: NVIDIA CUDA (NVIDIA Corporation) (OpenCL 3.0 CUDA 12.4.89)
2024-05-27 19:17:24-0400: Using OpenCL Device 1: NVIDIA GeForce RTX 4060 Laptop GPU (NVIDIA Corporation) OpenCL 3.0 CUDA (Extensions: cl_khr_global_int32_base_atomics cl_khr_global_int32_extended_atomics cl_khr_local_int32_base_atomics cl_khr_local_int32_extended_atomics cl_khr_fp64 cl_khr_3d_image_writes cl_khr_byte_addressable_store cl_khr_icd cl_khr_gl_sharing cl_nv_compiler_options cl_nv_device_attribute_query cl_nv_pragma_unroll cl_nv_d3d10_sharing cl_khr_d3d10_sharing cl_nv_d3d11_sharing cl_nv_copy_opts cl_nv_create_buffer cl_khr_int64_base_atomics cl_khr_int64_extended_atomics cl_khr_device_uuid cl_khr_pci_bus_info cl_khr_external_semaphore cl_khr_external_memory cl_khr_external_semaphore_win32 cl_khr_external_memory_win32)
2024-05-27 19:17:24-0400: Loaded tuning parameters from: C:\Users\chang\Downloads\katago-v1.14.1-opencl-windows-x64/KataGoData/opencltuning/tune11_gpuNVIDIAGeForceRTX4060LaptopGPU_x19_y19_c384_mv14.txt
2024-05-27 19:17:24-0400: OpenCL backend thread 0: Model version 14
2024-05-27 19:17:24-0400: OpenCL backend thread 0: Model name: kata1-b18c384nbt-s6582191360-d3422816034
2024-05-27 19:17:25-0400: OpenCL backend thread 0: FP16Storage true FP16Compute false FP16TensorCores true FP16TensorCoresFor1x1 false
2024-05-27 19:17:25-0400: Loaded neural net with nnXLen 9 nnYLen 9
2024-05-27 19:17:25-0400: Initializing board with boardXSize 9 boardYSize 9
2024-05-27 19:17:25-0400: = 
2024-05-27 19:17:25-0400: Controller: clear_board
2024-05-27 19:17:25-0400: = 
2024-05-27 19:17:25-0400: Controller: komi 7.5
2024-05-27 19:17:25-0400: = 
2024-05-27 19:17:25-0400: Controller: play black g5
2024-05-27 19:17:25-0400: = 
2024-05-27 19:17:25-0400: Controller: genmove white
2024-05-27 19:18:02-0400: MoveNum: 1 HASH: E88DE61907BF739F46D3DC7DEC9D01AA
   A B C D E F G H J
 9 . . . . . . . . .
 8 . . . . . . . . .
 7 . . . . . . . . .
 6 . . . . . . . . .
 5 . . . @ . . X1. .
 4 . . . . . . . . .
 3 . . . . . . . . .
 2 . . . . . . . . .
 1 . . . . . . . . .

koPOSITIONALscoreAREAtaxNONEsui1komi7.5
Time taken: 36.375
Root visits: 30015
New playouts: 30015
NN rows: 18780
NN batches: 1823
NN avg batch size: 10.3017
PV: D5 E5 D6 D4 C4 E6 E7 F7 E4 D3 C3 D2 F8 D7 E8 G7 G8 H7 B6 C2 F4 B4 G4 H5 B3
Tree:
: T  86.18c W  84.09c S   2.42c ( +2.7 L  +2.5) N   30015  --  D5 E5 D6 D4 C4 E6 E7
---White(^)---
D5  : T  86.63c W  84.45c S   2.48c ( +2.7 L  +2.5) LCB   85.90c P 42.01% WF 30689.0 PSV   30544 N   29115  --  D5 E5 D6 D4 C4 E6 E7 F7
D4  : T  74.44c W  74.78c S   0.60c ( +1.8 L  +1.1) LCB   70.36c P 14.36% WF 320.9 PSV     369 N     328  --  D4 D6 F4 G4 F3 F6 E8 D7
E5  : T  69.15c W  70.60c S   0.20c ( +1.7 L  +0.8) LCB   65.19c P 13.90% WF 207.2 PSV     251 N     208  --  E5 C5 E7 C7 C4 D4 D5 C3
C4  : T  74.65c W  76.11c S   0.42c ( +1.8 L  +0.8) LCB   67.13c P  2.81% WF  68.1 PSV      73 N      55  --  C4 D5 D4 C5 E5 E6 F6 F5
E4  : T  76.72c W  76.82c S   0.63c ( +1.9 L  +1.1) LCB   71.16c P  2.27% WF 148.0 PSV      71 N     139  --  E4 E5 D5 D4 E3 D6 C5 C6
C5  : T  75.34c W  76.95c S   0.18c ( +1.7 L  +0.9) LCB   68.42c P  2.30% WF  98.5 PSV      63 N      80  --  C5 D5 D6 C4 C6 D4 F7 F5
D3  : T  71.83c W  71.50c S   0.09c ( +1.6 L  +0.8) LCB   64.80c P  2.06% WF  39.6 PSV      43 N      32  --  D3 D6 G3 C4 E8 E7 D8
E3  : T  67.08c W  68.40c S  -0.12c ( +1.5 L  +0.7) LCB   49.83c P  0.51% WF  13.2 PSV       8 N      11  --  E3 D6 C4 C5 B4 F3 F4
F4  : T  60.86c W  64.67c S  -1.00c ( +1.1 L  +0.5) LCB   40.98c P  0.44% WF   7.7 PSV       5 N       7  --  F4 F5 D4 E4 E3
F3  : T  39.01c W  41.17c S  -2.16c ( +0.3 L  -0.2) LCB -310.99c P  0.23% WF   1.0 PSV       1 N       1  --  F3

2024-05-27 19:18:02-0400: = D5
2024-05-27 19:18:03-0400: Controller: kata-list_time_settings
2024-05-27 19:18:03-0400: = none absolute byoyomi canadian fischer fischer-capped
2024-05-27 19:18:03-0400: Controller: play black f7
2024-05-27 19:18:03-0400: = 
2024-05-27 19:18:03-0400: Controller: genmove white
2024-05-27 19:18:48-0400: MoveNum: 3 HASH: D36955538A67509095338DE2094D60FC
   A B C D E F G H J
 9 . . . . . . . . .
 8 . . . . . . . . .
 7 . . . . . X3. . .
 6 . . . . . . . . .
 5 . . . O2. . X1. .
 4 . . . . . @ . . .
 3 . . . . . . . . .
 2 . . . . . . . . .
 1 . . . . . . . . .

koPOSITIONALscoreAREAtaxNONEsui1komi7.5
Time taken: 44.75
Root visits: 30015
New playouts: 29825
NN rows: 23617
NN batches: 2177
NN avg batch size: 10.8484
PV: F4 G4 F3 D3 B5 G3 F5 F6 E6 F2 E2 G2 E3 C8 E7 E8 D7 D8 B7 B8 A8 C7 C6
Tree:
: T  92.10c W  89.50c S   2.79c ( +2.7 L  +2.1) N   30015  --  F4 G4 F3 D3 B5 G3 F5
---White(^)---
F4  : T  92.84c W  90.09c S   2.90c ( +2.8 L  +2.2) LCB   92.43c P 28.98% WF 35781.0 PSV   35304 N   26681  --  F4 G4 F3 D3 B5 G3 F5 F6
D3  : T  80.75c W  82.27c S   0.59c ( +1.7 L  +1.0) LCB   77.34c P 26.93% WF 480.0 PSV     556 N     471  --  D3 E3 E2 F2 E7 E8 F6 D2
E3  : T  86.89c W  85.23c S   2.07c ( +2.4 L  +1.6) LCB   85.57c P  9.64% WF 2701.0 PSV     397 N    2409  --  E3 B5 F6 E6 E5 F5 D6 E7
D7  : T  75.10c W  75.75c S   0.55c ( +1.7 L  +0.9) LCB   70.81c P 14.92% WF 174.9 PSV     211 N     171  --  D7 C3 F5 G4 D3 D2 E2 E3
E7  : T  60.86c W  60.89c S   0.40c ( +1.7 L  +1.2) LCB   49.81c P 14.54% WF  84.0 PSV     114 N     158  --  E7 E6 D6 D7 E8 C7 F8 E5
F6  : T  84.34c W  83.24c S   0.86c ( +1.9 L  +1.2) LCB   79.20c P  3.09% WF 129.3 PSV      90 N     105  --  F6 E6 E5 F5 D6 E7 E3 E2
C4  : T  81.18c W  80.21c S   0.20c ( +1.6 L  +0.8) LCB   64.37c P  0.44% WF   9.8 PSV       9 N       7  --  C4 E4 E7 E8
C3  : T  82.69c W  82.06c S   0.40c ( +1.7 L  +0.8) LCB   52.43c P  0.25% WF   7.1 PSV       6 N       5  --  C3 C7 G3
F5  : T  62.62c W  65.92c S  -1.02c ( +1.0 L  +0.4) LCB  -86.90c P  0.24% WF   2.3 PSV       2 N       2  --  F5 F4
F3  : T  43.28c W  45.67c S  -2.39c ( +0.3 L  -0.0) LCB -306.72c P  0.37% WF   0.9 PSV       1 N       1  --  F3

2024-05-27 19:18:48-0400: = F4
2024-05-27 19:18:50-0400: Controller: kata-list_time_settings
2024-05-27 19:18:50-0400: = none absolute byoyomi canadian fischer fischer-capped
2024-05-27 19:18:50-0400: Controller: play black g4
2024-05-27 19:18:50-0400: = 
2024-05-27 19:18:50-0400: Controller: genmove white
2024-05-27 19:18:59-0400: MoveNum: 5 HASH: 8AA70BE447F61623E251B46597E5271E
   A B C D E F G H J
 9 . . . . . . . . .
 8 . . . . . . . . .
 7 . . . . . X1. . .
 6 . . . . . . . . .
 5 . . . O . . X . .
 4 . . . . . O2X3. .
 3 . . . . . @ . . .
 2 . . . . . . . . .
 1 . . . . . . . . .

koPOSITIONALscoreAREAtaxNONEsui1komi7.5
Time taken: 8.75
Root visits: 30015
New playouts: 5712
NN rows: 4601
NN batches: 428
NN avg batch size: 10.75
PV: F3 D3 B5 F5 E4 B4 C4 C3 B3 G3 G2 H2 F2 D4 A4 D6 E5 C6 C5 B7 B6 E6 A7
Tree:
: T  91.56c W  89.93c S   1.87c ( +2.8 L  +2.2) N   30015  --  F3 D3 B5 F5 E4 B4 C4
---White(^)---
F3  : T  92.05c W  90.35c S   1.93c ( +2.8 L  +2.3) LCB   91.64c P 17.79% WF 37202.5 PSV   36874 N   27986  --  F3 D3 B5 F5 E4 B4 C4 C3
E7  : T  82.76c W  82.45c S   0.97c ( +2.4 L  +1.7) LCB   80.65c P 69.46% WF 1637.9 PSV    1910 N    1802  --  E7 C3 F6 F5 G7 E5 E6 D4
G3  : T  83.48c W  83.27c S   0.26c ( +2.0 L  +1.2) LCB   78.56c P  2.96% WF 126.7 PSV      88 N     115  --  G3 C3 C4 F3 E3 F2 F5 F6
D7  : T  63.25c W  65.84c S  -1.31c ( +1.3 L  +0.7) LCB   51.17c P  4.62% WF  44.7 PSV      41 N      52  --  D7 C3 G3 F5 D3 D2 D4
F6  : T  63.22c W  66.24c S  -2.42c ( +0.9 L  +0.6) LCB   48.73c P  3.83% WF  28.1 PSV      34 N      31  --  F6 F5 E6 G6 E7 F8 D3 C7
F5  : T  81.12c W  81.90c S  -0.31c ( +1.8 L  +0.9) LCB   71.14c P  0.37% WF  22.1 PSV       8 N      18  --  F5 F6 G3 F3 E3 F2 G6 H6
D3  : T  75.92c W  78.27c S  -2.03c ( +1.1 L  +0.6) LCB   47.19c P  0.43% WF   6.4 PSV       6 N       5  --  D3 C7 G3
C6  : T  60.15c W  62.64c S  -2.50c ( +0.7 L  +0.9) LCB -289.85c P  0.11% WF   1.2 PSV       0 N       1  --  C6
C4  : T  51.16c W  54.64c S  -3.47c ( +0.4 L  +0.7) LCB -298.84c P  0.08% WF   0.9 PSV       0 N       1  --  C4
F2  : T  57.70c W  59.93c S  -2.23c ( +0.8 L  +0.9) LCB -292.30c P  0.07% WF   1.2 PSV       0 N       1  --  F2

2024-05-27 19:18:59-0400: = F3
2024-05-27 19:19:00-0400: Controller: kata-list_time_settings
2024-05-27 19:19:00-0400: = none absolute byoyomi canadian fischer fischer-capped
2024-05-27 19:19:00-0400: Controller: play black b4
2024-05-27 19:19:00-0400: = 
2024-05-27 19:19:00-0400: Controller: genmove white
2024-05-27 19:19:35-0400: MoveNum: 7 HASH: 8AFEA3F1218FF5CB6F6FF3FDDEA27F3A
   A B C D E F G H J
 9 . . . . . . . . .
 8 . . . . . . . . .
 7 . . . . . X . . .
 6 . . @ . . . . . .
 5 . . . O . . X . .
 4 . X3. . . O X1. .
 3 . . . . . O2. . .
 2 . . . . . . . . .
 1 . . . . . . . . .

koPOSITIONALscoreAREAtaxNONEsui1komi7.5
Time taken: 34.5
Root visits: 30015
New playouts: 24592
NN rows: 18111
NN batches: 1673
NN avg batch size: 10.8255
PV: C6 C3 B5 F5 E4 E2 F2 C2 D3 D2 C4 A3 B1 B2 A5 H2 A4 B3 H3 G3 G2 E1 E8
Tree:
: T  90.01c W  89.16c S   1.86c ( +3.3 L  +2.8) N   30015  --  C6 C3 B5 F5 E4 E2 F2
---White(^)---
C6  : T  90.65c W  89.73c S   1.99c ( +3.3 L  +2.8) LCB   90.17c P  7.83% WF 30737.8 PSV   30382 N   25052  --  C6 C3 B5 F5 E4 E2 F2 C2
E7  : T  86.70c W  85.70c S   1.61c ( +3.2 L  +2.7) LCB   84.88c P 52.60% WF 3303.9 PSV    3448 N    3367  --  E7 D3 F6 F5 G6 H6 E6 E5
F6  : T  87.38c W  87.90c S  -0.27c ( +2.3 L  +1.8) LCB   84.64c P 10.50% WF 826.9 PSV     826 N     703  --  F6 F5 C3 E5 D4 D6 C6 D7
C3  : T  84.27c W  85.00c S   0.04c ( +2.4 L  +1.6) LCB   81.44c P 17.45% WF 667.7 PSV     711 N     655  --  C3 C4 D4 B3 F8 G8 E7 D3
B5  : T  80.09c W  80.17c S   0.68c ( +2.7 L  +1.9) LCB   74.72c P  6.03% WF 136.8 PSV     149 N     151  --  B5 C5 C6 C4 B6 D4 E5 E2
F8  : T  72.07c W  75.36c S  -1.02c ( +1.9 L  +1.1) LCB   60.57c P  2.22% WF  27.7 PSV      31 N      27  --  F8 E7 D7 E8 C3 C4 D4 B3
F5  : T  82.61c W  83.23c S   0.25c ( +2.5 L  +1.8) LCB   72.47c P  0.64% WF  20.7 PSV      20 N      19  --  F5 F6 C6 D3 E2 B6 B5 A5
G3  : T  84.63c W  85.25c S  -0.33c ( +2.3 L  +1.4) LCB   69.76c P  0.44% WF  22.1 PSV      19 N      17  --  G3 C6 E7 E8 F6 G7 D8
C4  : T  74.89c W  77.00c S  -2.10c ( +1.5 L  +0.6) LCB   60.76c P  0.85% WF  13.6 PSV      14 N      12  --  C4 C6 E7 C3 F6 G7
C7  : T  59.01c W  67.97c S  -1.96c ( +1.4 L  +0.8) LCB  -18.64c P  0.42% WF   3.5 PSV       3 N       3  --  C7 D3 E2

2024-05-27 19:19:35-0400: = C6
2024-05-27 19:19:36-0400: Controller: kata-list_time_settings
2024-05-27 19:19:36-0400: = none absolute byoyomi canadian fischer fischer-capped
2024-05-27 19:19:36-0400: Controller: play black b6
2024-05-27 19:19:37-0400: = 
2024-05-27 19:19:37-0400: Controller: genmove white
2024-05-27 19:20:00-0400: MoveNum: 9 HASH: 75DEBCB459A58A092EDB02B2D2666D39
   A B C D E F G H J
 9 . . . . . . . . .
 8 . . . . . . . . .
 7 . . . . . X . . .
 6 . X3O2. . . . . .
 5 . @ . O . . X . .
 4 . X1. . . O X . .
 3 . . . . . O . . .
 2 . . . . . . . . .
 1 . . . . . . . . .

koPOSITIONALscoreAREAtaxNONEsui1komi7.5
Time taken: 23.484
Root visits: 30015
New playouts: 20306
NN rows: 12300
NN batches: 1125
NN avg batch size: 10.9333
PV: B5 A5 C5 B7 G7 F8 G6 F6 F5 G8 H3 H5 C3 C4 B3 D4 D3 C7 E4 G3 G2 H2 H1 A4 A3
Tree:
: T  93.19c W  91.40c S   2.78c ( +3.6 L  +3.2) N   30015  --  B5 A5 C5 B7 G7 F8 G6
---White(^)---
B5  : T  93.78c W  92.39c S   2.49c ( +3.5 L  +3.2) LCB   93.15c P 37.50% WF 21659.3 PSV   21429 N   15477  --  B5 A5 C5 B7 G7 F8 G6 F6
F8  : T  93.21c W  90.66c S   3.36c ( +3.9 L  +3.3) LCB   92.54c P  7.37% WF 16626.1 PSV    1940 N   13184  --  F8 G7 B7 D3 D4 E3 E7 E8
C3  : T  71.02c W  76.27c S  -2.77c ( +1.3 L  +0.7) LCB   65.55c P 25.84% WF 234.4 PSV     307 N     334  --  C3 C4 D4 B3 F8 G8 C2 C7
E7  : T  89.40c W  88.99c S   1.20c ( +2.9 L  +2.0) LCB   86.45c P  4.85% WF 442.9 PSV     275 N     367  --  E7 C7 B5 A5 F6 F5 C5 B8
B7  : T  79.46c W  80.23c S  -0.30c ( +2.2 L  +1.4) LCB   74.48c P 11.31% WF 184.7 PSV     211 N     202  --  B7 C5 F6 G6 D7 C3 A6 B5
F6  : T  85.88c W  86.90c S   0.30c ( +2.5 L  +1.7) LCB   80.87c P  5.81% WF 194.5 PSV     191 N     176  --  F6 G6 B5 A5 C5 B7 C3 B3
C4  : T  82.93c W  85.03c S  -0.60c ( +2.1 L  +1.5) LCB   75.08c P  3.61% WF  82.8 PSV      88 N      78  --  C4 C3 D3 B5 C2 C7 D7 C5
F5  : T  88.20c W  87.15c S   1.57c ( +3.1 L  +2.3) LCB   82.78c P  1.82% WF 152.9 PSV      83 N     140  --  F5 F6 B5 A5 C5 B7 C8 C3
G3  : T  89.19c W  89.89c S  -0.02c ( +2.3 L  +1.3) LCB   84.11c P  0.59% WF  34.7 PSV      32 N      25  --  G3 C3 B7 C5 A6 B5
G7  : T  85.42c W  86.21c S   0.70c ( +2.7 L  +1.6) LCB   70.12c P  0.50% WF  14.8 PSV      15 N      12  --  G7 F6 C3 C4 D4 B3 C2

2024-05-27 19:20:00-0400: = B5
2024-05-27 19:20:02-0400: Controller: kata-list_time_settings
2024-05-27 19:20:02-0400: = none absolute byoyomi canadian fischer fischer-capped
2024-05-27 19:20:02-0400: Controller: play black a5
2024-05-27 19:20:02-0400: = 
2024-05-27 19:20:02-0400: Controller: genmove white
2024-05-27 19:20:14-0400: MoveNum: 11 HASH: 9C37755DF8EA8A1308A5302BF81548ED
   A B C D E F G H J
 9 . . . . . . . . .
 8 . . . . . . . . .
 7 . . . . . X . . .
 6 . X1O . . . . . .
 5 X3O2@ O . . X . .
 4 . X . . . O X . .
 3 . . . . . O . . .
 2 . . . . . . . . .
 1 . . . . . . . . .

koPOSITIONALscoreAREAtaxNONEsui1komi7.5
Time taken: 12.219
Root visits: 30014
New playouts: 13083
NN rows: 6508
NN batches: 572
NN avg batch size: 11.3776
PV: C5 D3 F5 G6 B7 E2 C4 B3 C3 C2 B2 A2 B1 C1 E8 F8 F2 A1 E7 E9
Tree:
: T  94.08c W  92.50c S   2.48c ( +3.6 L  +3.3) N   30014  --  C5 D3 F5 G6 B7 E2 C4
---White(^)---
C5  : T  94.14c W  92.55c S   2.49c ( +3.6 L  +3.3) LCB   93.70c P 88.42% WF 40772.1 PSV   40752 N   29774  --  C5 D3 F5 G6 B7 E2 C4 B3
F5  : T  87.75c W  86.88c S   1.42c ( +3.1 L  +2.3) LCB   83.29c P  3.72% WF 140.6 PSV     146 N     132  --  F5 F6 C5 B7 C8 C3 E8 E2
F6  : T  79.03c W  82.42c S  -0.32c ( +2.3 L  +1.5) LCB   70.83c P  3.68% WF  58.0 PSV      64 N      61  --  F6 F5 C5 C3 B7 E2 F2 E5
B7  : T  63.02c W  67.62c S  -1.57c ( +1.7 L  +1.0) LCB   48.18c P  1.57% WF  12.1 PSV      13 N      19  --  B7 C5 C4 B5 C3 D6 C7 D7
G6  : T  76.24c W  80.64c S  -0.02c ( +2.4 L  +1.5) LCB   46.99c P  0.66% WF   8.2 PSV       9 N       9  --  G6 F6 F5 H6 C5 B7 C7 C3
C4  : T  72.86c W  77.81c S  -1.70c ( +1.7 L  +0.9) LCB   34.27c P  0.68% WF   7.1 PSV       8 N       7  --  C4 C7 C5 B8 F6
C3  : T  77.74c W  77.75c S  -1.67c ( +1.7 L  +0.9) LCB   45.17c P  0.34% WF   5.2 PSV       5 N       5  --  C3 C4 C5
G7  : T  30.38c W  60.09c S  -1.82c ( +1.5 L  +0.4) LCB -123.36c P  0.48% WF   3.3 PSV       2 N       4  --  G7 C5 G6
F8  : T  52.22c W  54.80c S  -2.58c ( +1.1 L  +0.7) LCB -297.78c P  0.26% WF   0.8 PSV       1 N       1  --  F8
E7  : T  56.83c W  59.40c S  -2.57c ( +1.2 L  +0.8) LCB -293.17c P  0.08% WF   0.9 PSV       0 N       1  --  E7

2024-05-27 19:20:14-0400: = C5
2024-05-27 19:20:16-0400: Controller: kata-list_time_settings
2024-05-27 19:20:16-0400: = none absolute byoyomi canadian fischer fischer-capped
2024-05-27 19:20:16-0400: Controller: play black b7
2024-05-27 19:20:16-0400: = 
2024-05-27 19:20:16-0400: Controller: genmove white
2024-05-27 19:20:20-0400: MoveNum: 13 HASH: 1851E4089121FC34F3BEDF44B38480CB
   A B C D E F G H J
 9 . . . . . . . . .
 8 . . . . . . . . .
 7 . X3. . . X @ . .
 6 . X O . . . . . .
 5 X1O O2O . . X . .
 4 . X . . . O X . .
 3 . . . . . O . . .
 2 . . . . . . . . .
 1 . . . . . . . . .

koPOSITIONALscoreAREAtaxNONEsui1komi7.5
Time taken: 4.25
Root visits: 30015
New playouts: 6372
NN rows: 2257
NN batches: 203
NN avg batch size: 11.1182
PV: G7 F8 G6 F6 F5 G8 C3 B3 H3 H5 B2 C4 D3 C7 A4 G3 G2 A3 A2 H2 J2 H1 G1 A6 D4
Tree:
: T  94.25c W  92.17c S   2.81c ( +3.7 L  +3.5) N   30015  --  G7 F8 G6 F6 F5 G8 C3
---White(^)---
G7  : T  94.78c W  92.58c S   2.91c ( +3.8 L  +3.6) LCB   94.32c P  5.55% WF 38905.3 PSV   38602 N   28249  --  G7 F8 G6 F6 F5 G8 C3 B3
C7  : T  75.36c W  77.75c S  -1.01c ( +2.0 L  +1.4) LCB   72.38c P 47.52% WF 511.4 PSV     684 N     732  --  C7 C3 B8 E2 F2 D3 E3 D1
F5  : T  84.04c W  83.88c S   1.17c ( +3.0 L  +2.3) LCB   80.05c P 14.71% WF 338.2 PSV     382 N     372  --  F5 F6 C8 C3 E8 E2 G8 F8
F6  : T  83.63c W  85.18c S  -0.15c ( +2.4 L  +1.7) LCB   78.86c P 12.35% WF 272.5 PSV     309 N     288  --  F6 G6 C3 B3 C8 C2 D3 E8
C8  : T  83.27c W  82.47c S   1.69c ( +3.3 L  +2.4) LCB   77.52c P  8.92% WF 204.6 PSV     216 N     228  --  C8 C3 F5 F6 E8 E2 G8 F8
C3  : T  74.52c W  80.73c S  -1.96c ( +1.6 L  +1.0) LCB   61.73c P  3.14% WF  36.9 PSV      43 N      47  --  C3 C7 F6 E6 F5 G6 G7 E7
F8  : T  84.46c W  84.55c S   1.05c ( +2.9 L  +2.1) LCB   78.24c P  1.22% WF  30.9 PSV      32 N      31  --  F8 G7 C7 C3 B8 E2 F2 D3
E7  : T  61.67c W  66.16c S  -1.84c ( +1.5 L  +0.8) LCB   48.54c P  2.44% WF  16.2 PSV      20 N      22  --  E7 C3 F8 G7 C7 B8 G8 G3
A6  : T  76.71c W  79.23c S  -0.05c ( +2.4 L  +1.5) LCB   62.56c P  1.22% WF  17.2 PSV      18 N      17  --  A6 A7 C8 C3 D3 D2
G6  : T  43.85c W  58.46c S  -1.56c ( +1.6 L  +1.1) LCB    0.72c P  1.70% WF   7.3 PSV       9 N      13  --  G6 F6 F5 H6 C7 C3 B8 E2

2024-05-27 19:20:20-0400: = G7
2024-05-27 19:20:22-0400: Controller: kata-list_time_settings
2024-05-27 19:20:22-0400: = none absolute byoyomi canadian fischer fischer-capped
2024-05-27 19:20:22-0400: Controller: play black f8
2024-05-27 19:20:22-0400: = 
2024-05-27 19:20:22-0400: Controller: genmove white
2024-05-27 19:20:33-0400: MoveNum: 15 HASH: 5D6278229674946F88D2310585089EE7
   A B C D E F G H J
 9 . . . . . . . . .
 8 . . . . . X3. . .
 7 . X1. . . X O2. .
 6 . X O . . . @ . .
 5 X O O O . . X . .
 4 . X . . . O X . .
 3 . . . . . O . . .
 2 . . . . . . . . .
 1 . . . . . . . . .

koPOSITIONALscoreAREAtaxNONEsui1komi7.5
Time taken: 11.328
Root visits: 30015
New playouts: 17583
NN rows: 5812
NN batches: 577
NN avg batch size: 10.0728
PV: G6 F6 F5 G8 H3 H5 C3 C4 B3 D4 D3 G3 E4 C7 D7 D8 G2 H2 H1 A4 A3 A6 J2 H7 E5
Tree:
: T  95.03c W  94.46c S   1.62c ( +2.8 L  +2.8) N   30015  --  G6 F6 F5 G8 H3 H5 C3
---White(^)---
G6  : T  95.29c W  94.75c S   1.57c ( +2.7 L  +2.8) LCB   94.82c P 48.68% WF 49109.0 PSV   48961 N   28929  --  G6 F6 F5 G8 H3 H5 C3 C4
C8  : T  85.58c W  80.06c S   5.46c ( +5.4 L  +4.9) LCB   80.85c P 12.55% WF 371.1 PSV     415 N     524  --  C8 C3 G6 F6 F5 G8 H5 H4
C7  : T  57.50c W  60.94c S  -1.34c ( +1.5 L  +1.0) LCB   50.09c P 20.33% WF 116.4 PSV     177 N     247  --  C7 C3 G6 F6 F5 G8 B8 E2
F5  : T  85.30c W  79.71c S   5.40c ( +5.3 L  +5.0) LCB   72.78c P  3.01% WF  89.1 PSV      96 N     118  --  F5 G6 C8 C3 D2 D3 E2 C7
F6  : T  61.60c W  60.97c S   2.26c ( +3.3 L  +2.9) LCB   42.84c P  8.94% WF  63.7 PSV      87 N     120  --  F6 G6 C8 C3 F5 E2 H8 G8
A6  : T  82.91c W  83.15c S   2.50c ( +3.4 L  +2.5) LCB   71.10c P  0.86% WF  20.3 PSV      22 N      22  --  A6 A7 G6 F6 F5 G8 B3 C4
G3  : T  32.94c W  47.25c S  -3.94c ( +0.5 L  +0.3) LCB   -6.76c P  2.61% WF   9.4 PSV      13 N      21  --  G3 F5 C3 C7 D7 D8 B3 H3
C3  : T  50.26c W  57.91c S  -3.71c ( +0.6 L  +0.3) LCB   18.00c P  1.57% WF   8.4 PSV      11 N      15  --  C3 C7 G3 F5 D7 D8 B3 H3
E8  : T  64.23c W  66.16c S  -0.04c ( +2.0 L  +1.1) LCB   38.16c P  0.56% WF   6.0 PSV       5 N       8  --  E8 C3 G6 F6 F5
D8  : T  40.11c W  43.95c S  -0.87c ( +1.5 L  +0.7) LCB   -7.77c P  0.46% WF   2.1 PSV       2 N       4  --  D8 C3 G6 F6

2024-05-27 19:20:33-0400: = G6
2024-05-27 19:20:36-0400: Controller: quit
2024-05-27 19:20:36-0400: Quit requested by controller
2024-05-27 19:20:36-0400: = 
2024-05-27 19:20:36-0400: GPU -1 finishing, processed 100684 rows 9407 batches
2024-05-27 19:20:36-0400: All cleaned up, quitting
