2024-07-28 19:22:07-0400: Running with following config:
allowRectangleProb = 0.10
bSizeRelProbs = 1,4,3,10,7,9,35, 1,2,4,6,8,10
bSizes = 7,9,11,13,15,17,19,  8,10,12,14,16,18
cheapSearchProb = 0.75
cheapSearchTargetWeight = 0.0
cheapSearchVisits = 100
chosenMovePrune = 1
chosenMoveSubtract = 0
chosenMoveTemperature = 0.15
chosenMoveTemperatureEarly = 0.75
chosenMoveTemperatureHalflife = 19
compensateAfterPolicyInitProb = 0.2
cpuctExploration = 1.1
cpuctExplorationLog = 0.0
cudaUseFP16 = auto
cudaUseNHWC = auto
dataBoardLen = 19
drawEquivalentWinsForWhite = 0.5
drawRandRadius = 0.5
dynamicScoreCenterScale = 0.50
dynamicScoreCenterZeroWeight = 0.25
dynamicScoreUtilityFactor = 0.40
earlyForkGameExpectedMoveProp = 0.025
earlyForkGameMaxChoices = 12
earlyForkGameProb = 0.04
estimateLeadProb = 0.05
fancyKomiVarying = true
firstFileRandMinProp = 0.15
forkCompensateKomiProb = 0.80
forkGameMaxChoices = 36
forkGameMinChoices = 3
forkGameProb = 0.01
fpuParentWeightByVisitedPolicy = true
fpuParentWeightByVisitedPolicyPow = 2.0
fpuReductionMax = 0.2
handicapAsymmetricPlayoutProb = 0.5
handicapCompensateKomiProb = 0.50
handicapProb = 0.10
hasButtons = false,false,true
initGamesWithPolicy = true
koRules = SIMPLE,POSITIONAL,SITUATIONAL
komiAuto = True
komiBigStdev = 12.0
komiBigStdevProb = 0.06
komiStdev = 1.0
lcbStdevs = 5.0
logGamesEvery = 10
logMoves = false
logSearchInfo = false
logToStdout = true
maxAsymmetricRatio = 8.0
maxDataQueueSize = 2000
maxMovesPerGame = 1600
maxRowsPerTrainFile = 10000
maxVisits = 100
minAsymmetricCompensateKomiProb = 0.4
minVisitPropForLCB = 0.15
multiStoneSuicideLegals = false,true
nnCacheSizePowerOfTwo = 21
nnMaxBatchSize = 128
nnMutexPoolSizePowerOfTwo = 15
nnRandomize = true
noResultStdev = 0.166666666
noResultUtilityForWhite = 0.0
normalAsymmetricPlayoutProb = 0.01
numGameThreads = 10
numNNServerThreadsPerModel = 1
numSearchThreads = 1
numVirtualLossesPerThread = 1
policyInitAreaProp = 0.04
policySurpriseDataWeight = 0.5
reduceVisits = true
reduceVisitsThreshold = 0.9
reduceVisitsThresholdLookback = 3
reducedVisitsMin = 100
reducedVisitsWeight = 0.1
rootDesiredPerChildVisitsCoeff = 2
rootDirichletNoiseTotalConcentration = 10.83
rootDirichletNoiseWeight = 0.25
rootEndingBonusPoints = 0.5
rootFpuReductionMax = 0.0
rootNoiseEnabled = true
rootNumSymmetriesToSample = 4
rootPolicyTemperature = 1.1
rootPolicyTemperatureEarly = 1.25
rootPruneUselessMoves = true
scoringRules = AREA,TERRITORY
sekiForkHackProb = 0.02
sgfCompensateKomiProb = 0.90
sidePositionProb = 0.020
staticScoreUtilityFactor = 0.00
subtreeValueBiasFactor = 0.30
subtreeValueBiasWeightExponent = 0.8
switchNetsMidGame = true
taxRules = NONE,NONE,SEKI,SEKI,ALL
useGraphSearch = true
useLcbForSelection = true
useNonBuggyLcb = true
valueSurpriseDataWeight = 0.1
valueWeightExponent = 0.5
winLossUtilityFactor = 1.0

2024-07-28 19:22:07-0400: Self Play Engine starting...
2024-07-28 19:22:07-0400: Git revision: 7939e2c3eb43df04e08de8c166889c6d5e937bfa
2024-07-28 19:22:07-0400: Loaded all config stuff, starting self play
2024-07-28 19:22:07-0400: Found new neural net random
2024-07-28 19:22:07-0400: nnRandSeed0 = 3655703286347078344
2024-07-28 19:22:07-0400: After dedups: nnModelFile0 = /dev/null useFP16 auto useNHWC auto
2024-07-28 19:22:07-0400: Initializing neural net buffer to be size 19 * 19 allowing smaller boards
2024-07-28 19:22:07-0400: Loaded latest neural net random from: /dev/null
2024-07-28 19:22:07-0400: Model loading loop thread loaded new neural net random
2024-07-28 19:22:07-0400: Data write loop starting for neural net: random
2024-07-28 19:22:08-0400: Model loading loop thread starting
2024-07-28 19:22:08-0400: Game loop thread 0 starting game on new neural net: random
2024-07-28 19:22:08-0400: Game loop thread 3 starting game on new neural net: random
2024-07-28 19:22:08-0400: Game loop thread 4 starting game on new neural net: random
2024-07-28 19:22:08-0400: Game loop thread 7 starting game on new neural net: random
2024-07-28 19:22:08-0400: Game loop thread 9 starting game on new neural net: random
2024-07-28 19:22:08-0400: Game loop thread 8 starting game on new neural net: random
2024-07-28 19:22:08-0400: Game loop thread 5 starting game on new neural net: random
2024-07-28 19:22:08-0400: Game loop thread 6 starting game on new neural net: random
2024-07-28 19:22:08-0400: Game loop thread 2 starting game on new neural net: random
2024-07-28 19:22:08-0400: Game loop thread 1 starting game on new neural net: random
2024-07-28 19:22:08-0400: Started 10 games with random
2024-07-28 19:22:15-0400: Started 20 games with random
2024-07-28 19:22:44-0400: Started 30 games with random
2024-07-28 19:23:16-0400: Started 40 games with random
2024-07-28 19:23:28-0400: Found new neural net kata1-b18c384nbt-s9937771520-d4300882049.bin.gz
2024-07-28 19:23:28-0400: nnRandSeed0 = 10166003137069599360
2024-07-28 19:23:28-0400: After dedups: nnModelFile0 = C:\Users\chang\OneDrive\Documents\GitHub\Kata_speed\Training\models\kata1-b18c384nbt-s9937771520-d4300882049.bin.gz useFP16 auto useNHWC auto
2024-07-28 19:23:28-0400: Initializing neural net buffer to be size 19 * 19 allowing smaller boards
2024-07-28 19:23:33-0400: Cuda backend thread 0: Found GPU NVIDIA GeForce RTX 4060 Laptop GPU memory 8585216000 compute capability major 8 minor 9
2024-07-28 19:23:33-0400: Cuda backend thread 0: Model version 14 useFP16 = true useNHWC = true
2024-07-28 19:23:33-0400: Cuda backend thread 0: Model name: kata1-b18c384nbt-s9937771520-d4300882049
2024-07-28 19:23:36-0400: Started 50 games with random
2024-07-28 19:23:42-0400: Loaded latest neural net kata1-b18c384nbt-s9937771520-d4300882049.bin.gz from: C:\Users\chang\OneDrive\Documents\GitHub\Kata_speed\Training\models\kata1-b18c384nbt-s9937771520-d4300882049.bin.gz
2024-07-28 19:23:42-0400: Model loading loop thread loaded new neural net kata1-b18c384nbt-s9937771520-d4300882049.bin.gz
2024-07-28 19:23:42-0400: Data write loop starting for neural net: kata1-b18c384nbt-s9937771520-d4300882049.bin.gz
2024-07-28 19:23:42-0400: Game loop thread 6 changing midgame to new neural net: kata1-b18c384nbt-s9937771520-d4300882049.bin.gz
2024-07-28 19:23:42-0400: Game loop thread 1 changing midgame to new neural net: kata1-b18c384nbt-s9937771520-d4300882049.bin.gz
2024-07-28 19:23:42-0400: Game loop thread 3 changing midgame to new neural net: kata1-b18c384nbt-s9937771520-d4300882049.bin.gz
2024-07-28 19:23:42-0400: Game loop thread 0 changing midgame to new neural net: kata1-b18c384nbt-s9937771520-d4300882049.bin.gz
2024-07-28 19:23:42-0400: Game loop thread 7 changing midgame to new neural net: kata1-b18c384nbt-s9937771520-d4300882049.bin.gz
2024-07-28 19:23:42-0400: Game loop thread 2 changing midgame to new neural net: kata1-b18c384nbt-s9937771520-d4300882049.bin.gz
2024-07-28 19:23:42-0400: Game loop thread 4 changing midgame to new neural net: kata1-b18c384nbt-s9937771520-d4300882049.bin.gz
2024-07-28 19:23:42-0400: Game loop thread 5 changing midgame to new neural net: kata1-b18c384nbt-s9937771520-d4300882049.bin.gz
2024-07-28 19:23:42-0400: Game loop thread 9 changing midgame to new neural net: kata1-b18c384nbt-s9937771520-d4300882049.bin.gz
2024-07-28 19:23:42-0400: Game loop thread 8 changing midgame to new neural net: kata1-b18c384nbt-s9937771520-d4300882049.bin.gz
2024-07-28 19:23:46-0400: Data write loop finishing for neural net: random
2024-07-28 19:23:46-0400: Final cleanup of net: /dev/null
2024-07-28 19:23:46-0400: Final NN rows: 0
2024-07-28 19:23:46-0400: Final NN batches: 0
2024-07-28 19:23:46-0400: Final NN avg batch size: -nan(ind)
2024-07-28 19:23:46-0400: GPU -1 finishing, processed 0 rows 0 batches
2024-07-28 19:23:46-0400: Data write loop cleaned up and terminating for random
2024-07-28 19:24:02-0400: Found new neural net kata1-b28c512nbt-s7168446720-d4316919285.bin.gz
2024-07-28 19:24:02-0400: nnRandSeed0 = 15277354632769104705
2024-07-28 19:24:02-0400: After dedups: nnModelFile0 = C:\Users\chang\OneDrive\Documents\GitHub\Kata_speed\Training\models\kata1-b28c512nbt-s7168446720-d4316919285.bin.gz useFP16 auto useNHWC auto
2024-07-28 19:24:02-0400: Initializing neural net buffer to be size 19 * 19 allowing smaller boards
2024-07-28 19:24:06-0400: Cuda backend thread 0: Found GPU NVIDIA GeForce RTX 4060 Laptop GPU memory 8585216000 compute capability major 8 minor 9
2024-07-28 19:24:06-0400: Cuda backend thread 0: Model version 15 useFP16 = true useNHWC = true
2024-07-28 19:24:06-0400: Cuda backend thread 0: Model name: kata1-b28c512nbt-s7168446720-d4316919285
2024-07-28 19:24:10-0400: Loaded latest neural net kata1-b28c512nbt-s7168446720-d4316919285.bin.gz from: C:\Users\chang\OneDrive\Documents\GitHub\Kata_speed\Training\models\kata1-b28c512nbt-s7168446720-d4316919285.bin.gz
2024-07-28 19:24:10-0400: Model loading loop thread loaded new neural net kata1-b28c512nbt-s7168446720-d4316919285.bin.gz
2024-07-28 19:24:10-0400: Data write loop starting for neural net: kata1-b28c512nbt-s7168446720-d4316919285.bin.gz
2024-07-28 19:24:11-0400: Game loop thread 1 changing midgame to new neural net: kata1-b28c512nbt-s7168446720-d4316919285.bin.gz
2024-07-28 19:24:11-0400: Game loop thread 0 changing midgame to new neural net: kata1-b28c512nbt-s7168446720-d4316919285.bin.gz
2024-07-28 19:24:11-0400: Game loop thread 7 starting game on new neural net: kata1-b28c512nbt-s7168446720-d4316919285.bin.gz
2024-07-28 19:24:13-0400: Game loop thread 8 changing midgame to new neural net: kata1-b28c512nbt-s7168446720-d4316919285.bin.gz
2024-07-28 19:24:14-0400: Game loop thread 9 changing midgame to new neural net: kata1-b28c512nbt-s7168446720-d4316919285.bin.gz
2024-07-28 19:24:14-0400: Game loop thread 6 changing midgame to new neural net: kata1-b28c512nbt-s7168446720-d4316919285.bin.gz
2024-07-28 19:24:16-0400: Game loop thread 3 changing midgame to new neural net: kata1-b28c512nbt-s7168446720-d4316919285.bin.gz
2024-07-28 19:24:19-0400: Game loop thread 4 changing midgame to new neural net: kata1-b28c512nbt-s7168446720-d4316919285.bin.gz
2024-07-28 19:24:27-0400: Game loop thread 5 changing midgame to new neural net: kata1-b28c512nbt-s7168446720-d4316919285.bin.gz
2024-07-28 19:24:47-0400: Game loop thread 2 changing midgame to new neural net: kata1-b28c512nbt-s7168446720-d4316919285.bin.gz
2024-07-28 19:24:47-0400: Data write loop finishing for neural net: kata1-b18c384nbt-s9937771520-d4300882049.bin.gz
2024-07-28 19:24:47-0400: Final cleanup of net: C:\Users\chang\OneDrive\Documents\GitHub\Kata_speed\Training\models\kata1-b18c384nbt-s9937771520-d4300882049.bin.gz
2024-07-28 19:24:47-0400: Final NN rows: 22512
2024-07-28 19:24:47-0400: Final NN batches: 5454
2024-07-28 19:24:47-0400: Final NN avg batch size: 4.12761
2024-07-28 19:24:47-0400: GPU -1 finishing, processed 22512 rows 5454 batches
2024-07-28 19:24:47-0400: Data write loop cleaned up and terminating for kata1-b18c384nbt-s9937771520-d4300882049.bin.gz
