[2024-10-12 14:42:22Z INFO HostContext] No proxy settings were found based on environmental variables (http_proxy/https_proxy/HTTP_PROXY/HTTPS_PROXY)
[2024-10-12 14:42:22Z INFO HostContext] Well known directory 'Bin': 'C:\Users\chang\OneDrive\Documents\GitHub\Kata_speed\actions-runner\bin'
[2024-10-12 14:42:22Z INFO HostContext] Well known directory 'Root': 'C:\Users\chang\OneDrive\Documents\GitHub\Kata_speed\actions-runner'
[2024-10-12 14:42:22Z INFO HostContext] Well known config file 'Credentials': 'C:\Users\chang\OneDrive\Documents\GitHub\Kata_speed\actions-runner\.credentials'
[2024-10-12 14:42:22Z INFO HostContext] Well known directory 'Bin': 'C:\Users\chang\OneDrive\Documents\GitHub\Kata_speed\actions-runner\bin'
[2024-10-12 14:42:22Z INFO HostContext] Well known directory 'Root': 'C:\Users\chang\OneDrive\Documents\GitHub\Kata_speed\actions-runner'
[2024-10-12 14:42:22Z INFO HostContext] Well known config file 'Runner': 'C:\Users\chang\OneDrive\Documents\GitHub\Kata_speed\actions-runner\.runner'
[2024-10-12 14:42:22Z INFO Listener] Runner is built for Windows (X64) - win-x64.
[2024-10-12 14:42:22Z INFO Listener] RuntimeInformation: Microsoft Windows 10.0.22631.
[2024-10-12 14:42:22Z INFO Listener] Version: 2.320.0
[2024-10-12 14:42:22Z INFO Listener] Commit: 78f21670b4a58aff19b5189207f54eb2bee324d1
[2024-10-12 14:42:22Z INFO Listener] Culture: zh-CN
[2024-10-12 14:42:22Z INFO Listener] UI Culture: zh-CN
[2024-10-12 14:42:22Z INFO HostContext] Well known directory 'Bin': 'C:\Users\chang\OneDrive\Documents\GitHub\Kata_speed\actions-runner\bin'
[2024-10-12 14:42:22Z INFO HostContext] Well known directory 'Root': 'C:\Users\chang\OneDrive\Documents\GitHub\Kata_speed\actions-runner'
[2024-10-12 14:42:22Z INFO Listener] Validating directory permissions for: 'C:\Users\chang\OneDrive\Documents\GitHub\Kata_speed\actions-runner'
[2024-10-12 14:42:22Z INFO CommandLineParser] Parse
[2024-10-12 14:42:22Z INFO CommandLineParser] Parsing 1 args
[2024-10-12 14:42:22Z INFO CommandLineParser] parsing argument
[2024-10-12 14:42:22Z INFO CommandLineParser] HasArgs: False
[2024-10-12 14:42:22Z INFO CommandLineParser] Adding Command: run
[2024-10-12 14:42:22Z INFO Listener] Arguments parsed
[2024-10-12 14:42:22Z INFO Runner] ExecuteCommand
[2024-10-12 14:42:22Z INFO ConfigurationStore] currentAssemblyLocation: C:\Users\chang\OneDrive\Documents\GitHub\Kata_speed\actions-runner\bin\Runner.Listener.dll
[2024-10-12 14:42:22Z INFO HostContext] Well known directory 'Bin': 'C:\Users\chang\OneDrive\Documents\GitHub\Kata_speed\actions-runner\bin'
[2024-10-12 14:42:22Z INFO ConfigurationStore] binPath: C:\Users\chang\OneDrive\Documents\GitHub\Kata_speed\actions-runner\bin
[2024-10-12 14:42:22Z INFO HostContext] Well known directory 'Bin': 'C:\Users\chang\OneDrive\Documents\GitHub\Kata_speed\actions-runner\bin'
[2024-10-12 14:42:22Z INFO HostContext] Well known directory 'Root': 'C:\Users\chang\OneDrive\Documents\GitHub\Kata_speed\actions-runner'
[2024-10-12 14:42:22Z INFO ConfigurationStore] RootFolder: C:\Users\chang\OneDrive\Documents\GitHub\Kata_speed\actions-runner
[2024-10-12 14:42:22Z INFO HostContext] Well known directory 'Bin': 'C:\Users\chang\OneDrive\Documents\GitHub\Kata_speed\actions-runner\bin'
[2024-10-12 14:42:22Z INFO HostContext] Well known directory 'Root': 'C:\Users\chang\OneDrive\Documents\GitHub\Kata_speed\actions-runner'
[2024-10-12 14:42:22Z INFO HostContext] Well known config file 'Runner': 'C:\Users\chang\OneDrive\Documents\GitHub\Kata_speed\actions-runner\.runner'
[2024-10-12 14:42:22Z INFO ConfigurationStore] ConfigFilePath: C:\Users\chang\OneDrive\Documents\GitHub\Kata_speed\actions-runner\.runner
[2024-10-12 14:42:22Z INFO HostContext] Well known directory 'Bin': 'C:\Users\chang\OneDrive\Documents\GitHub\Kata_speed\actions-runner\bin'
[2024-10-12 14:42:22Z INFO HostContext] Well known directory 'Root': 'C:\Users\chang\OneDrive\Documents\GitHub\Kata_speed\actions-runner'
[2024-10-12 14:42:22Z INFO HostContext] Well known config file 'Credentials': 'C:\Users\chang\OneDrive\Documents\GitHub\Kata_speed\actions-runner\.credentials'
[2024-10-12 14:42:22Z INFO ConfigurationStore] CredFilePath: C:\Users\chang\OneDrive\Documents\GitHub\Kata_speed\actions-runner\.credentials
[2024-10-12 14:42:22Z INFO HostContext] Well known directory 'Bin': 'C:\Users\chang\OneDrive\Documents\GitHub\Kata_speed\actions-runner\bin'
[2024-10-12 14:42:22Z INFO HostContext] Well known directory 'Root': 'C:\Users\chang\OneDrive\Documents\GitHub\Kata_speed\actions-runner'
[2024-10-12 14:42:22Z INFO HostContext] Well known config file 'MigratedCredentials': 'C:\Users\chang\OneDrive\Documents\GitHub\Kata_speed\actions-runner\.credentials_migrated'
[2024-10-12 14:42:22Z INFO ConfigurationStore] MigratedCredFilePath: C:\Users\chang\OneDrive\Documents\GitHub\Kata_speed\actions-runner\.credentials_migrated
[2024-10-12 14:42:22Z INFO HostContext] Well known directory 'Bin': 'C:\Users\chang\OneDrive\Documents\GitHub\Kata_speed\actions-runner\bin'
[2024-10-12 14:42:22Z INFO HostContext] Well known directory 'Root': 'C:\Users\chang\OneDrive\Documents\GitHub\Kata_speed\actions-runner'
[2024-10-12 14:42:22Z INFO HostContext] Well known config file 'Service': 'C:\Users\chang\OneDrive\Documents\GitHub\Kata_speed\actions-runner\.service'
[2024-10-12 14:42:22Z INFO ConfigurationStore] ServiceConfigFilePath: C:\Users\chang\OneDrive\Documents\GitHub\Kata_speed\actions-runner\.service
[2024-10-12 14:42:22Z INFO CommandSettings] Flag 'help': 'False'
[2024-10-12 14:42:22Z INFO CommandSettings] Flag 'version': 'False'
[2024-10-12 14:42:22Z INFO CommandSettings] Flag 'commit': 'False'
[2024-10-12 14:42:22Z INFO CommandSettings] Flag 'check': 'False'
[2024-10-12 14:42:22Z INFO CommandSettings] Command 'configure': 'False'
[2024-10-12 14:42:22Z INFO CommandSettings] Command 'remove': 'False'
[2024-10-12 14:42:22Z INFO CommandSettings] Command 'warmup': 'False'
[2024-10-12 14:42:22Z INFO ConfigurationManager] LoadSettings
[2024-10-12 14:42:22Z INFO ConfigurationStore] IsConfigured()
[2024-10-12 14:42:22Z INFO ConfigurationStore] IsConfigured: True
[2024-10-12 14:42:22Z INFO ConfigurationManager] Is configured: True
[2024-10-12 14:42:22Z INFO ConfigurationStore] Read setting file: 314 chars
[2024-10-12 14:42:22Z INFO ConfigurationManager] Settings Loaded
[2024-10-12 14:42:22Z INFO ConfigurationStore] IsServiceConfigured()
[2024-10-12 14:42:22Z INFO ConfigurationStore] IsServiceConfigured: True
[2024-10-12 14:42:22Z INFO CommandSettings] Command 'run': 'True'
[2024-10-12 14:42:22Z INFO ConfigurationStore] IsConfigured()
[2024-10-12 14:42:22Z INFO ConfigurationStore] IsConfigured: True
[2024-10-12 14:42:22Z INFO ConfigurationManager] Is configured: True
[2024-10-12 14:42:22Z INFO Runner] Try determine runner startup type base on console redirects.
[2024-10-12 14:42:22Z INFO Runner] Set runner startup type - Manual
[2024-10-12 14:42:22Z INFO CommandSettings] Flag 'once': 'False'
[2024-10-12 14:42:22Z INFO CommandSettings] Flag 'once': 'False'
[2024-10-12 14:42:22Z INFO Runner] RunAsync
[2024-10-12 14:42:22Z INFO ConfigurationManager] LoadSettings
[2024-10-12 14:42:22Z INFO ConfigurationStore] IsConfigured()
[2024-10-12 14:42:22Z INFO ConfigurationStore] IsConfigured: True
[2024-10-12 14:42:22Z INFO ConfigurationManager] Is configured: True
[2024-10-12 14:42:22Z INFO ConfigurationManager] Settings Loaded
[2024-10-12 14:42:22Z INFO MessageListener] {
  "AgentId": 22,
  "AgentName": "LAPTOP-7MJ6MVBG",
  "PoolId": 1,
  "PoolName": "Default",
  "ServerUrl": "https://pipelinesghubeus4.actions.githubusercontent.com/4Y8sMvuRhb1AeoDhnKq5o1U2sE9xOreReFc2UzcuYceEQw975m/",
  "GitHubUrl": "https://github.com/changcheng967/Kata_speed",
  "WorkFolder": "_work"
}
[2024-10-12 14:42:22Z INFO MessageListener] Loading Credentials
[2024-10-12 14:42:22Z INFO ConfigurationStore] HasCredentials()
[2024-10-12 14:42:22Z INFO ConfigurationStore] stored True
[2024-10-12 14:42:22Z INFO CredentialManager] GetCredentialProvider
[2024-10-12 14:42:22Z INFO CredentialManager] Creating type OAuth
[2024-10-12 14:42:22Z INFO CredentialManager] Creating credential type: OAuth
[2024-10-12 14:42:22Z INFO HostContext] Well known directory 'Bin': 'C:\Users\chang\OneDrive\Documents\GitHub\Kata_speed\actions-runner\bin'
[2024-10-12 14:42:22Z INFO HostContext] Well known directory 'Root': 'C:\Users\chang\OneDrive\Documents\GitHub\Kata_speed\actions-runner'
[2024-10-12 14:42:22Z INFO HostContext] Well known config file 'RSACredentials': 'C:\Users\chang\OneDrive\Documents\GitHub\Kata_speed\actions-runner\.credentials_rsaparams'
[2024-10-12 14:42:22Z INFO RSAEncryptedFileKeyManager] Loading RSA key parameters from file C:\Users\chang\OneDrive\Documents\GitHub\Kata_speed\actions-runner\.credentials_rsaparams
[2024-10-12 14:42:22Z INFO MessageListener] Attempt to create session.
[2024-10-12 14:42:22Z INFO MessageListener] Connecting to the Runner Server...
[2024-10-12 14:42:22Z INFO RunnerServer] EstablishVssConnection
[2024-10-12 14:42:22Z INFO RunnerServer] Establish connection with 100 seconds timeout.
[2024-10-12 14:42:22Z INFO GitHubActionsService] Starting operation Location.GetConnectionData
[2024-10-12 14:42:22Z INFO RunnerServer] EstablishVssConnection
[2024-10-12 14:42:22Z INFO RunnerServer] Establish connection with 60 seconds timeout.
[2024-10-12 14:42:22Z INFO GitHubActionsService] Starting operation Location.GetConnectionData
[2024-10-12 14:42:22Z INFO RunnerServer] EstablishVssConnection
[2024-10-12 14:42:22Z INFO RunnerServer] Establish connection with 60 seconds timeout.
[2024-10-12 14:42:22Z INFO GitHubActionsService] Starting operation Location.GetConnectionData
[2024-10-12 14:42:23Z INFO GitHubActionsService] Finished operation Location.GetConnectionData
[2024-10-12 14:42:23Z INFO GitHubActionsService] Finished operation Location.GetConnectionData
[2024-10-12 14:42:23Z INFO GitHubActionsService] Finished operation Location.GetConnectionData
[2024-10-12 14:42:23Z INFO MessageListener] VssConnection created
[2024-10-12 14:42:23Z INFO Terminal] WRITE LINE: 
[2024-10-12 14:42:23Z INFO Terminal] WRITE LINE: 
[2024-10-12 14:42:23Z INFO RSAEncryptedFileKeyManager] Loading RSA key parameters from file C:\Users\chang\OneDrive\Documents\GitHub\Kata_speed\actions-runner\.credentials_rsaparams
[2024-10-12 14:42:23Z INFO RSAEncryptedFileKeyManager] Loading RSA key parameters from file C:\Users\chang\OneDrive\Documents\GitHub\Kata_speed\actions-runner\.credentials_rsaparams
[2024-10-12 14:42:23Z INFO GitHubActionsService] AAD Correlation ID for this token request: Unknown
[2024-10-12 14:42:23Z INFO MessageListener] Session created.
[2024-10-12 14:42:23Z INFO Terminal] WRITE LINE: Current runner version: '2.320.0'
[2024-10-12 14:42:23Z INFO Terminal] WRITE LINE: 2024-10-12 14:42:23Z: Listening for Jobs
[2024-10-12 14:42:23Z INFO JobDispatcher] Set runner/worker IPC timeout to 30 seconds.
[2024-10-12 14:42:23Z INFO MessageListener] BrokerMigration message received. Polling Broker for messages...
[2024-10-12 14:42:23Z INFO RSAEncryptedFileKeyManager] Loading RSA key parameters from file C:\Users\chang\OneDrive\Documents\GitHub\Kata_speed\actions-runner\.credentials_rsaparams
[2024-10-12 14:42:23Z INFO GitHubActionsService] AAD Correlation ID for this token request: Unknown
[2024-10-12 14:42:33Z INFO MessageListener] Message '9124262599742037849' received from session '1dbaf887-4a42-4926-bab7-dc905b6246dd'.
[2024-10-12 14:42:33Z INFO ConfigurationStore] HasCredentials()
[2024-10-12 14:42:33Z INFO ConfigurationStore] stored True
[2024-10-12 14:42:33Z INFO CredentialManager] GetCredentialProvider
[2024-10-12 14:42:33Z INFO CredentialManager] Creating type OAuth
[2024-10-12 14:42:33Z INFO CredentialManager] Creating credential type: OAuth
[2024-10-12 14:42:33Z INFO RSAEncryptedFileKeyManager] Loading RSA key parameters from file C:\Users\chang\OneDrive\Documents\GitHub\Kata_speed\actions-runner\.credentials_rsaparams
[2024-10-12 14:42:33Z INFO ActionsRunServer] EstablishVssConnection
[2024-10-12 14:42:33Z INFO ActionsRunServer] Establish connection with 100 seconds timeout.
[2024-10-12 14:42:33Z INFO GitHubActionsService] Starting operation Location.GetConnectionData
[2024-10-12 14:42:33Z INFO GitHubActionsService] Finished operation Location.GetConnectionData
[2024-10-12 14:42:33Z INFO RSAEncryptedFileKeyManager] Loading RSA key parameters from file C:\Users\chang\OneDrive\Documents\GitHub\Kata_speed\actions-runner\.credentials_rsaparams
[2024-10-12 14:42:33Z INFO RSAEncryptedFileKeyManager] Loading RSA key parameters from file C:\Users\chang\OneDrive\Documents\GitHub\Kata_speed\actions-runner\.credentials_rsaparams
[2024-10-12 14:42:33Z INFO GitHubActionsService] AAD Correlation ID for this token request: Unknown
[2024-10-12 14:42:34Z INFO JobDispatcher] Job request 559 for plan 3e444561-ce58-4332-a646-4b9e5ebe1eba job 7f4a51bc-628a-5f9c-de37-136b6655c5cc received.
[2024-10-12 14:42:34Z INFO JobDispatcher] Pull OrchestrationId 3e444561-ce58-4332-a646-4b9e5ebe1eba.create-pull-request.__default from JWT claims
[2024-10-12 14:42:34Z INFO MessageListener] Received job status event. JobState: Busy
[2024-10-12 14:42:34Z INFO MessageListener] _getMessagesTokenSource is already disposed.
[2024-10-12 14:42:34Z INFO Terminal] WRITE LINE: 2024-10-12 14:42:34Z: Running job: create-pull-request
[2024-10-12 14:42:34Z INFO JobDispatcher] Start renew job request 559 for job 7f4a51bc-628a-5f9c-de37-136b6655c5cc.
[2024-10-12 14:42:34Z INFO JobDispatcher] Successfully renew job request 559, job is valid till 2024/10/12 14:52:36
[2024-10-12 14:42:34Z INFO HostContext] Well known directory 'Bin': 'C:\Users\chang\OneDrive\Documents\GitHub\Kata_speed\actions-runner\bin'
[2024-10-12 14:42:34Z INFO ProcessInvokerWrapper] Starting process:
[2024-10-12 14:42:34Z INFO ProcessInvokerWrapper]   File name: 'C:\Users\chang\OneDrive\Documents\GitHub\Kata_speed\actions-runner\bin\Runner.Worker.exe'
[2024-10-12 14:42:34Z INFO ProcessInvokerWrapper]   Arguments: 'spawnclient 2416 2428'
[2024-10-12 14:42:34Z INFO ProcessInvokerWrapper]   Working directory: 'C:\Users\chang\OneDrive\Documents\GitHub\Kata_speed\actions-runner\bin'
[2024-10-12 14:42:34Z INFO ProcessInvokerWrapper]   Require exit code zero: 'False'
[2024-10-12 14:42:34Z INFO ProcessInvokerWrapper]   Encoding web name:  ; code page: ''
[2024-10-12 14:42:34Z INFO ProcessInvokerWrapper]   Force kill process on cancellation: 'True'
[2024-10-12 14:42:34Z INFO ProcessInvokerWrapper]   Redirected STDIN: 'False'
[2024-10-12 14:42:34Z INFO ProcessInvokerWrapper]   Persist current code page: 'False'
[2024-10-12 14:42:34Z INFO ProcessInvokerWrapper]   Keep redirected STDIN open: 'False'
[2024-10-12 14:42:34Z INFO ProcessInvokerWrapper]   High priority process: 'True'
[2024-10-12 14:42:34Z INFO ProcessInvokerWrapper] Process started with process id 9708, waiting for process exit.
[2024-10-12 14:42:34Z INFO JobDispatcher] Send job request message to worker for job 7f4a51bc-628a-5f9c-de37-136b6655c5cc.
[2024-10-12 14:42:34Z INFO ProcessChannel] Sending message of length 28681, with hash '2e5395d59c7cbb0157267f88acf91dcc830c8dfcb077b6524594fc11bd188a23'
[2024-10-12 14:42:34Z INFO JobNotification] Entering JobStarted Notification
[2024-10-12 14:42:34Z INFO JobNotification] Entering StartMonitor
[2024-10-12 14:42:35Z INFO MessageListener] BrokerMigration message received. Polling Broker for messages...
[2024-10-12 14:42:52Z INFO ProcessInvokerWrapper] STDOUT/STDERR stream read finished.
[2024-10-12 14:42:52Z INFO ProcessInvokerWrapper] STDOUT/STDERR stream read finished.
[2024-10-12 14:42:52Z INFO ProcessInvokerWrapper] Finished process 9708 with exit code 102, and elapsed time 00:00:18.5459227.
[2024-10-12 14:42:52Z INFO JobDispatcher] Worker finished for job 7f4a51bc-628a-5f9c-de37-136b6655c5cc. Code: 102
[2024-10-12 14:42:52Z INFO JobDispatcher] finish job request for job 7f4a51bc-628a-5f9c-de37-136b6655c5cc with result: Failed
[2024-10-12 14:42:52Z INFO Terminal] WRITE LINE: 2024-10-12 14:42:52Z: Job create-pull-request completed with result: Failed
[2024-10-12 14:42:52Z INFO JobDispatcher] Stop renew job request for job 7f4a51bc-628a-5f9c-de37-136b6655c5cc.
[2024-10-12 14:42:52Z INFO JobDispatcher] job renew has been cancelled, stop renew job request 559.
[2024-10-12 14:42:52Z INFO JobNotification] Entering JobCompleted Notification
[2024-10-12 14:42:52Z INFO JobNotification] Entering EndMonitor
[2024-10-12 14:42:52Z INFO MessageListener] Received job status event. JobState: Online
[2024-10-12 14:43:25Z INFO MessageListener] BrokerMigration message received. Polling Broker for messages...
[2024-10-12 14:44:15Z INFO MessageListener] BrokerMigration message received. Polling Broker for messages...
[2024-10-12 14:44:25Z INFO MessageListener] Message '3025669686077306848' received from session '1dbaf887-4a42-4926-bab7-dc905b6246dd'.
[2024-10-12 14:44:26Z INFO ConfigurationStore] HasCredentials()
[2024-10-12 14:44:26Z INFO ConfigurationStore] stored True
[2024-10-12 14:44:26Z INFO CredentialManager] GetCredentialProvider
[2024-10-12 14:44:26Z INFO CredentialManager] Creating type OAuth
[2024-10-12 14:44:26Z INFO CredentialManager] Creating credential type: OAuth
[2024-10-12 14:44:26Z INFO RSAEncryptedFileKeyManager] Loading RSA key parameters from file C:\Users\chang\OneDrive\Documents\GitHub\Kata_speed\actions-runner\.credentials_rsaparams
[2024-10-12 14:44:26Z INFO ActionsRunServer] EstablishVssConnection
[2024-10-12 14:44:26Z INFO ActionsRunServer] Establish connection with 100 seconds timeout.
[2024-10-12 14:44:26Z INFO GitHubActionsService] Starting operation Location.GetConnectionData
[2024-10-12 14:44:26Z INFO GitHubActionsService] Finished operation Location.GetConnectionData
[2024-10-12 14:44:26Z INFO RSAEncryptedFileKeyManager] Loading RSA key parameters from file C:\Users\chang\OneDrive\Documents\GitHub\Kata_speed\actions-runner\.credentials_rsaparams
[2024-10-12 14:44:26Z INFO RSAEncryptedFileKeyManager] Loading RSA key parameters from file C:\Users\chang\OneDrive\Documents\GitHub\Kata_speed\actions-runner\.credentials_rsaparams
[2024-10-12 14:44:26Z INFO GitHubActionsService] AAD Correlation ID for this token request: Unknown
[2024-10-12 14:44:26Z INFO JobDispatcher] Job request 560 for plan 997ef67e-6b93-41c3-b440-c6906bd6bdf8 job 7f4a51bc-628a-5f9c-de37-136b6655c5cc received.
[2024-10-12 14:44:26Z INFO JobDispatcher] Pull OrchestrationId 997ef67e-6b93-41c3-b440-c6906bd6bdf8.create-pull-request.__default from JWT claims
[2024-10-12 14:44:26Z INFO MessageListener] Received job status event. JobState: Busy
[2024-10-12 14:44:26Z INFO MessageListener] _getMessagesTokenSource is already disposed.
[2024-10-12 14:44:26Z INFO JobDispatcher] Job request 7f4a51bc-628a-5f9c-de37-136b6655c5cc processed succeed.
[2024-10-12 14:44:26Z INFO Terminal] WRITE LINE: 2024-10-12 14:44:26Z: Running job: create-pull-request
[2024-10-12 14:44:26Z INFO JobDispatcher] Start renew job request 560 for job 7f4a51bc-628a-5f9c-de37-136b6655c5cc.
[2024-10-12 14:44:26Z INFO JobDispatcher] Successfully renew job request 560, job is valid till 2024/10/12 14:54:29
[2024-10-12 14:44:26Z INFO HostContext] Well known directory 'Bin': 'C:\Users\chang\OneDrive\Documents\GitHub\Kata_speed\actions-runner\bin'
[2024-10-12 14:44:26Z INFO ProcessInvokerWrapper] Starting process:
[2024-10-12 14:44:26Z INFO ProcessInvokerWrapper]   File name: 'C:\Users\chang\OneDrive\Documents\GitHub\Kata_speed\actions-runner\bin\Runner.Worker.exe'
[2024-10-12 14:44:26Z INFO ProcessInvokerWrapper]   Arguments: 'spawnclient 1736 2060'
[2024-10-12 14:44:26Z INFO ProcessInvokerWrapper]   Working directory: 'C:\Users\chang\OneDrive\Documents\GitHub\Kata_speed\actions-runner\bin'
[2024-10-12 14:44:26Z INFO ProcessInvokerWrapper]   Require exit code zero: 'False'
[2024-10-12 14:44:26Z INFO ProcessInvokerWrapper]   Encoding web name:  ; code page: ''
[2024-10-12 14:44:26Z INFO ProcessInvokerWrapper]   Force kill process on cancellation: 'True'
[2024-10-12 14:44:26Z INFO ProcessInvokerWrapper]   Redirected STDIN: 'False'
[2024-10-12 14:44:26Z INFO ProcessInvokerWrapper]   Persist current code page: 'False'
[2024-10-12 14:44:26Z INFO ProcessInvokerWrapper]   Keep redirected STDIN open: 'False'
[2024-10-12 14:44:26Z INFO ProcessInvokerWrapper]   High priority process: 'True'
[2024-10-12 14:44:26Z INFO ProcessInvokerWrapper] Process started with process id 23124, waiting for process exit.
[2024-10-12 14:44:26Z INFO JobDispatcher] Send job request message to worker for job 7f4a51bc-628a-5f9c-de37-136b6655c5cc.
[2024-10-12 14:44:26Z INFO ProcessChannel] Sending message of length 29168, with hash '45cffb44942000ab255e225adf2f2efc21b455276de29cd9fafaaee9823ab6b3'
[2024-10-12 14:44:27Z INFO JobNotification] Entering JobStarted Notification
[2024-10-12 14:44:27Z INFO JobNotification] Entering StartMonitor
[2024-10-12 14:44:27Z INFO MessageListener] BrokerMigration message received. Polling Broker for messages...
[2024-10-12 14:44:45Z INFO ProcessInvokerWrapper] STDOUT/STDERR stream read finished.
[2024-10-12 14:44:45Z INFO ProcessInvokerWrapper] STDOUT/STDERR stream read finished.
[2024-10-12 14:44:45Z INFO ProcessInvokerWrapper] Finished process 23124 with exit code 102, and elapsed time 00:00:18.6059142.
[2024-10-12 14:44:45Z INFO JobDispatcher] Worker finished for job 7f4a51bc-628a-5f9c-de37-136b6655c5cc. Code: 102
[2024-10-12 14:44:45Z INFO JobDispatcher] finish job request for job 7f4a51bc-628a-5f9c-de37-136b6655c5cc with result: Failed
[2024-10-12 14:44:45Z INFO Terminal] WRITE LINE: 2024-10-12 14:44:45Z: Job create-pull-request completed with result: Failed
[2024-10-12 14:44:45Z INFO JobDispatcher] Stop renew job request for job 7f4a51bc-628a-5f9c-de37-136b6655c5cc.
[2024-10-12 14:44:45Z INFO JobDispatcher] job renew has been cancelled, stop renew job request 560.
[2024-10-12 14:44:45Z INFO JobNotification] Entering JobCompleted Notification
[2024-10-12 14:44:45Z INFO JobNotification] Entering EndMonitor
[2024-10-12 14:44:45Z INFO MessageListener] Received job status event. JobState: Online
[2024-10-12 14:45:17Z INFO MessageListener] BrokerMigration message received. Polling Broker for messages...
[2024-10-12 14:46:08Z INFO MessageListener] BrokerMigration message received. Polling Broker for messages...
[2024-10-12 14:46:58Z INFO MessageListener] BrokerMigration message received. Polling Broker for messages...
[2024-10-12 14:47:48Z INFO MessageListener] BrokerMigration message received. Polling Broker for messages...
[2024-10-12 14:48:38Z INFO MessageListener] BrokerMigration message received. Polling Broker for messages...
[2024-10-12 14:49:28Z INFO MessageListener] BrokerMigration message received. Polling Broker for messages...
[2024-10-12 14:49:58Z INFO HostContext] Runner will be shutdown for UserCancelled
[2024-10-12 14:49:58Z WARN GitHubActionsService] GET request to https://broker.actions.githubusercontent.com/message?sessionId=1dbaf887-4a42-4926-bab7-dc905b6246dd&status=Online&runnerVersion=2.320.0&os=Windows&architecture=X64&disableUpdate=false has been cancelled.
[2024-10-12 14:49:58Z ERR  BrokerServer] Catch exception during request
[2024-10-12 14:49:58Z ERR  BrokerServer] System.Threading.Tasks.TaskCanceledException: The operation was canceled.
 ---> System.IO.IOException: Unable to read data from the transport connection: 由于线程退出或应用程序请求，已中止 I/O 操作。.
 ---> System.Net.Sockets.SocketException (995): 由于线程退出或应用程序请求，已中止 I/O 操作。
   --- End of inner exception stack trace ---
   at System.Net.Sockets.Socket.AwaitableSocketAsyncEventArgs.ThrowException(SocketError error, CancellationToken cancellationToken)
   at System.Net.Sockets.Socket.AwaitableSocketAsyncEventArgs.System.Threading.Tasks.Sources.IValueTaskSource<System.Int32>.GetResult(Int16 token)
   at System.Net.Security.SslStream.EnsureFullTlsFrameAsync[TIOAdapter](TIOAdapter adapter)
   at System.Net.Security.SslStream.ReadAsyncInternal[TIOAdapter](TIOAdapter adapter, Memory`1 buffer)
   at System.Net.Http.HttpConnection.SendAsyncCore(HttpRequestMessage request, Boolean async, CancellationToken cancellationToken)
   --- End of inner exception stack trace ---
   at System.Net.Http.HttpClient.HandleFailure(Exception e, Boolean telemetryStarted, HttpResponseMessage response, CancellationTokenSource cts, CancellationToken cancellationToken, CancellationTokenSource pendingRequestsCts)
   at System.Net.Http.HttpClient.<SendAsync>g__Core|83_0(HttpRequestMessage request, HttpCompletionOption completionOption, CancellationTokenSource cts, Boolean disposeCts, CancellationTokenSource pendingRequestsCts, CancellationToken originalCancellationToken)
   at Sdk.WebApi.WebApi.RawHttpClientBase.SendAsync(HttpRequestMessage message, HttpCompletionOption completionOption, Object userState, CancellationToken cancellationToken)
   at Sdk.WebApi.WebApi.RawHttpClientBase.SendAsync[T](HttpRequestMessage message, Boolean readErrorBody, Object userState, CancellationToken cancellationToken)
   at Sdk.WebApi.WebApi.RawHttpClientBase.SendAsync[T](HttpMethod method, IEnumerable`1 additionalHeaders, Uri requestUri, HttpContent content, IEnumerable`1 queryParameters, Boolean readErrorBody, Object userState, CancellationToken cancellationToken)
   at GitHub.Actions.RunService.WebApi.BrokerHttpClient.GetRunnerMessageAsync(Nullable`1 sessionId, String runnerVersion, Nullable`1 status, String os, String architecture, Nullable`1 disableUpdate, CancellationToken cancellationToken)
   at GitHub.Runner.Common.BrokerServer.<>c__DisplayClass7_0.<<GetRunnerMessageAsync>b__0>d.MoveNext()
--- End of stack trace from previous location ---
   at GitHub.Runner.Common.RunnerService.RetryRequest[T](Func`1 func, CancellationToken cancellationToken, Int32 maxRetryAttemptsCount, Func`2 shouldRetry)
[2024-10-12 14:49:58Z ERR  BrokerServer] #####################################################
[2024-10-12 14:49:58Z ERR  BrokerServer] System.IO.IOException: Unable to read data from the transport connection: 由于线程退出或应用程序请求，已中止 I/O 操作。.
 ---> System.Net.Sockets.SocketException (995): 由于线程退出或应用程序请求，已中止 I/O 操作。
   --- End of inner exception stack trace ---
   at System.Net.Sockets.Socket.AwaitableSocketAsyncEventArgs.ThrowException(SocketError error, CancellationToken cancellationToken)
   at System.Net.Sockets.Socket.AwaitableSocketAsyncEventArgs.System.Threading.Tasks.Sources.IValueTaskSource<System.Int32>.GetResult(Int16 token)
   at System.Net.Security.SslStream.EnsureFullTlsFrameAsync[TIOAdapter](TIOAdapter adapter)
   at System.Net.Security.SslStream.ReadAsyncInternal[TIOAdapter](TIOAdapter adapter, Memory`1 buffer)
   at System.Net.Http.HttpConnection.SendAsyncCore(HttpRequestMessage request, Boolean async, CancellationToken cancellationToken)
[2024-10-12 14:49:58Z ERR  BrokerServer] #####################################################
[2024-10-12 14:49:58Z ERR  BrokerServer] System.Net.Sockets.SocketException (995): 由于线程退出或应用程序请求，已中止 I/O 操作。
[2024-10-12 14:49:58Z WARN BrokerServer] Back off 7.468 seconds before next retry. 4 attempt left.
[2024-10-12 14:49:58Z INFO MessageListener] Get next message has been cancelled.
[2024-10-12 14:49:58Z INFO JobDispatcher] Shutting down JobDispatcher. Make sure all WorkerDispatcher has finished.
[2024-10-12 14:49:58Z INFO JobDispatcher] Ensure WorkerDispatcher for job 7f4a51bc-628a-5f9c-de37-136b6655c5cc run to finish, cancel any running job.
[2024-10-12 14:49:58Z INFO JobDispatcher] Job request 7f4a51bc-628a-5f9c-de37-136b6655c5cc processed succeed.
[2024-10-12 14:49:58Z INFO Runner] Deleting Runner Session...
