[2024-10-11 21:04:14Z INFO HostContext] No proxy settings were found based on environmental variables (http_proxy/https_proxy/HTTP_PROXY/HTTPS_PROXY)
[2024-10-11 21:04:14Z INFO HostContext] Well known directory 'Bin': 'C:\Users\chang\OneDrive\Documents\GitHub\Kata_speed\actions-runner\bin'
[2024-10-11 21:04:14Z INFO HostContext] Well known directory 'Root': 'C:\Users\chang\OneDrive\Documents\GitHub\Kata_speed\actions-runner'
[2024-10-11 21:04:14Z INFO HostContext] Well known config file 'Credentials': 'C:\Users\chang\OneDrive\Documents\GitHub\Kata_speed\actions-runner\.credentials'
[2024-10-11 21:04:14Z INFO HostContext] Well known directory 'Bin': 'C:\Users\chang\OneDrive\Documents\GitHub\Kata_speed\actions-runner\bin'
[2024-10-11 21:04:14Z INFO HostContext] Well known directory 'Root': 'C:\Users\chang\OneDrive\Documents\GitHub\Kata_speed\actions-runner'
[2024-10-11 21:04:14Z INFO HostContext] Well known config file 'Runner': 'C:\Users\chang\OneDrive\Documents\GitHub\Kata_speed\actions-runner\.runner'
[2024-10-11 21:04:14Z INFO Listener] Runner is built for Windows (X64) - win-x64.
[2024-10-11 21:04:14Z INFO Listener] RuntimeInformation: Microsoft Windows 10.0.22631.
[2024-10-11 21:04:14Z INFO Listener] Version: 2.320.0
[2024-10-11 21:04:14Z INFO Listener] Commit: 78f21670b4a58aff19b5189207f54eb2bee324d1
[2024-10-11 21:04:14Z INFO Listener] Culture: zh-CN
[2024-10-11 21:04:14Z INFO Listener] UI Culture: zh-CN
[2024-10-11 21:04:14Z INFO HostContext] Well known directory 'Bin': 'C:\Users\chang\OneDrive\Documents\GitHub\Kata_speed\actions-runner\bin'
[2024-10-11 21:04:14Z INFO HostContext] Well known directory 'Root': 'C:\Users\chang\OneDrive\Documents\GitHub\Kata_speed\actions-runner'
[2024-10-11 21:04:14Z INFO Listener] Validating directory permissions for: 'C:\Users\chang\OneDrive\Documents\GitHub\Kata_speed\actions-runner'
[2024-10-11 21:04:14Z INFO CommandLineParser] Parse
[2024-10-11 21:04:14Z INFO CommandLineParser] Parsing 1 args
[2024-10-11 21:04:14Z INFO CommandLineParser] parsing argument
[2024-10-11 21:04:14Z INFO CommandLineParser] HasArgs: False
[2024-10-11 21:04:14Z INFO CommandLineParser] Adding Command: run
[2024-10-11 21:04:14Z INFO Listener] Arguments parsed
[2024-10-11 21:04:14Z INFO Runner] ExecuteCommand
[2024-10-11 21:04:14Z INFO ConfigurationStore] currentAssemblyLocation: C:\Users\chang\OneDrive\Documents\GitHub\Kata_speed\actions-runner\bin\Runner.Listener.dll
[2024-10-11 21:04:14Z INFO HostContext] Well known directory 'Bin': 'C:\Users\chang\OneDrive\Documents\GitHub\Kata_speed\actions-runner\bin'
[2024-10-11 21:04:14Z INFO ConfigurationStore] binPath: C:\Users\chang\OneDrive\Documents\GitHub\Kata_speed\actions-runner\bin
[2024-10-11 21:04:14Z INFO HostContext] Well known directory 'Bin': 'C:\Users\chang\OneDrive\Documents\GitHub\Kata_speed\actions-runner\bin'
[2024-10-11 21:04:14Z INFO HostContext] Well known directory 'Root': 'C:\Users\chang\OneDrive\Documents\GitHub\Kata_speed\actions-runner'
[2024-10-11 21:04:14Z INFO ConfigurationStore] RootFolder: C:\Users\chang\OneDrive\Documents\GitHub\Kata_speed\actions-runner
[2024-10-11 21:04:14Z INFO HostContext] Well known directory 'Bin': 'C:\Users\chang\OneDrive\Documents\GitHub\Kata_speed\actions-runner\bin'
[2024-10-11 21:04:14Z INFO HostContext] Well known directory 'Root': 'C:\Users\chang\OneDrive\Documents\GitHub\Kata_speed\actions-runner'
[2024-10-11 21:04:14Z INFO HostContext] Well known config file 'Runner': 'C:\Users\chang\OneDrive\Documents\GitHub\Kata_speed\actions-runner\.runner'
[2024-10-11 21:04:14Z INFO ConfigurationStore] ConfigFilePath: C:\Users\chang\OneDrive\Documents\GitHub\Kata_speed\actions-runner\.runner
[2024-10-11 21:04:14Z INFO HostContext] Well known directory 'Bin': 'C:\Users\chang\OneDrive\Documents\GitHub\Kata_speed\actions-runner\bin'
[2024-10-11 21:04:14Z INFO HostContext] Well known directory 'Root': 'C:\Users\chang\OneDrive\Documents\GitHub\Kata_speed\actions-runner'
[2024-10-11 21:04:14Z INFO HostContext] Well known config file 'Credentials': 'C:\Users\chang\OneDrive\Documents\GitHub\Kata_speed\actions-runner\.credentials'
[2024-10-11 21:04:14Z INFO ConfigurationStore] CredFilePath: C:\Users\chang\OneDrive\Documents\GitHub\Kata_speed\actions-runner\.credentials
[2024-10-11 21:04:14Z INFO HostContext] Well known directory 'Bin': 'C:\Users\chang\OneDrive\Documents\GitHub\Kata_speed\actions-runner\bin'
[2024-10-11 21:04:14Z INFO HostContext] Well known directory 'Root': 'C:\Users\chang\OneDrive\Documents\GitHub\Kata_speed\actions-runner'
[2024-10-11 21:04:14Z INFO HostContext] Well known config file 'MigratedCredentials': 'C:\Users\chang\OneDrive\Documents\GitHub\Kata_speed\actions-runner\.credentials_migrated'
[2024-10-11 21:04:14Z INFO ConfigurationStore] MigratedCredFilePath: C:\Users\chang\OneDrive\Documents\GitHub\Kata_speed\actions-runner\.credentials_migrated
[2024-10-11 21:04:14Z INFO HostContext] Well known directory 'Bin': 'C:\Users\chang\OneDrive\Documents\GitHub\Kata_speed\actions-runner\bin'
[2024-10-11 21:04:14Z INFO HostContext] Well known directory 'Root': 'C:\Users\chang\OneDrive\Documents\GitHub\Kata_speed\actions-runner'
[2024-10-11 21:04:14Z INFO HostContext] Well known config file 'Service': 'C:\Users\chang\OneDrive\Documents\GitHub\Kata_speed\actions-runner\.service'
[2024-10-11 21:04:14Z INFO ConfigurationStore] ServiceConfigFilePath: C:\Users\chang\OneDrive\Documents\GitHub\Kata_speed\actions-runner\.service
[2024-10-11 21:04:14Z INFO CommandSettings] Flag 'help': 'False'
[2024-10-11 21:04:14Z INFO CommandSettings] Flag 'version': 'False'
[2024-10-11 21:04:14Z INFO CommandSettings] Flag 'commit': 'False'
[2024-10-11 21:04:14Z INFO CommandSettings] Flag 'check': 'False'
[2024-10-11 21:04:14Z INFO CommandSettings] Command 'configure': 'False'
[2024-10-11 21:04:14Z INFO CommandSettings] Command 'remove': 'False'
[2024-10-11 21:04:14Z INFO CommandSettings] Command 'warmup': 'False'
[2024-10-11 21:04:14Z INFO ConfigurationManager] LoadSettings
[2024-10-11 21:04:14Z INFO ConfigurationStore] IsConfigured()
[2024-10-11 21:04:14Z INFO ConfigurationStore] IsConfigured: True
[2024-10-11 21:04:14Z INFO ConfigurationManager] Is configured: True
[2024-10-11 21:04:14Z INFO ConfigurationStore] Read setting file: 314 chars
[2024-10-11 21:04:14Z INFO ConfigurationManager] Settings Loaded
[2024-10-11 21:04:14Z INFO ConfigurationStore] IsServiceConfigured()
[2024-10-11 21:04:14Z INFO ConfigurationStore] IsServiceConfigured: True
[2024-10-11 21:04:14Z INFO CommandSettings] Command 'run': 'True'
[2024-10-11 21:04:14Z INFO ConfigurationStore] IsConfigured()
[2024-10-11 21:04:14Z INFO ConfigurationStore] IsConfigured: True
[2024-10-11 21:04:14Z INFO ConfigurationManager] Is configured: True
[2024-10-11 21:04:14Z INFO Runner] Try determine runner startup type base on console redirects.
[2024-10-11 21:04:14Z INFO Runner] Set runner startup type - Manual
[2024-10-11 21:04:14Z INFO CommandSettings] Flag 'once': 'False'
[2024-10-11 21:04:14Z INFO CommandSettings] Flag 'once': 'False'
[2024-10-11 21:04:14Z INFO Runner] RunAsync
[2024-10-11 21:04:14Z INFO ConfigurationManager] LoadSettings
[2024-10-11 21:04:14Z INFO ConfigurationStore] IsConfigured()
[2024-10-11 21:04:14Z INFO ConfigurationStore] IsConfigured: True
[2024-10-11 21:04:14Z INFO ConfigurationManager] Is configured: True
[2024-10-11 21:04:14Z INFO ConfigurationManager] Settings Loaded
[2024-10-11 21:04:14Z INFO MessageListener] {
  "AgentId": 22,
  "AgentName": "LAPTOP-7MJ6MVBG",
  "PoolId": 1,
  "PoolName": "Default",
  "ServerUrl": "https://pipelinesghubeus4.actions.githubusercontent.com/4Y8sMvuRhb1AeoDhnKq5o1U2sE9xOreReFc2UzcuYceEQw975m/",
  "GitHubUrl": "https://github.com/changcheng967/Kata_speed",
  "WorkFolder": "_work"
}
[2024-10-11 21:04:14Z INFO MessageListener] Loading Credentials
[2024-10-11 21:04:14Z INFO ConfigurationStore] HasCredentials()
[2024-10-11 21:04:14Z INFO ConfigurationStore] stored True
[2024-10-11 21:04:14Z INFO CredentialManager] GetCredentialProvider
[2024-10-11 21:04:14Z INFO CredentialManager] Creating type OAuth
[2024-10-11 21:04:14Z INFO CredentialManager] Creating credential type: OAuth
[2024-10-11 21:04:14Z INFO HostContext] Well known directory 'Bin': 'C:\Users\chang\OneDrive\Documents\GitHub\Kata_speed\actions-runner\bin'
[2024-10-11 21:04:14Z INFO HostContext] Well known directory 'Root': 'C:\Users\chang\OneDrive\Documents\GitHub\Kata_speed\actions-runner'
[2024-10-11 21:04:14Z INFO HostContext] Well known config file 'RSACredentials': 'C:\Users\chang\OneDrive\Documents\GitHub\Kata_speed\actions-runner\.credentials_rsaparams'
[2024-10-11 21:04:14Z INFO RSAEncryptedFileKeyManager] Loading RSA key parameters from file C:\Users\chang\OneDrive\Documents\GitHub\Kata_speed\actions-runner\.credentials_rsaparams
[2024-10-11 21:04:14Z INFO MessageListener] Attempt to create session.
[2024-10-11 21:04:14Z INFO MessageListener] Connecting to the Runner Server...
[2024-10-11 21:04:14Z INFO RunnerServer] EstablishVssConnection
[2024-10-11 21:04:14Z INFO RunnerServer] Establish connection with 100 seconds timeout.
[2024-10-11 21:04:14Z INFO GitHubActionsService] Starting operation Location.GetConnectionData
[2024-10-11 21:04:14Z INFO RunnerServer] EstablishVssConnection
[2024-10-11 21:04:14Z INFO RunnerServer] Establish connection with 60 seconds timeout.
[2024-10-11 21:04:14Z INFO GitHubActionsService] Starting operation Location.GetConnectionData
[2024-10-11 21:04:14Z INFO RunnerServer] EstablishVssConnection
[2024-10-11 21:04:14Z INFO RunnerServer] Establish connection with 60 seconds timeout.
[2024-10-11 21:04:14Z INFO GitHubActionsService] Starting operation Location.GetConnectionData
[2024-10-11 21:04:14Z INFO GitHubActionsService] Finished operation Location.GetConnectionData
[2024-10-11 21:04:14Z INFO GitHubActionsService] Finished operation Location.GetConnectionData
[2024-10-11 21:04:14Z INFO GitHubActionsService] Finished operation Location.GetConnectionData
[2024-10-11 21:04:15Z INFO MessageListener] VssConnection created
[2024-10-11 21:04:15Z INFO Terminal] WRITE LINE: 
[2024-10-11 21:04:15Z INFO Terminal] WRITE LINE: 
[2024-10-11 21:04:15Z INFO RSAEncryptedFileKeyManager] Loading RSA key parameters from file C:\Users\chang\OneDrive\Documents\GitHub\Kata_speed\actions-runner\.credentials_rsaparams
[2024-10-11 21:04:15Z INFO RSAEncryptedFileKeyManager] Loading RSA key parameters from file C:\Users\chang\OneDrive\Documents\GitHub\Kata_speed\actions-runner\.credentials_rsaparams
[2024-10-11 21:04:15Z INFO GitHubActionsService] AAD Correlation ID for this token request: Unknown
[2024-10-11 21:04:15Z INFO MessageListener] Session created.
[2024-10-11 21:04:15Z INFO Terminal] WRITE LINE: Current runner version: '2.320.0'
[2024-10-11 21:04:15Z INFO Terminal] WRITE LINE: 2024-10-11 21:04:15Z: Listening for Jobs
[2024-10-11 21:04:15Z INFO JobDispatcher] Set runner/worker IPC timeout to 30 seconds.
[2024-10-11 21:04:15Z INFO MessageListener] BrokerMigration message received. Polling Broker for messages...
[2024-10-11 21:04:15Z INFO RSAEncryptedFileKeyManager] Loading RSA key parameters from file C:\Users\chang\OneDrive\Documents\GitHub\Kata_speed\actions-runner\.credentials_rsaparams
[2024-10-11 21:04:15Z INFO GitHubActionsService] AAD Correlation ID for this token request: Unknown
[2024-10-11 21:04:57Z WARN GitHubActionsService] Attempt 1 of GET request to https://broker.actions.githubusercontent.com/message?sessionId=c445ab32-e091-4eb4-882d-f9265f17ebb5&status=Online&runnerVersion=2.320.0&os=Windows&architecture=X64&disableUpdate=false failed (HTTP Status: ServiceUnavailable). The operation will be retried in 10.814 seconds.
[2024-10-11 21:05:11Z WARN GitHubActionsService] Attempt 2 of GET request to https://broker.actions.githubusercontent.com/message?sessionId=c445ab32-e091-4eb4-882d-f9265f17ebb5&status=Online&runnerVersion=2.320.0&os=Windows&architecture=X64&disableUpdate=false failed (HTTP Status: ServiceUnavailable). The operation will be retried in 13.426 seconds.
[2024-10-11 21:05:34Z WARN GitHubActionsService] Attempt 3 of GET request to https://broker.actions.githubusercontent.com/message?sessionId=c445ab32-e091-4eb4-882d-f9265f17ebb5&status=Online&runnerVersion=2.320.0&os=Windows&architecture=X64&disableUpdate=false failed (HTTP Status: ServiceUnavailable). The operation will be retried in 17.658 seconds.
[2024-10-11 21:05:53Z ERR  GitHubActionsService] Attempt 4 of GET request to https://broker.actions.githubusercontent.com/message?sessionId=c445ab32-e091-4eb4-882d-f9265f17ebb5&status=Online&runnerVersion=2.320.0&os=Windows&architecture=X64&disableUpdate=false failed (HTTP Status: ServiceUnavailable). The maximum number of attempts has been reached.
[2024-10-11 21:05:53Z ERR  BrokerServer] Catch exception during request
[2024-10-11 21:05:53Z ERR  BrokerServer] System.Exception: Failed to get job message. Request to https://broker.actions.githubusercontent.com/message failed with status: ServiceUnavailable. Error message Error: Service Unavailable
   at GitHub.Actions.RunService.WebApi.BrokerHttpClient.GetRunnerMessageAsync(Nullable`1 sessionId, String runnerVersion, Nullable`1 status, String os, String architecture, Nullable`1 disableUpdate, CancellationToken cancellationToken)
   at GitHub.Runner.Common.BrokerServer.<>c__DisplayClass7_0.<<GetRunnerMessageAsync>b__0>d.MoveNext()
--- End of stack trace from previous location ---
   at GitHub.Runner.Common.RunnerService.RetryRequest[T](Func`1 func, CancellationToken cancellationToken, Int32 maxRetryAttemptsCount, Func`2 shouldRetry)
[2024-10-11 21:05:53Z WARN BrokerServer] Back off 14.729 seconds before next retry. 4 attempt left.
[2024-10-11 21:06:17Z WARN GitHubActionsService] Attempt 1 of GET request to https://broker.actions.githubusercontent.com/message?sessionId=c445ab32-e091-4eb4-882d-f9265f17ebb5&status=Online&runnerVersion=2.320.0&os=Windows&architecture=X64&disableUpdate=false failed (HTTP Status: BadGateway). The operation will be retried in 10.921 seconds.
[2024-10-11 21:06:39Z WARN GitHubActionsService] Attempt 2 of GET request to https://broker.actions.githubusercontent.com/message?sessionId=c445ab32-e091-4eb4-882d-f9265f17ebb5&status=Online&runnerVersion=2.320.0&os=Windows&architecture=X64&disableUpdate=false failed (HTTP Status: BadGateway). The operation will be retried in 13.189 seconds.
[2024-10-11 21:06:55Z WARN GitHubActionsService] Attempt 3 of GET request to https://broker.actions.githubusercontent.com/message?sessionId=c445ab32-e091-4eb4-882d-f9265f17ebb5&status=Online&runnerVersion=2.320.0&os=Windows&architecture=X64&disableUpdate=false failed (HTTP Status: ServiceUnavailable). The operation will be retried in 17.595 seconds.
[2024-10-11 21:07:13Z ERR  GitHubActionsService] Attempt 4 of GET request to https://broker.actions.githubusercontent.com/message?sessionId=c445ab32-e091-4eb4-882d-f9265f17ebb5&status=Online&runnerVersion=2.320.0&os=Windows&architecture=X64&disableUpdate=false failed (HTTP Status: ServiceUnavailable). The maximum number of attempts has been reached.
[2024-10-11 21:07:13Z ERR  BrokerServer] Catch exception during request
[2024-10-11 21:07:13Z ERR  BrokerServer] System.Exception: Failed to get job message. Request to https://broker.actions.githubusercontent.com/message failed with status: ServiceUnavailable. Error message Error: Service Unavailable
   at GitHub.Actions.RunService.WebApi.BrokerHttpClient.GetRunnerMessageAsync(Nullable`1 sessionId, String runnerVersion, Nullable`1 status, String os, String architecture, Nullable`1 disableUpdate, CancellationToken cancellationToken)
   at GitHub.Runner.Common.BrokerServer.<>c__DisplayClass7_0.<<GetRunnerMessageAsync>b__0>d.MoveNext()
--- End of stack trace from previous location ---
   at GitHub.Runner.Common.RunnerService.RetryRequest[T](Func`1 func, CancellationToken cancellationToken, Int32 maxRetryAttemptsCount, Func`2 shouldRetry)
[2024-10-11 21:07:13Z WARN BrokerServer] Back off 8.899 seconds before next retry. 3 attempt left.
[2024-10-11 21:07:15Z INFO HostContext] Runner will be shutdown for UserCancelled
[2024-10-11 21:07:15Z INFO MessageListener] Get next message has been cancelled.
[2024-10-11 21:07:15Z INFO JobDispatcher] Shutting down JobDispatcher. Make sure all WorkerDispatcher has finished.
[2024-10-11 21:07:15Z INFO Runner] Deleting Runner Session...
[2024-10-11 21:07:15Z INFO Listener] Runner execution been cancelled.
