[2024-10-11 20:59:04Z INFO HostContext] No proxy settings were found based on environmental variables (http_proxy/https_proxy/HTTP_PROXY/HTTPS_PROXY)
[2024-10-11 20:59:04Z INFO HostContext] Well known directory 'Bin': 'C:\Users\chang\OneDrive\Documents\GitHub\Kata_speed\actions-runner\bin'
[2024-10-11 20:59:04Z INFO HostContext] Well known directory 'Root': 'C:\Users\chang\OneDrive\Documents\GitHub\Kata_speed\actions-runner'
[2024-10-11 20:59:04Z INFO HostContext] Well known config file 'Credentials': 'C:\Users\chang\OneDrive\Documents\GitHub\Kata_speed\actions-runner\.credentials'
[2024-10-11 20:59:04Z INFO HostContext] Well known directory 'Bin': 'C:\Users\chang\OneDrive\Documents\GitHub\Kata_speed\actions-runner\bin'
[2024-10-11 20:59:04Z INFO HostContext] Well known directory 'Root': 'C:\Users\chang\OneDrive\Documents\GitHub\Kata_speed\actions-runner'
[2024-10-11 20:59:04Z INFO HostContext] Well known config file 'Runner': 'C:\Users\chang\OneDrive\Documents\GitHub\Kata_speed\actions-runner\.runner'
[2024-10-11 20:59:04Z INFO Listener] Runner is built for Windows (X64) - win-x64.
[2024-10-11 20:59:04Z INFO Listener] RuntimeInformation: Microsoft Windows 10.0.22631.
[2024-10-11 20:59:04Z INFO Listener] Version: 2.308.0
[2024-10-11 20:59:04Z INFO Listener] Commit: 7f7ff150c6d2ee316c523be6325188853dfae45d
[2024-10-11 20:59:04Z INFO Listener] Culture: zh-CN
[2024-10-11 20:59:04Z INFO Listener] UI Culture: zh-CN
[2024-10-11 20:59:04Z INFO HostContext] Well known directory 'Bin': 'C:\Users\chang\OneDrive\Documents\GitHub\Kata_speed\actions-runner\bin'
[2024-10-11 20:59:04Z INFO HostContext] Well known directory 'Root': 'C:\Users\chang\OneDrive\Documents\GitHub\Kata_speed\actions-runner'
[2024-10-11 20:59:04Z INFO Listener] Validating directory permissions for: 'C:\Users\chang\OneDrive\Documents\GitHub\Kata_speed\actions-runner'
[2024-10-11 20:59:04Z INFO CommandLineParser] Parse
[2024-10-11 20:59:04Z INFO CommandLineParser] Parsing 5 args
[2024-10-11 20:59:04Z INFO CommandLineParser] parsing argument
[2024-10-11 20:59:04Z INFO CommandLineParser] HasArgs: False
[2024-10-11 20:59:04Z INFO CommandLineParser] Adding Command: configure
[2024-10-11 20:59:04Z INFO CommandLineParser] parsing argument
[2024-10-11 20:59:04Z INFO CommandLineParser] HasArgs: True
[2024-10-11 20:59:04Z INFO CommandLineParser] arg: url
[2024-10-11 20:59:04Z INFO CommandLineParser] parsing argument
[2024-10-11 20:59:04Z INFO CommandLineParser] HasArgs: True
[2024-10-11 20:59:04Z INFO CommandLineParser] Adding option 'url': 'https://github.com/changcheng967/Kata_speed'
[2024-10-11 20:59:04Z INFO CommandLineParser] parsing argument
[2024-10-11 20:59:04Z INFO CommandLineParser] HasArgs: True
[2024-10-11 20:59:04Z INFO CommandLineParser] arg: token
[2024-10-11 20:59:04Z INFO CommandLineParser] parsing argument
[2024-10-11 20:59:04Z INFO CommandLineParser] HasArgs: True
[2024-10-11 20:59:04Z INFO CommandLineParser] Adding option 'token': '***'
[2024-10-11 20:59:04Z INFO Listener] Arguments parsed
[2024-10-11 20:59:04Z INFO Runner] ExecuteCommand
[2024-10-11 20:59:04Z INFO ConfigurationStore] currentAssemblyLocation: C:\Users\chang\OneDrive\Documents\GitHub\Kata_speed\actions-runner\bin\Runner.Listener.dll
[2024-10-11 20:59:04Z INFO HostContext] Well known directory 'Bin': 'C:\Users\chang\OneDrive\Documents\GitHub\Kata_speed\actions-runner\bin'
[2024-10-11 20:59:04Z INFO ConfigurationStore] binPath: C:\Users\chang\OneDrive\Documents\GitHub\Kata_speed\actions-runner\bin
[2024-10-11 20:59:04Z INFO HostContext] Well known directory 'Bin': 'C:\Users\chang\OneDrive\Documents\GitHub\Kata_speed\actions-runner\bin'
[2024-10-11 20:59:04Z INFO HostContext] Well known directory 'Root': 'C:\Users\chang\OneDrive\Documents\GitHub\Kata_speed\actions-runner'
[2024-10-11 20:59:04Z INFO ConfigurationStore] RootFolder: C:\Users\chang\OneDrive\Documents\GitHub\Kata_speed\actions-runner
[2024-10-11 20:59:04Z INFO HostContext] Well known directory 'Bin': 'C:\Users\chang\OneDrive\Documents\GitHub\Kata_speed\actions-runner\bin'
[2024-10-11 20:59:04Z INFO HostContext] Well known directory 'Root': 'C:\Users\chang\OneDrive\Documents\GitHub\Kata_speed\actions-runner'
[2024-10-11 20:59:04Z INFO HostContext] Well known config file 'Runner': 'C:\Users\chang\OneDrive\Documents\GitHub\Kata_speed\actions-runner\.runner'
[2024-10-11 20:59:04Z INFO ConfigurationStore] ConfigFilePath: C:\Users\chang\OneDrive\Documents\GitHub\Kata_speed\actions-runner\.runner
[2024-10-11 20:59:04Z INFO HostContext] Well known directory 'Bin': 'C:\Users\chang\OneDrive\Documents\GitHub\Kata_speed\actions-runner\bin'
[2024-10-11 20:59:04Z INFO HostContext] Well known directory 'Root': 'C:\Users\chang\OneDrive\Documents\GitHub\Kata_speed\actions-runner'
[2024-10-11 20:59:04Z INFO HostContext] Well known config file 'Credentials': 'C:\Users\chang\OneDrive\Documents\GitHub\Kata_speed\actions-runner\.credentials'
[2024-10-11 20:59:04Z INFO ConfigurationStore] CredFilePath: C:\Users\chang\OneDrive\Documents\GitHub\Kata_speed\actions-runner\.credentials
[2024-10-11 20:59:04Z INFO HostContext] Well known directory 'Bin': 'C:\Users\chang\OneDrive\Documents\GitHub\Kata_speed\actions-runner\bin'
[2024-10-11 20:59:04Z INFO HostContext] Well known directory 'Root': 'C:\Users\chang\OneDrive\Documents\GitHub\Kata_speed\actions-runner'
[2024-10-11 20:59:04Z INFO HostContext] Well known config file 'MigratedCredentials': 'C:\Users\chang\OneDrive\Documents\GitHub\Kata_speed\actions-runner\.credentials_migrated'
[2024-10-11 20:59:04Z INFO ConfigurationStore] MigratedCredFilePath: C:\Users\chang\OneDrive\Documents\GitHub\Kata_speed\actions-runner\.credentials_migrated
[2024-10-11 20:59:04Z INFO HostContext] Well known directory 'Bin': 'C:\Users\chang\OneDrive\Documents\GitHub\Kata_speed\actions-runner\bin'
[2024-10-11 20:59:04Z INFO HostContext] Well known directory 'Root': 'C:\Users\chang\OneDrive\Documents\GitHub\Kata_speed\actions-runner'
[2024-10-11 20:59:04Z INFO HostContext] Well known config file 'Service': 'C:\Users\chang\OneDrive\Documents\GitHub\Kata_speed\actions-runner\.service'
[2024-10-11 20:59:04Z INFO ConfigurationStore] ServiceConfigFilePath: C:\Users\chang\OneDrive\Documents\GitHub\Kata_speed\actions-runner\.service
[2024-10-11 20:59:04Z INFO CommandSettings] Flag 'help': 'False'
[2024-10-11 20:59:04Z INFO CommandSettings] Flag 'version': 'False'
[2024-10-11 20:59:04Z INFO CommandSettings] Flag 'commit': 'False'
[2024-10-11 20:59:04Z INFO CommandSettings] Flag 'check': 'False'
[2024-10-11 20:59:04Z INFO CommandSettings] Command 'configure': 'True'
[2024-10-11 20:59:04Z INFO Terminal] WRITE LINE: 
[2024-10-11 20:59:04Z INFO Terminal] WRITE LINE: --------------------------------------------------------------------------------
[2024-10-11 20:59:04Z INFO Terminal] WRITE LINE: |        ____ _ _   _   _       _          _        _   _                      |
[2024-10-11 20:59:04Z INFO Terminal] WRITE LINE: |       / ___(_) |_| | | |_   _| |__      / \   ___| |_(_) ___  _ __  ___      |
[2024-10-11 20:59:04Z INFO Terminal] WRITE LINE: |      | |  _| | __| |_| | | | | '_ \    / _ \ / __| __| |/ _ \| '_ \/ __|     |
[2024-10-11 20:59:04Z INFO Terminal] WRITE LINE: |      | |_| | | |_|  _  | |_| | |_) |  / ___ \ (__| |_| | (_) | | | \__ \     |
[2024-10-11 20:59:04Z INFO Terminal] WRITE LINE: |       \____|_|\__|_| |_|\__,_|_.__/  /_/   \_\___|\__|_|\___/|_| |_|___/     |
[2024-10-11 20:59:04Z INFO Terminal] WRITE LINE: |                                                                              |
[2024-10-11 20:59:04Z INFO Terminal] WRITE: |                       
[2024-10-11 20:59:04Z INFO Terminal] WRITE: Self-hosted runner registration
[2024-10-11 20:59:04Z INFO Terminal] WRITE LINE:                         |
[2024-10-11 20:59:04Z INFO Terminal] WRITE LINE: |                                                                              |
[2024-10-11 20:59:04Z INFO Terminal] WRITE LINE: --------------------------------------------------------------------------------
[2024-10-11 20:59:04Z INFO ConfigurationManager] ConfigureAsync
[2024-10-11 20:59:04Z INFO CommandSettings] Flag 'generateServiceConfig': 'False'
[2024-10-11 20:59:04Z INFO ConfigurationStore] IsConfigured()
[2024-10-11 20:59:04Z INFO ConfigurationStore] IsConfigured: False
[2024-10-11 20:59:04Z INFO ConfigurationManager] Is configured: False
[2024-10-11 20:59:04Z INFO CommandSettings] Arg 'url': 'https://github.com/changcheng967/Kata_speed'
[2024-10-11 20:59:04Z INFO CommandSettings] Remove url from Arg dictionary.
[2024-10-11 20:59:04Z INFO CommandSettings] Arg 'token': '***'
[2024-10-11 20:59:04Z INFO CommandSettings] Remove token from Arg dictionary.
[2024-10-11 20:59:04Z INFO ConfigurationManager] Http response code: OK from 'POST https://api.github.com/actions/runner-registration' (F7F4:D9C8E:1160C9B:215981D:6709919A)
[2024-10-11 20:59:05Z INFO ConfigurationManager] Using V2 flow: False
[2024-10-11 20:59:05Z INFO ConfigurationManager] cred retrieved via GitHub auth
[2024-10-11 20:59:05Z INFO RunnerServer] EstablishVssConnection
[2024-10-11 20:59:05Z INFO RunnerServer] Establish connection with 100 seconds timeout.
[2024-10-11 20:59:05Z INFO GitHubActionsService] Starting operation Location.GetConnectionData
[2024-10-11 20:59:05Z INFO RunnerServer] EstablishVssConnection
[2024-10-11 20:59:05Z INFO RunnerServer] Establish connection with 60 seconds timeout.
[2024-10-11 20:59:05Z INFO GitHubActionsService] Starting operation Location.GetConnectionData
[2024-10-11 20:59:05Z INFO RunnerServer] EstablishVssConnection
[2024-10-11 20:59:05Z INFO RunnerServer] Establish connection with 60 seconds timeout.
[2024-10-11 20:59:05Z INFO GitHubActionsService] Starting operation Location.GetConnectionData
[2024-10-11 20:59:05Z INFO GitHubActionsService] Finished operation Location.GetConnectionData
[2024-10-11 20:59:05Z INFO GitHubActionsService] Finished operation Location.GetConnectionData
[2024-10-11 20:59:05Z INFO GitHubActionsService] Finished operation Location.GetConnectionData
[2024-10-11 20:59:05Z INFO Terminal] WRITE LINE: 
[2024-10-11 20:59:05Z INFO ConfigurationManager] Test Connection complete.
[2024-10-11 20:59:05Z INFO HostContext] Well known directory 'Bin': 'C:\Users\chang\OneDrive\Documents\GitHub\Kata_speed\actions-runner\bin'
[2024-10-11 20:59:05Z INFO HostContext] Well known directory 'Root': 'C:\Users\chang\OneDrive\Documents\GitHub\Kata_speed\actions-runner'
[2024-10-11 20:59:05Z INFO HostContext] Well known config file 'RSACredentials': 'C:\Users\chang\OneDrive\Documents\GitHub\Kata_speed\actions-runner\.credentials_rsaparams'
[2024-10-11 20:59:05Z INFO RSAEncryptedFileKeyManager] Creating new RSA key using 2048-bit key length
[2024-10-11 20:59:05Z INFO RSAEncryptedFileKeyManager] Successfully saved RSA key parameters to file C:\Users\chang\OneDrive\Documents\GitHub\Kata_speed\actions-runner\.credentials_rsaparams
[2024-10-11 20:59:05Z INFO CommandSettings] Arg 'runnergroup': ''
[2024-10-11 20:59:05Z INFO CommandSettings] Flag 'unattended': 'False'
[2024-10-11 20:59:05Z INFO PromptManager] ReadValue
[2024-10-11 20:59:05Z INFO Terminal] WRITE: Enter the name of the runner group to add this runner to: 
[2024-10-11 20:59:05Z INFO Terminal] WRITE: [press Enter for Default] 
[2024-10-11 20:59:05Z INFO Terminal] READ LINE
[2024-10-11 20:59:08Z INFO Terminal] Read value: ''
[2024-10-11 20:59:08Z INFO PromptManager] Falling back to the default: 'Default'
[2024-10-11 20:59:08Z INFO Terminal] WRITE LINE: 
[2024-10-11 20:59:08Z INFO ConfigurationManager] Found a self-hosted runner group with id 1 and name Default
[2024-10-11 20:59:08Z INFO CommandSettings] Flag 'disableupdate': 'False'
[2024-10-11 20:59:08Z INFO CommandSettings] Flag 'ephemeral': 'False'
[2024-10-11 20:59:08Z INFO CommandSettings] Arg 'name': ''
[2024-10-11 20:59:08Z INFO CommandSettings] Flag 'unattended': 'False'
[2024-10-11 20:59:08Z INFO PromptManager] ReadValue
[2024-10-11 20:59:08Z INFO Terminal] WRITE: Enter the name of runner: 
[2024-10-11 20:59:08Z INFO Terminal] WRITE: [press Enter for LAPTOP-7MJ6MVBG] 
[2024-10-11 20:59:08Z INFO Terminal] READ LINE
[2024-10-11 20:59:10Z INFO Terminal] Read value: ''
[2024-10-11 20:59:10Z INFO PromptManager] Falling back to the default: 'LAPTOP-7MJ6MVBG'
[2024-10-11 20:59:10Z INFO Terminal] WRITE LINE: 
[2024-10-11 20:59:10Z INFO CommandSettings] Arg 'labels': ''
[2024-10-11 20:59:10Z INFO CommandSettings] Flag 'unattended': 'False'
[2024-10-11 20:59:10Z INFO PromptManager] ReadValue
[2024-10-11 20:59:10Z INFO Terminal] WRITE: This runner will have the following labels: 'self-hosted', 'Windows', 'X64' 
Enter any additional labels (ex. label-1,label-2): 
[2024-10-11 20:59:10Z INFO Terminal] WRITE: [press Enter to skip] 
[2024-10-11 20:59:10Z INFO Terminal] READ LINE
[2024-10-11 20:59:11Z INFO Terminal] Read value: ''
[2024-10-11 20:59:11Z INFO Terminal] WRITE LINE: 
[2024-10-11 20:59:11Z INFO CommandSettings] Flag 'disableupdate': 'False'
[2024-10-11 20:59:11Z INFO CommandSettings] Flag 'no-default-labels': 'False'
[2024-10-11 20:59:12Z INFO CommandSettings] Flag 'disableupdate': 'False'
[2024-10-11 20:59:12Z INFO CommandSettings] Flag 'ephemeral': 'False'
[2024-10-11 20:59:12Z INFO ConfigurationStore] Saving OAuth credential @ C:\Users\chang\OneDrive\Documents\GitHub\Kata_speed\actions-runner\.credentials
[2024-10-11 20:59:12Z INFO ConfigurationStore] Credentials Saved.
[2024-10-11 20:59:12Z INFO ConfigurationStore] HasCredentials()
[2024-10-11 20:59:12Z INFO ConfigurationStore] stored True
[2024-10-11 20:59:12Z INFO CredentialManager] GetCredentialProvider
[2024-10-11 20:59:12Z INFO CredentialManager] Creating type OAuth
[2024-10-11 20:59:12Z INFO CredentialManager] Creating credential type: OAuth
[2024-10-11 20:59:12Z INFO RSAEncryptedFileKeyManager] Loading RSA key parameters from file C:\Users\chang\OneDrive\Documents\GitHub\Kata_speed\actions-runner\.credentials_rsaparams
[2024-10-11 20:59:12Z INFO RunnerServer] EstablishVssConnection
[2024-10-11 20:59:12Z INFO RunnerServer] Establish connection with 100 seconds timeout.
[2024-10-11 20:59:12Z INFO GitHubActionsService] Starting operation Location.GetConnectionData
[2024-10-11 20:59:12Z INFO RunnerServer] EstablishVssConnection
[2024-10-11 20:59:12Z INFO RunnerServer] Establish connection with 60 seconds timeout.
[2024-10-11 20:59:12Z INFO GitHubActionsService] Starting operation Location.GetConnectionData
[2024-10-11 20:59:12Z INFO RunnerServer] EstablishVssConnection
[2024-10-11 20:59:12Z INFO RunnerServer] Establish connection with 60 seconds timeout.
[2024-10-11 20:59:12Z INFO GitHubActionsService] Starting operation Location.GetConnectionData
[2024-10-11 20:59:12Z INFO GitHubActionsService] Finished operation Location.GetConnectionData
[2024-10-11 20:59:12Z INFO GitHubActionsService] Finished operation Location.GetConnectionData
[2024-10-11 20:59:12Z INFO GitHubActionsService] Finished operation Location.GetConnectionData
[2024-10-11 20:59:12Z INFO RSAEncryptedFileKeyManager] Loading RSA key parameters from file C:\Users\chang\OneDrive\Documents\GitHub\Kata_speed\actions-runner\.credentials_rsaparams
[2024-10-11 20:59:12Z INFO RSAEncryptedFileKeyManager] Loading RSA key parameters from file C:\Users\chang\OneDrive\Documents\GitHub\Kata_speed\actions-runner\.credentials_rsaparams
[2024-10-11 20:59:12Z INFO GitHubActionsService] AAD Correlation ID for this token request: Unknown
[2024-10-11 20:59:12Z INFO CommandSettings] Arg 'work': ''
[2024-10-11 20:59:12Z INFO CommandSettings] Flag 'unattended': 'False'
[2024-10-11 20:59:12Z INFO PromptManager] ReadValue
[2024-10-11 20:59:12Z INFO Terminal] WRITE: Enter name of work folder: 
[2024-10-11 20:59:12Z INFO Terminal] WRITE: [press Enter for _work] 
[2024-10-11 20:59:12Z INFO Terminal] READ LINE
[2024-10-11 20:59:13Z INFO Terminal] Read value: ''
[2024-10-11 20:59:13Z INFO PromptManager] Falling back to the default: '_work'
[2024-10-11 20:59:13Z INFO ConfigurationStore] Saving runner settings.
[2024-10-11 20:59:13Z INFO ConfigurationStore] Settings Saved.
[2024-10-11 20:59:13Z INFO Terminal] WRITE LINE: 
[2024-10-11 20:59:13Z INFO Terminal] WRITE LINE: 
[2024-10-11 20:59:13Z INFO CommandSettings] Flag 'runasservice': 'False'
[2024-10-11 20:59:13Z INFO CommandSettings] Flag 'unattended': 'False'
[2024-10-11 20:59:13Z INFO PromptManager] ReadValue
[2024-10-11 20:59:13Z INFO Terminal] WRITE: Would you like to run the runner as service? (Y/N) 
[2024-10-11 20:59:13Z INFO Terminal] WRITE: [press Enter for N] 
[2024-10-11 20:59:13Z INFO Terminal] READ LINE
[2024-10-11 20:59:15Z INFO Terminal] Read value: 'y'
[2024-10-11 20:59:15Z INFO ConfigurationManager] Configuring to run the agent as service
[2024-10-11 20:59:15Z INFO CommandSettings] Arg 'windowslogonaccount': ''
[2024-10-11 20:59:15Z INFO CommandSettings] Flag 'unattended': 'False'
[2024-10-11 20:59:15Z INFO PromptManager] ReadValue
[2024-10-11 20:59:15Z INFO Terminal] WRITE: User account to use for the service 
[2024-10-11 20:59:15Z INFO Terminal] WRITE: [press Enter for NT AUTHORITY\NETWORK SERVICE] 
[2024-10-11 20:59:15Z INFO Terminal] READ LINE
[2024-10-11 20:59:20Z INFO Terminal] Read value: ''
[2024-10-11 20:59:20Z INFO PromptManager] Falling back to the default: 'NT AUTHORITY\NETWORK SERVICE'
[2024-10-11 20:59:20Z INFO WindowsServiceControlManager] LogonAccount after transforming: NT AUTHORITY\NETWORK SERVICE, user: NETWORK SERVICE, domain: NT AUTHORITY
[2024-10-11 20:59:20Z INFO WindowsServiceControlManager] Service name 'actions.runner.changcheng967-Kata_speed.LAPTOP-7MJ6MVBG' display name 'GitHub Actions Runner (changcheng967-Kata_speed.LAPTOP-7MJ6MVBG)' will be used for service configuration.
[2024-10-11 20:59:20Z INFO WindowsServiceControlManager] Verifying if the account has LogonAsService permission
[2024-10-11 20:59:21Z INFO NativeWindowsServiceHelper] Successfully grant logon as service privilege to account 'NETWORK SERVICE'
[2024-10-11 20:59:21Z INFO WindowsServiceControlManager] Create local group and grant folder permission to service logon account.
[2024-10-11 20:59:21Z INFO HostContext] Well known directory 'Bin': 'C:\Users\chang\OneDrive\Documents\GitHub\Kata_speed\actions-runner\bin'
[2024-10-11 20:59:21Z INFO HostContext] Well known directory 'Root': 'C:\Users\chang\OneDrive\Documents\GitHub\Kata_speed\actions-runner'
[2024-10-11 20:59:21Z INFO ConfigurationStore] Read setting file: 314 chars
[2024-10-11 20:59:21Z INFO HostContext] Well known directory 'Bin': 'C:\Users\chang\OneDrive\Documents\GitHub\Kata_speed\actions-runner\bin'
[2024-10-11 20:59:21Z INFO HostContext] Well known directory 'Root': 'C:\Users\chang\OneDrive\Documents\GitHub\Kata_speed\actions-runner'
[2024-10-11 20:59:21Z INFO HostContext] Well known directory 'Work': 'C:\Users\chang\OneDrive\Documents\GitHub\Kata_speed\actions-runner\_work'
[2024-10-11 20:59:21Z INFO HostContext] Well known directory 'Bin': 'C:\Users\chang\OneDrive\Documents\GitHub\Kata_speed\actions-runner\bin'
[2024-10-11 20:59:21Z INFO NativeWindowsServiceHelper] Calculated unique group name GITHUB_ActionsRunner_G9f7fe
[2024-10-11 20:59:21Z INFO NativeWindowsServiceHelper] Trying to create group GITHUB_ActionsRunner_G9f7fe
[2024-10-11 20:59:21Z INFO NativeWindowsServiceHelper] Local Group 'GITHUB_ActionsRunner_G9f7fe' created
[2024-10-11 20:59:21Z INFO NativeWindowsServiceHelper] Trying to add userName NT AUTHORITY\NETWORK SERVICE to the group GITHUB_ActionsRunner_G9f7fe
[2024-10-11 20:59:21Z INFO NativeWindowsServiceHelper] Account 'NT AUTHORITY\NETWORK SERVICE' is added to local group 'GITHUB_ActionsRunner_G9f7fe'.
[2024-10-11 20:59:21Z INFO NativeWindowsServiceHelper] Set full access control to group for the folder C:\Users\chang\OneDrive\Documents\GitHub\Kata_speed\actions-runner
[2024-10-11 20:59:21Z INFO NativeWindowsServiceHelper] Set full access control to group for the folder C:\Users\chang\OneDrive\Documents\GitHub\Kata_speed\actions-runner\_work
[2024-10-11 20:59:21Z INFO NativeWindowsServiceHelper] Local group 'GITHUB_ActionsRunner_G9f7fe' already has full control to path 'C:\Users\chang\OneDrive\Documents\GitHub\Kata_speed\actions-runner\_work'.
[2024-10-11 20:59:21Z INFO Terminal] WRITE LINE: Granting file permissions to 'NT AUTHORITY\NETWORK SERVICE'.
[2024-10-11 20:59:21Z INFO HostContext] Well known directory 'Bin': 'C:\Users\chang\OneDrive\Documents\GitHub\Kata_speed\actions-runner\bin'
[2024-10-11 20:59:21Z INFO ProcessInvokerWrapper] Starting process:
[2024-10-11 20:59:21Z INFO ProcessInvokerWrapper]   File name: '"C:\Users\chang\OneDrive\Documents\GitHub\Kata_speed\actions-runner\bin\RunnerService.exe"'
[2024-10-11 20:59:21Z INFO ProcessInvokerWrapper]   Arguments: 'init'
[2024-10-11 20:59:21Z INFO ProcessInvokerWrapper]   Working directory: ''
[2024-10-11 20:59:21Z INFO ProcessInvokerWrapper]   Require exit code zero: 'True'
[2024-10-11 20:59:21Z INFO ProcessInvokerWrapper]   Encoding web name:  ; code page: ''
[2024-10-11 20:59:21Z INFO ProcessInvokerWrapper]   Force kill process on cancellation: 'False'
[2024-10-11 20:59:21Z INFO ProcessInvokerWrapper]   Redirected STDIN: 'False'
[2024-10-11 20:59:21Z INFO ProcessInvokerWrapper]   Persist current code page: 'False'
[2024-10-11 20:59:21Z INFO ProcessInvokerWrapper]   Keep redirected STDIN open: 'False'
[2024-10-11 20:59:21Z INFO ProcessInvokerWrapper]   High priority process: 'False'
[2024-10-11 20:59:21Z INFO ProcessInvokerWrapper] Process started with process id 22824, waiting for process exit.
[2024-10-11 20:59:21Z INFO ProcessInvokerWrapper] STDOUT/STDERR stream read finished.
[2024-10-11 20:59:21Z INFO ProcessInvokerWrapper] STDOUT/STDERR stream read finished.
[2024-10-11 20:59:21Z INFO ProcessInvokerWrapper] Finished process 22824 with exit code 0, and elapsed time 00:00:00.2072678.
[2024-10-11 20:59:21Z INFO Terminal] WRITE LINE: Service actions.runner.changcheng967-Kata_speed.LAPTOP-7MJ6MVBG successfully installed
[2024-10-11 20:59:21Z INFO Terminal] WRITE LINE: Service actions.runner.changcheng967-Kata_speed.LAPTOP-7MJ6MVBG successfully set recovery option
[2024-10-11 20:59:21Z INFO Terminal] WRITE LINE: Service actions.runner.changcheng967-Kata_speed.LAPTOP-7MJ6MVBG successfully set to delayed auto start
[2024-10-11 20:59:21Z INFO Terminal] WRITE LINE: Service actions.runner.changcheng967-Kata_speed.LAPTOP-7MJ6MVBG successfully configured
[2024-10-11 20:59:21Z INFO HostContext] Well known directory 'Bin': 'C:\Users\chang\OneDrive\Documents\GitHub\Kata_speed\actions-runner\bin'
[2024-10-11 20:59:21Z INFO HostContext] Well known directory 'Root': 'C:\Users\chang\OneDrive\Documents\GitHub\Kata_speed\actions-runner'
[2024-10-11 20:59:21Z INFO HostContext] Well known config file 'Service': 'C:\Users\chang\OneDrive\Documents\GitHub\Kata_speed\actions-runner\.service'
[2024-10-11 20:59:21Z INFO WindowsServiceControlManager] Configuration was successful, trying to start the service
[2024-10-11 20:59:21Z INFO Terminal] WRITE LINE: Waiting for service to start...
[2024-10-11 21:00:21Z ERR  NativeWindowsServiceHelper] System.InvalidOperationException: Cannot start the service actions.runner.changcheng967-Kata_speed.LAPTOP-7MJ6MVBG in a timely fashion.
   at GitHub.Runner.Listener.Configuration.NativeWindowsServiceHelper.StartService(String serviceName)
[2024-10-11 21:00:21Z ERR  Terminal] WRITE ERROR: Cannot start the service. Check the logs for more details.
[2024-10-11 21:00:21Z ERR  Runner] System.InvalidOperationException: Cannot start the service actions.runner.changcheng967-Kata_speed.LAPTOP-7MJ6MVBG in a timely fashion.
   at GitHub.Runner.Listener.Configuration.NativeWindowsServiceHelper.StartService(String serviceName)
   at GitHub.Runner.Listener.Configuration.WindowsServiceControlManager.ConfigureService(RunnerSettings settings, CommandSettings command)
   at GitHub.Runner.Listener.Configuration.ConfigurationManager.ConfigureAsync(CommandSettings command)
   at GitHub.Runner.Listener.Runner.ExecuteCommand(CommandSettings command)
[2024-10-11 21:00:21Z ERR  Terminal] WRITE ERROR: Cannot start the service actions.runner.changcheng967-Kata_speed.LAPTOP-7MJ6MVBG in a timely fashion.
[2024-10-11 21:00:21Z INFO Listener] Runner execution has finished with return code 1
